gSystem->Load("run_condor_job_Run3_C.so");
run_condor_job_Run3(77, 100,3, 0,
                    80, 200,
                    1, 1, 0, 3);
.q

ENTERED run_condor_job_Run3()
JOBID = 77
---->>>> RUN 3
Entered data type 0 in run condor ()
you chose data
input file: /data_CMS/cms/mnguyen/bJetAggRun3/PPRef2024/HardProbes/3/merged_HiForestMiniAOD.root
Before Init() in Run condor() 
After init of tree inside run condor()
n total = 100081888
  global job = 77  Job 77/100  events [7700000, 7800000)  total=10000000
Enterd make_templates() 
Processing events [7700000, 7800000) of 100081888
Processing: 7.6937 %Processing: 7.74366 %
after run_condor_job_Run3()
ROOT exit code = 0
