gSystem->Load("run_condor_job_Run3_C.so");
run_condor_job_Run3(3, 2,3, 0,
                    80, 200,
                    1, 1, 0, 1);
.q

ENTERED run_condor_job_Run3()
JOBID = 3
---->>>> RUN 3
Entered data type 0 in run condor ()
you chose data
input file: /data_CMS/cms/mnguyen/bJetAggRun3/PPRef2024/HardProbes/1/merged_HiForestMiniAOD.root
Before Init() in Run condor() 
ERROR: cannot open file /data_CMS/cms/mnguyen/bJetAggRun3/PPRef2024/HardProbes/1/merged_HiForestMiniAOD.root
After init of tree inside run condor()
n total = 0
  global job = 3  Job 1/2  events [5000000, 10000000)  total=10000000
Enterd make_templates() 
ERROR: cannot open file /data_CMS/cms/mnguyen/bJetAggRun3/PPRef2024/HardProbes/1/merged_HiForestMiniAOD.root
after run_condor_job_Run3()
ROOT exit code = 0
