gSystem->Load("run_condor_job_Run3_C.so");
run_condor_job_Run3(29, 100,3, 0,
                    80, 200,
                    1, 1, 0, 3);
.q

ENTERED run_condor_job_Run3()
JOBID = 29
---->>>> RUN 3
Entered data type 0 in run condor ()
you chose data
input file: /data_CMS/cms/mnguyen/bJetAggRun3/PPRef2024/HardProbes/3/merged_HiForestMiniAOD.root
Before Init() in Run condor() 
After init of tree inside run condor()
n total = 100081888
  global job = 29  Job 29/100  events [2900000, 3000000)  total=10000000
Enterd make_templates() 
Processing events [2900000, 3000000) of 100081888
Processing: 2.89763 %Processing: 2.94759 %
after run_condor_job_Run3()
ROOT exit code = 0
