gSystem->Load("run_condor_job_Run3_C.so");
run_condor_job_Run3(199, 100,3, 0,
                    80, 200,
                    1, 1, 0, 1);
.q

ENTERED run_condor_job_Run3()
JOBID = 199
---->>>> RUN 3
you chose data
file name = /data_CMS/cms/mnguyen/bJetAggRun3/PPRef2024/HardProbes/1/merged_HiForestMiniAOD_v2.root
input file: /data_CMS/cms/mnguyen/bJetAggRun3/PPRef2024/HardProbes/1/merged_HiForestMiniAOD_v2.root
Before Init() in Run condor() 
Opening ROOT file: [/data_CMS/cms/mnguyen/bJetAggRun3/PPRef2024/HardProbes/1/merged_HiForestMiniAOD_v2.root]
Collection name='TList', class='TList', size=2
 OBJ: TFriendElement	HiTree	
 OBJ: TFriendElement	HltTree	
After init of tree inside run condor()
n total = 100081056
  global job = 199  Job 99/100  events [99080289, 100081056)  total=100081056
Enterd make_templates() 
Opening ROOT file: [/data_CMS/cms/mnguyen/bJetAggRun3/PPRef2024/HardProbes/1/merged_HiForestMiniAOD_v2.root]
Collection name='TList', class='TList', size=2
 OBJ: TFriendElement	HiTree	
 OBJ: TFriendElement	HltTree	
Processing events [99080289, 100081056) of 100081056
Processing: 99.0197 %Processing: 99.0697 %Processing: 99.1197 %Processing: 99.1696 %Processing: 99.2196 %Processing: 99.2695 %Processing: 99.3195 %Processing: 99.3695 %Processing: 99.4194 %Processing: 99.4694 %Processing: 99.5193 %Processing: 99.5693 %Processing: 99.6193 %Processing: 99.6692 %Processing: 99.7192 %Processing: 99.7691 %Processing: 99.8191 %Processing: 99.8691 %Processing: 99.919 %Processing: 99.969 %
after run_condor_job_Run3()
ROOT exit code = 0
