gSystem->Load("run_condor_job_Run3_C.so");
run_condor_job_Run3(184, 100,3, 0,
                    80, 200,
                    1, 1, 0, 1);
.q

ENTERED run_condor_job_Run3()
JOBID = 184
---->>>> RUN 3
you chose data
file name = /data_CMS/cms/mnguyen/bJetAggRun3/PPRef2024/HardProbes/1/merged_HiForestMiniAOD_v2.root
input file: /data_CMS/cms/mnguyen/bJetAggRun3/PPRef2024/HardProbes/1/merged_HiForestMiniAOD_v2.root
Before Init() in Run condor() 
Opening ROOT file: [/data_CMS/cms/mnguyen/bJetAggRun3/PPRef2024/HardProbes/1/merged_HiForestMiniAOD_v2.root]
Collection name='TList', class='TList', size=2
 OBJ: TFriendElement	HiTree	
 OBJ: TFriendElement	HltTree	
After init of tree inside run condor()
n total = 100081056
  global job = 184  Job 84/100  events [84068124, 85068935)  total=100081056
Enterd make_templates() 
Opening ROOT file: [/data_CMS/cms/mnguyen/bJetAggRun3/PPRef2024/HardProbes/1/merged_HiForestMiniAOD_v2.root]
Collection name='TList', class='TList', size=2
 OBJ: TFriendElement	HiTree	
 OBJ: TFriendElement	HltTree	
Processing events [84068124, 85068935) of 100081056
Processing: 84.0319 %Processing: 84.0818 %Processing: 84.1318 %Processing: 84.1818 %Processing: 84.2317 %Processing: 84.2817 %Processing: 84.3316 %Processing: 84.3816 %Processing: 84.4316 %Processing: 84.4815 %Processing: 84.5315 %Processing: 84.5814 %Processing: 84.6314 %Processing: 84.6814 %Processing: 84.7313 %Processing: 84.7813 %Processing: 84.8312 %Processing: 84.8812 %Processing: 84.9312 %Processing: 84.9811 %
after run_condor_job_Run3()
ROOT exit code = 0
