gSystem->Load("run_condor_job_Run3_C.so");
run_condor_job_Run3(355, 100,3, 0,
                    80, 200,
                    1, 1, 0, 3);
.q

ENTERED run_condor_job_Run3()
JOBID = 355
---->>>> RUN 3
you chose data
file name = /data_CMS/cms/mnguyen/bJetAggRun3/PPRef2024/HardProbes/3/merged_HiForestMiniAOD_v2.root
input file: /data_CMS/cms/mnguyen/bJetAggRun3/PPRef2024/HardProbes/3/merged_HiForestMiniAOD_v2.root
Before Init() in Run condor() 
Opening ROOT file: [/data_CMS/cms/mnguyen/bJetAggRun3/PPRef2024/HardProbes/3/merged_HiForestMiniAOD_v2.root]
Collection name='TList', class='TList', size=2
 OBJ: TFriendElement	HiTree	
 OBJ: TFriendElement	HltTree	
After init of tree inside run condor()
n total = 100067149
  global job = 355  Job 55/100  events [55036960, 56037632)  total=100067149
Enterd make_templates() 
Opening ROOT file: [/data_CMS/cms/mnguyen/bJetAggRun3/PPRef2024/HardProbes/3/merged_HiForestMiniAOD_v2.root]
Collection name='TList', class='TList', size=2
 OBJ: TFriendElement	HiTree	
 OBJ: TFriendElement	HltTree	
Processing events [55036960, 56037632) of 100067149
Processing: 55.0131 %Processing: 55.063 %Processing: 55.113 %Processing: 55.163 %Processing: 55.2129 %Processing: 55.2629 %Processing: 55.3129 %Processing: 55.3628 %Processing: 55.4128 %Processing: 55.4628 %Processing: 55.5127 %Processing: 55.5627 %Processing: 55.6127 %Processing: 55.6626 %Processing: 55.7126 %Processing: 55.7626 %Processing: 55.8125 %Processing: 55.8625 %Processing: 55.9125 %Processing: 55.9624 %
after run_condor_job_Run3()
ROOT exit code = 0
