gSystem->Load("run_condor_job_Run3_C.so");
run_condor_job_Run3(486, 100,3, 0,
                    80, 200,
                    1, 1, 0, 4);
.q

ENTERED run_condor_job_Run3()
JOBID = 486
---->>>> RUN 3
you chose data
file name = /data_CMS/cms/mnguyen/bJetAggRun3/PPRef2024/HardProbes/4/merged_HiForestMiniAOD_v2.root
input file: /data_CMS/cms/mnguyen/bJetAggRun3/PPRef2024/HardProbes/4/merged_HiForestMiniAOD_v2.root
Before Init() in Run condor() 
Opening ROOT file: [/data_CMS/cms/mnguyen/bJetAggRun3/PPRef2024/HardProbes/4/merged_HiForestMiniAOD_v2.root]
Collection name='TList', class='TList', size=2
 OBJ: TFriendElement	HiTree	
 OBJ: TFriendElement	HltTree	
After init of tree inside run condor()
n total = 100083400
  global job = 486  Job 86/100  events [86071724, 87072558)  total=100083400
Enterd make_templates() 
Opening ROOT file: [/data_CMS/cms/mnguyen/bJetAggRun3/PPRef2024/HardProbes/4/merged_HiForestMiniAOD_v2.root]
Collection name='TList', class='TList', size=2
 OBJ: TFriendElement	HiTree	
 OBJ: TFriendElement	HltTree	
Processing events [86071724, 87072558) of 100083400
Processing: 86.0283 %Processing: 86.0782 %Processing: 86.1282 %Processing: 86.1781 %Processing: 86.2281 %Processing: 86.278 %Processing: 86.328 %Processing: 86.378 %Processing: 86.4279 %Processing: 86.4779 %Processing: 86.5278 %Processing: 86.5778 %Processing: 86.6278 %Processing: 86.6777 %Processing: 86.7277 %Processing: 86.7776 %Processing: 86.8276 %Processing: 86.8775 %Processing: 86.9275 %Processing: 86.9775 %
after run_condor_job_Run3()
ROOT exit code = 0
