gSystem->Load("run_condor_job_Run3_C.so");
run_condor_job_Run3(279, 100,3, 2,
                    80, 200,
                    1, 1, 1, 2);
.q

ENTERED run_condor_job_Run3()
JOBID = 279
---->>>> RUN 3
Creating files for template fit for qcd sample
you chose qcd MC
input file: /data_CMS/cms/mnguyen/bJetAggRun3/PPRef2024/QCD/2/merged_HiForestMiniAOD_v2.root
Before Init() in Run condor() 
Opening ROOT file: [/data_CMS/cms/mnguyen/bJetAggRun3/PPRef2024/QCD/2/merged_HiForestMiniAOD_v2.root]
Collection name='TList', class='TList', size=2
 OBJ: TFriendElement	HiTree	
 OBJ: TFriendElement	HltTree	
After init of tree inside run condor()
n total = 5988000
  global job = 279  Job 79/100  events [4730520, 4790400)  total=5988000
Enterd make_templates() 
Opening ROOT file: [/data_CMS/cms/mnguyen/bJetAggRun3/PPRef2024/QCD/2/merged_HiForestMiniAOD_v2.root]
Collection name='TList', class='TList', size=2
 OBJ: TFriendElement	HiTree	
 OBJ: TFriendElement	HltTree	
Processing events [4730520, 4790400) of 5988000
Processing: 79.3253 %
after run_condor_job_Run3()
ROOT exit code = 0
