gSystem->Load("run_condor_job_Run3_C.so");
run_condor_job_Run3(30, 100,3, 0,
                    80, 200,
                    1, 1, 0, 0);
.q

ENTERED run_condor_job_Run3()
JOBID = 30
---->>>> RUN 3
you chose data
file name = /data_CMS/cms/mnguyen/bJetAggRun3/PPRef2024/HardProbes/0/merged_HiForestMiniAOD_v2.root
input file: /data_CMS/cms/mnguyen/bJetAggRun3/PPRef2024/HardProbes/0/merged_HiForestMiniAOD_v2.root
Before Init() in Run condor() 
Opening ROOT file: [/data_CMS/cms/mnguyen/bJetAggRun3/PPRef2024/HardProbes/0/merged_HiForestMiniAOD_v2.root]
Collection name='TList', class='TList', size=2
 OBJ: TFriendElement	HiTree	
 OBJ: TFriendElement	HltTree	
After init of tree inside run condor()
n total = 100077150
  global job = 30  Job 30/100  events [30023160, 31023932)  total=100077150
Enterd make_templates() 
Opening ROOT file: [/data_CMS/cms/mnguyen/bJetAggRun3/PPRef2024/HardProbes/0/merged_HiForestMiniAOD_v2.root]
Collection name='TList', class='TList', size=2
 OBJ: TFriendElement	HiTree	
 OBJ: TFriendElement	HltTree	
Processing events [30023160, 31023932) of 100077150
Processing: 30.0268 %Processing: 30.0768 %Processing: 30.1268 %Processing: 30.1767 %Processing: 30.2267 %Processing: 30.2766 %Processing: 30.3266 %Processing: 30.3766 %Processing: 30.4265 %Processing: 30.4765 %Processing: 30.5264 %Processing: 30.5764 %Processing: 30.6264 %Processing: 30.6763 %Processing: 30.7263 %Processing: 30.7763 %Processing: 30.8262 %Processing: 30.8762 %Processing: 30.9261 %Processing: 30.9761 %
after run_condor_job_Run3()
ROOT exit code = 0
