gSystem->Load("run_condor_job_Run3_C.so");
run_condor_job_Run3(3, 100,3, 0,
                    80, 200,
                    1, 1, 0, 0);
.q

ENTERED run_condor_job_Run3()
JOBID = 3
---->>>> RUN 3
you chose data
file name = /data_CMS/cms/mnguyen/bJetAggRun3/PPRef2024/HardProbes/0/merged_HiForestMiniAOD_v2.root
input file: /data_CMS/cms/mnguyen/bJetAggRun3/PPRef2024/HardProbes/0/merged_HiForestMiniAOD_v2.root
Before Init() in Run condor() 
Opening ROOT file: [/data_CMS/cms/mnguyen/bJetAggRun3/PPRef2024/HardProbes/0/merged_HiForestMiniAOD_v2.root]
Collection name='TList', class='TList', size=2
 OBJ: TFriendElement	HiTree	
 OBJ: TFriendElement	HltTree	
After init of tree inside run condor()
n total = 100077150
  global job = 3  Job 3/100  events [3002316, 4003088)  total=100077150
Enterd make_templates() 
Opening ROOT file: [/data_CMS/cms/mnguyen/bJetAggRun3/PPRef2024/HardProbes/0/merged_HiForestMiniAOD_v2.root]
Collection name='TList', class='TList', size=2
 OBJ: TFriendElement	HiTree	
 OBJ: TFriendElement	HltTree	
Processing events [3002316, 4003088) of 100077150
Processing: 3.04765 %Processing: 3.09761 %Processing: 3.14757 %Processing: 3.19753 %Processing: 3.24749 %Processing: 3.29746 %Processing: 3.34742 %Processing: 3.39738 %Processing: 3.44734 %Processing: 3.4973 %Processing: 3.54726 %Processing: 3.59722 %Processing: 3.64719 %Processing: 3.69715 %Processing: 3.74711 %Processing: 3.79707 %Processing: 3.84703 %Processing: 3.89699 %Processing: 3.94695 %Processing: 3.99692 %
after run_condor_job_Run3()
ROOT exit code = 0
