gSystem->Load("run_condor_job_Run3_C.so");
run_condor_job_Run3(240, 100,3, 0,
                    80, 200,
                    1, 1, 0, 2);
.q

ENTERED run_condor_job_Run3()
JOBID = 240
---->>>> RUN 3
you chose data
file name = /data_CMS/cms/mnguyen/bJetAggRun3/PPRef2024/HardProbes/2/merged_HiForestMiniAOD_v2.root
input file: /data_CMS/cms/mnguyen/bJetAggRun3/PPRef2024/HardProbes/2/merged_HiForestMiniAOD_v2.root
Before Init() in Run condor() 
Opening ROOT file: [/data_CMS/cms/mnguyen/bJetAggRun3/PPRef2024/HardProbes/2/merged_HiForestMiniAOD_v2.root]
Collection name='TList', class='TList', size=2
 OBJ: TFriendElement	HiTree	
 OBJ: TFriendElement	HltTree	
After init of tree inside run condor()
n total = 99980719
  global job = 240  Job 40/100  events [39992320, 40992128)  total=99980719
Enterd make_templates() 
Opening ROOT file: [/data_CMS/cms/mnguyen/bJetAggRun3/PPRef2024/HardProbes/2/merged_HiForestMiniAOD_v2.root]
Collection name='TList', class='TList', size=2
 OBJ: TFriendElement	HiTree	
 OBJ: TFriendElement	HltTree	
Processing events [39992320, 40992128) of 99980719
Processing: 40.0077 %Processing: 40.0577 %Processing: 40.1077 %Processing: 40.1577 %Processing: 40.2078 %Processing: 40.2578 %Processing: 40.3078 %Processing: 40.3578 %Processing: 40.4078 %Processing: 40.4578 %Processing: 40.5078 %Processing: 40.5578 %Processing: 40.6078 %Processing: 40.6578 %Processing: 40.7078 %Processing: 40.7579 %Processing: 40.8079 %Processing: 40.8579 %Processing: 40.9079 %Processing: 40.9579 %
after run_condor_job_Run3()
ROOT exit code = 0
