gSystem->Load("run_condor_job_Run3_C.so");
run_condor_job_Run3(237, 100,3, 0,
                    80, 200,
                    1, 1, 0, 2);
.q

ENTERED run_condor_job_Run3()
JOBID = 237
---->>>> RUN 3
you chose data
file name = /data_CMS/cms/mnguyen/bJetAggRun3/PPRef2024/HardProbes/2/merged_HiForestMiniAOD_v2.root
input file: /data_CMS/cms/mnguyen/bJetAggRun3/PPRef2024/HardProbes/2/merged_HiForestMiniAOD_v2.root
Before Init() in Run condor() 
Opening ROOT file: [/data_CMS/cms/mnguyen/bJetAggRun3/PPRef2024/HardProbes/2/merged_HiForestMiniAOD_v2.root]
Collection name='TList', class='TList', size=2
 OBJ: TFriendElement	HiTree	
 OBJ: TFriendElement	HltTree	
After init of tree inside run condor()
n total = 99980719
  global job = 237  Job 37/100  events [36992896, 37992704)  total=99980719
Enterd make_templates() 
Opening ROOT file: [/data_CMS/cms/mnguyen/bJetAggRun3/PPRef2024/HardProbes/2/merged_HiForestMiniAOD_v2.root]
Collection name='TList', class='TList', size=2
 OBJ: TFriendElement	HiTree	
 OBJ: TFriendElement	HltTree	
Processing events [36992896, 37992704) of 99980719
Processing: 37.0071 %Processing: 37.0571 %Processing: 37.1072 %Processing: 37.1572 %Processing: 37.2072 %Processing: 37.2572 %Processing: 37.3072 %Processing: 37.3572 %Processing: 37.4072 %Processing: 37.4572 %Processing: 37.5072 %Processing: 37.5572 %Processing: 37.6073 %Processing: 37.6573 %Processing: 37.7073 %Processing: 37.7573 %Processing: 37.8073 %Processing: 37.8573 %Processing: 37.9073 %Processing: 37.9573 %
after run_condor_job_Run3()
ROOT exit code = 0
