gSystem->Load("run_condor_job_Run3_C.so");
run_condor_job_Run3(432, 100,3, 2,
                    80, 200,
                    1, 1, 1, 4);
.q

ENTERED run_condor_job_Run3()
JOBID = 432
---->>>> RUN 3
Creating files for template fit for qcd sample
you chose qcd MC
input file: /data_CMS/cms/mnguyen/bJetAggRun3/PPRef2024/QCD/4/merged_HiForestMiniAOD_v2.root
Before Init() in Run condor() 
Opening ROOT file: [/data_CMS/cms/mnguyen/bJetAggRun3/PPRef2024/QCD/4/merged_HiForestMiniAOD_v2.root]
Collection name='TList', class='TList', size=2
 OBJ: TFriendElement	HiTree	
 OBJ: TFriendElement	HltTree	
After init of tree inside run condor()
n total = 5910000
  global job = 432  Job 32/100  events [1891200, 1950300)  total=5910000
Enterd make_templates() 
Opening ROOT file: [/data_CMS/cms/mnguyen/bJetAggRun3/PPRef2024/QCD/4/merged_HiForestMiniAOD_v2.root]
Collection name='TList', class='TList', size=2
 OBJ: TFriendElement	HiTree	
 OBJ: TFriendElement	HltTree	
Processing events [1891200, 1950300) of 5910000
Processing: 32.1489 %Processing: 32.9949 %
after run_condor_job_Run3()
ROOT exit code = 0
