gSystem->Load("run_condor_job_Run3_C.so");
run_condor_job_Run3(207, 100,3, 0,
                    80, 200,
                    1, 1, 0, 2);
.q

ENTERED run_condor_job_Run3()
JOBID = 207
---->>>> RUN 3
you chose data
file name = /data_CMS/cms/mnguyen/bJetAggRun3/PPRef2024/HardProbes/2/merged_HiForestMiniAOD_v2.root
input file: /data_CMS/cms/mnguyen/bJetAggRun3/PPRef2024/HardProbes/2/merged_HiForestMiniAOD_v2.root
Before Init() in Run condor() 
Opening ROOT file: [/data_CMS/cms/mnguyen/bJetAggRun3/PPRef2024/HardProbes/2/merged_HiForestMiniAOD_v2.root]
Collection name='TList', class='TList', size=2
 OBJ: TFriendElement	HiTree	
 OBJ: TFriendElement	HltTree	
After init of tree inside run condor()
n total = 99980719
  global job = 207  Job 7/100  events [6998656, 7998464)  total=99980719
Enterd make_templates() 
Opening ROOT file: [/data_CMS/cms/mnguyen/bJetAggRun3/PPRef2024/HardProbes/2/merged_HiForestMiniAOD_v2.root]
Collection name='TList', class='TList', size=2
 OBJ: TFriendElement	HiTree	
 OBJ: TFriendElement	HltTree	
Processing events [6998656, 7998464) of 99980719
Processing: 7.00135 %Processing: 7.05136 %Processing: 7.10137 %Processing: 7.15138 %Processing: 7.20139 %Processing: 7.2514 %Processing: 7.30141 %Processing: 7.35142 %Processing: 7.40143 %Processing: 7.45144 %Processing: 7.50145 %Processing: 7.55146 %Processing: 7.60147 %Processing: 7.65148 %Processing: 7.70148 %Processing: 7.75149 %Processing: 7.8015 %Processing: 7.85151 %Processing: 7.90152 %Processing: 7.95153 %
after run_condor_job_Run3()
ROOT exit code = 0
