gSystem->Load("run_condor_job_Run3_C.so");
run_condor_job_Run3(42, 100,3, 0,
                    80, 200,
                    1, 1, 0, 0);
.q

ENTERED run_condor_job_Run3()
JOBID = 42
---->>>> RUN 3
you chose data
file name = /data_CMS/cms/mnguyen/bJetAggRun3/PPRef2024/HardProbes/0/merged_HiForestMiniAOD_v2.root
input file: /data_CMS/cms/mnguyen/bJetAggRun3/PPRef2024/HardProbes/0/merged_HiForestMiniAOD_v2.root
Before Init() in Run condor() 
Opening ROOT file: [/data_CMS/cms/mnguyen/bJetAggRun3/PPRef2024/HardProbes/0/merged_HiForestMiniAOD_v2.root]
Collection name='TList', class='TList', size=2
 OBJ: TFriendElement	HiTree	
 OBJ: TFriendElement	HltTree	
After init of tree inside run condor()
n total = 100077150
  global job = 42  Job 42/100  events [42032424, 43033196)  total=100077150
Enterd make_templates() 
Opening ROOT file: [/data_CMS/cms/mnguyen/bJetAggRun3/PPRef2024/HardProbes/0/merged_HiForestMiniAOD_v2.root]
Collection name='TList', class='TList', size=2
 OBJ: TFriendElement	HiTree	
 OBJ: TFriendElement	HltTree	
Processing events [42032424, 43033196) of 100077150
Processing: 42.0176 %Processing: 42.0675 %Processing: 42.1175 %Processing: 42.1675 %Processing: 42.2174 %Processing: 42.2674 %Processing: 42.3174 %Processing: 42.3673 %Processing: 42.4173 %Processing: 42.4672 %Processing: 42.5172 %Processing: 42.5672 %Processing: 42.6171 %Processing: 42.6671 %Processing: 42.717 %Processing: 42.767 %Processing: 42.817 %Processing: 42.8669 %Processing: 42.9169 %Processing: 42.9669 %
after run_condor_job_Run3()
ROOT exit code = 0
