gSystem->Load("run_condor_job_Run3_C.so");
run_condor_job_Run3(7, 100,3, 0,
                    80, 200,
                    1, 1, 0, 0);
.q

ENTERED run_condor_job_Run3()
JOBID = 7
---->>>> RUN 3
you chose data
file name = /data_CMS/cms/mnguyen/bJetAggRun3/PPRef2024/HardProbes/0/merged_HiForestMiniAOD_v2.root
input file: /data_CMS/cms/mnguyen/bJetAggRun3/PPRef2024/HardProbes/0/merged_HiForestMiniAOD_v2.root
Before Init() in Run condor() 
Opening ROOT file: [/data_CMS/cms/mnguyen/bJetAggRun3/PPRef2024/HardProbes/0/merged_HiForestMiniAOD_v2.root]
Collection name='TList', class='TList', size=2
 OBJ: TFriendElement	HiTree	
 OBJ: TFriendElement	HltTree	
After init of tree inside run condor()
n total = 100077150
  global job = 7  Job 7/100  events [7005404, 8006176)  total=100077150
Enterd make_templates() 
Opening ROOT file: [/data_CMS/cms/mnguyen/bJetAggRun3/PPRef2024/HardProbes/0/merged_HiForestMiniAOD_v2.root]
Collection name='TList', class='TList', size=2
 OBJ: TFriendElement	HiTree	
 OBJ: TFriendElement	HltTree	
Processing events [7005404, 8006176) of 100077150
Processing: 7.04457 %Processing: 7.09453 %Processing: 7.14449 %Processing: 7.19445 %Processing: 7.24441 %Processing: 7.29437 %Processing: 7.34433 %Processing: 7.3943 %Processing: 7.44426 %Processing: 7.49422 %Processing: 7.54418 %Processing: 7.59414 %Processing: 7.6441 %Processing: 7.69406 %Processing: 7.74403 %Processing: 7.79399 %Processing: 7.84395 %Processing: 7.89391 %Processing: 7.94387 %Processing: 7.99383 %
after run_condor_job_Run3()
ROOT exit code = 0
