gSystem->Load("run_condor_job_Run3_C.so");
run_condor_job_Run3(279, 100,3, 0,
                    80, 200,
                    1, 1, 0, 2);
.q

ENTERED run_condor_job_Run3()
JOBID = 279
---->>>> RUN 3
you chose data
file name = /data_CMS/cms/mnguyen/bJetAggRun3/PPRef2024/HardProbes/2/merged_HiForestMiniAOD_v2.root
input file: /data_CMS/cms/mnguyen/bJetAggRun3/PPRef2024/HardProbes/2/merged_HiForestMiniAOD_v2.root
Before Init() in Run condor() 
Opening ROOT file: [/data_CMS/cms/mnguyen/bJetAggRun3/PPRef2024/HardProbes/2/merged_HiForestMiniAOD_v2.root]
Collection name='TList', class='TList', size=2
 OBJ: TFriendElement	HiTree	
 OBJ: TFriendElement	HltTree	
After init of tree inside run condor()
n total = 99980719
  global job = 279  Job 79/100  events [78984832, 79984640)  total=99980719
Enterd make_templates() 
Opening ROOT file: [/data_CMS/cms/mnguyen/bJetAggRun3/PPRef2024/HardProbes/2/merged_HiForestMiniAOD_v2.root]
Collection name='TList', class='TList', size=2
 OBJ: TFriendElement	HiTree	
 OBJ: TFriendElement	HltTree	
Processing events [78984832, 79984640) of 99980719
Processing: 79.0152 %Processing: 79.0652 %Processing: 79.1153 %Processing: 79.1653 %Processing: 79.2153 %Processing: 79.2653 %Processing: 79.3153 %Processing: 79.3653 %Processing: 79.4153 %Processing: 79.4653 %Processing: 79.5153 %Processing: 79.5653 %Processing: 79.6154 %Processing: 79.6654 %Processing: 79.7154 %Processing: 79.7654 %Processing: 79.8154 %Processing: 79.8654 %Processing: 79.9154 %Processing: 79.9654 %
after run_condor_job_Run3()
ROOT exit code = 0
