gSystem->Load("run_condor_job_Run3_C.so");
run_condor_job_Run3(248, 100,3, 0,
                    80, 200,
                    1, 1, 0, 2);
.q

ENTERED run_condor_job_Run3()
JOBID = 248
---->>>> RUN 3
you chose data
file name = /data_CMS/cms/mnguyen/bJetAggRun3/PPRef2024/HardProbes/2/merged_HiForestMiniAOD_v2.root
input file: /data_CMS/cms/mnguyen/bJetAggRun3/PPRef2024/HardProbes/2/merged_HiForestMiniAOD_v2.root
Before Init() in Run condor() 
Opening ROOT file: [/data_CMS/cms/mnguyen/bJetAggRun3/PPRef2024/HardProbes/2/merged_HiForestMiniAOD_v2.root]
Collection name='TList', class='TList', size=2
 OBJ: TFriendElement	HiTree	
 OBJ: TFriendElement	HltTree	
After init of tree inside run condor()
n total = 99980719
  global job = 248  Job 48/100  events [47990784, 48990592)  total=99980719
Enterd make_templates() 
Opening ROOT file: [/data_CMS/cms/mnguyen/bJetAggRun3/PPRef2024/HardProbes/2/merged_HiForestMiniAOD_v2.root]
Collection name='TList', class='TList', size=2
 OBJ: TFriendElement	HiTree	
 OBJ: TFriendElement	HltTree	
Processing events [47990784, 48990592) of 99980719
Processing: 48.0093 %Processing: 48.0593 %Processing: 48.1093 %Processing: 48.1593 %Processing: 48.2093 %Processing: 48.2593 %Processing: 48.3093 %Processing: 48.3593 %Processing: 48.4093 %Processing: 48.4593 %Processing: 48.5094 %Processing: 48.5594 %Processing: 48.6094 %Processing: 48.6594 %Processing: 48.7094 %Processing: 48.7594 %Processing: 48.8094 %Processing: 48.8594 %Processing: 48.9094 %Processing: 48.9594 %
after run_condor_job_Run3()
ROOT exit code = 0
