gSystem->Load("run_condor_job_Run3_C.so");
run_condor_job_Run3(469, 100,3, 0,
                    80, 200,
                    1, 1, 0, 4);
.q

ENTERED run_condor_job_Run3()
JOBID = 469
---->>>> RUN 3
you chose data
file name = /data_CMS/cms/mnguyen/bJetAggRun3/PPRef2024/HardProbes/4/merged_HiForestMiniAOD_v2.root
input file: /data_CMS/cms/mnguyen/bJetAggRun3/PPRef2024/HardProbes/4/merged_HiForestMiniAOD_v2.root
Before Init() in Run condor() 
Opening ROOT file: [/data_CMS/cms/mnguyen/bJetAggRun3/PPRef2024/HardProbes/4/merged_HiForestMiniAOD_v2.root]
Collection name='TList', class='TList', size=2
 OBJ: TFriendElement	HiTree	
 OBJ: TFriendElement	HltTree	
After init of tree inside run condor()
n total = 100083400
  global job = 469  Job 69/100  events [69057546, 70058380)  total=100083400
Enterd make_templates() 
Opening ROOT file: [/data_CMS/cms/mnguyen/bJetAggRun3/PPRef2024/HardProbes/4/merged_HiForestMiniAOD_v2.root]
Collection name='TList', class='TList', size=2
 OBJ: TFriendElement	HiTree	
 OBJ: TFriendElement	HltTree	
Processing events [69057546, 70058380) of 100083400
Processing: 69.0424 %Processing: 69.0924 %Processing: 69.1423 %Processing: 69.1923 %Processing: 69.2423 %Processing: 69.2922 %Processing: 69.3422 %Processing: 69.3921 %Processing: 69.4421 %Processing: 69.492 %Processing: 69.542 %Processing: 69.592 %Processing: 69.6419 %Processing: 69.6919 %Processing: 69.7418 %Processing: 69.7918 %Processing: 69.8418 %Processing: 69.8917 %Processing: 69.9417 %Processing: 69.9916 %
after run_condor_job_Run3()
ROOT exit code = 0
