gSystem->Load("run_condor_job_Run3_C.so");
run_condor_job_Run3(386, 100,3, 0,
                    80, 200,
                    1, 1, 0, 3);
.q

ENTERED run_condor_job_Run3()
JOBID = 386
---->>>> RUN 3
you chose data
file name = /data_CMS/cms/mnguyen/bJetAggRun3/PPRef2024/HardProbes/3/merged_HiForestMiniAOD_v2.root
input file: /data_CMS/cms/mnguyen/bJetAggRun3/PPRef2024/HardProbes/3/merged_HiForestMiniAOD_v2.root
Before Init() in Run condor() 
Opening ROOT file: [/data_CMS/cms/mnguyen/bJetAggRun3/PPRef2024/HardProbes/3/merged_HiForestMiniAOD_v2.root]
Collection name='TList', class='TList', size=2
 OBJ: TFriendElement	HiTree	
 OBJ: TFriendElement	HltTree	
After init of tree inside run condor()
n total = 100067149
  global job = 386  Job 86/100  events [86057792, 87058464)  total=100067149
Enterd make_templates() 
Opening ROOT file: [/data_CMS/cms/mnguyen/bJetAggRun3/PPRef2024/HardProbes/3/merged_HiForestMiniAOD_v2.root]
Collection name='TList', class='TList', size=2
 OBJ: TFriendElement	HiTree	
 OBJ: TFriendElement	HltTree	
Processing events [86057792, 87058464) of 100067149
Processing: 86.0422 %Processing: 86.0922 %Processing: 86.1422 %Processing: 86.1921 %Processing: 86.2421 %Processing: 86.2921 %Processing: 86.342 %Processing: 86.392 %Processing: 86.442 %Processing: 86.4919 %Processing: 86.5419 %Processing: 86.5919 %Processing: 86.6418 %Processing: 86.6918 %Processing: 86.7418 %Processing: 86.7917 %Processing: 86.8417 %Processing: 86.8917 %Processing: 86.9416 %Processing: 86.9916 %
after run_condor_job_Run3()
ROOT exit code = 0
