gSystem->Load("run_condor_job_Run3_C.so");
run_condor_job_Run3(455, 100,3, 0,
                    80, 200,
                    1, 1, 0, 4);
.q

ENTERED run_condor_job_Run3()
JOBID = 455
---->>>> RUN 3
you chose data
file name = /data_CMS/cms/mnguyen/bJetAggRun3/PPRef2024/HardProbes/4/merged_HiForestMiniAOD_v2.root
input file: /data_CMS/cms/mnguyen/bJetAggRun3/PPRef2024/HardProbes/4/merged_HiForestMiniAOD_v2.root
Before Init() in Run condor() 
Opening ROOT file: [/data_CMS/cms/mnguyen/bJetAggRun3/PPRef2024/HardProbes/4/merged_HiForestMiniAOD_v2.root]
Collection name='TList', class='TList', size=2
 OBJ: TFriendElement	HiTree	
 OBJ: TFriendElement	HltTree	
After init of tree inside run condor()
n total = 100083400
  global job = 455  Job 55/100  events [55045870, 56046704)  total=100083400
Enterd make_templates() 
Opening ROOT file: [/data_CMS/cms/mnguyen/bJetAggRun3/PPRef2024/HardProbes/4/merged_HiForestMiniAOD_v2.root]
Collection name='TList', class='TList', size=2
 OBJ: TFriendElement	HiTree	
 OBJ: TFriendElement	HltTree	
Processing events [55045870, 56046704) of 100083400
Processing: 55.0041 %Processing: 55.0541 %Processing: 55.104 %Processing: 55.154 %Processing: 55.204 %Processing: 55.2539 %Processing: 55.3039 %Processing: 55.3538 %Processing: 55.4038 %Processing: 55.4538 %Processing: 55.5037 %Processing: 55.5537 %Processing: 55.6036 %Processing: 55.6536 %Processing: 55.7035 %Processing: 55.7535 %Processing: 55.8035 %Processing: 55.8534 %Processing: 55.9034 %Processing: 55.9533 %
after run_condor_job_Run3()
ROOT exit code = 0
