gSystem->Load("run_condor_job_Run3_C.so");
run_condor_job_Run3(117, 100,3, 0,
                    80, 200,
                    1, 1, 0, 1);
.q

ENTERED run_condor_job_Run3()
JOBID = 117
---->>>> RUN 3
you chose data
file name = /data_CMS/cms/mnguyen/bJetAggRun3/PPRef2024/HardProbes/1/merged_HiForestMiniAOD_v2.root
input file: /data_CMS/cms/mnguyen/bJetAggRun3/PPRef2024/HardProbes/1/merged_HiForestMiniAOD_v2.root
Before Init() in Run condor() 
Opening ROOT file: [/data_CMS/cms/mnguyen/bJetAggRun3/PPRef2024/HardProbes/1/merged_HiForestMiniAOD_v2.root]
Collection name='TList', class='TList', size=2
 OBJ: TFriendElement	HiTree	
 OBJ: TFriendElement	HltTree	
After init of tree inside run condor()
n total = 100081056
  global job = 117  Job 17/100  events [17013787, 18014598)  total=100081056
Enterd make_templates() 
Opening ROOT file: [/data_CMS/cms/mnguyen/bJetAggRun3/PPRef2024/HardProbes/1/merged_HiForestMiniAOD_v2.root]
Collection name='TList', class='TList', size=2
 OBJ: TFriendElement	HiTree	
 OBJ: TFriendElement	HltTree	
Processing events [17013787, 18014598) of 100081056
Processing: 17.0362 %Processing: 17.0862 %Processing: 17.1361 %Processing: 17.1861 %Processing: 17.236 %Processing: 17.286 %Processing: 17.3359 %Processing: 17.3859 %Processing: 17.4359 %Processing: 17.4858 %Processing: 17.5358 %Processing: 17.5857 %Processing: 17.6357 %Processing: 17.6857 %Processing: 17.7356 %Processing: 17.7856 %Processing: 17.8355 %Processing: 17.8855 %Processing: 17.9355 %Processing: 17.9854 %
after run_condor_job_Run3()
ROOT exit code = 0
