gSystem->Load("run_condor_job_Run3_C.so");
run_condor_job_Run3(436, 100,3, 0,
                    80, 200,
                    1, 1, 0, 4);
.q

ENTERED run_condor_job_Run3()
JOBID = 436
---->>>> RUN 3
you chose data
file name = /data_CMS/cms/mnguyen/bJetAggRun3/PPRef2024/HardProbes/4/merged_HiForestMiniAOD_v2.root
input file: /data_CMS/cms/mnguyen/bJetAggRun3/PPRef2024/HardProbes/4/merged_HiForestMiniAOD_v2.root
Before Init() in Run condor() 
Opening ROOT file: [/data_CMS/cms/mnguyen/bJetAggRun3/PPRef2024/HardProbes/4/merged_HiForestMiniAOD_v2.root]
Collection name='TList', class='TList', size=2
 OBJ: TFriendElement	HiTree	
 OBJ: TFriendElement	HltTree	
After init of tree inside run condor()
n total = 100083400
  global job = 436  Job 36/100  events [36030024, 37030858)  total=100083400
Enterd make_templates() 
Opening ROOT file: [/data_CMS/cms/mnguyen/bJetAggRun3/PPRef2024/HardProbes/4/merged_HiForestMiniAOD_v2.root]
Collection name='TList', class='TList', size=2
 OBJ: TFriendElement	HiTree	
 OBJ: TFriendElement	HltTree	
Processing events [36030024, 37030858) of 100083400
Processing: 36.02 %Processing: 36.0699 %Processing: 36.1199 %Processing: 36.1698 %Processing: 36.2198 %Processing: 36.2698 %Processing: 36.3197 %Processing: 36.3697 %Processing: 36.4196 %Processing: 36.4696 %Processing: 36.5195 %Processing: 36.5695 %Processing: 36.6195 %Processing: 36.6694 %Processing: 36.7194 %Processing: 36.7693 %Processing: 36.8193 %Processing: 36.8693 %Processing: 36.9192 %Processing: 36.9692 %
after run_condor_job_Run3()
ROOT exit code = 0
