gSystem->Load("run_condor_job_Run3_C.so");
run_condor_job_Run3(440, 100,3, 0,
                    80, 200,
                    1, 1, 0, 4);
.q

ENTERED run_condor_job_Run3()
JOBID = 440
---->>>> RUN 3
you chose data
file name = /data_CMS/cms/mnguyen/bJetAggRun3/PPRef2024/HardProbes/4/merged_HiForestMiniAOD_v2.root
input file: /data_CMS/cms/mnguyen/bJetAggRun3/PPRef2024/HardProbes/4/merged_HiForestMiniAOD_v2.root
Before Init() in Run condor() 
Opening ROOT file: [/data_CMS/cms/mnguyen/bJetAggRun3/PPRef2024/HardProbes/4/merged_HiForestMiniAOD_v2.root]
Collection name='TList', class='TList', size=2
 OBJ: TFriendElement	HiTree	
 OBJ: TFriendElement	HltTree	
After init of tree inside run condor()
n total = 100083400
  global job = 440  Job 40/100  events [40033360, 41034194)  total=100083400
Enterd make_templates() 
Opening ROOT file: [/data_CMS/cms/mnguyen/bJetAggRun3/PPRef2024/HardProbes/4/merged_HiForestMiniAOD_v2.root]
Collection name='TList', class='TList', size=2
 OBJ: TFriendElement	HiTree	
 OBJ: TFriendElement	HltTree	
Processing events [40033360, 41034194) of 100083400
Processing: 40.0166 %Processing: 40.0666 %Processing: 40.1165 %Processing: 40.1665 %Processing: 40.2165 %Processing: 40.2664 %Processing: 40.3164 %Processing: 40.3663 %Processing: 40.4163 %Processing: 40.4663 %Processing: 40.5162 %Processing: 40.5662 %Processing: 40.6161 %Processing: 40.6661 %Processing: 40.716 %Processing: 40.766 %Processing: 40.816 %Processing: 40.8659 %Processing: 40.9159 %Processing: 40.9658 %
after run_condor_job_Run3()
ROOT exit code = 0
