gSystem->Load("run_condor_job_Run3_C.so");
run_condor_job_Run3(496, 100,3, 0,
                    80, 200,
                    1, 1, 0, 4);
.q

ENTERED run_condor_job_Run3()
JOBID = 496
---->>>> RUN 3
you chose data
file name = /data_CMS/cms/mnguyen/bJetAggRun3/PPRef2024/HardProbes/4/merged_HiForestMiniAOD_v2.root
input file: /data_CMS/cms/mnguyen/bJetAggRun3/PPRef2024/HardProbes/4/merged_HiForestMiniAOD_v2.root
Before Init() in Run condor() 
Opening ROOT file: [/data_CMS/cms/mnguyen/bJetAggRun3/PPRef2024/HardProbes/4/merged_HiForestMiniAOD_v2.root]
Collection name='TList', class='TList', size=2
 OBJ: TFriendElement	HiTree	
 OBJ: TFriendElement	HltTree	
After init of tree inside run condor()
n total = 100083400
  global job = 496  Job 96/100  events [96080064, 97080898)  total=100083400
Enterd make_templates() 
Opening ROOT file: [/data_CMS/cms/mnguyen/bJetAggRun3/PPRef2024/HardProbes/4/merged_HiForestMiniAOD_v2.root]
Collection name='TList', class='TList', size=2
 OBJ: TFriendElement	HiTree	
 OBJ: TFriendElement	HltTree	
Processing events [96080064, 97080898) of 100083400
Processing: 96.0199 %Processing: 96.0699 %Processing: 96.1198 %Processing: 96.1698 %Processing: 96.2198 %Processing: 96.2697 %Processing: 96.3197 %Processing: 96.3696 %Processing: 96.4196 %Processing: 96.4695 %Processing: 96.5195 %Processing: 96.5695 %Processing: 96.6194 %Processing: 96.6694 %Processing: 96.7193 %Processing: 96.7693 %Processing: 96.8193 %Processing: 96.8692 %Processing: 96.9192 %Processing: 96.9691 %
after run_condor_job_Run3()
ROOT exit code = 0
