gSystem->Load("run_condor_job_Run3_C.so");
run_condor_job_Run3(108, 100,3, 0,
                    80, 200,
                    1, 1, 0, 1);
.q

ENTERED run_condor_job_Run3()
JOBID = 108
---->>>> RUN 3
you chose data
file name = /data_CMS/cms/mnguyen/bJetAggRun3/PPRef2024/HardProbes/1/merged_HiForestMiniAOD_v2.root
input file: /data_CMS/cms/mnguyen/bJetAggRun3/PPRef2024/HardProbes/1/merged_HiForestMiniAOD_v2.root
Before Init() in Run condor() 
Opening ROOT file: [/data_CMS/cms/mnguyen/bJetAggRun3/PPRef2024/HardProbes/1/merged_HiForestMiniAOD_v2.root]
Collection name='TList', class='TList', size=2
 OBJ: TFriendElement	HiTree	
 OBJ: TFriendElement	HltTree	
After init of tree inside run condor()
n total = 100081056
  global job = 108  Job 8/100  events [8006488, 9007299)  total=100081056
Enterd make_templates() 
Opening ROOT file: [/data_CMS/cms/mnguyen/bJetAggRun3/PPRef2024/HardProbes/1/merged_HiForestMiniAOD_v2.root]
Collection name='TList', class='TList', size=2
 OBJ: TFriendElement	HiTree	
 OBJ: TFriendElement	HltTree	
Processing events [8006488, 9007299) of 100081056
Processing: 8.04348 %Processing: 8.09344 %Processing: 8.1434 %Processing: 8.19336 %Processing: 8.24332 %Processing: 8.29328 %Processing: 8.34324 %Processing: 8.3932 %Processing: 8.44316 %Processing: 8.49312 %Processing: 8.54308 %Processing: 8.59303 %Processing: 8.64299 %Processing: 8.69295 %Processing: 8.74291 %Processing: 8.79287 %Processing: 8.84283 %Processing: 8.89279 %Processing: 8.94275 %Processing: 8.99271 %
after run_condor_job_Run3()
ROOT exit code = 0
