gSystem->Load("run_condor_job_Run3_C.so");
run_condor_job_Run3(412, 100,3, 0,
                    80, 200,
                    1, 1, 0, 4);
.q

ENTERED run_condor_job_Run3()
JOBID = 412
---->>>> RUN 3
you chose data
file name = /data_CMS/cms/mnguyen/bJetAggRun3/PPRef2024/HardProbes/4/merged_HiForestMiniAOD_v2.root
input file: /data_CMS/cms/mnguyen/bJetAggRun3/PPRef2024/HardProbes/4/merged_HiForestMiniAOD_v2.root
Before Init() in Run condor() 
Opening ROOT file: [/data_CMS/cms/mnguyen/bJetAggRun3/PPRef2024/HardProbes/4/merged_HiForestMiniAOD_v2.root]
Collection name='TList', class='TList', size=2
 OBJ: TFriendElement	HiTree	
 OBJ: TFriendElement	HltTree	
After init of tree inside run condor()
n total = 100083400
  global job = 412  Job 12/100  events [12010008, 13010842)  total=100083400
Enterd make_templates() 
Opening ROOT file: [/data_CMS/cms/mnguyen/bJetAggRun3/PPRef2024/HardProbes/4/merged_HiForestMiniAOD_v2.root]
Collection name='TList', class='TList', size=2
 OBJ: TFriendElement	HiTree	
 OBJ: TFriendElement	HltTree	
Processing events [12010008, 13010842) of 100083400
Processing: 12.04 %Processing: 12.0899 %Processing: 12.1399 %Processing: 12.1898 %Processing: 12.2398 %Processing: 12.2898 %Processing: 12.3397 %Processing: 12.3897 %Processing: 12.4396 %Processing: 12.4896 %Processing: 12.5395 %Processing: 12.5895 %Processing: 12.6395 %Processing: 12.6894 %Processing: 12.7394 %Processing: 12.7893 %Processing: 12.8393 %Processing: 12.8893 %Processing: 12.9392 %Processing: 12.9892 %
after run_condor_job_Run3()
ROOT exit code = 0
