gSystem->Load("run_condor_job_Run3_C.so");
run_condor_job_Run3(210, 100,3, 0,
                    80, 200,
                    1, 1, 0, 2);
.q

ENTERED run_condor_job_Run3()
JOBID = 210
---->>>> RUN 3
you chose data
file name = /data_CMS/cms/mnguyen/bJetAggRun3/PPRef2024/HardProbes/2/merged_HiForestMiniAOD_v2.root
input file: /data_CMS/cms/mnguyen/bJetAggRun3/PPRef2024/HardProbes/2/merged_HiForestMiniAOD_v2.root
Before Init() in Run condor() 
Opening ROOT file: [/data_CMS/cms/mnguyen/bJetAggRun3/PPRef2024/HardProbes/2/merged_HiForestMiniAOD_v2.root]
Collection name='TList', class='TList', size=2
 OBJ: TFriendElement	HiTree	
 OBJ: TFriendElement	HltTree	
After init of tree inside run condor()
n total = 99980719
  global job = 210  Job 10/100  events [9998080, 10997888)  total=99980719
Enterd make_templates() 
Opening ROOT file: [/data_CMS/cms/mnguyen/bJetAggRun3/PPRef2024/HardProbes/2/merged_HiForestMiniAOD_v2.root]
Collection name='TList', class='TList', size=2
 OBJ: TFriendElement	HiTree	
 OBJ: TFriendElement	HltTree	
Processing events [9998080, 10997888) of 99980719
Processing: 10.0019 %Processing: 10.0519 %Processing: 10.1019 %Processing: 10.152 %Processing: 10.202 %Processing: 10.252 %Processing: 10.302 %Processing: 10.352 %Processing: 10.402 %Processing: 10.452 %Processing: 10.502 %Processing: 10.552 %Processing: 10.602 %Processing: 10.6521 %Processing: 10.7021 %Processing: 10.7521 %Processing: 10.8021 %Processing: 10.8521 %Processing: 10.9021 %Processing: 10.9521 %
after run_condor_job_Run3()
ROOT exit code = 0
