gSystem->Load("run_condor_job_Run3_C.so");
run_condor_job_Run3(291, 100,3, 0,
                    80, 200,
                    1, 1, 0, 2);
.q

ENTERED run_condor_job_Run3()
JOBID = 291
---->>>> RUN 3
you chose data
file name = /data_CMS/cms/mnguyen/bJetAggRun3/PPRef2024/HardProbes/2/merged_HiForestMiniAOD_v2.root
input file: /data_CMS/cms/mnguyen/bJetAggRun3/PPRef2024/HardProbes/2/merged_HiForestMiniAOD_v2.root
Before Init() in Run condor() 
Opening ROOT file: [/data_CMS/cms/mnguyen/bJetAggRun3/PPRef2024/HardProbes/2/merged_HiForestMiniAOD_v2.root]
Collection name='TList', class='TList', size=2
 OBJ: TFriendElement	HiTree	
 OBJ: TFriendElement	HltTree	
After init of tree inside run condor()
n total = 99980719
  global job = 291  Job 91/100  events [90982528, 91982336)  total=99980719
Enterd make_templates() 
Opening ROOT file: [/data_CMS/cms/mnguyen/bJetAggRun3/PPRef2024/HardProbes/2/merged_HiForestMiniAOD_v2.root]
Collection name='TList', class='TList', size=2
 OBJ: TFriendElement	HiTree	
 OBJ: TFriendElement	HltTree	
Processing events [90982528, 91982336) of 99980719
Processing: 91.0175 %Processing: 91.0676 %Processing: 91.1176 %Processing: 91.1676 %Processing: 91.2176 %Processing: 91.2676 %Processing: 91.3176 %Processing: 91.3676 %Processing: 91.4176 %Processing: 91.4676 %Processing: 91.5176 %Processing: 91.5677 %Processing: 91.6177 %Processing: 91.6677 %Processing: 91.7177 %Processing: 91.7677 %Processing: 91.8177 %Processing: 91.8677 %Processing: 91.9177 %Processing: 91.9677 %
after run_condor_job_Run3()
ROOT exit code = 0
