gSystem->Load("run_condor_job_Run3_C.so");
run_condor_job_Run3(452, 100,3, 0,
                    80, 200,
                    1, 1, 0, 4);
.q

ENTERED run_condor_job_Run3()
JOBID = 452
---->>>> RUN 3
you chose data
file name = /data_CMS/cms/mnguyen/bJetAggRun3/PPRef2024/HardProbes/4/merged_HiForestMiniAOD_v2.root
input file: /data_CMS/cms/mnguyen/bJetAggRun3/PPRef2024/HardProbes/4/merged_HiForestMiniAOD_v2.root
Before Init() in Run condor() 
Opening ROOT file: [/data_CMS/cms/mnguyen/bJetAggRun3/PPRef2024/HardProbes/4/merged_HiForestMiniAOD_v2.root]
Collection name='TList', class='TList', size=2
 OBJ: TFriendElement	HiTree	
 OBJ: TFriendElement	HltTree	
After init of tree inside run condor()
n total = 100083400
  global job = 452  Job 52/100  events [52043368, 53044202)  total=100083400
Enterd make_templates() 
Opening ROOT file: [/data_CMS/cms/mnguyen/bJetAggRun3/PPRef2024/HardProbes/4/merged_HiForestMiniAOD_v2.root]
Collection name='TList', class='TList', size=2
 OBJ: TFriendElement	HiTree	
 OBJ: TFriendElement	HltTree	
Processing events [52043368, 53044202) of 100083400
Processing: 52.0066 %Processing: 52.0566 %Processing: 52.1065 %Processing: 52.1565 %Processing: 52.2065 %Processing: 52.2564 %Processing: 52.3064 %Processing: 52.3563 %Processing: 52.4063 %Processing: 52.4563 %Processing: 52.5062 %Processing: 52.5562 %Processing: 52.6061 %Processing: 52.6561 %Processing: 52.706 %Processing: 52.756 %Processing: 52.806 %Processing: 52.8559 %Processing: 52.9059 %Processing: 52.9558 %
after run_condor_job_Run3()
ROOT exit code = 0
