gSystem->Load("run_condor_job_Run3_C.so");
run_condor_job_Run3(335, 100,3, 0,
                    80, 200,
                    1, 1, 0, 3);
.q

ENTERED run_condor_job_Run3()
JOBID = 335
---->>>> RUN 3
you chose data
file name = /data_CMS/cms/mnguyen/bJetAggRun3/PPRef2024/HardProbes/3/merged_HiForestMiniAOD_v2.root
input file: /data_CMS/cms/mnguyen/bJetAggRun3/PPRef2024/HardProbes/3/merged_HiForestMiniAOD_v2.root
Before Init() in Run condor() 
Opening ROOT file: [/data_CMS/cms/mnguyen/bJetAggRun3/PPRef2024/HardProbes/3/merged_HiForestMiniAOD_v2.root]
Collection name='TList', class='TList', size=2
 OBJ: TFriendElement	HiTree	
 OBJ: TFriendElement	HltTree	
After init of tree inside run condor()
n total = 100067149
  global job = 335  Job 35/100  events [35023520, 36024192)  total=100067149
Enterd make_templates() 
Opening ROOT file: [/data_CMS/cms/mnguyen/bJetAggRun3/PPRef2024/HardProbes/3/merged_HiForestMiniAOD_v2.root]
Collection name='TList', class='TList', size=2
 OBJ: TFriendElement	HiTree	
 OBJ: TFriendElement	HltTree	
Processing events [35023520, 36024192) of 100067149
Processing: 35.0265 %Processing: 35.0764 %Processing: 35.1264 %Processing: 35.1764 %Processing: 35.2263 %Processing: 35.2763 %Processing: 35.3263 %Processing: 35.3762 %Processing: 35.4262 %Processing: 35.4762 %Processing: 35.5261 %Processing: 35.5761 %Processing: 35.6261 %Processing: 35.676 %Processing: 35.726 %Processing: 35.776 %Processing: 35.8259 %Processing: 35.8759 %Processing: 35.9259 %Processing: 35.9758 %
after run_condor_job_Run3()
ROOT exit code = 0
