gSystem->Load("run_condor_job_Run3_C.so");
run_condor_job_Run3(120, 100,3, 0,
                    80, 200,
                    1, 1, 0, 1);
.q

ENTERED run_condor_job_Run3()
JOBID = 120
---->>>> RUN 3
you chose data
file name = /data_CMS/cms/mnguyen/bJetAggRun3/PPRef2024/HardProbes/1/merged_HiForestMiniAOD_v2.root
input file: /data_CMS/cms/mnguyen/bJetAggRun3/PPRef2024/HardProbes/1/merged_HiForestMiniAOD_v2.root
Before Init() in Run condor() 
Opening ROOT file: [/data_CMS/cms/mnguyen/bJetAggRun3/PPRef2024/HardProbes/1/merged_HiForestMiniAOD_v2.root]
Collection name='TList', class='TList', size=2
 OBJ: TFriendElement	HiTree	
 OBJ: TFriendElement	HltTree	
After init of tree inside run condor()
n total = 100081056
  global job = 120  Job 20/100  events [20016220, 21017031)  total=100081056
Enterd make_templates() 
Opening ROOT file: [/data_CMS/cms/mnguyen/bJetAggRun3/PPRef2024/HardProbes/1/merged_HiForestMiniAOD_v2.root]
Collection name='TList', class='TList', size=2
 OBJ: TFriendElement	HiTree	
 OBJ: TFriendElement	HltTree	
Processing events [20016220, 21017031) of 100081056
Processing: 20.0338 %Processing: 20.0837 %Processing: 20.1337 %Processing: 20.1836 %Processing: 20.2336 %Processing: 20.2836 %Processing: 20.3335 %Processing: 20.3835 %Processing: 20.4334 %Processing: 20.4834 %Processing: 20.5334 %Processing: 20.5833 %Processing: 20.6333 %Processing: 20.6832 %Processing: 20.7332 %Processing: 20.7832 %Processing: 20.8331 %Processing: 20.8831 %Processing: 20.933 %Processing: 20.983 %
after run_condor_job_Run3()
ROOT exit code = 0
