gSystem->Load("run_condor_job_Run3_C.so");
run_condor_job_Run3(280, 100,3, 0,
                    80, 200,
                    1, 1, 0, 2);
.q

ENTERED run_condor_job_Run3()
JOBID = 280
---->>>> RUN 3
you chose data
file name = /data_CMS/cms/mnguyen/bJetAggRun3/PPRef2024/HardProbes/2/merged_HiForestMiniAOD_v2.root
input file: /data_CMS/cms/mnguyen/bJetAggRun3/PPRef2024/HardProbes/2/merged_HiForestMiniAOD_v2.root
Before Init() in Run condor() 
Opening ROOT file: [/data_CMS/cms/mnguyen/bJetAggRun3/PPRef2024/HardProbes/2/merged_HiForestMiniAOD_v2.root]
Collection name='TList', class='TList', size=2
 OBJ: TFriendElement	HiTree	
 OBJ: TFriendElement	HltTree	
After init of tree inside run condor()
n total = 99980719
  global job = 280  Job 80/100  events [79984640, 80984448)  total=99980719
Enterd make_templates() 
Opening ROOT file: [/data_CMS/cms/mnguyen/bJetAggRun3/PPRef2024/HardProbes/2/merged_HiForestMiniAOD_v2.root]
Collection name='TList', class='TList', size=2
 OBJ: TFriendElement	HiTree	
 OBJ: TFriendElement	HltTree	
Processing events [79984640, 80984448) of 99980719
Processing: 80.0154 %Processing: 80.0654 %Processing: 80.1154 %Processing: 80.1655 %Processing: 80.2155 %Processing: 80.2655 %Processing: 80.3155 %Processing: 80.3655 %Processing: 80.4155 %Processing: 80.4655 %Processing: 80.5155 %Processing: 80.5655 %Processing: 80.6155 %Processing: 80.6656 %Processing: 80.7156 %Processing: 80.7656 %Processing: 80.8156 %Processing: 80.8656 %Processing: 80.9156 %Processing: 80.9656 %
after run_condor_job_Run3()
ROOT exit code = 0
