gSystem->Load("run_condor_job_Run3_C.so");
run_condor_job_Run3(245, 100,3, 0,
                    80, 200,
                    1, 1, 0, 2);
.q

ENTERED run_condor_job_Run3()
JOBID = 245
---->>>> RUN 3
you chose data
file name = /data_CMS/cms/mnguyen/bJetAggRun3/PPRef2024/HardProbes/2/merged_HiForestMiniAOD_v2.root
input file: /data_CMS/cms/mnguyen/bJetAggRun3/PPRef2024/HardProbes/2/merged_HiForestMiniAOD_v2.root
Before Init() in Run condor() 
Opening ROOT file: [/data_CMS/cms/mnguyen/bJetAggRun3/PPRef2024/HardProbes/2/merged_HiForestMiniAOD_v2.root]
Collection name='TList', class='TList', size=2
 OBJ: TFriendElement	HiTree	
 OBJ: TFriendElement	HltTree	
After init of tree inside run condor()
n total = 99980719
  global job = 245  Job 45/100  events [44991360, 45991168)  total=99980719
Enterd make_templates() 
Opening ROOT file: [/data_CMS/cms/mnguyen/bJetAggRun3/PPRef2024/HardProbes/2/merged_HiForestMiniAOD_v2.root]
Collection name='TList', class='TList', size=2
 OBJ: TFriendElement	HiTree	
 OBJ: TFriendElement	HltTree	
Processing events [44991360, 45991168) of 99980719
Processing: 45.0087 %Processing: 45.0587 %Processing: 45.1087 %Processing: 45.1587 %Processing: 45.2087 %Processing: 45.2587 %Processing: 45.3087 %Processing: 45.3587 %Processing: 45.4088 %Processing: 45.4588 %Processing: 45.5088 %Processing: 45.5588 %Processing: 45.6088 %Processing: 45.6588 %Processing: 45.7088 %Processing: 45.7588 %Processing: 45.8088 %Processing: 45.8588 %Processing: 45.9089 %Processing: 45.9589 %
after run_condor_job_Run3()
ROOT exit code = 0
