gSystem->Load("run_condor_job_Run3_C.so");
run_condor_job_Run3(203, 100,3, 0,
                    80, 200,
                    1, 1, 0, 2);
.q

ENTERED run_condor_job_Run3()
JOBID = 203
---->>>> RUN 3
you chose data
file name = /data_CMS/cms/mnguyen/bJetAggRun3/PPRef2024/HardProbes/2/merged_HiForestMiniAOD_v2.root
input file: /data_CMS/cms/mnguyen/bJetAggRun3/PPRef2024/HardProbes/2/merged_HiForestMiniAOD_v2.root
Before Init() in Run condor() 
Opening ROOT file: [/data_CMS/cms/mnguyen/bJetAggRun3/PPRef2024/HardProbes/2/merged_HiForestMiniAOD_v2.root]
Collection name='TList', class='TList', size=2
 OBJ: TFriendElement	HiTree	
 OBJ: TFriendElement	HltTree	
After init of tree inside run condor()
n total = 99980719
  global job = 203  Job 3/100  events [2999424, 3999232)  total=99980719
Enterd make_templates() 
Opening ROOT file: [/data_CMS/cms/mnguyen/bJetAggRun3/PPRef2024/HardProbes/2/merged_HiForestMiniAOD_v2.root]
Collection name='TList', class='TList', size=2
 OBJ: TFriendElement	HiTree	
 OBJ: TFriendElement	HltTree	
Processing events [2999424, 3999232) of 99980719
Processing: 3.00058 %Processing: 3.05059 %Processing: 3.1006 %Processing: 3.15061 %Processing: 3.20062 %Processing: 3.25063 %Processing: 3.30064 %Processing: 3.35065 %Processing: 3.40066 %Processing: 3.45067 %Processing: 3.50067 %Processing: 3.55068 %Processing: 3.60069 %Processing: 3.6507 %Processing: 3.70071 %Processing: 3.75072 %Processing: 3.80073 %Processing: 3.85074 %Processing: 3.90075 %Processing: 3.95076 %
after run_condor_job_Run3()
ROOT exit code = 0
