gSystem->Load("run_condor_job_Run3_C.so");
run_condor_job_Run3(77, 100,3, 0,
                    80, 200,
                    1, 1, 0, 0);
.q

ENTERED run_condor_job_Run3()
JOBID = 77
---->>>> RUN 3
you chose data
file name = /data_CMS/cms/mnguyen/bJetAggRun3/PPRef2024/HardProbes/0/merged_HiForestMiniAOD_v2.root
input file: /data_CMS/cms/mnguyen/bJetAggRun3/PPRef2024/HardProbes/0/merged_HiForestMiniAOD_v2.root
Before Init() in Run condor() 
Opening ROOT file: [/data_CMS/cms/mnguyen/bJetAggRun3/PPRef2024/HardProbes/0/merged_HiForestMiniAOD_v2.root]
Collection name='TList', class='TList', size=2
 OBJ: TFriendElement	HiTree	
 OBJ: TFriendElement	HltTree	
After init of tree inside run condor()
n total = 100077150
  global job = 77  Job 77/100  events [77059444, 78060216)  total=100077150
Enterd make_templates() 
Opening ROOT file: [/data_CMS/cms/mnguyen/bJetAggRun3/PPRef2024/HardProbes/0/merged_HiForestMiniAOD_v2.root]
Collection name='TList', class='TList', size=2
 OBJ: TFriendElement	HiTree	
 OBJ: TFriendElement	HltTree	
Processing events [77059444, 78060216) of 100077150
Processing: 77.0406 %Processing: 77.0905 %Processing: 77.1405 %Processing: 77.1904 %Processing: 77.2404 %Processing: 77.2904 %Processing: 77.3403 %Processing: 77.3903 %Processing: 77.4403 %Processing: 77.4902 %Processing: 77.5402 %Processing: 77.5901 %Processing: 77.6401 %Processing: 77.6901 %Processing: 77.74 %Processing: 77.79 %Processing: 77.8399 %Processing: 77.8899 %Processing: 77.9399 %Processing: 77.9898 %
after run_condor_job_Run3()
ROOT exit code = 0
