gSystem->Load("run_condor_job_Run3_C.so");
run_condor_job_Run3(454, 100,3, 0,
                    80, 200,
                    1, 1, 0, 4);
.q

ENTERED run_condor_job_Run3()
JOBID = 454
---->>>> RUN 3
you chose data
file name = /data_CMS/cms/mnguyen/bJetAggRun3/PPRef2024/HardProbes/4/merged_HiForestMiniAOD_v2.root
input file: /data_CMS/cms/mnguyen/bJetAggRun3/PPRef2024/HardProbes/4/merged_HiForestMiniAOD_v2.root
Before Init() in Run condor() 
Opening ROOT file: [/data_CMS/cms/mnguyen/bJetAggRun3/PPRef2024/HardProbes/4/merged_HiForestMiniAOD_v2.root]
Collection name='TList', class='TList', size=2
 OBJ: TFriendElement	HiTree	
 OBJ: TFriendElement	HltTree	
After init of tree inside run condor()
n total = 100083400
  global job = 454  Job 54/100  events [54045036, 55045870)  total=100083400
Enterd make_templates() 
Opening ROOT file: [/data_CMS/cms/mnguyen/bJetAggRun3/PPRef2024/HardProbes/4/merged_HiForestMiniAOD_v2.root]
Collection name='TList', class='TList', size=2
 OBJ: TFriendElement	HiTree	
 OBJ: TFriendElement	HltTree	
Processing events [54045036, 55045870) of 100083400
Processing: 54.005 %Processing: 54.0549 %Processing: 54.1049 %Processing: 54.1548 %Processing: 54.2048 %Processing: 54.2548 %Processing: 54.3047 %Processing: 54.3547 %Processing: 54.4046 %Processing: 54.4546 %Processing: 54.5045 %Processing: 54.5545 %Processing: 54.6045 %Processing: 54.6544 %Processing: 54.7044 %Processing: 54.7543 %Processing: 54.8043 %Processing: 54.8543 %Processing: 54.9042 %Processing: 54.9542 %
after run_condor_job_Run3()
ROOT exit code = 0
