gSystem->Load("run_condor_job_Run3_C.so");
run_condor_job_Run3(76, 100,3, 0,
                    80, 200,
                    1, 1, 0, 0);
.q

ENTERED run_condor_job_Run3()
JOBID = 76
---->>>> RUN 3
you chose data
file name = /data_CMS/cms/mnguyen/bJetAggRun3/PPRef2024/HardProbes/0/merged_HiForestMiniAOD_v2.root
input file: /data_CMS/cms/mnguyen/bJetAggRun3/PPRef2024/HardProbes/0/merged_HiForestMiniAOD_v2.root
Before Init() in Run condor() 
Opening ROOT file: [/data_CMS/cms/mnguyen/bJetAggRun3/PPRef2024/HardProbes/0/merged_HiForestMiniAOD_v2.root]
Collection name='TList', class='TList', size=2
 OBJ: TFriendElement	HiTree	
 OBJ: TFriendElement	HltTree	
After init of tree inside run condor()
n total = 100077150
  global job = 76  Job 76/100  events [76058672, 77059444)  total=100077150
Enterd make_templates() 
Opening ROOT file: [/data_CMS/cms/mnguyen/bJetAggRun3/PPRef2024/HardProbes/0/merged_HiForestMiniAOD_v2.root]
Collection name='TList', class='TList', size=2
 OBJ: TFriendElement	HiTree	
 OBJ: TFriendElement	HltTree	
Processing events [76058672, 77059444) of 100077150
Processing: 76.0413 %Processing: 76.0913 %Processing: 76.1413 %Processing: 76.1912 %Processing: 76.2412 %Processing: 76.2911 %Processing: 76.3411 %Processing: 76.3911 %Processing: 76.441 %Processing: 76.491 %Processing: 76.5409 %Processing: 76.5909 %Processing: 76.6409 %Processing: 76.6908 %Processing: 76.7408 %Processing: 76.7908 %Processing: 76.8407 %Processing: 76.8907 %Processing: 76.9406 %Processing: 76.9906 %
after run_condor_job_Run3()
ROOT exit code = 0
