gSystem->Load("run_condor_job_Run3_C.so");
run_condor_job_Run3(244, 100,3, 0,
                    80, 200,
                    1, 1, 0, 2);
.q

ENTERED run_condor_job_Run3()
JOBID = 244
---->>>> RUN 3
you chose data
file name = /data_CMS/cms/mnguyen/bJetAggRun3/PPRef2024/HardProbes/2/merged_HiForestMiniAOD_v2.root
input file: /data_CMS/cms/mnguyen/bJetAggRun3/PPRef2024/HardProbes/2/merged_HiForestMiniAOD_v2.root
Before Init() in Run condor() 
Opening ROOT file: [/data_CMS/cms/mnguyen/bJetAggRun3/PPRef2024/HardProbes/2/merged_HiForestMiniAOD_v2.root]
Collection name='TList', class='TList', size=2
 OBJ: TFriendElement	HiTree	
 OBJ: TFriendElement	HltTree	
After init of tree inside run condor()
n total = 99980719
  global job = 244  Job 44/100  events [43991552, 44991360)  total=99980719
Enterd make_templates() 
Opening ROOT file: [/data_CMS/cms/mnguyen/bJetAggRun3/PPRef2024/HardProbes/2/merged_HiForestMiniAOD_v2.root]
Collection name='TList', class='TList', size=2
 OBJ: TFriendElement	HiTree	
 OBJ: TFriendElement	HltTree	
Processing events [43991552, 44991360) of 99980719
Processing: 44.0085 %Processing: 44.0585 %Processing: 44.1085 %Processing: 44.1585 %Processing: 44.2085 %Processing: 44.2585 %Processing: 44.3085 %Processing: 44.3586 %Processing: 44.4086 %Processing: 44.4586 %Processing: 44.5086 %Processing: 44.5586 %Processing: 44.6086 %Processing: 44.6586 %Processing: 44.7086 %Processing: 44.7586 %Processing: 44.8086 %Processing: 44.8586 %Processing: 44.9087 %Processing: 44.9587 %
after run_condor_job_Run3()
ROOT exit code = 0
