gSystem->Load("run_condor_job_Run3_C.so");
run_condor_job_Run3(171, 100,3, 0,
                    80, 200,
                    1, 1, 0, 1);
.q

ENTERED run_condor_job_Run3()
JOBID = 171
---->>>> RUN 3
you chose data
file name = /data_CMS/cms/mnguyen/bJetAggRun3/PPRef2024/HardProbes/1/merged_HiForestMiniAOD_v2.root
input file: /data_CMS/cms/mnguyen/bJetAggRun3/PPRef2024/HardProbes/1/merged_HiForestMiniAOD_v2.root
Before Init() in Run condor() 
Opening ROOT file: [/data_CMS/cms/mnguyen/bJetAggRun3/PPRef2024/HardProbes/1/merged_HiForestMiniAOD_v2.root]
Collection name='TList', class='TList', size=2
 OBJ: TFriendElement	HiTree	
 OBJ: TFriendElement	HltTree	
After init of tree inside run condor()
n total = 100081056
  global job = 171  Job 71/100  events [71057581, 72058392)  total=100081056
Enterd make_templates() 
Opening ROOT file: [/data_CMS/cms/mnguyen/bJetAggRun3/PPRef2024/HardProbes/1/merged_HiForestMiniAOD_v2.root]
Collection name='TList', class='TList', size=2
 OBJ: TFriendElement	HiTree	
 OBJ: TFriendElement	HltTree	
Processing events [71057581, 72058392) of 100081056
Processing: 71.0424 %Processing: 71.0924 %Processing: 71.1423 %Processing: 71.1923 %Processing: 71.2423 %Processing: 71.2922 %Processing: 71.3422 %Processing: 71.3921 %Processing: 71.4421 %Processing: 71.4921 %Processing: 71.542 %Processing: 71.592 %Processing: 71.6419 %Processing: 71.6919 %Processing: 71.7418 %Processing: 71.7918 %Processing: 71.8418 %Processing: 71.8917 %Processing: 71.9417 %Processing: 71.9916 %
after run_condor_job_Run3()
ROOT exit code = 0
