gSystem->Load("run_condor_job_Run3_C.so");
run_condor_job_Run3(418, 100,3, 0,
                    80, 200,
                    1, 1, 0, 4);
.q

ENTERED run_condor_job_Run3()
JOBID = 418
---->>>> RUN 3
you chose data
file name = /data_CMS/cms/mnguyen/bJetAggRun3/PPRef2024/HardProbes/4/merged_HiForestMiniAOD_v2.root
input file: /data_CMS/cms/mnguyen/bJetAggRun3/PPRef2024/HardProbes/4/merged_HiForestMiniAOD_v2.root
Before Init() in Run condor() 
Opening ROOT file: [/data_CMS/cms/mnguyen/bJetAggRun3/PPRef2024/HardProbes/4/merged_HiForestMiniAOD_v2.root]
Collection name='TList', class='TList', size=2
 OBJ: TFriendElement	HiTree	
 OBJ: TFriendElement	HltTree	
After init of tree inside run condor()
n total = 100083400
  global job = 418  Job 18/100  events [18015012, 19015846)  total=100083400
Enterd make_templates() 
Opening ROOT file: [/data_CMS/cms/mnguyen/bJetAggRun3/PPRef2024/HardProbes/4/merged_HiForestMiniAOD_v2.root]
Collection name='TList', class='TList', size=2
 OBJ: TFriendElement	HiTree	
 OBJ: TFriendElement	HltTree	
Processing events [18015012, 19015846) of 100083400
Processing: 18.035 %Processing: 18.0849 %Processing: 18.1349 %Processing: 18.1848 %Processing: 18.2348 %Processing: 18.2848 %Processing: 18.3347 %Processing: 18.3847 %Processing: 18.4346 %Processing: 18.4846 %Processing: 18.5345 %Processing: 18.5845 %Processing: 18.6345 %Processing: 18.6844 %Processing: 18.7344 %Processing: 18.7843 %Processing: 18.8343 %Processing: 18.8843 %Processing: 18.9342 %Processing: 18.9842 %
after run_condor_job_Run3()
ROOT exit code = 0
