gSystem->Load("run_condor_job_Run3_C.so");
run_condor_job_Run3(434, 100,3, 0,
                    80, 200,
                    1, 1, 0, 4);
.q

ENTERED run_condor_job_Run3()
JOBID = 434
---->>>> RUN 3
you chose data
file name = /data_CMS/cms/mnguyen/bJetAggRun3/PPRef2024/HardProbes/4/merged_HiForestMiniAOD_v2.root
input file: /data_CMS/cms/mnguyen/bJetAggRun3/PPRef2024/HardProbes/4/merged_HiForestMiniAOD_v2.root
Before Init() in Run condor() 
Opening ROOT file: [/data_CMS/cms/mnguyen/bJetAggRun3/PPRef2024/HardProbes/4/merged_HiForestMiniAOD_v2.root]
Collection name='TList', class='TList', size=2
 OBJ: TFriendElement	HiTree	
 OBJ: TFriendElement	HltTree	
After init of tree inside run condor()
n total = 100083400
  global job = 434  Job 34/100  events [34028356, 35029190)  total=100083400
Enterd make_templates() 
Opening ROOT file: [/data_CMS/cms/mnguyen/bJetAggRun3/PPRef2024/HardProbes/4/merged_HiForestMiniAOD_v2.root]
Collection name='TList', class='TList', size=2
 OBJ: TFriendElement	HiTree	
 OBJ: TFriendElement	HltTree	
Processing events [34028356, 35029190) of 100083400
Processing: 34.0216 %Processing: 34.0716 %Processing: 34.1215 %Processing: 34.1715 %Processing: 34.2215 %Processing: 34.2714 %Processing: 34.3214 %Processing: 34.3713 %Processing: 34.4213 %Processing: 34.4713 %Processing: 34.5212 %Processing: 34.5712 %Processing: 34.6211 %Processing: 34.6711 %Processing: 34.721 %Processing: 34.771 %Processing: 34.821 %Processing: 34.8709 %Processing: 34.9209 %Processing: 34.9708 %
after run_condor_job_Run3()
ROOT exit code = 0
