gSystem->Load("run_condor_job_Run3_C.so");
run_condor_job_Run3(149, 100,3, 0,
                    80, 200,
                    1, 1, 0, 1);
.q

ENTERED run_condor_job_Run3()
JOBID = 149
---->>>> RUN 3
you chose data
file name = /data_CMS/cms/mnguyen/bJetAggRun3/PPRef2024/HardProbes/1/merged_HiForestMiniAOD_v2.root
input file: /data_CMS/cms/mnguyen/bJetAggRun3/PPRef2024/HardProbes/1/merged_HiForestMiniAOD_v2.root
Before Init() in Run condor() 
Opening ROOT file: [/data_CMS/cms/mnguyen/bJetAggRun3/PPRef2024/HardProbes/1/merged_HiForestMiniAOD_v2.root]
Collection name='TList', class='TList', size=2
 OBJ: TFriendElement	HiTree	
 OBJ: TFriendElement	HltTree	
After init of tree inside run condor()
n total = 100081056
  global job = 149  Job 49/100  events [49039739, 50040550)  total=100081056
Enterd make_templates() 
Opening ROOT file: [/data_CMS/cms/mnguyen/bJetAggRun3/PPRef2024/HardProbes/1/merged_HiForestMiniAOD_v2.root]
Collection name='TList', class='TList', size=2
 OBJ: TFriendElement	HiTree	
 OBJ: TFriendElement	HltTree	
Processing events [49039739, 50040550) of 100081056
Processing: 49.0103 %Processing: 49.0602 %Processing: 49.1102 %Processing: 49.1602 %Processing: 49.2101 %Processing: 49.2601 %Processing: 49.31 %Processing: 49.36 %Processing: 49.41 %Processing: 49.4599 %Processing: 49.5099 %Processing: 49.5598 %Processing: 49.6098 %Processing: 49.6597 %Processing: 49.7097 %Processing: 49.7597 %Processing: 49.8096 %Processing: 49.8596 %Processing: 49.9095 %Processing: 49.9595 %
after run_condor_job_Run3()
ROOT exit code = 0
