gSystem->Load("run_condor_job_Run3_C.so");
run_condor_job_Run3(113, 100,3, 0,
                    80, 200,
                    1, 1, 0, 1);
.q

ENTERED run_condor_job_Run3()
JOBID = 113
---->>>> RUN 3
you chose data
file name = /data_CMS/cms/mnguyen/bJetAggRun3/PPRef2024/HardProbes/1/merged_HiForestMiniAOD_v2.root
input file: /data_CMS/cms/mnguyen/bJetAggRun3/PPRef2024/HardProbes/1/merged_HiForestMiniAOD_v2.root
Before Init() in Run condor() 
Opening ROOT file: [/data_CMS/cms/mnguyen/bJetAggRun3/PPRef2024/HardProbes/1/merged_HiForestMiniAOD_v2.root]
Collection name='TList', class='TList', size=2
 OBJ: TFriendElement	HiTree	
 OBJ: TFriendElement	HltTree	
After init of tree inside run condor()
n total = 100081056
  global job = 113  Job 13/100  events [13010543, 14011354)  total=100081056
Enterd make_templates() 
Opening ROOT file: [/data_CMS/cms/mnguyen/bJetAggRun3/PPRef2024/HardProbes/1/merged_HiForestMiniAOD_v2.root]
Collection name='TList', class='TList', size=2
 OBJ: TFriendElement	HiTree	
 OBJ: TFriendElement	HltTree	
Processing events [13010543, 14011354) of 100081056
Processing: 13.0394 %Processing: 13.0894 %Processing: 13.1393 %Processing: 13.1893 %Processing: 13.2393 %Processing: 13.2892 %Processing: 13.3392 %Processing: 13.3891 %Processing: 13.4391 %Processing: 13.4891 %Processing: 13.539 %Processing: 13.589 %Processing: 13.6389 %Processing: 13.6889 %Processing: 13.7389 %Processing: 13.7888 %Processing: 13.8388 %Processing: 13.8887 %Processing: 13.9387 %Processing: 13.9887 %
after run_condor_job_Run3()
ROOT exit code = 0
