gSystem->Load("run_condor_job_Run3_C.so");
run_condor_job_Run3(62, 100,3, 0,
                    80, 200,
                    1, 1, 0, 0);
.q

ENTERED run_condor_job_Run3()
JOBID = 62
---->>>> RUN 3
you chose data
file name = /data_CMS/cms/mnguyen/bJetAggRun3/PPRef2024/HardProbes/0/merged_HiForestMiniAOD_v2.root
input file: /data_CMS/cms/mnguyen/bJetAggRun3/PPRef2024/HardProbes/0/merged_HiForestMiniAOD_v2.root
Before Init() in Run condor() 
Opening ROOT file: [/data_CMS/cms/mnguyen/bJetAggRun3/PPRef2024/HardProbes/0/merged_HiForestMiniAOD_v2.root]
Collection name='TList', class='TList', size=2
 OBJ: TFriendElement	HiTree	
 OBJ: TFriendElement	HltTree	
After init of tree inside run condor()
n total = 100077150
  global job = 62  Job 62/100  events [62047864, 63048636)  total=100077150
Enterd make_templates() 
Opening ROOT file: [/data_CMS/cms/mnguyen/bJetAggRun3/PPRef2024/HardProbes/0/merged_HiForestMiniAOD_v2.root]
Collection name='TList', class='TList', size=2
 OBJ: TFriendElement	HiTree	
 OBJ: TFriendElement	HltTree	
Processing events [62047864, 63048636) of 100077150
Processing: 62.0022 %Processing: 62.0521 %Processing: 62.1021 %Processing: 62.152 %Processing: 62.202 %Processing: 62.252 %Processing: 62.3019 %Processing: 62.3519 %Processing: 62.4019 %Processing: 62.4518 %Processing: 62.5018 %Processing: 62.5517 %Processing: 62.6017 %Processing: 62.6517 %Processing: 62.7016 %Processing: 62.7516 %Processing: 62.8015 %Processing: 62.8515 %Processing: 62.9015 %Processing: 62.9514 %
after run_condor_job_Run3()
ROOT exit code = 0
