gSystem->Load("run_condor_job_Run3_C.so");
run_condor_job_Run3(118, 100,3, 0,
                    80, 200,
                    1, 1, 0, 1);
.q

ENTERED run_condor_job_Run3()
JOBID = 118
---->>>> RUN 3
you chose data
file name = /data_CMS/cms/mnguyen/bJetAggRun3/PPRef2024/HardProbes/1/merged_HiForestMiniAOD_v2.root
input file: /data_CMS/cms/mnguyen/bJetAggRun3/PPRef2024/HardProbes/1/merged_HiForestMiniAOD_v2.root
Before Init() in Run condor() 
Opening ROOT file: [/data_CMS/cms/mnguyen/bJetAggRun3/PPRef2024/HardProbes/1/merged_HiForestMiniAOD_v2.root]
Collection name='TList', class='TList', size=2
 OBJ: TFriendElement	HiTree	
 OBJ: TFriendElement	HltTree	
After init of tree inside run condor()
n total = 100081056
  global job = 118  Job 18/100  events [18014598, 19015409)  total=100081056
Enterd make_templates() 
Opening ROOT file: [/data_CMS/cms/mnguyen/bJetAggRun3/PPRef2024/HardProbes/1/merged_HiForestMiniAOD_v2.root]
Collection name='TList', class='TList', size=2
 OBJ: TFriendElement	HiTree	
 OBJ: TFriendElement	HltTree	
Processing events [18014598, 19015409) of 100081056
Processing: 18.0354 %Processing: 18.0853 %Processing: 18.1353 %Processing: 18.1853 %Processing: 18.2352 %Processing: 18.2852 %Processing: 18.3351 %Processing: 18.3851 %Processing: 18.4351 %Processing: 18.485 %Processing: 18.535 %Processing: 18.5849 %Processing: 18.6349 %Processing: 18.6849 %Processing: 18.7348 %Processing: 18.7848 %Processing: 18.8347 %Processing: 18.8847 %Processing: 18.9347 %Processing: 18.9846 %
after run_condor_job_Run3()
ROOT exit code = 0
