gSystem->Load("run_condor_job_Run3_C.so");
run_condor_job_Run3(59, 100,3, 0,
                    80, 200,
                    1, 1, 0, 0);
.q

ENTERED run_condor_job_Run3()
JOBID = 59
---->>>> RUN 3
you chose data
file name = /data_CMS/cms/mnguyen/bJetAggRun3/PPRef2024/HardProbes/0/merged_HiForestMiniAOD_v2.root
input file: /data_CMS/cms/mnguyen/bJetAggRun3/PPRef2024/HardProbes/0/merged_HiForestMiniAOD_v2.root
Before Init() in Run condor() 
Opening ROOT file: [/data_CMS/cms/mnguyen/bJetAggRun3/PPRef2024/HardProbes/0/merged_HiForestMiniAOD_v2.root]
Collection name='TList', class='TList', size=2
 OBJ: TFriendElement	HiTree	
 OBJ: TFriendElement	HltTree	
After init of tree inside run condor()
n total = 100077150
  global job = 59  Job 59/100  events [59045548, 60046320)  total=100077150
Enterd make_templates() 
Opening ROOT file: [/data_CMS/cms/mnguyen/bJetAggRun3/PPRef2024/HardProbes/0/merged_HiForestMiniAOD_v2.root]
Collection name='TList', class='TList', size=2
 OBJ: TFriendElement	HiTree	
 OBJ: TFriendElement	HltTree	
Processing events [59045548, 60046320) of 100077150
Processing: 59.0045 %Processing: 59.0544 %Processing: 59.1044 %Processing: 59.1544 %Processing: 59.2043 %Processing: 59.2543 %Processing: 59.3042 %Processing: 59.3542 %Processing: 59.4042 %Processing: 59.4541 %Processing: 59.5041 %Processing: 59.5541 %Processing: 59.604 %Processing: 59.654 %Processing: 59.7039 %Processing: 59.7539 %Processing: 59.8039 %Processing: 59.8538 %Processing: 59.9038 %Processing: 59.9537 %
after run_condor_job_Run3()
ROOT exit code = 0
