gSystem->Load("run_condor_job_Run3_C.so");
run_condor_job_Run3(232, 100,3, 0,
                    80, 200,
                    1, 1, 0, 2);
.q

ENTERED run_condor_job_Run3()
JOBID = 232
---->>>> RUN 3
you chose data
file name = /data_CMS/cms/mnguyen/bJetAggRun3/PPRef2024/HardProbes/2/merged_HiForestMiniAOD_v2.root
input file: /data_CMS/cms/mnguyen/bJetAggRun3/PPRef2024/HardProbes/2/merged_HiForestMiniAOD_v2.root
Before Init() in Run condor() 
Opening ROOT file: [/data_CMS/cms/mnguyen/bJetAggRun3/PPRef2024/HardProbes/2/merged_HiForestMiniAOD_v2.root]
Collection name='TList', class='TList', size=2
 OBJ: TFriendElement	HiTree	
 OBJ: TFriendElement	HltTree	
After init of tree inside run condor()
n total = 99980719
  global job = 232  Job 32/100  events [31993856, 32993664)  total=99980719
Enterd make_templates() 
Opening ROOT file: [/data_CMS/cms/mnguyen/bJetAggRun3/PPRef2024/HardProbes/2/merged_HiForestMiniAOD_v2.root]
Collection name='TList', class='TList', size=2
 OBJ: TFriendElement	HiTree	
 OBJ: TFriendElement	HltTree	
Processing events [31993856, 32993664) of 99980719
Processing: 32.0062 %Processing: 32.0562 %Processing: 32.1062 %Processing: 32.1562 %Processing: 32.2062 %Processing: 32.2562 %Processing: 32.3062 %Processing: 32.3562 %Processing: 32.4062 %Processing: 32.4563 %Processing: 32.5063 %Processing: 32.5563 %Processing: 32.6063 %Processing: 32.6563 %Processing: 32.7063 %Processing: 32.7563 %Processing: 32.8063 %Processing: 32.8563 %Processing: 32.9063 %Processing: 32.9564 %
after run_condor_job_Run3()
ROOT exit code = 0
