gSystem->Load("run_condor_job_Run3_C.so");
run_condor_job_Run3(223, 100,3, 0,
                    80, 200,
                    1, 1, 0, 2);
.q

ENTERED run_condor_job_Run3()
JOBID = 223
---->>>> RUN 3
you chose data
file name = /data_CMS/cms/mnguyen/bJetAggRun3/PPRef2024/HardProbes/2/merged_HiForestMiniAOD_v2.root
input file: /data_CMS/cms/mnguyen/bJetAggRun3/PPRef2024/HardProbes/2/merged_HiForestMiniAOD_v2.root
Before Init() in Run condor() 
Opening ROOT file: [/data_CMS/cms/mnguyen/bJetAggRun3/PPRef2024/HardProbes/2/merged_HiForestMiniAOD_v2.root]
Collection name='TList', class='TList', size=2
 OBJ: TFriendElement	HiTree	
 OBJ: TFriendElement	HltTree	
After init of tree inside run condor()
n total = 99980719
  global job = 223  Job 23/100  events [22995584, 23995392)  total=99980719
Enterd make_templates() 
Opening ROOT file: [/data_CMS/cms/mnguyen/bJetAggRun3/PPRef2024/HardProbes/2/merged_HiForestMiniAOD_v2.root]
Collection name='TList', class='TList', size=2
 OBJ: TFriendElement	HiTree	
 OBJ: TFriendElement	HltTree	
Processing events [22995584, 23995392) of 99980719
Processing: 23.0044 %Processing: 23.0544 %Processing: 23.1045 %Processing: 23.1545 %Processing: 23.2045 %Processing: 23.2545 %Processing: 23.3045 %Processing: 23.3545 %Processing: 23.4045 %Processing: 23.4545 %Processing: 23.5045 %Processing: 23.5545 %Processing: 23.6046 %Processing: 23.6546 %Processing: 23.7046 %Processing: 23.7546 %Processing: 23.8046 %Processing: 23.8546 %Processing: 23.9046 %Processing: 23.9546 %
after run_condor_job_Run3()
ROOT exit code = 0
