gSystem->Load("run_condor_job_Run3_C.so");
run_condor_job_Run3(367, 100,3, 0,
                    80, 200,
                    1, 1, 0, 3);
.q

ENTERED run_condor_job_Run3()
JOBID = 367
---->>>> RUN 3
you chose data
file name = /data_CMS/cms/mnguyen/bJetAggRun3/PPRef2024/HardProbes/3/merged_HiForestMiniAOD_v2.root
input file: /data_CMS/cms/mnguyen/bJetAggRun3/PPRef2024/HardProbes/3/merged_HiForestMiniAOD_v2.root
Before Init() in Run condor() 
Opening ROOT file: [/data_CMS/cms/mnguyen/bJetAggRun3/PPRef2024/HardProbes/3/merged_HiForestMiniAOD_v2.root]
Collection name='TList', class='TList', size=2
 OBJ: TFriendElement	HiTree	
 OBJ: TFriendElement	HltTree	
After init of tree inside run condor()
n total = 100067149
  global job = 367  Job 67/100  events [67045024, 68045696)  total=100067149
Enterd make_templates() 
Opening ROOT file: [/data_CMS/cms/mnguyen/bJetAggRun3/PPRef2024/HardProbes/3/merged_HiForestMiniAOD_v2.root]
Collection name='TList', class='TList', size=2
 OBJ: TFriendElement	HiTree	
 OBJ: TFriendElement	HltTree	
Processing events [67045024, 68045696) of 100067149
Processing: 67.005 %Processing: 67.055 %Processing: 67.1049 %Processing: 67.1549 %Processing: 67.2049 %Processing: 67.2548 %Processing: 67.3048 %Processing: 67.3548 %Processing: 67.4047 %Processing: 67.4547 %Processing: 67.5047 %Processing: 67.5546 %Processing: 67.6046 %Processing: 67.6546 %Processing: 67.7045 %Processing: 67.7545 %Processing: 67.8045 %Processing: 67.8544 %Processing: 67.9044 %Processing: 67.9544 %
after run_condor_job_Run3()
ROOT exit code = 0
