gSystem->Load("run_condor_job_Run3_C.so");
run_condor_job_Run3(694, 100,3, 2,
                    80, 200,
                    1, 1, 1, 6);
.q

ENTERED run_condor_job_Run3()
JOBID = 694
---->>>> RUN 3
Creating files for template fit for qcd sample
you chose qcd MC
input file: /data_CMS/cms/mnguyen/bJetAggRun3/PPRef2024/QCD/6/merged_HiForestMiniAOD_v2.root
Before Init() in Run condor() 
Opening ROOT file: [/data_CMS/cms/mnguyen/bJetAggRun3/PPRef2024/QCD/6/merged_HiForestMiniAOD_v2.root]
Collection name='TList', class='TList', size=2
 OBJ: TFriendElement	HiTree	
 OBJ: TFriendElement	HltTree	
After init of tree inside run condor()
n total = 5940000
  global job = 694  Job 94/100  events [5583600, 5643000)  total=5940000
Enterd make_templates() 
Opening ROOT file: [/data_CMS/cms/mnguyen/bJetAggRun3/PPRef2024/QCD/6/merged_HiForestMiniAOD_v2.root]
Collection name='TList', class='TList', size=2
 OBJ: TFriendElement	HiTree	
 OBJ: TFriendElement	HltTree	
Processing events [5583600, 5643000) of 5940000
Processing: 94.2761 %
after run_condor_job_Run3()
ROOT exit code = 0
