gSystem->Load("run_condor_job_Run3_C.so");
run_condor_job_Run3(327, 100,3, 0,
                    80, 200,
                    1, 1, 0, 3);
.q

ENTERED run_condor_job_Run3()
JOBID = 327
---->>>> RUN 3
you chose data
file name = /data_CMS/cms/mnguyen/bJetAggRun3/PPRef2024/HardProbes/3/merged_HiForestMiniAOD_v2.root
input file: /data_CMS/cms/mnguyen/bJetAggRun3/PPRef2024/HardProbes/3/merged_HiForestMiniAOD_v2.root
Before Init() in Run condor() 
Opening ROOT file: [/data_CMS/cms/mnguyen/bJetAggRun3/PPRef2024/HardProbes/3/merged_HiForestMiniAOD_v2.root]
Collection name='TList', class='TList', size=2
 OBJ: TFriendElement	HiTree	
 OBJ: TFriendElement	HltTree	
After init of tree inside run condor()
n total = 100067149
  global job = 327  Job 27/100  events [27018144, 28018816)  total=100067149
Enterd make_templates() 
Opening ROOT file: [/data_CMS/cms/mnguyen/bJetAggRun3/PPRef2024/HardProbes/3/merged_HiForestMiniAOD_v2.root]
Collection name='TList', class='TList', size=2
 OBJ: TFriendElement	HiTree	
 OBJ: TFriendElement	HltTree	
Processing events [27018144, 28018816) of 100067149
Processing: 27.0318 %Processing: 27.0818 %Processing: 27.1318 %Processing: 27.1817 %Processing: 27.2317 %Processing: 27.2817 %Processing: 27.3316 %Processing: 27.3816 %Processing: 27.4316 %Processing: 27.4815 %Processing: 27.5315 %Processing: 27.5815 %Processing: 27.6314 %Processing: 27.6814 %Processing: 27.7314 %Processing: 27.7813 %Processing: 27.8313 %Processing: 27.8813 %Processing: 27.9312 %Processing: 27.9812 %
after run_condor_job_Run3()
ROOT exit code = 0
