gSystem->Load("run_condor_job_Run3_C.so");
run_condor_job_Run3(133, 100,3, 0,
                    80, 200,
                    1, 1, 0, 1);
.q

ENTERED run_condor_job_Run3()
JOBID = 133
---->>>> RUN 3
you chose data
file name = /data_CMS/cms/mnguyen/bJetAggRun3/PPRef2024/HardProbes/1/merged_HiForestMiniAOD_v2.root
input file: /data_CMS/cms/mnguyen/bJetAggRun3/PPRef2024/HardProbes/1/merged_HiForestMiniAOD_v2.root
Before Init() in Run condor() 
Opening ROOT file: [/data_CMS/cms/mnguyen/bJetAggRun3/PPRef2024/HardProbes/1/merged_HiForestMiniAOD_v2.root]
Collection name='TList', class='TList', size=2
 OBJ: TFriendElement	HiTree	
 OBJ: TFriendElement	HltTree	
After init of tree inside run condor()
n total = 100081056
  global job = 133  Job 33/100  events [33026763, 34027574)  total=100081056
Enterd make_templates() 
Opening ROOT file: [/data_CMS/cms/mnguyen/bJetAggRun3/PPRef2024/HardProbes/1/merged_HiForestMiniAOD_v2.root]
Collection name='TList', class='TList', size=2
 OBJ: TFriendElement	HiTree	
 OBJ: TFriendElement	HltTree	
Processing events [33026763, 34027574) of 100081056
Processing: 33.0232 %Processing: 33.0732 %Processing: 33.1232 %Processing: 33.1731 %Processing: 33.2231 %Processing: 33.273 %Processing: 33.323 %Processing: 33.3729 %Processing: 33.4229 %Processing: 33.4729 %Processing: 33.5228 %Processing: 33.5728 %Processing: 33.6227 %Processing: 33.6727 %Processing: 33.7227 %Processing: 33.7726 %Processing: 33.8226 %Processing: 33.8725 %Processing: 33.9225 %Processing: 33.9725 %
after run_condor_job_Run3()
ROOT exit code = 0
