gSystem->Load("run_condor_job_Run3_C.so");
run_condor_job_Run3(101, 100,3, 0,
                    80, 200,
                    1, 1, 0, 1);
.q

ENTERED run_condor_job_Run3()
JOBID = 101
---->>>> RUN 3
you chose data
file name = /data_CMS/cms/mnguyen/bJetAggRun3/PPRef2024/HardProbes/1/merged_HiForestMiniAOD_v2.root
input file: /data_CMS/cms/mnguyen/bJetAggRun3/PPRef2024/HardProbes/1/merged_HiForestMiniAOD_v2.root
Before Init() in Run condor() 
Opening ROOT file: [/data_CMS/cms/mnguyen/bJetAggRun3/PPRef2024/HardProbes/1/merged_HiForestMiniAOD_v2.root]
Collection name='TList', class='TList', size=2
 OBJ: TFriendElement	HiTree	
 OBJ: TFriendElement	HltTree	
After init of tree inside run condor()
n total = 100081056
  global job = 101  Job 1/100  events [1000811, 2001622)  total=100081056
Enterd make_templates() 
Opening ROOT file: [/data_CMS/cms/mnguyen/bJetAggRun3/PPRef2024/HardProbes/1/merged_HiForestMiniAOD_v2.root]
Collection name='TList', class='TList', size=2
 OBJ: TFriendElement	HiTree	
 OBJ: TFriendElement	HltTree	
Processing events [1000811, 2001622) of 100081056
Processing: 1.04915 %Processing: 1.09911 %Processing: 1.14907 %Processing: 1.19903 %Processing: 1.24899 %Processing: 1.29895 %Processing: 1.34891 %Processing: 1.39887 %Processing: 1.44883 %Processing: 1.49879 %Processing: 1.54874 %Processing: 1.5987 %Processing: 1.64866 %Processing: 1.69862 %Processing: 1.74858 %Processing: 1.79854 %Processing: 1.8485 %Processing: 1.89846 %Processing: 1.94842 %Processing: 1.99838 %
after run_condor_job_Run3()
ROOT exit code = 0
