gSystem->Load("run_condor_job_Run3_C.so");
run_condor_job_Run3(256, 100,3, 0,
                    80, 200,
                    1, 1, 0, 2);
.q

ENTERED run_condor_job_Run3()
JOBID = 256
---->>>> RUN 3
you chose data
file name = /data_CMS/cms/mnguyen/bJetAggRun3/PPRef2024/HardProbes/2/merged_HiForestMiniAOD_v2.root
input file: /data_CMS/cms/mnguyen/bJetAggRun3/PPRef2024/HardProbes/2/merged_HiForestMiniAOD_v2.root
Before Init() in Run condor() 
Opening ROOT file: [/data_CMS/cms/mnguyen/bJetAggRun3/PPRef2024/HardProbes/2/merged_HiForestMiniAOD_v2.root]
Collection name='TList', class='TList', size=2
 OBJ: TFriendElement	HiTree	
 OBJ: TFriendElement	HltTree	
After init of tree inside run condor()
n total = 99980719
  global job = 256  Job 56/100  events [55989248, 56989056)  total=99980719
Enterd make_templates() 
Opening ROOT file: [/data_CMS/cms/mnguyen/bJetAggRun3/PPRef2024/HardProbes/2/merged_HiForestMiniAOD_v2.root]
Collection name='TList', class='TList', size=2
 OBJ: TFriendElement	HiTree	
 OBJ: TFriendElement	HltTree	
Processing events [55989248, 56989056) of 99980719
Processing: 56.0108 %Processing: 56.0608 %Processing: 56.1108 %Processing: 56.1608 %Processing: 56.2108 %Processing: 56.2608 %Processing: 56.3109 %Processing: 56.3609 %Processing: 56.4109 %Processing: 56.4609 %Processing: 56.5109 %Processing: 56.5609 %Processing: 56.6109 %Processing: 56.6609 %Processing: 56.7109 %Processing: 56.7609 %Processing: 56.811 %Processing: 56.861 %Processing: 56.911 %Processing: 56.961 %
after run_condor_job_Run3()
ROOT exit code = 0
