gSystem->Load("run_condor_job_Run3_C.so");
run_condor_job_Run3(17, 100,3, 0,
                    80, 200,
                    1, 1, 0, 0);
.q

ENTERED run_condor_job_Run3()
JOBID = 17
---->>>> RUN 3
you chose data
file name = /data_CMS/cms/mnguyen/bJetAggRun3/PPRef2024/HardProbes/0/merged_HiForestMiniAOD_v2.root
input file: /data_CMS/cms/mnguyen/bJetAggRun3/PPRef2024/HardProbes/0/merged_HiForestMiniAOD_v2.root
Before Init() in Run condor() 
Opening ROOT file: [/data_CMS/cms/mnguyen/bJetAggRun3/PPRef2024/HardProbes/0/merged_HiForestMiniAOD_v2.root]
Collection name='TList', class='TList', size=2
 OBJ: TFriendElement	HiTree	
 OBJ: TFriendElement	HltTree	
After init of tree inside run condor()
n total = 100077150
  global job = 17  Job 17/100  events [17013124, 18013896)  total=100077150
Enterd make_templates() 
Opening ROOT file: [/data_CMS/cms/mnguyen/bJetAggRun3/PPRef2024/HardProbes/0/merged_HiForestMiniAOD_v2.root]
Collection name='TList', class='TList', size=2
 OBJ: TFriendElement	HiTree	
 OBJ: TFriendElement	HltTree	
Processing events [17013124, 18013896) of 100077150
Processing: 17.0369 %Processing: 17.0868 %Processing: 17.1368 %Processing: 17.1867 %Processing: 17.2367 %Processing: 17.2867 %Processing: 17.3366 %Processing: 17.3866 %Processing: 17.4365 %Processing: 17.4865 %Processing: 17.5365 %Processing: 17.5864 %Processing: 17.6364 %Processing: 17.6864 %Processing: 17.7363 %Processing: 17.7863 %Processing: 17.8362 %Processing: 17.8862 %Processing: 17.9362 %Processing: 17.9861 %
after run_condor_job_Run3()
ROOT exit code = 0
