gSystem->Load("run_condor_job_Run3_C.so");
run_condor_job_Run3(123, 100,3, 0,
                    80, 200,
                    1, 1, 0, 1);
.q

ENTERED run_condor_job_Run3()
JOBID = 123
---->>>> RUN 3
you chose data
file name = /data_CMS/cms/mnguyen/bJetAggRun3/PPRef2024/HardProbes/1/merged_HiForestMiniAOD_v2.root
input file: /data_CMS/cms/mnguyen/bJetAggRun3/PPRef2024/HardProbes/1/merged_HiForestMiniAOD_v2.root
Before Init() in Run condor() 
Opening ROOT file: [/data_CMS/cms/mnguyen/bJetAggRun3/PPRef2024/HardProbes/1/merged_HiForestMiniAOD_v2.root]
Collection name='TList', class='TList', size=2
 OBJ: TFriendElement	HiTree	
 OBJ: TFriendElement	HltTree	
After init of tree inside run condor()
n total = 100081056
  global job = 123  Job 23/100  events [23018653, 24019464)  total=100081056
Enterd make_templates() 
Opening ROOT file: [/data_CMS/cms/mnguyen/bJetAggRun3/PPRef2024/HardProbes/1/merged_HiForestMiniAOD_v2.root]
Collection name='TList', class='TList', size=2
 OBJ: TFriendElement	HiTree	
 OBJ: TFriendElement	HltTree	
Processing events [23018653, 24019464) of 100081056
Processing: 23.0313 %Processing: 23.0813 %Processing: 23.1313 %Processing: 23.1812 %Processing: 23.2312 %Processing: 23.2811 %Processing: 23.3311 %Processing: 23.381 %Processing: 23.431 %Processing: 23.481 %Processing: 23.5309 %Processing: 23.5809 %Processing: 23.6308 %Processing: 23.6808 %Processing: 23.7308 %Processing: 23.7807 %Processing: 23.8307 %Processing: 23.8806 %Processing: 23.9306 %Processing: 23.9806 %
after run_condor_job_Run3()
ROOT exit code = 0
