gSystem->Load("run_condor_job_Run3_C.so");
run_condor_job_Run3(170, 100,3, 0,
                    80, 200,
                    1, 1, 0, 1);
.q

ENTERED run_condor_job_Run3()
JOBID = 170
---->>>> RUN 3
you chose data
file name = /data_CMS/cms/mnguyen/bJetAggRun3/PPRef2024/HardProbes/1/merged_HiForestMiniAOD_v2.root
input file: /data_CMS/cms/mnguyen/bJetAggRun3/PPRef2024/HardProbes/1/merged_HiForestMiniAOD_v2.root
Before Init() in Run condor() 
Opening ROOT file: [/data_CMS/cms/mnguyen/bJetAggRun3/PPRef2024/HardProbes/1/merged_HiForestMiniAOD_v2.root]
Collection name='TList', class='TList', size=2
 OBJ: TFriendElement	HiTree	
 OBJ: TFriendElement	HltTree	
After init of tree inside run condor()
n total = 100081056
  global job = 170  Job 70/100  events [70056770, 71057581)  total=100081056
Enterd make_templates() 
Opening ROOT file: [/data_CMS/cms/mnguyen/bJetAggRun3/PPRef2024/HardProbes/1/merged_HiForestMiniAOD_v2.root]
Collection name='TList', class='TList', size=2
 OBJ: TFriendElement	HiTree	
 OBJ: TFriendElement	HltTree	
Processing events [70056770, 71057581) of 100081056
Processing: 70.0432 %Processing: 70.0932 %Processing: 70.1431 %Processing: 70.1931 %Processing: 70.2431 %Processing: 70.293 %Processing: 70.343 %Processing: 70.3929 %Processing: 70.4429 %Processing: 70.4929 %Processing: 70.5428 %Processing: 70.5928 %Processing: 70.6427 %Processing: 70.6927 %Processing: 70.7427 %Processing: 70.7926 %Processing: 70.8426 %Processing: 70.8925 %Processing: 70.9425 %Processing: 70.9925 %
after run_condor_job_Run3()
ROOT exit code = 0
