gSystem->Load("run_condor_job_Run3_C.so");
run_condor_job_Run3(94, 100,3, 0,
                    80, 200,
                    1, 1, 0, 0);
.q

ENTERED run_condor_job_Run3()
JOBID = 94
---->>>> RUN 3
you chose data
file name = /data_CMS/cms/mnguyen/bJetAggRun3/PPRef2024/HardProbes/0/merged_HiForestMiniAOD_v2.root
input file: /data_CMS/cms/mnguyen/bJetAggRun3/PPRef2024/HardProbes/0/merged_HiForestMiniAOD_v2.root
Before Init() in Run condor() 
Opening ROOT file: [/data_CMS/cms/mnguyen/bJetAggRun3/PPRef2024/HardProbes/0/merged_HiForestMiniAOD_v2.root]
Collection name='TList', class='TList', size=2
 OBJ: TFriendElement	HiTree	
 OBJ: TFriendElement	HltTree	
After init of tree inside run condor()
n total = 100077150
  global job = 94  Job 94/100  events [94072568, 95073340)  total=100077150
Enterd make_templates() 
Opening ROOT file: [/data_CMS/cms/mnguyen/bJetAggRun3/PPRef2024/HardProbes/0/merged_HiForestMiniAOD_v2.root]
Collection name='TList', class='TList', size=2
 OBJ: TFriendElement	HiTree	
 OBJ: TFriendElement	HltTree	
Processing events [94072568, 95073340) of 100077150
Processing: 94.0275 %Processing: 94.0774 %Processing: 94.1274 %Processing: 94.1773 %Processing: 94.2273 %Processing: 94.2773 %Processing: 94.3272 %Processing: 94.3772 %Processing: 94.4271 %Processing: 94.4771 %Processing: 94.5271 %Processing: 94.577 %Processing: 94.627 %Processing: 94.677 %Processing: 94.7269 %Processing: 94.7769 %Processing: 94.8268 %Processing: 94.8768 %Processing: 94.9268 %Processing: 94.9767 %
after run_condor_job_Run3()
ROOT exit code = 0
