gSystem->Load("run_condor_job_Run3_C.so");
run_condor_job_Run3(56, 100,3, 0,
                    80, 200,
                    1, 1, 0, 0);
.q

ENTERED run_condor_job_Run3()
JOBID = 56
---->>>> RUN 3
you chose data
file name = /data_CMS/cms/mnguyen/bJetAggRun3/PPRef2024/HardProbes/0/merged_HiForestMiniAOD_v2.root
input file: /data_CMS/cms/mnguyen/bJetAggRun3/PPRef2024/HardProbes/0/merged_HiForestMiniAOD_v2.root
Before Init() in Run condor() 
Opening ROOT file: [/data_CMS/cms/mnguyen/bJetAggRun3/PPRef2024/HardProbes/0/merged_HiForestMiniAOD_v2.root]
Collection name='TList', class='TList', size=2
 OBJ: TFriendElement	HiTree	
 OBJ: TFriendElement	HltTree	
After init of tree inside run condor()
n total = 100077150
  global job = 56  Job 56/100  events [56043232, 57044004)  total=100077150
Enterd make_templates() 
Opening ROOT file: [/data_CMS/cms/mnguyen/bJetAggRun3/PPRef2024/HardProbes/0/merged_HiForestMiniAOD_v2.root]
Collection name='TList', class='TList', size=2
 OBJ: TFriendElement	HiTree	
 OBJ: TFriendElement	HltTree	
Processing events [56043232, 57044004) of 100077150
Processing: 56.0068 %Processing: 56.0568 %Processing: 56.1067 %Processing: 56.1567 %Processing: 56.2066 %Processing: 56.2566 %Processing: 56.3066 %Processing: 56.3565 %Processing: 56.4065 %Processing: 56.4564 %Processing: 56.5064 %Processing: 56.5564 %Processing: 56.6063 %Processing: 56.6563 %Processing: 56.7063 %Processing: 56.7562 %Processing: 56.8062 %Processing: 56.8561 %Processing: 56.9061 %Processing: 56.9561 %
after run_condor_job_Run3()
ROOT exit code = 0
