gSystem->Load("run_condor_job_Run3_C.so");
run_condor_job_Run3(116, 100,3, 0,
                    80, 200,
                    1, 1, 0, 1);
.q

ENTERED run_condor_job_Run3()
JOBID = 116
---->>>> RUN 3
you chose data
file name = /data_CMS/cms/mnguyen/bJetAggRun3/PPRef2024/HardProbes/1/merged_HiForestMiniAOD_v2.root
input file: /data_CMS/cms/mnguyen/bJetAggRun3/PPRef2024/HardProbes/1/merged_HiForestMiniAOD_v2.root
Before Init() in Run condor() 
Opening ROOT file: [/data_CMS/cms/mnguyen/bJetAggRun3/PPRef2024/HardProbes/1/merged_HiForestMiniAOD_v2.root]
Collection name='TList', class='TList', size=2
 OBJ: TFriendElement	HiTree	
 OBJ: TFriendElement	HltTree	
After init of tree inside run condor()
n total = 100081056
  global job = 116  Job 16/100  events [16012976, 17013787)  total=100081056
Enterd make_templates() 
Opening ROOT file: [/data_CMS/cms/mnguyen/bJetAggRun3/PPRef2024/HardProbes/1/merged_HiForestMiniAOD_v2.root]
Collection name='TList', class='TList', size=2
 OBJ: TFriendElement	HiTree	
 OBJ: TFriendElement	HltTree	
Processing events [16012976, 17013787) of 100081056
Processing: 16.037 %Processing: 16.087 %Processing: 16.1369 %Processing: 16.1869 %Processing: 16.2368 %Processing: 16.2868 %Processing: 16.3368 %Processing: 16.3867 %Processing: 16.4367 %Processing: 16.4866 %Processing: 16.5366 %Processing: 16.5866 %Processing: 16.6365 %Processing: 16.6865 %Processing: 16.7364 %Processing: 16.7864 %Processing: 16.8364 %Processing: 16.8863 %Processing: 16.9363 %Processing: 16.9862 %
after run_condor_job_Run3()
ROOT exit code = 0
