gSystem->Load("run_condor_job_Run3_C.so");
run_condor_job_Run3(311, 100,3, 0,
                    80, 200,
                    1, 1, 0, 3);
.q

ENTERED run_condor_job_Run3()
JOBID = 311
---->>>> RUN 3
you chose data
file name = /data_CMS/cms/mnguyen/bJetAggRun3/PPRef2024/HardProbes/3/merged_HiForestMiniAOD_v2.root
input file: /data_CMS/cms/mnguyen/bJetAggRun3/PPRef2024/HardProbes/3/merged_HiForestMiniAOD_v2.root
Before Init() in Run condor() 
Opening ROOT file: [/data_CMS/cms/mnguyen/bJetAggRun3/PPRef2024/HardProbes/3/merged_HiForestMiniAOD_v2.root]
Collection name='TList', class='TList', size=2
 OBJ: TFriendElement	HiTree	
 OBJ: TFriendElement	HltTree	
After init of tree inside run condor()
n total = 100067149
  global job = 311  Job 11/100  events [11007392, 12008064)  total=100067149
Enterd make_templates() 
Opening ROOT file: [/data_CMS/cms/mnguyen/bJetAggRun3/PPRef2024/HardProbes/3/merged_HiForestMiniAOD_v2.root]
Collection name='TList', class='TList', size=2
 OBJ: TFriendElement	HiTree	
 OBJ: TFriendElement	HltTree	
Processing events [11007392, 12008064) of 100067149
Processing: 11.0426 %Processing: 11.0926 %Processing: 11.1425 %Processing: 11.1925 %Processing: 11.2425 %Processing: 11.2924 %Processing: 11.3424 %Processing: 11.3924 %Processing: 11.4423 %Processing: 11.4923 %Processing: 11.5422 %Processing: 11.5922 %Processing: 11.6422 %Processing: 11.6921 %Processing: 11.7421 %Processing: 11.7921 %Processing: 11.842 %Processing: 11.892 %Processing: 11.942 %Processing: 11.9919 %
after run_condor_job_Run3()
ROOT exit code = 0
