gSystem->Load("run_condor_job_Run3_C.so");
run_condor_job_Run3(351, 100,3, 0,
                    80, 200,
                    1, 1, 0, 3);
.q

ENTERED run_condor_job_Run3()
JOBID = 351
---->>>> RUN 3
you chose data
file name = /data_CMS/cms/mnguyen/bJetAggRun3/PPRef2024/HardProbes/3/merged_HiForestMiniAOD_v2.root
input file: /data_CMS/cms/mnguyen/bJetAggRun3/PPRef2024/HardProbes/3/merged_HiForestMiniAOD_v2.root
Before Init() in Run condor() 
Opening ROOT file: [/data_CMS/cms/mnguyen/bJetAggRun3/PPRef2024/HardProbes/3/merged_HiForestMiniAOD_v2.root]
Collection name='TList', class='TList', size=2
 OBJ: TFriendElement	HiTree	
 OBJ: TFriendElement	HltTree	
After init of tree inside run condor()
n total = 100067149
  global job = 351  Job 51/100  events [51034272, 52034944)  total=100067149
Enterd make_templates() 
Opening ROOT file: [/data_CMS/cms/mnguyen/bJetAggRun3/PPRef2024/HardProbes/3/merged_HiForestMiniAOD_v2.root]
Collection name='TList', class='TList', size=2
 OBJ: TFriendElement	HiTree	
 OBJ: TFriendElement	HltTree	
Processing events [51034272, 52034944) of 100067149
Processing: 51.0157 %Processing: 51.0657 %Processing: 51.1157 %Processing: 51.1656 %Processing: 51.2156 %Processing: 51.2656 %Processing: 51.3155 %Processing: 51.3655 %Processing: 51.4155 %Processing: 51.4654 %Processing: 51.5154 %Processing: 51.5654 %Processing: 51.6153 %Processing: 51.6653 %Processing: 51.7153 %Processing: 51.7652 %Processing: 51.8152 %Processing: 51.8652 %Processing: 51.9151 %Processing: 51.9651 %
after run_condor_job_Run3()
ROOT exit code = 0
