gSystem->Load("run_condor_job_Run3_C.so");
run_condor_job_Run3(13, 100,3, 0,
                    80, 200,
                    1, 1, 0, 0);
.q

ENTERED run_condor_job_Run3()
JOBID = 13
---->>>> RUN 3
you chose data
file name = /data_CMS/cms/mnguyen/bJetAggRun3/PPRef2024/HardProbes/0/merged_HiForestMiniAOD_v2.root
input file: /data_CMS/cms/mnguyen/bJetAggRun3/PPRef2024/HardProbes/0/merged_HiForestMiniAOD_v2.root
Before Init() in Run condor() 
Opening ROOT file: [/data_CMS/cms/mnguyen/bJetAggRun3/PPRef2024/HardProbes/0/merged_HiForestMiniAOD_v2.root]
Collection name='TList', class='TList', size=2
 OBJ: TFriendElement	HiTree	
 OBJ: TFriendElement	HltTree	
After init of tree inside run condor()
n total = 100077150
  global job = 13  Job 13/100  events [13010036, 14010808)  total=100077150
Enterd make_templates() 
Opening ROOT file: [/data_CMS/cms/mnguyen/bJetAggRun3/PPRef2024/HardProbes/0/merged_HiForestMiniAOD_v2.root]
Collection name='TList', class='TList', size=2
 OBJ: TFriendElement	HiTree	
 OBJ: TFriendElement	HltTree	
Processing events [13010036, 14010808) of 100077150
Processing: 13.0399 %Processing: 13.0899 %Processing: 13.1399 %Processing: 13.1898 %Processing: 13.2398 %Processing: 13.2897 %Processing: 13.3397 %Processing: 13.3897 %Processing: 13.4396 %Processing: 13.4896 %Processing: 13.5396 %Processing: 13.5895 %Processing: 13.6395 %Processing: 13.6894 %Processing: 13.7394 %Processing: 13.7894 %Processing: 13.8393 %Processing: 13.8893 %Processing: 13.9392 %Processing: 13.9892 %
after run_condor_job_Run3()
ROOT exit code = 0
