gSystem->Load("run_condor_job_Run3_C.so");
run_condor_job_Run3(293, 100,3, 0,
                    80, 200,
                    1, 1, 0, 2);
.q

ENTERED run_condor_job_Run3()
JOBID = 293
---->>>> RUN 3
you chose data
file name = /data_CMS/cms/mnguyen/bJetAggRun3/PPRef2024/HardProbes/2/merged_HiForestMiniAOD_v2.root
input file: /data_CMS/cms/mnguyen/bJetAggRun3/PPRef2024/HardProbes/2/merged_HiForestMiniAOD_v2.root
Before Init() in Run condor() 
Opening ROOT file: [/data_CMS/cms/mnguyen/bJetAggRun3/PPRef2024/HardProbes/2/merged_HiForestMiniAOD_v2.root]
Collection name='TList', class='TList', size=2
 OBJ: TFriendElement	HiTree	
 OBJ: TFriendElement	HltTree	
After init of tree inside run condor()
n total = 99980719
  global job = 293  Job 93/100  events [92982144, 93981952)  total=99980719
Enterd make_templates() 
Opening ROOT file: [/data_CMS/cms/mnguyen/bJetAggRun3/PPRef2024/HardProbes/2/merged_HiForestMiniAOD_v2.root]
Collection name='TList', class='TList', size=2
 OBJ: TFriendElement	HiTree	
 OBJ: TFriendElement	HltTree	
Processing events [92982144, 93981952) of 99980719
Processing: 93.0179 %Processing: 93.0679 %Processing: 93.118 %Processing: 93.168 %Processing: 93.218 %Processing: 93.268 %Processing: 93.318 %Processing: 93.368 %Processing: 93.418 %Processing: 93.468 %Processing: 93.518 %Processing: 93.568 %Processing: 93.6181 %Processing: 93.6681 %Processing: 93.7181 %Processing: 93.7681 %Processing: 93.8181 %Processing: 93.8681 %Processing: 93.9181 %Processing: 93.9681 %
after run_condor_job_Run3()
ROOT exit code = 0
