gSystem->Load("run_condor_job_Run3_C.so");
run_condor_job_Run3(397, 100,3, 0,
                    80, 200,
                    1, 1, 0, 3);
.q

ENTERED run_condor_job_Run3()
JOBID = 397
---->>>> RUN 3
you chose data
file name = /data_CMS/cms/mnguyen/bJetAggRun3/PPRef2024/HardProbes/3/merged_HiForestMiniAOD_v2.root
input file: /data_CMS/cms/mnguyen/bJetAggRun3/PPRef2024/HardProbes/3/merged_HiForestMiniAOD_v2.root
Before Init() in Run condor() 
Opening ROOT file: [/data_CMS/cms/mnguyen/bJetAggRun3/PPRef2024/HardProbes/3/merged_HiForestMiniAOD_v2.root]
Collection name='TList', class='TList', size=2
 OBJ: TFriendElement	HiTree	
 OBJ: TFriendElement	HltTree	
After init of tree inside run condor()
n total = 100067149
  global job = 397  Job 97/100  events [97065184, 98065856)  total=100067149
Enterd make_templates() 
Opening ROOT file: [/data_CMS/cms/mnguyen/bJetAggRun3/PPRef2024/HardProbes/3/merged_HiForestMiniAOD_v2.root]
Collection name='TList', class='TList', size=2
 OBJ: TFriendElement	HiTree	
 OBJ: TFriendElement	HltTree	
Processing events [97065184, 98065856) of 100067149
Processing: 97.0348 %Processing: 97.0848 %Processing: 97.1348 %Processing: 97.1847 %Processing: 97.2347 %Processing: 97.2847 %Processing: 97.3346 %Processing: 97.3846 %Processing: 97.4346 %Processing: 97.4845 %Processing: 97.5345 %Processing: 97.5845 %Processing: 97.6344 %Processing: 97.6844 %Processing: 97.7344 %Processing: 97.7843 %Processing: 97.8343 %Processing: 97.8843 %Processing: 97.9342 %Processing: 97.9842 %
after run_condor_job_Run3()
ROOT exit code = 0
