gSystem->Load("run_condor_job_Run3_C.so");
run_condor_job_Run3(195, 100,3, 0,
                    80, 200,
                    1, 1, 0, 1);
.q

ENTERED run_condor_job_Run3()
JOBID = 195
---->>>> RUN 3
you chose data
file name = /data_CMS/cms/mnguyen/bJetAggRun3/PPRef2024/HardProbes/1/merged_HiForestMiniAOD_v2.root
input file: /data_CMS/cms/mnguyen/bJetAggRun3/PPRef2024/HardProbes/1/merged_HiForestMiniAOD_v2.root
Before Init() in Run condor() 
Opening ROOT file: [/data_CMS/cms/mnguyen/bJetAggRun3/PPRef2024/HardProbes/1/merged_HiForestMiniAOD_v2.root]
Collection name='TList', class='TList', size=2
 OBJ: TFriendElement	HiTree	
 OBJ: TFriendElement	HltTree	
After init of tree inside run condor()
n total = 100081056
  global job = 195  Job 95/100  events [95077045, 96077856)  total=100081056
Enterd make_templates() 
Opening ROOT file: [/data_CMS/cms/mnguyen/bJetAggRun3/PPRef2024/HardProbes/1/merged_HiForestMiniAOD_v2.root]
Collection name='TList', class='TList', size=2
 OBJ: TFriendElement	HiTree	
 OBJ: TFriendElement	HltTree	
Processing events [95077045, 96077856) of 100081056
Processing: 95.023 %Processing: 95.0729 %Processing: 95.1229 %Processing: 95.1729 %Processing: 95.2228 %Processing: 95.2728 %Processing: 95.3227 %Processing: 95.3727 %Processing: 95.4227 %Processing: 95.4726 %Processing: 95.5226 %Processing: 95.5725 %Processing: 95.6225 %Processing: 95.6725 %Processing: 95.7224 %Processing: 95.7724 %Processing: 95.8223 %Processing: 95.8723 %Processing: 95.9222 %Processing: 95.9722 %
after run_condor_job_Run3()
ROOT exit code = 0
