gSystem->Load("run_condor_job_Run3_C.so");
run_condor_job_Run3(322, 100,3, 0,
                    80, 200,
                    1, 1, 0, 3);
.q

ENTERED run_condor_job_Run3()
JOBID = 322
---->>>> RUN 3
you chose data
file name = /data_CMS/cms/mnguyen/bJetAggRun3/PPRef2024/HardProbes/3/merged_HiForestMiniAOD_v2.root
input file: /data_CMS/cms/mnguyen/bJetAggRun3/PPRef2024/HardProbes/3/merged_HiForestMiniAOD_v2.root
Before Init() in Run condor() 
Opening ROOT file: [/data_CMS/cms/mnguyen/bJetAggRun3/PPRef2024/HardProbes/3/merged_HiForestMiniAOD_v2.root]
Collection name='TList', class='TList', size=2
 OBJ: TFriendElement	HiTree	
 OBJ: TFriendElement	HltTree	
After init of tree inside run condor()
n total = 100067149
  global job = 322  Job 22/100  events [22014784, 23015456)  total=100067149
Enterd make_templates() 
Opening ROOT file: [/data_CMS/cms/mnguyen/bJetAggRun3/PPRef2024/HardProbes/3/merged_HiForestMiniAOD_v2.root]
Collection name='TList', class='TList', size=2
 OBJ: TFriendElement	HiTree	
 OBJ: TFriendElement	HltTree	
Processing events [22014784, 23015456) of 100067149
Processing: 22.0352 %Processing: 22.0852 %Processing: 22.1351 %Processing: 22.1851 %Processing: 22.2351 %Processing: 22.285 %Processing: 22.335 %Processing: 22.385 %Processing: 22.4349 %Processing: 22.4849 %Processing: 22.5349 %Processing: 22.5848 %Processing: 22.6348 %Processing: 22.6848 %Processing: 22.7347 %Processing: 22.7847 %Processing: 22.8347 %Processing: 22.8846 %Processing: 22.9346 %Processing: 22.9846 %
after run_condor_job_Run3()
ROOT exit code = 0
