gSystem->Load("run_condor_job_Run3_C.so");
run_condor_job_Run3(373, 100,3, 0,
                    80, 200,
                    1, 1, 0, 3);
.q

ENTERED run_condor_job_Run3()
JOBID = 373
---->>>> RUN 3
you chose data
file name = /data_CMS/cms/mnguyen/bJetAggRun3/PPRef2024/HardProbes/3/merged_HiForestMiniAOD_v2.root
input file: /data_CMS/cms/mnguyen/bJetAggRun3/PPRef2024/HardProbes/3/merged_HiForestMiniAOD_v2.root
Before Init() in Run condor() 
Opening ROOT file: [/data_CMS/cms/mnguyen/bJetAggRun3/PPRef2024/HardProbes/3/merged_HiForestMiniAOD_v2.root]
Collection name='TList', class='TList', size=2
 OBJ: TFriendElement	HiTree	
 OBJ: TFriendElement	HltTree	
After init of tree inside run condor()
n total = 100067149
  global job = 373  Job 73/100  events [73049056, 74049728)  total=100067149
Enterd make_templates() 
Opening ROOT file: [/data_CMS/cms/mnguyen/bJetAggRun3/PPRef2024/HardProbes/3/merged_HiForestMiniAOD_v2.root]
Collection name='TList', class='TList', size=2
 OBJ: TFriendElement	HiTree	
 OBJ: TFriendElement	HltTree	
Processing events [73049056, 74049728) of 100067149
Processing: 73.001 %Processing: 73.0509 %Processing: 73.1009 %Processing: 73.1509 %Processing: 73.2008 %Processing: 73.2508 %Processing: 73.3008 %Processing: 73.3507 %Processing: 73.4007 %Processing: 73.4507 %Processing: 73.5006 %Processing: 73.5506 %Processing: 73.6006 %Processing: 73.6505 %Processing: 73.7005 %Processing: 73.7505 %Processing: 73.8004 %Processing: 73.8504 %Processing: 73.9004 %Processing: 73.9503 %
after run_condor_job_Run3()
ROOT exit code = 0
