gSystem->Load("run_condor_job_Run3_C.so");
run_condor_job_Run3(336, 100,3, 0,
                    80, 200,
                    1, 1, 0, 3);
.q

ENTERED run_condor_job_Run3()
JOBID = 336
---->>>> RUN 3
you chose data
file name = /data_CMS/cms/mnguyen/bJetAggRun3/PPRef2024/HardProbes/3/merged_HiForestMiniAOD_v2.root
input file: /data_CMS/cms/mnguyen/bJetAggRun3/PPRef2024/HardProbes/3/merged_HiForestMiniAOD_v2.root
Before Init() in Run condor() 
Opening ROOT file: [/data_CMS/cms/mnguyen/bJetAggRun3/PPRef2024/HardProbes/3/merged_HiForestMiniAOD_v2.root]
Collection name='TList', class='TList', size=2
 OBJ: TFriendElement	HiTree	
 OBJ: TFriendElement	HltTree	
After init of tree inside run condor()
n total = 100067149
  global job = 336  Job 36/100  events [36024192, 37024864)  total=100067149
Enterd make_templates() 
Opening ROOT file: [/data_CMS/cms/mnguyen/bJetAggRun3/PPRef2024/HardProbes/3/merged_HiForestMiniAOD_v2.root]
Collection name='TList', class='TList', size=2
 OBJ: TFriendElement	HiTree	
 OBJ: TFriendElement	HltTree	
Processing events [36024192, 37024864) of 100067149
Processing: 36.0258 %Processing: 36.0758 %Processing: 36.1257 %Processing: 36.1757 %Processing: 36.2257 %Processing: 36.2756 %Processing: 36.3256 %Processing: 36.3756 %Processing: 36.4255 %Processing: 36.4755 %Processing: 36.5255 %Processing: 36.5754 %Processing: 36.6254 %Processing: 36.6754 %Processing: 36.7253 %Processing: 36.7753 %Processing: 36.8253 %Processing: 36.8752 %Processing: 36.9252 %Processing: 36.9752 %
after run_condor_job_Run3()
ROOT exit code = 0
