gSystem->Load("run_condor_job_Run3_C.so");
run_condor_job_Run3(21, 100,3, 0,
                    80, 200,
                    1, 1, 0, 0);
.q

ENTERED run_condor_job_Run3()
JOBID = 21
---->>>> RUN 3
you chose data
file name = /data_CMS/cms/mnguyen/bJetAggRun3/PPRef2024/HardProbes/0/merged_HiForestMiniAOD_v2.root
input file: /data_CMS/cms/mnguyen/bJetAggRun3/PPRef2024/HardProbes/0/merged_HiForestMiniAOD_v2.root
Before Init() in Run condor() 
Opening ROOT file: [/data_CMS/cms/mnguyen/bJetAggRun3/PPRef2024/HardProbes/0/merged_HiForestMiniAOD_v2.root]
Collection name='TList', class='TList', size=2
 OBJ: TFriendElement	HiTree	
 OBJ: TFriendElement	HltTree	
After init of tree inside run condor()
n total = 100077150
  global job = 21  Job 21/100  events [21016212, 22016984)  total=100077150
Enterd make_templates() 
Opening ROOT file: [/data_CMS/cms/mnguyen/bJetAggRun3/PPRef2024/HardProbes/0/merged_HiForestMiniAOD_v2.root]
Collection name='TList', class='TList', size=2
 OBJ: TFriendElement	HiTree	
 OBJ: TFriendElement	HltTree	
Processing events [21016212, 22016984) of 100077150
Processing: 21.0338 %Processing: 21.0837 %Processing: 21.1337 %Processing: 21.1837 %Processing: 21.2336 %Processing: 21.2836 %Processing: 21.3335 %Processing: 21.3835 %Processing: 21.4335 %Processing: 21.4834 %Processing: 21.5334 %Processing: 21.5833 %Processing: 21.6333 %Processing: 21.6833 %Processing: 21.7332 %Processing: 21.7832 %Processing: 21.8332 %Processing: 21.8831 %Processing: 21.9331 %Processing: 21.983 %
after run_condor_job_Run3()
ROOT exit code = 0
