gSystem->Load("run_condor_job_Run3_C.so");
run_condor_job_Run3(331, 100,3, 2,
                    80, 200,
                    1, 1, 1, 3);
.q

ENTERED run_condor_job_Run3()
JOBID = 331
---->>>> RUN 3
Creating files for template fit for qcd sample
you chose qcd MC
input file: /data_CMS/cms/mnguyen/bJetAggRun3/PPRef2024/QCD/3/merged_HiForestMiniAOD_v2.root
Before Init() in Run condor() 
Opening ROOT file: [/data_CMS/cms/mnguyen/bJetAggRun3/PPRef2024/QCD/3/merged_HiForestMiniAOD_v2.root]
Collection name='TList', class='TList', size=2
 OBJ: TFriendElement	HiTree	
 OBJ: TFriendElement	HltTree	
After init of tree inside run condor()
n total = 5994000
  global job = 331  Job 31/100  events [1858140, 1918080)  total=5994000
Enterd make_templates() 
Opening ROOT file: [/data_CMS/cms/mnguyen/bJetAggRun3/PPRef2024/QCD/3/merged_HiForestMiniAOD_v2.root]
Collection name='TList', class='TList', size=2
 OBJ: TFriendElement	HiTree	
 OBJ: TFriendElement	HltTree	
Processing events [1858140, 1918080) of 5994000
Processing: 31.6984 %
after run_condor_job_Run3()
ROOT exit code = 0
