gSystem->Load("run_condor_job_Run3_C.so");
run_condor_job_Run3(204, 100,3, 0,
                    80, 200,
                    1, 1, 0, 2);
.q

ENTERED run_condor_job_Run3()
JOBID = 204
---->>>> RUN 3
you chose data
file name = /data_CMS/cms/mnguyen/bJetAggRun3/PPRef2024/HardProbes/2/merged_HiForestMiniAOD_v2.root
input file: /data_CMS/cms/mnguyen/bJetAggRun3/PPRef2024/HardProbes/2/merged_HiForestMiniAOD_v2.root
Before Init() in Run condor() 
Opening ROOT file: [/data_CMS/cms/mnguyen/bJetAggRun3/PPRef2024/HardProbes/2/merged_HiForestMiniAOD_v2.root]
Collection name='TList', class='TList', size=2
 OBJ: TFriendElement	HiTree	
 OBJ: TFriendElement	HltTree	
After init of tree inside run condor()
n total = 99980719
  global job = 204  Job 4/100  events [3999232, 4999040)  total=99980719
Enterd make_templates() 
Opening ROOT file: [/data_CMS/cms/mnguyen/bJetAggRun3/PPRef2024/HardProbes/2/merged_HiForestMiniAOD_v2.root]
Collection name='TList', class='TList', size=2
 OBJ: TFriendElement	HiTree	
 OBJ: TFriendElement	HltTree	
Processing events [3999232, 4999040) of 99980719
Processing: 4.00077 %Processing: 4.05078 %Processing: 4.10079 %Processing: 4.1508 %Processing: 4.20081 %Processing: 4.25082 %Processing: 4.30083 %Processing: 4.35084 %Processing: 4.40085 %Processing: 4.45086 %Processing: 4.50087 %Processing: 4.55088 %Processing: 4.60089 %Processing: 4.6509 %Processing: 4.70091 %Processing: 4.75092 %Processing: 4.80093 %Processing: 4.85094 %Processing: 4.90094 %Processing: 4.95095 %
after run_condor_job_Run3()
ROOT exit code = 0
