gSystem->Load("run_condor_job_Run3_C.so");
run_condor_job_Run3(495, 100,3, 0,
                    80, 200,
                    1, 1, 0, 4);
.q

ENTERED run_condor_job_Run3()
JOBID = 495
---->>>> RUN 3
you chose data
file name = /data_CMS/cms/mnguyen/bJetAggRun3/PPRef2024/HardProbes/4/merged_HiForestMiniAOD_v2.root
input file: /data_CMS/cms/mnguyen/bJetAggRun3/PPRef2024/HardProbes/4/merged_HiForestMiniAOD_v2.root
Before Init() in Run condor() 
Opening ROOT file: [/data_CMS/cms/mnguyen/bJetAggRun3/PPRef2024/HardProbes/4/merged_HiForestMiniAOD_v2.root]
Collection name='TList', class='TList', size=2
 OBJ: TFriendElement	HiTree	
 OBJ: TFriendElement	HltTree	
After init of tree inside run condor()
n total = 100083400
  global job = 495  Job 95/100  events [95079230, 96080064)  total=100083400
Enterd make_templates() 
Opening ROOT file: [/data_CMS/cms/mnguyen/bJetAggRun3/PPRef2024/HardProbes/4/merged_HiForestMiniAOD_v2.root]
Collection name='TList', class='TList', size=2
 OBJ: TFriendElement	HiTree	
 OBJ: TFriendElement	HltTree	
Processing events [95079230, 96080064) of 100083400
Processing: 95.0208 %Processing: 95.0707 %Processing: 95.1207 %Processing: 95.1706 %Processing: 95.2206 %Processing: 95.2705 %Processing: 95.3205 %Processing: 95.3705 %Processing: 95.4204 %Processing: 95.4704 %Processing: 95.5203 %Processing: 95.5703 %Processing: 95.6203 %Processing: 95.6702 %Processing: 95.7202 %Processing: 95.7701 %Processing: 95.8201 %Processing: 95.87 %Processing: 95.92 %Processing: 95.97 %
after run_condor_job_Run3()
ROOT exit code = 0
