gSystem->Load("run_condor_job_Run3_C.so");
run_condor_job_Run3(309, 100,3, 2,
                    80, 200,
                    1, 1, 1, 3);
.q

ENTERED run_condor_job_Run3()
JOBID = 309
---->>>> RUN 3
Creating files for template fit for qcd sample
you chose qcd MC
input file: /data_CMS/cms/mnguyen/bJetAggRun3/PPRef2024/QCD/3/merged_HiForestMiniAOD_v2.root
Before Init() in Run condor() 
Opening ROOT file: [/data_CMS/cms/mnguyen/bJetAggRun3/PPRef2024/QCD/3/merged_HiForestMiniAOD_v2.root]
Collection name='TList', class='TList', size=2
 OBJ: TFriendElement	HiTree	
 OBJ: TFriendElement	HltTree	
After init of tree inside run condor()
n total = 5994000
  global job = 309  Job 9/100  events [539460, 599400)  total=5994000
Enterd make_templates() 
Opening ROOT file: [/data_CMS/cms/mnguyen/bJetAggRun3/PPRef2024/QCD/3/merged_HiForestMiniAOD_v2.root]
Collection name='TList', class='TList', size=2
 OBJ: TFriendElement	HiTree	
 OBJ: TFriendElement	HltTree	
Processing events [539460, 599400) of 5994000
Processing: 9.17584 %
after run_condor_job_Run3()
ROOT exit code = 0
