gSystem->Load("run_condor_job_Run3_C.so");
run_condor_job_Run3(369, 100,3, 0,
                    80, 200,
                    1, 1, 0, 3);
.q

ENTERED run_condor_job_Run3()
JOBID = 369
---->>>> RUN 3
you chose data
file name = /data_CMS/cms/mnguyen/bJetAggRun3/PPRef2024/HardProbes/3/merged_HiForestMiniAOD_v2.root
input file: /data_CMS/cms/mnguyen/bJetAggRun3/PPRef2024/HardProbes/3/merged_HiForestMiniAOD_v2.root
Before Init() in Run condor() 
Opening ROOT file: [/data_CMS/cms/mnguyen/bJetAggRun3/PPRef2024/HardProbes/3/merged_HiForestMiniAOD_v2.root]
Collection name='TList', class='TList', size=2
 OBJ: TFriendElement	HiTree	
 OBJ: TFriendElement	HltTree	
After init of tree inside run condor()
n total = 100067149
  global job = 369  Job 69/100  events [69046368, 70047040)  total=100067149
Enterd make_templates() 
Opening ROOT file: [/data_CMS/cms/mnguyen/bJetAggRun3/PPRef2024/HardProbes/3/merged_HiForestMiniAOD_v2.root]
Collection name='TList', class='TList', size=2
 OBJ: TFriendElement	HiTree	
 OBJ: TFriendElement	HltTree	
Processing events [69046368, 70047040) of 100067149
Processing: 69.0037 %Processing: 69.0536 %Processing: 69.1036 %Processing: 69.1536 %Processing: 69.2035 %Processing: 69.2535 %Processing: 69.3035 %Processing: 69.3534 %Processing: 69.4034 %Processing: 69.4534 %Processing: 69.5033 %Processing: 69.5533 %Processing: 69.6033 %Processing: 69.6532 %Processing: 69.7032 %Processing: 69.7532 %Processing: 69.8031 %Processing: 69.8531 %Processing: 69.9031 %Processing: 69.953 %
after run_condor_job_Run3()
ROOT exit code = 0
