gSystem->Load("run_condor_job_Run3_C.so");
run_condor_job_Run3(396, 100,3, 0,
                    80, 200,
                    1, 1, 0, 3);
.q

ENTERED run_condor_job_Run3()
JOBID = 396
---->>>> RUN 3
you chose data
file name = /data_CMS/cms/mnguyen/bJetAggRun3/PPRef2024/HardProbes/3/merged_HiForestMiniAOD_v2.root
input file: /data_CMS/cms/mnguyen/bJetAggRun3/PPRef2024/HardProbes/3/merged_HiForestMiniAOD_v2.root
Before Init() in Run condor() 
Opening ROOT file: [/data_CMS/cms/mnguyen/bJetAggRun3/PPRef2024/HardProbes/3/merged_HiForestMiniAOD_v2.root]
Collection name='TList', class='TList', size=2
 OBJ: TFriendElement	HiTree	
 OBJ: TFriendElement	HltTree	
After init of tree inside run condor()
n total = 100067149
  global job = 396  Job 96/100  events [96064512, 97065184)  total=100067149
Enterd make_templates() 
Opening ROOT file: [/data_CMS/cms/mnguyen/bJetAggRun3/PPRef2024/HardProbes/3/merged_HiForestMiniAOD_v2.root]
Collection name='TList', class='TList', size=2
 OBJ: TFriendElement	HiTree	
 OBJ: TFriendElement	HltTree	
Processing events [96064512, 97065184) of 100067149
Processing: 96.0355 %Processing: 96.0855 %Processing: 96.1354 %Processing: 96.1854 %Processing: 96.2354 %Processing: 96.2853 %Processing: 96.3353 %Processing: 96.3853 %Processing: 96.4352 %Processing: 96.4852 %Processing: 96.5352 %Processing: 96.5851 %Processing: 96.6351 %Processing: 96.6851 %Processing: 96.735 %Processing: 96.785 %Processing: 96.835 %Processing: 96.8849 %Processing: 96.9349 %Processing: 96.9849 %
after run_condor_job_Run3()
ROOT exit code = 0
