gSystem->Load("run_condor_job_Run3_C.so");
run_condor_job_Run3(90, 100,3, 0,
                    80, 200,
                    1, 1, 0, 0);
.q

ENTERED run_condor_job_Run3()
JOBID = 90
---->>>> RUN 3
you chose data
file name = /data_CMS/cms/mnguyen/bJetAggRun3/PPRef2024/HardProbes/0/merged_HiForestMiniAOD_v2.root
input file: /data_CMS/cms/mnguyen/bJetAggRun3/PPRef2024/HardProbes/0/merged_HiForestMiniAOD_v2.root
Before Init() in Run condor() 
Opening ROOT file: [/data_CMS/cms/mnguyen/bJetAggRun3/PPRef2024/HardProbes/0/merged_HiForestMiniAOD_v2.root]
Collection name='TList', class='TList', size=2
 OBJ: TFriendElement	HiTree	
 OBJ: TFriendElement	HltTree	
After init of tree inside run condor()
n total = 100077150
  global job = 90  Job 90/100  events [90069480, 91070252)  total=100077150
Enterd make_templates() 
Opening ROOT file: [/data_CMS/cms/mnguyen/bJetAggRun3/PPRef2024/HardProbes/0/merged_HiForestMiniAOD_v2.root]
Collection name='TList', class='TList', size=2
 OBJ: TFriendElement	HiTree	
 OBJ: TFriendElement	HltTree	
Processing events [90069480, 91070252) of 100077150
Processing: 90.0305 %Processing: 90.0805 %Processing: 90.1305 %Processing: 90.1804 %Processing: 90.2304 %Processing: 90.2803 %Processing: 90.3303 %Processing: 90.3803 %Processing: 90.4302 %Processing: 90.4802 %Processing: 90.5302 %Processing: 90.5801 %Processing: 90.6301 %Processing: 90.68 %Processing: 90.73 %Processing: 90.78 %Processing: 90.8299 %Processing: 90.8799 %Processing: 90.9298 %Processing: 90.9798 %
after run_condor_job_Run3()
ROOT exit code = 0
