gSystem->Load("run_condor_job_Run3_C.so");
run_condor_job_Run3(485, 100,3, 0,
                    80, 200,
                    1, 1, 0, 4);
.q

ENTERED run_condor_job_Run3()
JOBID = 485
---->>>> RUN 3
you chose data
file name = /data_CMS/cms/mnguyen/bJetAggRun3/PPRef2024/HardProbes/4/merged_HiForestMiniAOD_v2.root
input file: /data_CMS/cms/mnguyen/bJetAggRun3/PPRef2024/HardProbes/4/merged_HiForestMiniAOD_v2.root
Before Init() in Run condor() 
Opening ROOT file: [/data_CMS/cms/mnguyen/bJetAggRun3/PPRef2024/HardProbes/4/merged_HiForestMiniAOD_v2.root]
Collection name='TList', class='TList', size=2
 OBJ: TFriendElement	HiTree	
 OBJ: TFriendElement	HltTree	
After init of tree inside run condor()
n total = 100083400
  global job = 485  Job 85/100  events [85070890, 86071724)  total=100083400
Enterd make_templates() 
Opening ROOT file: [/data_CMS/cms/mnguyen/bJetAggRun3/PPRef2024/HardProbes/4/merged_HiForestMiniAOD_v2.root]
Collection name='TList', class='TList', size=2
 OBJ: TFriendElement	HiTree	
 OBJ: TFriendElement	HltTree	
Processing events [85070890, 86071724) of 100083400
Processing: 85.0291 %Processing: 85.079 %Processing: 85.129 %Processing: 85.179 %Processing: 85.2289 %Processing: 85.2789 %Processing: 85.3288 %Processing: 85.3788 %Processing: 85.4288 %Processing: 85.4787 %Processing: 85.5287 %Processing: 85.5786 %Processing: 85.6286 %Processing: 85.6785 %Processing: 85.7285 %Processing: 85.7785 %Processing: 85.8284 %Processing: 85.8784 %Processing: 85.9283 %Processing: 85.9783 %
after run_condor_job_Run3()
ROOT exit code = 0
