gSystem->Load("run_condor_job_Run3_C.so");
run_condor_job_Run3(250, 100,3, 0,
                    80, 200,
                    1, 1, 0, 2);
.q

ENTERED run_condor_job_Run3()
JOBID = 250
---->>>> RUN 3
you chose data
file name = /data_CMS/cms/mnguyen/bJetAggRun3/PPRef2024/HardProbes/2/merged_HiForestMiniAOD_v2.root
input file: /data_CMS/cms/mnguyen/bJetAggRun3/PPRef2024/HardProbes/2/merged_HiForestMiniAOD_v2.root
Before Init() in Run condor() 
Opening ROOT file: [/data_CMS/cms/mnguyen/bJetAggRun3/PPRef2024/HardProbes/2/merged_HiForestMiniAOD_v2.root]
Collection name='TList', class='TList', size=2
 OBJ: TFriendElement	HiTree	
 OBJ: TFriendElement	HltTree	
After init of tree inside run condor()
n total = 99980719
  global job = 250  Job 50/100  events [49990400, 50990208)  total=99980719
Enterd make_templates() 
Opening ROOT file: [/data_CMS/cms/mnguyen/bJetAggRun3/PPRef2024/HardProbes/2/merged_HiForestMiniAOD_v2.root]
Collection name='TList', class='TList', size=2
 OBJ: TFriendElement	HiTree	
 OBJ: TFriendElement	HltTree	
Processing events [49990400, 50990208) of 99980719
Processing: 50.0096 %Processing: 50.0597 %Processing: 50.1097 %Processing: 50.1597 %Processing: 50.2097 %Processing: 50.2597 %Processing: 50.3097 %Processing: 50.3597 %Processing: 50.4097 %Processing: 50.4597 %Processing: 50.5097 %Processing: 50.5597 %Processing: 50.6098 %Processing: 50.6598 %Processing: 50.7098 %Processing: 50.7598 %Processing: 50.8098 %Processing: 50.8598 %Processing: 50.9098 %Processing: 50.9598 %
after run_condor_job_Run3()
ROOT exit code = 0
