gSystem->Load("run_condor_job_Run3_C.so");
run_condor_job_Run3(263, 100,3, 0,
                    80, 200,
                    1, 1, 0, 2);
.q

ENTERED run_condor_job_Run3()
JOBID = 263
---->>>> RUN 3
you chose data
file name = /data_CMS/cms/mnguyen/bJetAggRun3/PPRef2024/HardProbes/2/merged_HiForestMiniAOD_v2.root
input file: /data_CMS/cms/mnguyen/bJetAggRun3/PPRef2024/HardProbes/2/merged_HiForestMiniAOD_v2.root
Before Init() in Run condor() 
Opening ROOT file: [/data_CMS/cms/mnguyen/bJetAggRun3/PPRef2024/HardProbes/2/merged_HiForestMiniAOD_v2.root]
Collection name='TList', class='TList', size=2
 OBJ: TFriendElement	HiTree	
 OBJ: TFriendElement	HltTree	
After init of tree inside run condor()
n total = 99980719
  global job = 263  Job 63/100  events [62987904, 63987712)  total=99980719
Enterd make_templates() 
Opening ROOT file: [/data_CMS/cms/mnguyen/bJetAggRun3/PPRef2024/HardProbes/2/merged_HiForestMiniAOD_v2.root]
Collection name='TList', class='TList', size=2
 OBJ: TFriendElement	HiTree	
 OBJ: TFriendElement	HltTree	
Processing events [62987904, 63987712) of 99980719
Processing: 63.0121 %Processing: 63.0622 %Processing: 63.1122 %Processing: 63.1622 %Processing: 63.2122 %Processing: 63.2622 %Processing: 63.3122 %Processing: 63.3622 %Processing: 63.4122 %Processing: 63.4622 %Processing: 63.5122 %Processing: 63.5623 %Processing: 63.6123 %Processing: 63.6623 %Processing: 63.7123 %Processing: 63.7623 %Processing: 63.8123 %Processing: 63.8623 %Processing: 63.9123 %Processing: 63.9623 %
after run_condor_job_Run3()
ROOT exit code = 0
