gSystem->Load("run_condor_job_Run3_C.so");
run_condor_job_Run3(143, 100,3, 0,
                    80, 200,
                    1, 1, 0, 1);
.q

ENTERED run_condor_job_Run3()
JOBID = 143
---->>>> RUN 3
you chose data
file name = /data_CMS/cms/mnguyen/bJetAggRun3/PPRef2024/HardProbes/1/merged_HiForestMiniAOD_v2.root
input file: /data_CMS/cms/mnguyen/bJetAggRun3/PPRef2024/HardProbes/1/merged_HiForestMiniAOD_v2.root
Before Init() in Run condor() 
Opening ROOT file: [/data_CMS/cms/mnguyen/bJetAggRun3/PPRef2024/HardProbes/1/merged_HiForestMiniAOD_v2.root]
Collection name='TList', class='TList', size=2
 OBJ: TFriendElement	HiTree	
 OBJ: TFriendElement	HltTree	
After init of tree inside run condor()
n total = 100081056
  global job = 143  Job 43/100  events [43034873, 44035684)  total=100081056
Enterd make_templates() 
Opening ROOT file: [/data_CMS/cms/mnguyen/bJetAggRun3/PPRef2024/HardProbes/1/merged_HiForestMiniAOD_v2.root]
Collection name='TList', class='TList', size=2
 OBJ: TFriendElement	HiTree	
 OBJ: TFriendElement	HltTree	
Processing events [43034873, 44035684) of 100081056
Processing: 43.0151 %Processing: 43.0651 %Processing: 43.1151 %Processing: 43.165 %Processing: 43.215 %Processing: 43.2649 %Processing: 43.3149 %Processing: 43.3649 %Processing: 43.4148 %Processing: 43.4648 %Processing: 43.5147 %Processing: 43.5647 %Processing: 43.6146 %Processing: 43.6646 %Processing: 43.7146 %Processing: 43.7645 %Processing: 43.8145 %Processing: 43.8644 %Processing: 43.9144 %Processing: 43.9644 %
after run_condor_job_Run3()
ROOT exit code = 0
