gSystem->Load("run_condor_job_Run3_C.so");
run_condor_job_Run3(437, 100,3, 0,
                    80, 200,
                    1, 1, 0, 4);
.q

ENTERED run_condor_job_Run3()
JOBID = 437
---->>>> RUN 3
you chose data
file name = /data_CMS/cms/mnguyen/bJetAggRun3/PPRef2024/HardProbes/4/merged_HiForestMiniAOD_v2.root
input file: /data_CMS/cms/mnguyen/bJetAggRun3/PPRef2024/HardProbes/4/merged_HiForestMiniAOD_v2.root
Before Init() in Run condor() 
Opening ROOT file: [/data_CMS/cms/mnguyen/bJetAggRun3/PPRef2024/HardProbes/4/merged_HiForestMiniAOD_v2.root]
Collection name='TList', class='TList', size=2
 OBJ: TFriendElement	HiTree	
 OBJ: TFriendElement	HltTree	
After init of tree inside run condor()
n total = 100083400
  global job = 437  Job 37/100  events [37030858, 38031692)  total=100083400
Enterd make_templates() 
Opening ROOT file: [/data_CMS/cms/mnguyen/bJetAggRun3/PPRef2024/HardProbes/4/merged_HiForestMiniAOD_v2.root]
Collection name='TList', class='TList', size=2
 OBJ: TFriendElement	HiTree	
 OBJ: TFriendElement	HltTree	
Processing events [37030858, 38031692) of 100083400
Processing: 37.0191 %Processing: 37.0691 %Processing: 37.119 %Processing: 37.169 %Processing: 37.219 %Processing: 37.2689 %Processing: 37.3189 %Processing: 37.3688 %Processing: 37.4188 %Processing: 37.4688 %Processing: 37.5187 %Processing: 37.5687 %Processing: 37.6186 %Processing: 37.6686 %Processing: 37.7185 %Processing: 37.7685 %Processing: 37.8185 %Processing: 37.8684 %Processing: 37.9184 %Processing: 37.9683 %
after run_condor_job_Run3()
ROOT exit code = 0
