gSystem->Load("run_condor_job_Run3_C.so");
run_condor_job_Run3(148, 100,3, 0,
                    80, 200,
                    1, 1, 0, 1);
.q

ENTERED run_condor_job_Run3()
JOBID = 148
---->>>> RUN 3
you chose data
file name = /data_CMS/cms/mnguyen/bJetAggRun3/PPRef2024/HardProbes/1/merged_HiForestMiniAOD_v2.root
input file: /data_CMS/cms/mnguyen/bJetAggRun3/PPRef2024/HardProbes/1/merged_HiForestMiniAOD_v2.root
Before Init() in Run condor() 
Opening ROOT file: [/data_CMS/cms/mnguyen/bJetAggRun3/PPRef2024/HardProbes/1/merged_HiForestMiniAOD_v2.root]
Collection name='TList', class='TList', size=2
 OBJ: TFriendElement	HiTree	
 OBJ: TFriendElement	HltTree	
After init of tree inside run condor()
n total = 100081056
  global job = 148  Job 48/100  events [48038928, 49039739)  total=100081056
Enterd make_templates() 
Opening ROOT file: [/data_CMS/cms/mnguyen/bJetAggRun3/PPRef2024/HardProbes/1/merged_HiForestMiniAOD_v2.root]
Collection name='TList', class='TList', size=2
 OBJ: TFriendElement	HiTree	
 OBJ: TFriendElement	HltTree	
Processing events [48038928, 49039739) of 100081056
Processing: 48.0111 %Processing: 48.061 %Processing: 48.111 %Processing: 48.161 %Processing: 48.2109 %Processing: 48.2609 %Processing: 48.3108 %Processing: 48.3608 %Processing: 48.4108 %Processing: 48.4607 %Processing: 48.5107 %Processing: 48.5606 %Processing: 48.6106 %Processing: 48.6606 %Processing: 48.7105 %Processing: 48.7605 %Processing: 48.8104 %Processing: 48.8604 %Processing: 48.9104 %Processing: 48.9603 %
after run_condor_job_Run3()
ROOT exit code = 0
