gSystem->Load("run_condor_job_Run3_C.so");
run_condor_job_Run3(478, 100,3, 0,
                    80, 200,
                    1, 1, 0, 4);
.q

ENTERED run_condor_job_Run3()
JOBID = 478
---->>>> RUN 3
you chose data
file name = /data_CMS/cms/mnguyen/bJetAggRun3/PPRef2024/HardProbes/4/merged_HiForestMiniAOD_v2.root
input file: /data_CMS/cms/mnguyen/bJetAggRun3/PPRef2024/HardProbes/4/merged_HiForestMiniAOD_v2.root
Before Init() in Run condor() 
Opening ROOT file: [/data_CMS/cms/mnguyen/bJetAggRun3/PPRef2024/HardProbes/4/merged_HiForestMiniAOD_v2.root]
Collection name='TList', class='TList', size=2
 OBJ: TFriendElement	HiTree	
 OBJ: TFriendElement	HltTree	
After init of tree inside run condor()
n total = 100083400
  global job = 478  Job 78/100  events [78065052, 79065886)  total=100083400
Enterd make_templates() 
Opening ROOT file: [/data_CMS/cms/mnguyen/bJetAggRun3/PPRef2024/HardProbes/4/merged_HiForestMiniAOD_v2.root]
Collection name='TList', class='TList', size=2
 OBJ: TFriendElement	HiTree	
 OBJ: TFriendElement	HltTree	
Processing events [78065052, 79065886) of 100083400
Processing: 78.0349 %Processing: 78.0849 %Processing: 78.1348 %Processing: 78.1848 %Processing: 78.2348 %Processing: 78.2847 %Processing: 78.3347 %Processing: 78.3846 %Processing: 78.4346 %Processing: 78.4845 %Processing: 78.5345 %Processing: 78.5845 %Processing: 78.6344 %Processing: 78.6844 %Processing: 78.7343 %Processing: 78.7843 %Processing: 78.8343 %Processing: 78.8842 %Processing: 78.9342 %Processing: 78.9841 %
after run_condor_job_Run3()
ROOT exit code = 0
