gSystem->Load("run_condor_job_Run3_C.so");
run_condor_job_Run3(6, 100,3, 0,
                    80, 200,
                    1, 1, 0, 0);
.q

ENTERED run_condor_job_Run3()
JOBID = 6
---->>>> RUN 3
you chose data
file name = /data_CMS/cms/mnguyen/bJetAggRun3/PPRef2024/HardProbes/0/merged_HiForestMiniAOD_v2.root
input file: /data_CMS/cms/mnguyen/bJetAggRun3/PPRef2024/HardProbes/0/merged_HiForestMiniAOD_v2.root
Before Init() in Run condor() 
Opening ROOT file: [/data_CMS/cms/mnguyen/bJetAggRun3/PPRef2024/HardProbes/0/merged_HiForestMiniAOD_v2.root]
Collection name='TList', class='TList', size=2
 OBJ: TFriendElement	HiTree	
 OBJ: TFriendElement	HltTree	
After init of tree inside run condor()
n total = 100077150
  global job = 6  Job 6/100  events [6004632, 7005404)  total=100077150
Enterd make_templates() 
Opening ROOT file: [/data_CMS/cms/mnguyen/bJetAggRun3/PPRef2024/HardProbes/0/merged_HiForestMiniAOD_v2.root]
Collection name='TList', class='TList', size=2
 OBJ: TFriendElement	HiTree	
 OBJ: TFriendElement	HltTree	
Processing events [6004632, 7005404) of 100077150
Processing: 6.04534 %Processing: 6.0953 %Processing: 6.14526 %Processing: 6.19522 %Processing: 6.24518 %Processing: 6.29514 %Processing: 6.3451 %Processing: 6.39507 %Processing: 6.44503 %Processing: 6.49499 %Processing: 6.54495 %Processing: 6.59491 %Processing: 6.64487 %Processing: 6.69483 %Processing: 6.7448 %Processing: 6.79476 %Processing: 6.84472 %Processing: 6.89468 %Processing: 6.94464 %Processing: 6.9946 %
after run_condor_job_Run3()
ROOT exit code = 0
