gSystem->Load("run_condor_job_Run3_C.so");
run_condor_job_Run3(37, 100,3, 0,
                    80, 200,
                    1, 1, 0, 0);
.q

ENTERED run_condor_job_Run3()
JOBID = 37
---->>>> RUN 3
you chose data
file name = /data_CMS/cms/mnguyen/bJetAggRun3/PPRef2024/HardProbes/0/merged_HiForestMiniAOD_v2.root
input file: /data_CMS/cms/mnguyen/bJetAggRun3/PPRef2024/HardProbes/0/merged_HiForestMiniAOD_v2.root
Before Init() in Run condor() 
Opening ROOT file: [/data_CMS/cms/mnguyen/bJetAggRun3/PPRef2024/HardProbes/0/merged_HiForestMiniAOD_v2.root]
Collection name='TList', class='TList', size=2
 OBJ: TFriendElement	HiTree	
 OBJ: TFriendElement	HltTree	
After init of tree inside run condor()
n total = 100077150
  global job = 37  Job 37/100  events [37028564, 38029336)  total=100077150
Enterd make_templates() 
Opening ROOT file: [/data_CMS/cms/mnguyen/bJetAggRun3/PPRef2024/HardProbes/0/merged_HiForestMiniAOD_v2.root]
Collection name='TList', class='TList', size=2
 OBJ: TFriendElement	HiTree	
 OBJ: TFriendElement	HltTree	
Processing events [37028564, 38029336) of 100077150
Processing: 37.0214 %Processing: 37.0714 %Processing: 37.1214 %Processing: 37.1713 %Processing: 37.2213 %Processing: 37.2712 %Processing: 37.3212 %Processing: 37.3712 %Processing: 37.4211 %Processing: 37.4711 %Processing: 37.5211 %Processing: 37.571 %Processing: 37.621 %Processing: 37.6709 %Processing: 37.7209 %Processing: 37.7709 %Processing: 37.8208 %Processing: 37.8708 %Processing: 37.9207 %Processing: 37.9707 %
after run_condor_job_Run3()
ROOT exit code = 0
