gSystem->Load("run_condor_job_Run3_C.so");
run_condor_job_Run3(493, 100,3, 0,
                    80, 200,
                    1, 1, 0, 4);
.q

ENTERED run_condor_job_Run3()
JOBID = 493
---->>>> RUN 3
you chose data
file name = /data_CMS/cms/mnguyen/bJetAggRun3/PPRef2024/HardProbes/4/merged_HiForestMiniAOD_v2.root
input file: /data_CMS/cms/mnguyen/bJetAggRun3/PPRef2024/HardProbes/4/merged_HiForestMiniAOD_v2.root
Before Init() in Run condor() 
Opening ROOT file: [/data_CMS/cms/mnguyen/bJetAggRun3/PPRef2024/HardProbes/4/merged_HiForestMiniAOD_v2.root]
Collection name='TList', class='TList', size=2
 OBJ: TFriendElement	HiTree	
 OBJ: TFriendElement	HltTree	
After init of tree inside run condor()
n total = 100083400
  global job = 493  Job 93/100  events [93077562, 94078396)  total=100083400
Enterd make_templates() 
Opening ROOT file: [/data_CMS/cms/mnguyen/bJetAggRun3/PPRef2024/HardProbes/4/merged_HiForestMiniAOD_v2.root]
Collection name='TList', class='TList', size=2
 OBJ: TFriendElement	HiTree	
 OBJ: TFriendElement	HltTree	
Processing events [93077562, 94078396) of 100083400
Processing: 93.0224 %Processing: 93.0724 %Processing: 93.1223 %Processing: 93.1723 %Processing: 93.2223 %Processing: 93.2722 %Processing: 93.3222 %Processing: 93.3721 %Processing: 93.4221 %Processing: 93.472 %Processing: 93.522 %Processing: 93.572 %Processing: 93.6219 %Processing: 93.6719 %Processing: 93.7218 %Processing: 93.7718 %Processing: 93.8218 %Processing: 93.8717 %Processing: 93.9217 %Processing: 93.9716 %
after run_condor_job_Run3()
ROOT exit code = 0
