gSystem->Load("run_condor_job_Run3_C.so");
run_condor_job_Run3(217, 100,3, 0,
                    80, 200,
                    1, 1, 0, 2);
.q

ENTERED run_condor_job_Run3()
JOBID = 217
---->>>> RUN 3
you chose data
file name = /data_CMS/cms/mnguyen/bJetAggRun3/PPRef2024/HardProbes/2/merged_HiForestMiniAOD_v2.root
input file: /data_CMS/cms/mnguyen/bJetAggRun3/PPRef2024/HardProbes/2/merged_HiForestMiniAOD_v2.root
Before Init() in Run condor() 
Opening ROOT file: [/data_CMS/cms/mnguyen/bJetAggRun3/PPRef2024/HardProbes/2/merged_HiForestMiniAOD_v2.root]
Collection name='TList', class='TList', size=2
 OBJ: TFriendElement	HiTree	
 OBJ: TFriendElement	HltTree	
After init of tree inside run condor()
n total = 99980719
  global job = 217  Job 17/100  events [16996736, 17996544)  total=99980719
Enterd make_templates() 
Opening ROOT file: [/data_CMS/cms/mnguyen/bJetAggRun3/PPRef2024/HardProbes/2/merged_HiForestMiniAOD_v2.root]
Collection name='TList', class='TList', size=2
 OBJ: TFriendElement	HiTree	
 OBJ: TFriendElement	HltTree	
Processing events [16996736, 17996544) of 99980719
Processing: 17.0033 %Processing: 17.0533 %Processing: 17.1033 %Processing: 17.1533 %Processing: 17.2033 %Processing: 17.2533 %Processing: 17.3033 %Processing: 17.3533 %Processing: 17.4034 %Processing: 17.4534 %Processing: 17.5034 %Processing: 17.5534 %Processing: 17.6034 %Processing: 17.6534 %Processing: 17.7034 %Processing: 17.7534 %Processing: 17.8034 %Processing: 17.8534 %Processing: 17.9035 %Processing: 17.9535 %
after run_condor_job_Run3()
ROOT exit code = 0
