gSystem->Load("run_condor_job_Run3_C.so");
run_condor_job_Run3(86, 100,3, 0,
                    80, 200,
                    1, 1, 0, 0);
.q

ENTERED run_condor_job_Run3()
JOBID = 86
---->>>> RUN 3
you chose data
file name = /data_CMS/cms/mnguyen/bJetAggRun3/PPRef2024/HardProbes/0/merged_HiForestMiniAOD_v2.root
input file: /data_CMS/cms/mnguyen/bJetAggRun3/PPRef2024/HardProbes/0/merged_HiForestMiniAOD_v2.root
Before Init() in Run condor() 
Opening ROOT file: [/data_CMS/cms/mnguyen/bJetAggRun3/PPRef2024/HardProbes/0/merged_HiForestMiniAOD_v2.root]
Collection name='TList', class='TList', size=2
 OBJ: TFriendElement	HiTree	
 OBJ: TFriendElement	HltTree	
After init of tree inside run condor()
n total = 100077150
  global job = 86  Job 86/100  events [86066392, 87067164)  total=100077150
Enterd make_templates() 
Opening ROOT file: [/data_CMS/cms/mnguyen/bJetAggRun3/PPRef2024/HardProbes/0/merged_HiForestMiniAOD_v2.root]
Collection name='TList', class='TList', size=2
 OBJ: TFriendElement	HiTree	
 OBJ: TFriendElement	HltTree	
Processing events [86066392, 87067164) of 100077150
Processing: 86.0336 %Processing: 86.0836 %Processing: 86.1335 %Processing: 86.1835 %Processing: 86.2335 %Processing: 86.2834 %Processing: 86.3334 %Processing: 86.3834 %Processing: 86.4333 %Processing: 86.4833 %Processing: 86.5332 %Processing: 86.5832 %Processing: 86.6332 %Processing: 86.6831 %Processing: 86.7331 %Processing: 86.783 %Processing: 86.833 %Processing: 86.883 %Processing: 86.9329 %Processing: 86.9829 %
after run_condor_job_Run3()
ROOT exit code = 0
