gSystem->Load("run_condor_job_Run3_C.so");
run_condor_job_Run3(294, 100,3, 0,
                    80, 200,
                    1, 1, 0, 2);
.q

ENTERED run_condor_job_Run3()
JOBID = 294
---->>>> RUN 3
you chose data
file name = /data_CMS/cms/mnguyen/bJetAggRun3/PPRef2024/HardProbes/2/merged_HiForestMiniAOD_v2.root
input file: /data_CMS/cms/mnguyen/bJetAggRun3/PPRef2024/HardProbes/2/merged_HiForestMiniAOD_v2.root
Before Init() in Run condor() 
Opening ROOT file: [/data_CMS/cms/mnguyen/bJetAggRun3/PPRef2024/HardProbes/2/merged_HiForestMiniAOD_v2.root]
Collection name='TList', class='TList', size=2
 OBJ: TFriendElement	HiTree	
 OBJ: TFriendElement	HltTree	
After init of tree inside run condor()
n total = 99980719
  global job = 294  Job 94/100  events [93981952, 94981760)  total=99980719
Enterd make_templates() 
Opening ROOT file: [/data_CMS/cms/mnguyen/bJetAggRun3/PPRef2024/HardProbes/2/merged_HiForestMiniAOD_v2.root]
Collection name='TList', class='TList', size=2
 OBJ: TFriendElement	HiTree	
 OBJ: TFriendElement	HltTree	
Processing events [93981952, 94981760) of 99980719
Processing: 94.0181 %Processing: 94.0681 %Processing: 94.1181 %Processing: 94.1682 %Processing: 94.2182 %Processing: 94.2682 %Processing: 94.3182 %Processing: 94.3682 %Processing: 94.4182 %Processing: 94.4682 %Processing: 94.5182 %Processing: 94.5682 %Processing: 94.6182 %Processing: 94.6683 %Processing: 94.7183 %Processing: 94.7683 %Processing: 94.8183 %Processing: 94.8683 %Processing: 94.9183 %Processing: 94.9683 %
after run_condor_job_Run3()
ROOT exit code = 0
