gSystem->Load("run_condor_job_Run3_C.so");
run_condor_job_Run3(406, 100,3, 0,
                    80, 200,
                    1, 1, 0, 4);
.q

ENTERED run_condor_job_Run3()
JOBID = 406
---->>>> RUN 3
you chose data
file name = /data_CMS/cms/mnguyen/bJetAggRun3/PPRef2024/HardProbes/4/merged_HiForestMiniAOD_v2.root
input file: /data_CMS/cms/mnguyen/bJetAggRun3/PPRef2024/HardProbes/4/merged_HiForestMiniAOD_v2.root
Before Init() in Run condor() 
Opening ROOT file: [/data_CMS/cms/mnguyen/bJetAggRun3/PPRef2024/HardProbes/4/merged_HiForestMiniAOD_v2.root]
Collection name='TList', class='TList', size=2
 OBJ: TFriendElement	HiTree	
 OBJ: TFriendElement	HltTree	
After init of tree inside run condor()
n total = 100083400
  global job = 406  Job 6/100  events [6005004, 7005838)  total=100083400
Enterd make_templates() 
Opening ROOT file: [/data_CMS/cms/mnguyen/bJetAggRun3/PPRef2024/HardProbes/4/merged_HiForestMiniAOD_v2.root]
Collection name='TList', class='TList', size=2
 OBJ: TFriendElement	HiTree	
 OBJ: TFriendElement	HltTree	
Processing events [6005004, 7005838) of 100083400
Processing: 6.04496 %Processing: 6.09492 %Processing: 6.14488 %Processing: 6.19483 %Processing: 6.24479 %Processing: 6.29475 %Processing: 6.34471 %Processing: 6.39467 %Processing: 6.44463 %Processing: 6.49458 %Processing: 6.54454 %Processing: 6.5945 %Processing: 6.64446 %Processing: 6.69442 %Processing: 6.74438 %Processing: 6.79433 %Processing: 6.84429 %Processing: 6.89425 %Processing: 6.94421 %Processing: 6.99417 %
after run_condor_job_Run3()
ROOT exit code = 0
