gSystem->Load("run_condor_job_Run3_C.so");
run_condor_job_Run3(79, 100,3, 0,
                    80, 200,
                    1, 1, 0, 0);
.q

ENTERED run_condor_job_Run3()
JOBID = 79
---->>>> RUN 3
you chose data
file name = /data_CMS/cms/mnguyen/bJetAggRun3/PPRef2024/HardProbes/0/merged_HiForestMiniAOD_v2.root
input file: /data_CMS/cms/mnguyen/bJetAggRun3/PPRef2024/HardProbes/0/merged_HiForestMiniAOD_v2.root
Before Init() in Run condor() 
Opening ROOT file: [/data_CMS/cms/mnguyen/bJetAggRun3/PPRef2024/HardProbes/0/merged_HiForestMiniAOD_v2.root]
Collection name='TList', class='TList', size=2
 OBJ: TFriendElement	HiTree	
 OBJ: TFriendElement	HltTree	
After init of tree inside run condor()
n total = 100077150
  global job = 79  Job 79/100  events [79060988, 80061760)  total=100077150
Enterd make_templates() 
Opening ROOT file: [/data_CMS/cms/mnguyen/bJetAggRun3/PPRef2024/HardProbes/0/merged_HiForestMiniAOD_v2.root]
Collection name='TList', class='TList', size=2
 OBJ: TFriendElement	HiTree	
 OBJ: TFriendElement	HltTree	
Processing events [79060988, 80061760) of 100077150
Processing: 79.039 %Processing: 79.089 %Processing: 79.1389 %Processing: 79.1889 %Processing: 79.2389 %Processing: 79.2888 %Processing: 79.3388 %Processing: 79.3888 %Processing: 79.4387 %Processing: 79.4887 %Processing: 79.5386 %Processing: 79.5886 %Processing: 79.6386 %Processing: 79.6885 %Processing: 79.7385 %Processing: 79.7884 %Processing: 79.8384 %Processing: 79.8884 %Processing: 79.9383 %Processing: 79.9883 %
after run_condor_job_Run3()
ROOT exit code = 0
