gSystem->Load("run_condor_job_Run3_C.so");
run_condor_job_Run3(464, 100,3, 0,
                    80, 200,
                    1, 1, 0, 4);
.q

ENTERED run_condor_job_Run3()
JOBID = 464
---->>>> RUN 3
you chose data
file name = /data_CMS/cms/mnguyen/bJetAggRun3/PPRef2024/HardProbes/4/merged_HiForestMiniAOD_v2.root
input file: /data_CMS/cms/mnguyen/bJetAggRun3/PPRef2024/HardProbes/4/merged_HiForestMiniAOD_v2.root
Before Init() in Run condor() 
Opening ROOT file: [/data_CMS/cms/mnguyen/bJetAggRun3/PPRef2024/HardProbes/4/merged_HiForestMiniAOD_v2.root]
Collection name='TList', class='TList', size=2
 OBJ: TFriendElement	HiTree	
 OBJ: TFriendElement	HltTree	
After init of tree inside run condor()
n total = 100083400
  global job = 464  Job 64/100  events [64053376, 65054210)  total=100083400
Enterd make_templates() 
Opening ROOT file: [/data_CMS/cms/mnguyen/bJetAggRun3/PPRef2024/HardProbes/4/merged_HiForestMiniAOD_v2.root]
Collection name='TList', class='TList', size=2
 OBJ: TFriendElement	HiTree	
 OBJ: TFriendElement	HltTree	
Processing events [64053376, 65054210) of 100083400
Processing: 64.0466 %Processing: 64.0965 %Processing: 64.1465 %Processing: 64.1965 %Processing: 64.2464 %Processing: 64.2964 %Processing: 64.3463 %Processing: 64.3963 %Processing: 64.4463 %Processing: 64.4962 %Processing: 64.5462 %Processing: 64.5961 %Processing: 64.6461 %Processing: 64.696 %Processing: 64.746 %Processing: 64.796 %Processing: 64.8459 %Processing: 64.8959 %Processing: 64.9458 %Processing: 64.9958 %
after run_condor_job_Run3()
ROOT exit code = 0
