gSystem->Load("run_condor_job_Run3_C.so");
run_condor_job_Run3(28, 100,3, 0,
                    80, 200,
                    1, 1, 0, 0);
.q

ENTERED run_condor_job_Run3()
JOBID = 28
---->>>> RUN 3
you chose data
file name = /data_CMS/cms/mnguyen/bJetAggRun3/PPRef2024/HardProbes/0/merged_HiForestMiniAOD_v2.root
input file: /data_CMS/cms/mnguyen/bJetAggRun3/PPRef2024/HardProbes/0/merged_HiForestMiniAOD_v2.root
Before Init() in Run condor() 
Opening ROOT file: [/data_CMS/cms/mnguyen/bJetAggRun3/PPRef2024/HardProbes/0/merged_HiForestMiniAOD_v2.root]
Collection name='TList', class='TList', size=2
 OBJ: TFriendElement	HiTree	
 OBJ: TFriendElement	HltTree	
After init of tree inside run condor()
n total = 100077150
  global job = 28  Job 28/100  events [28021616, 29022388)  total=100077150
Enterd make_templates() 
Opening ROOT file: [/data_CMS/cms/mnguyen/bJetAggRun3/PPRef2024/HardProbes/0/merged_HiForestMiniAOD_v2.root]
Collection name='TList', class='TList', size=2
 OBJ: TFriendElement	HiTree	
 OBJ: TFriendElement	HltTree	
Processing events [28021616, 29022388) of 100077150
Processing: 28.0284 %Processing: 28.0783 %Processing: 28.1283 %Processing: 28.1783 %Processing: 28.2282 %Processing: 28.2782 %Processing: 28.3281 %Processing: 28.3781 %Processing: 28.4281 %Processing: 28.478 %Processing: 28.528 %Processing: 28.578 %Processing: 28.6279 %Processing: 28.6779 %Processing: 28.7278 %Processing: 28.7778 %Processing: 28.8278 %Processing: 28.8777 %Processing: 28.9277 %Processing: 28.9776 %
after run_condor_job_Run3()
ROOT exit code = 0
