gSystem->Load("run_condor_job_Run3_C.so");
run_condor_job_Run3(175, 100,3, 0,
                    80, 200,
                    1, 1, 0, 1);
.q

ENTERED run_condor_job_Run3()
JOBID = 175
---->>>> RUN 3
you chose data
file name = /data_CMS/cms/mnguyen/bJetAggRun3/PPRef2024/HardProbes/1/merged_HiForestMiniAOD_v2.root
input file: /data_CMS/cms/mnguyen/bJetAggRun3/PPRef2024/HardProbes/1/merged_HiForestMiniAOD_v2.root
Before Init() in Run condor() 
Opening ROOT file: [/data_CMS/cms/mnguyen/bJetAggRun3/PPRef2024/HardProbes/1/merged_HiForestMiniAOD_v2.root]
Collection name='TList', class='TList', size=2
 OBJ: TFriendElement	HiTree	
 OBJ: TFriendElement	HltTree	
After init of tree inside run condor()
n total = 100081056
  global job = 175  Job 75/100  events [75060825, 76061636)  total=100081056
Enterd make_templates() 
Opening ROOT file: [/data_CMS/cms/mnguyen/bJetAggRun3/PPRef2024/HardProbes/1/merged_HiForestMiniAOD_v2.root]
Collection name='TList', class='TList', size=2
 OBJ: TFriendElement	HiTree	
 OBJ: TFriendElement	HltTree	
Processing events [75060825, 76061636) of 100081056
Processing: 75.0392 %Processing: 75.0891 %Processing: 75.1391 %Processing: 75.1891 %Processing: 75.239 %Processing: 75.289 %Processing: 75.3389 %Processing: 75.3889 %Processing: 75.4389 %Processing: 75.4888 %Processing: 75.5388 %Processing: 75.5887 %Processing: 75.6387 %Processing: 75.6886 %Processing: 75.7386 %Processing: 75.7886 %Processing: 75.8385 %Processing: 75.8885 %Processing: 75.9384 %Processing: 75.9884 %
after run_condor_job_Run3()
ROOT exit code = 0
