gSystem->Load("run_condor_job_Run3_C.so");
run_condor_job_Run3(366, 100,3, 0,
                    80, 200,
                    1, 1, 0, 3);
.q

ENTERED run_condor_job_Run3()
JOBID = 366
---->>>> RUN 3
you chose data
file name = /data_CMS/cms/mnguyen/bJetAggRun3/PPRef2024/HardProbes/3/merged_HiForestMiniAOD_v2.root
input file: /data_CMS/cms/mnguyen/bJetAggRun3/PPRef2024/HardProbes/3/merged_HiForestMiniAOD_v2.root
Before Init() in Run condor() 
Opening ROOT file: [/data_CMS/cms/mnguyen/bJetAggRun3/PPRef2024/HardProbes/3/merged_HiForestMiniAOD_v2.root]
Collection name='TList', class='TList', size=2
 OBJ: TFriendElement	HiTree	
 OBJ: TFriendElement	HltTree	
After init of tree inside run condor()
n total = 100067149
  global job = 366  Job 66/100  events [66044352, 67045024)  total=100067149
Enterd make_templates() 
Opening ROOT file: [/data_CMS/cms/mnguyen/bJetAggRun3/PPRef2024/HardProbes/3/merged_HiForestMiniAOD_v2.root]
Collection name='TList', class='TList', size=2
 OBJ: TFriendElement	HiTree	
 OBJ: TFriendElement	HltTree	
Processing events [66044352, 67045024) of 100067149
Processing: 66.0057 %Processing: 66.0556 %Processing: 66.1056 %Processing: 66.1556 %Processing: 66.2055 %Processing: 66.2555 %Processing: 66.3055 %Processing: 66.3554 %Processing: 66.4054 %Processing: 66.4554 %Processing: 66.5053 %Processing: 66.5553 %Processing: 66.6053 %Processing: 66.6552 %Processing: 66.7052 %Processing: 66.7552 %Processing: 66.8051 %Processing: 66.8551 %Processing: 66.9051 %Processing: 66.955 %
after run_condor_job_Run3()
ROOT exit code = 0
