gSystem->Load("run_condor_job_Run3_C.so");
run_condor_job_Run3(444, 100,3, 0,
                    80, 200,
                    1, 1, 0, 4);
.q

ENTERED run_condor_job_Run3()
JOBID = 444
---->>>> RUN 3
you chose data
file name = /data_CMS/cms/mnguyen/bJetAggRun3/PPRef2024/HardProbes/4/merged_HiForestMiniAOD_v2.root
input file: /data_CMS/cms/mnguyen/bJetAggRun3/PPRef2024/HardProbes/4/merged_HiForestMiniAOD_v2.root
Before Init() in Run condor() 
Opening ROOT file: [/data_CMS/cms/mnguyen/bJetAggRun3/PPRef2024/HardProbes/4/merged_HiForestMiniAOD_v2.root]
Collection name='TList', class='TList', size=2
 OBJ: TFriendElement	HiTree	
 OBJ: TFriendElement	HltTree	
After init of tree inside run condor()
n total = 100083400
  global job = 444  Job 44/100  events [44036696, 45037530)  total=100083400
Enterd make_templates() 
Opening ROOT file: [/data_CMS/cms/mnguyen/bJetAggRun3/PPRef2024/HardProbes/4/merged_HiForestMiniAOD_v2.root]
Collection name='TList', class='TList', size=2
 OBJ: TFriendElement	HiTree	
 OBJ: TFriendElement	HltTree	
Processing events [44036696, 45037530) of 100083400
Processing: 44.0133 %Processing: 44.0633 %Processing: 44.1132 %Processing: 44.1632 %Processing: 44.2131 %Processing: 44.2631 %Processing: 44.313 %Processing: 44.363 %Processing: 44.413 %Processing: 44.4629 %Processing: 44.5129 %Processing: 44.5628 %Processing: 44.6128 %Processing: 44.6628 %Processing: 44.7127 %Processing: 44.7627 %Processing: 44.8126 %Processing: 44.8626 %Processing: 44.9125 %Processing: 44.9625 %
after run_condor_job_Run3()
ROOT exit code = 0
