gSystem->Load("run_condor_job_Run3_C.so");
run_condor_job_Run3(162, 100,3, 0,
                    80, 200,
                    1, 1, 0, 1);
.q

ENTERED run_condor_job_Run3()
JOBID = 162
---->>>> RUN 3
you chose data
file name = /data_CMS/cms/mnguyen/bJetAggRun3/PPRef2024/HardProbes/1/merged_HiForestMiniAOD_v2.root
input file: /data_CMS/cms/mnguyen/bJetAggRun3/PPRef2024/HardProbes/1/merged_HiForestMiniAOD_v2.root
Before Init() in Run condor() 
Opening ROOT file: [/data_CMS/cms/mnguyen/bJetAggRun3/PPRef2024/HardProbes/1/merged_HiForestMiniAOD_v2.root]
Collection name='TList', class='TList', size=2
 OBJ: TFriendElement	HiTree	
 OBJ: TFriendElement	HltTree	
After init of tree inside run condor()
n total = 100081056
  global job = 162  Job 62/100  events [62050282, 63051093)  total=100081056
Enterd make_templates() 
Opening ROOT file: [/data_CMS/cms/mnguyen/bJetAggRun3/PPRef2024/HardProbes/1/merged_HiForestMiniAOD_v2.root]
Collection name='TList', class='TList', size=2
 OBJ: TFriendElement	HiTree	
 OBJ: TFriendElement	HltTree	
Processing events [62050282, 63051093) of 100081056
Processing: 62.0497 %Processing: 62.0997 %Processing: 62.1496 %Processing: 62.1996 %Processing: 62.2495 %Processing: 62.2995 %Processing: 62.3495 %Processing: 62.3994 %Processing: 62.4494 %Processing: 62.4993 %Processing: 62.5493 %Processing: 62.5993 %Processing: 62.6492 %Processing: 62.6992 %Processing: 62.7491 %Processing: 62.7991 %Processing: 62.8491 %Processing: 62.899 %Processing: 62.949 %Processing: 62.9989 %
after run_condor_job_Run3()
ROOT exit code = 0
