gSystem->Load("run_condor_job_Run3_C.so");
run_condor_job_Run3(481, 100,3, 0,
                    80, 200,
                    1, 1, 0, 4);
.q

ENTERED run_condor_job_Run3()
JOBID = 481
---->>>> RUN 3
you chose data
file name = /data_CMS/cms/mnguyen/bJetAggRun3/PPRef2024/HardProbes/4/merged_HiForestMiniAOD_v2.root
input file: /data_CMS/cms/mnguyen/bJetAggRun3/PPRef2024/HardProbes/4/merged_HiForestMiniAOD_v2.root
Before Init() in Run condor() 
Opening ROOT file: [/data_CMS/cms/mnguyen/bJetAggRun3/PPRef2024/HardProbes/4/merged_HiForestMiniAOD_v2.root]
Collection name='TList', class='TList', size=2
 OBJ: TFriendElement	HiTree	
 OBJ: TFriendElement	HltTree	
After init of tree inside run condor()
n total = 100083400
  global job = 481  Job 81/100  events [81067554, 82068388)  total=100083400
Enterd make_templates() 
Opening ROOT file: [/data_CMS/cms/mnguyen/bJetAggRun3/PPRef2024/HardProbes/4/merged_HiForestMiniAOD_v2.root]
Collection name='TList', class='TList', size=2
 OBJ: TFriendElement	HiTree	
 OBJ: TFriendElement	HltTree	
Processing events [81067554, 82068388) of 100083400
Processing: 81.0324 %Processing: 81.0824 %Processing: 81.1323 %Processing: 81.1823 %Processing: 81.2323 %Processing: 81.2822 %Processing: 81.3322 %Processing: 81.3821 %Processing: 81.4321 %Processing: 81.482 %Processing: 81.532 %Processing: 81.582 %Processing: 81.6319 %Processing: 81.6819 %Processing: 81.7318 %Processing: 81.7818 %Processing: 81.8318 %Processing: 81.8817 %Processing: 81.9317 %Processing: 81.9816 %
after run_condor_job_Run3()
ROOT exit code = 0
