gSystem->Load("run_condor_job_Run3_C.so");
run_condor_job_Run3(141, 100,3, 0,
                    80, 200,
                    1, 1, 0, 1);
.q

ENTERED run_condor_job_Run3()
JOBID = 141
---->>>> RUN 3
you chose data
file name = /data_CMS/cms/mnguyen/bJetAggRun3/PPRef2024/HardProbes/1/merged_HiForestMiniAOD_v2.root
input file: /data_CMS/cms/mnguyen/bJetAggRun3/PPRef2024/HardProbes/1/merged_HiForestMiniAOD_v2.root
Before Init() in Run condor() 
Opening ROOT file: [/data_CMS/cms/mnguyen/bJetAggRun3/PPRef2024/HardProbes/1/merged_HiForestMiniAOD_v2.root]
Collection name='TList', class='TList', size=2
 OBJ: TFriendElement	HiTree	
 OBJ: TFriendElement	HltTree	
After init of tree inside run condor()
n total = 100081056
  global job = 141  Job 41/100  events [41033251, 42034062)  total=100081056
Enterd make_templates() 
Opening ROOT file: [/data_CMS/cms/mnguyen/bJetAggRun3/PPRef2024/HardProbes/1/merged_HiForestMiniAOD_v2.root]
Collection name='TList', class='TList', size=2
 OBJ: TFriendElement	HiTree	
 OBJ: TFriendElement	HltTree	
Processing events [41033251, 42034062) of 100081056
Processing: 41.0168 %Processing: 41.0667 %Processing: 41.1167 %Processing: 41.1666 %Processing: 41.2166 %Processing: 41.2666 %Processing: 41.3165 %Processing: 41.3665 %Processing: 41.4164 %Processing: 41.4664 %Processing: 41.5163 %Processing: 41.5663 %Processing: 41.6163 %Processing: 41.6662 %Processing: 41.7162 %Processing: 41.7661 %Processing: 41.8161 %Processing: 41.8661 %Processing: 41.916 %Processing: 41.966 %
after run_condor_job_Run3()
ROOT exit code = 0
