gSystem->Load("run_condor_job_Run3_C.so");
run_condor_job_Run3(61, 100,3, 0,
                    80, 200,
                    1, 1, 0, 0);
.q

ENTERED run_condor_job_Run3()
JOBID = 61
---->>>> RUN 3
you chose data
file name = /data_CMS/cms/mnguyen/bJetAggRun3/PPRef2024/HardProbes/0/merged_HiForestMiniAOD_v2.root
input file: /data_CMS/cms/mnguyen/bJetAggRun3/PPRef2024/HardProbes/0/merged_HiForestMiniAOD_v2.root
Before Init() in Run condor() 
Opening ROOT file: [/data_CMS/cms/mnguyen/bJetAggRun3/PPRef2024/HardProbes/0/merged_HiForestMiniAOD_v2.root]
Collection name='TList', class='TList', size=2
 OBJ: TFriendElement	HiTree	
 OBJ: TFriendElement	HltTree	
After init of tree inside run condor()
n total = 100077150
  global job = 61  Job 61/100  events [61047092, 62047864)  total=100077150
Enterd make_templates() 
Opening ROOT file: [/data_CMS/cms/mnguyen/bJetAggRun3/PPRef2024/HardProbes/0/merged_HiForestMiniAOD_v2.root]
Collection name='TList', class='TList', size=2
 OBJ: TFriendElement	HiTree	
 OBJ: TFriendElement	HltTree	
Processing events [61047092, 62047864) of 100077150
Processing: 61.0029 %Processing: 61.0529 %Processing: 61.1029 %Processing: 61.1528 %Processing: 61.2028 %Processing: 61.2527 %Processing: 61.3027 %Processing: 61.3527 %Processing: 61.4026 %Processing: 61.4526 %Processing: 61.5026 %Processing: 61.5525 %Processing: 61.6025 %Processing: 61.6524 %Processing: 61.7024 %Processing: 61.7524 %Processing: 61.8023 %Processing: 61.8523 %Processing: 61.9022 %Processing: 61.9522 %
after run_condor_job_Run3()
ROOT exit code = 0
