gSystem->Load("run_condor_job_Run3_C.so");
run_condor_job_Run3(320, 100,3, 0,
                    80, 200,
                    1, 1, 0, 3);
.q

ENTERED run_condor_job_Run3()
JOBID = 320
---->>>> RUN 3
you chose data
file name = /data_CMS/cms/mnguyen/bJetAggRun3/PPRef2024/HardProbes/3/merged_HiForestMiniAOD_v2.root
input file: /data_CMS/cms/mnguyen/bJetAggRun3/PPRef2024/HardProbes/3/merged_HiForestMiniAOD_v2.root
Before Init() in Run condor() 
Opening ROOT file: [/data_CMS/cms/mnguyen/bJetAggRun3/PPRef2024/HardProbes/3/merged_HiForestMiniAOD_v2.root]
Collection name='TList', class='TList', size=2
 OBJ: TFriendElement	HiTree	
 OBJ: TFriendElement	HltTree	
After init of tree inside run condor()
n total = 100067149
  global job = 320  Job 20/100  events [20013440, 21014112)  total=100067149
Enterd make_templates() 
Opening ROOT file: [/data_CMS/cms/mnguyen/bJetAggRun3/PPRef2024/HardProbes/3/merged_HiForestMiniAOD_v2.root]
Collection name='TList', class='TList', size=2
 OBJ: TFriendElement	HiTree	
 OBJ: TFriendElement	HltTree	
Processing events [20013440, 21014112) of 100067149
Processing: 20.0365 %Processing: 20.0865 %Processing: 20.1365 %Processing: 20.1864 %Processing: 20.2364 %Processing: 20.2864 %Processing: 20.3363 %Processing: 20.3863 %Processing: 20.4363 %Processing: 20.4862 %Processing: 20.5362 %Processing: 20.5862 %Processing: 20.6361 %Processing: 20.6861 %Processing: 20.7361 %Processing: 20.786 %Processing: 20.836 %Processing: 20.886 %Processing: 20.9359 %Processing: 20.9859 %
after run_condor_job_Run3()
ROOT exit code = 0
