gSystem->Load("run_condor_job_Run3_C.so");
run_condor_job_Run3(18, 100,3, 0,
                    80, 200,
                    1, 1, 0, 0);
.q

ENTERED run_condor_job_Run3()
JOBID = 18
---->>>> RUN 3
you chose data
file name = /data_CMS/cms/mnguyen/bJetAggRun3/PPRef2024/HardProbes/0/merged_HiForestMiniAOD_v2.root
input file: /data_CMS/cms/mnguyen/bJetAggRun3/PPRef2024/HardProbes/0/merged_HiForestMiniAOD_v2.root
Before Init() in Run condor() 
Opening ROOT file: [/data_CMS/cms/mnguyen/bJetAggRun3/PPRef2024/HardProbes/0/merged_HiForestMiniAOD_v2.root]
Collection name='TList', class='TList', size=2
 OBJ: TFriendElement	HiTree	
 OBJ: TFriendElement	HltTree	
After init of tree inside run condor()
n total = 100077150
  global job = 18  Job 18/100  events [18013896, 19014668)  total=100077150
Enterd make_templates() 
Opening ROOT file: [/data_CMS/cms/mnguyen/bJetAggRun3/PPRef2024/HardProbes/0/merged_HiForestMiniAOD_v2.root]
Collection name='TList', class='TList', size=2
 OBJ: TFriendElement	HiTree	
 OBJ: TFriendElement	HltTree	
Processing events [18013896, 19014668) of 100077150
Processing: 18.0361 %Processing: 18.086 %Processing: 18.136 %Processing: 18.186 %Processing: 18.2359 %Processing: 18.2859 %Processing: 18.3359 %Processing: 18.3858 %Processing: 18.4358 %Processing: 18.4857 %Processing: 18.5357 %Processing: 18.5857 %Processing: 18.6356 %Processing: 18.6856 %Processing: 18.7355 %Processing: 18.7855 %Processing: 18.8355 %Processing: 18.8854 %Processing: 18.9354 %Processing: 18.9854 %
after run_condor_job_Run3()
ROOT exit code = 0
