gSystem->Load("run_condor_job_Run3_C.so");
run_condor_job_Run3(447, 100,3, 0,
                    80, 200,
                    1, 1, 0, 4);
.q

ENTERED run_condor_job_Run3()
JOBID = 447
---->>>> RUN 3
you chose data
file name = /data_CMS/cms/mnguyen/bJetAggRun3/PPRef2024/HardProbes/4/merged_HiForestMiniAOD_v2.root
input file: /data_CMS/cms/mnguyen/bJetAggRun3/PPRef2024/HardProbes/4/merged_HiForestMiniAOD_v2.root
Before Init() in Run condor() 
Opening ROOT file: [/data_CMS/cms/mnguyen/bJetAggRun3/PPRef2024/HardProbes/4/merged_HiForestMiniAOD_v2.root]
Collection name='TList', class='TList', size=2
 OBJ: TFriendElement	HiTree	
 OBJ: TFriendElement	HltTree	
After init of tree inside run condor()
n total = 100083400
  global job = 447  Job 47/100  events [47039198, 48040032)  total=100083400
Enterd make_templates() 
Opening ROOT file: [/data_CMS/cms/mnguyen/bJetAggRun3/PPRef2024/HardProbes/4/merged_HiForestMiniAOD_v2.root]
Collection name='TList', class='TList', size=2
 OBJ: TFriendElement	HiTree	
 OBJ: TFriendElement	HltTree	
Processing events [47039198, 48040032) of 100083400
Processing: 47.0108 %Processing: 47.0608 %Processing: 47.1107 %Processing: 47.1607 %Processing: 47.2106 %Processing: 47.2606 %Processing: 47.3105 %Processing: 47.3605 %Processing: 47.4105 %Processing: 47.4604 %Processing: 47.5104 %Processing: 47.5603 %Processing: 47.6103 %Processing: 47.6603 %Processing: 47.7102 %Processing: 47.7602 %Processing: 47.8101 %Processing: 47.8601 %Processing: 47.91 %Processing: 47.96 %
after run_condor_job_Run3()
ROOT exit code = 0
