gSystem->Load("run_condor_job_Run3_C.so");
run_condor_job_Run3(172, 100,3, 0,
                    80, 200,
                    1, 1, 0, 1);
.q

ENTERED run_condor_job_Run3()
JOBID = 172
---->>>> RUN 3
you chose data
file name = /data_CMS/cms/mnguyen/bJetAggRun3/PPRef2024/HardProbes/1/merged_HiForestMiniAOD_v2.root
input file: /data_CMS/cms/mnguyen/bJetAggRun3/PPRef2024/HardProbes/1/merged_HiForestMiniAOD_v2.root
Before Init() in Run condor() 
Opening ROOT file: [/data_CMS/cms/mnguyen/bJetAggRun3/PPRef2024/HardProbes/1/merged_HiForestMiniAOD_v2.root]
Collection name='TList', class='TList', size=2
 OBJ: TFriendElement	HiTree	
 OBJ: TFriendElement	HltTree	
After init of tree inside run condor()
n total = 100081056
  global job = 172  Job 72/100  events [72058392, 73059203)  total=100081056
Enterd make_templates() 
Opening ROOT file: [/data_CMS/cms/mnguyen/bJetAggRun3/PPRef2024/HardProbes/1/merged_HiForestMiniAOD_v2.root]
Collection name='TList', class='TList', size=2
 OBJ: TFriendElement	HiTree	
 OBJ: TFriendElement	HltTree	
Processing events [72058392, 73059203) of 100081056
Processing: 72.0416 %Processing: 72.0916 %Processing: 72.1415 %Processing: 72.1915 %Processing: 72.2414 %Processing: 72.2914 %Processing: 72.3414 %Processing: 72.3913 %Processing: 72.4413 %Processing: 72.4912 %Processing: 72.5412 %Processing: 72.5912 %Processing: 72.6411 %Processing: 72.6911 %Processing: 72.741 %Processing: 72.791 %Processing: 72.841 %Processing: 72.8909 %Processing: 72.9409 %Processing: 72.9908 %
after run_condor_job_Run3()
ROOT exit code = 0
