gSystem->Load("run_condor_job_Run3_C.so");
run_condor_job_Run3(150, 100,3, 0,
                    80, 200,
                    1, 1, 0, 1);
.q

ENTERED run_condor_job_Run3()
JOBID = 150
---->>>> RUN 3
you chose data
file name = /data_CMS/cms/mnguyen/bJetAggRun3/PPRef2024/HardProbes/1/merged_HiForestMiniAOD_v2.root
input file: /data_CMS/cms/mnguyen/bJetAggRun3/PPRef2024/HardProbes/1/merged_HiForestMiniAOD_v2.root
Before Init() in Run condor() 
Opening ROOT file: [/data_CMS/cms/mnguyen/bJetAggRun3/PPRef2024/HardProbes/1/merged_HiForestMiniAOD_v2.root]
Collection name='TList', class='TList', size=2
 OBJ: TFriendElement	HiTree	
 OBJ: TFriendElement	HltTree	
After init of tree inside run condor()
n total = 100081056
  global job = 150  Job 50/100  events [50040550, 51041361)  total=100081056
Enterd make_templates() 
Opening ROOT file: [/data_CMS/cms/mnguyen/bJetAggRun3/PPRef2024/HardProbes/1/merged_HiForestMiniAOD_v2.root]
Collection name='TList', class='TList', size=2
 OBJ: TFriendElement	HiTree	
 OBJ: TFriendElement	HltTree	
Processing events [50040550, 51041361) of 100081056
Processing: 50.0095 %Processing: 50.0594 %Processing: 50.1094 %Processing: 50.1593 %Processing: 50.2093 %Processing: 50.2593 %Processing: 50.3092 %Processing: 50.3592 %Processing: 50.4091 %Processing: 50.4591 %Processing: 50.5091 %Processing: 50.559 %Processing: 50.609 %Processing: 50.6589 %Processing: 50.7089 %Processing: 50.7589 %Processing: 50.8088 %Processing: 50.8588 %Processing: 50.9087 %Processing: 50.9587 %
after run_condor_job_Run3()
ROOT exit code = 0
