gSystem->Load("run_condor_job_Run3_C.so");
run_condor_job_Run3(205, 100,3, 0,
                    80, 200,
                    1, 1, 0, 2);
.q

ENTERED run_condor_job_Run3()
JOBID = 205
---->>>> RUN 3
you chose data
file name = /data_CMS/cms/mnguyen/bJetAggRun3/PPRef2024/HardProbes/2/merged_HiForestMiniAOD_v2.root
input file: /data_CMS/cms/mnguyen/bJetAggRun3/PPRef2024/HardProbes/2/merged_HiForestMiniAOD_v2.root
Before Init() in Run condor() 
Opening ROOT file: [/data_CMS/cms/mnguyen/bJetAggRun3/PPRef2024/HardProbes/2/merged_HiForestMiniAOD_v2.root]
Collection name='TList', class='TList', size=2
 OBJ: TFriendElement	HiTree	
 OBJ: TFriendElement	HltTree	
After init of tree inside run condor()
n total = 99980719
  global job = 205  Job 5/100  events [4999040, 5998848)  total=99980719
Enterd make_templates() 
Opening ROOT file: [/data_CMS/cms/mnguyen/bJetAggRun3/PPRef2024/HardProbes/2/merged_HiForestMiniAOD_v2.root]
Collection name='TList', class='TList', size=2
 OBJ: TFriendElement	HiTree	
 OBJ: TFriendElement	HltTree	
Processing events [4999040, 5998848) of 99980719
Processing: 5.00096 %Processing: 5.05097 %Processing: 5.10098 %Processing: 5.15099 %Processing: 5.201 %Processing: 5.25101 %Processing: 5.30102 %Processing: 5.35103 %Processing: 5.40104 %Processing: 5.45105 %Processing: 5.50106 %Processing: 5.55107 %Processing: 5.60108 %Processing: 5.65109 %Processing: 5.7011 %Processing: 5.75111 %Processing: 5.80112 %Processing: 5.85113 %Processing: 5.90114 %Processing: 5.95115 %
after run_condor_job_Run3()
ROOT exit code = 0
