gSystem->Load("run_condor_job_Run3_C.so");
run_condor_job_Run3(342, 100,3, 0,
                    80, 200,
                    1, 1, 0, 3);
.q

ENTERED run_condor_job_Run3()
JOBID = 342
---->>>> RUN 3
you chose data
file name = /data_CMS/cms/mnguyen/bJetAggRun3/PPRef2024/HardProbes/3/merged_HiForestMiniAOD_v2.root
input file: /data_CMS/cms/mnguyen/bJetAggRun3/PPRef2024/HardProbes/3/merged_HiForestMiniAOD_v2.root
Before Init() in Run condor() 
Opening ROOT file: [/data_CMS/cms/mnguyen/bJetAggRun3/PPRef2024/HardProbes/3/merged_HiForestMiniAOD_v2.root]
Collection name='TList', class='TList', size=2
 OBJ: TFriendElement	HiTree	
 OBJ: TFriendElement	HltTree	
After init of tree inside run condor()
n total = 100067149
  global job = 342  Job 42/100  events [42028224, 43028896)  total=100067149
Enterd make_templates() 
Opening ROOT file: [/data_CMS/cms/mnguyen/bJetAggRun3/PPRef2024/HardProbes/3/merged_HiForestMiniAOD_v2.root]
Collection name='TList', class='TList', size=2
 OBJ: TFriendElement	HiTree	
 OBJ: TFriendElement	HltTree	
Processing events [42028224, 43028896) of 100067149
Processing: 42.0218 %Processing: 42.0717 %Processing: 42.1217 %Processing: 42.1717 %Processing: 42.2216 %Processing: 42.2716 %Processing: 42.3216 %Processing: 42.3715 %Processing: 42.4215 %Processing: 42.4715 %Processing: 42.5214 %Processing: 42.5714 %Processing: 42.6214 %Processing: 42.6713 %Processing: 42.7213 %Processing: 42.7713 %Processing: 42.8212 %Processing: 42.8712 %Processing: 42.9212 %Processing: 42.9711 %
after run_condor_job_Run3()
ROOT exit code = 0
