gSystem->Load("run_condor_job_Run3_C.so");
run_condor_job_Run3(395, 100,3, 0,
                    80, 200,
                    1, 1, 0, 3);
.q

ENTERED run_condor_job_Run3()
JOBID = 395
---->>>> RUN 3
you chose data
file name = /data_CMS/cms/mnguyen/bJetAggRun3/PPRef2024/HardProbes/3/merged_HiForestMiniAOD_v2.root
input file: /data_CMS/cms/mnguyen/bJetAggRun3/PPRef2024/HardProbes/3/merged_HiForestMiniAOD_v2.root
Before Init() in Run condor() 
Opening ROOT file: [/data_CMS/cms/mnguyen/bJetAggRun3/PPRef2024/HardProbes/3/merged_HiForestMiniAOD_v2.root]
Collection name='TList', class='TList', size=2
 OBJ: TFriendElement	HiTree	
 OBJ: TFriendElement	HltTree	
After init of tree inside run condor()
n total = 100067149
  global job = 395  Job 95/100  events [95063840, 96064512)  total=100067149
Enterd make_templates() 
Opening ROOT file: [/data_CMS/cms/mnguyen/bJetAggRun3/PPRef2024/HardProbes/3/merged_HiForestMiniAOD_v2.root]
Collection name='TList', class='TList', size=2
 OBJ: TFriendElement	HiTree	
 OBJ: TFriendElement	HltTree	
Processing events [95063840, 96064512) of 100067149
Processing: 95.0362 %Processing: 95.0862 %Processing: 95.1361 %Processing: 95.1861 %Processing: 95.236 %Processing: 95.286 %Processing: 95.336 %Processing: 95.3859 %Processing: 95.4359 %Processing: 95.4859 %Processing: 95.5358 %Processing: 95.5858 %Processing: 95.6358 %Processing: 95.6857 %Processing: 95.7357 %Processing: 95.7857 %Processing: 95.8356 %Processing: 95.8856 %Processing: 95.9356 %Processing: 95.9855 %
after run_condor_job_Run3()
ROOT exit code = 0
