gSystem->Load("run_condor_job_Run3_C.so");
run_condor_job_Run3(416, 100,3, 0,
                    80, 200,
                    1, 1, 0, 4);
.q

ENTERED run_condor_job_Run3()
JOBID = 416
---->>>> RUN 3
you chose data
file name = /data_CMS/cms/mnguyen/bJetAggRun3/PPRef2024/HardProbes/4/merged_HiForestMiniAOD_v2.root
input file: /data_CMS/cms/mnguyen/bJetAggRun3/PPRef2024/HardProbes/4/merged_HiForestMiniAOD_v2.root
Before Init() in Run condor() 
Opening ROOT file: [/data_CMS/cms/mnguyen/bJetAggRun3/PPRef2024/HardProbes/4/merged_HiForestMiniAOD_v2.root]
Collection name='TList', class='TList', size=2
 OBJ: TFriendElement	HiTree	
 OBJ: TFriendElement	HltTree	
After init of tree inside run condor()
n total = 100083400
  global job = 416  Job 16/100  events [16013344, 17014178)  total=100083400
Enterd make_templates() 
Opening ROOT file: [/data_CMS/cms/mnguyen/bJetAggRun3/PPRef2024/HardProbes/4/merged_HiForestMiniAOD_v2.root]
Collection name='TList', class='TList', size=2
 OBJ: TFriendElement	HiTree	
 OBJ: TFriendElement	HltTree	
Processing events [16013344, 17014178) of 100083400
Processing: 16.0366 %Processing: 16.0866 %Processing: 16.1365 %Processing: 16.1865 %Processing: 16.2365 %Processing: 16.2864 %Processing: 16.3364 %Processing: 16.3863 %Processing: 16.4363 %Processing: 16.4863 %Processing: 16.5362 %Processing: 16.5862 %Processing: 16.6361 %Processing: 16.6861 %Processing: 16.736 %Processing: 16.786 %Processing: 16.836 %Processing: 16.8859 %Processing: 16.9359 %Processing: 16.9858 %
after run_condor_job_Run3()
ROOT exit code = 0
