gSystem->Load("run_condor_job_Run3_C.so");
run_condor_job_Run3(303, 100,3, 0,
                    80, 200,
                    1, 1, 0, 3);
.q

ENTERED run_condor_job_Run3()
JOBID = 303
---->>>> RUN 3
you chose data
file name = /data_CMS/cms/mnguyen/bJetAggRun3/PPRef2024/HardProbes/3/merged_HiForestMiniAOD_v2.root
input file: /data_CMS/cms/mnguyen/bJetAggRun3/PPRef2024/HardProbes/3/merged_HiForestMiniAOD_v2.root
Before Init() in Run condor() 
Opening ROOT file: [/data_CMS/cms/mnguyen/bJetAggRun3/PPRef2024/HardProbes/3/merged_HiForestMiniAOD_v2.root]
Collection name='TList', class='TList', size=2
 OBJ: TFriendElement	HiTree	
 OBJ: TFriendElement	HltTree	
After init of tree inside run condor()
n total = 100067149
  global job = 303  Job 3/100  events [3002016, 4002688)  total=100067149
Enterd make_templates() 
Opening ROOT file: [/data_CMS/cms/mnguyen/bJetAggRun3/PPRef2024/HardProbes/3/merged_HiForestMiniAOD_v2.root]
Collection name='TList', class='TList', size=2
 OBJ: TFriendElement	HiTree	
 OBJ: TFriendElement	HltTree	
Processing events [3002016, 4002688) of 100067149
Processing: 3.04795 %Processing: 3.09792 %Processing: 3.14789 %Processing: 3.19785 %Processing: 3.24782 %Processing: 3.29779 %Processing: 3.34775 %Processing: 3.39772 %Processing: 3.44768 %Processing: 3.49765 %Processing: 3.54762 %Processing: 3.59758 %Processing: 3.64755 %Processing: 3.69752 %Processing: 3.74748 %Processing: 3.79745 %Processing: 3.84742 %Processing: 3.89738 %Processing: 3.94735 %Processing: 3.99732 %
after run_condor_job_Run3()
ROOT exit code = 0
