gSystem->Load("run_condor_job_Run3_C.so");
run_condor_job_Run3(368, 100,3, 0,
                    80, 200,
                    1, 1, 0, 3);
.q

ENTERED run_condor_job_Run3()
JOBID = 368
---->>>> RUN 3
you chose data
file name = /data_CMS/cms/mnguyen/bJetAggRun3/PPRef2024/HardProbes/3/merged_HiForestMiniAOD_v2.root
input file: /data_CMS/cms/mnguyen/bJetAggRun3/PPRef2024/HardProbes/3/merged_HiForestMiniAOD_v2.root
Before Init() in Run condor() 
Opening ROOT file: [/data_CMS/cms/mnguyen/bJetAggRun3/PPRef2024/HardProbes/3/merged_HiForestMiniAOD_v2.root]
Collection name='TList', class='TList', size=2
 OBJ: TFriendElement	HiTree	
 OBJ: TFriendElement	HltTree	
After init of tree inside run condor()
n total = 100067149
  global job = 368  Job 68/100  events [68045696, 69046368)  total=100067149
Enterd make_templates() 
Opening ROOT file: [/data_CMS/cms/mnguyen/bJetAggRun3/PPRef2024/HardProbes/3/merged_HiForestMiniAOD_v2.root]
Collection name='TList', class='TList', size=2
 OBJ: TFriendElement	HiTree	
 OBJ: TFriendElement	HltTree	
Processing events [68045696, 69046368) of 100067149
Processing: 68.0043 %Processing: 68.0543 %Processing: 68.1043 %Processing: 68.1542 %Processing: 68.2042 %Processing: 68.2542 %Processing: 68.3041 %Processing: 68.3541 %Processing: 68.4041 %Processing: 68.454 %Processing: 68.504 %Processing: 68.554 %Processing: 68.6039 %Processing: 68.6539 %Processing: 68.7039 %Processing: 68.7538 %Processing: 68.8038 %Processing: 68.8538 %Processing: 68.9037 %Processing: 68.9537 %
after run_condor_job_Run3()
ROOT exit code = 0
