gSystem->Load("run_condor_job_Run3_C.so");
run_condor_job_Run3(304, 100,3, 0,
                    80, 200,
                    1, 1, 0, 3);
.q

ENTERED run_condor_job_Run3()
JOBID = 304
---->>>> RUN 3
you chose data
file name = /data_CMS/cms/mnguyen/bJetAggRun3/PPRef2024/HardProbes/3/merged_HiForestMiniAOD_v2.root
input file: /data_CMS/cms/mnguyen/bJetAggRun3/PPRef2024/HardProbes/3/merged_HiForestMiniAOD_v2.root
Before Init() in Run condor() 
Opening ROOT file: [/data_CMS/cms/mnguyen/bJetAggRun3/PPRef2024/HardProbes/3/merged_HiForestMiniAOD_v2.root]
Collection name='TList', class='TList', size=2
 OBJ: TFriendElement	HiTree	
 OBJ: TFriendElement	HltTree	
After init of tree inside run condor()
n total = 100067149
  global job = 304  Job 4/100  events [4002688, 5003360)  total=100067149
Enterd make_templates() 
Opening ROOT file: [/data_CMS/cms/mnguyen/bJetAggRun3/PPRef2024/HardProbes/3/merged_HiForestMiniAOD_v2.root]
Collection name='TList', class='TList', size=2
 OBJ: TFriendElement	HiTree	
 OBJ: TFriendElement	HltTree	
Processing events [4002688, 5003360) of 100067149
Processing: 4.04728 %Processing: 4.09725 %Processing: 4.14722 %Processing: 4.19718 %Processing: 4.24715 %Processing: 4.29711 %Processing: 4.34708 %Processing: 4.39705 %Processing: 4.44701 %Processing: 4.49698 %Processing: 4.54695 %Processing: 4.59691 %Processing: 4.64688 %Processing: 4.69685 %Processing: 4.74681 %Processing: 4.79678 %Processing: 4.84675 %Processing: 4.89671 %Processing: 4.94668 %Processing: 4.99664 %
after run_condor_job_Run3()
ROOT exit code = 0
