gSystem->Load("run_condor_job_Run3_C.so");
run_condor_job_Run3(147, 100,3, 0,
                    80, 200,
                    1, 1, 0, 1);
.q

ENTERED run_condor_job_Run3()
JOBID = 147
---->>>> RUN 3
you chose data
file name = /data_CMS/cms/mnguyen/bJetAggRun3/PPRef2024/HardProbes/1/merged_HiForestMiniAOD_v2.root
input file: /data_CMS/cms/mnguyen/bJetAggRun3/PPRef2024/HardProbes/1/merged_HiForestMiniAOD_v2.root
Before Init() in Run condor() 
Opening ROOT file: [/data_CMS/cms/mnguyen/bJetAggRun3/PPRef2024/HardProbes/1/merged_HiForestMiniAOD_v2.root]
Collection name='TList', class='TList', size=2
 OBJ: TFriendElement	HiTree	
 OBJ: TFriendElement	HltTree	
After init of tree inside run condor()
n total = 100081056
  global job = 147  Job 47/100  events [47038117, 48038928)  total=100081056
Enterd make_templates() 
Opening ROOT file: [/data_CMS/cms/mnguyen/bJetAggRun3/PPRef2024/HardProbes/1/merged_HiForestMiniAOD_v2.root]
Collection name='TList', class='TList', size=2
 OBJ: TFriendElement	HiTree	
 OBJ: TFriendElement	HltTree	
Processing events [47038117, 48038928) of 100081056
Processing: 47.0119 %Processing: 47.0619 %Processing: 47.1118 %Processing: 47.1618 %Processing: 47.2117 %Processing: 47.2617 %Processing: 47.3117 %Processing: 47.3616 %Processing: 47.4116 %Processing: 47.4615 %Processing: 47.5115 %Processing: 47.5614 %Processing: 47.6114 %Processing: 47.6614 %Processing: 47.7113 %Processing: 47.7613 %Processing: 47.8112 %Processing: 47.8612 %Processing: 47.9112 %Processing: 47.9611 %
after run_condor_job_Run3()
ROOT exit code = 0
