gSystem->Load("run_condor_job_Run3_C.so");
run_condor_job_Run3(230, 100,3, 0,
                    80, 200,
                    1, 1, 0, 2);
.q

ENTERED run_condor_job_Run3()
JOBID = 230
---->>>> RUN 3
you chose data
file name = /data_CMS/cms/mnguyen/bJetAggRun3/PPRef2024/HardProbes/2/merged_HiForestMiniAOD_v2.root
input file: /data_CMS/cms/mnguyen/bJetAggRun3/PPRef2024/HardProbes/2/merged_HiForestMiniAOD_v2.root
Before Init() in Run condor() 
Opening ROOT file: [/data_CMS/cms/mnguyen/bJetAggRun3/PPRef2024/HardProbes/2/merged_HiForestMiniAOD_v2.root]
Collection name='TList', class='TList', size=2
 OBJ: TFriendElement	HiTree	
 OBJ: TFriendElement	HltTree	
After init of tree inside run condor()
n total = 99980719
  global job = 230  Job 30/100  events [29994240, 30994048)  total=99980719
Enterd make_templates() 
Opening ROOT file: [/data_CMS/cms/mnguyen/bJetAggRun3/PPRef2024/HardProbes/2/merged_HiForestMiniAOD_v2.root]
Collection name='TList', class='TList', size=2
 OBJ: TFriendElement	HiTree	
 OBJ: TFriendElement	HltTree	
Processing events [29994240, 30994048) of 99980719
Processing: 30.0058 %Processing: 30.0558 %Processing: 30.1058 %Processing: 30.1558 %Processing: 30.2058 %Processing: 30.2558 %Processing: 30.3058 %Processing: 30.3559 %Processing: 30.4059 %Processing: 30.4559 %Processing: 30.5059 %Processing: 30.5559 %Processing: 30.6059 %Processing: 30.6559 %Processing: 30.7059 %Processing: 30.7559 %Processing: 30.8059 %Processing: 30.8559 %Processing: 30.906 %Processing: 30.956 %
after run_condor_job_Run3()
ROOT exit code = 0
