gSystem->Load("run_condor_job_Run3_C.so");
run_condor_job_Run3(480, 100,3, 0,
                    80, 200,
                    1, 1, 0, 4);
.q

ENTERED run_condor_job_Run3()
JOBID = 480
---->>>> RUN 3
you chose data
file name = /data_CMS/cms/mnguyen/bJetAggRun3/PPRef2024/HardProbes/4/merged_HiForestMiniAOD_v2.root
input file: /data_CMS/cms/mnguyen/bJetAggRun3/PPRef2024/HardProbes/4/merged_HiForestMiniAOD_v2.root
Before Init() in Run condor() 
Opening ROOT file: [/data_CMS/cms/mnguyen/bJetAggRun3/PPRef2024/HardProbes/4/merged_HiForestMiniAOD_v2.root]
Collection name='TList', class='TList', size=2
 OBJ: TFriendElement	HiTree	
 OBJ: TFriendElement	HltTree	
After init of tree inside run condor()
n total = 100083400
  global job = 480  Job 80/100  events [80066720, 81067554)  total=100083400
Enterd make_templates() 
Opening ROOT file: [/data_CMS/cms/mnguyen/bJetAggRun3/PPRef2024/HardProbes/4/merged_HiForestMiniAOD_v2.root]
Collection name='TList', class='TList', size=2
 OBJ: TFriendElement	HiTree	
 OBJ: TFriendElement	HltTree	
Processing events [80066720, 81067554) of 100083400
Processing: 80.0333 %Processing: 80.0832 %Processing: 80.1332 %Processing: 80.1831 %Processing: 80.2331 %Processing: 80.283 %Processing: 80.333 %Processing: 80.383 %Processing: 80.4329 %Processing: 80.4829 %Processing: 80.5328 %Processing: 80.5828 %Processing: 80.6328 %Processing: 80.6827 %Processing: 80.7327 %Processing: 80.7826 %Processing: 80.8326 %Processing: 80.8825 %Processing: 80.9325 %Processing: 80.9825 %
after run_condor_job_Run3()
ROOT exit code = 0
