gSystem->Load("run_condor_job_Run3_C.so");
run_condor_job_Run3(426, 100,3, 0,
                    80, 200,
                    1, 1, 0, 4);
.q

ENTERED run_condor_job_Run3()
JOBID = 426
---->>>> RUN 3
you chose data
file name = /data_CMS/cms/mnguyen/bJetAggRun3/PPRef2024/HardProbes/4/merged_HiForestMiniAOD_v2.root
input file: /data_CMS/cms/mnguyen/bJetAggRun3/PPRef2024/HardProbes/4/merged_HiForestMiniAOD_v2.root
Before Init() in Run condor() 
Opening ROOT file: [/data_CMS/cms/mnguyen/bJetAggRun3/PPRef2024/HardProbes/4/merged_HiForestMiniAOD_v2.root]
Collection name='TList', class='TList', size=2
 OBJ: TFriendElement	HiTree	
 OBJ: TFriendElement	HltTree	
After init of tree inside run condor()
n total = 100083400
  global job = 426  Job 26/100  events [26021684, 27022518)  total=100083400
Enterd make_templates() 
Opening ROOT file: [/data_CMS/cms/mnguyen/bJetAggRun3/PPRef2024/HardProbes/4/merged_HiForestMiniAOD_v2.root]
Collection name='TList', class='TList', size=2
 OBJ: TFriendElement	HiTree	
 OBJ: TFriendElement	HltTree	
Processing events [26021684, 27022518) of 100083400
Processing: 26.0283 %Processing: 26.0783 %Processing: 26.1282 %Processing: 26.1782 %Processing: 26.2281 %Processing: 26.2781 %Processing: 26.328 %Processing: 26.378 %Processing: 26.428 %Processing: 26.4779 %Processing: 26.5279 %Processing: 26.5778 %Processing: 26.6278 %Processing: 26.6778 %Processing: 26.7277 %Processing: 26.7777 %Processing: 26.8276 %Processing: 26.8776 %Processing: 26.9275 %Processing: 26.9775 %
after run_condor_job_Run3()
ROOT exit code = 0
