gSystem->Load("run_condor_job_Run3_C.so");
run_condor_job_Run3(112, 100,3, 0,
                    80, 200,
                    1, 1, 0, 1);
.q

ENTERED run_condor_job_Run3()
JOBID = 112
---->>>> RUN 3
you chose data
file name = /data_CMS/cms/mnguyen/bJetAggRun3/PPRef2024/HardProbes/1/merged_HiForestMiniAOD_v2.root
input file: /data_CMS/cms/mnguyen/bJetAggRun3/PPRef2024/HardProbes/1/merged_HiForestMiniAOD_v2.root
Before Init() in Run condor() 
Opening ROOT file: [/data_CMS/cms/mnguyen/bJetAggRun3/PPRef2024/HardProbes/1/merged_HiForestMiniAOD_v2.root]
Collection name='TList', class='TList', size=2
 OBJ: TFriendElement	HiTree	
 OBJ: TFriendElement	HltTree	
After init of tree inside run condor()
n total = 100081056
  global job = 112  Job 12/100  events [12009732, 13010543)  total=100081056
Enterd make_templates() 
Opening ROOT file: [/data_CMS/cms/mnguyen/bJetAggRun3/PPRef2024/HardProbes/1/merged_HiForestMiniAOD_v2.root]
Collection name='TList', class='TList', size=2
 OBJ: TFriendElement	HiTree	
 OBJ: TFriendElement	HltTree	
Processing events [12009732, 13010543) of 100081056
Processing: 12.0402 %Processing: 12.0902 %Processing: 12.1402 %Processing: 12.1901 %Processing: 12.2401 %Processing: 12.29 %Processing: 12.34 %Processing: 12.39 %Processing: 12.4399 %Processing: 12.4899 %Processing: 12.5398 %Processing: 12.5898 %Processing: 12.6398 %Processing: 12.6897 %Processing: 12.7397 %Processing: 12.7896 %Processing: 12.8396 %Processing: 12.8896 %Processing: 12.9395 %Processing: 12.9895 %
after run_condor_job_Run3()
ROOT exit code = 0
