gSystem->Load("run_condor_job_Run3_C.so");
run_condor_job_Run3(4, 100,3, 0,
                    80, 200,
                    1, 1, 0, 0);
.q

ENTERED run_condor_job_Run3()
JOBID = 4
---->>>> RUN 3
you chose data
file name = /data_CMS/cms/mnguyen/bJetAggRun3/PPRef2024/HardProbes/0/merged_HiForestMiniAOD_v2.root
input file: /data_CMS/cms/mnguyen/bJetAggRun3/PPRef2024/HardProbes/0/merged_HiForestMiniAOD_v2.root
Before Init() in Run condor() 
Opening ROOT file: [/data_CMS/cms/mnguyen/bJetAggRun3/PPRef2024/HardProbes/0/merged_HiForestMiniAOD_v2.root]
Collection name='TList', class='TList', size=2
 OBJ: TFriendElement	HiTree	
 OBJ: TFriendElement	HltTree	
After init of tree inside run condor()
n total = 100077150
  global job = 4  Job 4/100  events [4003088, 5003860)  total=100077150
Enterd make_templates() 
Opening ROOT file: [/data_CMS/cms/mnguyen/bJetAggRun3/PPRef2024/HardProbes/0/merged_HiForestMiniAOD_v2.root]
Collection name='TList', class='TList', size=2
 OBJ: TFriendElement	HiTree	
 OBJ: TFriendElement	HltTree	
Processing events [4003088, 5003860) of 100077150
Processing: 4.04688 %Processing: 4.09684 %Processing: 4.1468 %Processing: 4.19676 %Processing: 4.24672 %Processing: 4.29669 %Processing: 4.34665 %Processing: 4.39661 %Processing: 4.44657 %Processing: 4.49653 %Processing: 4.54649 %Processing: 4.59645 %Processing: 4.64642 %Processing: 4.69638 %Processing: 4.74634 %Processing: 4.7963 %Processing: 4.84626 %Processing: 4.89622 %Processing: 4.94618 %Processing: 4.99615 %
after run_condor_job_Run3()
ROOT exit code = 0
