gSystem->Load("run_condor_job_Run3_C.so");
run_condor_job_Run3(439, 100,3, 0,
                    80, 200,
                    1, 1, 0, 4);
.q

ENTERED run_condor_job_Run3()
JOBID = 439
---->>>> RUN 3
you chose data
file name = /data_CMS/cms/mnguyen/bJetAggRun3/PPRef2024/HardProbes/4/merged_HiForestMiniAOD_v2.root
input file: /data_CMS/cms/mnguyen/bJetAggRun3/PPRef2024/HardProbes/4/merged_HiForestMiniAOD_v2.root
Before Init() in Run condor() 
Opening ROOT file: [/data_CMS/cms/mnguyen/bJetAggRun3/PPRef2024/HardProbes/4/merged_HiForestMiniAOD_v2.root]
Collection name='TList', class='TList', size=2
 OBJ: TFriendElement	HiTree	
 OBJ: TFriendElement	HltTree	
After init of tree inside run condor()
n total = 100083400
  global job = 439  Job 39/100  events [39032526, 40033360)  total=100083400
Enterd make_templates() 
Opening ROOT file: [/data_CMS/cms/mnguyen/bJetAggRun3/PPRef2024/HardProbes/4/merged_HiForestMiniAOD_v2.root]
Collection name='TList', class='TList', size=2
 OBJ: TFriendElement	HiTree	
 OBJ: TFriendElement	HltTree	
Processing events [39032526, 40033360) of 100083400
Processing: 39.0175 %Processing: 39.0674 %Processing: 39.1174 %Processing: 39.1673 %Processing: 39.2173 %Processing: 39.2673 %Processing: 39.3172 %Processing: 39.3672 %Processing: 39.4171 %Processing: 39.4671 %Processing: 39.517 %Processing: 39.567 %Processing: 39.617 %Processing: 39.6669 %Processing: 39.7169 %Processing: 39.7668 %Processing: 39.8168 %Processing: 39.8668 %Processing: 39.9167 %Processing: 39.9667 %
after run_condor_job_Run3()
ROOT exit code = 0
