gSystem->Load("run_condor_job_Run3_C.so");
run_condor_job_Run3(153, 100,3, 0,
                    80, 200,
                    1, 1, 0, 1);
.q

ENTERED run_condor_job_Run3()
JOBID = 153
---->>>> RUN 3
you chose data
file name = /data_CMS/cms/mnguyen/bJetAggRun3/PPRef2024/HardProbes/1/merged_HiForestMiniAOD_v2.root
input file: /data_CMS/cms/mnguyen/bJetAggRun3/PPRef2024/HardProbes/1/merged_HiForestMiniAOD_v2.root
Before Init() in Run condor() 
Opening ROOT file: [/data_CMS/cms/mnguyen/bJetAggRun3/PPRef2024/HardProbes/1/merged_HiForestMiniAOD_v2.root]
Collection name='TList', class='TList', size=2
 OBJ: TFriendElement	HiTree	
 OBJ: TFriendElement	HltTree	
After init of tree inside run condor()
n total = 100081056
  global job = 153  Job 53/100  events [53042983, 54043794)  total=100081056
Enterd make_templates() 
Opening ROOT file: [/data_CMS/cms/mnguyen/bJetAggRun3/PPRef2024/HardProbes/1/merged_HiForestMiniAOD_v2.root]
Collection name='TList', class='TList', size=2
 OBJ: TFriendElement	HiTree	
 OBJ: TFriendElement	HltTree	
Processing events [53042983, 54043794) of 100081056
Processing: 53.007 %Processing: 53.057 %Processing: 53.107 %Processing: 53.1569 %Processing: 53.2069 %Processing: 53.2568 %Processing: 53.3068 %Processing: 53.3568 %Processing: 53.4067 %Processing: 53.4567 %Processing: 53.5066 %Processing: 53.5566 %Processing: 53.6065 %Processing: 53.6565 %Processing: 53.7065 %Processing: 53.7564 %Processing: 53.8064 %Processing: 53.8563 %Processing: 53.9063 %Processing: 53.9563 %
after run_condor_job_Run3()
ROOT exit code = 0
