gSystem->Load("run_condor_job_Run3_C.so");
run_condor_job_Run3(316, 100,3, 0,
                    80, 200,
                    1, 1, 0, 3);
.q

ENTERED run_condor_job_Run3()
JOBID = 316
---->>>> RUN 3
you chose data
file name = /data_CMS/cms/mnguyen/bJetAggRun3/PPRef2024/HardProbes/3/merged_HiForestMiniAOD_v2.root
input file: /data_CMS/cms/mnguyen/bJetAggRun3/PPRef2024/HardProbes/3/merged_HiForestMiniAOD_v2.root
Before Init() in Run condor() 
Opening ROOT file: [/data_CMS/cms/mnguyen/bJetAggRun3/PPRef2024/HardProbes/3/merged_HiForestMiniAOD_v2.root]
Collection name='TList', class='TList', size=2
 OBJ: TFriendElement	HiTree	
 OBJ: TFriendElement	HltTree	
After init of tree inside run condor()
n total = 100067149
  global job = 316  Job 16/100  events [16010752, 17011424)  total=100067149
Enterd make_templates() 
Opening ROOT file: [/data_CMS/cms/mnguyen/bJetAggRun3/PPRef2024/HardProbes/3/merged_HiForestMiniAOD_v2.root]
Collection name='TList', class='TList', size=2
 OBJ: TFriendElement	HiTree	
 OBJ: TFriendElement	HltTree	
Processing events [16010752, 17011424) of 100067149
Processing: 16.0392 %Processing: 16.0892 %Processing: 16.1392 %Processing: 16.1891 %Processing: 16.2391 %Processing: 16.2891 %Processing: 16.339 %Processing: 16.389 %Processing: 16.439 %Processing: 16.4889 %Processing: 16.5389 %Processing: 16.5889 %Processing: 16.6388 %Processing: 16.6888 %Processing: 16.7388 %Processing: 16.7887 %Processing: 16.8387 %Processing: 16.8887 %Processing: 16.9386 %Processing: 16.9886 %
after run_condor_job_Run3()
ROOT exit code = 0
