gSystem->Load("run_condor_job_Run3_C.so");
run_condor_job_Run3(345, 100,3, 0,
                    80, 200,
                    1, 1, 0, 3);
.q

ENTERED run_condor_job_Run3()
JOBID = 345
---->>>> RUN 3
you chose data
file name = /data_CMS/cms/mnguyen/bJetAggRun3/PPRef2024/HardProbes/3/merged_HiForestMiniAOD_v2.root
input file: /data_CMS/cms/mnguyen/bJetAggRun3/PPRef2024/HardProbes/3/merged_HiForestMiniAOD_v2.root
Before Init() in Run condor() 
Opening ROOT file: [/data_CMS/cms/mnguyen/bJetAggRun3/PPRef2024/HardProbes/3/merged_HiForestMiniAOD_v2.root]
Collection name='TList', class='TList', size=2
 OBJ: TFriendElement	HiTree	
 OBJ: TFriendElement	HltTree	
After init of tree inside run condor()
n total = 100067149
  global job = 345  Job 45/100  events [45030240, 46030912)  total=100067149
Enterd make_templates() 
Opening ROOT file: [/data_CMS/cms/mnguyen/bJetAggRun3/PPRef2024/HardProbes/3/merged_HiForestMiniAOD_v2.root]
Collection name='TList', class='TList', size=2
 OBJ: TFriendElement	HiTree	
 OBJ: TFriendElement	HltTree	
Processing events [45030240, 46030912) of 100067149
Processing: 45.0198 %Processing: 45.0697 %Processing: 45.1197 %Processing: 45.1697 %Processing: 45.2196 %Processing: 45.2696 %Processing: 45.3196 %Processing: 45.3695 %Processing: 45.4195 %Processing: 45.4695 %Processing: 45.5194 %Processing: 45.5694 %Processing: 45.6194 %Processing: 45.6693 %Processing: 45.7193 %Processing: 45.7693 %Processing: 45.8192 %Processing: 45.8692 %Processing: 45.9192 %Processing: 45.9691 %
after run_condor_job_Run3()
ROOT exit code = 0
