gSystem->Load("run_condor_job_Run3_C.so");
run_condor_job_Run3(158, 100,3, 0,
                    80, 200,
                    1, 1, 0, 1);
.q

ENTERED run_condor_job_Run3()
JOBID = 158
---->>>> RUN 3
you chose data
file name = /data_CMS/cms/mnguyen/bJetAggRun3/PPRef2024/HardProbes/1/merged_HiForestMiniAOD_v2.root
input file: /data_CMS/cms/mnguyen/bJetAggRun3/PPRef2024/HardProbes/1/merged_HiForestMiniAOD_v2.root
Before Init() in Run condor() 
Opening ROOT file: [/data_CMS/cms/mnguyen/bJetAggRun3/PPRef2024/HardProbes/1/merged_HiForestMiniAOD_v2.root]
Collection name='TList', class='TList', size=2
 OBJ: TFriendElement	HiTree	
 OBJ: TFriendElement	HltTree	
After init of tree inside run condor()
n total = 100081056
  global job = 158  Job 58/100  events [58047038, 59047849)  total=100081056
Enterd make_templates() 
Opening ROOT file: [/data_CMS/cms/mnguyen/bJetAggRun3/PPRef2024/HardProbes/1/merged_HiForestMiniAOD_v2.root]
Collection name='TList', class='TList', size=2
 OBJ: TFriendElement	HiTree	
 OBJ: TFriendElement	HltTree	
Processing events [58047038, 59047849) of 100081056
Processing: 58.003 %Processing: 58.0529 %Processing: 58.1029 %Processing: 58.1529 %Processing: 58.2028 %Processing: 58.2528 %Processing: 58.3027 %Processing: 58.3527 %Processing: 58.4027 %Processing: 58.4526 %Processing: 58.5026 %Processing: 58.5525 %Processing: 58.6025 %Processing: 58.6525 %Processing: 58.7024 %Processing: 58.7524 %Processing: 58.8023 %Processing: 58.8523 %Processing: 58.9023 %Processing: 58.9522 %
after run_condor_job_Run3()
ROOT exit code = 0
