gSystem->Load("run_condor_job_Run3_C.so");
run_condor_job_Run3(145, 100,3, 0,
                    80, 200,
                    1, 1, 0, 1);
.q

ENTERED run_condor_job_Run3()
JOBID = 145
---->>>> RUN 3
you chose data
file name = /data_CMS/cms/mnguyen/bJetAggRun3/PPRef2024/HardProbes/1/merged_HiForestMiniAOD_v2.root
input file: /data_CMS/cms/mnguyen/bJetAggRun3/PPRef2024/HardProbes/1/merged_HiForestMiniAOD_v2.root
Before Init() in Run condor() 
Opening ROOT file: [/data_CMS/cms/mnguyen/bJetAggRun3/PPRef2024/HardProbes/1/merged_HiForestMiniAOD_v2.root]
Collection name='TList', class='TList', size=2
 OBJ: TFriendElement	HiTree	
 OBJ: TFriendElement	HltTree	
After init of tree inside run condor()
n total = 100081056
  global job = 145  Job 45/100  events [45036495, 46037306)  total=100081056
Enterd make_templates() 
Opening ROOT file: [/data_CMS/cms/mnguyen/bJetAggRun3/PPRef2024/HardProbes/1/merged_HiForestMiniAOD_v2.root]
Collection name='TList', class='TList', size=2
 OBJ: TFriendElement	HiTree	
 OBJ: TFriendElement	HltTree	
Processing events [45036495, 46037306) of 100081056
Processing: 45.0135 %Processing: 45.0635 %Processing: 45.1134 %Processing: 45.1634 %Processing: 45.2134 %Processing: 45.2633 %Processing: 45.3133 %Processing: 45.3632 %Processing: 45.4132 %Processing: 45.4631 %Processing: 45.5131 %Processing: 45.5631 %Processing: 45.613 %Processing: 45.663 %Processing: 45.7129 %Processing: 45.7629 %Processing: 45.8129 %Processing: 45.8628 %Processing: 45.9128 %Processing: 45.9627 %
after run_condor_job_Run3()
ROOT exit code = 0
