gSystem->Load("run_condor_job_Run3_C.so");
run_condor_job_Run3(461, 100,3, 0,
                    80, 200,
                    1, 1, 0, 4);
.q

ENTERED run_condor_job_Run3()
JOBID = 461
---->>>> RUN 3
you chose data
file name = /data_CMS/cms/mnguyen/bJetAggRun3/PPRef2024/HardProbes/4/merged_HiForestMiniAOD_v2.root
input file: /data_CMS/cms/mnguyen/bJetAggRun3/PPRef2024/HardProbes/4/merged_HiForestMiniAOD_v2.root
Before Init() in Run condor() 
Opening ROOT file: [/data_CMS/cms/mnguyen/bJetAggRun3/PPRef2024/HardProbes/4/merged_HiForestMiniAOD_v2.root]
Collection name='TList', class='TList', size=2
 OBJ: TFriendElement	HiTree	
 OBJ: TFriendElement	HltTree	
After init of tree inside run condor()
n total = 100083400
  global job = 461  Job 61/100  events [61050874, 62051708)  total=100083400
Enterd make_templates() 
Opening ROOT file: [/data_CMS/cms/mnguyen/bJetAggRun3/PPRef2024/HardProbes/4/merged_HiForestMiniAOD_v2.root]
Collection name='TList', class='TList', size=2
 OBJ: TFriendElement	HiTree	
 OBJ: TFriendElement	HltTree	
Processing events [61050874, 62051708) of 100083400
Processing: 61.0491 %Processing: 61.099 %Processing: 61.149 %Processing: 61.199 %Processing: 61.2489 %Processing: 61.2989 %Processing: 61.3488 %Processing: 61.3988 %Processing: 61.4488 %Processing: 61.4987 %Processing: 61.5487 %Processing: 61.5986 %Processing: 61.6486 %Processing: 61.6985 %Processing: 61.7485 %Processing: 61.7985 %Processing: 61.8484 %Processing: 61.8984 %Processing: 61.9483 %Processing: 61.9983 %
after run_condor_job_Run3()
ROOT exit code = 0
