gSystem->Load("run_condor_job_Run3_C.so");
run_condor_job_Run3(301, 100,3, 0,
                    80, 200,
                    1, 1, 0, 3);
.q

ENTERED run_condor_job_Run3()
JOBID = 301
---->>>> RUN 3
you chose data
file name = /data_CMS/cms/mnguyen/bJetAggRun3/PPRef2024/HardProbes/3/merged_HiForestMiniAOD_v2.root
input file: /data_CMS/cms/mnguyen/bJetAggRun3/PPRef2024/HardProbes/3/merged_HiForestMiniAOD_v2.root
Before Init() in Run condor() 
Opening ROOT file: [/data_CMS/cms/mnguyen/bJetAggRun3/PPRef2024/HardProbes/3/merged_HiForestMiniAOD_v2.root]
Collection name='TList', class='TList', size=2
 OBJ: TFriendElement	HiTree	
 OBJ: TFriendElement	HltTree	
After init of tree inside run condor()
n total = 100067149
  global job = 301  Job 1/100  events [1000672, 2001344)  total=100067149
Enterd make_templates() 
Opening ROOT file: [/data_CMS/cms/mnguyen/bJetAggRun3/PPRef2024/HardProbes/3/merged_HiForestMiniAOD_v2.root]
Collection name='TList', class='TList', size=2
 OBJ: TFriendElement	HiTree	
 OBJ: TFriendElement	HltTree	
Processing events [1000672, 2001344) of 100067149
Processing: 1.0493 %Processing: 1.09926 %Processing: 1.14923 %Processing: 1.19919 %Processing: 1.24916 %Processing: 1.29913 %Processing: 1.34909 %Processing: 1.39906 %Processing: 1.44903 %Processing: 1.49899 %Processing: 1.54896 %Processing: 1.59893 %Processing: 1.64889 %Processing: 1.69886 %Processing: 1.74883 %Processing: 1.79879 %Processing: 1.84876 %Processing: 1.89873 %Processing: 1.94869 %Processing: 1.99866 %
after run_condor_job_Run3()
ROOT exit code = 0
