gSystem->Load("run_condor_job_Run3_C.so");
run_condor_job_Run3(173, 100,3, 0,
                    80, 200,
                    1, 1, 0, 1);
.q

ENTERED run_condor_job_Run3()
JOBID = 173
---->>>> RUN 3
you chose data
file name = /data_CMS/cms/mnguyen/bJetAggRun3/PPRef2024/HardProbes/1/merged_HiForestMiniAOD_v2.root
input file: /data_CMS/cms/mnguyen/bJetAggRun3/PPRef2024/HardProbes/1/merged_HiForestMiniAOD_v2.root
Before Init() in Run condor() 
Opening ROOT file: [/data_CMS/cms/mnguyen/bJetAggRun3/PPRef2024/HardProbes/1/merged_HiForestMiniAOD_v2.root]
Collection name='TList', class='TList', size=2
 OBJ: TFriendElement	HiTree	
 OBJ: TFriendElement	HltTree	
After init of tree inside run condor()
n total = 100081056
  global job = 173  Job 73/100  events [73059203, 74060014)  total=100081056
Enterd make_templates() 
Opening ROOT file: [/data_CMS/cms/mnguyen/bJetAggRun3/PPRef2024/HardProbes/1/merged_HiForestMiniAOD_v2.root]
Collection name='TList', class='TList', size=2
 OBJ: TFriendElement	HiTree	
 OBJ: TFriendElement	HltTree	
Processing events [73059203, 74060014) of 100081056
Processing: 73.0408 %Processing: 73.0908 %Processing: 73.1407 %Processing: 73.1907 %Processing: 73.2406 %Processing: 73.2906 %Processing: 73.3406 %Processing: 73.3905 %Processing: 73.4405 %Processing: 73.4904 %Processing: 73.5404 %Processing: 73.5904 %Processing: 73.6403 %Processing: 73.6903 %Processing: 73.7402 %Processing: 73.7902 %Processing: 73.8401 %Processing: 73.8901 %Processing: 73.9401 %Processing: 73.99 %
after run_condor_job_Run3()
ROOT exit code = 0
