gSystem->Load("run_condor_job_Run3_C.so");
run_condor_job_Run3(328, 100,3, 0,
                    80, 200,
                    1, 1, 0, 3);
.q

ENTERED run_condor_job_Run3()
JOBID = 328
---->>>> RUN 3
you chose data
file name = /data_CMS/cms/mnguyen/bJetAggRun3/PPRef2024/HardProbes/3/merged_HiForestMiniAOD_v2.root
input file: /data_CMS/cms/mnguyen/bJetAggRun3/PPRef2024/HardProbes/3/merged_HiForestMiniAOD_v2.root
Before Init() in Run condor() 
Opening ROOT file: [/data_CMS/cms/mnguyen/bJetAggRun3/PPRef2024/HardProbes/3/merged_HiForestMiniAOD_v2.root]
Collection name='TList', class='TList', size=2
 OBJ: TFriendElement	HiTree	
 OBJ: TFriendElement	HltTree	
After init of tree inside run condor()
n total = 100067149
  global job = 328  Job 28/100  events [28018816, 29019488)  total=100067149
Enterd make_templates() 
Opening ROOT file: [/data_CMS/cms/mnguyen/bJetAggRun3/PPRef2024/HardProbes/3/merged_HiForestMiniAOD_v2.root]
Collection name='TList', class='TList', size=2
 OBJ: TFriendElement	HiTree	
 OBJ: TFriendElement	HltTree	
Processing events [28018816, 29019488) of 100067149
Processing: 28.0312 %Processing: 28.0811 %Processing: 28.1311 %Processing: 28.1811 %Processing: 28.231 %Processing: 28.281 %Processing: 28.331 %Processing: 28.3809 %Processing: 28.4309 %Processing: 28.4809 %Processing: 28.5308 %Processing: 28.5808 %Processing: 28.6308 %Processing: 28.6807 %Processing: 28.7307 %Processing: 28.7807 %Processing: 28.8306 %Processing: 28.8806 %Processing: 28.9306 %Processing: 28.9805 %
after run_condor_job_Run3()
ROOT exit code = 0
