gSystem->Load("run_condor_job_Run3_C.so");
run_condor_job_Run3(150, 100,3, 2,
                    80, 200,
                    1, 1, 1, 1);
.q

ENTERED run_condor_job_Run3()
JOBID = 150
---->>>> RUN 3
Creating files for template fit for qcd sample
you chose qcd MC
input file: /data_CMS/cms/mnguyen/bJetAggRun3/PPRef2024/QCD/1/merged_HiForestMiniAOD_v2.root
Before Init() in Run condor() 
Opening ROOT file: [/data_CMS/cms/mnguyen/bJetAggRun3/PPRef2024/QCD/1/merged_HiForestMiniAOD_v2.root]
Collection name='TList', class='TList', size=2
 OBJ: TFriendElement	HiTree	
 OBJ: TFriendElement	HltTree	
After init of tree inside run condor()
n total = 5880000
  global job = 150  Job 50/100  events [2940000, 2998800)  total=5880000
Enterd make_templates() 
Opening ROOT file: [/data_CMS/cms/mnguyen/bJetAggRun3/PPRef2024/QCD/1/merged_HiForestMiniAOD_v2.root]
Collection name='TList', class='TList', size=2
 OBJ: TFriendElement	HiTree	
 OBJ: TFriendElement	HltTree	
Processing events [2940000, 2998800) of 5880000
Processing: 50.1701 %
after run_condor_job_Run3()
ROOT exit code = 0
