gSystem->Load("run_condor_job_Run3_C.so");
run_condor_job_Run3(198, 100,3, 0,
                    80, 200,
                    1, 1, 0, 1);
.q

ENTERED run_condor_job_Run3()
JOBID = 198
---->>>> RUN 3
you chose data
file name = /data_CMS/cms/mnguyen/bJetAggRun3/PPRef2024/HardProbes/1/merged_HiForestMiniAOD_v2.root
input file: /data_CMS/cms/mnguyen/bJetAggRun3/PPRef2024/HardProbes/1/merged_HiForestMiniAOD_v2.root
Before Init() in Run condor() 
Opening ROOT file: [/data_CMS/cms/mnguyen/bJetAggRun3/PPRef2024/HardProbes/1/merged_HiForestMiniAOD_v2.root]
Collection name='TList', class='TList', size=2
 OBJ: TFriendElement	HiTree	
 OBJ: TFriendElement	HltTree	
After init of tree inside run condor()
n total = 100081056
  global job = 198  Job 98/100  events [98079478, 99080289)  total=100081056
Enterd make_templates() 
Opening ROOT file: [/data_CMS/cms/mnguyen/bJetAggRun3/PPRef2024/HardProbes/1/merged_HiForestMiniAOD_v2.root]
Collection name='TList', class='TList', size=2
 OBJ: TFriendElement	HiTree	
 OBJ: TFriendElement	HltTree	
Processing events [98079478, 99080289) of 100081056
Processing: 98.0205 %Processing: 98.0705 %Processing: 98.1205 %Processing: 98.1704 %Processing: 98.2204 %Processing: 98.2703 %Processing: 98.3203 %Processing: 98.3703 %Processing: 98.4202 %Processing: 98.4702 %Processing: 98.5201 %Processing: 98.5701 %Processing: 98.6201 %Processing: 98.67 %Processing: 98.72 %Processing: 98.7699 %Processing: 98.8199 %Processing: 98.8699 %Processing: 98.9198 %Processing: 98.9698 %
after run_condor_job_Run3()
ROOT exit code = 0
