gSystem->Load("run_condor_job_Run3_C.so");
run_condor_job_Run3(308, 100,3, 0,
                    80, 200,
                    1, 1, 0, 3);
.q

ENTERED run_condor_job_Run3()
JOBID = 308
---->>>> RUN 3
you chose data
file name = /data_CMS/cms/mnguyen/bJetAggRun3/PPRef2024/HardProbes/3/merged_HiForestMiniAOD_v2.root
input file: /data_CMS/cms/mnguyen/bJetAggRun3/PPRef2024/HardProbes/3/merged_HiForestMiniAOD_v2.root
Before Init() in Run condor() 
Opening ROOT file: [/data_CMS/cms/mnguyen/bJetAggRun3/PPRef2024/HardProbes/3/merged_HiForestMiniAOD_v2.root]
Collection name='TList', class='TList', size=2
 OBJ: TFriendElement	HiTree	
 OBJ: TFriendElement	HltTree	
After init of tree inside run condor()
n total = 100067149
  global job = 308  Job 8/100  events [8005376, 9006048)  total=100067149
Enterd make_templates() 
Opening ROOT file: [/data_CMS/cms/mnguyen/bJetAggRun3/PPRef2024/HardProbes/3/merged_HiForestMiniAOD_v2.root]
Collection name='TList', class='TList', size=2
 OBJ: TFriendElement	HiTree	
 OBJ: TFriendElement	HltTree	
Processing events [8005376, 9006048) of 100067149
Processing: 8.0446 %Processing: 8.09456 %Processing: 8.14453 %Processing: 8.1945 %Processing: 8.24446 %Processing: 8.29443 %Processing: 8.3444 %Processing: 8.39436 %Processing: 8.44433 %Processing: 8.4943 %Processing: 8.54426 %Processing: 8.59423 %Processing: 8.6442 %Processing: 8.69416 %Processing: 8.74413 %Processing: 8.79409 %Processing: 8.84406 %Processing: 8.89403 %Processing: 8.94399 %Processing: 8.99396 %
after run_condor_job_Run3()
ROOT exit code = 0
