gSystem->Load("run_condor_job_Run3_C.so");
run_condor_job_Run3(119, 100,3, 0,
                    80, 200,
                    1, 1, 0, 1);
.q

ENTERED run_condor_job_Run3()
JOBID = 119
---->>>> RUN 3
you chose data
file name = /data_CMS/cms/mnguyen/bJetAggRun3/PPRef2024/HardProbes/1/merged_HiForestMiniAOD_v2.root
input file: /data_CMS/cms/mnguyen/bJetAggRun3/PPRef2024/HardProbes/1/merged_HiForestMiniAOD_v2.root
Before Init() in Run condor() 
Opening ROOT file: [/data_CMS/cms/mnguyen/bJetAggRun3/PPRef2024/HardProbes/1/merged_HiForestMiniAOD_v2.root]
Collection name='TList', class='TList', size=2
 OBJ: TFriendElement	HiTree	
 OBJ: TFriendElement	HltTree	
After init of tree inside run condor()
n total = 100081056
  global job = 119  Job 19/100  events [19015409, 20016220)  total=100081056
Enterd make_templates() 
Opening ROOT file: [/data_CMS/cms/mnguyen/bJetAggRun3/PPRef2024/HardProbes/1/merged_HiForestMiniAOD_v2.root]
Collection name='TList', class='TList', size=2
 OBJ: TFriendElement	HiTree	
 OBJ: TFriendElement	HltTree	
Processing events [19015409, 20016220) of 100081056
Processing: 19.0346 %Processing: 19.0845 %Processing: 19.1345 %Processing: 19.1844 %Processing: 19.2344 %Processing: 19.2844 %Processing: 19.3343 %Processing: 19.3843 %Processing: 19.4342 %Processing: 19.4842 %Processing: 19.5342 %Processing: 19.5841 %Processing: 19.6341 %Processing: 19.684 %Processing: 19.734 %Processing: 19.784 %Processing: 19.8339 %Processing: 19.8839 %Processing: 19.9338 %Processing: 19.9838 %
after run_condor_job_Run3()
ROOT exit code = 0
