gSystem->Load("run_condor_job_Run3_C.so");
run_condor_job_Run3(430, 100,3, 0,
                    80, 200,
                    1, 1, 0, 4);
.q

ENTERED run_condor_job_Run3()
JOBID = 430
---->>>> RUN 3
you chose data
file name = /data_CMS/cms/mnguyen/bJetAggRun3/PPRef2024/HardProbes/4/merged_HiForestMiniAOD_v2.root
input file: /data_CMS/cms/mnguyen/bJetAggRun3/PPRef2024/HardProbes/4/merged_HiForestMiniAOD_v2.root
Before Init() in Run condor() 
Opening ROOT file: [/data_CMS/cms/mnguyen/bJetAggRun3/PPRef2024/HardProbes/4/merged_HiForestMiniAOD_v2.root]
Collection name='TList', class='TList', size=2
 OBJ: TFriendElement	HiTree	
 OBJ: TFriendElement	HltTree	
After init of tree inside run condor()
n total = 100083400
  global job = 430  Job 30/100  events [30025020, 31025854)  total=100083400
Enterd make_templates() 
Opening ROOT file: [/data_CMS/cms/mnguyen/bJetAggRun3/PPRef2024/HardProbes/4/merged_HiForestMiniAOD_v2.root]
Collection name='TList', class='TList', size=2
 OBJ: TFriendElement	HiTree	
 OBJ: TFriendElement	HltTree	
Processing events [30025020, 31025854) of 100083400
Processing: 30.025 %Processing: 30.0749 %Processing: 30.1249 %Processing: 30.1748 %Processing: 30.2248 %Processing: 30.2748 %Processing: 30.3247 %Processing: 30.3747 %Processing: 30.4246 %Processing: 30.4746 %Processing: 30.5245 %Processing: 30.5745 %Processing: 30.6245 %Processing: 30.6744 %Processing: 30.7244 %Processing: 30.7743 %Processing: 30.8243 %Processing: 30.8743 %Processing: 30.9242 %Processing: 30.9742 %
after run_condor_job_Run3()
ROOT exit code = 0
