gSystem->Load("run_condor_job_Run3_C.so");
run_condor_job_Run3(63, 100,3, 0,
                    80, 200,
                    1, 1, 0, 0);
.q

ENTERED run_condor_job_Run3()
JOBID = 63
---->>>> RUN 3
you chose data
file name = /data_CMS/cms/mnguyen/bJetAggRun3/PPRef2024/HardProbes/0/merged_HiForestMiniAOD_v2.root
input file: /data_CMS/cms/mnguyen/bJetAggRun3/PPRef2024/HardProbes/0/merged_HiForestMiniAOD_v2.root
Before Init() in Run condor() 
Opening ROOT file: [/data_CMS/cms/mnguyen/bJetAggRun3/PPRef2024/HardProbes/0/merged_HiForestMiniAOD_v2.root]
Collection name='TList', class='TList', size=2
 OBJ: TFriendElement	HiTree	
 OBJ: TFriendElement	HltTree	
After init of tree inside run condor()
n total = 100077150
  global job = 63  Job 63/100  events [63048636, 64049408)  total=100077150
Enterd make_templates() 
Opening ROOT file: [/data_CMS/cms/mnguyen/bJetAggRun3/PPRef2024/HardProbes/0/merged_HiForestMiniAOD_v2.root]
Collection name='TList', class='TList', size=2
 OBJ: TFriendElement	HiTree	
 OBJ: TFriendElement	HltTree	
Processing events [63048636, 64049408) of 100077150
Processing: 63.0014 %Processing: 63.0514 %Processing: 63.1013 %Processing: 63.1513 %Processing: 63.2012 %Processing: 63.2512 %Processing: 63.3012 %Processing: 63.3511 %Processing: 63.4011 %Processing: 63.451 %Processing: 63.501 %Processing: 63.551 %Processing: 63.6009 %Processing: 63.6509 %Processing: 63.7009 %Processing: 63.7508 %Processing: 63.8008 %Processing: 63.8507 %Processing: 63.9007 %Processing: 63.9507 %
after run_condor_job_Run3()
ROOT exit code = 0
