gSystem->Load("run_condor_job_Run3_C.so");
run_condor_job_Run3(467, 100,3, 0,
                    80, 200,
                    1, 1, 0, 4);
.q

ENTERED run_condor_job_Run3()
JOBID = 467
---->>>> RUN 3
you chose data
file name = /data_CMS/cms/mnguyen/bJetAggRun3/PPRef2024/HardProbes/4/merged_HiForestMiniAOD_v2.root
input file: /data_CMS/cms/mnguyen/bJetAggRun3/PPRef2024/HardProbes/4/merged_HiForestMiniAOD_v2.root
Before Init() in Run condor() 
Opening ROOT file: [/data_CMS/cms/mnguyen/bJetAggRun3/PPRef2024/HardProbes/4/merged_HiForestMiniAOD_v2.root]
Collection name='TList', class='TList', size=2
 OBJ: TFriendElement	HiTree	
 OBJ: TFriendElement	HltTree	
After init of tree inside run condor()
n total = 100083400
  global job = 467  Job 67/100  events [67055878, 68056712)  total=100083400
Enterd make_templates() 
Opening ROOT file: [/data_CMS/cms/mnguyen/bJetAggRun3/PPRef2024/HardProbes/4/merged_HiForestMiniAOD_v2.root]
Collection name='TList', class='TList', size=2
 OBJ: TFriendElement	HiTree	
 OBJ: TFriendElement	HltTree	
Processing events [67055878, 68056712) of 100083400
Processing: 67.0441 %Processing: 67.094 %Processing: 67.144 %Processing: 67.194 %Processing: 67.2439 %Processing: 67.2939 %Processing: 67.3438 %Processing: 67.3938 %Processing: 67.4438 %Processing: 67.4937 %Processing: 67.5437 %Processing: 67.5936 %Processing: 67.6436 %Processing: 67.6935 %Processing: 67.7435 %Processing: 67.7935 %Processing: 67.8434 %Processing: 67.8934 %Processing: 67.9433 %Processing: 67.9933 %
after run_condor_job_Run3()
ROOT exit code = 0
