gSystem->Load("run_condor_job_Run3_C.so");
run_condor_job_Run3(388, 100,3, 0,
                    80, 200,
                    1, 1, 0, 3);
.q

ENTERED run_condor_job_Run3()
JOBID = 388
---->>>> RUN 3
you chose data
file name = /data_CMS/cms/mnguyen/bJetAggRun3/PPRef2024/HardProbes/3/merged_HiForestMiniAOD_v2.root
input file: /data_CMS/cms/mnguyen/bJetAggRun3/PPRef2024/HardProbes/3/merged_HiForestMiniAOD_v2.root
Before Init() in Run condor() 
Opening ROOT file: [/data_CMS/cms/mnguyen/bJetAggRun3/PPRef2024/HardProbes/3/merged_HiForestMiniAOD_v2.root]
Collection name='TList', class='TList', size=2
 OBJ: TFriendElement	HiTree	
 OBJ: TFriendElement	HltTree	
After init of tree inside run condor()
n total = 100067149
  global job = 388  Job 88/100  events [88059136, 89059808)  total=100067149
Enterd make_templates() 
Opening ROOT file: [/data_CMS/cms/mnguyen/bJetAggRun3/PPRef2024/HardProbes/3/merged_HiForestMiniAOD_v2.root]
Collection name='TList', class='TList', size=2
 OBJ: TFriendElement	HiTree	
 OBJ: TFriendElement	HltTree	
Processing events [88059136, 89059808) of 100067149
Processing: 88.0409 %Processing: 88.0908 %Processing: 88.1408 %Processing: 88.1908 %Processing: 88.2407 %Processing: 88.2907 %Processing: 88.3407 %Processing: 88.3906 %Processing: 88.4406 %Processing: 88.4906 %Processing: 88.5405 %Processing: 88.5905 %Processing: 88.6405 %Processing: 88.6904 %Processing: 88.7404 %Processing: 88.7904 %Processing: 88.8403 %Processing: 88.8903 %Processing: 88.9403 %Processing: 88.9902 %
after run_condor_job_Run3()
ROOT exit code = 0
