gSystem->Load("run_condor_job_Run3_C.so");
run_condor_job_Run3(360, 100,3, 0,
                    80, 200,
                    1, 1, 0, 3);
.q

ENTERED run_condor_job_Run3()
JOBID = 360
---->>>> RUN 3
you chose data
file name = /data_CMS/cms/mnguyen/bJetAggRun3/PPRef2024/HardProbes/3/merged_HiForestMiniAOD_v2.root
input file: /data_CMS/cms/mnguyen/bJetAggRun3/PPRef2024/HardProbes/3/merged_HiForestMiniAOD_v2.root
Before Init() in Run condor() 
Opening ROOT file: [/data_CMS/cms/mnguyen/bJetAggRun3/PPRef2024/HardProbes/3/merged_HiForestMiniAOD_v2.root]
Collection name='TList', class='TList', size=2
 OBJ: TFriendElement	HiTree	
 OBJ: TFriendElement	HltTree	
After init of tree inside run condor()
n total = 100067149
  global job = 360  Job 60/100  events [60040320, 61040992)  total=100067149
Enterd make_templates() 
Opening ROOT file: [/data_CMS/cms/mnguyen/bJetAggRun3/PPRef2024/HardProbes/3/merged_HiForestMiniAOD_v2.root]
Collection name='TList', class='TList', size=2
 OBJ: TFriendElement	HiTree	
 OBJ: TFriendElement	HltTree	
Processing events [60040320, 61040992) of 100067149
Processing: 60.0097 %Processing: 60.0597 %Processing: 60.1096 %Processing: 60.1596 %Processing: 60.2096 %Processing: 60.2595 %Processing: 60.3095 %Processing: 60.3595 %Processing: 60.4094 %Processing: 60.4594 %Processing: 60.5094 %Processing: 60.5593 %Processing: 60.6093 %Processing: 60.6593 %Processing: 60.7092 %Processing: 60.7592 %Processing: 60.8092 %Processing: 60.8591 %Processing: 60.9091 %Processing: 60.9591 %
after run_condor_job_Run3()
ROOT exit code = 0
