gSystem->Load("run_condor_job_Run3_C.so");
run_condor_job_Run3(487, 100,3, 0,
                    80, 200,
                    1, 1, 0, 4);
.q

ENTERED run_condor_job_Run3()
JOBID = 487
---->>>> RUN 3
you chose data
file name = /data_CMS/cms/mnguyen/bJetAggRun3/PPRef2024/HardProbes/4/merged_HiForestMiniAOD_v2.root
input file: /data_CMS/cms/mnguyen/bJetAggRun3/PPRef2024/HardProbes/4/merged_HiForestMiniAOD_v2.root
Before Init() in Run condor() 
Opening ROOT file: [/data_CMS/cms/mnguyen/bJetAggRun3/PPRef2024/HardProbes/4/merged_HiForestMiniAOD_v2.root]
Collection name='TList', class='TList', size=2
 OBJ: TFriendElement	HiTree	
 OBJ: TFriendElement	HltTree	
After init of tree inside run condor()
n total = 100083400
  global job = 487  Job 87/100  events [87072558, 88073392)  total=100083400
Enterd make_templates() 
Opening ROOT file: [/data_CMS/cms/mnguyen/bJetAggRun3/PPRef2024/HardProbes/4/merged_HiForestMiniAOD_v2.root]
Collection name='TList', class='TList', size=2
 OBJ: TFriendElement	HiTree	
 OBJ: TFriendElement	HltTree	
Processing events [87072558, 88073392) of 100083400
Processing: 87.0274 %Processing: 87.0774 %Processing: 87.1273 %Processing: 87.1773 %Processing: 87.2273 %Processing: 87.2772 %Processing: 87.3272 %Processing: 87.3771 %Processing: 87.4271 %Processing: 87.477 %Processing: 87.527 %Processing: 87.577 %Processing: 87.6269 %Processing: 87.6769 %Processing: 87.7268 %Processing: 87.7768 %Processing: 87.8268 %Processing: 87.8767 %Processing: 87.9267 %Processing: 87.9766 %
after run_condor_job_Run3()
ROOT exit code = 0
