gSystem->Load("run_condor_job_Run3_C.so");
run_condor_job_Run3(329, 100,3, 0,
                    80, 200,
                    1, 1, 0, 3);
.q

ENTERED run_condor_job_Run3()
JOBID = 329
---->>>> RUN 3
you chose data
file name = /data_CMS/cms/mnguyen/bJetAggRun3/PPRef2024/HardProbes/3/merged_HiForestMiniAOD_v2.root
input file: /data_CMS/cms/mnguyen/bJetAggRun3/PPRef2024/HardProbes/3/merged_HiForestMiniAOD_v2.root
Before Init() in Run condor() 
Opening ROOT file: [/data_CMS/cms/mnguyen/bJetAggRun3/PPRef2024/HardProbes/3/merged_HiForestMiniAOD_v2.root]
Collection name='TList', class='TList', size=2
 OBJ: TFriendElement	HiTree	
 OBJ: TFriendElement	HltTree	
After init of tree inside run condor()
n total = 100067149
  global job = 329  Job 29/100  events [29019488, 30020160)  total=100067149
Enterd make_templates() 
Opening ROOT file: [/data_CMS/cms/mnguyen/bJetAggRun3/PPRef2024/HardProbes/3/merged_HiForestMiniAOD_v2.root]
Collection name='TList', class='TList', size=2
 OBJ: TFriendElement	HiTree	
 OBJ: TFriendElement	HltTree	
Processing events [29019488, 30020160) of 100067149
Processing: 29.0305 %Processing: 29.0805 %Processing: 29.1304 %Processing: 29.1804 %Processing: 29.2304 %Processing: 29.2803 %Processing: 29.3303 %Processing: 29.3803 %Processing: 29.4302 %Processing: 29.4802 %Processing: 29.5302 %Processing: 29.5801 %Processing: 29.6301 %Processing: 29.6801 %Processing: 29.73 %Processing: 29.78 %Processing: 29.83 %Processing: 29.8799 %Processing: 29.9299 %Processing: 29.9799 %
after run_condor_job_Run3()
ROOT exit code = 0
