gSystem->Load("run_condor_job_Run3_C.so");
run_condor_job_Run3(23, 100,3, 0,
                    80, 200,
                    1, 1, 0, 0);
.q

ENTERED run_condor_job_Run3()
JOBID = 23
---->>>> RUN 3
you chose data
file name = /data_CMS/cms/mnguyen/bJetAggRun3/PPRef2024/HardProbes/0/merged_HiForestMiniAOD_v2.root
input file: /data_CMS/cms/mnguyen/bJetAggRun3/PPRef2024/HardProbes/0/merged_HiForestMiniAOD_v2.root
Before Init() in Run condor() 
Opening ROOT file: [/data_CMS/cms/mnguyen/bJetAggRun3/PPRef2024/HardProbes/0/merged_HiForestMiniAOD_v2.root]
Collection name='TList', class='TList', size=2
 OBJ: TFriendElement	HiTree	
 OBJ: TFriendElement	HltTree	
After init of tree inside run condor()
n total = 100077150
  global job = 23  Job 23/100  events [23017756, 24018528)  total=100077150
Enterd make_templates() 
Opening ROOT file: [/data_CMS/cms/mnguyen/bJetAggRun3/PPRef2024/HardProbes/0/merged_HiForestMiniAOD_v2.root]
Collection name='TList', class='TList', size=2
 OBJ: TFriendElement	HiTree	
 OBJ: TFriendElement	HltTree	
Processing events [23017756, 24018528) of 100077150
Processing: 23.0322 %Processing: 23.0822 %Processing: 23.1322 %Processing: 23.1821 %Processing: 23.2321 %Processing: 23.282 %Processing: 23.332 %Processing: 23.382 %Processing: 23.4319 %Processing: 23.4819 %Processing: 23.5318 %Processing: 23.5818 %Processing: 23.6318 %Processing: 23.6817 %Processing: 23.7317 %Processing: 23.7817 %Processing: 23.8316 %Processing: 23.8816 %Processing: 23.9315 %Processing: 23.9815 %
after run_condor_job_Run3()
ROOT exit code = 0
