gSystem->Load("run_condor_job_Run3_C.so");
run_condor_job_Run3(273, 100,3, 0,
                    80, 200,
                    1, 1, 0, 2);
.q

ENTERED run_condor_job_Run3()
JOBID = 273
---->>>> RUN 3
you chose data
file name = /data_CMS/cms/mnguyen/bJetAggRun3/PPRef2024/HardProbes/2/merged_HiForestMiniAOD_v2.root
input file: /data_CMS/cms/mnguyen/bJetAggRun3/PPRef2024/HardProbes/2/merged_HiForestMiniAOD_v2.root
Before Init() in Run condor() 
Opening ROOT file: [/data_CMS/cms/mnguyen/bJetAggRun3/PPRef2024/HardProbes/2/merged_HiForestMiniAOD_v2.root]
Collection name='TList', class='TList', size=2
 OBJ: TFriendElement	HiTree	
 OBJ: TFriendElement	HltTree	
After init of tree inside run condor()
n total = 99980719
  global job = 273  Job 73/100  events [72985984, 73985792)  total=99980719
Enterd make_templates() 
Opening ROOT file: [/data_CMS/cms/mnguyen/bJetAggRun3/PPRef2024/HardProbes/2/merged_HiForestMiniAOD_v2.root]
Collection name='TList', class='TList', size=2
 OBJ: TFriendElement	HiTree	
 OBJ: TFriendElement	HltTree	
Processing events [72985984, 73985792) of 99980719
Processing: 73.0141 %Processing: 73.0641 %Processing: 73.1141 %Processing: 73.1641 %Processing: 73.2141 %Processing: 73.2641 %Processing: 73.3141 %Processing: 73.3641 %Processing: 73.4142 %Processing: 73.4642 %Processing: 73.5142 %Processing: 73.5642 %Processing: 73.6142 %Processing: 73.6642 %Processing: 73.7142 %Processing: 73.7642 %Processing: 73.8142 %Processing: 73.8642 %Processing: 73.9143 %Processing: 73.9643 %
after run_condor_job_Run3()
ROOT exit code = 0
