gSystem->Load("run_condor_job_Run3_C.so");
run_condor_job_Run3(438, 100,3, 0,
                    80, 200,
                    1, 1, 0, 4);
.q

ENTERED run_condor_job_Run3()
JOBID = 438
---->>>> RUN 3
you chose data
file name = /data_CMS/cms/mnguyen/bJetAggRun3/PPRef2024/HardProbes/4/merged_HiForestMiniAOD_v2.root
input file: /data_CMS/cms/mnguyen/bJetAggRun3/PPRef2024/HardProbes/4/merged_HiForestMiniAOD_v2.root
Before Init() in Run condor() 
Opening ROOT file: [/data_CMS/cms/mnguyen/bJetAggRun3/PPRef2024/HardProbes/4/merged_HiForestMiniAOD_v2.root]
Collection name='TList', class='TList', size=2
 OBJ: TFriendElement	HiTree	
 OBJ: TFriendElement	HltTree	
After init of tree inside run condor()
n total = 100083400
  global job = 438  Job 38/100  events [38031692, 39032526)  total=100083400
Enterd make_templates() 
Opening ROOT file: [/data_CMS/cms/mnguyen/bJetAggRun3/PPRef2024/HardProbes/4/merged_HiForestMiniAOD_v2.root]
Collection name='TList', class='TList', size=2
 OBJ: TFriendElement	HiTree	
 OBJ: TFriendElement	HltTree	
Processing events [38031692, 39032526) of 100083400
Processing: 38.0183 %Processing: 38.0683 %Processing: 38.1182 %Processing: 38.1682 %Processing: 38.2181 %Processing: 38.2681 %Processing: 38.318 %Processing: 38.368 %Processing: 38.418 %Processing: 38.4679 %Processing: 38.5179 %Processing: 38.5678 %Processing: 38.6178 %Processing: 38.6678 %Processing: 38.7177 %Processing: 38.7677 %Processing: 38.8176 %Processing: 38.8676 %Processing: 38.9175 %Processing: 38.9675 %
after run_condor_job_Run3()
ROOT exit code = 0
