gSystem->Load("run_condor_job_Run3_C.so");
run_condor_job_Run3(479, 100,3, 0,
                    80, 200,
                    1, 1, 0, 4);
.q

ENTERED run_condor_job_Run3()
JOBID = 479
---->>>> RUN 3
you chose data
file name = /data_CMS/cms/mnguyen/bJetAggRun3/PPRef2024/HardProbes/4/merged_HiForestMiniAOD_v2.root
input file: /data_CMS/cms/mnguyen/bJetAggRun3/PPRef2024/HardProbes/4/merged_HiForestMiniAOD_v2.root
Before Init() in Run condor() 
Opening ROOT file: [/data_CMS/cms/mnguyen/bJetAggRun3/PPRef2024/HardProbes/4/merged_HiForestMiniAOD_v2.root]
Collection name='TList', class='TList', size=2
 OBJ: TFriendElement	HiTree	
 OBJ: TFriendElement	HltTree	
After init of tree inside run condor()
n total = 100083400
  global job = 479  Job 79/100  events [79065886, 80066720)  total=100083400
Enterd make_templates() 
Opening ROOT file: [/data_CMS/cms/mnguyen/bJetAggRun3/PPRef2024/HardProbes/4/merged_HiForestMiniAOD_v2.root]
Collection name='TList', class='TList', size=2
 OBJ: TFriendElement	HiTree	
 OBJ: TFriendElement	HltTree	
Processing events [79065886, 80066720) of 100083400
Processing: 79.0341 %Processing: 79.084 %Processing: 79.134 %Processing: 79.184 %Processing: 79.2339 %Processing: 79.2839 %Processing: 79.3338 %Processing: 79.3838 %Processing: 79.4338 %Processing: 79.4837 %Processing: 79.5337 %Processing: 79.5836 %Processing: 79.6336 %Processing: 79.6835 %Processing: 79.7335 %Processing: 79.7835 %Processing: 79.8334 %Processing: 79.8834 %Processing: 79.9333 %Processing: 79.9833 %
after run_condor_job_Run3()
ROOT exit code = 0
