gSystem->Load("run_condor_job_Run3_C.so");
run_condor_job_Run3(337, 100,3, 0,
                    80, 200,
                    1, 1, 0, 3);
.q

ENTERED run_condor_job_Run3()
JOBID = 337
---->>>> RUN 3
you chose data
file name = /data_CMS/cms/mnguyen/bJetAggRun3/PPRef2024/HardProbes/3/merged_HiForestMiniAOD_v2.root
input file: /data_CMS/cms/mnguyen/bJetAggRun3/PPRef2024/HardProbes/3/merged_HiForestMiniAOD_v2.root
Before Init() in Run condor() 
Opening ROOT file: [/data_CMS/cms/mnguyen/bJetAggRun3/PPRef2024/HardProbes/3/merged_HiForestMiniAOD_v2.root]
Collection name='TList', class='TList', size=2
 OBJ: TFriendElement	HiTree	
 OBJ: TFriendElement	HltTree	
After init of tree inside run condor()
n total = 100067149
  global job = 337  Job 37/100  events [37024864, 38025536)  total=100067149
Enterd make_templates() 
Opening ROOT file: [/data_CMS/cms/mnguyen/bJetAggRun3/PPRef2024/HardProbes/3/merged_HiForestMiniAOD_v2.root]
Collection name='TList', class='TList', size=2
 OBJ: TFriendElement	HiTree	
 OBJ: TFriendElement	HltTree	
Processing events [37024864, 38025536) of 100067149
Processing: 37.0251 %Processing: 37.0751 %Processing: 37.1251 %Processing: 37.175 %Processing: 37.225 %Processing: 37.275 %Processing: 37.3249 %Processing: 37.3749 %Processing: 37.4249 %Processing: 37.4748 %Processing: 37.5248 %Processing: 37.5748 %Processing: 37.6247 %Processing: 37.6747 %Processing: 37.7247 %Processing: 37.7746 %Processing: 37.8246 %Processing: 37.8746 %Processing: 37.9245 %Processing: 37.9745 %
after run_condor_job_Run3()
ROOT exit code = 0
