gSystem->Load("run_condor_job_Run3_C.so");
run_condor_job_Run3(31, 100,3, 0,
                    80, 200,
                    1, 1, 0, 0);
.q

ENTERED run_condor_job_Run3()
JOBID = 31
---->>>> RUN 3
you chose data
file name = /data_CMS/cms/mnguyen/bJetAggRun3/PPRef2024/HardProbes/0/merged_HiForestMiniAOD_v2.root
input file: /data_CMS/cms/mnguyen/bJetAggRun3/PPRef2024/HardProbes/0/merged_HiForestMiniAOD_v2.root
Before Init() in Run condor() 
Opening ROOT file: [/data_CMS/cms/mnguyen/bJetAggRun3/PPRef2024/HardProbes/0/merged_HiForestMiniAOD_v2.root]
Collection name='TList', class='TList', size=2
 OBJ: TFriendElement	HiTree	
 OBJ: TFriendElement	HltTree	
After init of tree inside run condor()
n total = 100077150
  global job = 31  Job 31/100  events [31023932, 32024704)  total=100077150
Enterd make_templates() 
Opening ROOT file: [/data_CMS/cms/mnguyen/bJetAggRun3/PPRef2024/HardProbes/0/merged_HiForestMiniAOD_v2.root]
Collection name='TList', class='TList', size=2
 OBJ: TFriendElement	HiTree	
 OBJ: TFriendElement	HltTree	
Processing events [31023932, 32024704) of 100077150
Processing: 31.0261 %Processing: 31.076 %Processing: 31.126 %Processing: 31.1759 %Processing: 31.2259 %Processing: 31.2759 %Processing: 31.3258 %Processing: 31.3758 %Processing: 31.4258 %Processing: 31.4757 %Processing: 31.5257 %Processing: 31.5756 %Processing: 31.6256 %Processing: 31.6756 %Processing: 31.7255 %Processing: 31.7755 %Processing: 31.8254 %Processing: 31.8754 %Processing: 31.9254 %Processing: 31.9753 %
after run_condor_job_Run3()
ROOT exit code = 0
