gSystem->Load("run_condor_job_Run3_C.so");
run_condor_job_Run3(124, 100,3, 0,
                    80, 200,
                    1, 1, 0, 1);
.q

ENTERED run_condor_job_Run3()
JOBID = 124
---->>>> RUN 3
you chose data
file name = /data_CMS/cms/mnguyen/bJetAggRun3/PPRef2024/HardProbes/1/merged_HiForestMiniAOD_v2.root
input file: /data_CMS/cms/mnguyen/bJetAggRun3/PPRef2024/HardProbes/1/merged_HiForestMiniAOD_v2.root
Before Init() in Run condor() 
Opening ROOT file: [/data_CMS/cms/mnguyen/bJetAggRun3/PPRef2024/HardProbes/1/merged_HiForestMiniAOD_v2.root]
Collection name='TList', class='TList', size=2
 OBJ: TFriendElement	HiTree	
 OBJ: TFriendElement	HltTree	
After init of tree inside run condor()
n total = 100081056
  global job = 124  Job 24/100  events [24019464, 25020275)  total=100081056
Enterd make_templates() 
Opening ROOT file: [/data_CMS/cms/mnguyen/bJetAggRun3/PPRef2024/HardProbes/1/merged_HiForestMiniAOD_v2.root]
Collection name='TList', class='TList', size=2
 OBJ: TFriendElement	HiTree	
 OBJ: TFriendElement	HltTree	
Processing events [24019464, 25020275) of 100081056
Processing: 24.0305 %Processing: 24.0805 %Processing: 24.1304 %Processing: 24.1804 %Processing: 24.2304 %Processing: 24.2803 %Processing: 24.3303 %Processing: 24.3802 %Processing: 24.4302 %Processing: 24.4802 %Processing: 24.5301 %Processing: 24.5801 %Processing: 24.63 %Processing: 24.68 %Processing: 24.73 %Processing: 24.7799 %Processing: 24.8299 %Processing: 24.8798 %Processing: 24.9298 %Processing: 24.9798 %
after run_condor_job_Run3()
ROOT exit code = 0
