gSystem->Load("run_condor_job_Run3_C.so");
run_condor_job_Run3(295, 100,3, 0,
                    80, 200,
                    1, 1, 0, 2);
.q

ENTERED run_condor_job_Run3()
JOBID = 295
---->>>> RUN 3
you chose data
file name = /data_CMS/cms/mnguyen/bJetAggRun3/PPRef2024/HardProbes/2/merged_HiForestMiniAOD_v2.root
input file: /data_CMS/cms/mnguyen/bJetAggRun3/PPRef2024/HardProbes/2/merged_HiForestMiniAOD_v2.root
Before Init() in Run condor() 
Opening ROOT file: [/data_CMS/cms/mnguyen/bJetAggRun3/PPRef2024/HardProbes/2/merged_HiForestMiniAOD_v2.root]
Collection name='TList', class='TList', size=2
 OBJ: TFriendElement	HiTree	
 OBJ: TFriendElement	HltTree	
After init of tree inside run condor()
n total = 99980719
  global job = 295  Job 95/100  events [94981760, 95981568)  total=99980719
Enterd make_templates() 
Opening ROOT file: [/data_CMS/cms/mnguyen/bJetAggRun3/PPRef2024/HardProbes/2/merged_HiForestMiniAOD_v2.root]
Collection name='TList', class='TList', size=2
 OBJ: TFriendElement	HiTree	
 OBJ: TFriendElement	HltTree	
Processing events [94981760, 95981568) of 99980719
Processing: 95.0183 %Processing: 95.0683 %Processing: 95.1183 %Processing: 95.1683 %Processing: 95.2184 %Processing: 95.2684 %Processing: 95.3184 %Processing: 95.3684 %Processing: 95.4184 %Processing: 95.4684 %Processing: 95.5184 %Processing: 95.5684 %Processing: 95.6184 %Processing: 95.6684 %Processing: 95.7185 %Processing: 95.7685 %Processing: 95.8185 %Processing: 95.8685 %Processing: 95.9185 %Processing: 95.9685 %
after run_condor_job_Run3()
ROOT exit code = 0
