gSystem->Load("run_condor_job_Run3_C.so");
run_condor_job_Run3(414, 100,3, 0,
                    80, 200,
                    1, 1, 0, 4);
.q

ENTERED run_condor_job_Run3()
JOBID = 414
---->>>> RUN 3
you chose data
file name = /data_CMS/cms/mnguyen/bJetAggRun3/PPRef2024/HardProbes/4/merged_HiForestMiniAOD_v2.root
input file: /data_CMS/cms/mnguyen/bJetAggRun3/PPRef2024/HardProbes/4/merged_HiForestMiniAOD_v2.root
Before Init() in Run condor() 
Opening ROOT file: [/data_CMS/cms/mnguyen/bJetAggRun3/PPRef2024/HardProbes/4/merged_HiForestMiniAOD_v2.root]
Collection name='TList', class='TList', size=2
 OBJ: TFriendElement	HiTree	
 OBJ: TFriendElement	HltTree	
After init of tree inside run condor()
n total = 100083400
  global job = 414  Job 14/100  events [14011676, 15012510)  total=100083400
Enterd make_templates() 
Opening ROOT file: [/data_CMS/cms/mnguyen/bJetAggRun3/PPRef2024/HardProbes/4/merged_HiForestMiniAOD_v2.root]
Collection name='TList', class='TList', size=2
 OBJ: TFriendElement	HiTree	
 OBJ: TFriendElement	HltTree	
Processing events [14011676, 15012510) of 100083400
Processing: 14.0383 %Processing: 14.0883 %Processing: 14.1382 %Processing: 14.1882 %Processing: 14.2381 %Processing: 14.2881 %Processing: 14.338 %Processing: 14.388 %Processing: 14.438 %Processing: 14.4879 %Processing: 14.5379 %Processing: 14.5878 %Processing: 14.6378 %Processing: 14.6878 %Processing: 14.7377 %Processing: 14.7877 %Processing: 14.8376 %Processing: 14.8876 %Processing: 14.9375 %Processing: 14.9875 %
after run_condor_job_Run3()
ROOT exit code = 0
