gSystem->Load("run_condor_job_Run3_C.so");
run_condor_job_Run3(453, 100,3, 0,
                    80, 200,
                    1, 1, 0, 4);
.q

ENTERED run_condor_job_Run3()
JOBID = 453
---->>>> RUN 3
you chose data
file name = /data_CMS/cms/mnguyen/bJetAggRun3/PPRef2024/HardProbes/4/merged_HiForestMiniAOD_v2.root
input file: /data_CMS/cms/mnguyen/bJetAggRun3/PPRef2024/HardProbes/4/merged_HiForestMiniAOD_v2.root
Before Init() in Run condor() 
Opening ROOT file: [/data_CMS/cms/mnguyen/bJetAggRun3/PPRef2024/HardProbes/4/merged_HiForestMiniAOD_v2.root]
Collection name='TList', class='TList', size=2
 OBJ: TFriendElement	HiTree	
 OBJ: TFriendElement	HltTree	
After init of tree inside run condor()
n total = 100083400
  global job = 453  Job 53/100  events [53044202, 54045036)  total=100083400
Enterd make_templates() 
Opening ROOT file: [/data_CMS/cms/mnguyen/bJetAggRun3/PPRef2024/HardProbes/4/merged_HiForestMiniAOD_v2.root]
Collection name='TList', class='TList', size=2
 OBJ: TFriendElement	HiTree	
 OBJ: TFriendElement	HltTree	
Processing events [53044202, 54045036) of 100083400
Processing: 53.0058 %Processing: 53.0558 %Processing: 53.1057 %Processing: 53.1557 %Processing: 53.2056 %Processing: 53.2556 %Processing: 53.3055 %Processing: 53.3555 %Processing: 53.4055 %Processing: 53.4554 %Processing: 53.5054 %Processing: 53.5553 %Processing: 53.6053 %Processing: 53.6553 %Processing: 53.7052 %Processing: 53.7552 %Processing: 53.8051 %Processing: 53.8551 %Processing: 53.905 %Processing: 53.955 %
after run_condor_job_Run3()
ROOT exit code = 0
