gSystem->Load("run_condor_job_Run3_C.so");
run_condor_job_Run3(297, 100,3, 0,
                    80, 200,
                    1, 1, 0, 2);
.q

ENTERED run_condor_job_Run3()
JOBID = 297
---->>>> RUN 3
you chose data
file name = /data_CMS/cms/mnguyen/bJetAggRun3/PPRef2024/HardProbes/2/merged_HiForestMiniAOD_v2.root
input file: /data_CMS/cms/mnguyen/bJetAggRun3/PPRef2024/HardProbes/2/merged_HiForestMiniAOD_v2.root
Before Init() in Run condor() 
Opening ROOT file: [/data_CMS/cms/mnguyen/bJetAggRun3/PPRef2024/HardProbes/2/merged_HiForestMiniAOD_v2.root]
Collection name='TList', class='TList', size=2
 OBJ: TFriendElement	HiTree	
 OBJ: TFriendElement	HltTree	
After init of tree inside run condor()
n total = 99980719
  global job = 297  Job 97/100  events [96981376, 97981184)  total=99980719
Enterd make_templates() 
Opening ROOT file: [/data_CMS/cms/mnguyen/bJetAggRun3/PPRef2024/HardProbes/2/merged_HiForestMiniAOD_v2.root]
Collection name='TList', class='TList', size=2
 OBJ: TFriendElement	HiTree	
 OBJ: TFriendElement	HltTree	
Processing events [96981376, 97981184) of 99980719
Processing: 97.0187 %Processing: 97.0687 %Processing: 97.1187 %Processing: 97.1687 %Processing: 97.2187 %Processing: 97.2688 %Processing: 97.3188 %Processing: 97.3688 %Processing: 97.4188 %Processing: 97.4688 %Processing: 97.5188 %Processing: 97.5688 %Processing: 97.6188 %Processing: 97.6688 %Processing: 97.7188 %Processing: 97.7689 %Processing: 97.8189 %Processing: 97.8689 %Processing: 97.9189 %Processing: 97.9689 %
after run_condor_job_Run3()
ROOT exit code = 0
