gSystem->Load("run_condor_job_Run3_C.so");
run_condor_job_Run3(483, 100,3, 0,
                    80, 200,
                    1, 1, 0, 4);
.q

ENTERED run_condor_job_Run3()
JOBID = 483
---->>>> RUN 3
you chose data
file name = /data_CMS/cms/mnguyen/bJetAggRun3/PPRef2024/HardProbes/4/merged_HiForestMiniAOD_v2.root
input file: /data_CMS/cms/mnguyen/bJetAggRun3/PPRef2024/HardProbes/4/merged_HiForestMiniAOD_v2.root
Before Init() in Run condor() 
Opening ROOT file: [/data_CMS/cms/mnguyen/bJetAggRun3/PPRef2024/HardProbes/4/merged_HiForestMiniAOD_v2.root]
Collection name='TList', class='TList', size=2
 OBJ: TFriendElement	HiTree	
 OBJ: TFriendElement	HltTree	
After init of tree inside run condor()
n total = 100083400
  global job = 483  Job 83/100  events [83069222, 84070056)  total=100083400
Enterd make_templates() 
Opening ROOT file: [/data_CMS/cms/mnguyen/bJetAggRun3/PPRef2024/HardProbes/4/merged_HiForestMiniAOD_v2.root]
Collection name='TList', class='TList', size=2
 OBJ: TFriendElement	HiTree	
 OBJ: TFriendElement	HltTree	
Processing events [83069222, 84070056) of 100083400
Processing: 83.0308 %Processing: 83.0807 %Processing: 83.1307 %Processing: 83.1806 %Processing: 83.2306 %Processing: 83.2805 %Processing: 83.3305 %Processing: 83.3805 %Processing: 83.4304 %Processing: 83.4804 %Processing: 83.5303 %Processing: 83.5803 %Processing: 83.6303 %Processing: 83.6802 %Processing: 83.7302 %Processing: 83.7801 %Processing: 83.8301 %Processing: 83.88 %Processing: 83.93 %Processing: 83.98 %
after run_condor_job_Run3()
ROOT exit code = 0
