gSystem->Load("run_condor_job_Run3_C.so");
run_condor_job_Run3(68, 100,3, 0,
                    80, 200,
                    1, 1, 0, 0);
.q

ENTERED run_condor_job_Run3()
JOBID = 68
---->>>> RUN 3
you chose data
file name = /data_CMS/cms/mnguyen/bJetAggRun3/PPRef2024/HardProbes/0/merged_HiForestMiniAOD_v2.root
input file: /data_CMS/cms/mnguyen/bJetAggRun3/PPRef2024/HardProbes/0/merged_HiForestMiniAOD_v2.root
Before Init() in Run condor() 
Opening ROOT file: [/data_CMS/cms/mnguyen/bJetAggRun3/PPRef2024/HardProbes/0/merged_HiForestMiniAOD_v2.root]
Collection name='TList', class='TList', size=2
 OBJ: TFriendElement	HiTree	
 OBJ: TFriendElement	HltTree	
After init of tree inside run condor()
n total = 100077150
  global job = 68  Job 68/100  events [68052496, 69053268)  total=100077150
Enterd make_templates() 
Opening ROOT file: [/data_CMS/cms/mnguyen/bJetAggRun3/PPRef2024/HardProbes/0/merged_HiForestMiniAOD_v2.root]
Collection name='TList', class='TList', size=2
 OBJ: TFriendElement	HiTree	
 OBJ: TFriendElement	HltTree	
Processing events [68052496, 69053268) of 100077150
Processing: 68.0475 %Processing: 68.0975 %Processing: 68.1474 %Processing: 68.1974 %Processing: 68.2473 %Processing: 68.2973 %Processing: 68.3473 %Processing: 68.3972 %Processing: 68.4472 %Processing: 68.4972 %Processing: 68.5471 %Processing: 68.5971 %Processing: 68.647 %Processing: 68.697 %Processing: 68.747 %Processing: 68.7969 %Processing: 68.8469 %Processing: 68.8968 %Processing: 68.9468 %Processing: 68.9968 %
after run_condor_job_Run3()
ROOT exit code = 0
