gSystem->Load("run_condor_job_Run3_C.so");
run_condor_job_Run3(219, 100,3, 0,
                    80, 200,
                    1, 1, 0, 2);
.q

ENTERED run_condor_job_Run3()
JOBID = 219
---->>>> RUN 3
you chose data
file name = /data_CMS/cms/mnguyen/bJetAggRun3/PPRef2024/HardProbes/2/merged_HiForestMiniAOD_v2.root
input file: /data_CMS/cms/mnguyen/bJetAggRun3/PPRef2024/HardProbes/2/merged_HiForestMiniAOD_v2.root
Before Init() in Run condor() 
Opening ROOT file: [/data_CMS/cms/mnguyen/bJetAggRun3/PPRef2024/HardProbes/2/merged_HiForestMiniAOD_v2.root]
Collection name='TList', class='TList', size=2
 OBJ: TFriendElement	HiTree	
 OBJ: TFriendElement	HltTree	
After init of tree inside run condor()
n total = 99980719
  global job = 219  Job 19/100  events [18996352, 19996160)  total=99980719
Enterd make_templates() 
Opening ROOT file: [/data_CMS/cms/mnguyen/bJetAggRun3/PPRef2024/HardProbes/2/merged_HiForestMiniAOD_v2.root]
Collection name='TList', class='TList', size=2
 OBJ: TFriendElement	HiTree	
 OBJ: TFriendElement	HltTree	
Processing events [18996352, 19996160) of 99980719
Processing: 19.0037 %Processing: 19.0537 %Processing: 19.1037 %Processing: 19.1537 %Processing: 19.2037 %Processing: 19.2537 %Processing: 19.3037 %Processing: 19.3537 %Processing: 19.4037 %Processing: 19.4538 %Processing: 19.5038 %Processing: 19.5538 %Processing: 19.6038 %Processing: 19.6538 %Processing: 19.7038 %Processing: 19.7538 %Processing: 19.8038 %Processing: 19.8538 %Processing: 19.9038 %Processing: 19.9538 %
after run_condor_job_Run3()
ROOT exit code = 0
