gSystem->Load("run_condor_job_Run3_C.so");
run_condor_job_Run3(289, 100,3, 0,
                    80, 200,
                    1, 1, 0, 2);
.q

ENTERED run_condor_job_Run3()
JOBID = 289
---->>>> RUN 3
you chose data
file name = /data_CMS/cms/mnguyen/bJetAggRun3/PPRef2024/HardProbes/2/merged_HiForestMiniAOD_v2.root
input file: /data_CMS/cms/mnguyen/bJetAggRun3/PPRef2024/HardProbes/2/merged_HiForestMiniAOD_v2.root
Before Init() in Run condor() 
Opening ROOT file: [/data_CMS/cms/mnguyen/bJetAggRun3/PPRef2024/HardProbes/2/merged_HiForestMiniAOD_v2.root]
Collection name='TList', class='TList', size=2
 OBJ: TFriendElement	HiTree	
 OBJ: TFriendElement	HltTree	
After init of tree inside run condor()
n total = 99980719
  global job = 289  Job 89/100  events [88982912, 89982720)  total=99980719
Enterd make_templates() 
Opening ROOT file: [/data_CMS/cms/mnguyen/bJetAggRun3/PPRef2024/HardProbes/2/merged_HiForestMiniAOD_v2.root]
Collection name='TList', class='TList', size=2
 OBJ: TFriendElement	HiTree	
 OBJ: TFriendElement	HltTree	
Processing events [88982912, 89982720) of 99980719
Processing: 89.0172 %Processing: 89.0672 %Processing: 89.1172 %Processing: 89.1672 %Processing: 89.2172 %Processing: 89.2672 %Processing: 89.3172 %Processing: 89.3672 %Processing: 89.4172 %Processing: 89.4673 %Processing: 89.5173 %Processing: 89.5673 %Processing: 89.6173 %Processing: 89.6673 %Processing: 89.7173 %Processing: 89.7673 %Processing: 89.8173 %Processing: 89.8673 %Processing: 89.9173 %Processing: 89.9673 %
after run_condor_job_Run3()
ROOT exit code = 0
