gSystem->Load("run_condor_job_Run3_C.so");
run_condor_job_Run3(477, 100,3, 0,
                    80, 200,
                    1, 1, 0, 4);
.q

ENTERED run_condor_job_Run3()
JOBID = 477
---->>>> RUN 3
you chose data
file name = /data_CMS/cms/mnguyen/bJetAggRun3/PPRef2024/HardProbes/4/merged_HiForestMiniAOD_v2.root
input file: /data_CMS/cms/mnguyen/bJetAggRun3/PPRef2024/HardProbes/4/merged_HiForestMiniAOD_v2.root
Before Init() in Run condor() 
Opening ROOT file: [/data_CMS/cms/mnguyen/bJetAggRun3/PPRef2024/HardProbes/4/merged_HiForestMiniAOD_v2.root]
Collection name='TList', class='TList', size=2
 OBJ: TFriendElement	HiTree	
 OBJ: TFriendElement	HltTree	
After init of tree inside run condor()
n total = 100083400
  global job = 477  Job 77/100  events [77064218, 78065052)  total=100083400
Enterd make_templates() 
Opening ROOT file: [/data_CMS/cms/mnguyen/bJetAggRun3/PPRef2024/HardProbes/4/merged_HiForestMiniAOD_v2.root]
Collection name='TList', class='TList', size=2
 OBJ: TFriendElement	HiTree	
 OBJ: TFriendElement	HltTree	
Processing events [77064218, 78065052) of 100083400
Processing: 77.0358 %Processing: 77.0857 %Processing: 77.1357 %Processing: 77.1856 %Processing: 77.2356 %Processing: 77.2855 %Processing: 77.3355 %Processing: 77.3855 %Processing: 77.4354 %Processing: 77.4854 %Processing: 77.5353 %Processing: 77.5853 %Processing: 77.6353 %Processing: 77.6852 %Processing: 77.7352 %Processing: 77.7851 %Processing: 77.8351 %Processing: 77.885 %Processing: 77.935 %Processing: 77.985 %
after run_condor_job_Run3()
ROOT exit code = 0
