gSystem->Load("run_condor_job_Run3_C.so");
run_condor_job_Run3(233, 100,3, 0,
                    80, 200,
                    1, 1, 0, 2);
.q

ENTERED run_condor_job_Run3()
JOBID = 233
---->>>> RUN 3
you chose data
file name = /data_CMS/cms/mnguyen/bJetAggRun3/PPRef2024/HardProbes/2/merged_HiForestMiniAOD_v2.root
input file: /data_CMS/cms/mnguyen/bJetAggRun3/PPRef2024/HardProbes/2/merged_HiForestMiniAOD_v2.root
Before Init() in Run condor() 
Opening ROOT file: [/data_CMS/cms/mnguyen/bJetAggRun3/PPRef2024/HardProbes/2/merged_HiForestMiniAOD_v2.root]
Collection name='TList', class='TList', size=2
 OBJ: TFriendElement	HiTree	
 OBJ: TFriendElement	HltTree	
After init of tree inside run condor()
n total = 99980719
  global job = 233  Job 33/100  events [32993664, 33993472)  total=99980719
Enterd make_templates() 
Opening ROOT file: [/data_CMS/cms/mnguyen/bJetAggRun3/PPRef2024/HardProbes/2/merged_HiForestMiniAOD_v2.root]
Collection name='TList', class='TList', size=2
 OBJ: TFriendElement	HiTree	
 OBJ: TFriendElement	HltTree	
Processing events [32993664, 33993472) of 99980719
Processing: 33.0064 %Processing: 33.0564 %Processing: 33.1064 %Processing: 33.1564 %Processing: 33.2064 %Processing: 33.2564 %Processing: 33.3064 %Processing: 33.3564 %Processing: 33.4064 %Processing: 33.4565 %Processing: 33.5065 %Processing: 33.5565 %Processing: 33.6065 %Processing: 33.6565 %Processing: 33.7065 %Processing: 33.7565 %Processing: 33.8065 %Processing: 33.8565 %Processing: 33.9065 %Processing: 33.9565 %
after run_condor_job_Run3()
ROOT exit code = 0
