gSystem->Load("run_condor_job_Run3_C.so");
run_condor_job_Run3(318, 100,3, 0,
                    80, 200,
                    1, 1, 0, 3);
.q

ENTERED run_condor_job_Run3()
JOBID = 318
---->>>> RUN 3
you chose data
file name = /data_CMS/cms/mnguyen/bJetAggRun3/PPRef2024/HardProbes/3/merged_HiForestMiniAOD_v2.root
input file: /data_CMS/cms/mnguyen/bJetAggRun3/PPRef2024/HardProbes/3/merged_HiForestMiniAOD_v2.root
Before Init() in Run condor() 
Opening ROOT file: [/data_CMS/cms/mnguyen/bJetAggRun3/PPRef2024/HardProbes/3/merged_HiForestMiniAOD_v2.root]
Collection name='TList', class='TList', size=2
 OBJ: TFriendElement	HiTree	
 OBJ: TFriendElement	HltTree	
After init of tree inside run condor()
n total = 100067149
  global job = 318  Job 18/100  events [18012096, 19012768)  total=100067149
Enterd make_templates() 
Opening ROOT file: [/data_CMS/cms/mnguyen/bJetAggRun3/PPRef2024/HardProbes/3/merged_HiForestMiniAOD_v2.root]
Collection name='TList', class='TList', size=2
 OBJ: TFriendElement	HiTree	
 OBJ: TFriendElement	HltTree	
Processing events [18012096, 19012768) of 100067149
Processing: 18.0379 %Processing: 18.0879 %Processing: 18.1378 %Processing: 18.1878 %Processing: 18.2378 %Processing: 18.2877 %Processing: 18.3377 %Processing: 18.3877 %Processing: 18.4376 %Processing: 18.4876 %Processing: 18.5376 %Processing: 18.5875 %Processing: 18.6375 %Processing: 18.6875 %Processing: 18.7374 %Processing: 18.7874 %Processing: 18.8374 %Processing: 18.8873 %Processing: 18.9373 %Processing: 18.9873 %
after run_condor_job_Run3()
ROOT exit code = 0
