gSystem->Load("run_condor_job_Run3_C.so");
run_condor_job_Run3(58, 100, 2,
                    80, 200,
                    1, 1, 1, 0);
.q

ENTERED run_condor_job_Run3()
JOBID = 58
  global job = 58  Job 58/100  events [3476520, 3536460)  total=5994000
Processing events [3476520, 3536460) of 5994000
weight: 3.38062e-05
eec: 67.1626
weight: 1.21253e-05
eec: 356.592
weight: 6.42921e-05
eec: 218.658
weight: 7.37455e-05
eec: 12.563
weight: 4.87363e-05
eec: 142.797
weight: 3.12702e-07
eec: 64.4609
weight: 1.27879e-05
eec: 1312.53
weight: 0.000294417
eec: 155.245
weight: 4.55477e-06
eec: 1106.23
weight: 0.000477783
eec: 425.574
weight: 3.39018e-06
eec: 774.284
weight: 6.33367e-06
eec: 2438.3
weight: 3.17418e-05
eec: 35.6818
weight: 1.78258e-05
eec: 256.602
weight: 3.04206e-05
eec: 710.343
weight: 2.51639e-05
eec: 87.6193
weight: 0.000149901
eec: 164.101
weight: 1.22836e-05
eec: 454.499
weight: 4.54508e-05
eec: 1050.22
weight: 9.74387e-05
eec: 621.815
weight: 4.09531e-05
eec: 134.798
weight: 4.75308e-05
eec: 761.557
weight: 1.19085e-06
eec: 76.9816
weight: 8.76791e-06
eec: 1130.98
weight: 8.97119e-05
eec: 322.402
weight: 4.76708e-05
eec: 411.604
weight: 5.16561e-05
eec: 27.555
weight: 2.44288e-07
eec: 216.863
weight: 1.36181e-05
eec: 361.506
weight: 1.95015e-05
eec: 55.4144
weight: 4.78396e-05
eec: 1208.02
weight: 0.000119483
eec: 75.8959
weight: 2.05559e-05
eec: 243.159
weight: 3.53934e-06
eec: 229.567
weight: 3.70312e-07
eec: 95.3993
weight: 7.75138e-05
eec: 1091.08
weight: 1.96258e-05
eec: 969.448
weight: 1.3207e-05
eec: 1117.47
weight: 1.2017e-05
eec: 38.6629
weight: 9.48499e-06
eec: 2000.63
weight: 1.38532e-06
eec: 294.624
weight: 1.43579e-05
eec: 1721.26
weight: 0.000116457
eec: 357.573
weight: 1.13659e-05
eec: 2608.01
weight: 8.07025e-05
eec: 145.462
weight: 1.17091e-05
eec: 2892.69
weight: 7.30738e-06
eec: 612.044
weight: 1.20934e-05
eec: 984.303
weight: 8.85671e-06
eec: 215.964
weight: 7.09843e-05
eec: 205.698
weight: 2.57139e-05
eec: 2810.55
weight: 2.88872e-05
eec: 1215.58
weight: 3.57643e-05
eec: 1414.14
weight: 0.000185418
eec: 510.628
weight: 1.76296e-05
eec: 99.1425
weight: 0.000536263
eec: 444.279
weight: 5.8966e-06
eec: 996.103
weight: 2.55945e-05
eec: 82.1821
weight: 4.6143e-05
eec: 2570.35
weight: 4.04673e-06
eec: 446.112
weight: 8.59731e-06
eec: 930.37
weight: 2.50168e-07
eec: 182.714
weight: 5.98061e-05
eec: 1208.66
weight: 8.33158e-06
eec: 3265.51
weight: 4.26299e-05
eec: 2223.65
weight: 4.18904e-07
eec: 135.449
weight: 0.000326085
eec: 299.374
weight: 3.73634e-06
eec: 150.021
weight: 9.74966e-06
eec: 624.068
weight: 5.65583e-05
eec: 2204.46
weight: 3.6908e-05
eec: 1214.42
weight: 7.35929e-05
eec: 338.912
weight: 0.000344805
eec: 321.531
weight: 1.37301e-05
eec: 1443.51
weight: 1.35069e-05
eec: 96.0663
weight: 9.31547e-06
eec: 573.313
weight: 6.11588e-06
eec: 285.895
weight: 6.49264e-05
eec: 826.197
weight: 0.000169517
eec: 116.375
weight: 1.97313e-07
eec: 203.933
weight: 0.000472181
eec: 58.7066
weight: 1.07023e-05
eec: 971.262
weight: 2.19261e-05
eec: 318.759
weight: 4.94682e-07
eec: 1193.16
weight: 1.66934e-05
eec: 59.5431
weight: 4.89703e-06
eec: 2516.07
weight: 1.44326e-05
eec: 51.445
weight: 7.17268e-06
eec: 138.528
weight: 1.58629e-05
eec: 1191.87
weight: 1.45328e-05
eec: 455.134
weight: 1.87247e-05
eec: 16.3969
weight: 2.23774e-06
eec: 156.827
weight: 7.96223e-06
eec: 1233.49
weight: 2.4096e-05
eec: 41.406
weight: 8.74613e-05
eec: 9.15396
weight: 9.03157e-06
eec: 121.793
weight: 0.000228929
eec: 396.961
weight: 6.96239e-07
eec: 150.008
weight: 7.65016e-05
eec: 1055.72
weight: 4.77083e-05
eec: 179.436
weight: 5.55981e-05
eec: 630.717
weight: 6.96595e-06
eec: 454.073
weight: 2.24134e-05
eec: 1345.6
weight: 1.45863e-06
eec: 350.576
weight: 4.4087e-06
eec: 116.145
weight: 8.35713e-05
eec: 22.6418
Processing: 58.3917 %weight: 7.06714e-06
eec: 1919.24
weight: 2.90102e-05
eec: 2641.06
weight: 4.43907e-07
eec: 1163.5
weight: 2.87377e-05
eec: 436.695
weight: 9.4201e-06
eec: 322.389
weight: 6.37794e-06
eec: 255.492
weight: 4.91769e-05
eec: 838.493
weight: 1.28116e-05
eec: 996.16
weight: 5.83665e-06
eec: 302.417
weight: 4.9238e-05
eec: 877.636
weight: 6.07205e-05
eec: 747.362
weight: 1.63449e-05
eec: 2319.16
weight: 2.87932e-06
eec: 495.852
weight: 1.6583e-05
eec: 1633.7
weight: 0.000277501
eec: 505.828
weight: 0.000103871
eec: 231.827
weight: 0.000152772
eec: 581.28
weight: 7.96044e-06
eec: 193.532
weight: 2.22414e-05
eec: 1045.07
weight: 5.09762e-06
eec: 432.076
weight: 0.000994888
eec: 530.711
weight: 1.69067e-06
eec: 620.876
weight: 0.000168442
eec: 30.9027
weight: 1.44938e-06
eec: 1089.04
weight: 1.64483e-06
eec: 1452.96
weight: 7.85732e-06
eec: 322.011
weight: 0.000469715
eec: 33.2957
weight: 7.5873e-05
eec: 810.304
weight: 1.70704e-05
eec: 557.854
weight: 5.52325e-05
eec: 165.166
weight: 2.97892e-06
eec: 1639.41
weight: 0.000538734
eec: 431.948
weight: 9.20727e-06
eec: 702.927
weight: 3.87757e-05
eec: 541.592
weight: 2.85963e-06
eec: 1019.44
weight: 2.82161e-05
eec: 96.0542
weight: 2.52939e-05
eec: 318.866
weight: 8.98183e-05
eec: 42.7985
weight: 3.39453e-05
eec: 1692.94
weight: 0.000495759
eec: 207.641
weight: 1.79872e-06
eec: 250.404
weight: 1.14731e-05
eec: 2892.12
weight: 1.73131e-05
eec: 1155.39
weight: 6.18842e-05
eec: 626.739
weight: 8.47995e-05
eec: 336.18
weight: 1.45829e-05
eec: 1205.56
weight: 0.000851532
eec: 127.328
weight: 3.30443e-06
eec: 125.927
weight: 0.000687204
eec: 157.229
weight: 2.74349e-07
eec: 211.927
weight: 2.15238e-06
eec: 4176.68
weight: 0.000979538
eec: 579.599
weight: 1.44835e-05
eec: 13.577
weight: 1.1038e-05
eec: 19.7786
weight: 2.83227e-06
eec: 162.082
weight: 2.3821e-05
eec: 616.409
weight: 0.000376913
eec: 806.056
weight: 0.000388318
eec: 213.079
weight: 5.99973e-08
eec: 1692.33
weight: 4.09581e-06
eec: 1074.6
weight: 0.000124349
eec: 495.534
weight: 2.74525e-05
eec: 143.124
weight: 8.11923e-06
eec: 321.245
weight: 7.39851e-06
eec: 2142.85
weight: 4.15111e-05
eec: 1017.38
weight: 0.000282311
eec: 773.241
weight: 8.039e-07
eec: 50.5095
weight: 1.59654e-05
eec: 2562.04
weight: 0.000124517
eec: 280.193
weight: 8.8216e-06
eec: 23.909
weight: 0.000465547
eec: 330.147
weight: 9.2798e-07
eec: 294.427
weight: 6.20498e-06
eec: 463.17
weight: 2.65002e-06
eec: 1240.38
weight: 2.12235e-05
eec: 132.302
weight: 0.000369672
eec: 99.1397
weight: 2.52929e-05
eec: 97.7151
weight: 9.21365e-07
eec: 193.804
weight: 0.000284819
eec: 886.483
weight: 9.00315e-08
eec: 347.523
weight: 7.3093e-05
eec: 44.5812
weight: 4.34436e-07
eec: 592.44
weight: 3.88125e-05
eec: 2026.59
weight: 2.4148e-05
eec: 2055.36
weight: 2.88823e-05
eec: 115.904
weight: 1.07247e-05
eec: 462.797
weight: 3.4405e-06
eec: 485.698
weight: 1.30725e-08
eec: 936.481
weight: 3.30168e-05
eec: 129.463
weight: 6.3041e-06
eec: 648.161
weight: 3.27056e-05
eec: 377.02
weight: 1.71031e-05
eec: 1323.68
weight: 8.36436e-05
eec: 1486.94
weight: 0.00057489
eec: 89.3593
weight: 3.15168e-05
eec: 9.85759
weight: 1.25682e-05
eec: 1404.09
weight: 4.43525e-06
eec: 477.202
weight: 1.03978e-05
eec: 601.453
weight: 1.14401e-05
eec: 1705.42
weight: 3.35702e-06
eec: 50.7387
weight: 7.12114e-06
eec: 511.339
weight: 1.76112e-05
eec: 1163.8
weight: 3.09771e-05
eec: 135.038
weight: 6.91738e-06
eec: 1755.64
weight: 1.33694e-05
eec: 379.272
weight: 8.3854e-05
eec: 207.913
weight: 7.19942e-05
eec: 903.217
weight: 1.34854e-05
eec: 674.887
weight: 1.15091e-05
eec: 839.72
weight: 3.64395e-05
eec: 492.443
weight: 1.8035e-05
eec: 51.6865
weight: 0.000248528
eec: 9.95566
weight: 9.37101e-06
eec: 119.561
weight: 1.49105e-05
eec: 586.354
weight: 1.5577e-05
eec: 1332.67
weight: 8.39536e-05
eec: 1053.58
weight: 9.28807e-06
eec: 458.611
weight: 3.69746e-05
eec: 1833.41
weight: 1.13787e-06
eec: 1152.02
weight: 3.22974e-05
eec: 926.371
weight: 5.65221e-05
eec: 313.986
weight: 3.52381e-06
eec: 1410.83
weight: 0.000119658
eec: 166.804
weight: 9.72009e-07
eec: 752.428
weight: 5.12221e-06
eec: 1492.76
weight: 1.15155e-05
eec: 322.285
weight: 2.5618e-06
eec: 27.7228

ROOT exit code = 0
