gSystem->Load("run_condor_job_Run3_C.so");
run_condor_job_Run3(25, 100, 2,
                    80, 200,
                    1, 1, 1, 0);
.q

ENTERED run_condor_job_Run3()
JOBID = 25
  global job = 25  Job 25/100  events [1498500, 1558440)  total=5994000
Processing events [1498500, 1558440) of 5994000
weight: 3.70018e-07
eec: 1113.99
weight: 0.000820831
eec: 650.056
Processing: 25.025 %weight: 9.34761e-06
eec: 637.405
weight: 1.96052e-05
eec: 993.042
weight: 3.25618e-05
eec: 494.82
weight: 0.000105674
eec: 427.073
weight: 1.27933e-05
eec: 846.521
weight: 1.76833e-05
eec: 179.736
weight: 3.43892e-05
eec: 390.58
weight: 3.18173e-06
eec: 480.04
weight: 3.74973e-05
eec: 157.398
weight: 3.93726e-05
eec: 478.436
weight: 9.75168e-05
eec: 214.642
weight: 8.32037e-07
eec: 491.426
weight: 3.03591e-07
eec: 158.62
weight: 6.36904e-05
eec: 539.3
weight: 1.72873e-05
eec: 98.2932
weight: 0.00012519
eec: 16.5945
weight: 1.69667e-05
eec: 35.611
weight: 2.45302e-05
eec: 278.848
weight: 2.99469e-07
eec: 1011.03
weight: 6.50173e-06
eec: 574.686
weight: 8.71083e-07
eec: 643.418
weight: 2.13311e-05
eec: 529.036
weight: 4.02578e-05
eec: 427.967
weight: 5.19948e-05
eec: 68.5818
weight: 5.26322e-05
eec: 180.147
weight: 4.8535e-06
eec: 242.382
weight: 5.46818e-07
eec: 225.669
weight: 5.92192e-06
eec: 1340.21
weight: 2.79154e-06
eec: 250.422
weight: 0.000135461
eec: 112.62
weight: 6.07393e-05
eec: 84.2918
weight: 1.09248e-05
eec: 50.9757
weight: 0.000432352
eec: 7.89174
weight: 9.80836e-05
eec: 483.307
weight: 5.79811e-05
eec: 184.264
weight: 0.000132976
eec: 1044.51
weight: 1.23178e-05
eec: 161.884
weight: 6.8163e-05
eec: 440.823
weight: 1.51396e-06
eec: 1962.23
weight: 2.02312e-05
eec: 172.464
weight: 1.45951e-05
eec: 1120.87
weight: 2.22086e-07
eec: 176.885
weight: 1.66507e-05
eec: 703.635
weight: 3.54692e-05
eec: 105.945
weight: 3.00976e-05
eec: 308.021
weight: 3.76895e-06
eec: 119.942
weight: 1.2973e-05
eec: 29.6656
weight: 1.81066e-05
eec: 2486.29
weight: 0.00118875
eec: 395.353
weight: 9.22676e-06
eec: 247.405
weight: 6.18759e-06
eec: 228.427
weight: 3.5459e-05
eec: 17.331
weight: 7.03629e-05
eec: 575.207
weight: 6.84457e-06
eec: 2166.4
weight: 6.68227e-06
eec: 40.9651
weight: 3.6221e-06
eec: 767.52
weight: 0.000302233
eec: 26.465
weight: 6.13582e-06
eec: 2958.7
weight: 3.37416e-05
eec: 378.084
weight: 1.67201e-06
eec: 1158.41
weight: 0.000439996
eec: 331.657
weight: 0.000112769
eec: 277.125
weight: 2.92331e-05
eec: 920.441
weight: 8.66996e-06
eec: 665.45
weight: 5.27362e-05
eec: 94.8537
weight: 3.61719e-05
eec: 757.325
weight: 5.87558e-06
eec: 3903.04
weight: 4.49743e-05
eec: 208.185
weight: 0.000219739
eec: 821.184
weight: 2.9962e-06
eec: 599.724
weight: 2.09758e-05
eec: 1058.64
weight: 6.61667e-05
eec: 494.617
weight: 2.47792e-05
eec: 729.22
weight: 1.68314e-05
eec: 1003.85
weight: 5.38459e-05
eec: 105.89
weight: 7.49809e-05
eec: 499.072
weight: 1.11852e-05
eec: 200.297
weight: 1.36901e-07
eec: 254.232
weight: 1.24496e-05
eec: 544.911
weight: 3.25284e-06
eec: 449.421
weight: 7.97669e-07
eec: 657.558
weight: 7.97669e-07
eec: 30.728
weight: 7.02053e-05
eec: 44.7825
weight: 0.000208974
eec: 59.9972
weight: 1.32641e-06
eec: 2812.65
weight: 1.88165e-06
eec: 34.5679
weight: 3.95109e-06
eec: 1092.3
weight: 4.66972e-06
eec: 42.8439
weight: 3.21817e-05
eec: 302.228
weight: 2.26981e-05
eec: 144.153
weight: 5.65631e-06
eec: 1088.54
weight: 0.00020261
eec: 81.7673
weight: 0.000270617
eec: 374.566
weight: 0.00012777
eec: 515.841
weight: 2.14807e-06
eec: 924.025
weight: 4.38832e-07
eec: 344.735
weight: 1.79301e-06
eec: 684.614
weight: 4.95856e-05
eec: 241.162
weight: 2.53268e-06
eec: 497.385
weight: 5.68586e-07
eec: 409.842
weight: 3.07165e-05
eec: 862.147
weight: 0.000228132
eec: 653.619
weight: 9.65913e-05
eec: 94.336
weight: 9.22839e-06
eec: 232.312
weight: 3.4769e-06
eec: 861.963
weight: 2.24616e-06
eec: 874.87
weight: 0.00045845
eec: 389.397
weight: 0.000280263
eec: 305.284
weight: 1.28107e-07
eec: 433.986
weight: 6.43077e-05
eec: 1280.49
weight: 2.36141e-05
eec: 555.149
weight: 6.31986e-06
eec: 2502.89
weight: 2.2227e-05
eec: 1043.51
weight: 1.38237e-05
eec: 607.373
weight: 2.2414e-05
eec: 443.294
weight: 1.32786e-06
eec: 166.193
weight: 9.01446e-06
eec: 2372.45
weight: 0.000184808
eec: 1348.82
weight: 4.87795e-05
eec: 347.079
weight: 6.8717e-06
eec: 2078.01
weight: 1.17251e-06
eec: 1372.45
weight: 1.33443e-05
eec: 1812.11
weight: 7.07331e-05
eec: 259.594
weight: 1.59467e-05
eec: 520.769
weight: 5.00324e-06
eec: 125.836
weight: 6.62291e-06
eec: 224.235
weight: 9.35782e-06
eec: 32.1586
weight: 1.69068e-05
eec: 170.346
weight: 9.99047e-06
eec: 34.3723
weight: 8.63121e-06
eec: 299.158
weight: 8.75422e-05
eec: 90.3416
weight: 7.66315e-05
eec: 197.299
weight: 5.98722e-05
eec: 133.832
weight: 5.27209e-06
eec: 79.2188
weight: 0.000259076
eec: 342.818
weight: 8.66969e-06
eec: 282.09
weight: 0.000207223
eec: 2550.96
weight: 9.56937e-06
eec: 31.5081
weight: 3.51039e-05
eec: 329.734
weight: 1.60854e-05
eec: 314.749
weight: 0.000357999
eec: 1408.33
weight: 0.000152892
eec: 37.9304
weight: 2.24425e-05
eec: 40.5383
weight: 1.8881e-05
eec: 448.67
weight: 8.08995e-05
eec: 360.448
weight: 0.00107055
eec: 72.6066
weight: 4.55919e-05
eec: 506.813
weight: 2.00231e-06
eec: 251.697
weight: 0.000137445
eec: 226.585
weight: 2.21709e-05
eec: 1464.71
weight: 1.80361e-06
eec: 147.476
weight: 1.70634e-05
eec: 855.672
weight: 0.00160877
eec: 402.34
weight: 1.26243e-05
eec: 62.8157
weight: 0.000187095
eec: 661.177
weight: 3.47996e-05
eec: 1209.89
weight: 0.000111168
eec: 185.199
weight: 2.03503e-05
eec: 880.332
weight: 2.03503e-05
eec: 23.1551
weight: 6.59626e-06
eec: 1899.6
weight: 3.56183e-05
eec: 46.624
weight: 8.03637e-05
eec: 114.891
weight: 2.74725e-05
eec: 306.427
weight: 5.37606e-06
eec: 835.627
weight: 7.97886e-06
eec: 5885.63
weight: 0.000134482
eec: 303.679
weight: 2.5159e-06
eec: 432.477
weight: 3.67313e-06
eec: 1098.5
weight: 5.72018e-06
eec: 1427.55
weight: 0.000387031
eec: 138.462
weight: 2.78433e-05
eec: 672.227
weight: 3.49215e-05
eec: 53.1872
weight: 1.49587e-05
eec: 705.196
weight: 8.90151e-07
eec: 128.741
weight: 2.32554e-05
eec: 397.516
weight: 3.47873e-06
eec: 189.532
weight: 2.40211e-05
eec: 700.979
weight: 0.000235779
eec: 292.923
weight: 6.65491e-06
eec: 408.628
weight: 2.14534e-05
eec: 579.835
weight: 4.10997e-05
eec: 105.129
weight: 2.85113e-06
eec: 1131.79
weight: 3.00767e-05
eec: 595.08
weight: 7.77032e-06
eec: 153.053
weight: 1.5041e-05
eec: 735.075
weight: 0.000218758
eec: 295.989
weight: 1.48744e-06
eec: 38.8346
weight: 1.34661e-05
eec: 42.9531
weight: 3.2541e-05
eec: 189.937
weight: 4.17656e-06
eec: 439.961
weight: 1.21838e-05
eec: 1161.75
weight: 2.6014e-05
eec: 279.238
weight: 6.79906e-07
eec: 123.142
weight: 1.06186e-05
eec: 15.6048
weight: 8.72357e-06
eec: 768.213
weight: 2.70271e-06
eec: 1955.62
weight: 4.70762e-06
eec: 1066.9
Processing: 25.8592 %weight: 3.27224e-05
eec: 1488.46
weight: 0.0003611
eec: 127.197
weight: 0.000222464
eec: 670.535
weight: 1.20068e-05
eec: 211.854
weight: 1.25522e-05
eec: 159.149
weight: 6.61747e-06
eec: 898.468
weight: 0.000139214
eec: 520.459
weight: 1.52756e-05
eec: 1823.68
weight: 4.16635e-07
eec: 150.598
weight: 5.07695e-05
eec: 260.552
weight: 6.75689e-05
eec: 629.759
weight: 2.48414e-05
eec: 460.965
weight: 2.15066e-07
eec: 414.67
weight: 3.46041e-05
eec: 905.372
weight: 0.000178775
eec: 519.043
weight: 5.20247e-05
eec: 503.008
weight: 1.08086e-06
eec: 531.373
weight: 7.45688e-05
eec: 1690.88
weight: 2.5018e-05
eec: 1531.36
weight: 4.79021e-05
eec: 770.89
weight: 0.000103339
eec: 1526.86
weight: 7.36438e-05
eec: 427.395
weight: 1.12233e-05
eec: 110.201
weight: 1.6303e-05
eec: 629.244
weight: 6.1231e-05
eec: 137.137
weight: 0.000126928
eec: 444.055
weight: 0.000207677
eec: 100.098
weight: 8.24664e-05
eec: 465.841
weight: 0.000780152
eec: 269.003
weight: 4.35556e-05
eec: 963.453
weight: 5.1902e-05
eec: 68.3396
weight: 0.000320012
eec: 123.038
weight: 5.64838e-06
eec: 392.758

ROOT exit code = 0
