gSystem->Load("run_condor_job_Run3_C.so");
run_condor_job_Run3(12, 100, 2,
                    80, 200,
                    1, 1, 1, 0);
.q

ENTERED run_condor_job_Run3()
JOBID = 12
  global job = 12  Job 12/100  events [719280, 779220)  total=5994000
Processing events [719280, 779220) of 5994000
weight: 2.93881e-05
eec: 556.212
weight: 4.52508e-05
eec: 318.992
weight: 8.33255e-05
eec: 22.2265
weight: 3.23387e-05
eec: 698.923
weight: 1.62026e-05
eec: 313.045
weight: 2.83553e-05
eec: 16.4699
weight: 5.98141e-05
eec: 47.7174
weight: 3.72019e-05
eec: 948.431
weight: 4.53393e-05
eec: 203.156
weight: 1.22863e-05
eec: 766.744
weight: 6.37084e-05
eec: 128.554
weight: 1.6022e-05
eec: 673.349
weight: 0.000172872
eec: 66.8299
weight: 3.60063e-05
eec: 29.4308
weight: 9.02591e-05
eec: 493.629
weight: 5.80593e-06
eec: 677.042
weight: 1.43394e-05
eec: 208.194
weight: 4.53491e-06
eec: 78.3765
weight: 4.53491e-06
eec: 481.014
weight: 1.53122e-06
eec: 369.272
weight: 1.00417e-05
eec: 144.953
weight: 1.60474e-05
eec: 109.337
weight: 2.76545e-06
eec: 430.815
weight: 1.81671e-06
eec: 2344.28
weight: 4.22141e-05
eec: 1267.11
weight: 1.14062e-06
eec: 591.854
weight: 2.47202e-06
eec: 946.057
weight: 4.96965e-05
eec: 350.241
weight: 0.000129733
eec: 50.5975
weight: 9.75566e-06
eec: 696.373
weight: 8.06783e-06
eec: 226.733
weight: 4.89524e-06
eec: 115.818
weight: 4.52098e-05
eec: 1373.57
weight: 0.00015096
eec: 373.874
weight: 4.90941e-05
eec: 247.642
weight: 7.57152e-08
eec: 132.672
weight: 0.00010578
eec: 148.188
weight: 2.54737e-06
eec: 413.374
weight: 2.52679e-05
eec: 104.229
weight: 1.08985e-05
eec: 749.677
weight: 2.48637e-05
eec: 72.6077
weight: 2.23568e-05
eec: 260.948
weight: 2.23568e-05
eec: 128.622
weight: 0.000379158
eec: 81.468
weight: 2.38184e-05
eec: 585.769
weight: 2.09567e-05
eec: 471.3
weight: 0.000249588
eec: 765.511
weight: 7.14107e-05
eec: 147.319
weight: 0.000115713
eec: 88.8607
weight: 7.41701e-07
eec: 1047.81
weight: 1.45075e-05
eec: 114.406
weight: 6.4095e-05
eec: 628.332
weight: 5.25307e-05
eec: 1019.59
weight: 0.000601785
eec: 548.575
weight: 2.52363e-05
eec: 571.88
weight: 2.34858e-06
eec: 2240.84
weight: 1.24102e-05
eec: 177.178
weight: 4.99909e-06
eec: 1897.41
weight: 1.35243e-05
eec: 3247.77
weight: 0.000169225
eec: 779.429
weight: 0.000135892
eec: 760.207
weight: 2.31018e-05
eec: 514.655
weight: 4.90773e-06
eec: 1675.38
weight: 2.25691e-06
eec: 418.709
weight: 1.35085e-05
eec: 2957.81
weight: 5.66222e-07
eec: 119.653
weight: 2.23766e-05
eec: 271.392
weight: 0.000174471
eec: 558.083
weight: 8.09975e-06
eec: 578.553
weight: 1.54118e-05
eec: 262.505
weight: 0.000246479
eec: 221.207
weight: 1.77683e-06
eec: 1858.99
weight: 3.99537e-05
eec: 217.816
weight: 0.000156985
eec: 101.758
weight: 1.36124e-05
eec: 1602.78
weight: 0.000222951
eec: 779.001
weight: 2.19595e-05
eec: 362.196
weight: 2.98656e-05
eec: 347.068
weight: 6.49764e-06
eec: 258.425
weight: 7.08953e-06
eec: 470.833
weight: 0.00057055
eec: 120.62
weight: 4.21832e-05
eec: 18.2033
weight: 9.67823e-05
eec: 731.325
weight: 8.33182e-05
eec: 564.508
weight: 2.86561e-05
eec: 64.9935
weight: 1.67207e-05
eec: 275.391
weight: 3.91148e-07
eec: 2265.9
weight: 2.66292e-05
eec: 1470.81
weight: 9.84586e-06
eec: 2626.47
weight: 0.000117924
eec: 100.519
weight: 7.00363e-05
eec: 957.697
weight: 6.28983e-05
eec: 649.753
weight: 2.32602e-06
eec: 548.985
weight: 3.26953e-06
eec: 232.322
weight: 1.0742e-05
eec: 372.039
weight: 3.56567e-05
eec: 614.232
weight: 3.76531e-05
eec: 214.58
weight: 0.000102033
eec: 46.9555
weight: 1.73929e-05
eec: 2931.73
weight: 2.55248e-05
eec: 114.025
weight: 0.000180363
eec: 36.4537
weight: 1.46261e-05
eec: 554.392
weight: 3.41912e-05
eec: 152.29
weight: 9.28744e-05
eec: 1185.24
weight: 3.58354e-05
eec: 300.857
weight: 1.03016e-06
eec: 74.5348
Processing: 12.5125 %weight: 3.82395e-05
eec: 269.442
weight: 3.26734e-05
eec: 467.333
weight: 3.70523e-06
eec: 432.635
weight: 6.08989e-05
eec: 100.76
weight: 8.08999e-05
eec: 225.947
weight: 4.19438e-08
eec: 1747.37
weight: 1.4132e-05
eec: 334.836
weight: 9.60793e-05
eec: 47.2394
weight: 0.000158577
eec: 576.554
weight: 4.04036e-06
eec: 929.271
weight: 1.35004e-05
eec: 434.749
weight: 1.56825e-05
eec: 1076.37
weight: 3.45184e-06
eec: 684.331
weight: 2.67037e-06
eec: 108.779
weight: 8.33633e-06
eec: 425.952
weight: 2.88225e-05
eec: 109.07
weight: 1.80148e-05
eec: 254.871
weight: 0.000114374
eec: 223.456
weight: 3.70329e-06
eec: 1034.03
weight: 4.83764e-05
eec: 743.333
weight: 1.3531e-05
eec: 493.999
weight: 2.17512e-07
eec: 32.2756
weight: 6.28236e-06
eec: 84.4876
weight: 0.000158133
eec: 341.854
weight: 0.000149016
eec: 1311.66
weight: 0.000165908
eec: 178.538
weight: 2.24842e-05
eec: 505.65
weight: 3.64223e-06
eec: 236.154
weight: 3.10515e-05
eec: 2046.5
weight: 2.0335e-05
eec: 239.809
weight: 4.12019e-07
eec: 347.068
weight: 9.45429e-06
eec: 107.049
weight: 5.94232e-05
eec: 1461.94
weight: 2.78231e-07
eec: 907.672
weight: 2.12321e-05
eec: 203.367
weight: 0.000486893
eec: 675.006
weight: 6.56336e-05
eec: 105.862
weight: 0.00031613
eec: 131.889
weight: 0.000139947
eec: 57.9562
weight: 4.14177e-05
eec: 417.064
weight: 4.65617e-06
eec: 1019.42
weight: 1.80514e-05
eec: 642.066
weight: 1.67008e-06
eec: 915.632
weight: 3.396e-05
eec: 1077.7
weight: 9.76972e-05
eec: 228.431
weight: 1.30899e-05
eec: 180.879
weight: 2.11946e-05
eec: 692.324
weight: 3.92318e-06
eec: 49.6781
weight: 2.93845e-05
eec: 198.62
weight: 5.72851e-05
eec: 356.397
weight: 2.09331e-05
eec: 11.248
weight: 1.26665e-06
eec: 684.847
weight: 5.88072e-06
eec: 1179.14
weight: 6.64895e-05
eec: 1042.5
weight: 0.000113455
eec: 828.207
weight: 2.33504e-05
eec: 160.911
weight: 9.87381e-06
eec: 702.742
weight: 6.4516e-05
eec: 417.928
weight: 0.000145019
eec: 153.829
weight: 7.65851e-06
eec: 1137.63
weight: 3.40264e-06
eec: 316.264
weight: 0.000159298
eec: 790.972
weight: 6.88262e-05
eec: 742.72
weight: 4.09584e-05
eec: 55.4819
weight: 1.47367e-05
eec: 467.034
weight: 4.723e-05
eec: 425.743
weight: 0.000761957
eec: 88.4126
weight: 4.81854e-05
eec: 290.85
weight: 1.76092e-05
eec: 30.2308
weight: 2.96001e-05
eec: 1007.6
weight: 1.71833e-05
eec: 1953.85
weight: 6.84677e-06
eec: 14.4751
weight: 7.23551e-05
eec: 632.897
weight: 0.000110925
eec: 192
weight: 0.000556242
eec: 430.378
weight: 0.000115523
eec: 135.648
weight: 2.5905e-05
eec: 550.856
weight: 1.23315e-05
eec: 340.027
weight: 1.5236e-05
eec: 490.157
weight: 0.00108385
eec: 165.664
weight: 1.94892e-06
eec: 120.904
weight: 6.82871e-09
eec: 885.029
weight: 1.74778e-05
eec: 266.462
weight: 6.47277e-05
eec: 431.496
weight: 1.40908e-05
eec: 1140.49
weight: 9.55249e-06
eec: 43.6136
weight: 1.68371e-05
eec: 1229.75
weight: 4.15908e-05
eec: 447.913
weight: 2.76084e-07
eec: 800.303
weight: 1.28279e-05
eec: 13.1902
weight: 3.95722e-05
eec: 659.332
weight: 2.49808e-05
eec: 4040.47
weight: 7.00265e-06
eec: 496.578
weight: 5.99575e-05
eec: 107.328
weight: 3.69268e-05
eec: 519.665
weight: 5.3442e-05
eec: 492.023
weight: 0.000309267
eec: 266.628
weight: 0.000134502
eec: 874.045
weight: 7.63569e-05
eec: 912.858
weight: 2.82162e-05
eec: 1785.21
weight: 5.73134e-05
eec: 185.101
weight: 2.94828e-07
eec: 458.631
weight: 4.20883e-05
eec: 284.575
weight: 2.91466e-05
eec: 304.027
weight: 8.0119e-06
eec: 2361.42
weight: 0.000134414
eec: 853.607
weight: 4.14122e-06
eec: 557.941
weight: 1.20949e-05
eec: 566.642
weight: 1.45807e-05
eec: 468.93
weight: 3.67502e-06
eec: 1531.99
weight: 3.8046e-06
eec: 232.472
weight: 1.79314e-05
eec: 51.8371
weight: 6.1544e-05
eec: 109.967
weight: 2.79418e-06
eec: 141.281
weight: 2.64746e-06
eec: 1354.57
weight: 0.000126148
eec: 1067.87
weight: 3.84537e-07
eec: 176.723

ROOT exit code = 0
