gSystem->Load("run_condor_job_Run3_C.so");
run_condor_job_Run3(137, 100, 2,
                    80, 200,
                    1, 1, 1, 1);
.q

ENTERED run_condor_job_Run3()
JOBID = 137
  global job = 137  Job 37/100  events [2168940, 2227560)  total=5862000
Processing events [2168940, 2227560) of 5862000
weight: 1.54879e-05
eec: 1713.08
weight: 0.00071305
eec: 157.511
weight: 9.72783e-06
eec: 34.0036
weight: 3.90767e-08
eec: 369.789
weight: 2.25259e-05
eec: 390.805
weight: 4.79616e-05
eec: 229.364
weight: 5.03479e-05
eec: 340.705
weight: 0.00163434
eec: 9.39529
weight: 0.000314567
eec: 97.3462
weight: 0.00108242
eec: 163.1
weight: 2.08581e-05
eec: 382.745
weight: 1.52644e-07
eec: 491.798
weight: 0.000261865
eec: 461.025
weight: 4.34796e-05
eec: 1274.46
weight: 8.86488e-05
eec: 705.234
weight: 2.05165e-05
eec: 586.468
weight: 9.66036e-05
eec: 12.224
weight: 9.75932e-06
eec: 16.5457
weight: 4.20332e-05
eec: 703.069
weight: 9.1868e-05
eec: 387.487
weight: 5.707e-05
eec: 475.174
weight: 0.000136037
eec: 149.019
weight: 7.49737e-05
eec: 263.53
weight: 5.89927e-06
eec: 1101.23
weight: 1.8709e-05
eec: 49.7875
weight: 3.64391e-05
eec: 42.3057
weight: 2.08972e-05
eec: 941.634
weight: 9.84778e-06
eec: 171.742
weight: 9.29235e-05
eec: 123.785
weight: 3.77646e-05
eec: 39.0408
weight: 1.90489e-06
eec: 179.752
weight: 3.15473e-06
eec: 1851.49
weight: 0.000107132
eec: 581.925
weight: 0.000890572
eec: 355.107
weight: 0.000116802
eec: 332.448
weight: 7.80115e-05
eec: 503.207
weight: 3.70436e-05
eec: 1119.37
weight: 3.68028e-06
eec: 1297.68
weight: 1.59714e-06
eec: 298.465
weight: 5.82006e-06
eec: 2958.97
weight: 0.00010161
eec: 745.728
weight: 1.50941e-05
eec: 232.255
weight: 2.81671e-06
eec: 65.5924
weight: 2.45986e-05
eec: 600.922
weight: 6.84219e-08
eec: 1164.21
weight: 0.000157933
eec: 639.089
weight: 1.99237e-05
eec: 1685.48
weight: 0.000129115
eec: 245.975
weight: 0.000129115
eec: 600.782
weight: 3.58507e-05
eec: 389.112
weight: 4.02462e-07
eec: 62.6817
weight: 3.12185e-05
eec: 311.569
weight: 3.95393e-05
eec: 81.491
weight: 1.55419e-05
eec: 1588.09
weight: 8.79678e-06
eec: 1885.4
weight: 0.000105999
eec: 604.407
weight: 3.6445e-05
eec: 439.463
weight: 4.06704e-05
eec: 962.239
weight: 2.19017e-05
eec: 1318.76
weight: 7.8147e-05
eec: 1967.23
weight: 0.000183166
eec: 181.964
weight: 0.000132507
eec: 162.207
weight: 5.21842e-06
eec: 2904.54
weight: 4.16845e-06
eec: 451.584
weight: 5.62614e-05
eec: 223.719
weight: 0.000211112
eec: 11.3037
weight: 1.42713e-05
eec: 817.341
weight: 7.47473e-06
eec: 194.185
weight: 7.47473e-06
eec: 86.0418
weight: 2.39682e-05
eec: 628.868
weight: 3.1698e-05
eec: 126.946
weight: 0.000173828
eec: 512.859
weight: 0.000312874
eec: 861.366
weight: 3.22066e-05
eec: 514.693
weight: 1.17917e-06
eec: 2593.74
weight: 1.77767e-06
eec: 2269.43
weight: 6.06801e-06
eec: 712.753
weight: 1.0633e-05
eec: 1995.97
weight: 0.000328446
eec: 321.702
weight: 4.44471e-05
eec: 428.577
weight: 1.66025e-05
eec: 866.559
weight: 1.28563e-07
eec: 373.13
weight: 0.000142597
eec: 210.043
weight: 2.54819e-05
eec: 799.588
weight: 0.000110526
eec: 425.547
weight: 1.22005e-05
eec: 866.554
weight: 0.00010538
eec: 495.201
weight: 0.000359848
eec: 78.3645
weight: 2.31871e-05
eec: 162.436
weight: 1.20457e-05
eec: 238.197
weight: 6.3557e-05
eec: 48.8741
weight: 7.48791e-07
eec: 236.815
weight: 1.21103e-06
eec: 522.537
weight: 2.02455e-05
eec: 1003.33
weight: 3.01519e-05
eec: 610.37
weight: 0.000118373
eec: 250.785
weight: 6.47817e-05
eec: 671.216
weight: 6.53273e-05
eec: 287.544
weight: 1.86979e-05
eec: 391.492
weight: 5.74043e-06
eec: 16.9176
weight: 7.86408e-06
eec: 647.46
weight: 3.22925e-05
eec: 268.42
weight: 0.00130211
eec: 53.2983
weight: 1.23126e-05
eec: 852.267
weight: 8.50502e-05
eec: 22.85
weight: 4.09436e-05
eec: 1007.23
weight: 1.71349e-07
eec: 308.376
weight: 3.94113e-05
eec: 5668.82
weight: 3.66313e-05
eec: 176.197
weight: 0.00014766
eec: 228.644
weight: 7.56765e-06
eec: 417.387
weight: 2.87739e-05
eec: 141.754
weight: 9.72307e-07
eec: 250.674
weight: 0.000339967
eec: 264.124
weight: 0.000254083
eec: 526.257
weight: 3.38859e-05
eec: 392.452
weight: 4.5323e-05
eec: 118.287
weight: 2.49749e-05
eec: 685.809
Processing: 37.5299 %weight: 1.79213e-05
eec: 1849.76
weight: 1.47989e-05
eec: 190.59
weight: 2.34268e-08
eec: 115.077
weight: 0.000182527
eec: 181.682
weight: 8.24051e-06
eec: 275.408
weight: 1.12591e-05
eec: 471.063
weight: 1.38023e-06
eec: 1518.31
weight: 1.60754e-06
eec: 146.648
weight: 7.13098e-06
eec: 448.553
weight: 3.44226e-07
eec: 74.7656
weight: 6.33328e-05
eec: 108.155
weight: 8.82246e-06
eec: 552.438
weight: 2.26716e-05
eec: 125.415
weight: 2.94556e-05
eec: 1021.29
weight: 7.66324e-06
eec: 514.091
weight: 3.78984e-07
eec: 66.5838
weight: 8.59283e-05
eec: 388.747
weight: 2.75244e-05
eec: 93.7873
weight: 2.04219e-05
eec: 1111.1
weight: 2.00799e-05
eec: 46.045
weight: 4.06699e-06
eec: 176.598
weight: 7.08276e-06
eec: 100.605
weight: 4.93246e-05
eec: 295.338
weight: 3.42721e-05
eec: 1405.33
weight: 0.000214445
eec: 786.416
weight: 7.57085e-05
eec: 1047.26
weight: 0.000198825
eec: 271.437
weight: 0.00138007
eec: 262.323
weight: 5.04327e-05
eec: 23.7577
weight: 3.73444e-05
eec: 579.613
weight: 4.58883e-05
eec: 415.365
weight: 1.8905e-05
eec: 1031.73
weight: 3.76008e-05
eec: 836.377
weight: 3.53562e-06
eec: 1138.64
weight: 7.34925e-06
eec: 815.07
weight: 1.24598e-05
eec: 2226.31
weight: 3.01887e-06
eec: 139.206
weight: 1.22922e-05
eec: 2968.41
weight: 0.00498044
eec: 235.798
weight: 7.31583e-06
eec: 38.3993
weight: 0.000152382
eec: 169.366
weight: 2.67642e-05
eec: 408.399
weight: 0.000405386
eec: 13.0931
weight: 7.03158e-06
eec: 55.1275
weight: 0.000753562
eec: 45.4054
weight: 3.63536e-05
eec: 675.387
weight: 7.39456e-05
eec: 1143.34
weight: 4.9374e-05
eec: 752.016
weight: 6.11977e-05
eec: 861.567
weight: 0.000727169
eec: 891.142
weight: 1.45942e-05
eec: 660.76
weight: 1.45435e-05
eec: 169.038
weight: 6.56703e-05
eec: 426.136
weight: 4.57212e-05
eec: 96.4057
weight: 3.82613e-06
eec: 862.387
weight: 5.8229e-05
eec: 929.997
weight: 5.8229e-05
eec: 1011.44
weight: 0.000141984
eec: 229.972
weight: 4.20102e-05
eec: 63.1922
weight: 2.12534e-05
eec: 206.221
weight: 9.08696e-05
eec: 1333.84
weight: 1.20281e-06
eec: 59.3569
weight: 3.43927e-05
eec: 313.597
weight: 1.8636e-08
eec: 41.6931
weight: 0.000157571
eec: 83.2385
weight: 7.20518e-05
eec: 1059.88
weight: 1.68849e-05
eec: 1220.89
weight: 1.04719e-05
eec: 276.691
weight: 2.63699e-05
eec: 917.002
weight: 7.78855e-06
eec: 48.1824
weight: 1.82973e-06
eec: 1683.89
weight: 0.000263384
eec: 1115.2
weight: 0.000279889
eec: 203.932
weight: 2.93001e-05
eec: 977.189
weight: 2.16945e-05
eec: 321.007
weight: 7.56002e-05
eec: 226.52
weight: 1.69046e-05
eec: 138.804
weight: 1.14412e-05
eec: 40.0089
weight: 1.5882e-05
eec: 524.664
weight: 3.32651e-07
eec: 247.485
weight: 1.82979e-05
eec: 516.533
weight: 4.22953e-05
eec: 309.853
weight: 8.62816e-05
eec: 141.605
weight: 0.000822335
eec: 180.654
weight: 3.26683e-05
eec: 1327.18
weight: 6.58465e-07
eec: 121.471
weight: 3.32399e-05
eec: 491.73
weight: 0.00016703
eec: 184.242
weight: 1.43943e-06
eec: 4288.35
weight: 0.000115492
eec: 610.627
weight: 0.000793374
eec: 553.664
weight: 0.00033912
eec: 803.582
weight: 4.91716e-06
eec: 338.665
weight: 2.81162e-05
eec: 124.883
weight: 0.000124976
eec: 904.111
weight: 2.17596e-05
eec: 885.281
weight: 4.92679e-06
eec: 408.279
weight: 0.000315709
eec: 168.749
weight: 1.87777e-05
eec: 335.711
weight: 1.05384e-05
eec: 822.042
weight: 2.62209e-05
eec: 104.093
weight: 1.15559e-05
eec: 239.342
weight: 0.000291911
eec: 641.601
weight: 0.000479085
eec: 266.73
weight: 1.40436e-05
eec: 749.978
weight: 6.60284e-06
eec: 910.676
weight: 0.000245581
eec: 274.909
weight: 7.08414e-08
eec: 117.419
weight: 9.75929e-05
eec: 894.155
weight: 2.09139e-05
eec: 280.229
weight: 8.58217e-06
eec: 892.711

ROOT exit code = 0
