gSystem->Load("run_condor_job_Run3_C.so");
run_condor_job_Run3(114, 100, 2,
                    80, 200,
                    1, 1, 1, 1);
.q

ENTERED run_condor_job_Run3()
JOBID = 114
  global job = 114  Job 14/100  events [820680, 879300)  total=5862000
Processing events [820680, 879300) of 5862000
weight: 5.78492e-05
eec: 322.848
weight: 0.000493283
eec: 437.639
weight: 5.14494e-06
eec: 239.155
weight: 1.1231e-05
eec: 83.455
weight: 7.86735e-06
eec: 831.288
weight: 0.000117916
eec: 107.038
weight: 0.000218054
eec: 175.313
weight: 1.08788e-06
eec: 17.7213
weight: 5.0105e-07
eec: 262.575
weight: 0.000120916
eec: 1681.47
weight: 2.90615e-05
eec: 507.792
weight: 1.92389e-05
eec: 80.169
weight: 0.000127595
eec: 174.293
weight: 0.000319629
eec: 784.799
weight: 0.000159176
eec: 50.8335
weight: 0.000385254
eec: 232.557
weight: 0.000143891
eec: 2850.04
weight: 4.44575e-06
eec: 271.473
weight: 1.50025e-05
eec: 1651.97
weight: 5.36264e-05
eec: 1115.63
weight: 9.56617e-05
eec: 287.729
weight: 0.00049124
eec: 88.9947
weight: 4.4444e-06
eec: 130.315
weight: 0.000230233
eec: 173.09
weight: 8.10401e-05
eec: 425.782
weight: 1.72146e-05
eec: 1139.88
weight: 0.000386241
eec: 188.436
weight: 8.11242e-05
eec: 285.643
weight: 2.53608e-05
eec: 199.211
weight: 0.000172895
eec: 308.829
weight: 6.39451e-05
eec: 340.679
weight: 2.66874e-07
eec: 431.97
weight: 6.27993e-05
eec: 49.1943
weight: 3.67595e-06
eec: 268.068
weight: 1.05866e-05
eec: 142.816
weight: 2.40268e-05
eec: 1482.45
weight: 1.86123e-05
eec: 310.181
weight: 8.00532e-06
eec: 315.924
weight: 2.61397e-05
eec: 674.323
weight: 1.37594e-05
eec: 199.426
weight: 6.67099e-06
eec: 79.4077
weight: 1.44104e-05
eec: 58.8833
weight: 2.85448e-06
eec: 857.503
weight: 1.71389e-05
eec: 273.187
weight: 4.56445e-08
eec: 71.0668
weight: 1.48939e-05
eec: 3861.77
weight: 1.52669e-05
eec: 2339.59
weight: 6.56447e-05
eec: 2139.5
weight: 0.00013007
eec: 669.36
weight: 1.639e-05
eec: 50.2223
weight: 7.65585e-05
eec: 231.09
weight: 1.14854e-05
eec: 1432.82
weight: 1.9553e-06
eec: 3683.12
weight: 4.35338e-05
eec: 104.13
weight: 3.2531e-05
eec: 1313.55
weight: 0.000528037
eec: 1044.47
weight: 4.29192e-05
eec: 347.317
weight: 4.3494e-05
eec: 308.706
weight: 7.27981e-05
eec: 1357.34
weight: 3.33869e-05
eec: 181.23
weight: 2.17539e-05
eec: 47.9847
weight: 8.65506e-05
eec: 1285.8
weight: 0.000293468
eec: 157.635
weight: 3.40454e-05
eec: 1114.37
weight: 1.12361e-05
eec: 44.4478
weight: 2.27209e-05
eec: 789.899
weight: 1.32475e-05
eec: 1638.78
weight: 3.27714e-06
eec: 32.5391
weight: 2.2235e-05
eec: 449.431
weight: 0.000223862
eec: 82.4357
weight: 0.00017315
eec: 253.962
weight: 1.45151e-05
eec: 61.5028
weight: 7.06441e-05
eec: 627.953
weight: 0.000340034
eec: 178.015
weight: 0.000942242
eec: 51.7574
weight: 7.27989e-06
eec: 132.078
weight: 0.000208287
eec: 844.156
weight: 0.000218232
eec: 81.7703
weight: 7.38303e-05
eec: 1190.16
weight: 5.18364e-05
eec: 1198.51
weight: 0.000139536
eec: 400.164
weight: 1.60269e-05
eec: 285.809
weight: 2.13725e-05
eec: 347.349
weight: 2.30453e-05
eec: 1157.15
weight: 8.22445e-06
eec: 245.19
weight: 6.64915e-05
eec: 880.601
weight: 7.40065e-05
eec: 615.475
weight: 5.10901e-05
eec: 247.945
weight: 2.95759e-06
eec: 378.761
weight: 9.17629e-05
eec: 751.114
weight: 0.000209054
eec: 75.9472
weight: 2.11602e-05
eec: 588.114
weight: 3.38603e-05
eec: 106.743
weight: 9.09894e-06
eec: 1064.81
weight: 8.44335e-06
eec: 390.719
weight: 1.83152e-06
eec: 358.66
weight: 0.000156282
eec: 719.229
weight: 0.00011544
eec: 143.678
weight: 3.31032e-06
eec: 734.99
weight: 8.1142e-05
eec: 1271.67
weight: 9.13152e-05
eec: 605.219
weight: 2.27773e-05
eec: 1118.13
Processing: 14.5002 %weight: 0.000150177
eec: 28.3002
weight: 1.08545e-05
eec: 1181.85
weight: 2.27444e-05
eec: 857.426
weight: 4.81333e-05
eec: 268.311
weight: 0.000404193
eec: 280.657
weight: 3.01281e-05
eec: 390.875
weight: 0.000251728
eec: 804.321
weight: 1.01676e-06
eec: 480.066
weight: 0.00013357
eec: 334.167
weight: 2.4706e-05
eec: 2457.48
weight: 0.000299927
eec: 244.012
weight: 8.70021e-06
eec: 56.2763
weight: 2.97922e-05
eec: 99.7458
weight: 0.00013948
eec: 509.578
weight: 6.73975e-06
eec: 238.062
weight: 3.50153e-06
eec: 1161.12
weight: 2.15837e-05
eec: 1544.76
weight: 2.95479e-06
eec: 987.022
weight: 0.000124528
eec: 81.1592
weight: 0.000167664
eec: 355.92
weight: 6.79219e-06
eec: 76.6088
weight: 0.000170941
eec: 124.216
weight: 5.93464e-06
eec: 21.6268
weight: 9.14573e-05
eec: 228.285
weight: 0.00100458
eec: 912.143
weight: 3.165e-05
eec: 187.925
weight: 8.32037e-05
eec: 194.602
weight: 2.6356e-07
eec: 865.115
weight: 0.000135724
eec: 58.7986
weight: 1.48776e-05
eec: 3183.95
weight: 2.1637e-05
eec: 493.971
weight: 6.19177e-06
eec: 248.192
weight: 2.4499e-05
eec: 147.082
weight: 1.52205e-05
eec: 1250.12
weight: 2.24983e-05
eec: 153.783
weight: 3.23625e-05
eec: 210.246
weight: 2.24642e-05
eec: 917.242
weight: 1.46533e-05
eec: 263.086
weight: 1.06842e-05
eec: 507.471
weight: 8.44587e-06
eec: 401.645
weight: 8.58637e-06
eec: 1150.45
weight: 8.25909e-07
eec: 643.048
weight: 9.97318e-06
eec: 1387.25
weight: 8.70293e-06
eec: 1354.82
weight: 3.80814e-06
eec: 877.928
weight: 7.66414e-08
eec: 325.996
weight: 1.8077e-05
eec: 45.1924
weight: 0.000116057
eec: 720.259
weight: 1.03622e-05
eec: 583.899
weight: 8.21053e-06
eec: 780.885
weight: 6.67459e-06
eec: 4.69401
weight: 4.2044e-06
eec: 287.305
weight: 1.2922e-05
eec: 85.9649
weight: 5.57595e-05
eec: 409.97
weight: 0.000207311
eec: 267.099
weight: 0.000215322
eec: 450.77
weight: 8.0308e-05
eec: 303.097
weight: 1.65706e-06
eec: 121.29
weight: 0.000132429
eec: 488.843
weight: 7.83469e-05
eec: 432.991
weight: 2.65201e-05
eec: 132.46
weight: 4.95439e-05
eec: 377.509
weight: 1.21485e-05
eec: 197.903
weight: 3.146e-05
eec: 540.626
weight: 1.95251e-05
eec: 1388.77
weight: 1.82228e-05
eec: 853.554
weight: 0.000138279
eec: 1342.92
weight: 3.2681e-06
eec: 330.05
weight: 0.000749323
eec: 617.74
weight: 6.09561e-07
eec: 84.1595
weight: 5.23554e-05
eec: 95.5788
weight: 0.000181719
eec: 413.162
weight: 1.73425e-06
eec: 78.0461
weight: 0.00100145
eec: 418.605
weight: 6.18383e-05
eec: 121.952
weight: 0.000298113
eec: 59.3711
weight: 5.63796e-05
eec: 1666.64
weight: 5.33989e-05
eec: 559.1
weight: 4.91972e-06
eec: 2291.6
weight: 3.05636e-05
eec: 379.78
weight: 1.32923e-05
eec: 1199.79
weight: 3.78206e-05
eec: 58.6732
weight: 4.17237e-06
eec: 1562.42
weight: 8.12022e-05
eec: 84.8563
weight: 2.13192e-05
eec: 2858.86
weight: 4.15618e-06
eec: 829.81
weight: 3.75987e-05
eec: 1281.28
weight: 2.68278e-07
eec: 534.556
weight: 1.55043e-05
eec: 31.3479
weight: 4.23774e-05
eec: 339.753
weight: 0.000122939
eec: 153.927
weight: 1.74052e-05
eec: 675.818
weight: 3.58608e-08
eec: 634.954
weight: 5.11753e-05
eec: 768.571
weight: 3.08682e-07
eec: 1195.39
weight: 6.88837e-05
eec: 843.067
weight: 4.73606e-06
eec: 207.706
weight: 5.62784e-05
eec: 281.521
weight: 2.49068e-05
eec: 233.583
weight: 0.000312755
eec: 1519.69
weight: 1.90987e-06
eec: 446.641
weight: 3.02634e-06
eec: 801.539
weight: 1.67283e-05
eec: 724.687
weight: 8.17515e-06
eec: 364.782
weight: 8.07663e-05
eec: 49.6937
weight: 0.000140946
eec: 969.357
weight: 6.94783e-06
eec: 774.155
weight: 7.99781e-06
eec: 557.931
weight: 0.000362251
eec: 1393
weight: 4.11689e-08
eec: 104.33
weight: 7.35827e-06
eec: 2.1888
weight: 1.60975e-06
eec: 327.416
weight: 5.23213e-05
eec: 337.134
weight: 5.25749e-05
eec: 249.084
weight: 7.05217e-05
eec: 363.675
weight: 1.11188e-05
eec: 264.347
weight: 9.22421e-06
eec: 1741.96
weight: 9.22421e-06
eec: 621.398
weight: 4.70454e-06
eec: 915.399
weight: 8.67031e-06
eec: 1753.49
weight: 0.000128653
eec: 208.319
weight: 6.89945e-05
eec: 172.071
weight: 5.07042e-05
eec: 1368.09
weight: 4.46091e-05
eec: 420.727
weight: 4.68387e-05
eec: 454.823
weight: 0.000239073
eec: 932.125
weight: 3.94164e-06
eec: 360.714
weight: 9.79743e-07
eec: 71.0685
weight: 1.86774e-05
eec: 116.755
weight: 1.77476e-05
eec: 2280.67
weight: 3.99305e-07
eec: 263.73
weight: 8.99601e-06
eec: 209.306
weight: 1.49707e-05
eec: 254.401
weight: 2.58634e-05
eec: 925.403
weight: 1.71636e-05
eec: 89.9142
weight: 5.64164e-05
eec: 1412.14
weight: 5.74435e-05
eec: 386.392
weight: 0.000683271
eec: 301.272

ROOT exit code = 0
