gSystem->Load("run_condor_job_Run3_C.so");
run_condor_job_Run3(253, 100, 2,
                    80, 200,
                    1, 1, 1, 2);
.q

ENTERED run_condor_job_Run3()
JOBID = 253
  global job = 253  Job 53/100  events [3180000, 3240000)  total=6000000
Processing events [3180000, 3240000) of 6000000
weight: 3.42135e-06
eec: 226.202
weight: 0.00118088
eec: 393.085
weight: 2.84121e-05
eec: 78.2887
weight: 0.00161709
eec: 60.8313
weight: 1.75483e-06
eec: 1456.72
weight: 7.13054e-06
eec: 1993.39
weight: 8.69341e-05
eec: 449.447
weight: 0.000195334
eec: 325.601
weight: 0.000133415
eec: 58.2001
weight: 1.95228e-06
eec: 67.8911
weight: 5.77907e-06
eec: 210.297
weight: 6.36047e-06
eec: 287.843
weight: 2.33968e-05
eec: 816.581
weight: 0.000148827
eec: 667.528
weight: 1.31507e-05
eec: 94.5123
weight: 9.6687e-06
eec: 2052.35
weight: 5.35247e-05
eec: 63.3651
weight: 1.1439e-05
eec: 507.666
weight: 1.8459e-05
eec: 332.181
weight: 9.14484e-07
eec: 11.8214
weight: 2.87908e-05
eec: 783.088
weight: 5.37879e-05
eec: 351.095
weight: 0.000385147
eec: 1250.11
weight: 2.61822e-06
eec: 1472.26
weight: 4.14624e-05
eec: 1120.94
weight: 0.000422238
eec: 204.353
weight: 3.8629e-06
eec: 1168.48
weight: 9.57554e-05
eec: 73.9296
weight: 4.54859e-05
eec: 124.116
weight: 0.000110677
eec: 233.256
weight: 2.82772e-05
eec: 234.944
weight: 2.78991e-05
eec: 197.123
weight: 2.91702e-06
eec: 185.334
weight: 2.22518e-05
eec: 62.7803
weight: 9.12016e-06
eec: 632.904
weight: 6.50073e-05
eec: 484.007
weight: 0.000201888
eec: 82.3349
weight: 6.96922e-06
eec: 1558.71
weight: 3.05016e-05
eec: 118.046
weight: 3.99648e-05
eec: 125.23
weight: 5.67529e-05
eec: 750.492
weight: 3.76444e-05
eec: 707.72
weight: 2.5966e-07
eec: 2684.51
weight: 6.05045e-06
eec: 994.434
weight: 7.02664e-05
eec: 660.559
weight: 3.74622e-05
eec: 118.494
weight: 2.8954e-06
eec: 98.0377
weight: 1.16656e-05
eec: 129.74
weight: 2.98755e-05
eec: 785.07
weight: 0.000120397
eec: 564.558
weight: 5.75562e-06
eec: 673.029
weight: 2.46746e-05
eec: 91.3118
weight: 0.00056003
eec: 345.73
weight: 9.03938e-05
eec: 150.198
weight: 4.5622e-06
eec: 234.065
weight: 0.000106572
eec: 41.2262
weight: 4.03869e-06
eec: 828.577
weight: 1.6539e-05
eec: 67.4871
weight: 7.70339e-06
eec: 66.3641
weight: 0.000110815
eec: 119.105
weight: 9.88557e-07
eec: 667.765
weight: 1.79695e-05
eec: 67.3343
weight: 3.62949e-07
eec: 71.6039
weight: 3.29666e-05
eec: 813.211
weight: 0.000249185
eec: 33.3543
weight: 8.61346e-05
eec: 1068.84
weight: 3.64614e-05
eec: 313.49
weight: 7.28024e-06
eec: 373.254
weight: 0.000264828
eec: 610.172
weight: 0.000154202
eec: 775.691
weight: 2.00158e-06
eec: 347.602
weight: 6.82682e-06
eec: 2997.4
weight: 5.05828e-05
eec: 671.436
weight: 9.39987e-05
eec: 21.3578
weight: 1.56762e-05
eec: 340.833
weight: 6.84866e-05
eec: 604.674
weight: 1.167e-07
eec: 125.589
weight: 0.000226763
eec: 171.596
weight: 4.23742e-05
eec: 42.6976
weight: 2.64211e-05
eec: 1240.52
weight: 9.76503e-05
eec: 1038
weight: 5.16008e-06
eec: 3144.71
weight: 3.15987e-07
eec: 1062.5
weight: 0.000241703
eec: 125.997
weight: 2.5184e-05
eec: 268.999
weight: 2.12325e-06
eec: 569.245
weight: 4.58431e-06
eec: 1141.52
weight: 4.58431e-06
eec: 621.007
weight: 1.09225e-05
eec: 402.568
weight: 1.4149e-05
eec: 23.7928
weight: 1.77585e-05
eec: 32.5653
weight: 6.97782e-05
eec: 280.054
Processing: 53.3333 %weight: 0.000368075
eec: 96.7681
weight: 1.82069e-05
eec: 1558.08
weight: 7.1616e-05
eec: 61.9052
weight: 5.27384e-05
eec: 2071.41
weight: 0.000168007
eec: 136.543
weight: 8.96728e-05
eec: 190.843
weight: 4.02118e-05
eec: 455.584
weight: 9.84239e-05
eec: 477.923
weight: 4.29518e-05
eec: 231.098
weight: 8.06585e-05
eec: 27.5541
weight: 0.000527952
eec: 937.934
weight: 3.64655e-05
eec: 520.032
weight: 3.8486e-05
eec: 221.354
weight: 1.20347e-07
eec: 45.6452
weight: 1.25178e-05
eec: 232.196
weight: 2.78431e-05
eec: 1098.97
weight: 0.000276867
eec: 590.771
weight: 4.11772e-05
eec: 50.4339
weight: 2.69716e-05
eec: 440.164
weight: 4.52754e-05
eec: 248.029
weight: 7.74393e-05
eec: 373.944
weight: 8.62049e-05
eec: 402.914
weight: 9.23658e-05
eec: 836.82
weight: 1.16662e-07
eec: 569.367
weight: 6.91075e-06
eec: 335.303
weight: 5.30925e-05
eec: 266.915
weight: 0.000224472
eec: 173.653
weight: 2.36146e-05
eec: 1273.71
weight: 3.50134e-06
eec: 461.941
weight: 7.2238e-05
eec: 729.426
weight: 6.72402e-05
eec: 112.684
weight: 1.75043e-05
eec: 132.452
weight: 9.79025e-07
eec: 958.818
weight: 1.88721e-06
eec: 878.883
weight: 0.00061489
eec: 123.794
weight: 6.26473e-05
eec: 536.266
weight: 1.35307e-06
eec: 2931.42
weight: 5.38191e-05
eec: 825.779
weight: 6.48043e-05
eec: 337.578
weight: 4.27013e-06
eec: 1189.93
weight: 4.54719e-06
eec: 280.624
weight: 7.69034e-05
eec: 847.974
weight: 4.13737e-06
eec: 302.017
weight: 1.78213e-05
eec: 403.99
weight: 2.77298e-05
eec: 114.816
weight: 0.00010048
eec: 188.626
weight: 0.000231689
eec: 687.747
weight: 3.62247e-05
eec: 17.6073
weight: 2.97793e-05
eec: 217.486
weight: 0.000120999
eec: 907.395
weight: 5.99578e-06
eec: 445.784
weight: 0.000179739
eec: 402.571
weight: 0.000504186
eec: 40.8612
weight: 0.000205796
eec: 67.3283
weight: 1.61255e-05
eec: 81.1139
weight: 6.06763e-05
eec: 156.119
weight: 2.13336e-06
eec: 317.526
weight: 1.01415e-05
eec: 2569.53
weight: 1.76643e-05
eec: 473.076
weight: 8.00107e-05
eec: 85.3627
weight: 2.05984e-05
eec: 104.232
weight: 1.94955e-06
eec: 362.597
weight: 1.45056e-05
eec: 245.456
weight: 0.000118388
eec: 965.773
weight: 3.06849e-05
eec: 122.988
weight: 9.90317e-05
eec: 170.447
weight: 0.000183772
eec: 227.711
weight: 9.34012e-05
eec: 427.882
weight: 6.36952e-05
eec: 192.489
weight: 9.75011e-05
eec: 868.021
weight: 7.3354e-05
eec: 245.226
weight: 8.8319e-05
eec: 662.618
weight: 2.52302e-07
eec: 845.502
weight: 6.9849e-06
eec: 58.8315
weight: 6.23646e-05
eec: 327.758
weight: 0.000571067
eec: 366.593
weight: 6.25742e-06
eec: 1552.36
weight: 3.61697e-05
eec: 315.542
weight: 0.000326161
eec: 339.926
weight: 0.00107722
eec: 296.136
weight: 0.000115873
eec: 389.055
weight: 4.72946e-05
eec: 2692.35
weight: 7.44998e-06
eec: 820.975
weight: 4.16523e-06
eec: 373.642
weight: 0.00022884
eec: 337.09
weight: 3.33883e-06
eec: 2163.18
weight: 1.59545e-05
eec: 361.803
weight: 8.99777e-06
eec: 2980
weight: 5.9042e-05
eec: 96.6689
weight: 7.16631e-05
eec: 37.8287
weight: 4.4907e-06
eec: 158.701
weight: 8.68727e-05
eec: 1111.15
weight: 3.08668e-06
eec: 893.762
weight: 0.000427297
eec: 1332.75
weight: 7.59367e-05
eec: 1151.65
weight: 9.85144e-06
eec: 455.237
weight: 2.70535e-06
eec: 400.683
weight: 1.09805e-05
eec: 797.698
weight: 0.000465575
eec: 829.519
weight: 3.03703e-05
eec: 1268.58
weight: 8.47703e-05
eec: 84.0628
weight: 2.66715e-05
eec: 655.389
weight: 8.62028e-05
eec: 238.105
weight: 1.33622e-06
eec: 2777.29
weight: 7.28434e-06
eec: 2618.23
weight: 1.03249e-05
eec: 257.007
weight: 8.27956e-05
eec: 361.351
weight: 4.72148e-05
eec: 497.707
weight: 5.52786e-05
eec: 725.99
weight: 9.6454e-06
eec: 261.612
weight: 2.96447e-05
eec: 496.364
weight: 2.8719e-05
eec: 90.4841
weight: 6.88315e-05
eec: 210.258
weight: 3.90355e-05
eec: 1069.59
weight: 1.15669e-05
eec: 173.178
weight: 2.00066e-05
eec: 385.619
weight: 1.47994e-05
eec: 280.671
weight: 1.2327e-05
eec: 110.291
weight: 0.000116775
eec: 86.6463
weight: 2.36053e-07
eec: 37.0016
weight: 0.000249287
eec: 750.517
weight: 2.28669e-06
eec: 51.2961
weight: 8.58564e-06
eec: 436.315
weight: 1.90139e-05
eec: 1200.27
weight: 1.70307e-06
eec: 504.299
weight: 9.27425e-06
eec: 996.164
weight: 7.46602e-06
eec: 1022.34
weight: 1.24681e-06
eec: 131.286
weight: 4.59007e-06
eec: 292.68
weight: 0.000115638
eec: 268.357
weight: 3.78669e-05
eec: 682.228
weight: 4.16842e-05
eec: 15.8013
weight: 0.000472281
eec: 335.128
weight: 2.92014e-05
eec: 2011.28
weight: 3.34302e-06
eec: 5.09087
weight: 0.000297982
eec: 34.3101
weight: 9.47203e-05
eec: 283.595
weight: 2.34704e-05
eec: 1415.69
weight: 7.32676e-06
eec: 455.003
weight: 6.04826e-06
eec: 1030.48
weight: 0.000101427
eec: 1521.34
weight: 0.000135723
eec: 344.992
weight: 5.03662e-06
eec: 412.499
weight: 1.62244e-05
eec: 43.502
weight: 5.40647e-06
eec: 264.713
weight: 3.75087e-06
eec: 89.5494
weight: 1.35711e-06
eec: 97.5325
weight: 1.35711e-06
eec: 221.75
weight: 0.000126283
eec: 253.651
weight: 9.98435e-06
eec: 290.253
weight: 2.62458e-07
eec: 1209.87
weight: 1.07022e-06
eec: 1175.77
weight: 3.02196e-05
eec: 869.571
weight: 7.83203e-05
eec: 157.112
weight: 4.30068e-05
eec: 1820.97
weight: 1.33018e-05
eec: 486.276
weight: 1.37739e-05
eec: 1256.33
weight: 4.48917e-06
eec: 85.0053
weight: 3.11951e-06
eec: 814.177
weight: 2.87066e-05
eec: 7.48487
weight: 8.76702e-06
eec: 423.451
weight: 2.03671e-06
eec: 430.125
weight: 1.6683e-05
eec: 129.662
weight: 1.10873e-05
eec: 155.412
weight: 4.62986e-06
eec: 575.34
weight: 4.62861e-05
eec: 832.849
weight: 5.57475e-06
eec: 718.67
weight: 2.38996e-05
eec: 453.886
weight: 3.76958e-05
eec: 1275.64
weight: 3.81533e-06
eec: 83.7856
weight: 9.78731e-05
eec: 114.273
weight: 0.000182319
eec: 1303.2
weight: 4.83194e-08
eec: 708.591
weight: 5.9841e-06
eec: 127.761
weight: 2.27571e-05
eec: 81.7012
weight: 0.000144365
eec: 378.886
weight: 1.77983e-05
eec: 186.463

ROOT exit code = 0
