gSystem->Load("run_condor_job_Run3_C.so");
run_condor_job_Run3(330, 100, 2,
                    80, 200,
                    1, 1, 1, 3);
.q

ENTERED run_condor_job_Run3()
JOBID = 330
  global job = 330  Job 30/100  events [1800000, 1860000)  total=6000000
Processing events [1800000, 1860000) of 6000000
Processing: 30 %weight: 5.06405e-07
eec: 525.252
weight: 1.22877e-06
eec: 1706.15
weight: 2.6321e-06
eec: 588.24
weight: 5.37456e-08
eec: 954.031
weight: 9.08134e-05
eec: 193.226
weight: 0.000279058
eec: 549.355
weight: 9.00211e-06
eec: 150.66
weight: 1.34973e-05
eec: 903.311
weight: 2.72575e-05
eec: 81.8126
weight: 0.000253793
eec: 264.051
weight: 7.47065e-06
eec: 1197.58
weight: 6.11962e-05
eec: 1720.14
weight: 2.98745e-05
eec: 93.7135
weight: 7.2661e-05
eec: 1980.98
weight: 1.67953e-05
eec: 1162.04
weight: 1.67953e-05
eec: 75.6511
weight: 0.000390525
eec: 751.212
weight: 2.8441e-07
eec: 139.548
weight: 1.39996e-05
eec: 1198.76
weight: 1.36259e-05
eec: 1038.15
weight: 0.000834466
eec: 274.01
weight: 2.05545e-06
eec: 1958.11
weight: 1.84494e-05
eec: 311.841
weight: 1.81087e-05
eec: 152.46
weight: 1.25718e-05
eec: 300.932
weight: 9.72857e-06
eec: 881.491
weight: 0.000234354
eec: 700.664
weight: 0.000119018
eec: 304.156
weight: 7.8293e-05
eec: 685.919
weight: 5.9299e-05
eec: 181.25
weight: 1.17146e-06
eec: 30.8313
weight: 3.6591e-05
eec: 76.989
weight: 3.31707e-05
eec: 541.98
weight: 7.72163e-06
eec: 1605.26
weight: 3.49202e-07
eec: 279.025
weight: 5.73502e-06
eec: 197.432
weight: 5.1086e-05
eec: 486.41
weight: 0.000238972
eec: 159.591
weight: 2.10449e-05
eec: 2106.78
weight: 2.27517e-05
eec: 218.408
weight: 2.56587e-05
eec: 41.5755
weight: 6.12302e-05
eec: 213.775
weight: 1.51108e-05
eec: 125.622
weight: 1.43802e-05
eec: 903.16
weight: 6.723e-05
eec: 1769.08
weight: 2.02487e-06
eec: 246.175
weight: 0.000124472
eec: 206.361
weight: 0.000256155
eec: 669.786
weight: 0.000115752
eec: 556.073
weight: 5.90609e-06
eec: 45.6676
weight: 6.88613e-08
eec: 531.576
weight: 0.000181982
eec: 141.175
weight: 1.25888e-05
eec: 157.633
weight: 1.40722e-05
eec: 107.669
weight: 1.97393e-05
eec: 816.843
weight: 1.33939e-05
eec: 398.619
weight: 6.91687e-07
eec: 328.932
weight: 2.76141e-06
eec: 1356.39
weight: 0.000593153
eec: 67.9527
weight: 5.74348e-05
eec: 47.0813
weight: 1.13078e-05
eec: 487.676
weight: 2.33966e-05
eec: 196.911
weight: 4.02255e-05
eec: 860.722
weight: 2.25562e-05
eec: 275.498
weight: 1.75045e-05
eec: 473.372
weight: 3.7195e-06
eec: 68.0007
weight: 1.7503e-05
eec: 227.857
weight: 0.000138483
eec: 221.978
weight: 4.64837e-05
eec: 31.4952
weight: 2.16276e-05
eec: 1322.41
weight: 2.51964e-05
eec: 31.4097
weight: 2.35181e-05
eec: 1883.69
weight: 1.19441e-05
eec: 2189.75
weight: 9.1918e-06
eec: 165.547
weight: 7.49254e-05
eec: 397.421
weight: 1.94869e-05
eec: 44.1348
weight: 1.41776e-05
eec: 124.566
weight: 6.73523e-06
eec: 119.919
weight: 0.000134017
eec: 1115.25
weight: 9.19747e-05
eec: 704.51
weight: 3.63319e-05
eec: 211.579
weight: 1.3279e-05
eec: 2178.4
weight: 1.11968e-05
eec: 204.705
weight: 0.000251262
eec: 105.145
weight: 2.91592e-07
eec: 10.9057
weight: 1.70401e-05
eec: 88.4231
weight: 0.000138794
eec: 75.7905
weight: 7.76545e-05
eec: 1763.42
weight: 2.46932e-06
eec: 90.9723
weight: 4.93807e-05
eec: 469.36
weight: 0.000113305
eec: 219.213
weight: 8.00399e-05
eec: 1310.7
weight: 5.67574e-06
eec: 792.313
weight: 9.19406e-05
eec: 119.972
weight: 3.64636e-05
eec: 851.182
weight: 1.49288e-05
eec: 243.811
weight: 4.88342e-06
eec: 1709.32
weight: 9.04167e-05
eec: 208.208
weight: 1.88611e-05
eec: 3067.29
weight: 3.39555e-05
eec: 798.848
weight: 4.42104e-07
eec: 263.824
weight: 4.93729e-05
eec: 324.08
weight: 2.76611e-09
eec: 19.8374
weight: 4.92359e-05
eec: 806.773
weight: 0.000239044
eec: 448.973
weight: 3.91455e-05
eec: 1175.59
weight: 7.28048e-05
eec: 170.916
weight: 6.56876e-05
eec: 16.3211
weight: 1.34763e-06
eec: 801.072
weight: 1.68697e-06
eec: 54.7511
weight: 0.000215944
eec: 452.67
weight: 3.99823e-06
eec: 747.797
weight: 6.96513e-07
eec: 898.537
weight: 0.000438085
eec: 404.683
weight: 4.01061e-05
eec: 347.49
weight: 3.13305e-05
eec: 550.904
weight: 2.71675e-05
eec: 270.607
weight: 8.31111e-05
eec: 38.648
weight: 0.000131705
eec: 119.866
weight: 3.5146e-05
eec: 811.263
weight: 3.87075e-05
eec: 493.095
weight: 8.71195e-06
eec: 548.687
weight: 1.52847e-05
eec: 46.0054
weight: 1.0617e-05
eec: 476.061
weight: 1.35249e-05
eec: 627.58
weight: 0.00540401
eec: 246.083
weight: 2.18701e-05
eec: 344.703
weight: 4.64925e-05
eec: 49.7496
weight: 1.64455e-06
eec: 233.349
weight: 0.000130059
eec: 156.271
weight: 7.45294e-05
eec: 318.622
weight: 7.56664e-06
eec: 1585.73
weight: 0.000145987
eec: 299.782
weight: 2.76016e-05
eec: 1008.07
weight: 1.90765e-05
eec: 66.4285
weight: 6.21839e-05
eec: 209.681
weight: 4.1041e-05
eec: 95.3398
weight: 2.29621e-05
eec: 832.506
weight: 3.52751e-05
eec: 582.44
weight: 1.04425e-05
eec: 2182.04
weight: 4.92399e-05
eec: 189.046
weight: 3.02518e-05
eec: 2037.64
weight: 0.000267969
eec: 177.4
weight: 7.67124e-06
eec: 81.0561
weight: 0.000135232
eec: 155.245
weight: 3.47531e-05
eec: 1332.39
weight: 3.4973e-06
eec: 407.722
weight: 1.32896e-05
eec: 2321.35
weight: 1.61884e-06
eec: 629.513
weight: 1.95355e-05
eec: 1278.92
weight: 3.71378e-05
eec: 1281.5
weight: 3.76744e-05
eec: 1223.91
weight: 7.99508e-06
eec: 230.103
weight: 8.52537e-06
eec: 565.293
weight: 0.000286509
eec: 426.198
weight: 0.00016929
eec: 608.561
weight: 4.98998e-06
eec: 205.673
weight: 0.000202322
eec: 539.373
weight: 0.000171006
eec: 547.234
weight: 2.92051e-05
eec: 82.2991
weight: 1.17964e-05
eec: 818.177
weight: 0.000312559
eec: 101.439
weight: 0.000186309
eec: 157.848
weight: 9.97104e-05
eec: 415.053
weight: 0.000339976
eec: 96.6834
weight: 1.79148e-06
eec: 86.841
weight: 4.20575e-07
eec: 85.7657
weight: 6.89194e-06
eec: 487.486
weight: 2.71413e-05
eec: 939.42
weight: 1.33215e-05
eec: 387.423
weight: 1.40951e-05
eec: 3242.22
weight: 1.01215e-07
eec: 854.332
weight: 2.23273e-05
eec: 428.76
weight: 2.02455e-05
eec: 1101.32
weight: 1.30489e-05
eec: 52.1644
weight: 0.00011531
eec: 1859.94
weight: 4.89127e-05
eec: 843.444
weight: 8.12847e-05
eec: 138.427
weight: 0.000124711
eec: 643.114
weight: 1.59137e-05
eec: 35.0918
weight: 9.04271e-06
eec: 461.54
weight: 7.02206e-07
eec: 1840.35
weight: 7.02206e-07
eec: 385.951
weight: 3.22141e-06
eec: 53.8693
weight: 3.40605e-06
eec: 383.681
weight: 4.91966e-06
eec: 1004.16
weight: 9.83825e-05
eec: 1479.89
weight: 5.46167e-05
eec: 485.092
weight: 0.000422886
eec: 678.828
weight: 0.000147418
eec: 383.233
weight: 0.000447886
eec: 28.3684
weight: 5.33899e-06
eec: 139.691
weight: 7.86709e-06
eec: 4306.5
Processing: 30.8333 %weight: 3.49179e-05
eec: 1512.19
weight: 0.000596078
eec: 19.1108
weight: 2.90669e-05
eec: 1817.88
weight: 0.000102662
eec: 228.948
weight: 5.14308e-06
eec: 30.5143
weight: 1.57263e-05
eec: 151.251
weight: 3.58062e-06
eec: 166.83
weight: 4.80607e-06
eec: 1993.94
weight: 0.000429845
eec: 69.0175
weight: 9.93729e-05
eec: 2002.3
weight: 4.81693e-05
eec: 79.5933
weight: 1.66242e-05
eec: 2264.56
weight: 3.00574e-06
eec: 103.556
weight: 7.06778e-06
eec: 4402.5
weight: 1.15453e-05
eec: 308.175
weight: 3.07309e-06
eec: 1321.06
weight: 7.31889e-05
eec: 1985.74
weight: 7.00651e-06
eec: 2234.59
weight: 0.000136431
eec: 116.279
weight: 3.93686e-05
eec: 297.591
weight: 1.05869e-05
eec: 1218.54
weight: 6.78708e-06
eec: 141.446
weight: 1.69159e-05
eec: 2018.13
weight: 7.10099e-06
eec: 416.185
weight: 2.61307e-06
eec: 10.4519
weight: 3.56284e-05
eec: 2004.89
weight: 0.000621152
eec: 135.653
weight: 1.36189e-05
eec: 457.278
weight: 2.16708e-05
eec: 738.908
weight: 4.03103e-06
eec: 1874.78
weight: 8.10206e-06
eec: 81.9208
weight: 0.000492428
eec: 594.605
weight: 3.42225e-06
eec: 1372.77
weight: 3.40406e-05
eec: 212.163

ROOT exit code = 0
