gSystem->Load("run_condor_job_Run3_C.so");
run_condor_job_Run3(306, 100, 2,
                    80, 200,
                    1, 1, 1, 3);
.q

ENTERED run_condor_job_Run3()
JOBID = 306
  global job = 306  Job 6/100  events [360000, 420000)  total=6000000
Processing events [360000, 420000) of 6000000
weight: 1.41939e-06
eec: 676.402
weight: 8.23017e-06
eec: 234.585
weight: 4.71632e-08
eec: 540.461
weight: 7.93866e-06
eec: 2060.53
weight: 2.03693e-05
eec: 1220.28
weight: 1.07052e-05
eec: 389.487
weight: 7.46647e-05
eec: 406.544
weight: 0.000153851
eec: 589.548
weight: 2.874e-05
eec: 319.686
weight: 6.31902e-06
eec: 434.718
weight: 1.87384e-05
eec: 219.007
weight: 1.56942e-05
eec: 541.146
weight: 2.79762e-05
eec: 211.857
weight: 1.78504e-05
eec: 422.893
weight: 0.00029246
eec: 58.7072
weight: 5.60972e-05
eec: 470.687
weight: 2.56657e-06
eec: 350.979
weight: 0.000185731
eec: 360.625
weight: 2.07085e-05
eec: 8.27351
weight: 2.61212e-06
eec: 112.198
weight: 6.92512e-05
eec: 317.513
weight: 8.73133e-05
eec: 184.562
weight: 3.59956e-06
eec: 230.853
weight: 4.01432e-06
eec: 939.039
weight: 2.06629e-05
eec: 1048.1
weight: 8.99163e-05
eec: 271.707
weight: 2.2143e-06
eec: 648.362
weight: 1.39235e-05
eec: 1504.88
weight: 1.87431e-07
eec: 1158.91
weight: 9.50617e-06
eec: 169.613
weight: 2.11785e-06
eec: 50.7879
weight: 2.19749e-05
eec: 2784.9
weight: 5.37008e-07
eec: 213.224
weight: 6.85638e-05
eec: 3444.53
weight: 1.17492e-05
eec: 435.942
weight: 5.47681e-07
eec: 71.0483
weight: 1.43437e-05
eec: 313.434
weight: 1.39689e-05
eec: 30.6783
weight: 7.27107e-06
eec: 112.633
weight: 4.90358e-05
eec: 923.637
weight: 8.8952e-05
eec: 1760.81
weight: 2.33582e-05
eec: 708.963
weight: 0.000216899
eec: 72.5169
weight: 3.92995e-05
eec: 706.976
weight: 6.73799e-05
eec: 286.313
weight: 2.99326e-06
eec: 268.664
weight: 1.66596e-05
eec: 295.093
weight: 1.59422e-05
eec: 914.341
weight: 9.51993e-06
eec: 44.9014
weight: 2.1925e-05
eec: 398.428
weight: 0.000651171
eec: 1537.16
weight: 1.20641e-05
eec: 363.7
weight: 9.58478e-07
eec: 1107.07
weight: 0.000240528
eec: 76.3225
weight: 3.59338e-06
eec: 757.038
weight: 1.47409e-05
eec: 1145.39
weight: 2.87521e-06
eec: 878.864
weight: 3.75248e-06
eec: 19.3596
weight: 0.000292555
eec: 530.896
weight: 5.05141e-05
eec: 244.19
weight: 2.4499e-05
eec: 148.599
weight: 2.4499e-05
eec: 63.9976
weight: 9.15212e-06
eec: 57.8374
weight: 6.75299e-05
eec: 141.309
weight: 1.52621e-05
eec: 272.866
weight: 1.71219e-05
eec: 873.874
weight: 0.000178694
eec: 552.585
weight: 9.56604e-05
eec: 530.347
weight: 0.000115871
eec: 46.6591
weight: 3.79904e-06
eec: 277.696
weight: 0.000170641
eec: 1032.87
weight: 4.70134e-06
eec: 946.229
weight: 6.17401e-05
eec: 196.534
weight: 6.19485e-07
eec: 1416.73
weight: 4.38468e-05
eec: 241.061
weight: 3.40253e-07
eec: 525.33
weight: 2.9266e-06
eec: 196.123
weight: 2.39665e-05
eec: 530.895
weight: 1.91577e-06
eec: 1410.79
weight: 5.02047e-05
eec: 612.614
weight: 0.000886783
eec: 153.866
weight: 0.00040891
eec: 1574.42
weight: 3.65451e-07
eec: 57.8089
weight: 1.02216e-05
eec: 668.147
weight: 1.14599e-06
eec: 646.812
weight: 0.000103499
eec: 497.312
weight: 6.3446e-05
eec: 280.417
weight: 5.68791e-05
eec: 236.73
weight: 0.000175171
eec: 221.415
weight: 5.33481e-07
eec: 75.9632
weight: 9.50064e-07
eec: 351.854
weight: 0.00012575
eec: 131.968
weight: 0.000119687
eec: 219.836
weight: 2.90563e-06
eec: 891.062
weight: 6.75974e-06
eec: 26.495
weight: 6.1499e-07
eec: 2350.51
weight: 6.1499e-07
eec: 578.08
weight: 9.13118e-06
eec: 649.27
weight: 1.58317e-06
eec: 174.452
weight: 2.45146e-05
eec: 234.898
weight: 1.15665e-05
eec: 871.995
weight: 1.19022e-05
eec: 1815.26
weight: 7.52568e-06
eec: 553.427
weight: 3.93143e-08
eec: 529.968
weight: 3.97498e-05
eec: 181.446
weight: 3.03615e-08
eec: 112.417
weight: 1.06635e-05
eec: 970.824
weight: 0.000263567
eec: 718.502
weight: 3.79854e-06
eec: 1265.85
weight: 0.000535845
eec: 969.735
weight: 0.000120844
eec: 42.959
weight: 1.50054e-06
eec: 673.625
weight: 1.61932e-05
eec: 1225.46
weight: 1.83936e-07
eec: 375.225
weight: 0.000117878
eec: 391.484
weight: 1.62186e-05
eec: 434.902
weight: 6.34007e-06
eec: 292.449
weight: 0.00405816
eec: 195.284
weight: 4.0211e-06
eec: 516.373
weight: 1.7069e-05
eec: 88.9492
weight: 1.45252e-05
eec: 445.776
weight: 0.000199819
eec: 512.031
weight: 1.02389e-05
eec: 539.401
weight: 3.48944e-05
eec: 1358.35
weight: 1.08806e-05
eec: 1127.92
weight: 1.90246e-05
eec: 111.921
weight: 8.58126e-06
eec: 402.986
weight: 0.000147237
eec: 645.519
weight: 2.41888e-06
eec: 485.688
weight: 0.000188714
eec: 51.5311
weight: 2.88581e-05
eec: 792.257
weight: 3.89485e-05
eec: 1305.35
weight: 0.000228928
eec: 117.81
weight: 5.83622e-05
eec: 80.0315
weight: 0.000148514
eec: 620.449
weight: 8.14919e-06
eec: 177.825
weight: 0.000220026
eec: 116.372
weight: 2.75809e-06
eec: 906.922
weight: 3.17387e-05
eec: 861.471
weight: 4.6688e-05
eec: 192.551
weight: 9.70955e-06
eec: 1543.23
weight: 1.54245e-05
eec: 267.484
weight: 0.000166795
eec: 947.191
weight: 0.000578915
eec: 972.449
weight: 2.30901e-05
eec: 387.542
weight: 3.5257e-07
eec: 112.707
weight: 5.35426e-05
eec: 57.9341
weight: 2.39039e-06
eec: 2111.73
weight: 3.25861e-06
eec: 288.629
weight: 1.88741e-05
eec: 1285.08
Processing: 6.66667 %weight: 0.00011428
eec: 702.974
weight: 1.28924e-05
eec: 660.038
weight: 1.57766e-06
eec: 3245.19
weight: 1.9589e-05
eec: 134.731
weight: 2.78858e-05
eec: 743.604
weight: 1.85889e-05
eec: 273.813
weight: 3.32656e-06
eec: 1197.71
weight: 7.05071e-06
eec: 34.7121
weight: 9.55525e-05
eec: 192.155
weight: 0.000126203
eec: 1216.83
weight: 9.14457e-05
eec: 1986.24
weight: 7.68858e-05
eec: 551.694
weight: 1.37276e-05
eec: 220.477
weight: 2.48593e-06
eec: 243.02
weight: 1.45097e-05
eec: 470.42
weight: 0.000251215
eec: 667.313
weight: 0.0001356
eec: 662.658
weight: 5.25017e-05
eec: 1123.4
weight: 0.000249824
eec: 178.151
weight: 1.10142e-06
eec: 531.967
weight: 1.59832e-05
eec: 27.2118
weight: 0.000173615
eec: 900.295
weight: 0.000253045
eec: 381.59
weight: 1.98539e-05
eec: 697.086
weight: 0.000317465
eec: 219.613
weight: 5.28168e-05
eec: 163.362
weight: 0.000165737
eec: 226.593
weight: 1.70125e-05
eec: 2015.18
weight: 5.95431e-06
eec: 55.1346
weight: 8.50174e-06
eec: 384.436
weight: 2.21906e-05
eec: 1247.12
weight: 1.68031e-06
eec: 1641.74
weight: 5.69932e-05
eec: 304.143
weight: 0.000186016
eec: 257.144
weight: 2.25077e-05
eec: 461.314
weight: 3.4547e-05
eec: 26.267
weight: 6.23643e-07
eec: 1698.58
weight: 4.90335e-06
eec: 305.404
weight: 1.20265e-05
eec: 629.622
weight: 3.20786e-05
eec: 1675.33
weight: 4.98935e-05
eec: 562.869
weight: 4.78693e-06
eec: 903.01
weight: 6.67385e-05
eec: 1232.42
weight: 0.000179301
eec: 134.957
weight: 5.5635e-06
eec: 1505.65
weight: 1.36623e-05
eec: 784.758
weight: 7.04585e-06
eec: 252.116
weight: 5.39301e-06
eec: 649.462
weight: 0.000103636
eec: 2051.22
weight: 2.52318e-05
eec: 864.022
weight: 2.34438e-05
eec: 71.7156
weight: 0.000131046
eec: 1037.48
weight: 0.000310562
eec: 421.518
weight: 5.82931e-05
eec: 497.354
weight: 8.17892e-05
eec: 78.6071
weight: 8.17892e-05
eec: 1245.39
weight: 4.35122e-05
eec: 628.849
weight: 2.76813e-05
eec: 67.6291
weight: 3.35176e-06
eec: 1659.16
weight: 2.42592e-05
eec: 650.826
weight: 4.1018e-05
eec: 1221.21
weight: 6.28476e-05
eec: 809.826
weight: 1.567e-05
eec: 2183.36
weight: 4.33277e-05
eec: 338.6
weight: 0.00095651
eec: 686.396
weight: 0.000395224
eec: 157.596

ROOT exit code = 0
