gSystem->Load("run_condor_job_Run3_C.so");
run_condor_job_Run3(27, 100, 2,
                    80, 200,
                    1, 1, 1, 0);
.q

ENTERED run_condor_job_Run3()
JOBID = 27
  global job = 27  Job 27/100  events [1618380, 1678320)  total=5994000
Processing events [1618380, 1678320) of 5994000
weight: 3.13915e-05
eec: 13.2422
weight: 2.0861e-06
eec: 344.491
weight: 1.10344e-05
eec: 205.756
weight: 7.58977e-08
eec: 167.454
weight: 1.07174e-05
eec: 1422.83
weight: 2.11481e-05
eec: 89.9478
weight: 5.37447e-05
eec: 163.651
weight: 0.000170427
eec: 526.646
weight: 5.92088e-05
eec: 864.041
weight: 1.60367e-05
eec: 42.9217
weight: 0.000376355
eec: 83.9316
weight: 1.21312e-05
eec: 459.577
weight: 1.14093e-05
eec: 451.232
weight: 8.34449e-05
eec: 1471.22
weight: 2.83383e-06
eec: 76.5244
weight: 5.65364e-05
eec: 1283.26
weight: 6.56807e-06
eec: 664.295
weight: 0.000300232
eec: 174.335
weight: 7.65398e-07
eec: 659.488
weight: 8.61422e-05
eec: 797.144
weight: 4.98836e-05
eec: 616.742
weight: 3.069e-05
eec: 217.694
weight: 4.08017e-05
eec: 50.7407
weight: 0.000635948
eec: 173.029
weight: 8.08962e-05
eec: 646.388
weight: 5.89694e-06
eec: 413.483
weight: 0.00028232
eec: 123.079
weight: 0.000200294
eec: 337.857
weight: 6.56542e-06
eec: 696.405
weight: 0.000138762
eec: 252.087
weight: 3.41892e-05
eec: 286.533
weight: 7.09047e-06
eec: 196.293
weight: 1.46005e-05
eec: 336.379
weight: 4.40786e-05
eec: 82.8871
weight: 1.22064e-06
eec: 747.345
weight: 1.22064e-06
eec: 164.997
weight: 2.85659e-05
eec: 1160.76
weight: 0.00161514
eec: 843.944
weight: 4.14324e-07
eec: 307.35
weight: 2.30738e-05
eec: 87.1495
weight: 2.33252e-05
eec: 1101.34
weight: 7.26051e-06
eec: 1150.99
weight: 7.72846e-05
eec: 232.224
weight: 1.95707e-05
eec: 77.6792
weight: 3.85622e-05
eec: 172.418
weight: 1.44996e-06
eec: 561.396
weight: 4.94956e-05
eec: 1065.2
weight: 0.000469007
eec: 121.882
weight: 0.000478939
eec: 351.89
weight: 6.60537e-06
eec: 1448.21
weight: 7.7277e-05
eec: 211.481
weight: 1.38455e-05
eec: 1001.2
weight: 4.26572e-05
eec: 150.146
weight: 2.50579e-05
eec: 1489.51
weight: 3.65227e-05
eec: 154.52
weight: 1.48034e-05
eec: 15.7002
weight: 4.48233e-06
eec: 134.837
weight: 2.00108e-05
eec: 2958.51
weight: 0.000685332
eec: 273.637
weight: 2.12711e-05
eec: 261.849
weight: 4.09412e-05
eec: 1004.07
weight: 1.43923e-05
eec: 111.356
weight: 6.97135e-06
eec: 736.323
weight: 9.15515e-05
eec: 140.855
weight: 0.000160001
eec: 902.705
weight: 2.24782e-05
eec: 524.146
weight: 0.00020123
eec: 176.772
weight: 5.83067e-06
eec: 2280.63
weight: 3.52535e-05
eec: 617.873
weight: 5.85185e-05
eec: 452.52
weight: 5.86179e-06
eec: 118.52
weight: 1.39781e-05
eec: 190.172
weight: 1.18014e-05
eec: 667.999
weight: 1.57924e-05
eec: 145.632
weight: 4.33664e-05
eec: 3681.72
weight: 2.46443e-07
eec: 206.167
weight: 5.23049e-06
eec: 274.841
weight: 1.00724e-05
eec: 495.217
weight: 2.58553e-05
eec: 2514.22
weight: 4.93138e-05
eec: 118.265
weight: 1.54284e-05
eec: 291.41
weight: 2.63258e-05
eec: 42.3029
weight: 2.6773e-06
eec: 165.146
weight: 4.2449e-06
eec: 286.348
weight: 0.000111623
eec: 90.1654
weight: 2.87091e-05
eec: 1701.8
weight: 3.83584e-05
eec: 181.157
weight: 0.00020018
eec: 509.708
weight: 0.000363592
eec: 439.033
weight: 2.71018e-07
eec: 177.085
weight: 1.37406e-05
eec: 174.784
weight: 2.17636e-06
eec: 50.7889
weight: 8.09518e-05
eec: 144.269
weight: 6.04419e-06
eec: 78.0316
weight: 7.91932e-05
eec: 179.07
weight: 6.71602e-06
eec: 985.65
weight: 3.31938e-05
eec: 392.821
weight: 4.63706e-06
eec: 418.521
weight: 1.9142e-05
eec: 892.228
weight: 0.000102664
eec: 78.9227
weight: 9.6718e-06
eec: 960.828
weight: 1.54527e-05
eec: 319.843
weight: 1.1869e-05
eec: 654.051
weight: 0.000161711
eec: 1034.21
weight: 6.15027e-06
eec: 416.118
weight: 2.86702e-05
eec: 704.224
weight: 3.58743e-05
eec: 725.289
weight: 7.26288e-05
eec: 293.107
weight: 4.09748e-05
eec: 146.412
weight: 2.29658e-05
eec: 179.666
weight: 7.78704e-05
eec: 430.945
weight: 0.000147876
eec: 93.2982
weight: 4.09503e-06
eec: 274.422
weight: 2.47084e-05
eec: 356.949
weight: 3.51932e-05
eec: 303.476
weight: 2.26463e-05
eec: 58.4399
weight: 0.00332841
eec: 238.844
weight: 1.7845e-05
eec: 145.27
weight: 6.96857e-06
eec: 1269.27
weight: 6.96857e-06
eec: 348.601
weight: 5.77686e-05
eec: 248.129
weight: 3.39625e-06
eec: 1157.59
weight: 9.24638e-06
eec: 1667.59
weight: 1.6783e-05
eec: 649.569
weight: 0.000429662
eec: 91.5385
weight: 8.48679e-05
eec: 649.464
weight: 1.90203e-07
eec: 160.974
weight: 3.66937e-05
eec: 327.691
weight: 4.08968e-05
eec: 763.274
weight: 0.000107974
eec: 1027.32
weight: 1.37367e-05
eec: 244.311
weight: 9.15149e-05
eec: 219.972
weight: 4.64678e-05
eec: 79.4944
weight: 0.000117861
eec: 1035.79
weight: 1.04079e-05
eec: 557.4
weight: 3.43255e-06
eec: 1752.38
weight: 0.000780372
eec: 42.0153
weight: 1.33539e-06
eec: 342.371
weight: 0.000132036
eec: 232.127
weight: 8.63434e-05
eec: 1232.65
weight: 4.19364e-05
eec: 42.2922
weight: 2.21412e-08
eec: 361.897
weight: 8.35479e-05
eec: 1031.82
weight: 0.000685984
eec: 144.952
weight: 0.000492245
eec: 336.927
weight: 1.58219e-07
eec: 157.019
weight: 8.99669e-06
eec: 1248.15
weight: 7.12107e-07
eec: 40.3931
weight: 3.61767e-05
eec: 387.932
Processing: 27.5275 %weight: 8.87402e-05
eec: 170.317
weight: 0.000209786
eec: 79.7419
weight: 2.38433e-08
eec: 1181.84
weight: 0.000103755
eec: 226.54
weight: 1.93388e-05
eec: 299.52
weight: 6.64074e-05
eec: 71.2353
weight: 6.41316e-06
eec: 479.23
weight: 1.5592e-05
eec: 19.125
weight: 0.000135887
eec: 175.412
weight: 8.18081e-05
eec: 57.6631
weight: 2.52066e-05
eec: 498.938
weight: 1.45527e-06
eec: 2.7134
weight: 4.30495e-06
eec: 133.777
weight: 5.90163e-05
eec: 90.9417
weight: 3.52116e-05
eec: 2176.25
weight: 0.000124788
eec: 308.107
weight: 3.97324e-05
eec: 73.5523
weight: 1.482e-05
eec: 2165.45
weight: 6.9906e-06
eec: 424.979
weight: 3.83805e-05
eec: 45.7714
weight: 0.000126249
eec: 256.634
weight: 2.08662e-05
eec: 63.9487
weight: 6.03102e-06
eec: 753.508
weight: 1.93345e-06
eec: 314.483
weight: 4.65244e-06
eec: 1436.18
weight: 1.41025e-05
eec: 161.171
weight: 6.49496e-06
eec: 2702.06
weight: 1.23233e-05
eec: 491.856
weight: 2.02263e-05
eec: 35.5434
weight: 1.28164e-06
eec: 227.68
weight: 3.48205e-05
eec: 1111.9
weight: 7.66271e-07
eec: 214.432
weight: 4.57685e-06
eec: 88.8918
weight: 7.7369e-06
eec: 68.8621
weight: 6.4554e-07
eec: 434.86
weight: 6.57071e-06
eec: 862.636
weight: 4.31378e-05
eec: 455.261
weight: 6.65792e-05
eec: 66.2961
weight: 3.55046e-06
eec: 1669.91
weight: 2.00544e-06
eec: 73.8443
weight: 0.000721782
eec: 717.645
weight: 8.88666e-06
eec: 255.007
weight: 6.60467e-06
eec: 262.174
weight: 1.08453e-05
eec: 220.657
weight: 5.25823e-05
eec: 83.4748
weight: 6.81697e-06
eec: 143.79
weight: 4.73561e-05
eec: 724.597
weight: 6.24818e-06
eec: 290.599
weight: 1.28724e-05
eec: 613.689
weight: 3.0784e-06
eec: 154.484
weight: 0.000236141
eec: 538.14
weight: 8.35219e-06
eec: 66.7519
weight: 3.38725e-05
eec: 142.087
weight: 1.10601e-06
eec: 673.816
weight: 1.5057e-05
eec: 1473.12
weight: 0.000232423
eec: 157.742
weight: 1.19954e-05
eec: 1073.9
weight: 1.44657e-05
eec: 55.3736
weight: 0.0045076
eec: 324.063
weight: 4.14925e-05
eec: 136.488
weight: 8.68375e-06
eec: 839.637
weight: 7.6721e-06
eec: 375.011
weight: 1.48802e-05
eec: 1276.45
weight: 3.49966e-05
eec: 249.47
weight: 0.000142313
eec: 69.958
weight: 1.95752e-05
eec: 180.385
weight: 0.00021223
eec: 631.996
weight: 0.000149179
eec: 1119.16
weight: 1.31907e-05
eec: 660.195
weight: 1.74243e-06
eec: 73.7112
weight: 1.61339e-05
eec: 542.223
weight: 0.000100815
eec: 56.2106
weight: 9.87974e-05
eec: 104.09
weight: 7.05097e-06
eec: 49.7148
weight: 0.000409718
eec: 26.1286
weight: 3.97321e-06
eec: 23.9384
weight: 7.27655e-05
eec: 528.95
weight: 0.000193927
eec: 56.8906
weight: 1.3595e-05
eec: 1270.24
weight: 0.000186621
eec: 145.944
weight: 0.000223399
eec: 155.579
weight: 4.45472e-05
eec: 87.3234
weight: 0.000973742
eec: 410.653
weight: 9.09247e-05
eec: 96.4998
weight: 4.61429e-06
eec: 113.283
weight: 7.26461e-06
eec: 990.357
weight: 0.000266737
eec: 70.0912
weight: 6.94173e-08
eec: 1015.58
weight: 1.21606e-05
eec: 28.7458
weight: 9.01075e-05
eec: 739.551
weight: 9.748e-05
eec: 657.491
weight: 1.62305e-05
eec: 616.26
weight: 1.03959e-05
eec: 280.293
weight: 2.75172e-06
eec: 107.778
weight: 0.00056159
eec: 1069.3
weight: 5.02802e-06
eec: 1868.8
weight: 3.77898e-05
eec: 180.28
weight: 1.7594e-05
eec: 280.775
weight: 1.41631e-06
eec: 923.977
weight: 4.00446e-05
eec: 897.141
weight: 3.19047e-05
eec: 1046.14
weight: 0.000323543
eec: 863.438
weight: 8.09505e-05
eec: 128.564
weight: 3.34306e-05
eec: 1381.13
weight: 5.21001e-05
eec: 73.478
weight: 1.03447e-05
eec: 143.354
weight: 1.52767e-05
eec: 2596.33
weight: 4.86746e-05
eec: 108.334
weight: 1.22694e-05
eec: 914.88
weight: 2.70304e-05
eec: 890.275
weight: 2.08897e-05
eec: 1674.34
weight: 2.08897e-05
eec: 1307.75
weight: 6.17421e-06
eec: 108.354

ROOT exit code = 0
