gSystem->Load("run_condor_job_Run3_C.so");
run_condor_job_Run3(344, 100, 2,
                    80, 200,
                    1, 1, 1, 3);
.q

ENTERED run_condor_job_Run3()
JOBID = 344
  global job = 344  Job 44/100  events [2640000, 2700000)  total=6000000
Processing events [2640000, 2700000) of 6000000
weight: 2.06923e-05
eec: 795.76
weight: 7.8093e-06
eec: 330.118
weight: 1.0028e-05
eec: 294.591
weight: 0.000114172
eec: 66.2522
weight: 5.56703e-05
eec: 139.717
weight: 1.09648e-06
eec: 2860.41
weight: 1.09885e-05
eec: 78.7555
weight: 2.59467e-05
eec: 2386.39
weight: 1.63166e-05
eec: 337.406
weight: 0.000550059
eec: 1157.63
weight: 1.06596e-05
eec: 1442.91
weight: 0.000238511
eec: 13.8527
weight: 0.00137936
eec: 295.236
weight: 7.85034e-05
eec: 217.544
weight: 2.84405e-06
eec: 106.248
weight: 4.93256e-05
eec: 808.543
weight: 0.000162227
eec: 430.112
weight: 6.96391e-05
eec: 80.9817
weight: 1.2293e-06
eec: 1805.84
weight: 6.04379e-06
eec: 1746.03
weight: 0.000149585
eec: 61.9227
weight: 3.61427e-05
eec: 209.721
weight: 1.9059e-05
eec: 2500.58
weight: 1.2178e-05
eec: 736.808
weight: 5.19471e-06
eec: 128.055
weight: 0.000745084
eec: 166.814
weight: 3.07897e-05
eec: 194.997
weight: 0.000185038
eec: 37.188
weight: 0.000537829
eec: 414.308
weight: 0.000654492
eec: 26.7237
weight: 1.40181e-07
eec: 408.013
weight: 2.09332e-05
eec: 478.796
weight: 9.59368e-06
eec: 2868.36
weight: 6.30871e-05
eec: 63.4135
weight: 9.85493e-05
eec: 377.107
weight: 6.64324e-05
eec: 739.111
weight: 8.05626e-07
eec: 573.939
weight: 1.49871e-05
eec: 14.5845
weight: 3.00138e-08
eec: 484.55
weight: 2.31562e-05
eec: 64.5542
weight: 1.27574e-05
eec: 2130.63
Processing: 44.1667 %weight: 1.58661e-06
eec: 381.315
weight: 3.8245e-05
eec: 261.233
weight: 0.000212714
eec: 31.8365
weight: 0.000451085
eec: 749.52
weight: 1.79125e-05
eec: 2361.85
weight: 6.19017e-05
eec: 263.834
weight: 0.000123023
eec: 814.45
weight: 2.98113e-06
eec: 582.078
weight: 0.00019396
eec: 797.307
weight: 2.09978e-05
eec: 1356.93
weight: 3.50588e-06
eec: 216.159
weight: 1.02813e-05
eec: 2552.57
weight: 1.81615e-05
eec: 707.532
weight: 9.90255e-06
eec: 72.0976
weight: 0.000146479
eec: 655.969
weight: 0.000200149
eec: 59.3869
weight: 8.99796e-06
eec: 226.188
weight: 1.97286e-05
eec: 405.787
weight: 3.22079e-07
eec: 191.085
weight: 9.66069e-05
eec: 6.81145
weight: 2.75505e-06
eec: 293.756
weight: 2.75505e-06
eec: 322.297
weight: 1.62932e-06
eec: 113.318
weight: 2.12998e-05
eec: 1540.46
weight: 0.000110336
eec: 96.3502
weight: 2.29291e-05
eec: 117.529
weight: 4.60256e-05
eec: 52.2894
weight: 2.45852e-06
eec: 321.333
weight: 4.60695e-05
eec: 336.301
weight: 8.95611e-05
eec: 19.2462
weight: 1.57759e-06
eec: 629.284
weight: 0.00112367
eec: 316.054
weight: 2.13135e-05
eec: 218.579
weight: 8.37976e-07
eec: 191.022
weight: 2.31633e-06
eec: 670.249
weight: 4.84614e-05
eec: 913.988
weight: 0.000173014
eec: 107.419
weight: 0.000479449
eec: 77.4762
weight: 2.49677e-06
eec: 79.9585
weight: 1.81058e-05
eec: 393.608
weight: 6.37815e-05
eec: 31.5676
weight: 2.23006e-05
eec: 556.292
weight: 4.88829e-06
eec: 933.445
weight: 1.9472e-05
eec: 298.136
weight: 0.000300838
eec: 155.528
weight: 4.91682e-05
eec: 1715.92
weight: 1.66836e-06
eec: 228.821
weight: 1.15548e-05
eec: 309.066
weight: 1.5433e-05
eec: 1088.79
weight: 0.00144242
eec: 173.092
weight: 9.00201e-06
eec: 344.214
weight: 1.72764e-06
eec: 186.819
weight: 8.47756e-08
eec: 230.592
weight: 6.26265e-05
eec: 90.7812
weight: 6.13736e-05
eec: 761.782
weight: 4.24565e-06
eec: 345.13
weight: 7.06849e-06
eec: 698.132
weight: 9.77397e-06
eec: 966.877
weight: 4.7715e-05
eec: 1179.54
weight: 7.99119e-07
eec: 606.837
weight: 0.000139331
eec: 453.199
weight: 1.20191e-05
eec: 1612.7
weight: 4.42217e-05
eec: 367.893
weight: 0.000142593
eec: 269.688
weight: 0.000607115
eec: 1082.5
weight: 7.81506e-06
eec: 992.048
weight: 1.03137e-05
eec: 145.618
weight: 1.25227e-07
eec: 897.004
weight: 4.23553e-06
eec: 143.548
weight: 7.2398e-06
eec: 290.019
weight: 2.83832e-06
eec: 686.622
weight: 0.000104639
eec: 426.497
weight: 1.01585e-05
eec: 485.056
weight: 6.7689e-05
eec: 75.9744
weight: 1.21556e-05
eec: 1851.99
weight: 3.18789e-07
eec: 865.382
weight: 1.05898e-06
eec: 1582.45
weight: 7.16668e-06
eec: 198.764
weight: 4.25176e-06
eec: 334.293
weight: 3.85617e-05
eec: 143.054
weight: 0.00028046
eec: 113.398
weight: 2.47756e-06
eec: 573.905
weight: 4.52078e-06
eec: 301.622
weight: 1.42348e-05
eec: 152.087
weight: 1.36887e-05
eec: 463.536
weight: 4.98698e-06
eec: 83.9148
weight: 7.87266e-05
eec: 303.125
weight: 9.66465e-07
eec: 462.605
weight: 0.00015115
eec: 331.342
weight: 4.57233e-06
eec: 662.884
weight: 5.57258e-05
eec: 398.353
weight: 4.78613e-05
eec: 1801.55
weight: 4.78613e-05
eec: 24.6274
weight: 1.1549e-05
eec: 108.42
weight: 9.36734e-05
eec: 148.752
weight: 1.86898e-05
eec: 2579.32
weight: 8.07285e-06
eec: 274.889
weight: 2.40444e-06
eec: 386.458
weight: 5.84262e-05
eec: 342.462
weight: 7.03669e-05
eec: 787.771
weight: 4.3584e-05
eec: 1215.76
weight: 2.45849e-06
eec: 988.648
weight: 4.52758e-06
eec: 826.819
weight: 1.59291e-06
eec: 4616.63
weight: 2.21509e-05
eec: 952.193
weight: 6.61922e-05
eec: 926.964
weight: 4.39011e-06
eec: 1396.97
weight: 2.54116e-05
eec: 2409.71
weight: 8.79004e-06
eec: 128.109
weight: 1.39491e-05
eec: 642.425
weight: 1.60987e-05
eec: 482.032
weight: 3.01612e-06
eec: 1987.33
weight: 9.93764e-06
eec: 260.637
weight: 9.93764e-06
eec: 299.689
weight: 7.95571e-06
eec: 464.543
weight: 2.33093e-06
eec: 1047.53
weight: 2.75022e-06
eec: 857.563
weight: 2.75022e-06
eec: 428.86
weight: 7.70132e-09
eec: 64.5036
weight: 4.78419e-07
eec: 56.1153
weight: 4.21846e-05
eec: 2787.56
weight: 0.000202781
eec: 36.1504
weight: 3.97158e-05
eec: 1182.97
weight: 0.000982894
eec: 1007.79
weight: 1.85511e-05
eec: 64.499
weight: 1.39534e-05
eec: 2751.13
weight: 5.20616e-06
eec: 545.614
weight: 7.89881e-06
eec: 135.559
weight: 8.71676e-05
eec: 231.782
weight: 1.05756e-05
eec: 1364.03
weight: 9.60667e-05
eec: 679.373
weight: 1.68261e-05
eec: 506.038
weight: 0.000252818
eec: 753.146
weight: 3.24987e-05
eec: 1585.5
weight: 0.000142095
eec: 996.189
weight: 1.5144e-06
eec: 790.649
weight: 7.0986e-05
eec: 652.441
weight: 1.44814e-07
eec: 151.146
weight: 1.32491e-05
eec: 248.55
weight: 1.0949e-05
eec: 595.812
weight: 9.06829e-05
eec: 1294.21
weight: 5.55302e-05
eec: 159.073
weight: 1.21979e-05
eec: 203.713
weight: 0.000206112
eec: 176.033
weight: 3.12229e-05
eec: 314.085
weight: 8.64463e-06
eec: 1285.85
weight: 9.2726e-06
eec: 167.29
weight: 1.4245e-05
eec: 450.387
weight: 2.84739e-05
eec: 2077.58
weight: 0.000117061
eec: 112.202
weight: 4.59607e-05
eec: 41.6429
weight: 1.69826e-05
eec: 215.132
weight: 4.00714e-05
eec: 1110.23
weight: 0.000750985
eec: 697.202
weight: 3.48583e-06
eec: 1050.29
weight: 3.04326e-07
eec: 683.916
weight: 3.89623e-07
eec: 974.803
weight: 7.8809e-05
eec: 902.865
weight: 1.39888e-05
eec: 579.486
weight: 2.71903e-05
eec: 543.292
weight: 6.22046e-05
eec: 361.891
weight: 1.31848e-05
eec: 30.7031
weight: 0.00143297
eec: 291.326
weight: 5.01017e-05
eec: 216.776
weight: 0.000163833
eec: 942.755
weight: 0.000101066
eec: 708.752
weight: 0.000117833
eec: 399.377
weight: 1.73147e-06
eec: 164.093
weight: 0.000138416
eec: 552.591
weight: 1.26167e-05
eec: 839.048
weight: 5.61881e-05
eec: 1086.32
weight: 8.6362e-06
eec: 483.902
weight: 2.53489e-06
eec: 798.525
weight: 1.68084e-05
eec: 585.306
weight: 1.68084e-05
eec: 300.024
weight: 0.000234026
eec: 265.756
weight: 1.31358e-05
eec: 448.174
weight: 4.8615e-05
eec: 102.659
weight: 1.14142e-05
eec: 550.183
weight: 0.000135483
eec: 939.899
weight: 7.29647e-06
eec: 476.854
weight: 1.2451e-05
eec: 1420.31
weight: 2.46177e-05
eec: 2498.25
weight: 5.90977e-05
eec: 1371.26
weight: 6.39991e-05
eec: 781.814
weight: 0.000231074
eec: 719.418
weight: 0.000281791
eec: 134.141
weight: 6.72266e-05
eec: 519.55
weight: 6.79921e-06
eec: 1813.21
weight: 6.06278e-07
eec: 202.497
weight: 1.4911e-05
eec: 874.104
weight: 7.91295e-06
eec: 791.736
weight: 5.63367e-05
eec: 122.664
weight: 1.30966e-05
eec: 580.569
weight: 3.62071e-05
eec: 291.173
weight: 0.000172478
eec: 935.575
weight: 2.10519e-05
eec: 240.968
weight: 1.45702e-05
eec: 160.718
weight: 7.72712e-06
eec: 260.608
weight: 1.32572e-05
eec: 1079.49
weight: 1.82627e-05
eec: 1812.68
weight: 9.09704e-05
eec: 90.9069
weight: 0.000167081
eec: 225.596
weight: 8.20825e-06
eec: 354.21
weight: 7.0816e-06
eec: 1478.27
weight: 0.000121062
eec: 871.029
weight: 3.98769e-06
eec: 851.296
weight: 1.67088e-05
eec: 406.174
weight: 7.46379e-06
eec: 472.862
weight: 2.98564e-05
eec: 567.914
weight: 4.8379e-06
eec: 513.019
weight: 1.43032e-05
eec: 811.917
weight: 3.78036e-05
eec: 645.084
weight: 0.0001051
eec: 867.579
weight: 2.63832e-06
eec: 643.452
weight: 0.000118799
eec: 924.939
weight: 0.000107784
eec: 1353.54
weight: 1.70531e-05
eec: 1282.73
weight: 5.58542e-06
eec: 400.987
weight: 3.42822e-05
eec: 504.222

ROOT exit code = 0
