gSystem->Load("run_condor_job_Run3_C.so");
run_condor_job_Run3(75, 100, 2,
                    80, 200,
                    1, 1, 1, 0);
.q

ENTERED run_condor_job_Run3()
JOBID = 75
  global job = 75  Job 75/100  events [4495500, 4555440)  total=5994000
Processing events [4495500, 4555440) of 5994000
weight: 2.70211e-06
eec: 950.456
weight: 1.11365e-05
eec: 89.5376
weight: 1.59127e-05
eec: 636.584
weight: 1.3345e-05
eec: 603.863
weight: 7.14828e-06
eec: 525.705
weight: 1.70995e-06
eec: 134.443
weight: 2.5372e-05
eec: 890.224
weight: 1.75147e-05
eec: 2351.87
weight: 1.39875e-05
eec: 1150.88
weight: 4.46376e-06
eec: 243.1
weight: 7.73936e-06
eec: 325.687
weight: 8.09495e-05
eec: 521.596
weight: 1.44331e-05
eec: 709.321
weight: 1.46361e-05
eec: 1219.78
weight: 0.000432701
eec: 151.644
weight: 2.8654e-05
eec: 3609.58
weight: 4.30704e-07
eec: 841.175
weight: 0.000149722
eec: 24.0045
weight: 0.000132226
eec: 110.682
weight: 3.43695e-05
eec: 600.553
weight: 1.29907e-05
eec: 2090.34
weight: 0.00216424
eec: 66.9717
weight: 3.21784e-06
eec: 950.483
Processing: 75.0751 %weight: 8.55015e-05
eec: 58.4072
weight: 0.00014663
eec: 756.339
weight: 4.84849e-05
eec: 169.8
weight: 9.06957e-06
eec: 47.0163
weight: 6.77684e-06
eec: 506.261
weight: 0.00401565
eec: 74.048
weight: 1.71652e-06
eec: 63.3676
weight: 8.38308e-05
eec: 2031.86
weight: 6.3037e-06
eec: 757.361
weight: 4.74706e-06
eec: 608.634
weight: 9.838e-05
eec: 1121.73
weight: 0.000588504
eec: 435.123
weight: 2.76624e-05
eec: 1055.69
weight: 3.19618e-06
eec: 782.456
weight: 3.90407e-05
eec: 287.697
weight: 0.000186638
eec: 208.547
weight: 2.87094e-06
eec: 2924.94
weight: 1.90262e-05
eec: 190.852
weight: 7.97472e-06
eec: 388.247
weight: 0.00209391
eec: 217.046
weight: 7.89568e-05
eec: 415.16
weight: 3.50407e-05
eec: 1076.34
weight: 1.47414e-05
eec: 383.92
weight: 7.72447e-08
eec: 173.581
weight: 0.000141063
eec: 398.572
weight: 7.66108e-05
eec: 293.257
weight: 3.43652e-05
eec: 336.636
weight: 2.73477e-05
eec: 619.374
weight: 2.93116e-05
eec: 1001.43
weight: 2.14779e-05
eec: 121.117
weight: 8.33739e-06
eec: 411.123
weight: 2.97793e-05
eec: 474.339
weight: 3.69161e-05
eec: 1241.29
weight: 1.23492e-05
eec: 1505.98
weight: 5.32751e-05
eec: 182.414
weight: 1.74654e-05
eec: 550.066
weight: 1.39019e-05
eec: 818.745
weight: 0.000127753
eec: 200.669
weight: 0.000690522
eec: 151.506
weight: 6.59178e-06
eec: 264.412
weight: 2.76998e-06
eec: 208.033
weight: 5.7122e-05
eec: 279.664
weight: 0.000141191
eec: 908.232
weight: 0.000121789
eec: 125.595
weight: 4.49489e-06
eec: 906.679
weight: 1.49024e-07
eec: 109.988
weight: 0.000410951
eec: 713.7
weight: 2.62892e-05
eec: 549.562
weight: 1.39365e-05
eec: 763.428
weight: 0.000115889
eec: 159.783
weight: 1.85905e-06
eec: 359.295
weight: 5.50539e-06
eec: 212.426
weight: 1.91046e-05
eec: 54.1724
weight: 8.77263e-06
eec: 578.892
weight: 0.000105774
eec: 334.054
weight: 9.24563e-05
eec: 1443.08
weight: 0.000152643
eec: 352.388
weight: 2.3151e-05
eec: 121.69
weight: 6.56556e-06
eec: 3802.83
weight: 2.11413e-05
eec: 613.604
weight: 0.000169509
eec: 236.403
weight: 3.9913e-06
eec: 929.836
weight: 9.30075e-06
eec: 562.514
weight: 7.25486e-05
eec: 42.8053
weight: 1.22427e-05
eec: 1042.23
weight: 0.00019817
eec: 852.856
weight: 2.73685e-06
eec: 957.801
weight: 1.53633e-05
eec: 1117.69
weight: 1.62187e-05
eec: 1139.45
weight: 6.06997e-05
eec: 596.94
weight: 8.87232e-06
eec: 1371.49
weight: 6.08873e-05
eec: 608.591
weight: 7.8606e-05
eec: 93.1253
weight: 6.79387e-05
eec: 25.5405
weight: 5.28488e-06
eec: 1075.07
weight: 1.73697e-06
eec: 433.339
weight: 6.86291e-05
eec: 3085.28
weight: 0.000235006
eec: 481.833
weight: 5.7058e-05
eec: 2268.31
weight: 0.00011471
eec: 750.183
weight: 5.17908e-06
eec: 225.883
weight: 9.35034e-05
eec: 9.42549
weight: 1.7338e-05
eec: 1043.2
weight: 3.74757e-07
eec: 108.933
weight: 8.61818e-06
eec: 707.445
weight: 0.000192942
eec: 156.643
weight: 5.2322e-05
eec: 343.476
weight: 6.34823e-05
eec: 1168.63
weight: 1.38357e-05
eec: 615.584
weight: 2.87578e-07
eec: 32.4935
weight: 0.000409439
eec: 752.735
weight: 2.32337e-05
eec: 1122.44
weight: 5.32099e-05
eec: 1443.71
weight: 4.78545e-05
eec: 864.879
weight: 7.4989e-06
eec: 490.465
weight: 0.000313405
eec: 839.377
weight: 9.67133e-05
eec: 170.143
weight: 0.000130738
eec: 1079.83
weight: 8.66505e-05
eec: 30.1172
weight: 2.13868e-05
eec: 120.382
weight: 0.00012134
eec: 387.04
weight: 1.84462e-05
eec: 1279.17
weight: 3.09988e-06
eec: 229.546
weight: 5.86288e-05
eec: 216.714
weight: 0.00046251
eec: 218.881
weight: 5.38181e-05
eec: 36.4906
weight: 0.00145593
eec: 70.8568
weight: 2.66941e-05
eec: 329.627
weight: 0.000149757
eec: 154.654
weight: 6.93162e-06
eec: 51.3476
weight: 5.42567e-06
eec: 276.907
weight: 0.000104931
eec: 622.795
weight: 4.41523e-05
eec: 126.664
weight: 8.9661e-06
eec: 682.145
weight: 2.96065e-06
eec: 465.279
weight: 3.423e-05
eec: 79.0052
weight: 7.71408e-05
eec: 615.129
weight: 0.000136812
eec: 406.448
weight: 9.04183e-06
eec: 83.0434
weight: 3.88548e-06
eec: 861.117
weight: 1.24493e-05
eec: 47.5298
weight: 6.34131e-06
eec: 1136.79
weight: 3.32736e-05
eec: 3394.46
weight: 0.00071947
eec: 836.552
weight: 3.17593e-05
eec: 51.2232
weight: 5.8068e-05
eec: 186.333
weight: 0.000629047
eec: 368.8
weight: 4.05235e-05
eec: 423.385
weight: 2.00881e-05
eec: 1652.9
weight: 5.07232e-06
eec: 1153.27
weight: 6.34206e-05
eec: 725.216
weight: 2.36387e-05
eec: 164.049
weight: 6.65585e-05
eec: 1026.09
weight: 0.000122815
eec: 783.471
weight: 3.11992e-06
eec: 563.301
weight: 6.31702e-05
eec: 131.227
weight: 3.03008e-06
eec: 1013.65
weight: 0.000139664
eec: 388.182
weight: 1.28325e-05
eec: 338.475
weight: 2.92663e-07
eec: 470.449
weight: 3.50078e-05
eec: 808.136
weight: 2.32177e-07
eec: 2145.31
weight: 7.78574e-06
eec: 230.75
weight: 5.50581e-06
eec: 900.96
weight: 0.00011983
eec: 15.493
weight: 0.000151651
eec: 409.406
weight: 5.64141e-05
eec: 1981.64
weight: 2.15021e-06
eec: 129.756
weight: 2.82759e-05
eec: 48.7377
weight: 1.13476e-05
eec: 23.663
weight: 5.77444e-05
eec: 252.677
weight: 1.6994e-05
eec: 262.68
weight: 0.000297299
eec: 442.845
weight: 0.000124171
eec: 579.148
weight: 6.46454e-07
eec: 510.942
weight: 0.000185338
eec: 72.668
weight: 6.67784e-05
eec: 87.4618
weight: 3.49034e-06
eec: 143.213
weight: 9.03212e-05
eec: 752.741
weight: 1.93371e-05
eec: 182.374
weight: 0.00186388
eec: 366.884
weight: 8.36186e-06
eec: 267.608
weight: 4.56992e-06
eec: 60.2685
weight: 1.08627e-06
eec: 442.773
weight: 0.000146221
eec: 752.869
weight: 4.6324e-06
eec: 784.915
weight: 0.000160159
eec: 680.664
weight: 3.81806e-08
eec: 434.065
weight: 2.93567e-05
eec: 65.4823
weight: 9.23701e-06
eec: 3705.01
weight: 3.40948e-07
eec: 1959.14
weight: 1.79651e-05
eec: 32.7677
weight: 1.30522e-05
eec: 249.807
weight: 4.29845e-06
eec: 255.928
weight: 5.88745e-05
eec: 42.5089
weight: 0.00120747
eec: 252.368
weight: 1.88079e-05
eec: 694.042
weight: 7.66454e-05
eec: 513.81
weight: 0.000195859
eec: 460.432
weight: 9.79638e-06
eec: 756.822
weight: 0.000245494
eec: 296.078
weight: 0.000401289
eec: 115.826
weight: 0.000110887
eec: 403.656
weight: 1.41244e-05
eec: 509.626
weight: 1.25455e-05
eec: 1752.95
weight: 1.25455e-05
eec: 763.72
weight: 1.26433e-06
eec: 86.5395
weight: 3.81345e-05
eec: 26.2176
weight: 6.80066e-06
eec: 1347.64
weight: 0.000127753
eec: 2044.67
weight: 5.51674e-05
eec: 160.728
weight: 7.60729e-07
eec: 312.877
weight: 2.54146e-05
eec: 833.873
weight: 6.4997e-05
eec: 25.577
weight: 0.000116698
eec: 1312.61
weight: 1.1273e-06
eec: 268.524
weight: 3.18101e-08
eec: 112.62
weight: 7.82503e-05
eec: 668.274
weight: 0.000132612
eec: 87.8357
weight: 5.90486e-06
eec: 175.801
weight: 2.56457e-05
eec: 1061.79
weight: 9.2831e-06
eec: 846.475
weight: 0.000690439
eec: 271.675
weight: 8.61326e-06
eec: 2351.76
weight: 4.38082e-07
eec: 178.783
weight: 5.14392e-06
eec: 84.0267
weight: 5.99144e-05
eec: 697.301
weight: 1.37758e-05
eec: 621.619
weight: 5.04312e-07
eec: 318.919
weight: 0.000124918
eec: 74.2148
weight: 6.88226e-06
eec: 781.977
weight: 3.36727e-05
eec: 664.189
weight: 0.000210828
eec: 126.492
weight: 0.000441287
eec: 273.209
weight: 3.13759e-06
eec: 2056.67
weight: 1.23254e-05
eec: 634.788
weight: 0.000182164
eec: 96.4801
weight: 0.000116936
eec: 1064.15
weight: 1.15385e-05
eec: 91.8308
weight: 2.88497e-05
eec: 554.651
weight: 2.88497e-05
eec: 645.943
weight: 6.98019e-06
eec: 317.369
weight: 1.5558e-06
eec: 200.879
Processing: 75.9092 %weight: 6.27023e-05
eec: 985.416
weight: 4.16916e-05
eec: 419.359
weight: 1.00145e-05
eec: 1625.32
weight: 6.00603e-05
eec: 2099.41
weight: 4.41362e-05
eec: 323.015
weight: 2.43234e-05
eec: 710.844
weight: 8.00702e-05
eec: 355.451
weight: 8.04557e-05
eec: 70.574
weight: 5.72524e-05
eec: 965.265
weight: 1.66791e-07
eec: 963.699
weight: 2.02048e-06
eec: 87.2107
weight: 2.83365e-05
eec: 100.024
weight: 3.50477e-05
eec: 978.801
weight: 2.75291e-06
eec: 21.5916
weight: 0.000160375
eec: 492.381
weight: 5.8359e-07
eec: 51.5056
weight: 0.000230292
eec: 830.368
weight: 0.000174018
eec: 350.446
weight: 0.000121644
eec: 520.752
weight: 9.36021e-05
eec: 670.337
weight: 0.000535891
eec: 31.6717
weight: 1.86349e-06
eec: 202.18
weight: 1.23257e-05
eec: 715.117
weight: 3.29076e-06
eec: 596.103
weight: 9.93366e-06
eec: 1349.99

ROOT exit code = 0
