gSystem->Load("run_condor_job_Run3_C.so");
run_condor_job_Run3(771, 100, 2,
                    80, 200,
                    1, 1, 1, 7);
.q

ENTERED run_condor_job_Run3()
JOBID = 771
  global job = 771  Job 71/100  events [4042740, 4099680)  total=5694000
Processing events [4042740, 4099680) of 5694000
weight: 2.41139e-06
eec: 871.076
weight: 8.78032e-05
eec: 618.871
weight: 3.8474e-06
eec: 84.3863
weight: 0.000205426
eec: 2410.3
weight: 8.80059e-05
eec: 406
weight: 0.000144765
eec: 621.898
weight: 5.49843e-05
eec: 76.9916
weight: 7.3348e-07
eec: 721.975
weight: 0.000135031
eec: 232.65
weight: 7.31294e-06
eec: 662.94
weight: 0.000134734
eec: 1861.17
weight: 0.000121968
eec: 173.809
weight: 3.11548e-05
eec: 159.39
weight: 4.73056e-05
eec: 373.209
weight: 4.35613e-06
eec: 604.632
weight: 1.13525e-05
eec: 1067.36
weight: 0.000109933
eec: 180.995
weight: 7.87729e-05
eec: 496.799
weight: 0.00139835
eec: 147.152
weight: 6.93609e-05
eec: 1015.26
weight: 2.21911e-05
eec: 240.462
weight: 7.79544e-05
eec: 115.222
weight: 8.27198e-06
eec: 1238.29
weight: 0.000195296
eec: 82.3741
weight: 0.00019176
eec: 633.361
weight: 2.41343e-05
eec: 257.185
weight: 1.1407e-05
eec: 731.386
weight: 5.18196e-05
eec: 1330.48
weight: 5.88213e-05
eec: 406.189
weight: 4.45878e-05
eec: 535.849
weight: 2.2363e-05
eec: 2359.94
Processing: 71.1275 %weight: 8.49698e-05
eec: 614.143
weight: 1.01632e-05
eec: 440.145
weight: 2.48445e-05
eec: 365.163
weight: 1.30245e-05
eec: 33.3973
weight: 2.02625e-05
eec: 852.626
weight: 0.000123232
eec: 102.311
weight: 7.49569e-07
eec: 938.34
weight: 4.8733e-06
eec: 2174.85
weight: 1.78684e-05
eec: 269.418
weight: 8.89227e-05
eec: 214.396
weight: 8.09737e-06
eec: 292.639
weight: 0.000136584
eec: 148.431
weight: 1.43882e-05
eec: 345.443
weight: 5.05113e-08
eec: 83.3647
weight: 2.15721e-05
eec: 1257.34
weight: 6.84428e-06
eec: 84.1273
weight: 0.000163254
eec: 121.495
weight: 1.37766e-05
eec: 75.472
weight: 1.08665e-05
eec: 238.679
weight: 1.5136e-05
eec: 1245.49
weight: 2.5332e-05
eec: 104.493
weight: 9.30501e-06
eec: 632.358
weight: 1.72147e-05
eec: 473.296
weight: 7.8858e-06
eec: 97.6167
weight: 7.20777e-05
eec: 392.116
weight: 6.05086e-06
eec: 516.941
weight: 1.87342e-05
eec: 116.617
weight: 1.35306e-05
eec: 1546.35
weight: 4.53167e-06
eec: 429.352
weight: 0.000106444
eec: 1050.29
weight: 8.19898e-05
eec: 115.034
weight: 0.000849789
eec: 57.6681
weight: 3.15639e-05
eec: 1246.14
weight: 4.30655e-05
eec: 371.384
weight: 0.00036779
eec: 263.733
weight: 0.000438073
eec: 17.2677
weight: 4.00309e-07
eec: 131.777
weight: 2.1302e-05
eec: 18.8294
weight: 8.45704e-06
eec: 3028.68
weight: 2.17e-07
eec: 2094.56
weight: 2.17e-07
eec: 21.4934
weight: 0.00060687
eec: 23.3654
weight: 1.74136e-05
eec: 358.045
weight: 1.32574e-05
eec: 295.302
weight: 7.10059e-05
eec: 350.034
weight: 2.97037e-05
eec: 507.941
weight: 5.36247e-05
eec: 81.0659
weight: 0.000610976
eec: 1032.2
weight: 3.17142e-06
eec: 151.818
weight: 2.78955e-05
eec: 581.733
weight: 6.71477e-07
eec: 340.013
weight: 5.6335e-05
eec: 666.906
weight: 3.44723e-05
eec: 123.308
weight: 5.95285e-06
eec: 905.437
weight: 3.16158e-07
eec: 737.558
weight: 5.04263e-05
eec: 209.988
weight: 2.70898e-08
eec: 517.29
weight: 1.28761e-05
eec: 471.787
weight: 0.000245537
eec: 220.705
weight: 1.24929e-05
eec: 670.775
weight: 7.20344e-06
eec: 31.2477
weight: 1.21994e-05
eec: 320.676
weight: 2.69007e-05
eec: 348.05
weight: 3.10411e-05
eec: 447.619
weight: 3.93194e-05
eec: 838.043
weight: 1.47435e-05
eec: 1763.47
weight: 6.08949e-05
eec: 50.7789
weight: 0.000226219
eec: 68.5232
weight: 3.09834e-05
eec: 282.415
weight: 4.38171e-05
eec: 253.698
weight: 5.41181e-07
eec: 2707.68
weight: 3.11417e-06
eec: 239.505
weight: 1.92466e-06
eec: 405.941
weight: 9.95353e-05
eec: 156.99
weight: 2.53613e-06
eec: 40.1147
weight: 9.21739e-06
eec: 252.749
weight: 8.85422e-07
eec: 16.9225
weight: 3.4455e-05
eec: 823.929
weight: 9.02995e-05
eec: 322.717
weight: 6.66161e-05
eec: 212.214
weight: 4.02189e-05
eec: 1691.23
weight: 6.79068e-06
eec: 597.169
weight: 2.29337e-06
eec: 510.006
weight: 3.53091e-05
eec: 304.971
weight: 4.89248e-05
eec: 332.93
weight: 2.83354e-06
eec: 396.524
weight: 1.30106e-06
eec: 248.715
weight: 6.25528e-06
eec: 753.203
weight: 1.00575e-05
eec: 1351.29
weight: 1.05933e-05
eec: 1138.95
weight: 1.15284e-06
eec: 222.024
weight: 1.55214e-05
eec: 88.4626
weight: 0.000101374
eec: 1286.23
weight: 1.18429e-05
eec: 1216.57
weight: 0.000636856
eec: 464.677
weight: 2.32072e-05
eec: 108.519
weight: 3.28743e-06
eec: 31.1429
weight: 2.7717e-05
eec: 976.242
weight: 1.09347e-05
eec: 464.339
weight: 3.08813e-05
eec: 857.854
weight: 4.38365e-06
eec: 1535.85
weight: 2.46816e-05
eec: 1038.69
weight: 1.80943e-06
eec: 1642.14
weight: 0.000140609
eec: 1408.4
weight: 2.42576e-05
eec: 54.7126
weight: 3.24478e-05
eec: 694.534
weight: 8.4368e-05
eec: 53.9257
weight: 1.45106e-05
eec: 1993.31
weight: 3.86679e-05
eec: 2070.68
weight: 0.000168084
eec: 328.453
weight: 2.80401e-06
eec: 3258.58
weight: 1.21327e-05
eec: 987.093
weight: 4.38708e-05
eec: 1182.41
weight: 4.0385e-06
eec: 1634.91
weight: 7.31801e-05
eec: 296.076
weight: 0.000138973
eec: 434.858
weight: 5.49062e-06
eec: 1151.2
weight: 1.60101e-05
eec: 445.736
weight: 2.52831e-05
eec: 587.218
weight: 0.000383574
eec: 290.761
weight: 5.10829e-05
eec: 792.046
weight: 2.71082e-05
eec: 1461.23
weight: 1.58349e-05
eec: 199.407
weight: 7.74341e-08
eec: 2030.94
weight: 5.23214e-06
eec: 271.86
weight: 0.00022913
eec: 565.832
weight: 1.06559e-05
eec: 155.705
weight: 5.59984e-08
eec: 268.634
weight: 6.81112e-05
eec: 11.3033
weight: 2.09609e-05
eec: 756.021
weight: 0.000167358
eec: 368.791
weight: 8.04882e-05
eec: 203.063
weight: 3.63179e-06
eec: 6527.61
weight: 4.56263e-05
eec: 262.663
weight: 0.000163708
eec: 60.5979
weight: 8.81266e-06
eec: 43.9319
weight: 5.52279e-05
eec: 909.598
weight: 0.000165922
eec: 544.874
weight: 9.17283e-05
eec: 751.825
weight: 1.77086e-06
eec: 411.621
weight: 0.000108659
eec: 292.136
weight: 3.06649e-05
eec: 46.0862
weight: 2.00277e-05
eec: 161.267
weight: 3.97163e-05
eec: 701.696
weight: 0.000282833
eec: 23.8651
weight: 3.08248e-05
eec: 1224.39
weight: 3.24042e-05
eec: 1022.2
weight: 6.47195e-07
eec: 589.001
weight: 4.38505e-06
eec: 13.543
weight: 4.10858e-05
eec: 137.88
weight: 8.9529e-05
eec: 763.612
weight: 0.000213628
eec: 563.66
weight: 1.06195e-06
eec: 301.06
weight: 2.0415e-05
eec: 312.376
weight: 0.00101347
eec: 160.674
weight: 0.000206626
eec: 1095.69
weight: 2.09387e-05
eec: 446.821
weight: 0.000550533
eec: 103.334
weight: 2.42827e-07
eec: 127.647
weight: 6.59494e-06
eec: 1686.33
weight: 7.46196e-06
eec: 794.872
weight: 0.000288745
eec: 272.414
weight: 8.10992e-06
eec: 1949.5
weight: 8.5045e-05
eec: 177.242
weight: 1.37584e-05
eec: 2110.05
weight: 0.000141368
eec: 89.2389
weight: 5.06235e-05
eec: 1136.97
weight: 6.85949e-06
eec: 224.468
weight: 3.41774e-06
eec: 1434.91
weight: 0.000133124
eec: 1057.03
weight: 6.66951e-09
eec: 736.088
weight: 2.82571e-08
eec: 1086.83
weight: 0.000142383
eec: 122.893
weight: 2.111e-05
eec: 146.522
weight: 4.05642e-06
eec: 98.0218
weight: 0.000256155
eec: 216.649
weight: 8.19477e-06
eec: 1665.91
weight: 8.19477e-06
eec: 98.2356
weight: 7.19191e-06
eec: 970.634
weight: 5.60104e-05
eec: 990.315
weight: 7.69646e-07
eec: 2839.76
weight: 6.22137e-06
eec: 352.876
weight: 3.85378e-05
eec: 39.2206
weight: 1.09415e-05
eec: 763.169
weight: 0.000872996
eec: 372.455
weight: 1.58815e-05
eec: 2480.69
weight: 6.47755e-05
eec: 523.174
weight: 9.9713e-06
eec: 476.498
weight: 3.48375e-05
eec: 75.0346
weight: 0.000177845
eec: 471.873
weight: 2.43604e-05
eec: 74.446
weight: 3.80882e-05
eec: 281.586
weight: 4.33611e-05
eec: 487.481
weight: 6.93792e-05
eec: 958.952
weight: 9.04515e-06
eec: 56.3393
weight: 6.85033e-06
eec: 246.873
weight: 0.000226547
eec: 480.178
weight: 7.90169e-06
eec: 140.401
weight: 7.40374e-06
eec: 488.384
weight: 9.39723e-06
eec: 283.881
weight: 6.18088e-06
eec: 247.317
weight: 3.39039e-05
eec: 10.209
weight: 0.000116383
eec: 16.2157
weight: 5.83021e-05
eec: 170.702
weight: 1.60815e-05
eec: 319.155
weight: 3.45038e-05
eec: 596.956
weight: 6.57056e-06
eec: 404.842
weight: 3.79452e-06
eec: 1730.9
weight: 4.31257e-08
eec: 209.98
weight: 1.68671e-05
eec: 128.574
weight: 4.76968e-05
eec: 418.64
weight: 0.000564803
eec: 24.4221
weight: 1.13142e-05
eec: 575.142
weight: 7.44121e-07
eec: 2250.75
weight: 1.3053e-05
eec: 405.767
weight: 3.50452e-06
eec: 231.57
weight: 3.77967e-05
eec: 576.669
weight: 4.32387e-05
eec: 246.881

ROOT exit code = 0
