gSystem->Load("run_condor_job_Run3_C.so");
run_condor_job_Run3(69, 100, 2,
                    80, 200,
                    1, 1, 1, 0);
.q

ENTERED run_condor_job_Run3()
JOBID = 69
  global job = 69  Job 69/100  events [4135860, 4195800)  total=5994000
Processing events [4135860, 4195800) of 5994000
weight: 2.32675e-05
eec: 426.777
weight: 1.2524e-05
eec: 832.708
weight: 1.73735e-06
eec: 34.1244
weight: 8.1406e-06
eec: 455.821
weight: 2.2916e-05
eec: 13.9769
weight: 3.47673e-05
eec: 49.2749
weight: 1.96919e-07
eec: 668.027
weight: 5.76332e-06
eec: 146.078
weight: 0.000455883
eec: 1.43311
weight: 0.000621858
eec: 781.794
weight: 2.92401e-06
eec: 274.88
weight: 7.4753e-07
eec: 841.631
weight: 0.000237472
eec: 116.239
weight: 2.52538e-05
eec: 589.109
weight: 1.9959e-06
eec: 466.836
weight: 3.048e-05
eec: 1614.27
weight: 0.000344111
eec: 55.0665
weight: 2.84425e-05
eec: 1212.8
weight: 8.53498e-06
eec: 1946.27
weight: 8.53498e-06
eec: 2261.95
weight: 2.03012e-05
eec: 318.58
weight: 0.000114616
eec: 443.765
weight: 4.09215e-06
eec: 879.01
weight: 0.000151113
eec: 1634.12
weight: 0.000476115
eec: 402.26
weight: 2.4358e-05
eec: 670.527
weight: 2.33514e-05
eec: 278.596
weight: 4.50379e-06
eec: 378.599
weight: 6.66773e-06
eec: 11.2433
weight: 0.00034208
eec: 265.767
weight: 2.97845e-06
eec: 127.116
weight: 0.000408821
eec: 42.0179
weight: 0.000887428
eec: 553.991
weight: 1.64763e-05
eec: 105.493
weight: 9.07188e-05
eec: 273.883
weight: 2.4743e-05
eec: 606.069
weight: 8.22329e-06
eec: 784.875
weight: 9.93443e-06
eec: 51.1203
weight: 9.92474e-05
eec: 701.507
weight: 3.72445e-05
eec: 955.231
weight: 0.000362197
eec: 263.438
weight: 6.41493e-06
eec: 708.706
weight: 1.48551e-06
eec: 818.847
weight: 1.81834e-05
eec: 236.514
weight: 1.62959e-05
eec: 253.141
weight: 4.53299e-06
eec: 163.045
weight: 2.38031e-06
eec: 711.429
weight: 0.00181377
eec: 452.404
weight: 8.49044e-06
eec: 339.122
weight: 3.30945e-05
eec: 632.968
weight: 5.57364e-06
eec: 557.255
weight: 3.82102e-06
eec: 1485.47
weight: 5.30259e-05
eec: 392.689
weight: 8.62621e-08
eec: 224.032
weight: 0.0009048
eec: 448.634
Processing: 69.2359 %weight: 4.00839e-05
eec: 204.701
weight: 2.70755e-05
eec: 354.609
weight: 1.29095e-05
eec: 220.623
weight: 2.20342e-05
eec: 1076.29
weight: 4.6363e-06
eec: 1280.8
weight: 1.29528e-05
eec: 834.642
weight: 3.25359e-06
eec: 1092.16
weight: 2.87328e-06
eec: 128.583
weight: 3.30449e-05
eec: 274.247
weight: 7.9122e-06
eec: 376.976
weight: 1.33003e-05
eec: 1074.4
weight: 2.4331e-05
eec: 283.795
weight: 0.00010073
eec: 388.133
weight: 4.58373e-06
eec: 989.991
weight: 0.000492878
eec: 464.801
weight: 4.16923e-05
eec: 2322.62
weight: 0.000182215
eec: 658.176
weight: 2.43649e-05
eec: 445.876
weight: 1.93084e-05
eec: 471.293
weight: 3.20208e-05
eec: 394.598
weight: 1.85163e-05
eec: 327.042
weight: 0.00027752
eec: 301.365
weight: 1.88533e-05
eec: 9.92935
weight: 4.69043e-06
eec: 370.903
weight: 1.86841e-05
eec: 48.5967
weight: 7.00523e-05
eec: 858.913
weight: 5.84729e-05
eec: 496.464
weight: 3.05909e-06
eec: 63.0555
weight: 4.39123e-05
eec: 541.247
weight: 5.90128e-06
eec: 222.373
weight: 1.79441e-06
eec: 294.316
weight: 0.00026409
eec: 333.568
weight: 2.83503e-05
eec: 418.717
weight: 0.000200425
eec: 1003.9
weight: 3.70507e-06
eec: 52.0693
weight: 4.59309e-06
eec: 796.205
weight: 2.97702e-06
eec: 1284.3
weight: 3.10569e-07
eec: 122.271
weight: 0.000502604
eec: 35.9189
weight: 5.41287e-05
eec: 2097.13
weight: 9.58946e-05
eec: 1362.98
weight: 0.000153618
eec: 394.237
weight: 2.4012e-05
eec: 11.74
weight: 6.51605e-05
eec: 384.384
weight: 5.28399e-05
eec: 379.569
weight: 8.55737e-06
eec: 618.212
weight: 1.02066e-06
eec: 116.646
weight: 3.34112e-05
eec: 562.206
weight: 0.000155209
eec: 216.12
weight: 7.89985e-06
eec: 173.823
weight: 0.00015249
eec: 124.195
weight: 8.2853e-06
eec: 234.922
weight: 1.59727e-06
eec: 102.269
weight: 0.000311914
eec: 571.567
weight: 0.000112711
eec: 1550.61
weight: 0.000112711
eec: 641.493
weight: 2.14297e-05
eec: 20.2161
weight: 0.00038624
eec: 1160.67
weight: 8.33858e-06
eec: 1698.56
weight: 2.77854e-05
eec: 1547.86
weight: 1.77017e-06
eec: 15.5212
weight: 4.36443e-05
eec: 199.683
weight: 3.52905e-05
eec: 170.846
weight: 1.38512e-06
eec: 2512.16
weight: 4.78039e-06
eec: 230.672
weight: 8.59787e-06
eec: 754.386
weight: 5.4115e-06
eec: 546.043
weight: 3.84435e-05
eec: 94.4711
weight: 0.00214964
eec: 469.71
weight: 6.64118e-06
eec: 334.934
weight: 2.97518e-05
eec: 726.081
weight: 3.00801e-05
eec: 465.095
weight: 5.23962e-05
eec: 876.835
weight: 1.3851e-05
eec: 360.024
weight: 9.28911e-06
eec: 7.68546
weight: 3.5231e-05
eec: 717.542
weight: 4.72002e-05
eec: 154.61
weight: 1.67808e-05
eec: 522.595
weight: 4.35259e-06
eec: 183.811
weight: 1.29551e-06
eec: 474.738
weight: 0.000106294
eec: 458.137
weight: 2.11323e-05
eec: 901.847
weight: 2.48253e-05
eec: 46.9072
weight: 5.1814e-05
eec: 62.3682
weight: 1.58546e-05
eec: 60.4891
weight: 4.4106e-05
eec: 980.664
weight: 0.000326871
eec: 747.16
weight: 8.80496e-05
eec: 35.7758
weight: 3.42123e-06
eec: 410.6
weight: 9.07337e-07
eec: 92.152
weight: 0.000412467
eec: 432.377
weight: 0.000226473
eec: 162.529
weight: 8.73063e-05
eec: 102.293
weight: 3.93657e-05
eec: 1817.07
weight: 5.96356e-05
eec: 510.638
weight: 1.71932e-05
eec: 348.66
weight: 1.02318e-05
eec: 51.5867
weight: 1.2277e-05
eec: 381.761
weight: 0.000360367
eec: 185.417
weight: 3.43643e-06
eec: 224.125
weight: 5.05701e-05
eec: 364.413
weight: 0.000147337
eec: 682.19
weight: 0.00017178
eec: 455.841
weight: 3.2567e-06
eec: 413.348
weight: 1.1619e-06
eec: 1284.52
weight: 6.14426e-05
eec: 330.974
weight: 0.000111034
eec: 125.798
weight: 4.57197e-05
eec: 1411.52
weight: 3.52882e-05
eec: 286.489
weight: 1.38229e-05
eec: 299.495
weight: 5.97101e-05
eec: 578.471
weight: 1.88209e-05
eec: 565.199
weight: 0.00019405
eec: 92.3239
weight: 9.75662e-05
eec: 102.65
weight: 7.45016e-07
eec: 716.609
weight: 1.06176e-05
eec: 1393.18
weight: 2.28092e-05
eec: 132.626
weight: 6.52263e-05
eec: 46.2922
weight: 2.89061e-05
eec: 201.734
weight: 1.78666e-05
eec: 1516.57
weight: 0.00017769
eec: 82.642
weight: 0.000402121
eec: 452.228
weight: 6.24883e-06
eec: 585.557
weight: 5.78459e-05
eec: 245.069
weight: 3.84634e-06
eec: 1223.61
weight: 8.61443e-05
eec: 530.984
weight: 8.63455e-05
eec: 106.218
weight: 1.70581e-06
eec: 459.388
weight: 1.90529e-05
eec: 244.305
weight: 6.20751e-06
eec: 1977.51
weight: 4.65785e-05
eec: 99.9646
weight: 4.51142e-05
eec: 160.907
weight: 1.55444e-05
eec: 308.714
weight: 1.70023e-05
eec: 291.928
weight: 9.70796e-06
eec: 463.365
weight: 0.000211522
eec: 854.175
weight: 7.77618e-05
eec: 274.429
weight: 2.21315e-05
eec: 599.954
weight: 6.37427e-06
eec: 3734.42
weight: 4.84247e-05
eec: 351.102
weight: 1.96733e-05
eec: 113.388
weight: 4.74433e-06
eec: 654.863
weight: 8.12377e-06
eec: 480.554
weight: 1.04698e-06
eec: 408.446
weight: 0.000330328
eec: 573.392
weight: 4.36008e-05
eec: 24.2929
weight: 3.53203e-06
eec: 163.493
weight: 1.59577e-05
eec: 615.171
weight: 7.30992e-05
eec: 2012.84
weight: 7.30992e-05
eec: 50.0539
weight: 7.7147e-06
eec: 541.183
weight: 4.46898e-05
eec: 1246.49
weight: 1.85161e-05
eec: 68.208
weight: 9.73817e-05
eec: 168.081
weight: 1.26018e-06
eec: 641.46
weight: 3.18019e-05
eec: 1441.18
weight: 3.33492e-05
eec: 258.493
weight: 6.70444e-05
eec: 223.422
weight: 0.000243647
eec: 602.202
weight: 6.94827e-05
eec: 444.786
weight: 1.68014e-07
eec: 1597.2
weight: 2.43894e-05
eec: 137.791
weight: 2.0009e-05
eec: 175.392
weight: 2.51588e-05
eec: 235.355
weight: 0.000444247
eec: 247.557
weight: 3.14977e-07
eec: 74.9004
weight: 5.52424e-07
eec: 1121.22
weight: 0.000338346
eec: 644.31
weight: 1.62511e-05
eec: 991.134
weight: 6.26865e-05
eec: 170.702
weight: 9.55721e-05
eec: 768.631
weight: 5.887e-05
eec: 355.543
weight: 0.000243694
eec: 715.017
weight: 0.000344426
eec: 66.5953
weight: 1.57589e-05
eec: 503.945
weight: 1.8704e-05
eec: 89.43
weight: 3.54977e-06
eec: 644.522
weight: 1.81317e-05
eec: 1591.24
weight: 6.58885e-05
eec: 411.252
weight: 1.90024e-05
eec: 1778.5
weight: 4.63624e-06
eec: 67.3374
weight: 0.000366162
eec: 598.575
weight: 3.77253e-05
eec: 508.41
weight: 6.08876e-05
eec: 56.7216
weight: 2.79269e-05
eec: 269.47
weight: 6.0512e-06
eec: 366.653
weight: 3.62143e-05
eec: 59.3447
weight: 6.67534e-06
eec: 148.622
weight: 9.50897e-06
eec: 2045.76
weight: 4.57136e-05
eec: 719.26
weight: 4.57136e-05
eec: 477.889
weight: 8.58914e-06
eec: 550.257
weight: 0.000144417
eec: 870.041
weight: 0.000106976
eec: 141.718
weight: 3.13421e-06
eec: 75.708
weight: 4.07491e-06
eec: 1970
weight: 5.15553e-06
eec: 123.779
weight: 0.00053945
eec: 316.025
weight: 0.000305287
eec: 1222.07
weight: 9.97302e-05
eec: 182.382
weight: 0.000429161
eec: 262.686
weight: 1.30512e-05
eec: 3046.63
weight: 1.30512e-05
eec: 802.977
weight: 6.63067e-05
eec: 590.056
weight: 0.000107239
eec: 98.08
weight: 6.42397e-07
eec: 56.7481
weight: 5.64752e-05
eec: 458.968
weight: 1.08764e-05
eec: 2314.65
weight: 7.53006e-05
eec: 1190.47

ROOT exit code = 0
