gSystem->Load("run_condor_job_Run3_C.so");
run_condor_job_Run3(647, 100, 2,
                    80, 200,
                    1, 1, 1, 6);
.q

ENTERED run_condor_job_Run3()
JOBID = 647
  global job = 647  Job 47/100  events [2772060, 2831040)  total=5898000
Processing events [2772060, 2831040) of 5898000
weight: 1.51266e-05
eec: 1583.1
weight: 3.83192e-06
eec: 124.696
weight: 0.000136737
eec: 74.6754
weight: 0.000220057
eec: 53.6016
weight: 0.00157667
eec: 135.162
weight: 7.3658e-07
eec: 1009.65
weight: 5.01031e-05
eec: 79.8752
weight: 4.60979e-05
eec: 1329.59
weight: 1.20568e-05
eec: 729.37
weight: 3.68831e-06
eec: 430.043
weight: 3.66661e-05
eec: 308.293
weight: 1.19048e-05
eec: 55.644
weight: 0.000136028
eec: 760.345
weight: 1.86697e-06
eec: 1268.14
weight: 4.5022e-05
eec: 156.619
weight: 7.3041e-05
eec: 499.955
weight: 9.94945e-05
eec: 360.484
weight: 6.23213e-05
eec: 25.6194
weight: 2.29969e-05
eec: 196.867
weight: 7.31831e-05
eec: 634.813
weight: 7.31831e-05
eec: 147.893
weight: 2.01797e-05
eec: 28.0195
weight: 6.93422e-06
eec: 522.466
weight: 1.79741e-05
eec: 331.287
weight: 8.21826e-07
eec: 3683.73
weight: 4.4131e-06
eec: 803.099
weight: 1.51199e-05
eec: 432.596
weight: 0.00016733
eec: 103.975
weight: 1.10723e-06
eec: 517.467
weight: 0.00015758
eec: 439.728
weight: 3.53007e-05
eec: 2208.61
weight: 4.33895e-06
eec: 563.276
weight: 0.000400873
eec: 830.849
weight: 8.29707e-05
eec: 1047.75
weight: 0.000161185
eec: 425.429
weight: 3.03873e-05
eec: 423.747
weight: 3.35935e-05
eec: 435.601
weight: 2.48823e-05
eec: 548.818
weight: 2.97598e-05
eec: 988.026
weight: 2.6798e-05
eec: 201.324
weight: 5.65903e-05
eec: 653.423
weight: 0.000154121
eec: 508.75
weight: 8.1664e-06
eec: 1814.42
weight: 8.49366e-05
eec: 63.0665
weight: 2.90927e-05
eec: 3433.39
weight: 0.0001296
eec: 440.816
weight: 2.15308e-08
eec: 233.777
weight: 1.13378e-05
eec: 244.511
weight: 2.98249e-05
eec: 121.457
weight: 2.20816e-05
eec: 3103.93
weight: 3.59455e-06
eec: 243.416
weight: 1.317e-06
eec: 457.569
weight: 1.09499e-06
eec: 279.388
weight: 2.03729e-05
eec: 813.338
weight: 2.46948e-05
eec: 236.881
weight: 1.66821e-05
eec: 161.627
weight: 7.76624e-06
eec: 563.931
weight: 1.8015e-07
eec: 910.499
weight: 9.84215e-05
eec: 472.024
weight: 4.79031e-05
eec: 213.029
weight: 6.06306e-05
eec: 32.8858
weight: 3.09429e-05
eec: 95.3719
weight: 2.43389e-05
eec: 1153.63
weight: 2.43389e-05
eec: 799.54
weight: 3.42385e-05
eec: 918.702
weight: 0.000304731
eec: 192.238
weight: 1.76751e-06
eec: 309.484
weight: 0.000227422
eec: 77.8243
weight: 9.89582e-06
eec: 182.524
weight: 5.09918e-05
eec: 500.288
weight: 7.46479e-05
eec: 87.6525
weight: 7.7874e-05
eec: 114.957
weight: 7.95995e-07
eec: 113.801
weight: 0.000108048
eec: 14.3703
weight: 2.68122e-06
eec: 121.432
weight: 0.000173171
eec: 659.7
weight: 0.000369182
eec: 285.679
weight: 8.10891e-05
eec: 120.92
weight: 4.99231e-05
eec: 1446.18
weight: 3.68002e-05
eec: 34.023
weight: 1.96244e-05
eec: 592.694
weight: 0.00121336
eec: 236.726
weight: 2.22955e-06
eec: 716.171
weight: 3.88682e-07
eec: 99.0987
weight: 7.43526e-06
eec: 1094.01
weight: 3.59851e-05
eec: 478.392
weight: 7.36921e-06
eec: 842.443
weight: 0.000168822
eec: 506.272
weight: 3.67243e-05
eec: 395.355
weight: 9.70861e-06
eec: 363.904
weight: 4.84872e-05
eec: 468.524
weight: 2.11507e-05
eec: 54.5549
weight: 5.36729e-05
eec: 244.298
weight: 0.000102056
eec: 1429.37
weight: 0.000104939
eec: 67.085
weight: 7.21139e-06
eec: 389.487
weight: 5.29113e-05
eec: 97.7924
weight: 1.32083e-06
eec: 3131.85
weight: 0.000100415
eec: 46.005
weight: 1.73239e-06
eec: 1289.77
Processing: 47.4737 %weight: 5.51559e-05
eec: 97.2937
weight: 2.54667e-06
eec: 3404.44
weight: 9.75996e-06
eec: 409.892
weight: 2.2394e-07
eec: 182.605
weight: 0.000190463
eec: 85.354
weight: 2.41668e-07
eec: 166.722
weight: 7.80281e-05
eec: 118.419
weight: 7.81613e-05
eec: 76.574
weight: 3.9609e-05
eec: 505.433
weight: 1.00184e-06
eec: 609.461
weight: 0.000163794
eec: 738.78
weight: 1.57418e-05
eec: 876.706
weight: 3.78649e-06
eec: 12.3619
weight: 2.69618e-06
eec: 1394.97
weight: 2.27477e-05
eec: 245.908
weight: 1.63356e-08
eec: 72.391
weight: 7.04745e-06
eec: 1276.31
weight: 3.15624e-05
eec: 329.404
weight: 5.37555e-07
eec: 403.754
weight: 1.02898e-05
eec: 92.9655
weight: 1.29655e-05
eec: 889.72
weight: 0.000132551
eec: 297.933
weight: 8.19364e-06
eec: 1827.28
weight: 3.03722e-05
eec: 1490.59
weight: 1.30451e-05
eec: 307.013
weight: 7.99511e-05
eec: 403.838
weight: 2.14039e-05
eec: 497.287
weight: 2.5892e-06
eec: 45.9384
weight: 0.000293257
eec: 144.504
weight: 7.64092e-06
eec: 1006.29
weight: 4.14778e-07
eec: 324.64
weight: 1.52533e-05
eec: 117.258
weight: 4.09281e-05
eec: 537.175
weight: 5.76029e-06
eec: 357.254
weight: 6.68515e-05
eec: 233.179
weight: 2.22839e-06
eec: 127.355
weight: 0.000448117
eec: 908.581
weight: 2.07626e-05
eec: 187.221
weight: 6.54772e-06
eec: 2800.11
weight: 9.76516e-06
eec: 80.3377
weight: 9.71616e-05
eec: 52.8192
weight: 8.62095e-05
eec: 103.296
weight: 6.344e-05
eec: 160.373
weight: 4.48721e-05
eec: 346.265
weight: 3.30824e-05
eec: 597.579
weight: 3.53577e-05
eec: 65.1466
weight: 1.43612e-05
eec: 1694.54
weight: 0.00010235
eec: 79.5757
weight: 3.10393e-05
eec: 35.6881
weight: 5.83613e-05
eec: 264.02
weight: 2.18359e-05
eec: 686.085
weight: 0.00010256
eec: 927.877
weight: 9.3082e-05
eec: 1974.68
weight: 3.66061e-06
eec: 471.839
weight: 3.66061e-06
eec: 51.4349
weight: 0.000212781
eec: 185.624
weight: 9.81437e-05
eec: 42.6617
weight: 0.00017759
eec: 395.888
weight: 3.85251e-06
eec: 73.9259
weight: 6.6015e-05
eec: 737.722
weight: 4.13773e-06
eec: 628.112
weight: 0.000119439
eec: 221.436
weight: 0.000266126
eec: 359.62
weight: 1.5483e-06
eec: 477.832
weight: 2.45979e-05
eec: 477.021
weight: 1.32471e-05
eec: 223.924
weight: 5.16014e-06
eec: 870.174
weight: 1.28594e-06
eec: 1531.81
weight: 0.000112218
eec: 553.321
weight: 8.98656e-05
eec: 300.263
weight: 1.64654e-06
eec: 1375.68
weight: 2.27554e-05
eec: 2054.38
weight: 0.000146458
eec: 593.054
weight: 0.000331407
eec: 280.927
weight: 2.17242e-05
eec: 97.1911
weight: 2.91061e-05
eec: 280.481
weight: 8.77681e-05
eec: 163.307
weight: 6.47127e-05
eec: 2497.78
weight: 4.12103e-07
eec: 2365.33
weight: 0.000310603
eec: 1045.67
weight: 0.000219022
eec: 148.803
weight: 1.35859e-05
eec: 1431.78
weight: 2.17149e-05
eec: 313.079
weight: 1.09034e-05
eec: 356.599
weight: 4.36778e-05
eec: 295.276
weight: 7.35434e-05
eec: 86.4714
weight: 0.000129486
eec: 472.599
weight: 3.08239e-05
eec: 2803.6
weight: 2.30635e-05
eec: 1399.11
weight: 4.04708e-05
eec: 75.487
weight: 0.00019335
eec: 145.066
weight: 1.91855e-05
eec: 15.8599
weight: 5.95812e-08
eec: 136.724
weight: 3.70214e-05
eec: 288.268
weight: 1.20268e-05
eec: 486.534
weight: 0.000109499
eec: 28.5632
weight: 2.22276e-05
eec: 126.239
weight: 3.19922e-05
eec: 179.669
weight: 6.08072e-06
eec: 200.698
weight: 0.000573694
eec: 462.168
weight: 5.62339e-06
eec: 231.624
weight: 7.88459e-05
eec: 369.911
weight: 6.12297e-05
eec: 676.944
weight: 2.3608e-07
eec: 146.376
weight: 6.22096e-06
eec: 528.718
weight: 8.5173e-05
eec: 135.882
weight: 1.54139e-05
eec: 666.057
weight: 7.3496e-06
eec: 239.681
weight: 4.07166e-07
eec: 719.041
weight: 6.24247e-06
eec: 1243.95
weight: 3.83972e-05
eec: 772.97

ROOT exit code = 0
