gSystem->Load("run_condor_job_Run3_C.so");
run_condor_job_Run3(226, 100, 2,
                    80, 200,
                    1, 1, 1, 2);
.q

ENTERED run_condor_job_Run3()
JOBID = 226
  global job = 226  Job 26/100  events [1560000, 1620000)  total=6000000
Processing events [1560000, 1620000) of 6000000
weight: 2.09987e-05
eec: 46.4815
weight: 1.15143e-06
eec: 716.639
weight: 3.52748e-05
eec: 758.438
weight: 8.81053e-05
eec: 626.142
weight: 3.1826e-06
eec: 27.7209
weight: 7.06226e-05
eec: 350.679
weight: 6.33106e-05
eec: 717.768
weight: 1.47883e-05
eec: 887.683
weight: 2.0375e-05
eec: 726.802
weight: 7.41495e-05
eec: 2285.33
weight: 1.42426e-05
eec: 375.285
weight: 2.64128e-05
eec: 31.6337
weight: 5.65032e-08
eec: 185.817
weight: 3.27836e-05
eec: 729.998
weight: 2.4783e-05
eec: 98.2012
weight: 0.000123374
eec: 15.0786
weight: 1.6186e-05
eec: 1165.49
weight: 1.95415e-05
eec: 286.193
weight: 2.11683e-05
eec: 561.154
weight: 8.3652e-05
eec: 222.512
weight: 9.73135e-05
eec: 120.102
weight: 2.64807e-05
eec: 251.961
weight: 1.9215e-06
eec: 24.086
weight: 1.69733e-06
eec: 65.7525
weight: 9.20338e-06
eec: 48.8079
weight: 1.11993e-07
eec: 268.071
weight: 0.000151408
eec: 41.6238
weight: 9.54166e-05
eec: 1610.36
weight: 6.12442e-05
eec: 829.02
weight: 2.70285e-05
eec: 87.3924
weight: 5.49561e-06
eec: 662.606
weight: 6.67839e-07
eec: 699.127
weight: 0.000321879
eec: 221.411
weight: 8.77687e-06
eec: 518.68
weight: 6.2196e-05
eec: 364.684
weight: 1.12553e-05
eec: 115.58
weight: 3.84154e-05
eec: 71.7064
weight: 5.47322e-06
eec: 42.5079
weight: 3.05344e-06
eec: 201.082
weight: 4.31029e-05
eec: 608.318
weight: 1.88327e-05
eec: 340.584
weight: 3.00344e-05
eec: 1293.6
weight: 3.28295e-05
eec: 1952.67
weight: 1.50236e-05
eec: 1906.25
weight: 0.000247903
eec: 123.404
weight: 0.000205815
eec: 344.213
weight: 2.01732e-05
eec: 4057.75
weight: 0.00353588
eec: 185.457
weight: 0.000304177
eec: 472.456
weight: 9.92105e-05
eec: 169.94
weight: 1.41721e-05
eec: 535.661
weight: 0.000321509
eec: 627.302
weight: 0.000227994
eec: 257.633
weight: 4.74086e-05
eec: 1366.88
weight: 1.9947e-06
eec: 1990
weight: 0.00020388
eec: 266.625
weight: 3.27685e-05
eec: 24.8545
weight: 1.0363e-05
eec: 393.714
weight: 5.46604e-05
eec: 248.825
weight: 6.27844e-06
eec: 733.999
weight: 3.72955e-05
eec: 774.19
weight: 0.00101064
eec: 277.195
weight: 0.000123578
eec: 7.14789
weight: 8.51692e-08
eec: 161.009
weight: 2.92721e-05
eec: 39.749
weight: 4.8276e-05
eec: 41.2415
weight: 8.89575e-06
eec: 491.532
weight: 1.67709e-05
eec: 49.7224
weight: 0.000163252
eec: 976.399
weight: 1.04585e-05
eec: 168.927
weight: 3.25214e-07
eec: 120.407
weight: 1.19714e-05
eec: 1372.26
weight: 0.00019045
eec: 276.758
weight: 6.5209e-06
eec: 174.167
weight: 1.7551e-05
eec: 183.503
weight: 0.000191024
eec: 290.413
weight: 0.000135655
eec: 1669.61
weight: 5.36053e-05
eec: 224.414
weight: 3.08431e-07
eec: 275.082
weight: 0.000156693
eec: 137.699
weight: 9.39708e-06
eec: 130.176
weight: 0.000312146
eec: 555.901
weight: 0.000127424
eec: 248.237
weight: 9.48223e-06
eec: 2739.11
weight: 8.74679e-07
eec: 135.534
weight: 0.000564185
eec: 376.608
weight: 0.000228208
eec: 517.261
weight: 7.89804e-06
eec: 274.111
weight: 9.39328e-06
eec: 264.63
weight: 1.94953e-06
eec: 717.989
weight: 9.26295e-06
eec: 883.487
weight: 9.93109e-06
eec: 66.2891
weight: 0.000100317
eec: 614.302
weight: 4.82803e-05
eec: 128.133
weight: 0.000199427
eec: 299.064
weight: 7.58326e-06
eec: 456.221
weight: 1.41022e-05
eec: 144.336
weight: 6.07138e-05
eec: 520.05
weight: 1.83379e-05
eec: 1815.35
weight: 0.000215078
eec: 389.155
weight: 5.61569e-05
eec: 142.755
weight: 4.20624e-05
eec: 36.7084
weight: 8.53851e-05
eec: 94.1257
weight: 0.000120131
eec: 109.276
weight: 3.18631e-06
eec: 61.6972
weight: 8.99913e-06
eec: 284.231
weight: 1.09301e-05
eec: 397.395
weight: 7.36559e-05
eec: 164.866
weight: 1.0976e-05
eec: 780.652
weight: 0.000178574
eec: 617.24
weight: 0.000188726
eec: 485.022
weight: 0.000221117
eec: 703.964
weight: 8.68362e-05
eec: 278.807
weight: 1.08352e-05
eec: 615.959
weight: 3.63794e-07
eec: 1212.04
weight: 1.54916e-05
eec: 528.911
weight: 2.14958e-06
eec: 427.837
weight: 6.03315e-05
eec: 560.037
weight: 2.2671e-05
eec: 451.465
weight: 3.89927e-06
eec: 3234.14
weight: 0.000118275
eec: 143.342
weight: 2.70849e-05
eec: 635.562
weight: 3.60605e-08
eec: 615.041
weight: 2.72328e-05
eec: 143.154
weight: 2.77884e-06
eec: 886.812
weight: 0.000102186
eec: 197.576
weight: 1.7254e-05
eec: 1926.75
weight: 4.9869e-05
eec: 906.023
weight: 1.05022e-06
eec: 883.716
weight: 5.07402e-05
eec: 2247.98
weight: 1.39096e-05
eec: 1958.78
weight: 2.83192e-05
eec: 72.3237
weight: 3.34734e-06
eec: 170.733
weight: 2.49873e-06
eec: 6028.66
weight: 3.16176e-06
eec: 694.735
weight: 0.000271578
eec: 97.6277
weight: 2.43177e-05
eec: 1045.44
weight: 4.99033e-05
eec: 278.938
weight: 1.87308e-05
eec: 495.789
weight: 2.0077e-07
eec: 7.3765
weight: 2.58073e-08
eec: 998.949
weight: 2.58073e-08
eec: 465.276
weight: 0.00017241
eec: 559.752
weight: 3.35217e-06
eec: 302.907
weight: 2.32836e-05
eec: 656.076
weight: 1.05061e-05
eec: 243.254
weight: 0.000646884
eec: 1072.98
weight: 6.79601e-06
eec: 779.857
weight: 0.000222602
eec: 220.799
weight: 1.42249e-05
eec: 438.795
weight: 2.23502e-06
eec: 857.596
weight: 0.000194654
eec: 1153.38
weight: 0.0013611
eec: 29.932
weight: 0.000114859
eec: 107.101
weight: 5.52139e-05
eec: 183.104
weight: 0.000323493
eec: 374.679
weight: 2.27181e-07
eec: 657.161
weight: 9.56713e-05
eec: 1548.7
weight: 0.000186557
eec: 191.442
weight: 5.79405e-05
eec: 276.969
weight: 2.56812e-05
eec: 1631.86
weight: 2.56812e-05
eec: 258.288
weight: 3.78871e-05
eec: 49.0441
weight: 1.97579e-06
eec: 801.272
weight: 7.18475e-06
eec: 619.787
weight: 3.29585e-05
eec: 290.69
weight: 1.05341e-05
eec: 1299.98
weight: 1.16544e-05
eec: 466.426
weight: 0.000114061
eec: 400.274
weight: 1.72313e-05
eec: 1970.32
weight: 3.0752e-05
eec: 320.862
weight: 1.01773e-05
eec: 402.296
weight: 4.08413e-06
eec: 1140.93
weight: 5.46557e-06
eec: 385.601
weight: 4.39482e-06
eec: 45.0223
weight: 1.2019e-06
eec: 533.326
weight: 1.1477e-05
eec: 111.135
weight: 2.03806e-05
eec: 101.332
weight: 1.8945e-06
eec: 24.6172
weight: 5.63771e-05
eec: 469.803
weight: 1.34732e-05
eec: 203.955
weight: 2.19663e-05
eec: 356.114
weight: 0.000913068
eec: 212.005
weight: 0.000106866
eec: 158.61
weight: 2.54713e-05
eec: 205.511
weight: 1.49811e-08
eec: 800.961
weight: 7.35561e-05
eec: 243.63
weight: 1.5318e-05
eec: 379.526
weight: 3.91337e-06
eec: 661.385
weight: 6.06403e-06
eec: 449.741
weight: 0.000458567
eec: 877.2
weight: 1.52979e-06
eec: 460.049
weight: 1.92737e-05
eec: 1345.28
weight: 8.16546e-06
eec: 241.653
weight: 4.47231e-06
eec: 269.039
weight: 1.23531e-05
eec: 731.306
weight: 3.62205e-05
eec: 212.41
weight: 4.50095e-06
eec: 220.73
weight: 6.71796e-07
eec: 1160.74
weight: 6.76752e-05
eec: 11.8455
weight: 0.000294134
eec: 207.946
weight: 2.57576e-05
eec: 467.624
weight: 2.3137e-05
eec: 2761.89
weight: 0.000611922
eec: 43.9402
weight: 2.91179e-08
eec: 397.493
weight: 8.32395e-05
eec: 202.47
weight: 0.00155735
eec: 31.4793
weight: 8.2497e-06
eec: 2739.87
weight: 1.62871e-05
eec: 98.6277
Processing: 26.6667 %weight: 6.0573e-05
eec: 80.3355
weight: 1.43108e-05
eec: 260.622
weight: 4.31551e-05
eec: 566.44
weight: 1.3824e-05
eec: 1044.69
weight: 1.69011e-05
eec: 383.438
weight: 5.39738e-05
eec: 857.579
weight: 1.00597e-05
eec: 1667.21
weight: 0.000236026
eec: 353.075
weight: 0.000149114
eec: 200.281
weight: 1.6889e-06
eec: 171.938
weight: 3.79686e-05
eec: 855.94
weight: 0.0001027
eec: 446.582
weight: 2.64394e-05
eec: 246.272
weight: 2.64394e-05
eec: 81.1397
weight: 0.000161417
eec: 432.09
weight: 0.00118507
eec: 159.015
weight: 1.3263e-05
eec: 180.361
weight: 2.90528e-06
eec: 15.2187
weight: 0.000292448
eec: 144.94
weight: 0.000353121
eec: 736.627
weight: 2.63062e-05
eec: 1296.14
weight: 2.85533e-05
eec: 585.475
weight: 8.81258e-05
eec: 230.222
weight: 6.49751e-06
eec: 901.438
weight: 1.43893e-05
eec: 3335.29
weight: 8.09549e-06
eec: 327.509
weight: 8.09549e-06
eec: 1664.88
weight: 4.13589e-05
eec: 1441.73
weight: 2.46418e-06
eec: 386.095
weight: 4.48906e-05
eec: 745.452
weight: 5.62614e-06
eec: 460.556
weight: 9.82161e-06
eec: 177.958
weight: 7.03937e-06
eec: 922.319
weight: 5.93935e-05
eec: 603.61
weight: 1.46464e-06
eec: 222.153
weight: 1.0885e-05
eec: 1314.62
weight: 0.000156769
eec: 127.112
weight: 5.44653e-05
eec: 152.043
weight: 4.08113e-05
eec: 281.833
weight: 4.9692e-05
eec: 125.125
weight: 6.54186e-05
eec: 587.98
weight: 1.21348e-07
eec: 2240.2
weight: 1.37275e-05
eec: 832.54
weight: 0.000688107
eec: 486.969
weight: 0.000292499
eec: 1004.33
weight: 7.82821e-07
eec: 287.257
weight: 1.94145e-05
eec: 156.736
weight: 3.07234e-05
eec: 449.393
weight: 1.05553e-07
eec: 219.668
weight: 0.000114926
eec: 433.432
weight: 8.00663e-06
eec: 1852.37
weight: 2.59153e-07
eec: 1011.19
weight: 0.000101223
eec: 875.188
weight: 0.000103866
eec: 394.967
weight: 4.04836e-06
eec: 180.144
weight: 1.97522e-06
eec: 2457.65
weight: 5.83406e-06
eec: 955.128
weight: 2.76051e-05
eec: 932.3
weight: 0.000102404
eec: 347.248
weight: 5.99517e-06
eec: 919.038
weight: 5.84339e-05
eec: 751.154
weight: 2.81484e-05
eec: 230.686
weight: 1.44277e-05
eec: 1031.14
weight: 6.90789e-06
eec: 504.835
weight: 7.52971e-06
eec: 116.763
weight: 1.62493e-06
eec: 130.486
weight: 2.88453e-05
eec: 1221.39
weight: 8.91944e-06
eec: 529.356
weight: 6.17651e-05
eec: 164.379
weight: 7.55705e-06
eec: 268.971
weight: 1.33206e-06
eec: 215.806
weight: 2.79543e-05
eec: 1759.22
weight: 2.82296e-06
eec: 347.643
weight: 2.57333e-05
eec: 33.8559
weight: 2.65305e-06
eec: 108.848
weight: 0.000385071
eec: 60.4174
weight: 3.22248e-06
eec: 794.935

ROOT exit code = 0
