gSystem->Load("run_condor_job_Run3_C.so");
run_condor_job_Run3(185, 100, 2,
                    80, 200,
                    1, 1, 1, 1);
.q

ENTERED run_condor_job_Run3()
JOBID = 185
  global job = 185  Job 85/100  events [4982700, 5041320)  total=5862000
Processing events [4982700, 5041320) of 5862000
weight: 9.22367e-05
eec: 433.195
weight: 6.3174e-07
eec: 703.721
weight: 2.10863e-06
eec: 1350.02
weight: 1.67316e-05
eec: 1102.9
weight: 0.00036256
eec: 122.079
weight: 0.000348285
eec: 1036.5
weight: 1.01967e-05
eec: 599.533
weight: 1.03162e-05
eec: 2658.58
weight: 0.000107366
eec: 340.939
weight: 5.07316e-07
eec: 694.808
weight: 3.75724e-05
eec: 807.137
weight: 3.49676e-05
eec: 440.95
weight: 6.75525e-05
eec: 207.342
weight: 5.75016e-06
eec: 1469.11
weight: 0.00454479
eec: 281.874
weight: 5.84062e-06
eec: 154.507
weight: 2.50057e-05
eec: 938.983
weight: 9.69282e-06
eec: 519.464
weight: 2.63908e-06
eec: 93.6363
weight: 8.26166e-06
eec: 148.683
weight: 7.86427e-05
eec: 1287.05
weight: 8.76964e-05
eec: 530.697
weight: 2.49767e-05
eec: 906.046
weight: 1.41189e-06
eec: 677.639
weight: 2.54038e-07
eec: 360.119
weight: 8.91028e-05
eec: 978.929
weight: 6.07563e-06
eec: 2723.79
weight: 1.54453e-05
eec: 106.568
weight: 8.24786e-05
eec: 51.6349
weight: 1.75824e-05
eec: 1355.69
weight: 2.72369e-06
eec: 2664.73
weight: 0.000137357
eec: 243.062
weight: 5.59508e-05
eec: 1926.98
weight: 5.83848e-05
eec: 65.1347
weight: 9.03409e-06
eec: 284.828
weight: 2.55733e-07
eec: 753.395
weight: 2.37379e-05
eec: 1732.47
weight: 0.000851013
eec: 392.664
weight: 1.00579e-05
eec: 1010.26
weight: 3.38203e-05
eec: 1026.45
weight: 6.25135e-06
eec: 633.368
weight: 0.000184341
eec: 473.692
weight: 1.26205e-05
eec: 53.9777
weight: 0.000300434
eec: 542.534
weight: 0.000173783
eec: 726.241
weight: 5.44464e-05
eec: 1227.14
weight: 0.000185263
eec: 555.279
weight: 1.35881e-05
eec: 2678.29
weight: 1.87773e-05
eec: 1550.11
weight: 6.67995e-05
eec: 103.613
weight: 2.18227e-05
eec: 185.222
weight: 3.7904e-05
eec: 1000.36
weight: 2.17289e-05
eec: 21.5716
weight: 7.81125e-06
eec: 414.075
weight: 0.00208173
eec: 360.8
weight: 5.17384e-06
eec: 586.036
weight: 4.64161e-05
eec: 773.622
weight: 1.35936e-05
eec: 84.8873
weight: 6.88048e-06
eec: 201.996
weight: 0.000201664
eec: 266.434
weight: 0.000201664
eec: 44.9204
weight: 5.77454e-06
eec: 123.811
Processing: 85.2951 %weight: 3.13833e-05
eec: 75.9338
weight: 0.000112606
eec: 689.695
weight: 2.3724e-06
eec: 226.742
weight: 8.09223e-07
eec: 2801.43
weight: 0.000148733
eec: 21.9966
weight: 0.000210903
eec: 210.058
weight: 1.58503e-05
eec: 581.711
weight: 5.91349e-05
eec: 545.343
weight: 6.95164e-05
eec: 204.762
weight: 5.69797e-06
eec: 2883.36
weight: 5.72882e-05
eec: 463.124
weight: 2.18852e-05
eec: 861.489
weight: 3.82275e-06
eec: 274.48
weight: 0.000322754
eec: 459.94
weight: 0.00025671
eec: 563.891
weight: 4.15543e-06
eec: 493.023
weight: 1.71875e-05
eec: 538.916
weight: 2.35597e-05
eec: 108.315
weight: 4.9895e-07
eec: 677.922
weight: 8.97663e-07
eec: 383.418
weight: 0.000170308
eec: 535.847
weight: 1.79094e-05
eec: 49.9628
weight: 8.59419e-05
eec: 141.366
weight: 3.572e-06
eec: 271.124
weight: 3.572e-06
eec: 405.317
weight: 4.8387e-06
eec: 466.086
weight: 2.23153e-05
eec: 204.399
weight: 0.000114593
eec: 134.712
weight: 1.0461e-05
eec: 1885.12
weight: 5.18788e-06
eec: 133.305
weight: 0.000846868
eec: 272.118
weight: 1.00407e-06
eec: 85.1734
weight: 2.31672e-06
eec: 835.863
weight: 9.6147e-06
eec: 2673.57
weight: 4.87634e-05
eec: 1118.55
weight: 2.12745e-05
eec: 1550.08
weight: 3.45501e-05
eec: 842.826
weight: 9.23173e-06
eec: 250.328
weight: 8.08795e-06
eec: 206.752
weight: 2.57083e-05
eec: 180.845
weight: 4.2179e-05
eec: 85.4864
weight: 9.57087e-05
eec: 1535.23
weight: 1.6856e-06
eec: 111.403
weight: 5.45051e-05
eec: 648.081
weight: 8.75347e-05
eec: 499.352
weight: 1.34788e-05
eec: 1054.63
weight: 1.69327e-05
eec: 322.62
weight: 1.07419e-05
eec: 290.787
weight: 4.82987e-06
eec: 687.706
weight: 0.00194698
eec: 127.05
weight: 0.000321278
eec: 294.634
weight: 0.000174667
eec: 787.277
weight: 3.49427e-05
eec: 733.64
weight: 2.04718e-05
eec: 241.596
weight: 0.000386433
eec: 242.331
weight: 9.31529e-06
eec: 856.071
weight: 2.73554e-08
eec: 1668.84
weight: 2.42826e-06
eec: 2163.6
weight: 1.97534e-05
eec: 1177.07
weight: 0.000122401
eec: 25.4853
weight: 1.78417e-05
eec: 743.225
weight: 0.000444824
eec: 172.872
weight: 6.09215e-05
eec: 292.037
weight: 1.2775e-05
eec: 684.527
weight: 1.08877e-05
eec: 2329.33
weight: 3.2403e-05
eec: 228.428
weight: 8.67232e-05
eec: 192.152
weight: 0.000563724
eec: 80.6812
weight: 0.000225279
eec: 1208.59
weight: 0.000353285
eec: 464.614
weight: 1.97363e-06
eec: 73.482
weight: 6.87253e-08
eec: 1274.3
weight: 0.000226887
eec: 281.021
weight: 5.01559e-07
eec: 87.4382
weight: 4.14344e-05
eec: 471.644
weight: 5.64318e-05
eec: 846.584
weight: 3.14151e-06
eec: 64.0738
weight: 1.34975e-05
eec: 552.755
weight: 2.16106e-05
eec: 199.654
weight: 1.29835e-05
eec: 1375.69
weight: 3.69034e-06
eec: 2540.86
weight: 7.883e-06
eec: 279.139
weight: 1.02276e-07
eec: 547.184
weight: 9.92311e-06
eec: 1068.17
weight: 4.82329e-06
eec: 1106.61
weight: 1.06003e-05
eec: 522.273
weight: 2.14824e-05
eec: 579.746
weight: 5.61866e-05
eec: 349.682
weight: 0.000595276
eec: 797.976
weight: 5.53378e-05
eec: 1642.47
weight: 0.00015312
eec: 10.5831
weight: 2.43493e-05
eec: 677.808
weight: 5.11808e-05
eec: 1501.13
weight: 7.02236e-07
eec: 224.812
weight: 0.0001458
eec: 71.0344
weight: 0.000873285
eec: 96.01
weight: 4.18271e-05
eec: 764.471
weight: 1.44566e-05
eec: 2695.2
weight: 0.000106305
eec: 362.384
weight: 1.15151e-05
eec: 712.382
weight: 1.50384e-05
eec: 437.2
weight: 7.04346e-05
eec: 99.5047
weight: 1.14415e-05
eec: 67.5084
weight: 6.62686e-05
eec: 487.075
weight: 7.1198e-06
eec: 1208.92
weight: 1.98362e-06
eec: 255.939
weight: 0.000273119
eec: 362.466
weight: 7.63668e-06
eec: 519.937
weight: 2.24285e-05
eec: 729.401
weight: 1.91239e-06
eec: 618.906
weight: 1.99359e-06
eec: 274.713
weight: 1.51255e-05
eec: 1199.76
weight: 1.39956e-06
eec: 3512.13
weight: 1.32759e-07
eec: 714.571
weight: 6.62201e-06
eec: 417.077
weight: 4.50723e-05
eec: 212.09
weight: 7.12687e-06
eec: 2025.1
weight: 8.90727e-05
eec: 472.111
weight: 7.7605e-05
eec: 367.574
weight: 1.74337e-05
eec: 3760.24
weight: 6.54005e-05
eec: 1058.82
weight: 0.000208844
eec: 187.76
weight: 1.08207e-05
eec: 784.441
weight: 0.000105426
eec: 1639.41
weight: 9.31268e-05
eec: 14.4526
weight: 0.000597037
eec: 13.7065
weight: 6.70789e-05
eec: 525.021
weight: 2.72504e-06
eec: 91.8688
weight: 1.10631e-05
eec: 1514.29
weight: 7.81046e-05
eec: 92.4853
weight: 0.000114621
eec: 1358.12
weight: 7.47445e-05
eec: 697.856
weight: 0.000207594
eec: 291.96
weight: 0.000257102
eec: 138.28
weight: 1.27131e-05
eec: 921.997
weight: 7.68848e-06
eec: 93.6472
weight: 0.000278214
eec: 138.703
weight: 3.56989e-05
eec: 361.124
weight: 0.000344992
eec: 101.683
weight: 6.44406e-06
eec: 705.903
weight: 1.96298e-05
eec: 339.63
weight: 0.000110575
eec: 529.846
weight: 1.78512e-05
eec: 117.51
weight: 3.28908e-05
eec: 1574.91
weight: 5.89252e-06
eec: 1214.03
weight: 6.02664e-06
eec: 35.3285
weight: 1.19999e-05
eec: 352.795
weight: 1.45436e-07
eec: 108.221
weight: 0.000321984
eec: 758.517
weight: 2.29795e-05
eec: 187.824
weight: 2.61848e-05
eec: 46.0711
weight: 8.06316e-05
eec: 226.516
weight: 0.000495911
eec: 308.233
weight: 5.89765e-06
eec: 1386.26
weight: 9.07682e-06
eec: 1400.13
weight: 6.36571e-06
eec: 898.13
weight: 6.75361e-05
eec: 1276.22
weight: 1.3454e-07
eec: 100.246

ROOT exit code = 0
