gSystem->Load("run_condor_job_Run3_C.so");
run_condor_job_Run3(791, 100, 2,
                    80, 200,
                    1, 1, 1, 7);
.q

ENTERED run_condor_job_Run3()
JOBID = 791
  global job = 791  Job 91/100  events [5181540, 5238480)  total=5694000
Processing events [5181540, 5238480) of 5694000
weight: 3.02879e-05
eec: 103.935
weight: 0.000204274
eec: 145.603
weight: 9.2612e-05
eec: 143.928
weight: 3.53662e-06
eec: 967.778
weight: 2.1349e-05
eec: 233.668
weight: 7.11317e-05
eec: 440.881
weight: 1.32105e-05
eec: 201.596
weight: 0.000108313
eec: 116.659
weight: 7.05584e-06
eec: 893.385
weight: 0.000868746
eec: 750.271
weight: 3.60982e-05
eec: 234.457
weight: 4.54325e-05
eec: 636.501
weight: 9.34918e-06
eec: 2455.06
weight: 0.000373407
eec: 392.336
weight: 1.54928e-05
eec: 2431.71
weight: 6.94774e-06
eec: 1485.87
weight: 8.83372e-06
eec: 491.096
weight: 1.79254e-05
eec: 1140.09
weight: 1.89441e-05
eec: 1868.61
weight: 5.30967e-05
eec: 200.436
weight: 0.000105219
eec: 810.544
weight: 2.42473e-05
eec: 103.031
weight: 3.66607e-05
eec: 902.403
weight: 2.38926e-05
eec: 246.417
weight: 4.54209e-05
eec: 1663.18
weight: 8.49293e-05
eec: 111.792
weight: 6.14638e-06
eec: 518.944
weight: 4.40446e-05
eec: 634.01
weight: 0.000223108
eec: 106.492
weight: 0.000101059
eec: 463.144
weight: 2.13665e-07
eec: 470.646
weight: 2.14806e-05
eec: 1983.84
weight: 6.41655e-06
eec: 98.1695
weight: 0.00011877
eec: 233.308
weight: 6.40912e-05
eec: 176.246
weight: 9.33512e-05
eec: 317.498
weight: 9.94414e-05
eec: 986.5
weight: 1.16463e-05
eec: 160.575
weight: 3.27579e-05
eec: 186.671
weight: 0.00023006
eec: 147.953
weight: 2.85672e-05
eec: 4.41831
weight: 6.08134e-06
eec: 1827.89
weight: 5.80212e-05
eec: 1513.82
weight: 0.000147728
eec: 30.2943
weight: 6.54221e-06
eec: 2065.65
weight: 2.48871e-06
eec: 30.8832
weight: 0.000150782
eec: 221.408
weight: 0.000168898
eec: 76.1026
weight: 0.000118924
eec: 188.533
weight: 5.23233e-06
eec: 902.185
weight: 1.28285e-05
eec: 298.756
weight: 2.21444e-05
eec: 243.175
weight: 1.96803e-06
eec: 212.54
weight: 0.000199129
eec: 299.401
weight: 3.61802e-07
eec: 1088.39
weight: 1.91073e-05
eec: 147.13
weight: 2.11811e-05
eec: 1364.14
weight: 3.31567e-05
eec: 370.251
weight: 7.9068e-06
eec: 839.834
weight: 5.54499e-06
eec: 112.314
weight: 0.000133638
eec: 61.8548
weight: 2.05451e-06
eec: 1216.44
weight: 1.92547e-06
eec: 513.959
weight: 7.34119e-06
eec: 1086
weight: 7.09088e-05
eec: 568.579
weight: 6.42074e-08
eec: 1509.63
weight: 3.7397e-05
eec: 15.7698
weight: 3.23095e-06
eec: 2426.66
weight: 4.32175e-06
eec: 1190.22
weight: 0.000204827
eec: 279.111
weight: 0.00039875
eec: 864.157
weight: 4.05696e-08
eec: 982.116
weight: 0.000150125
eec: 222.715
weight: 1.39882e-05
eec: 562.146
weight: 1.3287e-05
eec: 70.3288
weight: 2.4129e-05
eec: 143.88
weight: 2.24518e-05
eec: 62.1202
weight: 0.000134924
eec: 864.113
weight: 1.84265e-07
eec: 1400.57
weight: 2.03551e-05
eec: 1156.03
weight: 8.12274e-06
eec: 512.346
weight: 7.89924e-05
eec: 1041.03
weight: 5.58999e-06
eec: 1149.07
weight: 8.7439e-05
eec: 364.191
Processing: 91.3242 %weight: 0.000245092
eec: 219.877
weight: 5.64659e-06
eec: 950.63
weight: 0.000263284
eec: 580.841
weight: 1.16692e-05
eec: 780.022
weight: 0.000104029
eec: 129.687
weight: 7.04893e-06
eec: 97.5487
weight: 8.0602e-05
eec: 72.3126
weight: 2.28206e-06
eec: 1352.97
weight: 5.61946e-05
eec: 909.815
weight: 6.98547e-05
eec: 89.5782
weight: 3.22377e-07
eec: 2289.48
weight: 7.89571e-06
eec: 175.096
weight: 4.11453e-05
eec: 823.332
weight: 1.68275e-05
eec: 179.289
weight: 0.000155115
eec: 288.457
weight: 4.06998e-06
eec: 370.139
weight: 1.35437e-05
eec: 933.715
weight: 0.000132694
eec: 22.1623
weight: 0.000171766
eec: 438.066
weight: 5.5723e-06
eec: 159.441
weight: 5.26777e-05
eec: 863.423
weight: 2.24758e-05
eec: 1309.99
weight: 2.43432e-06
eec: 308.843
weight: 7.73937e-05
eec: 46.5852
weight: 3.96908e-07
eec: 1400.05
weight: 1.16393e-07
eec: 1157.52
weight: 2.19066e-05
eec: 914.761
weight: 2.34876e-05
eec: 862.094
weight: 3.24574e-05
eec: 70.38
weight: 0.000196027
eec: 112.382
weight: 8.07382e-06
eec: 1471.46
weight: 4.77833e-05
eec: 429.707
weight: 5.94828e-05
eec: 681.304
weight: 1.83349e-05
eec: 37.3154
weight: 1.55909e-05
eec: 448.857
weight: 5.80917e-05
eec: 26.9659
weight: 2.14812e-05
eec: 1303
weight: 0.000114843
eec: 346.464
weight: 2.00686e-05
eec: 153.275
weight: 0.000131604
eec: 86.2779
weight: 0.000156777
eec: 105.279
weight: 1.21029e-06
eec: 327.039
weight: 1.05422e-05
eec: 1282.13
weight: 0.000172165
eec: 261.945
weight: 5.42178e-05
eec: 615.525
weight: 2.32849e-05
eec: 247.842
weight: 8.60238e-06
eec: 680.056
weight: 1.53535e-05
eec: 66.3918
weight: 4.21826e-05
eec: 304.545
weight: 0.000151722
eec: 185.777
weight: 1.05023e-05
eec: 356.163
weight: 1.79382e-06
eec: 1231.51
weight: 1.50146e-06
eec: 347.65
weight: 4.79752e-05
eec: 54.1955
weight: 2.40068e-05
eec: 1194.03
weight: 2.83413e-05
eec: 95.1066
weight: 9.51306e-06
eec: 463.224
weight: 0.000310652
eec: 355.027
weight: 1.41679e-05
eec: 247.728
weight: 1.00792e-06
eec: 2642.89
weight: 3.73073e-05
eec: 1398.58
weight: 5.69438e-06
eec: 552.491
weight: 3.5896e-05
eec: 99.1813
weight: 2.21049e-06
eec: 292.329
weight: 5.08e-06
eec: 530.391
weight: 0.000240735
eec: 697.576
weight: 7.4663e-08
eec: 207.999
weight: 3.44988e-05
eec: 280.567
weight: 2.45564e-05
eec: 25.2761
weight: 2.45564e-05
eec: 66.9526
weight: 1.814e-06
eec: 221.337
weight: 4.43023e-06
eec: 2252.06
weight: 8.40172e-05
eec: 852.469
weight: 4.6295e-05
eec: 87.2743
weight: 3.51009e-05
eec: 2675.99
weight: 3.41444e-05
eec: 311.125
weight: 3.06714e-06
eec: 590.998
weight: 1.35931e-05
eec: 339.292
weight: 1.50156e-05
eec: 41.1492
weight: 3.38604e-05
eec: 516.814
weight: 4.89767e-05
eec: 447.879
weight: 8.41803e-05
eec: 644.231
weight: 3.85858e-05
eec: 92.6268
weight: 3.88083e-05
eec: 1577.05
weight: 2.29515e-05
eec: 449.042
weight: 1.22112e-05
eec: 189.619
weight: 0.000105644
eec: 1300.68
weight: 0.000496344
eec: 1195.86
weight: 1.13494e-05
eec: 458.334
weight: 0.00027169
eec: 503.867
weight: 6.92989e-05
eec: 70.6834
weight: 5.20858e-05
eec: 987.915
weight: 7.86444e-05
eec: 36.8048
weight: 0.000234171
eec: 243.273
weight: 1.96141e-07
eec: 225.432
weight: 5.53868e-05
eec: 872.773
weight: 8.56109e-07
eec: 1090.4
weight: 5.96387e-05
eec: 749.462
weight: 3.6639e-05
eec: 90.6633
weight: 1.00928e-05
eec: 699.731
weight: 0.00016953
eec: 74.011
weight: 0.000114303
eec: 195.007
weight: 1.77133e-05
eec: 152.331
weight: 6.6629e-05
eec: 765.839
weight: 3.56128e-06
eec: 809.551
weight: 0.000267979
eec: 290.461
weight: 8.67526e-05
eec: 426.763
weight: 7.08537e-05
eec: 145.7
weight: 9.26025e-06
eec: 62.8749
weight: 0.000389061
eec: 461.343
weight: 0.00028729
eec: 104.756
weight: 1.46655e-05
eec: 112.48
weight: 4.43727e-05
eec: 1097.76
weight: 0.00187493
eec: 369.894
weight: 9.23787e-08
eec: 1041.07
weight: 2.58854e-05
eec: 252.343
weight: 2.34631e-06
eec: 236.502
weight: 3.6948e-06
eec: 432.579
weight: 0.00019291
eec: 811.256
weight: 6.39819e-05
eec: 574.782
weight: 1.87916e-05
eec: 370.628
weight: 0.000111247
eec: 732.601
weight: 2.99887e-06
eec: 864.192
weight: 3.49407e-06
eec: 1307.79
weight: 2.73512e-05
eec: 564.995
weight: 9.47786e-05
eec: 235.601
weight: 6.7642e-06
eec: 997.353
weight: 1.539e-05
eec: 223.197
weight: 5.44361e-06
eec: 16.1388
weight: 9.60462e-06
eec: 1111.61
weight: 0.000258371
eec: 283.546
weight: 9.06164e-06
eec: 387.339
weight: 1.4696e-05
eec: 1822.89
weight: 0.000242202
eec: 249.445
weight: 4.39862e-05
eec: 206.058
weight: 5.14334e-05
eec: 91.7174
weight: 0.00035607
eec: 373.848
weight: 8.39861e-05
eec: 15.0245
weight: 4.19402e-06
eec: 500.32

ROOT exit code = 0
