gSystem->Load("run_condor_job_Run3_C.so");
run_condor_job_Run3(946, 100, 2,
                    80, 200,
                    1, 1, 1, 9);
.q

ENTERED run_condor_job_Run3()
JOBID = 946
  global job = 946  Job 46/100  events [2735160, 2794620)  total=5946000
Processing events [2735160, 2794620) of 5946000
weight: 1.64383e-05
eec: 2693.56
weight: 1.61903e-05
eec: 3843.47
weight: 5.48487e-05
eec: 195.15
weight: 5.60722e-06
eec: 81.3934
weight: 0.00010232
eec: 296.432
weight: 0.000373347
eec: 15.0026
weight: 4.54818e-06
eec: 1050.9
weight: 2.91593e-06
eec: 496.266
weight: 1.23524e-05
eec: 529.92
weight: 4.4943e-06
eec: 549.597
weight: 9.31767e-06
eec: 498.805
weight: 4.94493e-05
eec: 1600.53
weight: 0.000182937
eec: 90.066
weight: 3.7548e-05
eec: 1683.76
weight: 0.000116503
eec: 20.7174
weight: 0.000241653
eec: 360.709
weight: 1.1198e-05
eec: 56.705
weight: 9.80453e-05
eec: 69.5016
weight: 1.84948e-05
eec: 59.154
weight: 2.39301e-05
eec: 172.741
weight: 2.25007e-05
eec: 1480.58
weight: 7.48397e-05
eec: 57.1758
weight: 8.4533e-06
eec: 172.635
weight: 2.53865e-06
eec: 103.036
weight: 1.43096e-05
eec: 147.105
weight: 2.72529e-05
eec: 332.057
weight: 3.55215e-05
eec: 775.386
weight: 3.74646e-06
eec: 317.615
weight: 7.13946e-08
eec: 862.936
weight: 5.29628e-06
eec: 3613.28
weight: 6.31275e-05
eec: 389.626
weight: 1.16584e-05
eec: 292.359
weight: 1.63069e-05
eec: 1768.1
weight: 5.85761e-05
eec: 53.2807
weight: 1.41039e-06
eec: 2026.06
weight: 5.15551e-05
eec: 683.738
weight: 2.02922e-05
eec: 63.1331
weight: 3.50212e-06
eec: 1445.76
weight: 2.34519e-05
eec: 136.404
weight: 1.41504e-05
eec: 3204.97
weight: 1.90149e-05
eec: 227.052
weight: 2.16111e-05
eec: 546.156
weight: 4.3199e-05
eec: 118.837
weight: 0.00036561
eec: 98.9964
weight: 3.24565e-06
eec: 375.332
weight: 4.04239e-06
eec: 76.361
weight: 0.000415243
eec: 470.712
weight: 0.00023745
eec: 455.901
weight: 1.87646e-05
eec: 15.184
weight: 0.000182198
eec: 212.326
weight: 2.61018e-05
eec: 68.8429
weight: 1.61516e-07
eec: 1259.9
weight: 2.46034e-05
eec: 568.028
weight: 4.36482e-05
eec: 61.1897
weight: 2.81561e-06
eec: 45.0176
weight: 2.46296e-05
eec: 780.902
weight: 5.02643e-05
eec: 4.08236
weight: 3.60942e-05
eec: 22.8874
weight: 0.000119967
eec: 149.729
weight: 6.92139e-05
eec: 224.883
weight: 1.45223e-05
eec: 753.277
weight: 3.57928e-05
eec: 251.859
weight: 1.09608e-06
eec: 119.632
weight: 4.16506e-06
eec: 428.769
weight: 3.1503e-05
eec: 663.442
Processing: 46.2496 %weight: 0.000104658
eec: 207.636
weight: 0.000101334
eec: 738.885
weight: 8.66052e-06
eec: 1743.27
weight: 6.68244e-05
eec: 367.086
weight: 0.000346143
eec: 189.295
weight: 6.06053e-06
eec: 326.325
weight: 2.1665e-06
eec: 304.145
weight: 1.46499e-05
eec: 223.679
weight: 0.000212929
eec: 53.1014
weight: 8.02382e-07
eec: 245.462
weight: 0.000105048
eec: 38.1336
weight: 6.33067e-06
eec: 1532.24
weight: 1.09261e-05
eec: 1217.19
weight: 3.46628e-05
eec: 511.994
weight: 3.51749e-08
eec: 496.526
weight: 4.32441e-07
eec: 1054.5
weight: 2.48946e-06
eec: 513.323
weight: 2.50108e-05
eec: 513.45
weight: 1.74406e-05
eec: 387.66
weight: 7.14904e-05
eec: 680.319
weight: 6.28386e-06
eec: 80.1667
weight: 4.62771e-05
eec: 619.23
weight: 1.39227e-06
eec: 600.167
weight: 1.97292e-05
eec: 31.1652
weight: 0.000151611
eec: 481.703
weight: 7.0225e-05
eec: 289.401
weight: 1.73271e-05
eec: 40.5714
weight: 8.23154e-05
eec: 535.923
weight: 3.73176e-05
eec: 1088.37
weight: 7.42118e-06
eec: 1532.25
weight: 3.56422e-05
eec: 204.211
weight: 6.02871e-05
eec: 212.1
weight: 2.18212e-06
eec: 351.451
weight: 0.000145974
eec: 128.13
weight: 3.08751e-06
eec: 302.966
weight: 6.91504e-05
eec: 132.16
weight: 4.34044e-05
eec: 172.646
weight: 5.00144e-05
eec: 192.888
weight: 4.62919e-06
eec: 1806.98
weight: 5.2158e-05
eec: 60.9554
weight: 4.1613e-06
eec: 981.351
weight: 6.33168e-06
eec: 552.309
weight: 6.19725e-05
eec: 246.427
weight: 0.000175222
eec: 111.524
weight: 2.50732e-05
eec: 370.456
weight: 1.71091e-05
eec: 157.131
weight: 9.45187e-05
eec: 657.629
weight: 0.00013812
eec: 175.373
weight: 6.56731e-05
eec: 656.815
weight: 0.000419883
eec: 199.137
weight: 2.18604e-06
eec: 206.827
weight: 3.17458e-05
eec: 664.034
weight: 3.09074e-05
eec: 414.982
weight: 1.33412e-05
eec: 1275.29
weight: 4.59188e-05
eec: 78.8224
weight: 0.000220627
eec: 254.119
weight: 3.11791e-05
eec: 169.774
weight: 0.000202873
eec: 98.9826
weight: 2.39559e-05
eec: 1045.73
weight: 5.12003e-08
eec: 80.4839
weight: 2.9926e-05
eec: 490.073
weight: 1.80048e-05
eec: 2234.96
weight: 1.80048e-05
eec: 49.0935
weight: 2.74263e-05
eec: 577.03
weight: 0.000841924
eec: 33.0704
weight: 8.06586e-07
eec: 1730.77
weight: 4.25316e-05
eec: 539.011
weight: 7.49522e-06
eec: 477.384
weight: 1.38855e-05
eec: 707.586
weight: 2.94865e-06
eec: 693.479
weight: 0.00422031
eec: 379.033
weight: 0.000114351
eec: 252.451
weight: 2.17003e-05
eec: 142.979
weight: 0.000165478
eec: 177.033
weight: 0.000102803
eec: 166.329
weight: 0.000132243
eec: 683.892
weight: 1.66933e-05
eec: 701.499
weight: 2.18557e-06
eec: 101.314
weight: 5.82133e-06
eec: 1526.65
weight: 2.12457e-06
eec: 101.994
weight: 9.91061e-05
eec: 8.63577
weight: 0.000216734
eec: 80.0212
weight: 1.45782e-05
eec: 497.431
weight: 1.65093e-05
eec: 1177.39
weight: 9.7328e-06
eec: 660.745
weight: 2.23179e-06
eec: 229.069
weight: 7.63183e-05
eec: 625.891
weight: 0.000347163
eec: 1342.29
weight: 1.39043e-05
eec: 523.128
weight: 3.92435e-06
eec: 236.054
weight: 1.79501e-06
eec: 274.419
weight: 0.00013776
eec: 398.153
weight: 1.44167e-05
eec: 93.879
weight: 1.67243e-05
eec: 245.278
weight: 0.00241194
eec: 44.2072
weight: 1.23015e-05
eec: 346.333
weight: 1.47982e-05
eec: 236.544
weight: 1.48161e-05
eec: 1353.32
weight: 9.08716e-05
eec: 241.807
weight: 2.99001e-06
eec: 171.953
weight: 5.81023e-06
eec: 2467.77
weight: 0.00010779
eec: 1075.4
weight: 0.00163213
eec: 533.633
weight: 1.41844e-05
eec: 187.989
weight: 4.8058e-07
eec: 492.328
weight: 2.17725e-05
eec: 913.311
weight: 9.15403e-07
eec: 469.367
weight: 1.34951e-05
eec: 470.864
weight: 0.000349493
eec: 99.8
weight: 0.000293909
eec: 236.629
weight: 5.35483e-05
eec: 303.633
weight: 3.45884e-05
eec: 122.298
weight: 8.0283e-06
eec: 2221.16
weight: 4.14529e-06
eec: 77.4845
weight: 0.00040991
eec: 440.814
weight: 3.53307e-05
eec: 44.1459
weight: 3.46671e-06
eec: 610.729
weight: 3.3461e-05
eec: 378.071
weight: 2.83008e-07
eec: 192.55
weight: 6.68819e-06
eec: 148.338
weight: 0.000976973
eec: 462.016
weight: 2.02149e-05
eec: 838.028
weight: 4.08509e-06
eec: 119.633
weight: 2.20654e-06
eec: 651.867
weight: 0.000107223
eec: 362.785
weight: 0.000962603
eec: 504.832
weight: 6.82567e-06
eec: 608.532
weight: 7.79006e-07
eec: 974.535
weight: 1.19069e-05
eec: 151.566
weight: 2.87954e-06
eec: 330.719
weight: 2.11813e-05
eec: 587.661
weight: 3.10732e-05
eec: 183.32
weight: 4.42372e-07
eec: 13.471
weight: 6.96063e-06
eec: 486.801
weight: 6.60839e-05
eec: 110.634
weight: 0.000258539
eec: 32.1259
weight: 5.41814e-06
eec: 158.501
weight: 7.95544e-06
eec: 1364.95
weight: 1.88175e-05
eec: 507.668
weight: 2.78978e-06
eec: 177.811
weight: 4.45821e-06
eec: 564.975
weight: 3.29305e-06
eec: 462.045
weight: 2.19306e-05
eec: 331.663
weight: 3.19681e-05
eec: 1326.07
weight: 5.39867e-07
eec: 292.081
weight: 5.83945e-05
eec: 91.5245
weight: 1.16424e-05
eec: 512.965
weight: 6.7689e-05
eec: 357.485
weight: 0.000226408
eec: 217.263
weight: 6.38777e-05
eec: 35.8393
weight: 9.4494e-06
eec: 341.909
weight: 1.08267e-07
eec: 984.638
weight: 2.87567e-08
eec: 580.428
weight: 9.8525e-06
eec: 1315.55
weight: 2.25881e-07
eec: 281.84
weight: 2.12116e-06
eec: 244.424
weight: 2.46631e-05
eec: 2112.01
weight: 5.52156e-06
eec: 720.576
weight: 8.42998e-06
eec: 1957.01
weight: 3.27665e-05
eec: 2061.27
weight: 1.67249e-06
eec: 271.721
weight: 1.32291e-05
eec: 1730.77
weight: 8.8069e-06
eec: 1027.15

ROOT exit code = 0
