gSystem->Load("run_condor_job_Run3_C.so");
run_condor_job_Run3(687, 100, 2,
                    80, 200,
                    1, 1, 1, 6);
.q

ENTERED run_condor_job_Run3()
JOBID = 687
  global job = 687  Job 87/100  events [5131260, 5190240)  total=5898000
Processing events [5131260, 5190240) of 5898000
weight: 0.000686427
eec: 187.332
weight: 1.09206e-05
eec: 3783.47
weight: 3.33124e-05
eec: 538.841
weight: 1.11266e-05
eec: 55.9261
weight: 1.20412e-05
eec: 757.043
weight: 0.000195355
eec: 434.347
weight: 2.22997e-05
eec: 26.6508
weight: 3.57053e-05
eec: 266.387
weight: 0.000256461
eec: 214.03
weight: 6.10399e-06
eec: 696.469
weight: 8.44929e-05
eec: 12.2951
weight: 2.63787e-05
eec: 37.6227
weight: 6.63404e-05
eec: 91.8724
weight: 0.000193857
eec: 459.068
weight: 1.54397e-05
eec: 3325.55
weight: 3.16132e-05
eec: 1012.54
weight: 5.97894e-06
eec: 1553.08
weight: 3.14359e-05
eec: 685.298
weight: 0.000120715
eec: 37.7194
weight: 1.02195e-05
eec: 786.739
weight: 3.7046e-07
eec: 663.897
weight: 2.59638e-05
eec: 117.53
weight: 9.4443e-06
eec: 1057.13
weight: 7.00975e-05
eec: 846.774
weight: 0.000171813
eec: 233.196
weight: 8.67989e-05
eec: 752.497
weight: 4.76706e-05
eec: 2941.16
weight: 6.52004e-05
eec: 1327.46
weight: 1.97001e-05
eec: 2539.21
weight: 0.000185189
eec: 559.261
weight: 1.02576e-07
eec: 1433.86
weight: 1.58278e-06
eec: 309.964
weight: 2.72156e-05
eec: 978.818
weight: 5.68267e-08
eec: 3797.81
weight: 3.97158e-05
eec: 887.332
weight: 2.48217e-07
eec: 275.747
weight: 8.37838e-06
eec: 637.333
weight: 8.59514e-05
eec: 275.005
weight: 2.59596e-05
eec: 476.425
weight: 1.80547e-06
eec: 418.768
weight: 0.000416703
eec: 38.6056
weight: 0.000416703
eec: 266.488
weight: 1.69348e-05
eec: 324.569
weight: 0.000470735
eec: 802.158
weight: 1.18664e-05
eec: 396.453
weight: 9.04781e-07
eec: 1087.93
weight: 0.000115664
eec: 732.127
weight: 0.000115664
eec: 281.452
weight: 2.81087e-05
eec: 23.1722
weight: 2.38753e-05
eec: 281.093
weight: 2.40879e-06
eec: 626.223
weight: 9.46714e-05
eec: 669.439
weight: 9.88804e-06
eec: 1065.82
weight: 1.94149e-05
eec: 1335.6
weight: 1.10786e-05
eec: 2074.85
weight: 4.64051e-05
eec: 878.079
weight: 2.84513e-06
eec: 1677.14
weight: 0.000146694
eec: 25.8131
weight: 0.000600422
eec: 488.92
weight: 7.88861e-05
eec: 143.169
weight: 6.86456e-05
eec: 636.112
weight: 4.26968e-05
eec: 81.8699
weight: 5.48031e-06
eec: 27.8708
weight: 3.87983e-05
eec: 142.371
weight: 0.000116477
eec: 57.0408
weight: 2.70095e-06
eec: 235.092
weight: 2.77762e-05
eec: 28.1737
weight: 3.82913e-08
eec: 205.865
weight: 7.46254e-06
eec: 27.4651
weight: 0.000413542
eec: 805.147
weight: 0.000149219
eec: 239.943
weight: 5.0512e-05
eec: 741.691
weight: 6.79654e-07
eec: 1204.8
weight: 6.26721e-05
eec: 89.0506
weight: 1.73059e-05
eec: 506.876
weight: 5.1721e-06
eec: 120.798
weight: 1.2301e-05
eec: 792.56
Processing: 87.3177 %weight: 1.31874e-05
eec: 520.029
weight: 0.000219845
eec: 445.334
weight: 5.95841e-06
eec: 3131.95
weight: 0.00069743
eec: 386.186
weight: 0.000517112
eec: 688.194
weight: 3.4154e-05
eec: 682.349
weight: 1.00384e-05
eec: 408.309
weight: 7.98199e-06
eec: 1306.88
weight: 1.07659e-05
eec: 403.604
weight: 7.67213e-05
eec: 38.75
weight: 4.51916e-05
eec: 1392.53
weight: 0.0001091
eec: 36.5314
weight: 7.22433e-06
eec: 369.328
weight: 2.39825e-05
eec: 64.4684
weight: 8.02041e-05
eec: 726.87
weight: 2.89362e-05
eec: 238.599
weight: 2.67033e-06
eec: 430.635
weight: 2.98628e-06
eec: 392.369
weight: 0.000108939
eec: 223.229
weight: 2.43037e-05
eec: 3450.95
weight: 6.6439e-06
eec: 1879.32
weight: 3.42111e-06
eec: 104.462
weight: 2.48832e-06
eec: 1247.62
weight: 1.37797e-06
eec: 964.311
weight: 0.00013627
eec: 261.26
weight: 0.000603693
eec: 11.0423
weight: 0.000279701
eec: 122.368
weight: 0.000153818
eec: 53.7644
weight: 0.000247794
eec: 36.9709
weight: 7.45327e-05
eec: 91.4713
weight: 4.14757e-05
eec: 390.282
weight: 3.87266e-08
eec: 756.254
weight: 7.76296e-06
eec: 541.589
weight: 2.33951e-05
eec: 324.802
weight: 7.51289e-06
eec: 178.241
weight: 1.88907e-05
eec: 1189.45
weight: 1.17273e-05
eec: 602.071
weight: 7.66035e-06
eec: 802.559
weight: 2.5904e-05
eec: 67.4582
weight: 1.29795e-05
eec: 923.226
weight: 8.58062e-07
eec: 563.507
weight: 3.37363e-06
eec: 639.26
weight: 3.18496e-05
eec: 105.32
weight: 3.10728e-07
eec: 199.673
weight: 0.000102292
eec: 45.9884
weight: 3.71727e-05
eec: 1526.51
weight: 1.37165e-05
eec: 179.52
weight: 1.31225e-05
eec: 65.5876
weight: 1.31225e-05
eec: 1285.98
weight: 9.86241e-05
eec: 267.315
weight: 1.01139e-05
eec: 557.985
weight: 1.18911e-05
eec: 2279.63
weight: 4.22474e-06
eec: 302.041
weight: 0.000429452
eec: 222.614
weight: 3.33603e-07
eec: 617.427
weight: 1.36686e-05
eec: 1107.35
weight: 1.26532e-05
eec: 693.27
weight: 1.73254e-05
eec: 614.523
weight: 2.99206e-05
eec: 730.036
weight: 0.000127561
eec: 308.562
weight: 3.74313e-06
eec: 130.574
weight: 1.6217e-06
eec: 376.103
weight: 5.20686e-07
eec: 494.616
weight: 1.60399e-05
eec: 86.9977
weight: 0.000121382
eec: 656.328
weight: 1.4787e-05
eec: 541.67
weight: 4.59823e-05
eec: 202.779
weight: 1.5611e-05
eec: 720.392
weight: 0.000371848
eec: 1041.46
weight: 0.000186885
eec: 806.465
weight: 1.93619e-05
eec: 250.089
weight: 0.000216103
eec: 31.5074
weight: 5.37236e-06
eec: 241.688
weight: 1.58444e-06
eec: 1981.9
weight: 0.000491143
eec: 705.853
weight: 4.56596e-06
eec: 960.102
weight: 5.38138e-06
eec: 560.113
weight: 5.7874e-06
eec: 200.739
weight: 0.000132227
eec: 422.648
weight: 0.000106686
eec: 529.978
weight: 0.000174986
eec: 82.2505
weight: 4.74475e-05
eec: 159.509
weight: 1.01111e-05
eec: 222.106
weight: 7.41805e-05
eec: 301.677
weight: 1.65738e-05
eec: 128.43
weight: 0.000651116
eec: 360.382
weight: 0.00011572
eec: 8.54431
weight: 1.40801e-06
eec: 2168.61
weight: 1.95087e-06
eec: 1999.33
weight: 1.16404e-05
eec: 242.434
weight: 1.4612e-05
eec: 211.124
weight: 6.1625e-05
eec: 648.859
weight: 0.000103586
eec: 391.407
weight: 5.93092e-05
eec: 425.4
weight: 1.51782e-05
eec: 164.701
weight: 3.0248e-06
eec: 536.447
weight: 1.04092e-05
eec: 427.072
weight: 1.5336e-05
eec: 3600.82
weight: 4.79704e-05
eec: 328.867
weight: 0.000103994
eec: 115.61
weight: 3.98846e-05
eec: 114.674
weight: 7.12535e-06
eec: 45.0305
weight: 3.86052e-07
eec: 484.458
weight: 1.75685e-05
eec: 215.567
weight: 3.24614e-05
eec: 67.4744
weight: 5.70233e-05
eec: 2229.47
weight: 0.00054436
eec: 138.519
weight: 9.45566e-05
eec: 1379.21
weight: 1.96033e-05
eec: 68.833
weight: 9.78766e-05
eec: 188.046
weight: 1.93568e-05
eec: 214.046
weight: 1.90178e-06
eec: 2125.88
weight: 5.45024e-06
eec: 105.906
weight: 7.20816e-05
eec: 56.0079
weight: 0.00050277
eec: 277.43
weight: 6.30223e-05
eec: 759.765
weight: 2.08983e-05
eec: 1075.03
weight: 1.07933e-05
eec: 97.8426
weight: 0.00159142
eec: 357.497
weight: 4.01241e-06
eec: 29.4069
weight: 3.02263e-05
eec: 309.495
weight: 4.65754e-05
eec: 68.6323
weight: 0.000115789
eec: 87.6568
weight: 0.00025259
eec: 693.048
weight: 1.42244e-05
eec: 1336.47
weight: 4.97247e-05
eec: 1068.54
weight: 1.53226e-05
eec: 4180.12
weight: 9.96593e-05
eec: 436.235
weight: 3.84097e-05
eec: 414.467
weight: 7.90515e-07
eec: 56.0633
weight: 9.99862e-05
eec: 210.638
weight: 0.000135551
eec: 1534.48
weight: 5.31468e-05
eec: 578.252
weight: 2.97341e-05
eec: 1244.66
weight: 4.65222e-06
eec: 75.183
weight: 9.30377e-07
eec: 827.877
weight: 0.000132473
eec: 178.642
weight: 0.000120363
eec: 580.305
weight: 0.00025787
eec: 479.592
weight: 6.39186e-06
eec: 26.3701
weight: 2.5723e-05
eec: 1891.25
weight: 8.66037e-05
eec: 597.141
weight: 9.00402e-05
eec: 50.7645
weight: 3.30558e-05
eec: 305.212
weight: 8.73112e-06
eec: 1298.25
weight: 3.79507e-06
eec: 531.942
weight: 9.87257e-06
eec: 169.092
weight: 2.58183e-06
eec: 531.72
weight: 4.34517e-05
eec: 519.444
weight: 6.08107e-05
eec: 153.804
weight: 5.31407e-06
eec: 126.081
weight: 2.19609e-06
eec: 337.518
weight: 5.05761e-07
eec: 519.134
weight: 1.40295e-05
eec: 572.155
weight: 1.06319e-05
eec: 2131.24
weight: 5.1987e-06
eec: 1008.99
weight: 1.11806e-05
eec: 190.035
weight: 1.4206e-05
eec: 545.816
weight: 3.24491e-06
eec: 1223.84
weight: 0.000220833
eec: 955.961
weight: 8.81298e-05
eec: 387.45
weight: 1.49111e-05
eec: 145.425
weight: 1.23466e-05
eec: 1352.69
weight: 2.22829e-05
eec: 9.51585
weight: 8.41966e-05
eec: 439.097
weight: 2.33912e-05
eec: 376.05
weight: 6.53561e-05
eec: 509.946
weight: 9.98574e-06
eec: 48.4534
weight: 1.24843e-06
eec: 252.699
weight: 1.03301e-06
eec: 127.792
weight: 4.18443e-05
eec: 292.822
weight: 0.000104088
eec: 297.712
weight: 8.52678e-06
eec: 283.252
weight: 8.17372e-05
eec: 274.085
weight: 2.06226e-05
eec: 1732.87
weight: 3.24507e-05
eec: 332.269
weight: 7.3258e-05
eec: 168.597
weight: 5.7494e-05
eec: 141.569
weight: 2.47632e-06
eec: 1701.07
weight: 0.000211443
eec: 940.334

ROOT exit code = 0
