gSystem->Load("run_condor_job_Run3_C.so");
run_condor_job_Run3(390, 100, 2,
                    80, 200,
                    1, 1, 1, 3);
.q

ENTERED run_condor_job_Run3()
JOBID = 390
  global job = 390  Job 90/100  events [5400000, 5460000)  total=6000000
Processing events [5400000, 5460000) of 6000000
Processing: 90 %weight: 4.94144e-05
eec: 993.426
weight: 8.05987e-06
eec: 251.862
weight: 3.55081e-05
eec: 507.006
weight: 0.000296542
eec: 150.836
weight: 8.0182e-06
eec: 358.533
weight: 4.83562e-05
eec: 2835.93
weight: 0.00012451
eec: 170.15
weight: 4.01111e-05
eec: 405.304
weight: 5.79004e-05
eec: 315.302
weight: 6.10413e-07
eec: 2323.89
weight: 2.4987e-07
eec: 22.5983
weight: 5.0377e-06
eec: 278.702
weight: 9.25263e-06
eec: 468.574
weight: 6.22905e-07
eec: 515.345
weight: 0.00014348
eec: 35.08
weight: 0.000108476
eec: 524.47
weight: 1.98019e-05
eec: 848.348
weight: 1.65256e-05
eec: 829.28
weight: 3.22414e-05
eec: 3112.57
weight: 3.06952e-05
eec: 723.169
weight: 0.000104774
eec: 970.07
weight: 2.76034e-05
eec: 725.38
weight: 3.62477e-05
eec: 579.643
weight: 0.00060856
eec: 202.495
weight: 5.88272e-05
eec: 157.58
weight: 0.000800105
eec: 560.582
weight: 7.84516e-06
eec: 117.712
weight: 5.77452e-06
eec: 1731.24
weight: 2.37569e-06
eec: 392.712
weight: 6.26411e-06
eec: 777.1
weight: 5.64489e-05
eec: 1381.47
weight: 7.81369e-06
eec: 632.273
weight: 4.34691e-05
eec: 57.9879
weight: 1.4237e-05
eec: 2833.1
weight: 2.52697e-05
eec: 3638.62
weight: 1.48232e-05
eec: 947.981
weight: 2.40653e-06
eec: 552.706
weight: 0.000292471
eec: 390.743
weight: 1.37126e-05
eec: 112.031
weight: 4.29961e-05
eec: 1728.48
weight: 6.42243e-05
eec: 92.0778
weight: 7.8758e-05
eec: 256.68
weight: 0.000114667
eec: 1394.97
weight: 8.17328e-05
eec: 659.596
weight: 0.000155869
eec: 126.736
weight: 1.22602e-05
eec: 1022.58
weight: 6.69778e-05
eec: 313.325
weight: 3.4525e-05
eec: 351.026
weight: 1.32579e-05
eec: 1490.19
weight: 4.22055e-05
eec: 5.23832
weight: 2.43382e-05
eec: 34.3369
weight: 2.9661e-06
eec: 517.91
weight: 0.0001376
eec: 529.395
weight: 1.77329e-06
eec: 183.653
weight: 8.4676e-05
eec: 441.939
weight: 2.56188e-05
eec: 49.6303
weight: 5.50514e-06
eec: 1543.43
weight: 2.18335e-05
eec: 1434.81
weight: 7.22498e-07
eec: 919.912
weight: 1.04635e-05
eec: 761.444
weight: 6.97011e-05
eec: 782.864
weight: 2.32492e-05
eec: 1280.81
weight: 1.40284e-05
eec: 628.254
weight: 4.96016e-06
eec: 582.257
weight: 4.90202e-06
eec: 100.683
weight: 2.32054e-05
eec: 624.406
weight: 9.50045e-06
eec: 634.196
weight: 6.85985e-06
eec: 14.9293
weight: 5.40424e-08
eec: 105.281
weight: 1.30877e-05
eec: 818.344
weight: 1.39136e-05
eec: 2004.6
weight: 1.54907e-05
eec: 69.7099
weight: 1.13979e-05
eec: 1278.09
weight: 6.00877e-05
eec: 514.061
weight: 1.28477e-05
eec: 534.226
weight: 2.17495e-05
eec: 67.2078
weight: 3.83428e-05
eec: 345.299
weight: 1.22044e-05
eec: 297.054
weight: 8.36447e-06
eec: 62.1498
weight: 1.71438e-05
eec: 2998.82
weight: 2.75362e-05
eec: 186.175
weight: 6.40118e-07
eec: 1657.03
weight: 3.92093e-05
eec: 165.769
weight: 2.16127e-07
eec: 60.0487
weight: 2.81815e-05
eec: 822.361
weight: 1.8956e-05
eec: 102.834
weight: 1.12055e-05
eec: 537.683
weight: 2.81683e-05
eec: 1576.63
weight: 9.7162e-07
eec: 950.841
weight: 7.32498e-06
eec: 1389.19
weight: 2.25643e-05
eec: 96.6607
weight: 0.000373611
eec: 119.032
weight: 6.32683e-06
eec: 1594.03
weight: 1.01975e-05
eec: 1640.85
weight: 0.000170537
eec: 90.6488
weight: 6.13179e-05
eec: 498.063
weight: 5.48765e-05
eec: 142.695
weight: 1.72983e-07
eec: 144.327
weight: 4.68797e-05
eec: 1662.4
weight: 7.74552e-05
eec: 108.445
weight: 3.74465e-05
eec: 468.732
weight: 1.26637e-05
eec: 2480.56
weight: 2.2922e-05
eec: 489.786
weight: 3.41913e-05
eec: 3577.4
weight: 0.000279782
eec: 612.608
weight: 5.88723e-07
eec: 520.87
weight: 7.19811e-06
eec: 691.525
weight: 0.000282035
eec: 1042.66
weight: 1.25275e-05
eec: 2064.06
weight: 2.76748e-06
eec: 195.546
weight: 2.30476e-05
eec: 155.635
weight: 1.76081e-05
eec: 147.798
weight: 5.33294e-05
eec: 119.176
weight: 0.00011915
eec: 31.5741
weight: 1.66933e-05
eec: 645.713
weight: 1.29813e-05
eec: 973.583
weight: 5.71639e-05
eec: 54.1525
weight: 0.000270518
eec: 336.796
weight: 4.33089e-05
eec: 317.352
weight: 4.1271e-05
eec: 1505.21
weight: 9.2561e-05
eec: 55.801
weight: 6.22081e-06
eec: 576.413
weight: 4.3413e-05
eec: 311.483
weight: 7.26179e-05
eec: 125.102
weight: 0.000313634
eec: 626.881
weight: 1.59579e-05
eec: 982.034
weight: 3.90069e-05
eec: 29.1096
weight: 2.33131e-05
eec: 209.429
weight: 0.000293345
eec: 321.532
weight: 7.83402e-05
eec: 162.428
weight: 0.000119799
eec: 23.7993
weight: 4.12651e-05
eec: 1520.29
weight: 7.30456e-06
eec: 189.614
weight: 3.39932e-05
eec: 1030.49
weight: 6.99504e-05
eec: 575.744
weight: 4.11273e-05
eec: 608.001
weight: 1.30291e-07
eec: 218.028
weight: 4.79289e-05
eec: 626.339
weight: 8.10523e-06
eec: 440.766
weight: 0.000149864
eec: 367.106
weight: 1.86833e-05
eec: 470.653
weight: 1.73262e-06
eec: 2463.4
weight: 8.7099e-05
eec: 15.0818
weight: 9.77049e-06
eec: 236.128
weight: 1.37163e-05
eec: 1010.4
weight: 0.000218516
eec: 29.8055
weight: 4.86424e-06
eec: 225.085
weight: 1.25276e-05
eec: 833.329
weight: 0.00091891
eec: 435.357
weight: 5.89269e-05
eec: 94.9137
weight: 1.21583e-05
eec: 449.132
weight: 1.97451e-07
eec: 86.4029
weight: 0.000757709
eec: 209.999
weight: 1.35686e-05
eec: 577.055
weight: 2.30854e-06
eec: 638.508
weight: 2.30854e-06
eec: 235.415
weight: 3.29095e-05
eec: 57.0907
weight: 4.7412e-05
eec: 425.323
weight: 1.06119e-05
eec: 742.096
weight: 2.12117e-05
eec: 112.215
weight: 4.78514e-06
eec: 248.128
weight: 0.000148313
eec: 3357.56
weight: 4.48037e-05
eec: 591.32
weight: 6.2987e-06
eec: 5774.69
weight: 6.2987e-06
eec: 19.2433
weight: 4.0119e-06
eec: 262.156
weight: 9.28151e-05
eec: 44.0198
weight: 8.17322e-05
eec: 360.24
weight: 8.02225e-05
eec: 916.601
weight: 3.7313e-05
eec: 91.4756
weight: 5.11184e-05
eec: 32.4009
weight: 1.39066e-06
eec: 455.151
weight: 5.68229e-06
eec: 726.798
weight: 3.61293e-06
eec: 567.974
weight: 9.55191e-06
eec: 292.841
weight: 0.00225548
eec: 269.449
weight: 1.20749e-06
eec: 346.595
weight: 4.43507e-06
eec: 597.366
weight: 6.19587e-05
eec: 337.781
weight: 6.19587e-05
eec: 247.635
weight: 5.61324e-06
eec: 184.359
weight: 5.49737e-05
eec: 307.449
weight: 6.54694e-05
eec: 921.565
weight: 8.61921e-06
eec: 1473.99
weight: 9.46266e-06
eec: 122.638
weight: 1.96527e-05
eec: 40.4318
weight: 6.11123e-06
eec: 1798.49
weight: 4.52079e-05
eec: 106.918
weight: 4.83576e-05
eec: 51.2784
weight: 1.6964e-05
eec: 46.3217
weight: 0.000245564
eec: 112.281
weight: 1.18792e-05
eec: 265.666
weight: 8.31416e-06
eec: 336.205
weight: 0.000107198
eec: 102.164
weight: 7.25625e-05
eec: 477.605
weight: 3.0838e-05
eec: 112.658
weight: 2.86388e-05
eec: 525.828
weight: 1.1024e-05
eec: 1255.17
weight: 2.1442e-05
eec: 83.5252
weight: 4.46251e-05
eec: 143.545
Processing: 90.8333 %weight: 7.5245e-05
eec: 970.139
weight: 4.21275e-06
eec: 371.903
weight: 7.25257e-05
eec: 998.778
weight: 1.21603e-05
eec: 1813.29
weight: 2.32481e-06
eec: 145.81
weight: 6.55758e-06
eec: 1984.15
weight: 6.80975e-05
eec: 68.685
weight: 4.57159e-05
eec: 263.638
weight: 9.42614e-05
eec: 109.479
weight: 6.67812e-05
eec: 857.615
weight: 7.56454e-05
eec: 858.657
weight: 9.44935e-05
eec: 115.283
weight: 0.000116117
eec: 24.3714
weight: 6.0891e-05
eec: 462.085
weight: 9.27667e-06
eec: 1951.99
weight: 7.10855e-06
eec: 998.03
weight: 2.57247e-06
eec: 206.322
weight: 0.000670211
eec: 121.026
weight: 0.000165777
eec: 79.0503
weight: 3.76515e-05
eec: 1557.93
weight: 2.64559e-05
eec: 479.894
weight: 2.40154e-05
eec: 379.212
weight: 1.57334e-05
eec: 69.8358
weight: 0.000160032
eec: 1176.99
weight: 5.64017e-05
eec: 609.108
weight: 5.95207e-05
eec: 77.3833
weight: 9.07476e-05
eec: 618.901
weight: 6.73126e-06
eec: 196.487
weight: 2.64822e-06
eec: 633.512
weight: 8.42962e-05
eec: 210.824
weight: 1.12156e-05
eec: 2285.8
weight: 0.000626127
eec: 302.268
weight: 0.000652326
eec: 172.796
weight: 4.78419e-05
eec: 116.569
weight: 0.000101618
eec: 519.591
weight: 4.78944e-05
eec: 133.41
weight: 7.59276e-05
eec: 67.7538
weight: 5.22664e-07
eec: 1218.15
weight: 3.22041e-05
eec: 414.915
weight: 9.15409e-06
eec: 1440.91
weight: 4.81192e-05
eec: 288.014
weight: 1.85932e-05
eec: 506.602
weight: 2.48124e-05
eec: 2041.24

ROOT exit code = 0
