gSystem->Load("run_condor_job_Run3_C.so");
run_condor_job_Run3(738, 100, 2,
                    80, 200,
                    1, 1, 1, 7);
.q

ENTERED run_condor_job_Run3()
JOBID = 738
  global job = 738  Job 38/100  events [2163720, 2220660)  total=5694000
Processing events [2163720, 2220660) of 5694000
weight: 1.22159e-05
eec: 388.858
weight: 2.85297e-06
eec: 221.214
weight: 1.29641e-05
eec: 321.45
weight: 2.66241e-05
eec: 178.909
weight: 7.18468e-05
eec: 91.3996
weight: 0.00011471
eec: 174.506
weight: 6.82148e-05
eec: 126.526
weight: 3.89106e-06
eec: 420.915
weight: 1.63391e-05
eec: 499.652
weight: 2.35079e-05
eec: 1279.51
weight: 4.11565e-06
eec: 37.0129
weight: 5.66714e-05
eec: 265.07
weight: 7.2389e-06
eec: 13.266
weight: 5.77659e-05
eec: 507.613
weight: 6.86799e-06
eec: 353.464
weight: 1.58038e-05
eec: 90.3365
weight: 5.64943e-05
eec: 28.5823
weight: 1.29942e-05
eec: 66.4283
weight: 2.10459e-05
eec: 470.073
weight: 4.04913e-05
eec: 1235.85
weight: 1.32332e-05
eec: 119.378
weight: 5.69972e-06
eec: 481.194
weight: 0.000146069
eec: 134.519
weight: 1.94177e-05
eec: 1359.98
weight: 0.000139751
eec: 690.393
weight: 7.98238e-05
eec: 134.224
weight: 2.19189e-08
eec: 75.3194
weight: 1.44419e-05
eec: 384.071
weight: 9.78568e-06
eec: 623.731
weight: 1.71548e-07
eec: 269.98
weight: 5.05653e-05
eec: 431.736
weight: 5.46553e-06
eec: 164.999
weight: 2.59973e-05
eec: 269.7
weight: 3.83242e-06
eec: 859.134
weight: 2.70041e-05
eec: 394.841
weight: 8.30317e-06
eec: 150.321
weight: 2.7895e-07
eec: 1344.89
weight: 1.50205e-05
eec: 713.204
weight: 8.74642e-05
eec: 209.682
weight: 3.99427e-06
eec: 2084.65
weight: 2.29715e-05
eec: 303.713
weight: 2.62466e-06
eec: 853.399
weight: 6.43537e-06
eec: 820.8
weight: 1.5823e-05
eec: 1249.56
weight: 9.64409e-05
eec: 316.581
weight: 9.97375e-05
eec: 81.2006
weight: 9.26695e-08
eec: 191.775
weight: 4.65399e-05
eec: 639.173
weight: 2.54443e-05
eec: 2923.82
weight: 1.80072e-07
eec: 94.1398
weight: 1.71494e-05
eec: 254.028
weight: 0.000273909
eec: 385.302
weight: 1.04061e-05
eec: 79.0969
weight: 6.23277e-05
eec: 1293.63
weight: 0.000113601
eec: 468.967
weight: 2.04081e-05
eec: 988.528
weight: 1.06836e-05
eec: 993.989
weight: 0.000226652
eec: 159.063
weight: 5.6289e-05
eec: 88.1011
weight: 1.14732e-05
eec: 218.06
weight: 2.39116e-05
eec: 404.59
weight: 0.000132816
eec: 1367.76
weight: 0.000204645
eec: 393.319
weight: 7.73257e-05
eec: 317.557
weight: 5.55451e-05
eec: 92.8093
weight: 8.95173e-06
eec: 403.454
weight: 8.17214e-06
eec: 731.754
weight: 7.54717e-05
eec: 249.358
weight: 0.000321195
eec: 965.345
weight: 5.49331e-05
eec: 95.9079
weight: 5.32879e-06
eec: 52.7912
weight: 2.06039e-06
eec: 730.432
weight: 1.16164e-05
eec: 639.582
weight: 4.02038e-07
eec: 39.4484
weight: 2.22378e-05
eec: 434.11
weight: 0.000306997
eec: 468.363
weight: 0.000234563
eec: 72.3654
weight: 0.000705735
eec: 124.938
weight: 0.000278699
eec: 1065.71
weight: 3.74583e-05
eec: 1701
weight: 4.29363e-06
eec: 1242.9
weight: 0.000219202
eec: 469.724
weight: 4.44277e-06
eec: 594.769
weight: 8.00616e-05
eec: 24.5138
weight: 0.000149219
eec: 36.1753
weight: 0.00139662
eec: 611.436
weight: 7.50775e-05
eec: 201.312
weight: 1.1573e-06
eec: 93.2367
weight: 1.9964e-05
eec: 54.4608
weight: 0.000132576
eec: 51.4649
weight: 5.84525e-05
eec: 27.4511
weight: 6.82482e-06
eec: 1776.78
weight: 0.000404347
eec: 1188.49
weight: 1.25441e-05
eec: 607.948
weight: 8.12466e-05
eec: 312.868
weight: 5.1819e-05
eec: 172.184
weight: 1.02569e-08
eec: 1065.85
weight: 1.73564e-05
eec: 709.369
weight: 1.92331e-05
eec: 1126.3
weight: 5.03197e-05
eec: 199.093
weight: 2.56359e-05
eec: 819.862
weight: 1.38884e-05
eec: 434.118
weight: 1.27518e-05
eec: 397.895
weight: 8.05171e-05
eec: 343.125
weight: 6.46255e-06
eec: 200.861
weight: 0.000214469
eec: 168.652
weight: 8.63214e-05
eec: 604.132
weight: 9.58464e-05
eec: 57.0312
weight: 1.80573e-05
eec: 649.967
weight: 0.000416002
eec: 431.146
weight: 0.000161947
eec: 359.304
weight: 9.94212e-05
eec: 1313.55
weight: 1.84327e-08
eec: 515.7
weight: 0.000650674
eec: 261.761
weight: 2.35535e-05
eec: 184.044
weight: 0.000334029
eec: 98.5081
weight: 3.95636e-06
eec: 395.988
weight: 1.29009e-05
eec: 55.231
weight: 7.13495e-06
eec: 187.32
weight: 1.48228e-05
eec: 347.517
weight: 1.52793e-05
eec: 369.75
weight: 2.79525e-05
eec: 118.986
weight: 6.34753e-06
eec: 341.651
weight: 0.000422757
eec: 272.996
weight: 0.000104845
eec: 313.045
weight: 6.64997e-05
eec: 263.54
weight: 0.000582944
eec: 835.643
weight: 9.30091e-06
eec: 170.453
weight: 1.89138e-05
eec: 70.4185
weight: 0.000526091
eec: 622.694
weight: 3.1891e-05
eec: 1800.18
weight: 3.62107e-05
eec: 317.781
weight: 6.40598e-05
eec: 285.811
weight: 0.000248178
eec: 102.777
weight: 0.00125725
eec: 41.2144
weight: 2.00925e-05
eec: 815.447
weight: 9.21122e-05
eec: 59.9432
weight: 4.03656e-05
eec: 996.573
weight: 0.000287564
eec: 150.035
weight: 4.42349e-05
eec: 1119.63
weight: 1.63335e-05
eec: 1471
weight: 8.47193e-06
eec: 84.1278
weight: 2.13055e-05
eec: 783.779
weight: 6.24337e-05
eec: 122.819
weight: 4.15174e-05
eec: 614.991
weight: 1.16279e-05
eec: 300.131
weight: 9.14159e-06
eec: 3844.17
weight: 0.000221965
eec: 129.943
weight: 8.41427e-06
eec: 1041.47
weight: 7.49839e-05
eec: 168.976
weight: 4.50352e-05
eec: 453.631
weight: 9.62076e-05
eec: 592.979
weight: 0.000103308
eec: 143.481
weight: 6.76201e-05
eec: 77.3341
weight: 0.000240745
eec: 435.531
weight: 0.000204308
eec: 749.195
weight: 4.95665e-07
eec: 55.1776
weight: 0.00131191
eec: 262.934
weight: 4.62594e-05
eec: 862.028
weight: 0.000174872
eec: 330.056
weight: 0.00011911
eec: 405.693
weight: 2.66672e-05
eec: 120.504
weight: 5.79948e-05
eec: 169.217
weight: 6.10835e-07
eec: 136.138
weight: 0.000167128
eec: 307.329
weight: 4.03548e-05
eec: 2430.78
weight: 4.85138e-06
eec: 284.295
weight: 1.11783e-05
eec: 31.6083
weight: 0.00014284
eec: 23.4961
weight: 1.36199e-05
eec: 489.986
weight: 1.39658e-05
eec: 35.5283
weight: 0.000469512
eec: 473.77
weight: 9.98206e-05
eec: 131.004
weight: 1.41967e-05
eec: 333.121
weight: 0.00031327
eec: 8.1295
Processing: 38.6372 %weight: 4.22398e-06
eec: 111.188
weight: 2.56413e-06
eec: 71.5742
weight: 6.43638e-05
eec: 408.151
weight: 6.40666e-05
eec: 79.2036
weight: 0.003222
eec: 295.123
weight: 1.80797e-05
eec: 82.1777
weight: 1.10507e-05
eec: 883.036
weight: 0.000167678
eec: 235.915
weight: 4.46216e-05
eec: 95.3424
weight: 7.84102e-05
eec: 524.048
weight: 2.1895e-06
eec: 182.864
weight: 0.000123665
eec: 143.058
weight: 6.99948e-05
eec: 106.647
weight: 2.21085e-05
eec: 94.3389
weight: 3.97011e-05
eec: 1454.97
weight: 2.12564e-05
eec: 238.839
weight: 6.51893e-08
eec: 206.286
weight: 2.08394e-06
eec: 244.22
weight: 0.000107988
eec: 73.5593
weight: 2.95629e-05
eec: 162.997
weight: 1.60097e-06
eec: 476.801
weight: 1.63664e-06
eec: 479.271
weight: 0.000264459
eec: 270.089
weight: 4.93485e-06
eec: 297.75
weight: 0.000238459
eec: 29.7803
weight: 2.53435e-05
eec: 83.74
weight: 2.04847e-05
eec: 249.302
weight: 0.000541387
eec: 288.167
weight: 7.00251e-05
eec: 89.019
weight: 0.000113537
eec: 1090.28
weight: 3.22033e-05
eec: 136.77
weight: 0.00012825
eec: 27.6807
weight: 7.55937e-06
eec: 451.435
weight: 0.00033728
eec: 500.111
weight: 1.59622e-06
eec: 153.708
weight: 2.54231e-05
eec: 529.258
weight: 0.000112526
eec: 89.6533
weight: 2.46215e-05
eec: 342.555
weight: 4.2237e-05
eec: 476.348
weight: 0.000227259
eec: 370.257
weight: 6.79192e-06
eec: 257.565
weight: 6.79192e-06
eec: 1012.29
weight: 1.30352e-05
eec: 432.493
weight: 0.000297198
eec: 356.636
weight: 1.04533e-06
eec: 1051.9
weight: 6.54628e-05
eec: 1115.66
weight: 4.57456e-05
eec: 2071.7
weight: 8.90452e-05
eec: 66.8052
weight: 0.000328708
eec: 232.176
weight: 4.63236e-06
eec: 1228.82
weight: 8.92513e-05
eec: 699.322
weight: 8.92513e-05
eec: 317.119
weight: 1.76923e-06
eec: 58.9808
weight: 2.61362e-05
eec: 1044.61
weight: 0.000148363
eec: 240.377
weight: 6.5876e-05
eec: 95.6176
weight: 1.91641e-05
eec: 1115.87
weight: 3.83871e-05
eec: 602.836
weight: 0.00095182
eec: 394.701
weight: 8.38076e-05
eec: 282.724
weight: 2.23816e-07
eec: 62.4329
weight: 2.64834e-05
eec: 936.705
weight: 0.000604174
eec: 71.3464
weight: 2.31688e-05
eec: 345.038
weight: 3.14111e-05
eec: 1568.75
weight: 2.30625e-05
eec: 1594.77
weight: 0.000284805
eec: 248.719
weight: 5.01418e-05
eec: 865.311
weight: 0.000558236
eec: 144.021
weight: 8.16018e-06
eec: 893.435
weight: 2.38552e-06
eec: 741.305
weight: 7.60788e-06
eec: 277.877
weight: 1.22087e-05
eec: 2222.17
weight: 1.95046e-05
eec: 1154.16
weight: 1.92877e-06
eec: 1078.97
weight: 4.29965e-05
eec: 96.9835
weight: 7.2036e-09
eec: 20.5052
weight: 2.39808e-05
eec: 298.91
weight: 1.4009e-05
eec: 709.317
weight: 1.28345e-05
eec: 28.2939
weight: 0.000112249
eec: 404.165
weight: 3.70705e-05
eec: 91.1597
weight: 7.84038e-06
eec: 915.91
weight: 5.40035e-05
eec: 757.63
weight: 4.62241e-05
eec: 290.882
weight: 5.64599e-05
eec: 326.076

ROOT exit code = 0
