gSystem->Load("run_condor_job_Run3_C.so");
run_condor_job_Run3(853, 100, 2,
                    80, 200,
                    1, 1, 1, 8);
.q

ENTERED run_condor_job_Run3()
JOBID = 853
  global job = 853  Job 53/100  events [3180000, 3240000)  total=6000000
Processing events [3180000, 3240000) of 6000000
weight: 2.71459e-07
eec: 760.857
weight: 2.97939e-06
eec: 92.8358
weight: 0.000125406
eec: 715.498
weight: 4.37866e-06
eec: 2415.4
weight: 0.000201882
eec: 40.4859
weight: 9.35716e-05
eec: 717.265
weight: 0.000192365
eec: 46.5608
weight: 1.8651e-05
eec: 109.734
weight: 7.76704e-05
eec: 316.501
weight: 7.87464e-06
eec: 1025.82
weight: 7.50461e-06
eec: 905.915
weight: 1.71722e-05
eec: 1437.85
weight: 6.11128e-05
eec: 170.594
weight: 2.38797e-05
eec: 42.4082
weight: 0.000509186
eec: 863.377
weight: 3.98793e-06
eec: 647.477
weight: 1.72536e-05
eec: 60.4953
weight: 2.13632e-05
eec: 1126.8
weight: 5.03639e-06
eec: 717.355
weight: 5.93199e-07
eec: 126.581
weight: 2.17181e-06
eec: 164.295
weight: 2.08225e-05
eec: 55.1897
weight: 0.000269812
eec: 78.8413
weight: 1.60589e-05
eec: 2868.33
weight: 3.09899e-05
eec: 380.594
weight: 3.60579e-07
eec: 306.67
weight: 0.000159012
eec: 98.3027
weight: 1.57851e-05
eec: 274.219
weight: 0.000599963
eec: 808.65
weight: 8.14333e-05
eec: 439
weight: 4.99831e-06
eec: 1447.54
weight: 5.53334e-05
eec: 458.016
weight: 3.18189e-05
eec: 244.557
weight: 1.5259e-05
eec: 2104.78
weight: 2.40075e-05
eec: 646.304
weight: 9.36741e-05
eec: 688.682
weight: 4.32623e-05
eec: 186.048
weight: 0.000179456
eec: 153.638
weight: 3.33615e-05
eec: 2103.36
weight: 0.000236936
eec: 321.163
weight: 5.15061e-05
eec: 995.001
weight: 1.01283e-05
eec: 2771.93
weight: 9.069e-06
eec: 167.948
weight: 1.55328e-05
eec: 90.1632
weight: 0.000106888
eec: 30.5135
weight: 0.000265355
eec: 342.257
weight: 1.07135e-06
eec: 1693.86
weight: 4.95472e-08
eec: 424.673
weight: 0.00020089
eec: 105.755
weight: 1.03859e-05
eec: 717.001
weight: 0.00041993
eec: 573.244
weight: 2.13725e-06
eec: 178.458
weight: 9.76265e-06
eec: 356.378
weight: 1.22307e-05
eec: 1013.38
weight: 0.000382921
eec: 522.035
weight: 4.4928e-05
eec: 175.886
weight: 0.000172853
eec: 311.447
weight: 0.000329281
eec: 64.6767
weight: 1.79096e-05
eec: 282.936
weight: 9.5084e-07
eec: 397.622
weight: 3.73876e-05
eec: 352.385
weight: 1.00866e-06
eec: 219.337
weight: 9.68683e-06
eec: 3054.3
weight: 3.10219e-05
eec: 587.9
weight: 4.65261e-07
eec: 309.94
weight: 5.75423e-06
eec: 479.276
weight: 1.34511e-07
eec: 443.757
weight: 3.05042e-06
eec: 2047.15
weight: 1.81181e-05
eec: 4354.42
weight: 2.19236e-06
eec: 882.361
weight: 7.6964e-05
eec: 853.571
weight: 1.10257e-05
eec: 721.449
weight: 0.000270603
eec: 157.113
weight: 1.15812e-08
eec: 456.596
weight: 0.000396591
eec: 107.849
Processing: 53.3333 %weight: 5.80248e-06
eec: 1659.36
weight: 2.95427e-05
eec: 1940.86
weight: 3.28518e-05
eec: 23.475
weight: 3.69001e-05
eec: 91.1392
weight: 7.85387e-06
eec: 506.551
weight: 0.000116841
eec: 1149.19
weight: 0.000373598
eec: 526.965
weight: 7.52806e-05
eec: 274.834
weight: 1.58833e-05
eec: 155.018
weight: 4.29683e-07
eec: 375.641
weight: 7.83162e-05
eec: 976.487
weight: 2.58393e-05
eec: 300.573
weight: 0.000668315
eec: 486.802
weight: 2.20522e-05
eec: 258.262
weight: 2.38219e-06
eec: 869.362
weight: 2.90252e-06
eec: 1053.32
weight: 9.45602e-06
eec: 346.223
weight: 3.79607e-05
eec: 393.993
weight: 4.93973e-06
eec: 1073.33
weight: 8.225e-06
eec: 1707.22
weight: 1.52606e-05
eec: 746.174
weight: 2.64463e-06
eec: 1130.79
weight: 1.13416e-05
eec: 1587
weight: 1.63811e-07
eec: 1634.12
weight: 5.09297e-06
eec: 67.7903
weight: 6.45354e-05
eec: 297.127
weight: 5.40468e-05
eec: 248.601
weight: 7.26392e-05
eec: 340.536
weight: 1.47172e-05
eec: 615.356
weight: 0.000138907
eec: 385.156
weight: 2.78377e-06
eec: 1052.9
weight: 3.63987e-05
eec: 413.67
weight: 0.000194637
eec: 512.988
weight: 4.06302e-05
eec: 265.492
weight: 2.98527e-05
eec: 1126.99
weight: 7.79167e-06
eec: 25.53
weight: 2.50491e-05
eec: 415.368
weight: 4.06719e-08
eec: 283.341
weight: 8.92224e-05
eec: 66.139
weight: 5.89524e-05
eec: 256.898
weight: 9.46775e-06
eec: 402.032
weight: 0.000388149
eec: 677.193
weight: 8.0354e-05
eec: 329.068
weight: 3.31743e-06
eec: 2865.36
weight: 0.000204334
eec: 803.74
weight: 6.22785e-06
eec: 679.445
weight: 6.17724e-05
eec: 568.056
weight: 0.000407781
eec: 126.916
weight: 9.89746e-05
eec: 806.741
weight: 0.000104603
eec: 328.698
weight: 1.5612e-08
eec: 814.88
weight: 2.82723e-05
eec: 179.779
weight: 1.31845e-05
eec: 119.781
weight: 5.23242e-05
eec: 704.852
weight: 0.000444753
eec: 39.205
weight: 7.38551e-05
eec: 431.616
weight: 4.24703e-05
eec: 342.565
weight: 1.36076e-05
eec: 1168.58
weight: 4.14054e-05
eec: 218.618
weight: 4.78465e-05
eec: 250.489
weight: 0.000299796
eec: 35.1697
weight: 0.000148327
eec: 86.2597
weight: 4.9609e-07
eec: 1402.7
weight: 3.18312e-06
eec: 341.747
weight: 0.000114279
eec: 483.559
weight: 5.30571e-06
eec: 627.075
weight: 1.41111e-05
eec: 248.055
weight: 9.15046e-05
eec: 1476.26
weight: 6.63022e-05
eec: 1033.27
weight: 2.1733e-05
eec: 949.357
weight: 8.20779e-05
eec: 96.4719
weight: 1.55805e-05
eec: 240.562
weight: 4.97083e-05
eec: 233.408
weight: 0.000113048
eec: 68.0429
weight: 0.000174153
eec: 12.999
weight: 2.31689e-05
eec: 835.169
weight: 3.19669e-05
eec: 103.221
weight: 9.92272e-06
eec: 160.606
weight: 4.07733e-06
eec: 357.712
weight: 0.000173882
eec: 788.827
weight: 3.86745e-05
eec: 3710.33
weight: 3.30236e-05
eec: 307.667
weight: 0.000449824
eec: 201.832
weight: 2.9794e-05
eec: 812.054
weight: 0.000182966
eec: 364.951
weight: 3.57195e-05
eec: 90.251
weight: 1.35569e-06
eec: 1460.33
weight: 1.78605e-06
eec: 1331.92
weight: 3.00663e-06
eec: 472.227
weight: 2.07847e-05
eec: 181.427
weight: 3.00111e-05
eec: 364.882
weight: 9.51198e-06
eec: 1629.57
weight: 2.20511e-07
eec: 179.006
weight: 4.882e-06
eec: 1265.6
weight: 1.95724e-06
eec: 1511.58
weight: 0.000148266
eec: 263.224
weight: 9.82423e-06
eec: 2549.88
weight: 3.76768e-07
eec: 808.965
weight: 8.90496e-06
eec: 1371.58
weight: 0.000523854
eec: 389.635
weight: 1.6461e-07
eec: 237.85
weight: 1.37624e-05
eec: 1348.7
weight: 4.55632e-05
eec: 159.94
weight: 1.12111e-05
eec: 2101.96
weight: 7.8675e-06
eec: 4851.49
weight: 1.9708e-05
eec: 598.558
weight: 9.58851e-06
eec: 5233.26
weight: 3.23437e-05
eec: 49.083
weight: 6.33904e-05
eec: 128.606
weight: 0.000134227
eec: 70.029
weight: 4.36274e-06
eec: 718.587
weight: 5.48142e-05
eec: 60.821
weight: 2.18265e-07
eec: 510.694
weight: 3.3116e-05
eec: 389.037
weight: 2.40115e-05
eec: 113.02
weight: 0.00083379
eec: 1275.63
weight: 5.25073e-05
eec: 190.982
weight: 3.63566e-05
eec: 2076.46
weight: 5.03232e-06
eec: 543.709
weight: 0.000210219
eec: 906.667
weight: 3.83065e-05
eec: 258.428
weight: 2.05408e-05
eec: 118.199
weight: 7.76157e-05
eec: 639.106
weight: 1.3759e-06
eec: 1361
weight: 0.000269172
eec: 57.3876
weight: 5.49984e-06
eec: 279.307
weight: 3.37748e-06
eec: 4259.64
weight: 4.10778e-05
eec: 16.135
weight: 0.000409827
eec: 168.701
weight: 2.93238e-06
eec: 822.806
weight: 1.34457e-06
eec: 927.693
weight: 2.18762e-05
eec: 300.762
weight: 7.15253e-06
eec: 343.11
weight: 1.65426e-05
eec: 605.069
weight: 6.39968e-05
eec: 1637.26
weight: 6.53374e-07
eec: 755.075
weight: 4.54769e-05
eec: 164.763
weight: 1.33044e-06
eec: 145.812
weight: 3.61635e-06
eec: 726.625
weight: 2.32309e-06
eec: 693.396
weight: 1.82101e-05
eec: 470.417
weight: 9.02395e-06
eec: 678.289
weight: 2.50539e-06
eec: 3037.97
weight: 0.000289642
eec: 185.925
weight: 3.75437e-05
eec: 538.265
weight: 3.89551e-05
eec: 1491.14
weight: 1.80638e-05
eec: 3446.94
weight: 2.75476e-05
eec: 641.663
weight: 6.22627e-05
eec: 900.417
weight: 0.000292566
eec: 715.507
weight: 0.000103351
eec: 837.149
weight: 9.45492e-06
eec: 656.034
weight: 2.34702e-05
eec: 687.329
weight: 8.85648e-06
eec: 553.902
weight: 1.32468e-05
eec: 439.56
weight: 1.49336e-05
eec: 647.832
weight: 9.73055e-06
eec: 2539.59
weight: 9.57026e-05
eec: 442.475
weight: 2.96098e-05
eec: 64.243
weight: 0.000360935
eec: 268.181
weight: 0.00062801
eec: 38.8454
weight: 8.14223e-06
eec: 22.7286
weight: 3.83037e-05
eec: 1350.1
weight: 4.05295e-05
eec: 416.906
weight: 2.92733e-05
eec: 860.993
weight: 1.8185e-05
eec: 104.372
weight: 0.000348651
eec: 117.177
weight: 5.01236e-05
eec: 624.293
weight: 9.27772e-05
eec: 423.339
weight: 1.3777e-05
eec: 92.7359
weight: 6.21076e-06
eec: 47.5559
weight: 2.41862e-05
eec: 184.691
weight: 8.9507e-05
eec: 421.885
weight: 0.000110515
eec: 497.097
weight: 0.000110515
eec: 369.704

ROOT exit code = 0
