gSystem->Load("run_condor_job_Run3_C.so");
run_condor_job_Run3(668, 100, 2,
                    80, 200,
                    1, 1, 1, 6);
.q

ENTERED run_condor_job_Run3()
JOBID = 668
  global job = 668  Job 68/100  events [4010640, 4069620)  total=5898000
Processing events [4010640, 4069620) of 5898000
weight: 1.64363e-05
eec: 1587.38
weight: 0.00114076
eec: 269.971
weight: 7.04309e-06
eec: 1040.86
weight: 1.75517e-07
eec: 1112.09
weight: 8.5459e-06
eec: 473.836
weight: 0.000106853
eec: 188.448
weight: 1.85019e-05
eec: 954.529
weight: 0.000234585
eec: 46.6324
weight: 1.96795e-05
eec: 594.897
weight: 1.04121e-05
eec: 598.725
weight: 6.19341e-05
eec: 1217.43
weight: 2.3029e-05
eec: 2456.62
weight: 0.00017901
eec: 690.262
weight: 3.0474e-05
eec: 81.8189
weight: 9.49526e-08
eec: 93.7048
weight: 6.84064e-07
eec: 1280.05
weight: 6.84064e-07
eec: 1894.78
weight: 0.000342242
eec: 186.126
weight: 4.54725e-06
eec: 300.079
weight: 3.2289e-06
eec: 1652.86
weight: 4.75012e-05
eec: 795.053
weight: 1.14009e-05
eec: 226.379
weight: 4.16046e-06
eec: 262.266
weight: 1.67537e-06
eec: 906.579
weight: 2.95056e-05
eec: 208.658
weight: 1.59113e-05
eec: 428.912
weight: 0.000309187
eec: 120.323
weight: 2.67105e-06
eec: 243.208
weight: 4.72503e-05
eec: 445.787
weight: 1.45206e-05
eec: 342.732
weight: 1.18142e-05
eec: 355.797
weight: 8.13398e-06
eec: 3452.14
weight: 1.96158e-05
eec: 581.292
weight: 1.0843e-05
eec: 111.938
weight: 1.40588e-05
eec: 263.909
weight: 6.09863e-05
eec: 56.0266
weight: 1.1084e-05
eec: 2266.47
weight: 0.000274558
eec: 244.639
weight: 5.06295e-05
eec: 936.255
weight: 2.35282e-05
eec: 620.01
weight: 2.53028e-05
eec: 252.233
weight: 0.00116984
eec: 440.775
weight: 4.30443e-06
eec: 835.362
weight: 2.73518e-05
eec: 369.255
weight: 1.50587e-05
eec: 514.254
weight: 1.71743e-06
eec: 439.036
weight: 8.82756e-06
eec: 395.923
weight: 6.49649e-06
eec: 235.428
weight: 0.000111367
eec: 507.36
weight: 5.2163e-06
eec: 737.001
weight: 4.73067e-07
eec: 345.794
weight: 9.89642e-06
eec: 502.173
weight: 9.01355e-06
eec: 1459.71
weight: 1.25958e-05
eec: 3550.44
weight: 1.03214e-05
eec: 217.561
weight: 9.14495e-06
eec: 213.863
weight: 2.96743e-08
eec: 255.451
weight: 4.14117e-05
eec: 912.824
weight: 3.88211e-05
eec: 2650.61
weight: 5.44044e-05
eec: 367.339
weight: 1.03272e-05
eec: 400.432
weight: 6.4249e-05
eec: 689.332
weight: 1.464e-05
eec: 268.165
weight: 6.90172e-06
eec: 710.451
weight: 7.92691e-05
eec: 235.689
weight: 5.18911e-05
eec: 959.058
weight: 5.95426e-05
eec: 777.671
weight: 6.88877e-05
eec: 449.606
weight: 1.74094e-06
eec: 469.104
weight: 2.27433e-06
eec: 281.634
weight: 5.16513e-06
eec: 3773.3
weight: 0.000268393
eec: 438.422
weight: 1.5229e-05
eec: 1008.71
weight: 2.9644e-05
eec: 3253.24
weight: 0.000880011
eec: 245.189
weight: 1.05463e-05
eec: 913.237
weight: 2.60231e-06
eec: 1155.67
weight: 1.92562e-05
eec: 739.964
weight: 0.000453119
eec: 237.389
weight: 0.000159736
eec: 1846.38
weight: 0.000108617
eec: 472.004
weight: 6.80427e-06
eec: 901.94
weight: 0.000184289
eec: 376.935
weight: 2.58146e-05
eec: 30.8572
weight: 3.1096e-06
eec: 260.369
weight: 5.17159e-06
eec: 48.8755
weight: 3.23554e-05
eec: 893.591
weight: 4.32167e-07
eec: 619.464
weight: 8.77903e-05
eec: 83.5572
weight: 0.00032313
eec: 198.461
weight: 0.000125818
eec: 101.46
weight: 0.000418295
eec: 102.875
weight: 0.000368919
eec: 624.234
weight: 8.61246e-06
eec: 499.525
weight: 2.68746e-06
eec: 1743.72
weight: 4.9342e-08
eec: 377.952
weight: 4.52336e-06
eec: 67.1944
weight: 6.8835e-05
eec: 314.338
weight: 0.000681904
eec: 709.477
weight: 1.8124e-05
eec: 146.914
weight: 2.78454e-05
eec: 29.797
weight: 2.87887e-06
eec: 51.2562
weight: 0.000422106
eec: 1777.23
weight: 8.54423e-05
eec: 490.549
weight: 7.79469e-05
eec: 767.884
weight: 2.88749e-05
eec: 823.983
weight: 1.15836e-08
eec: 317.798
weight: 7.71871e-06
eec: 135.454
weight: 1.30139e-05
eec: 179.851
weight: 0.00010814
eec: 1265.44
weight: 3.51013e-05
eec: 29.6045
weight: 5.04982e-05
eec: 385.443
weight: 0.000297179
eec: 158.025
weight: 1.06826e-05
eec: 1525.96
weight: 6.49138e-07
eec: 153.568
weight: 0.000149106
eec: 24.4764
weight: 2.58709e-05
eec: 2983.25
weight: 6.04642e-06
eec: 759.823
weight: 9.77463e-05
eec: 195.981
weight: 0.000134321
eec: 1078.83
weight: 8.3919e-06
eec: 47.1953
weight: 2.02767e-05
eec: 476.503
weight: 0.000554897
eec: 579.926
weight: 8.91578e-05
eec: 744.388
weight: 0.000154359
eec: 401.988
weight: 7.54668e-06
eec: 357.654
weight: 8.36506e-06
eec: 935.624
weight: 7.25674e-05
eec: 24.5592
weight: 9.3137e-07
eec: 95.0885
weight: 0.000362274
eec: 356.727
weight: 0.0002369
eec: 227.156
weight: 0.000417566
eec: 919.24
weight: 2.10576e-05
eec: 847.38
weight: 2.77133e-05
eec: 32.7391
weight: 1.54187e-05
eec: 747.62
weight: 0.000232014
eec: 646.187
weight: 7.04234e-07
eec: 3478.93
weight: 0.00246157
eec: 712.08
weight: 2.98199e-05
eec: 241.083
Processing: 68.6673 %weight: 1.66108e-05
eec: 106.514
weight: 7.64977e-06
eec: 368.042
weight: 8.05138e-05
eec: 183.616
weight: 2.7394e-05
eec: 41.4966
weight: 8.76728e-05
eec: 737.529
weight: 4.73447e-05
eec: 373.697
weight: 9.09399e-06
eec: 315.861
weight: 3.29294e-05
eec: 75.1277
weight: 5.3117e-05
eec: 709.871
weight: 2.1568e-07
eec: 16.8289
weight: 1.4419e-06
eec: 1256.44
weight: 6.61186e-06
eec: 1269.37
weight: 3.75451e-05
eec: 28.2709
weight: 0.00022575
eec: 255.942
weight: 0.000295895
eec: 311.026
weight: 5.31614e-05
eec: 42.0375
weight: 6.31058e-06
eec: 246.68
weight: 4.46792e-05
eec: 53.9828
weight: 0.000367367
eec: 834.279
weight: 1.52529e-07
eec: 8.44314
weight: 1.22327e-05
eec: 43.3943
weight: 0.000153527
eec: 176.025
weight: 2.75564e-05
eec: 24.4002
weight: 5.58862e-05
eec: 127.329
weight: 0.000198333
eec: 66.8766
weight: 2.09488e-06
eec: 562.163
weight: 7.24817e-07
eec: 246.469
weight: 7.62017e-07
eec: 42.4019
weight: 1.68819e-05
eec: 1309.39
weight: 8.53569e-05
eec: 585.896
weight: 2.16084e-05
eec: 1189.73
weight: 2.16084e-05
eec: 1127.48
weight: 2.4889e-06
eec: 1560.16
weight: 2.07856e-05
eec: 226.554
weight: 3.38092e-05
eec: 63.9269
weight: 4.11678e-05
eec: 979.59
weight: 2.16234e-07
eec: 583.533
weight: 0.00017518
eec: 958.965
weight: 5.19003e-06
eec: 278.729
weight: 1.87332e-06
eec: 1151.32
weight: 0.000793192
eec: 505.675
weight: 3.72546e-06
eec: 259.784
weight: 3.78937e-06
eec: 1782.38
weight: 4.09044e-06
eec: 2475.21
weight: 2.81795e-05
eec: 79.6795
weight: 8.98116e-06
eec: 184.438
weight: 4.02094e-07
eec: 287.248
weight: 0.000154065
eec: 357.242
weight: 4.56967e-06
eec: 768.137
weight: 5.75863e-05
eec: 661.156
weight: 2.96052e-06
eec: 271.96
weight: 2.20548e-05
eec: 1796.15
weight: 7.83726e-06
eec: 600.926
weight: 1.14191e-05
eec: 248.273
weight: 0.000699864
eec: 351.82
weight: 0.0002167
eec: 243.045
weight: 5.95763e-05
eec: 456.131
weight: 1.76345e-05
eec: 2204.87
weight: 1.51189e-05
eec: 794.871
weight: 1.53191e-05
eec: 340.178
weight: 9.34616e-06
eec: 132.636
weight: 7.26378e-06
eec: 56.9218
weight: 0.000154215
eec: 601.704
weight: 4.41635e-06
eec: 2773.71
weight: 2.43732e-05
eec: 159.427
weight: 0.000171411
eec: 47.9846
weight: 2.01267e-05
eec: 74.0405
weight: 2.23287e-05
eec: 48.9536
weight: 0.000198432
eec: 637.688
weight: 3.14091e-07
eec: 433.977
weight: 8.3015e-06
eec: 1407.83
weight: 4.24655e-07
eec: 126.194
weight: 9.00792e-05
eec: 171.003
weight: 5.52721e-06
eec: 295.976
weight: 4.02219e-06
eec: 73.6817
weight: 0.000110273
eec: 801.483
weight: 6.15966e-06
eec: 367.702
weight: 0.000136176
eec: 253.578
weight: 2.55706e-06
eec: 1196.2
weight: 0.000114054
eec: 350.718
weight: 2.14035e-05
eec: 1797.28
weight: 4.71139e-05
eec: 333.643

ROOT exit code = 0
