gSystem->Load("run_condor_job_Run3_C.so");
run_condor_job_Run3(931, 100, 2,
                    80, 200,
                    1, 1, 1, 9);
.q

ENTERED run_condor_job_Run3()
JOBID = 931
  global job = 931  Job 31/100  events [1843260, 1902720)  total=5946000
Processing events [1843260, 1902720) of 5946000
weight: 2.16013e-05
eec: 780.756
weight: 4.63135e-05
eec: 121.34
weight: 2.03138e-05
eec: 1863.61
weight: 0.000386337
eec: 181.759
weight: 6.27031e-06
eec: 147.611
weight: 1.69766e-05
eec: 33.8878
weight: 0.000178276
eec: 378.792
weight: 2.48587e-05
eec: 709.316
weight: 4.11676e-05
eec: 1191.26
weight: 1.15449e-05
eec: 122.416
weight: 6.24529e-05
eec: 1020.23
weight: 0.000537253
eec: 274.031
weight: 0.000255691
eec: 1308.91
weight: 2.29537e-06
eec: 150.124
weight: 1.21735e-07
eec: 177.09
weight: 5.21559e-06
eec: 822.019
weight: 0.000215107
eec: 110.289
weight: 6.81558e-05
eec: 219.613
weight: 0.000118353
eec: 828.79
Processing: 31.1134 %weight: 8.31891e-05
eec: 96.0868
weight: 8.24831e-06
eec: 46.2603
weight: 7.89091e-05
eec: 172.74
weight: 9.75755e-05
eec: 68.604
weight: 0.000170038
eec: 240.324
weight: 0.000188955
eec: 1001.99
weight: 1.82989e-05
eec: 113.921
weight: 8.53864e-05
eec: 12.7797
weight: 2.42024e-07
eec: 1109.2
weight: 0.000166953
eec: 174.57
weight: 0.000442208
eec: 222.685
weight: 1.6946e-05
eec: 447.623
weight: 0.00014531
eec: 1127.57
weight: 1.50109e-07
eec: 248.698
weight: 2.89236e-05
eec: 520.972
weight: 1.039e-05
eec: 215.545
weight: 6.18779e-05
eec: 862.07
weight: 0.000828075
eec: 55.7832
weight: 1.67129e-05
eec: 37.3322
weight: 1.79957e-05
eec: 1510
weight: 2.26811e-05
eec: 571.485
weight: 4.56331e-06
eec: 1515.14
weight: 0.000167043
eec: 813.961
weight: 3.93001e-05
eec: 105.23
weight: 5.50858e-07
eec: 987.773
weight: 1.1929e-05
eec: 1855.35
weight: 9.78122e-06
eec: 197.633
weight: 0.000673108
eec: 382.312
weight: 2.17264e-05
eec: 562.302
weight: 6.98121e-05
eec: 770.578
weight: 0.000229195
eec: 1084.93
weight: 3.68436e-05
eec: 1622.33
weight: 1.84307e-05
eec: 419.509
weight: 5.98884e-05
eec: 116.008
weight: 0.000187707
eec: 165.107
weight: 9.05518e-05
eec: 753.231
weight: 4.61104e-05
eec: 596.93
weight: 4.69804e-05
eec: 307.475
weight: 6.63308e-06
eec: 458.84
weight: 4.66781e-05
eec: 1519.91
weight: 7.08399e-05
eec: 1384.72
weight: 1.24661e-06
eec: 2335.39
weight: 3.09931e-05
eec: 141.207
weight: 5.43681e-05
eec: 513.784
weight: 4.82016e-07
eec: 58.5062
weight: 0.000115792
eec: 772.447
weight: 0.000338776
eec: 292.237
weight: 3.19767e-06
eec: 1214.28
weight: 4.89552e-06
eec: 203.088
weight: 4.89552e-06
eec: 370.322
weight: 0.000115925
eec: 28.6717
weight: 1.18768e-05
eec: 803.491
weight: 2.69646e-06
eec: 2591.82
weight: 6.335e-06
eec: 33.8345
weight: 2.77163e-05
eec: 292.173
weight: 3.12515e-05
eec: 29.0788
weight: 0.000138407
eec: 1903.61
weight: 6.21802e-08
eec: 64.0465
weight: 0.000536337
eec: 81.4919
weight: 3.10881e-06
eec: 886.059
weight: 6.59697e-06
eec: 345.823
weight: 4.22108e-06
eec: 1312.08
weight: 1.70084e-07
eec: 209.799
weight: 2.02571e-06
eec: 1266.62
weight: 6.29644e-05
eec: 1304.61
weight: 0.000116489
eec: 95.6966
weight: 7.18934e-05
eec: 453.398
weight: 8.16093e-05
eec: 128.01
weight: 1.06625e-05
eec: 54.6997
weight: 2.83183e-05
eec: 371.689
weight: 6.70623e-05
eec: 172.193
weight: 2.43699e-05
eec: 1200.54
weight: 6.71175e-06
eec: 273.716
weight: 1.23285e-05
eec: 238.509
weight: 1.2315e-05
eec: 1419.3
weight: 1.41864e-05
eec: 115.193
weight: 2.44446e-05
eec: 470.06
weight: 2.74787e-05
eec: 675.391
weight: 9.27393e-06
eec: 395.026
weight: 9.4259e-07
eec: 241.884
weight: 7.63939e-05
eec: 237.589
weight: 4.57671e-05
eec: 234.326
weight: 4.48836e-05
eec: 450.463
weight: 7.38887e-05
eec: 1090.36
weight: 8.60853e-07
eec: 47.3158
weight: 0.000161005
eec: 563.261
weight: 0.000122433
eec: 486.811
weight: 0.000203125
eec: 199.722
weight: 7.11003e-05
eec: 1038.57
weight: 2.36829e-06
eec: 108.011
weight: 8.80177e-06
eec: 84.4045
weight: 1.61472e-05
eec: 1032.83
weight: 1.33282e-05
eec: 4189.53
weight: 3.05752e-05
eec: 926.68
weight: 1.42432e-05
eec: 1715.38
weight: 0.000330274
eec: 293.528
weight: 0.000234378
eec: 644.964
weight: 8.46555e-05
eec: 239.663
weight: 1.47612e-08
eec: 889.332
weight: 1.32776e-05
eec: 54.6886
weight: 1.20451e-05
eec: 230.132
weight: 0.000110095
eec: 82.9162
weight: 1.1584e-05
eec: 2172.53
weight: 8.03936e-08
eec: 360.792
weight: 7.45641e-06
eec: 877.853
weight: 2.11032e-05
eec: 21.141
weight: 3.62558e-05
eec: 50.6334
weight: 5.43706e-06
eec: 244.052
weight: 0.000181956
eec: 192.642
weight: 7.30477e-05
eec: 66.3611
weight: 2.52469e-06
eec: 1299.62
weight: 0.00011661
eec: 965.051
weight: 0.000126565
eec: 358.682
weight: 4.16334e-06
eec: 1830.84
weight: 2.66965e-06
eec: 342.174
weight: 4.60392e-05
eec: 200.753
weight: 5.91068e-05
eec: 691.863
weight: 0.000147703
eec: 812.442
weight: 6.87447e-05
eec: 783.811
weight: 6.01384e-05
eec: 320.177
weight: 1.89568e-05
eec: 200.738
weight: 1.2686e-05
eec: 855.862
weight: 4.75033e-05
eec: 485.974
weight: 0.000200812
eec: 561.673
weight: 0.000539722
eec: 207.797
weight: 1.07635e-08
eec: 76.9956
weight: 1.8086e-05
eec: 116.045
weight: 3.50152e-05
eec: 2149.52
weight: 6.13626e-07
eec: 346.168
weight: 6.41342e-05
eec: 254.547
weight: 9.32018e-05
eec: 139.756
weight: 6.21151e-06
eec: 38.3952
weight: 7.34035e-06
eec: 271.849
weight: 2.49009e-06
eec: 287.33
weight: 5.14027e-05
eec: 671.428
weight: 3.78339e-06
eec: 645.52
weight: 2.63363e-06
eec: 822.678
weight: 4.68919e-05
eec: 1164.68
weight: 2.32289e-05
eec: 560.277
weight: 0.000114349
eec: 444.287
weight: 8.23932e-05
eec: 158.937
weight: 0.000293036
eec: 123.2
weight: 2.11262e-06
eec: 156.95
weight: 7.91219e-08
eec: 366.151
weight: 4.40433e-05
eec: 144.558
weight: 4.10698e-05
eec: 2132.5
weight: 9.13837e-06
eec: 751.143
weight: 2.08197e-05
eec: 569.861
weight: 0.000229278
eec: 470.582
weight: 2.00515e-05
eec: 1642.08
weight: 4.0776e-05
eec: 246.606
weight: 2.20507e-07
eec: 273.479
weight: 0.000301121
eec: 662.182
weight: 2.25312e-05
eec: 933.661
weight: 0.000112677
eec: 322.981
weight: 3.20996e-05
eec: 1309.74
weight: 3.9733e-05
eec: 146.084
weight: 9.20234e-05
eec: 438.599
weight: 0.000104738
eec: 24.6314
weight: 3.40535e-06
eec: 38.0428
weight: 0.00043008
eec: 486.088
weight: 1.75411e-05
eec: 77.7646
weight: 0.000512663
eec: 184.199
weight: 1.51583e-05
eec: 1034.42
weight: 0.000123656
eec: 645.311
weight: 0.000154099
eec: 389.173
weight: 8.72874e-05
eec: 1274.1
weight: 8.563e-06
eec: 1116.84
weight: 2.33384e-07
eec: 397.768
weight: 0.000120453
eec: 384.018
weight: 1.42492e-05
eec: 572.491
weight: 4.10225e-05
eec: 616.046
weight: 1.36882e-05
eec: 2443.05
weight: 3.30017e-07
eec: 410.141
weight: 8.08692e-05
eec: 275.597
weight: 3.20606e-05
eec: 29.925
weight: 9.07477e-05
eec: 184.364
weight: 2.51935e-06
eec: 930.224
weight: 4.94127e-05
eec: 206.706
weight: 0.00117827
eec: 318.657
weight: 3.29016e-05
eec: 226.803
weight: 4.27074e-05
eec: 974.902
weight: 1.43202e-05
eec: 34.4644
weight: 3.43066e-07
eec: 758.323
weight: 9.58835e-08
eec: 771.521
weight: 0.000278641
eec: 1854.36
weight: 2.51251e-05
eec: 337.491
weight: 5.20715e-06
eec: 473.482
weight: 7.16028e-05
eec: 135.207
weight: 1.31981e-05
eec: 191.168
weight: 5.43828e-06
eec: 848.63
weight: 3.19918e-05
eec: 355.63
weight: 0.000181806
eec: 241.989
weight: 0.000322486
eec: 80.3624
weight: 2.05612e-05
eec: 1575.33
weight: 1.47981e-05
eec: 840.346
weight: 2.77931e-05
eec: 446.681
weight: 2.01501e-05
eec: 112.134
weight: 7.73611e-05
eec: 561.323
weight: 7.26665e-05
eec: 44.7365
weight: 3.64022e-05
eec: 58.5347
weight: 5.67566e-05
eec: 167.83
weight: 9.82853e-05
eec: 322.794
weight: 9.44818e-06
eec: 1149.77
weight: 0.000129383
eec: 735.239
weight: 8.72252e-06
eec: 140.063
weight: 2.11253e-05
eec: 966.331
weight: 0.00102379
eec: 120.439
weight: 4.93334e-05
eec: 315.848
weight: 1.60855e-05
eec: 774.116
weight: 8.42551e-05
eec: 599.241
weight: 0.000239411
eec: 693.123
weight: 2.05272e-05
eec: 222.469
weight: 1.30648e-05
eec: 2236.36
weight: 1.29385e-05
eec: 1708.02
weight: 8.51949e-06
eec: 1934
Processing: 31.9543 %weight: 2.75738e-08
eec: 169.511
weight: 2.83201e-05
eec: 1243.75
weight: 1.66134e-05
eec: 529.674
weight: 2.03466e-06
eec: 980.702
weight: 2.33775e-05
eec: 155.222
weight: 0.000131621
eec: 139.416
weight: 0.000209141
eec: 422.156
weight: 1.46082e-05
eec: 1797.29
weight: 6.46469e-08
eec: 263.76
weight: 2.96333e-08
eec: 69.8823
weight: 1.22825e-05
eec: 908.718
weight: 2.77985e-05
eec: 298.31
weight: 3.49179e-06
eec: 1055.33
weight: 7.8147e-06
eec: 1539.91
weight: 0.000105405
eec: 515.574

ROOT exit code = 0
