gSystem->Load("run_condor_job_Run3_C.so");
run_condor_job_Run3(84, 100, 2,
                    80, 200,
                    1, 1, 1, 0);
.q

ENTERED run_condor_job_Run3()
JOBID = 84
  global job = 84  Job 84/100  events [5034960, 5094900)  total=5994000
Processing events [5034960, 5094900) of 5994000
weight: 0.000440204
eec: 481.747
weight: 4.80089e-06
eec: 1038.91
weight: 0.000153228
eec: 130.955
weight: 5.07352e-05
eec: 445.626
weight: 2.04781e-05
eec: 424.167
weight: 1.01826e-06
eec: 1490.11
weight: 2.77543e-05
eec: 903.215
weight: 9.48104e-06
eec: 160.174
weight: 2.07069e-05
eec: 691.34
weight: 0.000100509
eec: 378.829
weight: 4.57209e-07
eec: 1338.22
weight: 4.18908e-05
eec: 1107.24
weight: 3.07558e-05
eec: 788.789
weight: 5.26764e-05
eec: 68.6786
weight: 1.65119e-05
eec: 138.139
weight: 3.70588e-06
eec: 18.141
weight: 3.67006e-05
eec: 1318.26
weight: 1.78925e-08
eec: 1325.5
weight: 2.1297e-07
eec: 582.389
weight: 0.000104721
eec: 157.984
weight: 3.44963e-05
eec: 1476.95
weight: 3.17731e-05
eec: 618.199
weight: 1.64077e-05
eec: 2055.45
weight: 1.64077e-05
eec: 246.969
weight: 7.34558e-06
eec: 1144.59
weight: 3.41624e-06
eec: 1298.96
weight: 4.24667e-05
eec: 1247.64
weight: 9.9042e-06
eec: 1905.47
weight: 8.75272e-06
eec: 405.265
weight: 5.19591e-06
eec: 114.185
weight: 3.9444e-05
eec: 568.172
weight: 0.000104736
eec: 25.3254
weight: 5.67909e-05
eec: 25.0869
weight: 2.47732e-05
eec: 344.867
weight: 5.55141e-05
eec: 104.843
weight: 8.64193e-05
eec: 62.3639
weight: 3.06533e-05
eec: 715.162
weight: 8.58994e-07
eec: 901.498
weight: 6.40735e-05
eec: 400.361
weight: 3.73756e-05
eec: 271.589
weight: 7.17887e-05
eec: 183.754
weight: 5.72633e-06
eec: 1649.25
weight: 2.33778e-05
eec: 312.394
weight: 2.10842e-05
eec: 483.5
weight: 2.79977e-05
eec: 732.941
weight: 1.00287e-05
eec: 1295.9
weight: 3.98487e-05
eec: 136.314
weight: 0.000295186
eec: 94.2953
weight: 5.53623e-06
eec: 181.141
weight: 6.96031e-06
eec: 909.523
weight: 9.00474e-05
eec: 194.531
weight: 0.000195953
eec: 916.627
weight: 0.000263771
eec: 230.522
weight: 3.39541e-06
eec: 295.515
weight: 0.000206546
eec: 108.013
weight: 2.57194e-06
eec: 394.81
weight: 0.000193939
eec: 294.616
weight: 5.60626e-05
eec: 81.4111
weight: 0.000648377
eec: 893.328
weight: 6.40068e-05
eec: 937.24
weight: 2.20798e-05
eec: 690.088
Processing: 84.2509 %weight: 1.10099e-05
eec: 1085.91
weight: 2.39773e-05
eec: 327.618
weight: 0.000432761
eec: 15.7195
weight: 0.000394465
eec: 415.773
weight: 0.000145411
eec: 1563.07
weight: 2.19889e-05
eec: 1268.25
weight: 3.79996e-05
eec: 178.033
weight: 0.000704786
eec: 1578.14
weight: 0.000192822
eec: 119.305
weight: 5.73343e-06
eec: 1677.89
weight: 1.11908e-05
eec: 1458.36
weight: 8.16031e-06
eec: 381.345
weight: 1.71721e-05
eec: 3587.71
weight: 1.14762e-06
eec: 198.613
weight: 7.87343e-06
eec: 702.405
weight: 0.000102816
eec: 489.989
weight: 2.49346e-05
eec: 542.133
weight: 1.0517e-05
eec: 12.5734
weight: 0.000699506
eec: 415.337
weight: 0.000267209
eec: 54.4194
weight: 0.000195587
eec: 281.756
weight: 5.15311e-05
eec: 495.028
weight: 1.56998e-06
eec: 388.873
weight: 2.93374e-05
eec: 1773.71
weight: 7.28834e-05
eec: 1361.64
weight: 0.000973121
eec: 507.301
weight: 2.00013e-05
eec: 1590.87
weight: 5.15195e-07
eec: 318.722
weight: 3.43521e-05
eec: 218.38
weight: 7.01693e-05
eec: 726.668
weight: 0.000117942
eec: 304.316
weight: 0.00014605
eec: 139.77
weight: 1.76868e-05
eec: 340.995
weight: 0.00169246
eec: 29.6076
weight: 6.94706e-06
eec: 330.696
weight: 6.45862e-05
eec: 36.487
weight: 0.000117869
eec: 845.325
weight: 1.02556e-05
eec: 497.313
weight: 8.82796e-06
eec: 244.78
weight: 0.000129545
eec: 863.86
weight: 1.15632e-07
eec: 65.6546
weight: 0.000136475
eec: 297.466
weight: 0.000123203
eec: 952.607
weight: 1.11795e-06
eec: 148.703
weight: 9.492e-06
eec: 337.423
weight: 2.75298e-06
eec: 1783.76
weight: 2.75298e-06
eec: 99.6752
weight: 7.44244e-05
eec: 288.379
weight: 7.51963e-06
eec: 2200.04
weight: 1.23853e-05
eec: 2196.76
weight: 0.000265984
eec: 18.9941
weight: 4.86785e-05
eec: 1137.48
weight: 6.50992e-06
eec: 21.5928
weight: 0.000110552
eec: 573.781
weight: 0.000440658
eec: 196.969
weight: 0.000176637
eec: 2109.28
weight: 6.02827e-06
eec: 166.344
weight: 2.11227e-05
eec: 1227.18
weight: 8.41084e-07
eec: 1066.71
weight: 3.16295e-06
eec: 121.003
weight: 6.84658e-06
eec: 449.738
weight: 3.18969e-06
eec: 1633.65
weight: 2.0585e-05
eec: 558.603
weight: 2.36114e-05
eec: 1449.85
weight: 4.34939e-05
eec: 444.176
weight: 1.35636e-05
eec: 1783.25
weight: 2.16495e-05
eec: 527.642
weight: 2.60917e-05
eec: 289.795
weight: 7.56225e-05
eec: 673.732
weight: 7.84731e-06
eec: 218.311
weight: 4.62783e-06
eec: 1003.7
weight: 1.48868e-05
eec: 714.433
weight: 3.33579e-05
eec: 387.17
weight: 5.15349e-05
eec: 78.3796
weight: 2.30082e-05
eec: 498.191
weight: 0.000411251
eec: 143.267
weight: 1.17435e-05
eec: 816.744
weight: 2.78555e-06
eec: 326.348
weight: 2.14644e-07
eec: 187.615
weight: 3.50597e-05
eec: 384.141
weight: 3.31249e-05
eec: 685.422
weight: 0.00176191
eec: 70.5822
weight: 0.000110492
eec: 408.462
weight: 0.000116671
eec: 322.652
weight: 2.96876e-06
eec: 44.5224
weight: 1.06822e-05
eec: 97.0956
weight: 1.96174e-07
eec: 91.8008
weight: 0.000498121
eec: 1476.81
weight: 0.000198457
eec: 100.824
weight: 4.34232e-06
eec: 641.133
weight: 7.28817e-05
eec: 115.812
weight: 1.42253e-06
eec: 35.8938
weight: 0.000133139
eec: 1102.92
weight: 0.000134289
eec: 473.02
weight: 8.75891e-06
eec: 655.576
weight: 5.44719e-06
eec: 1188.47
weight: 0.000362159
eec: 440.848
weight: 0.000156673
eec: 634.197
weight: 0.000110436
eec: 54.6502
weight: 1.14833e-05
eec: 3111.83
weight: 0.000104957
eec: 175.224
weight: 7.82728e-05
eec: 1197.71
weight: 4.33356e-05
eec: 408.935
weight: 8.30624e-05
eec: 535.351
weight: 8.31408e-06
eec: 98.601
weight: 9.5449e-06
eec: 907.102
weight: 0.000826246
eec: 841.999
weight: 1.29258e-05
eec: 43.3241
weight: 5.27866e-05
eec: 257.299
weight: 4.62692e-05
eec: 122.05
weight: 1.39948e-06
eec: 603.266
weight: 9.32004e-06
eec: 1932.76
weight: 1.18361e-05
eec: 478.356
weight: 1.12139e-06
eec: 181.518
weight: 0.000186511
eec: 103.99
weight: 0.000172154
eec: 852.165
weight: 0.000276529
eec: 755.051
weight: 6.81644e-05
eec: 254.445
weight: 0.000296745
eec: 473.094
weight: 2.42699e-07
eec: 231.812
weight: 0.000679774
eec: 414.834
weight: 0.000105383
eec: 2117.96
weight: 1.21114e-05
eec: 1065.06
weight: 1.81626e-05
eec: 947.607
weight: 0.000137492
eec: 7.40911
weight: 9.99704e-05
eec: 946.006
weight: 1.69061e-05
eec: 713.949
weight: 3.81078e-05
eec: 267.189
weight: 5.05597e-05
eec: 350.071
weight: 8.42415e-05
eec: 96.5189
weight: 5.90635e-05
eec: 664.904
weight: 4.33337e-05
eec: 279.611
weight: 1.13289e-05
eec: 614.687
weight: 1.24035e-05
eec: 37.0275
weight: 7.88853e-05
eec: 159.916
weight: 5.49351e-05
eec: 762.87
weight: 2.67262e-05
eec: 35.8465
weight: 2.07212e-06
eec: 2435.43
weight: 3.53809e-06
eec: 1731
weight: 1.90911e-05
eec: 731.775
weight: 1.29094e-06
eec: 126.695
weight: 3.07285e-05
eec: 1427.15
weight: 0.000107785
eec: 35.5728
weight: 0.000414772
eec: 797.235
weight: 0.000414772
eec: 125.609
weight: 0.000652821
eec: 375.622
weight: 2.7577e-06
eec: 968.194
weight: 0.000817866
eec: 1574
weight: 6.47373e-06
eec: 202.826
weight: 5.9506e-05
eec: 249.02
weight: 1.79178e-05
eec: 234.575
weight: 0.000142381
eec: 162.225
weight: 0.000403145
eec: 180.579
weight: 0.000166059
eec: 739.333
weight: 8.86699e-07
eec: 919.923
weight: 4.37075e-05
eec: 164.755
weight: 0.000217227
eec: 821.411
weight: 1.37237e-05
eec: 414.667
weight: 4.44818e-06
eec: 273.934
weight: 1.41496e-05
eec: 298.067
weight: 0.000722598
eec: 311.383
weight: 0.000344757
eec: 232.905
weight: 0.000131862
eec: 1403.63
weight: 8.53443e-06
eec: 3434.68
weight: 9.94139e-05
eec: 546.545
weight: 1.25495e-05
eec: 309.334
weight: 2.65468e-05
eec: 549.645
weight: 7.44797e-05
eec: 537.217
weight: 3.75559e-06
eec: 72.1514
weight: 0.000241728
eec: 546.376
weight: 5.5172e-06
eec: 348.282
weight: 1.09598e-05
eec: 783.545
weight: 0.000171575
eec: 275.481
weight: 0.000187575
eec: 879.201
weight: 4.4071e-05
eec: 554.879
weight: 5.656e-07
eec: 117.234
weight: 1.36402e-05
eec: 413.945
weight: 0.000482654
eec: 732.875
weight: 5.29027e-07
eec: 13.5637
weight: 2.47093e-05
eec: 1142.77
weight: 4.68523e-05
eec: 155.338
weight: 0.000107078
eec: 441.403
weight: 0.000326328
eec: 928.216
weight: 5.32246e-06
eec: 5544.44
weight: 8.98352e-06
eec: 907.271
weight: 0.000517225
eec: 70.2582
weight: 0.000157737
eec: 196.229
weight: 1.01985e-05
eec: 169.45
weight: 0.000408232
eec: 1172.1
weight: 2.88118e-06
eec: 1382.29
weight: 9.0838e-06
eec: 431.333
weight: 4.43811e-07
eec: 2724.27
weight: 0.000172746
eec: 821.521
weight: 0.000101482
eec: 717.936
weight: 1.63517e-07
eec: 8.23077
weight: 6.67381e-06
eec: 117.642
weight: 1.06504e-05
eec: 43.4046
weight: 2.2075e-05
eec: 844.809
weight: 6.38633e-05
eec: 320.973
weight: 6.49264e-06
eec: 73.2329
weight: 0.000146224
eec: 44.5414
weight: 7.15123e-07
eec: 50.9156
weight: 9.71388e-06
eec: 687.156
weight: 0.00010915
eec: 347.228
weight: 1.88472e-05
eec: 1476.08
weight: 3.68134e-06
eec: 51.3922
weight: 1.79892e-05
eec: 31.6668
weight: 9.95217e-05
eec: 815.006
weight: 1.85228e-05
eec: 715.517
weight: 8.90502e-06
eec: 505.896
weight: 2.71538e-05
eec: 869.558
weight: 0.000136026
eec: 832.538
weight: 1.96761e-06
eec: 142.468
weight: 1.47267e-05
eec: 1124.4
weight: 0.000714413
eec: 281.951
weight: 1.79559e-05
eec: 708.897
weight: 8.32016e-05
eec: 498.137
weight: 1.61788e-05
eec: 782.898
weight: 5.19217e-05
eec: 201.456
weight: 2.05568e-05
eec: 163.475
weight: 8.38298e-05
eec: 161.649
weight: 1.63911e-05
eec: 483.067
weight: 1.43575e-05
eec: 88.182
weight: 0.000393597
eec: 86.8617
weight: 0.000135026
eec: 200.424
weight: 0.000133659
eec: 92.8444
weight: 0.000147112
eec: 85.9731
weight: 0.000558053
eec: 135.159

ROOT exit code = 0
