gSystem->Load("run_condor_job_Run3_C.so");
run_condor_job_Run3(400, 100, 2,
                    80, 200,
                    1, 1, 1, 4);
.q

ENTERED run_condor_job_Run3()
JOBID = 400
  global job = 400  Job 0/100  events [0, 58980)  total=5898000
Processing events [0, 58980) of 5898000
Processing: 0 %weight: 5.63212e-06
eec: 137.455
weight: 3.19757e-05
eec: 426.186
weight: 1.96711e-06
eec: 118.46
weight: 6.08731e-05
eec: 1839.47
weight: 1.76231e-05
eec: 177.16
weight: 6.49021e-05
eec: 1280.15
weight: 9.76166e-05
eec: 711.413
weight: 4.25419e-07
eec: 797.979
weight: 9.09322e-06
eec: 1732.22
weight: 1.73479e-05
eec: 204.493
weight: 8.51614e-06
eec: 122.202
weight: 1.6967e-05
eec: 1542.99
weight: 0.00020489
eec: 175.609
weight: 0.000135151
eec: 733.183
weight: 6.68531e-06
eec: 657.713
weight: 2.35749e-05
eec: 411.53
weight: 0.000241501
eec: 45.6804
weight: 0.000865324
eec: 510.251
weight: 9.51467e-05
eec: 48.2061
weight: 2.46747e-05
eec: 125.887
weight: 0.000148936
eec: 64.9432
weight: 0.000340106
eec: 194.329
weight: 0.000539037
eec: 46.3702
weight: 0.000421403
eec: 29.7426
weight: 0.000110612
eec: 227.175
weight: 7.52271e-06
eec: 524.464
weight: 1.16779e-05
eec: 122.385
weight: 2.01064e-05
eec: 869.509
weight: 5.90594e-07
eec: 437.535
weight: 1.08405e-05
eec: 727.522
weight: 4.05514e-05
eec: 137.858
weight: 1.81261e-06
eec: 34.3879
weight: 0.000104768
eec: 248.813
weight: 3.25066e-06
eec: 1918.43
weight: 1.97859e-05
eec: 192.372
weight: 9.2816e-06
eec: 804.924
weight: 5.65235e-05
eec: 839.968
weight: 4.23338e-05
eec: 345.744
weight: 1.33599e-05
eec: 2831.32
weight: 1.59979e-06
eec: 229.851
weight: 0.000320546
eec: 1651.51
weight: 4.51396e-05
eec: 375.823
weight: 3.96313e-06
eec: 270.109
weight: 8.59245e-05
eec: 93.6687
weight: 0.000172842
eec: 41.4055
weight: 0.000570084
eec: 252.269
weight: 7.21882e-05
eec: 73.342
weight: 7.33975e-05
eec: 267.406
weight: 3.03854e-07
eec: 523.356
weight: 4.36835e-05
eec: 471.35
weight: 0.000264356
eec: 50.542
weight: 6.54753e-05
eec: 510.18
weight: 0.000133898
eec: 275.052
weight: 4.6158e-07
eec: 1993.36
weight: 1.40194e-06
eec: 291.048
weight: 1.88043e-05
eec: 1270.4
weight: 6.23116e-05
eec: 258.928
weight: 0.000150305
eec: 164.244
weight: 0.000551659
eec: 340.084
weight: 0.000221189
eec: 495.644
weight: 9.48515e-06
eec: 539.609
weight: 1.89249e-06
eec: 224.013
weight: 6.58444e-06
eec: 592.668
weight: 0.000195687
eec: 162.779
weight: 4.10586e-06
eec: 13.6962
weight: 4.74733e-05
eec: 1726.31
weight: 1.04597e-05
eec: 2114.94
weight: 0.000146185
eec: 112.421
weight: 1.57943e-05
eec: 1388.97
weight: 0.000314116
eec: 201.593
weight: 0.000227192
eec: 111.065
weight: 3.24887e-06
eec: 577.694
weight: 7.86942e-05
eec: 43.2898
weight: 1.2748e-05
eec: 457.135
weight: 1.702e-05
eec: 184.799
weight: 1.92187e-08
eec: 1343.54
weight: 5.42359e-06
eec: 39.9212
weight: 2.27584e-05
eec: 164.518
weight: 8.34597e-05
eec: 32.2606
weight: 1.08158e-05
eec: 2076.73
weight: 4.27956e-05
eec: 2531.64
weight: 2.80091e-05
eec: 128.848
weight: 8.27592e-06
eec: 1352.6
weight: 1.76395e-05
eec: 1032.78
weight: 2.96882e-05
eec: 240.498
weight: 9.90689e-06
eec: 276.521
weight: 5.35402e-05
eec: 71.208
weight: 3.60648e-06
eec: 21.6538
weight: 7.8854e-05
eec: 120.432
weight: 6.44666e-05
eec: 1116.05
weight: 7.41216e-06
eec: 3375.74
weight: 3.69107e-06
eec: 117.898
weight: 6.64447e-05
eec: 769.483
weight: 6.01139e-05
eec: 37.616
weight: 5.26761e-06
eec: 736.102
weight: 0.000127855
eec: 624.286
weight: 2.27173e-05
eec: 402.529
weight: 3.50623e-05
eec: 1319.3
weight: 1.22982e-05
eec: 211.756
weight: 0.000341085
eec: 154.764
weight: 0.000272738
eec: 58.8628
weight: 0.000158152
eec: 287.219
weight: 1.7948e-05
eec: 251.726
weight: 8.80884e-06
eec: 1456.8
weight: 0.000125564
eec: 153.593
weight: 1.43829e-05
eec: 97.8625
weight: 3.27742e-05
eec: 196.977
weight: 1.30198e-05
eec: 2347.33
weight: 4.44652e-06
eec: 1462.35
weight: 2.35376e-05
eec: 196.92
weight: 1.09741e-05
eec: 267.706
weight: 3.30708e-05
eec: 417.962
weight: 0.000843816
eec: 971.092
weight: 8.78484e-06
eec: 1507.24
weight: 5.08226e-06
eec: 329.693
weight: 0.000230946
eec: 92.0151
weight: 0.000117107
eec: 359.441
weight: 9.82947e-05
eec: 365.734
weight: 3.33819e-05
eec: 155.584
weight: 2.16922e-06
eec: 902.184
weight: 1.1987e-06
eec: 2091.31
weight: 2.3316e-06
eec: 502.129
weight: 2.81629e-05
eec: 225.721
weight: 1.65818e-05
eec: 778.834
weight: 2.59167e-05
eec: 680.185
weight: 5.49396e-06
eec: 1157.09
weight: 0.00322935
eec: 164.462
weight: 9.73313e-05
eec: 25.929
weight: 5.91143e-05
eec: 4032.91
weight: 4.09261e-07
eec: 209.179
weight: 6.47215e-05
eec: 661.41
weight: 2.5146e-07
eec: 95.0672
weight: 2.99168e-06
eec: 2049.23
weight: 3.79178e-05
eec: 369.467
weight: 0.00311196
eec: 66.887
weight: 8.87444e-05
eec: 1986.51
weight: 0.000142123
eec: 16.8304
weight: 2.49572e-06
eec: 788.407
weight: 1.26546e-05
eec: 409.454
weight: 1.05527e-06
eec: 3914.86
weight: 5.53016e-05
eec: 289.454
weight: 3.08863e-06
eec: 4086.43
weight: 3.42344e-06
eec: 557.076
weight: 7.8965e-05
eec: 382.484
weight: 1.66543e-05
eec: 95.4979
weight: 2.83153e-05
eec: 466.85
weight: 6.88521e-05
eec: 873.569
weight: 9.03303e-05
eec: 102.371
weight: 2.19557e-05
eec: 2169.93
weight: 6.79447e-06
eec: 866.599
weight: 1.63385e-05
eec: 140.213
weight: 2.08801e-07
eec: 1436.37
weight: 2.09581e-05
eec: 370.112
weight: 8.28883e-05
eec: 56.2364
weight: 3.12362e-06
eec: 515.512
weight: 0.000252203
eec: 401.235
weight: 0.000208395
eec: 360.846
weight: 0.000172523
eec: 142.989
weight: 1.46842e-07
eec: 2016.59
weight: 4.34229e-06
eec: 431.594
weight: 1.00885e-05
eec: 261.321
weight: 8.48302e-06
eec: 1552.82
weight: 0.000478457
eec: 301.876
weight: 8.22658e-05
eec: 750.63
weight: 2.79561e-05
eec: 467.933
weight: 0.000390019
eec: 1089.48
weight: 1.19745e-05
eec: 52.8861
weight: 3.31256e-05
eec: 236.503
weight: 7.61345e-05
eec: 108.843
weight: 1.57957e-05
eec: 1622.09
weight: 9.19702e-06
eec: 356.891
weight: 1.63016e-05
eec: 2331.56
weight: 4.5257e-05
eec: 843.793
weight: 1.50128e-05
eec: 941.882
weight: 2.74299e-06
eec: 416.51
weight: 4.1801e-05
eec: 236.597
weight: 1.72976e-05
eec: 235.101
weight: 1.53989e-05
eec: 353.286
weight: 7.466e-07
eec: 302.599
weight: 7.30878e-06
eec: 364.087
weight: 4.65431e-06
eec: 456.469
weight: 0.000335176
eec: 283.157
weight: 0.000709127
eec: 283.586
weight: 7.29801e-06
eec: 545.01
weight: 0.000348681
eec: 236.755
weight: 1.81672e-05
eec: 203.308
weight: 2.98105e-06
eec: 804.82
weight: 2.18556e-07
eec: 854.52
weight: 7.73594e-07
eec: 543.758
weight: 2.61104e-05
eec: 845.954
Processing: 0.847745 %weight: 0.000201317
eec: 314.676
weight: 1.80937e-05
eec: 953.171
weight: 2.2801e-06
eec: 230.817
weight: 2.81006e-06
eec: 119.253
weight: 5.7396e-06
eec: 575.091
weight: 2.67998e-05
eec: 652.218
weight: 2.03087e-05
eec: 92.5595
weight: 2.35914e-05
eec: 1123.04
weight: 9.41481e-05
eec: 314.185
weight: 3.26068e-06
eec: 367.98
weight: 0.000675157
eec: 648.06
weight: 5.20248e-05
eec: 426.992
weight: 1.8796e-05
eec: 175.581
weight: 3.51289e-06
eec: 273.104
weight: 1.62193e-05
eec: 125.638
weight: 5.63987e-06
eec: 773.856
weight: 8.60597e-05
eec: 170.472
weight: 8.54785e-06
eec: 349.907
weight: 7.80366e-05
eec: 504.781
weight: 8.00078e-05
eec: 401.262
weight: 0.000377275
eec: 205.667
weight: 0.000141752
eec: 386.647
weight: 1.69708e-05
eec: 728.23
weight: 2.28484e-07
eec: 226.139
weight: 4.70471e-05
eec: 548.725
weight: 8.34756e-05
eec: 11.0656
weight: 2.7141e-05
eec: 73.5636
weight: 2.49185e-05
eec: 199.041
weight: 1.01619e-05
eec: 321.738
weight: 0.000202375
eec: 23.1934
weight: 1.48744e-05
eec: 749.522
weight: 3.2485e-05
eec: 1770.49
weight: 1.6248e-05
eec: 567.422
weight: 3.9589e-06
eec: 807.816
weight: 0.000203166
eec: 283.549
weight: 6.5468e-06
eec: 147.728
weight: 0.00040418
eec: 310.263
weight: 7.69414e-05
eec: 109.176
weight: 1.71951e-06
eec: 124.896
weight: 7.35817e-05
eec: 155.624

ROOT exit code = 0
