gSystem->Load("run_condor_job_Run3_C.so");
run_condor_job_Run3(748, 100, 2,
                    80, 200,
                    1, 1, 1, 7);
.q

ENTERED run_condor_job_Run3()
JOBID = 748
  global job = 748  Job 48/100  events [2733120, 2790060)  total=5694000
Processing events [2733120, 2790060) of 5694000
weight: 3.91431e-05
eec: 304.586
weight: 0.000264763
eec: 147.896
weight: 1.89477e-05
eec: 274.711
weight: 1.73382e-05
eec: 1053.58
weight: 5.92133e-05
eec: 439.611
weight: 3.69819e-05
eec: 9.8155
weight: 2.61469e-06
eec: 3588.62
weight: 9.63914e-06
eec: 107.404
weight: 8.83335e-05
eec: 584.558
weight: 2.57486e-05
eec: 1844.42
weight: 4.52843e-07
eec: 659.782
weight: 1.18733e-05
eec: 392.846
weight: 4.57273e-06
eec: 964.91
weight: 3.05828e-05
eec: 63.0559
weight: 9.12025e-06
eec: 505.859
weight: 6.24437e-05
eec: 734.044
weight: 0.000657006
eec: 166.278
weight: 1.30838e-05
eec: 824.07
weight: 1.40081e-05
eec: 1506.49
weight: 4.60054e-06
eec: 2692.03
weight: 0.000135218
eec: 323.381
weight: 0.000106911
eec: 631.85
weight: 3.31308e-06
eec: 1278.44
weight: 1.53853e-07
eec: 738.413
weight: 3.32196e-05
eec: 237.281
weight: 7.73449e-08
eec: 178.035
weight: 0.000197126
eec: 124.397
weight: 1.27722e-05
eec: 192.815
weight: 2.76581e-06
eec: 875.911
weight: 8.30521e-06
eec: 1552.5
weight: 0.000126447
eec: 55.7265
weight: 2.35953e-05
eec: 69.8663
weight: 6.74402e-05
eec: 595.69
weight: 8.79304e-05
eec: 247.62
weight: 1.74919e-05
eec: 566.692
weight: 3.61352e-05
eec: 202.669
weight: 1.97713e-05
eec: 2082.65
weight: 5.04408e-06
eec: 298.829
weight: 4.70509e-05
eec: 871.301
weight: 9.79491e-05
eec: 374.831
weight: 7.45402e-05
eec: 91.9362
weight: 1.97989e-05
eec: 1996.15
weight: 0.00023891
eec: 1076.13
weight: 6.86388e-06
eec: 1798.26
weight: 4.54301e-05
eec: 681.81
weight: 3.31862e-06
eec: 35.139
weight: 0.000158241
eec: 218.015
weight: 8.02211e-06
eec: 1828.92
weight: 2.80381e-05
eec: 1384.31
weight: 7.54763e-05
eec: 572.537
weight: 1.60935e-05
eec: 247.372
weight: 0.000131394
eec: 94.3871
weight: 0.000714221
eec: 225.497
weight: 3.9816e-07
eec: 173.848
weight: 0.00032494
eec: 1028.47
weight: 3.09834e-05
eec: 1196.32
weight: 1.033e-06
eec: 635.774
weight: 6.42251e-06
eec: 817.804
weight: 1.45199e-06
eec: 972.93
weight: 0.00015452
eec: 205.517
weight: 9.76421e-06
eec: 829.624
weight: 0.000760651
eec: 815.895
weight: 9.12247e-06
eec: 403.087
weight: 0.000163766
eec: 146.006
weight: 0.000120892
eec: 200.181
weight: 0.00014375
eec: 759.07
weight: 4.29462e-05
eec: 1197.32
weight: 4.85757e-07
eec: 119.083
weight: 4.85757e-07
eec: 346.736
weight: 2.01511e-05
eec: 1430.88
weight: 2.34285e-05
eec: 183.849
weight: 4.22103e-06
eec: 980.203
weight: 0.000127928
eec: 62.6282
weight: 1.43781e-05
eec: 182.924
weight: 1.56877e-05
eec: 1259.76
weight: 0.000192684
eec: 78.7554
weight: 2.65765e-06
eec: 806.314
weight: 6.01319e-06
eec: 472.646
weight: 7.35116e-06
eec: 1841.24
weight: 5.40511e-07
eec: 1466.25
weight: 2.07164e-05
eec: 324.551
weight: 1.52224e-05
eec: 1226.84
weight: 7.05118e-05
eec: 418.505
weight: 1.05557e-05
eec: 255.661
weight: 0.000108119
eec: 564.122
weight: 8.99896e-05
eec: 681.51
weight: 6.2619e-05
eec: 30.7796
weight: 3.98092e-07
eec: 24.385
Processing: 48.2965 %weight: 2.31264e-05
eec: 166.188
weight: 6.54583e-06
eec: 498.71
weight: 0.000122387
eec: 135.324
weight: 1.57492e-05
eec: 302.189
weight: 3.68593e-05
eec: 129.828
weight: 2.16705e-08
eec: 590.591
weight: 6.11988e-05
eec: 402.595
weight: 4.65003e-05
eec: 89.0718
weight: 1.21074e-06
eec: 91.1239
weight: 0.000100691
eec: 22.0188
weight: 3.03492e-05
eec: 48.8613
weight: 1.42542e-05
eec: 39.4218
weight: 2.2922e-05
eec: 128.439
weight: 0.000220649
eec: 27.2897
weight: 3.76881e-06
eec: 100.385
weight: 4.80582e-05
eec: 87.0059
weight: 8.86955e-06
eec: 107.203
weight: 2.03267e-05
eec: 376.742
weight: 8.93274e-05
eec: 708.536
weight: 1.00513e-05
eec: 1855.2
weight: 0.000238001
eec: 693.344
weight: 1.75215e-05
eec: 91.6179
weight: 4.64915e-05
eec: 297.593
weight: 6.17518e-05
eec: 182.182
weight: 2.00954e-05
eec: 881.328
weight: 7.8733e-06
eec: 21.2138
weight: 5.37612e-05
eec: 121.247
weight: 3.87599e-05
eec: 658.802
weight: 0.000167508
eec: 129.891
weight: 1.55581e-05
eec: 119.341
weight: 7.14357e-06
eec: 130.901
weight: 1.60261e-05
eec: 428.626
weight: 2.02771e-05
eec: 65.0239
weight: 7.95676e-06
eec: 56.2258
weight: 8.57142e-05
eec: 142.781
weight: 0.000207984
eec: 463.943
weight: 0.000137003
eec: 64.5098
weight: 1.86189e-05
eec: 597.054
weight: 2.9855e-05
eec: 68.0528
weight: 6.94362e-05
eec: 147.15
weight: 3.36775e-06
eec: 1230.85
weight: 4.91373e-06
eec: 248.461
weight: 2.43017e-05
eec: 135.314
weight: 0.000114746
eec: 431.764
weight: 0.000414215
eec: 175.488
weight: 1.08113e-05
eec: 475.022
weight: 7.29368e-05
eec: 396.776
weight: 3.17878e-06
eec: 595.596
weight: 2.78737e-05
eec: 158.364
weight: 6.47069e-07
eec: 117.572
weight: 0.000107179
eec: 446.327
weight: 0.00240186
eec: 172.35
weight: 1.33523e-05
eec: 284.199
weight: 2.08989e-05
eec: 626.681
weight: 1.76428e-05
eec: 205.549
weight: 6.84865e-07
eec: 67.9276
weight: 3.04773e-05
eec: 565.702
weight: 1.06975e-05
eec: 1659.94
weight: 3.84352e-06
eec: 2048.56
weight: 2.75576e-05
eec: 430.944
weight: 0.00010024
eec: 180.245
weight: 0.00661393
eec: 178.679
weight: 6.77187e-05
eec: 152.098
weight: 4.84708e-05
eec: 68.1074
weight: 8.81172e-06
eec: 273.851
weight: 0.000123971
eec: 26.8357
weight: 9.08548e-05
eec: 271.668
weight: 4.03433e-05
eec: 69.6919
weight: 8.45329e-06
eec: 975.101
weight: 2.92213e-05
eec: 338.681
weight: 5.2071e-07
eec: 1278.52
weight: 0.000224402
eec: 657.501
weight: 0.000108567
eec: 8.7921
weight: 0.00025028
eec: 658.184
weight: 2.83109e-05
eec: 306.882
weight: 1.4095e-05
eec: 241.105
weight: 0.00017208
eec: 233.954
weight: 0.000125353
eec: 14.0828
weight: 2.96704e-05
eec: 64.2149
weight: 9.31661e-06
eec: 90.5457
weight: 0.00020433
eec: 1098.61
weight: 1.36416e-05
eec: 1935.43
weight: 0.000138675
eec: 295.825
weight: 6.93227e-08
eec: 562.076
weight: 0.000508393
eec: 482.674
weight: 3.29459e-06
eec: 28.6331
weight: 2.06021e-05
eec: 4644.64
weight: 1.17613e-05
eec: 1257
weight: 0.000235663
eec: 697.997
weight: 2.53692e-05
eec: 1908.95
weight: 4.60698e-06
eec: 6.00474
weight: 0.000206327
eec: 569.565
weight: 9.49094e-07
eec: 403.702
weight: 0.00013676
eec: 651.608
weight: 6.41404e-05
eec: 366.245
weight: 0.000250405
eec: 587.669
weight: 1.08351e-07
eec: 2074.39
weight: 2.62939e-06
eec: 949.187
weight: 1.07056e-05
eec: 293.656
weight: 3.2167e-06
eec: 316.576
weight: 0.00022907
eec: 581.922
weight: 1.13529e-05
eec: 1242.76
weight: 4.06777e-06
eec: 347.953
weight: 1.58258e-05
eec: 968.736
weight: 9.84783e-06
eec: 260.49
weight: 2.10649e-06
eec: 134.768
weight: 2.23164e-05
eec: 543.604
weight: 0.000118052
eec: 614.65
weight: 0.00031951
eec: 47.8437
weight: 0.000142633
eec: 178.979
weight: 0.000118843
eec: 371.767
weight: 7.91931e-06
eec: 1467.6
weight: 1.55441e-06
eec: 1930.31
weight: 6.53423e-06
eec: 35.9219
weight: 3.33091e-05
eec: 420.781
weight: 3.36263e-06
eec: 636.192
weight: 6.20015e-05
eec: 192.594
weight: 5.7009e-05
eec: 426.499
weight: 8.10679e-05
eec: 495.251
weight: 0.000284511
eec: 379.253
weight: 2.28704e-05
eec: 43.8753
weight: 3.62758e-06
eec: 427.101
weight: 0.000161449
eec: 443.733
weight: 9.75048e-05
eec: 129.246
weight: 1.82886e-06
eec: 35.3398
weight: 0.000131402
eec: 42.0426
weight: 1.91288e-06
eec: 263.235
weight: 3.03447e-05
eec: 1202.04
weight: 5.60577e-07
eec: 550.074
weight: 0.00017671
eec: 231.772
weight: 0.000267202
eec: 87.4779
weight: 8.74806e-06
eec: 289.469
weight: 8.14254e-06
eec: 67.7495
weight: 8.39325e-05
eec: 194.446
weight: 1.21985e-05
eec: 194.869
weight: 5.79394e-05
eec: 279.227
weight: 6.74846e-06
eec: 226.368
weight: 0.00277323
eec: 665.209
weight: 0.000867471
eec: 73.9325
weight: 1.4972e-05
eec: 532.848
weight: 3.85498e-05
eec: 1130.27
weight: 8.68934e-06
eec: 118.331
weight: 1.41152e-07
eec: 1278.88
weight: 1.56396e-05
eec: 36.279
weight: 2.77885e-05
eec: 143.362
weight: 2.72247e-05
eec: 826.415
weight: 3.17918e-05
eec: 95.0928
weight: 1.02146e-05
eec: 231.807
weight: 2.64216e-05
eec: 152.234
weight: 8.81937e-05
eec: 227.88
weight: 0.000133047
eec: 210.533
weight: 2.35546e-05
eec: 234.7
weight: 0.000409275
eec: 347.254
weight: 1.57373e-05
eec: 701.418
weight: 4.10964e-05
eec: 260.489
weight: 0.00013107
eec: 361.156

ROOT exit code = 0
