gSystem->Load("run_condor_job_Run3_C.so");
run_condor_job_Run3(32, 100, 2,
                    80, 200,
                    1, 1, 1, 0);
.q

ENTERED run_condor_job_Run3()
JOBID = 32
  global job = 32  Job 32/100  events [1918080, 1978020)  total=5994000
Processing events [1918080, 1978020) of 5994000
weight: 3.25611e-06
eec: 927.24
weight: 2.71684e-05
eec: 156.293
weight: 8.82232e-06
eec: 394.386
weight: 3.14061e-05
eec: 652.328
weight: 0.000182785
eec: 214.579
weight: 6.6866e-06
eec: 286.447
weight: 0.000252517
eec: 848.111
weight: 3.0306e-05
eec: 736.605
weight: 5.98949e-05
eec: 155.336
weight: 3.66492e-06
eec: 2757.52
weight: 9.73746e-05
eec: 54.8575
weight: 5.49925e-05
eec: 1097.7
weight: 6.76509e-05
eec: 403.982
weight: 1.62942e-05
eec: 6187.74
weight: 3.94384e-05
eec: 710.72
weight: 2.49186e-05
eec: 600.694
weight: 6.4142e-06
eec: 256.247
weight: 1.77768e-05
eec: 794.213
weight: 5.49137e-05
eec: 448.375
weight: 0.000216306
eec: 574.832
weight: 4.91022e-05
eec: 838.123
weight: 1.05546e-05
eec: 88.5091
weight: 8.02486e-05
eec: 821.074
weight: 8.19287e-06
eec: 213.636
weight: 0.000247637
eec: 1084.44
weight: 4.26329e-05
eec: 126.364
weight: 0.000192311
eec: 837.368
weight: 1.21723e-06
eec: 186.045
weight: 9.0311e-06
eec: 1215.01
weight: 0.00448881
eec: 411.64
weight: 8.54788e-06
eec: 223.442
weight: 1.65484e-05
eec: 237.327
weight: 1.15555e-05
eec: 729.456
weight: 1.2949e-05
eec: 964.11
weight: 3.75631e-06
eec: 878.343
weight: 0.000406818
eec: 535.811
weight: 4.04363e-05
eec: 2450.92
weight: 8.47968e-05
eec: 1019.01
weight: 4.19492e-05
eec: 267.96
weight: 0.00024043
eec: 492.195
weight: 0.000131239
eec: 360.755
weight: 0.000165537
eec: 92.8999
weight: 7.86361e-06
eec: 337.947
weight: 7.51599e-07
eec: 1424.91
weight: 0.000187226
eec: 330.512
weight: 3.44622e-05
eec: 734.861
weight: 1.38086e-05
eec: 65.1429
weight: 0.000167998
eec: 1624.9
weight: 3.60307e-05
eec: 99.2021
weight: 5.21196e-05
eec: 93.4452
weight: 0.000116129
eec: 88.1987
weight: 8.3287e-06
eec: 198.074
weight: 2.78317e-08
eec: 628.686
weight: 5.02769e-06
eec: 587.739
weight: 0.000131591
eec: 170.735
weight: 5.98319e-06
eec: 356.029
weight: 0.00013339
eec: 309.446
weight: 6.63324e-05
eec: 79.3211
weight: 0.000117702
eec: 141.365
weight: 6.36433e-05
eec: 115.705
weight: 9.06864e-06
eec: 1668.39
weight: 1.8348e-05
eec: 945.691
weight: 2.01535e-05
eec: 1419.85
weight: 1.61791e-05
eec: 772.937
weight: 3.58195e-05
eec: 158.436
weight: 7.58497e-06
eec: 634.626
weight: 2.81966e-05
eec: 91.3553
weight: 2.81966e-05
eec: 424.015
weight: 1.3031e-07
eec: 1107.88
weight: 0.00012016
eec: 34.745
weight: 3.31606e-06
eec: 620.202
weight: 0.000115693
eec: 285.466
weight: 1.91587e-06
eec: 15.175
weight: 2.45959e-05
eec: 246.009
weight: 1.47508e-05
eec: 527.737
weight: 7.00341e-06
eec: 245.838
weight: 1.10234e-05
eec: 28.1671
weight: 2.43661e-06
eec: 18.5557
weight: 0.000220185
eec: 907.507
weight: 3.95212e-05
eec: 814.452
weight: 4.66398e-06
eec: 367.67
weight: 1.76264e-05
eec: 245.241
weight: 8.11727e-06
eec: 125.591
weight: 0.000210769
eec: 198.683
weight: 3.07525e-05
eec: 1434.38
weight: 0.000104554
eec: 893.591
weight: 6.82182e-06
eec: 711.501
weight: 4.65296e-05
eec: 67.5949
weight: 3.00299e-05
eec: 389.84
weight: 1.89472e-05
eec: 34.6776
weight: 0.000219941
eec: 67.4539
weight: 0.000219239
eec: 682.504
weight: 2.28598e-07
eec: 160.59
weight: 9.86814e-09
eec: 157.226
weight: 6.14734e-06
eec: 773.699
weight: 8.9571e-07
eec: 233.419
weight: 1.24665e-05
eec: 37.3455
weight: 0.000182462
eec: 6.30244
weight: 1.05057e-05
eec: 1475.76
weight: 4.76565e-06
eec: 254.463
weight: 8.72434e-05
eec: 62.4876
weight: 4.36014e-05
eec: 335.344
weight: 1.27944e-05
eec: 1326.51
weight: 1.69482e-05
eec: 159.957
weight: 1.14051e-07
eec: 2337.74
weight: 2.52173e-05
eec: 1254.07
weight: 4.51341e-05
eec: 741.742
weight: 0.000125898
eec: 396.692
weight: 6.31832e-06
eec: 194.933
weight: 5.22093e-06
eec: 886.283
weight: 2.02814e-05
eec: 392.628
weight: 0.00059527
eec: 241.142
weight: 6.462e-06
eec: 1488.67
weight: 5.22602e-05
eec: 288.357
weight: 9.57688e-05
eec: 185.068
weight: 5.3431e-06
eec: 380.158
weight: 5.3431e-06
eec: 388.341
weight: 1.07546e-05
eec: 758.878
weight: 4.49195e-05
eec: 130.553
weight: 2.30752e-05
eec: 316.334
weight: 7.57081e-05
eec: 606.853
weight: 3.31147e-06
eec: 365.086
weight: 9.01748e-06
eec: 750.285
weight: 4.88393e-06
eec: 97.2333
weight: 0.000118367
eec: 109.69
weight: 0.000182895
eec: 369.603
weight: 1.17753e-07
eec: 151.519
weight: 1.19392e-06
eec: 1147.3
weight: 2.7543e-05
eec: 248.515
weight: 5.10885e-05
eec: 612.799
weight: 1.51552e-06
eec: 211.38
weight: 1.07325e-07
eec: 297.691
weight: 0.00027459
eec: 512.889
weight: 0.000269118
eec: 635.685
weight: 9.08948e-05
eec: 92.1938
weight: 7.87669e-08
eec: 75.1534
weight: 0.000226264
eec: 509.775
weight: 4.40569e-07
eec: 859.844
weight: 0.000321118
eec: 144.723
weight: 0.000128681
eec: 112.983
Processing: 32.5325 %weight: 5.21974e-06
eec: 139.246
weight: 7.67309e-06
eec: 83.382
weight: 5.09527e-05
eec: 606.183
weight: 1.81695e-05
eec: 884.477
weight: 2.42764e-05
eec: 213.522
weight: 1.44176e-05
eec: 1461.97
weight: 0.000148887
eec: 400.009
weight: 1.61746e-05
eec: 1009.52
weight: 9.69429e-06
eec: 85.5073
weight: 1.30257e-05
eec: 69.7767
weight: 2.59985e-05
eec: 1250.99
weight: 4.28949e-07
eec: 717.618
weight: 6.64534e-06
eec: 733.318
weight: 0.000206404
eec: 109.891
weight: 0.000874615
eec: 831.131
weight: 0.000238034
eec: 517.984
weight: 0.000191639
eec: 128.13
weight: 1.36281e-05
eec: 1169.37
weight: 1.1947e-05
eec: 1695.77
weight: 1.66861e-05
eec: 501.147
weight: 1.54493e-05
eec: 1896.37
weight: 3.84884e-05
eec: 1299.15
weight: 0.000164028
eec: 22.6772
weight: 0.000208472
eec: 165.914
weight: 0.000119429
eec: 965.426
weight: 1.72703e-05
eec: 163.469
weight: 2.88545e-06
eec: 2980.38
weight: 2.67373e-05
eec: 927.734
weight: 6.30213e-06
eec: 120.411
weight: 5.90299e-05
eec: 348.32
weight: 1.18063e-06
eec: 1094.96
weight: 3.66839e-06
eec: 120.803
weight: 0.000206156
eec: 112.991
weight: 0.00011118
eec: 686.37
weight: 2.26065e-06
eec: 221.892
weight: 4.02693e-05
eec: 390.952
weight: 4.82472e-06
eec: 991.735
weight: 1.23044e-06
eec: 503.183
weight: 5.69155e-05
eec: 92.2976
weight: 2.94688e-05
eec: 1758.3
weight: 4.97698e-05
eec: 306.243
weight: 5.42852e-06
eec: 1657.07
weight: 5.71855e-05
eec: 137.22
weight: 7.20122e-05
eec: 980.504
weight: 7.98811e-05
eec: 269.145
weight: 6.30506e-05
eec: 58.1441
weight: 6.6051e-07
eec: 398.342
weight: 0.00010401
eec: 855.344
weight: 8.41813e-05
eec: 1732.07
weight: 8.41813e-05
eec: 68.8795
weight: 6.41724e-05
eec: 540.761
weight: 5.79331e-06
eec: 1330.96
weight: 0.000355794
eec: 200.512
weight: 5.75784e-05
eec: 48.6119
weight: 6.29606e-06
eec: 196.996
weight: 1.04838e-05
eec: 956.676
weight: 1.46663e-05
eec: 1547.02
weight: 2.92882e-05
eec: 312.425
weight: 0.000151852
eec: 218.322
weight: 1.22582e-05
eec: 822.079
weight: 0.000486003
eec: 488.091
weight: 2.21802e-05
eec: 1373.38
weight: 8.25109e-05
eec: 233.402
weight: 1.18021e-06
eec: 134.878
weight: 5.59417e-05
eec: 647.835
weight: 8.06391e-08
eec: 1710.7
weight: 1.9617e-05
eec: 575.31
weight: 1.40119e-05
eec: 4157.2
weight: 4.56132e-06
eec: 2075.42
weight: 9.61238e-05
eec: 1200.59
weight: 0.00103028
eec: 55.5513
weight: 3.24715e-05
eec: 730.841
weight: 4.75428e-05
eec: 71.2884
weight: 4.36455e-05
eec: 40.8251
weight: 0.000290305
eec: 128.111
weight: 0.000263639
eec: 74.8275
weight: 9.34818e-05
eec: 708.895
weight: 5.02676e-05
eec: 1224.18
weight: 6.56256e-05
eec: 27.7744
weight: 1.94838e-05
eec: 377.499
weight: 5.22704e-05
eec: 612.749
weight: 3.45134e-05
eec: 58.6314
weight: 0.000494771
eec: 50.3638
weight: 5.72986e-05
eec: 360.869
weight: 0.000506709
eec: 237.533
weight: 1.92357e-05
eec: 1831.98
weight: 2.75615e-05
eec: 58.3798
weight: 1.78774e-05
eec: 536.792
weight: 0.000247766
eec: 529.129
weight: 4.42744e-05
eec: 1540.4
weight: 0.000226374
eec: 416.839
weight: 2.92985e-05
eec: 143.705
weight: 2.93824e-05
eec: 719.526
weight: 2.02588e-05
eec: 636.255
weight: 6.25683e-06
eec: 1833.31
weight: 0.000207381
eec: 287.761
weight: 2.8103e-05
eec: 1024.56
weight: 7.92621e-05
eec: 233.806
weight: 3.6876e-05
eec: 98.0132
weight: 2.86878e-06
eec: 1969.44
weight: 3.58488e-05
eec: 452.754
weight: 8.07329e-06
eec: 131.378
weight: 1.24429e-06
eec: 68.5965
weight: 3.62432e-06
eec: 40.462
weight: 6.8404e-06
eec: 144.599
weight: 1.85907e-05
eec: 958.834
weight: 3.81365e-06
eec: 807.586
weight: 4.52939e-06
eec: 653.39
weight: 1.63682e-06
eec: 2386.6
weight: 6.03112e-06
eec: 191.697
weight: 2.30423e-05
eec: 2661.8
weight: 0.00371783
eec: 202.72
weight: 2.53395e-05
eec: 1296.03
weight: 0.000253528
eec: 604.845
weight: 2.15637e-05
eec: 1405.09
weight: 1.36572e-06
eec: 129.267
weight: 0.000480919
eec: 102.705
weight: 0.000707104
eec: 203.198
weight: 3.45186e-05
eec: 266.306
weight: 5.84022e-05
eec: 303.915
weight: 3.33034e-05
eec: 2556.8
weight: 0.000206774
eec: 114.069
weight: 4.09787e-08
eec: 783.322
weight: 0.000202108
eec: 209.212
weight: 2.76389e-06
eec: 223.569
weight: 2.21166e-06
eec: 100.707
weight: 0.000155659
eec: 659.698
weight: 4.32671e-05
eec: 113.141
weight: 1.51837e-06
eec: 434.156
weight: 1.59163e-05
eec: 1057.85
weight: 1.94017e-05
eec: 32.7815
weight: 0.000227575
eec: 28.301
weight: 3.39099e-07
eec: 1884.25
weight: 2.83252e-05
eec: 1868.14

ROOT exit code = 0
