gSystem->Load("run_condor_job_Run3_C.so");
run_condor_job_Run3(891, 100, 2,
                    80, 200,
                    1, 1, 1, 8);
.q

ENTERED run_condor_job_Run3()
JOBID = 891
  global job = 891  Job 91/100  events [5460000, 5520000)  total=6000000
Processing events [5460000, 5520000) of 6000000
weight: 2.71617e-07
eec: 616.008
weight: 2.68531e-05
eec: 64.2595
weight: 6.42335e-05
eec: 307.664
weight: 2.9703e-05
eec: 174.757
weight: 0.000127702
eec: 762.762
weight: 9.42435e-06
eec: 57.7843
weight: 8.35204e-05
eec: 239.511
weight: 1.10743e-05
eec: 2636.6
weight: 5.23248e-05
eec: 15.8452
weight: 0.00037106
eec: 574.549
weight: 1.24324e-05
eec: 1775.64
weight: 6.89998e-06
eec: 896.404
weight: 1.86592e-05
eec: 285.55
weight: 7.65315e-05
eec: 358.103
weight: 2.11674e-05
eec: 554.965
weight: 4.72879e-06
eec: 66.5533
weight: 9.99378e-06
eec: 688.347
weight: 2.37978e-06
eec: 72.8172
weight: 7.5096e-05
eec: 234.443
weight: 6.22577e-06
eec: 2185.61
weight: 1.19084e-06
eec: 624.943
weight: 2.80118e-05
eec: 505.759
weight: 4.2801e-06
eec: 402.355
weight: 1.13905e-05
eec: 203.901
weight: 3.27489e-05
eec: 1809.23
weight: 1.52002e-05
eec: 774.259
weight: 6.72379e-05
eec: 299.047
weight: 4.47101e-05
eec: 171.161
weight: 5.88989e-06
eec: 317.28
weight: 2.43464e-06
eec: 186.355
weight: 0.000140995
eec: 198.808
weight: 2.26297e-05
eec: 1161.33
weight: 1.2187e-05
eec: 972.415
weight: 5.34975e-05
eec: 202.991
weight: 5.43212e-05
eec: 395.756
weight: 1.02368e-05
eec: 486.211
weight: 1.02368e-05
eec: 1386.51
weight: 1.55777e-05
eec: 491.118
weight: 9.30295e-05
eec: 30.8249
weight: 2.45023e-06
eec: 467.045
weight: 2.81034e-06
eec: 1582.1
weight: 6.91753e-05
eec: 676.09
weight: 6.60063e-07
eec: 133.596
weight: 2.50745e-05
eec: 1109.37
weight: 9.55098e-06
eec: 736.851
weight: 7.06691e-05
eec: 309.641
weight: 0.000223119
eec: 45.3796
weight: 0.00010741
eec: 49.6978
weight: 5.83238e-06
eec: 30.4594
weight: 1.08699e-05
eec: 1666.79
weight: 1.1211e-06
eec: 275.108
weight: 1.24725e-06
eec: 135.294
weight: 1.13046e-06
eec: 1395.11
weight: 0.000158253
eec: 59.2452
weight: 3.5271e-05
eec: 459.763
weight: 0.000449991
eec: 845.505
weight: 2.47969e-05
eec: 686.859
weight: 5.66513e-08
eec: 217.534
weight: 6.18014e-05
eec: 1175.66
weight: 7.31779e-05
eec: 280.079
weight: 0.000411129
eec: 408.585
weight: 9.36911e-06
eec: 752.896
weight: 1.72177e-06
eec: 163.241
weight: 0.000400287
eec: 251.114
weight: 8.75157e-05
eec: 456.231
weight: 1.36543e-05
eec: 492.691
weight: 6.05836e-05
eec: 155.572
weight: 0.000149218
eec: 472.906
weight: 4.38272e-05
eec: 255.701
weight: 2.78814e-07
eec: 691.592
weight: 0.000209895
eec: 219.647
weight: 1.15028e-05
eec: 451.404
weight: 0.000176763
eec: 187.848
weight: 3.96804e-05
eec: 198.378
weight: 0.000367018
eec: 483.263
weight: 2.67886e-05
eec: 1006.75
weight: 0.000254074
eec: 84.6416
weight: 0.000167572
eec: 167.623
weight: 9.21802e-05
eec: 1472.68
weight: 2.29777e-06
eec: 136.525
weight: 0.00011718
eec: 773.542
weight: 0.00025361
eec: 103.705
weight: 7.81195e-05
eec: 596.725
weight: 4.70037e-05
eec: 477.441
weight: 1.9523e-05
eec: 324.153
weight: 1.16499e-05
eec: 687.518
weight: 1.30325e-06
eec: 137.627
weight: 0.000300143
eec: 782.732
weight: 2.93908e-06
eec: 200.452
weight: 3.29909e-05
eec: 1999.49
weight: 0.000551275
eec: 1668.58
weight: 2.55544e-05
eec: 82.7779
weight: 6.07801e-07
eec: 8.81501
weight: 2.38877e-05
eec: 500.995
weight: 5.33012e-06
eec: 1089.35
weight: 8.24156e-05
eec: 58.378
weight: 6.07801e-05
eec: 1568.61
weight: 1.02915e-05
eec: 355.974
weight: 1.95778e-05
eec: 233.623
weight: 6.70884e-07
eec: 195.817
weight: 6.30765e-05
eec: 201.808
weight: 7.86693e-05
eec: 1167.33
weight: 8.31578e-05
eec: 726.708
weight: 8.12391e-06
eec: 1816.97
weight: 0.000484594
eec: 764.132
weight: 0.000289522
eec: 238.229
weight: 1.04874e-05
eec: 383.227
weight: 2.89325e-07
eec: 306.557
weight: 5.37696e-07
eec: 1853.2
weight: 3.46239e-05
eec: 89.568
weight: 2.39255e-05
eec: 1208.35
weight: 0.00115645
eec: 348.226
weight: 6.25589e-05
eec: 567.524
weight: 4.70709e-05
eec: 339.842
weight: 1.89022e-06
eec: 2332.82
weight: 2.924e-05
eec: 409.737
weight: 4.13491e-08
eec: 124.808
weight: 2.78149e-05
eec: 1779.79
weight: 6.67244e-05
eec: 200.696
weight: 1.35533e-05
eec: 301.509
weight: 5.59731e-05
eec: 270.421
weight: 6.24036e-05
eec: 1111.36
weight: 2.12321e-05
eec: 593.026
weight: 9.42649e-06
eec: 676.409
weight: 8.6424e-06
eec: 246.846
weight: 0.000115546
eec: 634.609
weight: 9.94534e-05
eec: 31.8694
weight: 0.000143869
eec: 1192.33
weight: 3.76828e-05
eec: 2436.95
weight: 0.00017002
eec: 548.984
weight: 6.87131e-06
eec: 270.509
weight: 9.14074e-06
eec: 540.014
weight: 6.80071e-05
eec: 157.372
weight: 1.25376e-05
eec: 703.369
weight: 4.57875e-09
eec: 1280.24
weight: 2.51551e-05
eec: 114.143
weight: 3.23508e-06
eec: 349.93
weight: 9.54974e-05
eec: 921.585
weight: 0.00041142
eec: 363.693
weight: 6.20892e-05
eec: 2242.5
weight: 5.61971e-05
eec: 1800.57
weight: 0.000140531
eec: 102.732
weight: 0.000185278
eec: 383.856
weight: 2.90538e-05
eec: 110.691
weight: 4.39692e-05
eec: 161.23
weight: 2.06991e-07
eec: 277.029
weight: 6.20739e-07
eec: 135.024
weight: 4.8775e-07
eec: 274.872
weight: 3.48197e-05
eec: 1414.55
weight: 4.70643e-06
eec: 765.793
weight: 2.54152e-05
eec: 497.254
weight: 2.28075e-05
eec: 140.332
weight: 3.00934e-06
eec: 1793.08
weight: 7.82316e-07
eec: 954.739
weight: 3.93699e-05
eec: 100.601
weight: 1.83853e-05
eec: 1261.17
weight: 3.61584e-06
eec: 353.457
weight: 0.000377862
eec: 995.351
weight: 2.16122e-05
eec: 181.675
weight: 4.72859e-05
eec: 121.854
weight: 7.44161e-05
eec: 658.403
weight: 8.89542e-06
eec: 2191.6
weight: 5.79612e-06
eec: 699.594
weight: 4.62158e-05
eec: 39.334
Processing: 91.6667 %weight: 0.000105627
eec: 399.229
weight: 1.56897e-06
eec: 939.194
weight: 6.30008e-08
eec: 867.223
weight: 1.11219e-05
eec: 524.687
weight: 0.000111621
eec: 596.1
weight: 3.43414e-06
eec: 186.212
weight: 9.12859e-05
eec: 96.7992
weight: 4.00533e-06
eec: 1703.65
weight: 1.01329e-05
eec: 1508.54
weight: 1.91274e-05
eec: 517.876
weight: 1.20001e-06
eec: 458.795
weight: 0.000138467
eec: 235.57
weight: 6.18825e-05
eec: 243.178
weight: 5.47746e-06
eec: 1610.27
weight: 4.68814e-05
eec: 2263.03
weight: 2.51415e-05
eec: 54.4933
weight: 8.45621e-05
eec: 451.627
weight: 7.99914e-05
eec: 1436.08
weight: 5.3888e-06
eec: 1683.71
weight: 2.17556e-06
eec: 970.365
weight: 8.55153e-05
eec: 1083.74
weight: 2.24609e-05
eec: 142.706
weight: 1.46905e-05
eec: 22.395
weight: 4.43896e-05
eec: 63.1829
weight: 4.86509e-07
eec: 511.323
weight: 2.27392e-05
eec: 613.247
weight: 0.000104911
eec: 449.506
weight: 4.65859e-05
eec: 479.205
weight: 1.29512e-05
eec: 56.9356
weight: 3.22839e-09
eec: 215.121
weight: 1.37498e-06
eec: 109.961
weight: 2.1186e-05
eec: 3573.22
weight: 2.1186e-05
eec: 531.218
weight: 2.83019e-05
eec: 17.4744
weight: 0.000100413
eec: 5614.6
weight: 8.9118e-05
eec: 356.931
weight: 1.1323e-05
eec: 68.2872
weight: 1.42085e-05
eec: 518.293
weight: 5.68015e-06
eec: 2270.45
weight: 0.000112819
eec: 579.715
weight: 3.05849e-05
eec: 963.759
weight: 3.54113e-06
eec: 138.995
weight: 7.29155e-06
eec: 1102.77
weight: 3.83842e-05
eec: 910.598
weight: 7.89214e-07
eec: 843.05
weight: 0.000131036
eec: 81.6755
weight: 9.60976e-05
eec: 70.6996
weight: 2.20638e-06
eec: 18.9181
weight: 0.00027824
eec: 496.875
weight: 0.000107197
eec: 110.503
weight: 7.75659e-05
eec: 351.495
weight: 0.000270732
eec: 69.7189
weight: 0.000122595
eec: 617.188
weight: 0.000154017
eec: 38.7609
weight: 3.97606e-05
eec: 533.528
weight: 0.000100131
eec: 825.691
weight: 7.59172e-05
eec: 248.499
weight: 9.14294e-05
eec: 1060.88
weight: 4.29255e-06
eec: 513.265
weight: 2.50575e-05
eec: 58.8048
weight: 6.47101e-05
eec: 186.352
weight: 3.99243e-05
eec: 378.149
weight: 0.000550142
eec: 698.483
weight: 2.70067e-07
eec: 2089.52
weight: 6.32191e-05
eec: 769.847
weight: 8.12741e-05
eec: 2146.18
weight: 3.01312e-05
eec: 258.205
weight: 2.03794e-05
eec: 329.326
weight: 0.000570542
eec: 333.87
weight: 3.66879e-06
eec: 522.046
weight: 0.000150055
eec: 29.8539
weight: 7.84714e-06
eec: 82.4481
weight: 4.91418e-06
eec: 504.402
weight: 0.000296675
eec: 367.829
weight: 8.07464e-08
eec: 2451.84
weight: 0.000168655
eec: 98.4434
weight: 0.000139566
eec: 335.026
weight: 9.3353e-06
eec: 2788.23

ROOT exit code = 0
