gSystem->Load("run_condor_job_Run3_C.so");
run_condor_job_Run3(981, 100, 2,
                    80, 200,
                    1, 1, 1, 9);
.q

ENTERED run_condor_job_Run3()
JOBID = 981
  global job = 981  Job 81/100  events [4816260, 4875720)  total=5946000
Processing events [4816260, 4875720) of 5946000
weight: 1.44857e-05
eec: 1325.13
weight: 0.000304052
eec: 378.729
weight: 1.15111e-05
eec: 107.674
weight: 0.000142787
eec: 71.7615
weight: 1.09868e-05
eec: 650.552
weight: 2.73553e-05
eec: 284.974
weight: 2.24431e-06
eec: 624.665
weight: 2.53536e-06
eec: 624.686
weight: 4.22307e-05
eec: 522.423
weight: 0.00121807
eec: 256.099
weight: 1.15083e-05
eec: 2408.72
weight: 0.0003007
eec: 300.712
weight: 3.06761e-05
eec: 278.187
weight: 9.13493e-07
eec: 400.373
weight: 1.61827e-05
eec: 1670.26
weight: 7.12499e-05
eec: 180.642
weight: 3.68102e-05
eec: 240.57
weight: 6.47962e-06
eec: 936.731
weight: 0.000166161
eec: 528.827
weight: 0.000402413
eec: 56.8505
weight: 7.15901e-05
eec: 1327.44
weight: 7.38749e-05
eec: 1336.59
weight: 2.03044e-05
eec: 2382.35
weight: 0.000142479
eec: 24.693
weight: 4.14839e-05
eec: 273.562
weight: 0.000142719
eec: 20.3397
weight: 4.41831e-06
eec: 1823.16
weight: 3.63216e-05
eec: 361.032
weight: 3.63216e-05
eec: 659.571
weight: 0.000943191
eec: 100.635
weight: 0.00013389
eec: 528.267
weight: 4.46364e-07
eec: 139.313
weight: 5.48916e-08
eec: 259.044
weight: 0.000221588
eec: 47.6864
weight: 4.72535e-05
eec: 1018.05
weight: 1.74854e-06
eec: 925.105
weight: 3.22133e-08
eec: 97.5476
weight: 1.60276e-06
eec: 76.847
weight: 1.27888e-05
eec: 2269.57
weight: 4.80748e-06
eec: 3263.34
weight: 3.43029e-05
eec: 944.54
weight: 1.06373e-05
eec: 411.667
weight: 4.60796e-05
eec: 2440.23
weight: 1.02047e-05
eec: 31.6689
weight: 9.92632e-06
eec: 1483.95
weight: 2.43529e-05
eec: 299.145
weight: 0.000143142
eec: 205.635
weight: 2.29806e-05
eec: 6.74949
weight: 1.81313e-05
eec: 184.525
weight: 5.15683e-05
eec: 45.5006
weight: 0.000349812
eec: 2198.08
weight: 0.00201999
eec: 275.548
weight: 2.73835e-05
eec: 472.983
weight: 5.52309e-05
eec: 126.645
weight: 8.2653e-05
eec: 156.567
weight: 8.66955e-05
eec: 614.947
weight: 5.03305e-06
eec: 216.116
weight: 0.000624092
eec: 533.155
weight: 8.01833e-06
eec: 428.809
weight: 2.24144e-05
eec: 358.195
weight: 0.000364622
eec: 201.311
weight: 0.00012311
eec: 33.4227
weight: 2.23044e-06
eec: 40.1868
weight: 0.000291588
eec: 60.8068
weight: 6.92351e-06
eec: 298.911
weight: 3.49947e-07
eec: 1406.22
weight: 1.16306e-06
eec: 100.953
weight: 1.1443e-05
eec: 1121.13
weight: 1.09315e-05
eec: 39.049
weight: 1.3212e-06
eec: 175.489
weight: 2.4349e-07
eec: 3354.73
weight: 4.10745e-05
eec: 554.196
weight: 4.17957e-05
eec: 76.8977
weight: 9.60197e-05
eec: 1904.25
weight: 1.92224e-05
eec: 428.489
weight: 0.000614107
eec: 435.929
weight: 4.52745e-06
eec: 230.323
weight: 1.91517e-05
eec: 740.737
weight: 1.57374e-05
eec: 680.735
weight: 4.38476e-05
eec: 27.2027
weight: 1.35991e-05
eec: 280.798
weight: 0.000375325
eec: 235.817
weight: 0.000111288
eec: 616.948
weight: 2.95397e-06
eec: 278.461
weight: 5.54241e-06
eec: 62.2703
weight: 3.18162e-05
eec: 805.417
weight: 0.000171396
eec: 576.817
weight: 6.77035e-05
eec: 316.289
weight: 2.81291e-05
eec: 188.23
weight: 0.000101263
eec: 510.776
weight: 2.67472e-05
eec: 189.054
weight: 1.15752e-06
eec: 56.6946
weight: 0.00028015
eec: 287.149
weight: 4.01733e-08
eec: 1183.58
weight: 1.98749e-08
eec: 960.384
weight: 8.7593e-05
eec: 559.903
weight: 7.57138e-07
eec: 579.56
weight: 1.75262e-05
eec: 1758.67
weight: 1.97221e-05
eec: 350.182
weight: 3.60455e-06
eec: 2315.02
weight: 6.35476e-05
eec: 504.566
weight: 7.61456e-05
eec: 213.244
weight: 0.000198495
eec: 642.392
weight: 6.91944e-06
eec: 569.007
weight: 0.000241777
eec: 325.172
weight: 0.000260436
eec: 278.024
weight: 0.000222477
eec: 93.0073
weight: 8.76293e-06
eec: 311.005
weight: 3.30346e-05
eec: 1183.01
weight: 3.26071e-05
eec: 96.6866
weight: 0.000113982
eec: 286.142
weight: 1.19261e-05
eec: 423.93
weight: 3.14448e-05
eec: 134.075
weight: 0.000512719
eec: 563.872
weight: 2.21031e-05
eec: 233.207
weight: 0.000594193
eec: 717.636
weight: 6.12261e-06
eec: 1802
weight: 1.13738e-05
eec: 1108.62
weight: 3.13438e-05
eec: 740.889
weight: 9.13688e-06
eec: 563.723
weight: 8.02684e-06
eec: 874.584
weight: 9.83007e-05
eec: 446.802
weight: 3.40994e-05
eec: 296.565
weight: 0.000325422
eec: 287.062
weight: 4.22283e-05
eec: 803.451
weight: 2.08861e-05
eec: 735.591
weight: 3.81942e-05
eec: 100.769
weight: 1.06223e-05
eec: 115.159
weight: 4.64462e-07
eec: 2027.53
weight: 5.32539e-06
eec: 875.993
weight: 4.43142e-06
eec: 150.881
weight: 6.13886e-06
eec: 2408.86
weight: 0.000136646
eec: 362.616
weight: 7.38939e-06
eec: 95.8905
weight: 3.31888e-05
eec: 1469.05
weight: 9.99662e-05
eec: 1975.43
weight: 0.000101398
eec: 332.938
weight: 4.28097e-05
eec: 593.928
weight: 6.19558e-05
eec: 819.504
weight: 4.504e-06
eec: 383.73
Processing: 81.5674 %weight: 3.57935e-05
eec: 186.134
weight: 1.69265e-06
eec: 866.317
weight: 0.000550629
eec: 192.43
weight: 5.352e-05
eec: 99.9731
weight: 2.25566e-05
eec: 45.1257
weight: 3.28138e-05
eec: 174.858
weight: 3.20375e-07
eec: 465.291
weight: 1.11508e-06
eec: 1364.64
weight: 0.000273538
eec: 74.4294
weight: 8.55979e-06
eec: 525.38
weight: 1.94326e-05
eec: 709.558
weight: 0.000299166
eec: 279.326
weight: 1.23285e-06
eec: 635.198
weight: 2.26225e-05
eec: 1899.9
weight: 4.46354e-05
eec: 406.583
weight: 0.000116783
eec: 48.8509
weight: 0.000744286
eec: 241.849
weight: 1.86153e-06
eec: 103.112
weight: 0.000565631
eec: 51.7482
weight: 7.13981e-07
eec: 1340.27
weight: 7.54966e-05
eec: 29.9103
weight: 8.26196e-06
eec: 808.524
weight: 6.48745e-06
eec: 27.2121
weight: 1.07424e-05
eec: 171.463
weight: 3.47924e-05
eec: 736.016
weight: 4.90526e-06
eec: 420.354
weight: 2.4616e-05
eec: 287.898
weight: 1.08218e-07
eec: 918.965
weight: 7.14805e-06
eec: 39.0086
weight: 8.06993e-05
eec: 772.995
weight: 0.000227177
eec: 366.36
weight: 5.61145e-05
eec: 71.1324
weight: 1.17578e-05
eec: 403.791
weight: 8.62988e-07
eec: 6666
weight: 0.000146574
eec: 841.949
weight: 1.21543e-05
eec: 1733.36
weight: 1.84932e-05
eec: 161.169
weight: 1.44797e-05
eec: 595.617
weight: 1.41398e-05
eec: 417.218
weight: 1.94457e-05
eec: 238.507
weight: 3.4682e-05
eec: 179.101
weight: 7.846e-05
eec: 233.528
weight: 0.000234425
eec: 138.324
weight: 0.000117084
eec: 228.799
weight: 0.000256074
eec: 231.532
weight: 0.00531381
eec: 288.255
weight: 5.20743e-05
eec: 688.45
weight: 1.62184e-05
eec: 1147.37
weight: 6.39783e-05
eec: 104.554
weight: 2.51984e-06
eec: 1000.98
weight: 8.34886e-06
eec: 150.559
weight: 3.70969e-05
eec: 429.445
weight: 1.62709e-05
eec: 207.805
weight: 3.54112e-07
eec: 701.822
weight: 3.54112e-07
eec: 91.0529
weight: 2.1369e-05
eec: 193.265
weight: 0.00499104
eec: 644.052
weight: 4.99908e-06
eec: 114.798
weight: 2.41223e-06
eec: 1017.74
weight: 2.34589e-06
eec: 1281.09
weight: 1.15609e-06
eec: 13.2127
weight: 1.35843e-05
eec: 208.269
weight: 2.82725e-05
eec: 54.6182
weight: 2.45646e-06
eec: 108.905
weight: 4.47359e-06
eec: 80.0085
weight: 1.80475e-06
eec: 285.584
weight: 8.47799e-06
eec: 401.999
weight: 2.51677e-05
eec: 1058.78
weight: 1.04363e-05
eec: 1042.11
weight: 2.02519e-06
eec: 1939.13
weight: 1.06708e-05
eec: 1063.62
weight: 2.58378e-05
eec: 885.409
weight: 1.87473e-05
eec: 41.8808
weight: 3.62577e-05
eec: 27.9127
weight: 3.32321e-06
eec: 934.94
weight: 1.50342e-05
eec: 262.332
weight: 3.83049e-05
eec: 88.2932
weight: 0.000197709
eec: 804.552
weight: 3.38198e-05
eec: 515.929
weight: 2.43204e-07
eec: 1287.16
weight: 4.02202e-06
eec: 587.614
weight: 1.94938e-05
eec: 1654.14
weight: 7.34499e-05
eec: 246.075
weight: 5.84941e-07
eec: 1920.1
weight: 1.88284e-06
eec: 1964.61
weight: 0.000170194
eec: 991.132
weight: 1.91507e-05
eec: 625.845
weight: 6.45539e-05
eec: 84.0828
weight: 1.24275e-05
eec: 653.363
weight: 0.00064871
eec: 321.259
weight: 8.91261e-06
eec: 145.107
weight: 0.000118524
eec: 1705.08
weight: 0.000204383
eec: 227.537
weight: 3.432e-07
eec: 768.926
weight: 3.25412e-05
eec: 1051.21
weight: 4.24599e-05
eec: 38.4659
weight: 9.05338e-05
eec: 46.9896
weight: 2.04364e-06
eec: 841.033
weight: 8.03622e-05
eec: 356.341
weight: 3.52231e-07
eec: 206.951
weight: 1.0411e-05
eec: 1634.6
weight: 5.25087e-05
eec: 94.1153

ROOT exit code = 0
