gSystem->Load("run_condor_job_Run3_C.so");
run_condor_job_Run3(455, 100, 2,
                    80, 200,
                    1, 1, 1, 4);
.q

ENTERED run_condor_job_Run3()
JOBID = 455
  global job = 455  Job 55/100  events [3243900, 3302880)  total=5898000
Processing events [3243900, 3302880) of 5898000
weight: 5.7071e-05
eec: 109.197
weight: 2.455e-05
eec: 470.844
weight: 0.000174291
eec: 83.9103
weight: 5.10699e-06
eec: 389.225
weight: 0.000126436
eec: 964.928
weight: 0.000270578
eec: 242.075
weight: 9.7781e-05
eec: 148.194
weight: 1.2456e-05
eec: 645.733
weight: 9.92789e-06
eec: 50.3126
weight: 0.000324102
eec: 34.1229
weight: 0.000266097
eec: 566.844
weight: 5.94639e-05
eec: 704.681
weight: 1.61715e-06
eec: 83.9175
weight: 5.54969e-07
eec: 442.829
weight: 5.28089e-06
eec: 936.27
weight: 0.000314159
eec: 270.167
weight: 0.000129163
eec: 1656.21
weight: 9.67302e-07
eec: 67.0623
weight: 0.000188256
eec: 293.62
weight: 4.14211e-06
eec: 101.99
weight: 0.000119921
eec: 104.08
Processing: 55.1034 %weight: 1.27005e-05
eec: 208.227
weight: 2.10027e-05
eec: 821.562
weight: 1.43376e-05
eec: 978.373
weight: 1.90762e-07
eec: 595.06
weight: 5.83622e-05
eec: 106.799
weight: 4.24232e-05
eec: 647.883
weight: 2.26046e-05
eec: 12.3617
weight: 4.85609e-05
eec: 117.238
weight: 1.7996e-05
eec: 984.578
weight: 8.7118e-05
eec: 156.918
weight: 3.14392e-05
eec: 42.1805
weight: 0.00014371
eec: 793.834
weight: 2.6277e-05
eec: 98.3325
weight: 4.09139e-05
eec: 877.688
weight: 1.10588e-05
eec: 281.129
weight: 7.36707e-05
eec: 135.649
weight: 0.000104015
eec: 623.991
weight: 2.56103e-05
eec: 642.343
weight: 0.000130322
eec: 573.54
weight: 1.13097e-05
eec: 627.151
weight: 6.6891e-08
eec: 287.644
weight: 2.11747e-05
eec: 1615.49
weight: 1.82632e-05
eec: 1373.74
weight: 3.12962e-05
eec: 492.932
weight: 1.24593e-05
eec: 2021.8
weight: 6.69237e-06
eec: 1578.48
weight: 7.21378e-06
eec: 39.2964
weight: 0.000235399
eec: 1135.91
weight: 3.95557e-05
eec: 494.945
weight: 9.05869e-06
eec: 420.214
weight: 3.81988e-05
eec: 637.647
weight: 8.81625e-06
eec: 432.583
weight: 3.79373e-05
eec: 568.278
weight: 0.000508693
eec: 391.777
weight: 1.14172e-05
eec: 2767.2
weight: 6.10937e-06
eec: 2181.82
weight: 7.07299e-05
eec: 1395.54
weight: 7.00687e-05
eec: 944.877
weight: 4.54039e-06
eec: 1658.02
weight: 5.25433e-07
eec: 878.118
weight: 0.000141843
eec: 230.659
weight: 1.14275e-05
eec: 895.773
weight: 1.11585e-05
eec: 1919.38
weight: 2.93462e-05
eec: 1211.21
weight: 3.09612e-05
eec: 2779.62
weight: 2.27133e-06
eec: 1080.7
weight: 1.45892e-05
eec: 1700.32
weight: 0.000106515
eec: 34.6934
weight: 5.04895e-05
eec: 786.236
weight: 9.18751e-06
eec: 3285.33
weight: 2.29812e-05
eec: 264.562
weight: 6.81542e-05
eec: 154.208
weight: 0.000410615
eec: 45.5603
weight: 7.64571e-06
eec: 711.086
weight: 3.37523e-05
eec: 459.033
weight: 1.01871e-05
eec: 807.985
weight: 4.30344e-05
eec: 191.379
weight: 1.99077e-05
eec: 294.02
weight: 0.00110479
eec: 691.88
weight: 0.000167127
eec: 1140.93
weight: 1.7362e-07
eec: 543.89
weight: 2.92728e-06
eec: 244.055
weight: 0.00052415
eec: 191.94
weight: 0.000877836
eec: 471.541
weight: 7.36475e-05
eec: 821.499
weight: 1.14655e-05
eec: 128.917
weight: 3.01347e-06
eec: 324.806
weight: 1.51767e-06
eec: 2348.79
weight: 8.98489e-05
eec: 458.315
weight: 9.68712e-05
eec: 211.011
weight: 1.13872e-05
eec: 654.229
weight: 9.77266e-06
eec: 92.6469
weight: 5.49661e-06
eec: 832.644
weight: 3.22598e-08
eec: 712.783
weight: 3.6559e-05
eec: 1405.38
weight: 2.38418e-06
eec: 929.993
weight: 1.7168e-06
eec: 18.439
weight: 1.18442e-05
eec: 212.523
weight: 4.37569e-05
eec: 642.314
weight: 4.81489e-05
eec: 68.1744
weight: 1.23518e-06
eec: 286.502
weight: 7.28312e-06
eec: 1240.95
weight: 0.000638557
eec: 338.181
weight: 0.000253792
eec: 100.7
weight: 1.34153e-05
eec: 372.84
weight: 7.83205e-06
eec: 107.336
weight: 0.00119686
eec: 1649.3
weight: 0.000204964
eec: 110.758
weight: 9.43452e-05
eec: 769.356
weight: 2.38417e-05
eec: 911.887
weight: 0.000111009
eec: 851.387
weight: 2.76882e-05
eec: 426.23
weight: 2.45503e-06
eec: 664.886
weight: 5.91211e-05
eec: 171.046
weight: 8.78131e-06
eec: 320.623
weight: 0.000353982
eec: 48.3902
weight: 7.91636e-06
eec: 726.672
weight: 0.000143945
eec: 114.493
weight: 3.38617e-05
eec: 707.74
weight: 0.000137417
eec: 445.32
weight: 1.26944e-05
eec: 458.295
weight: 9.00894e-06
eec: 124.072
weight: 3.73966e-07
eec: 164.763
weight: 1.32912e-07
eec: 320.244
weight: 2.19058e-08
eec: 4.92163
weight: 1.95528e-05
eec: 1648.22
weight: 0.000810998
eec: 50.7012
weight: 2.56203e-05
eec: 9.39299
weight: 2.56203e-05
eec: 93.0798
weight: 0.000289364
eec: 429.23
weight: 8.43144e-06
eec: 433.52
weight: 3.48335e-05
eec: 617.672
weight: 1.03472e-05
eec: 55.5618
weight: 1.40556e-05
eec: 95.953
weight: 0.000142429
eec: 234.503
weight: 0.000130494
eec: 117.284
weight: 7.93001e-05
eec: 963.205
weight: 0.000125151
eec: 57.1039
weight: 4.15773e-05
eec: 308.092
weight: 1.4495e-05
eec: 465.816
weight: 2.83055e-05
eec: 158.597
weight: 0.000140023
eec: 161.339
weight: 0.000396761
eec: 571.828
weight: 0.000211309
eec: 103.325
weight: 0.000166938
eec: 493.156
weight: 2.27015e-06
eec: 3582.98
weight: 4.02814e-07
eec: 1478.55
weight: 1.5281e-05
eec: 647.793
weight: 5.03847e-05
eec: 604.23
weight: 1.11128e-08
eec: 525.059
weight: 7.00145e-05
eec: 153.257
weight: 2.55245e-05
eec: 1538.75
weight: 0.00021192
eec: 209.837
weight: 0.00054432
eec: 68.7274
weight: 0.000196259
eec: 32.0201
weight: 1.49454e-05
eec: 814.71
weight: 1.80551e-05
eec: 942.161
weight: 6.98838e-05
eec: 405.636
weight: 2.0886e-05
eec: 73.5097
weight: 0.000258258
eec: 291.6
weight: 2.97198e-06
eec: 131.6
weight: 3.42591e-05
eec: 1602.94
weight: 1.8001e-06
eec: 395.246
weight: 6.88438e-06
eec: 447.241
weight: 0.000230919
eec: 640.533
weight: 5.2644e-05
eec: 992.792
weight: 3.60067e-05
eec: 202.395
weight: 0.000100591
eec: 382.849
weight: 2.31672e-05
eec: 548.291
weight: 0.000450117
eec: 180.716
weight: 0.000117889
eec: 1303.78
weight: 3.18939e-05
eec: 1017.17
weight: 1.61424e-06
eec: 413.972
weight: 4.26399e-06
eec: 1030.94
weight: 2.49596e-05
eec: 1297.8
weight: 5.25349e-06
eec: 889.821
weight: 9.17916e-06
eec: 1851.24
weight: 3.01052e-05
eec: 80.6531
weight: 3.0908e-06
eec: 45.7111
weight: 2.64599e-05
eec: 1450.44
weight: 6.8223e-05
eec: 255.088
weight: 0.000142413
eec: 568.454
weight: 3.32864e-05
eec: 986.981
weight: 0.000291958
eec: 453.014
weight: 8.24586e-05
eec: 455.95
weight: 0.000589661
eec: 466.71
weight: 2.05514e-05
eec: 16.0008
weight: 0.000275593
eec: 140.879
weight: 2.68913e-06
eec: 121.136
weight: 2.61959e-05
eec: 84.5959
weight: 2.88044e-05
eec: 175.257
weight: 5.1003e-05
eec: 486.84
weight: 0.000514798
eec: 151.089
weight: 7.65791e-06
eec: 925.287
weight: 3.28081e-05
eec: 296.783
weight: 2.77125e-05
eec: 1085.03
weight: 8.80215e-06
eec: 2452.14
weight: 8.39059e-05
eec: 183.04
weight: 7.98012e-05
eec: 191.667
weight: 4.22099e-05
eec: 322.533
weight: 3.80552e-06
eec: 638.99
weight: 9.42555e-05
eec: 21.8457
weight: 4.47693e-07
eec: 753.53
weight: 0.000204231
eec: 180.092
weight: 2.6147e-05
eec: 274.188
weight: 2.89081e-05
eec: 436.114
weight: 5.5475e-07
eec: 1330.4
weight: 2.7702e-06
eec: 189.831
weight: 0.000395706
eec: 332.219
weight: 0.000164917
eec: 161.747
weight: 0.00279653
eec: 137.889
weight: 1.68475e-06
eec: 434.061
weight: 1.48696e-07
eec: 627.805
weight: 8.66785e-05
eec: 208.592
weight: 1.07261e-05
eec: 330.903
weight: 7.14501e-05
eec: 56.7709
weight: 2.35028e-06
eec: 223.345
weight: 3.00918e-05
eec: 135.241
weight: 2.63313e-05
eec: 120.464
weight: 5.18119e-05
eec: 1115.69
weight: 4.63322e-05
eec: 1152.52
weight: 0.000103736
eec: 33.3376
weight: 9.84364e-05
eec: 28.5981
weight: 0.000105271
eec: 196.059
weight: 2.03309e-07
eec: 20.4116
weight: 6.34145e-05
eec: 427.357
weight: 3.53319e-05
eec: 162.476
weight: 4.58027e-05
eec: 386.054
weight: 1.57694e-05
eec: 631.469
weight: 1.37172e-06
eec: 425.733
weight: 1.37172e-06
eec: 195.938
weight: 0.000100924
eec: 1909.72
weight: 2.19769e-05
eec: 430.641
weight: 2.24423e-05
eec: 1034.56
weight: 1.19178e-06
eec: 811.717
weight: 9.95863e-06
eec: 1861.16
weight: 0.000135826
eec: 247.373
weight: 1.78e-05
eec: 1316.69
Processing: 55.9512 %weight: 0.000146965
eec: 767.789
weight: 3.30597e-06
eec: 158.036
weight: 5.25635e-05
eec: 1132.19
weight: 7.17227e-06
eec: 346.356
weight: 0.00010415
eec: 116.508
weight: 1.11277e-06
eec: 243.907
weight: 6.61278e-06
eec: 879.647
weight: 1.90989e-05
eec: 252.277
weight: 1.15909e-06
eec: 638.089
weight: 0.000145768
eec: 271.703
weight: 0.000111397
eec: 8.6004

ROOT exit code = 0
