gSystem->Load("run_condor_job_Run3_C.so");
run_condor_job_Run3(773, 100, 2,
                    80, 200,
                    1, 1, 1, 7);
.q

ENTERED run_condor_job_Run3()
JOBID = 773
  global job = 773  Job 73/100  events [4156620, 4213560)  total=5694000
Processing events [4156620, 4213560) of 5694000
weight: 0.000114166
eec: 255.282
weight: 4.30371e-05
eec: 687.09
weight: 2.06952e-05
eec: 1070.95
weight: 3.12258e-06
eec: 1143.76
weight: 3.03625e-05
eec: 251.983
weight: 3.26834e-06
eec: 70.8525
weight: 3.26834e-06
eec: 236.501
weight: 3.28481e-05
eec: 1541.32
weight: 2.6044e-05
eec: 2718.92
weight: 4.02587e-05
eec: 258.61
weight: 1.14211e-05
eec: 804.02
weight: 0.00028033
eec: 2240.94
weight: 3.53809e-05
eec: 226.143
weight: 5.82401e-07
eec: 64.6264
weight: 0.000179692
eec: 375.14
weight: 4.56913e-07
eec: 490.014
weight: 0.000107122
eec: 683.239
weight: 3.61169e-05
eec: 339.07
weight: 7.25169e-06
eec: 1295.33
weight: 9.04241e-06
eec: 1370.23
weight: 3.68906e-05
eec: 1105.62
weight: 2.74538e-06
eec: 452.029
weight: 5.43428e-05
eec: 2426.9
weight: 3.60423e-06
eec: 217.423
weight: 3.23332e-07
eec: 1078.18
weight: 4.30687e-05
eec: 531.64
weight: 3.92135e-05
eec: 101.413
weight: 0.000263088
eec: 428.567
weight: 2.54356e-05
eec: 944.328
weight: 8.02137e-06
eec: 1372.88
weight: 1.89494e-05
eec: 389.86
weight: 1.02753e-05
eec: 662.563
weight: 1.55137e-06
eec: 786.612
weight: 3.99093e-05
eec: 901.322
weight: 2.69825e-05
eec: 412.557
weight: 0.000505087
eec: 862.335
weight: 2.58312e-05
eec: 349.887
weight: 1.22891e-05
eec: 169.156
weight: 2.11246e-05
eec: 641.333
weight: 7.72159e-05
eec: 18.5394
weight: 0.000158628
eec: 506.713
weight: 0.000233799
eec: 178.424
weight: 1.62226e-05
eec: 475.091
weight: 5.40889e-06
eec: 2060.2
weight: 6.80579e-06
eec: 171.226
weight: 3.04299e-05
eec: 244.407
weight: 0.000251708
eec: 365.98
weight: 8.89231e-05
eec: 408.202
weight: 5.76651e-05
eec: 39.5874
weight: 4.89213e-07
eec: 18.1022
weight: 1.36761e-05
eec: 351.829
weight: 3.74234e-05
eec: 210.954
weight: 1.74188e-05
eec: 57.0896
weight: 6.82172e-05
eec: 1475.39
weight: 6.44076e-05
eec: 1067.23
weight: 9.26744e-05
eec: 524.325
weight: 5.23558e-05
eec: 250.919
weight: 6.34933e-05
eec: 207.432
weight: 2.33013e-05
eec: 2195.94
weight: 9.87549e-05
eec: 248.265
weight: 2.8865e-05
eec: 95.2426
weight: 3.11464e-05
eec: 849.653
weight: 8.58889e-05
eec: 437.207
weight: 4.66824e-06
eec: 240.403
weight: 6.41136e-05
eec: 471.074
weight: 3.93354e-05
eec: 423.031
weight: 1.72806e-06
eec: 178.269
weight: 1.09082e-06
eec: 2512.24
weight: 6.0574e-05
eec: 304.461
weight: 2.43217e-05
eec: 70.123
weight: 1.97063e-05
eec: 760.312
weight: 1.58611e-06
eec: 1836.25
weight: 8.22492e-07
eec: 1565.13
weight: 0.000247813
eec: 542.723
weight: 5.13586e-06
eec: 2168.66
weight: 1.38219e-05
eec: 2695.42
weight: 9.49819e-06
eec: 1028.77
weight: 0.000220776
eec: 28.7416
weight: 5.26116e-05
eec: 187.083
weight: 6.93645e-05
eec: 279.952
weight: 0.000258105
eec: 107.675
weight: 1.93943e-05
eec: 617.074
weight: 1.74542e-05
eec: 605.316
weight: 0.000737226
eec: 465.926
weight: 0.000418868
eec: 13.3352
weight: 1.18215e-05
eec: 722.985
weight: 1.18215e-05
eec: 102.78
weight: 2.21304e-05
eec: 371.527
weight: 6.86069e-05
eec: 258.423
weight: 2.89204e-06
eec: 543.946
weight: 5.74434e-06
eec: 2372.04
weight: 0.000389553
eec: 80.1673
weight: 1.28895e-05
eec: 239.076
weight: 3.27437e-05
eec: 163.701
weight: 0.000445224
eec: 6.32838
weight: 0.000382465
eec: 134.074
weight: 0.00228674
eec: 335.959
weight: 1.66098e-05
eec: 1109.47
weight: 7.89689e-06
eec: 967.06
weight: 7.60057e-05
eec: 335.644
weight: 6.03378e-05
eec: 679.019
weight: 0.000121245
eec: 948.325
weight: 7.17775e-05
eec: 476.125
weight: 8.40812e-06
eec: 2461.8
weight: 1.57832e-06
eec: 132.379
weight: 0.000298486
eec: 445.073
weight: 5.32824e-08
eec: 225.373
weight: 3.7907e-06
eec: 388.813
weight: 2.17366e-05
eec: 61.0703
weight: 2.04248e-05
eec: 544.149
weight: 7.11476e-06
eec: 305.64
weight: 8.81965e-05
eec: 472.858
weight: 3.14502e-05
eec: 97.8594
weight: 9.29907e-05
eec: 86.7568
weight: 0.000167736
eec: 183.675
weight: 7.00378e-06
eec: 100.14
weight: 3.06555e-05
eec: 117.792
weight: 2.68696e-06
eec: 580.793
weight: 1.38879e-06
eec: 117.606
weight: 4.87483e-05
eec: 171.278
weight: 1.29234e-05
eec: 951.962
weight: 9.85828e-06
eec: 461.726
weight: 3.17211e-05
eec: 1740.96
weight: 0.000120078
eec: 719.589
weight: 1.9959e-05
eec: 787.232
weight: 7.41745e-06
eec: 555.105
weight: 3.14847e-05
eec: 337.728
weight: 3.35589e-06
eec: 897.474
weight: 0.000203839
eec: 347.533
weight: 0.00010493
eec: 521.023
weight: 4.32611e-05
eec: 1102.58
weight: 2.96496e-05
eec: 99.717
weight: 4.28969e-05
eec: 50.3639
weight: 0.00594723
eec: 454.386
weight: 2.70523e-05
eec: 242.257
weight: 1.91868e-07
eec: 849.689
weight: 4.09049e-05
eec: 211.349
weight: 4.04643e-06
eec: 3768.89
weight: 0.000106196
eec: 477.095
weight: 0.00111629
eec: 175.767
weight: 1.63804e-05
eec: 2505.3
weight: 0.000328683
eec: 131.783
weight: 1.75953e-05
eec: 332.566
weight: 3.0628e-05
eec: 2161.32
weight: 7.5978e-06
eec: 835.416
weight: 7.46707e-05
eec: 252.394
weight: 0.000154777
eec: 308.598
weight: 1.35109e-06
eec: 519.614
weight: 2.30835e-05
eec: 494.072
weight: 3.61834e-05
eec: 152.132
weight: 1.03929e-05
eec: 1223.27
weight: 2.11962e-06
eec: 1238.34
weight: 5.47163e-05
eec: 41.14
weight: 0.000205547
eec: 774.999
weight: 0.000106689
eec: 347.52
weight: 6.75747e-05
eec: 466.057
weight: 3.55034e-05
eec: 923.117
weight: 4.45645e-06
eec: 843.791
weight: 2.03224e-05
eec: 2330.93
weight: 8.88297e-07
eec: 864.168
weight: 1.67855e-06
eec: 46.3676
weight: 1.09028e-05
eec: 1402.93
weight: 2.10987e-05
eec: 400.653
weight: 6.27006e-05
eec: 179.269
weight: 6.99213e-06
eec: 538.056
weight: 1.69982e-05
eec: 2247.48
weight: 2.35464e-05
eec: 1695.57
weight: 7.51642e-06
eec: 466.636
weight: 4.24446e-05
eec: 1844.73
weight: 6.90461e-05
eec: 139.48
weight: 0.000200395
eec: 247.125
weight: 1.20376e-06
eec: 150.919
weight: 0.000356021
eec: 169.541
weight: 0.000226448
eec: 581.594
weight: 1.05542e-05
eec: 1101.44
weight: 3.07412e-05
eec: 1538.45
weight: 6.66934e-05
eec: 187.622
weight: 0.000240785
eec: 149.497
weight: 1.33209e-05
eec: 93.191
weight: 4.18312e-05
eec: 944.734
weight: 1.66224e-05
eec: 577.907
weight: 2.86797e-05
eec: 124.959
weight: 2.09993e-05
eec: 570.933
Processing: 73.7619 %weight: 7.08297e-05
eec: 293.146
weight: 3.10665e-05
eec: 380.294
weight: 1.85735e-05
eec: 1471.9
weight: 9.56318e-06
eec: 1144.32
weight: 5.00757e-05
eec: 863.681
weight: 3.93411e-06
eec: 1076.14
weight: 4.06095e-05
eec: 713.746
weight: 9.81986e-06
eec: 208.272
weight: 7.10982e-06
eec: 56.0563
weight: 2.9597e-08
eec: 3780.61
weight: 9.04858e-06
eec: 1404.07
weight: 6.85923e-06
eec: 434.788
weight: 0.000134069
eec: 340.632
weight: 2.20376e-05
eec: 35.09
weight: 3.7634e-06
eec: 637.787
weight: 5.78995e-05
eec: 314.099
weight: 1.24084e-05
eec: 162.208
weight: 1.47522e-05
eec: 97.9072
weight: 9.79268e-06
eec: 2374.83
weight: 8.26016e-05
eec: 265.035
weight: 0.00209406
eec: 190.851
weight: 1.52412e-05
eec: 846.655
weight: 1.52412e-05
eec: 141.873
weight: 2.30569e-05
eec: 635.39
weight: 3.22046e-05
eec: 1095.03
weight: 0.000514646
eec: 853.571
weight: 1.37855e-05
eec: 782.114
weight: 6.58868e-07
eec: 1095.18
weight: 4.8183e-06
eec: 2884.73
weight: 0.00114477
eec: 336.358
weight: 2.95841e-06
eec: 236.556
weight: 0.000810226
eec: 1054.5
weight: 3.34775e-06
eec: 951.777
weight: 3.67007e-05
eec: 934.745
weight: 6.19751e-05
eec: 316.535
weight: 5.08927e-05
eec: 736.798
weight: 0.000407867
eec: 104.754
weight: 2.98358e-05
eec: 120.654
weight: 5.63972e-07
eec: 79.5641
weight: 6.58897e-06
eec: 730.939
weight: 2.5843e-05
eec: 3273.5
weight: 6.01208e-05
eec: 29.0673
weight: 5.11698e-05
eec: 865.823
weight: 0.000206888
eec: 330.714
weight: 1.87594e-05
eec: 107.379
weight: 1.03906e-06
eec: 112.956
weight: 3.38586e-05
eec: 134.96
weight: 1.03885e-05
eec: 67.5332
weight: 4.77387e-05
eec: 1308.41
weight: 9.51071e-06
eec: 122.761
weight: 2.45912e-06
eec: 192.267
weight: 2.84944e-06
eec: 373.755
weight: 1.34156e-05
eec: 505.752
weight: 6.5091e-06
eec: 152.83
weight: 1.57205e-05
eec: 159.349
weight: 8.72081e-05
eec: 251.847
weight: 4.37172e-07
eec: 714.949

ROOT exit code = 0
