gSystem->Load("run_condor_job_Run3_C.so");
run_condor_job_Run3(923, 100, 2,
                    80, 200,
                    1, 1, 1, 9);
.q

ENTERED run_condor_job_Run3()
JOBID = 923
  global job = 923  Job 23/100  events [1367580, 1427040)  total=5946000
Processing events [1367580, 1427040) of 5946000
weight: 8.87746e-09
eec: 338.442
weight: 0.00010309
eec: 209.429
weight: 1.14704e-05
eec: 439.411
weight: 1.39832e-05
eec: 36.5113
weight: 1.52826e-05
eec: 1906.47
weight: 1.40161e-05
eec: 470.418
weight: 6.13722e-06
eec: 163.354
weight: 1.53734e-05
eec: 2457.52
weight: 3.07641e-06
eec: 828.067
weight: 1.09302e-05
eec: 263.033
weight: 6.24597e-06
eec: 233.465
weight: 7.65258e-07
eec: 2207.72
weight: 1.84946e-05
eec: 289.378
weight: 1.00179e-05
eec: 785.318
weight: 0.000242212
eec: 1021.16
weight: 1.73238e-05
eec: 176.564
weight: 8.63886e-05
eec: 74.7794
weight: 6.4065e-05
eec: 229.122
weight: 2.10502e-05
eec: 793.676
weight: 1.77304e-05
eec: 5.41432
weight: 1.25712e-06
eec: 298.497
weight: 1.75734e-05
eec: 1016.55
weight: 2.89428e-05
eec: 131.164
weight: 0.000168744
eec: 672.319
weight: 1.86197e-05
eec: 138.36
weight: 1.1115e-05
eec: 1175.73
weight: 7.93463e-06
eec: 27.764
weight: 1.16291e-05
eec: 1528.52
weight: 0.000174266
eec: 145.602
weight: 9.72157e-06
eec: 722.442
weight: 0.00196317
eec: 230.027
weight: 2.12924e-05
eec: 86.7869
weight: 2.08078e-05
eec: 1106.75
weight: 2.11732e-05
eec: 480.135
weight: 3.09273e-06
eec: 2078.87
weight: 7.52724e-06
eec: 232.797
weight: 1.32919e-05
eec: 1018.79
weight: 2.31158e-05
eec: 817.236
weight: 0.000595056
eec: 410.456
weight: 0.000167983
eec: 784.143
weight: 6.63236e-07
eec: 403.299
weight: 6.97415e-05
eec: 232.972
weight: 2.29434e-05
eec: 96.4026
weight: 0.000138717
eec: 518.211
weight: 2.22212e-05
eec: 93.4794
weight: 1.34906e-06
eec: 1008.57
weight: 9.97639e-06
eec: 306.56
weight: 3.95397e-05
eec: 44.0416
weight: 4.05676e-06
eec: 1053.75
weight: 0.00111723
eec: 106.768
weight: 2.44954e-05
eec: 255.861
weight: 2.56488e-05
eec: 1046.42
weight: 3.69465e-06
eec: 327.382
weight: 3.16654e-05
eec: 241.726
weight: 7.64666e-05
eec: 275.748
weight: 1.70019e-06
eec: 485.506
weight: 7.60341e-06
eec: 205.494
weight: 6.5846e-06
eec: 165.264
weight: 3.2996e-05
eec: 818.039
weight: 3.5638e-05
eec: 520.538
weight: 2.54053e-07
eec: 83.7588
weight: 3.41278e-06
eec: 458.874
weight: 2.25013e-05
eec: 3384.08
weight: 8.8304e-05
eec: 216.486
weight: 5.22995e-05
eec: 2777.52
weight: 5.16829e-05
eec: 452.672
weight: 0.000154895
eec: 25.9615
weight: 6.01358e-05
eec: 804.541
weight: 4.31822e-05
eec: 1029.89
weight: 4.71409e-05
eec: 697.715
weight: 3.78694e-05
eec: 120.305
weight: 7.2766e-05
eec: 393.845
weight: 7.2766e-05
eec: 416.617
weight: 5.14288e-05
eec: 149.841
weight: 0.000137615
eec: 507.051
weight: 1.35719e-05
eec: 772.798
weight: 4.64623e-06
eec: 430.573
weight: 2.12356e-05
eec: 1077.44
weight: 0.000147986
eec: 111.061
weight: 0.000108399
eec: 213.14
weight: 3.87907e-06
eec: 299.603
weight: 2.95255e-05
eec: 204.041
weight: 2.50493e-05
eec: 226.401
weight: 1.26526e-05
eec: 1022.34
weight: 1.12822e-05
eec: 362.134
weight: 1.34279e-05
eec: 663.347
weight: 0.000158689
eec: 407.977
weight: 1.97708e-05
eec: 34.8906
weight: 3.41253e-05
eec: 401.676
weight: 1.84747e-05
eec: 1143.18
weight: 8.01197e-06
eec: 594.19
weight: 8.74536e-06
eec: 1146.32
weight: 0.000143161
eec: 1803.45
weight: 1.44011e-05
eec: 148.308
weight: 8.33181e-06
eec: 445.108
weight: 0.000158578
eec: 172.169
weight: 1.92023e-06
eec: 543.405
weight: 1.07838e-05
eec: 286.076
weight: 0.00060827
eec: 480.009
weight: 0.000923941
eec: 859.166
weight: 4.7847e-06
eec: 705.361
weight: 9.38857e-05
eec: 37.5068
weight: 7.56454e-06
eec: 1260.97
weight: 4.16154e-05
eec: 100.805
weight: 1.05761e-05
eec: 1043.45
weight: 0.000216167
eec: 366.734
weight: 2.46906e-07
eec: 1864.46
weight: 8.92982e-05
eec: 335.536
weight: 0.000156321
eec: 1257.32
weight: 3.6327e-05
eec: 240.197
weight: 0.000101642
eec: 898.713
weight: 1.30679e-05
eec: 1794.42
weight: 1.04039e-05
eec: 316.055
weight: 1.01743e-05
eec: 86.0867
weight: 3.78532e-06
eec: 470.691
weight: 1.86156e-05
eec: 804.669
weight: 7.34329e-07
eec: 186.901
weight: 4.76487e-06
eec: 44.3415
weight: 6.31915e-05
eec: 743.446
weight: 1.30932e-05
eec: 647.877
weight: 1.38634e-05
eec: 1380.06
weight: 8.07979e-06
eec: 2694.19
weight: 2.07831e-06
eec: 875.547
weight: 7.5943e-05
eec: 1263.22
weight: 1.51694e-05
eec: 125.258
weight: 4.89802e-05
eec: 2080.2
weight: 0.000235436
eec: 81.9564
weight: 3.13288e-05
eec: 992.466
weight: 3.13288e-05
eec: 409.112
weight: 0.000148772
eec: 1243.17
weight: 2.05361e-05
eec: 259.988
Processing: 23.5452 %weight: 5.39895e-06
eec: 1046.24
weight: 2.87472e-06
eec: 567.745
weight: 8.6811e-06
eec: 590.288
weight: 2.4591e-06
eec: 133.927
weight: 3.33113e-07
eec: 508.981
weight: 0.000340333
eec: 677.522
weight: 3.37468e-05
eec: 278.755
weight: 5.42998e-05
eec: 427.823
weight: 1.54052e-05
eec: 1163.41
weight: 3.20188e-05
eec: 261.427
weight: 5.15284e-05
eec: 378.698
weight: 9.75871e-06
eec: 408.982
weight: 4.11705e-05
eec: 342.925
weight: 1.07587e-05
eec: 123.778
weight: 1.99714e-05
eec: 595.214
weight: 0.000120404
eec: 640.371
weight: 0.000626007
eec: 623.457
weight: 0.000164018
eec: 235.164
weight: 0.000281567
eec: 360.033
weight: 3.3702e-05
eec: 727.2
weight: 0.000103881
eec: 391.682
weight: 1.50795e-05
eec: 939.711
weight: 0.000130287
eec: 491.731
weight: 4.46522e-05
eec: 242.979
weight: 1.82922e-05
eec: 415.859
weight: 6.73024e-06
eec: 116.901
weight: 1.99708e-05
eec: 16.039
weight: 0.000121887
eec: 526.726
weight: 1.9475e-07
eec: 75.7815
weight: 6.91642e-05
eec: 55.4994
weight: 0.00066511
eec: 409.584
weight: 2.76815e-05
eec: 309.39
weight: 3.86556e-05
eec: 42.8557
weight: 8.69828e-06
eec: 363.266
weight: 0.000107637
eec: 718.01
weight: 4.24548e-06
eec: 267.224
weight: 1.54006e-05
eec: 152.911
weight: 1.30786e-06
eec: 472.361
weight: 1.12877e-06
eec: 1023.73
weight: 0.000653351
eec: 1275.8
weight: 5.20474e-05
eec: 630.065
weight: 2.17301e-05
eec: 117.694
weight: 3.31412e-05
eec: 1160.05
weight: 0.000478169
eec: 145.05
weight: 1.23479e-05
eec: 330.036
weight: 9.5406e-07
eec: 285.506
weight: 7.72757e-05
eec: 819.195
weight: 4.29072e-05
eec: 295.667
weight: 0.000348912
eec: 225.708
weight: 7.92986e-05
eec: 576.857
weight: 1.6905e-05
eec: 32.6702
weight: 3.99781e-05
eec: 1111.93
weight: 3.05113e-05
eec: 965.625
weight: 2.93516e-05
eec: 359.813
weight: 5.62187e-05
eec: 143.098
weight: 1.77116e-05
eec: 725.03
weight: 9.02945e-06
eec: 682.953
weight: 6.09081e-07
eec: 413.024
weight: 3.25186e-05
eec: 264.947
weight: 4.06386e-06
eec: 1104.57
weight: 0.000149199
eec: 152.424
weight: 8.66793e-05
eec: 626.714
weight: 0.000474805
eec: 981.024
weight: 0.000115876
eec: 621.685
weight: 2.39723e-06
eec: 774.921
weight: 0.000133182
eec: 622.521
weight: 1.24881e-05
eec: 298.855
weight: 3.94828e-05
eec: 265.292
weight: 0.00018998
eec: 339.457
weight: 0.000184037
eec: 77.049
weight: 1.85389e-07
eec: 848.688
weight: 0.000200876
eec: 10.5198
weight: 2.98081e-06
eec: 181.437
weight: 7.99224e-06
eec: 624.414
weight: 2.82149e-05
eec: 160.157
weight: 0.000702671
eec: 568.82
weight: 2.04113e-08
eec: 159.649
weight: 0.000105342
eec: 1478.19
weight: 4.44987e-06
eec: 237.188
weight: 0.000411217
eec: 167.545
weight: 4.55152e-06
eec: 1025.82
weight: 0.000117444
eec: 776.306
weight: 1.95198e-05
eec: 321.373
weight: 0.00012717
eec: 961.654
weight: 1.6575e-05
eec: 1003.89
weight: 1.2065e-06
eec: 615.082
weight: 4.86364e-05
eec: 17.6492
weight: 3.45013e-05
eec: 37.3094
weight: 2.1376e-05
eec: 500.393
weight: 0.000153953
eec: 279.449
weight: 4.68571e-05
eec: 209.744
weight: 5.64756e-06
eec: 488.478
weight: 0.000103505
eec: 1032.6
weight: 0.000145719
eec: 54.4855
weight: 1.59157e-05
eec: 236.27
weight: 1.06624e-05
eec: 701.707
weight: 1.79293e-05
eec: 3426.17
weight: 8.87863e-05
eec: 940.576
weight: 6.90857e-06
eec: 1038.75
weight: 2.0513e-06
eec: 160.252
weight: 5.9761e-06
eec: 377.336
weight: 4.02682e-06
eec: 286.139
weight: 6.11859e-07
eec: 1749.95
weight: 0.000167002
eec: 292.919
weight: 7.73189e-05
eec: 89.6417
weight: 0.000500012
eec: 257.65
weight: 9.87078e-05
eec: 377.498
weight: 8.80537e-06
eec: 1641.87
weight: 8.80537e-06
eec: 264.325
weight: 9.53679e-05
eec: 869.762
weight: 1.76891e-06
eec: 493.008
weight: 1.02722e-05
eec: 820.486
weight: 2.85497e-05
eec: 196.109

ROOT exit code = 0
