gSystem->Load("run_condor_job_Run3_C.so");
run_condor_job_Run3(829, 100, 2,
                    80, 200,
                    1, 1, 1, 8);
.q

ENTERED run_condor_job_Run3()
JOBID = 829
  global job = 829  Job 29/100  events [1740000, 1800000)  total=6000000
Processing events [1740000, 1800000) of 6000000
weight: 6.99622e-06
eec: 305.409
weight: 2.24624e-05
eec: 1279.73
weight: 2.35076e-05
eec: 181.917
weight: 0.000187746
eec: 110.488
weight: 4.00246e-05
eec: 1742.58
weight: 9.06365e-05
eec: 269.56
weight: 6.39847e-06
eec: 272.379
weight: 2.63835e-07
eec: 187.097
weight: 1.21474e-06
eec: 395.251
weight: 5.59974e-05
eec: 730.333
weight: 1.4345e-05
eec: 2582.63
weight: 0.000199809
eec: 186.378
weight: 0.000191976
eec: 186.411
weight: 0.000184524
eec: 417.502
weight: 4.57549e-05
eec: 423.514
weight: 1.38015e-05
eec: 285.09
weight: 8.72357e-05
eec: 120.85
weight: 0.000115925
eec: 47.8034
weight: 1.69588e-05
eec: 329.816
weight: 1.08807e-05
eec: 266.213
weight: 0.00182369
eec: 235.111
weight: 4.00295e-05
eec: 1093.5
weight: 6.1587e-06
eec: 155.858
weight: 1.98995e-05
eec: 945.276
weight: 4.63594e-05
eec: 101.735
weight: 6.13238e-06
eec: 778.747
weight: 3.13946e-05
eec: 278.202
weight: 1.65423e-05
eec: 401.619
weight: 0.000391599
eec: 332.053
weight: 7.00817e-05
eec: 88.0108
weight: 0.000210831
eec: 1160.54
weight: 0.00014973
eec: 169.827
weight: 2.80983e-06
eec: 1652.81
weight: 0.00022484
eec: 493.983
weight: 8.25852e-06
eec: 133.852
weight: 6.00138e-05
eec: 1004.1
weight: 1.87625e-05
eec: 257.699
weight: 5.2055e-05
eec: 339.363
Processing: 29.1667 %weight: 1.50593e-05
eec: 345.79
weight: 0.000115114
eec: 1358.04
weight: 1.25968e-05
eec: 890.79
weight: 9.32532e-05
eec: 980.73
weight: 8.78078e-05
eec: 205.178
weight: 7.7016e-06
eec: 64.5216
weight: 4.42276e-06
eec: 1694.61
weight: 1.21872e-07
eec: 121.782
weight: 3.31845e-06
eec: 2855.57
weight: 2.36961e-06
eec: 169.272
weight: 2.53297e-05
eec: 679.695
weight: 6.61429e-06
eec: 93.7457
weight: 3.37315e-05
eec: 1214.18
weight: 5.57569e-05
eec: 2102.3
weight: 6.639e-05
eec: 87.7996
weight: 8.95583e-06
eec: 93.0023
weight: 2.83391e-05
eec: 717.605
weight: 6.00794e-06
eec: 41.2696
weight: 5.42559e-06
eec: 317.996
weight: 2.90392e-05
eec: 1527.23
weight: 0.000131559
eec: 98.5933
weight: 1.56598e-05
eec: 185.71
weight: 2.13632e-06
eec: 1921.3
weight: 4.22987e-05
eec: 214.271
weight: 1.29539e-05
eec: 1215.83
weight: 7.74589e-06
eec: 1435.15
weight: 1.0694e-05
eec: 558.916
weight: 2.28323e-06
eec: 394.241
weight: 8.5884e-05
eec: 57.2356
weight: 0.000455978
eec: 544.821
weight: 5.09787e-06
eec: 210.624
weight: 8.13264e-05
eec: 20.6071
weight: 4.19839e-06
eec: 177.116
weight: 0.00032066
eec: 64.4857
weight: 2.94372e-05
eec: 1728.61
weight: 0.000117226
eec: 525.157
weight: 3.06985e-06
eec: 63.5069
weight: 1.93452e-05
eec: 909.673
weight: 0.00025302
eec: 402.525
weight: 4.81344e-05
eec: 224.572
weight: 0.000213147
eec: 248.676
weight: 2.01943e-05
eec: 169.011
weight: 4.22655e-05
eec: 103.253
weight: 6.13862e-07
eec: 1420.32
weight: 9.08847e-05
eec: 500.143
weight: 0.000160061
eec: 14.4535
weight: 8.88404e-05
eec: 533.339
weight: 0.000149893
eec: 185.929
weight: 7.80658e-06
eec: 753.967
weight: 0.000118278
eec: 555.773
weight: 4.14915e-06
eec: 457.311
weight: 3.66006e-06
eec: 314.866
weight: 0.000292124
eec: 1962
weight: 6.79343e-05
eec: 44.5455
weight: 3.88534e-05
eec: 304.624
weight: 0.000457931
eec: 44.5687
weight: 0.000163515
eec: 261.899
weight: 4.05416e-05
eec: 338.569
weight: 0.00047267
eec: 74.0385
weight: 0.000133339
eec: 221.556
weight: 3.09629e-05
eec: 207.884
weight: 0.000543677
eec: 330.066
weight: 3.37066e-05
eec: 35.6798
weight: 3.6056e-05
eec: 578.209
weight: 0.00012486
eec: 199.341
weight: 3.28444e-05
eec: 64.3304
weight: 1.50251e-07
eec: 254.491
weight: 5.03872e-06
eec: 830.986
weight: 7.9798e-09
eec: 1158.34
weight: 3.91742e-07
eec: 529.694
weight: 4.08471e-05
eec: 240.008
weight: 0.00035326
eec: 21.1803
weight: 1.89928e-06
eec: 64.7106
weight: 1.43231e-05
eec: 751.708
weight: 6.11853e-06
eec: 2533.03
weight: 1.34539e-05
eec: 761.238
weight: 0.000197714
eec: 465.234
weight: 3.06526e-05
eec: 247.53
weight: 0.000227301
eec: 1108.16
weight: 3.41573e-05
eec: 556.587
weight: 5.18372e-05
eec: 1012.41
weight: 0.00011326
eec: 37.3885
weight: 0.00011326
eec: 119.249
weight: 6.81806e-06
eec: 924.236
weight: 3.35479e-05
eec: 48.0426
weight: 0.000126799
eec: 144.891
weight: 0.000168836
eec: 255.735
weight: 2.37858e-06
eec: 509.33
weight: 7.14309e-05
eec: 52.6124
weight: 6.69403e-05
eec: 300.355
weight: 5.06301e-05
eec: 739.573
weight: 3.66693e-06
eec: 1478.04
weight: 4.50679e-05
eec: 157.869
weight: 2.458e-05
eec: 377.328
weight: 2.0373e-05
eec: 46.7228
weight: 7.79448e-05
eec: 783.033
weight: 9.24205e-06
eec: 407.506
weight: 1.21665e-05
eec: 284.404
weight: 0.000223963
eec: 85.0762
weight: 8.41872e-06
eec: 604.182
weight: 4.04324e-06
eec: 257.657
weight: 1.07587e-05
eec: 805.073
weight: 0.00028456
eec: 66.6215
weight: 0.000153957
eec: 148.287
weight: 4.57532e-05
eec: 562.448
weight: 7.69217e-05
eec: 302.064
weight: 8.18824e-05
eec: 1183.83
weight: 5.50786e-06
eec: 73.2833
weight: 0.000884771
eec: 546.537
weight: 1.81585e-05
eec: 1758.88
weight: 2.35635e-07
eec: 394.749
weight: 3.17956e-05
eec: 102.874
weight: 0.000534677
eec: 295.446
weight: 0.000128213
eec: 861.567
weight: 0.000159035
eec: 316.754
weight: 5.75367e-05
eec: 153.268
weight: 1.78673e-05
eec: 115.049
weight: 1.66569e-05
eec: 662.343
weight: 3.08049e-05
eec: 529.8
weight: 0.000144893
eec: 481.874
weight: 0.000311399
eec: 301.353
weight: 6.51027e-05
eec: 114.76
weight: 2.28372e-06
eec: 227.71
weight: 9.2368e-06
eec: 3524.72
weight: 9.04432e-05
eec: 358.577
weight: 1.68581e-05
eec: 1136.34
weight: 2.51872e-05
eec: 275.259
weight: 2.77288e-05
eec: 167.576
weight: 1.43814e-05
eec: 3246.92
weight: 2.3323e-05
eec: 1280.72
weight: 0.000310576
eec: 727.365
weight: 0.000330126
eec: 792.01
weight: 0.000319092
eec: 114.565
weight: 7.91675e-06
eec: 889.51
weight: 0.000162405
eec: 420.442
weight: 6.75724e-06
eec: 737.232
weight: 1.30791e-05
eec: 419.382
weight: 5.4236e-06
eec: 2465.79
weight: 3.80657e-05
eec: 172.381
weight: 1.94273e-05
eec: 2583.62
weight: 6.19742e-05
eec: 59.2405
weight: 0.000111861
eec: 123.592
weight: 2.71231e-07
eec: 4139.93
weight: 0.000797898
eec: 214.202
weight: 0.000180396
eec: 74.0943
weight: 1.25201e-05
eec: 89.3756
weight: 0.000113547
eec: 53.3603
weight: 4.02522e-05
eec: 613.88
weight: 0.000158587
eec: 121.51
weight: 1.00072e-05
eec: 385.332
weight: 4.91863e-05
eec: 20.0461
weight: 4.05832e-06
eec: 233.992
weight: 3.99379e-05
eec: 2528.82
weight: 2.58351e-05
eec: 885.167
weight: 9.38183e-06
eec: 970.808
weight: 9.9147e-07
eec: 392.127
weight: 6.08007e-05
eec: 68.5529
weight: 4.19191e-06
eec: 959.001
weight: 3.82469e-06
eec: 1268.91
weight: 1.50334e-05
eec: 28.6206
weight: 2.24735e-05
eec: 695.484
weight: 1.41133e-05
eec: 583.045
weight: 1.87677e-07
eec: 324.083
weight: 1.86365e-05
eec: 1582.97
weight: 1.01568e-06
eec: 515.031
weight: 1.5719e-05
eec: 262.953
weight: 0.000106241
eec: 391.623
weight: 8.50125e-07
eec: 1019.26
weight: 5.25291e-05
eec: 27.6302
weight: 4.75767e-05
eec: 991.571
weight: 0.000266629
eec: 803.626
weight: 2.04364e-05
eec: 297.793
weight: 9.04877e-05
eec: 179.769
weight: 0.000205589
eec: 23.8906
weight: 1.36071e-05
eec: 784.345
weight: 3.6537e-05
eec: 37.191
weight: 0.000131234
eec: 392.523
weight: 1.26224e-05
eec: 1916.01
weight: 0.000166553
eec: 274.84
weight: 0.000259503
eec: 96.438
weight: 5.54501e-07
eec: 454.385
weight: 0.00132569
eec: 124.476
weight: 0.000217905
eec: 857.056
weight: 0.000151249
eec: 517.085
weight: 2.72267e-08
eec: 668.451
weight: 1.85903e-05
eec: 69.096
weight: 4.55109e-05
eec: 357.278
weight: 1.0329e-05
eec: 38.662
weight: 3.6952e-06
eec: 1720.35
weight: 0.00051031
eec: 930.848
weight: 1.90656e-07
eec: 189.508
weight: 3.25777e-08
eec: 244.143
weight: 3.37395e-06
eec: 126.729
weight: 0.000850643
eec: 101.095
weight: 1.00819e-05
eec: 1306.62
weight: 9.886e-05
eec: 582.773
weight: 0.000140801
eec: 388.929
weight: 0.000706841
eec: 130.322
weight: 0.000125443
eec: 136.172
weight: 1.96013e-05
eec: 111.534
weight: 3.65214e-05
eec: 1742.84
weight: 0.00462941
eec: 384.971
weight: 4.28698e-05
eec: 192.405
weight: 7.66205e-05
eec: 756.722
weight: 2.00246e-05
eec: 273.128
weight: 5.78741e-06
eec: 745.065

ROOT exit code = 0
