gSystem->Load("run_condor_job_Run3_C.so");
run_condor_job_Run3(785, 100, 2,
                    80, 200,
                    1, 1, 1, 7);
.q

ENTERED run_condor_job_Run3()
JOBID = 785
  global job = 785  Job 85/100  events [4839900, 4896840)  total=5694000
Processing events [4839900, 4896840) of 5694000
weight: 1.59772e-05
eec: 59.7301
weight: 1.21571e-05
eec: 268.355
weight: 2.95763e-05
eec: 893.287
weight: 1.68986e-05
eec: 35.126
weight: 2.58577e-05
eec: 93.0997
weight: 9.79951e-07
eec: 46.4152
weight: 2.06886e-06
eec: 508.316
weight: 1.62276e-05
eec: 518.697
weight: 9.68179e-06
eec: 23.2743
weight: 0.000185062
eec: 34.8048
weight: 1.09289e-05
eec: 303.743
weight: 8.08679e-05
eec: 257.263
weight: 0.000129242
eec: 486.521
weight: 0.000208839
eec: 7.20744
weight: 0.00012469
eec: 2951.3
weight: 7.90262e-06
eec: 2305.95
weight: 1.46272e-06
eec: 705.659
weight: 0.000122784
eec: 371.714
weight: 1.89391e-06
eec: 1072.65
weight: 0.000328575
eec: 99.3367
weight: 3.25143e-05
eec: 311.598
weight: 1.44149e-06
eec: 732.946
weight: 5.1322e-06
eec: 402.33
weight: 3.71352e-05
eec: 381.779
weight: 9.80969e-07
eec: 2490.61
weight: 9.70186e-05
eec: 718.657
weight: 4.65821e-06
eec: 1691.52
weight: 6.47566e-05
eec: 88.6506
weight: 2.71827e-06
eec: 90.6851
weight: 7.73064e-05
eec: 875.106
weight: 0.000460698
eec: 319.391
weight: 6.59522e-06
eec: 590.402
weight: 6.47112e-08
eec: 1886.21
weight: 9.17381e-05
eec: 643.765
weight: 7.06627e-05
eec: 132.655
weight: 0.000108062
eec: 242.256
Processing: 85.1774 %weight: 8.91656e-05
eec: 341.585
weight: 1.31694e-05
eec: 868.361
weight: 0.000930086
eec: 29.8396
weight: 1.644e-06
eec: 2164.26
weight: 1.12972e-05
eec: 35.606
weight: 0.000142652
eec: 338.454
weight: 5.2079e-06
eec: 946.766
weight: 0.000171269
eec: 614.451
weight: 9.26066e-05
eec: 921.852
weight: 0.000191264
eec: 137.839
weight: 0.000359955
eec: 435.863
weight: 2.28048e-05
eec: 347.191
weight: 4.22072e-05
eec: 385.946
weight: 3.91034e-05
eec: 495.851
weight: 0.00137669
eec: 1045.33
weight: 6.64885e-05
eec: 262.356
weight: 4.70635e-06
eec: 144.105
weight: 1.21002e-05
eec: 1051.67
weight: 4.48253e-05
eec: 422.842
weight: 4.75036e-05
eec: 93.5572
weight: 2.55567e-05
eec: 1001.76
weight: 2.41903e-05
eec: 1243.01
weight: 7.66835e-06
eec: 765.345
weight: 2.95011e-06
eec: 562.057
weight: 0.000618141
eec: 72.1795
weight: 0.000226636
eec: 625.643
weight: 5.87545e-06
eec: 458.62
weight: 1.68615e-05
eec: 230.688
weight: 9.62344e-05
eec: 274.117
weight: 0.000133224
eec: 46.0411
weight: 8.83362e-05
eec: 465.926
weight: 1.98472e-05
eec: 1594.91
weight: 3.54244e-07
eec: 1133.7
weight: 4.21396e-06
eec: 895.526
weight: 7.94754e-06
eec: 856.427
weight: 2.72484e-06
eec: 59.5096
weight: 1.205e-05
eec: 726.137
weight: 3.74916e-05
eec: 146.762
weight: 0.000285203
eec: 83.3797
weight: 0.000388041
eec: 197.16
weight: 3.48619e-05
eec: 383.82
weight: 2.73016e-05
eec: 1013.49
weight: 3.03541e-05
eec: 1258.18
weight: 8.20429e-05
eec: 539.665
weight: 1.36493e-06
eec: 621.136
weight: 0.000174159
eec: 266.022
weight: 5.40877e-05
eec: 541.839
weight: 1.029e-06
eec: 97.4301
weight: 2.02759e-05
eec: 45.4319
weight: 2.58944e-05
eec: 1115.87
weight: 4.38637e-06
eec: 1557.04
weight: 1.18898e-05
eec: 257.341
weight: 1.07739e-05
eec: 917.785
weight: 9.79957e-05
eec: 188.638
weight: 0.000127129
eec: 110.059
weight: 0.000268909
eec: 938.268
weight: 9.21901e-05
eec: 58.9977
weight: 9.18325e-06
eec: 455.878
weight: 8.18675e-05
eec: 118.226
weight: 2.17479e-05
eec: 253.885
weight: 9.0841e-05
eec: 276.854
weight: 3.44897e-05
eec: 155.939
weight: 0.000850062
eec: 74.0098
weight: 0.000184529
eec: 59.177
weight: 9.77779e-05
eec: 517.11
weight: 2.1292e-06
eec: 304.659
weight: 8.819e-06
eec: 404.129
weight: 6.14519e-06
eec: 332.627
weight: 1.39373e-05
eec: 53.5287
weight: 5.1157e-06
eec: 166.294
weight: 9.34573e-05
eec: 221.968
weight: 9.6691e-06
eec: 235.104
weight: 0.000103473
eec: 477.556
weight: 5.61674e-05
eec: 81.867
weight: 0.00021343
eec: 599.327
weight: 2.51835e-06
eec: 6.7831
weight: 3.82444e-05
eec: 3786.89
weight: 7.45141e-05
eec: 299.832
weight: 2.86445e-05
eec: 37.6096
weight: 0.000295893
eec: 257.487
weight: 4.48821e-05
eec: 798.462
weight: 2.06463e-05
eec: 1502.5
weight: 3.79564e-05
eec: 143.965
weight: 9.91181e-05
eec: 287.927
weight: 0.000228822
eec: 113.911
weight: 4.23733e-06
eec: 92.0101
weight: 3.08575e-05
eec: 848.242
weight: 9.54111e-06
eec: 706.88
weight: 0.000133989
eec: 448.472
weight: 0.000323227
eec: 7.87953
weight: 5.89804e-08
eec: 427.969
weight: 6.54919e-06
eec: 109.36
weight: 6.37137e-07
eec: 131.791
weight: 0.000110477
eec: 604.383
weight: 6.2977e-06
eec: 600.551
weight: 0.000244024
eec: 71.345
weight: 6.37744e-07
eec: 1103.6
weight: 9.4948e-07
eec: 308.775
weight: 2.55193e-05
eec: 707.583
weight: 2.02971e-07
eec: 482.627
weight: 8.34876e-05
eec: 420.971
weight: 0.00105262
eec: 71.8877
weight: 4.08306e-05
eec: 218.867
weight: 6.4501e-05
eec: 804.778
weight: 4.86843e-05
eec: 149.996
weight: 0.000114504
eec: 538.382
weight: 2.9027e-05
eec: 492.084
weight: 1.7738e-05
eec: 2586.82
weight: 9.3986e-07
eec: 2306.4
weight: 0.00010391
eec: 285.235
weight: 1.69749e-06
eec: 1284.92
weight: 0.000313406
eec: 69.0212
weight: 3.05266e-08
eec: 1774.44
weight: 1.97904e-05
eec: 184.058
weight: 4.7239e-06
eec: 886.151
weight: 0.000214806
eec: 97.159
weight: 1.00854e-06
eec: 137.548
weight: 4.3885e-07
eec: 20.2804
weight: 6.38687e-07
eec: 586.343
weight: 6.9385e-05
eec: 1488.38
weight: 0.000102277
eec: 1149.98
weight: 0.000577339
eec: 379.953
weight: 1.25937e-06
eec: 594.988
weight: 2.9422e-05
eec: 973.757
weight: 8.58723e-06
eec: 99.5434
weight: 8.55237e-05
eec: 138.341
weight: 0.000261893
eec: 335.047
weight: 1.98456e-05
eec: 103.048
weight: 1.25737e-06
eec: 866.185
weight: 0.000135237
eec: 107.214
weight: 0.00011476
eec: 262.143
weight: 0.000177414
eec: 1134.96
weight: 3.5425e-05
eec: 255.837
weight: 2.73005e-05
eec: 831.875
weight: 5.94805e-05
eec: 667.116
weight: 8.82478e-06
eec: 190.345
weight: 0.000225391
eec: 459.614
weight: 5.97337e-05
eec: 318.154
weight: 1.16892e-05
eec: 270.462
weight: 4.5663e-05
eec: 1271.47
weight: 6.58695e-06
eec: 562.203
weight: 1.73685e-05
eec: 773.721
weight: 8.91667e-06
eec: 384.285
weight: 2.25962e-05
eec: 283.16
weight: 4.89419e-05
eec: 548.938
weight: 7.18462e-05
eec: 287.837
weight: 5.92627e-05
eec: 973.991
weight: 0.000134021
eec: 1034.52
weight: 2.00375e-05
eec: 218.649
weight: 2.81729e-05
eec: 1332.55
weight: 4.50236e-06
eec: 315.042
weight: 2.28659e-05
eec: 750.534
weight: 0.000235534
eec: 71.1915
weight: 2.48888e-06
eec: 1541.29
weight: 7.08616e-05
eec: 1011.94
weight: 1.44705e-05
eec: 1188.89
weight: 2.02543e-05
eec: 21.6243
weight: 1.17362e-06
eec: 213.721
weight: 3.34931e-05
eec: 461.627
weight: 0.00043759
eec: 261.459
weight: 4.71693e-05
eec: 8.23747
weight: 5.6249e-05
eec: 603.58
weight: 5.25204e-05
eec: 513.689
weight: 1.06343e-05
eec: 594.242
weight: 4.81962e-05
eec: 990.356
weight: 5.0038e-05
eec: 54.8819
weight: 3.38342e-05
eec: 294.218
weight: 1.02385e-05
eec: 1019.03
weight: 0.000162659
eec: 87.3891
weight: 2.63832e-05
eec: 494.328
weight: 6.6711e-06
eec: 22.0441
weight: 1.82219e-05
eec: 300.879
weight: 4.54639e-06
eec: 71.9182
weight: 1.9252e-05
eec: 1355.88
weight: 0.000735279
eec: 578.739
weight: 0.000171025
eec: 501.213
weight: 9.74513e-05
eec: 339.032
weight: 7.72355e-05
eec: 594.357
weight: 2.69406e-05
eec: 545.093
weight: 3.10628e-05
eec: 863.896
weight: 1.24556e-07
eec: 85.3229
weight: 1.04049e-05
eec: 2443.44
weight: 5.03666e-05
eec: 645.23
weight: 0.000403549
eec: 125.047
weight: 2.07235e-05
eec: 925.461
weight: 7.14215e-06
eec: 236.325
weight: 7.62192e-07
eec: 71.2339
weight: 4.43058e-06
eec: 1575.4
weight: 5.99077e-06
eec: 10.6254
weight: 9.51002e-07
eec: 889.181
weight: 2.56408e-07
eec: 2113.85
weight: 7.44338e-05
eec: 620.542
weight: 6.72361e-05
eec: 592.675
weight: 6.93397e-06
eec: 854.44
weight: 8.37402e-06
eec: 54.8328
weight: 2.96949e-05
eec: 159.965

ROOT exit code = 0
