gSystem->Load("run_condor_job_Run3_C.so");
run_condor_job_Run3(181, 100, 2,
                    80, 200,
                    1, 1, 1, 1);
.q

ENTERED run_condor_job_Run3()
JOBID = 181
  global job = 181  Job 81/100  events [4748220, 4806840)  total=5862000
Processing events [4748220, 4806840) of 5862000
weight: 3.72631e-05
eec: 167.474
weight: 0.000511667
eec: 874.636
weight: 0.000236536
eec: 29.6486
weight: 5.58675e-06
eec: 77.3524
Processing: 81.0304 %weight: 2.59302e-05
eec: 690.274
weight: 1.82692e-06
eec: 73.9306
weight: 0.000140972
eec: 766.498
weight: 1.98514e-05
eec: 312.002
weight: 7.90515e-05
eec: 332.842
weight: 5.91869e-06
eec: 181.623
weight: 3.82569e-05
eec: 39.869
weight: 3.7159e-05
eec: 1028.9
weight: 0.000141588
eec: 94.078
weight: 5.71037e-05
eec: 36.411
weight: 7.62459e-05
eec: 621.912
weight: 7.62459e-05
eec: 175.472
weight: 0.000118184
eec: 146.041
weight: 8.26678e-07
eec: 68.2457
weight: 8.48219e-07
eec: 267.194
weight: 2.67414e-05
eec: 1939.92
weight: 2.35942e-05
eec: 411.317
weight: 6.61339e-06
eec: 402.418
weight: 0.00045574
eec: 172.658
weight: 1.23656e-05
eec: 1755.71
weight: 5.18912e-05
eec: 307.213
weight: 3.24432e-05
eec: 352.819
weight: 1.03693e-06
eec: 359.58
weight: 3.65615e-05
eec: 1314.75
weight: 6.45093e-05
eec: 1593.99
weight: 2.76776e-05
eec: 1056.72
weight: 6.20881e-05
eec: 341.074
weight: 0.000343918
eec: 1019.47
weight: 5.33604e-05
eec: 258.262
weight: 2.88418e-05
eec: 1425.72
weight: 6.75983e-06
eec: 819.279
weight: 1.48131e-05
eec: 2337.13
weight: 4.93137e-05
eec: 64.1237
weight: 5.43848e-05
eec: 754.088
weight: 2.33107e-05
eec: 944.509
weight: 9.60729e-08
eec: 935.839
weight: 0.000147075
eec: 243.473
weight: 7.51747e-06
eec: 38.0941
weight: 3.99108e-05
eec: 164.532
weight: 3.12424e-06
eec: 766.473
weight: 1.01328e-05
eec: 765.423
weight: 0.000455117
eec: 179.574
weight: 9.30818e-05
eec: 1461.61
weight: 0.000556386
eec: 87.235
weight: 3.39015e-05
eec: 552.55
weight: 2.80083e-05
eec: 1004.09
weight: 2.52133e-06
eec: 540.696
weight: 0.000171857
eec: 728.923
weight: 3.60296e-05
eec: 806.342
weight: 3.44177e-06
eec: 50.7697
weight: 2.6997e-06
eec: 442.871
weight: 1.5062e-05
eec: 651.446
weight: 4.02294e-05
eec: 720.84
weight: 0.000200127
eec: 73.1011
weight: 4.90484e-06
eec: 505.901
weight: 7.51973e-06
eec: 188.055
weight: 6.23162e-06
eec: 1106.98
weight: 0.000577443
eec: 337.596
weight: 1.26087e-05
eec: 475.037
weight: 0.000115859
eec: 1149.16
weight: 2.29381e-05
eec: 994.156
weight: 8.46572e-05
eec: 95.0493
weight: 0.000108953
eec: 361.798
weight: 1.0021e-05
eec: 1651.27
weight: 0.000246166
eec: 108.352
weight: 4.31861e-05
eec: 124.51
weight: 3.11967e-06
eec: 1235.77
weight: 9.49614e-07
eec: 67.247
weight: 9.29102e-06
eec: 1265.03
weight: 0.000508161
eec: 808.897
weight: 3.77815e-05
eec: 512.29
weight: 5.15787e-05
eec: 333.395
weight: 9.98647e-05
eec: 728.635
weight: 2.20316e-06
eec: 101.38
weight: 0.000468789
eec: 618.064
weight: 2.82342e-07
eec: 381.034
weight: 2.19427e-07
eec: 1796.04
weight: 3.99606e-05
eec: 1435.32
weight: 6.33112e-05
eec: 335.501
weight: 3.07751e-06
eec: 1288.94
weight: 6.4801e-06
eec: 2286.41
weight: 4.54359e-05
eec: 386.029
weight: 3.59438e-08
eec: 81.3589
weight: 1.46556e-05
eec: 1492.49
weight: 0.000679175
eec: 201.904
weight: 1.84726e-06
eec: 153.032
weight: 1.42925e-05
eec: 427.559
weight: 5.47753e-05
eec: 1429.33
weight: 1.04567e-05
eec: 1135.53
weight: 0.000199033
eec: 391.793
weight: 0.000708889
eec: 577.657
weight: 0.000143055
eec: 91.898
weight: 0.000216601
eec: 362.607
weight: 9.37804e-05
eec: 196.666
weight: 2.68632e-05
eec: 25.622
weight: 1.25968e-05
eec: 169.083
weight: 8.6752e-07
eec: 132.582
weight: 1.02221e-05
eec: 656.747
weight: 5.48993e-06
eec: 108.934
weight: 2.67378e-05
eec: 1128
weight: 9.91883e-05
eec: 580.011
weight: 9.91883e-05
eec: 813.235
weight: 2.26474e-06
eec: 211.297
weight: 1.55431e-05
eec: 1224.83
weight: 7.57825e-07
eec: 69.677
weight: 3.46816e-05
eec: 737.059
weight: 0.000304049
eec: 1017.89
weight: 2.35509e-05
eec: 883.599
weight: 6.76444e-05
eec: 202.441
weight: 0.00042768
eec: 413.184
weight: 3.23986e-05
eec: 1695.04
weight: 5.69851e-05
eec: 544.467
weight: 2.57905e-05
eec: 124.189
weight: 0.000100518
eec: 22.3376
weight: 0.000151984
eec: 24.0478
weight: 0.000137766
eec: 1243.97
weight: 9.07323e-06
eec: 740.847
weight: 8.53208e-07
eec: 156.013
weight: 1.61453e-07
eec: 152.443
weight: 4.39127e-05
eec: 409.902
weight: 5.29312e-05
eec: 49.6396
weight: 0.000180605
eec: 1825.43
weight: 3.03026e-05
eec: 697.658
weight: 5.63271e-06
eec: 299.807
weight: 3.8297e-05
eec: 627.364
weight: 8.57042e-05
eec: 24.2703
weight: 1.37273e-05
eec: 700.769
weight: 9.75801e-06
eec: 783.509
weight: 1.04952e-05
eec: 790.579
weight: 2.05592e-05
eec: 2501.43
weight: 0.000213722
eec: 736.523
weight: 4.06925e-05
eec: 788.26
weight: 7.5534e-06
eec: 303.384
weight: 3.34128e-05
eec: 757.53
weight: 6.04916e-05
eec: 596.32
weight: 1.14871e-06
eec: 173.025
weight: 9.28236e-05
eec: 237.696
weight: 4.7376e-05
eec: 693.963
weight: 8.34951e-05
eec: 595.96
weight: 5.78186e-06
eec: 1434.18
weight: 0.000215238
eec: 735.783
weight: 7.3658e-05
eec: 220.207
weight: 9.14949e-07
eec: 326.805
weight: 0.000289972
eec: 29.7244
weight: 1.12852e-05
eec: 72.7973
weight: 7.70882e-05
eec: 36.9511
weight: 2.75444e-05
eec: 841.069
weight: 0.000135704
eec: 259.584
weight: 5.68785e-05
eec: 614.146
weight: 2.20573e-05
eec: 824.136
weight: 2.71212e-07
eec: 1424.8
weight: 0.000100603
eec: 148.945
weight: 6.34396e-07
eec: 131.84
weight: 2.91494e-05
eec: 526.655
weight: 5.56238e-06
eec: 17.8158
weight: 7.80466e-05
eec: 253.693
weight: 0.000100809
eec: 150.265
weight: 0.000277377
eec: 43.0982
weight: 3.63236e-05
eec: 864.947
weight: 9.89127e-05
eec: 77.2997
weight: 1.03062e-05
eec: 56.2148
weight: 1.40915e-05
eec: 566.921
weight: 0.000164837
eec: 413.362
weight: 8.61391e-05
eec: 101.753
weight: 1.07226e-05
eec: 86.942
weight: 6.6498e-05
eec: 510.269
weight: 0.00013394
eec: 398.727
weight: 9.6688e-06
eec: 1290.42
weight: 3.05309e-05
eec: 111.582
weight: 2.11187e-05
eec: 128.755
weight: 4.34132e-06
eec: 44.0702
weight: 8.72651e-06
eec: 586.021
weight: 7.78508e-05
eec: 72.6851
weight: 2.03496e-05
eec: 388.589
weight: 1.41755e-05
eec: 574.562
weight: 5.53504e-06
eec: 59.6075
weight: 0.000335473
eec: 38.968
weight: 2.76478e-05
eec: 369.798
weight: 1.54662e-05
eec: 484.047
weight: 1.54662e-05
eec: 817.449
weight: 3.03426e-05
eec: 379.007
weight: 7.35253e-06
eec: 125.221
weight: 1.30496e-06
eec: 164.528
weight: 4.15255e-05
eec: 405.07
weight: 0.000160694
eec: 821.641
weight: 7.82222e-06
eec: 887.892
weight: 3.47519e-05
eec: 1545.55
weight: 6.04346e-05
eec: 401.276
weight: 3.29436e-05
eec: 295.43
weight: 4.68005e-06
eec: 47.2442
weight: 2.99057e-06
eec: 284.406
weight: 1.00937e-05
eec: 637.246
weight: 4.5188e-06
eec: 1039.56
weight: 0.000152018
eec: 836.562
weight: 4.14805e-05
eec: 1313.76
weight: 2.12573e-05
eec: 211.972
weight: 7.69478e-08
eec: 507.712
weight: 0.00018025
eec: 689.333
Processing: 81.8833 %weight: 4.32482e-05
eec: 714.234
weight: 0.000312139
eec: 470.64
weight: 3.82041e-05
eec: 965.132
weight: 0.00455256
eec: 401.424
weight: 9.47892e-06
eec: 599.663
weight: 0.000200906
eec: 418.298
weight: 7.91061e-05
eec: 291.067
weight: 1.44924e-05
eec: 1236.13
weight: 1.81458e-05
eec: 379.92
weight: 1.38055e-05
eec: 783.851
weight: 4.29377e-05
eec: 787.233
weight: 1.3209e-05
eec: 241.074
weight: 1.09937e-05
eec: 2725.19
weight: 5.46494e-05
eec: 135.619
weight: 8.44904e-06
eec: 2403.37
weight: 7.93966e-05
eec: 576.835
weight: 6.18796e-08
eec: 266.112
weight: 4.14589e-06
eec: 355.268
weight: 0.000613904
eec: 670.422
weight: 1.39671e-05
eec: 77.0755
weight: 2.78871e-05
eec: 422.41
weight: 6.2842e-06
eec: 201.515
weight: 1.92446e-05
eec: 152.938
weight: 1.92446e-05
eec: 306.973
weight: 0.000876814
eec: 183.215
weight: 0.000124658
eec: 469.558
weight: 4.98508e-06
eec: 325.32
weight: 6.91559e-05
eec: 122.352
weight: 3.1596e-05
eec: 391.232
weight: 5.64715e-06
eec: 2283.07
weight: 0.000188281
eec: 67.6079
weight: 0.000111987
eec: 92.9501
weight: 0.000188081
eec: 237.784

ROOT exit code = 0
