gSystem->Load("run_condor_job_Run3_C.so");
run_condor_job_Run3(636, 100, 2,
                    80, 200,
                    1, 1, 1, 6);
.q

ENTERED run_condor_job_Run3()
JOBID = 636
  global job = 636  Job 36/100  events [2123280, 2182260)  total=5898000
Processing events [2123280, 2182260) of 5898000
weight: 9.75316e-06
eec: 492.009
weight: 0.000188953
eec: 344.728
weight: 1.96483e-05
eec: 254.965
weight: 1.98062e-05
eec: 360.173
weight: 2.29131e-05
eec: 208.526
weight: 6.43807e-06
eec: 576.811
weight: 0.00011808
eec: 429.681
weight: 0.000340993
eec: 432.07
weight: 2.51619e-05
eec: 1517.73
weight: 0.000232623
eec: 924.208
weight: 5.51522e-06
eec: 70.9728
weight: 4.46594e-05
eec: 341.704
weight: 2.64673e-07
eec: 897.129
weight: 2.09717e-05
eec: 1093.86
weight: 0.000218881
eec: 25.4227
weight: 4.08685e-05
eec: 790.19
weight: 0.000100919
eec: 648.244
weight: 8.63868e-06
eec: 160.115
weight: 4.1525e-05
eec: 19.3346
weight: 4.09676e-06
eec: 90.4676
weight: 3.29554e-05
eec: 165.29
weight: 8.85672e-07
eec: 360.693
weight: 0.000447327
eec: 280.752
weight: 7.09175e-05
eec: 116.946
weight: 3.15254e-06
eec: 120.527
weight: 2.98856e-05
eec: 752.514
weight: 8.36517e-05
eec: 428.96
weight: 0.000133622
eec: 77.7627
weight: 0.000166228
eec: 87.6777
weight: 0.000275879
eec: 233.952
weight: 0.000412144
eec: 549.139
weight: 0.000103651
eec: 17.9002
weight: 2.82867e-05
eec: 1111.45
weight: 0.000317761
eec: 315.035
weight: 2.64036e-05
eec: 80.2901
weight: 2.69357e-05
eec: 23.9722
weight: 8.79694e-06
eec: 15.47
weight: 1.81489e-06
eec: 255.631
weight: 9.79161e-05
eec: 381.841
weight: 0.000161943
eec: 122.737
weight: 1.6745e-05
eec: 121.22
weight: 0.000139221
eec: 926.515
weight: 1.38e-05
eec: 500.037
weight: 0.00021408
eec: 125.474
weight: 1.83935e-05
eec: 626.003
weight: 5.02224e-05
eec: 2641.96
weight: 7.89389e-05
eec: 28.1512
weight: 3.1161e-05
eec: 128.7
weight: 7.33151e-07
eec: 235.027
weight: 7.46294e-06
eec: 805.706
weight: 8.68376e-05
eec: 57.6932
weight: 0.000111512
eec: 50.3155
weight: 6.49218e-06
eec: 1178.98
weight: 1.99722e-05
eec: 223.987
weight: 8.98027e-06
eec: 217.372
weight: 3.03078e-05
eec: 124.349
weight: 6.43738e-05
eec: 1487.36
weight: 4.90712e-06
eec: 64.9327
weight: 5.1108e-08
eec: 183.552
weight: 5.4483e-06
eec: 2137.15
weight: 1.76894e-06
eec: 232.639
weight: 4.71127e-05
eec: 54.9164
weight: 0.000122177
eec: 256.584
weight: 9.54458e-06
eec: 57.1335
weight: 2.12438e-05
eec: 16.2525
weight: 1.18475e-06
eec: 587.486
weight: 7.14477e-05
eec: 45.0025
weight: 6.29543e-06
eec: 731.039
weight: 9.99191e-07
eec: 643.319
weight: 0.000230524
eec: 302.427
weight: 6.36976e-05
eec: 1140.61
weight: 7.67815e-06
eec: 3151.95
weight: 4.74086e-05
eec: 108.883
weight: 6.06355e-06
eec: 2574.23
weight: 0.000346098
eec: 212.872
weight: 6.99749e-06
eec: 870.719
weight: 2.0428e-07
eec: 1198.99
weight: 8.70193e-07
eec: 426.023
weight: 4.16258e-05
eec: 2445.74
weight: 1.25441e-05
eec: 772.41
weight: 0.000100627
eec: 376.429
weight: 5.51233e-06
eec: 2525.55
weight: 1.35119e-05
eec: 848.876
weight: 0.000113223
eec: 1108.12
weight: 7.54243e-05
eec: 92.5118
weight: 9.43569e-05
eec: 47.5101
weight: 9.65041e-05
eec: 88.3243
weight: 3.02137e-05
eec: 263.223
weight: 9.06525e-06
eec: 84.0342
weight: 6.87283e-06
eec: 1166.81
weight: 0.000106511
eec: 316.307
weight: 9.30299e-06
eec: 998.576
weight: 9.46388e-06
eec: 536.165
weight: 4.14507e-05
eec: 585.122
weight: 2.84973e-05
eec: 80.1514
weight: 4.46879e-05
eec: 1060.31
weight: 9.34184e-06
eec: 303.526
weight: 3.54893e-05
eec: 143.087
weight: 1.10306e-06
eec: 128.963
weight: 1.78063e-06
eec: 68.8907
weight: 0.000150017
eec: 585.836
weight: 9.23779e-09
eec: 409.486
weight: 1.98379e-07
eec: 71.306
weight: 5.28808e-07
eec: 875.183
weight: 2.35379e-06
eec: 75.5806
weight: 1.39815e-05
eec: 67.465
weight: 0.000254911
eec: 47.7076
weight: 2.35976e-05
eec: 2680.73
weight: 2.61049e-05
eec: 627.5
weight: 8.60892e-05
eec: 3351.24
weight: 3.29169e-06
eec: 407.476
weight: 8.38775e-06
eec: 328.573
weight: 9.92685e-06
eec: 1220.82
weight: 6.73527e-06
eec: 47.4941
weight: 9.15058e-07
eec: 596.504
weight: 1.37962e-06
eec: 666.375
weight: 4.26536e-05
eec: 469.191
weight: 0.000160735
eec: 206.89
weight: 4.20727e-05
eec: 53.6701
weight: 6.0907e-06
eec: 61.8241
weight: 3.32755e-05
eec: 1227.31
weight: 1.41524e-05
eec: 96.4847
weight: 8.19315e-05
eec: 312.635
weight: 4.8468e-06
eec: 244.771
weight: 5.23123e-06
eec: 2088.37
weight: 4.20889e-05
eec: 873.517
weight: 4.64554e-06
eec: 1582.21
weight: 5.12519e-05
eec: 40.5866
weight: 9.99102e-06
eec: 72.6539
Processing: 36.453 %weight: 6.76956e-05
eec: 1055.66
weight: 4.77619e-05
eec: 481.829
weight: 4.2268e-05
eec: 559.034
weight: 2.35249e-05
eec: 2134.04
weight: 1.60001e-05
eec: 317.954
weight: 1.1403e-05
eec: 1450.13
weight: 1.1403e-05
eec: 92.3164
weight: 0.000119097
eec: 2327.81
weight: 4.26877e-05
eec: 153.24
weight: 2.51196e-05
eec: 412.649
weight: 4.61931e-06
eec: 134.975
weight: 8.18131e-05
eec: 1761.9
weight: 1.83307e-06
eec: 957.321
weight: 0.000116556
eec: 518.833
weight: 5.75908e-07
eec: 1124
weight: 9.23166e-06
eec: 257.228
weight: 3.68356e-05
eec: 502.774
weight: 2.48199e-05
eec: 1126.38
weight: 1.44905e-05
eec: 86.0745
weight: 3.58437e-05
eec: 39.5799
weight: 5.77049e-08
eec: 672.849
weight: 8.98427e-07
eec: 52.1559
weight: 1.03559e-05
eec: 1590.96
weight: 6.00315e-06
eec: 1768.93
weight: 1.64375e-05
eec: 1758.06
weight: 1.87969e-05
eec: 229.47
weight: 1.03967e-05
eec: 284.694
weight: 1.00737e-06
eec: 110.726
weight: 1.02592e-05
eec: 392.026
weight: 8.76886e-05
eec: 840.059
weight: 0.000331956
eec: 420.459
weight: 1.09284e-05
eec: 966.074
weight: 0.000514484
eec: 360.385
weight: 1.24261e-06
eec: 14.8827
weight: 0.000275917
eec: 543.482
weight: 6.43028e-05
eec: 44.0333
weight: 2.52467e-05
eec: 322.61
weight: 0.00018647
eec: 792.814
weight: 0.00419983
eec: 738.259
weight: 7.38586e-06
eec: 117.039
weight: 2.66094e-05
eec: 1794.83
weight: 8.46973e-05
eec: 288.937
weight: 3.81354e-05
eec: 353.103
weight: 5.24544e-07
eec: 120.828
weight: 5.23514e-05
eec: 373.54
weight: 1.06905e-06
eec: 22.4134
weight: 0.00017145
eec: 1022.56
weight: 2.83191e-06
eec: 475.793
weight: 1.20449e-05
eec: 432.694
weight: 3.15789e-05
eec: 41.9515
weight: 1.77944e-05
eec: 318.729
weight: 1.01994e-05
eec: 1647.27
weight: 3.32804e-05
eec: 1443.93
weight: 3.89842e-05
eec: 498.352
weight: 2.60376e-08
eec: 793.295
weight: 0.000206819
eec: 150.12
weight: 1.33754e-07
eec: 1187.62
weight: 1.50375e-06
eec: 1386.52
weight: 1.59631e-05
eec: 757.184
weight: 4.33401e-05
eec: 2647.57
weight: 2.39658e-05
eec: 376.18
weight: 1.7594e-06
eec: 52.1903
weight: 0.00105992
eec: 203.23
weight: 2.07941e-05
eec: 1051.06
weight: 7.28834e-05
eec: 556.067
weight: 3.76078e-05
eec: 479.01
weight: 1.95318e-06
eec: 257.33
weight: 8.0549e-05
eec: 153.066
weight: 0.000112014
eec: 281.989
weight: 5.61313e-05
eec: 461.001
weight: 7.889e-05
eec: 810.255
weight: 1.08637e-05
eec: 10.6198
weight: 1.09239e-05
eec: 1129.26
weight: 2.8643e-05
eec: 1352.55
weight: 6.68726e-05
eec: 9.13543
weight: 0.000260721
eec: 440.693
weight: 8.87006e-05
eec: 582.094
weight: 4.69524e-05
eec: 279.069
weight: 0.000189525
eec: 805.398
weight: 2.68117e-07
eec: 82.333
weight: 4.14972e-06
eec: 1304.5
weight: 0.000335377
eec: 452.057
weight: 0.000206949
eec: 345.627
weight: 5.73193e-07
eec: 55.8013
weight: 0.000272647
eec: 262.661
weight: 1.93411e-05
eec: 1570.65
weight: 4.30292e-08
eec: 425.032
weight: 1.84576e-05
eec: 863.065
weight: 5.70751e-05
eec: 717.321
weight: 2.06537e-05
eec: 464.27
weight: 5.67883e-06
eec: 583.364
weight: 0.000256606
eec: 80.1524
weight: 5.48878e-05
eec: 84.7902
weight: 2.76874e-05
eec: 255.154
weight: 2.29627e-05
eec: 214.17
weight: 3.39133e-05
eec: 284.839
weight: 8.89732e-05
eec: 938.367
weight: 1.10742e-05
eec: 1181.75
weight: 6.24288e-06
eec: 1480.19
weight: 1.06995e-05
eec: 170.086
weight: 3.81236e-05
eec: 68.3099
weight: 2.75599e-05
eec: 1709.84
weight: 2.75599e-05
eec: 342.326
weight: 2.08274e-05
eec: 472.737
weight: 0.00158542
eec: 336.351
weight: 8.21758e-06
eec: 1081.15
weight: 0.000220895
eec: 266.586
weight: 0.000158326
eec: 111.63
weight: 1.89755e-05
eec: 981.035
weight: 1.96593e-08
eec: 664.691
weight: 8.21702e-06
eec: 3458.54
weight: 7.18537e-06
eec: 378.34
weight: 7.31024e-05
eec: 483.136
weight: 5.884e-06
eec: 187.14
weight: 5.04861e-05
eec: 494.317
weight: 7.76763e-06
eec: 724.987
weight: 0.000141961
eec: 558.212
weight: 1.70175e-06
eec: 301.403
weight: 1.54664e-05
eec: 2591.03
weight: 0.000249842
eec: 788.182
weight: 4.54172e-05
eec: 302.126
weight: 1.19082e-07
eec: 96.803
weight: 1.53169e-05
eec: 436.723
weight: 2.38929e-06
eec: 567.993
weight: 0.000123693
eec: 54.9862
weight: 4.6256e-05
eec: 431.389
weight: 0.000231026
eec: 519.308
weight: 2.75633e-07
eec: 779.047
weight: 0.000327421
eec: 144.043
weight: 4.27698e-07
eec: 408.255
weight: 1.07129e-06
eec: 82.3489
weight: 0.000129892
eec: 663.918
weight: 6.52554e-05
eec: 203.923
weight: 8.24541e-06
eec: 1507.78
weight: 5.29498e-05
eec: 224.593
weight: 4.21725e-06
eec: 750.846
weight: 9.96142e-05
eec: 1568.36
weight: 3.36805e-06
eec: 202.504
weight: 0.000645752
eec: 629.111

ROOT exit code = 0
