gSystem->Load("run_condor_job_Run3_C.so");
run_condor_job_Run3(273, 100, 2,
                    80, 200,
                    1, 1, 1, 2);
.q

ENTERED run_condor_job_Run3()
JOBID = 273
  global job = 273  Job 73/100  events [4380000, 4440000)  total=6000000
Processing events [4380000, 4440000) of 6000000
weight: 6.54333e-05
eec: 1210.58
weight: 3.14397e-05
eec: 59.7518
weight: 1.29474e-06
eec: 174.369
weight: 6.26362e-05
eec: 217.867
weight: 0.000216063
eec: 707.99
weight: 0.0001531
eec: 353.113
weight: 2.24374e-05
eec: 182.942
weight: 0.000539529
eec: 308.646
weight: 0.000243092
eec: 638.63
weight: 5.37776e-06
eec: 1154.86
weight: 5.37776e-06
eec: 377.527
weight: 1.50576e-07
eec: 1404.26
weight: 7.63476e-06
eec: 232.626
weight: 9.18064e-06
eec: 1398.06
weight: 3.85516e-07
eec: 937.946
weight: 9.43184e-05
eec: 104.437
weight: 6.11635e-05
eec: 1501.39
weight: 3.77342e-07
eec: 145.316
weight: 5.40066e-06
eec: 421.612
weight: 2.07965e-05
eec: 380.763
weight: 7.24792e-06
eec: 662.7
weight: 2.32413e-05
eec: 1242.39
weight: 5.15921e-05
eec: 601.647
weight: 6.72394e-05
eec: 661.658
weight: 0.000641642
eec: 195.766
weight: 3.23934e-05
eec: 856.762
weight: 3.23934e-05
eec: 253.987
weight: 0.000169652
eec: 637.106
weight: 3.74604e-05
eec: 568.44
weight: 1.21405e-05
eec: 161.56
weight: 2.45893e-05
eec: 661.482
weight: 7.53572e-06
eec: 449.401
weight: 6.21376e-06
eec: 145.749
weight: 1.33396e-06
eec: 79.6758
weight: 5.87764e-07
eec: 62.9654
weight: 4.89305e-06
eec: 647.022
weight: 1.01001e-05
eec: 2446.62
weight: 2.56154e-05
eec: 1458.71
weight: 1.14588e-05
eec: 476.604
weight: 1.55049e-06
eec: 188.238
weight: 1.18742e-05
eec: 1006.62
weight: 4.07704e-05
eec: 924.476
weight: 9.31698e-06
eec: 220.424
weight: 2.84898e-05
eec: 1540.41
weight: 7.69745e-06
eec: 452.399
weight: 6.65044e-05
eec: 377.906
weight: 1.36645e-05
eec: 1372.86
weight: 9.7372e-07
eec: 333.688
weight: 3.41832e-07
eec: 670.062
weight: 2.28016e-05
eec: 1532.97
weight: 1.30455e-06
eec: 131.552
weight: 0.000314293
eec: 1243.78
weight: 2.99346e-05
eec: 156.485
weight: 2.24839e-05
eec: 372.118
weight: 1.65935e-06
eec: 1108.77
weight: 9.5085e-05
eec: 294.171
weight: 2.62806e-05
eec: 146.828
weight: 2.62429e-06
eec: 2317.49
weight: 4.42044e-05
eec: 378.851
weight: 0.00012275
eec: 169.544
weight: 1.49407e-05
eec: 99.2202
weight: 4.11102e-05
eec: 368.818
weight: 2.38778e-06
eec: 320.366
weight: 0.00188032
eec: 60.5531
weight: 0.000216811
eec: 69.3281
weight: 0.000129731
eec: 1192.91
weight: 6.87455e-08
eec: 16.1152
weight: 8.0889e-05
eec: 160.893
weight: 4.63056e-06
eec: 32.9698
Processing: 73.3333 %weight: 9.36216e-06
eec: 447.625
weight: 3.71522e-06
eec: 869.86
weight: 5.52426e-05
eec: 165.192
weight: 1.75462e-05
eec: 1342.9
weight: 1.39087e-05
eec: 643.458
weight: 3.86551e-06
eec: 650.21
weight: 0.000168072
eec: 74.3328
weight: 7.33868e-05
eec: 483.244
weight: 7.30174e-06
eec: 505.94
weight: 1.20347e-05
eec: 1968.98
weight: 8.86408e-06
eec: 571.557
weight: 1.66173e-05
eec: 1053.81
weight: 4.08108e-05
eec: 3439.08
weight: 3.58508e-05
eec: 709.458
weight: 1.12525e-05
eec: 269.756
weight: 4.42231e-05
eec: 461.998
weight: 0.000201831
eec: 100.105
weight: 4.96543e-06
eec: 231.831
weight: 3.45815e-06
eec: 368.883
weight: 4.10312e-06
eec: 380.715
weight: 7.89816e-06
eec: 166.769
weight: 6.6766e-06
eec: 496.191
weight: 9.06316e-05
eec: 896.497
weight: 3.23722e-06
eec: 2420.78
weight: 2.75798e-06
eec: 241.998
weight: 1.51871e-06
eec: 719.18
weight: 3.02307e-05
eec: 83.3481
weight: 2.16644e-05
eec: 45.0536
weight: 3.25332e-05
eec: 121.503
weight: 7.48401e-06
eec: 612.582
weight: 5.216e-05
eec: 191.511
weight: 0.000353772
eec: 11.9193
weight: 0.000217228
eec: 589.146
weight: 1.38075e-05
eec: 1004.94
weight: 3.20669e-05
eec: 722.402
weight: 1.62726e-05
eec: 921.682
weight: 7.12651e-06
eec: 503.816
weight: 1.98808e-05
eec: 426.601
weight: 0.00022774
eec: 366.549
weight: 0.000208516
eec: 655.194
weight: 0.000615815
eec: 51.8262
weight: 1.21089e-06
eec: 400.579
weight: 2.95981e-05
eec: 745.121
weight: 7.20565e-05
eec: 831.795
weight: 6.92863e-05
eec: 221.152
weight: 6.4257e-06
eec: 457.64
weight: 0.000130296
eec: 165.982
weight: 2.67966e-05
eec: 17.1313
weight: 8.20856e-06
eec: 420.698
weight: 0.000332826
eec: 113.402
weight: 0.000235992
eec: 718.684
weight: 3.11434e-05
eec: 1457.34
weight: 0.000357099
eec: 3984.22
weight: 0.000365252
eec: 254.733
weight: 5.82344e-07
eec: 375.429
weight: 4.98005e-05
eec: 886.222
weight: 1.86264e-05
eec: 647.367
weight: 3.38386e-06
eec: 2839.38
weight: 0.000127945
eec: 210.796
weight: 7.29464e-05
eec: 271.304
weight: 1.37098e-05
eec: 361.532
weight: 1.1355e-05
eec: 591.731
weight: 6.23486e-07
eec: 353.1
weight: 9.2191e-06
eec: 449.942
weight: 0.000174197
eec: 363.162
weight: 1.19452e-05
eec: 1007.57
weight: 4.8463e-06
eec: 508.739
weight: 0.00118468
eec: 668.575
weight: 6.60165e-05
eec: 652.863
weight: 1.18227e-05
eec: 1824.55
weight: 4.53583e-06
eec: 581.694
weight: 2.07258e-07
eec: 49.3177
weight: 2.17031e-05
eec: 367.625
weight: 0.000109229
eec: 127.708
weight: 0.000118123
eec: 196.777
weight: 1.2316e-05
eec: 541.821
weight: 1.17493e-05
eec: 1089.28
weight: 4.9153e-06
eec: 2182.8
weight: 5.48923e-06
eec: 1094.27
weight: 4.81163e-05
eec: 120.816
weight: 2.1902e-05
eec: 279.108
weight: 7.7631e-06
eec: 535.576
weight: 4.13414e-05
eec: 241.356
weight: 8.81366e-06
eec: 618.701
weight: 3.0366e-06
eec: 17.6403
weight: 0.000668544
eec: 514.742
weight: 0.00202204
eec: 936.67
weight: 3.90523e-05
eec: 757.708
weight: 8.37978e-06
eec: 295.67
weight: 1.25121e-05
eec: 2880.22
weight: 2.26011e-05
eec: 398.827
weight: 3.44087e-05
eec: 288.606
weight: 1.983e-06
eec: 125.114
weight: 0.000146933
eec: 1256.26
weight: 6.9542e-07
eec: 4724.51
weight: 3.38017e-06
eec: 2673.04
weight: 0.000114702
eec: 517.247
weight: 3.60023e-06
eec: 545.104
weight: 0.000116082
eec: 374.66
weight: 1.0018e-05
eec: 1152.39
weight: 0.000316629
eec: 779.215
weight: 0.000224339
eec: 95.9031
weight: 0.000257552
eec: 391.473
weight: 1.61212e-05
eec: 184.573
weight: 4.98291e-05
eec: 3970.08
weight: 4.02265e-05
eec: 138.908
weight: 4.1363e-05
eec: 67.2553
weight: 4.83578e-05
eec: 36.2286
weight: 3.19493e-05
eec: 1988.32
weight: 8.94424e-06
eec: 31.5742
weight: 5.08355e-05
eec: 1734.68
weight: 1.2909e-05
eec: 1982.68
weight: 5.46912e-05
eec: 818.046
weight: 5.98678e-06
eec: 257.688
weight: 0.000131925
eec: 419.082
weight: 0.000246026
eec: 234.259
weight: 7.85266e-06
eec: 119.883
weight: 4.24541e-05
eec: 804.814
weight: 1.50886e-05
eec: 643.281
weight: 0.00010614
eec: 2576.24
weight: 4.15982e-05
eec: 294.381
weight: 5.9966e-06
eec: 2996.62
weight: 0.000154155
eec: 19.1581
weight: 5.90465e-06
eec: 310.619
weight: 0.000137044
eec: 240.316
weight: 1.63168e-05
eec: 1121.13
weight: 5.57465e-06
eec: 645.688
weight: 3.15102e-05
eec: 160.336
weight: 0.000129567
eec: 409.965
weight: 8.89597e-06
eec: 455.516
weight: 7.60013e-07
eec: 410.044
weight: 2.93951e-05
eec: 2335.55
weight: 5.23072e-05
eec: 24.1623
weight: 2.70431e-05
eec: 1669.05
weight: 0.000108562
eec: 426.157
weight: 5.58465e-06
eec: 942.448
weight: 0.000237342
eec: 616.943
weight: 4.74826e-05
eec: 362.732
weight: 2.16277e-05
eec: 243.709
weight: 3.33572e-05
eec: 52.1275
weight: 5.62841e-06
eec: 72.6753
weight: 0.000198721
eec: 399.683
weight: 0.000923584
eec: 78.9824
weight: 1.61798e-06
eec: 213.831
weight: 1.23712e-06
eec: 2781.96
weight: 8.73215e-05
eec: 356.596
weight: 0.000105284
eec: 470.593
weight: 1.44946e-05
eec: 632.429
weight: 1.44492e-05
eec: 3062.6
weight: 1.429e-05
eec: 155.992
weight: 5.0651e-06
eec: 22.479
weight: 5.10539e-06
eec: 58.5616
weight: 3.81637e-06
eec: 116.47
weight: 2.89796e-05
eec: 106.463
weight: 7.05912e-06
eec: 902.086
weight: 1.03115e-05
eec: 2468.26
weight: 7.90858e-06
eec: 130.845
weight: 1.07472e-06
eec: 2538.66
weight: 2.2012e-05
eec: 56.401
weight: 6.35566e-05
eec: 960.606

ROOT exit code = 0
