gSystem->Load("run_condor_job_Run3_C.so");
run_condor_job_Run3(871, 100, 2,
                    80, 200,
                    1, 1, 1, 8);
.q

ENTERED run_condor_job_Run3()
JOBID = 871
  global job = 871  Job 71/100  events [4260000, 4320000)  total=6000000
Processing events [4260000, 4320000) of 6000000
weight: 3.68119e-05
eec: 744.985
weight: 3.79952e-06
eec: 73.6689
weight: 8.16884e-06
eec: 455.841
weight: 0.000540826
eec: 673.919
weight: 3.8301e-05
eec: 340.569
weight: 9.35767e-05
eec: 436.26
weight: 3.31251e-05
eec: 317.018
weight: 0.000206793
eec: 248.022
weight: 0.000476746
eec: 110.309
weight: 4.10882e-05
eec: 2.40059
weight: 8.55906e-06
eec: 118.301
weight: 9.19863e-06
eec: 1193.28
weight: 7.06333e-05
eec: 140.742
weight: 1.03685e-05
eec: 1900.29
weight: 3.46057e-08
eec: 493.587
weight: 9.26438e-05
eec: 635.871
weight: 0.000179358
eec: 930.299
weight: 2.4029e-05
eec: 40.1762
weight: 2.74831e-05
eec: 1736.92
weight: 3.52435e-05
eec: 433.364
weight: 0.000203473
eec: 802.854
weight: 2.02855e-05
eec: 73.9885
weight: 2.71852e-05
eec: 630.807
weight: 7.4692e-06
eec: 746.769
weight: 1.45651e-05
eec: 1120.21
weight: 7.48946e-05
eec: 565.689
weight: 6.72438e-05
eec: 532.27
weight: 6.72438e-05
eec: 431.345
weight: 1.24091e-05
eec: 838.398
weight: 1.93491e-05
eec: 122.683
weight: 1.1014e-05
eec: 300.372
weight: 4.29783e-05
eec: 374.468
weight: 0.000920549
eec: 516.844
weight: 1.52411e-05
eec: 860.621
weight: 3.75803e-05
eec: 130.186
weight: 0.000131248
eec: 212.027
weight: 5.80617e-06
eec: 4.24843
weight: 0.00048954
eec: 339.897
weight: 6.89416e-07
eec: 635.496
weight: 1.02347e-05
eec: 1805.41
weight: 1.11885e-05
eec: 2645.9
weight: 3.63703e-05
eec: 1179.72
weight: 7.56285e-05
eec: 488.288
weight: 5.98604e-06
eec: 42.9342
weight: 0.000128575
eec: 273.465
weight: 1.05162e-05
eec: 755.604
weight: 8.38519e-06
eec: 285.452
weight: 1.4697e-05
eec: 163.42
weight: 0.000207324
eec: 79.1272
weight: 0.000339256
eec: 621.17
weight: 0.000263155
eec: 109.501
weight: 1.02025e-07
eec: 795.188
weight: 8.82194e-07
eec: 1505.98
weight: 2.2251e-05
eec: 246.067
weight: 1.18306e-05
eec: 133.886
weight: 0.000174338
eec: 490.191
weight: 4.59949e-06
eec: 2191.46
weight: 5.00857e-06
eec: 48.5299
weight: 1.43177e-05
eec: 313.792
weight: 2.20169e-05
eec: 1366.47
weight: 3.28932e-05
eec: 897.92
weight: 8.9173e-05
eec: 308.658
weight: 5.57188e-05
eec: 246.623
weight: 1.04387e-05
eec: 606.791
weight: 0.000141678
eec: 1320.41
weight: 9.89599e-05
eec: 828.374
weight: 0.000103249
eec: 241.727
weight: 3.38276e-06
eec: 842.374
weight: 4.22956e-05
eec: 508.997
weight: 2.3495e-05
eec: 267.226
weight: 3.04347e-07
eec: 796.439
weight: 0.000165223
eec: 102.816
weight: 0.000418078
eec: 140.759
weight: 0.000133439
eec: 95.6171
weight: 6.16026e-05
eec: 146.286
weight: 7.07144e-06
eec: 955.256
weight: 0.000736924
eec: 109.794
weight: 1.54456e-05
eec: 504.052
weight: 2.12862e-06
eec: 128.893
weight: 5.56451e-06
eec: 1451.91
weight: 9.13665e-05
eec: 469.495
weight: 3.58867e-05
eec: 1476.27
weight: 1.92571e-05
eec: 152.295
weight: 6.99675e-05
eec: 254.636
weight: 1.54717e-05
eec: 35.3981
weight: 6.31475e-05
eec: 93.4925
weight: 9.53068e-06
eec: 1334.99
weight: 2.1839e-05
eec: 81.0793
weight: 5.23026e-06
eec: 661.121
weight: 9.57528e-05
eec: 321.876
weight: 1.58071e-05
eec: 354.734
weight: 9.46923e-06
eec: 87.6344
weight: 2.02342e-05
eec: 1025.11
weight: 0.000116066
eec: 3213.14
weight: 1.4705e-05
eec: 1767.78
weight: 2.73601e-06
eec: 192.349
weight: 0.00144774
eec: 56.6806
weight: 1.14312e-06
eec: 1630.35
weight: 4.51425e-05
eec: 46.4009
weight: 1.22994e-08
eec: 263.209
weight: 6.80999e-05
eec: 31.397
weight: 1.89195e-05
eec: 202.152
weight: 2.95771e-05
eec: 328.597
weight: 5.82327e-06
eec: 2676.54
weight: 1.49891e-05
eec: 1587.52
weight: 3.47099e-06
eec: 620.12
weight: 0.000401387
eec: 217.051
weight: 2.04524e-05
eec: 372.038
weight: 6.0449e-05
eec: 82.6973
weight: 6.99105e-06
eec: 1202.74
weight: 5.06985e-05
eec: 361.98
weight: 0.000191418
eec: 218.149
weight: 1.28834e-05
eec: 2152.33
weight: 5.9924e-06
eec: 1005.43
weight: 3.09585e-05
eec: 783.539
weight: 8.48751e-05
eec: 382.488
weight: 8.57422e-06
eec: 601.806
weight: 3.60423e-06
eec: 117.908
weight: 0.000104576
eec: 93.1944
weight: 5.54854e-06
eec: 585.692
weight: 0.000227659
eec: 992.208
weight: 1.16527e-05
eec: 578.447
weight: 0.000107608
eec: 234.37
weight: 2.02539e-05
eec: 218.803
weight: 0.000164266
eec: 118.522
weight: 6.98531e-05
eec: 71.0061
weight: 7.57275e-06
eec: 2083.61
weight: 7.57275e-06
eec: 401.523
weight: 5.53541e-08
eec: 325.043
weight: 0.00035371
eec: 1683.01
weight: 1.97947e-05
eec: 274.594
weight: 9.02204e-06
eec: 183.427
weight: 0.000109816
eec: 88.9895
weight: 4.72402e-05
eec: 788.007
weight: 2.88308e-06
eec: 489.702
weight: 1.60784e-05
eec: 160.23
weight: 1.03838e-07
eec: 1441.23
weight: 0.000160323
eec: 588.784
weight: 4.74254e-05
eec: 199.219
weight: 2.68697e-05
eec: 328.854
weight: 2.58406e-05
eec: 307.121
weight: 1.14969e-05
eec: 257.277
weight: 3.77822e-05
eec: 85.1546
weight: 0.000478253
eec: 886.247
weight: 0.00171486
eec: 713.267
weight: 9.40262e-05
eec: 431.834
weight: 4.10319e-05
eec: 41.28
weight: 0.000176627
eec: 120.841
weight: 5.37793e-06
eec: 463.82
weight: 1.38627e-05
eec: 380.79
Processing: 71.6667 %weight: 1.82548e-05
eec: 527.977
weight: 2.52987e-05
eec: 32.3015
weight: 0.000274509
eec: 141.343
weight: 0.000189164
eec: 62.2615
weight: 5.45533e-07
eec: 926.201
weight: 0.000126408
eec: 523.726
weight: 5.94546e-06
eec: 1517.64
weight: 0.000262225
eec: 363.322
weight: 0.000162877
eec: 34.618
weight: 2.03925e-06
eec: 516.928
weight: 0.000468295
eec: 42.5544
weight: 2.86883e-05
eec: 573.211
weight: 2.22089e-05
eec: 1217.96
weight: 1.76542e-05
eec: 92.7991
weight: 6.80761e-05
eec: 50.0726
weight: 7.04499e-06
eec: 391.559
weight: 2.82875e-05
eec: 658.491
weight: 2.55838e-05
eec: 29.8307
weight: 7.38895e-05
eec: 246.628
weight: 3.98946e-06
eec: 762.513
weight: 6.89231e-06
eec: 857.128
weight: 9.0269e-06
eec: 452.9
weight: 2.56492e-05
eec: 483.832
weight: 0.000439806
eec: 19.306
weight: 0.000141548
eec: 598.21
weight: 1.53012e-05
eec: 736.219
weight: 0.000101873
eec: 851.364
weight: 1.13276e-05
eec: 1763.55
weight: 1.06987e-06
eec: 367.404
weight: 9.68932e-06
eec: 2300.61
weight: 0.000306124
eec: 490.945
weight: 7.90873e-05
eec: 515.815
weight: 2.27169e-05
eec: 37.2657
weight: 2.4457e-05
eec: 601.504
weight: 3.10943e-06
eec: 1171.75
weight: 9.77576e-06
eec: 683.694
weight: 1.56335e-05
eec: 29.6144
weight: 3.80671e-06
eec: 661.648
weight: 0.00024559
eec: 826.748
weight: 9.48157e-05
eec: 108.858
weight: 8.03409e-05
eec: 1113.66
weight: 7.59646e-05
eec: 1334.46
weight: 0.000132854
eec: 604.503
weight: 3.91341e-06
eec: 412.639
weight: 1.05869e-05
eec: 847.177
weight: 2.83522e-05
eec: 284.474
weight: 4.31585e-06
eec: 72.8046
weight: 4.31585e-06
eec: 601.955
weight: 0.000190915
eec: 930.645
weight: 1.9336e-06
eec: 66.9908
weight: 3.65245e-05
eec: 738.389
weight: 9.16859e-06
eec: 438.666
weight: 7.20509e-05
eec: 102.179
weight: 6.67655e-06
eec: 131.459
weight: 8.38731e-06
eec: 475.266
weight: 3.64209e-06
eec: 181.77
weight: 0.000612686
eec: 637.902
weight: 9.44321e-05
eec: 428.299
weight: 4.25134e-05
eec: 13.0471
weight: 5.00032e-05
eec: 6.80063
weight: 6.59107e-05
eec: 1097.39
weight: 0.00018016
eec: 623.199
weight: 4.58906e-06
eec: 238.676
weight: 1.20363e-05
eec: 743.303
weight: 1.72242e-05
eec: 111.355
weight: 5.53867e-07
eec: 223.582
weight: 3.27965e-05
eec: 1166.63
weight: 3.84029e-05
eec: 437.117
weight: 5.52839e-07
eec: 1606.09
weight: 6.1614e-06
eec: 1626.73
weight: 4.15265e-05
eec: 1595.84
weight: 9.32107e-05
eec: 499.214
weight: 4.33111e-06
eec: 189.15
weight: 0.000149499
eec: 61.1189
weight: 1.96608e-05
eec: 1234.91
weight: 9.10533e-06
eec: 750.199
weight: 1.70601e-05
eec: 118.013
weight: 8.965e-06
eec: 111.864
weight: 3.21647e-05
eec: 18.5272
weight: 0.00020285
eec: 882.038
weight: 5.86045e-05
eec: 731.035
weight: 3.08276e-05
eec: 72.5549
weight: 5.7518e-05
eec: 572.252
weight: 2.25092e-05
eec: 46.9826

ROOT exit code = 0
