gSystem->Load("run_condor_job_Run3_C.so");
run_condor_job_Run3(954, 100, 2,
                    80, 200,
                    1, 1, 1, 9);
.q

ENTERED run_condor_job_Run3()
JOBID = 954
  global job = 954  Job 54/100  events [3210840, 3270300)  total=5946000
Processing events [3210840, 3270300) of 5946000
weight: 0.00044196
eec: 59.3147
weight: 1.27621e-05
eec: 2802.47
weight: 7.41547e-06
eec: 405.923
weight: 2.10093e-05
eec: 475.85
weight: 5.82439e-05
eec: 5.09062
weight: 1.89794e-05
eec: 523.694
weight: 0.000129961
eec: 1828.95
weight: 8.6115e-05
eec: 242.266
weight: 0.00025048
eec: 1341.09
weight: 0.000107397
eec: 173.512
weight: 1.17968e-05
eec: 2155.14
weight: 6.91076e-05
eec: 260.353
weight: 9.07468e-06
eec: 512.02
weight: 0.000104669
eec: 116.506
weight: 8.1156e-05
eec: 193.006
weight: 3.47681e-06
eec: 583.28
weight: 1.96583e-05
eec: 615.896
weight: 4.83717e-05
eec: 1086.02
weight: 3.19846e-05
eec: 48.4403
weight: 0.000268914
eec: 362.923
weight: 4.02069e-05
eec: 150.166
weight: 5.45696e-07
eec: 748.144
weight: 1.48767e-05
eec: 1455.25
weight: 1.45071e-05
eec: 2359.29
weight: 9.94831e-06
eec: 1752.82
weight: 6.7814e-09
eec: 172.15
weight: 1.22021e-05
eec: 3600.37
weight: 9.63384e-07
eec: 559.648
weight: 0.000185122
eec: 196.057
weight: 7.78146e-05
eec: 154.052
weight: 3.2339e-07
eec: 74.3687
weight: 4.74448e-07
eec: 607.312
weight: 9.64059e-05
eec: 2941.41
weight: 0.000252508
eec: 620.62
weight: 8.74214e-06
eec: 323.722
weight: 3.21723e-06
eec: 79.9601
weight: 1.30538e-05
eec: 406.617
weight: 0.000872377
eec: 114.156
weight: 3.19222e-05
eec: 36.4338
weight: 0.000186987
eec: 483.399
weight: 3.81914e-05
eec: 666.131
weight: 2.56878e-06
eec: 902.892
weight: 1.33616e-05
eec: 573.415
weight: 9.97098e-06
eec: 3598.22
weight: 6.70031e-06
eec: 16.1155
weight: 6.73187e-05
eec: 697.299
weight: 9.247e-06
eec: 262.611
weight: 9.09631e-06
eec: 674.491
weight: 6.84511e-05
eec: 711.505
weight: 0.00045515
eec: 284.835
weight: 0.00011885
eec: 140.821
weight: 2.12587e-05
eec: 606.262
weight: 0.000193551
eec: 173.942
weight: 4.18632e-06
eec: 469.185
weight: 6.4421e-05
eec: 151.446
weight: 0.000252485
eec: 1067.57
weight: 2.44183e-06
eec: 1032.86
weight: 1.91327e-05
eec: 26.529
weight: 2.46722e-05
eec: 1073.06
weight: 1.09824e-05
eec: 984.609
weight: 0.000150626
eec: 302.773
weight: 0.000120601
eec: 283.006
weight: 0.000184799
eec: 102.402
weight: 0.000372652
eec: 100.09
weight: 0.000262907
eec: 456.002
weight: 5.70261e-05
eec: 142.038
weight: 1.54788e-05
eec: 155.541
weight: 1.01739e-05
eec: 137.557
weight: 4.71286e-06
eec: 22.0608
weight: 4.51528e-07
eec: 40.6452
weight: 0.000145708
eec: 10.4589
weight: 4.57198e-06
eec: 1453.24
weight: 5.05772e-07
eec: 32.2823
weight: 1.59346e-05
eec: 719.379
weight: 5.85725e-05
eec: 55.5856
weight: 3.45927e-05
eec: 175.627
weight: 1.06188e-05
eec: 1313.15
weight: 1.214e-05
eec: 1151.93
weight: 0.000312552
eec: 180.862
weight: 1.33195e-06
eec: 692.209
weight: 4.83548e-05
eec: 664.291
weight: 4.15312e-07
eec: 81.2888
weight: 1.37924e-06
eec: 56.9458
weight: 7.11616e-06
eec: 403.463
weight: 4.40177e-05
eec: 54.3073
weight: 0.000249659
eec: 917.874
weight: 3.53228e-05
eec: 249.281
weight: 2.55303e-05
eec: 458.243
weight: 3.99721e-05
eec: 30.3137
weight: 8.29118e-07
eec: 113.348
weight: 4.28553e-05
eec: 975.317
weight: 6.84305e-05
eec: 356.862
weight: 0.000135713
eec: 30.1879
weight: 1.68772e-05
eec: 275.441
weight: 1.50962e-06
eec: 4049.44
weight: 2.69564e-05
eec: 589.747
weight: 2.18181e-05
eec: 244.455
weight: 3.30261e-06
eec: 701.614
weight: 5.05133e-06
eec: 2151.37
weight: 8.77896e-05
eec: 90.496
weight: 1.20009e-05
eec: 430.987
weight: 6.38149e-06
eec: 720.243
weight: 9.33972e-07
eec: 297.659
weight: 3.18698e-05
eec: 270.534
weight: 1.23487e-05
eec: 231.621
weight: 2.81712e-05
eec: 119.376
weight: 2.69686e-06
eec: 651.518
weight: 0.000280132
eec: 94.095
weight: 2.728e-05
eec: 600.353
weight: 1.60406e-06
eec: 352.564
weight: 1.38321e-07
eec: 2048.39
weight: 1.83879e-05
eec: 793.427
weight: 2.03517e-05
eec: 430.85
weight: 1.60398e-05
eec: 584.762
weight: 1.1105e-05
eec: 5670.12
weight: 1.93663e-05
eec: 48.6983
weight: 9.29734e-06
eec: 70.3426
weight: 4.49774e-05
eec: 142.985
weight: 1.80109e-05
eec: 1043.67
weight: 9.88566e-05
eec: 269.093
weight: 1.96009e-05
eec: 168.473
weight: 9.87486e-06
eec: 556.271
weight: 8.45496e-06
eec: 1362.4
weight: 2.9247e-05
eec: 500.969
weight: 1.18239e-05
eec: 215.438
weight: 5.11246e-05
eec: 206.256
weight: 6.13248e-05
eec: 462.123
weight: 6.408e-05
eec: 146.033
weight: 3.26566e-06
eec: 528.289
weight: 3.21145e-06
eec: 1400.87
weight: 1.44781e-05
eec: 982.347
weight: 3.32481e-05
eec: 657.542
weight: 0.00031809
eec: 49.5039
weight: 5.367e-05
eec: 688.876
weight: 0.000280392
eec: 869.752
weight: 7.16306e-06
eec: 685.527
weight: 1.35419e-07
eec: 651.708
weight: 0.000145508
eec: 834.804
weight: 8.77315e-05
eec: 179.26
weight: 5.25263e-06
eec: 123.451
weight: 9.55658e-06
eec: 762.189
weight: 0.000225099
eec: 610.471
weight: 3.6319e-05
eec: 820.281
weight: 4.49682e-05
eec: 217.244
weight: 1.08494e-05
eec: 199.026
weight: 3.22004e-05
eec: 1036.28
weight: 2.91946e-05
eec: 122.017
weight: 2.68014e-05
eec: 424.72
weight: 7.87488e-05
eec: 452.511
weight: 8.74607e-07
eec: 534.515
weight: 9.89603e-06
eec: 1848.15
weight: 0.000214883
eec: 38.3642
weight: 2.38762e-05
eec: 380.827
weight: 0.000145365
eec: 2177.16
weight: 7.77211e-05
eec: 372.729
weight: 5.72307e-06
eec: 348.659
weight: 6.32333e-05
eec: 304.686
weight: 4.74425e-07
eec: 120.019
weight: 0.000479674
eec: 156.924
weight: 3.69501e-05
eec: 338.004
weight: 9.95078e-06
eec: 1102.98
weight: 0.000137919
eec: 154.857
weight: 0.000463519
eec: 622.93
weight: 0.000233757
eec: 250.809
Processing: 54.6586 %weight: 0.000103895
eec: 592.041
weight: 1.64112e-05
eec: 2045.01
weight: 1.28024e-07
eec: 63.6139
weight: 0.000103387
eec: 434.931
weight: 9.79826e-05
eec: 419.883
weight: 5.07574e-05
eec: 1931.63
weight: 7.76138e-06
eec: 700.012
weight: 0.000118257
eec: 206.845
weight: 5.23115e-05
eec: 744.182
weight: 7.91532e-06
eec: 468.434
weight: 0.000191038
eec: 842.301
weight: 2.71355e-05
eec: 674.033
weight: 1.28585e-05
eec: 254.299
weight: 5.3254e-06
eec: 1242.01
weight: 0.00011512
eec: 38.8543
weight: 1.6242e-05
eec: 354.413
weight: 5.7563e-05
eec: 711.11
weight: 5.59322e-06
eec: 181.663
weight: 0.000756677
eec: 149.518
weight: 0.000106169
eec: 200.683
weight: 0.00100435
eec: 220.597
weight: 6.19934e-06
eec: 1579.2
weight: 1.26612e-05
eec: 892.156
weight: 2.40166e-05
eec: 167.015
weight: 0.0001822
eec: 246.687
weight: 4.81697e-05
eec: 208.442
weight: 9.18185e-05
eec: 43.2814
weight: 2.41806e-05
eec: 8.92272
weight: 5.92539e-06
eec: 378.744
weight: 2.01347e-06
eec: 1400.68
weight: 1.82777e-06
eec: 2393.8
weight: 1.77171e-05
eec: 142.707
weight: 1.03268e-05
eec: 144.644
weight: 8.52052e-05
eec: 931.286
weight: 0.000194669
eec: 801.814
weight: 3.09258e-08
eec: 264.978
weight: 1.59176e-05
eec: 46.971
weight: 0.000294947
eec: 311.586
weight: 1.1669e-05
eec: 1215.28
weight: 6.63055e-07
eec: 1370.06
weight: 2.55169e-05
eec: 89.9375
weight: 7.43737e-06
eec: 92.8455
weight: 0.000246385
eec: 369.271
weight: 4.92163e-05
eec: 400.879
weight: 1.10569e-05
eec: 82.6918
weight: 9.65299e-05
eec: 240.404
weight: 4.37875e-07
eec: 208.758
weight: 0.000117384
eec: 230.611
weight: 2.11874e-05
eec: 454.56
weight: 3.54435e-06
eec: 157.399
weight: 4.34378e-05
eec: 76.9598
weight: 2.17284e-05
eec: 913.358
weight: 1.75855e-05
eec: 177.033
weight: 3.10221e-05
eec: 1327.53
weight: 0.000215964
eec: 96.7003
weight: 0.000130067
eec: 2068.43
weight: 1.84513e-05
eec: 494.484
weight: 5.23431e-06
eec: 353.618
weight: 9.49381e-08
eec: 580.616
weight: 1.92812e-05
eec: 114.728
weight: 8.97326e-06
eec: 112.598
weight: 1.05489e-05
eec: 774.983
weight: 2.16089e-08
eec: 362.347
weight: 5.83378e-05
eec: 365.431
weight: 2.11335e-05
eec: 2656.2
weight: 8.39628e-06
eec: 83.9528
weight: 0.000140397
eec: 713.748
weight: 0.000235068
eec: 273.222
weight: 9.93748e-05
eec: 450.952
weight: 1.37673e-08
eec: 121.936
weight: 6.93076e-05
eec: 1843.4
weight: 0.000402003
eec: 158.191
weight: 4.01253e-06
eec: 52.2072
weight: 2.17264e-06
eec: 1040.46
weight: 1.33034e-05
eec: 398.249
weight: 3.9466e-06
eec: 418.984

ROOT exit code = 0
