gSystem->Load("run_condor_job_Run3_C.so");
run_condor_job_Run3(231, 100, 2,
                    80, 200,
                    1, 1, 1, 2);
.q

ENTERED run_condor_job_Run3()
JOBID = 231
  global job = 231  Job 31/100  events [1860000, 1920000)  total=6000000
Processing events [1860000, 1920000) of 6000000
weight: 2.2635e-05
eec: 61.4871
weight: 2.18447e-06
eec: 369.457
weight: 1.16736e-05
eec: 23.3039
weight: 3.55038e-05
eec: 1323.22
weight: 0.000176844
eec: 239.366
weight: 3.89524e-07
eec: 50.8359
weight: 1.65128e-06
eec: 16.1243
weight: 0.000381684
eec: 14.8489
weight: 0.000237669
eec: 306.411
weight: 0.000116863
eec: 248.877
weight: 2.68845e-08
eec: 487.431
weight: 2.28481e-05
eec: 310.811
weight: 0.000162228
eec: 427.901
weight: 1.04649e-05
eec: 722.533
weight: 5.59968e-06
eec: 949.951
weight: 9.9131e-06
eec: 963.227
weight: 6.37187e-05
eec: 281.77
weight: 1.52764e-05
eec: 406.971
weight: 0.000189763
eec: 636.526
weight: 0.00014622
eec: 488.45
weight: 2.79886e-06
eec: 18.0417
weight: 5.09241e-05
eec: 895.057
weight: 4.02223e-06
eec: 90.19
weight: 0.000284787
eec: 113.711
weight: 0.000145575
eec: 313.658
weight: 9.27007e-06
eec: 1082.95
weight: 0.000151424
eec: 1327.16
weight: 0.000230779
eec: 665.397
weight: 1.47602e-06
eec: 254.379
weight: 1.7431e-05
eec: 151.489
weight: 0.000118118
eec: 10.0908
weight: 1.04625e-06
eec: 1136.06
weight: 9.46379e-06
eec: 623.785
weight: 4.23445e-07
eec: 43.3614
weight: 3.5356e-06
eec: 62.7424
weight: 3.64072e-05
eec: 563.367
weight: 0.00021898
eec: 176.704
weight: 0.00019423
eec: 80.5411
weight: 2.5095e-05
eec: 188.943
weight: 1.38785e-05
eec: 105.499
weight: 1.01407e-05
eec: 3154.04
weight: 5.74989e-06
eec: 928.288
weight: 8.66718e-06
eec: 210.405
weight: 2.45777e-06
eec: 637.325
weight: 4.72633e-06
eec: 2067.63
weight: 1.67674e-06
eec: 2915.75
weight: 2.24566e-05
eec: 246.082
weight: 3.34432e-05
eec: 810.881
weight: 0.00146802
eec: 688.978
weight: 5.84471e-06
eec: 89.9799
weight: 8.63668e-06
eec: 60.4045
weight: 5.76323e-05
eec: 97.1342
weight: 4.26512e-08
eec: 1770.63
weight: 0.000104386
eec: 158.113
weight: 4.39207e-05
eec: 162.445
weight: 4.35274e-06
eec: 19.7659
weight: 2.23944e-05
eec: 611.779
weight: 4.51429e-05
eec: 509.896
weight: 9.35442e-05
eec: 723.941
weight: 0.000198961
eec: 522.495
weight: 2.93466e-05
eec: 1035
weight: 5.59362e-06
eec: 1249.09
weight: 3.0974e-06
eec: 525.281
weight: 0.000100339
eec: 151.131
weight: 5.62993e-07
eec: 661.036
weight: 1.87095e-05
eec: 240.664
weight: 5.0411e-05
eec: 71.7257
weight: 0.000197018
eec: 112.446
weight: 8.296e-06
eec: 870.667
weight: 3.05357e-06
eec: 511.067
weight: 0.000141637
eec: 261.319
weight: 4.85714e-05
eec: 120.563
weight: 4.73188e-05
eec: 230.505
weight: 1.06826e-05
eec: 478.68
weight: 5.87226e-06
eec: 600.275
weight: 2.38371e-05
eec: 134.762
weight: 0.000141299
eec: 70.668
weight: 4.85115e-06
eec: 1033.4
weight: 1.99277e-06
eec: 523.148
weight: 2.70363e-06
eec: 3491.74
weight: 3.56744e-05
eec: 867.696
weight: 1.39679e-05
eec: 1204.28
weight: 6.3468e-07
eec: 207.231
weight: 1.62807e-05
eec: 483.067
weight: 4.07202e-05
eec: 154.259
weight: 3.64581e-05
eec: 1147.94
weight: 4.13059e-05
eec: 215.823
weight: 0.000104723
eec: 609.924
weight: 6.27244e-05
eec: 205.402
weight: 1.74921e-06
eec: 565.537
weight: 8.78444e-05
eec: 9.32753
weight: 1.38698e-05
eec: 1108.8
weight: 4.49238e-06
eec: 648.166
weight: 0.000621528
eec: 201.067
weight: 2.33161e-05
eec: 79.7059
weight: 1.08656e-05
eec: 186.2
weight: 1.43922e-05
eec: 504.142
weight: 3.63173e-06
eec: 1213.63
weight: 3.54617e-05
eec: 725.862
weight: 3.39043e-06
eec: 1544.83
weight: 8.19581e-06
eec: 103.607
weight: 7.24987e-06
eec: 2035.76
weight: 0.000164046
eec: 60.6142
weight: 3.53409e-07
eec: 225.314
weight: 6.15741e-05
eec: 29.9801
weight: 1.37407e-05
eec: 383.901
weight: 1.05424e-05
eec: 28.3975
weight: 1.08494e-05
eec: 81.6953
weight: 0.000363478
eec: 193.368
weight: 1.63972e-05
eec: 437.405
weight: 1.74039e-05
eec: 726.279
weight: 2.97417e-07
eec: 112.257
weight: 5.88542e-05
eec: 686.874
weight: 0.00020236
eec: 961.381
weight: 1.65059e-05
eec: 283.981
weight: 1.23301e-05
eec: 90.7311
weight: 8.10077e-05
eec: 189.007
weight: 9.55119e-06
eec: 468.777
weight: 7.78652e-06
eec: 914.716
weight: 5.22406e-05
eec: 1260.94
weight: 6.6144e-05
eec: 343.708
weight: 0.000174635
eec: 120.725
weight: 0.00013123
eec: 743.454
weight: 7.51353e-06
eec: 393.25
weight: 0.000182213
eec: 117.762
weight: 2.38036e-05
eec: 295.473
weight: 0.00151994
eec: 253.854
weight: 5.33707e-05
eec: 2867.1
weight: 5.36152e-06
eec: 614.908
weight: 5.21157e-06
eec: 129.738
weight: 0.000134208
eec: 497.373
weight: 5.87702e-06
eec: 2512.96
weight: 1.97192e-05
eec: 35.9374
weight: 3.14481e-05
eec: 137.383
weight: 0.000394571
eec: 637.409
weight: 1.35524e-05
eec: 187.94
weight: 5.25427e-05
eec: 514.794
weight: 1.20972e-05
eec: 303.451
weight: 8.42882e-06
eec: 153.451
weight: 0.000156991
eec: 1735.62
weight: 2.88165e-07
eec: 443.793
weight: 1.17565e-05
eec: 203.809
weight: 1.26144e-05
eec: 56.6399
weight: 1.07587e-05
eec: 35.9922
weight: 0.00012156
eec: 191.405
weight: 2.60302e-06
eec: 451.168
weight: 0.000259088
eec: 133.12
weight: 3.51023e-05
eec: 488.888
weight: 0.000110433
eec: 418.132
weight: 6.49428e-06
eec: 229.94
weight: 8.3543e-06
eec: 408.971
weight: 5.07541e-05
eec: 117.844
weight: 1.1037e-05
eec: 289.144
weight: 1.75139e-06
eec: 180.634
weight: 8.15076e-05
eec: 652.511
weight: 3.45951e-05
eec: 1284.49
weight: 1.59722e-05
eec: 254.239
weight: 0.000168874
eec: 278.148
weight: 0.000175391
eec: 1296.14
weight: 1.33841e-05
eec: 66.5226
weight: 1.50548e-05
eec: 112.052
weight: 1.49111e-05
eec: 498.313
weight: 4.86832e-06
eec: 99.4755
weight: 1.58309e-06
eec: 1429.29
weight: 1.52769e-06
eec: 300.338
weight: 3.92984e-06
eec: 261.163
weight: 0.000125251
eec: 438.841
weight: 1.00474e-05
eec: 59.6844
weight: 3.95629e-05
eec: 2675.65
weight: 1.31698e-05
eec: 248.488
weight: 0.000102897
eec: 417.41
weight: 8.33333e-07
eec: 596.054
weight: 0.000282126
eec: 734.472
weight: 8.741e-05
eec: 265.748
weight: 2.6587e-05
eec: 57.5544
weight: 7.03154e-05
eec: 284.417
weight: 4.8244e-05
eec: 288.458
weight: 1.74097e-05
eec: 306.587
weight: 1.09012e-05
eec: 857.99
weight: 9.83608e-06
eec: 1316.51
weight: 0.000478445
eec: 506.605
weight: 1.45246e-05
eec: 631.46
weight: 1.02026e-05
eec: 126.054
weight: 4.54614e-06
eec: 1008.49
weight: 8.54619e-06
eec: 888.966
Processing: 31.6667 %weight: 2.01955e-06
eec: 179.601
weight: 0.000201944
eec: 370.924
weight: 3.48453e-06
eec: 128.096
weight: 8.15179e-05
eec: 557.264
weight: 7.1859e-06
eec: 78.4111
weight: 0.000223914
eec: 24.4825
weight: 3.45399e-06
eec: 629.352
weight: 0.000185857
eec: 503.809
weight: 3.22328e-05
eec: 23.1449
weight: 6.08375e-05
eec: 158.673
weight: 3.26452e-05
eec: 363.07
weight: 1.66333e-05
eec: 106.504
weight: 0.000357547
eec: 1043.21
weight: 4.63066e-06
eec: 3838.45
weight: 0.000103218
eec: 1234.9
weight: 4.7135e-06
eec: 1670.43
weight: 0.000174386
eec: 98.9961
weight: 0.000212824
eec: 588.379
weight: 4.43103e-05
eec: 26.8849
weight: 6.11734e-05
eec: 249.35
weight: 8.54831e-06
eec: 438.342
weight: 1.21083e-06
eec: 1249.48
weight: 2.4885e-05
eec: 856.361
weight: 2.4885e-05
eec: 90.3765
weight: 4.37478e-05
eec: 304.662
weight: 2.45215e-08
eec: 140.172
weight: 3.08679e-06
eec: 87.1446
weight: 7.55192e-06
eec: 2386.91
weight: 2.78836e-05
eec: 284.595
weight: 0.000132008
eec: 47.2597
weight: 7.89561e-05
eec: 238.88
weight: 4.99125e-06
eec: 571.997
weight: 1.36523e-05
eec: 748.292
weight: 0.00017357
eec: 417.534
weight: 7.48405e-06
eec: 422.947
weight: 6.84335e-06
eec: 808.332
weight: 1.85757e-05
eec: 1795.02
weight: 8.59285e-06
eec: 513.015
weight: 4.87521e-05
eec: 79.2618
weight: 0.000154479
eec: 292.054
weight: 1.31564e-05
eec: 353.207
weight: 0.000128715
eec: 193.139
weight: 5.14593e-06
eec: 1061.06
weight: 7.21137e-05
eec: 271.815
weight: 1.05233e-06
eec: 867.308
weight: 7.37034e-07
eec: 493.449
weight: 8.6633e-06
eec: 322.103
weight: 3.52393e-05
eec: 226.627
weight: 0.000123905
eec: 129.866
weight: 4.29416e-06
eec: 990.738
weight: 3.38648e-06
eec: 1709.14
weight: 2.77254e-05
eec: 88.5968
weight: 0.000145953
eec: 231.262
weight: 0.000285588
eec: 513.958
weight: 1.29446e-05
eec: 1008.95
weight: 0.000148662
eec: 110.469
weight: 4.88824e-05
eec: 2728.91
weight: 2.00562e-06
eec: 944.765
weight: 3.04105e-05
eec: 129.082
weight: 1.77732e-05
eec: 711.615
weight: 1.0251e-05
eec: 1736.83
weight: 1.84708e-05
eec: 709.357
weight: 2.31315e-05
eec: 1595.61
weight: 0.000264232
eec: 546.87
weight: 4.21402e-05
eec: 826.292

ROOT exit code = 0
