gSystem->Load("run_condor_job_Run3_C.so");
run_condor_job_Run3(100, 100, 2,
                    80, 200,
                    1, 1, 1, 1);
.q

ENTERED run_condor_job_Run3()
JOBID = 100
  global job = 100  Job 0/100  events [0, 58620)  total=5862000
Processing events [0, 58620) of 5862000
Processing: 0 %weight: 6.37305e-05
eec: 64.3106
weight: 7.65077e-06
eec: 1963.82
weight: 1.94674e-05
eec: 1180.04
weight: 1.20192e-07
eec: 2439.16
weight: 1.67914e-06
eec: 423.724
weight: 4.32161e-06
eec: 260.47
weight: 0.000221766
eec: 142.185
weight: 3.45003e-05
eec: 36.7369
weight: 1.68114e-05
eec: 238.808
weight: 0.000351838
eec: 150.216
weight: 4.57569e-06
eec: 2676.4
weight: 1.18142e-05
eec: 2152.67
weight: 1.59642e-05
eec: 1350.59
weight: 8.42476e-06
eec: 716.451
weight: 5.54453e-05
eec: 1219.71
weight: 1.12186e-05
eec: 588.609
weight: 5.80405e-05
eec: 559.127
weight: 1.90263e-05
eec: 452.462
weight: 7.26674e-05
eec: 628.296
weight: 2.63636e-05
eec: 234.689
weight: 7.97497e-06
eec: 697.579
weight: 4.28673e-06
eec: 569.204
weight: 5.34186e-05
eec: 150.002
weight: 2.14795e-05
eec: 669.116
weight: 6.78169e-05
eec: 30.0045
weight: 9.07623e-06
eec: 1057.11
weight: 1.48669e-05
eec: 355.945
weight: 4.44425e-07
eec: 59.0876
weight: 1.50331e-05
eec: 52.9861
weight: 2.57399e-05
eec: 446.942
weight: 1.58291e-05
eec: 745.218
weight: 0.000296183
eec: 422.807
weight: 1.99411e-05
eec: 529.246
weight: 0.000281483
eec: 226.458
weight: 0.000120044
eec: 186.878
weight: 6.12248e-05
eec: 412.432
weight: 3.81702e-05
eec: 1133.83
weight: 1.88333e-05
eec: 245.833
weight: 9.30697e-06
eec: 407.648
weight: 2.80761e-06
eec: 33.1883
weight: 1.62029e-05
eec: 499.584
weight: 2.82526e-05
eec: 147.931
weight: 0.000113557
eec: 205.881
weight: 0.00150074
eec: 117.874
weight: 4.72221e-06
eec: 1450.8
weight: 8.28846e-06
eec: 1806.77
weight: 1.44543e-05
eec: 459.217
weight: 2.01973e-06
eec: 170.423
weight: 1.50517e-08
eec: 104.605
weight: 0.000125743
eec: 877.379
weight: 3.06156e-05
eec: 177.969
weight: 8.75597e-06
eec: 298.014
weight: 6.21003e-06
eec: 52.8809
weight: 5.60132e-05
eec: 94.5449
weight: 0.000168185
eec: 85.4013
weight: 6.58876e-05
eec: 212.347
weight: 0.000173061
eec: 66.1645
weight: 2.31197e-05
eec: 482.152
weight: 0.000379652
eec: 342.853
weight: 3.84001e-06
eec: 1301.76
weight: 0.000197618
eec: 200.611
weight: 0.000131136
eec: 525.514
weight: 2.12594e-05
eec: 479.005
weight: 9.11069e-05
eec: 65.0245
weight: 0.000135883
eec: 913.059
weight: 8.43494e-05
eec: 314.455
weight: 8.28001e-07
eec: 1328.62
weight: 1.17409e-05
eec: 480.489
weight: 3.59622e-07
eec: 271.384
weight: 4.09144e-07
eec: 1258.94
weight: 2.85998e-06
eec: 612.236
weight: 9.72873e-05
eec: 1108.71
weight: 3.06797e-05
eec: 397.826
weight: 8.69979e-07
eec: 299.463
weight: 2.21664e-05
eec: 299.264
weight: 9.65093e-06
eec: 13.521
weight: 4.22323e-06
eec: 1235.33
weight: 8.71856e-06
eec: 326.666
weight: 0.000901825
eec: 105.776
weight: 4.06031e-05
eec: 1427.86
weight: 0.000146063
eec: 375.667
weight: 1.80659e-05
eec: 154.255
weight: 0.000148205
eec: 77.8376
weight: 5.31231e-05
eec: 136.963
weight: 6.2988e-06
eec: 1130.22
weight: 1.58499e-05
eec: 136.017
weight: 2.63892e-05
eec: 584.982
weight: 5.8031e-05
eec: 522.335
weight: 1.82878e-06
eec: 73.6742
weight: 0.000141905
eec: 1985.09
weight: 1.4165e-05
eec: 79.9058
weight: 0.000121551
eec: 689.788
weight: 5.48558e-05
eec: 839.954
weight: 1.10521e-06
eec: 328.194
weight: 7.5401e-06
eec: 265.323
weight: 1.44817e-05
eec: 408.187
weight: 0.000160405
eec: 753.909
weight: 1.18202e-05
eec: 389.586
weight: 1.56887e-05
eec: 88.7917
weight: 6.96948e-07
eec: 692.262
weight: 0.000619067
eec: 71.625
weight: 1.49486e-05
eec: 1236.97
weight: 3.54061e-05
eec: 1249.68
weight: 1.32043e-05
eec: 234.88
weight: 3.50034e-05
eec: 823.556
weight: 1.41553e-05
eec: 1573.35
weight: 7.67447e-05
eec: 442.126
weight: 1.50075e-05
eec: 660.216
weight: 2.63783e-05
eec: 550.063
weight: 9.78735e-07
eec: 722.655
weight: 4.37446e-05
eec: 824.645
weight: 2.00526e-05
eec: 2487.78
weight: 2.0496e-05
eec: 369.871
weight: 5.39631e-06
eec: 1117.61
weight: 1.55417e-05
eec: 2566.87
weight: 4.13755e-05
eec: 132.06
weight: 1.4437e-05
eec: 133.855
weight: 5.52478e-06
eec: 324.168
weight: 1.53382e-05
eec: 2411.88
weight: 3.40803e-05
eec: 543.021
weight: 0.000118015
eec: 118.742
weight: 4.89254e-06
eec: 812.644
weight: 0.00174454
eec: 1247.9
weight: 0.00164792
eec: 510.266
weight: 0.000199201
eec: 506.262
weight: 2.37491e-06
eec: 393.106
weight: 5.06627e-07
eec: 2956.8
weight: 3.99136e-05
eec: 178.612
weight: 0.000420574
eec: 284.76
weight: 1.507e-05
eec: 709.566
weight: 3.40858e-05
eec: 3118.58
weight: 1.84725e-07
eec: 138.429
weight: 1.23843e-05
eec: 155.489
weight: 6.1868e-07
eec: 36.3586
weight: 0.000162814
eec: 120.08
weight: 0.000134569
eec: 67.5394
weight: 1.17962e-05
eec: 644.78
weight: 0.000458399
eec: 397.746
weight: 1.59426e-05
eec: 882.983
weight: 7.44541e-05
eec: 54.7125
weight: 0.000129948
eec: 685.835
weight: 4.51006e-05
eec: 292.007
weight: 0.000208863
eec: 676.327
weight: 5.18743e-05
eec: 872.127
weight: 0.000118615
eec: 210.842
weight: 0.000272372
eec: 118.668
weight: 2.57723e-05
eec: 1887.39
weight: 6.64874e-05
eec: 557.871
weight: 0.000249388
eec: 649.122
weight: 4.48473e-05
eec: 316.163
weight: 0.000369716
eec: 1007.58
weight: 1.32924e-05
eec: 960.655
weight: 0.000401904
eec: 402.463
weight: 2.63938e-06
eec: 62.2538
weight: 0.000185109
eec: 155.699
weight: 1.17838e-05
eec: 585.205
weight: 4.74007e-05
eec: 531.671
weight: 1.59393e-05
eec: 1343.22
weight: 0.000356228
eec: 2311.35
weight: 5.53871e-05
eec: 256.781
weight: 3.25461e-05
eec: 280.119
weight: 1.61857e-05
eec: 11.7299
weight: 6.48439e-05
eec: 43.6132
weight: 1.40693e-05
eec: 152.894
weight: 4.76935e-05
eec: 244.911
weight: 5.19973e-07
eec: 53.3487
weight: 8.07883e-05
eec: 463.145
weight: 9.21395e-07
eec: 770.029
weight: 6.89345e-05
eec: 305.191
weight: 6.90377e-06
eec: 969.817
weight: 1.43856e-05
eec: 2517.21
weight: 0.000163618
eec: 181.473
weight: 4.41054e-05
eec: 340.103
weight: 1.73555e-05
eec: 419.323
weight: 1.48074e-07
eec: 1158.5
weight: 0.000433828
eec: 435.419
weight: 5.49446e-05
eec: 973.703
weight: 3.33151e-05
eec: 257.605
weight: 5.99622e-06
eec: 230.824
weight: 4.16395e-05
eec: 651.046
weight: 1.42463e-05
eec: 485.156
weight: 2.19004e-06
eec: 111.253
weight: 3.68047e-05
eec: 294.283
weight: 2.59088e-05
eec: 455.395
weight: 0.000119606
eec: 76.4186
weight: 6.67741e-05
eec: 169.154
weight: 2.26627e-06
eec: 147.958
weight: 8.57312e-06
eec: 100.53
weight: 0.000264374
eec: 1374.21
weight: 4.02643e-05
eec: 1717.69
weight: 1.21699e-05
eec: 531.408
weight: 7.9934e-06
eec: 243.537
weight: 4.54665e-06
eec: 675.954
weight: 3.11955e-05
eec: 470.438
weight: 3.31857e-06
eec: 528.116
weight: 4.28602e-05
eec: 213.794
weight: 1.59663e-05
eec: 8.71075
weight: 5.51301e-05
eec: 168.971
weight: 1.21951e-05
eec: 1179.76
weight: 0.000314917
eec: 400.06
weight: 9.18075e-07
eec: 1176.83
weight: 8.3941e-06
eec: 360.988
weight: 6.20185e-05
eec: 458.067
weight: 2.0717e-06
eec: 1478.13
Processing: 0.852951 %weight: 7.64229e-05
eec: 83.4622
weight: 1.91176e-05
eec: 177.877
weight: 9.05784e-07
eec: 62.5708
weight: 3.72795e-06
eec: 2624.32
weight: 0.000303356
eec: 98.4473
weight: 0.000216389
eec: 71.8924
weight: 5.95696e-06
eec: 680.359
weight: 8.89071e-05
eec: 1913.04
weight: 9.05031e-05
eec: 51.1407
weight: 3.39208e-05
eec: 685.697
weight: 1.91399e-05
eec: 1342.75
weight: 1.28433e-05
eec: 1067.94
weight: 4.52587e-05
eec: 94.4628
weight: 3.90617e-06
eec: 352.536
weight: 9.34729e-05
eec: 1259.95
weight: 1.96291e-06
eec: 607.959
weight: 0.000144048
eec: 760.124
weight: 2.24678e-05
eec: 2703.45
weight: 0.000105108
eec: 615.842
weight: 2.10126e-06
eec: 934.859
weight: 1.84513e-06
eec: 1052.1
weight: 1.23295e-05
eec: 25.2017
weight: 2.51921e-06
eec: 1451.87
weight: 0.000331358
eec: 502.221
weight: 1.90267e-05
eec: 1366.4
weight: 1.08777e-06
eec: 146.222
weight: 9.97808e-05
eec: 235.048
weight: 3.12232e-05
eec: 727.769
weight: 3.63668e-05
eec: 326.801
weight: 5.21169e-05
eec: 1936
weight: 3.78561e-06
eec: 140.069
weight: 9.85426e-06
eec: 391.202
weight: 1.89323e-05
eec: 421.583
weight: 1.81719e-05
eec: 1237.72
weight: 4.09748e-05
eec: 253.363
weight: 8.18971e-05
eec: 290.813
weight: 6.24904e-08
eec: 265.976
weight: 3.9756e-05
eec: 244.728
weight: 0.000257941
eec: 221.048
weight: 5.83213e-05
eec: 2000.98
weight: 6.73459e-07
eec: 115.895

ROOT exit code = 0
