gSystem->Load("run_condor_job_Run3_C.so");
run_condor_job_Run3(512, 100, 2,
                    80, 200,
                    1, 1, 1, 5);
.q

ENTERED run_condor_job_Run3()
JOBID = 512
  global job = 512  Job 12/100  events [720000, 780000)  total=6000000
Processing events [720000, 780000) of 6000000
weight: 4.63611e-06
eec: 2561.18
weight: 4.41043e-06
eec: 178.104
weight: 2.31254e-05
eec: 1289.9
weight: 2.48914e-06
eec: 174.409
weight: 1.41917e-06
eec: 145.691
weight: 3.57547e-05
eec: 715.344
weight: 6.32506e-05
eec: 43.4661
weight: 6.09286e-06
eec: 549.101
weight: 2.78805e-06
eec: 2068.53
weight: 8.62384e-07
eec: 626.632
weight: 1.37833e-05
eec: 125.437
weight: 2.55656e-05
eec: 1067.55
weight: 0.000236788
eec: 324.281
weight: 1.70303e-06
eec: 1273.48
weight: 9.76214e-06
eec: 1290.07
weight: 0.000213457
eec: 72.9152
weight: 0.000186197
eec: 476.838
weight: 9.07298e-06
eec: 594.917
weight: 0.000149
eec: 75.3079
weight: 3.78358e-06
eec: 312.045
weight: 1.29112e-05
eec: 125.999
weight: 3.31031e-05
eec: 715.639
weight: 2.92842e-07
eec: 1804.66
weight: 1.15943e-05
eec: 2058.15
weight: 1.68903e-05
eec: 523.217
weight: 0.000201311
eec: 1428.74
weight: 9.01778e-05
eec: 226.266
weight: 1.09602e-06
eec: 43.9899
weight: 1.10984e-05
eec: 892.134
weight: 9.96734e-05
eec: 1034
weight: 0.000850593
eec: 1082.14
weight: 3.52392e-05
eec: 1229.14
weight: 1.70217e-06
eec: 468.454
weight: 0.00010386
eec: 331.456
weight: 0.000382877
eec: 99.3078
weight: 2.45275e-05
eec: 39.4532
weight: 6.00043e-05
eec: 1048.84
weight: 1.68511e-05
eec: 31.0859
weight: 0.000105211
eec: 58.5557
weight: 1.28559e-06
eec: 2368.49
weight: 3.31038e-05
eec: 272.395
weight: 1.54426e-05
eec: 2861.91
weight: 0.000607407
eec: 183.608
weight: 3.12569e-05
eec: 1322.52
weight: 1.182e-05
eec: 29.635
weight: 0.000230569
eec: 701.482
weight: 1.12016e-05
eec: 436.875
weight: 5.08474e-06
eec: 241.18
weight: 0.000235415
eec: 407.875
weight: 1.14132e-07
eec: 283.541
weight: 7.90074e-06
eec: 2866.03
weight: 1.16162e-05
eec: 1740.77
weight: 0.00027426
eec: 545.024
weight: 3.40034e-05
eec: 192.506
weight: 5.65353e-06
eec: 409.818
weight: 5.8271e-06
eec: 720.325
weight: 0.000112468
eec: 739.438
weight: 1.87065e-05
eec: 401.675
weight: 1.36718e-05
eec: 222.135
weight: 3.04634e-05
eec: 606.338
weight: 0.000163177
eec: 293.937
weight: 2.63632e-05
eec: 1841.76
weight: 9.07737e-05
eec: 103.798
weight: 1.38877e-05
eec: 2505.18
weight: 2.05701e-05
eec: 1072.1
weight: 1.47408e-05
eec: 830.596
weight: 2.78018e-05
eec: 285.111
weight: 0.000529362
eec: 604.906
weight: 3.61672e-06
eec: 628.383
weight: 5.82724e-05
eec: 1488.91
weight: 0.000207145
eec: 273.044
weight: 0.000166854
eec: 184.449
weight: 0.000534573
eec: 787.983
weight: 2.50912e-05
eec: 194.887
weight: 1.41183e-05
eec: 2905.48
weight: 1.56163e-06
eec: 1064.97
weight: 1.20674e-05
eec: 3411.07
weight: 4.7165e-06
eec: 695.162
weight: 4.3119e-06
eec: 51.7038
weight: 9.62363e-05
eec: 146.956
weight: 8.46407e-09
eec: 33.555
weight: 0.000154793
eec: 123.21
weight: 6.9914e-07
eec: 1344.73
weight: 5.65811e-05
eec: 956.894
weight: 7.48224e-06
eec: 540.187
weight: 3.03678e-05
eec: 818.717
weight: 2.71821e-05
eec: 362.296
weight: 7.41681e-08
eec: 335.624
weight: 0.000106368
eec: 586.651
weight: 3.60062e-05
eec: 403.97
weight: 1.86067e-05
eec: 2244.39
weight: 8.6384e-05
eec: 126.877
weight: 1.68429e-06
eec: 319.987
weight: 3.24912e-05
eec: 881.271
weight: 2.32509e-05
eec: 210.479
weight: 5.05343e-05
eec: 554.269
weight: 8.63841e-06
eec: 870.486
weight: 1.63169e-05
eec: 1007.31
weight: 7.98268e-06
eec: 449.898
weight: 2.92221e-05
eec: 194.645
weight: 0.000121475
eec: 37.5504
weight: 1.10924e-06
eec: 904.166
weight: 0.000701573
eec: 31.9087
weight: 1.48797e-06
eec: 84.7794
weight: 1.50518e-05
eec: 72.8871
weight: 8.31393e-05
eec: 179.266
weight: 2.4608e-05
eec: 211.417
weight: 3.96916e-05
eec: 59.8453
weight: 0.000152758
eec: 303.966
weight: 5.08836e-05
eec: 182.879
weight: 1.35039e-06
eec: 107.748
weight: 5.84201e-05
eec: 301.449
weight: 4.88534e-06
eec: 751.864
weight: 2.87978e-05
eec: 1092.51
weight: 4.29703e-05
eec: 387.134
weight: 3.91393e-05
eec: 61.7762
weight: 0.000247644
eec: 416.547
weight: 3.71334e-05
eec: 2756.09
weight: 0.000240261
eec: 94.0756
weight: 3.76132e-05
eec: 60.8755
weight: 0.000167282
eec: 756.708
weight: 4.09717e-05
eec: 1155.41
weight: 3.37732e-06
eec: 58.3413
weight: 1.88607e-05
eec: 2716.25
weight: 0.000370661
eec: 386.268
Processing: 12.5 %weight: 5.64091e-07
eec: 65.1577
weight: 6.16909e-05
eec: 206.464
weight: 0.000193663
eec: 170.488
weight: 0.000107612
eec: 143.142
weight: 3.20181e-05
eec: 518.094
weight: 0.00103184
eec: 776.522
weight: 6.70907e-05
eec: 147.387
weight: 2.82154e-05
eec: 79.581
weight: 5.31104e-06
eec: 174.459
weight: 0.000445573
eec: 1046.13
weight: 0.000236842
eec: 292.609
weight: 8.42226e-06
eec: 20.7095
weight: 0.000124804
eec: 139.445
weight: 3.54548e-05
eec: 315.398
weight: 0.000138076
eec: 568.411
weight: 1.8497e-05
eec: 211.318
weight: 5.59056e-05
eec: 215.763
weight: 0.000429353
eec: 226.814
weight: 3.86762e-05
eec: 459.158
weight: 2.9993e-05
eec: 135.451
weight: 1.6176e-06
eec: 1465.19
weight: 4.02032e-05
eec: 87.8029
weight: 5.93116e-05
eec: 263.721
weight: 3.60308e-05
eec: 619.583
weight: 0.00022611
eec: 288.729
weight: 8.02777e-05
eec: 994.57
weight: 2.51185e-05
eec: 80.2671
weight: 1.27559e-06
eec: 173.802
weight: 2.49543e-06
eec: 3310.05
weight: 9.07079e-05
eec: 30.9616
weight: 2.5942e-05
eec: 451.368
weight: 2.36026e-06
eec: 1764.07
weight: 0.000171238
eec: 672.441
weight: 0.000315017
eec: 200.851
weight: 1.80675e-07
eec: 268.214
weight: 2.241e-06
eec: 681.609
weight: 1.77612e-05
eec: 359.822
weight: 5.57095e-05
eec: 1472.31
weight: 7.91449e-06
eec: 1053.02
weight: 5.76713e-06
eec: 189.571
weight: 9.14869e-06
eec: 670.488
weight: 5.60496e-05
eec: 1694.04
weight: 0.000110759
eec: 460.075
weight: 0.000163325
eec: 238.255
weight: 8.55621e-05
eec: 284.482
weight: 3.12841e-05
eec: 15.6909
weight: 4.9391e-05
eec: 439.759
weight: 1.56084e-06
eec: 870.287
weight: 8.23201e-05
eec: 87.7029
weight: 5.29623e-05
eec: 517.296
weight: 9.77972e-05
eec: 826.597
weight: 0.000298162
eec: 150.265
weight: 6.92743e-06
eec: 1072.15
weight: 4.99282e-08
eec: 553.229
weight: 4.1412e-08
eec: 971.045
weight: 3.4426e-05
eec: 2010.64
weight: 0.000161338
eec: 104.851
weight: 5.24163e-06
eec: 416.269
weight: 6.52491e-08
eec: 493.253
weight: 4.76125e-05
eec: 1579.3
weight: 2.64459e-05
eec: 719.06
weight: 7.40554e-05
eec: 151.696
weight: 9.68575e-06
eec: 2059.46
weight: 4.06962e-07
eec: 75.9755
weight: 1.53598e-05
eec: 335.601
weight: 2.36912e-05
eec: 2182.66
weight: 7.69114e-05
eec: 476.154
weight: 8.66204e-05
eec: 48.042
weight: 0.000501604
eec: 768.486
weight: 0.00182959
eec: 820.385
weight: 5.50184e-06
eec: 681.609
weight: 0.000138282
eec: 227.669
weight: 0.000218477
eec: 56.9644
weight: 6.07826e-06
eec: 728.063
weight: 2.88772e-05
eec: 575.811
weight: 3.95222e-06
eec: 767.146
weight: 5.15208e-05
eec: 305.471
weight: 5.03906e-05
eec: 854.126
weight: 3.45731e-05
eec: 745.908
weight: 1.45468e-06
eec: 250.854
weight: 7.06857e-06
eec: 95.8139
weight: 1.14091e-05
eec: 924.581
weight: 3.7475e-06
eec: 964.829
weight: 4.49461e-06
eec: 1091.53
weight: 1.07322e-05
eec: 210.617
weight: 3.41571e-05
eec: 1018.65
weight: 0.000158319
eec: 270.813
weight: 2.05122e-08
eec: 994.364
weight: 2.22032e-06
eec: 97.1461
weight: 0.00011298
eec: 942.104
weight: 1.50104e-05
eec: 474.072
weight: 7.52203e-07
eec: 367.344
weight: 0.000172596
eec: 394.27
weight: 0.000142614
eec: 294.56
weight: 0.000105934
eec: 822.145
weight: 4.00773e-06
eec: 557.267
weight: 0.000185615
eec: 160.476
weight: 0.000766038
eec: 37.6192
weight: 9.21559e-06
eec: 210.912
weight: 3.12429e-05
eec: 1101.74
weight: 9.51664e-06
eec: 4022.7
weight: 5.44456e-05
eec: 99.1764
weight: 0.000202654
eec: 187.611
weight: 1.35265e-07
eec: 535.245
weight: 7.35836e-05
eec: 720.783
weight: 2.33579e-06
eec: 1165.82
weight: 6.11607e-06
eec: 58.9413
weight: 0.000506961
eec: 677.067

ROOT exit code = 0
