gSystem->Load("run_condor_job_Run3_C.so");
run_condor_job_Run3(499, 100, 2,
                    80, 200,
                    1, 1, 1, 4);
.q

ENTERED run_condor_job_Run3()
JOBID = 499
  global job = 499  Job 99/100  events [5839020, 5898000)  total=5898000
Processing events [5839020, 5898000) of 5898000
weight: 0.000100838
eec: 109.508
weight: 4.1486e-07
eec: 134.752
weight: 3.12091e-06
eec: 98.4724
weight: 8.86511e-06
eec: 1498.41
weight: 5.15328e-05
eec: 384.087
weight: 8.52053e-06
eec: 1379.32
weight: 3.70395e-05
eec: 1045.56
weight: 0.000177179
eec: 71.5858
weight: 2.68022e-06
eec: 97.236
weight: 9.13427e-05
eec: 789.614
weight: 0.000121405
eec: 438.662
weight: 0.000414288
eec: 376.397
weight: 9.4692e-06
eec: 1139.11
weight: 1.44637e-05
eec: 210.551
weight: 1.51288e-07
eec: 186.043
weight: 5.49356e-08
eec: 973.102
weight: 6.76749e-05
eec: 110.653
weight: 4.33222e-05
eec: 1299.45
weight: 3.02988e-05
eec: 357.044
weight: 1.92674e-07
eec: 22.9173
weight: 8.77772e-06
eec: 121.606
weight: 1.14042e-05
eec: 71.2287
weight: 6.55521e-05
eec: 380.22
weight: 0.000119493
eec: 56.2841
weight: 7.03508e-05
eec: 194.261
weight: 3.26376e-07
eec: 667.832
weight: 1.65432e-05
eec: 1319.08
weight: 1.66382e-05
eec: 1074.36
weight: 4.5921e-06
eec: 168.842
weight: 0.000145898
eec: 105.726
weight: 0.00010542
eec: 840.479
weight: 8.09151e-06
eec: 33.7614
weight: 1.17849e-05
eec: 1821.31
Processing: 99.1862 %weight: 7.50729e-05
eec: 670.248
weight: 7.62686e-05
eec: 1131.9
weight: 3.16465e-06
eec: 1801.22
weight: 8.19443e-05
eec: 343.463
weight: 7.15997e-05
eec: 105.699
weight: 1.68724e-05
eec: 435.182
weight: 1.57789e-06
eec: 34.9688
weight: 9.05839e-06
eec: 752.387
weight: 5.92562e-06
eec: 2859.42
weight: 4.97173e-05
eec: 171.79
weight: 1.11888e-05
eec: 172.87
weight: 3.48553e-05
eec: 134.864
weight: 8.00558e-05
eec: 817.049
weight: 5.94548e-05
eec: 176.162
weight: 6.74751e-07
eec: 189.827
weight: 4.80335e-05
eec: 1455.52
weight: 2.55919e-07
eec: 593.912
weight: 1.13186e-05
eec: 833.834
weight: 7.05506e-05
eec: 1003.32
weight: 7.3319e-05
eec: 1553.12
weight: 5.24061e-05
eec: 1989.98
weight: 1.39617e-05
eec: 1057.67
weight: 1.04836e-05
eec: 442.839
weight: 0.000225256
eec: 438.969
weight: 4.36212e-06
eec: 171.528
weight: 3.40657e-05
eec: 1181.18
weight: 8.64083e-05
eec: 263.993
weight: 1.20299e-05
eec: 892.499
weight: 4.74543e-07
eec: 135.212
weight: 3.83736e-05
eec: 248.36
weight: 1.29678e-05
eec: 608.108
weight: 3.39626e-05
eec: 73.9153
weight: 6.24923e-06
eec: 839.903
weight: 3.56987e-07
eec: 218.924
weight: 4.46211e-07
eec: 93.8362
weight: 5.83298e-05
eec: 490.227
weight: 3.07658e-06
eec: 1418.81
weight: 3.04396e-05
eec: 277.199
weight: 6.09043e-06
eec: 421.678
weight: 0.000475678
eec: 137.931
weight: 1.78266e-05
eec: 327.785
weight: 6.84376e-05
eec: 929.849
weight: 1.93431e-05
eec: 2079.5
weight: 0.0017233
eec: 156.168
weight: 0.000298755
eec: 447.465
weight: 0.000144512
eec: 350.326
weight: 3.13822e-05
eec: 328.702
weight: 0.000169399
eec: 141.86
weight: 1.18049e-05
eec: 224.68
weight: 3.17743e-05
eec: 475.889
weight: 1.47231e-05
eec: 94.2421
weight: 8.69567e-06
eec: 925.847
weight: 7.43436e-06
eec: 201.318
weight: 4.98429e-05
eec: 2506.14
weight: 1.08235e-05
eec: 76.3055
weight: 0.000143446
eec: 108.941
weight: 2.04055e-06
eec: 836.958
weight: 0.000214609
eec: 163.731
weight: 6.67664e-05
eec: 144.368
weight: 1.71066e-05
eec: 246.862
weight: 4.44818e-05
eec: 38.2565
weight: 9.20585e-06
eec: 1139.15
weight: 0.00010646
eec: 240.674
weight: 4.57672e-06
eec: 275.807
weight: 3.07454e-06
eec: 912.904
weight: 5.28966e-06
eec: 18.0582
weight: 1.82889e-06
eec: 117.956
weight: 9.81366e-07
eec: 996.152
weight: 6.36504e-08
eec: 1568
weight: 3.24411e-05
eec: 1501.83
weight: 4.23202e-05
eec: 161.219
weight: 4.87997e-07
eec: 405.849
weight: 8.84821e-06
eec: 998.632
weight: 5.0978e-06
eec: 122.981
weight: 4.05404e-06
eec: 367.64
weight: 0.000731355
eec: 16.4537
weight: 0.00123801
eec: 315.731
weight: 4.51528e-05
eec: 504.874
weight: 7.88929e-05
eec: 52.1105
weight: 4.9699e-07
eec: 514.307
weight: 3.92971e-05
eec: 372.281
weight: 2.53522e-05
eec: 3964.46
weight: 0.000226815
eec: 22.508
weight: 4.2974e-05
eec: 1456.79
weight: 0.000136176
eec: 57.0539
weight: 7.90907e-05
eec: 287.249
weight: 1.1807e-05
eec: 280.148
weight: 8.01094e-07
eec: 31.0719
weight: 2.69954e-07
eec: 644.101
weight: 1.04117e-05
eec: 315.564
weight: 1.93843e-05
eec: 2702.63
weight: 0.000189167
eec: 325.476
weight: 0.000125421
eec: 147.012
weight: 2.50215e-05
eec: 871.169
weight: 4.8724e-05
eec: 917.156
weight: 0.000645478
eec: 826.836
weight: 1.046e-05
eec: 522.875
weight: 4.58756e-06
eec: 370.625
weight: 5.47609e-06
eec: 525.98
weight: 8.68008e-05
eec: 39.6081
weight: 1.13827e-05
eec: 1517.31
weight: 6.3141e-06
eec: 72.7834
weight: 5.98938e-06
eec: 106.458
weight: 4.9447e-05
eec: 539.647
weight: 8.21472e-06
eec: 2409.32
weight: 0.000226936
eec: 140.392
weight: 8.12785e-05
eec: 433.602
weight: 2.1754e-05
eec: 267.842
weight: 6.52791e-07
eec: 29.4529
weight: 8.15132e-06
eec: 518.301
weight: 6.19571e-05
eec: 887.524
weight: 0.000265366
eec: 82.8367
weight: 5.87642e-05
eec: 448.14
weight: 8.3481e-06
eec: 793.091
weight: 5.09897e-05
eec: 1377.02
weight: 9.72346e-06
eec: 1709.05
weight: 1.70634e-05
eec: 191.084
weight: 2.59535e-05
eec: 474.77
weight: 7.07282e-06
eec: 720.828
weight: 7.90449e-05
eec: 486.468
weight: 9.98626e-05
eec: 449.228
weight: 9.21101e-05
eec: 702.881
weight: 5.31232e-06
eec: 767.524
weight: 5.28081e-06
eec: 78.3378
weight: 9.27611e-05
eec: 118.683
weight: 0.000129722
eec: 838.409
weight: 9.75618e-06
eec: 858.063
weight: 4.77447e-06
eec: 445.437
weight: 0.000209845
eec: 164.109
weight: 0.000795514
eec: 391.825
weight: 2.22445e-05
eec: 35.7733
weight: 3.32751e-05
eec: 61.9902
weight: 1.28626e-06
eec: 30.2607
weight: 8.87446e-06
eec: 1337.74
weight: 0.000101116
eec: 809.688
weight: 3.01982e-07
eec: 71.3527
weight: 2.06635e-05
eec: 894.284
weight: 2.73635e-05
eec: 776.458
weight: 4.68471e-06
eec: 1186.82
weight: 2.79264e-05
eec: 870.437
weight: 5.14189e-05
eec: 910.614
weight: 0.000109534
eec: 1791.76
weight: 1.37008e-06
eec: 489.404
weight: 7.8363e-05
eec: 1829.76
weight: 4.64141e-05
eec: 941.799
weight: 5.26396e-06
eec: 42.9493
weight: 0.000153116
eec: 851.347
weight: 5.87983e-05
eec: 166.473
weight: 3.35441e-05
eec: 321.178
weight: 0.000255463
eec: 551.915
weight: 5.96625e-06
eec: 809.156
weight: 9.76575e-06
eec: 2296.01
weight: 3.48096e-05
eec: 165.082
weight: 1.45711e-05
eec: 533.378
weight: 2.25106e-05
eec: 971.575
weight: 9.21783e-05
eec: 55.7182
weight: 1.48143e-05
eec: 1292.72
weight: 0.000218153
eec: 30.3118
weight: 1.06905e-05
eec: 294.836
weight: 7.48656e-05
eec: 982.034
weight: 7.27143e-06
eec: 647.108
weight: 9.78366e-05
eec: 917.289
weight: 2.82438e-05
eec: 549.492
weight: 4.59752e-05
eec: 569.242
weight: 1.02249e-07
eec: 1311.78
weight: 2.47633e-06
eec: 718.69
weight: 4.00303e-05
eec: 413.732
weight: 4.00303e-05
eec: 94.3541
weight: 2.20595e-05
eec: 617.81
weight: 3.89104e-05
eec: 358.105
weight: 4.46463e-06
eec: 594.1
weight: 8.09417e-05
eec: 235.639
weight: 1.08758e-05
eec: 482.833
weight: 1.07176e-05
eec: 25.9953
weight: 0.000187013
eec: 460.265
weight: 3.5851e-07
eec: 137.542
weight: 1.40015e-06
eec: 35.9536
weight: 2.33062e-06
eec: 132.832
weight: 3.84999e-05
eec: 755.769
weight: 3.84999e-05
eec: 489.68
weight: 3.77151e-05
eec: 94.8257
weight: 5.20927e-05
eec: 346.638
weight: 0.0013973
eec: 529.575
weight: 2.07722e-05
eec: 2278.26
weight: 0.000648554
eec: 480.467
weight: 2.42391e-05
eec: 225.793
weight: 3.18515e-05
eec: 69.8195
weight: 0.00021538
eec: 831.07
weight: 9.66496e-06
eec: 183.497
weight: 2.28049e-06
eec: 416.791
weight: 1.94401e-05
eec: 164.633

ROOT exit code = 0
