gSystem->Load("run_condor_job_Run3_C.so");
run_condor_job_Run3(333, 100, 2,
                    80, 200,
                    1, 1, 1, 3);
.q

ENTERED run_condor_job_Run3()
JOBID = 333
  global job = 333  Job 33/100  events [1980000, 2040000)  total=6000000
Processing events [1980000, 2040000) of 6000000
weight: 2.96142e-07
eec: 2454.81
weight: 3.82638e-05
eec: 245.586
weight: 3.98166e-06
eec: 151.319
weight: 4.048e-05
eec: 236.143
weight: 2.19216e-05
eec: 544.882
weight: 1.29516e-05
eec: 201.281
weight: 9.54241e-05
eec: 621.971
weight: 1.75675e-07
eec: 861.601
weight: 2.99561e-07
eec: 203.223
weight: 8.78446e-06
eec: 1401.89
weight: 6.79172e-06
eec: 778.538
weight: 3.38202e-06
eec: 1462.26
weight: 0.000233471
eec: 40.3901
weight: 0.000132429
eec: 214.656
weight: 7.75677e-05
eec: 1858.77
weight: 3.24031e-05
eec: 88.2681
weight: 0.000107193
eec: 130.082
weight: 5.51583e-06
eec: 2026.57
weight: 0.000136769
eec: 777.261
weight: 1.97461e-05
eec: 2895.51
weight: 0.000292992
eec: 578.407
weight: 3.89364e-05
eec: 120.195
weight: 6.09227e-06
eec: 38.9456
weight: 7.24487e-06
eec: 276.258
weight: 9.33527e-06
eec: 247.513
weight: 5.41244e-06
eec: 452.391
weight: 0.000170498
eec: 596.108
weight: 6.04572e-05
eec: 202.48
weight: 4.10506e-05
eec: 433.907
weight: 0.000120616
eec: 1939.05
weight: 4.88624e-05
eec: 56.1353
weight: 0.000335769
eec: 498.747
weight: 8.5466e-07
eec: 240.963
weight: 0.000598968
eec: 252.13
weight: 2.37583e-05
eec: 331.804
weight: 6.33791e-05
eec: 2850.9
weight: 4.62463e-05
eec: 411.723
weight: 0.00170422
eec: 131.042
weight: 7.69207e-06
eec: 202.947
weight: 3.79724e-05
eec: 62.8179
weight: 0.000159852
eec: 435.303
weight: 1.77916e-05
eec: 159.787
weight: 8.31652e-05
eec: 426.661
weight: 8.9763e-07
eec: 35.8501
weight: 1.23044e-05
eec: 278.553
weight: 2.1795e-05
eec: 134.1
weight: 0.000195531
eec: 110.632
weight: 2.32751e-05
eec: 606.238
weight: 7.10549e-06
eec: 241.252
weight: 2.35081e-06
eec: 305.263
weight: 4.10429e-06
eec: 1707.07
weight: 2.96358e-05
eec: 1080.81
weight: 0.000112458
eec: 1397.8
weight: 9.25738e-06
eec: 23.8687
weight: 8.52502e-06
eec: 321.53
weight: 3.92928e-05
eec: 15.0222
weight: 9.81547e-06
eec: 367.024
weight: 2.01966e-05
eec: 282.781
weight: 1.96686e-05
eec: 2587.62
weight: 2.31259e-06
eec: 721.321
weight: 6.92275e-05
eec: 196.437
weight: 0.000254135
eec: 74.7124
weight: 2.38839e-06
eec: 86.2302
weight: 2.80026e-06
eec: 70.4859
weight: 0.000251869
eec: 263.378
weight: 0.000159082
eec: 216.795
weight: 6.36077e-05
eec: 151.314
weight: 0.000363024
eec: 426.386
weight: 2.18772e-05
eec: 258.007
weight: 1.38181e-05
eec: 697.201
weight: 6.38261e-07
eec: 173.332
weight: 6.45787e-07
eec: 241.756
weight: 1.3782e-06
eec: 694.831
weight: 6.13816e-05
eec: 1093.25
weight: 4.123e-05
eec: 433.731
weight: 9.76742e-07
eec: 199.039
weight: 1.455e-05
eec: 1793.47
weight: 7.12523e-06
eec: 164.157
Processing: 33.3333 %weight: 6.5022e-05
eec: 304.58
weight: 0.000127829
eec: 705.879
weight: 1.72419e-05
eec: 525.903
weight: 1.95947e-05
eec: 110.963
weight: 1.41414e-05
eec: 372.744
weight: 0.000583714
eec: 677.23
weight: 1.27574e-06
eec: 1637.48
weight: 5.01235e-05
eec: 96.0267
weight: 3.38548e-06
eec: 713.363
weight: 4.87026e-05
eec: 53.2632
weight: 5.22042e-05
eec: 1242.32
weight: 1.43811e-05
eec: 1062.99
weight: 1.43104e-05
eec: 765.207
weight: 6.56326e-06
eec: 58.9097
weight: 0.000379976
eec: 89.0984
weight: 6.30438e-05
eec: 1339.3
weight: 1.44748e-05
eec: 191.229
weight: 1.91258e-05
eec: 834.728
weight: 6.83885e-06
eec: 174.435
weight: 0.000170951
eec: 200.846
weight: 6.58678e-05
eec: 232.066
weight: 1.97388e-05
eec: 3571.96
weight: 1.25378e-05
eec: 210.301
weight: 0.00103675
eec: 773.281
weight: 6.76545e-06
eec: 778.643
weight: 0.000285447
eec: 290.706
weight: 1.66377e-05
eec: 320.69
weight: 2.02643e-05
eec: 1360.79
weight: 1.86202e-05
eec: 1278.43
weight: 0.000932934
eec: 71.2084
weight: 0.000206444
eec: 121.909
weight: 4.48999e-05
eec: 711.965
weight: 0.000423868
eec: 155.994
weight: 4.90427e-06
eec: 71.4926
weight: 3.48859e-05
eec: 647.009
weight: 0.000101746
eec: 143.185
weight: 3.14844e-05
eec: 74.7802
weight: 2.26466e-06
eec: 466.113
weight: 3.647e-05
eec: 313.756
weight: 3.647e-05
eec: 36.7874
weight: 2.35359e-05
eec: 575.674
weight: 3.74962e-05
eec: 1746.54
weight: 0.000151412
eec: 39.9337
weight: 2.7851e-05
eec: 431.054
weight: 1.09423e-05
eec: 106.859
weight: 6.92587e-07
eec: 656.7
weight: 7.69084e-07
eec: 1012.54
weight: 0.000218494
eec: 770.163
weight: 1.3316e-06
eec: 52.948
weight: 9.3217e-05
eec: 194.78
weight: 9.51394e-07
eec: 655.236
weight: 0.00021089
eec: 258.293
weight: 4.2986e-05
eec: 482.349
weight: 1.92141e-06
eec: 18.9521
weight: 1.25057e-05
eec: 99.2717
weight: 3.06934e-05
eec: 369.598
weight: 3.56377e-05
eec: 209.326
weight: 2.77101e-06
eec: 839.133
weight: 4.29994e-06
eec: 386.203
weight: 0.00154421
eec: 131.489
weight: 9.38626e-06
eec: 215.373
weight: 8.02626e-05
eec: 1228.72
weight: 2.70591e-05
eec: 78.7381
weight: 0.00011952
eec: 605.57
weight: 0.00011952
eec: 339.244
weight: 4.14652e-05
eec: 1203.46
weight: 1.34105e-05
eec: 146.629
weight: 6.72507e-06
eec: 109.894
weight: 5.11793e-08
eec: 169.383
weight: 5.6666e-05
eec: 205.472
weight: 0.000173085
eec: 240.169
weight: 9.71338e-06
eec: 1642.14
weight: 2.55446e-05
eec: 245.726
weight: 6.37333e-05
eec: 671.304
weight: 6.95469e-06
eec: 1368.07
weight: 5.11532e-05
eec: 670.411
weight: 0.000143573
eec: 13.8082
weight: 2.05969e-06
eec: 454.616
weight: 7.44937e-06
eec: 2144.97
weight: 1.12732e-05
eec: 860.271
weight: 1.43643e-05
eec: 474.189
weight: 0.000108467
eec: 181.491
weight: 8.37761e-05
eec: 1826.46
weight: 4.30098e-06
eec: 2375.22
weight: 0.000261726
eec: 147.585
weight: 6.30194e-05
eec: 189.679
weight: 5.32558e-06
eec: 63.2033
weight: 1.0098e-05
eec: 865.054
weight: 4.13502e-06
eec: 1872.46
weight: 5.24002e-05
eec: 167.869
weight: 0.000146186
eec: 181.106
weight: 6.27191e-05
eec: 1131.88
weight: 0.000293256
eec: 197.304
weight: 2.08623e-06
eec: 396.358
weight: 1.32465e-06
eec: 109.265
weight: 6.58678e-05
eec: 675.276
weight: 5.94121e-06
eec: 262.357
weight: 7.93039e-07
eec: 452.282
weight: 7.30403e-06
eec: 51.4644
weight: 2.28417e-06
eec: 217.024
weight: 2.28417e-06
eec: 222.224
weight: 1.01399e-05
eec: 255.362
weight: 3.09464e-05
eec: 1091.17
weight: 8.77028e-06
eec: 1795.98
weight: 1.74901e-05
eec: 200.659
weight: 3.07526e-05
eec: 215.907
weight: 4.79715e-06
eec: 125
weight: 9.51528e-05
eec: 73.6263
weight: 2.18887e-05
eec: 358.221
weight: 2.75403e-05
eec: 1692.33
weight: 1.26585e-06
eec: 247.119
weight: 2.87213e-05
eec: 306.246
weight: 0.000118245
eec: 47.2457
weight: 2.20899e-05
eec: 2503.85
weight: 0.000121101
eec: 148.927
weight: 3.69572e-05
eec: 54.84
weight: 0.000126778
eec: 48.7387
weight: 4.12038e-05
eec: 33.7653
weight: 1.16065e-05
eec: 646.011
weight: 4.63654e-06
eec: 49.614
weight: 1.83388e-05
eec: 45.9246
weight: 0.000277224
eec: 947.894
weight: 0.000276008
eec: 52.2459
weight: 3.98457e-06
eec: 946.504
weight: 1.50481e-05
eec: 1298.5
weight: 0.000315202
eec: 815.494
weight: 1.7763e-05
eec: 2288.27
weight: 1.63125e-07
eec: 657.881
weight: 5.80271e-05
eec: 824.549
weight: 6.12836e-06
eec: 1206.15
weight: 5.08302e-06
eec: 1755.87
weight: 1.24976e-05
eec: 59.3056
weight: 1.06041e-05
eec: 1160.58
weight: 7.61251e-05
eec: 262.58
weight: 7.85067e-05
eec: 397.258
weight: 1.83687e-05
eec: 15.7201
weight: 4.42014e-05
eec: 209.172
weight: 6.63343e-05
eec: 622.851
weight: 9.06045e-07
eec: 1041.54
weight: 7.86158e-06
eec: 1205.86
weight: 0.000105847
eec: 1118.79
weight: 1.86849e-05
eec: 869.112
weight: 6.58172e-06
eec: 656.278
weight: 2.47583e-05
eec: 109.836
weight: 1.16617e-06
eec: 568.899
weight: 0.000229804
eec: 1516.87
weight: 3.85127e-06
eec: 1074.97
weight: 2.58592e-05
eec: 1256.97
weight: 1.5945e-05
eec: 2572.16
weight: 1.38039e-05
eec: 320.724
weight: 0.000260334
eec: 165.618
weight: 1.25456e-06
eec: 127.519
weight: 0.000119346
eec: 1121.48
weight: 0.000171992
eec: 38.2639
weight: 1.16359e-05
eec: 2312.14
weight: 1.51046e-05
eec: 3743.91
weight: 9.85965e-06
eec: 716.273
weight: 9.36354e-06
eec: 2708.18
weight: 7.17561e-05
eec: 214.359
weight: 0.000116439
eec: 1820.01
weight: 3.60484e-06
eec: 2133.05
weight: 2.32827e-06
eec: 2857.54
weight: 4.2067e-05
eec: 399.509
weight: 7.4005e-06
eec: 1204.37
weight: 0.000112535
eec: 293.255
weight: 5.6573e-05
eec: 34.6144
weight: 0.000118826
eec: 1108.04
weight: 2.74082e-05
eec: 45.9993
weight: 0.000528158
eec: 53.2707
weight: 5.37904e-06
eec: 297.654
weight: 4.80732e-06
eec: 101.696
weight: 1.90226e-06
eec: 592.608
weight: 3.28255e-05
eec: 253.203
weight: 3.80362e-05
eec: 179.4
weight: 0.000114179
eec: 164.995
weight: 0.000369299
eec: 342.478
weight: 3.2387e-06
eec: 312.215
weight: 1.57916e-05
eec: 832.234
weight: 1.27891e-05
eec: 695.426
weight: 2.11168e-05
eec: 1470
weight: 2.48532e-06
eec: 265.195
weight: 1.42484e-07
eec: 917.849
weight: 0.000175325
eec: 101.911
weight: 4.24586e-05
eec: 512.756
weight: 9.20261e-05
eec: 178.485
weight: 6.94091e-07
eec: 375.408
weight: 5.9055e-06
eec: 1203.5
weight: 8.42302e-06
eec: 398.054
weight: 6.33709e-06
eec: 1015.01
weight: 2.52634e-06
eec: 2088.27
weight: 0.00119005
eec: 122.803
weight: 4.82853e-05
eec: 383.252
weight: 2.71292e-06
eec: 535.974
weight: 7.92478e-06
eec: 228.85
weight: 3.77219e-05
eec: 115.501
weight: 6.54868e-05
eec: 74.3549
weight: 9.55302e-06
eec: 800.34
weight: 8.23291e-05
eec: 736.126
weight: 4.02484e-05
eec: 3329.65
weight: 4.224e-06
eec: 369.108

ROOT exit code = 0
