gSystem->Load("run_condor_job_Run3_C.so");
run_condor_job_Run3(46, 100, 2,
                    80, 200,
                    1, 1, 1, 0);
.q

ENTERED run_condor_job_Run3()
JOBID = 46
  global job = 46  Job 46/100  events [2757240, 2817180)  total=5994000
Processing events [2757240, 2817180) of 5994000
weight: 2.32449e-05
eec: 435.805
weight: 3.44794e-05
eec: 58.7787
weight: 6.21954e-05
eec: 526.299
weight: 3.60015e-06
eec: 639.787
weight: 1.58953e-06
eec: 118.766
weight: 2.60584e-05
eec: 516.757
weight: 0.000131515
eec: 416.876
weight: 3.99042e-05
eec: 90.7722
weight: 1.53701e-05
eec: 307.218
weight: 0.000161108
eec: 172.02
weight: 0.000276637
eec: 931.007
weight: 1.28305e-07
eec: 1891.65
weight: 3.59354e-06
eec: 305.963
weight: 4.86078e-05
eec: 481.165
weight: 2.8113e-06
eec: 478.433
weight: 2.63194e-05
eec: 112.1
weight: 0.000365671
eec: 161.22
weight: 1.05656e-05
eec: 100.062
weight: 1.15963e-05
eec: 586.436
weight: 9.75179e-06
eec: 339.021
weight: 0.00026652
eec: 156.78
weight: 8.27853e-06
eec: 615.295
weight: 0.00401989
eec: 178.009
weight: 0.000103928
eec: 330.064
weight: 0.000199808
eec: 18.2489
weight: 1.33429e-05
eec: 1242.45
weight: 5.98067e-06
eec: 3353.38
weight: 4.21105e-05
eec: 394.071
weight: 5.08398e-06
eec: 229.855
weight: 1.26297e-05
eec: 1833.68
weight: 7.00647e-06
eec: 478.624
weight: 9.6209e-05
eec: 80.4772
weight: 9.1695e-06
eec: 153.239
weight: 3.21566e-06
eec: 183.39
weight: 9.72885e-05
eec: 695.704
weight: 5.19449e-05
eec: 486.968
weight: 5.94332e-05
eec: 117.231
weight: 5.46251e-05
eec: 93.5237
weight: 1.67375e-06
eec: 1089.56
weight: 6.3022e-07
eec: 257.16
weight: 0.000129943
eec: 672.594
weight: 5.57745e-06
eec: 1150.71
weight: 2.60203e-05
eec: 247.431
weight: 7.73684e-06
eec: 1624.87
weight: 2.15482e-05
eec: 266.698
weight: 1.19593e-05
eec: 89.7513
weight: 3.83933e-05
eec: 36.599
weight: 0.00011824
eec: 496.191
weight: 0.000100746
eec: 736.966
weight: 0.000101202
eec: 1070.62
weight: 5.99418e-06
eec: 2408.13
weight: 1.63074e-06
eec: 501.372
weight: 3.04954e-05
eec: 230.019
weight: 7.07916e-06
eec: 1090.95
weight: 1.87029e-05
eec: 2571.73
weight: 1.6729e-05
eec: 894.986
weight: 1.23415e-05
eec: 1157.86
weight: 7.89984e-06
eec: 26.6602
weight: 1.79923e-05
eec: 2151.68
weight: 6.90076e-05
eec: 1643.03
weight: 2.28787e-05
eec: 890.262
weight: 6.80017e-06
eec: 147.354
weight: 8.36632e-08
eec: 589.554
weight: 2.2716e-05
eec: 2757.92
weight: 7.96816e-05
eec: 69.8039
weight: 0.000138039
eec: 100.241
weight: 3.56424e-06
eec: 293.169
weight: 3.68292e-05
eec: 2802.94
weight: 4.29461e-05
eec: 1276.33
weight: 7.51229e-05
eec: 1084.27
weight: 0.00128283
eec: 613.001
weight: 2.66306e-06
eec: 1312.85
weight: 3.67807e-06
eec: 290.292
weight: 5.30179e-05
eec: 304.85
weight: 8.09464e-06
eec: 656.487
weight: 2.50564e-05
eec: 661.533
weight: 0.000563771
eec: 192.789
weight: 2.09643e-05
eec: 39.8917
weight: 2.00584e-05
eec: 24.3559
weight: 0.000136962
eec: 533.868
weight: 5.30507e-07
eec: 355.164
weight: 9.1944e-07
eec: 3241.18
weight: 5.43367e-05
eec: 266.068
weight: 1.72063e-05
eec: 1174.34
weight: 3.12369e-05
eec: 2284.27
weight: 0.00031299
eec: 167.168
weight: 2.73444e-05
eec: 1137.79
weight: 1.19566e-06
eec: 1599.74
weight: 3.71238e-05
eec: 580.417
weight: 4.1526e-05
eec: 22.9266
weight: 2.71078e-05
eec: 247.586
weight: 4.69086e-05
eec: 527.048
weight: 4.84687e-06
eec: 473.272
weight: 3.21411e-06
eec: 138.635
weight: 2.23466e-05
eec: 126.999
weight: 1.19475e-05
eec: 166.294
weight: 1.8263e-05
eec: 1771.81
weight: 7.18053e-05
eec: 351.857
weight: 5.89488e-06
eec: 27.4657
weight: 4.51652e-06
eec: 511.737
weight: 1.11417e-05
eec: 673.437
weight: 1.11417e-05
eec: 368.535
weight: 1.3736e-05
eec: 43.0819
weight: 7.84313e-05
eec: 33.5963
weight: 0.000108684
eec: 400.547
weight: 2.90729e-05
eec: 320.558
weight: 1.86073e-06
eec: 254.542
weight: 5.97117e-05
eec: 255.369
weight: 9.87331e-06
eec: 396.874
weight: 5.74856e-06
eec: 2575.96
weight: 2.8787e-05
eec: 688.624
weight: 2.04612e-05
eec: 690.246
weight: 0.000221069
eec: 386.084
weight: 1.6099e-06
eec: 451.815
weight: 5.5812e-06
eec: 162.374
weight: 1.66524e-06
eec: 142.839
weight: 2.79091e-05
eec: 327.226
weight: 2.03636e-05
eec: 773.976
weight: 4.96673e-05
eec: 625.839
weight: 7.35018e-06
eec: 317.815
weight: 0.000239393
eec: 494.638
weight: 5.83609e-07
eec: 711.796
weight: 0.00030103
eec: 217.459
weight: 7.25999e-06
eec: 30.9617
weight: 2.02758e-05
eec: 1972.89
weight: 8.30695e-06
eec: 65.6178
weight: 4.19516e-05
eec: 80.1688
weight: 9.86986e-05
eec: 201.512
weight: 4.93991e-05
eec: 55.3159
weight: 5.1692e-06
eec: 329.046
weight: 6.9343e-06
eec: 997.816
weight: 2.7591e-05
eec: 920.901
weight: 3.19722e-05
eec: 151.585
weight: 4.0955e-06
eec: 255.156
weight: 9.6394e-06
eec: 339.044
weight: 1.64405e-05
eec: 1526.09
weight: 0.000574055
eec: 218.671
weight: 8.65759e-05
eec: 158.068
weight: 7.81523e-07
eec: 195.771
weight: 0.000211509
eec: 24.9657
weight: 5.28305e-06
eec: 946.193
weight: 4.9353e-05
eec: 70.3762
weight: 2.1402e-07
eec: 821.415
weight: 3.43826e-06
eec: 682.954
weight: 0.000154247
eec: 61.7009
weight: 4.0075e-05
eec: 1247.8
weight: 4.4802e-05
eec: 386.991
weight: 6.46637e-05
eec: 905.34
weight: 4.26152e-05
eec: 1590.39
weight: 1.47642e-05
eec: 342.529
weight: 4.09082e-06
eec: 3378.81
weight: 5.66575e-06
eec: 288.094
weight: 0.000283064
eec: 422.509
weight: 7.60506e-06
eec: 524.761
weight: 4.205e-05
eec: 91.0042
weight: 4.15722e-07
eec: 229.629
weight: 2.78871e-05
eec: 678.946
weight: 1.89814e-06
eec: 491.009
weight: 1.57589e-05
eec: 35.4184
weight: 5.7847e-05
eec: 106.722
weight: 2.34142e-06
eec: 277.914
weight: 1.56844e-05
eec: 173.132
weight: 8.12964e-06
eec: 109.582
weight: 2.59858e-05
eec: 108.356
weight: 0.000170967
eec: 415.894
weight: 0.00145112
eec: 354.506
weight: 4.10998e-06
eec: 907.483
weight: 1.53384e-06
eec: 202.659
weight: 2.73324e-05
eec: 619.428
weight: 4.99497e-06
eec: 244.876
weight: 1.51878e-06
eec: 210.345
weight: 1.79937e-06
eec: 253.967
weight: 0.000114675
eec: 159.593
weight: 6.16352e-05
eec: 366.389
weight: 7.53818e-07
eec: 175.767
weight: 2.41154e-05
eec: 2584.76
weight: 1.75668e-05
eec: 1315.26
weight: 0.000146341
eec: 150.359
weight: 0.000200943
eec: 595.25
weight: 0.000125549
eec: 969.239
weight: 6.80523e-05
eec: 69.1297
weight: 3.48981e-06
eec: 2780.27
weight: 9.57842e-06
eec: 143.772
weight: 9.06297e-06
eec: 143.357
weight: 1.56503e-05
eec: 369.192
weight: 2.12543e-05
eec: 826.073
weight: 8.72156e-05
eec: 589.343
weight: 7.87712e-05
eec: 19.7985
weight: 0.000119351
eec: 242.266
weight: 2.5629e-05
eec: 177.122
Processing: 46.7134 %weight: 6.59654e-06
eec: 2982.1
weight: 2.67612e-05
eec: 49.3358
weight: 2.3527e-05
eec: 2032.51
weight: 2.33291e-05
eec: 133.483
weight: 1.85056e-05
eec: 1137.13
weight: 3.81423e-07
eec: 182.373
weight: 0.000187095
eec: 590.281
weight: 8.64528e-05
eec: 360.274
weight: 3.2573e-05
eec: 515.008
weight: 0.000177667
eec: 716.527
weight: 8.94557e-05
eec: 400.448
weight: 1.27736e-05
eec: 82.2046
weight: 1.12904e-05
eec: 271.669
weight: 9.43093e-05
eec: 80.3032
weight: 6.7059e-06
eec: 335.877
weight: 1.30377e-05
eec: 3715.32
weight: 3.08068e-05
eec: 361.617
weight: 4.03644e-05
eec: 479.239
weight: 1.22536e-07
eec: 250.086
weight: 2.79001e-05
eec: 1863.53
weight: 1.11727e-05
eec: 1885.56
weight: 0.00069145
eec: 95.2197
weight: 1.42696e-06
eec: 1276.07
weight: 1.39256e-05
eec: 314.136
weight: 8.98822e-06
eec: 384.807
weight: 8.20765e-05
eec: 324.848
weight: 0.000314616
eec: 55.2651
weight: 4.48305e-08
eec: 179.467
weight: 0.000113413
eec: 716.402
weight: 1.60519e-05
eec: 519.471
weight: 2.37089e-06
eec: 408.98
weight: 0.000128918
eec: 19.9475
weight: 1.79831e-05
eec: 787.189
weight: 6.112e-06
eec: 775.923
weight: 1.41203e-05
eec: 1398.49
weight: 1.21864e-05
eec: 1527.5
weight: 3.47221e-05
eec: 868.499
weight: 2.39301e-05
eec: 2738.43
weight: 2.30288e-05
eec: 276.886
weight: 5.72099e-06
eec: 812.824
weight: 8.27911e-05
eec: 164.794
weight: 3.47031e-05
eec: 50.3489
weight: 4.0193e-06
eec: 1922.96
weight: 0.00012427
eec: 178.133
weight: 2.02756e-06
eec: 1598.15
weight: 9.32738e-05
eec: 1050.56
weight: 3.95175e-05
eec: 546.379
weight: 1.35805e-06
eec: 410.916
weight: 1.46843e-05
eec: 449.636
weight: 7.82258e-06
eec: 1015.24
weight: 5.41259e-05
eec: 1186.6
weight: 2.79196e-05
eec: 2372.52
weight: 9.12256e-08
eec: 240.683
weight: 2.0846e-05
eec: 467.577
weight: 2.87178e-05
eec: 48.3467
weight: 0.000189964
eec: 1471.18
weight: 0.000513914
eec: 67.2178
weight: 0.000351487
eec: 212.905
weight: 0.000243604
eec: 272.644
weight: 1.23469e-05
eec: 2493.2
weight: 0.000376656
eec: 176.415
weight: 1.38696e-05
eec: 600.672
weight: 0.000469859
eec: 528.51
weight: 0.000174432
eec: 1248.05
weight: 5.87596e-06
eec: 1198.91
weight: 3.0593e-05
eec: 447.351
weight: 1.26645e-06
eec: 736.412
weight: 1.32874e-05
eec: 496.905
weight: 6.25476e-06
eec: 811.929
weight: 0.000122981
eec: 196.365
weight: 1.94012e-05
eec: 1146.36
weight: 1.9932e-05
eec: 125.056
weight: 6.57125e-05
eec: 68.0199
weight: 6.38681e-06
eec: 1235.88
weight: 0.000102354
eec: 600.305
weight: 2.49602e-05
eec: 625.279
weight: 2.66539e-05
eec: 2474.55
weight: 0.000196072
eec: 348.586
weight: 8.34283e-05
eec: 87.3277
weight: 5.26385e-05
eec: 228.237
weight: 0.00210171
eec: 1280.33
weight: 1.87994e-05
eec: 632.1
weight: 3.8278e-08
eec: 241.354
weight: 8.39628e-05
eec: 306.266

ROOT exit code = 0
