gSystem->Load("run_condor_job_Run3_C.so");
run_condor_job_Run3(179, 100, 2,
                    80, 200,
                    1, 1, 1, 1);
.q

ENTERED run_condor_job_Run3()
JOBID = 179
  global job = 179  Job 79/100  events [4630980, 4689600)  total=5862000
Processing events [4630980, 4689600) of 5862000
weight: 0.00109246
eec: 281.082
weight: 1.51159e-06
eec: 1481.59
weight: 8.31183e-06
eec: 1071.96
weight: 4.9055e-06
eec: 175.835
weight: 1.23693e-06
eec: 532.143
weight: 1.14406e-05
eec: 174.752
weight: 7.85059e-05
eec: 270.343
weight: 5.43151e-08
eec: 284.402
weight: 1.8845e-05
eec: 181.928
weight: 9.51996e-09
eec: 3170.37
weight: 0.000234925
eec: 613.43
weight: 0.000230108
eec: 53.7337
weight: 4.378e-06
eec: 231.717
weight: 7.83112e-06
eec: 2012.42
weight: 5.27713e-05
eec: 1445.26
weight: 1.02573e-05
eec: 2511.86
weight: 1.154e-05
eec: 3521.85
weight: 5.96814e-06
eec: 250.658
weight: 0.000163295
eec: 1847.83
weight: 1.11119e-05
eec: 4178.41
weight: 1.48459e-05
eec: 47.1621
weight: 0.000215168
eec: 419.286
weight: 1.59282e-05
eec: 1958.41
weight: 0.000346205
eec: 109.28
weight: 6.44867e-06
eec: 138.777
weight: 5.84311e-05
eec: 264.069
weight: 2.7182e-06
eec: 1110.25
weight: 6.47412e-06
eec: 1073.12
weight: 0.000892287
eec: 156.863
weight: 3.22457e-08
eec: 228.931
weight: 1.88048e-06
eec: 933.298
weight: 7.27382e-05
eec: 408.454
weight: 0.000229692
eec: 202.662
weight: 4.25045e-05
eec: 209.889
weight: 0.000138408
eec: 614.382
weight: 0.000129786
eec: 264.222
weight: 9.59293e-05
eec: 54.5683
weight: 1.85678e-05
eec: 476.238
weight: 7.69244e-05
eec: 481.127
weight: 6.58658e-05
eec: 78.6693
weight: 0.000547729
eec: 86.1155
weight: 3.71012e-07
eec: 685.377
weight: 2.2073e-05
eec: 252.418
weight: 3.10669e-05
eec: 212.677
weight: 5.08896e-06
eec: 2675.5
weight: 9.52116e-07
eec: 30.6948
weight: 9.43993e-06
eec: 1074.9
weight: 1.07157e-05
eec: 37.1761
weight: 4.45192e-05
eec: 463.373
weight: 3.72842e-06
eec: 1854.5
weight: 8.38147e-06
eec: 401.168
weight: 1.03243e-06
eec: 1430.64
weight: 0.000627511
eec: 242.768
weight: 9.41989e-06
eec: 87.6433
weight: 2.22996e-05
eec: 142.826
weight: 1.27603e-05
eec: 980.376
weight: 2.57066e-06
eec: 1133.53
weight: 6.65586e-06
eec: 226.736
weight: 7.39488e-06
eec: 1782.71
weight: 1.66842e-06
eec: 12.6234
weight: 0.000149058
eec: 1702.51
weight: 0.000103095
eec: 1587.71
weight: 9.96482e-05
eec: 149.702
weight: 7.61423e-05
eec: 603.298
weight: 0.000104039
eec: 346.882
weight: 9.37829e-05
eec: 550.564
weight: 0.000189191
eec: 15.0146
weight: 1.27196e-05
eec: 199.511
weight: 2.76213e-05
eec: 2609.06
weight: 3.4415e-05
eec: 141.851
weight: 0.000145472
eec: 53.7533
weight: 1.6743e-05
eec: 370.365
weight: 3.85203e-06
eec: 3336.1
weight: 2.4594e-05
eec: 110.196
weight: 0.000318412
eec: 1218.81
weight: 3.35425e-05
eec: 295.34
weight: 2.93313e-05
eec: 587.274
weight: 2.93313e-05
eec: 234.495
weight: 9.72366e-06
eec: 998.971
weight: 5.32293e-06
eec: 132.053
weight: 1.22045e-05
eec: 1803.62
weight: 3.3507e-05
eec: 186.429
Processing: 79.3245 %weight: 0.000428185
eec: 594.279
weight: 0.000105509
eec: 577.914
weight: 7.00007e-06
eec: 796.059
weight: 4.80475e-05
eec: 206.884
weight: 4.72185e-05
eec: 690.635
weight: 7.71881e-05
eec: 1146
weight: 0.000219525
eec: 21.9441
weight: 4.20756e-06
eec: 1920.89
weight: 9.02931e-05
eec: 48.1353
weight: 2.81281e-08
eec: 2084.3
weight: 1.05014e-05
eec: 1013.77
weight: 0.00125599
eec: 240.322
weight: 4.82204e-06
eec: 372.977
weight: 1.35505e-06
eec: 139.014
weight: 2.07331e-06
eec: 126.015
weight: 2.93524e-05
eec: 37.0492
weight: 4.66661e-05
eec: 1089.66
weight: 8.30444e-05
eec: 544.782
weight: 7.86828e-06
eec: 2129.51
weight: 1.36915e-05
eec: 1553.22
weight: 2.38777e-05
eec: 498.783
weight: 9.58617e-05
eec: 148.968
weight: 4.14851e-07
eec: 17.3921
weight: 4.09895e-06
eec: 238.7
weight: 7.25695e-05
eec: 55.8658
weight: 1.78558e-05
eec: 1363.19
weight: 1.04721e-05
eec: 1926.98
weight: 0.000224322
eec: 434.518
weight: 9.24021e-05
eec: 887.915
weight: 1.23428e-05
eec: 240.181
weight: 6.58329e-05
eec: 223.397
weight: 2.5206e-05
eec: 313.598
weight: 8.22604e-05
eec: 266.878
weight: 6.22727e-05
eec: 180.209
weight: 6.7508e-06
eec: 764.775
weight: 2.63991e-05
eec: 2094.04
weight: 2.3633e-06
eec: 160.692
weight: 1.49615e-05
eec: 2319.53
weight: 6.37496e-06
eec: 1407.85
weight: 4.06774e-05
eec: 1004.82
weight: 3.23754e-05
eec: 492.47
weight: 1.10423e-05
eec: 104.207
weight: 0.00021085
eec: 128.081
weight: 8.41659e-05
eec: 83.5975
weight: 2.57799e-05
eec: 482.428
weight: 4.18613e-06
eec: 930.049
weight: 1.25565e-06
eec: 241.166
weight: 1.49199e-05
eec: 36.1717
weight: 4.99044e-05
eec: 461.413
weight: 2.00725e-06
eec: 997.127
weight: 9.78269e-06
eec: 345.554
weight: 0.000104906
eec: 90.7243
weight: 1.78655e-05
eec: 2196.31
weight: 5.19101e-05
eec: 1153.45
weight: 3.75376e-06
eec: 687.873
weight: 7.60749e-05
eec: 213.365
weight: 5.84356e-06
eec: 465.415
weight: 5.44572e-06
eec: 66.6926
weight: 4.51688e-05
eec: 121.366
weight: 1.06581e-05
eec: 625.409
weight: 0.000198964
eec: 206.158
weight: 0.000419301
eec: 145.089
weight: 2.61245e-05
eec: 2060.71
weight: 9.559e-06
eec: 269.928
weight: 3.23915e-05
eec: 2283.12
weight: 2.30875e-06
eec: 292.33
weight: 2.74679e-05
eec: 340.174
weight: 1.1862e-05
eec: 212.418
weight: 2.43463e-05
eec: 251.022
weight: 2.01259e-06
eec: 240.898
weight: 8.95517e-07
eec: 792.572
weight: 4.62846e-06
eec: 2649.71
weight: 4.48854e-06
eec: 469.491
weight: 3.38328e-06
eec: 484.405
weight: 6.46056e-05
eec: 66.5037
weight: 7.99037e-06
eec: 313.125
weight: 0.000136581
eec: 363.726
weight: 1.94929e-06
eec: 2183.71
weight: 3.42566e-06
eec: 1435.02
weight: 4.52162e-05
eec: 176.526
weight: 1.25137e-05
eec: 1483.12
weight: 0.000231267
eec: 200.87
weight: 0.000365333
eec: 316.368
weight: 7.33069e-05
eec: 745.379
weight: 0.000155393
eec: 543.644
weight: 6.8993e-05
eec: 392.194
weight: 4.36835e-05
eec: 770.909
weight: 6.64508e-07
eec: 1001.88
weight: 6.83452e-07
eec: 153.711
weight: 6.11721e-05
eec: 357.457
weight: 1.35301e-05
eec: 281.093
weight: 7.76407e-05
eec: 362.555
weight: 1.01446e-05
eec: 345.625
weight: 1.3949e-06
eec: 995.856
weight: 3.72709e-06
eec: 417.291
weight: 0.000107443
eec: 207.123
weight: 0.000621862
eec: 437.273
weight: 0.000128088
eec: 341.299
weight: 4.7783e-05
eec: 39.0853
weight: 0.00010724
eec: 932.889
weight: 8.36772e-06
eec: 373.228
weight: 4.2575e-05
eec: 548.322
weight: 0.000184707
eec: 262.237
weight: 0.000838369
eec: 53.9183
weight: 1.83606e-05
eec: 293.484
weight: 7.33162e-05
eec: 311.047
weight: 5.45197e-05
eec: 1473.31
weight: 4.50125e-06
eec: 299.475
weight: 1.2894e-05
eec: 667.086
weight: 7.39135e-06
eec: 1035.86
weight: 1.40943e-05
eec: 470.106
weight: 4.43625e-05
eec: 115.543
weight: 2.04013e-06
eec: 19.8967
weight: 1.7127e-05
eec: 234.79
weight: 5.07656e-05
eec: 555.512
weight: 7.29302e-05
eec: 1398.07
weight: 0.000519334
eec: 263.919
weight: 5.04215e-05
eec: 77.2499
weight: 1.25729e-05
eec: 99.4425
weight: 2.01645e-05
eec: 1760.37
weight: 2.33103e-05
eec: 2091.98
weight: 1.03484e-05
eec: 191.955
weight: 7.6271e-06
eec: 1003.8
weight: 3.67049e-06
eec: 623.753
weight: 0.000640412
eec: 27.2419
weight: 7.11159e-05
eec: 795.339
weight: 5.89861e-05
eec: 278.149
weight: 0.000296582
eec: 43.1076
weight: 5.27407e-06
eec: 563.469
weight: 0.000204634
eec: 34.6123
weight: 0.000253623
eec: 329.734
weight: 2.29164e-05
eec: 205.533
weight: 1.65559e-05
eec: 406.752
weight: 1.10265e-05
eec: 1038.58
weight: 1.10952e-05
eec: 2172.38
weight: 0.000822599
eec: 385.395
weight: 8.76059e-06
eec: 709.489
weight: 0.00046783
eec: 417.25
weight: 2.24894e-06
eec: 371.98
weight: 2.35791e-05
eec: 78.4503
weight: 2.40856e-05
eec: 1491.05
weight: 0.000255472
eec: 145.896
weight: 6.4226e-05
eec: 1480.26
weight: 1.88519e-05
eec: 199.884
weight: 5.02282e-05
eec: 92.2554
weight: 0.000341368
eec: 310.827
weight: 1.82326e-06
eec: 769.88
weight: 3.41341e-05
eec: 246.224
weight: 1.55408e-06
eec: 1679.41
weight: 0.000109577
eec: 164.063
weight: 9.9516e-06
eec: 197.182
weight: 5.92905e-06
eec: 1079.52
weight: 3.34797e-05
eec: 300.302
weight: 1.17699e-05
eec: 555.909
weight: 0.000448454
eec: 160.383
weight: 8.57581e-07
eec: 958.282

ROOT exit code = 0
