gSystem->Load("run_condor_job_Run3_C.so");
run_condor_job_Run3(731, 100, 2,
                    80, 200,
                    1, 1, 1, 7);
.q

ENTERED run_condor_job_Run3()
JOBID = 731
  global job = 731  Job 31/100  events [1765140, 1822080)  total=5694000
Processing events [1765140, 1822080) of 5694000
weight: 0.00016429
eec: 62.1994
weight: 0.000152182
eec: 207.266
weight: 3.85888e-07
eec: 384.067
weight: 3.48574e-05
eec: 552.588
weight: 5.67564e-05
eec: 133.833
weight: 6.00611e-07
eec: 1376.85
weight: 4.68236e-07
eec: 152.322
weight: 7.43383e-06
eec: 1346.96
weight: 5.57525e-05
eec: 145.995
weight: 0.000166576
eec: 468.718
weight: 0.000151962
eec: 37.1514
weight: 9.18031e-05
eec: 7.69493
weight: 8.56861e-06
eec: 67.0659
weight: 0.000141175
eec: 152.646
weight: 8.50503e-05
eec: 228.687
weight: 0.000112854
eec: 98.1573
weight: 0.000110413
eec: 750.086
weight: 2.87888e-05
eec: 1373.78
weight: 0.000361013
eec: 448.924
weight: 3.47928e-06
eec: 236.365
weight: 0.000119651
eec: 560.104
weight: 4.26033e-05
eec: 420.665
weight: 2.50433e-05
eec: 345.191
weight: 2.12963e-06
eec: 205.54
weight: 7.23306e-05
eec: 474.385
weight: 1.70954e-05
eec: 557.459
weight: 1.43021e-05
eec: 137.919
weight: 1.29286e-06
eec: 503.758
weight: 0.000108259
eec: 121.064
weight: 0.000152965
eec: 14.1362
weight: 2.44085e-05
eec: 1197.89
weight: 6.51106e-06
eec: 938.69
weight: 2.11703e-05
eec: 236.262
weight: 1.03448e-05
eec: 827.712
weight: 7.25543e-06
eec: 3945.17
weight: 1.19914e-08
eec: 4445.38
weight: 5.70745e-06
eec: 99.474
weight: 1.68588e-05
eec: 971.605
weight: 0.000263145
eec: 207.44
weight: 1.22536e-06
eec: 325.399
weight: 2.75936e-05
eec: 513.896
weight: 0.000157746
eec: 276.766
weight: 1.98034e-05
eec: 714.68
weight: 3.53639e-05
eec: 578.073
weight: 0.000377673
eec: 229.951
weight: 6.33081e-05
eec: 482.558
weight: 3.39531e-06
eec: 671.03
weight: 0.000414536
eec: 491.688
weight: 7.771e-05
eec: 10.0134
weight: 0.00030098
eec: 302.558
weight: 0.000152308
eec: 254.849
weight: 2.02561e-05
eec: 2852.3
weight: 0.00060797
eec: 263.714
weight: 4.66936e-05
eec: 510.445
weight: 1.21234e-05
eec: 133.255
weight: 1.9801e-05
eec: 213.134
weight: 1.86982e-06
eec: 1105.09
weight: 1.64025e-05
eec: 504.995
weight: 8.60514e-06
eec: 614.329
weight: 0.000235474
eec: 279.257
weight: 0.000299846
eec: 132.813
weight: 0.000173666
eec: 198.119
weight: 3.46461e-05
eec: 144.125
weight: 0.000135706
eec: 680.49
weight: 0.000149069
eec: 193.098
weight: 2.00713e-05
eec: 116.95
weight: 0.000176145
eec: 92.8459
weight: 4.82126e-05
eec: 352.729
weight: 1.90307e-05
eec: 2969.48
weight: 6.57383e-05
eec: 220.986
weight: 4.38216e-06
eec: 268.091
weight: 0.000210029
eec: 43.899
weight: 2.62938e-06
eec: 124.653
weight: 5.97486e-05
eec: 2060.09
weight: 2.09254e-05
eec: 2959.05
weight: 0.000107914
eec: 1088.21
weight: 7.55675e-06
eec: 1688.26
weight: 1.45285e-05
eec: 344.331
weight: 3.87517e-05
eec: 1257.95
weight: 1.23584e-05
eec: 121.23
weight: 2.64878e-05
eec: 201.062
weight: 2.33864e-05
eec: 554.856
weight: 1.43993e-06
eec: 905.329
weight: 0.000591333
eec: 34.0649
weight: 0.000120397
eec: 126.752
weight: 4.80689e-05
eec: 81.1897
weight: 5.67168e-06
eec: 337.583
weight: 1.49947e-07
eec: 830.156
weight: 1.94219e-05
eec: 34.0919
weight: 3.69743e-06
eec: 104.422
weight: 0.00029329
eec: 15.9293
weight: 0.000117264
eec: 847.514
weight: 3.5441e-06
eec: 222.682
weight: 1.68341e-05
eec: 532.335
weight: 4.43709e-05
eec: 277.357
weight: 3.83011e-07
eec: 1469.82
weight: 0.000113612
eec: 290.495
weight: 0.000313502
eec: 87.3408
weight: 5.28418e-06
eec: 233.46
weight: 1.88925e-05
eec: 858.755
weight: 2.30398e-05
eec: 623.272
weight: 0.00016383
eec: 624.379
weight: 0.000184794
eec: 266.766
weight: 3.29039e-06
eec: 179.795
weight: 6.83777e-06
eec: 2183.39
weight: 0.000149361
eec: 721.088
weight: 0.000281362
eec: 102.749
weight: 5.66417e-06
eec: 549.202
weight: 4.32196e-05
eec: 433.909
weight: 4.01687e-05
eec: 198.836
weight: 1.96422e-05
eec: 582.422
weight: 0.000264858
eec: 1240.68
weight: 6.19235e-06
eec: 638.839
weight: 8.16627e-06
eec: 310.822
weight: 3.93452e-05
eec: 510.635
weight: 0.000107102
eec: 146.196
weight: 0.000195241
eec: 727.636
weight: 0.000235771
eec: 1062.23
weight: 5.74322e-05
eec: 319.867
weight: 9.81791e-06
eec: 253.871
weight: 1.50225e-06
eec: 407.027
weight: 1.46643e-06
eec: 932.928
weight: 8.70372e-05
eec: 1004.61
weight: 4.87031e-06
eec: 897.722
weight: 0.000100154
eec: 235.786
weight: 9.32235e-06
eec: 367.617
weight: 0.000174601
eec: 570.606
weight: 0.000130834
eec: 477.444
weight: 0.000500153
eec: 488.871
weight: 0.000123436
eec: 133.671
weight: 3.38474e-06
eec: 686.056
weight: 9.46268e-06
eec: 3216.74
weight: 5.69136e-05
eec: 540.276
weight: 3.80996e-05
eec: 177.676
weight: 1.69636e-05
eec: 58.087
weight: 0.000207223
eec: 315.457
weight: 2.61539e-06
eec: 1668.32
weight: 2.32948e-06
eec: 931.452
weight: 0.000302656
eec: 23.7787
weight: 2.62127e-05
eec: 216.193
weight: 2.44806e-07
eec: 86.0633
weight: 7.88715e-05
eec: 267.316
weight: 3.81116e-05
eec: 577.996
weight: 4.03578e-06
eec: 1121.78
weight: 5.6058e-07
eec: 739.553
Processing: 31.6122 %weight: 1.88919e-05
eec: 544.68
weight: 0.000229146
eec: 564.39
weight: 5.4693e-05
eec: 69.2035
weight: 1.70866e-05
eec: 453.056
weight: 0.000113367
eec: 1470.88
weight: 1.02279e-05
eec: 501.579
weight: 3.62473e-06
eec: 696.15
weight: 4.56861e-06
eec: 789.778
weight: 0.000325486
eec: 669.147
weight: 1.92107e-05
eec: 1236.89
weight: 3.5704e-08
eec: 630.915
weight: 1.9486e-05
eec: 371.298
weight: 7.86183e-06
eec: 1046.18
weight: 3.01531e-06
eec: 2618.55
weight: 4.15052e-05
eec: 858.2
weight: 1.99275e-07
eec: 329.25
weight: 1.35758e-08
eec: 217.77
weight: 1.46848e-05
eec: 1729.28
weight: 1.26072e-05
eec: 2358.37
weight: 4.70877e-08
eec: 50.5039
weight: 0.000137513
eec: 1031.43
weight: 3.26051e-05
eec: 568.634
weight: 0.00014024
eec: 253.997
weight: 6.82169e-05
eec: 2486.9
weight: 4.25508e-06
eec: 612.158
weight: 2.84798e-06
eec: 277.943
weight: 0.000360268
eec: 126.961
weight: 5.20965e-05
eec: 247.359
weight: 9.96999e-06
eec: 281.572
weight: 0.000135966
eec: 234.737
weight: 1.21836e-05
eec: 998.212
weight: 9.05128e-05
eec: 551.779
weight: 9.2072e-06
eec: 365.569
weight: 1.1943e-06
eec: 242.202
weight: 0.000163284
eec: 540.31
weight: 0.000185197
eec: 200.432
weight: 9.06219e-05
eec: 19.7173
weight: 8.96238e-05
eec: 455.895
weight: 3.65143e-05
eec: 992.967
weight: 4.04891e-05
eec: 671.702
weight: 3.65339e-05
eec: 785.51
weight: 2.45634e-05
eec: 141.911
weight: 9.70802e-06
eec: 1715.09
weight: 1.70003e-05
eec: 326.068
weight: 3.32241e-05
eec: 901.689
weight: 0.000101093
eec: 207.702
weight: 4.14078e-05
eec: 281.946
weight: 0.000110843
eec: 320.979
weight: 6.34209e-06
eec: 1155.33
weight: 3.58555e-05
eec: 23.753
weight: 1.76022e-05
eec: 743.69
weight: 3.85742e-05
eec: 1338.98
weight: 5.46586e-06
eec: 409.536
weight: 2.32553e-06
eec: 33.2894
weight: 5.19951e-06
eec: 84.6316
weight: 1.89464e-06
eec: 139.869
weight: 1.06085e-05
eec: 349.475
weight: 1.42038e-05
eec: 1682.45
weight: 6.42373e-05
eec: 369.902
weight: 6.79014e-05
eec: 1171.35
weight: 3.37954e-06
eec: 232.962
weight: 0.00019102
eec: 28.4539
weight: 2.79832e-06
eec: 617.157
weight: 0.000503062
eec: 563.211
weight: 0.000104716
eec: 172.514
weight: 0.000440899
eec: 194.921
weight: 2.90644e-06
eec: 762.292
weight: 6.00238e-06
eec: 1746.74
weight: 4.72951e-06
eec: 1201.36
weight: 6.51539e-06
eec: 271.596
weight: 6.11697e-05
eec: 476.392
weight: 3.64245e-06
eec: 2332.9
weight: 8.62672e-06
eec: 278.26
weight: 0.000348037
eec: 102.784
weight: 0.000360636
eec: 147.864
weight: 0.000127595
eec: 181.113
weight: 4.42745e-05
eec: 1709.73
weight: 8.55869e-06
eec: 1033.47
weight: 5.09854e-05
eec: 66.777
weight: 4.48789e-05
eec: 737.685
weight: 0.000254476
eec: 13.9551
weight: 8.07503e-05
eec: 55.3206
weight: 1.73119e-05
eec: 447.919
weight: 1.17028e-05
eec: 37.2421
weight: 0.000329396
eec: 450.11

ROOT exit code = 0
