gSystem->Load("run_condor_job_Run3_C.so");
run_condor_job_Run3(918, 100, 2,
                    80, 200,
                    1, 1, 1, 9);
.q

ENTERED run_condor_job_Run3()
JOBID = 918
  global job = 918  Job 18/100  events [1070280, 1129740)  total=5946000
Processing events [1070280, 1129740) of 5946000
weight: 4.32419e-05
eec: 1265.79
weight: 0.000179604
eec: 201.133
weight: 7.09518e-07
eec: 949.442
weight: 8.65828e-05
eec: 253.203
weight: 2.05395e-06
eec: 1248.74
weight: 0.000220551
eec: 281.796
weight: 6.55866e-06
eec: 373.542
weight: 6.28399e-06
eec: 401.709
weight: 5.53398e-06
eec: 436.822
weight: 1.38643e-05
eec: 513.827
weight: 2.4481e-05
eec: 1192.48
weight: 6.63729e-07
eec: 787.271
weight: 6.32244e-06
eec: 352.403
weight: 5.14436e-06
eec: 550.689
weight: 4.82037e-05
eec: 376.945
weight: 7.3633e-06
eec: 235.483
weight: 3.20001e-05
eec: 505.455
weight: 3.04857e-06
eec: 202.878
weight: 6.68951e-05
eec: 2200.24
weight: 7.52828e-05
eec: 259.781
weight: 3.43501e-05
eec: 195.377
weight: 7.49094e-06
eec: 119.394
weight: 5.51752e-05
eec: 472.244
weight: 0.000101162
eec: 207.787
weight: 9.4287e-06
eec: 580.18
weight: 4.57428e-07
eec: 149.733
weight: 9.81141e-05
eec: 26.7056
weight: 6.82325e-05
eec: 796.206
weight: 0.000133413
eec: 1334.54
weight: 1.80043e-05
eec: 1671.11
weight: 4.69611e-06
eec: 269.322
weight: 1.85294e-05
eec: 664.603
weight: 0.000120445
eec: 78.3129
weight: 0.00020528
eec: 452.869
weight: 4.8759e-06
eec: 643.951
weight: 0.000128981
eec: 685.675
weight: 2.67159e-05
eec: 473.374
weight: 9.13574e-05
eec: 69.4647
weight: 0.000222219
eec: 350.18
weight: 1.39799e-05
eec: 719.528
weight: 5.5196e-05
eec: 535.686
weight: 3.33804e-05
eec: 1423.44
weight: 0.00013942
eec: 213.67
weight: 0.000108363
eec: 349.612
weight: 5.55417e-05
eec: 475.126
weight: 0.000208716
eec: 151.334
weight: 8.05753e-06
eec: 3044.44
weight: 4.00163e-06
eec: 143.224
weight: 7.02601e-05
eec: 1790.68
weight: 0.000439503
eec: 97.1751
weight: 0.000171031
eec: 62.3555
weight: 3.4323e-05
eec: 1002.45
weight: 4.93368e-06
eec: 720.631
weight: 1.31913e-05
eec: 101.889
weight: 1.48116e-05
eec: 488.692
weight: 0.000106588
eec: 81.3888
weight: 1.52989e-05
eec: 158.776
weight: 1.64818e-05
eec: 72.2096
weight: 0.00015188
eec: 703.589
weight: 4.68802e-06
eec: 1110.5
weight: 2.51106e-05
eec: 2064.76
weight: 0.000457589
eec: 205.585
weight: 0.000612185
eec: 576.316
weight: 1.38776e-05
eec: 188.598
weight: 5.31358e-05
eec: 288.791
weight: 0.000192071
eec: 159.263
weight: 6.48655e-05
eec: 157.828
weight: 1.08386e-05
eec: 373.878
weight: 2.86855e-05
eec: 3849.3
weight: 7.71398e-06
eec: 327.513
weight: 3.2505e-05
eec: 57.5344
weight: 3.71677e-05
eec: 1871.1
weight: 3.78633e-05
eec: 418.37
weight: 0.00010043
eec: 312.952
weight: 8.12638e-05
eec: 61.3228
weight: 0.000333369
eec: 846.347
weight: 5.82212e-06
eec: 1691.98
weight: 2.70653e-05
eec: 101.635
weight: 7.29409e-06
eec: 199.443
weight: 6.74584e-06
eec: 4084.87
weight: 4.45146e-05
eec: 95.3159
weight: 3.44988e-05
eec: 723.228
weight: 8.94723e-06
eec: 1596.55
weight: 4.65291e-07
eec: 1513.9
weight: 5.21551e-06
eec: 157.097
weight: 1.78022e-05
eec: 93.4828
weight: 7.19928e-05
eec: 767.518
weight: 1.70102e-05
eec: 940.903
weight: 2.16754e-05
eec: 451.356
weight: 1.28164e-05
eec: 79.556
weight: 0.000267613
eec: 425.526
weight: 4.25433e-06
eec: 1186.94
weight: 3.2196e-08
eec: 338.449
weight: 0.000107762
eec: 409.015
weight: 1.69945e-05
eec: 261.204
weight: 1.86562e-05
eec: 551.665
weight: 2.75751e-05
eec: 634.492
weight: 9.35146e-06
eec: 87.8031
weight: 0.00155952
eec: 231.452
weight: 1.09333e-05
eec: 80.9036
weight: 5.13394e-05
eec: 168.805
weight: 0.000141886
eec: 339.788
weight: 6.27676e-05
eec: 114.9
weight: 0.00014648
eec: 242.893
weight: 2.5398e-05
eec: 413.437
weight: 6.1031e-06
eec: 455.666
weight: 5.65834e-05
eec: 1118.13
weight: 1.82563e-05
eec: 45.7004
weight: 0.000320444
eec: 162.398
weight: 2.63241e-05
eec: 515.546
weight: 1.43894e-05
eec: 709.024
weight: 0.000173072
eec: 68.6496
weight: 1.91847e-05
eec: 54.5486
weight: 0.000191565
eec: 125.203
weight: 7.07603e-05
eec: 664.698
weight: 3.935e-05
eec: 144.138
weight: 1.50584e-05
eec: 198.674
weight: 3.5118e-06
eec: 1778.27
weight: 1.94749e-06
eec: 605.177
weight: 0.000113852
eec: 314.942
weight: 6.84759e-05
eec: 392.091
weight: 1.93954e-05
eec: 1110.39
Processing: 18.4998 %weight: 3.06129e-05
eec: 69.8726
weight: 3.78385e-05
eec: 61.1839
weight: 0.000323257
eec: 517.404
weight: 1.77322e-05
eec: 1602.01
weight: 1.61198e-05
eec: 82.55
weight: 0.000209558
eec: 284.382
weight: 3.44328e-05
eec: 285.967
weight: 3.59702e-05
eec: 67.5092
weight: 1.21237e-06
eec: 256.974
weight: 0.000222879
eec: 324.578
weight: 1.2627e-05
eec: 150.958
weight: 0.000303023
eec: 178.165
weight: 3.06729e-05
eec: 745.969
weight: 1.99109e-05
eec: 166.812
weight: 0.000320932
eec: 1571.68
weight: 2.59419e-05
eec: 496.771
weight: 5.86462e-05
eec: 102.112
weight: 3.41216e-06
eec: 470.742
weight: 0.000103008
eec: 194.071
weight: 4.08838e-05
eec: 502.892
weight: 2.77906e-05
eec: 249.17
weight: 6.10695e-05
eec: 245.727
weight: 3.62094e-06
eec: 2010.63
weight: 5.18637e-06
eec: 952.131
weight: 6.08383e-05
eec: 486.642
weight: 2.47459e-05
eec: 94.3422
weight: 5.58989e-05
eec: 669.824
weight: 9.16485e-05
eec: 108.417
weight: 1.5239e-07
eec: 83.8694
weight: 0.000295947
eec: 723.465
weight: 5.33593e-05
eec: 464.949
weight: 3.88221e-06
eec: 932.033
weight: 0.000305437
eec: 304.516
weight: 2.05484e-05
eec: 192.875
weight: 1.94782e-05
eec: 79.3801
weight: 0.000123701
eec: 687.72
weight: 0.000160479
eec: 197.202
weight: 2.83614e-07
eec: 128.274
weight: 2.83614e-07
eec: 38.451
weight: 8.72116e-05
eec: 621.119
weight: 7.81993e-06
eec: 609.297
weight: 9.33447e-06
eec: 296.81
weight: 2.23002e-06
eec: 2231.38
weight: 0.000202037
eec: 536.09
weight: 1.39918e-05
eec: 53.8473
weight: 1.65728e-05
eec: 320.151
weight: 8.92887e-05
eec: 74.5451
weight: 1.41546e-05
eec: 31.737
weight: 1.72927e-06
eec: 2221.56
weight: 1.72927e-06
eec: 163.127
weight: 3.5347e-05
eec: 116.952
weight: 0.000207036
eec: 374.381
weight: 8.81296e-05
eec: 35.5808
weight: 1.35012e-07
eec: 593.996
weight: 0.000636236
eec: 408.419
weight: 6.01047e-05
eec: 3727.48
weight: 5.28659e-05
eec: 492.404
weight: 1.69922e-06
eec: 145.334
weight: 7.39516e-06
eec: 2046.22
weight: 1.7204e-06
eec: 1792.14
weight: 3.28763e-06
eec: 597.362
weight: 0.00017913
eec: 980.607
weight: 4.16813e-06
eec: 903.981
weight: 0.000489284
eec: 822.661
weight: 1.21784e-05
eec: 133.124
weight: 2.5978e-06
eec: 865.281
weight: 2.5978e-06
eec: 2831.42
weight: 7.89536e-05
eec: 207.711
weight: 0.000364162
eec: 147.707
weight: 0.000312989
eec: 173.468
weight: 2.60447e-05
eec: 349.239
weight: 2.36795e-05
eec: 554.389
weight: 1.04406e-05
eec: 1457.02
weight: 7.4271e-06
eec: 89.9035
weight: 2.01974e-05
eec: 614.651
weight: 7.13913e-05
eec: 563.415
weight: 0.000132119
eec: 356.851
weight: 0.00012283
eec: 1328.44
weight: 2.86799e-05
eec: 195.944
weight: 1.95066e-06
eec: 223.874
weight: 0.000108182
eec: 54.712
weight: 0.000244267
eec: 165.495
weight: 1.67249e-05
eec: 679.938
weight: 5.95529e-06
eec: 112.286
weight: 2.60402e-05
eec: 370.191
weight: 3.92672e-05
eec: 183.564
weight: 1.61699e-06
eec: 592.15
weight: 0.000161419
eec: 75.9456
weight: 1.78079e-05
eec: 1006.84
weight: 1.36221e-07
eec: 67.4072
weight: 0.000124884
eec: 392.215
weight: 1.24703e-05
eec: 1216.93
weight: 4.59423e-05
eec: 1040.48
weight: 0.000152886
eec: 161.376
weight: 4.98958e-05
eec: 93.7362
weight: 1.17714e-05
eec: 1032.19
weight: 0.000745249
eec: 152.209
weight: 0.000659076
eec: 107.823
weight: 3.48706e-05
eec: 632.666
weight: 0.0014339
eec: 267.62
weight: 0.000105124
eec: 59.2808
weight: 1.49326e-06
eec: 484.99
weight: 2.30904e-05
eec: 868.555
weight: 1.5128e-05
eec: 982.776
weight: 3.12072e-05
eec: 9.80199
weight: 3.95548e-07
eec: 392.6
weight: 2.44475e-05
eec: 488.131
weight: 9.06391e-06
eec: 202.194
weight: 4.05474e-06
eec: 22.1629
weight: 1.88398e-06
eec: 55.1268
weight: 4.56005e-05
eec: 433.616
weight: 6.75861e-05
eec: 318.507
weight: 0.000170098
eec: 314.059
weight: 2.39759e-05
eec: 306.824
weight: 1.28261e-05
eec: 315.671
weight: 2.59159e-05
eec: 398.734
weight: 0.000228719
eec: 351.805
weight: 1.07963e-05
eec: 752.635
weight: 1.43317e-07
eec: 122.608
weight: 7.88591e-06
eec: 314.403
weight: 2.53358e-06
eec: 1459.18
weight: 1.43382e-05
eec: 980.371
weight: 2.01946e-05
eec: 1117.27
weight: 1.03261e-05
eec: 830.127
weight: 5.68184e-05
eec: 441.045
weight: 3.20207e-05
eec: 1660.43
weight: 8.89742e-08
eec: 600.022
weight: 1.22385e-05
eec: 2466.39
weight: 1.35639e-05
eec: 32.7512
weight: 5.64578e-06
eec: 201.546
weight: 4.74873e-05
eec: 1348.97
weight: 0.00012141
eec: 466.083
weight: 0.000602525
eec: 534.079
weight: 1.01609e-05
eec: 255.415
weight: 0.000277193
eec: 532.874
weight: 2.69764e-05
eec: 535.135
weight: 1.24959e-05
eec: 107.765
weight: 0.000144358
eec: 538.448
weight: 9.41341e-06
eec: 1384.07
weight: 9.8483e-06
eec: 507.085
weight: 7.37397e-06
eec: 397.581

ROOT exit code = 0
