gSystem->Load("run_condor_job_Run3_C.so");
run_condor_job_Run3(295, 100, 2,
                    80, 200,
                    1, 1, 1, 2);
.q

ENTERED run_condor_job_Run3()
JOBID = 295
  global job = 295  Job 95/100  events [5700000, 5760000)  total=6000000
Processing events [5700000, 5760000) of 6000000
Processing: 95 %weight: 0.000221265
eec: 78.108
weight: 0.00100585
eec: 40.1145
weight: 5.05605e-05
eec: 107.692
weight: 1.10305e-05
eec: 293.24
weight: 1.10305e-05
eec: 240.36
weight: 0.00063922
eec: 853.782
weight: 3.94384e-05
eec: 73.3538
weight: 6.15721e-06
eec: 824.216
weight: 1.27227e-06
eec: 1038.1
weight: 2.19658e-05
eec: 436.769
weight: 1.29765e-05
eec: 183.682
weight: 0.000121914
eec: 409.072
weight: 7.34562e-06
eec: 114.167
weight: 1.25982e-05
eec: 545.016
weight: 7.78097e-05
eec: 501.785
weight: 4.74711e-05
eec: 368.521
weight: 0.000180201
eec: 49.7981
weight: 9.85663e-05
eec: 326.581
weight: 0.000307161
eec: 174.592
weight: 9.19091e-06
eec: 220.042
weight: 6.36149e-05
eec: 308.038
weight: 0.000251006
eec: 1038.15
weight: 0.000667713
eec: 370.927
weight: 1.7435e-05
eec: 1191.96
weight: 9.94046e-08
eec: 1305.66
weight: 0.00018331
eec: 803.831
weight: 4.00373e-06
eec: 506.477
weight: 1.47936e-07
eec: 189.809
weight: 8.57603e-06
eec: 437.924
weight: 1.16048e-05
eec: 1253.97
weight: 3.72632e-06
eec: 92.1613
weight: 0.000223743
eec: 354.208
weight: 2.57951e-07
eec: 919.435
weight: 0.000388894
eec: 890.562
weight: 0.000115389
eec: 150.469
weight: 3.6083e-05
eec: 218.526
weight: 1.63162e-05
eec: 638.886
weight: 6.3466e-05
eec: 282.136
weight: 1.24635e-05
eec: 1897.33
weight: 1.99538e-05
eec: 206.533
weight: 0.000191004
eec: 164.171
weight: 0.000110133
eec: 463.506
weight: 0.00019348
eec: 597.259
weight: 0.000130102
eec: 553.328
weight: 6.7948e-05
eec: 157.746
weight: 7.11233e-05
eec: 120.376
weight: 9.84669e-05
eec: 578.162
weight: 3.68254e-05
eec: 154.102
weight: 6.8622e-05
eec: 339.19
weight: 4.40278e-05
eec: 1110.29
weight: 0.000109742
eec: 312.292
weight: 1.23304e-05
eec: 997.925
weight: 4.14713e-06
eec: 699.203
weight: 0.000178423
eec: 387.95
weight: 0.000475506
eec: 309.919
weight: 6.20626e-07
eec: 387.312
weight: 6.30448e-06
eec: 898.395
weight: 0.00158774
eec: 317.646
weight: 3.83971e-05
eec: 510.758
weight: 2.44055e-06
eec: 312.748
weight: 3.16569e-05
eec: 232.115
weight: 2.15557e-05
eec: 133.58
weight: 0.000388447
eec: 695.561
weight: 0.000210651
eec: 24.6217
weight: 6.54538e-06
eec: 1618.22
weight: 3.95072e-05
eec: 607.361
weight: 0.000126473
eec: 557.852
weight: 2.37403e-05
eec: 236.357
weight: 0.00094934
eec: 32.0658
weight: 8.41502e-06
eec: 165.481
weight: 7.62986e-05
eec: 884.494
weight: 5.43353e-05
eec: 805.832
weight: 2.37487e-05
eec: 652
weight: 0.000219567
eec: 98.6362
weight: 4.57971e-06
eec: 3436.44
weight: 2.67985e-06
eec: 100.588
weight: 4.5419e-06
eec: 163.635
weight: 5.60502e-09
eec: 102.041
weight: 2.90127e-05
eec: 766.614
weight: 1.27623e-07
eec: 371.019
weight: 0.00010728
eec: 625.61
weight: 7.31672e-05
eec: 27.4847
weight: 4.85801e-05
eec: 71.4653
weight: 9.21965e-06
eec: 1544.64
weight: 8.34058e-05
eec: 53.5228
weight: 9.01632e-08
eec: 1447.83
weight: 1.71733e-05
eec: 104.992
weight: 5.25182e-05
eec: 5.30087
weight: 3.61163e-05
eec: 410.27
weight: 2.71178e-05
eec: 654.767
weight: 1.67306e-05
eec: 549.983
weight: 1.76577e-06
eec: 1229.32
weight: 0.000472805
eec: 122.346
weight: 3.42543e-05
eec: 541.826
weight: 0.000121942
eec: 358.997
weight: 0.000174476
eec: 393.122
weight: 3.91019e-05
eec: 1644.22
weight: 1.09558e-05
eec: 816.854
weight: 5.43117e-05
eec: 57.9794
weight: 0.000797709
eec: 410.421
weight: 0.00028878
eec: 618.862
weight: 1.25962e-05
eec: 583.347
weight: 1.61171e-05
eec: 248.644
weight: 9.52839e-06
eec: 803.141
weight: 7.02094e-05
eec: 323.235
weight: 0.000956334
eec: 498.357
weight: 0.00058998
eec: 56.3597
weight: 3.07319e-05
eec: 1027.14
weight: 0.000129781
eec: 796.261
weight: 0.000143888
eec: 1229.93
weight: 0.000290501
eec: 528.637
weight: 6.16385e-05
eec: 58.8366
weight: 2.33291e-05
eec: 705.198
weight: 9.51274e-05
eec: 74.7692
weight: 6.07293e-05
eec: 1392.18
weight: 0.000425055
eec: 212.466
weight: 4.89385e-05
eec: 789.756
weight: 0.000118214
eec: 210.166
weight: 5.21519e-05
eec: 237.064
weight: 0.000288899
eec: 198.193
weight: 3.05643e-05
eec: 101.964
weight: 4.22612e-06
eec: 189.758
weight: 6.08857e-06
eec: 553.693
weight: 3.19336e-07
eec: 265.917
weight: 3.40683e-05
eec: 632.751
weight: 8.24716e-06
eec: 825.795
weight: 0.000156847
eec: 957.755
weight: 7.31162e-05
eec: 30.6218
weight: 2.89174e-05
eec: 1206.89
weight: 4.59895e-05
eec: 251.217
weight: 8.53058e-06
eec: 181.075
weight: 9.34359e-05
eec: 68.9355
weight: 1.8038e-05
eec: 182.55
weight: 2.7581e-05
eec: 716.193
weight: 0.000123618
eec: 592.71
weight: 1.73948e-06
eec: 100.482
weight: 0.000338753
eec: 663.551
weight: 0.000107606
eec: 28.6689
weight: 1.34012e-05
eec: 151.31
weight: 0.000177907
eec: 363.782
weight: 2.08279e-05
eec: 856.936
weight: 0.000585381
eec: 324.14
weight: 6.81893e-07
eec: 3295.38
weight: 7.07609e-05
eec: 98.3101
weight: 1.68521e-05
eec: 209.353
weight: 2.13416e-05
eec: 1067.85
weight: 2.27149e-06
eec: 587.959
weight: 1.23477e-05
eec: 148.675
weight: 8.58799e-06
eec: 690.582
weight: 7.59912e-06
eec: 522.602
weight: 0.00017344
eec: 126.964
weight: 6.64322e-05
eec: 381.653
weight: 7.77197e-05
eec: 581.968
weight: 2.10462e-05
eec: 919.931
weight: 2.9573e-05
eec: 1780.96
weight: 3.32615e-05
eec: 1348.09
weight: 1.39455e-05
eec: 1280.63
weight: 1.03977e-06
eec: 989.435
weight: 1.14772e-05
eec: 416.908
weight: 8.83911e-07
eec: 87.4184
weight: 7.59723e-05
eec: 522.279
weight: 4.32135e-06
eec: 177.876
weight: 4.20404e-06
eec: 1572.21
weight: 4.49252e-05
eec: 144.116
weight: 1.5901e-06
eec: 142.478
weight: 1.54113e-06
eec: 339.049
weight: 1.15313e-05
eec: 2183.74
weight: 5.96912e-06
eec: 930.525
weight: 7.10933e-07
eec: 244.6
weight: 0.000106915
eec: 1159.38
weight: 1.90474e-05
eec: 305.243
weight: 0.000353475
eec: 302.881
weight: 1.48383e-05
eec: 10.5516
weight: 0.000114799
eec: 458.923
weight: 1.41566e-05
eec: 74.4244
weight: 2.20336e-05
eec: 147.856
weight: 1.87306e-06
eec: 321.139
weight: 0.000839649
eec: 474.014
weight: 1.29816e-06
eec: 602.269
weight: 2.72233e-05
eec: 1634.92
weight: 0.000226336
eec: 926.36
weight: 2.51255e-05
eec: 120.246
weight: 6.2351e-05
eec: 1448.27
weight: 4.75205e-05
eec: 366.463
weight: 7.52243e-05
eec: 70.9309
weight: 1.67864e-05
eec: 1616.33
weight: 5.15276e-06
eec: 527.535
weight: 3.73063e-05
eec: 519.638
weight: 5.45151e-06
eec: 1355.6
weight: 1.35903e-05
eec: 3325.3
weight: 9.28851e-05
eec: 812.942
weight: 0.000226849
eec: 194.095
weight: 1.43719e-05
eec: 71.3923
weight: 0.000857511
eec: 295.542
weight: 0.000566018
eec: 375.813
weight: 3.5531e-05
eec: 130.851
weight: 0.000217344
eec: 177.002
weight: 1.91158e-06
eec: 678.463
weight: 1.18924e-06
eec: 1355.82
weight: 4.01051e-06
eec: 218.907
weight: 0.000382797
eec: 381.791
weight: 0.000142502
eec: 351.277
weight: 1.34346e-05
eec: 681.814
weight: 1.5959e-06
eec: 107.145
weight: 1.59257e-05
eec: 687.637
weight: 2.23142e-05
eec: 421.18
weight: 0.000171191
eec: 267.229
weight: 1.13436e-05
eec: 124.711
weight: 2.23766e-05
eec: 51.132
weight: 1.07904e-06
eec: 104.684
weight: 3.121e-05
eec: 624.408
weight: 0.00017124
eec: 248.015
weight: 1.96346e-06
eec: 157.593
Processing: 95.8333 %weight: 3.25939e-05
eec: 153.972
weight: 9.01896e-06
eec: 1155.29
weight: 5.29865e-06
eec: 948.117
weight: 7.24216e-05
eec: 459.741
weight: 9.16516e-05
eec: 710.687
weight: 1.34635e-05
eec: 3865.78
weight: 0.000312445
eec: 2165.96
weight: 7.19804e-05
eec: 128.81
weight: 1.27285e-05
eec: 830.991
weight: 2.0684e-05
eec: 150.141
weight: 2.24631e-05
eec: 1051.24
weight: 9.02799e-07
eec: 56.6898
weight: 0.000115266
eec: 1017.34
weight: 0.000308993
eec: 624.117
weight: 0.000202226
eec: 780.985
weight: 0.000131614
eec: 244.549
weight: 6.83964e-06
eec: 110.907
weight: 2.17025e-06
eec: 2094.14
weight: 0.000256618
eec: 330.016
weight: 2.4073e-06
eec: 349.313
weight: 0.000279233
eec: 163.581
weight: 7.92604e-05
eec: 333.567
weight: 0.000254897
eec: 423.223
weight: 7.97168e-06
eec: 298.553
weight: 1.49666e-06
eec: 890.92
weight: 6.78676e-06
eec: 77.978
weight: 1.63146e-05
eec: 152.832
weight: 5.06359e-05
eec: 544.669
weight: 5.76664e-05
eec: 355.045
weight: 5.47355e-05
eec: 234.336
weight: 0.000312244
eec: 2864.04
weight: 0.000103696
eec: 506.559
weight: 3.61906e-05
eec: 49.7175
weight: 3.08657e-06
eec: 654.851
weight: 1.20462e-05
eec: 192.588
weight: 2.23525e-06
eec: 156.514
weight: 0.000162201
eec: 1749.08
weight: 0.000691182
eec: 735.076
weight: 9.45119e-06
eec: 720.116
weight: 7.1829e-05
eec: 549.328
weight: 1.71528e-05
eec: 752.29

ROOT exit code = 0
