gSystem->Load("run_condor_job_Run3_C.so");
run_condor_job_Run3(298, 100, 2,
                    80, 200,
                    1, 1, 1, 2);
.q

ENTERED run_condor_job_Run3()
JOBID = 298
  global job = 298  Job 98/100  events [5880000, 5940000)  total=6000000
Processing events [5880000, 5940000) of 6000000
weight: 3.75764e-06
eec: 498.635
weight: 0.000160064
eec: 273.947
weight: 2.88972e-05
eec: 363.036
weight: 3.02429e-05
eec: 589.832
weight: 3.02429e-05
eec: 138.713
weight: 5.40458e-06
eec: 1147.09
weight: 0.000495496
eec: 148.39
weight: 1.02593e-05
eec: 71.8148
weight: 1.66618e-06
eec: 797.923
weight: 9.9686e-05
eec: 126.553
weight: 4.0098e-05
eec: 1704.96
weight: 8.20849e-05
eec: 1013.8
weight: 6.15922e-06
eec: 2046.83
weight: 7.02338e-06
eec: 451.03
weight: 4.4318e-09
eec: 125.314
weight: 0.000296498
eec: 233.664
weight: 7.7433e-07
eec: 954.515
weight: 5.33331e-05
eec: 36.463
weight: 4.79618e-05
eec: 3072.39
weight: 6.10513e-06
eec: 120.608
weight: 2.86517e-05
eec: 555.783
weight: 0.00014001
eec: 681.791
weight: 0.00020855
eec: 31.9043
weight: 2.4207e-07
eec: 118.132
weight: 1.10342e-05
eec: 1605.8
weight: 1.76704e-05
eec: 523.743
weight: 8.20883e-05
eec: 172.103
weight: 4.17344e-07
eec: 14.7665
weight: 2.77048e-05
eec: 1790.54
weight: 6.93088e-05
eec: 262.812
weight: 6.24377e-06
eec: 480.649
weight: 7.26978e-05
eec: 110.083
weight: 9.51189e-06
eec: 548.393
weight: 1.13304e-06
eec: 216.182
weight: 3.77751e-05
eec: 328.932
weight: 7.92584e-05
eec: 1053.76
weight: 5.82928e-05
eec: 62.9973
weight: 0.000114364
eec: 240.321
weight: 2.04149e-05
eec: 3970.93
weight: 4.21052e-06
eec: 128.175
weight: 0.00011689
eec: 781.063
weight: 0.000141478
eec: 764.575
weight: 1.84277e-06
eec: 3459.35
weight: 5.47982e-06
eec: 93.1767
weight: 3.21712e-06
eec: 1031.27
weight: 9.1565e-06
eec: 108.629
weight: 6.68347e-05
eec: 10.9265
weight: 4.58668e-07
eec: 94.9268
weight: 1.3439e-05
eec: 2538.62
weight: 5.32921e-05
eec: 117.761
weight: 5.31028e-05
eec: 860.907
weight: 5.77346e-06
eec: 316.41
weight: 0.000186543
eec: 570.217
weight: 1.77268e-05
eec: 742.332
weight: 1.89822e-05
eec: 864.081
weight: 7.35888e-06
eec: 50.7767
weight: 0.000248238
eec: 407.799
weight: 0.000153378
eec: 459.133
weight: 3.42853e-05
eec: 144.241
weight: 3.53965e-05
eec: 103.056
weight: 3.53965e-05
eec: 335.919
weight: 0.000101204
eec: 291.429
weight: 0.000130718
eec: 86.1501
weight: 0.000202549
eec: 57.4458
weight: 1.78479e-05
eec: 189.718
weight: 5.47773e-05
eec: 350.232
weight: 2.63003e-05
eec: 670.878
weight: 2.63003e-05
eec: 276.386
weight: 0.000115171
eec: 158.396
weight: 6.29467e-05
eec: 107.706
weight: 4.96674e-05
eec: 554.656
weight: 1.64637e-05
eec: 1048.07
weight: 0.000139291
eec: 703.367
weight: 9.25681e-05
eec: 759.578
weight: 3.00041e-06
eec: 289.287
weight: 8.04998e-05
eec: 31.9462
weight: 0.000176997
eec: 66.0355
weight: 3.38898e-06
eec: 1506.92
weight: 4.85832e-05
eec: 1080.96
weight: 0.000114178
eec: 174.331
weight: 0.000486461
eec: 51.2626
weight: 4.21682e-05
eec: 145.658
weight: 6.08279e-05
eec: 1068.92
weight: 3.61894e-05
eec: 167.687
weight: 6.31282e-05
eec: 87.9393
weight: 1.48241e-07
eec: 393.125
weight: 3.47847e-06
eec: 1314.68
weight: 2.35469e-05
eec: 312.824
weight: 0.000352293
eec: 244.16
weight: 0.000120866
eec: 1996.42
weight: 1.03124e-06
eec: 1074.52
weight: 9.65414e-05
eec: 431.708
weight: 1.57146e-05
eec: 811.132
weight: 8.04221e-05
eec: 189.142
weight: 1.1499e-07
eec: 307.657
weight: 3.82555e-05
eec: 26.3983
Processing: 98.3333 %weight: 8.08197e-06
eec: 18.966
weight: 2.39363e-06
eec: 142.805
weight: 0.000236758
eec: 95.3805
weight: 2.07415e-05
eec: 123.858
weight: 8.01996e-06
eec: 234.253
weight: 1.69107e-06
eec: 1330.3
weight: 2.35424e-05
eec: 174.172
weight: 2.4255e-07
eec: 262.857
weight: 0.000147466
eec: 135.206
weight: 2.74581e-08
eec: 260.108
weight: 7.25026e-07
eec: 559.645
weight: 0.000192382
eec: 764.686
weight: 3.44248e-05
eec: 32.5055
weight: 0.000189228
eec: 66.2623
weight: 1.86112e-05
eec: 499.613
weight: 1.07038e-05
eec: 3185.72
weight: 3.73848e-06
eec: 247.101
weight: 0.000445068
eec: 84.1196
weight: 2.35787e-05
eec: 173.44
weight: 8.54117e-06
eec: 812.158
weight: 0.00028692
eec: 1109.29
weight: 6.51321e-06
eec: 209.507
weight: 0.000987333
eec: 70.0671
weight: 0.000151268
eec: 295.951
weight: 0.000223362
eec: 101.551
weight: 1.16281e-06
eec: 13.1413
weight: 0.000356477
eec: 134.896
weight: 2.27848e-06
eec: 1046.97
weight: 0.00050482
eec: 330.087
weight: 0.000133241
eec: 69.3453
weight: 3.86702e-05
eec: 295.89
weight: 3.81525e-06
eec: 1363.1
weight: 1.14001e-06
eec: 24.0528
weight: 4.12177e-06
eec: 179.658
weight: 3.97746e-05
eec: 385.135
weight: 0.000220694
eec: 104.55
weight: 2.73195e-05
eec: 971.437
weight: 1.05489e-05
eec: 1279.16
weight: 4.90166e-05
eec: 41.6425
weight: 2.61539e-05
eec: 78.3068
weight: 3.8937e-05
eec: 119.056
weight: 9.23572e-05
eec: 70.4729
weight: 3.62337e-06
eec: 124.037
weight: 0.000215278
eec: 50.714
weight: 7.17836e-05
eec: 840.854
weight: 4.95219e-06
eec: 68.6682
weight: 3.63803e-05
eec: 210.042
weight: 1.63561e-05
eec: 1019.6
weight: 7.60022e-06
eec: 696.581
weight: 1.33722e-06
eec: 968.817
weight: 1.33722e-06
eec: 231.868
weight: 4.82594e-05
eec: 532.536
weight: 7.71819e-05
eec: 1071.13
weight: 4.95555e-07
eec: 79.0584
weight: 0.000299139
eec: 34.7727
weight: 5.84126e-05
eec: 87.3092
weight: 2.49027e-06
eec: 397.896
weight: 5.19233e-07
eec: 150.498
weight: 0.000128741
eec: 718.864
weight: 2.52865e-05
eec: 56.0526
weight: 8.75138e-06
eec: 908.742
weight: 1.99282e-05
eec: 362.29
weight: 8.40878e-05
eec: 1307.62
weight: 0.00068242
eec: 708.672
weight: 0.00051951
eec: 363.099
weight: 1.5671e-05
eec: 162.779
weight: 2.08957e-05
eec: 404.462
weight: 8.54439e-06
eec: 719.705
weight: 8.12542e-07
eec: 95.1964
weight: 1.08866e-05
eec: 28.8623
weight: 1.08866e-05
eec: 355.096
weight: 8.51168e-06
eec: 306.687
weight: 8.51168e-06
eec: 1218.42
weight: 3.60229e-05
eec: 633.705
weight: 0.000262556
eec: 228.124
weight: 3.637e-06
eec: 868.787
weight: 4.41862e-06
eec: 571.284
weight: 0.000103804
eec: 1010.67
weight: 3.46976e-05
eec: 61.6044
weight: 2.73596e-05
eec: 57.6752
weight: 0.00133641
eec: 79.3378
weight: 8.84485e-06
eec: 810.83
weight: 1.84146e-05
eec: 685.086
weight: 2.33284e-06
eec: 1431.95
weight: 3.25342e-05
eec: 904.257
weight: 6.68656e-05
eec: 59.0118
weight: 2.70909e-05
eec: 1299.58
weight: 2.74499e-05
eec: 2406.84
weight: 6.42637e-05
eec: 209.217
weight: 7.83854e-05
eec: 132.183
weight: 1.12957e-05
eec: 22.8303
weight: 7.19638e-06
eec: 250.883
weight: 1.2902e-05
eec: 218.106
weight: 2.20629e-05
eec: 258.455
weight: 9.71992e-06
eec: 3475.38
weight: 0.000173288
eec: 433.332
weight: 2.32407e-05
eec: 1811.57
weight: 9.79227e-05
eec: 1365.05
weight: 3.9209e-06
eec: 454.871
weight: 1.74726e-05
eec: 124.792
weight: 0.00166906
eec: 72.3836
weight: 5.61785e-05
eec: 478.206
weight: 2.26432e-07
eec: 162.247
weight: 5.12965e-05
eec: 428.764
weight: 2.39167e-05
eec: 1436.77
weight: 1.14417e-06
eec: 1516.78
weight: 6.77069e-05
eec: 44.3709
weight: 3.49071e-05
eec: 143.745
weight: 6.33552e-06
eec: 84.3771
weight: 8.49979e-09
eec: 363.231
weight: 0.0005389
eec: 254.689
weight: 1.90732e-05
eec: 295.513
weight: 7.14318e-05
eec: 167.268
weight: 4.98167e-05
eec: 351.325
weight: 4.78009e-05
eec: 481.052
weight: 0.000169533
eec: 31.3914
weight: 0.000142568
eec: 152.395
weight: 0.000173166
eec: 341.737
weight: 3.8035e-05
eec: 152.308
weight: 2.33716e-05
eec: 536.251
weight: 7.58794e-05
eec: 1542.28
weight: 5.40932e-06
eec: 363.884
weight: 3.24467e-06
eec: 146.11
weight: 5.5381e-05
eec: 762.789
weight: 2.10486e-07
eec: 556.218
weight: 1.56304e-07
eec: 278.578
weight: 3.76955e-06
eec: 1785.28
weight: 4.10435e-06
eec: 333.631
weight: 1.91368e-06
eec: 115.024
weight: 1.91368e-06
eec: 773.164
weight: 4.85983e-05
eec: 1432.87
weight: 0.000436354
eec: 1403.2
weight: 0.000101638
eec: 1106.35
weight: 3.96587e-05
eec: 1353.45
weight: 2.04512e-05
eec: 1362.94
weight: 5.07941e-05
eec: 613.552
weight: 2.35753e-05
eec: 843.412
weight: 1.59146e-06
eec: 226.779
weight: 3.06521e-05
eec: 424.308
weight: 3.30633e-05
eec: 574.607
weight: 5.11306e-06
eec: 1158.39
weight: 6.71534e-05
eec: 91.6111
weight: 0.000112957
eec: 349.927
weight: 4.07664e-07
eec: 593.225
weight: 3.97735e-05
eec: 123.027
weight: 0.000942138
eec: 8.90007
weight: 5.45582e-06
eec: 77.7381
weight: 2.30719e-05
eec: 516.626
weight: 0.000108804
eec: 1084.91
weight: 3.81865e-06
eec: 419.364
weight: 1.72856e-06
eec: 6.81903
weight: 2.04332e-05
eec: 101.627
weight: 1.34465e-06
eec: 2557.61
weight: 6.17165e-05
eec: 579.928
weight: 3.36499e-05
eec: 523.381
weight: 3.15183e-06
eec: 787.799
weight: 2.64947e-05
eec: 879.026
weight: 3.1103e-05
eec: 298.124
weight: 3.46917e-05
eec: 744.022
weight: 1.24246e-07
eec: 276.908
weight: 4.01018e-05
eec: 146.261
weight: 9.24411e-07
eec: 359.768
weight: 1.05918e-05
eec: 639.451
weight: 2.28199e-07
eec: 436.748
weight: 1.62065e-05
eec: 241.93
weight: 1.83585e-05
eec: 90.7976
weight: 2.48188e-05
eec: 506.979
weight: 8.21223e-05
eec: 236.036
weight: 1.7541e-06
eec: 1256.07

ROOT exit code = 0
