gSystem->Load("run_condor_job_Run3_C.so");
run_condor_job_Run3(825, 100, 2,
                    80, 200,
                    1, 1, 1, 8);
.q

ENTERED run_condor_job_Run3()
JOBID = 825
  global job = 825  Job 25/100  events [1500000, 1560000)  total=6000000
Processing events [1500000, 1560000) of 6000000
Processing: 25 %weight: 2.15642e-05
eec: 107.294
weight: 7.49621e-06
eec: 855.553
weight: 0.000162683
eec: 557.196
weight: 5.06967e-05
eec: 332.24
weight: 3.59537e-07
eec: 112.498
weight: 1.52157e-05
eec: 1077.53
weight: 2.75848e-05
eec: 1268.26
weight: 1.60224e-05
eec: 77.7924
weight: 2.46256e-06
eec: 56.665
weight: 2.0284e-05
eec: 308.85
weight: 2.2121e-05
eec: 210.141
weight: 0.000159307
eec: 1202.03
weight: 0.000360942
eec: 315.451
weight: 3.86334e-05
eec: 1006.42
weight: 0.00176085
eec: 93.3432
weight: 0.00011883
eec: 249.708
weight: 4.66262e-05
eec: 1608.12
weight: 1.69436e-05
eec: 246.723
weight: 2.12648e-05
eec: 206.289
weight: 9.13847e-06
eec: 1429.94
weight: 3.09606e-05
eec: 798.426
weight: 0.000135824
eec: 186.679
weight: 0.000320494
eec: 1035.95
weight: 2.55686e-05
eec: 908.138
weight: 7.33314e-07
eec: 255.484
weight: 3.53185e-06
eec: 330.223
weight: 0.0004512
eec: 271.682
weight: 1.96991e-05
eec: 1515.84
weight: 1.31086e-05
eec: 162.623
weight: 0.000195186
eec: 137.663
weight: 2.46707e-06
eec: 25.2163
weight: 4.08497e-05
eec: 601.977
weight: 1.48445e-05
eec: 1386.79
weight: 6.68381e-05
eec: 576.067
weight: 8.41253e-06
eec: 630.33
weight: 1.97679e-06
eec: 56.3234
weight: 0.000614045
eec: 594.977
weight: 1.13067e-05
eec: 97.8457
weight: 0.000206386
eec: 346.444
weight: 0.000179545
eec: 827.466
weight: 6.78548e-07
eec: 1798.94
weight: 4.00632e-05
eec: 39.685
weight: 7.24459e-06
eec: 280.393
weight: 1.74811e-05
eec: 470.416
weight: 1.796e-05
eec: 1160.87
weight: 8.45792e-05
eec: 780.704
weight: 0.000127183
eec: 63.7666
weight: 7.65223e-06
eec: 119.426
weight: 3.21845e-05
eec: 649.555
weight: 8.41758e-05
eec: 141.047
weight: 1.21303e-05
eec: 255.311
weight: 0.00143722
eec: 956.103
weight: 5.68164e-06
eec: 326.833
weight: 1.4286e-05
eec: 375.422
weight: 5.76747e-06
eec: 722.463
weight: 0.00162512
eec: 987.278
weight: 9.54432e-06
eec: 1189.41
weight: 5.00664e-05
eec: 756.225
weight: 0.00116332
eec: 176.445
weight: 3.19769e-05
eec: 388.179
weight: 8.10212e-07
eec: 631.382
weight: 7.91033e-06
eec: 848.186
weight: 1.07069e-05
eec: 482.029
weight: 3.94722e-05
eec: 7.74329
weight: 6.5099e-05
eec: 294.147
weight: 6.05169e-05
eec: 410.912
weight: 8.42485e-06
eec: 180.632
weight: 8.36736e-07
eec: 531.787
weight: 4.51958e-08
eec: 49.8063
weight: 4.75126e-05
eec: 1019.15
weight: 2.29221e-06
eec: 149.461
weight: 2.31773e-05
eec: 294.177
weight: 0.000105022
eec: 525.578
weight: 4.03425e-05
eec: 826.554
weight: 4.27912e-07
eec: 3404.24
weight: 4.21928e-06
eec: 640.816
weight: 1.42781e-05
eec: 130.681
weight: 1.57659e-06
eec: 647.653
weight: 1.20576e-05
eec: 266.403
weight: 0.0002666
eec: 309.321
weight: 7.50701e-05
eec: 392.641
weight: 1.03488e-05
eec: 3223
weight: 0.000199844
eec: 12.6882
weight: 0.00131351
eec: 146.513
weight: 6.67092e-06
eec: 413.194
weight: 1.83383e-06
eec: 1751.69
weight: 3.30081e-06
eec: 573.578
weight: 1.70137e-05
eec: 410.722
weight: 7.79052e-05
eec: 600.612
weight: 3.64982e-05
eec: 218.909
weight: 2.59002e-08
eec: 224.215
weight: 0.000251914
eec: 234.84
weight: 1.55467e-05
eec: 1486.74
weight: 3.1088e-06
eec: 437.293
weight: 3.63543e-05
eec: 600.603
weight: 4.60772e-05
eec: 599.875
weight: 3.51424e-08
eec: 1557.69
weight: 1.31882e-05
eec: 128.695
weight: 1.37029e-06
eec: 368.828
weight: 3.7246e-05
eec: 332.961
weight: 6.47536e-05
eec: 341.613
weight: 2.03813e-05
eec: 47.0757
weight: 1.47151e-05
eec: 460.112
weight: 1.2788e-05
eec: 251.351
weight: 1.93176e-05
eec: 407.297
weight: 9.15027e-05
eec: 63.4672
weight: 4.1363e-05
eec: 2279.77
weight: 0.000103776
eec: 809.757
weight: 7.77964e-05
eec: 1274.83
weight: 2.50107e-05
eec: 669.166
weight: 0.000209272
eec: 93.0263
weight: 0.000116423
eec: 51.4707
weight: 4.82329e-05
eec: 1006.14
weight: 1.83746e-05
eec: 219.311
weight: 6.75978e-05
eec: 999.209
weight: 1.40705e-05
eec: 1353.42
weight: 2.74943e-06
eec: 43.5488
weight: 9.48577e-07
eec: 282.317
weight: 6.46552e-05
eec: 125.209
weight: 1.70705e-05
eec: 865.76
weight: 0.000145017
eec: 652.163
weight: 4.28116e-05
eec: 768.942
weight: 0.000148287
eec: 62.4402
weight: 2.20522e-06
eec: 803.433
weight: 1.987e-06
eec: 746.291
weight: 2.27075e-05
eec: 5.30324
weight: 6.94513e-06
eec: 3424.46
weight: 9.33968e-05
eec: 279.304
weight: 1.49609e-05
eec: 769.941
weight: 1.27573e-07
eec: 1222.56
weight: 4.41582e-07
eec: 578.089
weight: 4.41993e-08
eec: 413.305
weight: 3.87876e-06
eec: 315.877
weight: 5.35548e-05
eec: 842.242
weight: 1.02325e-05
eec: 304.604
weight: 1.14585e-05
eec: 273.804
weight: 1.28231e-05
eec: 109.9
weight: 0.000120831
eec: 990.526
weight: 1.57484e-05
eec: 807.519
weight: 1.82657e-05
eec: 245.776
weight: 0.000148015
eec: 572.173
weight: 3.72809e-06
eec: 1388.86
weight: 2.04373e-05
eec: 121.741
weight: 9.34919e-06
eec: 447.1
weight: 7.25128e-06
eec: 160.576
weight: 8.35286e-05
eec: 595.08
weight: 1.34307e-05
eec: 677.917
weight: 4.66664e-07
eec: 125.257
weight: 3.03876e-05
eec: 557.568
weight: 1.38432e-05
eec: 418.569
weight: 1.7279e-05
eec: 131.529
weight: 3.96618e-06
eec: 80.5156
weight: 4.88861e-06
eec: 1001.64
weight: 4.95089e-05
eec: 1635.89
weight: 0.000398422
eec: 255.241
weight: 3.24982e-05
eec: 1810.51
weight: 7.4861e-05
eec: 594.237
weight: 2.09404e-05
eec: 598.147
weight: 0.000253808
eec: 57.7754
weight: 1.2895e-05
eec: 110.333
weight: 4.65493e-05
eec: 2281.68
weight: 3.26658e-05
eec: 638.459
weight: 1.34912e-05
eec: 510.226
weight: 0.000126501
eec: 689.638
weight: 8.04108e-07
eec: 86.715
weight: 1.21839e-07
eec: 1055.01
weight: 3.96955e-06
eec: 563.13
weight: 4.58647e-05
eec: 112.231
weight: 0.0001512
eec: 302.884
weight: 3.04757e-06
eec: 956.561
weight: 1.00228e-05
eec: 280.244
weight: 1.49084e-05
eec: 1685.34
weight: 1.80059e-06
eec: 390.762
weight: 1.36974e-06
eec: 3341.19
weight: 0.000274727
eec: 441.552
weight: 1.10337e-05
eec: 182.399
weight: 0.000301603
eec: 51.0699
weight: 8.20493e-06
eec: 59.948
weight: 0.000231568
eec: 217.652
weight: 0.000177909
eec: 546.959
weight: 1.07892e-05
eec: 539.785
weight: 6.41994e-06
eec: 320.082
weight: 1.62477e-05
eec: 2986.68
weight: 9.32295e-05
eec: 98.7699
weight: 0.000532665
eec: 450.445
weight: 1.61362e-05
eec: 22.7851
weight: 3.91226e-06
eec: 136.815
weight: 4.60926e-05
eec: 460.625
weight: 1.708e-05
eec: 981.619
weight: 2.56529e-05
eec: 246.742
weight: 4.49851e-05
eec: 2140.6
weight: 6.16046e-05
eec: 82.8507
weight: 1.43189e-05
eec: 302.835
weight: 7.03987e-06
eec: 1104.73
weight: 2.76667e-06
eec: 1217.48
Processing: 25.8333 %weight: 5.75324e-06
eec: 1514.88
weight: 0.000106357
eec: 3671.78
weight: 5.4395e-05
eec: 9.14733
weight: 1.82827e-05
eec: 494.953
weight: 2.8135e-05
eec: 67.7831
weight: 4.06506e-05
eec: 500.162
weight: 0.000132456
eec: 96.2461
weight: 0.000504618
eec: 1175.73
weight: 6.97404e-08
eec: 227.313
weight: 1.30391e-05
eec: 1082.34
weight: 3.90076e-06
eec: 1115.27
weight: 4.97288e-05
eec: 171.004
weight: 4.68903e-06
eec: 375.82
weight: 1.8414e-07
eec: 1685.73
weight: 0.000105385
eec: 90.5363
weight: 7.1086e-06
eec: 691.019
weight: 4.88931e-05
eec: 54.9569
weight: 3.85622e-05
eec: 400.412
weight: 2.9239e-05
eec: 863.412
weight: 9.38027e-05
eec: 259.521
weight: 0.000213353
eec: 7.74493
weight: 1.42733e-05
eec: 791.029
weight: 0.000145653
eec: 353.271
weight: 8.82561e-06
eec: 134.661
weight: 3.40932e-05
eec: 1261.71
weight: 3.3307e-05
eec: 804.721
weight: 0.000117829
eec: 196.986
weight: 2.05301e-05
eec: 377.758
weight: 1.80835e-05
eec: 649.584
weight: 2.08704e-05
eec: 324.875
weight: 9.01908e-07
eec: 1080.43
weight: 0.000331762
eec: 512.831
weight: 0.000109127
eec: 110.564
weight: 2.811e-05
eec: 251.035
weight: 3.49333e-05
eec: 151.017
weight: 8.14355e-06
eec: 1501.92
weight: 6.80423e-08
eec: 220.749
weight: 1.27322e-05
eec: 45.4371
weight: 5.8342e-05
eec: 1625.76
weight: 0.000252259
eec: 311.452
weight: 8.12305e-06
eec: 681.786

ROOT exit code = 0
