gSystem->Load("run_condor_job_Run3_C.so");
run_condor_job_Run3(754, 100, 2,
                    80, 200,
                    1, 1, 1, 7);
.q

ENTERED run_condor_job_Run3()
JOBID = 754
  global job = 754  Job 54/100  events [3074760, 3131700)  total=5694000
Processing events [3074760, 3131700) of 5694000
weight: 1.86228e-05
eec: 116.269
weight: 0.000221295
eec: 127.158
weight: 1.00578e-05
eec: 267.528
weight: 0.000338632
eec: 541.329
weight: 3.83105e-06
eec: 551.269
weight: 6.36543e-05
eec: 191.405
weight: 3.78006e-06
eec: 801.974
weight: 4.41275e-06
eec: 898.986
weight: 1.12444e-05
eec: 473.92
weight: 3.0396e-05
eec: 42.7322
weight: 6.26301e-05
eec: 218.54
weight: 2.67606e-05
eec: 156.112
weight: 1.91967e-05
eec: 442.16
weight: 0.000101254
eec: 378.3
weight: 2.37125e-06
eec: 288.54
weight: 0.000277892
eec: 762.092
weight: 0.000109202
eec: 1304.13
weight: 4.69105e-05
eec: 1446.27
weight: 3.99535e-05
eec: 679.175
weight: 1.19226e-05
eec: 1559.59
weight: 8.00569e-06
eec: 483.604
weight: 5.21075e-05
eec: 56.7664
weight: 2.42248e-05
eec: 380.677
weight: 1.13381e-05
eec: 170.006
weight: 8.19976e-06
eec: 428.741
weight: 0.000155822
eec: 211.895
weight: 1.20775e-05
eec: 1535.91
weight: 4.53618e-06
eec: 941.858
weight: 0.000398326
eec: 942.136
weight: 0.000115261
eec: 1423.13
weight: 0.000126537
eec: 329.703
weight: 0.000160945
eec: 245.115
weight: 0.000455141
eec: 175.408
weight: 2.72795e-06
eec: 2922.93
weight: 0.0001092
eec: 2851.58
weight: 3.50726e-05
eec: 530.477
weight: 1.06813e-05
eec: 351.056
weight: 0.000247021
eec: 236.031
weight: 5.25256e-05
eec: 950.971
weight: 1.08695e-05
eec: 475.753
weight: 2.81326e-05
eec: 63.9849
weight: 1.05512e-05
eec: 907.906
weight: 0.000114163
eec: 259.204
weight: 1.67203e-05
eec: 101.421
weight: 3.77323e-05
eec: 236.494
weight: 2.61135e-05
eec: 47.5007
weight: 0.000254656
eec: 248.175
weight: 0.000211112
eec: 490.837
weight: 8.30433e-06
eec: 898.512
weight: 1.13551e-05
eec: 1109.13
weight: 1.37082e-07
eec: 1074.83
weight: 1.95252e-05
eec: 624.259
weight: 0.000241879
eec: 108.005
weight: 2.85896e-06
eec: 237.885
weight: 1.56951e-06
eec: 636.953
weight: 0.000418943
eec: 114.545
weight: 2.25257e-05
eec: 2456.82
weight: 6.19953e-08
eec: 2878.56
weight: 0.000103795
eec: 1147.02
weight: 9.11869e-07
eec: 192.703
weight: 0.000345856
eec: 220.124
weight: 2.06167e-06
eec: 483.023
weight: 0.000146851
eec: 1886.13
weight: 0.000470262
eec: 536.205
weight: 0.000470262
eec: 48.0741
weight: 3.21783e-07
eec: 29.1428
weight: 5.7185e-06
eec: 1143.73
weight: 1.09337e-05
eec: 836.318
weight: 8.31848e-06
eec: 289.972
weight: 6.70752e-06
eec: 2170.44
weight: 0.000906903
eec: 543.6
weight: 9.03439e-06
eec: 321.925
weight: 5.29276e-06
eec: 549.243
weight: 0.000516835
eec: 268.726
weight: 0.000187608
eec: 99.2209
weight: 0.000228011
eec: 679.116
weight: 1.68644e-08
eec: 862.382
weight: 1.33593e-06
eec: 423.392
weight: 4.01828e-05
eec: 228.07
weight: 4.59932e-07
eec: 79.4225
weight: 0.000137343
eec: 36.6333
weight: 1.83635e-05
eec: 475.397
weight: 6.7301e-05
eec: 102.04
weight: 0.000237137
eec: 202.47
weight: 1.57109e-06
eec: 1065.61
weight: 0.000127974
eec: 4.84703
weight: 7.07581e-05
eec: 4.15298
weight: 2.17256e-05
eec: 585.385
weight: 9.97145e-06
eec: 1823.42
weight: 2.74706e-05
eec: 318.761
weight: 0.00158086
eec: 983.984
weight: 2.1107e-05
eec: 493.562
weight: 1.39112e-05
eec: 3436.34
weight: 3.94033e-05
eec: 246.611
weight: 8.22854e-06
eec: 516.038
weight: 4.84361e-06
eec: 1522.14
weight: 0.000240836
eec: 224.998
weight: 1.17561e-05
eec: 282.214
weight: 0.000117348
eec: 347.874
Processing: 54.4433 %weight: 1.64022e-05
eec: 1973.23
weight: 6.83165e-06
eec: 151.973
weight: 0.000205638
eec: 68.7244
weight: 5.97076e-06
eec: 121.84
weight: 3.58253e-05
eec: 246.73
weight: 1.30764e-05
eec: 861.393
weight: 0.000391846
eec: 97.0212
weight: 4.82882e-06
eec: 68.4286
weight: 1.11439e-05
eec: 1322.93
weight: 0.000147067
eec: 29.0079
weight: 0.000645407
eec: 1072.43
weight: 6.82197e-05
eec: 275.193
weight: 1.57879e-05
eec: 924.63
weight: 1.70816e-05
eec: 504.484
weight: 0.000103537
eec: 193.644
weight: 9.71023e-05
eec: 1200.47
weight: 1.36567e-05
eec: 157.406
weight: 4.01142e-06
eec: 1565.29
weight: 5.27096e-05
eec: 540.338
weight: 1.04926e-05
eec: 321.032
weight: 1.89943e-05
eec: 1868.01
weight: 6.47589e-05
eec: 831.797
weight: 0.000180622
eec: 1589.85
weight: 5.49414e-06
eec: 1931.41
weight: 0.00013207
eec: 1552.27
weight: 2.00225e-07
eec: 1130.83
weight: 2.7357e-06
eec: 1146.23
weight: 8.70728e-05
eec: 951.513
weight: 4.5853e-06
eec: 394.907
weight: 1.97099e-05
eec: 665.175
weight: 5.50304e-05
eec: 48.5232
weight: 7.33588e-05
eec: 208.917
weight: 1.32032e-05
eec: 228.381
weight: 2.12358e-05
eec: 1487.43
weight: 4.87279e-05
eec: 823.812
weight: 0.000337798
eec: 387.952
weight: 3.68969e-06
eec: 270.531
weight: 6.41839e-06
eec: 842.463
weight: 4.3835e-06
eec: 602.962
weight: 2.91556e-06
eec: 772.319
weight: 1.18186e-05
eec: 84.7988
weight: 1.15181e-05
eec: 747.828
weight: 3.99354e-05
eec: 311.962
weight: 6.50732e-06
eec: 1232.89
weight: 1.10594e-05
eec: 2516.69
weight: 0.000102607
eec: 231.6
weight: 0.000405686
eec: 209.204
weight: 3.95201e-06
eec: 528.559
weight: 1.05795e-05
eec: 652.731
weight: 2.56798e-05
eec: 634.08
weight: 2.10066e-07
eec: 122.572
weight: 1.68976e-06
eec: 935.144
weight: 6.02967e-06
eec: 591.783
weight: 2.28255e-05
eec: 512.366
weight: 0.000110916
eec: 325.835
weight: 1.30444e-05
eec: 1150.08
weight: 0.000646741
eec: 108.218
weight: 4.12195e-06
eec: 1144.7
weight: 0.000103618
eec: 370.135
weight: 8.78522e-06
eec: 195.994
weight: 4.7337e-05
eec: 85.964
weight: 7.87543e-05
eec: 259.617
weight: 1.46765e-05
eec: 120.391
weight: 1.17021e-05
eec: 100.932
weight: 2.88695e-05
eec: 80.8785
weight: 6.51878e-05
eec: 305.821
weight: 2.25556e-05
eec: 590.711
weight: 3.35977e-05
eec: 498.105
weight: 5.31409e-05
eec: 318.342
weight: 3.33716e-05
eec: 42.4296
weight: 6.5163e-06
eec: 879.669
weight: 3.65081e-07
eec: 191.307
weight: 1.21025e-05
eec: 613.426
weight: 2.9873e-05
eec: 855.038
weight: 2.26186e-07
eec: 372.226
weight: 2.45486e-05
eec: 1638.88
weight: 0.000112894
eec: 40.5642
weight: 0.00012463
eec: 2327.61
weight: 9.37863e-05
eec: 244.888
weight: 8.38427e-06
eec: 469.404
weight: 6.12521e-05
eec: 453.096
weight: 9.87146e-05
eec: 255.063
weight: 8.5841e-06
eec: 30.2947
weight: 2.58438e-05
eec: 611.95
weight: 6.81e-05
eec: 1235.02
weight: 9.81257e-06
eec: 493.184
weight: 0.000151921
eec: 453.054
weight: 7.8761e-06
eec: 244.201
weight: 1.17654e-05
eec: 39.0847
weight: 4.85237e-06
eec: 100.463
weight: 6.8392e-06
eec: 215.838
weight: 1.24852e-05
eec: 2292.7
weight: 0.000656304
eec: 594.079
weight: 1.90054e-05
eec: 333.187
weight: 1.19502e-05
eec: 1652.55
weight: 5.804e-06
eec: 1435.08
weight: 3.46579e-06
eec: 272.178
weight: 0.000119853
eec: 754.163
weight: 6.03618e-05
eec: 112.718
weight: 4.21143e-06
eec: 805.437
weight: 0.000374953
eec: 723.465
weight: 9.18725e-05
eec: 253.793
weight: 0.0019854
eec: 442.329
weight: 4.21278e-05
eec: 316.87
weight: 1.4664e-05
eec: 67.2015
weight: 9.62628e-05
eec: 7.96796
weight: 1.32178e-05
eec: 573.483
weight: 2.61221e-05
eec: 84.9599
weight: 0.000156258
eec: 1934.44
weight: 1.32082e-06
eec: 63.0003
weight: 4.74453e-05
eec: 234.099
weight: 6.58014e-07
eec: 2171.4
weight: 3.87053e-05
eec: 108.387
weight: 9.70063e-05
eec: 165.675
weight: 4.50997e-06
eec: 467.135
weight: 0.00023033
eec: 67.9753
weight: 0.000108515
eec: 80.1341
weight: 1.28851e-05
eec: 1202.81
weight: 0.000806411
eec: 335.491
weight: 1.90919e-05
eec: 449.81
weight: 6.19366e-06
eec: 398.45
weight: 1.70809e-06
eec: 444.04
weight: 3.95593e-07
eec: 1277.81
weight: 0.000122513
eec: 425.877
weight: 1.59988e-05
eec: 619.045
weight: 0.000345979
eec: 496.626
weight: 2.44504e-06
eec: 94.6254
weight: 1.86294e-05
eec: 964.573
weight: 1.26114e-05
eec: 589.041
weight: 6.3419e-05
eec: 160.367
weight: 0.000765828
eec: 382.678
weight: 7.54856e-05
eec: 84.9078
weight: 2.59746e-05
eec: 1140.22
weight: 7.7983e-06
eec: 31.3625
weight: 9.42858e-06
eec: 1248.46
weight: 9.98865e-05
eec: 303.611
weight: 5.38074e-06
eec: 1035.91
weight: 5.6311e-06
eec: 915.036
weight: 1.8951e-05
eec: 248.56
weight: 6.63572e-05
eec: 259.997
weight: 5.62637e-05
eec: 690.542
weight: 3.86217e-05
eec: 1182.82
weight: 1.04381e-05
eec: 45.9637
weight: 2.80206e-05
eec: 989.214
weight: 3.6376e-05
eec: 640.847
weight: 9.14295e-06
eec: 962.472
weight: 5.42611e-06
eec: 637.163

ROOT exit code = 0
