gSystem->Load("run_condor_job_Run3_C.so");
run_condor_job_Run3(938, 100, 2,
                    80, 200,
                    1, 1, 1, 9);
.q

ENTERED run_condor_job_Run3()
JOBID = 938
  global job = 938  Job 38/100  events [2259480, 2318940)  total=5946000
Processing events [2259480, 2318940) of 5946000
weight: 3.95144e-05
eec: 436.351
weight: 2.58992e-05
eec: 54.6509
weight: 5.69164e-05
eec: 456.981
weight: 8.14525e-05
eec: 267.108
weight: 5.42425e-06
eec: 92.8717
weight: 7.5211e-05
eec: 368.082
weight: 0.00101903
eec: 1045.83
weight: 0.000184415
eec: 885.248
weight: 8.80754e-05
eec: 61.2325
weight: 3.50605e-05
eec: 90.1479
weight: 1.47113e-05
eec: 340.492
weight: 1.71488e-05
eec: 35.2035
weight: 0.000258757
eec: 336.114
weight: 1.50474e-07
eec: 39.9292
weight: 0.000297444
eec: 60.9962
weight: 9.21768e-05
eec: 219.859
weight: 2.78074e-05
eec: 913.95
weight: 0.000119106
eec: 576.73
weight: 3.31663e-05
eec: 542.589
weight: 0.000198592
eec: 954.668
weight: 9.29509e-05
eec: 1012.27
weight: 0.000107028
eec: 127.348
weight: 0.000264478
eec: 83.2988
weight: 2.05408e-05
eec: 1291.96
weight: 6.74441e-06
eec: 101.112
weight: 8.93868e-05
eec: 597.304
weight: 0.000128969
eec: 66.5393
weight: 0.000200339
eec: 690.838
weight: 0.000539319
eec: 530.018
weight: 0.000237272
eec: 646.189
weight: 1.43737e-05
eec: 962.654
weight: 3.88142e-06
eec: 378.521
weight: 8.83829e-05
eec: 25.8969
weight: 8.06808e-06
eec: 159.242
weight: 5.51911e-05
eec: 680.176
weight: 2.64381e-05
eec: 607.698
weight: 4.89695e-05
eec: 228.41
weight: 6.64198e-05
eec: 1111.13
weight: 0.000112429
eec: 162.38
weight: 0.000131595
eec: 505.886
weight: 0.000272842
eec: 658.849
weight: 0.00285495
eec: 96.6297
weight: 1.33052e-05
eec: 562.738
weight: 6.16881e-06
eec: 83.9708
weight: 2.13038e-05
eec: 630.665
weight: 2.1531e-06
eec: 34.5881
weight: 0.000376385
eec: 77.1745
weight: 4.78792e-06
eec: 1759.71
weight: 8.16708e-06
eec: 100.929
weight: 6.89194e-05
eec: 637.486
weight: 5.19256e-07
eec: 2971.06
weight: 7.2717e-07
eec: 251.791
weight: 0.000108699
eec: 338.984
weight: 0.000501367
eec: 1058.38
weight: 1.08023e-06
eec: 791.383
weight: 0.00493627
eec: 191.483
weight: 2.87742e-06
eec: 474.342
weight: 0.0001643
eec: 939.222
weight: 3.34316e-05
eec: 498.156
weight: 0.000449351
eec: 695.436
weight: 9.27097e-06
eec: 429.633
weight: 3.13458e-07
eec: 103.411
weight: 0.000111866
eec: 252.361
weight: 1.40549e-05
eec: 1652.38
weight: 0.00225357
eec: 1261.72
weight: 1.79746e-05
eec: 616.148
weight: 1.4858e-07
eec: 907.682
weight: 5.30213e-05
eec: 1908.4
weight: 2.54476e-06
eec: 2703.64
weight: 5.50224e-05
eec: 34.8746
weight: 3.46179e-05
eec: 269.382
weight: 0.000301691
eec: 637.824
weight: 0.000401858
eec: 804.098
weight: 1.66432e-06
eec: 521.378
weight: 1.31244e-06
eec: 1500.02
weight: 0.000117152
eec: 128.114
weight: 8.79562e-06
eec: 248.95
weight: 0.000145745
eec: 199.073
weight: 4.56989e-05
eec: 543.693
weight: 0.000214669
eec: 102.985
weight: 6.91599e-06
eec: 717.111
weight: 5.1776e-06
eec: 277.724
weight: 2.85971e-05
eec: 214.769
weight: 3.57345e-05
eec: 1033.15
weight: 2.0939e-05
eec: 363.232
weight: 5.17024e-06
eec: 1515.91
weight: 3.11579e-05
eec: 402.95
weight: 1.83295e-05
eec: 379.833
weight: 9.68616e-08
eec: 251.191
weight: 0.000589905
eec: 504.075
weight: 1.53854e-05
eec: 167.314
weight: 4.64226e-06
eec: 1177.88
weight: 0.000287524
eec: 396.035
weight: 1.30032e-05
eec: 67.2128
weight: 6.01497e-05
eec: 643.121
weight: 9.30547e-05
eec: 34.7117
weight: 8.18513e-05
eec: 457.344
weight: 3.58858e-05
eec: 50.0631
weight: 4.56775e-06
eec: 59.6671
weight: 6.68519e-06
eec: 287.732
weight: 2.04696e-06
eec: 108.177
weight: 9.50732e-05
eec: 418.322
weight: 9.84393e-06
eec: 627.133
weight: 6.44722e-05
eec: 602.136
weight: 4.40495e-06
eec: 361.913
weight: 6.3604e-05
eec: 387.764
weight: 0.000496881
eec: 493.058
weight: 0.000128111
eec: 175.887
weight: 4.66969e-05
eec: 141.073
weight: 8.00209e-05
eec: 659.365
weight: 8.18418e-05
eec: 1001.12
weight: 7.76421e-05
eec: 225.413
weight: 1.25304e-05
eec: 817.224
weight: 1.21542e-05
eec: 427.001
weight: 0.000103257
eec: 145.247
weight: 1.27363e-05
eec: 1030.1
weight: 4.84815e-06
eec: 1139.09
weight: 2.85053e-06
eec: 191.743
weight: 9.15128e-05
eec: 432.365
weight: 6.53266e-06
eec: 257.919
weight: 7.87103e-06
eec: 654.524
weight: 2.40707e-05
eec: 234.599
weight: 1.28322e-05
eec: 1327.11
weight: 5.31962e-06
eec: 186.221
weight: 0.000337882
eec: 729.597
weight: 0.000169323
eec: 899.51
weight: 7.96996e-05
eec: 55.6994
weight: 1.68899e-05
eec: 556.93
weight: 1.37027e-06
eec: 663.332
weight: 1.10157e-05
eec: 182.299
weight: 1.55776e-05
eec: 180.496
weight: 1.14696e-05
eec: 749.382
weight: 6.69013e-05
eec: 913.861
weight: 1.7319e-05
eec: 458.394
weight: 2.0814e-05
eec: 451.719
weight: 3.3773e-05
eec: 81.0226
weight: 5.62822e-06
eec: 1729.81
weight: 4.40105e-05
eec: 928.894
weight: 7.55979e-06
eec: 48.702
weight: 7.5114e-05
eec: 552.694
weight: 5.11498e-06
eec: 351.175
weight: 0.000666032
eec: 164.925
weight: 2.38816e-05
eec: 53.0521
weight: 6.66601e-05
eec: 1161.61
weight: 4.88754e-05
eec: 1319.76
weight: 1.46873e-05
eec: 651.253
weight: 1.55161e-05
eec: 105.371
weight: 0.000301872
eec: 244.181
weight: 6.09397e-06
eec: 938.158
weight: 5.35054e-05
eec: 498.107
weight: 4.91319e-05
eec: 412.612
weight: 5.14388e-07
eec: 51.4691
weight: 7.28291e-05
eec: 354.008
weight: 1.00313e-05
eec: 442.494
weight: 1.78492e-07
eec: 1206.28
weight: 4.86792e-05
eec: 209.775
weight: 0.000124113
eec: 1117.25
weight: 1.16637e-05
eec: 468.433
weight: 0.000108516
eec: 119.255
weight: 2.3428e-05
eec: 334.395
Processing: 38.6815 %weight: 5.267e-05
eec: 176.962
weight: 3.42883e-05
eec: 1520.42
weight: 4.78276e-07
eec: 647.482
weight: 4.16674e-05
eec: 45.3803
weight: 3.27947e-05
eec: 157.675
weight: 0.000130348
eec: 121.373
weight: 3.43802e-07
eec: 2534.93
weight: 1.4204e-05
eec: 607.404
weight: 6.81362e-07
eec: 1026.45
weight: 2.00975e-05
eec: 309.373
weight: 0.000197289
eec: 94.4614
weight: 1.78742e-05
eec: 249.899
weight: 1.19775e-05
eec: 3171.69
weight: 7.5498e-05
eec: 222.264
weight: 1.29905e-05
eec: 2342.96
weight: 3.17182e-05
eec: 405.168
weight: 1.80346e-05
eec: 31.2195
weight: 1.11713e-05
eec: 440.675
weight: 4.87649e-06
eec: 95.9662
weight: 1.59267e-05
eec: 379.308
weight: 1.4756e-05
eec: 61.2167
weight: 2.60835e-05
eec: 2865.63
weight: 1.47145e-06
eec: 474.053
weight: 4.07084e-05
eec: 1856.12
weight: 1.06516e-05
eec: 297.525
weight: 0.000240714
eec: 73.5404
weight: 0.000260655
eec: 400.383
weight: 1.53296e-06
eec: 138.265
weight: 0.00100646
eec: 71.8353
weight: 1.13477e-05
eec: 1036.06
weight: 2.34028e-05
eec: 276.175
weight: 0.000141541
eec: 524.126
weight: 1.64084e-06
eec: 2867.49
weight: 2.05031e-05
eec: 124.944
weight: 1.53764e-06
eec: 41.8446
weight: 6.8619e-05
eec: 803.026
weight: 1.49989e-05
eec: 103.722
weight: 3.95775e-06
eec: 3349.4
weight: 0.00013584
eec: 117.634
weight: 1.60289e-05
eec: 50.3741
weight: 2.15358e-05
eec: 97.0234
weight: 8.04886e-06
eec: 1714.62
weight: 8.50012e-05
eec: 511.839
weight: 7.33039e-05
eec: 1044.95
weight: 2.01086e-05
eec: 773.222
weight: 0.000496442
eec: 306.363
weight: 0.000142347
eec: 254.018
weight: 6.54791e-06
eec: 59.5159
weight: 1.58405e-05
eec: 178.613
weight: 4.49316e-05
eec: 137.868
weight: 2.26777e-05
eec: 38.8685
weight: 1.02613e-06
eec: 3560.32
weight: 0.000424527
eec: 1283.29
weight: 3.70717e-05
eec: 227.873
weight: 0.000141705
eec: 558.208
weight: 2.60967e-06
eec: 286.379
weight: 1.33894e-05
eec: 711.4
weight: 3.2886e-06
eec: 657.22
weight: 2.74821e-07
eec: 49.3311
weight: 3.57119e-05
eec: 49.9642
weight: 4.59666e-05
eec: 617.824
weight: 6.2663e-06
eec: 442.178
weight: 0.000116856
eec: 2084.02
weight: 2.9318e-05
eec: 1139.03
weight: 0.00154102
eec: 39.6082
weight: 5.75986e-05
eec: 17.9861
weight: 0.000379711
eec: 2345.39
weight: 0.000203331
eec: 384.51
weight: 2.08247e-07
eec: 345.222
weight: 8.27016e-06
eec: 231.892
weight: 3.22301e-05
eec: 1917.7
weight: 4.0021e-05
eec: 939.549
weight: 3.17518e-05
eec: 137.801
weight: 9.25072e-06
eec: 1383.69
weight: 5.64779e-05
eec: 399.332
weight: 2.89651e-05
eec: 82.7555
weight: 1.53837e-05
eec: 729.836
weight: 6.84407e-05
eec: 723.914
weight: 1.133e-05
eec: 216.321
weight: 3.48502e-05
eec: 991.041
weight: 1.56776e-05
eec: 1337.77
weight: 8.77542e-06
eec: 88.7305
weight: 7.51719e-05
eec: 692.47
weight: 0.000339809
eec: 336.261
weight: 1.09573e-06
eec: 572.169
weight: 1.46088e-05
eec: 140.515
weight: 4.69186e-06
eec: 152.864
weight: 2.69798e-06
eec: 302.292
weight: 0.000264666
eec: 265.174
weight: 0.000597396
eec: 153.315
weight: 9.9895e-06
eec: 575.081
weight: 0.000465805
eec: 878.064
weight: 1.45838e-05
eec: 811.011

ROOT exit code = 0
