gSystem->Load("run_condor_job_Run3_C.so");
run_condor_job_Run3(601, 100, 2,
                    80, 200,
                    1, 1, 1, 6);
.q

ENTERED run_condor_job_Run3()
JOBID = 601
  global job = 601  Job 1/100  events [58980, 117960)  total=5898000
Processing events [58980, 117960) of 5898000
weight: 5.80637e-06
eec: 469.495
weight: 1.30852e-05
eec: 1751.66
weight: 4.53836e-06
eec: 274.045
weight: 7.75242e-06
eec: 2315.73
weight: 0.000394877
eec: 300.66
weight: 6.06641e-05
eec: 570.744
weight: 7.10822e-06
eec: 409.09
weight: 1.85478e-05
eec: 110.827
weight: 1.00221e-05
eec: 253.764
weight: 2.25748e-05
eec: 751.292
weight: 8.32404e-05
eec: 945.177
weight: 4.56674e-05
eec: 508.36
weight: 4.56674e-05
eec: 346.085
weight: 9.72291e-06
eec: 6684.39
weight: 0.00018381
eec: 228.272
weight: 2.6718e-06
eec: 1133.24
weight: 3.52018e-05
eec: 1865.36
weight: 5.55828e-05
eec: 210.296
weight: 7.04144e-05
eec: 475.849
weight: 2.58639e-05
eec: 101.788
weight: 2.99481e-07
eec: 1487.28
weight: 7.24901e-05
eec: 307.986
weight: 3.53221e-05
eec: 208.536
weight: 0.000143875
eec: 560.303
weight: 5.28859e-07
eec: 1685.05
weight: 1.82817e-05
eec: 251.067
weight: 6.57039e-05
eec: 28.104
weight: 3.54971e-06
eec: 354.589
weight: 0.000175371
eec: 832
weight: 3.98084e-05
eec: 1271.15
weight: 4.10216e-05
eec: 595.067
weight: 3.33944e-06
eec: 985.46
weight: 1.33445e-05
eec: 78.4257
weight: 8.40843e-06
eec: 798.133
weight: 1.37222e-05
eec: 459.302
weight: 9.69197e-06
eec: 930.518
weight: 4.9399e-06
eec: 894.316
weight: 1.50131e-05
eec: 656.043
weight: 3.13688e-05
eec: 462.628
weight: 4.28114e-06
eec: 513.592
weight: 7.04344e-06
eec: 742.616
weight: 2.08673e-05
eec: 2139.27
weight: 1.48376e-05
eec: 693.49
weight: 7.80507e-07
eec: 580.901
weight: 3.22299e-05
eec: 419.669
weight: 6.65828e-05
eec: 293.935
weight: 7.61986e-05
eec: 72.6568
weight: 7.11121e-05
eec: 548.333
weight: 2.97208e-05
eec: 410.337
weight: 5.30259e-05
eec: 271.561
weight: 0.000127837
eec: 166.713
weight: 2.23872e-05
eec: 461.742
weight: 5.13642e-05
eec: 1154.18
weight: 4.87715e-05
eec: 771.425
weight: 0.00132785
eec: 396.605
weight: 6.88317e-05
eec: 3261.53
weight: 9.35124e-06
eec: 1185.06
weight: 1.72808e-07
eec: 1175.62
weight: 2.16354e-05
eec: 1703.41
weight: 3.31963e-05
eec: 99.1982
weight: 0.000548576
eec: 50.4709
weight: 1.93414e-05
eec: 255.269
weight: 0.000364303
eec: 509.48
weight: 0.000115882
eec: 504.064
weight: 9.48058e-05
eec: 202.305
weight: 0.000299405
eec: 281.409
weight: 0.000299405
eec: 374.59
weight: 5.11731e-06
eec: 449.856
weight: 1.16536e-06
eec: 696.343
weight: 0.000308094
eec: 313.876
weight: 3.4084e-05
eec: 2422.37
weight: 2.63644e-06
eec: 1875.5
weight: 8.29687e-06
eec: 422.258
weight: 1.90747e-05
eec: 988.504
weight: 2.16762e-06
eec: 306.867
weight: 0.000108916
eec: 603.472
weight: 1.5214e-06
eec: 641.178
weight: 2.47676e-05
eec: 539.501
weight: 6.76855e-05
eec: 791.123
weight: 1.38953e-05
eec: 246.561
weight: 0.000105986
eec: 576.507
weight: 8.83121e-05
eec: 33.0421
weight: 4.13798e-06
eec: 1483.49
weight: 4.27908e-06
eec: 68.097
weight: 8.39891e-05
eec: 97.784
weight: 1.21053e-06
eec: 211.538
weight: 4.62852e-05
eec: 115.071
weight: 7.03689e-05
eec: 276.377
weight: 1.01216e-05
eec: 15.8355
weight: 2.55395e-05
eec: 232.158
weight: 7.44465e-05
eec: 1232.96
weight: 5.28732e-06
eec: 143.704
weight: 1.53357e-05
eec: 289.014
weight: 7.37186e-05
eec: 948.725
weight: 9.65215e-06
eec: 817.228
weight: 0.000388333
eec: 426.422
weight: 1.23313e-05
eec: 322.18
weight: 4.71172e-07
eec: 290.6
weight: 1.13837e-05
eec: 339.705
weight: 6.39556e-08
eec: 554.891
weight: 2.32239e-06
eec: 75.2497
weight: 5.12182e-06
eec: 751.78
weight: 9.49597e-05
eec: 181.265
weight: 0.00025275
eec: 120.7
weight: 0.000103625
eec: 877.069
weight: 0.000168941
eec: 269.64
weight: 0.000585576
eec: 194.579
weight: 2.35671e-05
eec: 64.8814
weight: 6.11729e-05
eec: 918.47
weight: 1.39332e-05
eec: 267.909
weight: 1.04482e-05
eec: 57.1347
weight: 0.000226007
eec: 721.328
weight: 1.15005e-05
eec: 727.456
weight: 0.000720855
eec: 76.8082
weight: 0.000400264
eec: 130.504
weight: 2.45631e-06
eec: 125.653
weight: 9.48351e-05
eec: 91.5548
weight: 1.77774e-05
eec: 121.438
weight: 1.66448e-05
eec: 1095.17
weight: 0.000759392
eec: 425.831
weight: 2.70855e-05
eec: 490.403
weight: 2.61509e-05
eec: 69.1057
weight: 8.84465e-06
eec: 401.985
weight: 3.00533e-05
eec: 207.096
weight: 0.000116828
eec: 63.7287
weight: 0.000179563
eec: 373.988
weight: 0.000258666
eec: 848.579
weight: 7.77566e-06
eec: 250.142
weight: 2.64113e-05
eec: 37.6546
weight: 2.37382e-05
eec: 428.94
weight: 2.64591e-06
eec: 328.825
weight: 1.117e-05
eec: 164.036
weight: 1.34191e-08
eec: 1193.64
weight: 2.36676e-05
eec: 121.217
weight: 5.98097e-05
eec: 233.118
weight: 3.81204e-05
eec: 321.178
weight: 6.06572e-05
eec: 65.6151
weight: 2.12839e-06
eec: 224.464
weight: 1.32538e-05
eec: 1704.53
weight: 0.00027788
eec: 410.126
weight: 3.03344e-05
eec: 70.8444
weight: 2.54406e-05
eec: 106.304
weight: 0.000148982
eec: 222.009
weight: 5.34227e-05
eec: 321.558
weight: 5.7558e-05
eec: 143.993
weight: 1.71318e-05
eec: 565.898
weight: 2.70159e-06
eec: 521.15
weight: 1.14907e-07
eec: 732.16
weight: 5.50198e-05
eec: 278.745
Processing: 1.69549 %weight: 1.35467e-05
eec: 1095.95
weight: 1.46123e-05
eec: 203.455
weight: 1.24639e-05
eec: 465.919
weight: 2.20736e-05
eec: 312.852
weight: 1.57984e-05
eec: 816.854
weight: 0.000205499
eec: 493.936
weight: 3.16103e-06
eec: 155.573
weight: 6.51798e-07
eec: 1691.76
weight: 9.36879e-06
eec: 1819.79
weight: 2.0462e-05
eec: 934.282
weight: 9.29968e-06
eec: 607.051
weight: 1.70162e-06
eec: 345.217
weight: 1.01703e-05
eec: 106.673
weight: 0.000265101
eec: 96.6389
weight: 8.30365e-05
eec: 208.401
weight: 0.000134842
eec: 484.125
weight: 1.77482e-05
eec: 63.3899
weight: 1.8547e-05
eec: 2510.58
weight: 5.57471e-05
eec: 338.632
weight: 8.5325e-05
eec: 792.909
weight: 0.000280958
eec: 123.535
weight: 2.28148e-05
eec: 1565.72
weight: 8.76025e-07
eec: 29.7392
weight: 5.55838e-06
eec: 214.339
weight: 5.08946e-06
eec: 456.336
weight: 0.000218629
eec: 1026.67
weight: 1.41471e-05
eec: 695.562
weight: 2.68562e-05
eec: 69.1068
weight: 2.96201e-06
eec: 201.949
weight: 0.000180212
eec: 246.138
weight: 6.30721e-06
eec: 657.154
weight: 6.27511e-06
eec: 32.0853
weight: 7.97564e-06
eec: 854.054
weight: 1.62275e-05
eec: 644.521
weight: 2.56356e-05
eec: 15.7518
weight: 3.98558e-05
eec: 1189.45
weight: 3.61273e-05
eec: 163.151
weight: 0.00032745
eec: 521.349
weight: 1.15336e-08
eec: 609.504
weight: 2.67162e-05
eec: 804.054
weight: 1.04687e-07
eec: 1156.84
weight: 6.10105e-05
eec: 526.198
weight: 1.59875e-05
eec: 152.277
weight: 1.72024e-05
eec: 277.951
weight: 1.13766e-05
eec: 298.979
weight: 7.67989e-05
eec: 146.764
weight: 9.39917e-05
eec: 2560.21
weight: 3.97471e-06
eec: 3077.66
weight: 2.17223e-05
eec: 1358.27
weight: 6.70168e-05
eec: 195.674
weight: 1.14459e-05
eec: 1000.44
weight: 9.30112e-05
eec: 54.0567
weight: 5.66339e-06
eec: 723.256
weight: 4.39103e-05
eec: 51.7568
weight: 0.00123369
eec: 43.8246
weight: 3.71393e-05
eec: 227.692
weight: 1.08002e-05
eec: 255.325
weight: 3.66003e-07
eec: 43.9062
weight: 1.1631e-05
eec: 106.324
weight: 1.82313e-05
eec: 223.434
weight: 1.82204e-05
eec: 94.9718

ROOT exit code = 0
