gSystem->Load("run_condor_job_Run3_C.so");
run_condor_job_Run3(305, 100, 2,
                    80, 200,
                    1, 1, 1, 3);
.q

ENTERED run_condor_job_Run3()
JOBID = 305
  global job = 305  Job 5/100  events [300000, 360000)  total=6000000
Processing events [300000, 360000) of 6000000
Processing: 5 %weight: 7.47264e-06
eec: 705.549
weight: 9.14442e-05
eec: 195.341
weight: 6.29744e-05
eec: 322.861
weight: 3.51126e-05
eec: 56.662
weight: 2.76645e-05
eec: 443.063
weight: 0.000276727
eec: 883.02
weight: 7.49149e-05
eec: 704.008
weight: 4.01946e-05
eec: 554.666
weight: 0.000269275
eec: 56.4417
weight: 1.85761e-05
eec: 429.832
weight: 1.68667e-06
eec: 11.3631
weight: 6.76684e-05
eec: 287.46
weight: 5.76489e-06
eec: 1841.79
weight: 5.40365e-06
eec: 199.276
weight: 0.000257358
eec: 28.3356
weight: 0.000111113
eec: 94.9606
weight: 5.70077e-07
eec: 1622.01
weight: 4.32511e-05
eec: 234.736
weight: 0.000379077
eec: 349.489
weight: 0.000151144
eec: 127.896
weight: 2.77332e-05
eec: 9.63611
weight: 1.22778e-06
eec: 4012.2
weight: 0.000424429
eec: 444.666
weight: 0.000148131
eec: 298.282
weight: 6.47024e-05
eec: 196.143
weight: 2.36859e-06
eec: 182.055
weight: 8.89808e-06
eec: 68.7659
weight: 4.2367e-05
eec: 119.487
weight: 5.68682e-05
eec: 1307.67
weight: 1.11669e-05
eec: 278.16
weight: 0.00146148
eec: 76.4729
weight: 0.000106197
eec: 432.274
weight: 0.000192687
eec: 202.211
weight: 0.000299403
eec: 48.5745
weight: 2.90305e-05
eec: 1051.22
weight: 0.000277468
eec: 43.3644
weight: 5.79918e-06
eec: 5.73184
weight: 2.93166e-05
eec: 346.65
weight: 2.69609e-05
eec: 518.258
weight: 6.02397e-05
eec: 1256.54
weight: 0.000407204
eec: 455.951
weight: 1.79373e-05
eec: 1291.49
weight: 5.93351e-05
eec: 175.443
weight: 1.60304e-05
eec: 96.5136
weight: 1.27948e-05
eec: 175.169
weight: 1.85404e-05
eec: 9.12932
weight: 0.000179647
eec: 245.885
weight: 0.000153885
eec: 129.801
weight: 4.9262e-06
eec: 586.805
weight: 8.45105e-06
eec: 794.937
weight: 2.51531e-05
eec: 13.4239
weight: 1.70231e-06
eec: 762.407
weight: 4.04994e-05
eec: 132.17
weight: 0.00038376
eec: 274.167
weight: 1.71653e-07
eec: 439.533
weight: 2.26847e-06
eec: 651.398
weight: 9.98571e-05
eec: 263.214
weight: 0.000363889
eec: 183.054
weight: 6.25189e-05
eec: 313.215
weight: 2.09123e-05
eec: 299.706
weight: 3.49285e-05
eec: 237.348
weight: 8.95813e-06
eec: 621.01
weight: 2.93956e-05
eec: 110.307
weight: 8.03167e-05
eec: 154.616
weight: 0.00155423
eec: 257.027
weight: 2.48703e-05
eec: 175.081
weight: 1.94797e-05
eec: 22.8124
weight: 0.000134723
eec: 234.561
weight: 1.45845e-05
eec: 506.186
weight: 1.30607e-05
eec: 1945.93
weight: 0.000496438
eec: 264.028
weight: 7.7489e-05
eec: 793.271
weight: 0.000159094
eec: 1202.2
weight: 6.58678e-05
eec: 158.395
weight: 2.35026e-05
eec: 150.858
weight: 3.85032e-06
eec: 229.101
weight: 3.51551e-06
eec: 273.061
weight: 2.19395e-07
eec: 24.3058
weight: 5.21123e-05
eec: 175.167
weight: 3.2361e-05
eec: 24.1562
weight: 7.37096e-06
eec: 149.863
weight: 7.62709e-05
eec: 520.768
weight: 1.16396e-05
eec: 394.423
weight: 0.000107996
eec: 3.73749
weight: 1.79818e-05
eec: 1992.34
weight: 4.03416e-05
eec: 13.5701
weight: 2.79528e-05
eec: 147.445
weight: 4.71748e-06
eec: 692.005
weight: 5.84847e-05
eec: 272.45
weight: 0.000143716
eec: 304.916
weight: 1.02783e-05
eec: 1714.65
weight: 4.10094e-05
eec: 31.8314
weight: 5.22957e-05
eec: 640.889
weight: 1.06307e-05
eec: 1591.64
weight: 0.000111394
eec: 120.834
weight: 9.37193e-06
eec: 511.208
weight: 0.000246299
eec: 58.7902
weight: 0.000134547
eec: 84.8205
weight: 1.25925e-08
eec: 316.437
weight: 3.80821e-06
eec: 490.975
weight: 0.000189938
eec: 26.5252
weight: 6.79493e-05
eec: 718.901
weight: 1.4282e-05
eec: 700.559
weight: 2.1008e-06
eec: 184.941
weight: 5.74038e-05
eec: 1150.46
weight: 1.61115e-05
eec: 401.309
weight: 1.25911e-05
eec: 2128.07
weight: 0.00109394
eec: 628.914
weight: 7.24457e-06
eec: 486.248
weight: 2.33166e-05
eec: 4300.76
weight: 4.41497e-05
eec: 302.613
weight: 3.78448e-05
eec: 78.108
weight: 2.94145e-05
eec: 521.1
weight: 3.42743e-05
eec: 440.75
weight: 2.21843e-05
eec: 165.849
weight: 5.79544e-05
eec: 116.845
weight: 0.000103403
eec: 522.752
weight: 2.36921e-06
eec: 236.234
weight: 4.18008e-05
eec: 224.363
weight: 2.32057e-05
eec: 818.185
weight: 1.01039e-05
eec: 755.865
weight: 6.51786e-06
eec: 1131.36
weight: 1.22871e-05
eec: 108.928
weight: 8.45746e-05
eec: 428.89
weight: 2.37902e-05
eec: 601.261
weight: 0.000148289
eec: 158.779
weight: 1.24107e-05
eec: 1522.99
weight: 1.01343e-05
eec: 1074.33
weight: 3.97152e-05
eec: 25.7113
weight: 3.05098e-08
eec: 751.171
weight: 0.000170624
eec: 444.641
weight: 2.84478e-05
eec: 1875.62
weight: 1.78949e-05
eec: 741.49
weight: 0.000904032
eec: 647.24
weight: 3.38392e-06
eec: 476.077
weight: 2.11344e-06
eec: 255.847
weight: 0.000146098
eec: 30.8834
weight: 4.09218e-05
eec: 1513.03
weight: 6.11873e-09
eec: 293.948
weight: 0.000494458
eec: 154.061
weight: 2.70786e-05
eec: 294.919
weight: 1.56803e-05
eec: 237.352
weight: 2.5289e-07
eec: 886.198
weight: 1.16208e-05
eec: 69.2555
weight: 6.52947e-06
eec: 2224.45
weight: 9.77639e-06
eec: 973.171
weight: 0.000221353
eec: 154.682
weight: 3.20058e-06
eec: 30.3135
weight: 3.97772e-05
eec: 1411.92
weight: 2.94223e-07
eec: 2553.34
weight: 3.53404e-07
eec: 459.723
weight: 8.09487e-06
eec: 1791.86
weight: 2.38274e-06
eec: 304.332
weight: 0.000123632
eec: 140.73
weight: 7.35167e-05
eec: 1722.4
weight: 9.37805e-06
eec: 807.401
weight: 2.04157e-05
eec: 2002.51
weight: 9.45741e-05
eec: 96.2779
weight: 8.38304e-05
eec: 45.1747
weight: 5.92823e-05
eec: 704.439
weight: 7.45702e-05
eec: 1175.94
weight: 0.000194769
eec: 62.3211
weight: 0.000194769
eec: 224.825
weight: 1.60084e-05
eec: 223.689
weight: 0.000167769
eec: 36.86
weight: 5.50459e-05
eec: 1367.01
weight: 1.31168e-05
eec: 1023.97
weight: 4.82325e-06
eec: 222.877
weight: 8.91747e-05
eec: 1023.85
weight: 6.03663e-06
eec: 1133.39
weight: 0.000295841
eec: 448.059
weight: 9.37937e-06
eec: 1007.73
weight: 2.17821e-05
eec: 1270.44
weight: 0.000146432
eec: 53.6396
weight: 3.52036e-05
eec: 244.298
weight: 2.44952e-05
eec: 266.939
weight: 0.000105288
eec: 420.387
weight: 9.86545e-06
eec: 1007.78
weight: 9.03387e-06
eec: 736.91
weight: 6.4903e-05
eec: 324.108
weight: 2.86034e-05
eec: 152.941
weight: 7.40528e-07
eec: 725.475
weight: 8.41787e-06
eec: 301.166
weight: 9.58295e-05
eec: 68.8127
weight: 1.07213e-05
eec: 422.516
weight: 1.98064e-05
eec: 627.548
weight: 1.58383e-05
eec: 183.829
weight: 1.5644e-05
eec: 730.314
weight: 2.22285e-05
eec: 709.661
weight: 1.12194e-05
eec: 402.823
weight: 3.30885e-06
eec: 190.234
weight: 8.15815e-05
eec: 109.247
weight: 1.25561e-05
eec: 110.968
weight: 0.000288212
eec: 921.408
weight: 2.77804e-06
eec: 562.088
weight: 1.61455e-05
eec: 102.606
weight: 0.00019258
eec: 53.5755
weight: 2.50326e-07
eec: 444.028
weight: 1.48259e-05
eec: 167.03
weight: 5.19845e-06
eec: 1364.08
weight: 4.93786e-06
eec: 194.388
weight: 2.57221e-07
eec: 90.9571
weight: 1.65725e-05
eec: 550.029
weight: 1.00217e-05
eec: 2179.45
weight: 9.76731e-05
eec: 238.661
weight: 2.44174e-06
eec: 2451.49
weight: 5.35596e-05
eec: 439.421
weight: 2.50224e-05
eec: 216.581
weight: 3.0967e-05
eec: 894.267
weight: 8.18751e-06
eec: 188.77
weight: 1.45858e-05
eec: 226.888
weight: 0.000354132
eec: 112.009
weight: 1.60629e-05
eec: 815.333
weight: 4.12835e-05
eec: 457.283
weight: 3.48981e-05
eec: 269.279
weight: 1.57294e-06
eec: 662.25
Processing: 5.83333 %weight: 6.65993e-05
eec: 547.714
weight: 1.22484e-05
eec: 360.06
weight: 1.69186e-05
eec: 828.815
weight: 1.11678e-06
eec: 18.7001
weight: 2.18121e-05
eec: 1155.52
weight: 8.07649e-05
eec: 1761.3
weight: 7.01036e-05
eec: 74.572
weight: 6.79778e-07
eec: 249.475
weight: 1.74582e-05
eec: 955.427
weight: 4.53002e-06
eec: 1385.87
weight: 8.14368e-06
eec: 223.219
weight: 0.000276252
eec: 556.155
weight: 8.24153e-06
eec: 190.666
weight: 4.44205e-05
eec: 158.866
weight: 1.09297e-05
eec: 1391.16
weight: 1.0992e-05
eec: 44.7373
weight: 9.56545e-06
eec: 2547.83
weight: 0.000197225
eec: 440.288
weight: 1.9873e-05
eec: 285.984
weight: 4.16188e-05
eec: 1857.93
weight: 9.43459e-06
eec: 1969.7
weight: 0.000147793
eec: 267.756
weight: 1.6002e-05
eec: 415.615
weight: 4.87262e-05
eec: 1189.79
weight: 0.000111068
eec: 207.531
weight: 0.00183639
eec: 281.041
weight: 1.58303e-05
eec: 237.232
weight: 2.69965e-08
eec: 1069.63
weight: 5.64507e-08
eec: 306.491
weight: 2.86767e-05
eec: 2327.85
weight: 0.00101613
eec: 544.146
weight: 1.85961e-05
eec: 502.25
weight: 1.01868e-07
eec: 365.896
weight: 2.99602e-05
eec: 217.272
weight: 1.39211e-06
eec: 461.979
weight: 1.31331e-05
eec: 391.917
weight: 0.000272764
eec: 762.299
weight: 1.20599e-06
eec: 21.4691
weight: 3.61994e-06
eec: 2279.96
weight: 9.32369e-06
eec: 588.988
weight: 1.55859e-05
eec: 1019.38
weight: 3.32396e-06
eec: 16.0622
weight: 0.000104174
eec: 277.689
weight: 3.96568e-05
eec: 611.974
weight: 1.32478e-06
eec: 1247.04
weight: 6.80027e-05
eec: 411.898
weight: 2.58849e-06
eec: 205.802

ROOT exit code = 0
