gSystem->Load("run_condor_job_Run3_C.so");
run_condor_job_Run3(830, 100, 2,
                    80, 200,
                    1, 1, 1, 8);
.q

ENTERED run_condor_job_Run3()
JOBID = 830
  global job = 830  Job 30/100  events [1800000, 1860000)  total=6000000
Processing events [1800000, 1860000) of 6000000
Processing: 30 %weight: 2.54706e-05
eec: 2229.17
weight: 4.77743e-05
eec: 588.773
weight: 6.98151e-06
eec: 1054.8
weight: 2.56314e-05
eec: 636.362
weight: 2.87493e-08
eec: 434.097
weight: 3.75043e-05
eec: 55.4616
weight: 3.24012e-05
eec: 1612.04
weight: 0.000373909
eec: 292.715
weight: 9.03769e-05
eec: 1198.11
weight: 7.04998e-06
eec: 435.9
weight: 1.76734e-05
eec: 715.085
weight: 0.000121549
eec: 351.112
weight: 3.13655e-05
eec: 197.329
weight: 1.73085e-05
eec: 1025.25
weight: 2.5931e-06
eec: 2860.09
weight: 1.20635e-07
eec: 98.6046
weight: 8.72448e-05
eec: 788.802
weight: 0.00044182
eec: 370.04
weight: 2.30294e-07
eec: 351.187
weight: 5.92581e-06
eec: 5006.24
weight: 4.79797e-05
eec: 182.922
weight: 8.42939e-06
eec: 3520.86
weight: 0.000129191
eec: 2.24124
weight: 1.0431e-05
eec: 26.2479
weight: 4.76988e-05
eec: 1724.69
weight: 8.68085e-05
eec: 301.641
weight: 5.9036e-06
eec: 568.21
weight: 8.70585e-06
eec: 770.567
weight: 4.12003e-05
eec: 25.5869
weight: 2.31318e-05
eec: 949.278
weight: 7.43193e-07
eec: 220.002
weight: 4.11318e-05
eec: 438.227
weight: 1.64642e-05
eec: 252.288
weight: 8.56318e-05
eec: 552.851
weight: 1.2181e-05
eec: 234.649
weight: 9.74728e-06
eec: 931.166
weight: 4.94583e-06
eec: 602.925
weight: 8.89007e-05
eec: 661.075
weight: 2.07965e-07
eec: 41.6669
weight: 0.000289242
eec: 203.156
weight: 1.0563e-05
eec: 196.641
weight: 8.59223e-05
eec: 711.895
weight: 2.97709e-05
eec: 677.767
weight: 3.6317e-05
eec: 472.451
weight: 3.9548e-05
eec: 637.658
weight: 4.49825e-05
eec: 296.849
weight: 1.55412e-07
eec: 89.5475
weight: 0.000138072
eec: 197.53
weight: 3.59962e-07
eec: 802.878
weight: 4.42943e-05
eec: 702.592
weight: 1.52771e-06
eec: 561.269
weight: 1.40797e-05
eec: 748.453
weight: 6.365e-05
eec: 25.5453
weight: 1.92705e-05
eec: 129.569
weight: 1.92705e-05
eec: 103.194
weight: 7.15307e-05
eec: 584.49
weight: 0.000640172
eec: 535.418
weight: 1.20836e-07
eec: 29.1116
weight: 3.71177e-07
eec: 134.594
weight: 9.21578e-05
eec: 183.332
weight: 4.39254e-05
eec: 42.4424
weight: 1.62901e-06
eec: 1354.33
weight: 0.000126414
eec: 151.12
weight: 7.52786e-06
eec: 497.953
weight: 6.04093e-06
eec: 1146.45
weight: 1.99679e-06
eec: 310.492
weight: 4.34321e-05
eec: 448.641
weight: 3.65113e-06
eec: 2487.57
weight: 6.38144e-06
eec: 459.525
weight: 0.000175477
eec: 389.548
weight: 1.20484e-05
eec: 98.411
weight: 1.4715e-05
eec: 111.483
weight: 8.22447e-06
eec: 617.599
weight: 9.03246e-05
eec: 201.61
weight: 0.00025781
eec: 77.0781
weight: 2.93196e-06
eec: 354.346
weight: 0.000391836
eec: 65.4002
weight: 8.19828e-06
eec: 65.4236
weight: 3.41046e-05
eec: 724.606
weight: 5.22634e-05
eec: 83.8529
weight: 1.05655e-06
eec: 368.485
weight: 1.05655e-06
eec: 164.166
weight: 0.000332531
eec: 299.892
weight: 0.00141767
eec: 1433.13
weight: 6.85137e-06
eec: 1642.99
weight: 2.6794e-06
eec: 1440.51
weight: 7.50867e-06
eec: 1088.04
weight: 1.04026e-05
eec: 2394.12
weight: 0.000147159
eec: 21.1679
weight: 1.48747e-06
eec: 440.557
weight: 2.76832e-05
eec: 61.3265
weight: 5.71239e-06
eec: 2033.86
weight: 5.60129e-05
eec: 82.0171
weight: 0.0001478
eec: 250.978
weight: 5.69611e-05
eec: 310.021
weight: 2.11116e-06
eec: 182.955
weight: 0.00013977
eec: 1115.85
weight: 5.7946e-05
eec: 154.027
weight: 0.0002549
eec: 429.206
weight: 0.000124496
eec: 755.209
weight: 1.28496e-05
eec: 118.876
weight: 8.6937e-07
eec: 508.054
weight: 0.000425912
eec: 748.84
weight: 3.28187e-06
eec: 1381.96
weight: 0.000347539
eec: 19.9971
weight: 2.96332e-05
eec: 881.834
weight: 5.03547e-05
eec: 25.5644
weight: 1.88301e-05
eec: 1566.74
weight: 2.61308e-05
eec: 502.237
weight: 3.98807e-05
eec: 7.2781
weight: 6.93231e-05
eec: 274.587
weight: 7.63461e-06
eec: 957.868
weight: 6.57103e-06
eec: 3433.74
weight: 3.63265e-05
eec: 465.005
weight: 1.40712e-05
eec: 619.455
weight: 7.49059e-05
eec: 893.693
weight: 1.92627e-05
eec: 211.078
weight: 5.45725e-06
eec: 680.562
weight: 7.33919e-06
eec: 149.524
weight: 4.47487e-05
eec: 715.054
weight: 3.5553e-05
eec: 644.668
weight: 4.68642e-06
eec: 1208.97
weight: 2.42615e-07
eec: 13.3926
weight: 4.01145e-05
eec: 1071.58
weight: 2.39111e-05
eec: 3073.71
weight: 7.03314e-06
eec: 37.8503
weight: 0.000152234
eec: 470.584
weight: 1.94225e-05
eec: 495.98
weight: 9.08936e-06
eec: 463.271
weight: 1.37677e-05
eec: 2575.13
weight: 7.54363e-05
eec: 68.4909
weight: 1.98869e-05
eec: 134.021
weight: 6.73551e-06
eec: 1568.65
weight: 1.05726e-05
eec: 200.037
weight: 1.20814e-05
eec: 63.9806
weight: 0.000418101
eec: 1168.36
weight: 0.000418101
eec: 73.5988
weight: 2.35139e-05
eec: 47.4883
weight: 4.77423e-07
eec: 169.63
weight: 1.79441e-05
eec: 1190.99
weight: 1.05802e-05
eec: 1825.18
weight: 0.000184669
eec: 1387.08
weight: 8.78217e-07
eec: 40.7681
weight: 2.01163e-07
eec: 150.846
weight: 2.12488e-06
eec: 587.755
weight: 3.11305e-06
eec: 232.416
weight: 6.88498e-05
eec: 167.018
weight: 1.28427e-07
eec: 358.233
weight: 6.90672e-06
eec: 579.691
weight: 3.88691e-07
eec: 491.38
weight: 2.29699e-06
eec: 558.4
weight: 1.89271e-05
eec: 184.069
weight: 2.66412e-05
eec: 116.548
weight: 0.00010532
eec: 977.846
weight: 2.19802e-05
eec: 1313.7
weight: 2.2128e-05
eec: 867.092
weight: 2.11365e-05
eec: 511.315
weight: 0.000111691
eec: 126.047
weight: 2.98793e-06
eec: 237.148
weight: 6.3162e-07
eec: 132.774
weight: 2.95107e-06
eec: 1508.01
weight: 3.23941e-05
eec: 3491.41
weight: 4.29252e-05
eec: 660.753
weight: 3.05923e-05
eec: 885.358
weight: 3.58239e-06
eec: 682.331
weight: 8.99848e-06
eec: 1967.19
weight: 8.48622e-05
eec: 236.799
weight: 0.000119554
eec: 61.7413
weight: 2.04879e-05
eec: 161.693
weight: 2.05412e-05
eec: 458.423
weight: 8.80974e-05
eec: 4.1095
weight: 3.5803e-05
eec: 331.327
weight: 0.000301956
eec: 128.067
weight: 1.37891e-05
eec: 113.039
weight: 9.95129e-06
eec: 339.586
weight: 3.45834e-05
eec: 191.281
weight: 0.00028077
eec: 196.14
weight: 9.81317e-06
eec: 290.133
weight: 6.61487e-05
eec: 2839.68
weight: 5.38279e-06
eec: 689.817
weight: 7.92706e-06
eec: 467.816
weight: 2.55856e-06
eec: 249.635
weight: 2.49227e-05
eec: 1005.28
weight: 2.44454e-05
eec: 210.652
weight: 2.54964e-05
eec: 1112.66
weight: 1.87749e-06
eec: 916.419
weight: 3.58662e-06
eec: 42.8626
weight: 0.000127727
eec: 92.9598
weight: 1.37826e-05
eec: 741.681
weight: 0.000172202
eec: 79.8054
weight: 0.000208426
eec: 301.012
weight: 0.000153452
eec: 597.535
weight: 8.67097e-06
eec: 1710.03
weight: 9.45061e-05
eec: 241.049
weight: 6.65608e-08
eec: 252.034
weight: 7.5358e-05
eec: 1441.44
weight: 3.9569e-06
eec: 174.858
weight: 0.000126927
eec: 546.088
weight: 8.81446e-08
eec: 419.758
weight: 4.49906e-05
eec: 293.683
weight: 0.000453723
eec: 1062.52
weight: 1.83594e-05
eec: 78.2079
weight: 1.13706e-05
eec: 629.23
weight: 0.000191819
eec: 240.125
weight: 3.56937e-05
eec: 90.0429
weight: 2.87404e-05
eec: 132.854
weight: 4.67997e-06
eec: 16.1366
weight: 1.28144e-05
eec: 299.073
weight: 8.17381e-05
eec: 171.302
weight: 0.000213902
eec: 1144.03
weight: 5.89978e-05
eec: 439.075
weight: 1.00288e-05
eec: 108.404
weight: 7.95161e-05
eec: 68.1696
weight: 0.000226075
eec: 783.247
weight: 0.000280644
eec: 1070.1
weight: 2.63906e-05
eec: 3116.64
weight: 0.000133154
eec: 81.5747
weight: 1.10186e-05
eec: 2011.86
weight: 3.5296e-05
eec: 1225.2
Processing: 30.8333 %weight: 1.36824e-06
eec: 222.458
weight: 2.58917e-06
eec: 768.426
weight: 0.000295893
eec: 173.86
weight: 1.54409e-05
eec: 915.616
weight: 9.9719e-06
eec: 176.219
weight: 1.7689e-05
eec: 110.551
weight: 3.26333e-05
eec: 289.397
weight: 2.48172e-05
eec: 347.272
weight: 2.49657e-05
eec: 616.957
weight: 1.24607e-05
eec: 913.958
weight: 0.000183882
eec: 195.479
weight: 1.33682e-05
eec: 222.72
weight: 1.54838e-05
eec: 91.3543
weight: 4.94281e-05
eec: 149.373
weight: 1.05748e-05
eec: 358.614
weight: 1.62777e-05
eec: 2637.65
weight: 2.04528e-05
eec: 60.6591
weight: 3.42513e-07
eec: 81.0554
weight: 3.73672e-07
eec: 208.161
weight: 2.91347e-05
eec: 441.517
weight: 2.31146e-05
eec: 82.2853
weight: 2.82403e-05
eec: 265.953
weight: 8.93892e-05
eec: 358.802
weight: 4.68399e-06
eec: 70.9213
weight: 7.4391e-05
eec: 136.105
weight: 1.39245e-05
eec: 420.191
weight: 6.64172e-05
eec: 267.252
weight: 4.63942e-07
eec: 359.939
weight: 4.04522e-06
eec: 118.789
weight: 6.43379e-06
eec: 1248.19
weight: 2.80591e-06
eec: 172.174
weight: 1.32364e-05
eec: 4127
weight: 3.05687e-06
eec: 244.714
weight: 0.00042382
eec: 886.575
weight: 3.07228e-05
eec: 1051.34
weight: 0.000155928
eec: 238.945
weight: 0.000121873
eec: 159.078
weight: 1.27273e-05
eec: 387.076
weight: 0.000227589
eec: 124.139
weight: 7.70469e-05
eec: 74.3843

ROOT exit code = 0
