gSystem->Load("run_condor_job_Run3_C.so");
run_condor_job_Run3(944, 100, 2,
                    80, 200,
                    1, 1, 1, 9);
.q

ENTERED run_condor_job_Run3()
JOBID = 944
  global job = 944  Job 44/100  events [2616240, 2675700)  total=5946000
Processing events [2616240, 2675700) of 5946000
weight: 1.04134e-05
eec: 693.697
weight: 1.09412e-05
eec: 638.412
weight: 0.000140626
eec: 1283.58
weight: 7.83957e-06
eec: 399.121
weight: 2.55383e-05
eec: 822.591
weight: 4.78783e-05
eec: 198.773
weight: 2.23904e-05
eec: 269.555
weight: 2.13827e-05
eec: 812.486
weight: 0.000153831
eec: 142.319
weight: 0.000134244
eec: 233.918
weight: 7.15506e-08
eec: 539.161
weight: 1.87361e-05
eec: 983.785
weight: 0.000111321
eec: 570.005
weight: 0.000196931
eec: 125.977
weight: 3.70815e-05
eec: 42.7448
weight: 5.65966e-07
eec: 960.957
weight: 5.69623e-07
eec: 338.706
weight: 6.7761e-06
eec: 34.8123
weight: 0.000190722
eec: 250.448
weight: 2.68947e-05
eec: 3444.97
weight: 3.57889e-06
eec: 64.0925
weight: 1.91461e-05
eec: 429.611
weight: 0.000115122
eec: 17.2549
weight: 9.017e-05
eec: 998.684
weight: 1.91725e-05
eec: 658.737
weight: 1.32681e-05
eec: 325.075
weight: 8.20805e-05
eec: 1327.15
weight: 3.94092e-06
eec: 169.438
weight: 1.39583e-06
eec: 123.289
weight: 7.91936e-06
eec: 14.0213
weight: 9.0789e-06
eec: 1283.63
weight: 0.000299638
eec: 82.2349
weight: 0.0010776
eec: 188.523
weight: 0.000124848
eec: 741.785
weight: 1.5989e-05
eec: 578.173
weight: 0.000184614
eec: 200.618
weight: 1.79872e-05
eec: 75.7809
weight: 5.1944e-05
eec: 229.459
weight: 7.63737e-05
eec: 223.285
weight: 0.000530791
eec: 1143.45
weight: 1.29421e-05
eec: 603.4
weight: 3.41448e-05
eec: 394.2
weight: 0.000182992
eec: 1206.54
weight: 0.000224281
eec: 223.864
weight: 3.59757e-05
eec: 192.021
weight: 0.000609561
eec: 563.273
weight: 2.8673e-05
eec: 1434.82
weight: 8.44761e-06
eec: 810.252
weight: 1.40414e-05
eec: 121.161
weight: 7.02742e-06
eec: 343.391
weight: 1.42854e-05
eec: 1211.27
weight: 6.4504e-06
eec: 419.751
weight: 7.13109e-07
eec: 154.651
weight: 3.36303e-06
eec: 572.928
weight: 3.44735e-06
eec: 1729.79
weight: 3.95321e-05
eec: 48.0942
weight: 0.000263075
eec: 395.856
weight: 7.53975e-06
eec: 135.167
weight: 6.2055e-06
eec: 805.767
weight: 0.000100955
eec: 555.571
weight: 1.07037e-05
eec: 288.088
weight: 1.07037e-05
eec: 535.838
weight: 2.94894e-06
eec: 469.569
weight: 0.000350205
eec: 105.501
weight: 1.82275e-05
eec: 1408.07
weight: 2.12299e-05
eec: 251.785
weight: 5.257e-06
eec: 998.642
weight: 0.000226126
eec: 427.089
weight: 8.57076e-06
eec: 810.96
weight: 3.5202e-08
eec: 504.523
weight: 6.03564e-05
eec: 2044.61
weight: 4.47409e-05
eec: 1783.04
weight: 1.23809e-05
eec: 392.319
weight: 5.05775e-06
eec: 123.745
weight: 7.54918e-05
eec: 364.143
weight: 1.13594e-05
eec: 83.2691
weight: 1.43356e-05
eec: 46.2316
weight: 6.25223e-05
eec: 153.968
weight: 6.42871e-06
eec: 1258.71
weight: 0.000284941
eec: 28.36
weight: 1.13412e-05
eec: 213.2
weight: 2.19525e-05
eec: 1387.2
weight: 1.23924e-05
eec: 275.607
weight: 7.89884e-08
eec: 109.855
weight: 1.9442e-05
eec: 577.457
weight: 9.96809e-05
eec: 404.846
weight: 5.68559e-06
eec: 904.651
weight: 0.000192401
eec: 1078.87
weight: 5.60345e-06
eec: 63.744
weight: 1.84146e-05
eec: 1713.7
weight: 5.84318e-05
eec: 11.0369
weight: 6.49427e-06
eec: 393.916
weight: 9.42114e-05
eec: 784.029
weight: 4.44285e-05
eec: 290.431
weight: 1.6145e-05
eec: 631.871
weight: 3.21786e-05
eec: 205.721
weight: 3.44133e-06
eec: 2170.42
weight: 2.00896e-05
eec: 21.8211
weight: 5.67343e-05
eec: 384.805
weight: 0.00176437
eec: 433.401
weight: 6.31893e-06
eec: 3199.15
weight: 9.39701e-06
eec: 1396.84
weight: 4.71854e-05
eec: 197.103
weight: 3.87916e-05
eec: 818.066
weight: 6.96715e-07
eec: 37.3944
weight: 0.000346576
eec: 31.3719
weight: 7.72435e-05
eec: 231.057
weight: 3.24754e-05
eec: 589.894
weight: 3.99822e-05
eec: 107.91
weight: 4.13677e-05
eec: 374.451
weight: 0.000307962
eec: 79.3322
weight: 1.43787e-05
eec: 1389.69
weight: 1.48901e-06
eec: 82.1652
weight: 1.38184e-05
eec: 865.676
weight: 3.9339e-05
eec: 1131.22
weight: 1.41733e-05
eec: 153.917
weight: 3.94238e-05
eec: 1898.72
weight: 0.000102754
eec: 346.811
weight: 0.000144772
eec: 203.407
weight: 6.25977e-06
eec: 1088.15
weight: 1.02958e-05
eec: 260.058
weight: 0.000120376
eec: 102.78
weight: 2.52013e-05
eec: 119.311
weight: 0.000509462
eec: 72.4626
weight: 2.3413e-06
eec: 144.877
weight: 1.33184e-05
eec: 609.895
weight: 7.58996e-06
eec: 255.573
weight: 0.000231845
eec: 363.309
weight: 0.000231845
eec: 6.14822
weight: 0.000406683
eec: 7.82038
weight: 8.21611e-06
eec: 61.271
Processing: 44.5678 %weight: 6.71917e-05
eec: 115.968
weight: 2.11144e-05
eec: 321.146
weight: 3.77319e-05
eec: 71.2325
weight: 5.21088e-05
eec: 581.715
weight: 2.16687e-06
eec: 600.154
weight: 4.94885e-05
eec: 165.884
weight: 0.000191885
eec: 279.426
weight: 1.98872e-05
eec: 1729.54
weight: 3.81036e-06
eec: 832.599
weight: 0.000153777
eec: 122.627
weight: 3.02123e-07
eec: 608.658
weight: 0.000145808
eec: 444.242
weight: 7.09884e-08
eec: 172.145
weight: 1.06752e-05
eec: 802.866
weight: 8.01105e-05
eec: 122.713
weight: 7.72421e-05
eec: 1018.14
weight: 3.15634e-05
eec: 483
weight: 0.000276398
eec: 12.2898
weight: 0.000132404
eec: 80.7598
weight: 4.04853e-06
eec: 948.236
weight: 2.7832e-06
eec: 1314.08
weight: 0.000131458
eec: 426.838
weight: 3.08693e-05
eec: 489.082
weight: 1.24723e-05
eec: 301.945
weight: 1.6082e-05
eec: 158.587
weight: 1.7379e-05
eec: 2157.59
weight: 0.000104409
eec: 175.396
weight: 0.0003155
eec: 70.0439
weight: 3.56216e-06
eec: 159.613
weight: 5.14353e-06
eec: 31.7312
weight: 1.9658e-05
eec: 1079.31
weight: 3.71899e-08
eec: 290.861
weight: 0.000146808
eec: 639.748
weight: 0.000135443
eec: 188.822
weight: 1.56042e-05
eec: 489.524
weight: 0.000126888
eec: 614.989
weight: 3.80508e-06
eec: 685.635
weight: 6.07853e-05
eec: 137.789
weight: 7.02313e-05
eec: 90.5011
weight: 5.30127e-05
eec: 1330.77
weight: 4.35142e-06
eec: 579.578
weight: 0.000148123
eec: 969.503
weight: 5.06159e-06
eec: 264.628
weight: 4.34612e-06
eec: 410.865
weight: 0.000225085
eec: 1344.76
weight: 3.60866e-05
eec: 58.573
weight: 8.42411e-05
eec: 506.567
weight: 3.90159e-05
eec: 1277.72
weight: 1.66684e-05
eec: 356.701
weight: 5.70634e-05
eec: 155.602
weight: 1.41427e-05
eec: 1660.1
weight: 0.000102744
eec: 265.67
weight: 3.67052e-05
eec: 1236.82
weight: 0.000110077
eec: 37.0105
weight: 8.66749e-05
eec: 157.518
weight: 4.06819e-07
eec: 12.407
weight: 1.43482e-05
eec: 726.828
weight: 0.000402047
eec: 100.443
weight: 9.34433e-06
eec: 135.777
weight: 5.59206e-06
eec: 596.831
weight: 2.52236e-05
eec: 720.796
weight: 0.00012865
eec: 228.088
weight: 4.47052e-06
eec: 724.614
weight: 7.41957e-05
eec: 39.0688
weight: 3.56817e-05
eec: 656.695
weight: 2.27763e-05
eec: 99.3708
weight: 6.59052e-05
eec: 783.244
weight: 0.000252041
eec: 81.6077
weight: 0.000106877
eec: 92.2654
weight: 2.72599e-05
eec: 468.222
weight: 3.61077e-05
eec: 1354.75
weight: 3.37762e-05
eec: 1018.92
weight: 0.000280936
eec: 75.0039
weight: 1.41146e-06
eec: 325.26
weight: 5.48577e-06
eec: 1125.43
weight: 8.55863e-05
eec: 291.849
weight: 0.00015577
eec: 490.817
weight: 1.86234e-05
eec: 369.362
weight: 0.000596765
eec: 243.014
weight: 0.00012103
eec: 1040.65
weight: 0.000246723
eec: 539.982
weight: 0.00129012
eec: 1256.84
weight: 1.2047e-05
eec: 1828.6
weight: 1.19936e-07
eec: 952.462
weight: 4.26267e-05
eec: 480.109
weight: 7.49e-05
eec: 62.6067
weight: 3.60963e-06
eec: 262.852
weight: 8.38648e-05
eec: 147.309
weight: 4.54574e-05
eec: 919.392
weight: 4.97527e-05
eec: 520.2
weight: 2.30425e-05
eec: 670.726
weight: 2.03212e-05
eec: 231.386
weight: 1.99934e-05
eec: 63.708
weight: 3.90305e-05
eec: 217.004
weight: 1.38776e-05
eec: 124.179
weight: 1.42062e-05
eec: 42.3875
weight: 1.98867e-06
eec: 1718.09
weight: 2.06064e-05
eec: 987.964
weight: 6.48308e-05
eec: 703.02
weight: 7.09887e-05
eec: 205.503
weight: 0.000918631
eec: 21.9461
weight: 4.48883e-06
eec: 125.367
weight: 3.12391e-06
eec: 140.549
weight: 9.38057e-06
eec: 533.087
weight: 0.000153391
eec: 36.9447
weight: 6.25964e-06
eec: 441.516
weight: 1.83861e-05
eec: 689.029
weight: 0.000110706
eec: 634.707
weight: 6.77644e-06
eec: 175.88
weight: 7.67073e-06
eec: 568.545
weight: 6.71171e-05
eec: 350.44
weight: 6.01794e-06
eec: 455.845
weight: 3.03255e-05
eec: 2144.45
weight: 3.11198e-06
eec: 975.65
weight: 7.91921e-05
eec: 555.696
weight: 0.000777787
eec: 374.056
weight: 9.24372e-06
eec: 313.223

ROOT exit code = 0
