gSystem->Load("run_condor_job_Run3_C.so");
run_condor_job_Run3(646, 100, 2,
                    80, 200,
                    1, 1, 1, 6);
.q

ENTERED run_condor_job_Run3()
JOBID = 646
  global job = 646  Job 46/100  events [2713080, 2772060)  total=5898000
Processing events [2713080, 2772060) of 5898000
weight: 0.000111171
eec: 41.6736
weight: 2.056e-05
eec: 152.23
weight: 8.32388e-06
eec: 1162.92
weight: 2.47758e-05
eec: 727.342
weight: 2.58362e-06
eec: 495.583
weight: 0.000358162
eec: 749.23
weight: 2.19366e-05
eec: 1011.88
weight: 7.24052e-07
eec: 1171.62
weight: 7.24052e-07
eec: 869.13
weight: 4.80248e-05
eec: 1690.08
weight: 0.000323361
eec: 611.003
weight: 5.86789e-05
eec: 441.152
weight: 9.663e-06
eec: 556.907
weight: 6.49873e-05
eec: 210.63
weight: 3.14641e-05
eec: 61.6725
weight: 3.80116e-06
eec: 614.006
weight: 1.15796e-05
eec: 1346.65
weight: 6.95809e-05
eec: 816.372
weight: 0.000523795
eec: 114.364
weight: 5.12349e-05
eec: 652.358
weight: 3.05432e-05
eec: 840.986
weight: 4.38449e-05
eec: 249.49
weight: 4.13864e-05
eec: 335.11
weight: 0.000127149
eec: 342.127
weight: 0.000125256
eec: 2077.13
weight: 2.10295e-06
eec: 225.265
weight: 2.97392e-06
eec: 183.174
weight: 5.88081e-05
eec: 306.127
weight: 3.14002e-06
eec: 559.479
weight: 0.000210485
eec: 318.647
weight: 6.69314e-05
eec: 154.281
weight: 7.69108e-06
eec: 485.035
weight: 3.56238e-05
eec: 23.9603
weight: 1.42893e-07
eec: 889.399
weight: 5.13104e-05
eec: 451.806
weight: 1.4246e-05
eec: 403.762
weight: 4.07814e-06
eec: 338.7
weight: 6.97718e-07
eec: 1187.46
weight: 7.03305e-05
eec: 657.85
weight: 1.14746e-05
eec: 2481.3
weight: 4.84732e-06
eec: 506.618
weight: 2.12331e-05
eec: 352.953
weight: 1.23288e-05
eec: 147.786
weight: 0.000101803
eec: 59.1076
weight: 6.50597e-05
eec: 76.8605
weight: 7.29242e-05
eec: 40.079
weight: 1.60312e-05
eec: 39.4737
weight: 0.000648249
eec: 381.05
weight: 1.47484e-05
eec: 725.899
weight: 3.79572e-05
eec: 187.641
weight: 3.15389e-06
eec: 457.974
weight: 0.000210251
eec: 649.492
weight: 6.46699e-06
eec: 318.779
weight: 4.10807e-06
eec: 169.349
weight: 7.50316e-05
eec: 1072.6
weight: 2.75029e-05
eec: 311.631
weight: 0.000116367
eec: 170.276
weight: 3.98939e-05
eec: 2441.59
weight: 5.21996e-05
eec: 468.838
weight: 9.19828e-06
eec: 237.446
weight: 4.67251e-05
eec: 916.516
weight: 3.68138e-06
eec: 249.243
weight: 3.78124e-05
eec: 317.219
weight: 4.46267e-06
eec: 1941.14
weight: 3.15097e-05
eec: 205.469
weight: 5.73765e-05
eec: 489.269
weight: 7.01208e-05
eec: 539.881
weight: 1.6925e-05
eec: 195.545
weight: 1.35555e-05
eec: 106.655
weight: 7.10962e-07
eec: 536.011
weight: 4.46536e-05
eec: 93.1218
weight: 5.11723e-06
eec: 412.468
weight: 5.41587e-05
eec: 526.442
weight: 0.000124254
eec: 557.979
weight: 9.74625e-05
eec: 315.129
weight: 2.56068e-05
eec: 46.0432
weight: 0.000254285
eec: 279.286
weight: 7.08915e-06
eec: 192.853
weight: 2.1144e-06
eec: 971.23
weight: 6.67666e-06
eec: 1265.99
weight: 4.71294e-05
eec: 720.167
weight: 0.000273095
eec: 157.166
weight: 2.22705e-05
eec: 348.569
weight: 1.53812e-07
eec: 1464.76
weight: 0.000391788
eec: 964.301
weight: 1.24007e-05
eec: 676.845
weight: 1.48675e-05
eec: 38.5579
weight: 9.03928e-06
eec: 583.821
weight: 3.84499e-07
eec: 373.318
weight: 7.75993e-06
eec: 83.5053
weight: 7.20461e-06
eec: 786.847
weight: 1.00632e-05
eec: 357.197
weight: 8.31271e-05
eec: 579.157
weight: 7.74044e-06
eec: 1761.75
weight: 9.18857e-07
eec: 1286.49
weight: 6.1029e-05
eec: 804.402
weight: 8.57677e-06
eec: 2354.93
weight: 3.50725e-05
eec: 341.239
weight: 1.12578e-05
eec: 568.047
weight: 0.000373932
eec: 222.26
weight: 1.54863e-06
eec: 235.268
weight: 3.86759e-06
eec: 1681.84
weight: 2.76087e-05
eec: 700.123
weight: 2.45913e-06
eec: 203.451
weight: 7.34656e-05
eec: 202.946
weight: 5.04159e-06
eec: 511.612
weight: 6.95848e-05
eec: 258.227
weight: 1.29411e-06
eec: 479.297
weight: 4.26537e-05
eec: 337.67
weight: 0.000352751
eec: 100.769
weight: 0.000118558
eec: 725.628
weight: 6.39187e-05
eec: 1528.6
weight: 5.0023e-06
eec: 1379.72
weight: 2.40293e-06
eec: 243.23
weight: 0.000395567
eec: 571.137
weight: 8.65469e-05
eec: 5.78082
weight: 1.28841e-05
eec: 441.875
weight: 1.11628e-05
eec: 743.252
weight: 3.6582e-05
eec: 1729.4
weight: 0.000312812
eec: 1183.29
weight: 1.83558e-06
eec: 180.887
weight: 6.79524e-05
eec: 126.076
weight: 7.09073e-05
eec: 124.999
weight: 9.68133e-06
eec: 2547.51
weight: 6.7603e-05
eec: 470.432
weight: 2.57199e-06
eec: 1600.04
weight: 4.34051e-05
eec: 1198.51
Processing: 46.626 %weight: 1.19492e-06
eec: 113.691
weight: 6.19966e-06
eec: 2756.76
weight: 0.000102718
eec: 265.907
weight: 1.77368e-05
eec: 353.717
weight: 4.11677e-05
eec: 400.004
weight: 4.95336e-06
eec: 123.98
weight: 0.000176275
eec: 373.566
weight: 0.000691915
eec: 420.983
weight: 0.000259382
eec: 302.27
weight: 1.73692e-05
eec: 98.94
weight: 2.16184e-05
eec: 123.751
weight: 6.1252e-05
eec: 26.8816
weight: 0.00010956
eec: 68.3053
weight: 5.16227e-05
eec: 3555.01
weight: 0.000122565
eec: 235.563
weight: 5.25802e-05
eec: 223.488
weight: 2.5495e-05
eec: 1544.48
weight: 1.02077e-05
eec: 2126.51
weight: 3.78145e-06
eec: 339.541
weight: 1.94398e-05
eec: 1529.62
weight: 0.000116523
eec: 196.368
weight: 3.03267e-05
eec: 98.2107
weight: 3.06274e-05
eec: 1188.78
weight: 1.83471e-07
eec: 483.11
weight: 1.83471e-07
eec: 930.381
weight: 0.000432486
eec: 552.151
weight: 2.06143e-05
eec: 1358.22
weight: 1.56931e-05
eec: 48.1514
weight: 1.69918e-05
eec: 956.654
weight: 2.01435e-05
eec: 2183.81
weight: 7.95024e-05
eec: 529.205
weight: 6.25009e-06
eec: 128.446
weight: 0.00131828
eec: 38.532
weight: 0.000156279
eec: 508.434
weight: 6.0609e-06
eec: 502.519
weight: 4.17726e-06
eec: 2004.13
weight: 2.34503e-05
eec: 1003.86
weight: 1.42034e-06
eec: 1290.21
weight: 2.62819e-05
eec: 268.509
weight: 9.7981e-06
eec: 437.708
weight: 2.68742e-06
eec: 389.559
weight: 6.54238e-05
eec: 106.426
weight: 1.99347e-05
eec: 193.507
weight: 0.000372523
eec: 544.429
weight: 2.25828e-06
eec: 628.258
weight: 0.000111412
eec: 1276.41
weight: 3.5789e-06
eec: 238.789
weight: 1.9385e-06
eec: 1531.56
weight: 7.40101e-06
eec: 1362.14
weight: 5.4796e-05
eec: 50.1758
weight: 1.31726e-05
eec: 71.959
weight: 8.6979e-05
eec: 100.111
weight: 1.60634e-05
eec: 436.637
weight: 8.62617e-06
eec: 136.857
weight: 9.45334e-07
eec: 357.68
weight: 0.000378993
eec: 1148.35
weight: 1.98823e-05
eec: 101.792
weight: 6.92984e-05
eec: 970.073
weight: 0.000154753
eec: 1004.34
weight: 1.49013e-07
eec: 1053.12
weight: 3.7144e-06
eec: 196.046
weight: 1.12841e-05
eec: 860.555
weight: 1.28623e-05
eec: 677.931
weight: 2.09138e-06
eec: 2042.92
weight: 2.81921e-05
eec: 197.096
weight: 0.000148723
eec: 800.203
weight: 3.20922e-05
eec: 193.955
weight: 1.45164e-07
eec: 974.623
weight: 0.000228689
eec: 101.643
weight: 1.11889e-06
eec: 58.3841
weight: 3.34391e-05
eec: 363.351
weight: 2.12839e-05
eec: 43.2
weight: 2.21624e-06
eec: 1215.55
weight: 0.000224361
eec: 286.245
weight: 5.13924e-05
eec: 2202.11
weight: 3.9152e-05
eec: 376.134
weight: 6.60721e-05
eec: 348.496
weight: 4.12558e-05
eec: 1131.29
weight: 8.11275e-05
eec: 678.845
weight: 0.000218102
eec: 1270.95
weight: 2.2525e-06
eec: 1662.72
weight: 1.66703e-07
eec: 266.158
weight: 8.82207e-05
eec: 233.488
weight: 3.46799e-05
eec: 2244.47
weight: 4.18237e-06
eec: 946.516
weight: 2.12633e-06
eec: 820.805
weight: 1.99185e-06
eec: 379.447
weight: 1.83201e-05
eec: 1080.82
weight: 5.8575e-05
eec: 155.595
weight: 0.0028328
eec: 258.382
weight: 0.00012221
eec: 125.497
weight: 0.000215701
eec: 446.578
weight: 9.44485e-06
eec: 337.334
weight: 6.44243e-06
eec: 625.293

ROOT exit code = 0
