gSystem->Load("run_condor_job_Run3_C.so");
run_condor_job_Run3(495, 100, 2,
                    80, 200,
                    1, 1, 1, 4);
.q

ENTERED run_condor_job_Run3()
JOBID = 495
  global job = 495  Job 95/100  events [5603100, 5662080)  total=5898000
Processing events [5603100, 5662080) of 5898000
weight: 0.000100141
eec: 485.714
weight: 5.64372e-05
eec: 329.591
weight: 4.32497e-05
eec: 127.541
weight: 0.000841537
eec: 580.894
weight: 0.00015936
eec: 667.399
weight: 1.85529e-05
eec: 1203.53
weight: 9.24679e-06
eec: 2396.15
weight: 6.08072e-06
eec: 161.468
weight: 9.92817e-06
eec: 2004.1
weight: 0.000359825
eec: 705.491
weight: 7.5056e-06
eec: 3138.29
weight: 1.12982e-05
eec: 1270
weight: 8.40275e-05
eec: 610.533
weight: 2.05034e-05
eec: 1437.76
weight: 0.00010282
eec: 53.1881
weight: 1.1021e-07
eec: 1072.27
weight: 3.33075e-06
eec: 350.766
weight: 8.4568e-06
eec: 332.01
weight: 9.29884e-06
eec: 631.965
weight: 1.06902e-05
eec: 1171.92
weight: 4.99322e-05
eec: 1266.72
weight: 5.52194e-05
eec: 373.577
weight: 2.38598e-08
eec: 236.734
weight: 1.50041e-05
eec: 123.397
weight: 1.57239e-05
eec: 4145.81
weight: 0.000259079
eec: 123.667
weight: 0.000500297
eec: 554.304
weight: 2.79323e-06
eec: 1209.21
weight: 5.21967e-05
eec: 667.821
weight: 1.15003e-05
eec: 44.0826
weight: 1.78873e-05
eec: 1013.75
weight: 5.07289e-05
eec: 70.856
weight: 8.27407e-06
eec: 610.532
weight: 5.41758e-06
eec: 852.167
weight: 6.41769e-05
eec: 98.1628
weight: 5.27275e-05
eec: 41.3293
weight: 7.43174e-06
eec: 250.873
weight: 3.55933e-06
eec: 3045.25
weight: 3.13775e-07
eec: 384.724
weight: 0.00113446
eec: 183.759
weight: 0.000174477
eec: 328.127
weight: 1.72776e-05
eec: 1184.32
weight: 5.91727e-06
eec: 3145.47
weight: 2.42979e-05
eec: 185.036
weight: 3.64943e-07
eec: 340.036
weight: 4.66327e-05
eec: 316.199
weight: 5.52359e-05
eec: 2144.48
weight: 4.8792e-05
eec: 74.8104
weight: 2.83983e-05
eec: 1827.52
weight: 3.54854e-05
eec: 503.607
weight: 8.79225e-05
eec: 914.28
weight: 2.66864e-06
eec: 515.333
weight: 7.2439e-07
eec: 41.7173
weight: 0.000139292
eec: 919.688
weight: 0.000391006
eec: 244.676
weight: 1.86736e-07
eec: 286.519
weight: 6.05468e-06
eec: 258.597
weight: 0.000196983
eec: 160.176
weight: 7.30269e-06
eec: 799.812
weight: 1.94604e-05
eec: 907.085
weight: 0.00013287
eec: 159.703
weight: 1.67451e-06
eec: 999.456
weight: 1.8484e-05
eec: 98.6339
weight: 2.72596e-05
eec: 1347.98
weight: 2.89885e-05
eec: 90.0312
weight: 5.27217e-06
eec: 163.904
weight: 1.72989e-05
eec: 62.0546
weight: 1.68722e-05
eec: 442.164
weight: 1.06788e-07
eec: 2622
weight: 3.5821e-06
eec: 284.455
weight: 6.41367e-05
eec: 682.3
weight: 2.48432e-05
eec: 111.141
weight: 6.44231e-05
eec: 301.48
weight: 0.000204826
eec: 889.63
weight: 0.000243124
eec: 48.824
weight: 2.91885e-05
eec: 1406.01
weight: 4.13357e-07
eec: 225.96
weight: 3.65574e-06
eec: 436.24
weight: 2.48526e-05
eec: 1002.9
weight: 2.31637e-05
eec: 722.313
weight: 5.27986e-05
eec: 467.676
weight: 1.09962e-05
eec: 106.559
weight: 6.33169e-06
eec: 1058.5
weight: 2.07668e-06
eec: 1617.24
weight: 5.45066e-06
eec: 269.621
weight: 1.74343e-06
eec: 2498.84
weight: 1.05678e-05
eec: 651.705
weight: 9.87086e-06
eec: 554.996
weight: 2.53063e-05
eec: 771.474
weight: 3.44733e-07
eec: 247.558
weight: 1.71187e-05
eec: 188.377
weight: 4.01299e-06
eec: 780.205
weight: 0.000178805
eec: 315.808
weight: 2.50401e-05
eec: 1145.61
weight: 6.61342e-05
eec: 527.476
weight: 1.15005e-06
eec: 498.824
weight: 8.69172e-06
eec: 97.5156
weight: 1.41453e-05
eec: 46.0045
weight: 7.9022e-05
eec: 105.295
weight: 4.72496e-05
eec: 14.189
weight: 5.87516e-06
eec: 43.8518
weight: 0.000429384
eec: 225.233
weight: 3.1587e-06
eec: 87.6652
weight: 0.000299485
eec: 794.223
weight: 5.3567e-05
eec: 141.483
weight: 0.000105527
eec: 1214.22
weight: 4.3136e-05
eec: 406.948
weight: 6.36021e-05
eec: 178.678
weight: 3.54784e-06
eec: 158.226
weight: 1.20208e-06
eec: 997.652
weight: 1.33027e-06
eec: 219.325
weight: 3.02307e-06
eec: 1335.57
weight: 1.42254e-06
eec: 1440.55
weight: 3.37856e-06
eec: 2010.88
weight: 5.29582e-05
eec: 1612.8
weight: 7.47354e-06
eec: 815.088
weight: 6.809e-08
eec: 90.926
weight: 2.45189e-05
eec: 2058.62
weight: 5.88478e-05
eec: 258.387
weight: 0.000302745
eec: 350.92
weight: 6.58587e-05
eec: 513.227
weight: 5.04519e-05
eec: 461.785
weight: 4.48227e-06
eec: 1242.44
weight: 0.000120784
eec: 600.382
weight: 0.000206506
eec: 337.339
weight: 0.000206506
eec: 441.982
weight: 1.70794e-05
eec: 1387.49
weight: 1.18145e-05
eec: 1292.55
weight: 6.88188e-06
eec: 1077.71
weight: 2.69172e-06
eec: 554.534
weight: 1.27899e-07
eec: 890.995
weight: 3.3708e-05
eec: 300.745
weight: 1.91954e-05
eec: 1012.33
weight: 8.92647e-06
eec: 386.534
weight: 4.8632e-05
eec: 753.651
weight: 5.29548e-05
eec: 395.672
weight: 4.62125e-05
eec: 655.102
weight: 3.60957e-05
eec: 8.50132
weight: 1.94339e-05
eec: 277.369
weight: 7.57218e-05
eec: 737.088
weight: 0.000101715
eec: 49.4082
weight: 2.15919e-06
eec: 390.554
weight: 1.82336e-05
eec: 247.925
weight: 7.12154e-05
eec: 881.523
weight: 6.34429e-05
eec: 719.924
weight: 1.31917e-05
eec: 1239.05
weight: 6.22366e-06
eec: 437.046
weight: 0.00015776
eec: 47.6669
weight: 7.47816e-05
eec: 117.475
weight: 7.47816e-05
eec: 867.864
weight: 0.000142658
eec: 416.134
weight: 0.000594308
eec: 166.364
weight: 1.84288e-05
eec: 304.153
weight: 3.95888e-06
eec: 1588.84
weight: 3.53056e-06
eec: 2260.57
weight: 1.29548e-05
eec: 909.625
weight: 0.000140798
eec: 300.428
weight: 7.38288e-05
eec: 285.229
weight: 5.81808e-05
eec: 121.758
weight: 1.89427e-08
eec: 143.398
weight: 8.99084e-06
eec: 182.073
weight: 3.00454e-05
eec: 203.708
weight: 0.000116098
eec: 233.381
weight: 0.00012813
eec: 145.506
weight: 3.71839e-07
eec: 65.6496
weight: 6.49406e-06
eec: 15.2578
weight: 8.95779e-06
eec: 242.576
weight: 8.91392e-05
eec: 176.503
weight: 5.04313e-05
eec: 937.634
weight: 0.000626588
eec: 186.547
weight: 4.50388e-05
eec: 1034.75
weight: 2.89959e-05
eec: 190.824
weight: 0.00012278
eec: 399.573
weight: 7.2098e-05
eec: 157.166
weight: 4.13056e-05
eec: 897.497
weight: 0.000155581
eec: 50.6012
weight: 7.84752e-06
eec: 1283.61
weight: 7.81404e-05
eec: 181.49
weight: 8.79584e-06
eec: 191.32
weight: 3.64562e-06
eec: 508.448
weight: 6.21851e-05
eec: 87.1592
weight: 0.000194423
eec: 738.572
weight: 4.4765e-07
eec: 436.924
weight: 1.22018e-05
eec: 266.873
Processing: 95.7952 %weight: 0.000450895
eec: 101.596
weight: 0.000450895
eec: 285.971
weight: 9.71446e-07
eec: 2074.09
weight: 0.000830383
eec: 579.023
weight: 2.73134e-05
eec: 178.189
weight: 1.13801e-05
eec: 417.845
weight: 0.000241709
eec: 234.978
weight: 2.56062e-05
eec: 1888.02
weight: 2.39136e-06
eec: 264.619
weight: 0.00122046
eec: 160.994
weight: 7.91221e-05
eec: 61.4319
weight: 0.0011016
eec: 362.19
weight: 2.57739e-05
eec: 375.966
weight: 7.89548e-06
eec: 462.166
weight: 2.31129e-06
eec: 256.75
weight: 9.04505e-06
eec: 823.265
weight: 7.13867e-06
eec: 473.249
weight: 5.80591e-06
eec: 162.097
weight: 6.03658e-06
eec: 2090.35
weight: 1.07608e-05
eec: 86.9407
weight: 0.000141181
eec: 54.9011
weight: 0.000109317
eec: 313.571
weight: 2.49606e-06
eec: 421.449
weight: 1.31674e-05
eec: 79.1795
weight: 5.91836e-07
eec: 561.844
weight: 2.9225e-05
eec: 70.5953
weight: 3.42674e-05
eec: 1565.65
weight: 6.26854e-05
eec: 1303.71
weight: 0.000114464
eec: 59.4785
weight: 8.09979e-07
eec: 627.954
weight: 0.000165038
eec: 324.553
weight: 5.05465e-05
eec: 809.95
weight: 2.69783e-05
eec: 574.649
weight: 0.00016819
eec: 116.208
weight: 3.15471e-05
eec: 1745.72
weight: 9.31499e-06
eec: 898.004
weight: 3.3004e-07
eec: 437.189
weight: 1.48339e-05
eec: 1209.76
weight: 1.53683e-06
eec: 703.244
weight: 3.92283e-05
eec: 62.1848
weight: 4.56814e-06
eec: 364.014
weight: 6.41584e-06
eec: 112.516
weight: 6.41584e-06
eec: 495.811

ROOT exit code = 0
