gSystem->Load("run_condor_job_Run3_C.so");
run_condor_job_Run3(868, 100, 2,
                    80, 200,
                    1, 1, 1, 8);
.q

ENTERED run_condor_job_Run3()
JOBID = 868
  global job = 868  Job 68/100  events [4080000, 4140000)  total=6000000
Processing events [4080000, 4140000) of 6000000
weight: 2.23783e-05
eec: 66.4967
weight: 1.42313e-05
eec: 743.115
weight: 4.64983e-05
eec: 2496.03
weight: 7.37598e-05
eec: 834.285
weight: 2.12739e-05
eec: 940.783
weight: 7.37603e-05
eec: 100.737
weight: 4.00524e-05
eec: 1215.92
weight: 4.34488e-05
eec: 902.372
weight: 6.98255e-06
eec: 1668.34
weight: 0.000752517
eec: 61.1962
weight: 7.7774e-05
eec: 103.41
weight: 0.000270579
eec: 4.63212
weight: 6.88085e-06
eec: 1423.37
weight: 1.3316e-05
eec: 309.972
weight: 2.9988e-06
eec: 735.445
weight: 2.34004e-06
eec: 1454.42
weight: 1.66641e-05
eec: 155.26
weight: 1.01167e-05
eec: 12.2983
weight: 3.29512e-05
eec: 164.106
weight: 0.000103004
eec: 744.651
weight: 4.78606e-08
eec: 2144.62
weight: 2.8777e-06
eec: 94.4445
weight: 0.000553862
eec: 334.316
weight: 2.09568e-05
eec: 332.866
weight: 1.44395e-06
eec: 100.025
weight: 1.27537e-05
eec: 78.5021
weight: 8.95796e-05
eec: 1569.24
weight: 4.87201e-05
eec: 613.466
weight: 7.4861e-06
eec: 382.298
weight: 2.18633e-05
eec: 1483.82
weight: 1.31291e-05
eec: 379.848
weight: 0.000102034
eec: 627.675
weight: 3.06345e-06
eec: 1868.22
weight: 9.49882e-06
eec: 670.605
weight: 2.62174e-05
eec: 602.006
weight: 1.31558e-05
eec: 161.625
weight: 0.000161203
eec: 701.423
weight: 1.28152e-05
eec: 97.6781
weight: 1.05478e-06
eec: 1871.26
weight: 7.60105e-06
eec: 69.029
weight: 4.9095e-05
eec: 1019.68
weight: 5.05941e-05
eec: 617.867
weight: 3.56144e-05
eec: 2290.27
weight: 1.30066e-05
eec: 76.3689
weight: 5.33126e-05
eec: 60.5137
weight: 6.0173e-07
eec: 369.436
weight: 4.14376e-05
eec: 223.272
weight: 6.39027e-06
eec: 1086.11
weight: 7.37486e-06
eec: 1530.41
weight: 1.09546e-08
eec: 299.23
weight: 2.45152e-05
eec: 1734.9
weight: 3.50123e-06
eec: 168.353
weight: 0.000135059
eec: 249.392
weight: 5.25468e-06
eec: 665.694
weight: 2.92918e-05
eec: 73.9049
weight: 0.000131592
eec: 121.621
weight: 1.86033e-05
eec: 82.9958
weight: 3.39838e-05
eec: 545.61
weight: 2.85093e-05
eec: 269.848
weight: 0.000523236
eec: 323.398
weight: 3.07951e-05
eec: 3435.49
weight: 2.7159e-05
eec: 47.8378
weight: 2.7159e-05
eec: 32.3675
weight: 0.000108379
eec: 410.696
weight: 8.20529e-05
eec: 181.353
weight: 3.42214e-05
eec: 245.068
weight: 0.00031156
eec: 18.4601
weight: 1.03487e-05
eec: 87.76
weight: 6.23732e-05
eec: 610.107
weight: 8.91044e-07
eec: 385.113
weight: 1.12228e-06
eec: 1038.34
weight: 1.58012e-05
eec: 1322.79
weight: 1.58527e-06
eec: 645.616
weight: 2.42416e-05
eec: 407.699
weight: 1.20399e-05
eec: 109.037
weight: 8.00043e-07
eec: 173.601
weight: 0.000221206
eec: 21.6039
weight: 4.30544e-05
eec: 271.568
weight: 2.98097e-08
eec: 189.86
weight: 1.27162e-05
eec: 10.1452
weight: 7.70759e-05
eec: 301.704
weight: 1.83366e-06
eec: 353.399
weight: 3.17094e-05
eec: 175.331
weight: 1.46751e-05
eec: 348.55
Processing: 68.3333 %weight: 0.000262274
eec: 278.045
weight: 7.81001e-06
eec: 219.257
weight: 6.72277e-05
eec: 51.8708
weight: 3.31033e-08
eec: 128.51
weight: 6.53489e-05
eec: 558.267
weight: 2.61172e-05
eec: 76.8407
weight: 6.43013e-05
eec: 60.5324
weight: 0.000987867
eec: 363.947
weight: 8.08878e-05
eec: 66.995
weight: 4.99065e-06
eec: 511.221
weight: 7.82045e-06
eec: 2306.97
weight: 2.04737e-05
eec: 965.798
weight: 1.71324e-05
eec: 934.996
weight: 0.000710279
eec: 210.033
weight: 3.26589e-06
eec: 213.779
weight: 1.4731e-05
eec: 417.491
weight: 0.000240387
eec: 57.9336
weight: 1.23231e-06
eec: 81.4264
weight: 0.000132463
eec: 358.015
weight: 5.54415e-05
eec: 79.1134
weight: 2.69985e-05
eec: 279.104
weight: 3.12198e-05
eec: 1034.32
weight: 4.92618e-05
eec: 93.8321
weight: 9.26859e-05
eec: 1155.02
weight: 3.88553e-06
eec: 1595.98
weight: 4.56824e-06
eec: 49.8969
weight: 7.18892e-05
eec: 97.4901
weight: 6.77445e-05
eec: 86.2789
weight: 5.05628e-06
eec: 1291.24
weight: 2.1585e-07
eec: 100.468
weight: 2.02038e-06
eec: 234.17
weight: 6.02476e-07
eec: 1082.5
weight: 3.73841e-05
eec: 302.27
weight: 8.36366e-05
eec: 296.131
weight: 1.43491e-05
eec: 1038.52
weight: 0.000107447
eec: 415.72
weight: 5.34112e-05
eec: 449.594
weight: 1.74166e-05
eec: 177.878
weight: 0.000121564
eec: 1068.02
weight: 2.33795e-06
eec: 171.556
weight: 1.44719e-06
eec: 517.283
weight: 4.68327e-05
eec: 72.7176
weight: 3.05472e-05
eec: 140.317
weight: 5.17541e-05
eec: 74.6767
weight: 2.15803e-05
eec: 30.3384
weight: 2.91393e-05
eec: 41.527
weight: 2.39432e-05
eec: 1459.94
weight: 2.76157e-05
eec: 464.46
weight: 2.91188e-05
eec: 977.548
weight: 6.59547e-06
eec: 511.86
weight: 5.76356e-05
eec: 835.816
weight: 0.00101428
eec: 451.685
weight: 6.39508e-07
eec: 203.717
weight: 0.000106213
eec: 655.638
weight: 4.88038e-05
eec: 816.088
weight: 0.000210634
eec: 925.542
weight: 1.33736e-05
eec: 322.739
weight: 1.0101e-05
eec: 261.079
weight: 1.52752e-05
eec: 78.2246
weight: 0.000200985
eec: 554.77
weight: 1.5441e-06
eec: 265.71
weight: 4.16664e-06
eec: 69.787
weight: 0.000204489
eec: 144.68
weight: 3.22096e-05
eec: 251.334
weight: 5.88615e-05
eec: 354.013
weight: 8.13007e-05
eec: 88.3464
weight: 1.50283e-05
eec: 138.476
weight: 3.91648e-06
eec: 275.155
weight: 3.75176e-05
eec: 479.601
weight: 0.000317431
eec: 315.845
weight: 5.58843e-05
eec: 339.757
weight: 2.08641e-06
eec: 429.856
weight: 7.75649e-06
eec: 82.0458
weight: 8.46703e-05
eec: 879.478
weight: 4.38251e-05
eec: 157.739
weight: 9.30117e-06
eec: 1604.88
weight: 4.12193e-05
eec: 295.001
weight: 8.44793e-05
eec: 673.874
weight: 0.000726264
eec: 24.523
weight: 0.000372787
eec: 664.553
weight: 4.06477e-05
eec: 33.445
weight: 2.18445e-05
eec: 655.897
weight: 2.11923e-05
eec: 413.219
weight: 1.43361e-05
eec: 100.332
weight: 9.65699e-06
eec: 672.711
weight: 1.62268e-06
eec: 619.896
weight: 0.000102989
eec: 543.965
weight: 6.44588e-06
eec: 3081.71
weight: 2.45407e-05
eec: 840.877
weight: 7.33328e-05
eec: 77.3448
weight: 2.06908e-05
eec: 256.274
weight: 2.22455e-05
eec: 1399.68
weight: 0.000138112
eec: 558.441
weight: 6.10852e-06
eec: 89.3215
weight: 0.000209505
eec: 63.22
weight: 3.35835e-05
eec: 815.225
weight: 1.35596e-05
eec: 1352.54
weight: 2.28998e-05
eec: 539.625
weight: 2.99817e-05
eec: 494.994
weight: 2.1217e-05
eec: 447.638
weight: 6.24471e-06
eec: 681.127
weight: 5.38144e-06
eec: 578.935
weight: 8.43563e-05
eec: 1418.55
weight: 0.000369375
eec: 1068.4
weight: 1.45862e-06
eec: 604.837
weight: 4.58923e-05
eec: 41.6431
weight: 1.40656e-05
eec: 95.9834
weight: 1.33727e-05
eec: 3209.38
weight: 6.29486e-05
eec: 122.774
weight: 5.1554e-08
eec: 173.253
weight: 3.15369e-07
eec: 877.017
weight: 0.000298383
eec: 551.33
weight: 2.55832e-06
eec: 45.2485
weight: 1.02774e-05
eec: 438.411
weight: 9.57387e-05
eec: 416.298
weight: 3.24384e-05
eec: 270.051
weight: 8.53661e-06
eec: 1036.53
weight: 1.62676e-07
eec: 121.92
weight: 0.000289612
eec: 182.887
weight: 4.7934e-07
eec: 142.456
weight: 4.49307e-06
eec: 1093.92
weight: 9.01617e-05
eec: 50.0809
weight: 0.000258239
eec: 86.7803
weight: 4.29327e-05
eec: 273.033
weight: 6.57245e-05
eec: 175.635
weight: 1.12692e-06
eec: 32.8171
weight: 3.59327e-05
eec: 915.533
weight: 5.40424e-07
eec: 723.316
weight: 2.49417e-05
eec: 319.525
weight: 4.3126e-05
eec: 345.097
weight: 3.43874e-06
eec: 192.882
weight: 4.57762e-05
eec: 50.9804
weight: 0.000199821
eec: 916.409
weight: 6.64542e-05
eec: 1398.42
weight: 9.28385e-05
eec: 563.535
weight: 6.06759e-05
eec: 24.2332
weight: 2.23494e-06
eec: 917.028
weight: 5.0187e-07
eec: 1623.6
weight: 1.88974e-05
eec: 165.212
weight: 2.10506e-05
eec: 841.053
weight: 3.16761e-06
eec: 84.8376
weight: 2.56596e-05
eec: 2400.8
weight: 0.000444984
eec: 58.2878
weight: 4.02596e-05
eec: 452.946
weight: 1.03885e-07
eec: 169.455
weight: 1.88037e-05
eec: 1571.66
weight: 0.000353667
eec: 120.949
weight: 3.56177e-05
eec: 792.935

ROOT exit code = 0
