gSystem->Load("run_condor_job_Run3_C.so");
run_condor_job_Run3(167, 100, 2,
                    80, 200,
                    1, 1, 1, 1);
.q

ENTERED run_condor_job_Run3()
JOBID = 167
  global job = 167  Job 67/100  events [3927540, 3986160)  total=5862000
Processing events [3927540, 3986160) of 5862000
weight: 2.94953e-06
eec: 212.703
weight: 5.99439e-08
eec: 1157.58
weight: 3.79486e-06
eec: 120.128
weight: 4.39131e-07
eec: 488.756
weight: 0.000158493
eec: 104.213
weight: 5.0041e-05
eec: 60.6566
weight: 0.000339156
eec: 988.492
weight: 2.63215e-05
eec: 1691.14
weight: 2.6587e-05
eec: 1063.61
weight: 1.26412e-06
eec: 173.671
weight: 0.000109719
eec: 914.996
weight: 2.66539e-05
eec: 3.73857
weight: 9.11555e-05
eec: 978.804
weight: 4.96373e-05
eec: 1070.35
weight: 2.29838e-05
eec: 475.487
weight: 1.17395e-05
eec: 170.626
weight: 4.63699e-05
eec: 774.378
weight: 9.49452e-05
eec: 558.736
weight: 9.09812e-06
eec: 481.507
weight: 2.97444e-06
eec: 1376.47
weight: 0.000155138
eec: 87.4234
weight: 2.47943e-05
eec: 444.399
weight: 3.29637e-05
eec: 1934.76
weight: 0.000299958
eec: 1249.33
weight: 1.69293e-05
eec: 290.411
weight: 1.69293e-05
eec: 352.829
weight: 4.91226e-06
eec: 512.625
weight: 6.52747e-06
eec: 405.382
weight: 6.00177e-05
eec: 273.503
weight: 0.000154794
eec: 122.957
weight: 2.8194e-05
eec: 334.643
weight: 7.77722e-05
eec: 250.711
weight: 4.00708e-05
eec: 715.754
weight: 4.77926e-07
eec: 923.335
weight: 3.3916e-05
eec: 169.421
weight: 0.00016299
eec: 469.609
weight: 0.000109957
eec: 135.211
weight: 2.91227e-05
eec: 827.075
weight: 6.32774e-05
eec: 51.5871
weight: 0.000171458
eec: 2269.44
weight: 2.00774e-05
eec: 1274.31
weight: 1.46559e-05
eec: 386.776
weight: 1.70839e-05
eec: 2909.92
weight: 0.000151919
eec: 663.032
weight: 0.000115478
eec: 350.15
weight: 7.37123e-08
eec: 397.64
weight: 1.56791e-05
eec: 159.193
weight: 3.18819e-06
eec: 2651.19
weight: 5.65217e-05
eec: 379.509
weight: 1.13289e-06
eec: 2155.42
weight: 0.000126211
eec: 241.709
weight: 1.76538e-05
eec: 1007
weight: 0.000150406
eec: 17.6261
weight: 0.000110787
eec: 1056.88
weight: 0.000848587
eec: 112.266
weight: 0.000119469
eec: 29.6558
weight: 0.000158654
eec: 277.685
weight: 4.88475e-05
eec: 251.78
weight: 7.34693e-05
eec: 1621.65
weight: 0.00147286
eec: 540.744
weight: 6.55562e-06
eec: 296.928
weight: 0.000190395
eec: 549.877
weight: 5.72197e-06
eec: 2001.57
weight: 6.35301e-05
eec: 487.275
weight: 8.60828e-06
eec: 96.8118
weight: 0.000427365
eec: 86.8532
weight: 0.000313321
eec: 784.569
weight: 0.000296874
eec: 364.44
weight: 3.32869e-08
eec: 26.1624
weight: 1.92782e-05
eec: 595.656
weight: 1.81074e-06
eec: 141.175
weight: 5.13518e-06
eec: 147.995
weight: 2.10592e-06
eec: 487.838
weight: 8.26485e-06
eec: 226.967
weight: 2.22886e-05
eec: 3880.23
weight: 1.00155e-06
eec: 494.017
weight: 0.00091696
eec: 124.863
weight: 6.84859e-06
eec: 35.5537
weight: 0.000122052
eec: 900.093
weight: 7.34231e-07
eec: 1128.93
weight: 5.41661e-06
eec: 215.967
weight: 0.000935038
eec: 223.003
weight: 1.46537e-05
eec: 92.7809
weight: 7.50781e-06
eec: 362.471
weight: 0.000374875
eec: 187.92
weight: 4.86304e-05
eec: 348.056
Processing: 67.3831 %weight: 7.70476e-08
eec: 1549.65
weight: 3.83615e-06
eec: 3027.86
weight: 7.38256e-05
eec: 615.813
weight: 0.000177666
eec: 1434.54
weight: 0.000174422
eec: 41.051
weight: 0.000834636
eec: 652.179
weight: 1.21325e-05
eec: 132.11
weight: 0.00039653
eec: 640.683
weight: 1.70218e-05
eec: 308.883
weight: 9.63818e-06
eec: 54.7686
weight: 4.97226e-05
eec: 61.146
weight: 3.38359e-05
eec: 126.935
weight: 7.80232e-06
eec: 273.089
weight: 0.000134274
eec: 761.883
weight: 2.23044e-05
eec: 295.717
weight: 0.000267392
eec: 158.659
weight: 1.54406e-05
eec: 58.8341
weight: 8.6376e-05
eec: 408.424
weight: 6.69564e-05
eec: 102.368
weight: 3.5263e-06
eec: 358.776
weight: 4.12841e-06
eec: 1883.03
weight: 3.46676e-05
eec: 477.158
weight: 1.21273e-05
eec: 1509.78
weight: 0.000112299
eec: 145.139
weight: 1.9814e-05
eec: 195.23
weight: 4.22584e-07
eec: 1110.16
weight: 8.27323e-05
eec: 182.114
weight: 1.01616e-05
eec: 957.955
weight: 4.02475e-06
eec: 277.587
weight: 0.000141635
eec: 1518.63
weight: 0.000624751
eec: 274.78
weight: 0.000420847
eec: 549.836
weight: 4.58145e-06
eec: 362.771
weight: 9.92688e-06
eec: 189.478
weight: 3.41242e-05
eec: 125.756
weight: 1.40164e-06
eec: 486.772
weight: 2.76696e-05
eec: 265.487
weight: 3.71807e-06
eec: 2783.62
weight: 9.2236e-05
eec: 200.86
weight: 3.00546e-06
eec: 423.73
weight: 8.37721e-06
eec: 90.1908
weight: 1.66391e-05
eec: 433.226
weight: 4.79145e-06
eec: 447.118
weight: 5.67156e-06
eec: 269.949
weight: 1.36941e-05
eec: 327.174
weight: 2.82626e-05
eec: 1636.5
weight: 5.46702e-05
eec: 979.38
weight: 1.95647e-06
eec: 426.893
weight: 0.000407919
eec: 111.032
weight: 1.16536e-05
eec: 1639.04
weight: 8.71554e-06
eec: 60.4918
weight: 0.000276146
eec: 859.78
weight: 0.000106768
eec: 460.881
weight: 6.65838e-05
eec: 1278.35
weight: 6.9838e-08
eec: 262.231
weight: 5.43991e-06
eec: 963.652
weight: 3.63367e-05
eec: 515.099
weight: 0.00157396
eec: 51.9774
weight: 7.55446e-06
eec: 880.819
weight: 4.08258e-06
eec: 948.59
weight: 1.36426e-05
eec: 698.773
weight: 0.000131888
eec: 329.986
weight: 9.28414e-05
eec: 1062.89
weight: 8.7456e-05
eec: 236.224
weight: 8.04758e-05
eec: 33.1716
weight: 9.24079e-06
eec: 747.319
weight: 2.90091e-05
eec: 138.146
weight: 0.000138895
eec: 854.672
weight: 2.18515e-05
eec: 7.96152
weight: 2.34979e-06
eec: 740.913
weight: 6.49657e-06
eec: 162.03
weight: 1.15012e-05
eec: 133.6
weight: 1.39869e-05
eec: 493.802
weight: 9.24747e-05
eec: 258.591
weight: 9.4392e-05
eec: 97.0943
weight: 0.000346835
eec: 674.547
weight: 6.63416e-06
eec: 741.233
weight: 3.47408e-05
eec: 28.0088
weight: 1.44014e-05
eec: 828.022
weight: 7.28996e-05
eec: 227.671
weight: 5.86234e-05
eec: 490.884
weight: 1.28896e-05
eec: 7.8483
weight: 7.34338e-05
eec: 226.541
weight: 1.12055e-06
eec: 71.14
weight: 2.68053e-05
eec: 252.599
weight: 1.1431e-05
eec: 1291.49
weight: 8.41923e-06
eec: 1138.54
weight: 9.79444e-07
eec: 1421.67
weight: 1.94592e-06
eec: 201.312
weight: 0.00076299
eec: 920.851
weight: 4.71827e-05
eec: 1126.12
weight: 0.000106934
eec: 156.139
weight: 0.000418773
eec: 109.301
weight: 0.000242575
eec: 652.636
weight: 8.41851e-06
eec: 263.363
weight: 0.000226871
eec: 680.618
weight: 6.6185e-09
eec: 241.07
weight: 2.14965e-06
eec: 28.5585
weight: 2.13711e-06
eec: 177.829
weight: 1.44492e-05
eec: 2504.75
weight: 1.51166e-05
eec: 118.62
weight: 4.76624e-06
eec: 1629.95
weight: 0.000254361
eec: 48.7484
weight: 4.49959e-05
eec: 56.5344
weight: 0.000749597
eec: 90.4658
weight: 8.23763e-06
eec: 163.107
weight: 2.25506e-06
eec: 941.574
weight: 0.000101586
eec: 187.379
weight: 0.000208152
eec: 19.7598
weight: 6.99057e-06
eec: 569.958
weight: 3.5627e-05
eec: 241.463
weight: 1.33309e-05
eec: 553.434
weight: 6.49534e-06
eec: 914.744
weight: 4.51245e-07
eec: 2262.46
weight: 3.57191e-05
eec: 196.309
weight: 1.09311e-05
eec: 681.977
weight: 8.52199e-07
eec: 688.733
weight: 0.000202727
eec: 406.09
weight: 2.43794e-06
eec: 309.645
weight: 2.09884e-05
eec: 858.781
weight: 0.000279103
eec: 133.644
weight: 8.50676e-07
eec: 64.0034
weight: 5.24164e-06
eec: 1564.52
weight: 3.16793e-06
eec: 360.257
weight: 3.89496e-06
eec: 1098.76
weight: 2.9762e-05
eec: 1215.52
weight: 1.61163e-05
eec: 759.058
weight: 1.47406e-05
eec: 427.702
weight: 5.35568e-05
eec: 367.731
weight: 3.75451e-05
eec: 162.849
weight: 6.34641e-05
eec: 458.584
weight: 0.000255367
eec: 1387.05
weight: 4.18621e-05
eec: 416.101
weight: 0.000112562
eec: 124.027
weight: 0.000180665
eec: 863.408
weight: 3.8211e-05
eec: 853.287
weight: 3.142e-05
eec: 386.367
weight: 0.000105651
eec: 94.7439
weight: 5.61987e-05
eec: 1429.32
weight: 1.51495e-05
eec: 88.6239

ROOT exit code = 0
