gSystem->Load("run_condor_job_Run3_C.so");
run_condor_job_Run3(837, 100, 2,
                    80, 200,
                    1, 1, 1, 8);
.q

ENTERED run_condor_job_Run3()
JOBID = 837
  global job = 837  Job 37/100  events [2220000, 2280000)  total=6000000
Processing events [2220000, 2280000) of 6000000
weight: 6.91257e-05
eec: 283.298
weight: 8.49662e-06
eec: 689.227
weight: 2.95144e-05
eec: 1232.54
weight: 8.89007e-05
eec: 247.781
weight: 2.00905e-05
eec: 287.283
weight: 1.67908e-05
eec: 216.702
weight: 1.29063e-06
eec: 441.137
weight: 2.99263e-05
eec: 706.867
weight: 8.76768e-05
eec: 260.425
weight: 6.69488e-06
eec: 79.4292
weight: 0.000182303
eec: 72.0622
weight: 1.96242e-05
eec: 375.282
weight: 6.35066e-06
eec: 532.321
weight: 0.00108725
eec: 224.935
weight: 6.34247e-07
eec: 377.618
weight: 7.34935e-05
eec: 380.297
weight: 1.77681e-05
eec: 372.234
weight: 0.00013942
eec: 62.7727
weight: 0.000516759
eec: 228.395
weight: 6.29201e-05
eec: 375.149
weight: 7.09103e-06
eec: 460.008
weight: 7.04762e-07
eec: 225.887
weight: 3.71275e-06
eec: 360.346
weight: 3.14725e-07
eec: 168.326
weight: 7.5003e-05
eec: 253.276
weight: 2.93351e-05
eec: 711.806
weight: 5.28822e-06
eec: 640.155
weight: 4.84934e-06
eec: 562.502
weight: 0.000197406
eec: 404.365
weight: 9.49274e-06
eec: 494.751
weight: 8.44015e-06
eec: 2324.77
weight: 0.000141193
eec: 373.02
weight: 5.03397e-05
eec: 289.24
weight: 2.18443e-05
eec: 470.305
weight: 5.27124e-05
eec: 318.758
weight: 0.000335808
eec: 69.7448
weight: 1.63094e-05
eec: 1471.89
weight: 0.000147522
eec: 871.026
weight: 9.40602e-06
eec: 324.254
weight: 0.0001365
eec: 130.57
weight: 4.67181e-06
eec: 1458
weight: 1.02282e-05
eec: 233.8
weight: 1.38766e-05
eec: 34.7123
weight: 1.40984e-06
eec: 155.62
weight: 1.63564e-05
eec: 102.445
weight: 2.3991e-05
eec: 140.491
weight: 0.00214822
eec: 489.569
weight: 2.8698e-05
eec: 523.242
weight: 8.16155e-05
eec: 1321.76
weight: 6.19627e-06
eec: 100.207
weight: 0.000196218
eec: 305.408
weight: 1.59287e-05
eec: 200.147
weight: 6.4266e-05
eec: 878.76
weight: 9.6057e-06
eec: 199.265
weight: 5.94928e-06
eec: 277.972
weight: 4.86791e-06
eec: 66.7076
weight: 2.18234e-05
eec: 721.091
weight: 7.83852e-05
eec: 289.617
weight: 6.32454e-05
eec: 99.9469
weight: 1.42856e-05
eec: 609.261
weight: 6.57692e-06
eec: 198.52
weight: 6.86602e-08
eec: 255.089
weight: 2.49303e-07
eec: 321.004
weight: 0.000107329
eec: 103.71
weight: 3.57375e-06
eec: 803.613
weight: 4.70456e-05
eec: 950.436
weight: 0.000213913
eec: 21.335
weight: 1.01063e-07
eec: 1188.24
weight: 7.42295e-05
eec: 82.3892
weight: 8.58189e-05
eec: 123.447
weight: 2.47451e-05
eec: 172.356
weight: 0.000456374
eec: 128.593
weight: 0.00011139
eec: 128.346
weight: 2.19317e-06
eec: 496.235
weight: 1.01254e-05
eec: 49.4105
weight: 4.43514e-06
eec: 855.59
weight: 9.33042e-06
eec: 253.401
weight: 5.43041e-06
eec: 522.272
weight: 1.85799e-07
eec: 137.848
weight: 1.916e-05
eec: 29.9465
weight: 1.92694e-05
eec: 91.7912
weight: 4.40741e-05
eec: 175.079
weight: 1.61538e-06
eec: 104.571
weight: 1.15089e-05
eec: 64.9079
weight: 3.37357e-06
eec: 1026.74
weight: 1.26147e-05
eec: 3577.08
weight: 3.87486e-05
eec: 463.773
weight: 7.96918e-07
eec: 111.162
weight: 1.53168e-06
eec: 1286.99
weight: 0.000181117
eec: 98.0618
weight: 1.87396e-05
eec: 1049.76
weight: 9.00749e-06
eec: 751.199
weight: 5.57993e-05
eec: 107.711
weight: 1.87563e-05
eec: 133.901
weight: 3.9384e-05
eec: 31.265
weight: 5.13885e-06
eec: 182.431
weight: 6.32524e-06
eec: 216.808
weight: 2.92441e-05
eec: 100.024
weight: 7.99738e-05
eec: 278.068
weight: 1.21873e-05
eec: 1987.49
weight: 6.67708e-05
eec: 43.3193
weight: 2.24237e-05
eec: 582.959
weight: 1.29259e-05
eec: 165.866
weight: 0.000228967
eec: 1500.97
weight: 0.000870066
eec: 149.151
weight: 1.11062e-05
eec: 568.07
weight: 4.83289e-05
eec: 265.611
Processing: 37.5 %weight: 0.000101044
eec: 1029.08
weight: 8.22681e-06
eec: 55.2042
weight: 7.9432e-05
eec: 28.8582
weight: 5.04825e-05
eec: 145.801
weight: 3.78971e-05
eec: 870.589
weight: 3.62411e-05
eec: 1298.85
weight: 1.23803e-05
eec: 78.5844
weight: 4.13481e-05
eec: 878.011
weight: 9.98354e-05
eec: 74.8235
weight: 0.000493593
eec: 1278.33
weight: 2.88364e-06
eec: 3167.88
weight: 0.000352667
eec: 467.141
weight: 0.000135872
eec: 1655.38
weight: 6.02426e-06
eec: 615.346
weight: 1.10361e-05
eec: 98.2589
weight: 4.56872e-06
eec: 1508.65
weight: 0.00038579
eec: 326.807
weight: 0.000355651
eec: 394.742
weight: 6.45233e-06
eec: 215.495
weight: 1.92223e-05
eec: 1034.61
weight: 4.66053e-05
eec: 1506.37
weight: 7.9299e-07
eec: 268.692
weight: 1.3014e-06
eec: 747.098
weight: 2.76099e-05
eec: 1269.99
weight: 1.21674e-05
eec: 67.193
weight: 1.21411e-05
eec: 160.458
weight: 8.05846e-05
eec: 492.907
weight: 8.4048e-05
eec: 296.071
weight: 4.49502e-06
eec: 811.852
weight: 6.76738e-05
eec: 11.0898
weight: 7.81278e-06
eec: 2220.51
weight: 1.06925e-05
eec: 556.997
weight: 5.67257e-07
eec: 694.745
weight: 1.01395e-05
eec: 1357.56
weight: 0.000862514
eec: 181.312
weight: 1.02844e-06
eec: 173.134
weight: 1.39017e-06
eec: 21.9126
weight: 2.99104e-05
eec: 1850.22
weight: 8.16985e-07
eec: 1607.66
weight: 0.000147614
eec: 249.098
weight: 6.22235e-05
eec: 935.57
weight: 0.000215073
eec: 353.009
weight: 0.000222542
eec: 532.759
weight: 1.6739e-05
eec: 1099.36
weight: 2.80909e-05
eec: 2161.86
weight: 1.57423e-05
eec: 77.0115
weight: 0.000113995
eec: 531.817
weight: 3.68377e-05
eec: 48.935
weight: 1.47264e-06
eec: 141.853
weight: 1.59412e-05
eec: 770.376
weight: 0.000129337
eec: 509.476
weight: 9.00299e-05
eec: 2177.62
weight: 3.52448e-06
eec: 378.58
weight: 3.97707e-05
eec: 1216.53
weight: 4.29691e-06
eec: 2048.36
weight: 6.61555e-06
eec: 1589.48
weight: 5.56276e-05
eec: 144.881
weight: 6.8622e-06
eec: 767.741
weight: 3.96773e-06
eec: 934.647
weight: 1.19082e-05
eec: 335.135
weight: 1.35689e-05
eec: 1208.33
weight: 0.000216636
eec: 262.628
weight: 6.66109e-06
eec: 172.932
weight: 1.1908e-05
eec: 337.507
weight: 4.50656e-06
eec: 106.185
weight: 0.000149297
eec: 304.379
weight: 1.01454e-05
eec: 806.575
weight: 1.31304e-08
eec: 1729.02
weight: 0.000681679
eec: 375.624
weight: 0.000118158
eec: 357.266
weight: 6.64804e-06
eec: 701.909
weight: 5.56871e-05
eec: 1046.71
weight: 1.36527e-07
eec: 285.493
weight: 8.20263e-06
eec: 3482.21
weight: 2.57171e-05
eec: 30.2715
weight: 2.66333e-06
eec: 966.954
weight: 6.618e-06
eec: 570.846
weight: 4.50163e-05
eec: 445.325
weight: 0.000698629
eec: 779.113
weight: 2.45157e-06
eec: 711.302
weight: 0.000458888
eec: 96.35
weight: 1.64862e-05
eec: 517.457
weight: 1.45188e-05
eec: 1453.97
weight: 0.000209048
eec: 56.8187
weight: 7.75659e-06
eec: 507.092
weight: 2.38457e-05
eec: 1261.59
weight: 3.11359e-06
eec: 838.804
weight: 0.000209459
eec: 795.064
weight: 7.59661e-05
eec: 1188.17
weight: 7.60947e-06
eec: 1176.63
weight: 2.15928e-06
eec: 396.862
weight: 0.000793398
eec: 467.239
weight: 0.000631082
eec: 37.6803
weight: 6.61618e-06
eec: 612.617
weight: 1.21751e-05
eec: 1307.79
weight: 1.59264e-05
eec: 331.868
weight: 9.07353e-06
eec: 541.586
weight: 1.13652e-05
eec: 585.723
weight: 1.32139e-07
eec: 71.5862
weight: 1.93838e-05
eec: 176.027
weight: 0.00028984
eec: 140.131
weight: 3.14165e-05
eec: 326.18
weight: 9.55093e-06
eec: 129.292
weight: 8.15452e-07
eec: 88.2552
weight: 2.45007e-06
eec: 577.337
weight: 6.88938e-05
eec: 245.919
weight: 1.28936e-05
eec: 470.059
weight: 0.000386999
eec: 574.09
weight: 0.000275521
eec: 166.176
weight: 1.64967e-05
eec: 1275.65
weight: 0.000172517
eec: 1077.63
weight: 3.2915e-05
eec: 849.137

ROOT exit code = 0
