gSystem->Load("run_condor_job_Run3_C.so");
run_condor_job_Run3(769, 100, 2,
                    80, 200,
                    1, 1, 1, 7);
.q

ENTERED run_condor_job_Run3()
JOBID = 769
  global job = 769  Job 69/100  events [3928860, 3985800)  total=5694000
Processing events [3928860, 3985800) of 5694000
weight: 3.68634e-06
eec: 673.153
weight: 0.000173773
eec: 525.464
weight: 3.78859e-06
eec: 2340.95
weight: 0.00022443
eec: 1177.62
weight: 2.01622e-06
eec: 1033.36
weight: 0.000297899
eec: 240.507
weight: 6.56021e-05
eec: 260.568
weight: 7.13835e-05
eec: 1115.29
weight: 1.03925e-05
eec: 92.1756
weight: 0.000322889
eec: 320.767
weight: 0.00140272
eec: 70.497
weight: 0.000388602
eec: 1278.42
weight: 5.24689e-06
eec: 32.4536
weight: 2.92595e-06
eec: 1898.87
weight: 6.33387e-09
eec: 220.485
weight: 0.000158623
eec: 161.255
weight: 1.98681e-05
eec: 2629.83
weight: 4.3098e-07
eec: 1189.05
weight: 1.39359e-06
eec: 600.759
weight: 5.15237e-05
eec: 1330.21
weight: 0.000586333
eec: 323.934
weight: 7.07949e-05
eec: 936.592
weight: 1.46403e-06
eec: 60.4538
weight: 2.6048e-05
eec: 1518.86
weight: 0.000107255
eec: 590.86
weight: 7.99525e-05
eec: 331.781
weight: 0.000264603
eec: 1093.46
weight: 1.36138e-06
eec: 74.2859
weight: 6.44776e-06
eec: 310.6
weight: 5.06279e-05
eec: 461.12
weight: 2.95039e-06
eec: 505.449
weight: 9.60349e-06
eec: 142.462
weight: 5.09704e-05
eec: 222.164
weight: 3.40086e-06
eec: 150.69
weight: 1.53918e-05
eec: 817.956
weight: 6.51996e-06
eec: 1466.62
weight: 0.000211548
eec: 126.482
weight: 9.25962e-05
eec: 47.5824
weight: 8.4093e-07
eec: 38.0194
weight: 1.8708e-05
eec: 240.641
weight: 7.36369e-06
eec: 77.6471
weight: 0.000432805
eec: 55.0876
weight: 0.000107632
eec: 92.3995
weight: 9.7972e-05
eec: 2103.95
weight: 2.78707e-05
eec: 1155.61
weight: 6.9371e-07
eec: 538.402
weight: 0.000120541
eec: 66.2861
weight: 3.28713e-05
eec: 514.937
weight: 4.09386e-05
eec: 441.23
weight: 1.54488e-05
eec: 1370.59
weight: 1.87168e-07
eec: 62.2007
weight: 3.73355e-06
eec: 38.2753
weight: 9.23363e-05
eec: 259.64
weight: 0.000135379
eec: 349.648
weight: 5.2378e-06
eec: 593.894
weight: 2.82223e-05
eec: 1054.15
weight: 1.84531e-06
eec: 519.721
weight: 2.30199e-05
eec: 65.9402
weight: 2.07516e-06
eec: 614.202
weight: 7.78559e-06
eec: 1045.5
weight: 0.000191803
eec: 213.232
weight: 3.4224e-05
eec: 547.307
weight: 0.000357714
eec: 1022.86
weight: 0.000224553
eec: 1081.84
weight: 1.15693e-06
eec: 134.228
weight: 2.79767e-05
eec: 46.3554
weight: 3.54677e-05
eec: 620.681
weight: 4.72662e-06
eec: 204.814
weight: 0.000120145
eec: 82.0589
weight: 2.56029e-06
eec: 1701.06
weight: 3.58327e-06
eec: 1168.92
weight: 1.2895e-06
eec: 1179.01
weight: 0.00010303
eec: 562.143
weight: 0.000151687
eec: 1049.65
weight: 1.90329e-06
eec: 1200.98
weight: 3.7413e-06
eec: 1392.18
weight: 4.12779e-05
eec: 351.55
weight: 2.71286e-06
eec: 252.358
weight: 3.06708e-05
eec: 1136.09
weight: 2.68843e-05
eec: 370.332
weight: 6.05524e-05
eec: 376.889
weight: 0.00100208
eec: 293.724
weight: 3.93992e-05
eec: 201.656
weight: 3.39706e-06
eec: 44.3204
weight: 1.28842e-05
eec: 1433.19
Processing: 69.3713 %weight: 0.000803792
eec: 371.352
weight: 2.45849e-05
eec: 70.2639
weight: 7.48657e-05
eec: 1191.53
weight: 3.54932e-05
eec: 109.289
weight: 0.000409908
eec: 29.9202
weight: 8.46472e-06
eec: 225.395
weight: 0.000315622
eec: 358.606
weight: 2.99877e-06
eec: 86.6069
weight: 6.16578e-05
eec: 82.0342
weight: 6.01595e-06
eec: 63.5675
weight: 1.00442e-06
eec: 465.55
weight: 0.000227871
eec: 924.198
weight: 9.78905e-05
eec: 1425.34
weight: 1.85647e-05
eec: 1348.75
weight: 1.99106e-05
eec: 2482.22
weight: 0.000212171
eec: 314.862
weight: 0.000359447
eec: 241.446
weight: 1.2097e-05
eec: 14.9543
weight: 1.0033e-05
eec: 102.911
weight: 0.000264187
eec: 81.7258
weight: 0.000130457
eec: 89.2262
weight: 8.082e-05
eec: 388.273
weight: 0.000288606
eec: 447.659
weight: 9.66355e-06
eec: 1112.13
weight: 1.6846e-06
eec: 566.147
weight: 7.53635e-06
eec: 157.558
weight: 2.0587e-05
eec: 25.5895
weight: 0.000394233
eec: 937.482
weight: 3.4476e-05
eec: 1972.03
weight: 0.000596317
eec: 403.674
weight: 4.06131e-05
eec: 1030.82
weight: 0.000564687
eec: 63.5444
weight: 1.21163e-06
eec: 119.616
weight: 4.14617e-06
eec: 678.162
weight: 0.000150393
eec: 9.77664
weight: 3.50142e-05
eec: 155.014
weight: 3.8401e-05
eec: 725.118
weight: 7.73985e-05
eec: 200.828
weight: 0.000200922
eec: 167.047
weight: 2.49975e-05
eec: 620.134
weight: 0.000207047
eec: 283.729
weight: 0.00349644
eec: 131.84
weight: 4.10908e-05
eec: 17.4659
weight: 6.34282e-07
eec: 676.906
weight: 2.53403e-05
eec: 355.085
weight: 5.2771e-05
eec: 722.212
weight: 2.64866e-05
eec: 475.747
weight: 2.72543e-06
eec: 355.496
weight: 9.4501e-06
eec: 453.644
weight: 0.000138112
eec: 1532.72
weight: 3.46536e-05
eec: 63.3898
weight: 3.43484e-05
eec: 481.108
weight: 0.000141931
eec: 330.588
weight: 4.97654e-05
eec: 136.335
weight: 0.00119981
eec: 305.067
weight: 5.86022e-05
eec: 1644.09
weight: 5.61635e-05
eec: 741.704
weight: 6.73597e-08
eec: 386.77
weight: 2.86505e-06
eec: 706.384
weight: 0.000139587
eec: 1988.1
weight: 1.71734e-05
eec: 1310.71
weight: 1.71734e-05
eec: 189.023
weight: 2.68563e-05
eec: 261.022
weight: 2.18713e-05
eec: 493.434
weight: 0.000408538
eec: 100.382
weight: 2.16427e-05
eec: 359.764
weight: 5.62056e-05
eec: 169.878
weight: 3.24268e-05
eec: 1699.56
weight: 0.000198423
eec: 170.363
weight: 7.18553e-07
eec: 319.53
weight: 5.19934e-06
eec: 679.734
weight: 1.75251e-05
eec: 91.383
weight: 0.00261662
eec: 64.4286
weight: 1.54542e-05
eec: 571.854
weight: 0.000166605
eec: 438.042
weight: 9.51408e-07
eec: 440.795
weight: 1.18432e-05
eec: 299.169
weight: 1.72336e-05
eec: 941.687
weight: 1.83834e-05
eec: 115.32
weight: 1.44358e-05
eec: 150.237
weight: 9.51621e-05
eec: 1419.02
weight: 0.000150293
eec: 84.7555
weight: 3.59864e-05
eec: 548.018
weight: 0.000144485
eec: 170.824
weight: 5.02025e-06
eec: 48.293
weight: 4.42142e-05
eec: 168.95
weight: 0.000213939
eec: 161.91
weight: 7.21868e-05
eec: 710.269
weight: 9.55815e-07
eec: 462.544
weight: 3.56369e-06
eec: 72.2989
weight: 1.32641e-05
eec: 584.342
weight: 3.95234e-06
eec: 708.777
weight: 7.09314e-05
eec: 179.68
weight: 1.65992e-05
eec: 10.7567
weight: 0.000146112
eec: 936.484
weight: 2.54866e-05
eec: 36.0937
weight: 8.82659e-06
eec: 527.255
weight: 4.30185e-06
eec: 64.7427
weight: 0.000107273
eec: 52.7189
weight: 2.03473e-07
eec: 146.683
weight: 1.20296e-05
eec: 470.232
weight: 5.63577e-05
eec: 62.8005
weight: 1.76547e-05
eec: 39.3986
weight: 0.000123409
eec: 126.563
weight: 4.04778e-06
eec: 1054.58
weight: 0.000169629
eec: 811.599
weight: 7.88378e-05
eec: 529.773
weight: 1.90393e-06
eec: 283.196
weight: 9.80951e-05
eec: 626.96
weight: 1.05798e-05
eec: 100.663
weight: 9.58839e-06
eec: 928.34
weight: 1.77746e-05
eec: 856.396
weight: 6.12603e-05
eec: 151.133
weight: 1.07989e-05
eec: 774.906
weight: 5.0899e-05
eec: 352.282
weight: 3.23301e-05
eec: 751.491
weight: 7.3264e-06
eec: 59.4314
weight: 0.000199535
eec: 654.847
weight: 0.000133796
eec: 24.0804
weight: 1.96152e-05
eec: 226.403
weight: 7.96615e-05
eec: 1396.41
weight: 8.1418e-06
eec: 646.776
weight: 0.000286395
eec: 177.666
weight: 6.34415e-07
eec: 406.937
weight: 0.000101579
eec: 285.713
weight: 2.64442e-05
eec: 1111.67
weight: 4.57541e-05
eec: 107.318
weight: 0.000250264
eec: 315.013
weight: 2.3608e-05
eec: 256.072
weight: 4.23576e-05
eec: 616.291
weight: 0.00015385
eec: 145.739
weight: 5.30227e-05
eec: 338.199
weight: 0.000236331
eec: 183.373
weight: 3.14558e-05
eec: 1212.26
weight: 2.59468e-06
eec: 1691.81
weight: 6.96368e-05
eec: 503.59
weight: 2.44715e-05
eec: 241.699
weight: 0.000257203
eec: 185.307
weight: 2.83957e-06
eec: 1047.02
weight: 5.6066e-06
eec: 88.6102
weight: 4.46441e-05
eec: 213.98
weight: 1.62432e-06
eec: 52.7839
weight: 4.52181e-05
eec: 23.2249
weight: 0.00034163
eec: 1021.29
weight: 6.63131e-06
eec: 92.5228
weight: 1.81305e-06
eec: 247.211
weight: 2.10188e-05
eec: 521.684
weight: 3.24299e-05
eec: 105.191
weight: 4.86909e-05
eec: 774.77
weight: 2.93812e-05
eec: 44.8316
weight: 1.64604e-05
eec: 527.52
weight: 6.44909e-07
eec: 3005.09
weight: 0.000149812
eec: 651.633
weight: 9.92643e-06
eec: 267.847
weight: 0.000259468
eec: 409.745
weight: 7.82268e-06
eec: 1854.73
weight: 4.19502e-05
eec: 290.829
weight: 5.87531e-05
eec: 1873.13
weight: 2.01265e-05
eec: 298.692

ROOT exit code = 0
