gSystem->Load("run_condor_job_Run3_C.so");
run_condor_job_Run3(692, 100, 2,
                    80, 200,
                    1, 1, 1, 6);
.q

ENTERED run_condor_job_Run3()
JOBID = 692
  global job = 692  Job 92/100  events [5426160, 5485140)  total=5898000
Processing events [5426160, 5485140) of 5898000
weight: 1.91586e-05
eec: 818.826
weight: 1.78307e-05
eec: 518.043
weight: 6.20768e-05
eec: 950.297
weight: 7.49738e-06
eec: 1949.33
weight: 0.000205971
eec: 683.722
weight: 3.53545e-05
eec: 882.75
weight: 1.86515e-05
eec: 355.051
weight: 3.85397e-05
eec: 41.8822
weight: 4.06162e-06
eec: 988.95
weight: 1.67632e-06
eec: 5.27102
weight: 3.45759e-07
eec: 205.404
weight: 3.22824e-05
eec: 103.388
weight: 2.69286e-06
eec: 1925.46
weight: 1.44642e-05
eec: 249.78
weight: 1.24423e-06
eec: 88.6548
weight: 5.53158e-05
eec: 8.4887
weight: 6.35202e-06
eec: 301.958
weight: 2.24165e-05
eec: 325.627
weight: 1.09962e-05
eec: 37.7588
weight: 0.000459599
eec: 250.19
weight: 4.42149e-08
eec: 985.715
weight: 8.53844e-06
eec: 145.662
weight: 2.08346e-06
eec: 46.5681
weight: 2.94969e-05
eec: 135.436
weight: 1.15334e-05
eec: 1653.77
weight: 1.15334e-05
eec: 37.6999
weight: 0.000185827
eec: 788.578
weight: 2.49833e-06
eec: 445.81
weight: 8.11712e-05
eec: 113.004
weight: 2.76724e-06
eec: 244.168
weight: 6.2114e-06
eec: 404.948
weight: 1.51324e-05
eec: 1109.22
weight: 3.95459e-06
eec: 398.575
weight: 5.6997e-06
eec: 324.147
weight: 8.52952e-06
eec: 513.916
weight: 4.23632e-06
eec: 2969.84
weight: 1.26675e-05
eec: 371.862
weight: 2.87754e-05
eec: 790.381
weight: 6.88787e-05
eec: 53.017
weight: 5.1094e-06
eec: 260.801
weight: 3.94562e-05
eec: 2363.86
weight: 5.81514e-05
eec: 112.101
weight: 7.79626e-07
eec: 123.374
weight: 2.91631e-05
eec: 130.158
weight: 6.94223e-05
eec: 866.195
weight: 2.6988e-06
eec: 1373.23
weight: 7.06122e-05
eec: 369.233
weight: 6.50516e-06
eec: 626.12
weight: 1.27509e-05
eec: 213.871
weight: 6.39558e-05
eec: 199.551
weight: 2.10062e-05
eec: 677.348
weight: 2.82524e-06
eec: 1018.35
weight: 0.000644019
eec: 275.504
weight: 6.58252e-05
eec: 863.035
weight: 2.02148e-06
eec: 527.385
weight: 8.62096e-07
eec: 653.033
weight: 0.000244013
eec: 460.797
weight: 4.96277e-07
eec: 1002.65
weight: 1.48226e-06
eec: 360.944
weight: 5.73879e-05
eec: 128.958
weight: 6.08595e-05
eec: 674.898
weight: 1.85057e-05
eec: 202.846
weight: 4.60089e-06
eec: 202.223
weight: 1.03623e-05
eec: 263.616
weight: 6.24916e-06
eec: 4128.54
weight: 0.000131913
eec: 736.344
weight: 3.63297e-06
eec: 263.365
weight: 9.71662e-05
eec: 166.072
weight: 4.96444e-06
eec: 742.576
weight: 7.33315e-06
eec: 92.2946
weight: 1.80244e-05
eec: 257.844
weight: 3.53188e-05
eec: 1579.87
weight: 1.47387e-05
eec: 1896.99
weight: 8.99134e-05
eec: 91.3209
weight: 2.66275e-05
eec: 1823.29
weight: 1.92854e-05
eec: 424.789
weight: 6.89975e-05
eec: 282.645
weight: 6.64259e-05
eec: 213.092
weight: 0.00118387
eec: 252.821
weight: 7.65714e-05
eec: 1310.15
weight: 9.36554e-06
eec: 1096.63
weight: 0.000399686
eec: 251.43
weight: 1.99359e-05
eec: 738.276
weight: 5.54936e-06
eec: 917.209
weight: 1.49342e-05
eec: 315.695
weight: 3.42362e-05
eec: 279.248
weight: 4.38289e-05
eec: 63.0683
weight: 5.89681e-05
eec: 73.7668
weight: 1.84347e-05
eec: 3702.67
weight: 2.8719e-05
eec: 204.426
weight: 0.000134818
eec: 126.664
weight: 0.000441151
eec: 454.476
weight: 9.49795e-06
eec: 203.649
weight: 8.74081e-05
eec: 1698.18
weight: 1.04498e-05
eec: 1999.67
weight: 0.000366545
eec: 2361.76
weight: 1.27976e-05
eec: 880.375
weight: 2.81597e-06
eec: 77.4482
weight: 0.000107813
eec: 297.094
Processing: 92.4042 %weight: 6.83036e-06
eec: 105.701
weight: 2.53928e-06
eec: 150.991
weight: 0.000302425
eec: 925.518
weight: 0.000192389
eec: 106.73
weight: 0.000516936
eec: 298.824
weight: 9.35541e-06
eec: 739.373
weight: 8.43432e-05
eec: 333.744
weight: 2.66006e-05
eec: 910.695
weight: 5.86688e-06
eec: 582.179
weight: 5.12404e-06
eec: 332.603
weight: 3.70178e-05
eec: 1826.09
weight: 1.03504e-06
eec: 96.6395
weight: 0.000336411
eec: 144.051
weight: 1.92274e-05
eec: 55.1647
weight: 1.07265e-07
eec: 274.149
weight: 9.31572e-07
eec: 542.834
weight: 2.1199e-05
eec: 1443.83
weight: 0.000127663
eec: 92.2855
weight: 9.0071e-06
eec: 1615.04
weight: 3.99523e-05
eec: 214.104
weight: 7.47692e-06
eec: 1580.36
weight: 1.88283e-05
eec: 694.065
weight: 0.00238292
eec: 56.7712
weight: 0.000105638
eec: 1075.47
weight: 6.00446e-06
eec: 567.962
weight: 7.27364e-06
eec: 334.48
weight: 4.64197e-06
eec: 183.239
weight: 3.71105e-07
eec: 1206.21
weight: 2.33325e-05
eec: 101.367
weight: 8.76634e-06
eec: 423.787
weight: 0.000178447
eec: 1239.24
weight: 6.0933e-05
eec: 297.99
weight: 0.000114691
eec: 2474.17
weight: 0.000139403
eec: 2130.63
weight: 1.54751e-05
eec: 1039.22
weight: 7.1935e-05
eec: 292.022
weight: 7.20837e-07
eec: 138.448
weight: 4.55551e-06
eec: 2219.32
weight: 7.01402e-05
eec: 177.316
weight: 4.78661e-05
eec: 138.638
weight: 7.86665e-06
eec: 418.104
weight: 2.88867e-06
eec: 277.755
weight: 9.5492e-07
eec: 481.796
weight: 1.08246e-05
eec: 138.254
weight: 1.70264e-05
eec: 402.096
weight: 3.21624e-07
eec: 699.592
weight: 0.000278723
eec: 206.159
weight: 0.000248541
eec: 296.887
weight: 0.00010576
eec: 1043.79
weight: 6.72817e-06
eec: 244.037
weight: 7.52684e-07
eec: 1054.8
weight: 4.38686e-05
eec: 94.291
weight: 1.40446e-05
eec: 103.577
weight: 5.99575e-06
eec: 1049.06
weight: 1.89748e-05
eec: 169.519
weight: 9.03528e-06
eec: 674.233
weight: 0.000151649
eec: 298.506
weight: 6.27091e-05
eec: 633.902
weight: 8.28601e-05
eec: 805.499
weight: 1.9722e-05
eec: 624.689
weight: 4.64023e-05
eec: 216.012
weight: 8.08766e-05
eec: 253.17
weight: 5.56432e-05
eec: 1821.62
weight: 0.00083207
eec: 175.677
weight: 1.98934e-05
eec: 662.817
weight: 0.000146456
eec: 319.868
weight: 3.64246e-05
eec: 425.523
weight: 2.83747e-05
eec: 19.6346
weight: 3.90906e-08
eec: 1286.72
weight: 0.000289359
eec: 407.273
weight: 4.70307e-05
eec: 1025.87
weight: 6.5113e-07
eec: 146.357
weight: 1.9015e-05
eec: 624.342
weight: 1.0246e-05
eec: 439.653
weight: 0.000354119
eec: 287.92
weight: 8.9582e-05
eec: 73.6427
weight: 5.87976e-05
eec: 1035.98
weight: 9.36635e-06
eec: 114.813
weight: 5.41729e-05
eec: 144.722
weight: 2.83669e-05
eec: 864.824
weight: 3.72596e-05
eec: 10.7124
weight: 1.98594e-05
eec: 552.339
weight: 0.000135119
eec: 746.487
weight: 1.78589e-05
eec: 1070.03
weight: 0.000102412
eec: 17.8109
weight: 9.10277e-06
eec: 443.405
weight: 3.13286e-05
eec: 69.5357
weight: 0.000182523
eec: 432.408
weight: 4.80576e-05
eec: 126.347
weight: 3.61499e-05
eec: 765.376
weight: 0.000191166
eec: 124.552
weight: 8.82985e-05
eec: 182.868
weight: 1.91292e-06
eec: 350.056
weight: 7.11017e-06
eec: 178.246
weight: 0.000167431
eec: 325.635
weight: 2.02987e-05
eec: 459.7
weight: 0.000394345
eec: 433.638
weight: 3.21718e-05
eec: 211.201
weight: 5.8198e-07
eec: 3259.23
weight: 7.07799e-05
eec: 1161.12
weight: 2.67655e-05
eec: 601.827
weight: 0.000108203
eec: 50.6093
weight: 4.03569e-05
eec: 549.001
weight: 4.03569e-05
eec: 748.17
weight: 7.09794e-05
eec: 26.548
weight: 1.93932e-05
eec: 1700.29
weight: 5.60224e-06
eec: 2224.8
weight: 1.3525e-06
eec: 69.5013
weight: 0.000100174
eec: 587.48
weight: 6.51305e-05
eec: 543.674
weight: 2.99042e-07
eec: 286.476
weight: 2.98042e-06
eec: 476.375
weight: 3.99081e-06
eec: 1615.29
weight: 4.18455e-06
eec: 900.281
weight: 4.84037e-06
eec: 332.595
weight: 0.00018659
eec: 777.271
weight: 6.73923e-05
eec: 619.223
weight: 4.8771e-05
eec: 102.338
weight: 0.000249828
eec: 205.706
weight: 4.31851e-05
eec: 849.638
weight: 0.000232279
eec: 158.856
weight: 0.00011669
eec: 445.163
weight: 0.000183724
eec: 31.0791
weight: 6.60181e-06
eec: 318.613
weight: 3.28747e-05
eec: 2746.51
weight: 1.81898e-07
eec: 539.893
weight: 4.43596e-05
eec: 97.962
weight: 8.71133e-05
eec: 394.471
weight: 0.000196159
eec: 281.21
weight: 1.96527e-05
eec: 631.224
weight: 0.000117854
eec: 407.375

ROOT exit code = 0
