gSystem->Load("run_condor_job_Run3_C.so");
run_condor_job_Run3(733, 100, 2,
                    80, 200,
                    1, 1, 1, 7);
.q

ENTERED run_condor_job_Run3()
JOBID = 733
  global job = 733  Job 33/100  events [1879020, 1935960)  total=5694000
Processing events [1879020, 1935960) of 5694000
weight: 1.51285e-05
eec: 2686.4
weight: 4.61152e-06
eec: 1833.95
weight: 2.92538e-05
eec: 333.643
weight: 7.10206e-06
eec: 135.466
weight: 7.31992e-06
eec: 192.739
weight: 1.49792e-06
eec: 90.4654
weight: 3.21533e-05
eec: 621.856
weight: 2.39669e-07
eec: 438.691
weight: 0.000141657
eec: 1137.45
weight: 0.00369059
eec: 584.899
weight: 8.58635e-07
eec: 324.402
weight: 3.09777e-05
eec: 63.419
weight: 2.08691e-08
eec: 844.845
weight: 9.06456e-06
eec: 617.394
weight: 1.96079e-06
eec: 144.779
weight: 1.95023e-05
eec: 478.644
weight: 3.75227e-05
eec: 450.616
weight: 4.67095e-05
eec: 8.96976
weight: 0.000130317
eec: 81.7891
weight: 3.24065e-07
eec: 811.673
weight: 2.38685e-05
eec: 23.7416
weight: 2.06824e-06
eec: 205.34
weight: 8.97916e-05
eec: 368.757
weight: 7.67206e-06
eec: 785.375
weight: 1.36035e-06
eec: 304.295
weight: 5.81194e-06
eec: 2018.87
weight: 4.06721e-05
eec: 112.1
weight: 9.94245e-05
eec: 277.523
weight: 9.0152e-08
eec: 275.81
weight: 4.38321e-06
eec: 147.05
weight: 6.06693e-05
eec: 61.0249
weight: 6.47741e-07
eec: 1099.11
weight: 8.28187e-06
eec: 486.928
weight: 4.1413e-07
eec: 545.554
weight: 3.05782e-07
eec: 827.111
weight: 0.000102681
eec: 282.388
weight: 3.1079e-05
eec: 486.184
weight: 7.07089e-05
eec: 250.273
weight: 0.000165889
eec: 902.638
weight: 3.22989e-06
eec: 2116.58
weight: 2.70227e-06
eec: 515.041
weight: 3.91281e-05
eec: 1626.48
weight: 8.75457e-05
eec: 211.518
weight: 0.000536085
eec: 166.979
weight: 5.13116e-05
eec: 240.595
weight: 1.60652e-05
eec: 140.635
weight: 9.8168e-05
eec: 393.07
weight: 0.000198709
eec: 105.65
weight: 6.58454e-05
eec: 184.266
weight: 3.57461e-05
eec: 71.4767
weight: 1.28842e-05
eec: 1799.61
weight: 0.000313206
eec: 737.304
weight: 2.18449e-05
eec: 1092.72
weight: 0.000173799
eec: 35.7352
weight: 2.83783e-06
eec: 26.7742
weight: 0.000268986
eec: 133.643
weight: 3.49512e-05
eec: 708.023
weight: 6.36319e-06
eec: 1981.26
weight: 1.04303e-06
eec: 128.176
weight: 7.26614e-06
eec: 85.3097
weight: 0.000135695
eec: 520.236
weight: 4.04299e-07
eec: 1070.37
weight: 0.000239769
eec: 562.59
weight: 4.17529e-06
eec: 530.472
weight: 5.37543e-05
eec: 578.587
weight: 1.59026e-05
eec: 114.692
weight: 5.66933e-05
eec: 2080.02
weight: 3.60231e-05
eec: 158.867
weight: 1.11534e-05
eec: 71.8789
weight: 1.57336e-07
eec: 243.581
weight: 1.30291e-05
eec: 535.679
weight: 7.40281e-05
eec: 1102.29
weight: 1.04466e-06
eec: 3280.56
weight: 1.99583e-05
eec: 589.142
weight: 3.135e-05
eec: 1531.72
weight: 7.54432e-05
eec: 136.842
weight: 2.29716e-05
eec: 68.4873
weight: 4.14331e-06
eec: 1873.37
weight: 2.98942e-05
eec: 47.2987
weight: 1.82534e-05
eec: 686.398
Processing: 33.3685 %weight: 9.18041e-05
eec: 736.414
weight: 6.65608e-06
eec: 856.921
weight: 0.000107065
eec: 626.131
weight: 3.82796e-05
eec: 1137.56
weight: 3.21946e-05
eec: 274.58
weight: 1.53216e-05
eec: 122.195
weight: 3.93177e-05
eec: 259.853
weight: 1.52532e-05
eec: 206.529
weight: 4.09342e-06
eec: 235.073
weight: 0.000144742
eec: 221.644
weight: 3.19143e-05
eec: 5.72285
weight: 0.000102745
eec: 407.897
weight: 6.20762e-06
eec: 311.959
weight: 0.000354379
eec: 282.227
weight: 5.80528e-06
eec: 239.267
weight: 0.000114606
eec: 478.167
weight: 0.000640427
eec: 689.553
weight: 7.52215e-08
eec: 291.344
weight: 1.35114e-05
eec: 1846.2
weight: 1.71244e-05
eec: 374.673
weight: 4.84976e-05
eec: 195.394
weight: 3.51444e-06
eec: 600.645
weight: 6.49725e-06
eec: 32.6066
weight: 4.90004e-05
eec: 293.908
weight: 6.16514e-05
eec: 869.283
weight: 0.000149987
eec: 420.505
weight: 1.21085e-06
eec: 613.301
weight: 1.21085e-06
eec: 236.269
weight: 1.14369e-05
eec: 83.2794
weight: 5.60371e-06
eec: 454.462
weight: 5.86938e-05
eec: 1281.15
weight: 1.7938e-05
eec: 11.146
weight: 0.00012652
eec: 80.0443
weight: 3.77932e-06
eec: 1004.44
weight: 1.44898e-05
eec: 197.995
weight: 0.000199395
eec: 24.914
weight: 3.54151e-05
eec: 176.516
weight: 0.000314275
eec: 252.147
weight: 6.95859e-05
eec: 1174.84
weight: 9.14403e-06
eec: 275.251
weight: 0.0013124
eec: 290.461
weight: 0.00175962
eec: 549.475
weight: 7.01675e-06
eec: 1193.94
weight: 6.1324e-06
eec: 5864.9
weight: 2.67052e-05
eec: 820.093
weight: 1.95192e-05
eec: 631.16
weight: 1.25758e-06
eec: 13.4999
weight: 0.00013216
eec: 268.684
weight: 8.81236e-06
eec: 388.505
weight: 0.000149729
eec: 259.48
weight: 1.59357e-05
eec: 283.625
weight: 5.97332e-07
eec: 831.298
weight: 8.73241e-06
eec: 490.53
weight: 8.75371e-05
eec: 125.815
weight: 1.54247e-05
eec: 153.408
weight: 0.000185518
eec: 488.748
weight: 1.54561e-07
eec: 2008.37
weight: 1.44179e-05
eec: 777.598
weight: 0.000147693
eec: 87.0772
weight: 2.9944e-06
eec: 491.313
weight: 8.38095e-07
eec: 519.438
weight: 0.000298199
eec: 1883.69
weight: 2.14335e-05
eec: 201.675
weight: 5.8494e-06
eec: 109.266
weight: 7.80269e-06
eec: 876.201
weight: 5.42181e-06
eec: 186.756
weight: 6.51907e-05
eec: 135.423
weight: 3.02098e-05
eec: 676.104
weight: 8.23023e-06
eec: 811.174
weight: 1.29525e-05
eec: 654.424
weight: 5.43181e-05
eec: 183.702
weight: 3.087e-05
eec: 965.541
weight: 7.78842e-06
eec: 170.945
weight: 1.53516e-05
eec: 157.382
weight: 8.39484e-05
eec: 304.752
weight: 1.8144e-05
eec: 395.709
weight: 6.34908e-07
eec: 575.155
weight: 0.000795008
eec: 32.2973
weight: 9.15948e-06
eec: 325.576
weight: 6.68455e-05
eec: 59.8287
weight: 9.40067e-05
eec: 68.7729
weight: 0.000166857
eec: 66.836
weight: 8.3942e-05
eec: 539.292
weight: 1.52967e-05
eec: 1919.63
weight: 9.67718e-06
eec: 112.524
weight: 0.000455245
eec: 737.979
weight: 7.83205e-07
eec: 1865.82
weight: 1.45917e-05
eec: 424.714
weight: 2.02324e-05
eec: 731.2
weight: 0.000115293
eec: 516.997
weight: 0.000100639
eec: 227.852
weight: 7.98946e-06
eec: 609.481
weight: 0.000108839
eec: 1057.25
weight: 1.80528e-05
eec: 869.534
weight: 1.23435e-05
eec: 765.293
weight: 4.2848e-05
eec: 239.976
weight: 9.97283e-05
eec: 309.893
weight: 3.8226e-06
eec: 573.885
weight: 7.40953e-06
eec: 119.844
weight: 3.66184e-06
eec: 580.028
weight: 3.42112e-06
eec: 952.556
weight: 5.5891e-07
eec: 130.737
weight: 0.000198886
eec: 127.932
weight: 7.67239e-06
eec: 1297.23
weight: 2.22866e-05
eec: 1462.79
weight: 0.000518245
eec: 91.5449
weight: 5.76237e-05
eec: 931.495
weight: 8.22213e-06
eec: 694.763
weight: 0.000118185
eec: 284.33
weight: 0.000124937
eec: 1544.32
weight: 0.000138094
eec: 119.293
weight: 1.18001e-05
eec: 193.742
weight: 1.1578e-05
eec: 3652.6
weight: 2.81218e-05
eec: 184.69
weight: 0.000145332
eec: 294.242
weight: 2.80313e-05
eec: 907.419
weight: 2.80313e-05
eec: 165.886
weight: 1.32118e-05
eec: 2605.18
weight: 0.000288673
eec: 722.956
weight: 0.000620628
eec: 48.8605
weight: 5.97507e-06
eec: 256.699
weight: 6.57683e-06
eec: 727.404
weight: 0.000103843
eec: 132.502
weight: 5.82221e-06
eec: 106.696
weight: 0.000102849
eec: 318.789
weight: 2.62561e-05
eec: 42.8863
weight: 3.62948e-05
eec: 3160.45
weight: 5.93693e-05
eec: 827.432
weight: 3.17402e-07
eec: 143.875
weight: 4.21118e-05
eec: 828.723
weight: 0.000162214
eec: 89.0336
weight: 3.07106e-05
eec: 936.614
weight: 9.72289e-06
eec: 75.7774
weight: 0.000329902
eec: 467.828
weight: 1.68091e-05
eec: 245.278
weight: 6.57547e-06
eec: 824.913
weight: 4.10764e-06
eec: 1252.23
weight: 3.58817e-06
eec: 40.6112
weight: 5.47043e-05
eec: 508.505
weight: 2.49874e-06
eec: 343.252
weight: 5.50348e-06
eec: 521.584
weight: 1.58771e-05
eec: 421.885
weight: 1.98218e-07
eec: 472.951
weight: 5.02229e-06
eec: 696.406
weight: 0.000268622
eec: 850.765
weight: 2.42279e-07
eec: 1203.1
weight: 0.00148086
eec: 105.291
weight: 0.000337901
eec: 203.856
weight: 1.31009e-05
eec: 2549.89
weight: 1.98697e-05
eec: 173.98
weight: 1.70222e-05
eec: 801.36
weight: 1.09493e-05
eec: 450.736
weight: 0.000224742
eec: 705.603
weight: 3.69689e-05
eec: 2173.44
weight: 1.71781e-05
eec: 1653.83
weight: 1.89157e-05
eec: 2907.94
weight: 0.0001226
eec: 74.4403
weight: 1.07971e-05
eec: 3389.7
weight: 9.6635e-05
eec: 684.848
weight: 2.69099e-05
eec: 54.8999
weight: 0.000105425
eec: 82.9903

ROOT exit code = 0
