gSystem->Load("run_condor_job_Run3_C.so");
run_condor_job_Run3(454, 100, 2,
                    80, 200,
                    1, 1, 1, 4);
.q

ENTERED run_condor_job_Run3()
JOBID = 454
  global job = 454  Job 54/100  events [3184920, 3243900)  total=5898000
Processing events [3184920, 3243900) of 5898000
weight: 7.04255e-05
eec: 741.265
weight: 1.8696e-05
eec: 241.772
weight: 0.000389946
eec: 411.51
weight: 1.66462e-05
eec: 635.069
weight: 8.30676e-05
eec: 199.714
weight: 7.85108e-05
eec: 32.9745
weight: 8.27062e-05
eec: 574.855
weight: 5.53269e-05
eec: 141.374
weight: 0.000177614
eec: 113.245
weight: 1.21346e-05
eec: 304.674
weight: 2.44594e-05
eec: 51.8705
weight: 0.000230175
eec: 595.501
weight: 1.23949e-05
eec: 1125.63
weight: 0.000196057
eec: 199.819
weight: 5.65547e-06
eec: 351.778
weight: 7.63988e-05
eec: 128.664
weight: 3.93716e-05
eec: 822.971
weight: 8.95205e-05
eec: 30.4904
weight: 2.70632e-05
eec: 645.68
weight: 8.67761e-06
eec: 119.001
weight: 1.01862e-07
eec: 961.729
weight: 9.78107e-05
eec: 739.494
weight: 1.28317e-05
eec: 392.453
weight: 4.14841e-06
eec: 1422.24
weight: 4.20947e-05
eec: 726.245
weight: 2.40989e-06
eec: 341.34
weight: 2.42677e-05
eec: 527.578
weight: 0.000156258
eec: 667.755
weight: 3.17687e-05
eec: 343.791
weight: 1.86998e-05
eec: 2219.88
weight: 2.09956e-05
eec: 1238.85
weight: 0.000129392
eec: 62.4869
weight: 1.94963e-05
eec: 654.782
weight: 1.26355e-05
eec: 1797.97
weight: 5.49106e-05
eec: 276.483
weight: 5.44508e-08
eec: 24.1137
weight: 1.02285e-05
eec: 155.982
weight: 1.46041e-05
eec: 1818.34
weight: 2.57895e-06
eec: 413.386
weight: 6.24631e-05
eec: 668.12
weight: 5.56178e-06
eec: 2245.11
weight: 9.50603e-05
eec: 184.538
weight: 2.42427e-05
eec: 879.6
weight: 4.27666e-06
eec: 604.743
weight: 0.000862161
eec: 337.066
weight: 7.91504e-05
eec: 3058.23
weight: 1.31435e-05
eec: 903.028
weight: 2.07557e-06
eec: 608.478
weight: 0.000115775
eec: 258.182
weight: 3.87912e-06
eec: 2028.17
weight: 3.86381e-05
eec: 49.2785
weight: 4.36556e-05
eec: 730.946
weight: 0.000120534
eec: 249.159
weight: 7.99756e-05
eec: 100.741
weight: 8.81802e-05
eec: 423.423
weight: 8.45023e-06
eec: 315.074
Processing: 54.2557 %weight: 4.44468e-06
eec: 945.963
weight: 0.000161289
eec: 59.0203
weight: 3.58252e-06
eec: 60.4947
weight: 0.000203689
eec: 523.953
weight: 4.37994e-05
eec: 705.669
weight: 4.46067e-05
eec: 318.978
weight: 0.000182712
eec: 45.2158
weight: 6.93764e-06
eec: 201.64
weight: 8.769e-05
eec: 94.6751
weight: 7.8705e-06
eec: 91.5719
weight: 4.15387e-06
eec: 1681.02
weight: 1.68436e-05
eec: 628.915
weight: 0.00208589
eec: 120.552
weight: 7.49379e-06
eec: 40.6654
weight: 2.589e-05
eec: 201.348
weight: 6.82451e-06
eec: 628.854
weight: 7.56718e-06
eec: 1738.88
weight: 4.86775e-06
eec: 3876.29
weight: 0.000343753
eec: 62.4157
weight: 1.85833e-05
eec: 281.562
weight: 1.21089e-08
eec: 114.684
weight: 0.00075083
eec: 82.9747
weight: 0.000248
eec: 531.148
weight: 8.16235e-06
eec: 1773.12
weight: 2.06558e-05
eec: 855.831
weight: 0.000103747
eec: 340.915
weight: 4.99176e-05
eec: 434.058
weight: 4.99176e-05
eec: 209.482
weight: 6.94891e-06
eec: 135.73
weight: 0.000180273
eec: 742.281
weight: 3.02702e-05
eec: 375.917
weight: 3.57765e-05
eec: 486.53
weight: 4.28907e-06
eec: 37.5929
weight: 1.43376e-05
eec: 55.5322
weight: 7.15295e-05
eec: 70.9526
weight: 6.23347e-05
eec: 797.309
weight: 5.74078e-06
eec: 90.6107
weight: 7.296e-06
eec: 186.408
weight: 9.6735e-06
eec: 263.096
weight: 6.75964e-06
eec: 195.119
weight: 1.18174e-06
eec: 2402.19
weight: 0.0031302
eec: 145.118
weight: 9.6085e-06
eec: 524.418
weight: 5.61322e-05
eec: 393.284
weight: 2.42627e-07
eec: 355.091
weight: 2.60987e-05
eec: 1494.91
weight: 0.000234536
eec: 444.847
weight: 5.38362e-05
eec: 548.501
weight: 5.78344e-06
eec: 3553.03
weight: 6.55784e-05
eec: 559.722
weight: 0.000390532
eec: 153.013
weight: 0.000122327
eec: 43.5818
weight: 1.96799e-05
eec: 235.479
weight: 3.16639e-05
eec: 162.67
weight: 0.000135079
eec: 378.101
weight: 0.000175843
eec: 235.901
weight: 7.96251e-06
eec: 1977.01
weight: 0.00010024
eec: 215.763
weight: 1.17203e-05
eec: 189.541
weight: 1.30715e-05
eec: 1059.09
weight: 1.19486e-05
eec: 725.074
weight: 0.000109926
eec: 698.789
weight: 4.26749e-05
eec: 504.908
weight: 4.80375e-08
eec: 67.2383
weight: 8.53983e-06
eec: 181.452
weight: 0.00236609
eec: 252.652
weight: 0.000132135
eec: 242.108
weight: 2.17309e-05
eec: 405.347
weight: 1.22956e-05
eec: 866.787
weight: 3.13451e-05
eec: 990.966
weight: 3.13451e-05
eec: 400.585
weight: 0.000141146
eec: 872.46
weight: 0.000330235
eec: 515.666
weight: 0.000447419
eec: 822.653
weight: 3.77487e-05
eec: 655.965
weight: 0.000102739
eec: 120.143
weight: 0.00014006
eec: 1895.6
weight: 1.2647e-05
eec: 626.3
weight: 5.22607e-05
eec: 455.339
weight: 8.29492e-05
eec: 37.1132
weight: 2.42147e-05
eec: 56.1472
weight: 1.38932e-06
eec: 405.789
weight: 1.48001e-05
eec: 60.1444
weight: 9.76051e-06
eec: 466.054
weight: 1.34685e-06
eec: 511.346
weight: 2.38653e-06
eec: 1647.74
weight: 2.31621e-05
eec: 565.206
weight: 6.59198e-05
eec: 294.476
weight: 3.72719e-05
eec: 573.448
weight: 4.18568e-05
eec: 448.589
weight: 1.63742e-05
eec: 251.943
weight: 4.33867e-05
eec: 209.842
weight: 1.87255e-05
eec: 338.619
weight: 0.000179311
eec: 177.466
weight: 0.00029253
eec: 363.535
weight: 9.65092e-05
eec: 1336.85
weight: 3.60424e-05
eec: 2528.45
weight: 1.83122e-05
eec: 158.736
weight: 0.000209743
eec: 526.676
weight: 0.000163479
eec: 283.959
weight: 1.08853e-05
eec: 1267.37
weight: 0.000154498
eec: 303.443
weight: 4.74957e-05
eec: 834.584
weight: 2.58479e-05
eec: 1898.94
weight: 1.80946e-05
eec: 3008.08
weight: 2.02524e-05
eec: 1921.22
weight: 7.9778e-05
eec: 3916.68
weight: 2.50017e-05
eec: 901.671
weight: 3.86095e-05
eec: 148.035
weight: 1.0844e-06
eec: 1114.48
weight: 4.32688e-05
eec: 773.438
weight: 4.97846e-08
eec: 44.2228
weight: 2.1515e-05
eec: 3515.62
weight: 4.85901e-06
eec: 267.688
weight: 2.75491e-06
eec: 2100.21
weight: 2.06357e-05
eec: 164.273
weight: 8.67808e-06
eec: 795.056
weight: 0.000592773
eec: 160.089
weight: 0.000172971
eec: 175.525
weight: 5.31094e-06
eec: 1190.83
weight: 1.70738e-05
eec: 154.666
weight: 3.1529e-05
eec: 104.508
weight: 9.83489e-07
eec: 1948.82
weight: 1.40868e-05
eec: 2125.29
weight: 0.0003781
eec: 942.088
weight: 1.33488e-06
eec: 437.349
weight: 8.59741e-06
eec: 551.952
weight: 3.08996e-05
eec: 1042.82
weight: 3.06801e-05
eec: 98.5442
weight: 0.000129051
eec: 479.836
weight: 0.000129051
eec: 180.471
weight: 2.39257e-06
eec: 2048.47
weight: 1.13319e-05
eec: 132.588
weight: 2.76579e-06
eec: 156.724
weight: 7.33264e-05
eec: 1557.07
weight: 1.09782e-05
eec: 3985.21
weight: 1.24403e-05
eec: 1430.57
weight: 2.29945e-06
eec: 335.683
weight: 4.37195e-06
eec: 1399.53
weight: 9.92107e-05
eec: 31.578
weight: 1.40894e-05
eec: 938.936
weight: 0.000208246
eec: 221.347
weight: 0.000164268
eec: 110.062
weight: 2.14355e-05
eec: 299.929
weight: 7.55775e-05
eec: 121.251
weight: 9.56493e-06
eec: 59.8928
weight: 7.02072e-06
eec: 2531.48
weight: 4.23103e-07
eec: 553.045
weight: 3.7469e-06
eec: 225.859
weight: 4.38859e-06
eec: 51.6949
weight: 1.63311e-05
eec: 916.572
weight: 3.17562e-05
eec: 57.418
weight: 2.54678e-06
eec: 1181.63
weight: 5.4458e-06
eec: 311.842
weight: 3.82969e-05
eec: 110.132
weight: 4.63702e-05
eec: 431.648
weight: 3.81092e-07
eec: 254.152
weight: 3.71749e-06
eec: 88.4287
weight: 0.000124397
eec: 328.626
weight: 0.000189856
eec: 377.391

ROOT exit code = 0
