gSystem->Load("run_condor_job_Run3_C.so");
run_condor_job_Run3(457, 100, 2,
                    80, 200,
                    1, 1, 1, 4);
.q

ENTERED run_condor_job_Run3()
JOBID = 457
  global job = 457  Job 57/100  events [3361860, 3420840)  total=5898000
Processing events [3361860, 3420840) of 5898000
weight: 2.37038e-05
eec: 340
weight: 2.29292e-05
eec: 32.3479
weight: 0.000133109
eec: 571.599
weight: 0.000320452
eec: 178.83
weight: 2.08174e-05
eec: 185.541
weight: 0.000182551
eec: 282.738
weight: 3.51094e-05
eec: 252.161
weight: 2.83967e-05
eec: 296.446
weight: 4.73566e-06
eec: 13.8131
weight: 1.94588e-05
eec: 1840.45
weight: 1.23507e-05
eec: 281.039
weight: 2.95819e-05
eec: 1291.36
weight: 1.11754e-05
eec: 425.049
weight: 0.000210403
eec: 141.18
weight: 8.60613e-06
eec: 163.314
weight: 3.57421e-05
eec: 430.358
weight: 3.7628e-05
eec: 1109.17
weight: 1.08013e-06
eec: 703.508
weight: 4.03863e-06
eec: 71.0076
weight: 6.00557e-06
eec: 488.302
weight: 9.29817e-05
eec: 1032.38
weight: 3.22331e-05
eec: 703.367
weight: 2.41539e-05
eec: 45.2666
weight: 0.000157743
eec: 870.033
weight: 1.0207e-05
eec: 404.054
weight: 7.34814e-06
eec: 4181.38
weight: 4.77894e-06
eec: 787.534
weight: 2.05233e-06
eec: 179.128
weight: 3.90614e-05
eec: 1395.68
weight: 0.000370687
eec: 706.81
weight: 2.35226e-05
eec: 416.026
weight: 2.54966e-05
eec: 177.275
weight: 3.01625e-05
eec: 675.936
weight: 3.934e-05
eec: 985.888
weight: 3.95758e-05
eec: 720.01
weight: 2.20699e-06
eec: 2349.72
weight: 9.05267e-06
eec: 620.705
weight: 0.000112618
eec: 504.67
weight: 0.000249797
eec: 21.6811
weight: 8.02301e-06
eec: 125.444
weight: 0.000232299
eec: 141.711
weight: 4.93631e-06
eec: 380.155
weight: 2.06497e-05
eec: 1113.84
weight: 3.04285e-06
eec: 703.993
weight: 0.000110438
eec: 203.552
weight: 3.24959e-05
eec: 282.068
weight: 2.76151e-05
eec: 680
weight: 1.89645e-05
eec: 792.245
weight: 0.00063205
eec: 355.438
weight: 1.89297e-05
eec: 844.233
weight: 8.21823e-06
eec: 273.445
weight: 0.000160053
eec: 176.156
weight: 0.00032373
eec: 184.552
weight: 0.00017982
eec: 227.338
weight: 6.94338e-05
eec: 1258.02
weight: 1.56954e-05
eec: 962.088
weight: 0.000376283
eec: 712.557
weight: 0.000131887
eec: 75.8044
weight: 6.90702e-06
eec: 86.0667
weight: 1.86478e-05
eec: 94.0096
weight: 4.89411e-07
eec: 1175.62
weight: 0.000206129
eec: 616.488
weight: 1.50457e-06
eec: 1318.53
weight: 0.000144794
eec: 684.885
weight: 2.32559e-05
eec: 131.278
weight: 2.58394e-06
eec: 639.589
weight: 0.000136395
eec: 274.149
weight: 1.39302e-06
eec: 487.531
weight: 9.51831e-05
eec: 447.589
weight: 1.05236e-05
eec: 393.16
weight: 1.99049e-05
eec: 746.757
weight: 1.98038e-05
eec: 254.362
weight: 0.000135272
eec: 238.969
weight: 3.46875e-05
eec: 273.989
weight: 5.73845e-05
eec: 21.5981
weight: 6.16291e-05
eec: 857.058
weight: 1.70059e-05
eec: 1337.52
weight: 0.000167604
eec: 114.574
weight: 8.32701e-06
eec: 82.3693
weight: 3.3183e-05
eec: 124.684
weight: 1.54445e-06
eec: 201.764
weight: 2.69643e-05
eec: 71.325
weight: 2.84541e-05
eec: 242.644
weight: 5.46194e-05
eec: 50.6326
weight: 1.63981e-05
eec: 448.355
weight: 7.06425e-06
eec: 817.839
weight: 2.37173e-05
eec: 723.786
weight: 5.23284e-08
eec: 157.618
weight: 1.09959e-06
eec: 313.796
weight: 1.52842e-06
eec: 378.879
weight: 7.948e-06
eec: 103.47
weight: 4.22808e-07
eec: 731.607
weight: 1.18013e-05
eec: 971.091
weight: 1.3259e-08
eec: 242.87
weight: 2.08653e-05
eec: 671.887
weight: 4.6977e-05
eec: 334.327
weight: 5.46507e-06
eec: 146.926
weight: 1.58792e-06
eec: 32.575
weight: 3.67438e-06
eec: 1214.62
weight: 0.00297738
eec: 104.273
weight: 2.77013e-05
eec: 174.058
weight: 3.3499e-05
eec: 778.319
weight: 0.000350458
eec: 685.952
weight: 1.38044e-05
eec: 1545.93
weight: 4.16991e-05
eec: 108.49
weight: 0.000949093
eec: 55.5778
weight: 2.54727e-06
eec: 946.896
weight: 4.97262e-05
eec: 106.182
weight: 2.09612e-05
eec: 337.275
weight: 2.09612e-05
eec: 1139.93
weight: 5.00088e-07
eec: 544.42
weight: 4.66253e-05
eec: 346.764
weight: 4.46889e-05
eec: 558.929
weight: 3.23208e-05
eec: 745.916
weight: 6.50877e-05
eec: 645.024
weight: 1.76485e-05
eec: 10.6477
weight: 6.52125e-05
eec: 492.245
weight: 1.71565e-05
eec: 618.363
weight: 3.27659e-05
eec: 690.389
weight: 1.18888e-05
eec: 129.352
weight: 4.01019e-05
eec: 450.388
weight: 7.10412e-05
eec: 909.181
weight: 7.25785e-05
eec: 770.204
weight: 7.82344e-05
eec: 347.803
weight: 5.2029e-05
eec: 509.834
weight: 6.66836e-05
eec: 968.615
weight: 0.000776548
eec: 36.8761
weight: 2.61539e-05
eec: 1765.21
weight: 3.71745e-07
eec: 356.009
weight: 1.49472e-06
eec: 1192.95
weight: 1.24484e-05
eec: 1664.51
weight: 5.9355e-05
eec: 150.788
weight: 1.23095e-05
eec: 253.23
weight: 7.06883e-05
eec: 1824.84
weight: 1.81519e-05
eec: 34.5872
weight: 8.21676e-06
eec: 461.687
weight: 0.000125305
eec: 162.134
weight: 1.0968e-05
eec: 1190.03
weight: 2.61606e-05
eec: 168.246
weight: 6.88376e-05
eec: 52.0598
weight: 0.000270706
eec: 630.715
weight: 6.20517e-07
eec: 516.407
weight: 9.06691e-05
eec: 230.08
weight: 1.74655e-05
eec: 93.1914
weight: 0.000126264
eec: 637.799
weight: 0.00204689
eec: 477.558
weight: 1.71795e-05
eec: 54.7143
weight: 5.35224e-07
eec: 120.534
weight: 6.56041e-05
eec: 274.856
weight: 2.8372e-06
eec: 8.39751
weight: 0.000161509
eec: 1300.35
weight: 2.30028e-06
eec: 531.187
weight: 0.00034254
eec: 297.3
weight: 2.77385e-05
eec: 27.0546
weight: 7.41017e-05
eec: 248.485
weight: 0.000146167
eec: 59.4642
weight: 2.4214e-06
eec: 70.5873
weight: 4.22317e-05
eec: 198.307
Processing: 57.6467 %weight: 0.000112164
eec: 115.508
weight: 3.54545e-05
eec: 1232.83
weight: 6.15263e-06
eec: 417.193
weight: 6.91281e-05
eec: 225.51
weight: 9.13584e-06
eec: 2887.76
weight: 9.95148e-05
eec: 493.365
weight: 9.24264e-06
eec: 1213.8
weight: 0.000161345
eec: 85.2259
weight: 0.000490671
eec: 222.108
weight: 3.72932e-06
eec: 2160.19
weight: 0.00106694
eec: 30.2148
weight: 2.51305e-06
eec: 156.458
weight: 3.21903e-05
eec: 40.1941
weight: 0.000210408
eec: 496.931
weight: 0.000175034
eec: 237.15
weight: 1.74965e-05
eec: 1743
weight: 8.24065e-06
eec: 651.113
weight: 4.47489e-05
eec: 103.333
weight: 3.11879e-05
eec: 73.5699
weight: 5.07559e-05
eec: 513.506
weight: 1.5966e-05
eec: 1848.49
weight: 1.32176e-05
eec: 64.1043
weight: 7.11823e-05
eec: 376.838
weight: 7.74637e-06
eec: 272.331
weight: 1.62871e-07
eec: 437.957
weight: 8.09641e-05
eec: 86.5171
weight: 9.00526e-06
eec: 4694.51
weight: 4.77347e-07
eec: 434.475
weight: 2.79117e-06
eec: 908.397
weight: 0.000282672
eec: 94.7609
weight: 1.94079e-06
eec: 384.947
weight: 1.1623e-05
eec: 506.498
weight: 2.93583e-05
eec: 359.244
weight: 1.78588e-06
eec: 118.902
weight: 3.07514e-05
eec: 1315.61
weight: 5.75252e-06
eec: 62.1864
weight: 3.52761e-05
eec: 140.285
weight: 2.81226e-05
eec: 2188.73
weight: 4.07079e-06
eec: 1329.42
weight: 1.57335e-05
eec: 314.436
weight: 9.79252e-06
eec: 269.707
weight: 2.0837e-06
eec: 90.1068
weight: 4.76565e-07
eec: 3102.39
weight: 2.99587e-06
eec: 600.562
weight: 5.99253e-06
eec: 229.784
weight: 0.000170109
eec: 979.768
weight: 2.04292e-05
eec: 149.34
weight: 3.13324e-05
eec: 1093.74
weight: 1.36347e-05
eec: 231.807
weight: 4.96081e-05
eec: 266.524
weight: 5.51532e-06
eec: 500.17
weight: 0.000116293
eec: 89.538
weight: 6.49155e-05
eec: 1895.55
weight: 0.000107708
eec: 849.099
weight: 5.00814e-06
eec: 221.861
weight: 4.32461e-06
eec: 251.691
weight: 0.000321332
eec: 237.404
weight: 0.000798019
eec: 107.049
weight: 3.38563e-05
eec: 63.9638
weight: 2.97084e-06
eec: 883.194
weight: 2.69766e-05
eec: 17.9211
weight: 2.60133e-05
eec: 281.348
weight: 3.07837e-05
eec: 231.588
weight: 0.000838546
eec: 120.834
weight: 1.68867e-05
eec: 27.2803
weight: 0.000127768
eec: 203.506
weight: 1.16408e-05
eec: 511.076
weight: 0.000119083
eec: 281.217
weight: 3.39126e-06
eec: 56.0475
weight: 1.12634e-05
eec: 344.066
weight: 3.48991e-07
eec: 168.254
weight: 2.99214e-05
eec: 1417.42
weight: 5.31489e-06
eec: 49.773
weight: 8.83934e-06
eec: 45.4071
weight: 3.66014e-06
eec: 3367.68
weight: 0.000692846
eec: 567.627
weight: 2.41845e-05
eec: 767.176
weight: 1.22067e-05
eec: 95.9744
weight: 1.57797e-07
eec: 535.678
weight: 6.88638e-05
eec: 321.107
weight: 8.85923e-05
eec: 556.671
weight: 9.5423e-06
eec: 140.517
weight: 9.04524e-05
eec: 392.401
weight: 2.62101e-05
eec: 52.7404
weight: 6.73098e-06
eec: 361.202
weight: 4.47761e-06
eec: 3614.24
weight: 1.12026e-06
eec: 526.594
weight: 8.52951e-07
eec: 66.5543
weight: 1.24993e-05
eec: 260.309
weight: 0.000337423
eec: 47.815
weight: 8.46103e-05
eec: 551.818
weight: 1.49313e-05
eec: 1471.51
weight: 4.33606e-05
eec: 337.152
weight: 1.0639e-05
eec: 45.817
weight: 8.79895e-05
eec: 60.1073
weight: 1.01818e-05
eec: 745.795
weight: 9.12265e-05
eec: 811.679
weight: 1.29112e-05
eec: 182.12
weight: 3.74456e-05
eec: 470.319
weight: 0.00158771
eec: 124.722
weight: 1.17022e-05
eec: 154.539
weight: 1.35967e-05
eec: 65.7279
weight: 1.19538e-05
eec: 672.254

ROOT exit code = 0
