gSystem->Load("run_condor_job_Run3_C.so");
run_condor_job_Run3(630, 100, 2,
                    80, 200,
                    1, 1, 1, 6);
.q

ENTERED run_condor_job_Run3()
JOBID = 630
  global job = 630  Job 30/100  events [1769400, 1828380)  total=5898000
Processing events [1769400, 1828380) of 5898000
weight: 1.57637e-05
eec: 579.035
weight: 1.25588e-06
eec: 2745.24
weight: 0.000155837
eec: 162.818
weight: 2.9033e-05
eec: 353.929
weight: 3.08994e-05
eec: 256.138
weight: 3.24521e-06
eec: 179.462
weight: 0.000224128
eec: 4.57785
weight: 1.32673e-06
eec: 1519.31
weight: 1.53259e-06
eec: 550.844
weight: 4.80919e-06
eec: 236.628
weight: 8.53211e-06
eec: 242.034
weight: 0.000110264
eec: 65.5435
weight: 0.000109011
eec: 185.534
weight: 1.04121e-05
eec: 98.1428
weight: 2.9983e-05
eec: 451.731
weight: 1.1405e-05
eec: 154.303
weight: 3.27664e-06
eec: 643.898
weight: 0.000156925
eec: 398.353
weight: 5.66629e-05
eec: 205.984
weight: 7.27741e-06
eec: 713.97
weight: 2.62445e-05
eec: 99.54
weight: 4.55826e-05
eec: 270.199
weight: 7.60354e-06
eec: 2609.91
weight: 5.22973e-05
eec: 880.518
weight: 0.00010346
eec: 349.483
weight: 1.46085e-05
eec: 279.153
weight: 6.6246e-06
eec: 3346.79
weight: 8.0899e-06
eec: 790.612
weight: 5.72771e-05
eec: 518.351
weight: 5.41084e-05
eec: 395.252
weight: 4.2908e-05
eec: 363.594
weight: 6.7017e-06
eec: 118.233
weight: 3.82721e-06
eec: 1664.69
weight: 3.08975e-06
eec: 91.7812
weight: 0.000311935
eec: 17.2216
weight: 5.76131e-05
eec: 251.243
weight: 1.05885e-05
eec: 2837.78
weight: 6.88932e-05
eec: 111.338
weight: 1.55863e-05
eec: 1497.69
weight: 7.57e-06
eec: 106.065
weight: 4.67172e-07
eec: 778.594
weight: 1.65731e-05
eec: 37.2456
weight: 4.04079e-06
eec: 1021.83
weight: 8.21584e-05
eec: 150.96
weight: 2.14641e-05
eec: 11.7639
weight: 0.00026
eec: 145.817
weight: 0.000120615
eec: 544.536
weight: 2.15367e-05
eec: 212.815
weight: 6.8278e-05
eec: 474.282
weight: 0.00141512
eec: 504.138
weight: 5.34926e-05
eec: 70.6068
weight: 3.9146e-08
eec: 102.608
weight: 1.4108e-05
eec: 49.485
weight: 1.3433e-05
eec: 149.549
weight: 6.47546e-06
eec: 1698.73
weight: 2.0337e-05
eec: 1100.18
weight: 8.49166e-06
eec: 911.824
weight: 1.27908e-05
eec: 102.108
weight: 1.15681e-05
eec: 2134.24
weight: 9.62616e-05
eec: 426.241
weight: 5.39673e-07
eec: 1001.98
weight: 6.39628e-06
eec: 34.396
weight: 3.23964e-05
eec: 700.743
weight: 1.77714e-06
eec: 396.111
weight: 5.68036e-06
eec: 911.271
weight: 4.21503e-05
eec: 622.162
weight: 0.0001384
eec: 147.063
weight: 1.47999e-05
eec: 509.671
weight: 1.47999e-05
eec: 2753.53
weight: 2.04636e-05
eec: 1217.69
weight: 2.49722e-05
eec: 526.712
weight: 9.02473e-06
eec: 120.355
weight: 8.01635e-06
eec: 134.431
weight: 3.68532e-06
eec: 131.911
weight: 0.00011702
eec: 626.748
weight: 3.94427e-07
eec: 2051.83
weight: 1.04469e-05
eec: 147.852
weight: 3.6574e-05
eec: 121.403
weight: 6.35989e-05
eec: 166.632
weight: 3.41291e-05
eec: 452.208
weight: 2.54361e-05
eec: 510.295
weight: 4.04015e-05
eec: 1191.48
weight: 3.04477e-05
eec: 840.597
weight: 0.00017831
eec: 190.356
weight: 0.000256033
eec: 92.3311
weight: 0.000187389
eec: 1625.84
weight: 7.39745e-06
eec: 756.078
weight: 9.97889e-05
eec: 126.673
weight: 2.13386e-05
eec: 613.373
weight: 0.000122343
eec: 47.5219
weight: 7.15302e-06
eec: 871.378
weight: 3.2246e-06
eec: 637.88
weight: 1.47341e-07
eec: 19.9665
weight: 1.11585e-05
eec: 322.235
weight: 1.52068e-05
eec: 239.151
weight: 3.39425e-05
eec: 233.306
weight: 3.42168e-08
eec: 1109.42
weight: 5.53298e-06
eec: 61.464
weight: 2.41418e-07
eec: 428.398
weight: 2.9266e-05
eec: 73.1465
weight: 0.00071969
eec: 244.727
weight: 5.58468e-05
eec: 305.846
weight: 0.000140978
eec: 2040.8
weight: 1.03875e-05
eec: 1278.26
weight: 0.000183219
eec: 683.655
weight: 3.94141e-06
eec: 754.002
weight: 7.20076e-06
eec: 248.415
weight: 3.88524e-06
eec: 2606.01
weight: 8.82927e-07
eec: 162.033
weight: 1.51321e-05
eec: 97.4186
weight: 2.1107e-07
eec: 199.017
weight: 0.000425323
eec: 1027.82
weight: 0.000894103
eec: 320.508
weight: 2.27623e-05
eec: 939.151
weight: 8.75735e-06
eec: 17.2377
weight: 2.35041e-06
eec: 248.05
weight: 5.03116e-05
eec: 1882.39
weight: 9.95053e-05
eec: 300.249
weight: 1.17434e-05
eec: 4767.16
weight: 3.61258e-05
eec: 193.119
weight: 1.07623e-05
eec: 805.811
weight: 4.40902e-05
eec: 281.568
weight: 3.11895e-06
eec: 980.724
weight: 0.000397061
eec: 231.434
weight: 0.000118765
eec: 284.196
weight: 4.36014e-05
eec: 142.539
weight: 1.82448e-05
eec: 635.514
weight: 1.80395e-05
eec: 125.502
weight: 8.55206e-05
eec: 387.93
weight: 3.37233e-05
eec: 694.773
weight: 2.90246e-06
eec: 500.923
weight: 7.37031e-07
eec: 281.974
weight: 2.81632e-06
eec: 610.878
weight: 2.51436e-06
eec: 166.049
weight: 2.64773e-05
eec: 97.4844
weight: 3.63514e-05
eec: 403.406
weight: 0.00149102
eec: 767.45
weight: 0.000171769
eec: 189.546
weight: 1.03428e-05
eec: 2021.65
weight: 3.7065e-05
eec: 327.075
weight: 2.65186e-05
eec: 4141.67
weight: 5.74168e-05
eec: 177.737
weight: 1.51424e-05
eec: 85.3283
weight: 9.32797e-05
eec: 189.601
weight: 1.02811e-05
eec: 937.074
weight: 1.23943e-05
eec: 1065.95
weight: 3.40844e-05
eec: 361.554
weight: 0.000511162
eec: 533.33
Processing: 30.5188 %weight: 1.1284e-05
eec: 432.764
weight: 1.11133e-06
eec: 220.062
weight: 6.37641e-05
eec: 320.133
weight: 3.86677e-05
eec: 24.3656
weight: 5.48723e-05
eec: 953.946
weight: 0.000137198
eec: 361.668
weight: 0.00159729
eec: 224.396
weight: 0.000202325
eec: 134.442
weight: 0.00018695
eec: 568.955
weight: 3.4729e-05
eec: 100.918
weight: 6.16957e-05
eec: 1667.21
weight: 7.43776e-08
eec: 399.219
weight: 5.48623e-05
eec: 327.089
weight: 2.11595e-05
eec: 835.984
weight: 2.21816e-05
eec: 51.351
weight: 4.2094e-07
eec: 413.685
weight: 3.32342e-06
eec: 631.873
weight: 0.00069701
eec: 213.844
weight: 6.18438e-05
eec: 661.221
weight: 2.61987e-05
eec: 172.704
weight: 2.32821e-06
eec: 230.201
weight: 2.02541e-06
eec: 869.14
weight: 4.10603e-05
eec: 37.7512
weight: 1.5593e-05
eec: 580.139
weight: 4.76628e-05
eec: 1851.8
weight: 2.2673e-05
eec: 674.051
weight: 1.37661e-05
eec: 366.748
weight: 2.88147e-05
eec: 838.024
weight: 7.08287e-06
eec: 802.747
weight: 3.97981e-05
eec: 67.9324
weight: 9.73513e-05
eec: 91.3698
weight: 0.000160404
eec: 37.4891
weight: 2.64819e-05
eec: 582.434
weight: 6.87714e-06
eec: 1006.32
weight: 7.4279e-05
eec: 208.416
weight: 1.89856e-05
eec: 587.532
weight: 4.80462e-05
eec: 313.277
weight: 4.92478e-05
eec: 39.2689
weight: 0.00018948
eec: 340.084
weight: 3.17805e-05
eec: 170.715
weight: 7.44277e-05
eec: 155.975
weight: 5.4407e-06
eec: 195.982
weight: 1.03046e-05
eec: 354.063
weight: 1.54076e-07
eec: 661.373
weight: 9.47657e-06
eec: 612.631
weight: 1.70476e-05
eec: 52.4848
weight: 0.000195829
eec: 597.946
weight: 1.09615e-05
eec: 789.974
weight: 1.94115e-05
eec: 276.845
weight: 6.91577e-06
eec: 22.7169
weight: 1.80445e-05
eec: 57.0005
weight: 0.000517476
eec: 74.4671
weight: 3.51989e-08
eec: 183.614
weight: 5.24904e-05
eec: 755.818
weight: 8.29888e-06
eec: 751.943
weight: 0.000632671
eec: 227.72
weight: 0.000138455
eec: 123.402
weight: 0.000182686
eec: 545.418
weight: 1.43962e-06
eec: 583.504
weight: 0.000570216
eec: 56.9967
weight: 1.25013e-05
eec: 724.136
weight: 6.05698e-06
eec: 175.871
weight: 8.72326e-05
eec: 260.103
weight: 1.81053e-06
eec: 281.905
weight: 1.55027e-05
eec: 582.039
weight: 0.000116292
eec: 342.188
weight: 2.28918e-05
eec: 873.889
weight: 3.73088e-06
eec: 1488.01
weight: 9.65859e-06
eec: 634.096
weight: 3.62734e-06
eec: 325.514
weight: 2.17469e-05
eec: 41.0839
weight: 1.08763e-06
eec: 503.104
weight: 2.09887e-05
eec: 1325.52
weight: 2.82831e-06
eec: 15.6356
weight: 0.000396914
eec: 57.2968
weight: 3.06142e-06
eec: 192.07
weight: 4.18487e-06
eec: 385.929
weight: 1.12571e-05
eec: 219.926
weight: 0.000367314
eec: 60.1843
weight: 0.000103598
eec: 369.213
weight: 0.000208686
eec: 207.525
weight: 6.50725e-05
eec: 208.476
weight: 1.00395e-05
eec: 1697.68
weight: 6.65988e-06
eec: 1213.49
weight: 2.31379e-05
eec: 288.584
weight: 8.74937e-05
eec: 1489.58
weight: 3.34403e-07
eec: 547.018
weight: 1.52983e-05
eec: 2279.6
weight: 9.47171e-05
eec: 32.7263
weight: 0.000116806
eec: 61.6122
weight: 5.39746e-06
eec: 2043.61
weight: 3.19574e-05
eec: 350.169
weight: 4.26748e-05
eec: 1619.3
weight: 3.47631e-05
eec: 1647.2
weight: 2.71806e-05
eec: 123.204
weight: 1.20455e-05
eec: 195.572
weight: 2.75108e-07
eec: 406.079
weight: 2.22997e-05
eec: 466.452
weight: 8.02236e-06
eec: 2481.86
weight: 7.27126e-05
eec: 496.721
weight: 2.29199e-06
eec: 83.135
weight: 1.8477e-05
eec: 729.462
weight: 9.34253e-05
eec: 109.009
weight: 0.000807134
eec: 399.563
weight: 1.89618e-05
eec: 129.299
weight: 5.68959e-07
eec: 23.5698
weight: 2.69889e-05
eec: 575.591
weight: 0.000197594
eec: 325.754
weight: 7.45852e-06
eec: 2223.1
weight: 4.93492e-06
eec: 2272.54
weight: 1.41839e-05
eec: 1040.57
weight: 4.55818e-05
eec: 1020.79
weight: 1.45883e-05
eec: 451.19
weight: 1.45883e-05
eec: 508.866
weight: 7.89287e-05
eec: 688.22
weight: 4.03695e-05
eec: 154.512
weight: 0.000286864
eec: 156.691
weight: 9.87305e-06
eec: 37.3046
weight: 6.22955e-06
eec: 711.614
weight: 2.18313e-06
eec: 507.166
weight: 0.000178193
eec: 161.923
weight: 0.000124602
eec: 752.58
weight: 3.60002e-05
eec: 57.6421
weight: 5.97924e-05
eec: 370.134
weight: 1.59968e-05
eec: 111.789
weight: 2.3775e-05
eec: 929.184
weight: 4.67672e-06
eec: 250.722
weight: 2.35354e-05
eec: 90.0189
weight: 1.48275e-07
eec: 558.842
weight: 2.43138e-06
eec: 176.321
weight: 0.00128539
eec: 497.184

ROOT exit code = 0
