gSystem->Load("run_condor_job_Run3_C.so");
run_condor_job_Run3(0, 100, 2,
                    80, 200,
                    1, 1, 1, 0);
.q

ENTERED run_condor_job_Run3()
JOBID = 0
  global job = 0  Job 0/100  events [0, 59940)  total=5994000
Processing events [0, 59940) of 5994000
Processing: 0 %weight: 3.79753e-05
eec: 67.2775
weight: 0.00170761
eec: 448.303
weight: 4.33373e-05
eec: 632.463
weight: 2.33822e-05
eec: 1273.83
weight: 8.45697e-06
eec: 611.918
weight: 5.35111e-06
eec: 576.765
weight: 5.46766e-06
eec: 311.78
weight: 2.70207e-05
eec: 168.223
weight: 3.83639e-05
eec: 254.206
weight: 3.61312e-06
eec: 133.62
weight: 1.07055e-06
eec: 281.19
weight: 2.70753e-05
eec: 72.6597
weight: 6.38348e-06
eec: 1698.13
weight: 3.47971e-05
eec: 645.239
weight: 1.75385e-06
eec: 29.0551
weight: 3.27621e-05
eec: 264.8
weight: 1.82443e-08
eec: 282.035
weight: 8.75057e-07
eec: 452.59
weight: 9.12375e-05
eec: 234.368
weight: 2.74207e-05
eec: 170.638
weight: 3.58144e-05
eec: 654.139
weight: 4.4001e-06
eec: 105.01
weight: 4.21093e-06
eec: 610.27
weight: 1.2048e-05
eec: 181
weight: 0.000222536
eec: 199.152
weight: 4.31111e-05
eec: 487.096
weight: 8.00862e-06
eec: 1188.2
weight: 3.40018e-05
eec: 247.582
weight: 2.0508e-06
eec: 1357.32
weight: 5.02816e-05
eec: 52.4501
weight: 2.62565e-05
eec: 72.7067
weight: 6.4592e-05
eec: 68.4502
weight: 0.000134278
eec: 317.698
weight: 2.32611e-06
eec: 191.825
weight: 0.000244837
eec: 20.4401
weight: 0.000198669
eec: 6.58925
weight: 1.60117e-05
eec: 92.4747
weight: 3.71726e-05
eec: 726.161
weight: 4.53362e-06
eec: 691.358
weight: 4.84299e-05
eec: 516.302
weight: 0.000382338
eec: 54.8757
weight: 3.89154e-05
eec: 662.615
weight: 0.00110757
eec: 269.245
weight: 0.00010419
eec: 2371.55
weight: 3.68446e-05
eec: 519.365
weight: 3.38329e-05
eec: 684.828
weight: 1.10466e-06
eec: 400.626
weight: 1.7443e-05
eec: 478.648
weight: 3.09732e-05
eec: 281.72
weight: 1.78549e-05
eec: 268.931
weight: 4.58365e-05
eec: 209.091
weight: 5.69711e-05
eec: 194.836
weight: 1.30651e-05
eec: 1995
weight: 0.00023002
eec: 180.174
weight: 4.34664e-06
eec: 145.263
weight: 6.6745e-05
eec: 978.518
weight: 1.09007e-05
eec: 414.688
weight: 3.45504e-05
eec: 70.8441
weight: 6.503e-06
eec: 264.498
weight: 9.55084e-06
eec: 213.002
weight: 6.65629e-05
eec: 170.898
weight: 2.17459e-05
eec: 2290.25
weight: 1.90654e-05
eec: 1064.95
weight: 2.75297e-07
eec: 1399.72
weight: 2.3451e-05
eec: 326.987
weight: 0.00100921
eec: 660.33
weight: 0.00269539
eec: 120.494
weight: 0.000137774
eec: 503.318
weight: 2.44035e-06
eec: 427.764
weight: 0.000353537
eec: 152.488
weight: 2.68144e-05
eec: 18.309
weight: 5.51067e-07
eec: 42.3328
weight: 0.000105969
eec: 96.3558
weight: 8.86109e-07
eec: 963.427
weight: 5.46644e-05
eec: 1662.23
weight: 3.57343e-05
eec: 824.869
weight: 2.01831e-05
eec: 501.879
weight: 2.18543e-06
eec: 1954.48
weight: 4.35247e-05
eec: 597.321
weight: 4.65483e-05
eec: 1421.85
weight: 3.68474e-05
eec: 674.114
weight: 1.42435e-06
eec: 1404.31
weight: 4.03428e-05
eec: 269.799
weight: 9.16402e-05
eec: 244.126
weight: 1.5437e-05
eec: 1079.54
weight: 3.90433e-08
eec: 2361.56
weight: 7.6812e-05
eec: 81.4802
weight: 3.16782e-05
eec: 528.144
weight: 5.52309e-05
eec: 264.671
weight: 1.51724e-05
eec: 75.3784
weight: 8.56369e-05
eec: 301.357
weight: 9.02954e-07
eec: 839.463
weight: 2.01941e-05
eec: 392.518
weight: 1.52036e-05
eec: 1829.8
weight: 0.000188578
eec: 284.277
weight: 0.000146892
eec: 1195.05
weight: 7.20764e-06
eec: 125.751
weight: 2.63996e-05
eec: 535.338
weight: 1.30844e-05
eec: 76.1754
weight: 8.92526e-05
eec: 714.328
weight: 5.08598e-05
eec: 245.112
weight: 1.7901e-05
eec: 2073.4
weight: 6.28222e-06
eec: 141.394
weight: 1.84049e-05
eec: 3976.33
weight: 4.9349e-05
eec: 403.154
weight: 0.000284307
eec: 668.692
weight: 7.18788e-06
eec: 476.38
weight: 5.71336e-05
eec: 1430.54
weight: 4.98284e-05
eec: 727.634
weight: 8.70539e-06
eec: 2038.78
weight: 3.23144e-05
eec: 438.313
weight: 8.10769e-06
eec: 41.9216
weight: 1.46738e-06
eec: 328.373
weight: 1.18991e-05
eec: 363.738
weight: 0.000101915
eec: 116.699
weight: 0.000112675
eec: 711.97
weight: 6.1863e-05
eec: 211.327
weight: 5.86725e-05
eec: 1226.64
weight: 4.14022e-05
eec: 522.984
weight: 0.00032548
eec: 900.756
weight: 1.62519e-05
eec: 349.822
weight: 0.000266466
eec: 240.939
weight: 3.70922e-05
eec: 1818.16
weight: 8.6653e-05
eec: 362.751
weight: 1.69157e-06
eec: 62.4933
weight: 0.000123193
eec: 512.876
weight: 0.00012017
eec: 303.388
weight: 6.10017e-05
eec: 133.628
weight: 1.49409e-05
eec: 293.627
weight: 4.6737e-05
eec: 474.385
weight: 9.95492e-06
eec: 238.114
weight: 1.58082e-05
eec: 668.659
weight: 9.96912e-06
eec: 856.06
weight: 3.7278e-05
eec: 104.626
weight: 1.19292e-05
eec: 235.521
weight: 7.95615e-05
eec: 421.134
weight: 1.51752e-05
eec: 1560.4
weight: 2.98174e-07
eec: 490.654
weight: 7.19936e-05
eec: 736.271
weight: 7.0028e-06
eec: 231.056
weight: 1.28961e-05
eec: 171.481
weight: 3.42596e-05
eec: 1454.77
weight: 2.5059e-05
eec: 223.384
weight: 0.000350534
eec: 95.7069
weight: 0.000157507
eec: 1377.08
weight: 9.74781e-05
eec: 962.767
weight: 9.21594e-05
eec: 255.13
weight: 0.000213208
eec: 333.086
weight: 2.10558e-06
eec: 243.014
weight: 0.000108966
eec: 354.385
weight: 0.000149803
eec: 670.6
weight: 8.6376e-06
eec: 195.491
weight: 0.000113258
eec: 390.971
weight: 4.67456e-05
eec: 245.297
weight: 3.68149e-05
eec: 229.076
weight: 1.38482e-05
eec: 835.472
weight: 6.52552e-06
eec: 477.586
weight: 8.01718e-05
eec: 678.418
weight: 8.50606e-06
eec: 98.6408
weight: 3.54661e-05
eec: 538.579
weight: 6.40361e-05
eec: 91.6037
weight: 8.56393e-06
eec: 193.178
weight: 9.83423e-05
eec: 901.646
weight: 0.000102569
eec: 510.16
weight: 2.73378e-05
eec: 1431.53
weight: 0.000349454
eec: 257.23
weight: 0.000117907
eec: 209.842
weight: 0.000856474
eec: 409.092
weight: 0.000484975
eec: 638.172
weight: 2.20617e-06
eec: 232.348
weight: 1.4879e-05
eec: 1024.28
weight: 6.94068e-05
eec: 254.713
weight: 2.05382e-05
eec: 741.329
weight: 9.54227e-06
eec: 922.063
weight: 3.42915e-07
eec: 108.459
weight: 2.02977e-05
eec: 270.215
weight: 3.25949e-06
eec: 2169.97
weight: 3.45683e-05
eec: 967.145
weight: 0.000327924
eec: 683.927
weight: 1.65346e-05
eec: 766.657
weight: 3.65563e-06
eec: 1057.23
weight: 3.01644e-05
eec: 1907.06
weight: 0.001131
eec: 320.43
weight: 5.82212e-06
eec: 704.023
weight: 7.22023e-05
eec: 1683.18
weight: 4.41987e-07
eec: 88.2138
weight: 3.63859e-05
eec: 189.4
weight: 2.72331e-06
eec: 428.229
weight: 7.58618e-05
eec: 1326.98
weight: 2.17948e-06
eec: 117.848
weight: 2.95895e-05
eec: 53.07
weight: 3.31806e-06
eec: 1245.85
weight: 3.72701e-05
eec: 1012.05
weight: 4.96674e-07
eec: 1483.05
weight: 1.99011e-05
eec: 1026.09
weight: 4.04319e-05
eec: 496.292
weight: 8.07744e-07
eec: 527.27
weight: 2.46736e-06
eec: 146.099
weight: 8.01705e-06
eec: 159.59
weight: 1.12295e-06
eec: 371.445
weight: 0.00404913
eec: 197.901
weight: 7.27659e-05
eec: 180.157
weight: 1.56638e-06
eec: 321.233
weight: 7.16039e-05
eec: 97.4877
weight: 2.41513e-07
eec: 81.8397
weight: 3.41684e-07
eec: 32.8904
weight: 3.71055e-05
eec: 1215.91
Processing: 0.834168 %weight: 1.65616e-05
eec: 1431.54
weight: 6.02826e-06
eec: 1118.97
weight: 1.44891e-05
eec: 2333.95
weight: 1.82607e-05
eec: 524.008
weight: 4.24624e-06
eec: 245.637
weight: 4.81752e-05
eec: 460.737
weight: 0.00123999
eec: 117.035
weight: 2.72621e-07
eec: 428.886
weight: 9.92167e-06
eec: 2266.63
weight: 3.92031e-05
eec: 79.7143
weight: 4.41814e-05
eec: 887.169
weight: 2.51398e-05
eec: 456.322
weight: 4.3724e-05
eec: 44.6501
weight: 1.60891e-05
eec: 97.8506
weight: 6.85937e-06
eec: 551.322
weight: 5.37891e-06
eec: 388.58
weight: 4.7727e-08
eec: 174.147
weight: 0.000277144
eec: 61.4427
weight: 5.30175e-05
eec: 96.5928
weight: 0.000254941
eec: 357.736
weight: 2.16714e-05
eec: 218.338
weight: 0.000120795
eec: 652.065
weight: 8.97465e-06
eec: 881.438
weight: 1.95781e-05
eec: 411.447
weight: 3.20594e-05
eec: 529.304
weight: 9.21387e-05
eec: 801.46
weight: 1.27852e-05
eec: 261.601
weight: 4.25031e-05
eec: 246.971
weight: 7.816e-06
eec: 539.786
weight: 5.06474e-05
eec: 294.097
weight: 0.000146163
eec: 235.619
weight: 1.61583e-05
eec: 646.29
weight: 6.85829e-05
eec: 781.345
weight: 7.35623e-05
eec: 284.27
weight: 2.91074e-05
eec: 68.7889
weight: 1.59871e-05
eec: 2750.33
weight: 2.43016e-05
eec: 186.362
weight: 2.1881e-06
eec: 919.426
weight: 0.00112687
eec: 330.019
weight: 0.000202503
eec: 187.074
weight: 7.06461e-05
eec: 353.651
weight: 4.44534e-06
eec: 545.695
weight: 2.10074e-07
eec: 395.291
weight: 4.53626e-05
eec: 1834.75
weight: 1.05309e-05
eec: 1619.24
weight: 2.63678e-05
eec: 1576.24

ROOT exit code = 0
