gSystem->Load("run_condor_job_Run3_C.so");
run_condor_job_Run3(905, 100, 2,
                    80, 200,
                    1, 1, 1, 9);
.q

ENTERED run_condor_job_Run3()
JOBID = 905
  global job = 905  Job 5/100  events [297300, 356760)  total=5946000
Processing events [297300, 356760) of 5946000
weight: 1.97484e-07
eec: 763.423
weight: 0.000167165
eec: 614.228
weight: 6.28285e-05
eec: 40.3137
weight: 0.000292681
eec: 238.3
weight: 6.17879e-06
eec: 1896.07
weight: 6.61892e-06
eec: 1215.73
weight: 8.50858e-06
eec: 1853.78
weight: 7.84392e-05
eec: 132.964
weight: 3.53481e-05
eec: 504.102
weight: 0.000796113
eec: 227.7
weight: 3.84752e-05
eec: 146.733
weight: 5.763e-05
eec: 225.912
weight: 0.000150017
eec: 491.571
weight: 1.47657e-06
eec: 471.788
weight: 4.01892e-05
eec: 1235.21
weight: 0.000144426
eec: 382.248
Processing: 5.04541 %weight: 2.98603e-05
eec: 2388.69
weight: 5.72254e-05
eec: 1713.45
weight: 0.000388701
eec: 608.535
weight: 1.22011e-05
eec: 78.3731
weight: 0.000169445
eec: 1016.94
weight: 1.93857e-06
eec: 580.312
weight: 9.52097e-06
eec: 1782.78
weight: 2.26081e-05
eec: 173.109
weight: 1.04118e-05
eec: 593.926
weight: 0.000126792
eec: 329.317
weight: 8.49579e-05
eec: 1014.85
weight: 3.39813e-06
eec: 913.733
weight: 6.02323e-06
eec: 205.62
weight: 1.82772e-05
eec: 198.648
weight: 3.27558e-07
eec: 3882.17
weight: 1.2508e-05
eec: 51.8334
weight: 9.66714e-06
eec: 235.873
weight: 1.60151e-05
eec: 146.829
weight: 2.57948e-05
eec: 1135.84
weight: 6.72514e-05
eec: 592.622
weight: 0.000305686
eec: 89.7984
weight: 0.000410191
eec: 149.532
weight: 0.000317904
eec: 352.841
weight: 2.48136e-05
eec: 123.889
weight: 9.74297e-05
eec: 47.1221
weight: 3.58766e-06
eec: 161.004
weight: 5.03335e-05
eec: 25.6583
weight: 3.57119e-05
eec: 89.6094
weight: 2.19963e-05
eec: 303.195
weight: 0.000217996
eec: 327.419
weight: 0.000218118
eec: 106.352
weight: 9.83089e-06
eec: 586.259
weight: 9.02649e-06
eec: 387.876
weight: 0.000151993
eec: 142.663
weight: 5.19039e-05
eec: 1584.35
weight: 3.8988e-05
eec: 206.245
weight: 1.83594e-05
eec: 360.456
weight: 1.56655e-05
eec: 516.668
weight: 3.43394e-05
eec: 2489.12
weight: 4.77958e-05
eec: 640.149
weight: 0.000115015
eec: 741.756
weight: 4.40374e-05
eec: 239.329
weight: 3.34263e-06
eec: 2618.39
weight: 2.86131e-06
eec: 85.3721
weight: 1.50282e-06
eec: 118.929
weight: 3.3678e-05
eec: 233.09
weight: 2.20628e-06
eec: 2273.63
weight: 1.66293e-05
eec: 137.716
weight: 2.22238e-05
eec: 698.417
weight: 9.81147e-05
eec: 329.545
weight: 0.00024208
eec: 87.6355
weight: 1.55377e-05
eec: 940.306
weight: 9.5545e-06
eec: 86.4906
weight: 2.51411e-05
eec: 409.102
weight: 0.000222208
eec: 430.115
weight: 1.02763e-05
eec: 64.5065
weight: 8.70232e-05
eec: 571.14
weight: 0.0005479
eec: 368.494
weight: 0.000166503
eec: 21.8449
weight: 1.20055e-05
eec: 422.947
weight: 6.19738e-07
eec: 137.577
weight: 1.12427e-05
eec: 450.668
weight: 0.000606327
eec: 744.967
weight: 3.82135e-07
eec: 590.983
weight: 5.10837e-05
eec: 268.649
weight: 1.95118e-05
eec: 356.63
weight: 1.79802e-05
eec: 2937.32
weight: 3.11239e-06
eec: 2435.74
weight: 2.58542e-05
eec: 380.237
weight: 2.32275e-05
eec: 1941.41
weight: 0.000181652
eec: 1483.46
weight: 0.000357237
eec: 473.724
weight: 0.00014195
eec: 124.958
weight: 2.3357e-05
eec: 100.36
weight: 6.3535e-06
eec: 62.7088
weight: 1.0007e-05
eec: 689.432
weight: 0.000269343
eec: 364.61
weight: 6.9689e-05
eec: 1067.63
weight: 3.4178e-06
eec: 2852.98
weight: 1.8872e-05
eec: 48.7691
weight: 8.99243e-05
eec: 232.153
weight: 8.9194e-06
eec: 156.012
weight: 1.56662e-05
eec: 286.533
weight: 9.13584e-05
eec: 354.902
weight: 4.27948e-06
eec: 229.321
weight: 1.70611e-05
eec: 1760.46
weight: 2.01455e-05
eec: 790.228
weight: 0.000410995
eec: 60.8857
weight: 2.29752e-05
eec: 57.3447
weight: 4.78357e-05
eec: 2038.12
weight: 1.99259e-05
eec: 553.862
weight: 6.92206e-05
eec: 583.055
weight: 2.4491e-05
eec: 61.3951
weight: 0.000109893
eec: 687.402
weight: 4.39785e-06
eec: 535.225
weight: 1.09593e-05
eec: 605.189
weight: 1.48903e-05
eec: 49.0471
weight: 9.45381e-08
eec: 394.245
weight: 3.12026e-05
eec: 1475.29
weight: 7.09299e-05
eec: 421.965
weight: 5.53474e-05
eec: 313.665
weight: 5.01184e-05
eec: 702.471
weight: 3.52757e-05
eec: 121.951
weight: 3.26696e-05
eec: 84.3917
weight: 3.11248e-06
eec: 373.781
weight: 1.74813e-05
eec: 948.238
weight: 1.6374e-05
eec: 793.12
weight: 2.56242e-05
eec: 812.923
weight: 0.000113408
eec: 838.262
weight: 1.79456e-05
eec: 339.181
weight: 0.00012742
eec: 190.562
weight: 7.83535e-05
eec: 658.977
weight: 6.65547e-05
eec: 113.785
weight: 0.0001653
eec: 246.692
weight: 3.19826e-07
eec: 488.597
weight: 3.73146e-05
eec: 5015.48
weight: 3.20159e-05
eec: 102.44
weight: 0.000265718
eec: 297.835
weight: 6.28572e-07
eec: 188.562
weight: 9.40937e-06
eec: 64.3539
weight: 2.41395e-06
eec: 971.602
weight: 1.46274e-05
eec: 681.269
weight: 0.000100829
eec: 370.328
weight: 7.14553e-06
eec: 131.804
weight: 4.30076e-06
eec: 666.577
weight: 0.000367978
eec: 403.896
weight: 1.64414e-05
eec: 1520.37
weight: 1.29668e-05
eec: 134.177
weight: 6.20715e-05
eec: 242.4
weight: 8.48268e-06
eec: 548.128
weight: 1.01863e-05
eec: 1900.2
weight: 7.17174e-06
eec: 1028.98
weight: 1.25249e-07
eec: 294.436
weight: 1.95659e-06
eec: 137.884
weight: 6.84052e-06
eec: 55.0694
weight: 8.66256e-06
eec: 197.292
weight: 1.11608e-05
eec: 964.596
weight: 2.5861e-06
eec: 208.602
weight: 0.00250448
eec: 637.642
weight: 1.28752e-05
eec: 478.423
weight: 1.88236e-05
eec: 208.896
weight: 6.77532e-06
eec: 65.8558
weight: 1.32963e-05
eec: 70.2063
weight: 1.99479e-05
eec: 82.6424
weight: 1.78263e-05
eec: 32.484
weight: 0.000125275
eec: 720.09
weight: 1.15184e-06
eec: 140.173
weight: 2.00686e-06
eec: 658.431
weight: 2.72871e-06
eec: 239.132
weight: 2.13917e-05
eec: 408.147
weight: 0.000439535
eec: 92.4585
weight: 1.22096e-05
eec: 1427.5
weight: 5.49341e-06
eec: 147.852
weight: 8.42979e-05
eec: 13.1365
weight: 0.000287366
eec: 462.932
weight: 0.000169758
eec: 436.548
weight: 4.99042e-05
eec: 77.9288
weight: 0.000213812
eec: 163.8
weight: 2.30213e-06
eec: 2142.59
weight: 2.97021e-06
eec: 291.112
weight: 1.51954e-06
eec: 308.247
weight: 7.68683e-06
eec: 819.671
weight: 1.17523e-05
eec: 574.846
weight: 1.9634e-05
eec: 2186.76
weight: 8.52325e-06
eec: 880.905
weight: 0.00103611
eec: 275.4
weight: 7.41604e-08
eec: 382.099
weight: 9.1031e-06
eec: 917.607
weight: 3.37732e-06
eec: 2085.28
weight: 0.000110481
eec: 193.259
weight: 5.62756e-06
eec: 224.024
weight: 3.70706e-07
eec: 338.887
weight: 6.05157e-06
eec: 1041.8
weight: 8.59801e-05
eec: 314.504
weight: 7.12375e-06
eec: 25.9174
weight: 7.12375e-06
eec: 304.706
weight: 0.000254434
eec: 460.315
weight: 0.000238417
eec: 919.794
weight: 2.80201e-05
eec: 506.557
weight: 6.58998e-06
eec: 2456.28
weight: 4.45689e-06
eec: 369.777
weight: 1.81881e-05
eec: 1533.74
weight: 2.29892e-06
eec: 303.456
weight: 5.26426e-06
eec: 48.1514
weight: 2.97816e-05
eec: 330.177
weight: 4.66958e-06
eec: 398.446
weight: 2.05924e-05
eec: 654.34
weight: 1.32389e-05
eec: 276.005
weight: 2.35443e-05
eec: 559.179
weight: 8.54712e-05
eec: 268.322
weight: 7.66023e-06
eec: 1445.14
weight: 3.66839e-05
eec: 175.797
weight: 3.248e-05
eec: 131.016
weight: 3.25898e-06
eec: 424.025
weight: 7.33701e-05
eec: 368.022
weight: 1.96396e-05
eec: 1844.59
weight: 1.40454e-05
eec: 730.285
weight: 0.000608725
eec: 345.516
Processing: 5.88631 %weight: 0.000175957
eec: 262.453
weight: 7.19437e-06
eec: 895.393
weight: 3.81446e-07
eec: 115.305
weight: 1.74763e-05
eec: 658.703
weight: 6.49332e-06
eec: 2301.08
weight: 0.0025654
eec: 530.034
weight: 8.61396e-05
eec: 124.317
weight: 1.35875e-06
eec: 414.185
weight: 1.45845e-07
eec: 680.306
weight: 1.33959e-05
eec: 23.5481
weight: 3.47074e-07
eec: 18.9868
weight: 1.83273e-05
eec: 1162.4
weight: 2.17547e-05
eec: 289.36
weight: 0.000462703
eec: 225.444
weight: 1.48365e-05
eec: 58.038
weight: 3.14497e-05
eec: 480.053
weight: 8.59952e-05
eec: 110.198
weight: 1.0143e-05
eec: 822.158
weight: 7.47903e-05
eec: 755.116
weight: 8.60252e-05
eec: 654.873
weight: 2.0968e-05
eec: 496.873
weight: 3.71107e-05
eec: 501.085
weight: 5.34732e-07
eec: 90.7861
weight: 4.11526e-05
eec: 272.678
weight: 9.18272e-06
eec: 435.573
weight: 5.38203e-06
eec: 158.466
weight: 0.00037364
eec: 537.312
weight: 7.34934e-06
eec: 97.2314
weight: 1.0003e-06
eec: 199.649
weight: 6.90618e-07
eec: 41.4806

ROOT exit code = 0
