gSystem->Load("run_condor_job_Run3_C.so");
run_condor_job_Run3(317, 100, 2,
                    80, 200,
                    1, 1, 1, 3);
.q

ENTERED run_condor_job_Run3()
JOBID = 317
  global job = 317  Job 17/100  events [1020000, 1080000)  total=6000000
Processing events [1020000, 1080000) of 6000000
weight: 4.89696e-05
eec: 125.012
weight: 3.60024e-05
eec: 197.669
weight: 3.20711e-05
eec: 313.743
weight: 8.85302e-06
eec: 1676.81
weight: 0.000262011
eec: 160.361
weight: 0.000518938
eec: 412.398
weight: 2.27208e-06
eec: 251.604
weight: 9.89976e-06
eec: 873.375
weight: 5.39024e-06
eec: 542.43
weight: 7.85944e-05
eec: 319.826
weight: 0.000260213
eec: 363.409
weight: 8.15253e-05
eec: 140
weight: 4.22818e-05
eec: 6.96389
weight: 4.7549e-06
eec: 1345.6
weight: 0.000132815
eec: 185.151
weight: 2.87574e-06
eec: 571.851
weight: 2.19778e-05
eec: 87.9651
weight: 0.000119733
eec: 194.317
weight: 1.73331e-05
eec: 150.411
weight: 1.55288e-05
eec: 36.0704
weight: 0.00031556
eec: 321.317
weight: 7.11328e-06
eec: 2415.96
weight: 3.53598e-05
eec: 371.883
weight: 0.000221135
eec: 298.046
weight: 2.43021e-05
eec: 602.742
weight: 0.000124845
eec: 193.176
weight: 1.27303e-05
eec: 289.383
weight: 2.17902e-05
eec: 1067.26
weight: 3.45182e-05
eec: 155.599
weight: 5.63746e-06
eec: 217.317
weight: 1.97318e-05
eec: 1117.22
weight: 0.000130379
eec: 301.162
weight: 0.000141374
eec: 146.593
weight: 0.000162974
eec: 154.412
weight: 1.12707e-06
eec: 231.815
weight: 1.22149e-06
eec: 159.964
weight: 3.63851e-07
eec: 409.53
weight: 0.000416115
eec: 165.355
weight: 4.07154e-06
eec: 1287.41
weight: 4.24867e-06
eec: 815.111
weight: 2.48182e-05
eec: 419.75
weight: 7.80829e-06
eec: 162.538
weight: 1.06271e-05
eec: 449.895
weight: 8.63554e-06
eec: 463.203
weight: 1.08039e-05
eec: 396.637
weight: 9.29265e-05
eec: 463.881
weight: 7.08427e-06
eec: 13.0219
weight: 9.11041e-05
eec: 441.829
weight: 2.20065e-05
eec: 733.544
weight: 3.52793e-05
eec: 1006.09
weight: 1.76175e-07
eec: 1450.82
weight: 1.83062e-05
eec: 211.082
weight: 0.000369083
eec: 833.239
weight: 4.71085e-05
eec: 28.6968
weight: 7.21904e-05
eec: 249.991
weight: 2.92533e-05
eec: 301.069
weight: 0.000129609
eec: 390.577
weight: 2.3072e-05
eec: 2725.18
weight: 0.000113537
eec: 778.504
weight: 0.000101934
eec: 63.4733
weight: 0.000233841
eec: 546.575
weight: 4.67449e-08
eec: 917.238
weight: 1.05789e-05
eec: 869.698
weight: 9.33053e-06
eec: 636.299
weight: 1.06844e-06
eec: 667.483
weight: 5.88642e-05
eec: 78.3226
weight: 0.000130101
eec: 164.318
weight: 6.89769e-06
eec: 22.1807
weight: 4.96132e-08
eec: 762.892
weight: 3.66221e-05
eec: 1809.55
weight: 2.31008e-06
eec: 104.595
weight: 2.50403e-05
eec: 579.958
weight: 7.80776e-05
eec: 1036.75
weight: 2.82559e-06
eec: 2471.91
weight: 0.000171434
eec: 140.77
weight: 2.53575e-06
eec: 217.14
weight: 6.36927e-06
eec: 2350.75
weight: 9.81041e-07
eec: 887.228
weight: 6.17677e-05
eec: 466.69
weight: 1.56516e-05
eec: 1081.81
weight: 1.64031e-05
eec: 638.673
weight: 0.000330379
eec: 932.974
weight: 0.00012717
eec: 38.502
weight: 6.5857e-06
eec: 509.595
weight: 0.000359724
eec: 95.0063
weight: 0.000269587
eec: 273.208
weight: 1.86465e-05
eec: 3894.99
weight: 0.000121382
eec: 70.595
weight: 1.32374e-05
eec: 131.711
weight: 1.8274e-06
eec: 2278.79
weight: 0.000481235
eec: 56.2829
weight: 7.04849e-06
eec: 1125.38
weight: 6.37238e-05
eec: 510.82
weight: 1.06291e-05
eec: 88.3298
weight: 2.84746e-05
eec: 986.097
weight: 0.000373897
eec: 99.11
weight: 0.000231156
eec: 149.701
weight: 0.000870181
eec: 8.90054
weight: 5.54513e-05
eec: 49.92
weight: 9.5092e-05
eec: 385.311
weight: 1.95184e-05
eec: 1051.84
weight: 1.41595e-05
eec: 2374.6
weight: 5.90614e-06
eec: 162.415
weight: 6.28679e-05
eec: 713.769
weight: 2.867e-05
eec: 463.795
weight: 1.80503e-05
eec: 277.322
weight: 1.61109e-05
eec: 222.105
weight: 1.00964e-05
eec: 239.142
weight: 1.92091e-06
eec: 678.537
weight: 5.20209e-06
eec: 2096.45
weight: 1.32289e-05
eec: 78.4878
weight: 6.6215e-06
eec: 221.371
weight: 9.91472e-06
eec: 366.403
weight: 6.9646e-05
eec: 451.247
weight: 0.000400114
eec: 970.641
weight: 2.73543e-05
eec: 25.8482
weight: 2.73543e-05
eec: 475.377
weight: 1.82252e-05
eec: 89.7972
weight: 1.10403e-06
eec: 6.9686
weight: 0.000384582
eec: 182.058
weight: 0.000515346
eec: 909.903
weight: 8.50197e-05
eec: 472.632
weight: 8.80528e-06
eec: 86.9538
Processing: 17.5 %weight: 0.000107739
eec: 67.8925
weight: 0.000178028
eec: 320.106
weight: 2.13568e-05
eec: 276.043
weight: 0.000514702
eec: 86.6057
weight: 2.80371e-06
eec: 262.95
weight: 0.000185435
eec: 156.421
weight: 2.00674e-05
eec: 710.735
weight: 6.61084e-06
eec: 859.853
weight: 0.00122096
eec: 293.089
weight: 1.30814e-05
eec: 988.096
weight: 5.86841e-07
eec: 192.295
weight: 1.45302e-05
eec: 106.451
weight: 6.34631e-05
eec: 614.546
weight: 1.64951e-05
eec: 29.275
weight: 0.000326393
eec: 28.3158
weight: 6.66058e-07
eec: 525.284
weight: 7.16573e-05
eec: 235.024
weight: 7.35446e-06
eec: 1478.82
weight: 2.04768e-06
eec: 998.116
weight: 2.1508e-05
eec: 287.043
weight: 2.77527e-05
eec: 1200.42
weight: 1.93782e-06
eec: 264.555
weight: 0.000197106
eec: 354.894
weight: 1.92137e-05
eec: 2228.66
weight: 4.62268e-05
eec: 249.499
weight: 2.27005e-05
eec: 1097.02
weight: 9.60728e-06
eec: 247.143
weight: 0.000791574
eec: 128.465
weight: 9.22458e-05
eec: 282.125
weight: 7.49425e-06
eec: 65.3387
weight: 1.38396e-05
eec: 121.281
weight: 1.88408e-05
eec: 1239.09
weight: 2.77684e-07
eec: 877.596
weight: 0.000114447
eec: 410.611
weight: 7.34174e-06
eec: 743.237
weight: 2.39135e-05
eec: 754.999
weight: 1.26318e-06
eec: 20.1347
weight: 0.000138111
eec: 206.799
weight: 2.84802e-05
eec: 230.224
weight: 3.14873e-05
eec: 136.293
weight: 5.15166e-06
eec: 366.568
weight: 2.09234e-05
eec: 734.921
weight: 0.000127426
eec: 1198.21
weight: 7.14066e-05
eec: 55.584
weight: 8.76639e-05
eec: 784.044
weight: 1.154e-05
eec: 139.864
weight: 0.000139536
eec: 68.0586
weight: 1.92145e-05
eec: 729.042
weight: 3.0227e-05
eec: 26.6492
weight: 4.46754e-05
eec: 1825.27
weight: 7.179e-06
eec: 789.479
weight: 1.37282e-05
eec: 579.934
weight: 2.54407e-05
eec: 42.6127
weight: 4.92628e-05
eec: 537.188
weight: 2.98037e-05
eec: 158.661
weight: 3.31759e-05
eec: 416.078
weight: 0.000157239
eec: 1121.47
weight: 6.93813e-06
eec: 3855.86
weight: 6.83087e-05
eec: 427.803
weight: 0.000300747
eec: 32.8699
weight: 1.60296e-05
eec: 3447.49
weight: 5.0068e-05
eec: 502.702
weight: 1.39725e-06
eec: 962.964
weight: 3.17222e-05
eec: 379.837
weight: 2.76363e-06
eec: 337.233
weight: 2.2154e-06
eec: 14.3635
weight: 3.86944e-05
eec: 946.064
weight: 0.000117792
eec: 182.775
weight: 4.80329e-06
eec: 1821.81
weight: 0.000125015
eec: 146.139
weight: 0.000345308
eec: 395.439
weight: 6.56533e-06
eec: 1043.06
weight: 1.08771e-05
eec: 117.291
weight: 7.88962e-05
eec: 291.874
weight: 6.72476e-05
eec: 157.308
weight: 9.19317e-05
eec: 259.999
weight: 3.72713e-05
eec: 276.459
weight: 7.57869e-06
eec: 1024.63
weight: 0.000479228
eec: 304.13
weight: 2.1518e-07
eec: 154.183
weight: 6.93482e-05
eec: 41.9984
weight: 1.64283e-06
eec: 780.043
weight: 3.72724e-06
eec: 692.992
weight: 9.02559e-06
eec: 1517.8
weight: 6.42606e-07
eec: 510.195
weight: 3.96324e-05
eec: 259.465
weight: 4.98558e-06
eec: 1939.86
weight: 4.19273e-06
eec: 44.2919
weight: 1.30166e-05
eec: 423.864
weight: 9.66053e-06
eec: 188.121
weight: 0.000123551
eec: 175.596
weight: 6.51757e-05
eec: 190.593
weight: 0.000141821
eec: 44.0668
weight: 2.99993e-08
eec: 577.367
weight: 1.98592e-06
eec: 311.569
weight: 8.72674e-05
eec: 308.238
weight: 1.10908e-06
eec: 1529.39
weight: 6.47216e-06
eec: 650.065
weight: 1.80461e-06
eec: 1717.63
weight: 3.51666e-05
eec: 128.633
weight: 1.5344e-06
eec: 185.263
weight: 2.41707e-05
eec: 1279.49
weight: 2.9455e-06
eec: 56.6805
weight: 3.6775e-06
eec: 2610.55
weight: 4.47599e-05
eec: 401.822
weight: 0.000137885
eec: 268.31
weight: 2.01547e-05
eec: 328.199
weight: 5.757e-05
eec: 811.633
weight: 7.09506e-06
eec: 1318.38
weight: 9.53299e-05
eec: 896.006
weight: 6.84369e-05
eec: 100.53
weight: 2.01367e-05
eec: 868.804
weight: 6.18698e-05
eec: 2236.6
weight: 0.000166339
eec: 373.103
weight: 0.000139545
eec: 1231.97
weight: 6.41879e-06
eec: 223.158
weight: 8.12989e-08
eec: 226.024
weight: 7.02066e-05
eec: 442.805
weight: 7.47244e-07
eec: 156.275
weight: 1.04737e-05
eec: 830.049
weight: 7.8393e-05
eec: 655.23
weight: 0.000145285
eec: 787.888
weight: 4.94706e-06
eec: 1805.37
weight: 3.22562e-06
eec: 1091.9
weight: 0.000306615
eec: 474.316
weight: 5.4594e-05
eec: 464.106
weight: 4.13668e-05
eec: 224.506
weight: 0.000100601
eec: 265.657
weight: 0.000510748
eec: 694.724
weight: 0.000216967
eec: 857.828
weight: 0.000310393
eec: 548.398
weight: 1.0814e-05
eec: 243.585
weight: 5.73211e-06
eec: 596.741
weight: 0.000684509
eec: 161.157
weight: 0.000190318
eec: 822.477
weight: 1.75232e-06
eec: 567.517
weight: 5.11767e-06
eec: 934.713
weight: 0.000174806
eec: 434.216
weight: 1.87456e-05
eec: 116.555
weight: 2.16357e-06
eec: 146.362

ROOT exit code = 0
