gSystem->Load("run_condor_job_Run3_C.so");
run_condor_job_Run3(525, 100, 2,
                    80, 200,
                    1, 1, 1, 5);
.q

ENTERED run_condor_job_Run3()
JOBID = 525
  global job = 525  Job 25/100  events [1500000, 1560000)  total=6000000
Processing events [1500000, 1560000) of 6000000
Processing: 25 %weight: 1.78421e-05
eec: 1933.05
weight: 0.0012056
eec: 363.023
weight: 9.39363e-07
eec: 719.663
weight: 8.37302e-06
eec: 733.028
weight: 0.000189609
eec: 409.208
weight: 1.59211e-06
eec: 1367.93
weight: 1.59211e-06
eec: 82.6259
weight: 2.01537e-05
eec: 164.193
weight: 7.18189e-05
eec: 247.196
weight: 2.71295e-05
eec: 43.2029
weight: 1.00562e-07
eec: 533.764
weight: 1.19394e-05
eec: 52.7127
weight: 2.0038e-06
eec: 940.214
weight: 5.25596e-06
eec: 410.735
weight: 0.000458306
eec: 587.119
weight: 0.000268409
eec: 434.495
weight: 2.92337e-05
eec: 404.7
weight: 2.6629e-06
eec: 1580.57
weight: 0.000295521
eec: 468.641
weight: 0.00050343
eec: 244.494
weight: 0.000246285
eec: 519.338
weight: 0.000472929
eec: 272.291
weight: 4.56938e-05
eec: 60.2935
weight: 4.56938e-05
eec: 61.0927
weight: 4.34872e-05
eec: 1497.57
weight: 0.000651955
eec: 310.666
weight: 1.90172e-05
eec: 628.233
weight: 0.000117847
eec: 343.44
weight: 0.000217684
eec: 125.464
weight: 8.50316e-05
eec: 584.123
weight: 4.63843e-05
eec: 188.468
weight: 8.80422e-07
eec: 657.938
weight: 0.00016823
eec: 756.057
weight: 0.000126543
eec: 755.432
weight: 0.000693784
eec: 822.736
weight: 0.000358817
eec: 120.144
weight: 0.000288421
eec: 508.33
weight: 1.85899e-05
eec: 362.671
weight: 1.21768e-06
eec: 287.353
weight: 3.383e-05
eec: 865.721
weight: 9.6316e-06
eec: 159.226
weight: 2.77333e-06
eec: 751.479
weight: 8.57755e-05
eec: 804.973
weight: 1.1201e-05
eec: 39.667
weight: 2.05428e-05
eec: 549.364
weight: 6.12562e-06
eec: 283.922
weight: 5.21929e-08
eec: 879.783
weight: 1.23731e-05
eec: 1793.82
weight: 8.94461e-06
eec: 151.1
weight: 3.26046e-06
eec: 1310.13
weight: 0.000123016
eec: 35.6686
weight: 3.25281e-05
eec: 1465.16
weight: 8.05328e-06
eec: 908.883
weight: 0.000557213
eec: 164.865
weight: 4.8455e-06
eec: 18.0138
weight: 2.97198e-07
eec: 732.275
weight: 1.73857e-06
eec: 556.57
weight: 3.9627e-05
eec: 1151.55
weight: 8.82082e-06
eec: 485.296
weight: 6.34777e-07
eec: 428.784
weight: 5.49319e-05
eec: 681.036
weight: 5.02827e-05
eec: 437.778
weight: 9.95195e-05
eec: 33.5598
weight: 8.08366e-05
eec: 386.506
weight: 0.000209155
eec: 77.6254
weight: 1.1494e-05
eec: 1508.98
weight: 5.06679e-06
eec: 1072.54
weight: 0.000243432
eec: 307.632
weight: 1.52636e-05
eec: 917.657
weight: 3.42213e-06
eec: 694.497
weight: 1.05625e-05
eec: 809.637
weight: 1.38596e-05
eec: 45.8701
weight: 0.00038079
eec: 18.6342
weight: 1.11257e-05
eec: 994.084
weight: 2.13524e-05
eec: 517.433
weight: 0.000164736
eec: 36.8093
weight: 9.55011e-07
eec: 94.4879
weight: 4.4091e-05
eec: 400.375
weight: 9.06134e-07
eec: 117.513
weight: 3.47465e-07
eec: 13.9922
weight: 0.000115172
eec: 1160.97
weight: 7.47832e-05
eec: 257.326
weight: 3.19197e-05
eec: 551.204
weight: 2.10735e-05
eec: 1167.37
weight: 4.51551e-05
eec: 584.241
weight: 1.84805e-06
eec: 1006.35
weight: 1.5525e-06
eec: 72.877
weight: 2.08957e-05
eec: 253.913
weight: 9.00502e-06
eec: 442.436
weight: 0.000164881
eec: 632.047
weight: 0.000138928
eec: 676.569
weight: 7.58184e-05
eec: 310.977
weight: 0.00010206
eec: 53.4388
weight: 2.84763e-05
eec: 116.812
weight: 3.26708e-05
eec: 103.405
weight: 3.91042e-05
eec: 118.771
weight: 0.000126136
eec: 594.37
weight: 3.93698e-08
eec: 174.678
weight: 7.29004e-05
eec: 890.418
weight: 0.000217478
eec: 774.742
weight: 2.38106e-05
eec: 645.878
weight: 2.30575e-05
eec: 204.135
weight: 3.18646e-05
eec: 694.643
weight: 0.000146246
eec: 441.01
weight: 8.63999e-05
eec: 29.3658
weight: 1.46836e-05
eec: 1003.16
weight: 0.000191594
eec: 578.276
weight: 1.55146e-05
eec: 1200.41
weight: 3.17513e-06
eec: 1136.31
weight: 1.59558e-07
eec: 269.304
weight: 1.15312e-06
eec: 242.298
weight: 1.76701e-05
eec: 150.261
weight: 2.53238e-05
eec: 505.219
weight: 4.68144e-05
eec: 885.76
weight: 8.13759e-05
eec: 80.5769
weight: 2.29681e-08
eec: 77.3342
weight: 1.4415e-05
eec: 463.671
weight: 2.18241e-06
eec: 327.674
weight: 4.10059e-07
eec: 944.397
weight: 7.54814e-05
eec: 310.834
weight: 3.1451e-08
eec: 618.93
weight: 1.04519e-05
eec: 25.7542
weight: 4.94074e-05
eec: 493.451
weight: 3.96355e-05
eec: 49.2493
weight: 2.42863e-06
eec: 818.444
weight: 5.61211e-06
eec: 245.148
weight: 2.25191e-05
eec: 347.397
weight: 7.80229e-06
eec: 387.345
weight: 3.77866e-07
eec: 1172.79
weight: 0.000233355
eec: 817.023
weight: 6.78835e-05
eec: 183.532
weight: 9.13973e-06
eec: 1554.13
weight: 5.67647e-06
eec: 54.548
weight: 2.08693e-06
eec: 210.142
weight: 9.44289e-06
eec: 505.747
weight: 9.83671e-06
eec: 181.044
weight: 1.15901e-05
eec: 520.389
weight: 5.78993e-08
eec: 198.561
weight: 1.29404e-05
eec: 891.615
weight: 0.000993335
eec: 235.792
weight: 1.15568e-05
eec: 104.222
weight: 1.52785e-05
eec: 390.736
weight: 9.25677e-06
eec: 481.228
weight: 5.27593e-05
eec: 527.507
weight: 1.43476e-05
eec: 754.292
weight: 1.4055e-05
eec: 1068.89
weight: 0.000131234
eec: 132.855
weight: 1.70567e-08
eec: 63.4778
weight: 9.95479e-05
eec: 56.3902
weight: 0.000279151
eec: 377.744
weight: 2.09393e-05
eec: 495.978
weight: 1.60525e-05
eec: 1247.83
weight: 4.65284e-05
eec: 1135.55
weight: 7.52794e-07
eec: 695.675
weight: 4.3888e-07
eec: 1299.58
weight: 5.27088e-06
eec: 854.564
weight: 3.51335e-05
eec: 806.167
weight: 8.45434e-05
eec: 392.473
weight: 8.36387e-05
eec: 892.949
weight: 0.00034045
eec: 171.742
weight: 1.54884e-05
eec: 102.871
weight: 1.20629e-06
eec: 1106.91
weight: 0.00112359
eec: 256.57
weight: 5.05472e-05
eec: 423.022
weight: 2.92555e-05
eec: 1526.51
weight: 3.72315e-05
eec: 1926.25
weight: 9.86413e-07
eec: 841.305
weight: 1.63194e-05
eec: 815.726
weight: 0.000196358
eec: 188.825
weight: 1.6525e-05
eec: 238.162
weight: 4.17826e-07
eec: 45.7557
weight: 1.77899e-06
eec: 268.379
weight: 2.26767e-06
eec: 2149.3
weight: 2.26973e-05
eec: 494.398
weight: 1.85709e-05
eec: 116.447
weight: 1.42081e-05
eec: 71.5108
weight: 2.34063e-05
eec: 257.873
weight: 2.24199e-05
eec: 421.459
weight: 0.000357768
eec: 104.443
weight: 8.11937e-05
eec: 591.462
weight: 1.06895e-05
eec: 46.264
weight: 1.53632e-06
eec: 199.239
weight: 7.14277e-06
eec: 1657.57
weight: 7.56503e-05
eec: 31.5502
weight: 7.31016e-05
eec: 453.143
weight: 6.82737e-05
eec: 247.948
Processing: 25.8333 %weight: 4.69418e-05
eec: 515.869
weight: 2.66409e-06
eec: 353.964
weight: 3.15792e-05
eec: 14.5947
weight: 5.47673e-06
eec: 345.57
weight: 0.00106698
eec: 86.3898
weight: 1.3548e-05
eec: 661.63
weight: 1.57406e-05
eec: 24.8298
weight: 3.24418e-05
eec: 38.1338
weight: 9.33121e-05
eec: 358.162
weight: 0.000155858
eec: 227.018
weight: 2.62231e-05
eec: 490.587
weight: 5.88388e-06
eec: 2207.36
weight: 9.67738e-05
eec: 1830.43
weight: 1.9752e-05
eec: 135.813
weight: 8.30563e-05
eec: 738.949
weight: 0.00032884
eec: 310.738
weight: 0.00032884
eec: 438.736
weight: 5.89123e-05
eec: 657.038
weight: 1.19117e-05
eec: 143.269
weight: 2.11847e-06
eec: 897.503
weight: 5.93578e-05
eec: 366.975
weight: 0.000115209
eec: 215.621
weight: 2.37831e-07
eec: 384.03
weight: 9.26685e-08
eec: 32.8741
weight: 5.18308e-05
eec: 508.301
weight: 2.52608e-06
eec: 88.6709
weight: 5.66378e-05
eec: 1613.33
weight: 1.19126e-06
eec: 697.84
weight: 2.16848e-06
eec: 82.4576
weight: 5.34988e-05
eec: 37.8745
weight: 0.000401014
eec: 616.34
weight: 1.74932e-05
eec: 19.2469
weight: 0.000587704
eec: 71.6459
weight: 0.000143799
eec: 360.903
weight: 0.00128252
eec: 132.9
weight: 0.000103336
eec: 911.829
weight: 0.000392955
eec: 361.484
weight: 2.07143e-05
eec: 643.245
weight: 4.34223e-05
eec: 130.247

ROOT exit code = 0
