gSystem->Load("run_condor_job_Run3_C.so");
run_condor_job_Run3(515, 100, 2,
                    80, 200,
                    1, 1, 1, 5);
.q

ENTERED run_condor_job_Run3()
JOBID = 515
  global job = 515  Job 15/100  events [900000, 960000)  total=6000000
Processing events [900000, 960000) of 6000000
Processing: 15 %weight: 9.13364e-05
eec: 798.168
weight: 0.000115297
eec: 950.187
weight: 1.24557e-05
eec: 161.817
weight: 2.55603e-05
eec: 1209.91
weight: 1.68038e-05
eec: 1118.33
weight: 1.58153e-05
eec: 477.603
weight: 0.000113384
eec: 253.752
weight: 8.27105e-06
eec: 796.381
weight: 9.14206e-05
eec: 371.799
weight: 1.49306e-07
eec: 283.865
weight: 0.000334093
eec: 860.891
weight: 0.000176353
eec: 209.011
weight: 3.72511e-05
eec: 199.102
weight: 4.84857e-06
eec: 15.5591
weight: 5.4191e-06
eec: 147.779
weight: 0.000821233
eec: 45.0179
weight: 0.000123007
eec: 44.4584
weight: 2.3209e-05
eec: 3175.65
weight: 3.10291e-06
eec: 862.637
weight: 6.35869e-05
eec: 156.86
weight: 0.00021233
eec: 238.921
weight: 2.88005e-08
eec: 45.5254
weight: 0.000174065
eec: 148.127
weight: 1.36127e-05
eec: 27.0846
weight: 9.71541e-05
eec: 352.867
weight: 5.23137e-06
eec: 47.1922
weight: 8.74825e-08
eec: 2385.33
weight: 2.57291e-05
eec: 270.869
weight: 9.53369e-05
eec: 49.9137
weight: 3.57221e-05
eec: 337.329
weight: 0.000122282
eec: 103.51
weight: 8.01482e-05
eec: 323.548
weight: 0.000100499
eec: 943.198
weight: 6.05999e-06
eec: 267.743
weight: 0.000112317
eec: 1025.05
weight: 1.27928e-05
eec: 88.3645
weight: 0.00029035
eec: 1979.87
weight: 8.54381e-05
eec: 1429.85
weight: 9.15341e-06
eec: 281.996
weight: 3.2371e-05
eec: 58.8655
weight: 1.90549e-05
eec: 751.392
weight: 5.59621e-05
eec: 16.0639
weight: 0.000161121
eec: 153.41
weight: 3.99251e-05
eec: 446.504
weight: 0.000209446
eec: 33.5152
weight: 0.000167957
eec: 916.769
weight: 1.7953e-05
eec: 206.776
weight: 7.74498e-06
eec: 520.429
weight: 0.000158225
eec: 250.102
weight: 7.33505e-06
eec: 1057.06
weight: 1.26669e-05
eec: 576.922
weight: 1.0172e-06
eec: 419.048
weight: 0.00015848
eec: 490.411
weight: 1.17801e-07
eec: 1445.34
weight: 2.3992e-06
eec: 785.239
weight: 3.39231e-05
eec: 168.126
weight: 2.09057e-07
eec: 144.28
weight: 0.000333222
eec: 59.3369
weight: 1.10877e-05
eec: 1856.79
weight: 0.000133523
eec: 1153.29
weight: 1.9942e-05
eec: 379.548
weight: 0.000412724
eec: 746.008
weight: 0.000522682
eec: 101.36
weight: 8.82581e-05
eec: 106.813
weight: 1.73645e-06
eec: 204.903
weight: 0.000335505
eec: 430.368
weight: 1.22273e-05
eec: 1079.46
weight: 0.000675838
eec: 222.823
weight: 1.66179e-05
eec: 1636.05
weight: 1.08781e-05
eec: 1741.16
weight: 0.000126178
eec: 372.282
weight: 5.6841e-06
eec: 64.1271
weight: 0.000145101
eec: 1128.83
weight: 4.49648e-06
eec: 895.286
weight: 6.22919e-07
eec: 933.897
weight: 5.85822e-06
eec: 95.0159
weight: 9.97488e-05
eec: 110.048
weight: 1.58401e-05
eec: 790.301
weight: 2.94482e-05
eec: 40.6331
weight: 9.82856e-06
eec: 1290.39
weight: 1.41049e-05
eec: 442.316
weight: 5.74404e-06
eec: 351.805
weight: 1.67193e-05
eec: 898.068
weight: 3.78469e-05
eec: 155.432
weight: 1.82625e-05
eec: 691.92
weight: 3.43879e-05
eec: 29.1186
weight: 4.23178e-05
eec: 324.492
weight: 1.5266e-06
eec: 879.38
weight: 0.000413319
eec: 82.976
weight: 0.000133083
eec: 425.565
weight: 1.59568e-05
eec: 1230.06
weight: 8.59698e-07
eec: 20.0015
weight: 4.21219e-06
eec: 189.602
weight: 2.46322e-05
eec: 16.5617
weight: 5.01924e-05
eec: 627.306
weight: 0.000679378
eec: 105.243
weight: 4.09941e-05
eec: 57.4401
weight: 4.53129e-06
eec: 1107.14
weight: 0.000280539
eec: 57.719
weight: 7.73456e-06
eec: 206.474
weight: 2.05538e-05
eec: 182.648
weight: 4.26372e-06
eec: 3291.46
weight: 1.90991e-06
eec: 620.434
weight: 1.94224e-06
eec: 48.1093
weight: 1.30381e-06
eec: 1977.98
weight: 5.21225e-05
eec: 201.219
weight: 7.31491e-06
eec: 717.321
weight: 1.63457e-05
eec: 771.98
weight: 3.8737e-05
eec: 180.471
weight: 0.000400173
eec: 691.565
weight: 4.78757e-06
eec: 249.594
weight: 6.46118e-05
eec: 128.989
weight: 0.000140396
eec: 550.233
weight: 5.27865e-05
eec: 160.746
weight: 0.000216516
eec: 189.141
weight: 0.000101535
eec: 951.416
weight: 1.26466e-05
eec: 650.016
weight: 8.72044e-05
eec: 49.4417
weight: 3.48497e-07
eec: 1166.29
weight: 2.78677e-06
eec: 114.724
weight: 2.19692e-05
eec: 622.935
weight: 1.94696e-05
eec: 65.5589
weight: 7.10868e-06
eec: 496.576
weight: 5.48854e-05
eec: 556.843
weight: 9.13638e-07
eec: 538.23
weight: 9.4775e-06
eec: 730.09
weight: 3.38e-05
eec: 262.071
weight: 3.55709e-06
eec: 621.891
weight: 9.00601e-05
eec: 1199.43
weight: 2.64339e-06
eec: 263.095
weight: 9.99376e-06
eec: 88.3022
weight: 1.78947e-05
eec: 1553.7
weight: 8.96811e-05
eec: 48.6996
weight: 0.000166828
eec: 71.7559
weight: 1.24651e-05
eec: 244.941
weight: 0.0002467
eec: 207.379
weight: 5.90599e-05
eec: 96.1524
weight: 1.95734e-05
eec: 815.711
weight: 4.41686e-05
eec: 997.199
weight: 0.00021004
eec: 32.7854
weight: 0.00033173
eec: 231.132
weight: 1.57276e-05
eec: 139.837
weight: 1.36976e-05
eec: 1595.78
weight: 0.000159404
eec: 90.6353
weight: 0.000246006
eec: 439.888
weight: 4.55466e-05
eec: 38.7486
weight: 0.000312808
eec: 55.2704
weight: 1.74403e-05
eec: 1677.4
weight: 2.42297e-05
eec: 91.7155
weight: 7.12368e-05
eec: 176.213
weight: 6.62277e-06
eec: 311.688
weight: 0.000456643
eec: 100.215
weight: 5.40875e-06
eec: 1573.28
weight: 0.00062026
eec: 1080.41
weight: 2.10795e-05
eec: 86.6487
weight: 6.22146e-06
eec: 1129.61
weight: 2.05666e-06
eec: 337.59
weight: 0.000305294
eec: 359.257
weight: 2.07471e-05
eec: 82.0509
weight: 0.000222826
eec: 939.819
weight: 3.15646e-05
eec: 29.9066
weight: 0.000344074
eec: 142.488
weight: 4.24054e-05
eec: 786.264
weight: 6.72114e-05
eec: 833.778
weight: 3.39352e-05
eec: 16.9141
weight: 0.000123086
eec: 67.6625
weight: 0.000217289
eec: 359.191
weight: 1.33794e-05
eec: 962.769
weight: 1.33794e-05
eec: 652.002
weight: 7.36888e-05
eec: 486.302
weight: 2.62959e-05
eec: 2.83699
weight: 1.24159e-05
eec: 469.695
weight: 2.69381e-06
eec: 86.5838
weight: 1.05715e-05
eec: 2151.4
Processing: 15.8333 %weight: 0.000248267
eec: 329.58
weight: 4.06391e-07
eec: 1072.1
weight: 0.000210879
eec: 494.75
weight: 0.000103804
eec: 97.1459
weight: 1.1092e-05
eec: 1339.55
weight: 2.08705e-06
eec: 498.344
weight: 4.41123e-05
eec: 1311.84
weight: 4.5109e-05
eec: 324.58
weight: 0.000278026
eec: 5.55861
weight: 7.60713e-05
eec: 933.211
weight: 9.95366e-07
eec: 503.243
weight: 5.77877e-05
eec: 293.126
weight: 0.000228256
eec: 509.449
weight: 5.37057e-05
eec: 798.608
weight: 0.000196393
eec: 211.816
weight: 3.60909e-05
eec: 335.667
weight: 2.48288e-05
eec: 22.4446
weight: 9.36722e-06
eec: 343.919
weight: 5.37445e-05
eec: 100.345
weight: 0.000131923
eec: 483.73
weight: 1.55352e-07
eec: 309.344
weight: 2.96095e-05
eec: 1600.37
weight: 2.35131e-05
eec: 1030.56
weight: 4.8072e-06
eec: 2137.94
weight: 5.03139e-07
eec: 200.746
weight: 0.000301671
eec: 557.365
weight: 5.35431e-05
eec: 63.8194
weight: 8.65787e-06
eec: 193.525
weight: 1.18963e-05
eec: 364.21
weight: 3.02288e-05
eec: 253.732
weight: 1.84046e-06
eec: 61.2849
weight: 1.84046e-06
eec: 1048.74
weight: 3.90397e-06
eec: 3108.88
weight: 1.7317e-05
eec: 1007.99

ROOT exit code = 0
