gSystem->Load("run_condor_job_Run3_C.so");
run_condor_job_Run3(275, 100, 2,
                    80, 200,
                    1, 1, 1, 2);
.q

ENTERED run_condor_job_Run3()
JOBID = 275
  global job = 275  Job 75/100  events [4500000, 4560000)  total=6000000
Processing events [4500000, 4560000) of 6000000
Processing: 75 %weight: 0.000313607
eec: 1321.6
weight: 2.74727e-05
eec: 294.462
weight: 1.155e-05
eec: 83.3196
weight: 1.00009e-05
eec: 434.85
weight: 2.28314e-05
eec: 776.898
weight: 1.12435e-06
eec: 467.129
weight: 2.11942e-07
eec: 1461.95
weight: 5.69434e-05
eec: 1639.75
weight: 8.74146e-06
eec: 245.272
weight: 6.64624e-08
eec: 1995.08
weight: 0.000334962
eec: 22.2071
weight: 1.04374e-07
eec: 176.329
weight: 5.62427e-06
eec: 2626.56
weight: 0.000323496
eec: 710.095
weight: 2.6557e-05
eec: 1724.21
weight: 5.64599e-06
eec: 97.5023
weight: 4.47353e-06
eec: 1258.23
weight: 8.76095e-05
eec: 471.807
weight: 3.98233e-07
eec: 198.772
weight: 1.85986e-05
eec: 90.2153
weight: 1.61707e-05
eec: 494.516
weight: 0.000193876
eec: 210.797
weight: 3.42855e-05
eec: 197.966
weight: 2.00899e-05
eec: 265.237
weight: 9.75575e-05
eec: 56.6597
weight: 0.000554061
eec: 176.038
weight: 6.44363e-05
eec: 414.977
weight: 3.2328e-05
eec: 173.763
weight: 1.31274e-05
eec: 1257.17
weight: 1.31274e-05
eec: 144.115
weight: 1.38859e-06
eec: 249.951
weight: 3.78412e-05
eec: 1355.09
weight: 0.000144357
eec: 394.159
weight: 4.80941e-05
eec: 47.583
weight: 2.80064e-06
eec: 429.949
weight: 2.3644e-05
eec: 106.502
weight: 0.000705743
eec: 85.5027
weight: 6.05732e-06
eec: 947.673
weight: 2.98837e-06
eec: 81.5423
weight: 1.69551e-05
eec: 1275.03
weight: 1.6867e-05
eec: 1327.89
weight: 5.02057e-05
eec: 616.938
weight: 1.19796e-06
eec: 204.171
weight: 6.73009e-05
eec: 104.563
weight: 1.52806e-06
eec: 463.971
weight: 2.48565e-06
eec: 1407.32
weight: 0.000107947
eec: 391.732
weight: 4.62547e-05
eec: 162.552
weight: 9.06617e-06
eec: 62.567
weight: 0.000420342
eec: 968.573
weight: 6.21276e-06
eec: 342.065
weight: 1.07146e-05
eec: 102.328
weight: 1.87492e-05
eec: 220.003
weight: 0.000167186
eec: 691.51
weight: 3.05649e-05
eec: 103.484
weight: 0.000663128
eec: 551.483
weight: 0.000103172
eec: 714.09
weight: 0.000118286
eec: 761.418
weight: 6.15505e-07
eec: 312.381
weight: 4.08806e-05
eec: 162.711
weight: 7.63441e-06
eec: 2231.75
weight: 0.000200256
eec: 816.612
weight: 3.54972e-05
eec: 56.8815
weight: 0.00024538
eec: 727.229
weight: 4.20734e-06
eec: 150.509
weight: 0.000205928
eec: 426.663
weight: 7.05105e-05
eec: 1223.56
weight: 2.14759e-08
eec: 87.113
weight: 1.24871e-05
eec: 113.113
weight: 0.000271194
eec: 47.3207
weight: 5.87969e-06
eec: 26.885
weight: 0.000207333
eec: 33.6438
weight: 0.000104874
eec: 228.203
weight: 6.06772e-05
eec: 223.216
weight: 0.000735891
eec: 1021.55
weight: 1.36222e-05
eec: 169.906
weight: 0.000112537
eec: 165.88
weight: 0.000156028
eec: 712.157
weight: 3.39517e-05
eec: 3488.6
weight: 0.000178681
eec: 136.791
weight: 0.000100881
eec: 714.628
weight: 1.14296e-05
eec: 101.444
weight: 1.14296e-05
eec: 585.511
weight: 0.001085
eec: 223.936
weight: 8.40344e-06
eec: 508.447
weight: 0.000748503
eec: 204.727
weight: 1.20237e-05
eec: 674.145
weight: 1.81358e-06
eec: 1882.66
weight: 1.50288e-06
eec: 222.807
weight: 3.78543e-05
eec: 269.581
weight: 1.78891e-05
eec: 877.976
weight: 4.7227e-06
eec: 958.997
weight: 1.01971e-05
eec: 270.505
weight: 0.000197287
eec: 24.4438
weight: 7.79018e-06
eec: 2760.15
weight: 0.000434053
eec: 1141.82
weight: 8.72694e-06
eec: 646.262
weight: 3.30833e-05
eec: 128.853
weight: 1.41851e-05
eec: 890.311
weight: 0.000212468
eec: 257.676
weight: 3.59916e-05
eec: 548.514
weight: 1.57334e-05
eec: 1624.91
weight: 0.000200783
eec: 236.642
weight: 6.30953e-05
eec: 349.15
weight: 4.57444e-05
eec: 98.0237
weight: 0.000188166
eec: 167.669
weight: 3.48701e-05
eec: 254.419
weight: 9.72685e-06
eec: 668.887
weight: 2.73141e-06
eec: 191.403
weight: 3.7418e-06
eec: 43.8692
weight: 0.000413495
eec: 838.564
weight: 3.88703e-07
eec: 649.544
weight: 4.39875e-06
eec: 468.156
weight: 3.62945e-05
eec: 337.454
weight: 0.000101341
eec: 130.678
weight: 2.09985e-05
eec: 372.766
weight: 3.75314e-06
eec: 175.876
weight: 2.4088e-05
eec: 36.7334
weight: 1.50614e-06
eec: 63.791
weight: 3.97396e-06
eec: 88.7271
weight: 4.08037e-06
eec: 279.114
weight: 6.98683e-06
eec: 284.099
weight: 3.97287e-05
eec: 388.429
weight: 3.81781e-05
eec: 183.851
weight: 1.84021e-06
eec: 1325.09
weight: 6.77147e-05
eec: 829.852
weight: 2.72342e-05
eec: 421.233
weight: 3.29256e-05
eec: 333.326
weight: 1.06479e-05
eec: 99.7388
weight: 9.14321e-06
eec: 53.972
weight: 3.32852e-06
eec: 530.829
weight: 4.01904e-05
eec: 1450.86
weight: 2.96815e-05
eec: 796.889
weight: 1.34259e-05
eec: 746.576
weight: 0.000270814
eec: 298.48
weight: 1.49834e-05
eec: 142.208
weight: 5.95665e-05
eec: 989.736
weight: 8.52818e-06
eec: 970.884
weight: 9.60259e-06
eec: 409.783
weight: 0.000132831
eec: 65.0786
weight: 7.41039e-07
eec: 139.626
weight: 7.78997e-05
eec: 119.355
weight: 7.65311e-05
eec: 197.353
weight: 1.13443e-05
eec: 483.793
weight: 2.25133e-06
eec: 532.714
weight: 6.51877e-06
eec: 2919.95
weight: 1.17317e-05
eec: 3911.57
weight: 8.30252e-06
eec: 1716.1
weight: 2.28974e-06
eec: 73.9872
weight: 0.000129446
eec: 306.062
weight: 8.91363e-06
eec: 1637.58
weight: 7.26924e-08
eec: 117.302
weight: 1.09731e-05
eec: 904.76
weight: 6.27955e-05
eec: 679.671
weight: 3.96682e-05
eec: 547.925
weight: 7.86775e-05
eec: 634.219
weight: 3.50543e-07
eec: 88.7134
weight: 4.05832e-05
eec: 409.136
weight: 0.000128875
eec: 215.095
weight: 4.66882e-05
eec: 313.195
weight: 0.000103814
eec: 1506.16
weight: 5.37483e-07
eec: 675.627
weight: 9.36932e-06
eec: 355.87
weight: 5.12889e-05
eec: 3.93671
weight: 0.000191429
eec: 186.022
weight: 2.24487e-05
eec: 245.74
weight: 0.000156177
eec: 1065.9
weight: 6.07756e-05
eec: 206.321
weight: 1.00116e-05
eec: 1929.71
weight: 2.07256e-05
eec: 721.46
weight: 7.55346e-06
eec: 363.916
weight: 0.000121192
eec: 571.763
weight: 5.52705e-06
eec: 1103.87
weight: 5.59147e-06
eec: 376.701
weight: 1.45651e-05
eec: 638.761
weight: 2.09377e-06
eec: 423.031
weight: 0.000624844
eec: 1324.9
weight: 8.25182e-06
eec: 1722.32
weight: 6.42273e-07
eec: 970.535
weight: 2.17706e-05
eec: 1583.24
weight: 4.851e-05
eec: 537.589
weight: 1.27849e-05
eec: 203.369
weight: 4.90788e-05
eec: 327.315
weight: 4.12386e-05
eec: 743.673
weight: 5.01598e-06
eec: 654.86
weight: 1.06091e-05
eec: 560.174
weight: 2.26213e-05
eec: 611.652
weight: 2.7606e-07
eec: 483.2
weight: 2.04256e-05
eec: 30.4136
weight: 6.51203e-06
eec: 803.373
weight: 0.00023248
eec: 4.86379
weight: 0.000425146
eec: 341.719
weight: 2.70422e-05
eec: 230.081
weight: 6.88192e-05
eec: 500.979
weight: 1.18207e-05
eec: 590.494
weight: 0.000115223
eec: 63.3005
weight: 0.00018594
eec: 337.746
weight: 0.000292302
eec: 412.714
weight: 0.000706623
eec: 193.35
weight: 1.33124e-06
eec: 16.0665
weight: 1.32914e-05
eec: 85.2362
weight: 1.73225e-05
eec: 242.606
weight: 0.000121172
eec: 287.084
weight: 2.63487e-07
eec: 85.0739
weight: 9.99537e-07
eec: 805.966
weight: 0.000204382
eec: 42.4274
weight: 1.05236e-05
eec: 1593.24
weight: 2.73181e-07
eec: 440.535
weight: 3.27054e-06
eec: 1519.82
weight: 8.92578e-06
eec: 566.323
weight: 6.16071e-06
eec: 236.446
weight: 0.000113514
eec: 219.18
weight: 7.7821e-05
eec: 24.1939
weight: 5.05563e-05
eec: 210.358
weight: 0.000221927
eec: 839.3
weight: 2.47802e-07
eec: 1328.63
weight: 1.81607e-06
eec: 3700.55
weight: 4.37493e-05
eec: 348.995
weight: 5.03414e-06
eec: 1477.42
weight: 3.64608e-07
eec: 557.747
weight: 0.00105909
eec: 891.194
weight: 7.37104e-06
eec: 2056.34
weight: 1.00714e-06
eec: 1835.59
weight: 2.86027e-05
eec: 214.948
weight: 0.000156987
eec: 171.717
weight: 8.695e-06
eec: 152.72
weight: 2.18036e-05
eec: 919.637
Processing: 75.8333 %weight: 6.038e-05
eec: 690.898
weight: 1.83961e-06
eec: 1897.77
weight: 2.31455e-05
eec: 2424.63
weight: 2.25615e-05
eec: 85.3827
weight: 8.07534e-06
eec: 166.212
weight: 0.00015527
eec: 676.97
weight: 0.000105991
eec: 409.968
weight: 6.18269e-06
eec: 438.002
weight: 0.000102635
eec: 158.171
weight: 1.55891e-05
eec: 217.233
weight: 2.73477e-07
eec: 622.846
weight: 1.02269e-05
eec: 163.924
weight: 0.000105228
eec: 164.486
weight: 3.36468e-06
eec: 1276.15
weight: 6.91728e-05
eec: 1706.73
weight: 1.24114e-05
eec: 1540.83
weight: 4.19803e-05
eec: 1303.76
weight: 1.68508e-05
eec: 310.438
weight: 9.07523e-06
eec: 1247.63
weight: 7.8178e-05
eec: 140.61
weight: 2.32116e-05
eec: 676.771
weight: 6.58098e-05
eec: 538.224
weight: 0.000539279
eec: 29.5938
weight: 0.000263461
eec: 767.886
weight: 3.0337e-07
eec: 685.038
weight: 1.2002e-07
eec: 690.246
weight: 0.000111823
eec: 492.516
weight: 6.35009e-06
eec: 210.806
weight: 2.98643e-05
eec: 673.614
weight: 5.06288e-05
eec: 424.209
weight: 4.3099e-05
eec: 428.116
weight: 0.000325984
eec: 230.098
weight: 5.1487e-05
eec: 369.174
weight: 4.41284e-05
eec: 1224.69
weight: 4.8623e-06
eec: 2138.32
weight: 9.57064e-06
eec: 317.453
weight: 0.000107626
eec: 262.481
weight: 4.68684e-05
eec: 101.977
weight: 1.16087e-06
eec: 427.717
weight: 1.37046e-05
eec: 68.3547
weight: 1.18682e-05
eec: 802.718
weight: 0.000157223
eec: 421.905
weight: 4.20078e-06
eec: 705.76

ROOT exit code = 0
