gSystem->Load("run_condor_job_Run3_C.so");
run_condor_job_Run3(530, 100, 2,
                    80, 200,
                    1, 1, 1, 5);
.q

ENTERED run_condor_job_Run3()
JOBID = 530
  global job = 530  Job 30/100  events [1800000, 1860000)  total=6000000
Processing events [1800000, 1860000) of 6000000
Processing: 30 %weight: 0.000104125
eec: 1238.21
weight: 0.00212496
eec: 961.741
weight: 1.70965e-05
eec: 533.56
weight: 4.77493e-06
eec: 89.0528
weight: 2.18925e-05
eec: 1184.92
weight: 6.92806e-05
eec: 540.192
weight: 9.81166e-06
eec: 1157.74
weight: 4.23964e-05
eec: 61.1211
weight: 3.01084e-05
eec: 114.985
weight: 2.21495e-06
eec: 5325.44
weight: 5.81371e-06
eec: 106.671
weight: 1.49692e-05
eec: 122.028
weight: 0.000306364
eec: 244.735
weight: 8.50266e-06
eec: 1133.87
weight: 8.04861e-05
eec: 89.7972
weight: 0.000182236
eec: 519.239
weight: 1.27013e-05
eec: 313.42
weight: 2.05258e-05
eec: 114.851
weight: 0.000252116
eec: 91.6136
weight: 7.01517e-06
eec: 759.046
weight: 3.99372e-06
eec: 340.079
weight: 2.80257e-05
eec: 251.193
weight: 4.76254e-06
eec: 627.491
weight: 2.97415e-06
eec: 735.131
weight: 8.88609e-06
eec: 477.465
weight: 3.61203e-05
eec: 2081.82
weight: 9.09074e-05
eec: 362.405
weight: 4.10134e-05
eec: 226.075
weight: 4.13015e-07
eec: 413.77
weight: 4.68422e-05
eec: 656.866
weight: 7.56395e-05
eec: 440.791
weight: 2.43592e-06
eec: 283.549
weight: 3.09233e-06
eec: 1066.49
weight: 6.0049e-07
eec: 352.308
weight: 6.2391e-05
eec: 1307.96
weight: 3.25623e-06
eec: 770.453
weight: 9.41496e-05
eec: 252.612
weight: 4.0646e-05
eec: 105.875
weight: 2.16528e-05
eec: 961.281
weight: 6.36558e-05
eec: 108.34
weight: 0.000492143
eec: 292.334
weight: 5.58565e-06
eec: 276.553
weight: 2.13924e-05
eec: 1203.11
weight: 0.00042577
eec: 45.9539
weight: 0.00299389
eec: 723.595
weight: 9.27834e-06
eec: 11.9769
weight: 5.4619e-05
eec: 60.9826
weight: 0.000189878
eec: 160.94
weight: 2.05177e-05
eec: 42.4868
weight: 1.63757e-05
eec: 148.683
weight: 5.00207e-07
eec: 2414.49
weight: 1.76788e-05
eec: 1332.09
weight: 5.69357e-05
eec: 583.178
weight: 7.57496e-05
eec: 262.651
weight: 1.47898e-05
eec: 361.746
weight: 4.08692e-06
eec: 60.4078
weight: 1.12529e-05
eec: 2392.91
weight: 0.000250347
eec: 38.3811
weight: 2.93366e-05
eec: 352.248
weight: 0.000145452
eec: 1155.19
weight: 5.11883e-05
eec: 283.285
weight: 3.76124e-05
eec: 704.413
weight: 0.000184299
eec: 133.03
weight: 0.000248044
eec: 588.785
weight: 7.43817e-06
eec: 455.45
weight: 0.000413561
eec: 28.5248
weight: 2.87058e-06
eec: 827.082
weight: 2.06084e-05
eec: 786.375
weight: 0.000227317
eec: 688.897
weight: 0.000161871
eec: 458.383
weight: 4.66567e-06
eec: 564.908
weight: 8.76332e-06
eec: 514.418
weight: 7.65762e-06
eec: 336.908
weight: 0.000162587
eec: 1288.28
weight: 0.000661119
eec: 320.997
weight: 1.70136e-05
eec: 633.443
weight: 6.95475e-09
eec: 611.552
weight: 3.69702e-07
eec: 2566.87
weight: 8.34439e-06
eec: 100.25
weight: 6.03577e-06
eec: 2331.21
weight: 7.96084e-05
eec: 24.0752
weight: 3.85218e-05
eec: 286.729
weight: 7.24866e-05
eec: 45.627
weight: 8.07722e-05
eec: 28.7654
weight: 5.78458e-06
eec: 869.294
weight: 1.0579e-05
eec: 87.7128
weight: 2.48744e-07
eec: 1972.21
weight: 1.13806e-06
eec: 101.14
weight: 6.86254e-05
eec: 306.06
weight: 2.79042e-05
eec: 36.0988
weight: 3.08049e-05
eec: 50.4795
weight: 0.000541231
eec: 474.287
weight: 2.01863e-05
eec: 2055.52
weight: 4.79834e-05
eec: 493.072
weight: 2.56248e-05
eec: 187.708
weight: 3.32666e-05
eec: 17.1822
weight: 4.68867e-06
eec: 28.9807
weight: 0.00022868
eec: 522.285
weight: 7.4045e-05
eec: 242.163
weight: 5.74259e-05
eec: 55.2614
weight: 5.75189e-06
eec: 105.311
weight: 2.46584e-05
eec: 964.867
weight: 6.12148e-06
eec: 638.209
weight: 0.00109016
eec: 330.577
weight: 5.25273e-05
eec: 1319.6
weight: 1.42945e-05
eec: 7.09389
weight: 4.20532e-06
eec: 3100.88
weight: 7.47952e-06
eec: 53.0062
weight: 0.00015173
eec: 201.108
weight: 1.47218e-05
eec: 72.768
weight: 2.14561e-05
eec: 451.569
weight: 0.000468959
eec: 652.492
weight: 1.30897e-05
eec: 512.593
weight: 4.86218e-05
eec: 2128.86
weight: 4.86218e-05
eec: 169.285
weight: 8.29749e-05
eec: 588.819
weight: 4.73204e-05
eec: 1157.32
weight: 1.24629e-05
eec: 1369.65
weight: 1.82951e-06
eec: 457.908
weight: 4.132e-05
eec: 111.831
weight: 0.000116249
eec: 654.055
weight: 3.26169e-05
eec: 2970.76
weight: 3.56655e-05
eec: 292.905
weight: 1.88624e-05
eec: 176.614
weight: 4.99137e-05
eec: 1154.73
weight: 3.30134e-05
eec: 1122.08
weight: 3.94259e-05
eec: 380.255
weight: 1.30698e-05
eec: 252.022
weight: 1.30698e-05
eec: 77.5318
weight: 1.19627e-06
eec: 94.1356
weight: 9.73994e-06
eec: 2088.85
weight: 2.63458e-05
eec: 125.746
weight: 1.408e-05
eec: 110.723
weight: 0.000277142
eec: 52.5293
weight: 5.11349e-05
eec: 455.665
weight: 7.57998e-06
eec: 1644.49
weight: 0.000100645
eec: 112.497
weight: 1.42498e-05
eec: 493.687
weight: 0.00158659
eec: 399.617
weight: 5.26181e-06
eec: 422.806
weight: 3.90893e-05
eec: 101.221
weight: 9.65506e-06
eec: 1253.88
weight: 5.23304e-06
eec: 306.348
weight: 3.38866e-05
eec: 318.831
weight: 2.20819e-06
eec: 580.684
weight: 7.8382e-06
eec: 64.8092
weight: 0.000116334
eec: 3027.67
weight: 0.000229787
eec: 290.758
weight: 6.56285e-05
eec: 745.951
weight: 1.31201e-06
eec: 389.15
weight: 9.95796e-09
eec: 788.63
weight: 6.37694e-05
eec: 5.05394
weight: 8.11568e-05
eec: 355.198
weight: 3.7329e-05
eec: 248.868
weight: 0.000115141
eec: 215.553
weight: 0.000991474
eec: 14.1689
weight: 2.41781e-05
eec: 119.619
weight: 4.33215e-06
eec: 250.849
weight: 5.86103e-06
eec: 145.098
weight: 6.77531e-05
eec: 427.23
weight: 3.33642e-06
eec: 488.185
weight: 5.10859e-05
eec: 227.593
weight: 2.3462e-05
eec: 138.07
weight: 5.04853e-06
eec: 469.523
weight: 9.91231e-05
eec: 877.341
weight: 5.37099e-05
eec: 1090.08
weight: 0.000112746
eec: 406.696
weight: 1.155e-05
eec: 749.35
weight: 3.3306e-06
eec: 1326.77
weight: 7.66457e-05
eec: 37.3215
weight: 4.98172e-05
eec: 758.581
weight: 2.59412e-06
eec: 127.666
weight: 0.000123411
eec: 375.544
weight: 3.60872e-05
eec: 433.708
weight: 2.41794e-05
eec: 56.9366
weight: 1.17318e-07
eec: 54.5715
weight: 4.82437e-06
eec: 289.279
weight: 6.54104e-07
eec: 982.526
weight: 5.20089e-07
eec: 1115.94
weight: 4.72596e-05
eec: 436.51
weight: 4.72596e-05
eec: 236.306
weight: 2.10929e-05
eec: 1444.99
weight: 2.73239e-05
eec: 111.338
weight: 4.94032e-06
eec: 549.985
weight: 2.60786e-06
eec: 303.35
weight: 1.92705e-05
eec: 2897.2
weight: 6.84558e-05
eec: 351.886
weight: 8.83749e-05
eec: 146.232
weight: 0.000134527
eec: 108.701
weight: 5.0524e-05
eec: 186.779
weight: 5.20578e-05
eec: 1288.22
weight: 4.68888e-06
eec: 1612.27
weight: 7.72693e-07
eec: 1298.66
weight: 7.78363e-06
eec: 362.497
weight: 4.42646e-06
eec: 470.481
weight: 1.32368e-05
eec: 1446.91
weight: 2.37864e-05
eec: 2393
weight: 4.0248e-05
eec: 644.028
weight: 5.92119e-07
eec: 461.932
weight: 8.50588e-06
eec: 37.3449
weight: 2.90516e-06
eec: 13.086
weight: 1.80343e-06
eec: 99.488
weight: 1.07675e-05
eec: 601.234
weight: 6.44052e-05
eec: 235.786
weight: 3.43908e-06
eec: 2656.65
weight: 1.09622e-05
eec: 361.477
weight: 1.42826e-05
eec: 176.507
weight: 4.85381e-05
eec: 387.194
weight: 0.000187726
eec: 269.016
weight: 1.74557e-05
eec: 1968.45
weight: 4.93447e-06
eec: 314.993
weight: 0.000142548
eec: 61.755
weight: 2.02966e-05
eec: 1432.01
weight: 0.000116607
eec: 143.739
weight: 5.60764e-07
eec: 16.6567
Processing: 30.8333 %weight: 1.33932e-05
eec: 1871.64
weight: 2.28606e-06
eec: 84.0612
weight: 7.77608e-05
eec: 862.292
weight: 9.01703e-06
eec: 392.633
weight: 2.13138e-05
eec: 304.665
weight: 0.000428532
eec: 33.5404
weight: 2.76338e-05
eec: 493.653
weight: 0.000163019
eec: 908.444
weight: 9.76641e-05
eec: 380.461
weight: 6.00523e-06
eec: 507.768
weight: 0.000265163
eec: 371.647
weight: 2.11032e-05
eec: 156.102
weight: 0.000720586
eec: 26.5979
weight: 1.55319e-05
eec: 548.761
weight: 7.12664e-05
eec: 90.475
weight: 2.72031e-05
eec: 75.5717
weight: 0.00123887
eec: 88.0801
weight: 5.88656e-06
eec: 174.506
weight: 3.98512e-05
eec: 411.957
weight: 6.51579e-05
eec: 203.333
weight: 9.38346e-05
eec: 53.4614
weight: 3.36915e-05
eec: 26.7434
weight: 1.91074e-05
eec: 278.31
weight: 2.63815e-06
eec: 4879.63
weight: 8.5136e-06
eec: 2309.77
weight: 1.69779e-05
eec: 208.992
weight: 3.97542e-06
eec: 442.976
weight: 1.28763e-05
eec: 76.0226
weight: 3.20234e-05
eec: 306.308
weight: 1.31431e-05
eec: 424.335
weight: 4.69836e-07
eec: 715.616
weight: 1.50687e-05
eec: 229.7
weight: 0.000108192
eec: 665.765
weight: 0.000138911
eec: 285.611
weight: 5.4528e-05
eec: 265.228
weight: 0.000130862
eec: 1323.42
weight: 3.56927e-05
eec: 1396.36
weight: 0.000211325
eec: 169.805
weight: 2.34179e-05
eec: 1475.28
weight: 0.000703857
eec: 93.689
weight: 9.91438e-05
eec: 162.375
weight: 0.000222641
eec: 128.406

ROOT exit code = 0
