gSystem->Load("run_condor_job_Run3_C.so");
run_condor_job_Run3(229, 100, 2,
                    80, 200,
                    1, 1, 1, 2);
.q

ENTERED run_condor_job_Run3()
JOBID = 229
  global job = 229  Job 29/100  events [1740000, 1800000)  total=6000000
Processing events [1740000, 1800000) of 6000000
weight: 5.52507e-06
eec: 1678.15
weight: 1.9892e-05
eec: 352.216
weight: 3.54085e-05
eec: 98.1006
weight: 1.24036e-05
eec: 216.16
weight: 0.00011129
eec: 28.9421
weight: 3.61755e-05
eec: 277.889
weight: 9.77417e-05
eec: 55.7238
weight: 8.51802e-05
eec: 1080.1
weight: 4.65082e-05
eec: 152.824
weight: 7.1199e-05
eec: 164.827
weight: 0.000148388
eec: 177.156
weight: 1.73094e-05
eec: 341.805
weight: 5.37881e-06
eec: 1666.37
weight: 0.000132222
eec: 757.484
weight: 2.27815e-05
eec: 64.1969
weight: 7.13541e-06
eec: 249.699
weight: 3.3915e-05
eec: 1560.34
weight: 0.000116779
eec: 54.3538
weight: 4.26861e-05
eec: 194.038
weight: 1.02613e-05
eec: 968.696
weight: 4.29507e-05
eec: 305.068
weight: 1.63468e-06
eec: 2427.4
weight: 0.000450057
eec: 174.195
weight: 2.75888e-05
eec: 957.522
weight: 5.11495e-05
eec: 62.2162
weight: 3.1507e-06
eec: 261.74
weight: 6.94091e-05
eec: 411.201
weight: 6.35757e-06
eec: 24.3018
weight: 4.07274e-05
eec: 151.636
weight: 5.76279e-06
eec: 70.5726
weight: 1.79169e-05
eec: 230.819
weight: 1.14648e-07
eec: 70.6723
weight: 1.52262e-05
eec: 1272.61
weight: 4.61861e-05
eec: 1562.71
weight: 1.27102e-07
eec: 525.2
weight: 1.65875e-05
eec: 435.259
weight: 1.18819e-05
eec: 354.371
weight: 0.000181127
eec: 1172.02
weight: 5.91768e-05
eec: 2815.69
weight: 5.78485e-05
eec: 441.463
weight: 0.000144021
eec: 406.583
weight: 3.38079e-05
eec: 1650.31
Processing: 29.1667 %weight: 2.37348e-05
eec: 740.039
weight: 0.00037661
eec: 29.8437
weight: 5.92081e-05
eec: 56.6935
weight: 2.75164e-06
eec: 136.284
weight: 1.9176e-05
eec: 370.598
weight: 0.000162249
eec: 741.801
weight: 0.000128592
eec: 1042.56
weight: 1.26004e-06
eec: 2870.13
weight: 2.36178e-05
eec: 645.729
weight: 0.000300536
eec: 102.001
weight: 1.05394e-05
eec: 70.0527
weight: 4.72159e-06
eec: 560.764
weight: 2.41086e-05
eec: 189.031
weight: 0.000126494
eec: 86.5581
weight: 5.03789e-05
eec: 646.069
weight: 6.22788e-05
eec: 591.569
weight: 0.000171878
eec: 183.493
weight: 3.57372e-05
eec: 386.763
weight: 4.21552e-05
eec: 16.1077
weight: 2.4419e-05
eec: 834.973
weight: 5.18763e-06
eec: 137.878
weight: 4.54145e-05
eec: 994.425
weight: 4.13912e-05
eec: 288.399
weight: 5.94693e-05
eec: 172.388
weight: 0.00106744
eec: 233.2
weight: 1.1317e-05
eec: 439.252
weight: 1.67491e-06
eec: 1396.14
weight: 0.000177902
eec: 272.228
weight: 3.9904e-05
eec: 59.7282
weight: 5.70376e-05
eec: 1725.14
weight: 8.19639e-06
eec: 549.771
weight: 7.40475e-06
eec: 159.053
weight: 5.22354e-06
eec: 1161.24
weight: 8.68455e-06
eec: 63.1566
weight: 9.88486e-05
eec: 637.227
weight: 7.14669e-05
eec: 343.018
weight: 2.29995e-06
eec: 203.876
weight: 3.32503e-07
eec: 1951.7
weight: 0.000212458
eec: 114.189
weight: 2.03334e-05
eec: 111.153
weight: 3.22063e-06
eec: 294.969
weight: 2.3578e-05
eec: 183.738
weight: 6.40917e-05
eec: 608.298
weight: 1.87604e-05
eec: 410.766
weight: 0.000294307
eec: 147.936
weight: 1.54179e-05
eec: 2700.56
weight: 0.000399377
eec: 566.681
weight: 3.29173e-05
eec: 235.335
weight: 4.9483e-05
eec: 456.284
weight: 2.29564e-05
eec: 442.697
weight: 1.12952e-06
eec: 67.5797
weight: 0.000148784
eec: 77.4764
weight: 2.78433e-05
eec: 68.4716
weight: 0.00027445
eec: 146.406
weight: 1.98389e-05
eec: 1267.93
weight: 2.39682e-05
eec: 742.938
weight: 2.39682e-05
eec: 609.725
weight: 5.30333e-05
eec: 56.9531
weight: 1.97346e-06
eec: 1053.06
weight: 9.16067e-05
eec: 18.2125
weight: 0.00055296
eec: 128.897
weight: 1.72269e-05
eec: 787.593
weight: 8.15923e-05
eec: 72.8914
weight: 0.00031998
eec: 313.014
weight: 4.10865e-06
eec: 495.853
weight: 2.94552e-05
eec: 1139.19
weight: 8.24748e-05
eec: 452.396
weight: 2.52025e-05
eec: 519.302
weight: 2.63956e-05
eec: 205.397
weight: 8.89041e-05
eec: 229.107
weight: 2.26895e-05
eec: 698.603
weight: 1.07895e-05
eec: 31.1108
weight: 4.12198e-05
eec: 542.869
weight: 0.000193417
eec: 316.248
weight: 7.82225e-06
eec: 658.642
weight: 2.68759e-05
eec: 1343.37
weight: 2.64898e-06
eec: 575.967
weight: 0.000330174
eec: 33.9942
weight: 0.000153727
eec: 225.013
weight: 6.06124e-06
eec: 2148.85
weight: 0.000104183
eec: 266.603
weight: 7.52026e-05
eec: 466.115
weight: 0.0002065
eec: 657.351
weight: 0.000103898
eec: 41.4604
weight: 4.68332e-05
eec: 811.858
weight: 4.96984e-05
eec: 74.2969
weight: 4.21398e-05
eec: 81.2678
weight: 9.81119e-08
eec: 307.061
weight: 1.96145e-05
eec: 313.772
weight: 5.30068e-05
eec: 465.777
weight: 1.87351e-05
eec: 307.559
weight: 0.000253948
eec: 16.0768
weight: 2.84078e-05
eec: 50.376
weight: 0.000139349
eec: 342.255
weight: 0.000176482
eec: 405.603
weight: 2.61657e-05
eec: 568.215
weight: 3.4183e-05
eec: 9.44015
weight: 0.000310184
eec: 516.647
weight: 7.07133e-05
eec: 406.547
weight: 1.94442e-05
eec: 341.039
weight: 1.62543e-05
eec: 74.3061
weight: 0.00032368
eec: 176.824
weight: 0.000904744
eec: 702.187
weight: 5.54245e-06
eec: 901.845
weight: 6.31712e-05
eec: 60.7659
weight: 2.54681e-05
eec: 422.237
weight: 7.27664e-07
eec: 372.688
weight: 3.56383e-05
eec: 1261.49
weight: 2.39789e-06
eec: 3245
weight: 3.76762e-05
eec: 882.515
weight: 9.26071e-05
eec: 216.625
weight: 3.5005e-06
eec: 689.158
weight: 1.8674e-05
eec: 144.795
weight: 2.40075e-06
eec: 153.683
weight: 3.21499e-05
eec: 61.014
weight: 1.56657e-05
eec: 1221.61
weight: 2.04555e-06
eec: 1511.55
weight: 8.43236e-05
eec: 145.918
weight: 1.70453e-05
eec: 248.57
weight: 6.93786e-07
eec: 113.091
weight: 9.79946e-05
eec: 148.992
weight: 1.03985e-05
eec: 81.3263
weight: 3.25437e-05
eec: 12.3178
weight: 0.000536321
eec: 138
weight: 7.13255e-05
eec: 106.85
weight: 1.55326e-05
eec: 2860.29
weight: 7.16393e-06
eec: 2061.71
weight: 2.99899e-07
eec: 55.2015
weight: 2.8642e-05
eec: 65.0023
weight: 2.6132e-05
eec: 74.7986
weight: 1.49794e-05
eec: 1983.87
weight: 0.000108125
eec: 194.729
weight: 1.77134e-07
eec: 167.223
weight: 0.000137157
eec: 115.876
weight: 0.000185525
eec: 30.8188
weight: 5.70406e-05
eec: 357.296
weight: 0.000269225
eec: 532.196
weight: 9.26096e-08
eec: 133.503
weight: 2.99732e-06
eec: 1500.26
weight: 0.000226132
eec: 62.4764
weight: 0.000145068
eec: 189.041
weight: 0.000193851
eec: 1213.03
weight: 8.01778e-05
eec: 462.007
weight: 2.40297e-06
eec: 1275.35
weight: 6.71657e-05
eec: 95.9137
weight: 0.000136871
eec: 344.996
weight: 0.000120771
eec: 752.65
weight: 0.00022201
eec: 1687.86
weight: 0.00395141
eec: 92.1763
weight: 0.00016482
eec: 422.783
weight: 3.88242e-05
eec: 623.331
weight: 0.000268173
eec: 443.275
weight: 5.29856e-06
eec: 950.556
weight: 0.00013852
eec: 357.128
weight: 9.06888e-06
eec: 281.733
weight: 3.18612e-05
eec: 395.941
weight: 3.18612e-05
eec: 80.0634
weight: 9.81281e-06
eec: 165.234
weight: 9.32282e-06
eec: 409.564
weight: 1.04092e-05
eec: 1510.91
weight: 5.00095e-05
eec: 123.353
weight: 6.10458e-05
eec: 1128.45
weight: 6.10458e-05
eec: 633.032
weight: 1.79813e-06
eec: 2324.75
weight: 1.11447e-05
eec: 511.773
weight: 0.000254912
eec: 445.435
weight: 4.177e-05
eec: 150.802
weight: 1.01697e-05
eec: 618.634
weight: 3.11924e-05
eec: 244.011
weight: 6.56021e-05
eec: 132.417
weight: 1.54302e-05
eec: 85.7888
weight: 0.000149185
eec: 393.111
weight: 1.65194e-05
eec: 724.065
weight: 1.23512e-07
eec: 218.139
weight: 1.94048e-05
eec: 1681.31
weight: 1.01565e-05
eec: 215.782
weight: 2.69114e-05
eec: 141.846
weight: 3.98475e-05
eec: 37.1164
weight: 4.57482e-06
eec: 55.0143
weight: 5.81982e-06
eec: 423.4
weight: 3.42512e-06
eec: 68.7109
weight: 2.90664e-07
eec: 226.35
weight: 0.000206004
eec: 493.846
weight: 0.000577736
eec: 231.782
weight: 2.41767e-06
eec: 63.0585
weight: 4.27048e-05
eec: 880.022
weight: 3.06018e-06
eec: 4290.59
weight: 0.000101524
eec: 135.454
weight: 0.000374958
eec: 412.818
weight: 1.78141e-05
eec: 173.763
weight: 8.30488e-06
eec: 46.4133
weight: 5.79232e-05
eec: 361.458
weight: 0.000200722
eec: 143.045
weight: 6.39437e-06
eec: 2692.02
weight: 5.24896e-05
eec: 625.383
weight: 1.08988e-06
eec: 22.0352
weight: 6.0739e-05
eec: 161.083
weight: 5.91529e-05
eec: 1195.84
weight: 0.00062516
eec: 194.643

ROOT exit code = 0
