gSystem->Load("run_condor_job_Run3_C.so");
run_condor_job_Run3(649, 100, 2,
                    80, 200,
                    1, 1, 1, 6);
.q

ENTERED run_condor_job_Run3()
JOBID = 649
  global job = 649  Job 49/100  events [2890020, 2949000)  total=5898000
Processing events [2890020, 2949000) of 5898000
weight: 2.8169e-05
eec: 261.046
weight: 1.14698e-05
eec: 1025.44
weight: 6.31741e-05
eec: 269.149
weight: 1.92586e-05
eec: 121.937
weight: 5.12196e-05
eec: 216.517
weight: 7.92337e-05
eec: 953.16
weight: 0.000201689
eec: 671.757
weight: 7.63087e-08
eec: 358.972
weight: 9.15875e-05
eec: 607.596
weight: 7.18339e-05
eec: 117.794
weight: 6.63032e-07
eec: 75.5154
weight: 3.27498e-05
eec: 1026.75
weight: 2.03693e-05
eec: 228.943
weight: 2.2921e-05
eec: 853.251
weight: 0.000205361
eec: 38.3521
weight: 2.08338e-05
eec: 211.561
weight: 2.46931e-06
eec: 715.527
weight: 5.51727e-06
eec: 2066.81
weight: 3.50826e-05
eec: 462.699
weight: 6.68854e-05
eec: 1196.2
weight: 1.98151e-06
eec: 580.95
weight: 0.00015632
eec: 40.1414
weight: 5.80345e-05
eec: 862.123
weight: 2.95315e-06
eec: 205.103
weight: 2.08901e-05
eec: 334.82
weight: 1.43433e-07
eec: 2644.49
weight: 3.65582e-06
eec: 1589.12
weight: 3.05231e-05
eec: 134.104
weight: 8.91679e-05
eec: 243.496
weight: 1.00712e-07
eec: 27.345
weight: 2.22286e-05
eec: 1222.31
weight: 2.9533e-05
eec: 65.4927
weight: 7.17824e-06
eec: 306.518
weight: 1.03036e-05
eec: 871.731
weight: 3.0929e-06
eec: 850.091
weight: 1.52836e-06
eec: 3388.77
weight: 1.98766e-06
eec: 1036.17
weight: 1.09656e-05
eec: 768.337
weight: 3.45744e-07
eec: 469.065
weight: 8.78403e-06
eec: 896.558
weight: 1.9922e-05
eec: 101
weight: 1.48448e-05
eec: 987.569
Processing: 49.1692 %weight: 0.000353865
eec: 243.053
weight: 2.43059e-05
eec: 67.4331
weight: 4.68818e-05
eec: 270.382
weight: 1.06287e-05
eec: 1625.14
weight: 1.57699e-06
eec: 450.106
weight: 0.000138247
eec: 992.045
weight: 9.77997e-07
eec: 637.718
weight: 0.000135243
eec: 962.643
weight: 2.93437e-05
eec: 259.622
weight: 2.02868e-05
eec: 960.71
weight: 3.03164e-06
eec: 274.662
weight: 1.28851e-05
eec: 262.175
weight: 6.77752e-06
eec: 143.881
weight: 9.86064e-05
eec: 1143.55
weight: 4.94118e-05
eec: 196.57
weight: 4.50316e-05
eec: 453.184
weight: 3.95667e-08
eec: 1094.85
weight: 4.66389e-05
eec: 951.431
weight: 0.000109484
eec: 887.926
weight: 8.20089e-07
eec: 266.898
weight: 0.000131413
eec: 166.607
weight: 4.85687e-06
eec: 40.2436
weight: 5.77447e-05
eec: 678.206
weight: 2.80987e-05
eec: 1189.39
weight: 1.99629e-05
eec: 747.351
weight: 1.83622e-05
eec: 1113.02
weight: 1.15776e-05
eec: 1443.1
weight: 8.41668e-07
eec: 189.614
weight: 9.82555e-05
eec: 56.0491
weight: 3.24557e-06
eec: 181.235
weight: 0.000237862
eec: 191.028
weight: 0.000159724
eec: 2797.65
weight: 2.78448e-05
eec: 2169.02
weight: 1.80703e-05
eec: 89.698
weight: 9.56523e-05
eec: 316.315
weight: 4.25332e-05
eec: 274.238
weight: 1.37506e-05
eec: 15.6586
weight: 1.03146e-05
eec: 1979.76
weight: 2.27199e-06
eec: 212.805
weight: 1.83424e-05
eec: 1240.38
weight: 0.000395756
eec: 37.7061
weight: 2.08853e-05
eec: 196.218
weight: 1.26346e-06
eec: 85.3289
weight: 4.34326e-05
eec: 24.3807
weight: 1.5739e-05
eec: 333.273
weight: 2.2469e-06
eec: 303.236
weight: 0.000118537
eec: 101.511
weight: 2.55875e-05
eec: 425.6
weight: 1.65997e-05
eec: 585.175
weight: 3.17508e-05
eec: 337.087
weight: 0.000286536
eec: 130.695
weight: 1.24601e-05
eec: 871.247
weight: 6.94506e-06
eec: 615.751
weight: 1.02225e-05
eec: 104.483
weight: 0.00065026
eec: 650.396
weight: 2.135e-05
eec: 663.145
weight: 0.000176309
eec: 888.298
weight: 6.37711e-07
eec: 165.826
weight: 4.89723e-05
eec: 171.361
weight: 1.00854e-06
eec: 940.461
weight: 8.96346e-05
eec: 73.3746
weight: 4.34451e-05
eec: 22.4964
weight: 0.000107862
eec: 117.232
weight: 2.03613e-05
eec: 229.024
weight: 1.98596e-05
eec: 1582.03
weight: 6.72459e-08
eec: 821.302
weight: 2.85704e-06
eec: 1430.3
weight: 8.17273e-06
eec: 52.3094
weight: 4.56697e-06
eec: 33.1643
weight: 1.99728e-06
eec: 263.017
weight: 6.30447e-05
eec: 142.5
weight: 4.78408e-05
eec: 667.518
weight: 1.60089e-05
eec: 53.939
weight: 5.29422e-06
eec: 480.269
weight: 7.10829e-07
eec: 972.485
weight: 0.000261183
eec: 1208.5
weight: 3.07835e-06
eec: 121.628
weight: 4.62656e-05
eec: 100.221
weight: 2.08211e-05
eec: 554.473
weight: 3.26293e-05
eec: 35.7475
weight: 0.000102592
eec: 192.058
weight: 0.000257126
eec: 97.6383
weight: 8.47739e-06
eec: 442.748
weight: 6.15031e-06
eec: 3186.83
weight: 3.64547e-06
eec: 2546.93
weight: 3.71663e-05
eec: 228.133
weight: 0.00014995
eec: 85.5147
weight: 4.14251e-05
eec: 605.231
weight: 1.05856e-05
eec: 472.79
weight: 2.80801e-06
eec: 95.3445
weight: 4.12173e-06
eec: 620.188
weight: 1.17955e-05
eec: 1196.63
weight: 0.000124556
eec: 82.3724
weight: 0.000124556
eec: 305.147
weight: 0.000140681
eec: 946.855
weight: 1.94621e-05
eec: 2324.72
weight: 3.16844e-05
eec: 212.861
weight: 7.82905e-06
eec: 305.054
weight: 0.000323557
eec: 140.744
weight: 0.000513894
eec: 1481.75
weight: 3.76449e-05
eec: 242.825
weight: 7.80438e-05
eec: 359.167
weight: 5.34951e-06
eec: 41.8579
weight: 8.99252e-05
eec: 386.986
weight: 8.53871e-06
eec: 306.701
weight: 1.14471e-05
eec: 601.789
weight: 1.22493e-05
eec: 2610.69
weight: 2.92705e-05
eec: 1001.84
weight: 8.25771e-06
eec: 106.486
weight: 3.44029e-05
eec: 865.098
weight: 1.34259e-05
eec: 34.7084
weight: 4.95403e-05
eec: 112.424
weight: 4.61395e-06
eec: 199.001
weight: 1.88426e-05
eec: 52.8454
weight: 0.000116924
eec: 1031.04
weight: 1.32546e-07
eec: 154.317
weight: 6.29207e-06
eec: 1077.45
weight: 7.47959e-05
eec: 469.265
weight: 3.96346e-07
eec: 59.0351
weight: 6.54558e-06
eec: 2398.54
weight: 4.46209e-07
eec: 667.021
weight: 2.35232e-05
eec: 1635.53
weight: 1.71192e-05
eec: 1042.22
weight: 1.2563e-06
eec: 1107.59
weight: 9.70657e-06
eec: 48.4876
weight: 4.3489e-05
eec: 1868.02
weight: 0.000200319
eec: 645.073
weight: 5.32343e-05
eec: 285.548
weight: 8.6248e-05
eec: 826.671
weight: 9.0922e-07
eec: 76.3933
weight: 0.000392317
eec: 80.7001
weight: 9.0527e-05
eec: 150.484
weight: 7.73864e-05
eec: 69.3945
weight: 0.000137834
eec: 150.762
weight: 7.31796e-06
eec: 1797.49
weight: 1.42957e-05
eec: 58.6645
weight: 4.42058e-05
eec: 666.162
weight: 1.47812e-05
eec: 1525.24
weight: 0.00150888
eec: 635.767
weight: 2.16123e-05
eec: 404.185
weight: 3.34704e-05
eec: 134.919
weight: 2.1682e-06
eec: 501.162
weight: 0.000163119
eec: 47.0754
weight: 2.60355e-05
eec: 10.5354
weight: 0.000121099
eec: 32.2971
weight: 7.95549e-05
eec: 1314.05
weight: 0.000103767
eec: 339.93
weight: 0.000144178
eec: 152.398
weight: 1.96513e-05
eec: 506.169
weight: 7.03036e-08
eec: 1507.28
weight: 2.9968e-05
eec: 386.376
weight: 0.000399235
eec: 454.101
weight: 2.48763e-05
eec: 327.847
weight: 7.88342e-05
eec: 232.829
weight: 0.000710913
eec: 84.0292
weight: 3.09592e-07
eec: 27.7292
weight: 1.02e-05
eec: 2223.8
weight: 0.000644272
eec: 816.185
weight: 1.2277e-06
eec: 76.1326
weight: 4.40715e-05
eec: 786.099
weight: 2.4698e-05
eec: 324.889
weight: 1.01583e-07
eec: 1114.3
weight: 6.65789e-08
eec: 194.602
weight: 2.08929e-05
eec: 30.8379
weight: 3.03225e-06
eec: 351.571
weight: 2.10231e-05
eec: 1060.84
weight: 0.000138346
eec: 35.7393
weight: 1.12748e-05
eec: 672.231
weight: 4.81205e-06
eec: 809.619
weight: 3.8846e-05
eec: 57.1503
weight: 0.000479339
eec: 34.6415
weight: 5.83457e-05
eec: 211.355
weight: 3.08733e-05
eec: 823.968
weight: 3.57027e-05
eec: 800.534
weight: 3.69582e-06
eec: 329.447
weight: 6.55162e-06
eec: 384.446
weight: 0.000120711
eec: 66.2981
weight: 2.28197e-05
eec: 538.576
weight: 3.91627e-06
eec: 175.513
weight: 2.30766e-06
eec: 268.327
weight: 4.52845e-06
eec: 231.757
weight: 0.000139183
eec: 44.502
weight: 1.34196e-05
eec: 234.018
weight: 1.92391e-05
eec: 350.65
weight: 2.01007e-06
eec: 2.44315

ROOT exit code = 0
