gSystem->Load("run_condor_job_Run3_C.so");
run_condor_job_Run3(197, 100, 2,
                    80, 200,
                    1, 1, 1, 1);
.q

ENTERED run_condor_job_Run3()
JOBID = 197
  global job = 197  Job 97/100  events [5686140, 5744760)  total=5862000
Processing events [5686140, 5744760) of 5862000
weight: 0.00107917
eec: 359.368
weight: 5.43934e-05
eec: 955.643
weight: 2.25898e-05
eec: 165.303
weight: 7.74401e-06
eec: 698.556
weight: 2.83892e-06
eec: 231.845
weight: 5.92087e-05
eec: 2685.5
weight: 3.26718e-06
eec: 435.658
weight: 6.29503e-05
eec: 2399.39
weight: 2.87479e-06
eec: 76.7421
weight: 4.1256e-05
eec: 67.2152
weight: 0.000127302
eec: 1214.96
weight: 3.29495e-05
eec: 1587.93
weight: 6.52369e-05
eec: 507.259
weight: 7.19176e-06
eec: 1516.23
weight: 1.21495e-07
eec: 183.96
weight: 5.1004e-05
eec: 260.675
weight: 3.31988e-05
eec: 628.442
weight: 1.03493e-05
eec: 33.8433
weight: 0.00013051
eec: 223.96
weight: 7.95374e-05
eec: 935.881
weight: 2.90044e-05
eec: 556.456
weight: 8.64537e-05
eec: 79.6382
weight: 8.04414e-06
eec: 1382.29
weight: 1.11469e-05
eec: 95.3382
weight: 3.74243e-05
eec: 722.988
weight: 8.31032e-05
eec: 4.57574
weight: 5.41596e-05
eec: 462.148
weight: 0.000112146
eec: 1314.58
weight: 1.17194e-05
eec: 2505.12
weight: 1.53409e-05
eec: 978.176
weight: 3.46714e-05
eec: 1497.87
weight: 9.76146e-06
eec: 23.6622
weight: 0.000319767
eec: 411.087
weight: 2.94342e-05
eec: 45.793
weight: 0.000157885
eec: 394.923
weight: 7.26425e-05
eec: 256.846
weight: 1.42675e-05
eec: 1350.11
weight: 1.2544e-05
eec: 143.619
weight: 2.89751e-05
eec: 1909.03
weight: 1.27248e-05
eec: 755.162
weight: 0.000458299
eec: 174.71
weight: 9.87316e-06
eec: 642.912
weight: 9.65698e-06
eec: 374.782
weight: 1.85473e-05
eec: 871.216
weight: 0.00017477
eec: 649.9
weight: 2.13829e-05
eec: 1484.97
weight: 4.32121e-06
eec: 172.545
weight: 5.92683e-06
eec: 694.363
Processing: 97.2364 %weight: 1.60324e-05
eec: 264.63
weight: 0.0019996
eec: 140.906
weight: 0.00116273
eec: 132.725
weight: 1.50939e-05
eec: 1641.17
weight: 8.57018e-06
eec: 1307.64
weight: 5.7179e-05
eec: 106.925
weight: 1.78684e-05
eec: 311.798
weight: 1.4834e-05
eec: 82.3451
weight: 0.000195823
eec: 242.398
weight: 9.22001e-05
eec: 411.781
weight: 8.0307e-06
eec: 1086.74
weight: 9.60419e-07
eec: 1397.05
weight: 9.60419e-07
eec: 1355.93
weight: 2.83094e-05
eec: 1568.74
weight: 7.34325e-05
eec: 2675.74
weight: 1.47181e-05
eec: 39.4035
weight: 2.41838e-06
eec: 1030.9
weight: 6.09125e-05
eec: 574.535
weight: 1.5661e-05
eec: 768.743
weight: 7.07459e-06
eec: 3146.56
weight: 9.71487e-06
eec: 59.0199
weight: 4.03938e-05
eec: 852.818
weight: 0.000541996
eec: 238.107
weight: 8.53752e-05
eec: 302.244
weight: 0.000190688
eec: 75.7335
weight: 0.000176962
eec: 143.336
weight: 9.15369e-06
eec: 582.394
weight: 1.89422e-05
eec: 229.387
weight: 0.000114683
eec: 266.6
weight: 0.00019674
eec: 253.178
weight: 6.21581e-05
eec: 1385.19
weight: 8.62112e-06
eec: 1059.01
weight: 2.34055e-05
eec: 122.345
weight: 0.000170237
eec: 155.168
weight: 5.45098e-06
eec: 262.261
weight: 9.63367e-05
eec: 614.224
weight: 3.6369e-05
eec: 1346.37
weight: 4.27189e-05
eec: 227.439
weight: 3.10102e-06
eec: 156.974
weight: 9.67283e-06
eec: 18.5476
weight: 3.51952e-06
eec: 256.174
weight: 2.90364e-06
eec: 960.599
weight: 7.59216e-06
eec: 33.1898
weight: 4.40169e-05
eec: 448.381
weight: 6.19995e-05
eec: 272.504
weight: 5.11383e-06
eec: 148.402
weight: 0.000704017
eec: 600.085
weight: 6.05658e-05
eec: 331.664
weight: 5.84134e-05
eec: 77.7919
weight: 2.53663e-05
eec: 1296.36
weight: 0.000125119
eec: 405.377
weight: 1.85897e-06
eec: 114.414
weight: 7.32436e-06
eec: 1046.58
weight: 4.13576e-05
eec: 519.925
weight: 2.78001e-06
eec: 45.3326
weight: 1.84611e-06
eec: 614.878
weight: 7.42569e-05
eec: 68.8142
weight: 6.96593e-06
eec: 210.157
weight: 0.00124368
eec: 1377.65
weight: 1.14763e-05
eec: 1833.93
weight: 0.000369043
eec: 142.895
weight: 5.15413e-05
eec: 1028.32
weight: 1.21364e-05
eec: 1237.95
weight: 1.13613e-05
eec: 203.283
weight: 1.46975e-07
eec: 188.408
weight: 2.77802e-05
eec: 422.865
weight: 0.000197296
eec: 67.2015
weight: 2.36777e-05
eec: 161.182
weight: 2.15322e-05
eec: 752.088
weight: 1.06043e-06
eec: 997.876
weight: 7.66174e-06
eec: 2287.64
weight: 1.8201e-05
eec: 183.992
weight: 7.96814e-06
eec: 37.685
weight: 7.43401e-07
eec: 270.613
weight: 1.01661e-05
eec: 30.3209
weight: 1.29238e-05
eec: 718.752
weight: 0.000250311
eec: 554.185
weight: 0.000154184
eec: 428.323
weight: 8.47803e-06
eec: 105.815
weight: 0.000230757
eec: 298.354
weight: 1.20935e-05
eec: 1928.65
weight: 6.15005e-05
eec: 430.492
weight: 3.25862e-05
eec: 1554.42
weight: 4.33964e-06
eec: 603.65
weight: 7.55386e-06
eec: 115.12
weight: 6.396e-06
eec: 66.0614
weight: 1.81424e-05
eec: 184.142
weight: 9.40289e-06
eec: 1079.73
weight: 8.14912e-06
eec: 129.832
weight: 0.000124617
eec: 409.498
weight: 8.98917e-06
eec: 3010.3
weight: 8.85673e-06
eec: 561.427
weight: 2.26604e-05
eec: 305.029
weight: 2.48522e-07
eec: 533.596
weight: 4.8627e-06
eec: 572.402
weight: 0.000159909
eec: 806.987
weight: 7.5297e-05
eec: 939.848
weight: 1.06497e-05
eec: 2057.44
weight: 4.22028e-05
eec: 183.595
weight: 1.81898e-08
eec: 92.1557
weight: 8.95796e-06
eec: 837.343
weight: 1.76177e-05
eec: 3079.66
weight: 6.25658e-07
eec: 551.122
weight: 0.000201965
eec: 37.5243
weight: 0.000218918
eec: 343.8
weight: 9.44362e-05
eec: 571.255
weight: 8.30711e-06
eec: 182.09
weight: 1.27961e-05
eec: 354.837
weight: 4.55621e-06
eec: 2780.49
weight: 2.18996e-05
eec: 865.444
weight: 7.26203e-05
eec: 290.958
weight: 0.000153341
eec: 502.951
weight: 7.04219e-06
eec: 1094.19
weight: 0.000314441
eec: 54.1697
weight: 6.10073e-06
eec: 3157.41
weight: 5.15365e-05
eec: 381.01
weight: 1.89503e-06
eec: 610.522
weight: 7.34391e-05
eec: 108.922
weight: 0.000442795
eec: 706.485
weight: 0.000131213
eec: 1609.07
weight: 2.10835e-05
eec: 382.062
weight: 0.000213954
eec: 485.566
weight: 0.000144893
eec: 437.796
weight: 1.33883e-07
eec: 219.568
weight: 0.000123798
eec: 1609.42
weight: 5.75591e-05
eec: 1297.19
weight: 1.14747e-05
eec: 1337.38
weight: 0.000130246
eec: 1011.54
weight: 3.2008e-05
eec: 223.427
weight: 1.64506e-05
eec: 843.662
weight: 8.55986e-06
eec: 698.072
weight: 4.51447e-05
eec: 192.135
weight: 0.000173566
eec: 203.29
weight: 0.000821376
eec: 372.609
weight: 9.87891e-06
eec: 713.058
weight: 8.98177e-05
eec: 132.912
weight: 0.000140206
eec: 418.237
weight: 8.72384e-05
eec: 451.357
weight: 0.000104105
eec: 278.658
weight: 0.000136688
eec: 90.3623
weight: 1.78973e-05
eec: 1963.03
weight: 0.000362208
eec: 184.941
weight: 2.73128e-07
eec: 715.337
weight: 7.55938e-05
eec: 406.947
weight: 5.05878e-05
eec: 1083.09
weight: 2.24303e-05
eec: 471.775
weight: 1.43118e-05
eec: 527.338
weight: 1.65028e-06
eec: 181.464
weight: 7.06606e-06
eec: 340.809
weight: 8.89971e-06
eec: 199.404
weight: 1.34134e-05
eec: 231.661
weight: 5.79703e-06
eec: 70.7349
weight: 3.15898e-05
eec: 771.966
weight: 1.84691e-06
eec: 758.414
weight: 4.3603e-05
eec: 312.215
weight: 2.31984e-05
eec: 340.726
weight: 2.66562e-05
eec: 66.053
weight: 1.92893e-05
eec: 346.406
weight: 4.31346e-06
eec: 574.932
weight: 3.85166e-06
eec: 90.3063
weight: 2.27863e-05
eec: 933.348
weight: 7.27643e-06
eec: 1272.76
weight: 0.000471724
eec: 91.1337
weight: 1.1633e-05
eec: 219.516
weight: 0.00105985
eec: 362.66
weight: 1.65964e-06
eec: 985.08
weight: 7.19468e-06
eec: 583.12
weight: 0.000529712
eec: 571.011
weight: 7.28894e-05
eec: 899.664

ROOT exit code = 0
