gSystem->Load("run_condor_job_Run3_C.so");
run_condor_job_Run3(10, 100, 2,
                    80, 200,
                    1, 1, 1, 0);
.q

ENTERED run_condor_job_Run3()
JOBID = 10
  global job = 10  Job 10/100  events [599400, 659340)  total=5994000
Processing events [599400, 659340) of 5994000
Processing: 10.01 %weight: 1.02084e-05
eec: 16.0598
weight: 0.000195765
eec: 812.956
weight: 0.000105442
eec: 37.3567
weight: 1.66057e-05
eec: 41.251
weight: 1.28922e-05
eec: 46.9194
weight: 7.8456e-06
eec: 1032.79
weight: 2.34902e-05
eec: 678.975
weight: 4.14985e-05
eec: 855.767
weight: 5.00627e-05
eec: 87.8601
weight: 3.63547e-06
eec: 203.508
weight: 2.0707e-05
eec: 30.6278
weight: 0.000183189
eec: 1293.24
weight: 6.26296e-06
eec: 3560.73
weight: 0.000574756
eec: 1133.47
weight: 5.89239e-05
eec: 108.805
weight: 1.15472e-05
eec: 144.584
weight: 2.49998e-05
eec: 167.708
weight: 1.63609e-05
eec: 326.194
weight: 1.13531e-05
eec: 535.533
weight: 8.24218e-06
eec: 1565.38
weight: 3.06627e-06
eec: 290.208
weight: 0.000230435
eec: 123.276
weight: 4.79664e-05
eec: 360.198
weight: 3.40156e-06
eec: 443.252
weight: 1.08285e-05
eec: 79.27
weight: 6.04331e-05
eec: 987.118
weight: 1.30773e-05
eec: 613.365
weight: 1.70427e-05
eec: 120.969
weight: 2.84389e-05
eec: 112.143
weight: 1.12725e-05
eec: 1624.62
weight: 0.000169757
eec: 464.981
weight: 0.000221584
eec: 718.392
weight: 0.000279411
eec: 79.8268
weight: 4.76717e-08
eec: 259.389
weight: 5.29315e-06
eec: 763.813
weight: 6.79677e-05
eec: 149.446
weight: 1.36808e-06
eec: 119.676
weight: 1.51909e-05
eec: 286.257
weight: 1.94845e-05
eec: 732.324
weight: 4.80297e-05
eec: 832.532
weight: 0.000133482
eec: 487.634
weight: 2.14092e-06
eec: 732.61
weight: 0.000616455
eec: 38.6928
weight: 2.15249e-05
eec: 103.438
weight: 8.0532e-06
eec: 261.403
weight: 0.000164868
eec: 454.898
weight: 5.02002e-07
eec: 763.993
weight: 0.00174015
eec: 105.003
weight: 7.92274e-05
eec: 220.424
weight: 0.000113059
eec: 1187.36
weight: 3.13967e-06
eec: 244.297
weight: 0.00018918
eec: 215.386
weight: 0.00025349
eec: 345.111
weight: 3.53123e-06
eec: 1147.98
weight: 1.62909e-05
eec: 195.59
weight: 8.34485e-05
eec: 370.895
weight: 8.99145e-07
eec: 277.734
weight: 0.000102949
eec: 74.2142
weight: 3.73589e-07
eec: 253.47
weight: 5.53147e-06
eec: 1095.66
weight: 9.18841e-05
eec: 203.469
weight: 4.02209e-05
eec: 496.762
weight: 1.99728e-05
eec: 358.318
weight: 0.000273491
eec: 157.586
weight: 0.00090792
eec: 908.938
weight: 3.38187e-05
eec: 170.306
weight: 7.13304e-05
eec: 146.562
weight: 1.98488e-06
eec: 261.133
weight: 7.76936e-09
eec: 667.723
weight: 1.05097e-05
eec: 385.579
weight: 2.97044e-05
eec: 63.0896
weight: 9.72275e-05
eec: 226.217
weight: 4.49977e-06
eec: 880.513
weight: 2.76768e-06
eec: 2094.05
weight: 1.70311e-05
eec: 413.54
weight: 5.5648e-05
eec: 1174.77
weight: 9.00494e-05
eec: 682.601
weight: 4.17456e-05
eec: 1440.84
weight: 5.6273e-06
eec: 341.593
weight: 9.25621e-05
eec: 282.22
weight: 1.9346e-06
eec: 1523.52
weight: 8.8114e-07
eec: 109.932
weight: 3.57674e-05
eec: 809.462
weight: 7.52738e-05
eec: 788.505
weight: 3.2149e-05
eec: 165.094
weight: 5.78127e-05
eec: 550.297
weight: 0.00020915
eec: 677.256
weight: 1.60065e-05
eec: 220.083
weight: 3.07668e-05
eec: 158.637
weight: 0.00013775
eec: 582.907
weight: 1.83702e-05
eec: 2176.19
weight: 0.000383425
eec: 1713.01
weight: 2.11706e-05
eec: 628.085
weight: 0.000185239
eec: 18.7276
weight: 3.96397e-06
eec: 439.786
weight: 1.35668e-06
eec: 1289
weight: 1.44075e-05
eec: 191.509
weight: 0.000227449
eec: 412.171
weight: 2.72515e-06
eec: 163.151
weight: 9.52992e-07
eec: 113.562
weight: 0.00139063
eec: 371.938
weight: 2.55728e-07
eec: 233.315
weight: 7.22221e-06
eec: 2005.72
weight: 4.71452e-06
eec: 265.073
weight: 1.48779e-05
eec: 947.491
weight: 0.000195983
eec: 92.5317
weight: 2.27284e-05
eec: 456.685
weight: 1.3006e-05
eec: 1327.45
weight: 4.55116e-05
eec: 1368.76
weight: 6.84939e-05
eec: 200.572
weight: 0.000100195
eec: 2558.89
weight: 0.000128512
eec: 366.22
weight: 6.96447e-06
eec: 87.8655
weight: 8.16004e-06
eec: 542.172
weight: 5.98794e-05
eec: 1889.96
weight: 0.000269214
eec: 654.538
weight: 4.1899e-05
eec: 118.908
weight: 6.07774e-05
eec: 250.853
weight: 1.08002e-05
eec: 1239.25
weight: 0.000824953
eec: 194.823
weight: 1.47746e-05
eec: 84.5081
weight: 1.38418e-05
eec: 53.2787
weight: 6.21522e-06
eec: 98.7547
weight: 1.57004e-05
eec: 194.108
weight: 3.18371e-06
eec: 216.844
weight: 6.02646e-05
eec: 155.859
weight: 0.00302704
eec: 334.998
weight: 5.51221e-05
eec: 468.504
weight: 2.27463e-05
eec: 310.387
weight: 1.33505e-05
eec: 639.899
weight: 1.82273e-06
eec: 666.793
weight: 3.28109e-05
eec: 262.994
weight: 6.51843e-06
eec: 971.557
weight: 1.43752e-05
eec: 782.053
weight: 2.57895e-05
eec: 3227.46
weight: 4.97894e-06
eec: 3201.22
weight: 0.000261778
eec: 1000.24
weight: 2.85772e-06
eec: 1154.92
weight: 2.43347e-05
eec: 483.076
weight: 2.07335e-06
eec: 1480.32
weight: 0.000115008
eec: 480.267
weight: 5.61796e-05
eec: 796.472
weight: 2.45505e-05
eec: 1758.73
weight: 8.79601e-05
eec: 457.111
weight: 3.53413e-06
eec: 285.34
weight: 0.00016471
eec: 547.837
weight: 8.02193e-06
eec: 223.409
weight: 0.000116839
eec: 887.675
weight: 6.75858e-05
eec: 162.018
weight: 0.000123946
eec: 504.546
weight: 2.85479e-05
eec: 414.641
weight: 0.000259971
eec: 276.427
weight: 6.88751e-07
eec: 125.445
weight: 4.33099e-05
eec: 587.059
weight: 0.000174079
eec: 211.236
weight: 3.22652e-05
eec: 1888.69
weight: 6.2079e-05
eec: 259.023
weight: 1.91214e-05
eec: 1204.98
weight: 1.54149e-05
eec: 20.6493
weight: 1.59362e-05
eec: 216.184
weight: 7.42936e-06
eec: 226.411
weight: 7.44147e-05
eec: 1469.8
weight: 1.72891e-06
eec: 680.685
weight: 2.28395e-05
eec: 528.343
weight: 3.06895e-06
eec: 661.802
weight: 0.000254499
eec: 263.204
weight: 0.000133323
eec: 345.464
weight: 4.63882e-06
eec: 465.223
weight: 6.98648e-05
eec: 646.766
weight: 0.000418717
eec: 235.75
weight: 4.05828e-05
eec: 91.1797
weight: 2.7472e-05
eec: 147.841
weight: 3.32993e-05
eec: 143.351
weight: 5.91202e-05
eec: 512.639
weight: 2.61027e-05
eec: 1078.11
weight: 1.55572e-05
eec: 694.037
weight: 2.69029e-06
eec: 430.012
weight: 2.31175e-05
eec: 1180.31
weight: 8.10679e-06
eec: 627.38
weight: 2.86959e-05
eec: 210.372
weight: 5.2676e-06
eec: 203.824
weight: 7.3363e-05
eec: 288.436
weight: 1.29688e-05
eec: 225.759
weight: 1.85276e-05
eec: 354.095
Processing: 10.8442 %weight: 9.36383e-05
eec: 238.559
weight: 0.000252248
eec: 66.9215
weight: 1.08712e-05
eec: 174.674
weight: 9.29198e-05
eec: 312.989
weight: 3.81238e-06
eec: 35.3679
weight: 5.81322e-07
eec: 538.184
weight: 1.88026e-05
eec: 878.218
weight: 1.28231e-07
eec: 367.365
weight: 0.00018793
eec: 628.528
weight: 0.000266284
eec: 364.729
weight: 2.2654e-05
eec: 235.043
weight: 6.25615e-05
eec: 657.802
weight: 7.74753e-07
eec: 34.3163
weight: 1.11674e-05
eec: 428.661
weight: 3.07253e-05
eec: 344.141
weight: 3.04761e-05
eec: 101.629
weight: 7.96089e-05
eec: 464.903
weight: 6.98563e-05
eec: 463.65
weight: 8.72771e-07
eec: 1895.6
weight: 4.44784e-05
eec: 538.288
weight: 1.55799e-05
eec: 2029.08
weight: 0.000253687
eec: 395.34
weight: 2.05239e-05
eec: 1435.86
weight: 8.54502e-06
eec: 83.4247
weight: 3.26402e-05
eec: 912.895
weight: 1.27177e-05
eec: 5158.76
weight: 6.95142e-07
eec: 395.192
weight: 4.88734e-05
eec: 1980.63
weight: 8.91027e-07
eec: 2293.25
weight: 5.04956e-05
eec: 838.902
weight: 0.000118551
eec: 951.087
weight: 0.000133053
eec: 804.795
weight: 1.42014e-05
eec: 325.333
weight: 3.51924e-08
eec: 1270.86
weight: 5.97109e-05
eec: 565.72
weight: 1.86229e-05
eec: 713.586
weight: 4.63529e-05
eec: 576.682
weight: 2.53097e-05
eec: 1951.62
weight: 0.000478754
eec: 1142.86
weight: 1.20771e-05
eec: 300.607
weight: 4.43703e-06
eec: 688.352
weight: 0.000722636
eec: 166.752
weight: 0.00021618
eec: 589.626
weight: 2.47287e-05
eec: 2413.29
weight: 6.07112e-06
eec: 263.983
weight: 3.06135e-06
eec: 255.095
weight: 9.35481e-05
eec: 178.871
weight: 8.17687e-05
eec: 220.939
weight: 5.11346e-06
eec: 995.068
weight: 4.8332e-05
eec: 182.175
weight: 7.77983e-05
eec: 295.189

ROOT exit code = 0
