gSystem->Load("run_condor_job_Run3_C.so");
run_condor_job_Run3(325, 100, 2,
                    80, 200,
                    1, 1, 1, 3);
.q

ENTERED run_condor_job_Run3()
JOBID = 325
  global job = 325  Job 25/100  events [1500000, 1560000)  total=6000000
Processing events [1500000, 1560000) of 6000000
Processing: 25 %weight: 4.7897e-07
eec: 70.4835
weight: 3.42468e-05
eec: 40.6383
weight: 4.45914e-05
eec: 937.34
weight: 1.84288e-06
eec: 2507.64
weight: 5.66786e-05
eec: 267
weight: 6.85527e-06
eec: 508.332
weight: 1.8397e-05
eec: 82.0439
weight: 1.8397e-05
eec: 969.57
weight: 0.000100423
eec: 47.4359
weight: 7.52658e-05
eec: 480.968
weight: 5.60192e-07
eec: 182.113
weight: 8.30083e-06
eec: 762.058
weight: 2.45385e-05
eec: 422.581
weight: 0.000150918
eec: 675.727
weight: 2.81217e-05
eec: 1321.71
weight: 3.59967e-05
eec: 572.589
weight: 4.62902e-05
eec: 545.919
weight: 0.000316594
eec: 376.762
weight: 1.0937e-05
eec: 532.441
weight: 0.000116863
eec: 60.4176
weight: 0.000241434
eec: 373.783
weight: 1.05419e-05
eec: 1001.73
weight: 9.52991e-05
eec: 155.716
weight: 0.00022367
eec: 254.28
weight: 9.50943e-05
eec: 59.6269
weight: 0.000851995
eec: 1543.48
weight: 3.91162e-05
eec: 2583.14
weight: 7.2613e-05
eec: 410.402
weight: 4.17466e-07
eec: 646.296
weight: 1.26956e-06
eec: 882.191
weight: 6.41694e-05
eec: 47.4709
weight: 1.48399e-05
eec: 827.254
weight: 2.57007e-05
eec: 1549.09
weight: 1.14576e-05
eec: 114.156
weight: 2.69328e-05
eec: 347.948
weight: 0.000526403
eec: 313.18
weight: 5.42678e-05
eec: 865.309
weight: 1.54911e-05
eec: 475.721
weight: 1.62148e-05
eec: 2109.84
weight: 5.93771e-06
eec: 179.402
weight: 4.04052e-05
eec: 112.765
weight: 1.4241e-06
eec: 759.579
weight: 4.40885e-05
eec: 480.739
weight: 2.9494e-05
eec: 701.77
weight: 2.06101e-05
eec: 1805.64
weight: 3.81708e-05
eec: 104.127
weight: 4.97323e-07
eec: 670.82
weight: 6.38997e-06
eec: 468.136
weight: 4.416e-05
eec: 832.763
weight: 6.79977e-05
eec: 773.594
weight: 4.76377e-05
eec: 739.373
weight: 5.14917e-06
eec: 182.232
weight: 2.75232e-05
eec: 872.689
weight: 0.000131589
eec: 294.331
weight: 5.17928e-06
eec: 171.984
weight: 8.45671e-08
eec: 688.402
weight: 7.15957e-06
eec: 513.285
weight: 3.32284e-07
eec: 1047.16
weight: 0.000159022
eec: 555.04
weight: 5.38842e-08
eec: 10.9115
weight: 3.21841e-06
eec: 2691.31
weight: 4.22044e-05
eec: 75.6304
weight: 1.65745e-05
eec: 1148.25
weight: 1.57037e-05
eec: 1914.14
weight: 3.7822e-06
eec: 1942.69
weight: 0.000323046
eec: 659.358
weight: 5.11666e-06
eec: 145.273
weight: 1.27979e-05
eec: 5472.66
weight: 1.11716e-05
eec: 934.988
weight: 8.3839e-05
eec: 311.131
weight: 0.000150748
eec: 457.374
weight: 1.31809e-05
eec: 120.903
weight: 0.000126724
eec: 302.727
weight: 3.56588e-05
eec: 604.199
weight: 9.15308e-05
eec: 218.633
weight: 1.92788e-05
eec: 817.778
weight: 2.28437e-05
eec: 1156.6
weight: 2.34956e-06
eec: 1416.03
weight: 0.000105076
eec: 217.265
weight: 2.43935e-05
eec: 2262.78
weight: 6.51717e-05
eec: 399.212
weight: 3.1737e-05
eec: 2475.02
weight: 3.753e-05
eec: 1056.98
weight: 9.88577e-05
eec: 453.831
weight: 2.87192e-05
eec: 270.059
weight: 2.57736e-05
eec: 1760.93
weight: 5.9072e-05
eec: 124.675
weight: 0.000110634
eec: 903.43
weight: 6.1739e-05
eec: 1588.81
weight: 2.19768e-05
eec: 1588.68
weight: 1.91398e-05
eec: 31.6618
weight: 1.97478e-05
eec: 2077.35
weight: 7.71931e-06
eec: 202.03
weight: 2.31801e-05
eec: 782.091
weight: 4.93987e-05
eec: 75.803
weight: 8.09745e-06
eec: 2598.07
weight: 0.000129061
eec: 61.0672
weight: 1.01592e-05
eec: 3050.12
weight: 0.000160117
eec: 35.5079
weight: 7.41584e-06
eec: 414.743
weight: 8.00444e-06
eec: 822.971
weight: 0.000245105
eec: 181.341
weight: 5.28821e-05
eec: 169.876
weight: 1.73568e-06
eec: 506.134
weight: 9.00708e-06
eec: 535.682
weight: 3.94534e-05
eec: 482.136
weight: 5.79156e-09
eec: 592.489
weight: 4.80141e-06
eec: 368.208
weight: 5.05245e-05
eec: 99.8991
weight: 7.87503e-06
eec: 99.4613
weight: 2.98054e-05
eec: 855.304
weight: 7.39534e-05
eec: 1407.66
weight: 1.85338e-05
eec: 63.5672
weight: 3.67339e-07
eec: 648.939
weight: 2.00875e-05
eec: 1656.21
weight: 6.2548e-06
eec: 800.194
weight: 9.90704e-06
eec: 1116.55
weight: 6.18311e-05
eec: 104.985
weight: 2.75592e-06
eec: 268.411
weight: 0.000113101
eec: 9.16481
weight: 3.07508e-06
eec: 589.446
weight: 0.000325219
eec: 245.616
weight: 0.000224701
eec: 380.773
weight: 0.000237894
eec: 471.313
weight: 2.99614e-05
eec: 210.765
weight: 2.46342e-05
eec: 574.934
weight: 5.29345e-05
eec: 1077.61
weight: 1.12604e-05
eec: 389.445
weight: 2.40159e-05
eec: 1257.01
weight: 1.02956e-05
eec: 1628.97
weight: 9.9723e-07
eec: 749.439
weight: 1.80434e-05
eec: 347.515
weight: 0.000171611
eec: 957.625
weight: 6.93003e-05
eec: 1224.99
weight: 1.55641e-05
eec: 139.909
weight: 3.90512e-05
eec: 560.099
weight: 6.38123e-06
eec: 276.961
weight: 1.2663e-05
eec: 236.967
weight: 0.000350119
eec: 611.147
weight: 4.36063e-05
eec: 272.107
weight: 1.09214e-05
eec: 20.0118
weight: 2.34138e-05
eec: 1491.14
weight: 2.96732e-05
eec: 2856.62
weight: 9.73816e-06
eec: 337.985
weight: 8.46627e-05
eec: 825.908
weight: 3.42497e-06
eec: 200.633
weight: 4.44382e-05
eec: 194.351
weight: 0.000280547
eec: 93.0345
weight: 5.09002e-06
eec: 2343.74
weight: 5.39431e-05
eec: 896.909
weight: 1.25339e-05
eec: 576.913
weight: 0.000446241
eec: 50.6471
weight: 2.93967e-05
eec: 783.387
weight: 2.44049e-05
eec: 560.662
weight: 0.000150606
eec: 675.734
weight: 1.34768e-07
eec: 595.85
weight: 1.0667e-05
eec: 145.489
weight: 6.80176e-06
eec: 12.0831
weight: 1.49939e-06
eec: 969.433
weight: 0.000111583
eec: 187.927
weight: 6.40646e-05
eec: 452.384
weight: 6.25045e-05
eec: 138.709
weight: 5.56392e-05
eec: 300.327
weight: 6.96688e-05
eec: 177.059
weight: 4.07042e-05
eec: 1111.29
weight: 0.000145691
eec: 51.8427
weight: 0.000791751
eec: 83.4408
weight: 9.26297e-07
eec: 1086.85
weight: 2.08046e-05
eec: 228.091
weight: 1.88944e-05
eec: 1294.47
weight: 9.57688e-06
eec: 321.969
weight: 0.000737175
eec: 315.989
weight: 1.76726e-07
eec: 2286.47
weight: 1.65825e-05
eec: 120.694
weight: 0.00023455
eec: 715.102
weight: 6.45044e-05
eec: 511.203
weight: 3.80179e-06
eec: 48.2265
weight: 0.000146321
eec: 216.407
weight: 8.16143e-05
eec: 926.348
weight: 0.000521089
eec: 265.081
weight: 0.000280366
eec: 347.689
weight: 3.25073e-05
eec: 270.129
weight: 1.95544e-05
eec: 1379.6
weight: 2.63674e-05
eec: 166.141
weight: 1.61837e-05
eec: 3103.72
weight: 1.04659e-06
eec: 2999.81
weight: 5.90278e-06
eec: 462.39
weight: 9.44308e-06
eec: 1101.67
weight: 0.0006209
eec: 161.672
weight: 3.49457e-05
eec: 876.875
weight: 9.55287e-06
eec: 211.756
weight: 7.9253e-06
eec: 655.288
weight: 0.000405076
eec: 166.443
weight: 2.87154e-05
eec: 944.364
weight: 0.000107732
eec: 204.572
weight: 0.000689581
eec: 97.0875
weight: 1.2535e-05
eec: 374.223
weight: 1.39375e-05
eec: 885.857
weight: 0.000152206
eec: 841.627
weight: 6.42963e-06
eec: 588.438
weight: 1.09428e-06
eec: 106.562
weight: 9.08543e-06
eec: 233.074
weight: 2.45626e-05
eec: 748.952
weight: 0.000105514
eec: 562.146
weight: 3.7583e-06
eec: 437.378
weight: 3.96067e-06
eec: 513.785
weight: 0.00115176
eec: 179.886
Processing: 25.8333 %weight: 1.29181e-05
eec: 385.157
weight: 3.80955e-06
eec: 430.932
weight: 0.000245617
eec: 16.3497
weight: 1.9226e-05
eec: 1393.03
weight: 0.000120324
eec: 1244.91
weight: 7.12007e-05
eec: 64.9862
weight: 5.82101e-07
eec: 514.294
weight: 0.000262119
eec: 391.14
weight: 3.31042e-05
eec: 272.32
weight: 5.47976e-05
eec: 2466.38
weight: 7.83273e-06
eec: 2740.58
weight: 3.08243e-06
eec: 166.754
weight: 5.67015e-06
eec: 411.429
weight: 0.000417843
eec: 220.629
weight: 0.000246193
eec: 261.411
weight: 5.93837e-06
eec: 1721.27
weight: 0.00108823
eec: 138.772
weight: 7.05926e-05
eec: 815.667
weight: 4.80655e-05
eec: 783.501
weight: 6.09711e-05
eec: 1533.94
weight: 5.56936e-05
eec: 463.573
weight: 3.30072e-06
eec: 154.979
weight: 4.4209e-06
eec: 85.5144
weight: 1.93184e-05
eec: 472.586
weight: 9.59481e-06
eec: 91.5412
weight: 0.000165291
eec: 554.054
weight: 2.82535e-05
eec: 844.028
weight: 9.19644e-05
eec: 556.659
weight: 2.45167e-07
eec: 1138.09

ROOT exit code = 0
