gSystem->Load("run_condor_job_Run3_C.so");
run_condor_job_Run3(710, 100, 2,
                    80, 200,
                    1, 1, 1, 7);
.q

ENTERED run_condor_job_Run3()
JOBID = 710
  global job = 710  Job 10/100  events [569400, 626340)  total=5694000
Processing events [569400, 626340) of 5694000
weight: 2.94964e-05
eec: 348.252
weight: 4.64003e-09
eec: 748.712
weight: 3.63067e-05
eec: 562.476
weight: 7.98592e-05
eec: 632.769
weight: 1.89013e-05
eec: 442.167
weight: 0.000242252
eec: 170.696
weight: 0.000187483
eec: 341.088
weight: 4.7517e-08
eec: 254.186
weight: 0.000142959
eec: 1107.94
weight: 8.06208e-05
eec: 395.453
weight: 1.24869e-06
eec: 48.2904
weight: 1.42805e-05
eec: 1123.64
weight: 0.000211647
eec: 975.682
weight: 6.69909e-06
eec: 2300.46
weight: 3.52656e-05
eec: 147.918
weight: 0.0012317
eec: 150.181
weight: 2.07298e-05
eec: 490.23
weight: 4.13998e-06
eec: 400.019
weight: 3.45815e-05
eec: 16.8594
weight: 6.8846e-05
eec: 397.052
weight: 0.000406066
eec: 250.142
weight: 0.000189919
eec: 500.03
weight: 0.000133023
eec: 10.276
weight: 1.04074e-06
eec: 261.2
weight: 1.96266e-06
eec: 70.8815
weight: 9.33995e-05
eec: 503.581
weight: 1.53478e-05
eec: 1643.12
weight: 9.95416e-05
eec: 477.808
weight: 3.07386e-05
eec: 181.455
weight: 1.61879e-05
eec: 662.41
weight: 1.25536e-05
eec: 329.923
weight: 2.76398e-06
eec: 418.508
weight: 1.30142e-05
eec: 31.4651
weight: 2.02683e-06
eec: 187.905
weight: 7.991e-06
eec: 124.11
weight: 3.75056e-05
eec: 2613.95
weight: 8.50035e-08
eec: 4450.5
weight: 2.21812e-05
eec: 1731.02
weight: 7.26737e-05
eec: 502.798
weight: 4.65867e-06
eec: 184.979
weight: 2.47596e-06
eec: 1158.62
weight: 0.00104677
eec: 146.189
weight: 8.13098e-05
eec: 838.929
weight: 2.24675e-06
eec: 62.4397
weight: 6.69307e-06
eec: 2370.24
weight: 2.89416e-05
eec: 349.608
weight: 3.61317e-05
eec: 410.055
weight: 3.21449e-05
eec: 615.718
weight: 0.000105732
eec: 770.823
weight: 6.24901e-05
eec: 249.758
weight: 0.000109431
eec: 619.025
weight: 4.14843e-05
eec: 24.609
weight: 2.0324e-05
eec: 636.399
weight: 4.91586e-05
eec: 65.8299
weight: 6.76786e-06
eec: 67.5742
weight: 1.71546e-05
eec: 1156.79
weight: 7.1463e-06
eec: 1941.96
weight: 8.41717e-06
eec: 95.6553
weight: 0.000266129
eec: 256.533
weight: 2.28059e-05
eec: 138.483
weight: 0.000157228
eec: 262.411
weight: 7.37001e-05
eec: 35.1109
weight: 9.57376e-06
eec: 226.189
weight: 2.63826e-05
eec: 249.317
weight: 3.43195e-05
eec: 189.93
weight: 0.000121611
eec: 653.672
weight: 7.20305e-06
eec: 2190.36
weight: 2.62874e-05
eec: 1513.96
weight: 1.19285e-08
eec: 1436.64
weight: 1.56173e-08
eec: 96.6613
weight: 0.000234924
eec: 20.094
weight: 0.000261219
eec: 154.458
weight: 0.000123377
eec: 413.209
weight: 1.03253e-05
eec: 670.591
weight: 0.000155131
eec: 58.861
weight: 5.82651e-05
eec: 1386.83
weight: 0.000207976
eec: 670.62
weight: 0.000700578
eec: 134.825
weight: 4.12711e-05
eec: 57.4305
weight: 0.0001533
eec: 42.9548
weight: 3.25835e-05
eec: 2360.63
weight: 1.34518e-07
eec: 1725.64
weight: 0.000452754
eec: 161.153
weight: 2.8369e-05
eec: 276.133
weight: 0.000121971
eec: 334.109
weight: 5.42053e-05
eec: 82.6755
weight: 9.30353e-05
eec: 836.245
weight: 0.000133799
eec: 261.696
weight: 6.82984e-05
eec: 665.287
weight: 5.00979e-06
eec: 734.223
weight: 0.000129517
eec: 859.58
weight: 0.000134966
eec: 580.775
weight: 7.5816e-07
eec: 1979.95
weight: 2.62191e-06
eec: 1791.88
weight: 1.27566e-05
eec: 489.12
weight: 1.16182e-05
eec: 617.157
weight: 1.75453e-07
eec: 91.4855
weight: 3.22774e-05
eec: 976.612
weight: 2.65641e-05
eec: 407.91
weight: 2.77015e-06
eec: 35.0833
weight: 5.80724e-05
eec: 61.8094
weight: 2.09624e-06
eec: 1912.01
weight: 1.67741e-06
eec: 693.958
weight: 2.21889e-05
eec: 29.3312
weight: 0.000194555
eec: 369.998
weight: 6.3531e-05
eec: 712.619
weight: 5.11399e-08
eec: 893.74
weight: 3.06644e-05
eec: 610.351
weight: 4.9207e-06
eec: 193.437
weight: 3.56635e-05
eec: 820.123
weight: 0.000262679
eec: 576.626
weight: 1.08089e-06
eec: 956.326
weight: 2.48066e-06
eec: 348.067
weight: 3.89888e-06
eec: 1434.33
weight: 1.27399e-05
eec: 833.324
weight: 1.52518e-06
eec: 271.256
weight: 3.89303e-05
eec: 72.8518
weight: 1.07916e-06
eec: 21.4042
weight: 2.6025e-05
eec: 91.3418
weight: 4.96281e-06
eec: 116.239
weight: 3.89775e-06
eec: 36.8697
weight: 8.29103e-06
eec: 1872.57
weight: 0.000177832
eec: 1413.87
weight: 6.71714e-06
eec: 21.8633
weight: 6.84458e-05
eec: 205.457
weight: 2.27447e-07
eec: 389.038
weight: 3.8907e-05
eec: 1340.03
weight: 0.000120316
eec: 292.853
weight: 0.000116597
eec: 519.722
weight: 6.27047e-06
eec: 706.667
weight: 0.000455332
eec: 1023.01
weight: 0.000396157
eec: 363.427
Processing: 10.5374 %weight: 5.99485e-05
eec: 239.466
weight: 2.31687e-05
eec: 422.369
weight: 0.000151754
eec: 342.964
weight: 2.01655e-05
eec: 61.769
weight: 0.000450093
eec: 81.1856
weight: 2.12311e-06
eec: 259.1
weight: 2.16469e-05
eec: 59.6726
weight: 2.50684e-05
eec: 92.1715
weight: 2.44511e-05
eec: 1641.51
weight: 1.05658e-05
eec: 439.221
weight: 2.87178e-05
eec: 388.279
weight: 1.23411e-06
eec: 220.526
weight: 5.64232e-05
eec: 160.176
weight: 9.69565e-06
eec: 141.087
weight: 5.30589e-06
eec: 29.5541
weight: 2.55405e-06
eec: 218.449
weight: 2.09944e-06
eec: 4200.37
weight: 1.90709e-05
eec: 2124.84
weight: 1.97552e-05
eec: 2102.05
weight: 0.000265485
eec: 299.148
weight: 4.99322e-08
eec: 373.128
weight: 3.37792e-06
eec: 320.485
weight: 1.39893e-05
eec: 423.079
weight: 7.76206e-06
eec: 14.1083
weight: 2.05388e-05
eec: 195.981
weight: 9.9176e-05
eec: 96.5197
weight: 5.33211e-08
eec: 423.729
weight: 1.89637e-05
eec: 1135.43
weight: 9.43516e-06
eec: 74.0891
weight: 2.58234e-05
eec: 435.626
weight: 0.000129087
eec: 597.131
weight: 4.98258e-07
eec: 132.425
weight: 0.000192475
eec: 13.7987
weight: 0.000189647
eec: 11.5991
weight: 1.57716e-05
eec: 1484.94
weight: 1.7091e-05
eec: 73.4375
weight: 9.33896e-06
eec: 1480.99
weight: 8.61613e-06
eec: 1558.3
weight: 3.17811e-05
eec: 43.785
weight: 7.84493e-06
eec: 472.138
weight: 5.32821e-06
eec: 725.014
weight: 9.75947e-06
eec: 391.764
weight: 0.000133468
eec: 88.999
weight: 0.000269325
eec: 7.27356
weight: 4.00961e-05
eec: 507.361
weight: 5.90097e-05
eec: 435.31
weight: 4.81555e-06
eec: 695.221
weight: 7.60017e-06
eec: 172.984
weight: 1.02405e-05
eec: 743.742
weight: 7.50256e-05
eec: 269.917
weight: 0.000112434
eec: 69.8906
weight: 8.45917e-06
eec: 282.686
weight: 0.000178526
eec: 639.469
weight: 2.16312e-05
eec: 792.308
weight: 5.80714e-05
eec: 58.0944
weight: 0.00074613
eec: 378.723
weight: 0.000607757
eec: 246.819
weight: 0.000242702
eec: 995.65
weight: 2.5953e-06
eec: 736.456
weight: 9.78759e-06
eec: 478.606
weight: 3.01802e-05
eec: 548.703
weight: 2.77705e-05
eec: 627.467
weight: 6.93695e-05
eec: 608.188
weight: 1.23609e-05
eec: 181
weight: 7.62284e-05
eec: 540.718
weight: 9.8833e-05
eec: 439.724
weight: 0.000159369
eec: 631.654
weight: 0.000105284
eec: 1536.44
weight: 1.07503e-05
eec: 362.103
weight: 0.000392487
eec: 133.056
weight: 2.89525e-07
eec: 280.052
weight: 0.000123743
eec: 66.8106
weight: 0.000448504
eec: 100.406
weight: 7.49277e-06
eec: 299.311
weight: 9.47107e-05
eec: 123.934
weight: 0.0005342
eec: 516.015
weight: 2.01318e-06
eec: 284.281
weight: 2.03864e-06
eec: 1365.13
weight: 2.90425e-05
eec: 1788.61
weight: 4.36619e-05
eec: 406.447
weight: 1.98396e-05
eec: 517.148
weight: 7.59713e-05
eec: 989.143
weight: 4.12608e-05
eec: 153.341
weight: 0.000132007
eec: 1384.77
weight: 9.76865e-06
eec: 1014.97
weight: 1.48031e-05
eec: 1133.62
weight: 6.49014e-05
eec: 1157.98
weight: 0.000102583
eec: 722.15
weight: 5.24472e-06
eec: 186.184
weight: 0.00110856
eec: 18.3465
weight: 2.56346e-05
eec: 1467.76
weight: 1.85264e-05
eec: 86.8063
weight: 8.6506e-07
eec: 359.221
weight: 5.81207e-05
eec: 46.7605
weight: 1.92976e-05
eec: 385.145
weight: 1.33059e-05
eec: 64.2896

ROOT exit code = 0
