gSystem->Load("run_condor_job_Run3_C.so");
run_condor_job_Run3(267, 100, 2,
                    80, 200,
                    1, 1, 1, 2);
.q

ENTERED run_condor_job_Run3()
JOBID = 267
  global job = 267  Job 67/100  events [4020000, 4080000)  total=6000000
Processing events [4020000, 4080000) of 6000000
weight: 5.99103e-05
eec: 84.1343
weight: 2.06764e-05
eec: 42.1551
weight: 0.000285413
eec: 143.009
weight: 8.51553e-05
eec: 668.756
weight: 2.86996e-05
eec: 576.594
weight: 7.29938e-05
eec: 1029.37
weight: 3.90663e-05
eec: 512.088
weight: 3.47451e-07
eec: 97.6594
weight: 7.45896e-06
eec: 505.279
weight: 5.36999e-05
eec: 176.102
weight: 0.000105981
eec: 1033.16
weight: 4.74904e-05
eec: 190.245
weight: 8.54487e-05
eec: 827.358
weight: 9.3081e-06
eec: 1664.54
weight: 0.000100335
eec: 196.766
weight: 1.43925e-05
eec: 963.177
weight: 8.07634e-05
eec: 1434.2
weight: 7.19771e-09
eec: 940.609
weight: 1.3941e-06
eec: 370.204
weight: 2.15879e-05
eec: 1540.42
weight: 3.49793e-06
eec: 295.529
weight: 7.85421e-06
eec: 379.805
weight: 9.22883e-06
eec: 143.899
weight: 9.91761e-06
eec: 223.362
weight: 2.07648e-05
eec: 446.995
weight: 1.33628e-05
eec: 136.767
weight: 1.26696e-05
eec: 371.479
weight: 8.82608e-05
eec: 160.823
weight: 5.92962e-05
eec: 1238.68
weight: 1.74755e-05
eec: 238.271
weight: 8.80328e-06
eec: 3144.57
weight: 4.63355e-05
eec: 815.792
weight: 0.000102422
eec: 63.208
weight: 3.78998e-05
eec: 1462.43
weight: 0.000193729
eec: 351.667
weight: 1.90198e-05
eec: 487.576
weight: 1.09792e-05
eec: 804.782
weight: 3.73944e-05
eec: 415.979
weight: 0.000141987
eec: 774.25
weight: 3.98244e-05
eec: 267.866
weight: 3.86164e-06
eec: 671.737
weight: 0.000203073
eec: 467.252
weight: 8.91522e-05
eec: 203.102
weight: 6.45884e-05
eec: 42.8956
weight: 2.61836e-05
eec: 51.2108
weight: 0.000171062
eec: 782.954
weight: 1.67898e-06
eec: 234.476
weight: 1.01443e-05
eec: 1841.28
weight: 3.28614e-05
eec: 448.434
weight: 7.21713e-05
eec: 305.265
weight: 0.000200758
eec: 511.168
weight: 1.26026e-05
eec: 244.945
weight: 2.72238e-06
eec: 1050.97
weight: 2.34959e-05
eec: 287.209
weight: 1.31098e-05
eec: 797.336
weight: 6.63686e-06
eec: 1663.11
weight: 5.07865e-05
eec: 322.14
weight: 0.00016005
eec: 809.417
weight: 2.8391e-05
eec: 29.0347
weight: 0.000143733
eec: 165.384
weight: 3.38753e-05
eec: 210.431
weight: 6.44508e-06
eec: 181.711
weight: 0.000207242
eec: 378.106
weight: 2.54984e-07
eec: 780.705
weight: 0.000142658
eec: 810.596
weight: 0.000117828
eec: 88.4208
weight: 8.65876e-05
eec: 66.0635
weight: 0.000109714
eec: 183.702
weight: 0.000630361
eec: 51.0988
weight: 1.01904e-05
eec: 1863.89
weight: 1.4577e-05
eec: 2339.28
weight: 0.00105607
eec: 60.5984
weight: 1.5868e-05
eec: 174.129
weight: 8.82304e-06
eec: 3958.45
weight: 0.000105876
eec: 598.738
weight: 1.25961e-05
eec: 679.644
weight: 3.29937e-05
eec: 911.285
weight: 4.69611e-05
eec: 146.868
weight: 5.40396e-06
eec: 55.8141
weight: 6.70042e-05
eec: 32.0941
weight: 5.09891e-05
eec: 19.1375
weight: 2.17569e-06
eec: 457.567
weight: 1.10173e-06
eec: 123.637
weight: 1.76724e-05
eec: 329.579
weight: 3.63733e-05
eec: 456.865
weight: 9.54638e-05
eec: 163.533
weight: 7.47292e-06
eec: 211.397
weight: 5.15245e-05
eec: 305.518
weight: 1.7021e-05
eec: 46.8072
weight: 7.21631e-05
eec: 22.4602
weight: 5.20079e-06
eec: 82.6257
weight: 0.00012086
eec: 1412.71
weight: 0.000172135
eec: 141.689
weight: 1.41935e-05
eec: 105.472
weight: 3.43166e-06
eec: 1870.82
weight: 8.90277e-06
eec: 547.926
weight: 5.36193e-06
eec: 715.743
weight: 5.96578e-07
eec: 679.243
weight: 3.38282e-05
eec: 60.6642
weight: 0.000140632
eec: 1006.5
weight: 5.4908e-05
eec: 1331.92
weight: 2.40316e-05
eec: 424.725
weight: 3.50438e-05
eec: 679.289
weight: 0.000527595
eec: 1085.03
weight: 6.69801e-06
eec: 196.085
weight: 4.00589e-05
eec: 239.684
weight: 4.24421e-05
eec: 434.689
weight: 3.65734e-05
eec: 506.967
weight: 2.4661e-05
eec: 3384.53
weight: 1.46333e-05
eec: 150.004
weight: 2.65927e-05
eec: 1302.48
Processing: 67.5 %weight: 1.1147e-05
eec: 873.593
weight: 4.29896e-05
eec: 1827.44
weight: 3.36383e-06
eec: 94.1328
weight: 3.36383e-06
eec: 620.973
weight: 4.3754e-05
eec: 155.646
weight: 0.00141934
eec: 513.353
weight: 2.12927e-06
eec: 43.1362
weight: 6.25039e-05
eec: 331.472
weight: 0.000284919
eec: 1507.16
weight: 6.16608e-06
eec: 267.331
weight: 0.000147276
eec: 761.092
weight: 6.13374e-05
eec: 1723.82
weight: 3.31637e-06
eec: 28.0854
weight: 8.11445e-05
eec: 1309.5
weight: 6.39235e-05
eec: 832.728
weight: 7.15814e-06
eec: 347.481
weight: 0.000780955
eec: 957.854
weight: 2.15211e-05
eec: 582.468
weight: 3.21632e-06
eec: 2716.24
weight: 0.000539813
eec: 79.0006
weight: 4.5368e-06
eec: 1128.79
weight: 0.000101156
eec: 340.189
weight: 8.98227e-06
eec: 766.913
weight: 8.47914e-05
eec: 538.78
weight: 0.000252575
eec: 348.339
weight: 1.43398e-05
eec: 1207.73
weight: 2.3318e-05
eec: 1431.76
weight: 2.86274e-06
eec: 1015.05
weight: 0.00057255
eec: 107.759
weight: 0.000192474
eec: 1060.16
weight: 3.48647e-06
eec: 511.56
weight: 8.6362e-06
eec: 156.704
weight: 4.80259e-06
eec: 916.459
weight: 0.000294481
eec: 751.926
weight: 0.00033177
eec: 690.894
weight: 4.55903e-05
eec: 503.881
weight: 4.36968e-05
eec: 87.2904
weight: 1.46093e-05
eec: 691.863
weight: 4.25155e-07
eec: 78.5111
weight: 0.000192854
eec: 1019.44
weight: 2.71199e-06
eec: 545.368
weight: 5.25626e-07
eec: 1175.95
weight: 0.000178972
eec: 54.4239
weight: 9.68172e-06
eec: 1229.27
weight: 0.000408632
eec: 187.674
weight: 4.59114e-05
eec: 2005.88
weight: 1.84251e-05
eec: 1421.82
weight: 0.000677995
eec: 272.638
weight: 0.000117018
eec: 853.038
weight: 5.60734e-05
eec: 713.782
weight: 0.000120282
eec: 48.8688
weight: 2.10216e-05
eec: 251.066
weight: 5.75197e-05
eec: 1193.38
weight: 0.00149056
eec: 55.2205
weight: 6.20914e-05
eec: 303.791
weight: 9.30436e-06
eec: 1382.96
weight: 8.06294e-06
eec: 628.639
weight: 0.000224193
eec: 1560.43
weight: 5.40647e-05
eec: 596.655
weight: 6.12412e-06
eec: 1859.66
weight: 1.3917e-05
eec: 1462.05
weight: 1.72464e-05
eec: 174.7
weight: 1.5414e-05
eec: 749.807
weight: 0.000207963
eec: 185.889
weight: 0.000555626
eec: 92.3085
weight: 2.45709e-06
eec: 658.042
weight: 9.42996e-05
eec: 131.439
weight: 7.5701e-05
eec: 106.006
weight: 2.37724e-05
eec: 886.963
weight: 1.769e-05
eec: 588.664
weight: 5.28981e-05
eec: 416.996
weight: 0.000111726
eec: 577.436
weight: 5.84499e-06
eec: 1588.21
weight: 3.15047e-05
eec: 30.0398
weight: 1.54764e-06
eec: 145.54
weight: 2.02131e-05
eec: 759.387
weight: 1.92327e-07
eec: 351.137
weight: 0.00862218
eec: 216.541
weight: 0.000224341
eec: 577.682
weight: 3.84067e-05
eec: 463.515
weight: 4.58669e-05
eec: 142.992
weight: 9.53206e-05
eec: 369.819
weight: 0.000436324
eec: 361.426
weight: 0.000195572
eec: 1565.68
weight: 2.0897e-05
eec: 143.303
weight: 1.05339e-05
eec: 894.041
weight: 2.99157e-05
eec: 1412.89
weight: 4.08212e-06
eec: 64.0868
weight: 0.000127362
eec: 1059.65
weight: 0.000517898
eec: 402.117
weight: 2.81968e-06
eec: 839.486
weight: 2.45686e-05
eec: 3499.3
weight: 2.78157e-05
eec: 2432.78
weight: 2.88319e-05
eec: 890.191
weight: 4.06287e-05
eec: 519.349
weight: 6.51898e-06
eec: 400.142
weight: 1.18065e-06
eec: 799.68
weight: 0.000383763
eec: 255.411
weight: 6.91169e-05
eec: 3201.98
weight: 0.000114965
eec: 1250.78
weight: 5.44831e-06
eec: 201.479
weight: 1.27665e-05
eec: 2245.09
weight: 0.000119303
eec: 101.775
weight: 5.64256e-06
eec: 321.507
weight: 5.11481e-05
eec: 565.796
weight: 7.1046e-05
eec: 322.955
weight: 0.000343471
eec: 295.528
weight: 2.02964e-07
eec: 415.19
weight: 8.53951e-05
eec: 895.385
weight: 5.70194e-05
eec: 924.3
weight: 8.29677e-06
eec: 678.923
weight: 2.39763e-06
eec: 84.6512
weight: 0.0005122
eec: 183.486
weight: 4.82588e-05
eec: 200.258
weight: 4.83798e-05
eec: 1020.4
weight: 1.19489e-06
eec: 515.398
weight: 0.000209809
eec: 365.163
weight: 2.69037e-05
eec: 1230.51
weight: 2.33153e-06
eec: 302.304

ROOT exit code = 0
