gSystem->Load("run_condor_job_Run3_C.so");
run_condor_job_Run3(397, 100, 2,
                    80, 200,
                    1, 1, 1, 3);
.q

ENTERED run_condor_job_Run3()
JOBID = 397
  global job = 397  Job 97/100  events [5820000, 5880000)  total=6000000
Processing events [5820000, 5880000) of 6000000
weight: 0.000283895
eec: 467.473
weight: 1.28907e-05
eec: 502.666
weight: 9.00183e-05
eec: 197.734
weight: 5.93412e-07
eec: 49.0759
weight: 5.97667e-06
eec: 1820.96
weight: 1.82516e-05
eec: 187.409
weight: 1.13408e-05
eec: 428.127
weight: 0.000236812
eec: 143.351
weight: 2.67507e-05
eec: 7.61462
weight: 1.49199e-05
eec: 1156.59
weight: 1.8244e-07
eec: 127.54
weight: 5.74593e-06
eec: 350.301
weight: 5.37194e-06
eec: 359.868
weight: 0.000915553
eec: 114.767
weight: 5.48697e-07
eec: 393.037
weight: 5.94513e-06
eec: 390.894
weight: 1.96369e-05
eec: 3093.44
weight: 0.0012808
eec: 108.057
weight: 0.000289304
eec: 491.375
weight: 7.00517e-06
eec: 412.05
weight: 3.82041e-05
eec: 380.058
weight: 6.86394e-06
eec: 22.75
weight: 6.74144e-05
eec: 1265.25
weight: 0.000163103
eec: 107.209
weight: 5.85848e-05
eec: 819.685
weight: 0.000664025
eec: 254.095
weight: 6.61577e-06
eec: 1672.09
weight: 1.54049e-05
eec: 2281.23
weight: 4.34826e-05
eec: 660.918
weight: 7.33468e-05
eec: 130.054
weight: 3.52012e-05
eec: 57.464
weight: 5.04545e-05
eec: 526.952
weight: 5.967e-06
eec: 1398
weight: 2.1239e-06
eec: 24.7383
weight: 6.70821e-06
eec: 2201.56
weight: 1.14854e-05
eec: 524.719
weight: 5.35631e-06
eec: 862.607
weight: 4.65994e-06
eec: 1687.97
weight: 3.56519e-05
eec: 169.449
weight: 2.73635e-05
eec: 906.657
weight: 0.00240522
eec: 81.3116
weight: 0.000206148
eec: 660.018
weight: 3.36703e-05
eec: 1009.24
weight: 9.77228e-05
eec: 175.024
weight: 0.00333669
eec: 303.616
weight: 1.90577e-05
eec: 559.571
weight: 0.000226323
eec: 182.064
weight: 4.71289e-05
eec: 209.497
weight: 1.97559e-05
eec: 759.369
weight: 5.11566e-06
eec: 23.7661
weight: 5.51997e-07
eec: 829.72
weight: 4.61516e-05
eec: 1854.93
weight: 0.000228267
eec: 1186.47
weight: 1.16849e-05
eec: 403.548
weight: 4.32585e-05
eec: 309.96
weight: 0.000215649
eec: 300.483
weight: 2.45422e-05
eec: 1111.42
weight: 6.72221e-05
eec: 1779.36
weight: 1.5e-05
eec: 773.172
weight: 2.69218e-06
eec: 812.913
weight: 1.14015e-05
eec: 477.218
weight: 1.44682e-06
eec: 446.352
weight: 9.10734e-05
eec: 231.487
weight: 0.000127635
eec: 87.1074
weight: 9.14878e-05
eec: 1129.86
weight: 1.20131e-05
eec: 432.24
weight: 0.000186904
eec: 121.629
weight: 0.000331475
eec: 756.933
weight: 2.04824e-05
eec: 224.462
weight: 0.000161031
eec: 155.437
weight: 7.80615e-06
eec: 278.277
weight: 0.000893368
eec: 92.0029
weight: 1.42675e-05
eec: 124.764
weight: 8.34777e-06
eec: 126.474
weight: 7.70682e-06
eec: 1320.15
weight: 2.41293e-07
eec: 1126.86
weight: 0.000255697
eec: 895.387
weight: 6.10872e-06
eec: 3892.57
weight: 0.000225697
eec: 426.789
weight: 1.27148e-06
eec: 201.528
weight: 0.00015388
eec: 477.309
weight: 1.04925e-05
eec: 624.641
weight: 1.55758e-05
eec: 79.0307
weight: 5.94597e-05
eec: 105.626
weight: 1.83976e-05
eec: 809.028
weight: 2.96781e-06
eec: 1683.17
weight: 0.000376903
eec: 624.765
weight: 2.59451e-05
eec: 1680.19
weight: 0.000117889
eec: 136.155
weight: 1.57987e-05
eec: 210.591
weight: 2.42659e-06
eec: 112.957
weight: 0.000375406
eec: 411.291
weight: 2.33121e-05
eec: 1828.39
weight: 6.69085e-07
eec: 501.25
weight: 0.000305397
eec: 41.5181
weight: 4.85638e-05
eec: 134.895
weight: 1.58255e-05
eec: 1188.89
weight: 3.73531e-07
eec: 1259.29
weight: 0.000474258
eec: 61.8038
weight: 0.000185476
eec: 60.6161
weight: 1.45378e-05
eec: 251.499
weight: 3.74913e-06
eec: 598.551
weight: 6.46505e-05
eec: 1670.65
weight: 7.72821e-08
eec: 33.3981
weight: 9.82777e-06
eec: 1449.34
weight: 4.51119e-07
eec: 36.4791
weight: 1.35329e-06
eec: 66.8016
weight: 5.14441e-05
eec: 809.639
weight: 4.09498e-06
eec: 1031.6
weight: 5.91813e-06
eec: 447.378
weight: 3.20359e-05
eec: 492.041
Processing: 97.5 %weight: 2.34114e-05
eec: 350.733
weight: 4.26297e-05
eec: 76.0343
weight: 3.5494e-07
eec: 1332.38
weight: 7.02761e-05
eec: 280.283
weight: 0.000648672
eec: 79.3678
weight: 3.10158e-05
eec: 432.298
weight: 0.000189533
eec: 415.939
weight: 1.22704e-07
eec: 1318.23
weight: 0.00161846
eec: 481.339
weight: 5.44897e-06
eec: 960.651
weight: 1.28371e-05
eec: 292.882
weight: 1.07911e-06
eec: 2743.22
weight: 2.67954e-05
eec: 1686.2
weight: 1.15192e-05
eec: 2863.7
weight: 6.71364e-06
eec: 171.833
weight: 3.96159e-05
eec: 21.0631
weight: 0.000307363
eec: 385.085
weight: 8.82402e-06
eec: 1062.64
weight: 9.40281e-06
eec: 231.749
weight: 3.2707e-05
eec: 378.517
weight: 3.12354e-06
eec: 561.479
weight: 0.000217622
eec: 209.159
weight: 1.55293e-05
eec: 606.305
weight: 1.79176e-05
eec: 833.983
weight: 3.5026e-05
eec: 969.637
weight: 0.000143561
eec: 868.462
weight: 2.72898e-05
eec: 121.133
weight: 2.35185e-05
eec: 1531.41
weight: 0.000772672
eec: 317.265
weight: 6.71078e-07
eec: 1723.99
weight: 6.71078e-07
eec: 378.663
weight: 2.35309e-05
eec: 518.714
weight: 7.45867e-05
eec: 70.7553
weight: 4.15431e-05
eec: 1470.51
weight: 8.02673e-06
eec: 61.0281
weight: 7.08382e-06
eec: 339.81
weight: 2.35174e-06
eec: 127.475
weight: 5.88792e-07
eec: 1922.87
weight: 2.12704e-05
eec: 138.889
weight: 4.67676e-07
eec: 90.7246
weight: 0.000175629
eec: 2141.82
weight: 0.000305485
eec: 192.743
weight: 1.38597e-05
eec: 378.602
weight: 0.000108382
eec: 497.737
weight: 0.000212136
eec: 406.896
weight: 1.03257e-05
eec: 262.214
weight: 7.51357e-05
eec: 1094.28
weight: 3.88764e-06
eec: 247.577
weight: 1.67999e-05
eec: 50.9024
weight: 6.94591e-06
eec: 946.079
weight: 0.000101667
eec: 300.212
weight: 0.000140225
eec: 50.815
weight: 0.000136252
eec: 525.471
weight: 0.000190612
eec: 750.336
weight: 1.24476e-05
eec: 39.9602
weight: 0.000114589
eec: 48.3633
weight: 1.77553e-05
eec: 178.148
weight: 1.08981e-05
eec: 62.0307
weight: 1.0163e-05
eec: 209.403
weight: 0.000454576
eec: 213.073
weight: 0.000128832
eec: 472.871
weight: 0.000650534
eec: 322.007
weight: 4.63805e-06
eec: 1038.01
weight: 1.31681e-05
eec: 390.387
weight: 3.22929e-05
eec: 588.64
weight: 2.03794e-05
eec: 18.3505
weight: 0.000125443
eec: 294.866
weight: 1.73087e-05
eec: 1401.82
weight: 4.88477e-05
eec: 1005.1
weight: 1.11133e-05
eec: 1682.65
weight: 1.19439e-05
eec: 79.9135
weight: 7.00986e-06
eec: 77.2472
weight: 8.43567e-05
eec: 110.06
weight: 0.000277484
eec: 815.696
weight: 4.50757e-05
eec: 28.1288
weight: 2.69317e-06
eec: 179.731
weight: 0.000644418
eec: 299.228
weight: 5.92466e-06
eec: 557.261
weight: 4.45595e-05
eec: 203.433
weight: 1.33358e-05
eec: 63.9274
weight: 0.000261956
eec: 287.804
weight: 0.000109677
eec: 55.4619
weight: 5.03846e-05
eec: 828.172
weight: 0.000105062
eec: 613.811
weight: 2.30542e-05
eec: 143.305
weight: 0.0003509
eec: 476.756
weight: 2.83407e-06
eec: 106.665
weight: 7.58543e-05
eec: 730.636
weight: 1.98245e-06
eec: 125.485
weight: 2.46851e-07
eec: 564.999
weight: 0.0106321
eec: 37.1747
weight: 7.07385e-05
eec: 526.288
weight: 7.66864e-06
eec: 2154.22
weight: 0.000295826
eec: 961.54
weight: 0.000617595
eec: 178.007
weight: 6.90966e-05
eec: 453.7
weight: 1.48126e-05
eec: 702.643
weight: 1.8919e-05
eec: 71.4573
weight: 2.15571e-07
eec: 216.208
weight: 7.93313e-05
eec: 119.074
weight: 1.38955e-06
eec: 133.982
weight: 4.21003e-06
eec: 1299.38
weight: 2.82278e-05
eec: 1898.06
weight: 4.95063e-06
eec: 37.5248
weight: 3.27026e-05
eec: 105.614
weight: 0.00016569
eec: 46.8157
weight: 0.000362215
eec: 420.129
weight: 5.61595e-05
eec: 1757.71
weight: 5.2356e-05
eec: 62.507
weight: 1.56918e-07
eec: 2791.52

ROOT exit code = 0
