gSystem->Load("run_condor_job_Run3_C.so");
run_condor_job_Run3(450, 100, 2,
                    80, 200,
                    1, 1, 1, 4);
.q

ENTERED run_condor_job_Run3()
JOBID = 450
  global job = 450  Job 50/100  events [2949000, 3007980)  total=5898000
Processing events [2949000, 3007980) of 5898000
weight: 6.29469e-07
eec: 1717.16
weight: 0.000112849
eec: 143.42
Processing: 50.017 %weight: 5.28029e-05
eec: 84.9521
weight: 0.000178798
eec: 247.249
weight: 0.000243056
eec: 403.748
weight: 0.000127647
eec: 427.355
weight: 0.000165363
eec: 255.939
weight: 4.11488e-06
eec: 794.384
weight: 0.000115497
eec: 1012.58
weight: 2.82801e-08
eec: 360.86
weight: 1.88639e-07
eec: 423.456
weight: 1.89243e-05
eec: 58.6423
weight: 1.16039e-05
eec: 1297.92
weight: 3.97282e-06
eec: 1720.19
weight: 1.41482e-05
eec: 135.989
weight: 3.91701e-07
eec: 388.568
weight: 4.49025e-05
eec: 1513.3
weight: 0.000280247
eec: 730.844
weight: 1.69456e-07
eec: 135.563
weight: 0.000119503
eec: 155.88
weight: 5.31632e-07
eec: 782.661
weight: 9.78774e-07
eec: 743.105
weight: 3.45318e-05
eec: 141.539
weight: 0.000288673
eec: 64.5974
weight: 0.000133049
eec: 189.313
weight: 1.32767e-05
eec: 2089.04
weight: 0.00015125
eec: 549.331
weight: 3.58323e-05
eec: 57.1429
weight: 0.000191531
eec: 184.236
weight: 0.000156091
eec: 629.226
weight: 0.00023966
eec: 521.553
weight: 2.81834e-05
eec: 955.904
weight: 4.74973e-06
eec: 1566.69
weight: 5.06974e-06
eec: 2094.74
weight: 4.84048e-06
eec: 683.69
weight: 6.72921e-07
eec: 120.279
weight: 0.000184679
eec: 142.863
weight: 0.000117791
eec: 810.405
weight: 5.27124e-05
eec: 86.3931
weight: 0.000428035
eec: 6.86214
weight: 2.70189e-05
eec: 1837.02
weight: 0.000164213
eec: 92.0813
weight: 0.000494783
eec: 67.4308
weight: 1.33614e-06
eec: 229.638
weight: 1.96789e-05
eec: 947.999
weight: 4.51871e-05
eec: 180.667
weight: 9.38008e-06
eec: 380.962
weight: 0.000135633
eec: 56.0274
weight: 5.53723e-07
eec: 652.157
weight: 2.2498e-06
eec: 443.523
weight: 4.07959e-05
eec: 602.256
weight: 3.26692e-07
eec: 1603.07
weight: 3.26692e-07
eec: 972.922
weight: 5.2588e-07
eec: 1312.19
weight: 1.10954e-05
eec: 146.772
weight: 1.04774e-05
eec: 10.1062
weight: 0.000107416
eec: 368.942
weight: 0.00051803
eec: 533.714
weight: 6.26372e-06
eec: 1672.41
weight: 6.86358e-06
eec: 139.478
weight: 9.59968e-06
eec: 461.49
weight: 5.19442e-07
eec: 341.098
weight: 2.48183e-05
eec: 461.599
weight: 2.86364e-05
eec: 109.604
weight: 3.10388e-08
eec: 1873.93
weight: 1.27562e-05
eec: 65.7805
weight: 6.81327e-06
eec: 2384.31
weight: 3.05645e-07
eec: 503.043
weight: 6.20207e-05
eec: 236.016
weight: 9.40196e-06
eec: 414.985
weight: 5.49296e-06
eec: 1295.98
weight: 0.000521165
eec: 631.533
weight: 0.000706746
eec: 825.272
weight: 1.13508e-05
eec: 204.031
weight: 0.000295754
eec: 95.8976
weight: 5.69635e-05
eec: 469.685
weight: 9.68463e-05
eec: 287.478
weight: 1.30646e-05
eec: 899.897
weight: 0.000220705
eec: 516.274
weight: 0.000159871
eec: 43.4827
weight: 5.98153e-05
eec: 894.23
weight: 1.75023e-06
eec: 1115.41
weight: 7.27432e-08
eec: 1671.88
weight: 3.67855e-05
eec: 480.394
weight: 5.46616e-05
eec: 61.3096
weight: 0.000157163
eec: 1189.52
weight: 0.000140768
eec: 247.361
weight: 3.4743e-05
eec: 1038.07
weight: 1.60669e-05
eec: 1389.58
weight: 6.0476e-05
eec: 170.496
weight: 1.07374e-07
eec: 159.58
weight: 2.77389e-06
eec: 105.822
weight: 7.69024e-06
eec: 268.655
weight: 1.37309e-05
eec: 129.845
weight: 3.92953e-05
eec: 77.1275
weight: 2.80947e-05
eec: 234.352
weight: 2.26084e-05
eec: 1219.73
weight: 2.0391e-05
eec: 80.304
weight: 3.59063e-06
eec: 1055.64
weight: 5.31452e-06
eec: 624.375
weight: 5.95807e-05
eec: 1093.62
weight: 2.50116e-06
eec: 93.589
weight: 0.00026476
eec: 49.4861
weight: 1.05699e-06
eec: 133.683
weight: 0.000140776
eec: 615.649
weight: 2.52762e-06
eec: 1000.75
weight: 2.00873e-05
eec: 745.969
weight: 1.07149e-05
eec: 8.43091
weight: 9.75681e-05
eec: 32.1967
weight: 9.20909e-05
eec: 124.333
weight: 1.82069e-05
eec: 2271.09
weight: 9.19548e-05
eec: 305.897
weight: 0.000345055
eec: 460.537
weight: 1.52068e-05
eec: 370.262
weight: 7.37165e-06
eec: 994.632
weight: 8.0718e-06
eec: 903.138
weight: 2.39284e-06
eec: 3469.73
weight: 1.75416e-05
eec: 91.1061
weight: 0.000341566
eec: 85.9655
weight: 8.33501e-06
eec: 116.543
weight: 2.41429e-05
eec: 2136.77
weight: 0.000101307
eec: 979.176
weight: 1.6355e-05
eec: 613.335
weight: 2.12401e-07
eec: 503.845
weight: 9.04013e-06
eec: 526.038
weight: 2.54647e-05
eec: 163.583
weight: 2.40371e-05
eec: 1267.27
weight: 0.000144341
eec: 548.104
weight: 5.47846e-07
eec: 116.405
weight: 3.96709e-06
eec: 593.913
weight: 2.92962e-05
eec: 108.957
weight: 0.000237834
eec: 822.757
weight: 1.56514e-05
eec: 211.92
weight: 1.33348e-06
eec: 332.35
weight: 8.4257e-06
eec: 1475.92
weight: 8.85314e-05
eec: 808.742
weight: 3.72499e-06
eec: 560.848
weight: 4.80354e-05
eec: 884.544
weight: 1.93e-05
eec: 1341.45
weight: 0.00027741
eec: 104.279
weight: 5.01136e-05
eec: 506.688
weight: 0.000579993
eec: 522.099
weight: 1.00649e-05
eec: 36.072
weight: 3.54357e-07
eec: 312.569
weight: 6.92233e-05
eec: 555.177
weight: 0.000127322
eec: 598.967
weight: 7.00598e-06
eec: 50.5625
weight: 6.84254e-06
eec: 46.4471
weight: 1.06945e-05
eec: 898.318
weight: 8.12625e-07
eec: 238.294
weight: 0.000268727
eec: 15.3256
weight: 9.16157e-05
eec: 80.0245
weight: 1.44699e-06
eec: 1883.92
weight: 6.10502e-05
eec: 422.847
weight: 6.37621e-06
eec: 1412.21
weight: 0.000386427
eec: 900.504
weight: 4.19433e-06
eec: 516.753
weight: 7.48683e-06
eec: 1245.01
weight: 2.16386e-05
eec: 688.678
weight: 0.000170788
eec: 394.81
weight: 5.6412e-06
eec: 1745.29
weight: 2.66431e-05
eec: 243.696
weight: 9.61445e-05
eec: 204.978
weight: 5.46792e-05
eec: 518.352
weight: 3.10071e-05
eec: 245.719
weight: 1.33418e-06
eec: 1909.2
weight: 4.14438e-06
eec: 831.464
weight: 0.000183734
eec: 485.873
weight: 2.66265e-05
eec: 101.73
weight: 4.03015e-06
eec: 179.049
weight: 0.000202342
eec: 610.657
weight: 8.85068e-06
eec: 295.884
weight: 1.58127e-05
eec: 616.688
weight: 2.92377e-06
eec: 549.352
weight: 0.000107857
eec: 246.436
weight: 5.20066e-05
eec: 301.584
weight: 2.81833e-05
eec: 1203.69
weight: 1.47409e-05
eec: 203.564
weight: 1.09255e-06
eec: 42.0565
weight: 0.00047408
eec: 78.1237
weight: 4.84414e-05
eec: 997.583
weight: 1.59822e-05
eec: 240.47
weight: 2.67737e-06
eec: 542.061
weight: 2.80411e-06
eec: 506.918
weight: 0.000203971
eec: 213.602
weight: 0.000185792
eec: 303.266
weight: 6.76388e-05
eec: 754.991
weight: 1.37336e-05
eec: 498.719
weight: 6.14082e-06
eec: 79.2695
weight: 2.69439e-05
eec: 125.779
weight: 1.26248e-05
eec: 77.9729
weight: 4.87519e-05
eec: 1152.28
weight: 4.94563e-06
eec: 593.418
weight: 2.31111e-05
eec: 505.056
weight: 3.93193e-05
eec: 819.834
weight: 2.30356e-05
eec: 847.234
weight: 1.60937e-05
eec: 767.361
weight: 5.4488e-06
eec: 460.968
Processing: 50.8647 %weight: 2.66906e-05
eec: 389.074
weight: 5.05891e-07
eec: 320.004
weight: 3.74672e-05
eec: 109.854
weight: 8.6723e-05
eec: 713.038
weight: 2.40636e-05
eec: 7.60226
weight: 3.02193e-06
eec: 958.467
weight: 5.61221e-05
eec: 748.094
weight: 7.12267e-06
eec: 102.771
weight: 3.85649e-05
eec: 394.896
weight: 2.68361e-05
eec: 777.158
weight: 8.39615e-06
eec: 1871.56
weight: 1.81204e-06
eec: 328.39
weight: 0.000422056
eec: 200.723
weight: 4.28676e-05
eec: 176.722
weight: 3.56363e-05
eec: 523.808
weight: 4.45374e-06
eec: 1362.9
weight: 3.72165e-05
eec: 490.919
weight: 4.86525e-05
eec: 136.243
weight: 0.000180743
eec: 206.014
weight: 2.34417e-05
eec: 199.511
weight: 1.62277e-05
eec: 134.847
weight: 1.77211e-05
eec: 1441.97
weight: 4.20122e-06
eec: 933.171
weight: 1.15548e-06
eec: 1150
weight: 1.10294e-05
eec: 1510.1
weight: 0.000113248
eec: 653.132
weight: 9.84423e-06
eec: 425.5
weight: 1.23123e-05
eec: 456.725
weight: 0.00106084
eec: 56.1032
weight: 1.09609e-05
eec: 486.607
weight: 3.00304e-06
eec: 240.949
weight: 3.61765e-05
eec: 1494.31
weight: 1.20499e-06
eec: 429.206
weight: 7.97556e-06
eec: 1507.66
weight: 1.32441e-06
eec: 794.37
weight: 1.50409e-06
eec: 247.824
weight: 4.91683e-06
eec: 1368.54
weight: 4.76364e-05
eec: 454.556

ROOT exit code = 0
