gSystem->Load("run_condor_job_Run3_C.so");
run_condor_job_Run3(575, 100, 2,
                    80, 200,
                    1, 1, 1, 5);
.q

ENTERED run_condor_job_Run3()
JOBID = 575
  global job = 575  Job 75/100  events [4500000, 4560000)  total=6000000
Processing events [4500000, 4560000) of 6000000
Processing: 75 %weight: 1.42837e-06
eec: 808.581
weight: 7.23036e-05
eec: 140.661
weight: 3.1842e-05
eec: 56.8313
weight: 2.46444e-06
eec: 369.405
weight: 7.69543e-06
eec: 134.615
weight: 9.22587e-06
eec: 17.6495
weight: 7.09083e-05
eec: 23.7992
weight: 0.000189258
eec: 589.237
weight: 1.45658e-05
eec: 879.437
weight: 3.81223e-06
eec: 509.09
weight: 0.00387244
eec: 94.3072
weight: 0.000169068
eec: 734.582
weight: 6.28906e-05
eec: 1122.15
weight: 3.69023e-06
eec: 365.008
weight: 3.75115e-05
eec: 400.156
weight: 0.000243652
eec: 121.261
weight: 2.82737e-05
eec: 97.2238
weight: 5.86085e-06
eec: 50.3743
weight: 5.30506e-06
eec: 398.667
weight: 0.000122829
eec: 95.1987
weight: 2.21953e-05
eec: 646.443
weight: 8.36259e-05
eec: 544.707
weight: 2.15305e-05
eec: 640.219
weight: 1.0627e-05
eec: 1053.2
weight: 1.63067e-05
eec: 395.97
weight: 4.75583e-05
eec: 299.894
weight: 4.20449e-06
eec: 104.774
weight: 4.32972e-06
eec: 504.684
weight: 1.21388e-05
eec: 297.16
weight: 2.50449e-08
eec: 260.128
weight: 0.000141347
eec: 346.657
weight: 2.39369e-06
eec: 801.035
weight: 1.07648e-06
eec: 2884.1
weight: 1.13606e-05
eec: 2158.26
weight: 8.97995e-05
eec: 374.704
weight: 0.000197397
eec: 333.168
weight: 9.23311e-06
eec: 274.707
weight: 1.12047e-05
eec: 517.05
weight: 5.14108e-05
eec: 156.258
weight: 1.77471e-06
eec: 3034.79
weight: 1.41711e-05
eec: 167.278
weight: 8.01593e-05
eec: 947.48
weight: 1.46372e-05
eec: 213.682
weight: 3.42075e-05
eec: 11.4128
weight: 6.33582e-06
eec: 311.564
weight: 2.80265e-05
eec: 499.13
weight: 2.63746e-06
eec: 126.438
weight: 9.33655e-06
eec: 2131.21
weight: 5.75091e-07
eec: 490.475
weight: 2.12602e-05
eec: 228.735
weight: 1.54403e-06
eec: 1825.54
weight: 0.000205342
eec: 564.075
weight: 4.60361e-05
eec: 691.863
weight: 1.17978e-05
eec: 760.7
weight: 4.57243e-05
eec: 460.103
weight: 9.18982e-06
eec: 1937.37
weight: 3.13737e-05
eec: 1963.67
weight: 1.08266e-06
eec: 682.507
weight: 0.00025129
eec: 119.655
weight: 8.46953e-05
eec: 850.194
weight: 8.66822e-06
eec: 269.055
weight: 1.94744e-05
eec: 89.636
weight: 7.6118e-06
eec: 253.915
weight: 6.39564e-07
eec: 808.191
weight: 1.80815e-05
eec: 1213.54
weight: 0.000100467
eec: 1331.22
weight: 3.795e-05
eec: 136.02
weight: 5.28915e-06
eec: 742.957
weight: 3.01692e-05
eec: 119.958
weight: 0.000114322
eec: 373.178
weight: 1.32283e-05
eec: 563.714
weight: 3.11564e-06
eec: 51.8189
weight: 0.000200742
eec: 1217.09
weight: 8.89774e-05
eec: 114.524
weight: 0.000100471
eec: 478.55
weight: 1.58992e-05
eec: 385.764
weight: 0.000145771
eec: 218.774
weight: 0.000287024
eec: 270.284
weight: 3.27566e-06
eec: 190.496
weight: 0.0001464
eec: 81.9897
weight: 1.35929e-06
eec: 1204.67
weight: 5.4612e-05
eec: 1295.14
weight: 0.000390266
eec: 283.13
weight: 1.4852e-05
eec: 54.7597
weight: 0.000114392
eec: 502.848
weight: 1.2639e-05
eec: 300.038
weight: 1.52181e-05
eec: 158.961
weight: 9.16002e-05
eec: 1188.68
weight: 1.24843e-06
eec: 330.152
weight: 5.62148e-06
eec: 639.336
weight: 6.85077e-06
eec: 185.004
weight: 0.000140516
eec: 296.22
weight: 2.58978e-06
eec: 206.598
weight: 2.36325e-05
eec: 119.092
weight: 1.25246e-07
eec: 322.331
weight: 1.84174e-05
eec: 217.369
weight: 0.000126615
eec: 720.873
weight: 1.39185e-06
eec: 958.562
weight: 0.000209754
eec: 109.102
weight: 3.3142e-05
eec: 834.574
weight: 0.000108063
eec: 313.08
weight: 1.29553e-05
eec: 40.5013
weight: 1.29553e-05
eec: 1274.96
weight: 9.76605e-06
eec: 911.777
weight: 1.42595e-05
eec: 812.097
weight: 1.11704e-06
eec: 560.228
weight: 1.43232e-05
eec: 6.99572
weight: 0.000425068
eec: 279.47
weight: 0.000115089
eec: 323.279
weight: 1.79183e-06
eec: 71.0478
weight: 3.72485e-05
eec: 488.625
weight: 0.000224193
eec: 1133.87
weight: 2.34922e-05
eec: 1522.53
weight: 0.000186417
eec: 404.953
weight: 9.09417e-05
eec: 1047.02
weight: 0.000279459
eec: 549.825
weight: 9.46509e-06
eec: 3731.66
weight: 1.22619e-05
eec: 70.2745
weight: 9.11774e-05
eec: 989.613
weight: 1.01735e-07
eec: 1097.88
weight: 0.000341755
eec: 111.647
weight: 0.000183456
eec: 392.162
weight: 2.62073e-05
eec: 187.833
weight: 0.000146801
eec: 487.58
weight: 3.41685e-05
eec: 94.3787
weight: 1.23325e-05
eec: 26.6321
weight: 2.03872e-07
eec: 1753.26
weight: 1.27943e-07
eec: 144.794
weight: 2.99253e-05
eec: 73.9492
weight: 2.02993e-05
eec: 36.7699
weight: 1.77348e-06
eec: 1938.75
weight: 1.43695e-05
eec: 579.708
weight: 1.53526e-05
eec: 78.8428
weight: 4.20801e-06
eec: 850.336
weight: 7.58751e-05
eec: 238.84
weight: 4.5382e-05
eec: 1028.13
weight: 3.32392e-05
eec: 1266.9
weight: 6.83087e-06
eec: 196.534
weight: 1.41462e-05
eec: 2519.71
weight: 1.88597e-05
eec: 106.496
weight: 3.66006e-06
eec: 1056.42
weight: 4.16249e-05
eec: 59.5572
weight: 1.54461e-05
eec: 561.167
weight: 0.000768971
eec: 563.065
weight: 1.31023e-05
eec: 57.1991
weight: 1.12643e-05
eec: 985.371
weight: 6.96234e-05
eec: 348.921
weight: 0.00101462
eec: 470.265
weight: 0.000146204
eec: 1108.14
weight: 0.000146204
eec: 334.375
weight: 5.25476e-05
eec: 1407.69
weight: 3.18381e-06
eec: 1200.57
weight: 4.33617e-05
eec: 273.233
weight: 8.21198e-06
eec: 64.1768
weight: 1.90795e-05
eec: 2071.2
weight: 5.93783e-05
eec: 77.7507
weight: 8.80404e-05
eec: 721.558
weight: 0.000162135
eec: 202.674
weight: 3.21789e-05
eec: 764.404
weight: 2.22512e-05
eec: 451.3
weight: 1.25284e-05
eec: 173.667
weight: 5.51113e-05
eec: 13.7302
weight: 1.41475e-05
eec: 460.005
weight: 0.000108887
eec: 182.834
weight: 1.90769e-05
eec: 56.8364
weight: 6.49032e-05
eec: 77.496
weight: 6.49032e-05
eec: 327.912
weight: 1.18883e-05
eec: 3524.81
weight: 7.98017e-05
eec: 878.654
weight: 1.93988e-06
eec: 110.543
weight: 1.70867e-05
eec: 118.899
weight: 8.68435e-06
eec: 1648.77
weight: 4.54684e-05
eec: 563.675
weight: 0.000138734
eec: 733.738
weight: 4.42973e-07
eec: 195.473
weight: 4.77461e-05
eec: 1174.74
weight: 9.07286e-06
eec: 581.623
weight: 3.82077e-05
eec: 1544.09
weight: 6.0452e-05
eec: 36.4233
weight: 6.35528e-05
eec: 740.925
weight: 8.35521e-05
eec: 164.306
weight: 1.78264e-05
eec: 110.773
weight: 2.97245e-05
eec: 99.952
weight: 1.11252e-05
eec: 246.5
weight: 9.83574e-07
eec: 637.345
weight: 4.30608e-06
eec: 2168.16
weight: 4.82325e-06
eec: 1559.25
weight: 2.11315e-05
eec: 439.827
weight: 2.10473e-05
eec: 536.125
weight: 0.000185993
eec: 422.861
weight: 2.24493e-06
eec: 456.756
weight: 1.2315e-05
eec: 159.224
weight: 4.63579e-05
eec: 418.859
weight: 2.06802e-05
eec: 457.951
weight: 0.00028985
eec: 1029.77
weight: 1.23088e-05
eec: 10.6375
weight: 6.54112e-06
eec: 284.591
weight: 7.17688e-07
eec: 218.13
weight: 2.65459e-07
eec: 322.606
weight: 1.65471e-05
eec: 1613.35
Processing: 75.8333 %weight: 3.91459e-05
eec: 641.604
weight: 7.92416e-05
eec: 312.169
weight: 4.11443e-06
eec: 652.612
weight: 0.000387969
eec: 81.9644
weight: 9.61958e-06
eec: 1283.64
weight: 6.94601e-05
eec: 43.1407
weight: 3.56164e-05
eec: 708.9
weight: 2.09702e-06
eec: 1427.94
weight: 1.09861e-05
eec: 357.111
weight: 0.000503121
eec: 127.49
weight: 0.000159849
eec: 432.885
weight: 0.00012016
eec: 1129.41
weight: 6.10744e-06
eec: 999.36
weight: 1.75605e-05
eec: 77.8243
weight: 6.67285e-06
eec: 1331.84
weight: 4.93442e-06
eec: 657.923
weight: 7.13283e-05
eec: 909.045
weight: 4.27897e-05
eec: 1914.1
weight: 4.50973e-05
eec: 803.203
weight: 6.37174e-06
eec: 3368.74
weight: 2.30669e-05
eec: 23.7237
weight: 4.38848e-05
eec: 137.233
weight: 0.00014263
eec: 180.565
weight: 0.00072775
eec: 754.518
weight: 0.000323102
eec: 37.7819
weight: 1.05402e-05
eec: 1431.9
weight: 2.56785e-05
eec: 694.249
weight: 3.37549e-06
eec: 204.296
weight: 8.31421e-07
eec: 1154.07
weight: 0.000309603
eec: 389.841
weight: 8.61107e-05
eec: 349.121
weight: 3.23506e-05
eec: 66.7422

ROOT exit code = 0
