gSystem->Load("run_condor_job_Run3_C.so");
run_condor_job_Run3(548, 100, 2,
                    80, 200,
                    1, 1, 1, 5);
.q

ENTERED run_condor_job_Run3()
JOBID = 548
  global job = 548  Job 48/100  events [2880000, 2940000)  total=6000000
Processing events [2880000, 2940000) of 6000000
weight: 8.39458e-05
eec: 517.113
weight: 3.80929e-05
eec: 127.594
weight: 1.39583e-05
eec: 51.5354
weight: 7.54795e-05
eec: 897.008
weight: 3.43375e-05
eec: 709.952
weight: 2.53941e-05
eec: 601.235
weight: 1.54691e-06
eec: 729.513
weight: 3.42357e-05
eec: 1366.29
weight: 7.29897e-05
eec: 677.465
weight: 2.31302e-06
eec: 331.545
weight: 0.000164082
eec: 30.5316
weight: 7.24908e-05
eec: 583.42
weight: 1.27152e-05
eec: 1694.21
weight: 0.000243146
eec: 1415.03
weight: 0.00017476
eec: 141.976
weight: 8.19862e-05
eec: 1527.8
weight: 6.08229e-05
eec: 61.7617
weight: 7.90637e-05
eec: 102.677
weight: 0.000111956
eec: 791.606
weight: 1.82509e-05
eec: 1017.96
weight: 2.04692e-05
eec: 2025.98
weight: 1.02705e-06
eec: 538.645
weight: 3.47427e-05
eec: 1579.44
weight: 4.17688e-06
eec: 1155.75
weight: 0.000251763
eec: 834.065
weight: 4.18838e-05
eec: 62.3316
weight: 6.0209e-05
eec: 1282.01
weight: 0.000174775
eec: 996.458
weight: 0.000432383
eec: 1182.26
weight: 2.07849e-05
eec: 2283.17
weight: 1.14295e-05
eec: 100.985
weight: 2.03152e-05
eec: 1951.17
weight: 7.97497e-06
eec: 1208.18
weight: 0.000192179
eec: 421.187
weight: 2.44594e-05
eec: 321.292
weight: 1.69187e-05
eec: 305.652
weight: 5.36169e-05
eec: 785.658
weight: 8.60065e-08
eec: 2287.85
weight: 5.7758e-05
eec: 820.452
weight: 0.000326373
eec: 425.376
weight: 1.7528e-05
eec: 1311.05
weight: 1.64205e-05
eec: 270.516
weight: 1.16004e-05
eec: 230.951
weight: 7.92191e-05
eec: 1340.16
weight: 2.16551e-05
eec: 255.38
weight: 1.82031e-05
eec: 1526.82
weight: 4.54337e-06
eec: 248.615
weight: 4.01139e-05
eec: 187.53
weight: 0.000904052
eec: 323.692
weight: 0.000410726
eec: 52.671
weight: 1.69505e-05
eec: 192.361
weight: 3.2008e-05
eec: 175.512
weight: 0.000191487
eec: 127.826
weight: 5.43786e-06
eec: 1349.67
weight: 7.50953e-05
eec: 225.046
weight: 4.4188e-06
eec: 672.947
weight: 7.62292e-06
eec: 100.94
weight: 4.33794e-05
eec: 71.1824
weight: 1.1254e-05
eec: 515.441
weight: 2.86373e-05
eec: 48.8988
weight: 3.98682e-05
eec: 11.3831
weight: 4.48453e-07
eec: 477.328
weight: 2.02217e-05
eec: 60.1428
weight: 1.27118e-05
eec: 154.664
weight: 9.00263e-05
eec: 371.126
weight: 7.89855e-06
eec: 220.696
weight: 3.73935e-05
eec: 146.005
weight: 0.00501847
eec: 407.2
weight: 1.23583e-05
eec: 31.0591
weight: 0.000254641
eec: 242.229
weight: 2.34286e-06
eec: 912.323
weight: 1.06862e-05
eec: 766.06
weight: 0.000142527
eec: 383.459
weight: 7.17115e-07
eec: 214.352
weight: 5.01699e-06
eec: 70.4703
weight: 9.84213e-07
eec: 539.409
weight: 8.14879e-06
eec: 224.437
weight: 8.14879e-06
eec: 813.018
weight: 5.78285e-05
eec: 347.789
weight: 0.000148264
eec: 85.9568
weight: 1.35902e-05
eec: 565.587
weight: 0.000503267
eec: 438.852
weight: 0.000363474
eec: 336.03
weight: 4.98933e-07
eec: 16.2509
weight: 0.000236387
eec: 14.975
weight: 7.9682e-06
eec: 3118.07
weight: 8.11623e-06
eec: 795.602
weight: 8.96302e-05
eec: 773.065
weight: 7.34486e-06
eec: 31.187
weight: 4.07859e-05
eec: 194.44
Processing: 48.3333 %weight: 7.89499e-06
eec: 805.365
weight: 1.80291e-06
eec: 757.441
weight: 0.000222681
eec: 1192.56
weight: 1.48283e-06
eec: 1468.32
weight: 1.3893e-05
eec: 48.6811
weight: 2.11832e-05
eec: 483.179
weight: 0.000112839
eec: 591.104
weight: 0.000112839
eec: 661.558
weight: 6.88902e-06
eec: 187.329
weight: 4.41044e-05
eec: 438.105
weight: 0.000771902
eec: 24.1471
weight: 5.52691e-05
eec: 42.3333
weight: 1.14425e-05
eec: 368.704
weight: 6.36075e-05
eec: 1137.34
weight: 1.47024e-05
eec: 453.964
weight: 6.37968e-05
eec: 1098.95
weight: 2.54875e-05
eec: 17.6165
weight: 3.40574e-05
eec: 480.081
weight: 7.48306e-05
eec: 98.286
weight: 9.41294e-05
eec: 487.573
weight: 7.89668e-06
eec: 1392.1
weight: 0.000113146
eec: 113.253
weight: 1.84806e-06
eec: 789.418
weight: 3.63365e-06
eec: 391.36
weight: 4.7153e-06
eec: 551.22
weight: 5.01479e-07
eec: 1075.75
weight: 1.19806e-05
eec: 3.42653
weight: 3.84455e-05
eec: 804.025
weight: 3.98066e-06
eec: 1111.89
weight: 1.83106e-05
eec: 367.444
weight: 0.000525882
eec: 61.8417
weight: 1.72174e-05
eec: 442.051
weight: 0.000158717
eec: 555.437
weight: 2.25917e-05
eec: 293.851
weight: 4.04372e-08
eec: 618.089
weight: 8.29816e-06
eec: 161.049
weight: 3.99524e-05
eec: 580.305
weight: 0.000163103
eec: 843.514
weight: 1.88399e-05
eec: 890.601
weight: 7.07768e-05
eec: 140.131
weight: 4.25285e-06
eec: 755.88
weight: 3.05359e-05
eec: 462.017
weight: 0.000322299
eec: 54.8193
weight: 1.85552e-05
eec: 213.961
weight: 9.40672e-07
eec: 357.591
weight: 0.000536035
eec: 2591.31
weight: 0.000507852
eec: 711.501
weight: 5.87666e-06
eec: 5.08955
weight: 4.44655e-05
eec: 129.912
weight: 0.000322411
eec: 590.714
weight: 6.29582e-05
eec: 205.169
weight: 7.26707e-05
eec: 1122.02
weight: 2.16639e-05
eec: 909.469
weight: 1.04181e-05
eec: 18.532
weight: 3.61314e-05
eec: 537.936
weight: 6.50168e-06
eec: 239.766
weight: 1.49346e-05
eec: 875.977
weight: 0.000206484
eec: 259.091
weight: 7.65976e-05
eec: 490.33
weight: 9.37207e-06
eec: 1565.44
weight: 7.11168e-06
eec: 3774.76
weight: 2.63682e-06
eec: 149.476
weight: 0.000214994
eec: 498.495
weight: 2.5693e-05
eec: 233.424
weight: 1.19866e-05
eec: 109.038
weight: 0.000291134
eec: 476.186
weight: 1.93942e-05
eec: 263.489
weight: 1.93942e-05
eec: 983.027
weight: 9.2309e-07
eec: 14.1425
weight: 3.10485e-06
eec: 232.086
weight: 5.49344e-06
eec: 542.64
weight: 1.00908e-05
eec: 716.651
weight: 9.74376e-05
eec: 62.2508
weight: 7.22575e-05
eec: 325.945
weight: 3.27855e-07
eec: 610.885
weight: 6.16186e-06
eec: 1042.36
weight: 8.34407e-05
eec: 418.459
weight: 1.12304e-05
eec: 881.625
weight: 9.66282e-06
eec: 854.283
weight: 1.33356e-05
eec: 244.604
weight: 4.15846e-05
eec: 2183.74
weight: 2.97306e-07
eec: 647.057
weight: 8.81343e-05
eec: 83.7622
weight: 4.53271e-06
eec: 2440.53
weight: 3.34471e-05
eec: 2304.25
weight: 9.98931e-06
eec: 537.735
weight: 1.97144e-05
eec: 1371.15
weight: 1.32191e-05
eec: 399.505
weight: 3.7059e-06
eec: 2108.41
weight: 0.000484567
eec: 394.226
weight: 1.08878e-05
eec: 95.4878
weight: 1.9678e-05
eec: 273.106
weight: 3.17433e-06
eec: 1522.12
weight: 0.000561426
eec: 586.633
weight: 1.74324e-05
eec: 573.807
weight: 4.86706e-05
eec: 38.4
weight: 2.50911e-05
eec: 628.499
weight: 1.85975e-05
eec: 552.248
weight: 6.57006e-06
eec: 814.608
weight: 2.48779e-05
eec: 316.355
weight: 6.85431e-06
eec: 222.222
weight: 2.42155e-07
eec: 58.3844
weight: 0.000789848
eec: 161.631
weight: 1.56175e-05
eec: 3356.7
weight: 6.38502e-05
eec: 650.899
weight: 6.39204e-06
eec: 897.829
weight: 4.42948e-06
eec: 419.392
weight: 5.0343e-05
eec: 168.876
weight: 0.000408108
eec: 293.316
weight: 0.0001171
eec: 140.823
weight: 1.33239e-05
eec: 101.745
weight: 0.00121827
eec: 177.976
weight: 1.53559e-05
eec: 194.089
weight: 2.60285e-06
eec: 1396.46
weight: 1.86286e-06
eec: 532.787
weight: 6.66722e-05
eec: 132.399
weight: 9.24526e-06
eec: 1381.61
weight: 4.04629e-05
eec: 1184.57
weight: 1.31324e-05
eec: 1704.99
weight: 1.70881e-05
eec: 63.3299
weight: 2.46413e-06
eec: 233.417
weight: 1.71684e-05
eec: 2922.95
weight: 2.81878e-06
eec: 971.748
weight: 1.66018e-06
eec: 1911.08
weight: 2.90183e-06
eec: 128.493
weight: 7.90229e-06
eec: 19.7145
weight: 1.31377e-05
eec: 243.275
weight: 2.33668e-05
eec: 250.818
weight: 3.05916e-06
eec: 1908.5
weight: 0.000219308
eec: 159.754
weight: 0.000182823
eec: 419.733
weight: 1.39406e-05
eec: 4422.94
weight: 0.000355386
eec: 336.024
weight: 9.05062e-05
eec: 505.753
weight: 0.00023371
eec: 340.846
weight: 1.55807e-05
eec: 2417.84
weight: 1.87018e-05
eec: 282.18
weight: 1.32658e-05
eec: 40.4483
weight: 2.88849e-06
eec: 779.031
weight: 9.42788e-05
eec: 424.594
weight: 1.42959e-05
eec: 59.5102
weight: 1.53987e-05
eec: 1498.49
weight: 1.23092e-05
eec: 802.909
weight: 4.88727e-06
eec: 1042.98
weight: 4.88727e-06
eec: 23.6337
weight: 6.3358e-05
eec: 446.806
weight: 7.21075e-06
eec: 390.694
weight: 1.71636e-05
eec: 36.8964
weight: 7.37482e-05
eec: 536.844
weight: 5.29722e-06
eec: 294.843
weight: 5.86757e-06
eec: 2105.96
weight: 6.94925e-05
eec: 342.496
weight: 8.05937e-05
eec: 962.963
weight: 0.000457132
eec: 208.545
weight: 1.08963e-05
eec: 588.24
weight: 7.43297e-06
eec: 530.435
weight: 1.86161e-05
eec: 108.281
weight: 0.000105416
eec: 45.7958
weight: 1.87027e-05
eec: 344.577

ROOT exit code = 0
