gSystem->Load("run_condor_job_Run3_C.so");
run_condor_job_Run3(803, 100, 2,
                    80, 200,
                    1, 1, 1, 8);
.q

ENTERED run_condor_job_Run3()
JOBID = 803
  global job = 803  Job 3/100  events [180000, 240000)  total=6000000
Processing events [180000, 240000) of 6000000
weight: 0.000655504
eec: 95.8516
weight: 0.000496936
eec: 150.687
weight: 7.22057e-05
eec: 256.301
weight: 0.00011076
eec: 758.372
weight: 6.22648e-05
eec: 581.405
weight: 5.89451e-07
eec: 492.199
weight: 3.4745e-05
eec: 48.253
weight: 3.22956e-05
eec: 728.877
weight: 2.0801e-06
eec: 279.451
weight: 2.649e-05
eec: 167.913
weight: 3.02203e-05
eec: 2957.61
weight: 1.28413e-05
eec: 815.734
weight: 6.46601e-06
eec: 353.113
weight: 3.53474e-05
eec: 88.7
weight: 3.77458e-06
eec: 910.392
weight: 1.78903e-06
eec: 225.57
weight: 5.93268e-05
eec: 496.145
weight: 6.92928e-05
eec: 108.679
weight: 9.78866e-06
eec: 140.306
weight: 6.28413e-06
eec: 1080.32
weight: 0.000293271
eec: 240.214
weight: 4.20725e-05
eec: 35.5327
weight: 3.28982e-05
eec: 48.0336
weight: 2.93624e-05
eec: 385.483
weight: 3.57009e-06
eec: 328.136
weight: 0.000264313
eec: 306.798
weight: 8.29769e-06
eec: 342.514
weight: 4.38807e-08
eec: 91.2223
weight: 1.64923e-05
eec: 1456.41
weight: 0.000109633
eec: 521.154
weight: 2.30413e-05
eec: 478.136
weight: 1.68859e-06
eec: 767.59
weight: 0.00059352
eec: 369.503
weight: 0.000256169
eec: 59.676
weight: 3.2199e-05
eec: 510.673
weight: 4.7062e-07
eec: 754.547
weight: 5.91896e-05
eec: 133.343
weight: 8.32151e-06
eec: 357.756
weight: 1.1072e-05
eec: 56.3306
weight: 5.45905e-05
eec: 212.94
weight: 5.20884e-05
eec: 1032.39
weight: 1.9313e-05
eec: 671.874
weight: 7.49896e-06
eec: 807.885
weight: 3.26126e-06
eec: 65.5131
weight: 0.00018652
eec: 745.271
weight: 7.27037e-06
eec: 736.153
weight: 4.16699e-06
eec: 874.604
weight: 0.000100592
eec: 165.136
weight: 2.3056e-05
eec: 845.429
weight: 1.91528e-05
eec: 533.069
weight: 1.91528e-05
eec: 511.162
weight: 5.08796e-05
eec: 2098.58
weight: 1.34957e-05
eec: 1233.05
weight: 1.16592e-05
eec: 264.717
weight: 2.77283e-06
eec: 2414.41
weight: 9.03905e-05
eec: 625.084
weight: 0.000125808
eec: 334.402
weight: 2.38251e-05
eec: 1313.95
weight: 0.000569115
eec: 573.725
weight: 6.48701e-05
eec: 2602.31
weight: 3.67643e-06
eec: 1299.4
weight: 8.92388e-07
eec: 131.632
weight: 4.59356e-06
eec: 124.429
weight: 0.000724278
eec: 430.971
weight: 0.00105546
eec: 392.416
weight: 0.000210539
eec: 57.6253
weight: 1.18644e-05
eec: 1050.82
weight: 1.13143e-05
eec: 245.167
weight: 1.81787e-05
eec: 344.839
weight: 0.000572819
eec: 337.179
weight: 7.71367e-06
eec: 67.4253
weight: 7.25489e-05
eec: 427.035
weight: 0.000128961
eec: 43.6448
weight: 0.000124025
eec: 94.2967
weight: 0.000264696
eec: 189.828
weight: 4.05395e-06
eec: 1482.27
weight: 1.47125e-05
eec: 98.7928
weight: 0.000630414
eec: 267.408
weight: 0.000105075
eec: 824.523
weight: 4.26657e-05
eec: 673.666
weight: 3.19711e-06
eec: 33.2199
weight: 0.000828192
eec: 576.483
weight: 2.47673e-05
eec: 62.4685
weight: 8.38385e-06
eec: 1059.89
Processing: 3.33333 %weight: 5.6127e-05
eec: 598.252
weight: 2.72419e-05
eec: 315.72
weight: 5.85671e-05
eec: 630.849
weight: 0.00013399
eec: 862.014
weight: 7.44845e-05
eec: 373.129
weight: 0.000698935
eec: 294.982
weight: 6.39298e-05
eec: 456.835
weight: 7.76945e-07
eec: 569.12
weight: 3.80953e-07
eec: 404.246
weight: 0.00175662
eec: 290.963
weight: 1.57945e-05
eec: 276.76
weight: 9.84425e-06
eec: 1567
weight: 4.21292e-05
eec: 859.009
weight: 2.93459e-05
eec: 1068.93
weight: 6.13656e-05
eec: 62.3951
weight: 3.34304e-05
eec: 441.193
weight: 6.69978e-05
eec: 573.649
weight: 2.96294e-06
eec: 1025.12
weight: 3.17027e-05
eec: 339.599
weight: 2.91382e-05
eec: 176.466
weight: 4.90218e-06
eec: 1008.36
weight: 1.02469e-05
eec: 3897.8
weight: 2.50081e-06
eec: 61.6473
weight: 1.53288e-05
eec: 1168.96
weight: 8.89738e-06
eec: 1114.99
weight: 0.000238028
eec: 935.153
weight: 2.21045e-05
eec: 189.747
weight: 0.000217411
eec: 312.562
weight: 2.13417e-05
eec: 1457.74
weight: 3.51769e-05
eec: 58.3072
weight: 7.25962e-07
eec: 181.255
weight: 2.21535e-05
eec: 66.4778
weight: 0.000248655
eec: 115.596
weight: 2.22013e-05
eec: 56.1988
weight: 3.84925e-06
eec: 1743.73
weight: 0.00025236
eec: 282.003
weight: 5.02398e-05
eec: 342.073
weight: 5.61042e-05
eec: 527.246
weight: 1.58527e-05
eec: 1356.65
weight: 9.49932e-06
eec: 216.362
weight: 6.6618e-05
eec: 397.687
weight: 9.53892e-06
eec: 173.857
weight: 4.27115e-05
eec: 955.236
weight: 1.27727e-05
eec: 804.594
weight: 6.0055e-05
eec: 552.422
weight: 0.000259629
eec: 408.461
weight: 5.04172e-05
eec: 260.874
weight: 1.03766e-05
eec: 289.411
weight: 5.25585e-06
eec: 794.948
weight: 8.64835e-07
eec: 609.659
weight: 4.85782e-05
eec: 136.242
weight: 3.92938e-05
eec: 50.1303
weight: 0.000533283
eec: 811.713
weight: 9.9245e-05
eec: 577.241
weight: 7.34863e-07
eec: 791.423
weight: 1.6232e-05
eec: 896.231
weight: 5.61375e-07
eec: 2841.29
weight: 9.97007e-05
eec: 222.373
weight: 0.000519634
eec: 556.418
weight: 1.43881e-05
eec: 1948.5
weight: 3.93631e-05
eec: 352.605
weight: 1.22012e-05
eec: 289.763
weight: 9.09287e-06
eec: 459.399
weight: 6.85463e-05
eec: 97.1773
weight: 1.24002e-05
eec: 1855.21
weight: 6.72191e-05
eec: 795.028
weight: 1.13362e-05
eec: 117.784
weight: 0.000307539
eec: 22.7603
weight: 3.97993e-05
eec: 255.092
weight: 4.45374e-05
eec: 53.4324
weight: 3.47367e-05
eec: 703.242
weight: 8.00448e-07
eec: 328.502
weight: 0.000780604
eec: 127.573
weight: 5.95705e-05
eec: 214.411
weight: 9.79395e-06
eec: 330.405
weight: 8.0295e-05
eec: 68.6828
weight: 1.08168e-05
eec: 729.068
weight: 7.16163e-05
eec: 629.185
weight: 4.36432e-05
eec: 744.382
weight: 3.35219e-06
eec: 3318.84
weight: 6.99589e-05
eec: 91.0976
weight: 5.82352e-07
eec: 55.1088
weight: 8.73185e-05
eec: 418.116
weight: 1.11337e-05
eec: 587.729
weight: 1.90187e-05
eec: 331.103
weight: 0.000104268
eec: 607.466
weight: 2.43494e-06
eec: 410.388
weight: 2.02237e-05
eec: 882.024
weight: 4.13776e-06
eec: 86.7831
weight: 0.00018453
eec: 266.638
weight: 1.85538e-06
eec: 477.233
weight: 1.17836e-05
eec: 287.251
weight: 0.000127377
eec: 448.693
weight: 2.96066e-06
eec: 758.854
weight: 0.000149718
eec: 340.179
weight: 2.08857e-05
eec: 131.828
weight: 1.14214e-05
eec: 30.6473
weight: 5.40762e-06
eec: 63.9975
weight: 0.000180053
eec: 163.355
weight: 1.00819e-07
eec: 2419.95
weight: 0.000134384
eec: 848.613
weight: 3.61455e-06
eec: 562.402
weight: 3.07536e-05
eec: 956.383
weight: 1.21125e-05
eec: 3114.85
weight: 1.27429e-06
eec: 1304.22
weight: 1.27429e-06
eec: 834.551
weight: 2.279e-05
eec: 3137.62
weight: 4.57737e-05
eec: 776.786
weight: 1.81293e-05
eec: 510.413
weight: 3.39151e-05
eec: 231.691
weight: 0.000183371
eec: 942.254
weight: 5.52835e-06
eec: 349.466
weight: 1.52737e-05
eec: 133.689
weight: 4.36808e-06
eec: 980.534
weight: 0.000150761
eec: 927.389
weight: 2.09971e-05
eec: 266.615
weight: 2.49816e-05
eec: 1703.68
weight: 3.50097e-05
eec: 143.261
weight: 3.9476e-05
eec: 929.566
weight: 1.24112e-05
eec: 761.968
weight: 0.000228377
eec: 482.571
weight: 2.83856e-05
eec: 212.613
weight: 7.90958e-07
eec: 201.896
weight: 2.34578e-07
eec: 921.023
weight: 4.40505e-05
eec: 3556.01
weight: 1.93429e-05
eec: 288.023
weight: 0.000360634
eec: 287.459
weight: 0.000360634
eec: 474.792
weight: 0.000294701
eec: 776.717
weight: 0.000150266
eec: 24.0888
weight: 3.29946e-05
eec: 2930.7
weight: 1.55087e-05
eec: 2697.29
weight: 7.23121e-05
eec: 577.929
weight: 2.83761e-06
eec: 83.8278
weight: 6.69776e-05
eec: 364.487
weight: 4.50303e-06
eec: 2332.18
weight: 2.8504e-05
eec: 526.356
weight: 2.1769e-05
eec: 158.898
weight: 3.00171e-05
eec: 2122.77
weight: 7.50179e-05
eec: 288.23
weight: 7.50179e-05
eec: 278.871
weight: 5.61496e-05
eec: 1894.11
weight: 0.00099911
eec: 326.721
weight: 6.43968e-05
eec: 226.772
weight: 5.18437e-05
eec: 91.9401
weight: 4.70065e-05
eec: 2190.1
weight: 7.44375e-05
eec: 118.828
weight: 6.14563e-05
eec: 256.338
weight: 0.000816226
eec: 163.321
weight: 1.65108e-06
eec: 353.721
weight: 2.79969e-05
eec: 905.241
weight: 3.84668e-06
eec: 1791.45
weight: 4.96953e-07
eec: 338.746
weight: 5.94225e-06
eec: 2722.23
weight: 2.09401e-06
eec: 384.857
weight: 2.33504e-05
eec: 933.145
weight: 3.70933e-07
eec: 3560.15
weight: 3.25482e-05
eec: 178.875

ROOT exit code = 0
