gSystem->Load("run_condor_job_Run3_C.so");
run_condor_job_Run3(86, 100, 2,
                    80, 200,
                    1, 1, 1, 0);
.q

ENTERED run_condor_job_Run3()
JOBID = 86
  global job = 86  Job 86/100  events [5154840, 5214780)  total=5994000
Processing events [5154840, 5214780) of 5994000
weight: 4.19187e-05
eec: 236.182
weight: 4.28769e-06
eec: 409.509
weight: 0.00106284
eec: 161.259
weight: 3.54763e-05
eec: 149.905
weight: 1.22313e-05
eec: 203.096
weight: 3.39043e-05
eec: 854.742
weight: 0.000104118
eec: 507.658
weight: 4.09635e-06
eec: 364.985
weight: 4.48561e-06
eec: 3234.59
weight: 6.16856e-06
eec: 329.455
weight: 0.000191686
eec: 328.31
weight: 2.61399e-05
eec: 284.645
weight: 0.000276269
eec: 116.555
weight: 1.38783e-06
eec: 213.39
weight: 1.25435e-06
eec: 418.514
weight: 2.14425e-05
eec: 2064.46
weight: 4.14077e-05
eec: 2289.19
weight: 0.00085135
eec: 129.752
weight: 1.86948e-05
eec: 476.098
weight: 9.48822e-05
eec: 1447.8
weight: 2.38497e-06
eec: 175.579
weight: 9.24415e-05
eec: 171.884
weight: 0.000151101
eec: 1488.46
weight: 2.54681e-05
eec: 60.1556
weight: 4.16203e-05
eec: 587.301
weight: 0.000105325
eec: 47.2044
weight: 2.48224e-05
eec: 43.9556
weight: 3.00161e-05
eec: 503.006
weight: 3.80094e-08
eec: 184.884
weight: 0.000966352
eec: 182.105
weight: 7.92057e-05
eec: 60.4708
weight: 3.13773e-05
eec: 914.722
weight: 1.77221e-06
eec: 126.112
weight: 7.16842e-05
eec: 209.947
weight: 2.91352e-06
eec: 2042.27
weight: 2.31169e-07
eec: 238.118
weight: 2.01106e-05
eec: 1103.78
weight: 0.000212123
eec: 58.5605
weight: 0.000211561
eec: 510.523
weight: 2.43946e-06
eec: 109.236
weight: 3.70163e-05
eec: 163.156
weight: 1.06909e-05
eec: 187.589
weight: 3.31338e-05
eec: 103.735
weight: 3.37386e-07
eec: 896.889
weight: 1.57999e-06
eec: 275.032
weight: 0.000219669
eec: 105.625
weight: 6.23738e-06
eec: 1281.64
weight: 2.86966e-07
eec: 415.421
weight: 2.42556e-05
eec: 340.273
weight: 1.43768e-05
eec: 282.007
weight: 0.000563373
eec: 203.474
weight: 0.000134887
eec: 298.374
weight: 9.7596e-05
eec: 312.513
weight: 1.07031e-05
eec: 1630.6
weight: 1.08652e-05
eec: 2196.03
weight: 0.00058956
eec: 68.7278
weight: 7.92834e-05
eec: 737.555
weight: 0.000137313
eec: 190.085
weight: 6.5456e-06
eec: 740.847
weight: 7.0127e-06
eec: 169.16
weight: 5.35891e-06
eec: 289.654
weight: 0.000182497
eec: 347.644
weight: 1.53336e-05
eec: 593.086
weight: 0.000230258
eec: 568.553
weight: 1.02683e-05
eec: 116.33
weight: 1.68854e-05
eec: 280.93
weight: 1.58508e-05
eec: 336.864
weight: 0.000164253
eec: 152.209
weight: 0.000182678
eec: 745.417
weight: 0.000413445
eec: 359.15
weight: 3.12018e-05
eec: 299.205
weight: 1.32821e-05
eec: 2895.53
weight: 2.31874e-05
eec: 899.315
weight: 0.000124898
eec: 448.263
weight: 1.72671e-06
eec: 29.364
weight: 8.88226e-05
eec: 16.5392
weight: 0.000997458
eec: 184.083
weight: 5.67546e-05
eec: 70.7428
weight: 8.05791e-05
eec: 534.163
weight: 5.99822e-05
eec: 122.142
weight: 1.5554e-05
eec: 762.666
weight: 2.67165e-05
eec: 251.612
weight: 3.84738e-06
eec: 209.603
weight: 0.00014669
eec: 64.989
weight: 8.68985e-06
eec: 81.1387
weight: 0.000743072
eec: 420.118
weight: 1.2339e-05
eec: 108.8
weight: 0.000253487
eec: 1388.95
weight: 2.05166e-05
eec: 2168.62
weight: 5.38573e-06
eec: 757.771
weight: 4.7737e-06
eec: 348.576
weight: 3.43219e-07
eec: 668.13
weight: 1.47673e-05
eec: 464.943
weight: 5.37651e-06
eec: 2041.3
weight: 0.000929233
eec: 42.6862
weight: 0.000437319
eec: 116.309
weight: 2.43239e-05
eec: 312.425
weight: 7.55355e-06
eec: 603.852
weight: 1.4765e-05
eec: 202.018
weight: 7.45314e-05
eec: 1326.12
weight: 8.48097e-06
eec: 508.974
weight: 6.10354e-06
eec: 839.088
weight: 9.86191e-06
eec: 2225.47
weight: 3.10393e-05
eec: 277.822
weight: 2.12819e-05
eec: 189.267
weight: 4.94105e-07
eec: 494.077
weight: 1.03801e-05
eec: 1314.74
weight: 0.000192179
eec: 366.891
weight: 1.82327e-05
eec: 1434.49
weight: 5.49321e-05
eec: 45.5623
weight: 5.70186e-05
eec: 963.951
weight: 2.65769e-05
eec: 148.439
weight: 0.000153508
eec: 1151.11
weight: 7.04224e-06
eec: 880.482
weight: 9.45256e-06
eec: 1662.29
weight: 0.000375609
eec: 128.341
weight: 1.18874e-05
eec: 162.728
weight: 3.47125e-05
eec: 2128.89
weight: 7.22209e-05
eec: 535.302
weight: 6.61233e-06
eec: 210.283
weight: 4.15383e-08
eec: 147.375
weight: 2.23298e-05
eec: 217.905
weight: 1.07739e-05
eec: 373.118
weight: 1.24578e-05
eec: 214.411
weight: 1.24578e-05
eec: 792.851
weight: 4.91032e-06
eec: 2419.85
weight: 8.58042e-05
eec: 832.617
weight: 5.37348e-06
eec: 1144.29
weight: 0.000136479
eec: 136.867
weight: 1.78131e-06
eec: 41.1992
weight: 1.20437e-06
eec: 807.711
weight: 0.000160594
eec: 626.893
weight: 2.55358e-05
eec: 436.881
weight: 1.39654e-05
eec: 519.198
weight: 2.43551e-06
eec: 411.115
weight: 7.08373e-06
eec: 72.701
weight: 6.33688e-05
eec: 1161.82
weight: 2.88105e-06
eec: 266.526
weight: 0.000316657
eec: 362.587
weight: 2.85939e-06
eec: 29.4005
weight: 8.85235e-05
eec: 29.9855
weight: 1.15435e-05
eec: 3198.31
weight: 2.89329e-05
eec: 812.97
weight: 2.39494e-06
eec: 176.956
weight: 5.1715e-05
eec: 279.445
weight: 0.000180156
eec: 380.952
weight: 0.000197895
eec: 358.181
weight: 5.20047e-05
eec: 639.792
weight: 1.10944e-06
eec: 65.1571
weight: 1.7671e-05
eec: 98.1
weight: 1.45528e-05
eec: 880.396
weight: 0.000342564
eec: 332.792
weight: 6.84127e-05
eec: 180.403
weight: 5.56508e-06
eec: 724.221
weight: 0.000192588
eec: 866.734
weight: 6.89736e-06
eec: 21.6379
weight: 0.000363576
eec: 541.357
weight: 1.31912e-05
eec: 201.259
weight: 7.76228e-05
eec: 811.153
weight: 9.17345e-05
eec: 127.762
weight: 3.97028e-05
eec: 99.4389
weight: 7.02468e-06
eec: 1899.98
weight: 1.32532e-06
eec: 1327.49
weight: 4.1967e-06
eec: 3596.84
weight: 8.51376e-05
eec: 1610.54
weight: 1.25623e-06
eec: 820.958
weight: 5.8429e-05
eec: 183.906
weight: 5.58911e-05
eec: 985.873
weight: 0.000298995
eec: 747.179
weight: 6.78507e-05
eec: 311.235
weight: 1.33201e-05
eec: 231.234
weight: 2.65796e-05
eec: 1161.85
weight: 1.63229e-05
eec: 294.583
weight: 2.28204e-05
eec: 24.4314
weight: 1.25185e-05
eec: 483.364
weight: 4.44851e-06
eec: 245.484
weight: 4.96623e-05
eec: 272.652
weight: 1.20573e-05
eec: 336.552
weight: 6.82282e-06
eec: 1055.52
weight: 1.21315e-05
eec: 2767.54
weight: 5.81145e-05
eec: 161.763
weight: 2.55391e-07
eec: 315.077
weight: 6.56924e-06
eec: 699.988
weight: 8.28287e-05
eec: 488.473
weight: 8.65527e-06
eec: 1032.19
weight: 5.7406e-07
eec: 236.845
weight: 7.02896e-05
eec: 822.929
weight: 4.78525e-05
eec: 475.254
weight: 4.40113e-05
eec: 244.695
weight: 1.19802e-05
eec: 160.188
weight: 0.000259291
eec: 391.651
weight: 9.94318e-06
eec: 789.99
weight: 8.30213e-05
eec: 178.128
weight: 1.5024e-05
eec: 83.9253
weight: 1.14779e-05
eec: 592.918
weight: 3.45836e-06
eec: 437.337
weight: 3.40323e-06
eec: 282.579
weight: 1.02005e-05
eec: 175.646
Processing: 86.7534 %weight: 5.48089e-06
eec: 142.193
weight: 4.138e-05
eec: 3621.32
weight: 7.5775e-06
eec: 374.025
weight: 9.1993e-06
eec: 695.529
weight: 0.000126275
eec: 292.821
weight: 1.35075e-05
eec: 733.58
weight: 0.000248018
eec: 487.678
weight: 2.50317e-06
eec: 104.341
weight: 1.73047e-06
eec: 3802.98
weight: 8.76612e-06
eec: 66.9843
weight: 2.36456e-06
eec: 607.173
weight: 5.88447e-05
eec: 183.665
weight: 0.000209106
eec: 1543.88
weight: 0.000296383
eec: 798.016
weight: 0.000322055
eec: 847.543
weight: 4.12079e-06
eec: 2377.46
weight: 2.44819e-06
eec: 1043.53
weight: 7.65446e-05
eec: 79.9851
weight: 3.97607e-05
eec: 377.965
weight: 4.6867e-05
eec: 280.344
weight: 3.61184e-05
eec: 666.505
weight: 9.75072e-06
eec: 62.7024
weight: 2.75121e-06
eec: 2113.51
weight: 0.000374056
eec: 555.952
weight: 2.20062e-05
eec: 109.83
weight: 3.15142e-07
eec: 1818.18
weight: 6.28507e-05
eec: 1006.2
weight: 2.55804e-06
eec: 1182.94
weight: 3.59344e-07
eec: 47.0919
weight: 1.08376e-05
eec: 100.453
weight: 0.000113679
eec: 296.477
weight: 1.0462e-05
eec: 4475.18
weight: 5.24098e-05
eec: 988.99
weight: 3.57301e-07
eec: 834.283
weight: 5.76384e-06
eec: 840.355
weight: 0.000104085
eec: 513.278
weight: 1.59156e-05
eec: 501.776
weight: 0.00010342
eec: 216.073
weight: 0.0010026
eec: 172.033
weight: 9.7556e-05
eec: 441.731
weight: 0.000377272
eec: 685.337
weight: 1.9096e-05
eec: 1932.76
weight: 2.10664e-06
eec: 126.599
weight: 0.000150348
eec: 79.1157
weight: 1.33498e-05
eec: 181.607
weight: 4.52901e-05
eec: 109.29
weight: 6.91617e-05
eec: 63.8694
weight: 1.6916e-05
eec: 1851.63
weight: 1.78923e-06
eec: 1418.89
weight: 1.10246e-05
eec: 144.453
weight: 8.79952e-05
eec: 516.205
weight: 2.79412e-06
eec: 191.491
weight: 8.61251e-05
eec: 188.026
weight: 0.000476553
eec: 377.147
weight: 0.000110668
eec: 153.996
weight: 2.04436e-07
eec: 964.98
weight: 9.60108e-06
eec: 321.506
weight: 1.60566e-05
eec: 501.544
weight: 1.41244e-05
eec: 56.0096
weight: 1.16968e-05
eec: 168.879
weight: 5.60021e-06
eec: 94.16
weight: 6.68941e-05
eec: 172.778
weight: 6.56018e-05
eec: 70.087
weight: 3.21626e-07
eec: 1201.3

ROOT exit code = 0
