gSystem->Load("run_condor_job_Run3_C.so");
run_condor_job_Run3(965, 100, 2,
                    80, 200,
                    1, 1, 1, 9);
.q

ENTERED run_condor_job_Run3()
JOBID = 965
  global job = 965  Job 65/100  events [3864900, 3924360)  total=5946000
Processing events [3864900, 3924360) of 5946000
weight: 1.22143e-05
eec: 1447.27
weight: 0.0001047
eec: 254.051
weight: 4.15888e-05
eec: 837.917
weight: 6.22511e-07
eec: 246.222
weight: 5.89649e-06
eec: 17.4578
weight: 3.69445e-05
eec: 262.714
weight: 8.47223e-05
eec: 1782.83
weight: 1.95842e-05
eec: 139.493
weight: 3.3882e-05
eec: 986.125
weight: 0.000110851
eec: 1920.76
weight: 9.3786e-05
eec: 818.329
weight: 1.3892e-05
eec: 416.969
weight: 7.51235e-06
eec: 1370.89
weight: 1.59688e-05
eec: 213.511
weight: 4.99219e-06
eec: 281.815
weight: 0.000226687
eec: 467.075
weight: 2.71458e-05
eec: 665.23
weight: 5.82141e-06
eec: 634.912
weight: 0.000465987
eec: 134.93
weight: 0.000432674
eec: 76.3001
weight: 1.67744e-05
eec: 299.889
weight: 5.03766e-05
eec: 547.091
weight: 1.43006e-05
eec: 591.046
weight: 9.34555e-06
eec: 337.777
weight: 4.75087e-05
eec: 268.793
weight: 4.28705e-05
eec: 285.905
weight: 1.76214e-05
eec: 213.255
weight: 2.13704e-05
eec: 1403.45
weight: 1.17365e-05
eec: 141.749
weight: 0.000124484
eec: 98.7221
weight: 4.4087e-06
eec: 1390.99
weight: 1.5685e-05
eec: 174.456
weight: 0.000155965
eec: 127.794
weight: 2.61348e-06
eec: 427.921
weight: 5.20727e-06
eec: 406.856
weight: 1.07331e-06
eec: 602.877
weight: 8.46108e-05
eec: 347.771
weight: 2.16304e-05
eec: 265.931
weight: 1.26852e-05
eec: 133.363
weight: 1.32464e-06
eec: 650.542
weight: 0.000324013
eec: 1474.9
weight: 4.7563e-06
eec: 133.657
weight: 9.25195e-06
eec: 1581.86
weight: 0.0001109
eec: 63.2044
weight: 1.83423e-05
eec: 89.0045
weight: 2.3382e-05
eec: 603.011
weight: 5.15951e-05
eec: 91.2535
weight: 0.000318298
eec: 546.429
weight: 1.30328e-05
eec: 860.227
weight: 4.39689e-06
eec: 1965.62
weight: 8.19656e-06
eec: 430.2
weight: 0.000170876
eec: 1693.3
weight: 6.86062e-05
eec: 452.566
weight: 2.78475e-05
eec: 288.973
weight: 7.25001e-05
eec: 109.465
weight: 0.00024899
eec: 201.997
weight: 0.000734166
eec: 219.029
weight: 5.98732e-05
eec: 86.5735
weight: 4.02071e-05
eec: 48.7682
weight: 8.50148e-05
eec: 153.756
weight: 1.5711e-06
eec: 187.774
weight: 6.75357e-06
eec: 956.376
weight: 0.000655664
eec: 592.656
weight: 4.62611e-05
eec: 975.478
weight: 0.000135476
eec: 24.9751
weight: 1.12677e-05
eec: 1954.81
weight: 8.34002e-07
eec: 1312.06
weight: 0.000161686
eec: 170.17
weight: 5.54471e-06
eec: 91.8235
weight: 0.00036511
eec: 453.568
weight: 2.08353e-05
eec: 280.081
weight: 0.000127259
eec: 461.32
weight: 7.18716e-05
eec: 65.2445
weight: 0.000126892
eec: 171.158
weight: 1.53981e-06
eec: 562.226
weight: 2.44958e-05
eec: 145.659
weight: 5.308e-06
eec: 40.0834
weight: 7.07541e-05
eec: 123.907
weight: 1.84102e-05
eec: 772.934
weight: 5.07216e-06
eec: 871.323
weight: 7.37614e-05
eec: 437.27
weight: 0.000234213
eec: 180.483
weight: 4.3356e-05
eec: 356.842
weight: 4.05652e-05
eec: 74.0693
weight: 5.0518e-05
eec: 78.0589
weight: 1.13098e-05
eec: 69.0369
weight: 5.9369e-06
eec: 508.84
weight: 9.65153e-06
eec: 289.939
weight: 7.52494e-05
eec: 870.15
weight: 1.63481e-05
eec: 576.348
weight: 3.66829e-06
eec: 2839.83
weight: 0.000576113
eec: 603.104
weight: 1.08047e-06
eec: 59.6356
weight: 0.000399834
eec: 375.152
weight: 2.50521e-05
eec: 377.743
weight: 6.1298e-05
eec: 892.909
weight: 8.94852e-05
eec: 142.885
weight: 0.000172465
eec: 253.842
weight: 4.80214e-05
eec: 776.507
weight: 1.61634e-07
eec: 210.348
weight: 3.8838e-05
eec: 1017.99
weight: 3.8838e-05
eec: 254.331
weight: 3.89072e-06
eec: 306.739
weight: 2.08417e-06
eec: 211.642
weight: 7.53296e-06
eec: 68.5459
weight: 6.65686e-06
eec: 482.825
weight: 2.52668e-05
eec: 139.077
weight: 2.13815e-05
eec: 951.349
weight: 5.64394e-05
eec: 938.852
weight: 1.08258e-05
eec: 1429.53
weight: 2.05311e-05
eec: 1178.55
weight: 0.000178934
eec: 601.703
weight: 1.50297e-05
eec: 677.113
weight: 9.85879e-07
eec: 398.153
weight: 0.000133919
eec: 152.453
weight: 2.64798e-06
eec: 1463.62
weight: 0.000655839
eec: 130.386
weight: 6.45582e-05
eec: 879.671
weight: 2.05012e-06
eec: 63.9197
weight: 8.49491e-06
eec: 99.4767
weight: 1.17835e-05
eec: 20.6407
weight: 4.48043e-06
eec: 83.5407
weight: 4.18504e-07
eec: 503.259
weight: 1.16472e-05
eec: 185.69
weight: 3.59997e-06
eec: 282.738
weight: 3.95341e-05
eec: 598.619
weight: 1.68304e-06
eec: 242.085
weight: 5.85427e-08
eec: 253.264
weight: 2.06675e-05
eec: 1266.38
weight: 0.000278304
eec: 313.926
weight: 0.000107181
eec: 549.593
Processing: 65.5903 %weight: 7.23205e-05
eec: 262.041
weight: 6.866e-06
eec: 1097.38
weight: 5.64262e-07
eec: 365.803
weight: 2.46328e-05
eec: 1007.48
weight: 2.02237e-05
eec: 759.777
weight: 2.073e-05
eec: 164.888
weight: 5.63747e-05
eec: 465.412
weight: 5.36133e-08
eec: 320.358
weight: 9.6343e-06
eec: 301.666
weight: 2.29863e-05
eec: 393.704
weight: 4.65042e-05
eec: 575.217
weight: 2.87458e-05
eec: 2556.96
weight: 3.9366e-05
eec: 245.49
weight: 0.000555324
eec: 423.36
weight: 4.37058e-05
eec: 254.239
weight: 2.89827e-06
eec: 671.637
weight: 5.88484e-05
eec: 1508.2
weight: 9.4233e-05
eec: 118.832
weight: 3.59163e-05
eec: 107.828
weight: 1.65582e-05
eec: 194.95
weight: 1.63884e-05
eec: 190.457
weight: 5.76101e-06
eec: 226.032
weight: 4.92073e-05
eec: 91.4438
weight: 2.40122e-06
eec: 257.433
weight: 2.7944e-05
eec: 198.271
weight: 0.000151137
eec: 152.107
weight: 9.27405e-05
eec: 1008.19
weight: 2.86672e-05
eec: 984.723
weight: 2.04712e-05
eec: 559.432
weight: 7.2631e-06
eec: 340.639
weight: 0.000113276
eec: 928.572
weight: 0.000201544
eec: 320.776
weight: 1.94585e-05
eec: 802.451
weight: 6.72339e-05
eec: 183.611
weight: 4.22932e-05
eec: 738.052
weight: 4.28107e-06
eec: 558.999
weight: 1.66184e-05
eec: 251.612
weight: 4.11234e-06
eec: 208.805
weight: 2.5687e-05
eec: 427.041
weight: 6.15147e-05
eec: 273.79
weight: 6.88458e-05
eec: 134.817
weight: 2.17801e-05
eec: 1317.45
weight: 0.000373524
eec: 1299.93
weight: 6.23512e-05
eec: 406.16
weight: 1.93166e-06
eec: 205.895
weight: 9.70966e-06
eec: 243.779
weight: 8.00109e-07
eec: 3630.64
weight: 8.68417e-06
eec: 1183.09
weight: 4.05502e-05
eec: 713.01
weight: 2.99608e-05
eec: 864.542
weight: 8.18817e-05
eec: 1980.84
weight: 3.70973e-05
eec: 671.356
weight: 0.00061509
eec: 424.023
weight: 0.000165623
eec: 1149.84
weight: 0.00010168
eec: 241.468
weight: 0.000170785
eec: 107.754
weight: 9.72316e-05
eec: 99.9328
weight: 1.71731e-05
eec: 618.925
weight: 1.2584e-05
eec: 2740.19
weight: 3.53488e-05
eec: 48.9495
weight: 0.000218042
eec: 596.328
weight: 4.67249e-06
eec: 138.895
weight: 1.52307e-05
eec: 1993.91
weight: 3.11871e-05
eec: 236.318
weight: 0.000418982
eec: 48.0669
weight: 2.64249e-05
eec: 35.0289
weight: 4.52651e-05
eec: 278.706
weight: 2.27848e-05
eec: 1009.91
weight: 3.0278e-05
eec: 975.561
weight: 3.25545e-08
eec: 88.3884
weight: 3.45705e-07
eec: 405.362
weight: 5.2778e-06
eec: 1300.18
weight: 0.00205298
eec: 121.685
weight: 6.17005e-05
eec: 664.181
weight: 1.26133e-05
eec: 849.527
weight: 7.53733e-07
eec: 2564.03
weight: 5.21074e-05
eec: 1064.29
weight: 1.05361e-05
eec: 195.033
weight: 1.62152e-06
eec: 1627.85
weight: 2.49213e-05
eec: 1195
weight: 6.02364e-05
eec: 237.746
weight: 2.94638e-06
eec: 514.012
weight: 2.02007e-05
eec: 558.43
weight: 5.64706e-05
eec: 375.127
weight: 0.00139646
eec: 35.9313
weight: 1.17689e-06
eec: 1423.8
weight: 6.74183e-05
eec: 31.946
weight: 1.5762e-05
eec: 84.6753
weight: 4.09473e-06
eec: 1972.03
weight: 3.08165e-05
eec: 377.561
weight: 2.90941e-05
eec: 616.524
weight: 8.40022e-06
eec: 682.613
weight: 3.32018e-05
eec: 85.8773
weight: 7.82453e-05
eec: 193.466
weight: 1.8971e-05
eec: 109.742
weight: 1.00519e-05
eec: 1314.18
weight: 7.83824e-05
eec: 113.063
weight: 1.17551e-06
eec: 70.875
weight: 0.00109254
eec: 380.454
weight: 2.63279e-05
eec: 13.4884
weight: 7.13491e-05
eec: 207.979
weight: 0.000246144
eec: 17.298
weight: 5.00676e-05
eec: 2023.61
weight: 2.77487e-05
eec: 576.961
weight: 1.89845e-06
eec: 1159.33

ROOT exit code = 0
