gSystem->Load("run_condor_job_Run3_C.so");
run_condor_job_Run3(502, 100, 2,
                    80, 200,
                    1, 1, 1, 5);
.q

ENTERED run_condor_job_Run3()
JOBID = 502
  global job = 502  Job 2/100  events [120000, 180000)  total=6000000
Processing events [120000, 180000) of 6000000
weight: 2.32318e-05
eec: 127.197
weight: 1.15833e-05
eec: 1820.37
weight: 0.000118257
eec: 636.405
weight: 7.38385e-06
eec: 308.341
weight: 0.000139335
eec: 693.51
weight: 0.000178829
eec: 1105.04
weight: 4.05997e-06
eec: 265.298
weight: 9.70898e-06
eec: 285.367
weight: 4.98648e-06
eec: 160.48
weight: 0.000691352
eec: 94.0522
weight: 0.000441439
eec: 222.771
weight: 5.30612e-06
eec: 130.345
weight: 1.50088e-07
eec: 438.742
weight: 4.63249e-06
eec: 79.2886
weight: 8.02195e-05
eec: 114.216
weight: 8.43827e-06
eec: 11.0156
weight: 3.0657e-06
eec: 2443.77
weight: 9.40125e-05
eec: 445.855
weight: 2.32135e-06
eec: 287.503
weight: 1.98448e-05
eec: 64.4229
weight: 2.53309e-05
eec: 1244.66
weight: 6.49617e-05
eec: 506.83
weight: 6.02581e-06
eec: 351.951
weight: 2.82437e-06
eec: 1770.49
weight: 0.000100919
eec: 66.2136
weight: 3.92077e-07
eec: 79.4894
weight: 0.000462611
eec: 204.399
weight: 5.77869e-05
eec: 737.483
weight: 1.66261e-05
eec: 1851.64
weight: 2.85718e-06
eec: 1433.51
weight: 3.02731e-07
eec: 1266.43
weight: 2.36842e-05
eec: 261.517
weight: 1.68708e-06
eec: 1806.19
weight: 1.60031e-06
eec: 299.565
weight: 2.5584e-05
eec: 33.8423
weight: 6.02616e-05
eec: 966.321
weight: 1.17343e-05
eec: 1248.25
weight: 0.000151374
eec: 151.787
weight: 8.55222e-05
eec: 709.996
weight: 0.000101832
eec: 118.303
weight: 2.12745e-05
eec: 1074.16
weight: 0.000194666
eec: 1066.33
weight: 2.2069e-05
eec: 218.258
weight: 9.87217e-05
eec: 499.673
weight: 2.25167e-05
eec: 787.43
weight: 7.7748e-05
eec: 106.254
weight: 5.38198e-06
eec: 319.098
weight: 0.000117229
eec: 709.103
weight: 0.00015676
eec: 40.7239
weight: 7.7694e-06
eec: 95.7268
weight: 0.000109595
eec: 2019.08
weight: 1.54841e-05
eec: 489.449
weight: 8.74661e-08
eec: 38.073
weight: 5.84418e-05
eec: 41.2982
weight: 3.70787e-07
eec: 1172.47
weight: 1.28222e-05
eec: 117.58
weight: 1.48369e-05
eec: 147.918
weight: 0.000138273
eec: 247.93
weight: 0.000317392
eec: 221.999
weight: 3.8744e-05
eec: 255.893
weight: 8.74603e-05
eec: 81.0194
weight: 1.87129e-05
eec: 940.776
weight: 2.48204e-06
eec: 543.555
weight: 8.1522e-06
eec: 163.97
weight: 4.61825e-05
eec: 2191.5
weight: 0.000126375
eec: 78.0105
weight: 5.05239e-05
eec: 824.995
weight: 0.000327625
eec: 1438.3
weight: 1.26509e-05
eec: 1493.61
weight: 2.20172e-05
eec: 2716.43
weight: 8.61871e-06
eec: 885.203
weight: 8.78773e-06
eec: 61.0984
weight: 2.66589e-05
eec: 321.683
weight: 1.24184e-05
eec: 1295.18
weight: 3.27426e-05
eec: 618.733
weight: 3.53719e-05
eec: 627.171
weight: 6.14017e-06
eec: 506.31
weight: 1.12253e-05
eec: 95.9471
weight: 5.04281e-06
eec: 1807.47
weight: 5.04281e-06
eec: 279.076
weight: 4.16464e-06
eec: 3650.36
weight: 4.71641e-05
eec: 871.775
weight: 5.43214e-05
eec: 247.421
weight: 0.000513465
eec: 184.144
weight: 9.74477e-06
eec: 91.8376
weight: 6.25901e-05
eec: 225.548
weight: 1.25076e-05
eec: 120.963
weight: 0.000174616
eec: 444.867
weight: 3.19178e-05
eec: 829.351
weight: 3.63334e-05
eec: 1127.77
weight: 1.96721e-05
eec: 950.197
weight: 0.000218172
eec: 291.219
weight: 1.16791e-05
eec: 492.574
weight: 2.46617e-05
eec: 171.255
weight: 3.51026e-06
eec: 326.274
weight: 7.28602e-05
eec: 61.8242
weight: 1.27323e-06
eec: 331.161
weight: 5.13533e-06
eec: 338.219
weight: 1.0382e-05
eec: 436.229
weight: 3.02749e-05
eec: 3392.33
weight: 8.14621e-05
eec: 56.0988
weight: 7.07343e-06
eec: 239.662
weight: 2.0297e-05
eec: 395.064
weight: 6.58351e-06
eec: 1365.11
weight: 9.01464e-05
eec: 195.983
weight: 0.000226965
eec: 5.8726
weight: 5.82425e-05
eec: 491.513
weight: 4.07576e-08
eec: 4054.38
weight: 1.31256e-05
eec: 1750.45
weight: 1.32161e-05
eec: 34.8841
weight: 0.000106471
eec: 39.6645
weight: 0.000138009
eec: 216.1
weight: 3.77854e-06
eec: 145.674
weight: 0.000226636
eec: 200.954
weight: 3.15482e-05
eec: 329.056
weight: 1.56386e-05
eec: 1807.78
weight: 0.000114404
eec: 322.167
weight: 8.09679e-06
eec: 1147.53
weight: 0.000739842
eec: 217.619
weight: 4.2301e-07
eec: 2834.45
weight: 2.61475e-05
eec: 1641.94
weight: 1.90673e-05
eec: 200.054
weight: 1.05515e-05
eec: 800.964
Processing: 2.5 %weight: 1.89404e-05
eec: 223.055
weight: 3.91402e-06
eec: 294.423
weight: 1.25295e-05
eec: 318.006
weight: 0.000157791
eec: 591.506
weight: 4.78496e-05
eec: 224.718
weight: 7.45655e-05
eec: 1965.26
weight: 0.000153899
eec: 466.334
weight: 1.91268e-07
eec: 139.87
weight: 9.59578e-06
eec: 357.458
weight: 0.000294125
eec: 168.254
weight: 5.89621e-05
eec: 115.753
weight: 4.9398e-07
eec: 155.65
weight: 5.37796e-05
eec: 1079.68
weight: 1.23623e-05
eec: 771.114
weight: 0.000138784
eec: 316.412
weight: 9.9966e-05
eec: 752.393
weight: 9.26333e-08
eec: 2342.41
weight: 0.000196705
eec: 10.4709
weight: 1.58174e-05
eec: 1393.49
weight: 5.2998e-05
eec: 1496
weight: 0.0011464
eec: 445.788
weight: 5.13471e-05
eec: 135.715
weight: 5.94445e-06
eec: 589.772
weight: 1.39693e-05
eec: 85.8454
weight: 0.000222936
eec: 542.63
weight: 0.000111263
eec: 116.898
weight: 1.00162e-05
eec: 1417.4
weight: 0.000250439
eec: 499.573
weight: 6.06551e-08
eec: 128.508
weight: 1.1489e-06
eec: 548.32
weight: 6.18928e-05
eec: 906.462
weight: 2.42994e-05
eec: 200.13
weight: 6.60176e-05
eec: 103.723
weight: 5.38306e-05
eec: 218.445
weight: 2.09267e-05
eec: 986.745
weight: 2.57095e-05
eec: 256.056
weight: 8.47062e-05
eec: 803.051
weight: 2.7454e-05
eec: 1817.36
weight: 3.69501e-06
eec: 943.653
weight: 1.0428e-05
eec: 676.909
weight: 4.57063e-06
eec: 1522.87
weight: 8.23506e-05
eec: 524.268
weight: 5.49458e-05
eec: 134.117
weight: 2.60501e-05
eec: 437.089
weight: 2.60501e-05
eec: 34.0729
weight: 4.44833e-06
eec: 1439.85
weight: 1.12452e-06
eec: 1999.87
weight: 2.58776e-06
eec: 1102.81
weight: 3.27818e-06
eec: 414.218
weight: 2.41257e-05
eec: 120.65
weight: 0.000180364
eec: 330.392
weight: 7.10022e-07
eec: 477.225
weight: 0.000264321
eec: 183.927
weight: 2.4451e-05
eec: 2504.77
weight: 8.64691e-06
eec: 1035.27
weight: 8.39051e-05
eec: 383.608
weight: 0.000148989
eec: 72.104
weight: 1.73829e-05
eec: 734.255
weight: 7.25018e-05
eec: 1478.15
weight: 0.000213677
eec: 213.819
weight: 1.27995e-05
eec: 220.498
weight: 1.45467e-06
eec: 1586.1
weight: 3.99854e-05
eec: 1131.25
weight: 6.64724e-07
eec: 583.356
weight: 9.74209e-05
eec: 1016.94
weight: 6.27079e-07
eec: 337.251
weight: 9.95313e-06
eec: 552.85
weight: 1.48691e-07
eec: 773.459
weight: 2.88946e-05
eec: 803.113
weight: 5.67816e-07
eec: 280.655
weight: 3.65211e-07
eec: 714.8
weight: 5.70456e-05
eec: 2325.04
weight: 3.7214e-06
eec: 1445.14
weight: 0.000119594
eec: 82.939
weight: 1.27113e-06
eec: 103.579
weight: 4.22922e-06
eec: 399.551
weight: 1.43548e-06
eec: 959.873
weight: 0.000258847
eec: 13.1756
weight: 6.25156e-06
eec: 107.817
weight: 4.67991e-06
eec: 318.294
weight: 4.22751e-05
eec: 243.591
weight: 0.000225314
eec: 437.126
weight: 9.45656e-06
eec: 67.4143
weight: 1.04036e-05
eec: 367.365
weight: 3.16707e-05
eec: 119.709
weight: 1.8781e-05
eec: 126.389
weight: 8.11046e-06
eec: 459.854
weight: 3.37695e-05
eec: 432.521
weight: 1.36779e-06
eec: 717.103
weight: 7.44633e-07
eec: 4202.49
weight: 0.000133012
eec: 594.122
weight: 4.48997e-07
eec: 443.874
weight: 5.46004e-06
eec: 635.563
weight: 7.4973e-06
eec: 272.55
weight: 0.000147429
eec: 219.061
weight: 2.46736e-05
eec: 270.349
weight: 0.000101557
eec: 463.992
weight: 0.000527245
eec: 66.8477
weight: 3.6211e-07
eec: 422.817
weight: 8.91058e-07
eec: 432.303
weight: 3.73863e-05
eec: 1676.85
weight: 1.80928e-05
eec: 359.519
weight: 8.13088e-05
eec: 281.082
weight: 0.000165992
eec: 488.969
weight: 1.21501e-05
eec: 762.612
weight: 2.13558e-06
eec: 426.825
weight: 1.88771e-06
eec: 1239.3
weight: 4.29267e-06
eec: 979.956
weight: 1.39788e-05
eec: 157.989
weight: 1.47719e-05
eec: 18.2832
weight: 0.000362873
eec: 611.797
weight: 0.000175318
eec: 322.583
weight: 9.2781e-06
eec: 289.096
weight: 1.36015e-05
eec: 488.712
weight: 7.77064e-05
eec: 200.524
weight: 6.75907e-06
eec: 750.232
weight: 0.000395944
eec: 1833.18
weight: 6.20198e-05
eec: 84.0303
weight: 1.77678e-05
eec: 418.289
weight: 1.6117e-05
eec: 3342.2
weight: 7.25095e-07
eec: 685.523
weight: 8.6661e-06
eec: 492.203
weight: 2.24433e-06
eec: 407.628
weight: 4.05514e-05
eec: 770.641
weight: 2.34123e-05
eec: 1044.79
weight: 2.12999e-05
eec: 1803.8
weight: 2.35958e-06
eec: 2167.59
weight: 2.06019e-05
eec: 18.2542
weight: 3.3631e-05
eec: 52.2549
weight: 0.000125297
eec: 65.8284
weight: 5.64902e-05
eec: 334.452
weight: 4.94238e-06
eec: 125.92
weight: 0.000757202
eec: 92.2392

ROOT exit code = 0
