gSystem->Load("run_condor_job_Run3_C.so");
run_condor_job_Run3(564, 100, 2,
                    80, 200,
                    1, 1, 1, 5);
.q

ENTERED run_condor_job_Run3()
JOBID = 564
  global job = 564  Job 64/100  events [3840000, 3900000)  total=6000000
Processing events [3840000, 3900000) of 6000000
weight: 0.000339676
eec: 852.251
weight: 3.3017e-06
eec: 634.603
weight: 1.87817e-05
eec: 117.633
weight: 0.000260211
eec: 424.941
weight: 7.08989e-06
eec: 302.518
weight: 1.59627e-05
eec: 423.271
weight: 1.93409e-05
eec: 84.3087
weight: 8.36607e-05
eec: 143.414
weight: 3.6496e-06
eec: 488.718
weight: 7.91983e-05
eec: 221.939
weight: 7.15913e-05
eec: 715.465
weight: 0.000526423
eec: 86.6814
weight: 0.000186103
eec: 96.2319
weight: 2.62826e-05
eec: 612.911
weight: 7.28959e-06
eec: 1153.7
weight: 2.59287e-05
eec: 220.46
weight: 4.05737e-05
eec: 982.095
weight: 0.000208341
eec: 137.705
weight: 1.87422e-06
eec: 843.479
weight: 1.01018e-06
eec: 399.491
weight: 9.36454e-05
eec: 117.878
weight: 0.000110969
eec: 306.592
weight: 0.000128709
eec: 560.805
weight: 0.000113172
eec: 64.9928
weight: 1.7114e-05
eec: 620.785
weight: 8.85884e-05
eec: 685.681
weight: 0.000101272
eec: 340.056
weight: 2.24197e-06
eec: 8.02384
weight: 6.30201e-06
eec: 238.38
weight: 0.000109743
eec: 82.5621
weight: 3.00685e-06
eec: 523.377
weight: 0.000130491
eec: 694.662
weight: 2.436e-07
eec: 566.059
weight: 6.76753e-05
eec: 503.82
weight: 5.29932e-05
eec: 203.024
weight: 1.03338e-05
eec: 163.922
weight: 5.90728e-05
eec: 943.825
weight: 1.78951e-05
eec: 584.882
weight: 1.08637e-05
eec: 1386.29
weight: 0.000899195
eec: 278.833
weight: 8.89338e-05
eec: 508.811
weight: 1.34451e-05
eec: 414.94
weight: 4.42242e-06
eec: 264.778
Processing: 64.1667 %weight: 7.3239e-06
eec: 1471.67
weight: 5.56783e-06
eec: 200.714
weight: 3.05537e-05
eec: 644.939
weight: 2.6591e-06
eec: 437.038
weight: 0.000251325
eec: 146.374
weight: 2.85652e-05
eec: 716.514
weight: 0.000541764
eec: 650.861
weight: 9.0897e-05
eec: 108.394
weight: 8.87949e-05
eec: 814.634
weight: 5.26068e-05
eec: 2782.26
weight: 0.000322343
eec: 201.332
weight: 8.47191e-05
eec: 307.401
weight: 0.000131157
eec: 720.298
weight: 6.51029e-06
eec: 79.8714
weight: 5.73708e-06
eec: 149.744
weight: 9.5082e-06
eec: 309.01
weight: 4.49941e-05
eec: 1421.87
weight: 1.78102e-05
eec: 1827.16
weight: 7.55022e-06
eec: 1120.86
weight: 5.5461e-07
eec: 102.65
weight: 2.50938e-05
eec: 130.846
weight: 3.21592e-06
eec: 762.098
weight: 3.74936e-05
eec: 217.689
weight: 9.24551e-06
eec: 26.4927
weight: 0.000191709
eec: 117.615
weight: 7.9041e-06
eec: 3397.12
weight: 7.30506e-05
eec: 134.062
weight: 3.3511e-06
eec: 1001.93
weight: 6.6508e-07
eec: 1140.79
weight: 8.2898e-06
eec: 26.6438
weight: 5.27329e-05
eec: 436.323
weight: 7.38493e-05
eec: 526.405
weight: 3.89158e-05
eec: 838.583
weight: 4.42611e-06
eec: 4051.59
weight: 0.000181197
eec: 81.985
weight: 1.98171e-05
eec: 116.58
weight: 5.55065e-05
eec: 1314.87
weight: 1.62472e-05
eec: 1601.68
weight: 7.48359e-05
eec: 563.693
weight: 2.83526e-06
eec: 281.974
weight: 9.5753e-05
eec: 689.182
weight: 1.53772e-05
eec: 1411.69
weight: 2.22067e-05
eec: 318.702
weight: 5.89359e-05
eec: 159.156
weight: 6.44865e-05
eec: 30.9097
weight: 1.1579e-05
eec: 283.823
weight: 0.000106908
eec: 171.379
weight: 2.72992e-05
eec: 742.499
weight: 2.91376e-06
eec: 2914.8
weight: 1.77388e-05
eec: 207.279
weight: 8.20472e-07
eec: 556.246
weight: 4.14835e-05
eec: 113.692
weight: 0.000160125
eec: 108.377
weight: 2.3983e-05
eec: 257.534
weight: 1.93485e-06
eec: 1526.25
weight: 4.11939e-05
eec: 1044.03
weight: 8.66009e-06
eec: 758.303
weight: 8.13341e-06
eec: 129.868
weight: 9.47333e-07
eec: 67.7768
weight: 1.46498e-05
eec: 2603.9
weight: 0.000112163
eec: 1249.53
weight: 0.00141298
eec: 71.6143
weight: 4.83021e-05
eec: 1173.46
weight: 4.80562e-05
eec: 299.925
weight: 4.80562e-05
eec: 1304.55
weight: 8.82102e-06
eec: 48.9074
weight: 0.000155464
eec: 148.747
weight: 0.000617632
eec: 1007.08
weight: 1.28176e-05
eec: 40.541
weight: 0.00019263
eec: 212.028
weight: 0.000550583
eec: 687.674
weight: 0.000190805
eec: 181.417
weight: 0.000190805
eec: 444.861
weight: 4.55766e-05
eec: 844.809
weight: 0.000205029
eec: 93.2743
weight: 0.000510094
eec: 340.522
weight: 6.98752e-05
eec: 903.176
weight: 7.52048e-08
eec: 672.808
weight: 5.71951e-05
eec: 76.2725
weight: 0.000116838
eec: 84.8503
weight: 1.64985e-05
eec: 153.534
weight: 1.52235e-05
eec: 98.0607
weight: 5.66051e-05
eec: 290.315
weight: 0.000301087
eec: 388.899
weight: 0.000275117
eec: 562.87
weight: 0.00014054
eec: 535.488
weight: 0.000361183
eec: 112.393
weight: 1.44128e-05
eec: 383.343
weight: 1.72073e-05
eec: 1535.32
weight: 2.98465e-06
eec: 558.439
weight: 6.45929e-06
eec: 417.823
weight: 1.45249e-05
eec: 2309.16
weight: 2.20722e-05
eec: 86.1324
weight: 0.000769786
eec: 289.617
weight: 1.9963e-05
eec: 92.3555
weight: 6.46187e-05
eec: 905.795
weight: 2.26081e-05
eec: 3092.86
weight: 9.31766e-06
eec: 57.316
weight: 8.95835e-05
eec: 191.134
weight: 1.70185e-05
eec: 549.49
weight: 7.48642e-05
eec: 144.794
weight: 0.00035969
eec: 219.027
weight: 3.44636e-07
eec: 628.951
weight: 7.71704e-05
eec: 1015.63
weight: 2.60609e-05
eec: 20.8233
weight: 0.000849292
eec: 200.809
weight: 0.000720531
eec: 619.787
weight: 2.15108e-05
eec: 59.8894
weight: 4.08506e-05
eec: 1126.94
weight: 9.28167e-06
eec: 1329.24
weight: 8.67835e-06
eec: 102.254
weight: 8.70984e-05
eec: 129.212
weight: 3.87488e-05
eec: 27.1738
weight: 1.41127e-05
eec: 85.2355
weight: 6.14476e-06
eec: 169.718
weight: 1.39531e-05
eec: 388.569
weight: 2.33994e-05
eec: 380.238
weight: 1.96182e-06
eec: 197.276
weight: 7.7271e-06
eec: 495.382
weight: 2.55326e-06
eec: 980.606
weight: 1.89209e-05
eec: 182.795
weight: 1.12063e-05
eec: 2171.2
weight: 0.000208462
eec: 356.476
weight: 1.37873e-05
eec: 83.5828
weight: 4.26237e-05
eec: 623.765
weight: 4.32063e-05
eec: 616.984
weight: 0.000755815
eec: 254.237
weight: 7.61499e-05
eec: 144.681
weight: 2.55672e-06
eec: 497.118
weight: 6.5262e-05
eec: 136.17
weight: 3.5232e-05
eec: 236.893
weight: 7.16372e-05
eec: 349.694
weight: 2.47053e-06
eec: 696.678
weight: 0.000260622
eec: 547.369
weight: 5.6605e-07
eec: 181.467
weight: 4.88263e-06
eec: 1662.4
weight: 0.000299095
eec: 52.5769
weight: 5.05401e-05
eec: 114.579
weight: 1.20796e-05
eec: 152.755
weight: 2.09464e-05
eec: 2599.71
weight: 1.63204e-05
eec: 1602.03
weight: 3.71781e-06
eec: 400.525
weight: 8.04029e-05
eec: 942.041
weight: 1.40597e-05
eec: 1916.26
weight: 1.15883e-05
eec: 107.631
weight: 8.11477e-05
eec: 304.436
weight: 0.000146626
eec: 49.1211
weight: 0.000105244
eec: 270.925
weight: 3.52017e-05
eec: 1274.2
weight: 9.92024e-06
eec: 1614.06
weight: 6.12885e-07
eec: 74.9551
weight: 2.44199e-07
eec: 792.244
weight: 4.94973e-05
eec: 601.385
weight: 9.36353e-05
eec: 452.289
weight: 8.91269e-05
eec: 394.103
weight: 1.03659e-06
eec: 679.081
weight: 4.81431e-05
eec: 753.793
weight: 5.80211e-05
eec: 103.328
weight: 1.99396e-05
eec: 480.592
weight: 0.000787817
eec: 155.22
weight: 1.09735e-05
eec: 496.046
weight: 0.000119412
eec: 1386.45
weight: 1.21669e-05
eec: 326.387
weight: 0.00024697
eec: 201.628
weight: 4.66018e-05
eec: 1773.25
weight: 5.70777e-06
eec: 408.568
weight: 0.000165938
eec: 615.949
weight: 0.000205183
eec: 768.339
weight: 7.6493e-06
eec: 1517.42
weight: 1.37425e-05
eec: 99.4613
weight: 4.47579e-05
eec: 81.456
weight: 3.62807e-05
eec: 433.655
weight: 4.65961e-06
eec: 577.855
weight: 3.78545e-06
eec: 605.903
weight: 1.93219e-05
eec: 169.124
weight: 4.93683e-05
eec: 130.726
weight: 4.93683e-05
eec: 513.335
weight: 4.2019e-05
eec: 256.688
weight: 2.45323e-05
eec: 592.005
weight: 2.93212e-05
eec: 1145.23
weight: 9.54423e-05
eec: 150.244
weight: 2.95535e-07
eec: 336.168
weight: 4.45761e-07
eec: 1358.2
weight: 0.000105113
eec: 752.54
weight: 1.83185e-05
eec: 154.259
weight: 0.000637928
eec: 133.961
weight: 5.50071e-05
eec: 1738.48
weight: 0.000149619
eec: 496.436
weight: 0.000166517
eec: 874.51
weight: 4.13571e-05
eec: 354.217
weight: 0.000792269
eec: 505.773
weight: 1.00089e-05
eec: 2517.69
weight: 2.74298e-05
eec: 973.523
weight: 2.56042e-05
eec: 90.5694
weight: 0.000493962
eec: 21.5079
weight: 0.000590344
eec: 228.194
weight: 5.44869e-06
eec: 181.712
weight: 1.87715e-05
eec: 362.651
weight: 0.000144978
eec: 308.949
weight: 6.62095e-06
eec: 98.8929
weight: 7.33395e-06
eec: 340.51
weight: 1.0308e-05
eec: 249.898
weight: 0.000140649
eec: 764.251
weight: 2.5177e-05
eec: 273.258
weight: 3.177e-05
eec: 295.131
weight: 4.46984e-06
eec: 271.757
weight: 0.000117633
eec: 232.454
weight: 1.25304e-05
eec: 86.8404
weight: 1.33158e-05
eec: 1132.81
weight: 6.19907e-06
eec: 273.566
weight: 3.68867e-05
eec: 101.396
weight: 0.000233291
eec: 1404.93
weight: 2.51048e-05
eec: 65.2398
weight: 0.000947726
eec: 153.282
weight: 7.51774e-06
eec: 678.135

ROOT exit code = 0
