gSystem->Load("run_condor_job_Run3_C.so");
run_condor_job_Run3(507, 100, 2,
                    80, 200,
                    1, 1, 1, 5);
.q

ENTERED run_condor_job_Run3()
JOBID = 507
  global job = 507  Job 7/100  events [420000, 480000)  total=6000000
Processing events [420000, 480000) of 6000000
weight: 0.00133836
eec: 359.065
weight: 3.38352e-06
eec: 251.86
weight: 1.26703e-06
eec: 2325.92
weight: 6.88438e-07
eec: 265.575
weight: 6.14201e-06
eec: 3255.2
weight: 5.29594e-08
eec: 92.1267
weight: 4.52771e-06
eec: 140.54
weight: 6.57722e-06
eec: 429.974
weight: 0.000250079
eec: 390.652
weight: 0.000104543
eec: 316.312
weight: 0.000107586
eec: 334.958
weight: 1.82276e-05
eec: 1037.59
weight: 0.000199101
eec: 165.192
weight: 5.00504e-05
eec: 575.783
weight: 1.80127e-06
eec: 190.546
weight: 1.90894e-06
eec: 393.292
weight: 1.52765e-05
eec: 106.223
weight: 7.01185e-05
eec: 626.522
weight: 1.14421e-05
eec: 161.092
weight: 0.000207925
eec: 180.486
weight: 0.00011376
eec: 1149.34
weight: 0.00020758
eec: 346.326
weight: 2.51125e-05
eec: 1129.79
weight: 1.46141e-05
eec: 344.505
weight: 0.000289914
eec: 503.97
weight: 1.53914e-05
eec: 1149.58
weight: 6.0973e-05
eec: 661.501
weight: 0.00118987
eec: 208.438
weight: 2.56347e-05
eec: 552.694
weight: 8.20813e-06
eec: 99.9807
weight: 4.48809e-05
eec: 39.4297
weight: 0.000155231
eec: 572.318
weight: 0.000117348
eec: 188.834
weight: 5.50882e-05
eec: 53.2273
weight: 1.4231e-05
eec: 1570.4
weight: 4.62848e-05
eec: 119.66
weight: 2.35325e-05
eec: 1092.05
weight: 0.000174981
eec: 372.035
weight: 3.72246e-05
eec: 1133.43
weight: 0.000236805
eec: 467
weight: 1.18469e-05
eec: 12.4515
weight: 3.24562e-05
eec: 203.856
weight: 9.4802e-06
eec: 146.159
weight: 1.15117e-05
eec: 2339.29
weight: 1.99456e-05
eec: 97.8053
weight: 8.92044e-06
eec: 311.685
weight: 6.99553e-07
eec: 1046.52
weight: 7.89396e-06
eec: 492.832
weight: 2.17743e-06
eec: 4851.62
weight: 5.11276e-05
eec: 1007.96
weight: 5.02853e-06
eec: 594.615
weight: 4.03024e-07
eec: 682.514
weight: 4.01476e-05
eec: 1326.21
weight: 4.81623e-09
eec: 2196.75
weight: 4.57727e-05
eec: 1562.52
weight: 8.51719e-06
eec: 1085.66
weight: 4.13993e-05
eec: 1593.86
weight: 0.000213739
eec: 249.616
weight: 0.00019594
eec: 515.063
weight: 6.49778e-05
eec: 631.904
weight: 0.000777462
eec: 275.408
weight: 3.97316e-05
eec: 1076.93
weight: 0.000236889
eec: 205.572
weight: 0.000147695
eec: 1131.67
weight: 0.000185998
eec: 289.594
weight: 4.5097e-05
eec: 524.99
weight: 1.09591e-05
eec: 353.446
weight: 7.14939e-06
eec: 959.633
weight: 4.6371e-06
eec: 1760.24
weight: 3.66792e-05
eec: 457.084
weight: 2.0427e-05
eec: 1206
weight: 8.39712e-05
eec: 32.799
weight: 0.000192971
eec: 16.5183
weight: 5.28127e-06
eec: 1952.61
weight: 7.59488e-06
eec: 1088.69
weight: 2.03381e-05
eec: 401.295
weight: 8.15876e-07
eec: 25.9746
weight: 5.75814e-05
eec: 57.258
weight: 0.000314245
eec: 203.803
weight: 0.000125292
eec: 77.3544
weight: 3.77485e-05
eec: 710.382
weight: 0.000135037
eec: 91.8222
weight: 1.21227e-07
eec: 1959.4
weight: 0.000624324
eec: 373.188
weight: 1.42504e-05
eec: 829.354
weight: 3.06733e-05
eec: 241.481
weight: 1.39463e-05
eec: 740.583
weight: 1.36767e-05
eec: 486.26
weight: 2.97651e-05
eec: 408.176
weight: 1.35811e-07
eec: 1046.03
weight: 3.0196e-05
eec: 2402.66
weight: 3.43042e-05
eec: 413.065
weight: 1.70639e-05
eec: 880.174
weight: 0.000193691
eec: 212.558
weight: 0.000104696
eec: 324.984
weight: 2.26126e-05
eec: 257.43
weight: 1.41507e-07
eec: 733.094
weight: 6.38759e-06
eec: 2476.25
weight: 1.40404e-07
eec: 1910.63
weight: 5.96664e-07
eec: 3712.4
weight: 0.000115095
eec: 1904.53
weight: 0.000105815
eec: 642.755
weight: 2.55677e-05
eec: 400.699
weight: 6.8911e-06
eec: 826.252
weight: 1.73239e-05
eec: 112.457
weight: 0.000366591
eec: 378.029
weight: 2.58058e-05
eec: 30.5927
weight: 4.16401e-05
eec: 1489.88
weight: 4.85703e-06
eec: 251.424
weight: 4.97238e-07
eec: 389.136
weight: 1.60709e-05
eec: 100.109
weight: 2.40092e-07
eec: 726.332
weight: 1.41053e-05
eec: 923.033
weight: 3.38613e-06
eec: 132.621
weight: 1.17371e-05
eec: 207.418
weight: 7.34762e-05
eec: 73.7014
weight: 9.41151e-06
eec: 35.3561
weight: 0.000206005
eec: 531.672
Processing: 7.5 %weight: 4.8054e-06
eec: 130.379
weight: 0.000693508
eec: 304.783
weight: 1.39569e-05
eec: 745.334
weight: 1.71893e-05
eec: 59.9221
weight: 0.0001227
eec: 84.1192
weight: 8.76315e-06
eec: 80.3415
weight: 1.64666e-05
eec: 264.064
weight: 2.80858e-05
eec: 188.487
weight: 0.00035104
eec: 662.58
weight: 1.21768e-05
eec: 95.0459
weight: 4.14585e-05
eec: 33.8388
weight: 1.08923e-05
eec: 413.07
weight: 6.97705e-05
eec: 204.457
weight: 1.74626e-05
eec: 178.652
weight: 8.79392e-06
eec: 3095.55
weight: 1.66457e-05
eec: 83.7086
weight: 2.30289e-06
eec: 942.003
weight: 1.55801e-05
eec: 576.137
weight: 4.40803e-05
eec: 1192
weight: 5.09688e-06
eec: 415.099
weight: 0.00011402
eec: 571.466
weight: 1.03993e-05
eec: 1240.82
weight: 7.65698e-05
eec: 1441.87
weight: 1.02192e-05
eec: 2524.61
weight: 2.33785e-05
eec: 2602.25
weight: 4.79832e-05
eec: 290.641
weight: 3.9767e-05
eec: 1073.42
weight: 5.5159e-05
eec: 276.953
weight: 0.000282862
eec: 782.982
weight: 8.17168e-06
eec: 272.539
weight: 0.000102469
eec: 849.938
weight: 0.000138258
eec: 102.877
weight: 4.00634e-08
eec: 472.128
weight: 0.00052872
eec: 382.345
weight: 5.0647e-05
eec: 511.868
weight: 5.78072e-06
eec: 1011.12
weight: 3.07461e-05
eec: 246.876
weight: 1.54151e-05
eec: 328.729
weight: 9.12485e-06
eec: 193.874
weight: 3.77708e-06
eec: 114.009
weight: 7.67116e-05
eec: 76.0697
weight: 5.22064e-05
eec: 659.798
weight: 0.000123567
eec: 70.9462
weight: 7.19047e-06
eec: 1036.86
weight: 0.00010596
eec: 811.686
weight: 0.000186396
eec: 32.3078
weight: 7.21229e-07
eec: 989.616
weight: 3.54998e-05
eec: 881.517
weight: 2.18926e-05
eec: 444.543
weight: 4.61568e-05
eec: 590.988
weight: 5.33095e-06
eec: 65.5561
weight: 0.000173411
eec: 86.1842
weight: 2.07309e-06
eec: 837.666
weight: 5.55079e-05
eec: 255.33
weight: 0.000408398
eec: 28.5567
weight: 7.79427e-05
eec: 730.641
weight: 0.000107201
eec: 87.3743
weight: 4.83133e-05
eec: 162.2
weight: 0.000194462
eec: 1840.29
weight: 8.45279e-05
eec: 190.285
weight: 8.17659e-06
eec: 78.2762
weight: 0.000116931
eec: 536.842
weight: 1.85929e-05
eec: 138.223
weight: 1.66355e-07
eec: 153.908
weight: 9.37911e-06
eec: 2540.07
weight: 9.27525e-07
eec: 182.377
weight: 2.46391e-05
eec: 318.76
weight: 1.69588e-06
eec: 375.914
weight: 0.00039151
eec: 92.4937
weight: 0.000696482
eec: 254.485
weight: 1.21747e-05
eec: 74.7861
weight: 3.57014e-05
eec: 795.098
weight: 0.000165414
eec: 137.429
weight: 1.02926e-05
eec: 352.138
weight: 3.53027e-06
eec: 187.394
weight: 2.80072e-06
eec: 1442.62
weight: 8.60515e-06
eec: 889.197
weight: 2.38229e-05
eec: 376.562
weight: 5.09025e-06
eec: 165.759
weight: 4.15255e-05
eec: 408.467
weight: 1.31998e-05
eec: 1598.27
weight: 6.27129e-06
eec: 2125.22
weight: 7.24896e-06
eec: 1689.2
weight: 2.00567e-05
eec: 1618.28
weight: 2.18696e-05
eec: 37.6725
weight: 5.97393e-05
eec: 504.276
weight: 7.88915e-05
eec: 423.211
weight: 7.63027e-06
eec: 345.781
weight: 7.86192e-06
eec: 207.292
weight: 1.22983e-06
eec: 2114.16
weight: 1.15674e-05
eec: 2237.67
weight: 3.44172e-05
eec: 708.197
weight: 3.65245e-06
eec: 154.364
weight: 0.000379601
eec: 1415.55
weight: 4.85649e-05
eec: 1312.35
weight: 6.16355e-05
eec: 390.966
weight: 0.000363605
eec: 914.067
weight: 7.47454e-05
eec: 667.557
weight: 0.000109689
eec: 386.194
weight: 2.99925e-05
eec: 2200.37
weight: 3.45067e-05
eec: 179.798
weight: 4.23608e-05
eec: 744.719
weight: 3.24514e-05
eec: 812.247
weight: 5.64531e-07
eec: 1138.18
weight: 0.000114607
eec: 1112.14
weight: 3.55523e-07
eec: 176.938
weight: 1.7627e-06
eec: 128.303
weight: 1.27813e-06
eec: 1253.08
weight: 4.69098e-05
eec: 198.268
weight: 4.95642e-05
eec: 174.818
weight: 4.65373e-06
eec: 739.576
weight: 2.54865e-05
eec: 72.1029
weight: 1.23056e-06
eec: 1327.51
weight: 7.99004e-06
eec: 774.937
weight: 0.000845666
eec: 919.993
weight: 7.16891e-06
eec: 122.992
weight: 5.01231e-05
eec: 103.388
weight: 1.96321e-05
eec: 2414.8

ROOT exit code = 0
