gSystem->Load("run_condor_job_Run3_C.so");
run_condor_job_Run3(682, 100, 2,
                    80, 200,
                    1, 1, 1, 6);
.q

ENTERED run_condor_job_Run3()
JOBID = 682
  global job = 682  Job 82/100  events [4836360, 4895340)  total=5898000
Processing events [4836360, 4895340) of 5898000
weight: 9.10328e-05
eec: 9.39143
weight: 0.000120737
eec: 266.095
weight: 4.29687e-07
eec: 990.877
weight: 1.44562e-05
eec: 420.549
weight: 0.00012471
eec: 56.4833
weight: 1.60899e-05
eec: 684.621
weight: 1.46991e-05
eec: 213.971
weight: 0.00017849
eec: 34.5755
weight: 3.96495e-05
eec: 131.554
weight: 7.94336e-06
eec: 1901.64
weight: 0.000209005
eec: 512.8
weight: 6.37017e-05
eec: 979.706
weight: 1.70921e-05
eec: 687.53
weight: 0.000149126
eec: 236.294
weight: 2.93565e-06
eec: 345.845
weight: 1.05849e-05
eec: 764.552
weight: 6.47025e-05
eec: 231.237
weight: 5.99941e-07
eec: 423.23
weight: 0.000156365
eec: 32.3774
weight: 0.000115761
eec: 74.7452
weight: 3.07211e-05
eec: 1026.52
weight: 2.48845e-06
eec: 523.252
weight: 0.000241642
eec: 429.422
weight: 0.000407715
eec: 159.248
weight: 1.0307e-05
eec: 87.7386
weight: 0.000395534
eec: 478.83
weight: 9.83991e-05
eec: 544.323
weight: 1.11907e-05
eec: 367.653
weight: 2.51441e-06
eec: 569.907
weight: 1.86578e-06
eec: 146.61
weight: 7.18816e-06
eec: 157.029
weight: 3.90849e-05
eec: 146.264
weight: 3.92327e-05
eec: 353.872
weight: 1.375e-06
eec: 538.285
weight: 7.93239e-05
eec: 256.16
weight: 0.000533907
eec: 56.0278
weight: 5.51079e-05
eec: 884.376
weight: 3.99427e-05
eec: 75.323
weight: 3.3465e-05
eec: 175.118
weight: 8.81914e-06
eec: 760.64
weight: 3.87319e-06
eec: 153.709
weight: 9.29157e-07
eec: 431.015
weight: 0.000115721
eec: 42.7569
weight: 9.11887e-05
eec: 768.652
weight: 0.000117128
eec: 367.958
weight: 8.19345e-05
eec: 233.782
weight: 4.86164e-05
eec: 328.617
weight: 2.41751e-06
eec: 124.966
weight: 9.20705e-06
eec: 160.569
weight: 0.000410706
eec: 499.452
weight: 0.000125603
eec: 336.568
weight: 1.82426e-05
eec: 1087.88
weight: 0.000180036
eec: 603.245
weight: 1.55055e-05
eec: 32.5174
Processing: 82.2313 %weight: 5.93213e-06
eec: 1862.02
weight: 6.28596e-08
eec: 1307.2
weight: 5.87995e-05
eec: 274.724
weight: 2.83512e-06
eec: 545.77
weight: 1.39552e-05
eec: 886.865
weight: 1.13292e-05
eec: 783.055
weight: 5.58067e-05
eec: 101.767
weight: 4.37307e-06
eec: 559.518
weight: 3.25421e-05
eec: 261.311
weight: 2.09898e-05
eec: 494.281
weight: 2.33114e-05
eec: 569.351
weight: 3.48212e-05
eec: 4344.69
weight: 7.74783e-05
eec: 27.1963
weight: 1.52597e-05
eec: 3386.44
weight: 9.22519e-05
eec: 560.287
weight: 8.60089e-06
eec: 1754.35
weight: 1.22469e-05
eec: 2171.03
weight: 2.11683e-05
eec: 596.862
weight: 4.5995e-06
eec: 2036.45
weight: 0.00010742
eec: 172.269
weight: 9.67368e-05
eec: 390.732
weight: 0.000239567
eec: 19.2786
weight: 0.00030491
eec: 628.053
weight: 4.0164e-05
eec: 292.569
weight: 2.54684e-05
eec: 1184.94
weight: 1.90641e-07
eec: 36.0932
weight: 3.9999e-06
eec: 547.867
weight: 2.30054e-05
eec: 1580.06
weight: 1.05943e-08
eec: 849.731
weight: 7.18098e-06
eec: 1086.75
weight: 7.54727e-05
eec: 65.9589
weight: 3.5632e-05
eec: 431.883
weight: 4.9929e-06
eec: 334.597
weight: 0.000137523
eec: 146.406
weight: 9.47738e-05
eec: 1239.22
weight: 1.01088e-05
eec: 593.852
weight: 5.12894e-05
eec: 307.861
weight: 2.38616e-05
eec: 218.168
weight: 2.55495e-05
eec: 833.844
weight: 8.74759e-05
eec: 45.4811
weight: 3.30172e-05
eec: 255.462
weight: 4.75713e-06
eec: 3320.92
weight: 0.000156033
eec: 23.1186
weight: 1.12211e-05
eec: 231.916
weight: 3.56467e-07
eec: 334.796
weight: 5.00592e-05
eec: 855.581
weight: 4.60047e-06
eec: 283.657
weight: 1.74766e-05
eec: 317.906
weight: 2.08568e-05
eec: 518.991
weight: 8.47584e-07
eec: 158.636
weight: 5.65614e-05
eec: 105.01
weight: 8.10734e-06
eec: 60.7783
weight: 0.000224457
eec: 283.949
weight: 2.18513e-05
eec: 2039.73
weight: 9.91898e-05
eec: 273.116
weight: 7.73782e-07
eec: 254.772
weight: 3.3723e-06
eec: 394.202
weight: 0.000369821
eec: 355.093
weight: 2.81696e-05
eec: 148.298
weight: 1.50646e-05
eec: 582.11
weight: 8.10282e-08
eec: 63.4117
weight: 9.83362e-06
eec: 1555.33
weight: 5.84904e-06
eec: 3367.94
weight: 5.84904e-06
eec: 250.588
weight: 0.000195209
eec: 177.503
weight: 0.000182283
eec: 695.263
weight: 1.46906e-05
eec: 344.902
weight: 4.61287e-05
eec: 991.644
weight: 0.000121292
eec: 125.192
weight: 4.65052e-05
eec: 323.636
weight: 9.9889e-05
eec: 775.824
weight: 1.17085e-06
eec: 540.199
weight: 2.12898e-05
eec: 429.397
weight: 1.57942e-06
eec: 1070.08
weight: 9.7226e-05
eec: 219.033
weight: 0.000289317
eec: 158.135
weight: 0.000198917
eec: 51.105
weight: 2.24206e-05
eec: 458.906
weight: 7.50268e-06
eec: 259.945
weight: 9.58291e-09
eec: 187.782
weight: 9.71868e-06
eec: 132.184
weight: 2.26563e-05
eec: 303.213
weight: 0.000437176
eec: 492.363
weight: 1.02761e-06
eec: 183.045
weight: 8.28729e-05
eec: 249.921
weight: 7.51019e-06
eec: 1190.77
weight: 4.43307e-05
eec: 565.784
weight: 4.32123e-05
eec: 267.804
weight: 9.8432e-06
eec: 277.259
weight: 1.09288e-05
eec: 255.45
weight: 5.6356e-05
eec: 185.578
weight: 6.35404e-05
eec: 361.344
weight: 5.3033e-06
eec: 168.854
weight: 8.83368e-07
eec: 144.12
weight: 5.88073e-06
eec: 882.21
weight: 0.000288363
eec: 1066.01
weight: 1.4364e-05
eec: 270.358
weight: 0.000222988
eec: 485.692
weight: 5.69063e-05
eec: 463.879
weight: 2.85519e-05
eec: 309.134
weight: 1.30937e-05
eec: 118.602
weight: 2.873e-05
eec: 94.7644
weight: 2.19358e-05
eec: 301.389
weight: 7.27406e-05
eec: 689.543
weight: 3.56727e-05
eec: 121.204
weight: 0.000163005
eec: 329.241
weight: 1.08785e-05
eec: 221.722
weight: 3.3529e-05
eec: 426.665
weight: 1.61271e-06
eec: 52.2612
weight: 0.000488104
eec: 238.055
weight: 3.36228e-05
eec: 1316.07
weight: 3.84064e-06
eec: 1050.23
weight: 3.62719e-05
eec: 293.624
weight: 9.73936e-06
eec: 2207.78
weight: 3.28901e-06
eec: 1526.1
weight: 4.7486e-05
eec: 101.417
weight: 0.000110067
eec: 576.304
weight: 0.000146287
eec: 255.785
weight: 0.000168896
eec: 475.36
weight: 8.70022e-06
eec: 157.326
weight: 3.03173e-05
eec: 39.3187
weight: 3.03173e-05
eec: 41.5935
weight: 7.6027e-07
eec: 2105.04
weight: 0.00108479
eec: 110.747
weight: 4.49394e-08
eec: 68.4182
weight: 7.95706e-06
eec: 443.225
weight: 6.96401e-07
eec: 680.928
weight: 9.08956e-07
eec: 227.946
weight: 4.76578e-06
eec: 40.1434
weight: 0.000143124
eec: 994.668
weight: 4.29866e-05
eec: 172.322
weight: 7.8593e-05
eec: 404.264
weight: 1.43124e-05
eec: 196.231
weight: 2.2396e-05
eec: 104.651
weight: 2.40757e-05
eec: 127.437
weight: 2.14177e-05
eec: 779.628
weight: 3.44759e-05
eec: 583.172
weight: 2.47176e-08
eec: 211.913
weight: 1.41534e-05
eec: 1559.88
weight: 1.69103e-05
eec: 111.309
weight: 0.000134429
eec: 761.828
weight: 4.6728e-05
eec: 150.345
weight: 1.02481e-05
eec: 556.215
weight: 1.6352e-05
eec: 211.76
weight: 4.75052e-05
eec: 383.829
weight: 1.07078e-05
eec: 754.983
weight: 0.000203763
eec: 190.889
weight: 4.4787e-06
eec: 424.745
weight: 4.03282e-06
eec: 255.693
weight: 4.05812e-05
eec: 137.375
weight: 3.42192e-07
eec: 94.7113
weight: 9.09725e-08
eec: 476.543
weight: 2.84979e-06
eec: 256.559
weight: 3.46343e-06
eec: 221.734
weight: 2.98468e-05
eec: 422.963
weight: 3.29524e-05
eec: 203.903
weight: 1.60552e-05
eec: 858.467
weight: 1.56214e-05
eec: 201.5
weight: 6.53187e-05
eec: 282.716
weight: 1.00814e-05
eec: 237.333
weight: 7.91544e-05
eec: 608.288
weight: 7.16295e-06
eec: 1179.82
weight: 0.000382165
eec: 555.019
weight: 0.00013497
eec: 78.5477
weight: 0.000132953
eec: 10.2769
weight: 7.66305e-06
eec: 1958.22
weight: 1.08213e-05
eec: 674.063
weight: 3.47056e-05
eec: 934.876
weight: 5.15657e-05
eec: 961.631
weight: 0.000308181
eec: 68.7472
weight: 2.08727e-07
eec: 69.918
weight: 1.20847e-05
eec: 582.579
weight: 0.00152194
eec: 293.134
weight: 4.68626e-06
eec: 2446.9
weight: 0.000197861
eec: 305.547
weight: 6.9943e-05
eec: 543.553
weight: 3.70538e-05
eec: 353.617
weight: 0.000127332
eec: 505.4
weight: 2.58646e-05
eec: 264.717
weight: 2.58361e-05
eec: 1137.61
weight: 2.31381e-05
eec: 928.038
weight: 7.87846e-06
eec: 542.24
weight: 2.97425e-05
eec: 346.64
weight: 0.000263989
eec: 723.845
weight: 8.57279e-05
eec: 168.257
weight: 1.24993e-05
eec: 1390.47
weight: 4.49869e-05
eec: 35.6609
weight: 8.99433e-05
eec: 1144.96
weight: 0.000136661
eec: 1773.11
weight: 2.03648e-05
eec: 33.5068
weight: 1.0571e-05
eec: 1777.44
weight: 1.22491e-05
eec: 1605
weight: 4.89966e-07
eec: 276.202
weight: 7.91834e-06
eec: 1166.21
weight: 3.14758e-05
eec: 942.747
weight: 0.000957941
eec: 422.726
weight: 3.44621e-05
eec: 474.087

ROOT exit code = 0
