gSystem->Load("run_condor_job_Run3_C.so");
run_condor_job_Run3(775, 100, 2,
                    80, 200,
                    1, 1, 1, 7);
.q

ENTERED run_condor_job_Run3()
JOBID = 775
  global job = 775  Job 75/100  events [4270500, 4327440)  total=5694000
Processing events [4270500, 4327440) of 5694000
weight: 3.9048e-05
eec: 1623.1
weight: 5.9358e-05
eec: 177.221
weight: 1.55775e-06
eec: 167.107
weight: 7.74361e-06
eec: 296.749
weight: 3.51152e-05
eec: 346.965
weight: 5.08522e-06
eec: 648.771
weight: 1.12836e-05
eec: 109.559
weight: 3.29037e-05
eec: 46.724
weight: 8.61034e-06
eec: 3546.93
weight: 1.8255e-06
eec: 434.811
weight: 2.32123e-05
eec: 213.148
weight: 8.8392e-06
eec: 231.778
weight: 0.000144973
eec: 1849.42
weight: 0.000169844
eec: 28.5501
weight: 5.65684e-05
eec: 753.596
weight: 2.38857e-05
eec: 1060.21
weight: 0.00168285
eec: 392.596
weight: 3.32355e-06
eec: 156.919
weight: 3.29418e-05
eec: 862.422
weight: 2.78505e-06
eec: 145.448
weight: 1.70108e-05
eec: 69.4345
weight: 9.21848e-05
eec: 545.915
weight: 1.03299e-05
eec: 127.366
weight: 2.65289e-05
eec: 766.856
weight: 1.16576e-05
eec: 1144.99
weight: 2.42491e-05
eec: 824.66
weight: 3.17663e-06
eec: 821.831
weight: 3.28988e-05
eec: 611.188
weight: 5.78181e-06
eec: 634.486
weight: 0.000226274
eec: 299.849
weight: 0.000157025
eec: 627.785
weight: 2.56444e-07
eec: 128.58
weight: 0.00223235
eec: 18.5784
weight: 5.82463e-05
eec: 309.881
weight: 5.08338e-05
eec: 178.662
weight: 1.83164e-06
eec: 382.356
weight: 5.3283e-06
eec: 105.437
weight: 0.000133051
eec: 1022.45
weight: 6.78558e-05
eec: 730.176
weight: 3.10784e-06
eec: 1494.34
weight: 3.10784e-06
eec: 952.951
weight: 1.27308e-05
eec: 304.256
weight: 1.94997e-05
eec: 11.9239
weight: 3.65442e-05
eec: 38.8029
weight: 6.05917e-06
eec: 537.503
weight: 4.12978e-05
eec: 455.495
weight: 0.000202665
eec: 593.906
weight: 8.32866e-06
eec: 1280.2
weight: 8.14648e-07
eec: 166.11
weight: 4.57721e-05
eec: 1219.37
weight: 3.07596e-05
eec: 448.945
weight: 2.55509e-07
eec: 341.949
weight: 7.46446e-06
eec: 58.9358
weight: 0.000143678
eec: 991.003
weight: 9.10823e-06
eec: 3822.13
weight: 3.7855e-05
eec: 194.201
weight: 0.000131123
eec: 266.759
weight: 0.000160229
eec: 87.0649
weight: 3.37808e-06
eec: 299.359
weight: 8.65309e-05
eec: 661.067
weight: 0.000722836
eec: 254.355
weight: 4.49566e-06
eec: 143.312
weight: 0.000128657
eec: 620.87
weight: 2.33986e-05
eec: 785.259
weight: 0.000128532
eec: 163.977
weight: 5.75593e-06
eec: 807.333
weight: 1.66051e-06
eec: 1080.25
weight: 5.45211e-06
eec: 3437.38
weight: 5.45211e-06
eec: 367.253
weight: 1.12832e-05
eec: 373.303
weight: 0.000100899
eec: 101.472
weight: 0.000899478
eec: 724.457
weight: 5.511e-07
eec: 139.219
weight: 0.000180459
eec: 579.005
weight: 0.0003371
eec: 389.689
weight: 0.000122903
eec: 76.0251
weight: 0.000144334
eec: 101.152
weight: 0.000619261
eec: 281.541
weight: 0.000125429
eec: 279.108
weight: 3.66327e-05
eec: 767.632
weight: 0.000192807
eec: 94.0028
weight: 3.38324e-05
eec: 172.918
weight: 6.15433e-06
eec: 82.0685
weight: 3.28078e-06
eec: 1795.09
weight: 4.6375e-05
eec: 332.359
weight: 0.000121948
eec: 934.977
weight: 1.11661e-05
eec: 253.345
weight: 1.20851e-05
eec: 124.518
weight: 0.000230496
eec: 1304.66
weight: 8.26256e-05
eec: 270.263
weight: 1.77397e-05
eec: 98.0278
weight: 2.0421e-05
eec: 247.034
weight: 1.577e-05
eec: 1310.79
weight: 0.000162228
eec: 54.8545
weight: 0.000305093
eec: 387.521
weight: 3.8607e-05
eec: 413.844
weight: 4.61514e-05
eec: 215.811
weight: 7.74009e-06
eec: 670.389
weight: 1.75701e-05
eec: 870.964
weight: 0.000110206
eec: 173.275
weight: 8.44898e-07
eec: 212.728
weight: 9.0945e-06
eec: 174.71
weight: 3.0488e-05
eec: 472.931
weight: 1.26172e-06
eec: 157.064
weight: 2.56211e-05
eec: 754.25
weight: 4.18e-05
eec: 51.9125
weight: 0.000571674
eec: 1146.65
weight: 2.00713e-05
eec: 754.654
weight: 1.81903e-07
eec: 1501.92
weight: 5.60367e-06
eec: 590.703
weight: 6.58008e-06
eec: 2417.67
weight: 0.000352341
eec: 238.061
weight: 3.75322e-05
eec: 440.611
weight: 7.70746e-06
eec: 551.758
weight: 0.000140456
eec: 306.869
weight: 9.30592e-06
eec: 754.573
weight: 2.54981e-06
eec: 431.103
Processing: 75.5181 %weight: 6.63535e-06
eec: 2312.62
weight: 2.35704e-05
eec: 585.593
weight: 0.000907326
eec: 752.234
weight: 0.000283166
eec: 1469.38
weight: 6.24733e-06
eec: 350.318
weight: 7.94717e-06
eec: 1446.41
weight: 7.22144e-05
eec: 56.4022
weight: 2.29629e-05
eec: 2476.06
weight: 3.51587e-05
eec: 114.173
weight: 0.00122849
eec: 99.2176
weight: 1.10253e-05
eec: 621.4
weight: 2.87785e-05
eec: 106.993
weight: 0.000109536
eec: 380.081
weight: 2.52382e-05
eec: 843.565
weight: 3.1299e-06
eec: 123.898
weight: 8.47773e-09
eec: 17.4854
weight: 8.81805e-06
eec: 640.399
weight: 8.40572e-06
eec: 206.089
weight: 0.000101712
eec: 1356.12
weight: 0.00049647
eec: 103.969
weight: 1.43331e-06
eec: 196.889
weight: 0.000101371
eec: 446.766
weight: 7.27723e-06
eec: 768.893
weight: 3.85499e-06
eec: 813.534
weight: 6.01084e-05
eec: 134.741
weight: 5.38338e-05
eec: 1471.54
weight: 0.000700329
eec: 496.532
weight: 1.64854e-06
eec: 694.112
weight: 3.13466e-06
eec: 185.087
weight: 3.33378e-05
eec: 462.825
weight: 6.4977e-05
eec: 482.503
weight: 2.1046e-07
eec: 109.379
weight: 5.21408e-06
eec: 2574.28
weight: 9.28545e-06
eec: 644.059
weight: 6.17684e-08
eec: 832.424
weight: 8.4655e-05
eec: 252.777
weight: 5.97757e-06
eec: 205.713
weight: 2.05173e-06
eec: 620.726
weight: 1.66088e-05
eec: 562.05
weight: 2.41068e-05
eec: 578.724
weight: 2.27522e-05
eec: 191.182
weight: 0.000268611
eec: 88.7939
weight: 6.11685e-06
eec: 1135.21
weight: 4.34401e-05
eec: 1663.19
weight: 4.5575e-05
eec: 188.918
weight: 8.63851e-06
eec: 202.121
weight: 4.17229e-05
eec: 172.844
weight: 0.000186952
eec: 974.635
weight: 2.17434e-05
eec: 1087.98
weight: 1.88478e-06
eec: 1422.28
weight: 3.23461e-05
eec: 952.242
weight: 5.98113e-05
eec: 588.835
weight: 6.20201e-05
eec: 2019.93
weight: 7.5598e-07
eec: 62.0333
weight: 1.3404e-05
eec: 699.757
weight: 1.58715e-05
eec: 104.859
weight: 1.39487e-05
eec: 416.559
weight: 3.14967e-05
eec: 396.783
weight: 3.68473e-05
eec: 1100.03
weight: 1.76403e-05
eec: 440.31
weight: 3.91762e-05
eec: 97.8393
weight: 1.0225e-05
eec: 241.482
weight: 1.61984e-05
eec: 420.679
weight: 1.27236e-06
eec: 652.139
weight: 1.97211e-05
eec: 161.799
weight: 6.06121e-06
eec: 901.186
weight: 6.85859e-05
eec: 617.238
weight: 2.62196e-05
eec: 103.436
weight: 3.44069e-07
eec: 1149.43
weight: 5.69893e-05
eec: 248.454
weight: 1.92723e-06
eec: 8.95201
weight: 3.89564e-05
eec: 3217.94
weight: 2.368e-05
eec: 529.551
weight: 2.55464e-05
eec: 478.123
weight: 3.25961e-06
eec: 910.985
weight: 0.000282033
eec: 544.244
weight: 0.000288945
eec: 83.8153
weight: 1.80451e-05
eec: 1475.47
weight: 8.39268e-06
eec: 41.5287
weight: 2.58404e-06
eec: 124.035
weight: 0.000114441
eec: 80.1182
weight: 6.75752e-05
eec: 1185.63
weight: 3.17873e-05
eec: 1658.68
weight: 9.52741e-05
eec: 652.521
weight: 2.02571e-06
eec: 1290.12
weight: 9.96412e-06
eec: 372.152
weight: 9.31801e-05
eec: 134.096
weight: 1.34022e-05
eec: 995.475
weight: 1.91287e-05
eec: 28.9066
weight: 8.4155e-07
eec: 1548.48
weight: 0.000329399
eec: 447.059
weight: 0.000166313
eec: 571.092
weight: 6.50237e-05
eec: 232.424
weight: 7.60664e-06
eec: 355.13
weight: 7.24255e-07
eec: 1314
weight: 2.22223e-06
eec: 640.613
weight: 1.10756e-07
eec: 620.219
weight: 0.000113922
eec: 25.8872
weight: 2.56838e-05
eec: 228.633
weight: 3.04691e-06
eec: 1007.89
weight: 2.27989e-07
eec: 109.144
weight: 3.34305e-06
eec: 241.044
weight: 3.00884e-05
eec: 586.495
weight: 1.59239e-05
eec: 1766.17
weight: 1.24766e-06
eec: 1668.67
weight: 7.89811e-06
eec: 498.855
weight: 0.000234675
eec: 45.3177
weight: 2.63385e-05
eec: 24.0178
weight: 1.62243e-05
eec: 101.321
weight: 1.67791e-07
eec: 116.98
weight: 5.37858e-06
eec: 887.095
weight: 9.11913e-05
eec: 241.931
weight: 2.27165e-05
eec: 1761.71
weight: 3.80018e-05
eec: 1464.68
weight: 1.0905e-05
eec: 240.858
weight: 3.02942e-05
eec: 1264.58
weight: 0.000323492
eec: 257.843
weight: 5.22586e-06
eec: 311.825
weight: 3.47299e-05
eec: 449.423
weight: 0.000123238
eec: 267.929
weight: 3.4671e-05
eec: 35.9053

ROOT exit code = 0
