gSystem->Load("run_condor_job_Run3_C.so");
run_condor_job_Run3(456, 100, 2,
                    80, 200,
                    1, 1, 1, 4);
.q

ENTERED run_condor_job_Run3()
JOBID = 456
  global job = 456  Job 56/100  events [3302880, 3361860)  total=5898000
Processing events [3302880, 3361860) of 5898000
weight: 0.000112242
eec: 2.72337
weight: 9.01642e-07
eec: 198.581
weight: 5.33809e-06
eec: 401.43
weight: 7.87158e-06
eec: 303.252
weight: 1.75219e-05
eec: 1113.73
weight: 0.000287838
eec: 245.066
weight: 8.35521e-05
eec: 115.963
weight: 1.3503e-05
eec: 113.439
weight: 0.000229965
eec: 220.101
weight: 2.54953e-05
eec: 535.418
weight: 6.89956e-06
eec: 1324.65
weight: 0.000300382
eec: 419.25
weight: 1.12104e-07
eec: 684.074
weight: 1.43272e-06
eec: 667.404
weight: 2.43304e-05
eec: 74.881
weight: 8.48545e-06
eec: 111.888
weight: 4.05064e-06
eec: 240.253
weight: 0.000962389
eec: 171.105
weight: 4.68047e-05
eec: 1151.01
weight: 5.46918e-06
eec: 137.028
weight: 3.58108e-05
eec: 345.936
weight: 1.75809e-05
eec: 2388.55
weight: 1.82023e-06
eec: 438.734
weight: 9.41483e-09
eec: 2056.49
weight: 0.000116034
eec: 101.044
weight: 2.29625e-05
eec: 389.211
weight: 4.41281e-05
eec: 639.555
weight: 0.000179258
eec: 761.573
weight: 6.41891e-05
eec: 833.858
weight: 5.29174e-05
eec: 231.959
weight: 9.88533e-07
eec: 311.445
weight: 2.23457e-05
eec: 179.853
weight: 0.000940935
eec: 182.836
weight: 4.34609e-07
eec: 547.969
weight: 4.25894e-06
eec: 49.775
weight: 1.3005e-05
eec: 301.138
weight: 8.46089e-05
eec: 174.483
weight: 1.82029e-06
eec: 744.389
weight: 1.34745e-05
eec: 924.162
weight: 8.35427e-06
eec: 956.616
weight: 1.06202e-05
eec: 1112.73
weight: 7.57998e-05
eec: 498.284
weight: 1.14307e-05
eec: 465.338
weight: 3.99906e-05
eec: 612.705
weight: 3.17321e-06
eec: 2171.92
weight: 5.25004e-06
eec: 659.312
weight: 3.1279e-05
eec: 562.548
weight: 3.61693e-06
eec: 704.892
weight: 1.19152e-05
eec: 900.108
weight: 1.73372e-05
eec: 2241.77
weight: 0.000147336
eec: 114.236
weight: 3.57546e-05
eec: 119.612
weight: 1.74503e-06
eec: 4512.87
weight: 1.10685e-05
eec: 3147.54
weight: 1.70638e-06
eec: 175.822
weight: 2.04537e-06
eec: 2330.08
weight: 0.00012466
eec: 995.581
weight: 3.50937e-05
eec: 143.034
weight: 0.000953074
eec: 438.543
weight: 4.71114e-05
eec: 835.275
weight: 2.17645e-05
eec: 47.6138
weight: 5.66676e-06
eec: 597.635
weight: 4.43861e-06
eec: 532.932
weight: 0.000211839
eec: 981.173
weight: 3.85733e-05
eec: 293.94
weight: 3.86322e-05
eec: 655.183
weight: 0.000717792
eec: 472.678
weight: 5.4544e-06
eec: 902.158
weight: 1.4185e-05
eec: 167.622
weight: 9.68398e-07
eec: 169.517
weight: 3.83313e-06
eec: 3234.89
weight: 7.50115e-06
eec: 255.016
weight: 4.59506e-06
eec: 113.995
weight: 0.000174557
eec: 442.412
weight: 8.31383e-07
eec: 928.854
weight: 6.40872e-05
eec: 76.2423
weight: 1.70584e-05
eec: 795.472
weight: 9.62051e-08
eec: 570.305
weight: 0.000176045
eec: 1696.16
weight: 5.4304e-05
eec: 882.402
weight: 0.000167227
eec: 1178.66
weight: 0.000160771
eec: 402.505
weight: 1.79134e-06
eec: 2111.96
weight: 3.58342e-05
eec: 153.563
weight: 6.76601e-05
eec: 257.446
weight: 5.27593e-05
eec: 1692.94
weight: 0.000104695
eec: 223.905
weight: 1.71209e-05
eec: 197.604
weight: 0.000560226
eec: 110.491
weight: 1.5264e-05
eec: 1008.04
weight: 1.54505e-05
eec: 7.42696
weight: 4.46664e-05
eec: 955.261
weight: 2.82033e-05
eec: 478.668
weight: 5.2138e-06
eec: 72.6428
weight: 9.62736e-07
eec: 184.109
weight: 7.41627e-07
eec: 195.256
weight: 0.000578094
eec: 209.609
weight: 9.86959e-05
eec: 691.208
weight: 1.24752e-05
eec: 1696.96
weight: 4.28803e-06
eec: 1475.23
weight: 7.60509e-05
eec: 200.928
weight: 4.41337e-06
eec: 770.309
weight: 4.23444e-07
eec: 556.577
weight: 0.000163326
eec: 576.628
weight: 1.26631e-07
eec: 412.161
weight: 0.000225247
eec: 655.069
weight: 1.87134e-05
eec: 1298.32
weight: 1.71441e-05
eec: 1117.67
weight: 4.87142e-06
eec: 742.028
weight: 1.98287e-05
eec: 555.459
weight: 2.14266e-05
eec: 305.604
weight: 0.000319553
eec: 101.831
weight: 2.25371e-05
eec: 1064.56
weight: 9.81405e-05
eec: 520.019
weight: 3.04974e-05
eec: 310.27
weight: 7.46781e-05
eec: 1351.38
weight: 0.000246104
eec: 72.468
weight: 0.000424466
eec: 148.812
weight: 0.000834825
eec: 153.121
weight: 3.00452e-05
eec: 1244.26
weight: 0.000102078
eec: 1846.39
weight: 0.000125606
eec: 154.356
weight: 1.51636e-05
eec: 893.109
weight: 0.000440303
eec: 776.211
weight: 1.28177e-05
eec: 1103.02
weight: 0.000124384
eec: 147.355
weight: 0.000100211
eec: 151.654
weight: 6.88345e-07
eec: 1442.71
weight: 8.04926e-08
eec: 358.147
weight: 5.45465e-06
eec: 511.734
weight: 9.61907e-05
eec: 326.613
weight: 1.40389e-05
eec: 2234.54
weight: 6.10277e-06
eec: 77.0762
weight: 5.76698e-05
eec: 394.896
weight: 1.27319e-06
eec: 982.693
weight: 2.44567e-05
eec: 312.248
weight: 0.000203148
eec: 60.136
weight: 0.000196735
eec: 127.6
weight: 0.000163858
eec: 223.089
weight: 4.18141e-06
eec: 783.866
weight: 4.63791e-06
eec: 159.761
weight: 1.31429e-05
eec: 295.107
weight: 4.7003e-09
eec: 869.353
weight: 6.46971e-06
eec: 406.03
weight: 8.6002e-06
eec: 631.738
weight: 9.37718e-07
eec: 54.196
weight: 1.59512e-05
eec: 1097.62
weight: 3.13986e-06
eec: 1535.09
weight: 3.86051e-06
eec: 617.539
weight: 0.000301087
eec: 493.469
weight: 8.58266e-05
eec: 258.61
weight: 0.000135291
eec: 63.4752
weight: 6.86551e-05
eec: 1136.04
weight: 5.6673e-05
eec: 1038.8
weight: 0.000293846
eec: 351.277
weight: 2.632e-05
eec: 85.6205
weight: 0.000656811
eec: 65.1691
weight: 0.000432161
eec: 402.957
weight: 1.21676e-05
eec: 1119.32
weight: 3.06771e-05
eec: 324.953
weight: 0.000114475
eec: 154.154
weight: 2.71715e-05
eec: 279.867
weight: 0.000364181
eec: 577.351
weight: 6.75229e-06
eec: 3970.63
weight: 2.17346e-06
eec: 1139.16
weight: 3.25895e-05
eec: 579.526
weight: 1.90199e-05
eec: 1649.22
weight: 0.000279576
eec: 284.484
weight: 4.12544e-05
eec: 799.744
weight: 2.31463e-05
eec: 785.533
weight: 4.18021e-05
eec: 207.652
weight: 6.15581e-06
eec: 685.496
weight: 1.66666e-05
eec: 116.814
weight: 0.000200244
eec: 562.03
weight: 8.68629e-05
eec: 1258.47
weight: 1.40897e-06
eec: 249.351
weight: 4.07576e-08
eec: 684.007
weight: 0.0011527
eec: 765.391
weight: 3.93979e-06
eec: 73.9928
weight: 0.000147299
eec: 174.13
weight: 9.86928e-05
eec: 1062.74
weight: 1.53804e-05
eec: 440.212
weight: 5.05514e-05
eec: 221.425
weight: 6.04297e-05
eec: 1051.21
weight: 6.49326e-06
eec: 97.8903
weight: 0.000206373
eec: 588.561
weight: 1.30752e-05
eec: 79.2398
weight: 5.657e-05
eec: 468.452
weight: 1.42926e-05
eec: 295.641
weight: 1.50278e-05
eec: 432.798
weight: 1.29054e-05
eec: 402.023
weight: 8.05223e-05
eec: 247.981
weight: 4.59792e-06
eec: 154.346
weight: 4.15913e-06
eec: 474.778
weight: 5.66263e-06
eec: 2154.09
weight: 6.76829e-05
eec: 55.9955
weight: 0.000199075
eec: 332.483
weight: 7.17513e-05
eec: 77.6418
Processing: 56.7989 %weight: 0.000102227
eec: 473.524
weight: 0.000211703
eec: 142.829
weight: 9.41903e-08
eec: 457.091
weight: 9.46964e-05
eec: 93.6049
weight: 5.16174e-05
eec: 30.122
weight: 5.34202e-06
eec: 165.354
weight: 1.69622e-05
eec: 1646.93
weight: 0.000184481
eec: 77.1927
weight: 1.09148e-05
eec: 120.648
weight: 2.34751e-06
eec: 43.021
weight: 9.77246e-05
eec: 192.902
weight: 2.60011e-06
eec: 126.534
weight: 1.06644e-05
eec: 1910.59
weight: 7.85691e-06
eec: 542.383
weight: 8.21823e-05
eec: 985.216
weight: 0.00050606
eec: 103.094
weight: 0.00018241
eec: 260.861
weight: 0.000421069
eec: 33.0147
weight: 0.000680695
eec: 974.365
weight: 6.00001e-05
eec: 21.3124
weight: 0.000666282
eec: 65.1215
weight: 0.00065646
eec: 1178.99
weight: 3.61694e-05
eec: 914.023
weight: 1.34691e-05
eec: 222.931
weight: 7.88952e-05
eec: 131.236
weight: 1.24348e-05
eec: 1969.68
weight: 7.42421e-06
eec: 654.111
weight: 0.000312398
eec: 8.37181
weight: 3.57631e-05
eec: 436.454
weight: 2.17527e-05
eec: 375.838
weight: 2.16887e-05
eec: 1038.6
weight: 5.34856e-06
eec: 1725.57
weight: 3.47647e-05
eec: 1485.62
weight: 0.00024013
eec: 72.5818
weight: 5.28634e-07
eec: 3340.36
weight: 0.000156585
eec: 248.379
weight: 5.29584e-05
eec: 1023.54
weight: 5.01763e-07
eec: 247.582
weight: 6.03198e-06
eec: 90.6499
weight: 1.44294e-05
eec: 156.787
weight: 1.7169e-05
eec: 1115.45
weight: 5.86116e-05
eec: 42.2743
weight: 4.19209e-05
eec: 1350.66
weight: 8.48871e-05
eec: 1067.58
weight: 7.47468e-06
eec: 206.342
weight: 0.000107111
eec: 1323.84
weight: 1.45314e-05
eec: 599.701
weight: 0.000568321
eec: 77.5319
weight: 0.000719741
eec: 359.357
weight: 3.36464e-06
eec: 663.895
weight: 5.50706e-06
eec: 316.61
weight: 0.000128307
eec: 247.34

ROOT exit code = 0
