gSystem->Load("run_condor_job_Run3_C.so");
run_condor_job_Run3(588, 100, 2,
                    80, 200,
                    1, 1, 1, 5);
.q

ENTERED run_condor_job_Run3()
JOBID = 588
  global job = 588  Job 88/100  events [5280000, 5340000)  total=6000000
Processing events [5280000, 5340000) of 6000000
weight: 6.81423e-06
eec: 1107.21
weight: 0.000235789
eec: 176.874
weight: 7.3408e-05
eec: 83.6243
weight: 9.01603e-05
eec: 702.378
weight: 7.2909e-06
eec: 2896.44
weight: 0.000110015
eec: 257.149
weight: 6.21929e-05
eec: 2242.68
weight: 0.000139783
eec: 345.904
weight: 1.25964e-06
eec: 2006.72
weight: 0.000351856
eec: 131.674
weight: 0.000132225
eec: 771.68
weight: 0.000246087
eec: 311.826
weight: 0.000820398
eec: 771.96
weight: 8.67812e-06
eec: 128.147
weight: 1.19821e-05
eec: 3386.42
weight: 1.0166e-05
eec: 4137.22
weight: 9.7567e-05
eec: 276.943
weight: 0.000192197
eec: 671.812
weight: 4.62566e-05
eec: 620.213
weight: 1.40478e-05
eec: 251.984
weight: 2.62429e-05
eec: 1347.13
weight: 1.13101e-05
eec: 172.89
weight: 6.61261e-05
eec: 301.79
weight: 1.95959e-05
eec: 216.618
weight: 0.000143791
eec: 824.949
weight: 2.05149e-05
eec: 454.33
weight: 5.24362e-06
eec: 696.533
weight: 8.99814e-05
eec: 260.425
weight: 2.24659e-05
eec: 198.616
weight: 2.31677e-05
eec: 115.913
weight: 1.49338e-05
eec: 374.226
weight: 0.00011856
eec: 415.841
weight: 2.6306e-06
eec: 44.119
weight: 1.37183e-06
eec: 589.839
weight: 2.97593e-05
eec: 408.637
weight: 0.000208581
eec: 652.142
weight: 7.83907e-06
eec: 188.667
weight: 0.00138661
eec: 72.6396
weight: 6.73077e-05
eec: 62.0884
weight: 4.61528e-06
eec: 74.0462
weight: 0.00012858
eec: 416.719
weight: 9.13035e-05
eec: 263.572
weight: 7.06863e-06
eec: 334.57
weight: 0.000758891
eec: 202.52
weight: 0.000249417
eec: 359.06
weight: 6.17667e-05
eec: 105.206
weight: 3.81833e-06
eec: 154.597
weight: 6.48752e-05
eec: 292.128
weight: 6.54202e-06
eec: 183.123
weight: 5.5497e-06
eec: 1522.79
weight: 1.93979e-07
eec: 367.438
weight: 0.000563424
eec: 459.44
weight: 0.000246246
eec: 326.83
weight: 5.43425e-05
eec: 37.2612
weight: 4.80011e-06
eec: 536.556
weight: 0.000166295
eec: 284.374
weight: 1.7606e-05
eec: 449.017
weight: 8.3435e-06
eec: 26.3477
weight: 5.98928e-05
eec: 507.633
weight: 1.66238e-05
eec: 409.912
weight: 8.69613e-05
eec: 54.135
weight: 1.21939e-05
eec: 54.1516
weight: 2.74958e-05
eec: 762.917
weight: 1.02734e-06
eec: 1437.35
weight: 9.37766e-07
eec: 1197.72
weight: 2.83878e-06
eec: 1684.86
weight: 0.000185361
eec: 161.861
weight: 1.65833e-05
eec: 211.682
weight: 1.65833e-05
eec: 657.812
weight: 9.09469e-05
eec: 303.836
weight: 0.000522617
eec: 149.477
weight: 1.93181e-05
eec: 1311.87
weight: 1.20741e-06
eec: 505.303
weight: 4.00171e-05
eec: 750.144
weight: 2.81494e-05
eec: 417.783
weight: 0.000337157
eec: 198.67
weight: 2.71068e-05
eec: 589.181
weight: 2.10228e-06
eec: 208.521
weight: 5.46521e-05
eec: 470.459
weight: 1.98386e-05
eec: 1452.53
weight: 9.02954e-07
eec: 347.56
weight: 1.42494e-06
eec: 644.851
Processing: 88.3333 %weight: 0.000325519
eec: 823.85
weight: 1.06209e-06
eec: 182.113
weight: 0.000165575
eec: 1158.17
weight: 6.08579e-07
eec: 418.403
weight: 0.000153523
eec: 2106.54
weight: 5.55003e-06
eec: 94.1575
weight: 6.90809e-05
eec: 165.516
weight: 2.21979e-05
eec: 175.986
weight: 2.04972e-06
eec: 15.9942
weight: 4.63857e-05
eec: 946.632
weight: 6.52463e-07
eec: 554.488
weight: 6.39591e-06
eec: 1415.16
weight: 1.66667e-05
eec: 789.517
weight: 4.4401e-06
eec: 247.409
weight: 2.28674e-05
eec: 407.26
weight: 9.45341e-06
eec: 214.134
weight: 1.12804e-06
eec: 432.026
weight: 7.54101e-07
eec: 138.786
weight: 5.63767e-06
eec: 373.927
weight: 1.43291e-05
eec: 957.425
weight: 1.53403e-05
eec: 735.073
weight: 1.51355e-06
eec: 1448.63
weight: 0.000126409
eec: 381.945
weight: 0.000394121
eec: 117.043
weight: 5.11069e-05
eec: 594.731
weight: 6.33998e-07
eec: 2714.31
weight: 1.78978e-05
eec: 481.808
weight: 0.000427748
eec: 66.007
weight: 7.24748e-07
eec: 108.349
weight: 0.000114597
eec: 1202.68
weight: 6.09265e-06
eec: 170.051
weight: 0.000183236
eec: 234.968
weight: 4.16383e-05
eec: 228.686
weight: 4.79544e-05
eec: 361.491
weight: 3.12985e-05
eec: 490.747
weight: 3.12985e-05
eec: 425.936
weight: 7.4325e-05
eec: 1734.49
weight: 4.7177e-05
eec: 1800.09
weight: 7.90512e-05
eec: 1220.96
weight: 1.32033e-05
eec: 1785.13
weight: 1.37744e-05
eec: 1518.35
weight: 0.000105402
eec: 1259.32
weight: 1.76027e-05
eec: 256.923
weight: 2.31175e-05
eec: 679.665
weight: 5.60638e-06
eec: 1691.87
weight: 3.45876e-05
eec: 235.459
weight: 0.000227061
eec: 596.381
weight: 2.21275e-05
eec: 830.341
weight: 9.66876e-05
eec: 1229.19
weight: 4.09587e-05
eec: 720.923
weight: 1.84271e-06
eec: 75.5646
weight: 0.000211359
eec: 231.835
weight: 2.35581e-06
eec: 118.291
weight: 7.55483e-05
eec: 531.415
weight: 6.46031e-05
eec: 73.0849
weight: 8.06511e-06
eec: 96.5302
weight: 2.62547e-05
eec: 561.697
weight: 2.89155e-05
eec: 132.239
weight: 3.35092e-06
eec: 83.4945
weight: 0.000156991
eec: 938.683
weight: 2.03564e-05
eec: 643.955
weight: 2.90004e-05
eec: 1745.86
weight: 7.76638e-07
eec: 513.232
weight: 4.88233e-05
eec: 264.89
weight: 0.00034966
eec: 177.82
weight: 6.74704e-06
eec: 999.072
weight: 0.000302796
eec: 479.033
weight: 1.1583e-05
eec: 209.07
weight: 6.08004e-06
eec: 422.908
weight: 9.40791e-05
eec: 1009.96
weight: 0.00010453
eec: 892.752
weight: 1.35059e-05
eec: 112.681
weight: 2.92098e-05
eec: 529.84
weight: 0.000207232
eec: 299.571
weight: 1.1325e-06
eec: 753.217
weight: 3.44279e-05
eec: 8.14055
weight: 4.5261e-06
eec: 1313.02
weight: 1.68612e-05
eec: 46.0566
weight: 0.000112321
eec: 29.1104
weight: 0.000189267
eec: 878.371
weight: 4.10079e-05
eec: 437.29
weight: 2.17879e-06
eec: 264.168
weight: 2.98043e-06
eec: 1790.17
weight: 3.07429e-05
eec: 545.484
weight: 1.54645e-05
eec: 63.5878
weight: 8.03222e-06
eec: 250.586
weight: 1.83858e-06
eec: 3485.02
weight: 5.16111e-05
eec: 101.386
weight: 9.65193e-06
eec: 1316.74
weight: 0.0001151
eec: 265.445
weight: 1.64597e-05
eec: 201.812
weight: 1.7459e-06
eec: 133.923
weight: 4.62233e-05
eec: 1574.86
weight: 2.29895e-05
eec: 813.765
weight: 0.000725565
eec: 325.131
weight: 2.77347e-05
eec: 68.4074
weight: 3.04856e-05
eec: 4536.46
weight: 6.29316e-06
eec: 282.984
weight: 4.43916e-06
eec: 1092.29
weight: 2.4369e-05
eec: 948.843
weight: 0.000101435
eec: 662.656
weight: 0.00011386
eec: 143.966
weight: 1.28169e-05
eec: 426.613
weight: 6.08696e-05
eec: 211.535
weight: 4.90062e-08
eec: 922.207
weight: 9.59895e-06
eec: 91.7017
weight: 0.000223896
eec: 255.223
weight: 4.56213e-05
eec: 384.948
weight: 3.5988e-05
eec: 503.594
weight: 4.98383e-07
eec: 626.373
weight: 6.02504e-05
eec: 1049.56
weight: 0.000342221
eec: 548.018
weight: 2.10636e-05
eec: 815.023
weight: 5.1359e-05
eec: 45.5195
weight: 2.41755e-05
eec: 334.511
weight: 0.000102745
eec: 501.874
weight: 0.000333017
eec: 2043.16
weight: 1.04014e-05
eec: 85.2619
weight: 1.14475e-05
eec: 88.5965
weight: 6.30492e-05
eec: 145.925
weight: 4.50308e-05
eec: 139.894
weight: 1.15421e-05
eec: 284.658
weight: 1.55682e-05
eec: 82.8085
weight: 3.36145e-06
eec: 42.4245
weight: 3.15267e-05
eec: 665.008
weight: 1.18972e-05
eec: 182.964
weight: 8.10981e-07
eec: 1083.45
weight: 8.9567e-05
eec: 1726.07
weight: 8.65018e-06
eec: 664.447
weight: 9.93233e-05
eec: 250.1
weight: 0.0101209
eec: 753.806
weight: 8.66973e-06
eec: 435.271
weight: 9.10166e-06
eec: 209.914
weight: 4.04458e-06
eec: 1360.07
weight: 0.000207284
eec: 435.611
weight: 1.18488e-05
eec: 516.15
weight: 4.07032e-05
eec: 462.925
weight: 1.82864e-05
eec: 164.667
weight: 7.60202e-06
eec: 610.104
weight: 0.000207122
eec: 35.4943
weight: 1.34658e-05
eec: 170.034
weight: 0.000364903
eec: 424.715
weight: 1.49396e-05
eec: 2167.28
weight: 2.85002e-06
eec: 46.8957
weight: 4.14714e-06
eec: 560.085
weight: 2.00783e-05
eec: 384.206
weight: 5.73756e-05
eec: 34.1543
weight: 0.00032935
eec: 921.882
weight: 1.0421e-05
eec: 1445.22
weight: 5.70907e-05
eec: 1156.69
weight: 3.73778e-05
eec: 425.983
weight: 2.44162e-06
eec: 1512.31
weight: 0.000163113
eec: 811.906
weight: 2.14024e-05
eec: 295.916
weight: 0.000355247
eec: 318.526
weight: 3.96164e-07
eec: 446.831
weight: 0.00015034
eec: 426.802
weight: 8.27678e-06
eec: 1779.99
weight: 0.000343291
eec: 44.7816
weight: 0.000636829
eec: 102.136
weight: 1.61126e-07
eec: 386.117
weight: 3.33768e-05
eec: 33.586
weight: 1.79414e-07
eec: 89.4441
weight: 1.54467e-05
eec: 387.853
weight: 4.88466e-07
eec: 100.374
weight: 0.000130759
eec: 91.7583
weight: 5.0891e-06
eec: 382.553
weight: 1.25219e-06
eec: 951.244
weight: 1.89541e-05
eec: 859.963

ROOT exit code = 0
