gSystem->Load("run_condor_job_Run3_C.so");
run_condor_job_Run3(217, 100, 2,
                    80, 200,
                    1, 1, 1, 2);
.q

ENTERED run_condor_job_Run3()
JOBID = 217
  global job = 217  Job 17/100  events [1020000, 1080000)  total=6000000
Processing events [1020000, 1080000) of 6000000
weight: 1.81466e-05
eec: 342.48
weight: 6.60081e-07
eec: 91.3329
weight: 0.000117619
eec: 63.9053
weight: 2.6279e-08
eec: 825.148
weight: 3.03346e-05
eec: 184.613
weight: 1.53568e-05
eec: 5336.08
weight: 1.6844e-06
eec: 2276.21
weight: 0.000120228
eec: 50.5957
weight: 1.57933e-05
eec: 160.389
weight: 4.76474e-05
eec: 1557.32
weight: 5.66429e-06
eec: 1730.07
weight: 0.000153665
eec: 2280.73
weight: 0.000258896
eec: 317.999
weight: 1.91241e-05
eec: 567.553
weight: 9.13167e-05
eec: 681.199
weight: 9.53772e-06
eec: 970.334
weight: 3.82981e-05
eec: 424.973
weight: 2.60294e-05
eec: 294.567
weight: 0.000379265
eec: 562.952
weight: 4.24061e-05
eec: 319.937
weight: 8.71958e-08
eec: 2116.92
weight: 3.60622e-06
eec: 2599.32
weight: 2.21817e-05
eec: 736.2
weight: 6.63098e-08
eec: 187.497
weight: 3.92109e-05
eec: 259.645
weight: 6.95179e-06
eec: 347.958
weight: 0.000102071
eec: 361.564
weight: 4.95457e-05
eec: 631.512
weight: 0.000259643
eec: 298.12
weight: 2.97646e-05
eec: 412.991
weight: 0.000125597
eec: 111.863
weight: 2.35502e-05
eec: 551.869
weight: 1.20384e-05
eec: 1492.94
weight: 1.49378e-05
eec: 38.7999
weight: 3.28782e-05
eec: 169.274
weight: 8.04615e-08
eec: 125.189
weight: 4.79117e-05
eec: 509.821
weight: 3.79254e-05
eec: 401.974
weight: 0.000209303
eec: 650.606
weight: 3.63606e-06
eec: 3960.56
weight: 2.89187e-05
eec: 452.271
weight: 8.86969e-05
eec: 1779.44
weight: 5.12044e-05
eec: 348.483
weight: 3.17113e-05
eec: 217.604
weight: 2.57496e-05
eec: 282.556
weight: 1.3798e-06
eec: 984
weight: 0.000364962
eec: 469.255
weight: 4.73861e-07
eec: 276.762
weight: 3.1304e-05
eec: 810.655
weight: 0.000130161
eec: 320.015
weight: 1.87218e-06
eec: 877.963
weight: 1.42452e-06
eec: 410.161
weight: 2.20304e-06
eec: 657.9
weight: 4.7837e-05
eec: 489.219
weight: 6.56751e-06
eec: 375.501
weight: 1.95207e-05
eec: 993.989
weight: 2.20361e-05
eec: 278.55
weight: 6.38494e-05
eec: 23.4523
weight: 0.000349901
eec: 80.1546
weight: 3.41652e-07
eec: 1117.79
weight: 6.57271e-06
eec: 491.204
weight: 0.000172417
eec: 92.5867
weight: 5.87792e-06
eec: 157.153
weight: 7.57811e-06
eec: 1040.21
weight: 3.72454e-06
eec: 1092.85
weight: 4.92573e-05
eec: 127.959
weight: 9.36625e-06
eec: 1219.37
weight: 0.000155268
eec: 488.036
weight: 0.000129739
eec: 206.024
weight: 6.14764e-06
eec: 230.042
weight: 9.94558e-06
eec: 1688.05
weight: 3.73268e-06
eec: 196.328
weight: 6.49166e-05
eec: 556.114
weight: 8.0843e-05
eec: 200.72
weight: 0.00011787
eec: 850.771
weight: 9.0232e-06
eec: 1878.51
weight: 1.34813e-05
eec: 229.247
weight: 2.65979e-05
eec: 40.472
weight: 1.11551e-05
eec: 2674.52
weight: 0.000573774
eec: 518.655
weight: 3.16098e-05
eec: 239.75
weight: 1.94077e-06
eec: 524.175
weight: 3.14502e-05
eec: 271.193
weight: 4.87303e-06
eec: 284.721
weight: 2.88822e-05
eec: 1249.31
weight: 0.000242455
eec: 314.805
weight: 6.87165e-06
eec: 785.376
weight: 5.01477e-05
eec: 177.629
weight: 4.19221e-05
eec: 1223.88
weight: 1.33432e-05
eec: 723.655
weight: 1.738e-05
eec: 187.55
weight: 1.738e-05
eec: 686.781
weight: 1.24743e-05
eec: 338.986
weight: 0.00040009
eec: 254.348
weight: 5.66731e-06
eec: 162.728
weight: 1.55705e-06
eec: 92.9433
weight: 0.000133729
eec: 124.536
weight: 0.000119063
eec: 60.5105
weight: 4.44647e-05
eec: 402.099
weight: 3.93947e-07
eec: 177.752
weight: 2.15398e-06
eec: 12.6526
weight: 6.47015e-05
eec: 802.785
weight: 4.65889e-06
eec: 3026.15
weight: 0.000298028
eec: 640.702
weight: 5.36836e-05
eec: 99.9673
weight: 1.43791e-05
eec: 1858.24
weight: 4.36165e-05
eec: 139.576
weight: 7.0896e-06
eec: 517.583
weight: 1.11834e-05
eec: 668.632
weight: 4.35015e-05
eec: 711.777
weight: 3.76184e-05
eec: 1450.7
weight: 2.84863e-05
eec: 129.713
weight: 9.02232e-05
eec: 10.4114
weight: 0.00138439
eec: 142.695
weight: 2.19609e-05
eec: 413.589
weight: 8.99789e-05
eec: 197.886
weight: 1.44108e-05
eec: 4871.62
weight: 2.31225e-05
eec: 590.028
weight: 7.10766e-06
eec: 1117.81
weight: 6.47394e-06
eec: 77.1231
weight: 5.05555e-06
eec: 1262.12
weight: 1.99593e-05
eec: 1023.81
weight: 0.000138109
eec: 1552.89
weight: 0.0003881
eec: 162.295
Processing: 17.5 %weight: 3.32995e-05
eec: 1760.31
weight: 0.000124767
eec: 14.4164
weight: 4.78273e-05
eec: 1060.52
weight: 5.97469e-08
eec: 754.636
weight: 2.68061e-05
eec: 554.779
weight: 1.60441e-06
eec: 942.838
weight: 5.65563e-05
eec: 3426.02
weight: 6.71049e-06
eec: 966.335
weight: 0.000210799
eec: 155.753
weight: 0.00117314
eec: 56.7568
weight: 1.79885e-05
eec: 34.1684
weight: 2.58551e-05
eec: 1069.41
weight: 5.81525e-06
eec: 670.986
weight: 3.80685e-05
eec: 16.3802
weight: 1.72724e-05
eec: 991.283
weight: 0.000870244
eec: 285.12
weight: 0.000463855
eec: 684.343
weight: 2.76587e-05
eec: 924.415
weight: 5.67089e-05
eec: 865.272
weight: 2.10262e-07
eec: 217.224
weight: 8.50115e-05
eec: 1128.09
weight: 0.000138656
eec: 331.514
weight: 0.00132836
eec: 233.977
weight: 4.54429e-05
eec: 1267.15
weight: 4.50329e-05
eec: 364.148
weight: 9.92672e-06
eec: 865.147
weight: 2.53451e-05
eec: 204.952
weight: 0.0010185
eec: 124.736
weight: 6.26561e-05
eec: 96.3978
weight: 4.19864e-05
eec: 1077.32
weight: 6.12066e-05
eec: 536.965
weight: 0.000172522
eec: 96.5269
weight: 5.13044e-05
eec: 1536.54
weight: 0.000356796
eec: 123.132
weight: 1.70273e-05
eec: 307.146
weight: 0.000133609
eec: 107.303
weight: 2.70831e-06
eec: 2522.22
weight: 2.60768e-06
eec: 109.557
weight: 0.000200108
eec: 212.493
weight: 2.47117e-07
eec: 87.917
weight: 4.46245e-05
eec: 287.825
weight: 0.000913681
eec: 483.574
weight: 0.00012175
eec: 201.372
weight: 6.79785e-05
eec: 157.962
weight: 3.22037e-05
eec: 772.001
weight: 1.14414e-05
eec: 853.925
weight: 1.10531e-05
eec: 696.486
weight: 7.19343e-05
eec: 253.852
weight: 0.000473773
eec: 294.32
weight: 0.000521159
eec: 46.0039
weight: 2.73175e-06
eec: 1012.88
weight: 0.000251621
eec: 166.895
weight: 2.82096e-05
eec: 1676.19
weight: 1.31476e-05
eec: 414.953
weight: 2.71672e-05
eec: 2138.22
weight: 1.20273e-05
eec: 396.243
weight: 1.20273e-05
eec: 210.856
weight: 0.000730446
eec: 538.605
weight: 9.31495e-06
eec: 198.358
weight: 0.000157189
eec: 877.602
weight: 7.26602e-05
eec: 55.3505
weight: 5.42337e-06
eec: 412.713
weight: 1.67254e-05
eec: 648.244
weight: 5.54903e-06
eec: 386.482
weight: 0.000169052
eec: 844.417
weight: 8.54219e-05
eec: 1848.66
weight: 9.00078e-07
eec: 325.418
weight: 0.00443304
eec: 1297.82
weight: 5.28078e-06
eec: 34.0183
weight: 7.69347e-05
eec: 685.493
weight: 4.68925e-06
eec: 214.9
weight: 1.39783e-05
eec: 119.448
weight: 2.04641e-05
eec: 550.398
weight: 6.40358e-05
eec: 841.801
weight: 0.000104523
eec: 657.441
weight: 0.000165499
eec: 996.15
weight: 2.16935e-05
eec: 2656.25
weight: 2.16935e-05
eec: 313.535
weight: 0.000296607
eec: 46.2827
weight: 3.49537e-05
eec: 544.23
weight: 0.000227119
eec: 85.4351
weight: 3.41188e-06
eec: 622.047
weight: 2.14854e-05
eec: 2587.15
weight: 5.54595e-06
eec: 290.77
weight: 3.09632e-05
eec: 622.52
weight: 3.09632e-05
eec: 13.2591
weight: 1.8839e-06
eec: 556.756
weight: 0.000366927
eec: 642.783
weight: 5.47614e-07
eec: 29.0666
weight: 1.38695e-05
eec: 725.095
weight: 3.37147e-05
eec: 362.263
weight: 1.89189e-05
eec: 600.475
weight: 4.8095e-06
eec: 20.1607
weight: 2.316e-05
eec: 1025.27
weight: 9.67035e-05
eec: 656.465
weight: 1.76e-05
eec: 453.709
weight: 1.40886e-05
eec: 58.7814
weight: 0.00015249
eec: 143.682
weight: 5.49546e-05
eec: 408.244
weight: 3.66442e-05
eec: 164.501
weight: 0.000357904
eec: 761.426
weight: 5.31638e-05
eec: 127.835
weight: 5.37923e-05
eec: 424.343
weight: 5.95971e-05
eec: 761.746
weight: 0.000301646
eec: 252.925
weight: 2.4247e-05
eec: 180.187
weight: 7.61487e-05
eec: 19.0088
weight: 0.000219173
eec: 232.608
weight: 4.87854e-07
eec: 350.252
weight: 1.17766e-07
eec: 1825.31
weight: 2.00455e-05
eec: 614.586
weight: 5.93088e-05
eec: 433.278
weight: 6.52301e-06
eec: 259.515
weight: 9.10464e-06
eec: 5117.77
weight: 1.93228e-06
eec: 116.095
weight: 3.27722e-07
eec: 340.121
weight: 2.2654e-06
eec: 295.24

ROOT exit code = 0
