gSystem->Load("run_condor_job_Run3_C.so");
run_condor_job_Run3(902, 100, 2,
                    80, 200,
                    1, 1, 1, 9);
.q

ENTERED run_condor_job_Run3()
JOBID = 902
  global job = 902  Job 2/100  events [118920, 178380)  total=5946000
Processing events [118920, 178380) of 5946000
weight: 0.000285915
eec: 20.0272
weight: 1.3612e-05
eec: 277.914
weight: 4.55458e-06
eec: 817.59
weight: 4.18105e-05
eec: 1138.27
weight: 0.000904365
eec: 95.1601
weight: 7.62357e-06
eec: 2004.17
weight: 1.88965e-05
eec: 271.284
weight: 2.64734e-05
eec: 275.606
weight: 2.36592e-05
eec: 76.3114
weight: 5.57059e-05
eec: 339.193
weight: 5.6105e-06
eec: 278.385
weight: 2.99251e-06
eec: 3125.13
weight: 9.51254e-05
eec: 38.4979
weight: 0.000282413
eec: 151.104
weight: 1.63379e-05
eec: 231.971
weight: 1.57231e-05
eec: 2382.4
weight: 7.4392e-05
eec: 461.733
weight: 0.000610085
eec: 674.497
weight: 0.000215607
eec: 183.152
weight: 9.30967e-05
eec: 282.072
weight: 1.93402e-05
eec: 131.09
weight: 4.24982e-06
eec: 1598.66
weight: 8.31335e-05
eec: 139.591
weight: 6.33823e-06
eec: 728.543
weight: 1.08532e-05
eec: 916.431
weight: 5.8137e-05
eec: 602.711
weight: 1.29141e-05
eec: 72.8874
weight: 5.00737e-06
eec: 508.394
weight: 4.40702e-06
eec: 366.722
weight: 3.23152e-06
eec: 933.914
weight: 5.15842e-05
eec: 64.4606
weight: 4.06019e-07
eec: 607.567
weight: 2.1674e-06
eec: 587.68
weight: 1.73246e-05
eec: 1109.7
weight: 1.25054e-05
eec: 64.7428
weight: 0.000822379
eec: 235.555
weight: 3.51038e-06
eec: 394.875
weight: 3.98755e-05
eec: 1267.12
weight: 2.97593e-05
eec: 79.5233
weight: 6.11526e-06
eec: 699.32
weight: 0.000245305
eec: 380.541
weight: 3.78911e-06
eec: 1089.49
weight: 1.6023e-05
eec: 2603.63
weight: 0.000166683
eec: 267.243
weight: 2.12469e-05
eec: 535.915
weight: 3.4241e-05
eec: 1200.1
weight: 6.63991e-05
eec: 490.232
weight: 3.57891e-06
eec: 100.886
weight: 5.53486e-06
eec: 326.633
weight: 9.78159e-06
eec: 1219.36
weight: 1.64608e-05
eec: 183.599
weight: 9.84375e-06
eec: 529.261
weight: 2.66479e-05
eec: 579.083
weight: 9.96722e-07
eec: 594.781
weight: 1.76256e-05
eec: 37.4302
weight: 7.62627e-05
eec: 317.756
weight: 1.79833e-05
eec: 197.499
weight: 6.94543e-06
eec: 1417.91
weight: 0.00042672
eec: 899.333
weight: 6.92849e-06
eec: 421.921
weight: 2.54848e-05
eec: 1078.76
weight: 9.13882e-05
eec: 153.747
weight: 0.000122414
eec: 554.937
weight: 1.73732e-05
eec: 1219.9
weight: 3.43704e-05
eec: 335.556
weight: 7.15369e-06
eec: 695.737
weight: 6.18837e-06
eec: 532.832
weight: 2.15385e-05
eec: 597.711
weight: 0.000128101
eec: 353.42
weight: 0.000134009
eec: 58.9593
weight: 1.04714e-06
eec: 36.7502
weight: 0.000300098
eec: 87.3099
weight: 9.52778e-06
eec: 276.388
weight: 5.7394e-06
eec: 749.652
weight: 3.24819e-05
eec: 12.4076
weight: 3.68348e-05
eec: 129.327
weight: 8.38514e-06
eec: 43.9741
weight: 7.55189e-05
eec: 314.222
weight: 1.55612e-07
eec: 30.7818
weight: 7.73043e-06
eec: 49.4217
weight: 2.63965e-05
eec: 81.5691
weight: 1.08562e-05
eec: 62.6465
weight: 0.00016498
eec: 559.148
weight: 1.58191e-05
eec: 983.876
weight: 0.000493797
eec: 408.002
weight: 3.47456e-06
eec: 612.325
weight: 4.10847e-07
eec: 311.679
weight: 6.62432e-06
eec: 1559.6
weight: 1.24061e-05
eec: 2061.22
weight: 7.37673e-05
eec: 150.348
weight: 0.000102068
eec: 733.121
weight: 6.16857e-06
eec: 1606.37
weight: 3.07052e-06
eec: 1921.71
weight: 3.25113e-05
eec: 483.73
weight: 1.95801e-05
eec: 632.796
weight: 1.89069e-05
eec: 184.928
weight: 0.000102771
eec: 1105.43
weight: 0.000106734
eec: 586.291
weight: 5.55056e-05
eec: 365.817
weight: 1.36938e-05
eec: 1625.02
weight: 1.12991e-05
eec: 120.389
weight: 4.44151e-05
eec: 182.652
weight: 1.3476e-05
eec: 174.691
weight: 2.18197e-05
eec: 378.883
weight: 2.90981e-06
eec: 368.345
weight: 1.44759e-05
eec: 205.056
weight: 6.76609e-06
eec: 24.8665
weight: 5.4312e-06
eec: 1519.92
weight: 4.70146e-06
eec: 191.691
weight: 2.62196e-05
eec: 181.046
weight: 9.97269e-06
eec: 175.404
weight: 3.1801e-05
eec: 1132.47
weight: 0.000252354
eec: 507.269
weight: 9.09079e-06
eec: 1400.35
weight: 0.000107792
eec: 110.612
weight: 0.000152282
eec: 1005.71
weight: 1.50722e-05
eec: 2276.07
weight: 8.99708e-06
eec: 410.85
weight: 0.000234757
eec: 387.603
weight: 2.06146e-05
eec: 71.6134
weight: 0.000124418
eec: 735.401
weight: 1.05998e-06
eec: 1175.78
weight: 1.781e-05
eec: 2246.7
weight: 5.82649e-06
eec: 2369.72
weight: 3.80336e-05
eec: 1059.02
weight: 1.06173e-05
eec: 81.6967
weight: 0.000128475
eec: 680.973
weight: 2.74691e-06
eec: 2500.73
weight: 8.55579e-05
eec: 98.2904
weight: 0.000112987
eec: 321.415
weight: 0.000255336
eec: 375.144
weight: 6.96102e-06
eec: 903.28
weight: 1.22655e-05
eec: 1883.17
weight: 5.33022e-05
eec: 598.539
weight: 1.38335e-05
eec: 1248.46
weight: 2.61991e-05
eec: 39.1673
weight: 8.12861e-06
eec: 703.195
weight: 0.000171727
eec: 134.175
Processing: 2.5227 %weight: 2.62945e-05
eec: 170.721
weight: 1.65932e-06
eec: 910.475
weight: 9.89641e-06
eec: 139.639
weight: 0.000328615
eec: 133.781
weight: 1.88176e-05
eec: 1645.88
weight: 7.16658e-05
eec: 118.602
weight: 3.21139e-05
eec: 476.625
weight: 0.000316057
eec: 209.678
weight: 5.51414e-05
eec: 6.69229
weight: 9.37508e-06
eec: 355.925
weight: 1.77378e-05
eec: 1219.14
weight: 0.000109546
eec: 1329.98
weight: 4.12526e-05
eec: 137.454
weight: 4.39805e-06
eec: 550.373
weight: 3.06301e-05
eec: 397.398
weight: 6.48151e-07
eec: 54.7188
weight: 1.65829e-05
eec: 97.607
weight: 9.17527e-05
eec: 433.369
weight: 4.27217e-07
eec: 162.106
weight: 3.10132e-05
eec: 50.1946
weight: 0.000203474
eec: 60.2362
weight: 1.37799e-05
eec: 795.982
weight: 3.84974e-05
eec: 601.091
weight: 8.13389e-05
eec: 171.285
weight: 0.000204196
eec: 673.412
weight: 1.21875e-06
eec: 487.166
weight: 5.45652e-05
eec: 198.569
weight: 0.000170285
eec: 505.097
weight: 4.49273e-05
eec: 4143.34
weight: 1.55615e-05
eec: 438.023
weight: 2.02482e-05
eec: 150.138
weight: 0.000323518
eec: 549.138
weight: 7.52196e-05
eec: 295.057
weight: 3.77987e-05
eec: 49.6312
weight: 1.92339e-06
eec: 52.8202
weight: 2.93452e-05
eec: 292.118
weight: 8.47321e-06
eec: 466.032
weight: 9.46246e-06
eec: 708.492
weight: 4.48082e-07
eec: 124.387
weight: 2.01276e-05
eec: 195.321
weight: 4.30632e-07
eec: 182.044
weight: 9.77943e-07
eec: 1284.73
weight: 0.000154617
eec: 135.675
weight: 0.000127414
eec: 1778.87
weight: 4.75629e-05
eec: 497.469
weight: 1.25208e-06
eec: 1513.75
weight: 5.7861e-05
eec: 373.83
weight: 0.00011936
eec: 103.74
weight: 4.72913e-05
eec: 357.974
weight: 3.58773e-06
eec: 140.106
weight: 2.82097e-08
eec: 442.971
weight: 8.93809e-05
eec: 814.229
weight: 2.23708e-05
eec: 332.516
weight: 1.19112e-06
eec: 87.4437
weight: 5.42514e-05
eec: 469.853
weight: 5.09285e-05
eec: 1115.42
weight: 0.000187266
eec: 801.777
weight: 4.30897e-06
eec: 56.1035
weight: 7.84454e-07
eec: 75.4104
weight: 2.59499e-05
eec: 413.269
weight: 5.32664e-05
eec: 29.8819
weight: 1.09976e-05
eec: 292.775
weight: 9.58148e-05
eec: 66.2978
weight: 3.21023e-05
eec: 149.738
weight: 9.15811e-06
eec: 859.818
weight: 6.79559e-05
eec: 974.014
weight: 9.94801e-07
eec: 710.848
weight: 8.61985e-06
eec: 230.896
weight: 3.03032e-06
eec: 190.552
weight: 0.000325477
eec: 43.5914
weight: 0.000171596
eec: 507.932
weight: 6.31052e-06
eec: 441.471
weight: 0.000590456
eec: 1010.09
weight: 6.94502e-06
eec: 897.942
weight: 6.94502e-06
eec: 29.7936
weight: 1.03647e-06
eec: 1466.3
weight: 1.84905e-05
eec: 141.634
weight: 6.80523e-05
eec: 63.5441
weight: 0.000175199
eec: 341.265
weight: 2.62005e-05
eec: 477.399
weight: 1.40087e-06
eec: 214.831
weight: 0.00030516
eec: 394.994
weight: 5.41531e-06
eec: 24.4641
weight: 0.000100129
eec: 167.972
weight: 2.8816e-08
eec: 609.315
weight: 7.41566e-06
eec: 255.08
weight: 6.17277e-05
eec: 88.7821
weight: 7.98863e-06
eec: 325.489
weight: 0.000134294
eec: 86.8299
weight: 7.02488e-06
eec: 142.493
weight: 0.000412538
eec: 42.9106
weight: 5.40491e-06
eec: 729.245
weight: 0.000404399
eec: 335.591
weight: 0.000290297
eec: 75.5442
weight: 0.000436331
eec: 39.664
weight: 2.58271e-05
eec: 1834.53
weight: 4.46016e-06
eec: 631.106
weight: 0.0004945
eec: 243.61
weight: 2.25431e-05
eec: 245.952
weight: 9.01026e-06
eec: 300.262
weight: 2.5597e-05
eec: 2434.47
weight: 1.55363e-05
eec: 76.6005
weight: 1.84894e-05
eec: 48.6747
weight: 0.000100312
eec: 36.0746
weight: 1.44653e-06
eec: 1058.48
weight: 6.2678e-06
eec: 625.45
weight: 1.73072e-05
eec: 687.042
weight: 0.000581848
eec: 19.7566
weight: 4.42942e-08
eec: 859.064
weight: 1.23169e-05
eec: 327.192
weight: 4.20209e-05
eec: 1935.26
weight: 4.02374e-07
eec: 834.415
weight: 0.000126199
eec: 425.433
weight: 4.78123e-06
eec: 1483.2
weight: 8.68992e-06
eec: 653.823
weight: 6.29492e-06
eec: 1320.32
weight: 1.5106e-05
eec: 45.3765
weight: 1.68813e-07
eec: 397.497
weight: 1.80769e-05
eec: 927.119
weight: 2.25746e-05
eec: 992.186
weight: 0.000348672
eec: 21.0589
weight: 1.31696e-05
eec: 86.7474

ROOT exit code = 0
