gSystem->Load("run_condor_job_Run3_C.so");
run_condor_job_Run3(215, 100, 2,
                    80, 200,
                    1, 1, 1, 2);
.q

ENTERED run_condor_job_Run3()
JOBID = 215
  global job = 215  Job 15/100  events [900000, 960000)  total=6000000
Processing events [900000, 960000) of 6000000
Processing: 15 %weight: 3.28116e-06
eec: 67.4482
weight: 6.7775e-06
eec: 233.989
weight: 7.2163e-05
eec: 455.669
weight: 0.000173764
eec: 340.489
weight: 0.000186743
eec: 151.044
weight: 2.16097e-05
eec: 896.001
weight: 1.01819e-05
eec: 319.667
weight: 5.48583e-05
eec: 1054.6
weight: 3.75742e-06
eec: 1291.5
weight: 1.05118e-05
eec: 503.269
weight: 3.28456e-05
eec: 286.488
weight: 2.24574e-05
eec: 33.0033
weight: 5.22488e-05
eec: 274.077
weight: 0.000124139
eec: 515.728
weight: 0.000103643
eec: 183.336
weight: 5.76722e-05
eec: 116.826
weight: 5.76722e-05
eec: 162.026
weight: 1.94555e-05
eec: 480.909
weight: 5.83343e-05
eec: 1386.36
weight: 8.80598e-05
eec: 101.327
weight: 0.00043391
eec: 381.498
weight: 1.23704e-05
eec: 571.288
weight: 4.23704e-05
eec: 2268.79
weight: 0.000156067
eec: 138.818
weight: 2.33599e-05
eec: 213.94
weight: 5.07745e-06
eec: 317.594
weight: 2.66504e-05
eec: 1220.64
weight: 9.60657e-06
eec: 84.0621
weight: 1.36563e-05
eec: 594.69
weight: 0.000262416
eec: 243.34
weight: 6.66293e-05
eec: 463.254
weight: 2.43435e-05
eec: 885.612
weight: 0.000296217
eec: 379.322
weight: 0.000119258
eec: 178.045
weight: 1.11162e-05
eec: 145.775
weight: 2.65689e-05
eec: 197.167
weight: 9.51284e-06
eec: 1101.08
weight: 4.04371e-05
eec: 557.415
weight: 7.05844e-05
eec: 950.927
weight: 2.35532e-05
eec: 235.364
weight: 3.4408e-05
eec: 904.15
weight: 4.49033e-05
eec: 204.091
weight: 6.29822e-06
eec: 334.65
weight: 0.000119277
eec: 411.891
weight: 3.05259e-05
eec: 568.416
weight: 4.5567e-06
eec: 535.129
weight: 2.04264e-05
eec: 1471.26
weight: 0.000421022
eec: 248.828
weight: 1.54558e-06
eec: 541.356
weight: 2.09605e-05
eec: 567.135
weight: 0.000412202
eec: 922.739
weight: 1.34465e-05
eec: 1173.11
weight: 5.06829e-05
eec: 99.9498
weight: 0.00072585
eec: 523.185
weight: 6.03024e-05
eec: 701.173
weight: 4.16543e-07
eec: 344.674
weight: 1.51088e-05
eec: 1313.13
weight: 1.05264e-05
eec: 828.66
weight: 0.000110102
eec: 743.518
weight: 5.07505e-06
eec: 274.113
weight: 1.87033e-05
eec: 1436.45
weight: 1.02363e-05
eec: 243.32
weight: 6.31163e-06
eec: 327.382
weight: 7.32069e-08
eec: 52.6355
weight: 7.32069e-08
eec: 304.582
weight: 0.000591327
eec: 61.7094
weight: 1.15716e-05
eec: 1497.27
weight: 2.33344e-05
eec: 225.688
weight: 1.37828e-05
eec: 750.371
weight: 1.51149e-05
eec: 11.8739
weight: 1.64556e-05
eec: 156.23
weight: 0.000516244
eec: 260.565
weight: 3.16618e-06
eec: 51.7327
weight: 0.00021938
eec: 715.665
weight: 5.06462e-05
eec: 128.376
weight: 0.000208028
eec: 366.306
weight: 1.56871e-05
eec: 3.86785
weight: 1.31842e-05
eec: 866.685
weight: 1.8162e-05
eec: 162.334
weight: 0.000433066
eec: 91.8079
weight: 3.54617e-06
eec: 696.047
weight: 1.98377e-05
eec: 602.867
weight: 5.8826e-05
eec: 627.53
weight: 1.91742e-05
eec: 371.717
weight: 1.03469e-05
eec: 1588.65
weight: 0.00027893
eec: 300.011
weight: 1.96293e-05
eec: 822.728
weight: 3.90943e-05
eec: 147.741
weight: 1.05785e-05
eec: 73.6852
weight: 4.82309e-06
eec: 507.351
weight: 0.000182336
eec: 743.609
weight: 2.21101e-06
eec: 2090.22
weight: 1.66678e-05
eec: 1836.44
weight: 6.26944e-07
eec: 1787.51
weight: 4.44914e-05
eec: 782.979
weight: 5.44708e-06
eec: 449.16
weight: 5.29572e-05
eec: 736.344
weight: 0.000203014
eec: 182.279
weight: 2.44979e-05
eec: 1624.94
weight: 5.83165e-06
eec: 725.658
weight: 7.35111e-06
eec: 386.705
weight: 1.18394e-05
eec: 395.99
weight: 3.15145e-05
eec: 856.635
weight: 4.00208e-05
eec: 525.66
weight: 4.2955e-05
eec: 867.809
weight: 8.28323e-05
eec: 775.35
weight: 1.50343e-06
eec: 619.882
weight: 1.18988e-05
eec: 923.637
weight: 2.04764e-05
eec: 592.285
weight: 2.4044e-05
eec: 3433.29
weight: 3.97084e-05
eec: 1562.63
weight: 1.87518e-05
eec: 1514.6
weight: 1.38478e-06
eec: 660.973
weight: 0.000150536
eec: 134.078
weight: 9.77481e-05
eec: 343.928
weight: 6.01813e-05
eec: 168.107
weight: 2.40853e-05
eec: 74.3259
weight: 0.000130619
eec: 215.224
weight: 2.06553e-06
eec: 43.4736
weight: 0.000267046
eec: 396.201
weight: 1.57175e-05
eec: 105.91
weight: 6.57406e-07
eec: 403.556
weight: 4.31197e-05
eec: 144.728
weight: 0.000241402
eec: 243
weight: 1.05774e-05
eec: 339.85
weight: 6.75178e-06
eec: 1956.56
weight: 8.92011e-07
eec: 312.358
weight: 8.52218e-06
eec: 17.6567
weight: 1.12796e-06
eec: 147.086
weight: 2.38396e-05
eec: 1577.56
weight: 2.0096e-05
eec: 314.654
weight: 2.78512e-05
eec: 227.98
weight: 1.52885e-05
eec: 2434.94
weight: 0.000564566
eec: 82.1473
weight: 5.62953e-07
eec: 628.958
weight: 3.41258e-06
eec: 64.7328
weight: 8.49704e-06
eec: 4113.3
weight: 4.35976e-05
eec: 491.958
weight: 4.74084e-06
eec: 162.311
weight: 3.50682e-05
eec: 1098.03
weight: 0.000198899
eec: 191.772
weight: 2.66317e-07
eec: 148.062
weight: 0.000354545
eec: 142.263
weight: 2.74856e-05
eec: 43.8178
weight: 3.27311e-06
eec: 2247.35
weight: 3.44727e-05
eec: 296.69
weight: 2.35393e-06
eec: 528.081
weight: 1.51099e-07
eec: 222.451
weight: 0.000898294
eec: 703.468
weight: 7.33546e-06
eec: 1328.45
weight: 4.28973e-07
eec: 78.245
weight: 3.07056e-05
eec: 460.822
weight: 0.000702205
eec: 389.094
weight: 3.26085e-06
eec: 1373.97
weight: 4.8187e-05
eec: 1601.91
weight: 1.55512e-05
eec: 619.307
weight: 9.37113e-05
eec: 79.68
weight: 2.85921e-05
eec: 572.571
weight: 0.00019708
eec: 827.892
weight: 1.37638e-05
eec: 53.831
weight: 0.000153157
eec: 960.112
weight: 1.05218e-05
eec: 56.7849
weight: 0.000373253
eec: 28.3333
weight: 1.48799e-05
eec: 1435.14
weight: 1.87013e-06
eec: 1771.5
weight: 2.54409e-06
eec: 2520.15
weight: 3.2781e-06
eec: 1275.67
weight: 5.37915e-05
eec: 126.993
weight: 4.11053e-05
eec: 65.4442
weight: 1.5619e-05
eec: 1230.75
weight: 5.09495e-05
eec: 48.4169
weight: 1.55588e-07
eec: 1418.97
weight: 4.62912e-05
eec: 460.503
weight: 5.13253e-06
eec: 2155.47
weight: 4.85392e-05
eec: 112.843
weight: 6.02298e-05
eec: 427.188
weight: 1.32962e-05
eec: 2919.94
weight: 3.21362e-06
eec: 1813.95
weight: 1.3624e-05
eec: 3254.35
weight: 4.4474e-06
eec: 229.823
weight: 8.69312e-05
eec: 1206.03
weight: 2.71163e-05
eec: 471.677
weight: 2.30893e-05
eec: 2112.91
weight: 2.18368e-05
eec: 111.186
weight: 6.46853e-08
eec: 321.415
weight: 6.85957e-06
eec: 206.047
weight: 3.92236e-05
eec: 196.762
weight: 3.76168e-05
eec: 99.9447
weight: 4.22485e-05
eec: 1110.9
weight: 5.28111e-06
eec: 41.4368
weight: 7.84853e-05
eec: 108.513
weight: 0.000294486
eec: 750.387
weight: 1.46647e-06
eec: 731.629
weight: 0.000489161
eec: 219.982
weight: 6.35471e-05
eec: 588.02
weight: 4.21797e-05
eec: 176.927
weight: 9.03661e-05
eec: 556.55
weight: 0.00155742
eec: 76.0261
weight: 1.54405e-05
eec: 2781.21
Processing: 15.8333 %weight: 0.000140593
eec: 475.41
weight: 2.87784e-05
eec: 183.327
weight: 2.1244e-05
eec: 1201.09
weight: 0.000117682
eec: 398.772
weight: 3.79647e-06
eec: 1631.57
weight: 1.07875e-05
eec: 557.008
weight: 4.51827e-06
eec: 184.638
weight: 0.000315301
eec: 252.414
weight: 8.18929e-08
eec: 520.565
weight: 2.71258e-05
eec: 1376.63
weight: 2.3098e-05
eec: 286.135
weight: 5.65681e-06
eec: 56.686
weight: 1.6603e-05
eec: 63.8637
weight: 8.40117e-05
eec: 343.787
weight: 0.000345258
eec: 249.632
weight: 1.88441e-05
eec: 1242.52
weight: 2.7407e-07
eec: 937.023
weight: 9.60049e-07
eec: 1232.2
weight: 4.02099e-05
eec: 136.945
weight: 0.000276791
eec: 260.086
weight: 5.76684e-06
eec: 549.839
weight: 3.60073e-05
eec: 393.755
weight: 2.56142e-05
eec: 169.411
weight: 2.6259e-05
eec: 610.127
weight: 4.00247e-05
eec: 1271.3
weight: 1.32105e-05
eec: 710.555
weight: 3.63255e-06
eec: 458.937
weight: 3.57956e-05
eec: 18.9359
weight: 0.00020726
eec: 52.7822
weight: 3.08218e-05
eec: 1004.8
weight: 5.65374e-06
eec: 1399.35
weight: 2.66705e-05
eec: 415.82
weight: 0.00030006
eec: 9.93518
weight: 3.63331e-05
eec: 163.593
weight: 9.53214e-05
eec: 3233.74
weight: 7.01983e-05
eec: 195.304
weight: 1.53187e-05
eec: 2167.44
weight: 0.000165152
eec: 786.12
weight: 0.00102322
eec: 212.752
weight: 2.74424e-05
eec: 493.682
weight: 2.74424e-05
eec: 108.934
weight: 4.32894e-05
eec: 61.9423
weight: 2.35275e-05
eec: 495.938
weight: 0.00030732
eec: 226.851
weight: 1.55258e-05
eec: 699.939

ROOT exit code = 0
