gSystem->Load("run_condor_job_Run3_C.so");
run_condor_job_Run3(508, 100, 2,
                    80, 200,
                    1, 1, 1, 5);
.q

ENTERED run_condor_job_Run3()
JOBID = 508
  global job = 508  Job 8/100  events [480000, 540000)  total=6000000
Processing events [480000, 540000) of 6000000
weight: 8.10927e-05
eec: 577.907
weight: 0.00021702
eec: 50.752
weight: 8.53293e-06
eec: 792.28
weight: 9.60267e-06
eec: 347.704
weight: 8.67445e-05
eec: 711.457
weight: 2.1897e-06
eec: 140.691
weight: 3.02817e-05
eec: 31.1366
weight: 3.08989e-05
eec: 1407.07
weight: 3.69631e-08
eec: 48.4116
weight: 1.48007e-06
eec: 991.828
weight: 0.000288703
eec: 244.029
weight: 6.26435e-05
eec: 776.508
weight: 4.86993e-05
eec: 376.31
weight: 6.53219e-06
eec: 2129.19
weight: 8.41433e-06
eec: 47.4142
weight: 0.000110512
eec: 51.9999
weight: 2.70509e-05
eec: 710.723
weight: 2.91789e-05
eec: 293.855
weight: 3.80114e-05
eec: 283.721
weight: 5.95061e-05
eec: 234.652
weight: 4.3768e-05
eec: 99.3732
weight: 6.09391e-05
eec: 895.643
weight: 6.01049e-06
eec: 44.3368
weight: 1.70595e-05
eec: 1050.49
weight: 1.35756e-05
eec: 458.741
weight: 5.48821e-06
eec: 1527.56
weight: 3.67034e-06
eec: 367.981
weight: 2.89982e-06
eec: 1501.93
weight: 6.453e-06
eec: 2140.35
weight: 3.47141e-06
eec: 179.685
weight: 1.82867e-05
eec: 1440.48
weight: 1.38465e-05
eec: 910.645
weight: 5.74984e-08
eec: 353.483
weight: 0.00014057
eec: 408.836
weight: 4.41209e-05
eec: 261.076
weight: 0.000382483
eec: 661.57
weight: 1.3205e-05
eec: 525.312
weight: 1.18507e-06
eec: 560.993
weight: 2.31419e-05
eec: 626.908
weight: 4.2391e-06
eec: 1917.07
weight: 0.000363567
eec: 169.874
weight: 7.83455e-05
eec: 516.364
weight: 9.54691e-06
eec: 49.6042
weight: 1.93163e-05
eec: 793.786
weight: 1.26049e-05
eec: 107.472
weight: 5.34099e-06
eec: 1862.65
weight: 0.000194845
eec: 116.086
weight: 5.25041e-05
eec: 521.183
weight: 0.000362576
eec: 1142.38
weight: 8.6355e-07
eec: 920.661
weight: 3.92004e-06
eec: 333.135
weight: 0.000307366
eec: 93.9415
weight: 6.2341e-06
eec: 2233.88
weight: 1.87747e-05
eec: 584.698
weight: 0.00015118
eec: 29.5109
weight: 1.57104e-05
eec: 499.927
weight: 7.59322e-05
eec: 129.402
weight: 4.60478e-05
eec: 479.834
weight: 5.27306e-05
eec: 21.757
weight: 8.33251e-06
eec: 1970.75
weight: 3.24452e-05
eec: 594.082
weight: 0.000103992
eec: 553.623
weight: 0.000285844
eec: 796.322
weight: 7.76443e-05
eec: 613.307
weight: 0.00014341
eec: 3021.99
weight: 0.000860566
eec: 126.736
weight: 0.000179811
eec: 485.564
weight: 9.257e-06
eec: 625.654
weight: 9.30206e-06
eec: 513.935
weight: 0.000116763
eec: 1294.86
weight: 9.63124e-05
eec: 63.4975
weight: 4.44541e-07
eec: 56.0334
weight: 5.85005e-05
eec: 211.604
weight: 1.84683e-07
eec: 23.1859
weight: 1.45932e-05
eec: 276.342
weight: 0.00307493
eec: 55.1927
weight: 9.62264e-06
eec: 883.667
weight: 4.50085e-05
eec: 2295.99
weight: 1.41925e-07
eec: 553.3
weight: 0.00032081
eec: 237.65
weight: 0.00013054
eec: 215.419
weight: 1.65018e-05
eec: 163.664
weight: 2.07293e-05
eec: 235.178
weight: 2.42152e-05
eec: 391.588
Processing: 8.33333 %weight: 1.26118e-05
eec: 888.589
weight: 4.44264e-05
eec: 56.7223
weight: 3.748e-06
eec: 448.443
weight: 2.53413e-05
eec: 869.68
weight: 2.53862e-05
eec: 255.76
weight: 5.0802e-05
eec: 132.521
weight: 1.25046e-05
eec: 733.686
weight: 4.03796e-06
eec: 276.064
weight: 3.37117e-07
eec: 193.906
weight: 1.12964e-06
eec: 455.266
weight: 4.71284e-05
eec: 741.794
weight: 4.92501e-05
eec: 650.116
weight: 5.50378e-06
eec: 1625.44
weight: 0.000155838
eec: 330.346
weight: 9.35643e-06
eec: 328.171
weight: 1.45046e-05
eec: 1001.83
weight: 5.08073e-05
eec: 235.79
weight: 1.92367e-05
eec: 226.225
weight: 2.87332e-05
eec: 63.7219
weight: 0.000212924
eec: 1704.64
weight: 4.8065e-05
eec: 1471.27
weight: 3.85569e-05
eec: 313.354
weight: 1.27119e-06
eec: 94.6192
weight: 1.92803e-07
eec: 1083.84
weight: 1.32665e-05
eec: 218.92
weight: 3.03343e-05
eec: 604.27
weight: 3.55669e-05
eec: 22.9156
weight: 1.11582e-05
eec: 1667.45
weight: 0.00011805
eec: 126.854
weight: 2.02451e-06
eec: 1477.12
weight: 4.95353e-05
eec: 48.6296
weight: 1.25299e-05
eec: 1516.96
weight: 6.58322e-06
eec: 494.404
weight: 0.000131129
eec: 555.167
weight: 0.000904126
eec: 420.447
weight: 6.44814e-05
eec: 264.551
weight: 1.72797e-07
eec: 320.797
weight: 1.52987e-05
eec: 265.951
weight: 1.15395e-05
eec: 399.82
weight: 2.1279e-06
eec: 55.6524
weight: 4.5476e-06
eec: 473.907
weight: 4.07082e-05
eec: 925.769
weight: 1.16452e-05
eec: 875.739
weight: 0.000222737
eec: 378.823
weight: 1.51012e-05
eec: 1760.28
weight: 1.14682e-05
eec: 1561.57
weight: 4.33913e-05
eec: 184.419
weight: 5.74356e-05
eec: 1137.34
weight: 4.37717e-06
eec: 992.129
weight: 4.12496e-05
eec: 376.119
weight: 1.46322e-07
eec: 748.485
weight: 3.81103e-06
eec: 119.205
weight: 4.75779e-05
eec: 142.46
weight: 2.02223e-05
eec: 668.272
weight: 3.85238e-06
eec: 2260.3
weight: 3.85238e-06
eec: 118.32
weight: 1.7705e-05
eec: 1837.01
weight: 0.000190359
eec: 346.277
weight: 0.0008164
eec: 114.632
weight: 5.48018e-06
eec: 490.564
weight: 8.82369e-08
eec: 349.115
weight: 0.000117251
eec: 585.659
weight: 6.59182e-07
eec: 560.846
weight: 5.85926e-05
eec: 36.8805
weight: 0.000131862
eec: 224.378
weight: 8.7843e-06
eec: 289.113
weight: 0.000360112
eec: 394.021
weight: 2.69015e-05
eec: 2610.67
weight: 9.19067e-05
eec: 331.71
weight: 4.83228e-06
eec: 173.484
weight: 2.62771e-05
eec: 668.699
weight: 0.000193714
eec: 852.309
weight: 5.52158e-06
eec: 374.394
weight: 1.27934e-06
eec: 171.728
weight: 5.09978e-07
eec: 449.127
weight: 2.99454e-05
eec: 2005.31
weight: 3.32358e-08
eec: 684.083
weight: 2.12761e-05
eec: 771.449
weight: 0.00113702
eec: 185.651
weight: 4.92843e-05
eec: 133.778
weight: 3.5079e-05
eec: 23.7813
weight: 0.000151983
eec: 364.008
weight: 0.000100467
eec: 163.383
weight: 1.08893e-05
eec: 89.2294
weight: 7.02124e-05
eec: 486.085
weight: 4.19408e-05
eec: 191.583
weight: 7.99968e-05
eec: 468.473
weight: 0.000574624
eec: 102.591
weight: 4.79578e-05
eec: 2041.85
weight: 1.0988e-05
eec: 338.277
weight: 0.000318062
eec: 48.9603
weight: 1.50417e-07
eec: 21.6141
weight: 1.15874e-05
eec: 346.441
weight: 1.07245e-05
eec: 345.924
weight: 0.000229848
eec: 163.94
weight: 1.66235e-05
eec: 2225.74
weight: 1.08285e-05
eec: 1989.46
weight: 3.75057e-06
eec: 240.414
weight: 4.05894e-06
eec: 198.318
weight: 6.21162e-06
eec: 274.041
weight: 1.90589e-05
eec: 1406.36
weight: 1.27358e-05
eec: 1210.47
weight: 2.70995e-05
eec: 376.029
weight: 7.52809e-05
eec: 695.576
weight: 4.48934e-05
eec: 199.526
weight: 0.000162105
eec: 33.2365
weight: 9.58087e-06
eec: 286.646
weight: 7.40663e-07
eec: 37.4891
weight: 0.000213271
eec: 585.035
weight: 1.42958e-05
eec: 192.438
weight: 1.76937e-05
eec: 785.434
weight: 5.88078e-05
eec: 1637.19
weight: 8.56183e-06
eec: 309.524
weight: 1.58316e-06
eec: 392.412
weight: 9.28293e-06
eec: 801.08
weight: 5.21536e-05
eec: 102.463
weight: 0.000400022
eec: 401.586
weight: 3.64972e-06
eec: 85.1928
weight: 3.19371e-05
eec: 257.936
weight: 6.68637e-06
eec: 1841.08
weight: 3.02704e-06
eec: 613.154
weight: 6.8871e-06
eec: 138.539
weight: 0.000263285
eec: 232.296
weight: 1.76499e-07
eec: 259.287
weight: 8.02367e-05
eec: 116.015
weight: 4.13657e-05
eec: 3496.61
weight: 9.46129e-06
eec: 437.528
weight: 6.43103e-05
eec: 724.875
weight: 8.57332e-05
eec: 611.691
weight: 0.000264421
eec: 590.418
weight: 2.64298e-05
eec: 1624.84
weight: 9.94724e-05
eec: 87.2989
weight: 5.19147e-06
eec: 1110.11
weight: 9.96093e-07
eec: 642.088
weight: 5.5598e-05
eec: 891.082
weight: 2.63448e-05
eec: 183.997
weight: 0.000189621
eec: 86.6267
weight: 5.62926e-05
eec: 617.598
weight: 1.16638e-05
eec: 151.999
weight: 4.35739e-07
eec: 421.502
weight: 7.82949e-06
eec: 164.658
weight: 1.74909e-05
eec: 28.7347
weight: 6.75987e-06
eec: 127.453
weight: 1.99396e-05
eec: 1376.6
weight: 7.52513e-05
eec: 513.62
weight: 0.000112635
eec: 660.196
weight: 8.96391e-06
eec: 97.1626
weight: 1.27709e-05
eec: 379.669
weight: 0.00169983
eec: 37.3602
weight: 1.48451e-05
eec: 1921.06
weight: 4.48506e-05
eec: 771.868
weight: 0.00014247
eec: 859.462
weight: 1.059e-05
eec: 1487.37
weight: 1.68607e-05
eec: 1449.36
weight: 0.000175123
eec: 127.737
weight: 2.21488e-06
eec: 1259.42
weight: 4.24273e-05
eec: 256.325
weight: 7.38209e-06
eec: 2556.85
weight: 7.42866e-05
eec: 990.824
weight: 6.63819e-05
eec: 218.417
weight: 1.18613e-05
eec: 58.3309

ROOT exit code = 0
