gSystem->Load("run_condor_job_Run3_C.so");
run_condor_job_Run3(737, 100, 2,
                    80, 200,
                    1, 1, 1, 7);
.q

ENTERED run_condor_job_Run3()
JOBID = 737
  global job = 737  Job 37/100  events [2106780, 2163720)  total=5694000
Processing events [2106780, 2163720) of 5694000
weight: 2.43352e-06
eec: 43.5199
weight: 0.000147126
eec: 598.9
weight: 8.15927e-05
eec: 1071.31
weight: 4.89117e-05
eec: 751.49
weight: 1.85969e-05
eec: 252.992
weight: 2.05674e-08
eec: 559.79
weight: 9.55426e-05
eec: 94.3181
weight: 5.93039e-05
eec: 140.8
weight: 1.77302e-06
eec: 86.8187
weight: 1.3765e-05
eec: 1055.39
weight: 4.7796e-05
eec: 127.239
weight: 7.50409e-05
eec: 143.881
weight: 3.01974e-05
eec: 1048.94
weight: 4.21795e-06
eec: 42.6817
weight: 7.84245e-06
eec: 336.037
weight: 0.000102926
eec: 140.203
weight: 1.70156e-05
eec: 1089.37
weight: 7.92197e-06
eec: 36.0821
weight: 0.000722825
eec: 47.8836
weight: 3.09823e-05
eec: 221.549
weight: 4.96183e-05
eec: 3382.95
weight: 1.40746e-07
eec: 398.429
weight: 2.3142e-05
eec: 15.7936
weight: 1.70534e-05
eec: 143.228
weight: 0.000180454
eec: 775.722
weight: 1.74313e-05
eec: 340.328
weight: 3.82607e-07
eec: 77.0947
weight: 5.20578e-05
eec: 1507.7
weight: 9.03387e-06
eec: 158.48
weight: 3.67189e-05
eec: 75.2931
weight: 4.22247e-05
eec: 20.4608
weight: 5.64788e-05
eec: 77.3261
weight: 8.44732e-06
eec: 1485.69
weight: 3.93761e-05
eec: 102.351
weight: 1.4331e-05
eec: 65.1981
weight: 1.51211e-05
eec: 964.199
weight: 1.65423e-06
eec: 2904.92
weight: 4.50408e-05
eec: 442.334
weight: 6.1865e-05
eec: 200.913
weight: 1.53227e-06
eec: 66.4695
weight: 0.000139143
eec: 93.4865
weight: 1.11491e-05
eec: 134.879
weight: 4.93364e-05
eec: 7.69446
weight: 5.20692e-06
eec: 2714.3
weight: 5.8171e-05
eec: 117.946
weight: 4.41694e-06
eec: 174.014
weight: 1.45347e-06
eec: 341.414
weight: 3.44308e-05
eec: 6.40965
weight: 4.16979e-05
eec: 222.188
weight: 5.90348e-06
eec: 253.868
weight: 0.000148796
eec: 136.684
weight: 4.86558e-06
eec: 23.2024
weight: 6.65438e-05
eec: 179.688
weight: 0.000861608
eec: 180.408
weight: 0.000155783
eec: 1112.06
weight: 0.000266512
eec: 2112.94
weight: 0.000632148
eec: 85.6364
weight: 1.49855e-05
eec: 2170.58
weight: 0.000300651
eec: 221.235
weight: 5.79083e-06
eec: 231.206
weight: 0.000115035
eec: 489.068
weight: 8.88939e-06
eec: 44.8792
weight: 1.88776e-05
eec: 1344.64
weight: 3.05957e-06
eec: 93.3308
weight: 9.96161e-05
eec: 333.709
weight: 2.25568e-06
eec: 607.645
weight: 6.47399e-06
eec: 1442.9
weight: 1.75105e-07
eec: 869.611
weight: 4.88634e-05
eec: 215.583
weight: 0.000337446
eec: 466.012
weight: 0.000376158
eec: 174.257
weight: 0.000215025
eec: 135.399
weight: 3.43559e-05
eec: 1146.79
weight: 3.2291e-05
eec: 136.345
weight: 1.27456e-05
eec: 891.694
weight: 2.97394e-05
eec: 488.848
weight: 0.000115104
eec: 595.435
weight: 5.19314e-05
eec: 557.916
weight: 6.21018e-06
eec: 1626.43
weight: 2.19046e-05
eec: 95.1044
weight: 3.84449e-06
eec: 40.964
weight: 1.23945e-05
eec: 752.67
weight: 0.00103515
eec: 471.636
weight: 0.000149461
eec: 98.6831
weight: 4.86343e-05
eec: 182.569
weight: 2.79456e-07
eec: 229.8
weight: 1.40369e-05
eec: 753.091
weight: 0.000157563
eec: 864.239
weight: 2.69898e-07
eec: 1188.05
weight: 2.02725e-05
eec: 452.704
weight: 1.85489e-06
eec: 52.4994
weight: 1.92944e-05
eec: 1711.91
weight: 2.00996e-07
eec: 1063.02
weight: 1.95507e-05
eec: 265.468
weight: 3.62152e-05
eec: 585.779
weight: 6.71445e-05
eec: 535.89
weight: 0.000102349
eec: 140.872
weight: 1.77659e-05
eec: 320.138
weight: 0.000113371
eec: 21.1909
weight: 0.000265918
eec: 240.522
weight: 9.84947e-05
eec: 1441.87
weight: 9.84947e-05
eec: 276.126
weight: 2.01811e-05
eec: 878.946
weight: 1.86772e-05
eec: 758.648
weight: 3.52542e-05
eec: 130.597
weight: 1.13358e-05
eec: 351.122
weight: 7.69012e-05
eec: 58.104
weight: 5.638e-07
eec: 169.817
weight: 6.02965e-06
eec: 321.786
weight: 4.91575e-05
eec: 42.9088
weight: 9.02072e-05
eec: 547.978
weight: 0.000279225
eec: 280.562
weight: 3.44261e-05
eec: 195.905
weight: 0.000637653
eec: 51.1825
weight: 0.000267357
eec: 67.801
weight: 1.33366e-05
eec: 49.952
weight: 1.93336e-05
eec: 715.278
weight: 3.46887e-06
eec: 59.1433
weight: 1.73512e-06
eec: 38.2055
weight: 6.96116e-06
eec: 319.678
weight: 1.18603e-05
eec: 1520.25
weight: 5.07249e-05
eec: 62.4531
weight: 1.81448e-05
eec: 121.909
weight: 7.83313e-06
eec: 93.4141
weight: 5.84052e-06
eec: 465.794
weight: 1.18038e-05
eec: 295.498
weight: 1.22533e-05
eec: 2143.47
weight: 2.52297e-06
eec: 2666.95
weight: 4.66775e-06
eec: 899.41
weight: 0.000206479
eec: 298.927
weight: 1.93921e-06
eec: 46.37
weight: 1.21214e-06
eec: 3233.7
weight: 2.03434e-05
eec: 275.823
weight: 4.58319e-07
eec: 1324.91
weight: 4.49185e-05
eec: 255.355
weight: 1.13397e-05
eec: 787.761
weight: 2.11009e-05
eec: 366.293
weight: 0.000204736
eec: 913.268
weight: 1.02891e-05
eec: 604.813
weight: 7.45644e-06
eec: 371.364
weight: 0.00019445
eec: 186.369
weight: 3.31499e-06
eec: 1231.43
weight: 2.11869e-05
eec: 54.8029
weight: 3.83822e-05
eec: 394.056
weight: 8.1038e-05
eec: 404.396
weight: 6.50426e-07
eec: 43.7514
weight: 0.000183011
eec: 436.645
weight: 3.09373e-05
eec: 821.973
weight: 4.26224e-05
eec: 483.172
weight: 1.1522e-05
eec: 1060.26
weight: 7.88879e-05
eec: 294.238
weight: 2.79267e-05
eec: 189.218
weight: 4.55538e-05
eec: 66.6996
weight: 1.62652e-05
eec: 211.339
weight: 7.39216e-05
eec: 291.53
weight: 1.99697e-06
eec: 546.205
weight: 4.67506e-06
eec: 423.518
weight: 2.46752e-05
eec: 1365.19
weight: 0.000138011
eec: 1137.32
weight: 1.71243e-05
eec: 65.3163
weight: 1.35e-06
eec: 484.075
weight: 0.000138789
eec: 308.627
weight: 0.00125291
eec: 35.75
weight: 2.97454e-06
eec: 3588.11
weight: 5.2206e-06
eec: 321.977
weight: 5.36577e-05
eec: 464.79
weight: 0.000874373
eec: 77.0838
weight: 2.44343e-05
eec: 1826.31
weight: 1.53924e-05
eec: 30.0172
Processing: 37.759 %weight: 5.58924e-05
eec: 1347.32
weight: 1.75728e-06
eec: 15.1189
weight: 0.000107201
eec: 544.054
weight: 5.83387e-06
eec: 807.699
weight: 0.00029741
eec: 91.1892
weight: 0.000314523
eec: 1574.73
weight: 0.000157201
eec: 264.235
weight: 1.02945e-05
eec: 616.719
weight: 1.42519e-05
eec: 63.7648
weight: 7.7686e-05
eec: 208.45
weight: 1.83668e-05
eec: 893.539
weight: 8.31567e-05
eec: 280.181
weight: 1.19407e-05
eec: 47.5478
weight: 0.000135179
eec: 259.347
weight: 3.25516e-07
eec: 245.552
weight: 0.000371442
eec: 91.1409
weight: 0.000148868
eec: 132.621
weight: 2.73522e-07
eec: 479.773
weight: 8.96747e-07
eec: 360.694
weight: 6.84732e-05
eec: 289.749
weight: 2.66538e-06
eec: 739.093
weight: 7.30187e-06
eec: 326.879
weight: 1.56796e-05
eec: 927.788
weight: 7.26444e-05
eec: 1306.98
weight: 1.35241e-05
eec: 729.366
weight: 9.34311e-06
eec: 251.572
weight: 0.000277138
eec: 47.1131
weight: 8.97954e-05
eec: 508.08
weight: 7.69667e-06
eec: 1268.77
weight: 9.77322e-06
eec: 465.785
weight: 2.49268e-05
eec: 94.4413
weight: 1.42269e-05
eec: 2537.95
weight: 1.22635e-05
eec: 1111.39
weight: 2.55559e-05
eec: 194.982
weight: 2.16422e-05
eec: 976.754
weight: 9.11684e-06
eec: 1849.96
weight: 0.000110755
eec: 290.694
weight: 6.54297e-07
eec: 264.62
weight: 0.000211098
eec: 1132.5
weight: 0.000232607
eec: 183.856
weight: 1.32723e-05
eec: 560.736
weight: 4.91261e-06
eec: 1132.86
weight: 0.000142341
eec: 740.209
weight: 6.63228e-06
eec: 439.933
weight: 0.00130265
eec: 985.261
weight: 1.286e-05
eec: 292.637
weight: 9.64747e-05
eec: 249.538
weight: 3.08417e-05
eec: 474.927
weight: 2.88538e-05
eec: 111.617
weight: 3.80475e-06
eec: 1608.7
weight: 3.9668e-06
eec: 167.02
weight: 1.84957e-05
eec: 1530.25
weight: 4.21164e-06
eec: 1067.61
weight: 1.41299e-05
eec: 197.716
weight: 1.46325e-05
eec: 69.3816
weight: 9.98097e-07
eec: 1234.14
weight: 0.000140076
eec: 693.563
weight: 0.000741471
eec: 174.263
weight: 0.000142706
eec: 542.252
weight: 1.25307e-05
eec: 14.8182
weight: 6.80868e-06
eec: 173.037
weight: 0.000113386
eec: 956.621

ROOT exit code = 0
