gSystem->Load("run_condor_job_Run3_C.so");
run_condor_job_Run3(998, 100, 2,
                    80, 200,
                    1, 1, 1, 9);
.q

ENTERED run_condor_job_Run3()
JOBID = 998
  global job = 998  Job 98/100  events [5827080, 5886540)  total=5946000
Processing events [5827080, 5886540) of 5946000
weight: 0.000210039
eec: 170.905
weight: 2.98687e-05
eec: 1309.71
weight: 0.000110582
eec: 320.008
weight: 1.66389e-05
eec: 302.903
weight: 0.000231676
eec: 179.866
weight: 0.000175333
eec: 231.166
weight: 0.000117917
eec: 305.106
weight: 0.000206691
eec: 76.1649
weight: 7.36146e-06
eec: 663.015
weight: 0.000320537
eec: 47.5084
weight: 0.000222698
eec: 549.655
weight: 9.10596e-05
eec: 54.9031
weight: 0.000374359
eec: 313.979
weight: 6.29628e-06
eec: 204.005
weight: 3.24332e-05
eec: 168.276
weight: 1.16865e-05
eec: 107.482
weight: 0.000108
eec: 239.482
weight: 2.78929e-05
eec: 1131.39
weight: 6.09316e-05
eec: 179.125
weight: 0.000148088
eec: 1216.58
weight: 1.44281e-07
eec: 951.987
weight: 0.000186458
eec: 167.582
weight: 3.12761e-07
eec: 109.874
weight: 0.000202882
eec: 712.457
weight: 2.87657e-07
eec: 1232.61
weight: 2.12744e-05
eec: 211.467
weight: 1.50857e-05
eec: 137.344
weight: 0.000466353
eec: 471.577
weight: 0.000401093
eec: 92.7962
weight: 3.91305e-05
eec: 105.53
weight: 4.20006e-06
eec: 2297.82
weight: 9.09228e-06
eec: 1215.05
weight: 2.87459e-07
eec: 1006.32
weight: 3.53877e-05
eec: 283.607
weight: 4.65469e-05
eec: 13.7312
weight: 4.51511e-07
eec: 60.1602
weight: 0.000146971
eec: 934.888
weight: 3.51131e-05
eec: 230.016
weight: 2.45422e-05
eec: 162.218
weight: 2.36037e-06
eec: 91.7653
weight: 1.1324e-05
eec: 297.565
weight: 9.3271e-06
eec: 1436.29
weight: 6.21839e-05
eec: 637.938
weight: 4.32588e-05
eec: 468.283
weight: 0.000477514
eec: 116.561
weight: 0.000780743
eec: 457.058
weight: 5.28931e-05
eec: 752.242
weight: 1.31976e-05
eec: 115.221
weight: 3.71027e-05
eec: 611.156
weight: 0.000574536
eec: 808.071
weight: 1.59893e-07
eec: 814.602
weight: 8.57441e-05
eec: 723.4
weight: 3.08365e-06
eec: 1572.99
weight: 2.38915e-06
eec: 113.314
weight: 3.08131e-05
eec: 62.8808
weight: 3.76946e-06
eec: 714.218
weight: 2.3117e-05
eec: 1595.1
weight: 5.01172e-06
eec: 2673.07
weight: 9.6572e-06
eec: 159.632
weight: 5.56711e-06
eec: 908.74
weight: 2.24503e-05
eec: 249.976
weight: 2.24953e-05
eec: 403.58
weight: 5.30033e-05
eec: 86.2854
weight: 6.32404e-06
eec: 159.244
weight: 3.58678e-05
eec: 440.949
weight: 6.79958e-06
eec: 3438.08
weight: 1.9581e-06
eec: 1084.25
weight: 3.5707e-05
eec: 782.591
weight: 0.00100993
eec: 408.658
weight: 3.48222e-06
eec: 169.13
weight: 3.60594e-05
eec: 9.25981
weight: 0.00012523
eec: 1552.36
weight: 4.6653e-06
eec: 621.334
weight: 0.000100315
eec: 1169.02
weight: 4.71879e-06
eec: 1575.38
weight: 2.1076e-05
eec: 212.922
weight: 1.34906e-06
eec: 1937.2
weight: 1.22015e-05
eec: 1361.79
weight: 1.72432e-05
eec: 1279.59
weight: 8.43411e-06
eec: 746.526
weight: 2.68738e-05
eec: 276.42
weight: 9.54179e-06
eec: 476.097
Processing: 98.3855 %weight: 2.4329e-05
eec: 97.6198
weight: 1.21581e-05
eec: 1345.47
weight: 5.187e-07
eec: 1603.31
weight: 2.55716e-06
eec: 23.2731
weight: 2.55716e-06
eec: 1032.66
weight: 2.53333e-06
eec: 399.3
weight: 8.63657e-06
eec: 78.2585
weight: 2.48116e-06
eec: 429.948
weight: 1.64673e-05
eec: 114.486
weight: 1.96805e-05
eec: 764.19
weight: 5.23406e-05
eec: 632.738
weight: 1.50567e-05
eec: 800.126
weight: 3.41205e-05
eec: 2304.73
weight: 3.94537e-05
eec: 176.264
weight: 0.000314462
eec: 181.71
weight: 1.68114e-05
eec: 1127.87
weight: 3.49528e-05
eec: 806.821
weight: 9.52873e-05
eec: 858.819
weight: 1.94105e-05
eec: 3695.82
weight: 8.16253e-06
eec: 1176.11
weight: 7.41179e-05
eec: 792.221
weight: 5.08259e-08
eec: 1089.98
weight: 0.000197054
eec: 183.557
weight: 1.66445e-06
eec: 355.659
weight: 0.000132054
eec: 1326.58
weight: 6.4585e-06
eec: 344.187
weight: 1.1278e-05
eec: 425.41
weight: 2.23828e-05
eec: 330.272
weight: 6.60646e-05
eec: 222.86
weight: 0.000203466
eec: 222.769
weight: 7.97184e-05
eec: 102.16
weight: 1.33145e-06
eec: 239.788
weight: 4.78754e-05
eec: 79.4288
weight: 4.78754e-05
eec: 1028.5
weight: 2.00532e-05
eec: 518.567
weight: 1.03024e-06
eec: 52.4123
weight: 1.20643e-05
eec: 656.834
weight: 0.000465679
eec: 878.333
weight: 4.69645e-05
eec: 1367.23
weight: 0.00076431
eec: 788.557
weight: 0.000293376
eec: 225.323
weight: 2.10607e-06
eec: 1373.28
weight: 4.60301e-06
eec: 750.053
weight: 1.84868e-05
eec: 383.753
weight: 0.000332264
eec: 267.2
weight: 5.97447e-05
eec: 189.144
weight: 3.33252e-06
eec: 179.1
weight: 3.04419e-05
eec: 135.119
weight: 1.85093e-05
eec: 79.7821
weight: 3.14311e-05
eec: 204.51
weight: 5.37888e-05
eec: 748.48
weight: 1.81157e-05
eec: 778.57
weight: 4.97622e-05
eec: 94.932
weight: 2.93963e-05
eec: 862.599
weight: 6.5695e-05
eec: 531.909
weight: 3.96667e-06
eec: 130.281
weight: 9.86298e-05
eec: 627.788
weight: 1.9234e-06
eec: 133.416
weight: 2.18597e-06
eec: 864.51
weight: 4.77744e-05
eec: 584.564
weight: 5.19117e-05
eec: 82.1278
weight: 4.69229e-05
eec: 1718.44
weight: 2.50248e-05
eec: 346.437
weight: 2.52851e-06
eec: 1195.59
weight: 1.26186e-07
eec: 303.433
weight: 4.51887e-05
eec: 98.3313
weight: 2.19446e-05
eec: 156.09
weight: 0.00064448
eec: 61.6701
weight: 8.08015e-07
eec: 466.751
weight: 3.94814e-05
eec: 717.301
weight: 0.000100289
eec: 759.366
weight: 1.42032e-05
eec: 385.469
weight: 1.05314e-05
eec: 873.903
weight: 5.73978e-05
eec: 26.8816
weight: 2.03222e-05
eec: 903.95
weight: 5.4327e-06
eec: 521.526
weight: 8.97945e-05
eec: 319.288
weight: 7.44434e-07
eec: 317.99
weight: 4.83223e-06
eec: 2676.08
weight: 5.71868e-05
eec: 50.8608
weight: 1.45391e-05
eec: 60.9151
weight: 0.00019625
eec: 629.429
weight: 0.00032661
eec: 38.4059
weight: 1.73911e-05
eec: 758.333
weight: 4.35695e-05
eec: 60.437
weight: 4.07182e-06
eec: 148.079
weight: 4.07182e-06
eec: 64.163
weight: 4.55888e-05
eec: 469.684
weight: 5.32286e-06
eec: 1141.57
weight: 0.00010653
eec: 1205.73
weight: 1.38309e-05
eec: 200.94
weight: 0.00014916
eec: 488.527
weight: 2.24459e-05
eec: 518.625
weight: 4.98231e-06
eec: 994.055
weight: 5.33417e-06
eec: 742.808
weight: 1.0003e-05
eec: 516.827
weight: 1.31511e-05
eec: 269.418
weight: 2.46956e-05
eec: 2348.09
weight: 3.65295e-06
eec: 474.713
weight: 5.03516e-05
eec: 1483.98
weight: 1.15296e-05
eec: 130.909
weight: 1.63643e-05
eec: 138.189
weight: 1.71221e-05
eec: 814.699
weight: 1.98115e-05
eec: 2222.41
weight: 3.70039e-06
eec: 358.799
weight: 3.96673e-05
eec: 740.931
weight: 6.70359e-05
eec: 664.242
weight: 5.13909e-06
eec: 11.0929
weight: 2.2399e-05
eec: 1359.66
weight: 0.000276368
eec: 194.115
weight: 9.93274e-05
eec: 79.1052
weight: 8.52252e-07
eec: 63.8668
weight: 5.10392e-05
eec: 148.218
weight: 3.97502e-06
eec: 1269.99
weight: 3.877e-05
eec: 837.086
weight: 4.6423e-07
eec: 329.011
weight: 3.12985e-05
eec: 134.679
weight: 4.46711e-07
eec: 224.618
weight: 1.06412e-05
eec: 130.149
weight: 6.08171e-05
eec: 1078.05
weight: 2.48968e-05
eec: 27.5288
weight: 3.83182e-05
eec: 628.426
weight: 7.18563e-06
eec: 754.332
weight: 0.000196653
eec: 155.517
weight: 4.95308e-06
eec: 518.162
weight: 9.31285e-08
eec: 161.232
weight: 4.96323e-05
eec: 177.158
weight: 1.86038e-06
eec: 468.497
weight: 4.19198e-05
eec: 621.807
weight: 0.000135317
eec: 33.2867
weight: 8.24604e-07
eec: 692.256
weight: 1.99721e-05
eec: 1390.51
weight: 8.46056e-05
eec: 128.893
weight: 2.22658e-07
eec: 300.14
weight: 1.199e-05
eec: 155.269
weight: 2.64425e-05
eec: 1521.84
weight: 1.21033e-05
eec: 258.922
weight: 4.37824e-06
eec: 261.292
weight: 0.000674888
eec: 20.9603
weight: 1.05104e-06
eec: 688.922
weight: 2.39755e-06
eec: 618.532
weight: 7.02226e-06
eec: 268.561
weight: 1.90244e-05
eec: 1268.21
weight: 9.26283e-05
eec: 105.491
weight: 1.23344e-05
eec: 10.3372
weight: 2.16453e-05
eec: 60.9838
weight: 2.52827e-05
eec: 239.601
weight: 3.16444e-06
eec: 354.552
weight: 1.12926e-05
eec: 2123.27
weight: 1.18414e-06
eec: 358.118
weight: 2.99916e-05
eec: 521.354
weight: 6.69741e-06
eec: 2905.7
weight: 7.05952e-06
eec: 435.222
weight: 5.78868e-05
eec: 227.293
weight: 0.000329224
eec: 2053.08
weight: 5.49862e-05
eec: 1054.67
weight: 3.20707e-06
eec: 107.295
weight: 7.77139e-06
eec: 187.496
weight: 1.25572e-06
eec: 570.424

ROOT exit code = 0
