gSystem->Load("run_condor_job_Run3_C.so");
run_condor_job_Run3(880, 100, 2,
                    80, 200,
                    1, 1, 1, 8);
.q

ENTERED run_condor_job_Run3()
JOBID = 880
  global job = 880  Job 80/100  events [4800000, 4860000)  total=6000000
Processing events [4800000, 4860000) of 6000000
Processing: 80 %weight: 0.00317745
eec: 22.052
weight: 0.000878273
eec: 121.655
weight: 5.77002e-05
eec: 58.0555
weight: 0.000139523
eec: 705.134
weight: 2.93226e-05
eec: 130.068
weight: 0.000511965
eec: 571.874
weight: 1.81106e-05
eec: 379.295
weight: 0.00034874
eec: 772.532
weight: 3.52219e-05
eec: 234.46
weight: 2.50438e-06
eec: 1731.65
weight: 1.81317e-05
eec: 138.788
weight: 9.17287e-06
eec: 184.571
weight: 2.87567e-05
eec: 106.499
weight: 8.2093e-05
eec: 188.066
weight: 4.6535e-06
eec: 144.965
weight: 9.66854e-06
eec: 493.757
weight: 1.91838e-05
eec: 1260.64
weight: 0.000201394
eec: 175.126
weight: 1.73146e-05
eec: 710.246
weight: 9.71715e-06
eec: 813.038
weight: 6.30916e-06
eec: 382.959
weight: 6.37302e-05
eec: 530.88
weight: 7.20275e-06
eec: 296.745
weight: 4.78313e-05
eec: 3002.68
weight: 1.11216e-05
eec: 47.4217
weight: 1.08337e-07
eec: 674.359
weight: 0.000252382
eec: 171.213
weight: 6.16339e-05
eec: 2322.34
weight: 6.16339e-05
eec: 428.477
weight: 1.66387e-05
eec: 513.053
weight: 2.97445e-06
eec: 429.119
weight: 1.22273e-06
eec: 297.727
weight: 1.56027e-05
eec: 229.352
weight: 7.73082e-06
eec: 447.672
weight: 1.47118e-06
eec: 1334.21
weight: 7.31037e-06
eec: 3430.43
weight: 7.56925e-06
eec: 2793.51
weight: 0.000512704
eec: 273.993
weight: 3.62043e-05
eec: 38.2874
weight: 5.46271e-06
eec: 182.577
weight: 3.12696e-05
eec: 527.217
weight: 3.83669e-06
eec: 107.23
weight: 5.54581e-05
eec: 727.122
weight: 7.71678e-05
eec: 386.366
weight: 1.08101e-05
eec: 5121.78
weight: 1.87329e-05
eec: 417.251
weight: 5.74238e-06
eec: 346.652
weight: 0.000685549
eec: 313.186
weight: 3.96541e-06
eec: 1112.01
weight: 7.90608e-05
eec: 559.575
weight: 6.13635e-06
eec: 120.607
weight: 0.000189914
eec: 462.621
weight: 7.19319e-05
eec: 29.3645
weight: 7.72068e-05
eec: 24.9457
weight: 4.79688e-07
eec: 47.6332
weight: 4.96952e-07
eec: 26.083
weight: 1.7261e-06
eec: 130.381
weight: 4.06789e-06
eec: 498.412
weight: 2.05902e-05
eec: 432.587
weight: 7.46006e-05
eec: 887.729
weight: 2.2239e-05
eec: 410.211
weight: 1.62792e-05
eec: 53.0324
weight: 1.32873e-06
eec: 3560.3
weight: 5.5328e-05
eec: 1011.28
weight: 4.07495e-05
eec: 300.431
weight: 0.000111043
eec: 570.253
weight: 0.000548662
eec: 273.259
weight: 1.11161e-06
eec: 1001.45
weight: 2.45583e-06
eec: 51.8456
weight: 0.000126043
eec: 78.7181
weight: 4.19614e-05
eec: 85.5199
weight: 1.81964e-05
eec: 2182.07
weight: 1.15412e-05
eec: 477.796
weight: 0.000106298
eec: 354.389
weight: 0.00054616
eec: 13.588
weight: 2.50219e-05
eec: 82.5687
weight: 8.39833e-06
eec: 834.231
weight: 1.09868e-05
eec: 1011.78
weight: 0.000105249
eec: 41.0989
weight: 9.12665e-05
eec: 110.685
weight: 6.89433e-09
eec: 428.004
weight: 5.48727e-06
eec: 892.679
weight: 7.46608e-05
eec: 142.13
weight: 3.15818e-05
eec: 254.362
weight: 6.26446e-05
eec: 264.615
weight: 7.96965e-05
eec: 80.5437
weight: 3.90563e-06
eec: 444.338
weight: 2.73505e-05
eec: 2258.88
weight: 0.000948838
eec: 224.862
weight: 0.000233799
eec: 114.147
weight: 2.15107e-05
eec: 360.228
weight: 3.36217e-05
eec: 97.2724
weight: 9.88922e-06
eec: 88.2008
weight: 8.97116e-08
eec: 74.9498
weight: 1.93057e-05
eec: 1028.02
weight: 1.97103e-07
eec: 718.065
weight: 2.69681e-05
eec: 415.158
weight: 5.53252e-06
eec: 3970.17
weight: 0.000144256
eec: 271.423
weight: 6.2685e-06
eec: 115.342
weight: 5.77955e-06
eec: 119.988
weight: 5.6536e-05
eec: 547.013
weight: 1.02138e-06
eec: 96.4809
weight: 4.1795e-05
eec: 329.815
weight: 2.42043e-06
eec: 1946.66
weight: 1.383e-05
eec: 370.846
weight: 6.43333e-05
eec: 646.902
weight: 2.07452e-05
eec: 254.795
weight: 9.76687e-05
eec: 50.2699
weight: 6.724e-05
eec: 361.076
weight: 1.73236e-05
eec: 759.913
weight: 1.15414e-05
eec: 668.975
weight: 9.09819e-05
eec: 220.209
weight: 0.00011131
eec: 36.6932
weight: 3.17766e-05
eec: 1200.21
weight: 1.73498e-05
eec: 369.261
weight: 0.000936267
eec: 39.4191
weight: 1.76322e-05
eec: 262.46
weight: 0.000117388
eec: 83.2758
weight: 0.000233949
eec: 47.0392
weight: 2.02645e-06
eec: 3846.16
weight: 7.38782e-05
eec: 309.211
weight: 0.000187534
eec: 166.571
weight: 0.000866796
eec: 493.69
weight: 5.01964e-05
eec: 1038.56
weight: 3.95801e-05
eec: 470.889
weight: 2.73385e-05
eec: 511.248
weight: 7.65397e-07
eec: 809.423
weight: 3.76652e-07
eec: 111.932
weight: 7.72732e-06
eec: 172.876
weight: 2.76674e-05
eec: 114.811
weight: 5.83911e-06
eec: 979.136
weight: 1.04902e-06
eec: 723.626
weight: 0.000312214
eec: 603.515
weight: 3.11713e-06
eec: 216.042
weight: 7.32948e-06
eec: 450.029
weight: 2.93004e-05
eec: 1092.43
weight: 3.9743e-05
eec: 185.299
weight: 1.25238e-06
eec: 37.6895
weight: 0.000191013
eec: 27.388
weight: 8.07426e-06
eec: 104.278
weight: 3.95753e-05
eec: 862.028
weight: 4.62254e-05
eec: 2024.82
weight: 4.23438e-05
eec: 151.312
weight: 1.10947e-05
eec: 2862.9
weight: 7.00198e-05
eec: 798.611
weight: 1.61169e-05
eec: 1245.9
weight: 5.89695e-06
eec: 1414.09
weight: 2.39059e-05
eec: 1777.58
weight: 1.32016e-05
eec: 1022.85
weight: 3.42293e-05
eec: 2024.04
weight: 3.20467e-05
eec: 271.347
weight: 3.20467e-05
eec: 426.929
weight: 2.95993e-05
eec: 588.465
weight: 1.09459e-05
eec: 566.299
weight: 2.92957e-05
eec: 1251.44
weight: 3.52148e-05
eec: 784.721
weight: 2.48938e-05
eec: 2769.7
weight: 3.8631e-05
eec: 1974.82
weight: 1.90532e-05
eec: 145.125
weight: 1.70225e-07
eec: 1202.57
weight: 8.16139e-05
eec: 181.779
weight: 5.26223e-05
eec: 323.832
weight: 0.000331361
eec: 578.944
weight: 2.84817e-09
eec: 287.161
weight: 3.97134e-05
eec: 75.2682
weight: 0.000209482
eec: 29.5574
weight: 4.32421e-05
eec: 285.703
weight: 2.85559e-06
eec: 2032.15
weight: 0.000400455
eec: 174.087
weight: 0.000176035
eec: 514.422
weight: 0.000303822
eec: 20.1714
weight: 1.85822e-05
eec: 186.709
weight: 1.51836e-05
eec: 427.059
weight: 2.73505e-05
eec: 239.412
weight: 1.65924e-05
eec: 91.8184
weight: 8.77159e-05
eec: 406.055
weight: 2.05826e-05
eec: 1354.85
weight: 5.7707e-06
eec: 2632.92
weight: 1.52847e-05
eec: 630.097
weight: 2.90308e-05
eec: 169.166
weight: 6.00408e-06
eec: 47.0123
weight: 0.000761451
eec: 348.623
weight: 1.35511e-05
eec: 320.769
weight: 0.000266388
eec: 60.0096
weight: 3.62851e-08
eec: 521.365
weight: 5.08236e-06
eec: 207.892
weight: 3.70068e-05
eec: 745.159
weight: 1.1288e-06
eec: 1870.62
weight: 0.000403354
eec: 130.371
weight: 3.01031e-05
eec: 61.1724
weight: 2.51137e-05
eec: 22.8461
weight: 0.000150541
eec: 29.3411
weight: 0.000127135
eec: 613.777
weight: 7.0243e-05
eec: 1735.39
weight: 0.0002763
eec: 403.648
weight: 5.40981e-05
eec: 103.806
weight: 2.67064e-06
eec: 540.939
weight: 1.26296e-05
eec: 334.937
weight: 1.23236e-05
eec: 328.147
weight: 1.65305e-05
eec: 452.514
weight: 7.98528e-05
eec: 207.05
weight: 0.000136308
eec: 199.034
weight: 0.000634365
eec: 117.375
weight: 6.71585e-06
eec: 54.5128
weight: 1.16036e-05
eec: 1260.48
weight: 4.05793e-06
eec: 1328.88
weight: 0.00021796
eec: 58.7814
weight: 8.32142e-06
eec: 416.062
weight: 9.49102e-07
eec: 122.537
weight: 0.00012501
eec: 1579.71
weight: 0.00012727
eec: 452.841
weight: 8.79709e-05
eec: 222.293
weight: 8.20875e-05
eec: 552.67
weight: 7.75994e-05
eec: 929.68
weight: 5.03486e-05
eec: 163.633
weight: 0.000140502
eec: 130.677
weight: 6.0691e-06
eec: 1619.92
weight: 0.000280841
eec: 6.34337
weight: 8.54121e-06
eec: 172.653
weight: 1.05884e-06
eec: 204.475
weight: 0.000550678
eec: 191.042
weight: 4.36339e-06
eec: 23.0745
weight: 2.96507e-05
eec: 1967.69
weight: 9.08356e-07
eec: 322.492
weight: 3.62331e-05
eec: 183.674
weight: 1.13018e-05
eec: 1005.47
weight: 6.63294e-05
eec: 928.604
Processing: 80.8333 %weight: 2.40921e-05
eec: 217.334
weight: 1.68333e-06
eec: 349.596
weight: 3.74514e-06
eec: 1044.77
weight: 1.06313e-06
eec: 701.233
weight: 1.2117e-05
eec: 1184.27
weight: 3.3139e-05
eec: 506.952
weight: 6.41452e-06
eec: 211.602
weight: 2.41764e-05
eec: 942.201
weight: 0.000535536
eec: 1098.31
weight: 3.08087e-07
eec: 318.903
weight: 5.71223e-06
eec: 1396.51
weight: 1.86876e-05
eec: 996.781
weight: 2.36935e-05
eec: 1056.59
weight: 3.28612e-05
eec: 1191.53
weight: 3.12459e-05
eec: 186.562
weight: 1.41627e-05
eec: 1417.78
weight: 0.000227114
eec: 68.3212
weight: 1.70408e-05
eec: 89.4409
weight: 0.00175347
eec: 86.4279
weight: 3.17451e-06
eec: 257.978
weight: 6.70957e-06
eec: 45.7382
weight: 8.86899e-05
eec: 137.933
weight: 1.24259e-05
eec: 744.331
weight: 6.69276e-05
eec: 187.232
weight: 0.000137384
eec: 582.6
weight: 1.07345e-05
eec: 194.577
weight: 2.69754e-06
eec: 102.448
weight: 7.50738e-05
eec: 193.026
weight: 6.15307e-05
eec: 636.707
weight: 1.97431e-05
eec: 1005.9
weight: 0.000378616
eec: 373.104
weight: 1.11498e-05
eec: 1734.13
weight: 0.000101552
eec: 214.984
weight: 0.000133092
eec: 1106
weight: 0.000224626
eec: 128.376
weight: 1.70878e-05
eec: 1163.35
weight: 3.10342e-05
eec: 1080.62
weight: 1.35267e-05
eec: 442.875
weight: 2.59154e-05
eec: 108.661

ROOT exit code = 0
