gSystem->Load("run_condor_job_Run3_C.so");
run_condor_job_Run3(755, 100, 2,
                    80, 200,
                    1, 1, 1, 7);
.q

ENTERED run_condor_job_Run3()
JOBID = 755
  global job = 755  Job 55/100  events [3131700, 3188640)  total=5694000
Processing events [3131700, 3188640) of 5694000
weight: 5.88946e-06
eec: 132.73
weight: 2.09885e-05
eec: 78.5865
weight: 0.000116352
eec: 72.8668
weight: 9.37342e-05
eec: 425.11
weight: 0.000146067
eec: 447.879
weight: 0.000282245
eec: 230.05
weight: 8.80058e-05
eec: 145.082
weight: 1.8466e-05
eec: 571.487
weight: 3.64813e-05
eec: 140.901
weight: 1.34729e-05
eec: 1417.29
weight: 1.34729e-05
eec: 334.49
weight: 0.000157547
eec: 277.445
weight: 4.98882e-05
eec: 329.782
weight: 8.07935e-08
eec: 127.935
weight: 4.12241e-05
eec: 724.885
weight: 2.08081e-06
eec: 1088.83
weight: 5.36582e-05
eec: 68.0837
weight: 5.02195e-06
eec: 800.072
weight: 6.67608e-06
eec: 1981.64
weight: 7.76993e-06
eec: 504.191
weight: 1.13215e-05
eec: 791.749
weight: 1.77216e-05
eec: 264.556
weight: 2.63454e-05
eec: 240.83
weight: 5.86876e-05
eec: 649.236
weight: 0.000126869
eec: 82.6618
weight: 5.18288e-06
eec: 63.5249
weight: 0.000110175
eec: 307.961
weight: 3.68351e-05
eec: 695.949
weight: 5.82546e-05
eec: 406.263
weight: 7.30669e-06
eec: 528.287
weight: 4.12564e-05
eec: 108.627
weight: 0.000241389
eec: 869.588
weight: 3.01389e-06
eec: 207.283
weight: 5.44408e-05
eec: 54.8683
weight: 7.23826e-06
eec: 657.38
weight: 2.72883e-05
eec: 115.964
weight: 3.87253e-05
eec: 155.47
weight: 4.29754e-05
eec: 268.887
weight: 0.000100872
eec: 1176.71
weight: 3.34925e-06
eec: 161.916
weight: 3.12075e-05
eec: 794.126
weight: 9.2097e-08
eec: 138.638
weight: 8.08597e-05
eec: 1029.28
weight: 0.000395667
eec: 194.288
weight: 1.88674e-05
eec: 256.868
weight: 9.52903e-05
eec: 834.663
weight: 4.94954e-05
eec: 275.406
weight: 0.000519289
eec: 584.095
weight: 5.62468e-08
eec: 53.2716
weight: 7.83909e-05
eec: 1629.46
weight: 1.1299e-05
eec: 634.051
Processing: 55.3214 %weight: 2.21594e-06
eec: 3927.47
weight: 2.10009e-05
eec: 250.541
weight: 5.31821e-05
eec: 92.4033
weight: 2.03128e-05
eec: 147.8
weight: 1.23369e-05
eec: 1532.87
weight: 6.11371e-05
eec: 315.622
weight: 0.000213367
eec: 238.253
weight: 2.85144e-05
eec: 203.726
weight: 2.68294e-05
eec: 95.6176
weight: 0.000336906
eec: 364.936
weight: 2.05669e-05
eec: 38.1886
weight: 0.000357901
eec: 688.052
weight: 0.000357901
eec: 548.554
weight: 3.38408e-05
eec: 67.0295
weight: 4.26225e-05
eec: 186.629
weight: 6.26495e-05
eec: 721.713
weight: 0.000391121
eec: 213.276
weight: 4.92389e-05
eec: 429.874
weight: 1.97211e-06
eec: 972.124
weight: 3.41248e-06
eec: 33.3175
weight: 7.19329e-05
eec: 1095.28
weight: 0.000480063
eec: 119.455
weight: 6.44175e-05
eec: 272.98
weight: 0.000164176
eec: 1573.05
weight: 0.00021502
eec: 587.834
weight: 4.23921e-05
eec: 97.8084
weight: 2.14872e-05
eec: 681.926
weight: 1.25566e-05
eec: 1028.96
weight: 3.28053e-06
eec: 942.843
weight: 9.10983e-06
eec: 1341.12
weight: 0.000531661
eec: 49.7623
weight: 5.59433e-05
eec: 182.589
weight: 8.19698e-05
eec: 464.858
weight: 1.86839e-05
eec: 1846.01
weight: 0.000257028
eec: 961.049
weight: 3.27853e-05
eec: 69.2114
weight: 3.65681e-06
eec: 145.502
weight: 2.70725e-05
eec: 102.648
weight: 2.06954e-05
eec: 887.134
weight: 0.000434904
eec: 169.28
weight: 2.3758e-05
eec: 526.75
weight: 0.000111491
eec: 327.108
weight: 6.57258e-05
eec: 1314.85
weight: 5.58069e-05
eec: 1515.32
weight: 2.57961e-05
eec: 181.351
weight: 8.26128e-06
eec: 819.322
weight: 0.000189486
eec: 466.225
weight: 2.58869e-05
eec: 60.9081
weight: 1.1385e-06
eec: 293.678
weight: 8.51174e-06
eec: 272.99
weight: 2.17656e-07
eec: 554.382
weight: 4.54044e-06
eec: 209.994
weight: 7.88124e-05
eec: 781.33
weight: 1.84389e-05
eec: 1299.18
weight: 7.10575e-06
eec: 1460.51
weight: 1.64545e-06
eec: 63.1869
weight: 6.89153e-05
eec: 355.836
weight: 6.89153e-05
eec: 2002.87
weight: 1.08467e-05
eec: 181.865
weight: 2.05641e-05
eec: 315.424
weight: 2.50594e-05
eec: 561.775
weight: 1.5336e-05
eec: 729.698
weight: 1.52065e-05
eec: 842.088
weight: 2.53699e-05
eec: 384.655
weight: 1.81491e-05
eec: 491.109
weight: 3.51352e-06
eec: 71.4096
weight: 7.52378e-05
eec: 255.958
weight: 7.52378e-05
eec: 140.816
weight: 3.13979e-05
eec: 438.955
weight: 0.000153511
eec: 49.6531
weight: 2.33629e-06
eec: 209.533
weight: 2.29023e-06
eec: 185.385
weight: 2.75635e-06
eec: 209.355
weight: 4.85357e-05
eec: 1803.14
weight: 7.2808e-05
eec: 29.9613
weight: 2.6108e-05
eec: 321.617
weight: 1.04462e-06
eec: 365.901
weight: 8.00813e-05
eec: 51.5176
weight: 1.6396e-05
eec: 954.522
weight: 1.10395e-06
eec: 488.117
weight: 0.000110622
eec: 200.08
weight: 0.000150039
eec: 885.668
weight: 6.23097e-06
eec: 1167.23
weight: 5.03674e-06
eec: 149.222
weight: 1.03712e-05
eec: 153.215
weight: 3.80018e-06
eec: 967.76
weight: 6.23672e-06
eec: 866.767
weight: 1.8303e-05
eec: 314.507
weight: 0.000266315
eec: 1501.91
weight: 1.42023e-06
eec: 592.735
weight: 7.48499e-08
eec: 28.8526
weight: 8.76473e-05
eec: 1429.34
weight: 0.00163972
eec: 999.55
weight: 3.79559e-06
eec: 51.5431
weight: 1.86817e-05
eec: 192.123
weight: 8.0227e-05
eec: 1772.78
weight: 2.86556e-08
eec: 166.648
weight: 0.000189506
eec: 277.991
weight: 0.000117698
eec: 780.423
weight: 2.0812e-05
eec: 819.523
weight: 2.22239e-05
eec: 202.539
weight: 5.79054e-05
eec: 150.942
weight: 7.42466e-06
eec: 199.271
weight: 2.75256e-05
eec: 48.1652
weight: 0.000376279
eec: 369.829
weight: 5.32258e-05
eec: 723.138
weight: 1.58521e-07
eec: 31.6474
weight: 3.32463e-05
eec: 1068.19
weight: 8.15593e-06
eec: 1531.63
weight: 1.78059e-05
eec: 411.96
weight: 0.000184566
eec: 153.343
weight: 2.82783e-05
eec: 420.403
weight: 4.35838e-06
eec: 1178.86
weight: 3.28497e-06
eec: 246.128
weight: 1.93079e-05
eec: 240.454
weight: 1.22168e-05
eec: 342.371
weight: 7.90527e-06
eec: 212.332
weight: 0.0001153
eec: 359.324
weight: 2.98473e-05
eec: 1605.3
weight: 4.8979e-06
eec: 865.278
weight: 0.000108828
eec: 785.429
weight: 2.54113e-05
eec: 631.812
weight: 2.88843e-05
eec: 987.067
weight: 0.000131746
eec: 606.593
weight: 0.000231599
eec: 402.345
weight: 5.70309e-08
eec: 1350.56
weight: 6.70957e-08
eec: 995.453
weight: 8.08097e-05
eec: 485.588
weight: 0.000134632
eec: 112.118
weight: 1.74011e-05
eec: 161.052
weight: 3.03305e-05
eec: 1103.84
weight: 1.05266e-05
eec: 388.83
weight: 0.000105347
eec: 290.538
weight: 3.35253e-06
eec: 808.323
weight: 2.54673e-05
eec: 1725.56
weight: 4.40832e-05
eec: 331.941
weight: 5.7877e-06
eec: 53.3947
weight: 0.000142079
eec: 377.426
weight: 6.22813e-06
eec: 69.9413
weight: 0.000314695
eec: 212.973
weight: 1.6313e-05
eec: 998.11
weight: 2.577e-05
eec: 1072.06
weight: 1.59661e-05
eec: 251.762
weight: 0.00047573
eec: 385.223
weight: 3.19353e-05
eec: 78.0655
weight: 4.90523e-08
eec: 733.24
weight: 4.12892e-06
eec: 127.276
weight: 3.35034e-05
eec: 60.775
weight: 2.95254e-05
eec: 1421.45
weight: 0.000117225
eec: 194.04
weight: 8.38936e-05
eec: 450.252
weight: 0.000104724
eec: 241.716
weight: 0.000281031
eec: 1703.87
weight: 1.6715e-05
eec: 325.672
weight: 4.22128e-05
eec: 398.778
weight: 1.06401e-05
eec: 439.993

ROOT exit code = 0
