gSystem->Load("run_condor_job_Run3_C.so");
run_condor_job_Run3(174, 100, 2,
                    80, 200,
                    1, 1, 1, 1);
.q

ENTERED run_condor_job_Run3()
JOBID = 174
  global job = 174  Job 74/100  events [4337880, 4396500)  total=5862000
Processing events [4337880, 4396500) of 5862000
weight: 1.04389e-05
eec: 779.801
weight: 8.99463e-07
eec: 198.279
weight: 1.34808e-05
eec: 75.5122
weight: 4.72094e-05
eec: 232.634
weight: 1.30574e-07
eec: 464.799
weight: 0.000211774
eec: 345.466
weight: 1.02387e-05
eec: 83.4211
weight: 3.30244e-07
eec: 1576.39
weight: 4.84584e-05
eec: 718.015
weight: 6.5044e-05
eec: 127.109
weight: 2.31489e-06
eec: 304.082
weight: 2.27144e-05
eec: 358.549
weight: 2.55211e-05
eec: 426.12
weight: 0.00109072
eec: 867.892
weight: 1.1442e-05
eec: 603.176
weight: 4.27332e-06
eec: 3017.45
weight: 8.96957e-05
eec: 209.483
weight: 0.000189806
eec: 79.3246
weight: 1.27765e-05
eec: 229.052
weight: 0.000114846
eec: 69.2645
weight: 2.56404e-05
eec: 606.015
weight: 1.23225e-06
eec: 238.633
weight: 3.31054e-05
eec: 410.59
weight: 3.0245e-05
eec: 881.098
weight: 4.42138e-05
eec: 6.81903
weight: 1.54043e-06
eec: 88.4064
weight: 1.54043e-06
eec: 427.057
weight: 5.05093e-07
eec: 639.64
weight: 4.0773e-05
eec: 147.435
weight: 0.00081453
eec: 83.4668
weight: 0.000120115
eec: 1992.74
weight: 0.000213377
eec: 429.614
weight: 1.4166e-05
eec: 48.8823
weight: 5.27721e-05
eec: 355.813
weight: 6.26625e-07
eec: 30.3595
weight: 1.20765e-05
eec: 2242.67
weight: 7.74755e-06
eec: 471.48
weight: 7.74755e-06
eec: 93.9739
weight: 3.06448e-05
eec: 151.187
weight: 2.24085e-06
eec: 117.32
weight: 1.50918e-05
eec: 184.95
weight: 1.05775e-05
eec: 969.045
weight: 1.70831e-05
eec: 1129.54
weight: 2.05577e-05
eec: 458.107
weight: 1.09322e-05
eec: 562.213
weight: 1.09963e-05
eec: 134.52
weight: 2.42964e-05
eec: 591.806
weight: 0.000131709
eec: 301.855
weight: 9.69318e-06
eec: 1468.59
weight: 2.36947e-05
eec: 62.5518
weight: 8.18561e-05
eec: 177.817
weight: 5.65561e-05
eec: 1118.26
weight: 0.000185112
eec: 181.501
weight: 2.34419e-05
eec: 312.855
weight: 0.000167503
eec: 531.165
weight: 1.45818e-05
eec: 3418.32
weight: 3.55583e-05
eec: 1779.25
Processing: 74.2068 %weight: 3.98882e-06
eec: 444.338
weight: 1.24856e-05
eec: 69.3038
weight: 5.73451e-05
eec: 737.076
weight: 3.47549e-05
eec: 72.9603
weight: 5.14408e-05
eec: 561.323
weight: 8.67207e-05
eec: 1093.44
weight: 7.04247e-06
eec: 147.448
weight: 9.30528e-06
eec: 704.94
weight: 1.20652e-05
eec: 198.347
weight: 2.08012e-06
eec: 89.4124
weight: 4.78882e-06
eec: 731.647
weight: 9.20293e-05
eec: 1582.82
weight: 3.38479e-06
eec: 236.324
weight: 3.86227e-07
eec: 1018.8
weight: 2.38568e-05
eec: 733.68
weight: 6.15999e-06
eec: 849.124
weight: 6.23213e-05
eec: 281.742
weight: 1.08504e-05
eec: 1257.53
weight: 8.81713e-06
eec: 27.2539
weight: 0.000174674
eec: 76.5512
weight: 5.70114e-05
eec: 205.373
weight: 2.80327e-05
eec: 272.213
weight: 2.92402e-05
eec: 114.796
weight: 0.000146088
eec: 136.489
weight: 9.51766e-05
eec: 243.152
weight: 2.14313e-06
eec: 317.15
weight: 1.61055e-05
eec: 262.876
weight: 0.000176049
eec: 240.761
weight: 7.54942e-06
eec: 1363.23
weight: 4.9586e-05
eec: 34.4621
weight: 5.18947e-05
eec: 328.303
weight: 0.000157239
eec: 170.701
weight: 1.87648e-06
eec: 3350.99
weight: 3.30081e-05
eec: 417.339
weight: 1.37578e-05
eec: 506.874
weight: 5.70827e-05
eec: 379.179
weight: 6.63835e-06
eec: 318.067
weight: 8.26257e-06
eec: 44.8203
weight: 0.00040788
eec: 63.3283
weight: 3.10212e-05
eec: 223.193
weight: 1.53885e-06
eec: 279.651
weight: 2.70882e-05
eec: 573.029
weight: 0.000118476
eec: 588.637
weight: 2.86311e-05
eec: 255.794
weight: 0.00266383
eec: 402.953
weight: 4.60464e-06
eec: 66.522
weight: 5.28166e-07
eec: 966.798
weight: 9.30877e-05
eec: 278.954
weight: 3.71004e-05
eec: 1940.37
weight: 2.67274e-05
eec: 621.402
weight: 0.000147461
eec: 485.604
weight: 9.80061e-06
eec: 2927.9
weight: 2.24931e-06
eec: 676.381
weight: 0.00016331
eec: 521.161
weight: 8.90089e-06
eec: 139.417
weight: 1.26144e-05
eec: 1209.29
weight: 4.63037e-06
eec: 346.941
weight: 1.53612e-05
eec: 773.48
weight: 6.9813e-06
eec: 598.348
weight: 0.00015064
eec: 686.516
weight: 0.000160824
eec: 179.996
weight: 5.13914e-05
eec: 1167.68
weight: 1.55201e-08
eec: 172.884
weight: 6.96154e-06
eec: 2242.23
weight: 5.99039e-07
eec: 365.002
weight: 1.55947e-05
eec: 627.182
weight: 0.000242214
eec: 541.948
weight: 8.68844e-06
eec: 1959.5
weight: 1.6295e-05
eec: 369.806
weight: 7.64246e-06
eec: 1073.76
weight: 2.27836e-05
eec: 364.109
weight: 0.000159865
eec: 304.615
weight: 6.80576e-06
eec: 109.947
weight: 4.00885e-06
eec: 256.219
weight: 8.74215e-06
eec: 739.437
weight: 9.95129e-06
eec: 619.033
weight: 6.17567e-05
eec: 362.757
weight: 1.19882e-05
eec: 594.878
weight: 2.06824e-05
eec: 684.7
weight: 3.2309e-06
eec: 877.706
weight: 1.30007e-05
eec: 404.841
weight: 3.88225e-05
eec: 1597.92
weight: 5.20036e-05
eec: 216.164
weight: 0.000289183
eec: 488.839
weight: 2.09148e-05
eec: 622.784
weight: 1.47565e-05
eec: 94.666
weight: 2.5558e-05
eec: 1130.12
weight: 3.29014e-06
eec: 68.6376
weight: 0.000104635
eec: 113.849
weight: 3.22232e-07
eec: 358.338
weight: 6.56674e-06
eec: 824.65
weight: 0.00014418
eec: 391.901
weight: 8.41726e-06
eec: 109.713
weight: 2.73278e-05
eec: 645.336
weight: 0.000206803
eec: 598.098
weight: 2.98452e-06
eec: 627.367
weight: 3.42031e-06
eec: 128.797
weight: 1.01691e-07
eec: 3793.06
weight: 3.25868e-05
eec: 60.341
weight: 0.000124722
eec: 730.938
weight: 2.86064e-05
eec: 556.217
weight: 2.55929e-07
eec: 26.2096
weight: 0.000133792
eec: 149.54
weight: 9.33151e-06
eec: 61.1247
weight: 6.96717e-06
eec: 188.702
weight: 2.21384e-05
eec: 615.615
weight: 1.48414e-05
eec: 328.45
weight: 1.90981e-06
eec: 183.472
weight: 5.94091e-06
eec: 898.567
weight: 6.35215e-05
eec: 528.094
weight: 0.0054169
eec: 1032.04
weight: 2.73659e-05
eec: 1365.71
weight: 6.21246e-05
eec: 490.784
weight: 0.000206485
eec: 868.819
weight: 2.37596e-06
eec: 154.659
weight: 1.25544e-05
eec: 576.794
weight: 0.000307489
eec: 93.2989
weight: 4.72407e-06
eec: 271.101
weight: 7.13401e-05
eec: 462.895
weight: 3.23035e-05
eec: 502.121
weight: 7.51522e-06
eec: 433.418
weight: 1.90488e-05
eec: 1504.5
weight: 1.34904e-05
eec: 358.201
weight: 8.62435e-05
eec: 324.746
weight: 0.000401578
eec: 90.8009
weight: 2.77018e-05
eec: 430.778
weight: 4.09194e-06
eec: 1304.52
weight: 1.62003e-05
eec: 2588.01
weight: 3.15335e-05
eec: 1052.28
weight: 1.23777e-05
eec: 338.454
weight: 5.53244e-07
eec: 99.3611
weight: 2.67576e-05
eec: 240.086
weight: 2.38673e-05
eec: 813.876
weight: 0.000158811
eec: 64.162
weight: 6.46121e-05
eec: 1285.61
weight: 3.28264e-05
eec: 418.201
weight: 6.00575e-06
eec: 162.557
weight: 8.46173e-05
eec: 97.5101
weight: 0.000108146
eec: 346.275
weight: 1.43543e-07
eec: 2124.06
weight: 0.000146523
eec: 260.646
weight: 1.18675e-05
eec: 884.815
weight: 4.16742e-05
eec: 195.422
weight: 2.03463e-05
eec: 456.222
weight: 0.000303936
eec: 444.352
weight: 0.000127224
eec: 289.975
weight: 4.52351e-06
eec: 684.662
weight: 6.53848e-05
eec: 1000.48
weight: 3.8189e-05
eec: 148.127
weight: 0.000131803
eec: 159.775
weight: 1.61066e-05
eec: 486.455
weight: 1.27101e-05
eec: 986.376
weight: 8.4572e-06
eec: 197.907
weight: 4.12904e-05
eec: 629.407
weight: 0.000125286
eec: 871.253
weight: 4.82932e-05
eec: 1652.29
weight: 1.70119e-06
eec: 835.796
weight: 6.693e-08
eec: 3456.21
weight: 9.10056e-08
eec: 382.405
weight: 0.000114833
eec: 250.396
weight: 2.26226e-05
eec: 60.5556
weight: 3.30111e-06
eec: 1802.11
weight: 8.85847e-07
eec: 378.933
weight: 4.42629e-05
eec: 945.265
weight: 0.000402781
eec: 1089.81
weight: 4.68855e-05
eec: 39.0418
weight: 2.11478e-07
eec: 132.114
weight: 4.6492e-05
eec: 85.6087
weight: 3.8959e-07
eec: 1685.71
weight: 3.23996e-05
eec: 670.067
weight: 2.00687e-05
eec: 189.238
weight: 2.8435e-05
eec: 383.072
weight: 6.99901e-07
eec: 3100.73
weight: 2.53711e-05
eec: 440.425
weight: 6.29384e-08
eec: 1025.74
weight: 3.74218e-05
eec: 69.33
weight: 0.000108165
eec: 290.08
weight: 2.61542e-05
eec: 332.135
weight: 4.07666e-05
eec: 37.4887
weight: 1.48143e-05
eec: 286.109
weight: 5.80815e-05
eec: 233.97
weight: 8.34508e-06
eec: 350.933
weight: 8.88024e-06
eec: 365.586
weight: 0.000135844
eec: 98.4371
weight: 1.77573e-05
eec: 1846.29
weight: 7.36233e-05
eec: 829.423
weight: 6.00417e-05
eec: 466.637
weight: 3.05184e-07
eec: 2458.86
weight: 3.25079e-05
eec: 337.399
weight: 6.88335e-09
eec: 669.727
weight: 8.60535e-06
eec: 692.821
weight: 6.88697e-06
eec: 725.499
weight: 6.85177e-07
eec: 659.864
weight: 4.72959e-05
eec: 476.094
weight: 0.000356523
eec: 559.523
weight: 5.74108e-05
eec: 3.44261
weight: 2.49201e-06
eec: 1218.48
weight: 8.42563e-06
eec: 1393.81
weight: 2.11973e-05
eec: 1994.65
weight: 7.62039e-06
eec: 243.946
weight: 4.69455e-05
eec: 73.6099

ROOT exit code = 0
