gSystem->Load("run_condor_job_Run3_C.so");
run_condor_job_Run3(371, 100, 2,
                    80, 200,
                    1, 1, 1, 3);
.q

ENTERED run_condor_job_Run3()
JOBID = 371
  global job = 371  Job 71/100  events [4260000, 4320000)  total=6000000
Processing events [4260000, 4320000) of 6000000
weight: 6.9216e-05
eec: 556.381
weight: 0.000385517
eec: 277.794
weight: 3.27925e-05
eec: 1966.88
weight: 6.81632e-06
eec: 1057.1
weight: 8.03846e-05
eec: 517.487
weight: 0.000128672
eec: 44.2226
weight: 1.58672e-05
eec: 176.935
weight: 0.000171782
eec: 209.291
weight: 9.79862e-06
eec: 180.61
weight: 4.50655e-06
eec: 636.843
weight: 0.000125853
eec: 625.573
weight: 1.34861e-06
eec: 884.792
weight: 2.62938e-05
eec: 874.331
weight: 2.26831e-05
eec: 676.998
weight: 5.59716e-06
eec: 71.4963
weight: 1.76895e-06
eec: 412.975
weight: 5.75932e-05
eec: 276.701
weight: 0.000215361
eec: 121.906
weight: 3.85076e-06
eec: 31.0763
weight: 6.90147e-05
eec: 558.94
weight: 0.00011171
eec: 51.5669
weight: 9.96519e-08
eec: 101.707
weight: 7.25968e-05
eec: 458.935
weight: 6.65708e-06
eec: 51.6168
weight: 2.70273e-05
eec: 431.414
weight: 2.32495e-05
eec: 431.179
weight: 1.75182e-05
eec: 1343.14
weight: 1.24279e-05
eec: 48.3107
weight: 1.41869e-05
eec: 780.117
weight: 1.90384e-05
eec: 128.599
weight: 1.34602e-06
eec: 120.108
weight: 6.88668e-05
eec: 424.046
weight: 4.32171e-05
eec: 528.36
weight: 5.54413e-07
eec: 199.708
weight: 3.22499e-06
eec: 286.052
weight: 3.55183e-06
eec: 1356.65
weight: 6.77155e-05
eec: 96.9007
weight: 2.33707e-07
eec: 696.948
weight: 5.80168e-06
eec: 552.167
weight: 0.000197124
eec: 787.905
weight: 1.77429e-05
eec: 311.132
weight: 0.00125099
eec: 717.184
weight: 3.71452e-05
eec: 947.111
weight: 1.94017e-05
eec: 814.865
weight: 6.51577e-05
eec: 230.914
weight: 6.09412e-08
eec: 96.5717
weight: 1.41921e-06
eec: 1447.13
weight: 4.64817e-05
eec: 1834.18
weight: 4.69654e-05
eec: 243.784
weight: 2.33021e-05
eec: 1561.69
weight: 1.39957e-05
eec: 387.804
weight: 0.000157661
eec: 669.379
weight: 0.000113146
eec: 509.231
weight: 8.21104e-06
eec: 223.591
weight: 1.67058e-05
eec: 252.64
weight: 1.01232e-05
eec: 192.921
weight: 1.25315e-05
eec: 1293.72
weight: 2.2787e-05
eec: 963.328
weight: 2.54933e-05
eec: 610.243
weight: 1.18406e-05
eec: 3374.93
weight: 5.17768e-05
eec: 198.558
weight: 4.20967e-06
eec: 51.1486
weight: 2.12757e-06
eec: 614.175
weight: 6.9383e-05
eec: 276.576
weight: 8.67434e-06
eec: 565.63
weight: 8.08207e-05
eec: 1216.13
weight: 2.3411e-05
eec: 501.625
weight: 0.000558003
eec: 314.127
weight: 0.000162225
eec: 707.736
weight: 0.000103728
eec: 1393.03
weight: 6.13245e-06
eec: 194.326
weight: 5.25524e-06
eec: 14.7708
weight: 7.65729e-06
eec: 774.057
weight: 2.60861e-05
eec: 291.461
weight: 6.30927e-05
eec: 65.0131
weight: 2.78311e-05
eec: 240.586
weight: 2.01301e-07
eec: 168.019
weight: 0.000416367
eec: 428.058
weight: 1.70296e-08
eec: 673.219
weight: 3.94052e-05
eec: 251.662
weight: 1.74025e-05
eec: 754.032
weight: 0.000246017
eec: 341.472
weight: 1.2424e-05
eec: 17.475
weight: 3.70579e-06
eec: 1530.31
weight: 0.00139232
eec: 393.634
weight: 0.000894744
eec: 303.18
weight: 4.96571e-07
eec: 2114.25
weight: 8.83947e-05
eec: 736.059
weight: 2.18626e-06
eec: 131.964
weight: 9.21552e-06
eec: 951.912
weight: 1.90991e-05
eec: 265.214
weight: 9.06341e-05
eec: 304.596
weight: 0.000131301
eec: 586.548
weight: 1.46046e-07
eec: 214.885
weight: 8.85787e-05
eec: 2495.02
weight: 1.32499e-05
eec: 955.014
weight: 0.000327455
eec: 845.285
weight: 3.93704e-06
eec: 1218.84
weight: 5.90197e-05
eec: 1483.19
weight: 1.20767e-06
eec: 192.329
weight: 1.27002e-05
eec: 143.465
weight: 6.75321e-05
eec: 371.944
weight: 0.000187569
eec: 75.5646
weight: 2.59604e-05
eec: 1527.71
weight: 0.000140676
eec: 379.716
weight: 1.72815e-06
eec: 2228.8
weight: 3.2544e-05
eec: 388.376
weight: 9.80117e-06
eec: 353.34
weight: 1.69422e-05
eec: 199.945
weight: 0.000174956
eec: 423.991
weight: 0.000152082
eec: 168.566
weight: 2.01681e-05
eec: 376.53
weight: 1.77819e-05
eec: 1470.27
weight: 5.75333e-06
eec: 2337.81
weight: 4.96534e-06
eec: 81.2153
weight: 3.00047e-06
eec: 1217.03
weight: 0.000927228
eec: 255.12
weight: 6.31967e-06
eec: 164.709
weight: 2.75534e-05
eec: 498.019
weight: 7.18687e-05
eec: 21.6462
weight: 3.31591e-05
eec: 260.941
weight: 2.48966e-05
eec: 191.731
weight: 7.81756e-06
eec: 118.535
weight: 3.59843e-06
eec: 992.571
weight: 4.41956e-06
eec: 672.714
weight: 4.7936e-05
eec: 457.574
weight: 4.87914e-05
eec: 420.845
weight: 0.00021112
eec: 566.546
weight: 3.87843e-05
eec: 109.967
weight: 7.91816e-05
eec: 200.999
weight: 8.33417e-05
eec: 155.351
weight: 0.000140613
eec: 558.668
weight: 1.67284e-05
eec: 87.6193
weight: 0.000349609
eec: 151.909
weight: 7.74598e-05
eec: 739.05
weight: 6.03779e-06
eec: 76.8278
weight: 3.22387e-06
eec: 30.4653
weight: 6.4831e-06
eec: 33.6122
weight: 0.000263853
eec: 144.557
weight: 6.71275e-05
eec: 472.562
weight: 7.21466e-05
eec: 377.312
weight: 6.20975e-07
eec: 1529.24
weight: 1.80417e-05
eec: 373.066
weight: 3.56138e-05
eec: 529.426
weight: 2.03482e-05
eec: 946.428
weight: 1.8085e-05
eec: 116.927
weight: 2.67467e-06
eec: 167.598
weight: 0.000120233
eec: 554.823
weight: 3.35073e-05
eec: 562.708
weight: 9.7588e-05
eec: 112.545
weight: 8.70736e-06
eec: 1084.94
weight: 3.59559e-05
eec: 47.6895
weight: 1.3543e-05
eec: 163.175
weight: 2.80941e-05
eec: 527.934
weight: 2.07426e-05
eec: 45.9589
weight: 2.68512e-06
eec: 25.5157
weight: 2.60785e-05
eec: 614.211
weight: 0.000129319
eec: 265.087
weight: 1.1234e-05
eec: 593.874
weight: 0.000332179
eec: 169.427
weight: 2.65155e-05
eec: 1027.47
weight: 1.22532e-05
eec: 692.711
weight: 3.61968e-08
eec: 1147.53
Processing: 71.6667 %weight: 9.68705e-05
eec: 1227.82
weight: 8.14915e-06
eec: 324.643
weight: 3.74275e-05
eec: 359.16
weight: 7.9632e-06
eec: 380.696
weight: 4.67021e-05
eec: 853.722
weight: 1.56023e-05
eec: 302.48
weight: 3.08864e-06
eec: 44.4018
weight: 1.76861e-05
eec: 850.833
weight: 0.000114716
eec: 167.092
weight: 1.01225e-05
eec: 773.97
weight: 2.63891e-05
eec: 764.399
weight: 7.59482e-05
eec: 299.473
weight: 5.91172e-07
eec: 169.833
weight: 1.74376e-05
eec: 22.9987
weight: 0.000116632
eec: 86.6749
weight: 7.43372e-06
eec: 618.696
weight: 5.73144e-05
eec: 993.043
weight: 9.0581e-05
eec: 144.43
weight: 4.83561e-05
eec: 584.112
weight: 1.79727e-05
eec: 120.296
weight: 0.000122103
eec: 116.696
weight: 3.48572e-05
eec: 3200.42
weight: 1.40888e-05
eec: 751.327
weight: 4.17185e-05
eec: 177.911
weight: 5.60934e-05
eec: 727.636
weight: 2.91436e-05
eec: 1301.04
weight: 8.60598e-05
eec: 823.822
weight: 1.10858e-05
eec: 664.367
weight: 1.48054e-05
eec: 14.3836
weight: 0.000107743
eec: 572.656
weight: 4.27164e-05
eec: 223.474
weight: 0.000214644
eec: 64.2588
weight: 1.76474e-05
eec: 2889.58
weight: 6.16546e-06
eec: 220.577
weight: 2.98414e-05
eec: 1644.64
weight: 3.09634e-06
eec: 1915.01
weight: 7.73119e-05
eec: 392.97
weight: 1.22622e-05
eec: 504.115
weight: 1.95749e-05
eec: 135.857
weight: 6.61729e-05
eec: 106.443
weight: 3.05559e-06
eec: 35.225
weight: 8.16597e-06
eec: 288.502
weight: 0.000113481
eec: 219.126
weight: 0.000419257
eec: 633.327
weight: 0.000142507
eec: 947.28
weight: 8.32741e-05
eec: 191.478
weight: 1.99501e-05
eec: 2874.9
weight: 1.92991e-06
eec: 561.63
weight: 3.02358e-08
eec: 1356.71
weight: 7.26492e-05
eec: 1086.51
weight: 0.000277276
eec: 320.033
weight: 1.35887e-06
eec: 112.484
weight: 0.00024111
eec: 679.495
weight: 3.27866e-07
eec: 299.764
weight: 3.55075e-05
eec: 118.552
weight: 1.51354e-07
eec: 676.629
weight: 1.02184e-05
eec: 1491.14
weight: 5.93937e-05
eec: 273.52
weight: 6.35162e-06
eec: 439.54
weight: 9.08874e-06
eec: 1179
weight: 4.79707e-05
eec: 1844.04
weight: 4.24207e-06
eec: 472.456
weight: 4.85156e-05
eec: 1831.24
weight: 3.51426e-05
eec: 286.053
weight: 1.57045e-06
eec: 890.131
weight: 5.36859e-05
eec: 669.913
weight: 1.80508e-05
eec: 155.139
weight: 0.00022714
eec: 218.369
weight: 2.96027e-06
eec: 891.002
weight: 1.44017e-06
eec: 873.588
weight: 5.91748e-05
eec: 231.823
weight: 1.06275e-05
eec: 2706.21
weight: 1.80349e-05
eec: 550.251
weight: 5.56794e-06
eec: 1961.61
weight: 5.08353e-06
eec: 140.701
weight: 1.89342e-05
eec: 753.997
weight: 9.09441e-06
eec: 283.682
weight: 0.000422362
eec: 412.19
weight: 7.75898e-06
eec: 363.51
weight: 1.87248e-05
eec: 347.746
weight: 3.99347e-08
eec: 241.058
weight: 0.000300789
eec: 300.778
weight: 3.59876e-05
eec: 185.673
weight: 3.04947e-05
eec: 307.585

ROOT exit code = 0
