gSystem->Load("run_condor_job_Run3_C.so");
run_condor_job_Run3(409, 100, 2,
                    80, 200,
                    1, 1, 1, 4);
.q

ENTERED run_condor_job_Run3()
JOBID = 409
  global job = 409  Job 9/100  events [530820, 589800)  total=5898000
Processing events [530820, 589800) of 5898000
weight: 8.12648e-05
eec: 447.659
weight: 9.28372e-06
eec: 551.94
weight: 7.32229e-06
eec: 478.684
weight: 3.8462e-06
eec: 252.88
weight: 4.94071e-05
eec: 228.875
weight: 0.000216707
eec: 608.045
weight: 7.86257e-06
eec: 373.964
weight: 5.06218e-06
eec: 94.8119
weight: 5.92517e-05
eec: 202.103
weight: 0.000259747
eec: 222.032
weight: 6.574e-05
eec: 1140.82
weight: 0.000135007
eec: 64.3828
weight: 1.24427e-05
eec: 70.4606
weight: 1.46138e-07
eec: 1263.72
weight: 1.17687e-05
eec: 228.686
weight: 3.6164e-05
eec: 1692.49
weight: 0.000189325
eec: 255.137
weight: 1.79219e-05
eec: 266.779
weight: 2.91112e-06
eec: 138.683
weight: 1.63509e-06
eec: 230.74
weight: 0.000113894
eec: 65.7582
weight: 2.0389e-05
eec: 145.29
weight: 6.84148e-05
eec: 48.5451
weight: 1.2232e-05
eec: 1981.88
weight: 5.40919e-06
eec: 55.1403
weight: 0.000388692
eec: 245.565
weight: 4.98196e-05
eec: 827.199
weight: 3.27266e-06
eec: 843.752
weight: 0.000285302
eec: 634.712
weight: 2.73838e-05
eec: 143.63
weight: 0.000453605
eec: 650.999
weight: 0.000350655
eec: 235.273
weight: 6.42196e-05
eec: 1617.69
weight: 0.000112101
eec: 193.871
weight: 1.45397e-06
eec: 338.842
weight: 0.000319193
eec: 647.097
weight: 1.05482e-05
eec: 380.721
weight: 8.44411e-05
eec: 182.786
weight: 1.75063e-05
eec: 198.391
weight: 1.8224e-06
eec: 337.268
weight: 2.25239e-05
eec: 349.394
weight: 0.000162482
eec: 320.74
weight: 5.728e-05
eec: 170.837
weight: 2.73557e-05
eec: 999.318
weight: 2.72232e-06
eec: 658.979
weight: 0.000317029
eec: 234.989
weight: 1.77181e-05
eec: 319.731
weight: 0.00010647
eec: 348.464
weight: 0.000195883
eec: 311.48
weight: 3.33888e-05
eec: 818.321
weight: 8.03294e-07
eec: 166.029
weight: 6.436e-05
eec: 56.958
weight: 1.23409e-06
eec: 65.879
weight: 1.30429e-05
eec: 2588.62
weight: 9.67173e-05
eec: 322.997
weight: 0.000592688
eec: 312.312
weight: 4.50027e-06
eec: 512.68
weight: 1.13422e-05
eec: 681.236
weight: 3.49328e-06
eec: 200.139
weight: 1.25905e-05
eec: 113.322
weight: 1.65137e-05
eec: 1460.16
weight: 0.000964025
eec: 151.324
weight: 4.64578e-05
eec: 1369.87
weight: 4.6866e-06
eec: 136.67
weight: 0.000128653
eec: 613.751
weight: 1.603e-05
eec: 601.967
weight: 3.39774e-07
eec: 137.212
weight: 0.000238532
eec: 414.648
weight: 7.15498e-05
eec: 145.902
weight: 4.22814e-06
eec: 350.47
weight: 6.84226e-05
eec: 581.628
weight: 7.8256e-06
eec: 282.523
Processing: 9.32519 %weight: 2.31159e-05
eec: 345.775
weight: 3.02803e-05
eec: 783.342
weight: 8.29568e-07
eec: 83.0824
weight: 1.69584e-05
eec: 71.4057
weight: 1.47559e-05
eec: 206.423
weight: 2.24003e-06
eec: 643.03
weight: 0.000194731
eec: 640.801
weight: 6.72691e-05
eec: 44.9869
weight: 9.00032e-06
eec: 21.7964
weight: 9.35006e-05
eec: 345.745
weight: 0.000993344
eec: 911.104
weight: 0.00055144
eec: 452.411
weight: 1.72437e-05
eec: 1035.67
weight: 4.45267e-05
eec: 140.695
weight: 6.76087e-05
eec: 182.058
weight: 1.29382e-06
eec: 310.312
weight: 2.83116e-05
eec: 809.994
weight: 0.000109089
eec: 390.034
weight: 2.16006e-05
eec: 703.817
weight: 0.000254274
eec: 510.588
weight: 1.59863e-05
eec: 286.975
weight: 3.67988e-06
eec: 894.725
weight: 1.48489e-06
eec: 252.65
weight: 5.36542e-07
eec: 738.509
weight: 2.72732e-05
eec: 1607.34
weight: 3.26381e-05
eec: 926.848
weight: 7.98898e-05
eec: 461.127
weight: 1.98831e-07
eec: 5451.38
weight: 1.36108e-06
eec: 77.3703
weight: 4.64379e-07
eec: 1329.26
weight: 1.14961e-05
eec: 59.7857
weight: 0.000130598
eec: 239.732
weight: 2.82138e-05
eec: 341.661
weight: 1.67851e-05
eec: 727.582
weight: 8.42707e-05
eec: 52.3425
weight: 0.000185996
eec: 211.883
weight: 9.69823e-05
eec: 1017.72
weight: 0.000168331
eec: 27.0351
weight: 0.000106098
eec: 95.0582
weight: 2.14808e-05
eec: 189.838
weight: 0.00042955
eec: 930.637
weight: 0.000158445
eec: 966.334
weight: 0.000338545
eec: 31.1747
weight: 0.000161868
eec: 59.9816
weight: 2.15218e-05
eec: 61.9094
weight: 1.09474e-05
eec: 1057.37
weight: 2.25656e-05
eec: 607.876
weight: 4.26128e-05
eec: 295.76
weight: 1.46058e-05
eec: 1464.46
weight: 1.64469e-05
eec: 489.287
weight: 1.32523e-05
eec: 1330.96
weight: 0.000452861
eec: 305.965
weight: 0.000106265
eec: 448.821
weight: 6.03246e-05
eec: 278.739
weight: 2.06818e-05
eec: 536.505
weight: 1.06504e-06
eec: 404.675
weight: 5.58309e-05
eec: 324.161
weight: 0.000395855
eec: 458.616
weight: 9.20018e-06
eec: 901.004
weight: 2.3671e-05
eec: 85.1233
weight: 7.16589e-05
eec: 759.64
weight: 0.000598648
eec: 690.965
weight: 5.79598e-06
eec: 3923.07
weight: 0.000144955
eec: 266.002
weight: 5.16702e-07
eec: 165.274
weight: 1.9323e-05
eec: 700.51
weight: 0.000246563
eec: 96.8293
weight: 1.06385e-05
eec: 401.607
weight: 0.000306172
eec: 43.1336
weight: 2.08608e-05
eec: 57.1411
weight: 0.000743912
eec: 332.261
weight: 8.57215e-05
eec: 709.028
weight: 7.51186e-06
eec: 100.325
weight: 0.000161395
eec: 389.655
weight: 4.00356e-05
eec: 1199.54
weight: 7.27097e-05
eec: 1190.9
weight: 1.06929e-05
eec: 330.052
weight: 3.27378e-05
eec: 392.728
weight: 9.48295e-06
eec: 702.176
weight: 4.61309e-05
eec: 251.352
weight: 2.69665e-05
eec: 1084.03
weight: 8.21439e-06
eec: 512.793
weight: 1.00931e-05
eec: 702.919
weight: 3.39096e-05
eec: 45.9709
weight: 5.6238e-06
eec: 236.565
weight: 1.80213e-05
eec: 755.669
weight: 0.000180562
eec: 127.331
weight: 8.54567e-06
eec: 104.824
weight: 0.000179334
eec: 158.227
weight: 0.000116331
eec: 1063.23
weight: 2.04435e-07
eec: 584.501
weight: 3.00241e-05
eec: 195.063
weight: 0.00025192
eec: 142.173
weight: 5.67973e-06
eec: 543.356
weight: 5.91206e-06
eec: 233.352
weight: 1.90124e-06
eec: 644.782
weight: 3.762e-06
eec: 456.319
weight: 1.58008e-05
eec: 337.847
weight: 8.45913e-05
eec: 166.276
weight: 5.49498e-06
eec: 189.775
weight: 7.94304e-05
eec: 710.298
weight: 0.000255218
eec: 32.1782
weight: 0.000294145
eec: 166.489
weight: 3.23653e-05
eec: 439.267
weight: 3.86529e-06
eec: 182.382
weight: 9.36046e-06
eec: 248.779
weight: 1.41916e-05
eec: 983.48
weight: 0.000123995
eec: 358.097
weight: 2.48876e-05
eec: 211.451
weight: 3.76894e-05
eec: 1549.38
weight: 3.53289e-05
eec: 15.3902
weight: 1.21103e-05
eec: 2061.19
weight: 6.23036e-05
eec: 21.974
weight: 1.98508e-05
eec: 213.766
weight: 7.11769e-06
eec: 363.126
weight: 6.71505e-06
eec: 74.9686
weight: 3.622e-06
eec: 215.317
weight: 0.000506143
eec: 383.349
weight: 8.48613e-05
eec: 574.228
weight: 2.94588e-05
eec: 333.372
weight: 0.000118725
eec: 140.43
weight: 2.94046e-06
eec: 1970.74
weight: 3.66597e-05
eec: 40.6076
weight: 0.000180486
eec: 732.541
weight: 0.000587857
eec: 1169.89
weight: 1.31984e-05
eec: 1435.45
weight: 2.58887e-06
eec: 1461.4
weight: 4.30194e-06
eec: 1729.64
weight: 8.72316e-05
eec: 506.413
weight: 7.29892e-06
eec: 1057.53
weight: 0.000104155
eec: 497.941
weight: 1.87704e-05
eec: 130.503
weight: 7.4317e-05
eec: 40.2878
weight: 1.28953e-06
eec: 2083.84
weight: 7.92406e-05
eec: 95.8143
weight: 6.93406e-06
eec: 1294.58
weight: 7.98148e-05
eec: 841.741
weight: 0.00012769
eec: 202.758
weight: 5.39562e-05
eec: 2095.55
weight: 2.61166e-05
eec: 380.25
weight: 1.28919e-05
eec: 1635.01
weight: 9.61117e-06
eec: 412.967
weight: 2.84613e-05
eec: 75.9145
weight: 0.000129223
eec: 35.3663
weight: 1.03251e-05
eec: 215.446
weight: 4.25825e-05
eec: 98.4606
weight: 4.54268e-07
eec: 2527.16
weight: 9.43453e-05
eec: 1152.97
weight: 2.11146e-05
eec: 83.3281
weight: 0.000200302
eec: 595.334
weight: 1.61904e-05
eec: 219.055
weight: 7.44143e-06
eec: 105.424
weight: 3.28869e-05
eec: 371.074
weight: 1.11606e-07
eec: 516.797
weight: 6.55053e-05
eec: 542.793

ROOT exit code = 0
