gSystem->Load("run_condor_job_Run3_C.so");
run_condor_job_Run3(879, 100, 2,
                    80, 200,
                    1, 1, 1, 8);
.q

ENTERED run_condor_job_Run3()
JOBID = 879
  global job = 879  Job 79/100  events [4740000, 4800000)  total=6000000
Processing events [4740000, 4800000) of 6000000
weight: 5.39193e-06
eec: 229.635
weight: 4.10891e-06
eec: 39.9289
weight: 5.2519e-05
eec: 258.053
weight: 7.34011e-05
eec: 1325.15
weight: 2.55375e-05
eec: 879.411
weight: 1.68668e-05
eec: 2904.28
weight: 5.74318e-06
eec: 1396.34
weight: 1.12648e-05
eec: 441.51
weight: 1.41979e-05
eec: 70.0025
weight: 2.04804e-05
eec: 706.883
weight: 0.000104482
eec: 30.0707
weight: 2.9316e-05
eec: 343.636
weight: 1.44977e-05
eec: 486.296
weight: 0.000252019
eec: 922.972
weight: 8.11433e-06
eec: 2304.8
weight: 1.05182e-05
eec: 119.327
weight: 2.37941e-06
eec: 198.561
weight: 0.00219833
eec: 483.327
weight: 3.44135e-07
eec: 302.159
weight: 2.00701e-05
eec: 996.474
weight: 0.000176053
eec: 662.557
weight: 7.67977e-05
eec: 147.788
weight: 3.53107e-06
eec: 411.245
weight: 9.1661e-05
eec: 879.188
weight: 0.000379444
eec: 51.1596
weight: 0.000385497
eec: 88.402
weight: 8.3577e-05
eec: 1043.24
weight: 8.59684e-05
eec: 847.51
weight: 9.87428e-05
eec: 1210.62
weight: 3.32105e-05
eec: 273.908
weight: 0.000305259
eec: 518.419
weight: 6.25841e-06
eec: 147.156
weight: 5.59024e-06
eec: 1216.73
weight: 6.89053e-06
eec: 443.411
weight: 0.000146389
eec: 933.742
weight: 0.00158324
eec: 278.351
weight: 9.65408e-06
eec: 154.535
weight: 0.00011186
eec: 570.357
weight: 5.81834e-06
eec: 478.898
weight: 4.65181e-06
eec: 141.911
weight: 9.2739e-06
eec: 91.7411
weight: 0.000127547
eec: 18.1089
weight: 1.66935e-05
eec: 4.44046
Processing: 79.1667 %weight: 1.73802e-05
eec: 1540.38
weight: 2.71155e-05
eec: 191.271
weight: 5.79405e-06
eec: 225.751
weight: 3.35775e-07
eec: 3238.86
weight: 7.95437e-05
eec: 552.053
weight: 2.10956e-05
eec: 300.681
weight: 0.000565437
eec: 1198.24
weight: 0.000152504
eec: 63.4083
weight: 2.51568e-05
eec: 106.37
weight: 6.12278e-06
eec: 404.43
weight: 0.000162168
eec: 398.126
weight: 7.96889e-06
eec: 465.629
weight: 0.000226905
eec: 243.305
weight: 4.77639e-06
eec: 605.773
weight: 1.05614e-06
eec: 831.461
weight: 1.991e-06
eec: 514.248
weight: 5.97152e-06
eec: 383.976
weight: 9.62908e-05
eec: 671.694
weight: 0.000200475
eec: 1011.07
weight: 6.4272e-07
eec: 1016.32
weight: 3.86975e-06
eec: 3612.91
weight: 8.36251e-06
eec: 2132.83
weight: 4.79817e-05
eec: 372.89
weight: 3.65599e-05
eec: 383.637
weight: 2.56048e-05
eec: 724.012
weight: 9.46505e-06
eec: 1393.1
weight: 6.43561e-06
eec: 126.216
weight: 3.76331e-05
eec: 1836.06
weight: 7.37583e-05
eec: 77.7758
weight: 3.27467e-06
eec: 185.134
weight: 1.44524e-05
eec: 846.732
weight: 5.35863e-05
eec: 168.681
weight: 9.29285e-05
eec: 42.8904
weight: 1.5272e-05
eec: 55.223
weight: 2.9565e-06
eec: 363.55
weight: 3.64046e-05
eec: 1059.79
weight: 3.40047e-06
eec: 170.376
weight: 8.42684e-06
eec: 570.529
weight: 2.9011e-05
eec: 267.585
weight: 7.08265e-06
eec: 1897.65
weight: 6.18025e-06
eec: 1859.08
weight: 9.76764e-06
eec: 337.427
weight: 0.000113004
eec: 1813.16
weight: 6.17962e-05
eec: 1408.47
weight: 2.34207e-06
eec: 553.502
weight: 7.75874e-05
eec: 1007.16
weight: 5.75914e-05
eec: 150.015
weight: 9.37776e-05
eec: 266.088
weight: 1.93543e-05
eec: 1516.21
weight: 7.96072e-06
eec: 190.766
weight: 1.09059e-05
eec: 272.747
weight: 2.39395e-06
eec: 626.309
weight: 8.33058e-06
eec: 1259.53
weight: 2.75669e-05
eec: 190.337
weight: 8.79026e-06
eec: 83.2985
weight: 1.10475e-05
eec: 1980.34
weight: 4.69285e-05
eec: 548.722
weight: 1.30854e-05
eec: 1019.78
weight: 6.6127e-06
eec: 1189.92
weight: 2.56761e-07
eec: 695.227
weight: 3.861e-05
eec: 1050
weight: 2.82277e-05
eec: 668.148
weight: 7.89645e-05
eec: 205.211
weight: 7.89645e-05
eec: 558.389
weight: 2.24966e-05
eec: 1377.59
weight: 1.47791e-05
eec: 166.417
weight: 5.62403e-06
eec: 1290.85
weight: 5.8759e-06
eec: 574.092
weight: 1.33374e-06
eec: 1767.16
weight: 7.27365e-06
eec: 108.701
weight: 0.00016644
eec: 885.117
weight: 0.00016644
eec: 287.541
weight: 3.78546e-05
eec: 287.405
weight: 1.07432e-05
eec: 2755.73
weight: 1.96033e-05
eec: 282.489
weight: 3.11343e-05
eec: 460.098
weight: 0.000227104
eec: 451.172
weight: 8.80243e-05
eec: 524.923
weight: 0.000714777
eec: 157.489
weight: 7.16491e-07
eec: 549.432
weight: 0.000735831
eec: 667.97
weight: 0.000238617
eec: 379.814
weight: 6.70836e-06
eec: 993.178
weight: 1.74714e-06
eec: 127.966
weight: 1.42136e-05
eec: 348.761
weight: 2.99339e-05
eec: 488.467
weight: 6.13209e-05
eec: 724.06
weight: 2.28898e-05
eec: 101.527
weight: 2.78043e-05
eec: 757.185
weight: 8.03603e-05
eec: 273.852
weight: 8.36161e-06
eec: 1086.66
weight: 8.18477e-06
eec: 497.285
weight: 0.000188273
eec: 22.5853
weight: 1.41012e-05
eec: 977.08
weight: 5.37732e-06
eec: 37.0238
weight: 0.000413172
eec: 273.704
weight: 1.28743e-05
eec: 1136.25
weight: 8.34342e-06
eec: 228.772
weight: 1.57793e-05
eec: 128.033
weight: 0.000155393
eec: 341.691
weight: 2.97308e-05
eec: 679.571
weight: 0.000423219
eec: 669.491
weight: 4.87424e-08
eec: 100.811
weight: 7.03007e-05
eec: 1382.31
weight: 0.000279386
eec: 132.72
weight: 1.80478e-05
eec: 185.623
weight: 7.82511e-06
eec: 817.653
weight: 2.63858e-06
eec: 1437.28
weight: 2.2044e-05
eec: 51.0682
weight: 1.23101e-05
eec: 964.251
weight: 7.64514e-06
eec: 1324.36
weight: 0.000432076
eec: 376.918
weight: 0.000132974
eec: 314.266
weight: 1.78634e-05
eec: 746.51
weight: 2.57985e-05
eec: 313.934
weight: 0.000129132
eec: 217.351
weight: 9.37795e-05
eec: 319.997
weight: 0.00275887
eec: 244.422
weight: 1.84309e-06
eec: 211.701
weight: 8.27142e-06
eec: 898.846
weight: 6.31032e-05
eec: 42.1307
weight: 6.70913e-06
eec: 784.803
weight: 1.39415e-05
eec: 2603.72
weight: 9.9161e-05
eec: 287.646
weight: 3.17333e-06
eec: 2217.17
weight: 0.000146437
eec: 268.613
weight: 5.23084e-05
eec: 893.28
weight: 4.28566e-06
eec: 181.926
weight: 8.55499e-05
eec: 248.422
weight: 8.66148e-05
eec: 330.935
weight: 1.31422e-06
eec: 665.687
weight: 0.000360338
eec: 293.871
weight: 6.66515e-06
eec: 2661.21
weight: 3.03218e-05
eec: 14.5767
weight: 0.00015495
eec: 94.4635
weight: 0.000109666
eec: 134.856
weight: 2.23072e-05
eec: 1611.61
weight: 0.000190019
eec: 17.8323
weight: 8.99047e-05
eec: 102.792
weight: 0.000269708
eec: 356.345
weight: 7.28126e-05
eec: 365.925
weight: 0.000173573
eec: 452.564
weight: 1.97672e-05
eec: 740.555
weight: 1.62819e-05
eec: 688.668
weight: 1.24057e-06
eec: 150.066
weight: 0.000153361
eec: 221.316
weight: 3.13369e-05
eec: 1580.38
weight: 0.000148233
eec: 687.053
weight: 1.34874e-05
eec: 1141.22
weight: 0.000955708
eec: 484.222
weight: 3.52879e-06
eec: 297.819
weight: 1.02247e-05
eec: 152.862
weight: 0.000118121
eec: 359.778
weight: 9.35545e-06
eec: 345.449
weight: 5.18564e-06
eec: 948.637
weight: 8.29394e-06
eec: 106.949
weight: 7.27392e-06
eec: 110.096
weight: 3.54905e-05
eec: 546.257
weight: 3.42793e-05
eec: 896.122
weight: 2.21366e-05
eec: 264.371
weight: 2.18639e-05
eec: 232.193
weight: 0.000262314
eec: 274.15
weight: 1.44302e-06
eec: 413.571
weight: 0.000159635
eec: 483.971
weight: 1.44975e-06
eec: 687.514
weight: 7.9869e-06
eec: 1042.51
weight: 3.01651e-05
eec: 1643.93
weight: 1.07295e-05
eec: 77.9641
weight: 2.72512e-05
eec: 420.063
weight: 1.99927e-05
eec: 294.85
weight: 7.97813e-06
eec: 384.566
weight: 3.47962e-05
eec: 1491.36
weight: 0.000111091
eec: 62.426
weight: 0.000117024
eec: 246.061
weight: 2.79312e-05
eec: 699.993
weight: 4.66552e-05
eec: 832.282
weight: 0.000103806
eec: 447.234
weight: 4.49315e-05
eec: 341.403
weight: 2.09675e-05
eec: 304.801
weight: 2.24436e-05
eec: 526.157
weight: 0.00034736
eec: 26.3051
weight: 0.000225809
eec: 219.575
weight: 1.28536e-05
eec: 57.6702
weight: 0.000209626
eec: 1013.18
weight: 4.89512e-06
eec: 1053.33
weight: 2.99641e-05
eec: 413.209
weight: 0.000109769
eec: 531.049
weight: 0.00536817
eec: 290.09
weight: 6.0288e-06
eec: 877.471
weight: 0.000283382
eec: 1113.37
weight: 1.08695e-05
eec: 326.4
weight: 1.1917e-05
eec: 1320.14
weight: 3.94545e-05
eec: 360.381
weight: 4.62366e-06
eec: 252.622
weight: 3.32051e-05
eec: 369.772
weight: 3.34509e-06
eec: 1133.99
weight: 5.54297e-06
eec: 1790.16
weight: 2.08206e-05
eec: 443.238
weight: 2.98054e-05
eec: 148.966
weight: 1.06595e-05
eec: 1273.12
weight: 1.50324e-05
eec: 1446.4
weight: 9.70769e-06
eec: 2535

ROOT exit code = 0
