gSystem->Load("run_condor_job_Run3_C.so");
run_condor_job_Run3(523, 100, 2,
                    80, 200,
                    1, 1, 1, 5);
.q

ENTERED run_condor_job_Run3()
JOBID = 523
  global job = 523  Job 23/100  events [1380000, 1440000)  total=6000000
Processing events [1380000, 1440000) of 6000000
weight: 9.45972e-07
eec: 72.8232
weight: 2.64434e-05
eec: 869.524
weight: 1.69704e-05
eec: 1465.64
weight: 1.70473e-07
eec: 278.869
weight: 4.41256e-06
eec: 331.966
weight: 6.03987e-06
eec: 752.879
weight: 4.68583e-08
eec: 154.681
weight: 0.000132526
eec: 830.42
weight: 1.26214e-06
eec: 645.711
weight: 3.17319e-05
eec: 2191.5
weight: 3.37975e-05
eec: 295.194
weight: 1.1289e-05
eec: 223.976
weight: 5.39969e-07
eec: 1771.73
weight: 7.98743e-07
eec: 269.303
weight: 7.69204e-06
eec: 90.9795
weight: 2.31017e-06
eec: 725.4
weight: 8.11113e-05
eec: 1090.59
weight: 1.34808e-05
eec: 880.322
weight: 4.83531e-05
eec: 29.6485
weight: 2.93571e-05
eec: 1473.27
weight: 1.46099e-05
eec: 1351.63
weight: 1.27391e-05
eec: 58.4537
weight: 1.80326e-06
eec: 392.289
weight: 4.08412e-06
eec: 1011.83
weight: 0.000164299
eec: 632.819
weight: 1.93357e-05
eec: 417.978
weight: 2.14616e-05
eec: 359.091
weight: 3.97022e-05
eec: 1303.42
weight: 2.01856e-05
eec: 1879.9
weight: 9.57564e-07
eec: 43.1235
weight: 0.000205957
eec: 737.081
weight: 2.45678e-05
eec: 972.754
weight: 1.50407e-05
eec: 1716.1
weight: 6.76806e-06
eec: 388.459
weight: 0.000198123
eec: 777.132
weight: 0.000341234
eec: 296.554
weight: 1.1654e-06
eec: 269.84
weight: 0.000103907
eec: 40.4053
weight: 4.39955e-06
eec: 142.853
weight: 0.000542347
eec: 264.086
weight: 6.11527e-06
eec: 1148.98
weight: 1.63044e-05
eec: 202.944
weight: 9.30704e-05
eec: 656.286
weight: 1.16863e-05
eec: 766.284
weight: 5.04471e-05
eec: 120.996
weight: 0.000189343
eec: 496.298
weight: 4.74685e-05
eec: 860.293
weight: 1.51841e-06
eec: 136.965
weight: 1.79198e-05
eec: 169.526
weight: 1.63891e-05
eec: 128.473
weight: 5.89739e-05
eec: 320.901
weight: 0.000272155
eec: 715.538
weight: 3.94432e-06
eec: 195.91
weight: 1.50415e-05
eec: 1260.71
weight: 1.50415e-05
eec: 1336.43
weight: 3.37001e-05
eec: 74.239
weight: 0.000171872
eec: 362.041
weight: 2.0226e-05
eec: 49.6931
weight: 4.33104e-06
eec: 1029.34
weight: 8.36854e-05
eec: 320.643
weight: 4.76613e-06
eec: 1614.87
weight: 1.50106e-07
eec: 127.966
weight: 2.13009e-06
eec: 18.0208
weight: 7.97143e-05
eec: 487.364
weight: 1.54455e-06
eec: 950.099
weight: 0.000249879
eec: 296.709
weight: 4.71615e-05
eec: 855.228
weight: 0.000177641
eec: 229.825
weight: 4.33288e-05
eec: 848.154
weight: 0.000564175
eec: 877.517
weight: 7.43249e-05
eec: 349.047
weight: 8.02445e-05
eec: 530.831
weight: 5.91278e-06
eec: 601.914
weight: 9.74529e-06
eec: 891.539
weight: 0.000130555
eec: 697.774
Processing: 23.3333 %weight: 0.000156373
eec: 780.662
weight: 9.35459e-06
eec: 483.605
weight: 2.24526e-05
eec: 291.546
weight: 7.00876e-07
eec: 573.15
weight: 9.59078e-06
eec: 71.4077
weight: 2.99702e-05
eec: 445.479
weight: 4.31719e-06
eec: 649.821
weight: 1.88432e-05
eec: 250.206
weight: 3.43909e-05
eec: 36.2715
weight: 0.000243863
eec: 158.928
weight: 5.35299e-06
eec: 861.981
weight: 7.48763e-06
eec: 2411.11
weight: 2.23841e-05
eec: 186.452
weight: 3.50612e-06
eec: 43.994
weight: 6.17487e-06
eec: 255.704
weight: 0.000196063
eec: 251.057
weight: 6.82323e-05
eec: 107.45
weight: 2.15232e-05
eec: 96.7286
weight: 3.47747e-05
eec: 1052.94
weight: 2.54443e-07
eec: 1094.23
weight: 9.67912e-06
eec: 433.167
weight: 0.000150627
eec: 465.897
weight: 2.22318e-05
eec: 521.916
weight: 0.000135102
eec: 380.835
weight: 4.89907e-06
eec: 103.834
weight: 0.000194562
eec: 498.714
weight: 1.09967e-06
eec: 30.73
weight: 1.72413e-05
eec: 446.942
weight: 3.42141e-05
eec: 132.332
weight: 1.21164e-07
eec: 1522.49
weight: 0.000125673
eec: 205.682
weight: 5.57114e-08
eec: 77.081
weight: 1.02211e-05
eec: 1868.87
weight: 3.00221e-05
eec: 918.928
weight: 0.000634191
eec: 685.499
weight: 8.21594e-05
eec: 68.2502
weight: 0.000374097
eec: 327.823
weight: 9.75371e-05
eec: 378.128
weight: 9.33825e-05
eec: 127.233
weight: 0.000130822
eec: 25.7795
weight: 5.82632e-06
eec: 25.4113
weight: 8.79739e-06
eec: 487.45
weight: 4.05727e-05
eec: 1146.29
weight: 7.08758e-05
eec: 264.965
weight: 9.36601e-06
eec: 112.137
weight: 5.15914e-05
eec: 1275.94
weight: 5.06963e-05
eec: 111.506
weight: 6.56071e-06
eec: 73.3706
weight: 5.8007e-06
eec: 1012.91
weight: 9.7571e-05
eec: 88.7215
weight: 0.000202115
eec: 69.2935
weight: 3.43256e-05
eec: 181.7
weight: 2.04481e-05
eec: 132.21
weight: 1.6788e-05
eec: 372.072
weight: 9.47924e-06
eec: 293.293
weight: 2.40508e-06
eec: 12.6869
weight: 0.00016499
eec: 335.08
weight: 0.000111403
eec: 716.48
weight: 4.18823e-05
eec: 168.725
weight: 6.2527e-05
eec: 1563.22
weight: 2.42171e-05
eec: 1097.56
weight: 1.98211e-06
eec: 757.179
weight: 5.44869e-05
eec: 1819.83
weight: 5.61748e-06
eec: 1088.27
weight: 3.49381e-06
eec: 986.443
weight: 0.00020824
eec: 274.618
weight: 1.30678e-06
eec: 214.796
weight: 4.66517e-05
eec: 476.694
weight: 0.000170207
eec: 688.417
weight: 0.000197223
eec: 569.894
weight: 3.14168e-05
eec: 427.971
weight: 0.00013485
eec: 109.783
weight: 1.22465e-05
eec: 316.919
weight: 0.000166421
eec: 533.745
weight: 2.65513e-06
eec: 129.027
weight: 2.43931e-05
eec: 126.2
weight: 6.56133e-06
eec: 165.619
weight: 5.15297e-05
eec: 652.914
weight: 9.29125e-05
eec: 360.457
weight: 7.22905e-06
eec: 845.259
weight: 0.000267803
eec: 254.643
weight: 2.25977e-05
eec: 369.657
weight: 9.57533e-05
eec: 1358.35
weight: 4.97902e-07
eec: 3070.05
weight: 0.000174871
eec: 125.178
weight: 0.000144156
eec: 64.1046
weight: 7.97728e-06
eec: 1609.46
weight: 9.82365e-06
eec: 85.1213
weight: 2.84603e-05
eec: 2570.96
weight: 1.28271e-05
eec: 333.405
weight: 0.00346613
eec: 997.712
weight: 1.10164e-06
eec: 532.546
weight: 4.88052e-06
eec: 194.032
weight: 8.0691e-06
eec: 11.0969
weight: 6.77773e-06
eec: 258.54
weight: 5.09709e-05
eec: 265.042
weight: 1.16415e-05
eec: 125.258
weight: 4.08264e-05
eec: 494.793
weight: 4.56157e-05
eec: 267.632
weight: 2.14371e-06
eec: 140.923
weight: 5.95994e-06
eec: 545.744
weight: 5.17442e-05
eec: 941.363
weight: 6.93231e-07
eec: 146.354
weight: 1.02399e-05
eec: 1440.71
weight: 0.000207232
eec: 322.016
weight: 0.000342068
eec: 168.129
weight: 3.40488e-05
eec: 1162.18
weight: 2.51393e-06
eec: 217.325
weight: 7.77036e-06
eec: 1711.26
weight: 0.000251591
eec: 1852.13
weight: 5.59769e-06
eec: 288.002
weight: 0.000304826
eec: 102.646
weight: 0.000544135
eec: 90.8839
weight: 1.80663e-05
eec: 184.424
weight: 6.05841e-06
eec: 977.485
weight: 2.35279e-05
eec: 741.889
weight: 1.08498e-05
eec: 590.795
weight: 3.38855e-05
eec: 214.217
weight: 0.000410366
eec: 336.126
weight: 3.54049e-05
eec: 21.1832
weight: 0.000454278
eec: 2626.96
weight: 0.000205463
eec: 224.112
weight: 7.89058e-07
eec: 667.86
weight: 0.000240145
eec: 933.837
weight: 3.76219e-07
eec: 341.164
weight: 0.000102642
eec: 45.0223
weight: 3.22104e-05
eec: 608.505
weight: 1.00635e-05
eec: 3641.8
weight: 0.00174496
eec: 467.407
weight: 1.91112e-05
eec: 724.255
weight: 2.61615e-05
eec: 144.616
weight: 9.42006e-06
eec: 638.521
weight: 3.2848e-05
eec: 1308.28
weight: 2.87103e-05
eec: 206.758
weight: 7.38706e-06
eec: 2081.6
weight: 8.74471e-05
eec: 638.831
weight: 5.4955e-07
eec: 360.257
weight: 3.27132e-06
eec: 534.349
weight: 7.70036e-07
eec: 54.6004
weight: 0.000147016
eec: 719.219
weight: 9.37307e-08
eec: 1213.39
weight: 3.65029e-05
eec: 763.379
weight: 0.000325156
eec: 155.893
weight: 1.38141e-08
eec: 75.7827
weight: 2.7226e-06
eec: 600.181
weight: 1.64529e-05
eec: 293.706
weight: 6.33309e-06
eec: 1400.72
weight: 2.33773e-06
eec: 818.395
weight: 1.97436e-06
eec: 305.375
weight: 0.000120559
eec: 110.433
weight: 4.35338e-06
eec: 459.118
weight: 1.10617e-05
eec: 289.804
weight: 2.57539e-06
eec: 112.096
weight: 4.07513e-07
eec: 1942.76
weight: 0.000142234
eec: 53.7048
weight: 2.51236e-05
eec: 603.077
weight: 9.82115e-06
eec: 996.167
weight: 0.000133884
eec: 90.7166
weight: 2.72117e-05
eec: 110.516
weight: 4.21138e-08
eec: 1921.44
weight: 0.000142896
eec: 605.561
weight: 0.00142758
eec: 145.576
weight: 7.78257e-05
eec: 1407.21
weight: 3.46725e-05
eec: 1026.88
weight: 2.36094e-05
eec: 91.0761
weight: 7.48418e-05
eec: 64.5469
weight: 8.91153e-06
eec: 193.711
weight: 4.93103e-05
eec: 617.036
weight: 1.51403e-05
eec: 58.5586
weight: 7.9252e-06
eec: 436.188
weight: 1.54309e-05
eec: 2373.59
weight: 0.000281499
eec: 266.052
weight: 2.15749e-06
eec: 105.25
weight: 0.000277473
eec: 1196.28
weight: 1.36328e-05
eec: 1021.93
weight: 1.56963e-05
eec: 941.063
weight: 1.65875e-05
eec: 479.497
weight: 0.000406248
eec: 584.355
weight: 2.95145e-05
eec: 60.0823
weight: 0.000178186
eec: 636.738
weight: 4.87349e-05
eec: 2577.16
weight: 4.06736e-08
eec: 439.459
weight: 3.16295e-05
eec: 422.779

ROOT exit code = 0
