gSystem->Load("run_condor_job_Run3_C.so");
run_condor_job_Run3(441, 100, 2,
                    80, 200,
                    1, 1, 1, 4);
.q

ENTERED run_condor_job_Run3()
JOBID = 441
  global job = 441  Job 41/100  events [2418180, 2477160)  total=5898000
Processing events [2418180, 2477160) of 5898000
weight: 6.15141e-05
eec: 2303.31
weight: 4.82368e-05
eec: 646.715
weight: 2.91794e-05
eec: 260.719
weight: 0.000185204
eec: 356.698
weight: 7.20094e-06
eec: 912.455
weight: 2.99149e-05
eec: 402.732
weight: 1.49476e-07
eec: 702.645
weight: 2.79569e-07
eec: 1537.55
weight: 1.64281e-05
eec: 211.629
weight: 2.36073e-05
eec: 276.727
weight: 2.99895e-05
eec: 305.77
weight: 1.14578e-05
eec: 503.078
weight: 3.16424e-06
eec: 1771.97
weight: 1.50018e-05
eec: 730.074
weight: 0.000341186
eec: 64.5516
weight: 1.29804e-06
eec: 222.696
weight: 2.50577e-05
eec: 126.827
weight: 1.64488e-05
eec: 305.059
weight: 6.83583e-06
eec: 19.4957
weight: 0.000175729
eec: 718.185
weight: 4.67626e-05
eec: 1005.1
weight: 4.01275e-08
eec: 788.837
weight: 7.36982e-05
eec: 268.021
weight: 9.68434e-06
eec: 658.888
weight: 3.79591e-06
eec: 48.6691
weight: 8.87194e-06
eec: 265.654
weight: 2.33041e-05
eec: 197.59
weight: 6.88903e-07
eec: 938.369
weight: 1.26481e-05
eec: 26.9865
weight: 4.58023e-05
eec: 396.787
weight: 3.23502e-05
eec: 1675.78
weight: 2.76784e-05
eec: 208.466
weight: 0.000384017
eec: 975.485
weight: 0.000148532
eec: 158.743
weight: 2.11598e-05
eec: 229.061
weight: 2.69492e-06
eec: 42.5146
weight: 3.78499e-06
eec: 163.366
weight: 6.61598e-06
eec: 231.51
weight: 3.97052e-05
eec: 359.787
weight: 2.5604e-05
eec: 387.669
weight: 4.10156e-05
eec: 200.722
weight: 0.000143563
eec: 436.958
weight: 0.000232475
eec: 19.4792
weight: 1.92072e-05
eec: 222.742
weight: 4.21464e-07
eec: 162.096
weight: 8.95953e-05
eec: 134.093
weight: 3.24469e-06
eec: 68.7666
weight: 0.00010478
eec: 269.633
weight: 0.000186192
eec: 512.673
weight: 0.000203047
eec: 106.323
weight: 4.80433e-06
eec: 1008.9
weight: 4.49162e-05
eec: 549.193
weight: 8.55769e-05
eec: 98.4534
weight: 1.36542e-05
eec: 85.8923
weight: 9.16027e-06
eec: 639.29
weight: 5.93056e-05
eec: 127.414
weight: 5.19631e-06
eec: 724.224
weight: 4.5393e-06
eec: 1838.37
weight: 4.32982e-05
eec: 2522.45
weight: 3.18878e-05
eec: 676.611
weight: 1.69853e-05
eec: 774.964
weight: 7.89961e-05
eec: 269.176
weight: 1.17516e-05
eec: 1447.31
weight: 5.66709e-07
eec: 851.18
weight: 3.34776e-05
eec: 697.271
weight: 1.10138e-05
eec: 83.541
weight: 1.39185e-05
eec: 657.371
weight: 2.38788e-05
eec: 173.367
weight: 2.10345e-05
eec: 205.844
weight: 9.98131e-07
eec: 1983.22
weight: 0.000205506
eec: 104.135
weight: 1.0466e-05
eec: 38.6592
weight: 1.5204e-05
eec: 1911.11
weight: 8.15285e-06
eec: 242.359
weight: 3.48971e-07
eec: 1640.92
weight: 1.59898e-05
eec: 210.223
weight: 1.67715e-05
eec: 62.0622
weight: 1.94596e-05
eec: 236.057
weight: 1.08834e-05
eec: 470.258
weight: 1.94667e-05
eec: 65.6207
weight: 1.03496e-05
eec: 31.5594
weight: 1.7572e-05
eec: 1213.48
weight: 2.67038e-06
eec: 75.7605
weight: 6.38912e-05
eec: 123.38
weight: 0.00031958
eec: 48.8397
weight: 0.00133944
eec: 538.649
weight: 0.000113016
eec: 1310.97
weight: 1.47755e-06
eec: 44.0034
weight: 1.51056e-05
eec: 461.053
weight: 2.18613e-05
eec: 568.819
weight: 6.92506e-05
eec: 1538.23
weight: 2.49621e-06
eec: 36.645
weight: 2.64141e-06
eec: 587.614
weight: 2.82424e-05
eec: 156.539
weight: 5.75938e-05
eec: 1781.01
weight: 9.82225e-07
eec: 769.514
weight: 5.84013e-05
eec: 313.528
weight: 2.96267e-06
eec: 196.458
weight: 5.79886e-05
eec: 159.528
weight: 1.14142e-06
eec: 807.274
weight: 0.000160452
eec: 172.096
weight: 4.70211e-05
eec: 1234.59
weight: 0.000133399
eec: 145.943
weight: 8.83501e-06
eec: 352.163
weight: 0.000203427
eec: 1336.08
weight: 0.00010909
eec: 78.1965
weight: 8.20699e-06
eec: 163.177
weight: 0.000688933
eec: 336.55
weight: 6.22667e-06
eec: 1173.76
weight: 2.18796e-05
eec: 446.924
Processing: 41.5395 %weight: 0.000130716
eec: 200.823
weight: 4.1876e-05
eec: 280.772
weight: 3.97227e-05
eec: 441.486
weight: 9.48121e-06
eec: 196.401
weight: 3.98551e-05
eec: 666.131
weight: 9.68118e-05
eec: 453.642
weight: 7.00877e-06
eec: 180.389
weight: 4.36759e-05
eec: 50.4949
weight: 2.25451e-05
eec: 324.988
weight: 0.000424014
eec: 335.239
weight: 2.42227e-07
eec: 515.968
weight: 2.78984e-05
eec: 1048.15
weight: 1.76958e-06
eec: 25.9647
weight: 0.000278768
eec: 93.4917
weight: 1.45815e-05
eec: 234.674
weight: 2.51042e-05
eec: 1577.58
weight: 4.34779e-05
eec: 296.558
weight: 4.72194e-06
eec: 28.9897
weight: 5.02951e-07
eec: 247.786
weight: 4.00418e-05
eec: 146.631
weight: 2.89349e-06
eec: 218.758
weight: 3.02182e-06
eec: 402.089
weight: 0.000261285
eec: 41.863
weight: 1.96677e-05
eec: 262.714
weight: 8.30238e-06
eec: 1495.89
weight: 1.51173e-06
eec: 980.484
weight: 1.19093e-05
eec: 1746.67
weight: 0.00025324
eec: 229.402
weight: 0.000170407
eec: 521.545
weight: 4.48908e-06
eec: 694.855
weight: 4.48908e-06
eec: 379.718
weight: 0.000142993
eec: 24.1887
weight: 9.5635e-06
eec: 260.156
weight: 0.00129881
eec: 410.565
weight: 1.01482e-05
eec: 1325.21
weight: 2.66314e-05
eec: 254.3
weight: 4.02785e-06
eec: 199.549
weight: 0.000288324
eec: 247.741
weight: 2.63225e-07
eec: 1224.82
weight: 0.000129831
eec: 137.925
weight: 1.60535e-05
eec: 948.48
weight: 2.88746e-05
eec: 71.166
weight: 5.04776e-05
eec: 421.452
weight: 0.00027096
eec: 223.12
weight: 2.21244e-07
eec: 17.9784
weight: 1.33995e-05
eec: 296.675
weight: 1.07034e-05
eec: 292.526
weight: 3.05917e-05
eec: 1459.45
weight: 1.2868e-05
eec: 1399.16
weight: 3.38941e-06
eec: 904.595
weight: 2.04847e-05
eec: 81.3531
weight: 9.35233e-05
eec: 601.439
weight: 5.71985e-06
eec: 222.083
weight: 1.48543e-05
eec: 168.586
weight: 8.02933e-05
eec: 234.594
weight: 2.0967e-05
eec: 594.067
weight: 2.87958e-05
eec: 19.8948
weight: 4.12262e-06
eec: 1208.47
weight: 5.91538e-05
eec: 198.573
weight: 0.000551698
eec: 266.703
weight: 7.99764e-06
eec: 256.553
weight: 7.034e-06
eec: 742.263
weight: 4.41102e-05
eec: 1197.88
weight: 3.06616e-06
eec: 713.948
weight: 4.62323e-05
eec: 499.216
weight: 9.72638e-06
eec: 154.8
weight: 8.40019e-05
eec: 463.662
weight: 1.09694e-05
eec: 153.839
weight: 1.34267e-06
eec: 530.9
weight: 6.68916e-06
eec: 27.1593
weight: 4.19832e-05
eec: 122.318
weight: 4.07968e-05
eec: 217.608
weight: 0.000311653
eec: 252.697
weight: 2.28015e-05
eec: 766.287
weight: 1.2547e-05
eec: 66.3039
weight: 0.000140523
eec: 289.763
weight: 3.80284e-06
eec: 223.502
weight: 5.07207e-06
eec: 1094.88
weight: 2.76495e-06
eec: 2107.72
weight: 3.35633e-05
eec: 1126.15
weight: 1.20189e-05
eec: 926.832
weight: 7.45608e-05
eec: 26.0066
weight: 4.74418e-05
eec: 358.6
weight: 4.98409e-05
eec: 412.8
weight: 1.98072e-05
eec: 448.689
weight: 0.00010055
eec: 57.1735
weight: 4.50599e-06
eec: 66.3232
weight: 3.61819e-05
eec: 637.582
weight: 0.00184227
eec: 202.058
weight: 5.87055e-05
eec: 395.279
weight: 8.05964e-05
eec: 1749.68

ROOT exit code = 0
