gSystem->Load("run_condor_job_Run3_C.so");
run_condor_job_Run3(976, 100, 2,
                    80, 200,
                    1, 1, 1, 9);
.q

ENTERED run_condor_job_Run3()
JOBID = 976
  global job = 976  Job 76/100  events [4518960, 4578420)  total=5946000
Processing events [4518960, 4578420) of 5946000
weight: 1.0442e-05
eec: 897.145
weight: 4.40627e-05
eec: 1882.69
weight: 2.26488e-06
eec: 611.28
weight: 0.00250448
eec: 1208.62
weight: 0.000161882
eec: 740.457
weight: 1.0005e-05
eec: 763.965
weight: 8.91145e-06
eec: 323.718
weight: 1.9079e-05
eec: 1073.85
weight: 7.59954e-06
eec: 290.229
weight: 1.46108e-05
eec: 150.095
weight: 0.000193814
eec: 53.8806
weight: 3.6047e-07
eec: 682.419
weight: 1.36982e-05
eec: 767.895
weight: 6.44162e-05
eec: 1199.48
weight: 6.44162e-05
eec: 96.866
weight: 4.73139e-08
eec: 373.96
weight: 2.8624e-05
eec: 157.411
weight: 9.3422e-06
eec: 112.89
weight: 0.000608396
eec: 858.117
weight: 3.46711e-05
eec: 623.841
weight: 1.46765e-05
eec: 1295.3
weight: 1.31493e-06
eec: 1372.43
weight: 3.70668e-05
eec: 106.651
weight: 1.65472e-05
eec: 2808.91
weight: 5.64188e-06
eec: 1700.31
weight: 8.34236e-06
eec: 76.0955
weight: 4.87799e-06
eec: 326.984
weight: 3.93063e-07
eec: 230.205
weight: 3.23938e-06
eec: 712.051
weight: 1.11626e-05
eec: 866.503
weight: 6.04982e-06
eec: 897.047
weight: 2.81648e-05
eec: 3046.04
weight: 0.000414238
eec: 70.3368
weight: 0.000333876
eec: 48.4436
weight: 1.50805e-05
eec: 79.9792
weight: 9.84664e-07
eec: 737.105
weight: 3.86246e-05
eec: 384.792
weight: 0.000372346
eec: 487.383
weight: 3.24744e-05
eec: 1017.04
weight: 7.86946e-05
eec: 1108.14
weight: 9.04559e-05
eec: 146.342
weight: 3.56267e-05
eec: 1374.35
weight: 1.29753e-05
eec: 252.849
weight: 6.25102e-05
eec: 226.794
weight: 9.49998e-05
eec: 129.582
weight: 1.88538e-05
eec: 177.604
weight: 0.000218058
eec: 428.781
weight: 7.07304e-06
eec: 1721.78
weight: 7.45586e-06
eec: 1094.17
weight: 3.5259e-07
eec: 1000.61
weight: 0.000213214
eec: 914.547
weight: 4.02501e-08
eec: 444.451
weight: 3.42991e-05
eec: 883.789
weight: 4.42597e-06
eec: 387.444
weight: 2.59682e-05
eec: 2105.19
weight: 1.63726e-05
eec: 2534.47
weight: 2.33042e-05
eec: 1260.55
weight: 7.79701e-06
eec: 1862.12
weight: 0.000106861
eec: 270.656
weight: 0.000131702
eec: 316.593
weight: 8.7999e-06
eec: 98.3703
weight: 1.2806e-05
eec: 343.911
weight: 2.27242e-05
eec: 537.271
weight: 7.51757e-06
eec: 382.323
weight: 5.11161e-06
eec: 228.592
weight: 2.14614e-05
eec: 1096.38
weight: 4.33556e-06
eec: 190.297
weight: 0.000106098
eec: 42.6782
weight: 1.05035e-06
eec: 1116.37
weight: 1.63813e-05
eec: 723.826
weight: 6.57949e-07
eec: 798.388
weight: 2.78792e-05
eec: 2003.12
weight: 0.000544463
eec: 308.548
weight: 2.49078e-05
eec: 312.21
weight: 0.00113845
eec: 82.3866
weight: 2.60214e-06
eec: 544.61
weight: 4.76175e-05
eec: 604.25
weight: 5.91775e-05
eec: 263.002
weight: 8.27779e-05
eec: 312.6
weight: 3.39722e-05
eec: 743.075
weight: 0.000291346
eec: 294.878
weight: 9.65025e-05
eec: 658.155
weight: 0.000853415
eec: 127.027
weight: 3.9473e-05
eec: 1566.3
weight: 0.00042101
eec: 206.351
weight: 2.38018e-05
eec: 1218.97
weight: 0.000197041
eec: 461.219
weight: 4.8223e-06
eec: 600.582
weight: 0.000192757
eec: 108.899
weight: 0.000192757
eec: 155.79
weight: 4.13284e-05
eec: 334.192
weight: 1.50241e-05
eec: 1273.03
weight: 4.44468e-05
eec: 464.846
weight: 1.94589e-05
eec: 241.4
weight: 2.84652e-06
eec: 619.219
weight: 4.70427e-06
eec: 620.551
weight: 5.47781e-06
eec: 749.188
weight: 1.99382e-05
eec: 792.9
weight: 2.89872e-05
eec: 1030.02
weight: 9.65002e-06
eec: 90.3104
weight: 3.96287e-06
eec: 431.976
weight: 3.60032e-05
eec: 429.145
weight: 1.91677e-05
eec: 1383.37
weight: 1.62706e-05
eec: 1788.26
weight: 2.38832e-05
eec: 221.647
weight: 6.12536e-05
eec: 1627.02
weight: 6.23464e-05
eec: 640.534
weight: 3.39949e-05
eec: 1297.65
weight: 7.04568e-07
eec: 941.291
weight: 0.000126103
eec: 624.428
weight: 0.000122685
eec: 994.784
weight: 2.54212e-06
eec: 1042.81
weight: 0.000252567
eec: 308.663
weight: 2.48766e-06
eec: 1778.81
weight: 2.61508e-05
eec: 676.239
weight: 0.00114746
eec: 347.632
weight: 2.32615e-06
eec: 1120.83
weight: 1.22741e-06
eec: 319.573
weight: 0.000109418
eec: 466.589
weight: 2.28498e-05
eec: 59.7267
weight: 8.66588e-05
eec: 723.161
weight: 7.3773e-06
eec: 640.125
weight: 3.30205e-05
eec: 661.374
weight: 1.80004e-05
eec: 419.745
weight: 0.000114661
eec: 1493.44
weight: 2.92841e-05
eec: 123.912
weight: 0.000108479
eec: 277.312
Processing: 76.522 %weight: 1.44125e-05
eec: 830.27
weight: 8.16221e-07
eec: 269.806
weight: 3.63613e-06
eec: 3483.3
weight: 3.36006e-06
eec: 1968.52
weight: 9.1181e-06
eec: 392.918
weight: 0.000100382
eec: 189.82
weight: 2.14333e-05
eec: 199.006
weight: 3.48198e-06
eec: 19.9836
weight: 0.000100821
eec: 116.424
weight: 0.000105451
eec: 428.977
weight: 1.27676e-05
eec: 324.902
weight: 6.65987e-06
eec: 208.585
weight: 1.05594e-05
eec: 1424.28
weight: 2.04208e-05
eec: 1103.79
weight: 1.01136e-05
eec: 58.3452
weight: 0.00016468
eec: 401.57
weight: 8.4902e-06
eec: 485.974
weight: 0.000194022
eec: 946.183
weight: 1.21046e-06
eec: 161.709
weight: 3.61743e-05
eec: 231.738
weight: 1.06508e-05
eec: 856.592
weight: 1.1473e-05
eec: 1577.79
weight: 0.000268827
eec: 308.562
weight: 1.28301e-05
eec: 19.7555
weight: 0.000105658
eec: 75.1654
weight: 7.61704e-05
eec: 362.026
weight: 5.04066e-06
eec: 348.224
weight: 0.000146581
eec: 142.375
weight: 1.29241e-05
eec: 1693.1
weight: 1.21474e-06
eec: 1256.74
weight: 3.15406e-06
eec: 388.706
weight: 2.53539e-05
eec: 113.24
weight: 3.21633e-05
eec: 2760.52
weight: 0.000252368
eec: 64.7266
weight: 0.000327962
eec: 471.636
weight: 8.0518e-05
eec: 418.54
weight: 1.00478e-05
eec: 132.711
weight: 9.95172e-06
eec: 699.23
weight: 4.27388e-05
eec: 153.866
weight: 5.11418e-05
eec: 320.319
weight: 5.52647e-05
eec: 358.655
weight: 1.29804e-05
eec: 725.929
weight: 3.12924e-05
eec: 1172.74
weight: 1.21063e-06
eec: 990.463
weight: 4.63638e-05
eec: 129.433
weight: 8.80396e-07
eec: 500.472
weight: 8.27396e-06
eec: 232.085
weight: 0.00130528
eec: 402.395
weight: 5.79364e-06
eec: 354.251
weight: 0.000669706
eec: 555.119
weight: 0.000209467
eec: 1816.35
weight: 8.0169e-06
eec: 53.617
weight: 4.085e-06
eec: 683.844
weight: 7.91046e-06
eec: 21.4922
weight: 6.20898e-05
eec: 432.999
weight: 5.9456e-07
eec: 125.073
weight: 5.71334e-06
eec: 76.2077
weight: 0.000515838
eec: 835.116
weight: 6.81849e-05
eec: 98.9064
weight: 4.09256e-05
eec: 1719.05
weight: 7.50321e-05
eec: 58.62
weight: 0.000113042
eec: 71.2465
weight: 0.000567321
eec: 561.142
weight: 8.55497e-06
eec: 138.638
weight: 1.88588e-06
eec: 93.8036
weight: 7.56586e-05
eec: 44.3026
weight: 7.68721e-06
eec: 207.343
weight: 8.60115e-06
eec: 3400.69
weight: 0.000362794
eec: 313.985
weight: 0.00043433
eec: 722.056
weight: 2.28724e-05
eec: 264.307
weight: 1.43357e-05
eec: 740.167
weight: 3.03397e-07
eec: 1262.7
weight: 0.000315624
eec: 331.036
weight: 9.28367e-09
eec: 278.645
weight: 2.7277e-05
eec: 1063.87
weight: 5.17159e-05
eec: 191.678
weight: 0.000124706
eec: 439.656
weight: 0.000117954
eec: 1113.55
weight: 0.00113175
eec: 1028.23
weight: 1.17815e-05
eec: 292.116
weight: 9.7107e-05
eec: 285.25
weight: 9.7107e-05
eec: 210.382
weight: 6.99421e-06
eec: 1999.64
weight: 9.97991e-06
eec: 220.407
weight: 3.88659e-05
eec: 1602.88
weight: 2.60721e-05
eec: 73.6064
weight: 4.45847e-06
eec: 78.8815
weight: 0.000100627
eec: 315.458
weight: 1.98347e-06
eec: 761.942
weight: 4.69613e-05
eec: 39.2538
weight: 1.60639e-05
eec: 84.6506
weight: 9.30151e-07
eec: 227.611
weight: 4.12176e-05
eec: 446.851
weight: 0.000144642
eec: 222.937
weight: 2.63554e-05
eec: 55.8356
weight: 2.71939e-05
eec: 406.156
weight: 7.11101e-05
eec: 101.169
weight: 1.53101e-05
eec: 292.565
weight: 0.000182049
eec: 106.592
weight: 6.61041e-06
eec: 128.669
weight: 7.08592e-07
eec: 53.1812
weight: 3.19841e-05
eec: 247.589
weight: 1.3463e-05
eec: 57.101
weight: 4.23548e-07
eec: 594.584
weight: 0.000201589
eec: 815.11
weight: 3.44111e-05
eec: 20.5523
weight: 2.17345e-05
eec: 615.774
weight: 3.60107e-06
eec: 1318.98
weight: 6.41395e-05
eec: 971.469
weight: 6.15456e-06
eec: 270.745
weight: 1.82442e-05
eec: 32.9298
weight: 1.75854e-06
eec: 16.6493
weight: 6.17947e-05
eec: 109.488
weight: 5.20222e-06
eec: 347.963
weight: 4.34653e-05
eec: 398.676
weight: 6.06408e-05
eec: 481.104
weight: 4.59982e-06
eec: 1213.8
weight: 2.77015e-06
eec: 610.698
weight: 1.41218e-05
eec: 1830.07
weight: 6.55102e-06
eec: 608.887
weight: 2.5189e-05
eec: 1314.18
weight: 0.000281649
eec: 184.774
weight: 0.000569795
eec: 678.399
weight: 6.602e-05
eec: 1284.87
weight: 1.31393e-05
eec: 1393.03
weight: 2.30839e-05
eec: 293.742
weight: 2.32563e-05
eec: 4568.38
weight: 1.10678e-05
eec: 835.894
weight: 2.9998e-06
eec: 102.937
weight: 0.00014015
eec: 129.41
weight: 2.27783e-06
eec: 1020.41
weight: 1.18069e-06
eec: 386.076
weight: 0.000228457
eec: 328.04
weight: 8.8008e-06
eec: 111.143
weight: 9.37559e-05
eec: 1149.28
weight: 2.26593e-06
eec: 2234.85
weight: 2.20011e-05
eec: 501.3
weight: 1.73295e-05
eec: 358.703
weight: 1.05857e-05
eec: 826.642
weight: 0.000139243
eec: 378.42
weight: 8.05826e-06
eec: 225.706

ROOT exit code = 0
