gSystem->Load("run_condor_job_Run3_C.so");
run_condor_job_Run3(472, 100, 2,
                    80, 200,
                    1, 1, 1, 4);
.q

ENTERED run_condor_job_Run3()
JOBID = 472
  global job = 472  Job 72/100  events [4246560, 4305540)  total=5898000
Processing events [4246560, 4305540) of 5898000
weight: 1.86032e-05
eec: 262.024
weight: 0.00015546
eec: 190.489
weight: 2.54112e-05
eec: 152.848
weight: 3.84434e-06
eec: 623.035
weight: 9.65124e-07
eec: 716.584
weight: 0.00018046
eec: 542.714
weight: 1.52534e-05
eec: 740.856
weight: 0.000103798
eec: 211.782
weight: 4.64266e-05
eec: 514.075
weight: 1.92011e-06
eec: 2426.16
Processing: 72.0583 %weight: 1.35991e-05
eec: 372.848
weight: 1.34597e-05
eec: 503.656
weight: 0.000206293
eec: 236.49
weight: 0.000247557
eec: 800.822
weight: 7.56314e-06
eec: 515.77
weight: 4.80189e-05
eec: 1388.79
weight: 1.02783e-05
eec: 110.544
weight: 4.15296e-05
eec: 2301.32
weight: 0.00186939
eec: 563.043
weight: 1.96834e-05
eec: 2147
weight: 1.69607e-05
eec: 37.0056
weight: 3.0286e-06
eec: 376.38
weight: 0.000376224
eec: 233.185
weight: 1.54416e-05
eec: 933.137
weight: 0.000290386
eec: 557.187
weight: 1.97708e-05
eec: 1033.9
weight: 8.17274e-06
eec: 357.825
weight: 4.92466e-05
eec: 558.011
weight: 0.000147008
eec: 233.478
weight: 2.19824e-05
eec: 498.151
weight: 5.76461e-05
eec: 97.5642
weight: 2.32552e-05
eec: 862.58
weight: 0.00106739
eec: 95.0424
weight: 5.78734e-05
eec: 277.778
weight: 5.0151e-06
eec: 44.8697
weight: 3.68563e-05
eec: 110.419
weight: 2.30263e-05
eec: 6.92904
weight: 1.9399e-05
eec: 225.533
weight: 1.57108e-05
eec: 194.106
weight: 3.34854e-05
eec: 383.638
weight: 0.000280779
eec: 415.305
weight: 0.000121065
eec: 128.334
weight: 0.000121065
eec: 530.305
weight: 3.05118e-06
eec: 470.419
weight: 1.99056e-06
eec: 389.215
weight: 0.000131882
eec: 643.112
weight: 6.75579e-05
eec: 356.452
weight: 8.41728e-05
eec: 73.3922
weight: 0.000130921
eec: 578.775
weight: 8.20251e-06
eec: 172.758
weight: 1.07322e-05
eec: 81.4967
weight: 2.87381e-05
eec: 135.595
weight: 1.48183e-05
eec: 70.1658
weight: 0.000306066
eec: 356.885
weight: 8.73193e-05
eec: 95.3891
weight: 1.26385e-06
eec: 204.548
weight: 1.42404e-05
eec: 69.231
weight: 3.56329e-07
eec: 1487.36
weight: 8.62819e-05
eec: 587.415
weight: 0.000233442
eec: 506.274
weight: 6.61823e-06
eec: 129.411
weight: 3.13211e-06
eec: 593.303
weight: 4.10809e-05
eec: 624.189
weight: 6.30128e-05
eec: 2627.93
weight: 5.27379e-07
eec: 736.875
weight: 3.08887e-06
eec: 150.526
weight: 7.29739e-05
eec: 387.617
weight: 0.000205274
eec: 129.065
weight: 0.000132609
eec: 333.204
weight: 8.53372e-08
eec: 507.948
weight: 9.06418e-05
eec: 431.166
weight: 3.4624e-05
eec: 35.9898
weight: 0.000505247
eec: 181.307
weight: 2.51322e-05
eec: 606.005
weight: 0.000265004
eec: 21.0429
weight: 8.78939e-05
eec: 87.6822
weight: 2.02115e-05
eec: 653.365
weight: 7.87611e-06
eec: 32.3718
weight: 7.03017e-06
eec: 270.841
weight: 0.000107656
eec: 902.863
weight: 1.24631e-05
eec: 140.461
weight: 4.38498e-05
eec: 1057.58
weight: 0.00010136
eec: 282.384
weight: 5.67533e-06
eec: 393.658
weight: 1.97332e-06
eec: 167.829
weight: 0.000717881
eec: 1485.24
weight: 5.75981e-05
eec: 72.934
weight: 3.02052e-05
eec: 837.958
weight: 6.45306e-07
eec: 427.941
weight: 3.51659e-06
eec: 863.964
weight: 1.43005e-05
eec: 1440.12
weight: 0.000127037
eec: 293.391
weight: 0.000383298
eec: 546.074
weight: 2.77626e-05
eec: 962.568
weight: 5.57616e-08
eec: 539.143
weight: 0.00033166
eec: 278.991
weight: 1.29601e-06
eec: 52.3408
weight: 4.1714e-06
eec: 424.99
weight: 1.12903e-05
eec: 571.731
weight: 1.95466e-05
eec: 94.0087
weight: 3.52609e-05
eec: 144.861
weight: 4.85173e-05
eec: 1321.72
weight: 7.9328e-06
eec: 1227.3
weight: 0.000356786
eec: 61.0348
weight: 4.13809e-05
eec: 325.564
weight: 5.49028e-05
eec: 788.012
weight: 2.62309e-07
eec: 1199.38
weight: 0.000189444
eec: 396.872
weight: 5.29499e-05
eec: 96.9235
weight: 9.46353e-05
eec: 124.883
weight: 2.8184e-06
eec: 509.96
weight: 0.000608468
eec: 392.442
weight: 7.72934e-06
eec: 117.052
weight: 1.29137e-05
eec: 318.987
weight: 3.16256e-05
eec: 170.172
weight: 4.2485e-05
eec: 135.062
weight: 7.7867e-06
eec: 718.331
weight: 7.01981e-06
eec: 1817
weight: 0.00021348
eec: 23.1118
weight: 0.000172894
eec: 163.673
weight: 7.98401e-06
eec: 157.244
weight: 6.98686e-06
eec: 220.788
weight: 3.90365e-06
eec: 733.764
weight: 9.91865e-05
eec: 544.878
weight: 8.52467e-06
eec: 1941.77
weight: 1.956e-05
eec: 1621.29
weight: 5.19307e-05
eec: 806.429
weight: 3.48069e-05
eec: 11.3344
weight: 1.18968e-05
eec: 993.078
weight: 9.96349e-06
eec: 762.104
weight: 1.10334e-05
eec: 1336.14
weight: 0.000216405
eec: 249.475
weight: 0.00047852
eec: 264.469
weight: 6.02645e-05
eec: 331.54
weight: 3.19797e-06
eec: 2174.6
weight: 0.000153947
eec: 368.345
weight: 9.25685e-06
eec: 1333.23
weight: 5.01182e-08
eec: 485.713
weight: 7.16547e-06
eec: 96.84
weight: 9.04534e-06
eec: 425.023
weight: 0.000130373
eec: 543.113
weight: 2.60421e-06
eec: 1181
weight: 0.000275225
eec: 16.6949
weight: 8.33932e-08
eec: 27.2796
weight: 0.000703635
eec: 109.071
weight: 8.98044e-05
eec: 357.416
weight: 0.000126743
eec: 74.4613
weight: 0.000215692
eec: 138.679
weight: 3.38225e-05
eec: 314.872
weight: 0.000149749
eec: 828.822
weight: 8.29235e-05
eec: 690.513
weight: 7.25113e-06
eec: 722.918
weight: 0.000156313
eec: 426.775
weight: 6.28561e-05
eec: 161.691
weight: 3.32787e-05
eec: 1511.18
weight: 5.26424e-05
eec: 37.169
weight: 0.000112018
eec: 156.255
weight: 0.000131722
eec: 907.65
weight: 3.29097e-05
eec: 173.07
weight: 6.18257e-06
eec: 162.381
weight: 2.96206e-06
eec: 859.536
weight: 2.22404e-06
eec: 415.746
weight: 5.25738e-06
eec: 78.2782
weight: 0.00010876
eec: 428.485
weight: 6.52637e-05
eec: 974.737
weight: 0.000655446
eec: 5.6237
weight: 3.2973e-05
eec: 314.296
weight: 1.28369e-06
eec: 336.624
weight: 1.5844e-05
eec: 288.019
weight: 5.96435e-05
eec: 199.103
weight: 0.000165236
eec: 204.86
weight: 0.00013264
eec: 102.696
weight: 5.65222e-05
eec: 1306.15
weight: 2.88611e-05
eec: 1193.04
weight: 2.11824e-05
eec: 41.8741
weight: 1.19853e-05
eec: 58.5121
weight: 5.36834e-05
eec: 110.401
weight: 3.69686e-05
eec: 48.3069
weight: 0.000116792
eec: 137.371
weight: 8.12801e-05
eec: 768.239
weight: 1.53815e-05
eec: 741.063
weight: 1.0107e-05
eec: 368.337
weight: 5.89904e-06
eec: 3223.74
weight: 6.51668e-05
eec: 280.052
weight: 8.13045e-05
eec: 704.302
weight: 9.96467e-05
eec: 46.4141
weight: 5.80031e-06
eec: 26.606
weight: 0.000234046
eec: 1280.99
Processing: 72.9061 %weight: 9.00439e-08
eec: 1510.43
weight: 9.74485e-06
eec: 145.939
weight: 2.10913e-05
eec: 342.79
weight: 2.01292e-05
eec: 268.772
weight: 7.48587e-05
eec: 322.538
weight: 2.29154e-05
eec: 174.011
weight: 3.81613e-05
eec: 897.805
weight: 2.55595e-05
eec: 527.218
weight: 0.000404213
eec: 47.1526
weight: 3.41068e-05
eec: 62.5903
weight: 0.000117023
eec: 42.7834
weight: 7.61584e-06
eec: 2048.39
weight: 2.99482e-06
eec: 1254.25
weight: 1.22714e-06
eec: 796.34
weight: 7.55383e-05
eec: 230.877
weight: 4.70165e-05
eec: 222.666
weight: 6.87938e-06
eec: 125.873
weight: 4.36553e-06
eec: 3609.85
weight: 5.65336e-06
eec: 847.26
weight: 3.2756e-05
eec: 205.209
weight: 6.19831e-06
eec: 989.185
weight: 0.000147924
eec: 166.822
weight: 6.03052e-06
eec: 49.9625
weight: 1.66783e-05
eec: 756.353
weight: 1.38783e-05
eec: 1364.78
weight: 1.84639e-06
eec: 299.457
weight: 1.84639e-06
eec: 304.611

ROOT exit code = 0
