gSystem->Load("run_condor_job_Run3_C.so");
run_condor_job_Run3(952, 100, 2,
                    80, 200,
                    1, 1, 1, 9);
.q

ENTERED run_condor_job_Run3()
JOBID = 952
  global job = 952  Job 52/100  events [3091920, 3151380)  total=5946000
Processing events [3091920, 3151380) of 5946000
weight: 2.06374e-05
eec: 92.6677
weight: 1.41151e-05
eec: 1306.67
weight: 4.89256e-06
eec: 154.335
weight: 0.000250214
eec: 450.366
weight: 0.000140191
eec: 202.331
weight: 0.000325399
eec: 219.684
weight: 0.000132368
eec: 1228.77
weight: 1.82526e-05
eec: 369.066
weight: 3.46743e-06
eec: 298.697
weight: 1.38727e-05
eec: 71.2117
weight: 3.30613e-07
eec: 462.246
weight: 9.05046e-06
eec: 326.338
weight: 1.91403e-05
eec: 40.2398
weight: 3.9828e-05
eec: 116.923
weight: 1.70393e-05
eec: 1551.74
weight: 0.000927037
eec: 178.019
weight: 0.000277681
eec: 329.127
weight: 2.20244e-05
eec: 195.115
weight: 5.56845e-05
eec: 341.653
weight: 0.000133131
eec: 403.808
weight: 7.01919e-06
eec: 181.378
weight: 0.000188593
eec: 356.14
weight: 3.24032e-05
eec: 15.344
weight: 8.10244e-06
eec: 10.445
weight: 2.52093e-05
eec: 1032.19
weight: 1.4939e-05
eec: 151.25
weight: 2.56454e-05
eec: 1809.8
weight: 9.6402e-05
eec: 389.143
weight: 0.000246368
eec: 779.35
weight: 1.78647e-05
eec: 4297.83
weight: 2.78576e-05
eec: 1059.39
weight: 0.000128909
eec: 95.7805
Processing: 52.1359 %weight: 5.09999e-05
eec: 320.084
weight: 2.10679e-05
eec: 231.403
weight: 2.29984e-05
eec: 343.286
weight: 4.51882e-06
eec: 783.373
weight: 9.14928e-06
eec: 1247.15
weight: 0.000128507
eec: 454.856
weight: 1.88716e-05
eec: 396.59
weight: 2.19412e-05
eec: 697.499
weight: 8.21198e-06
eec: 1010.56
weight: 5.87954e-06
eec: 101.666
weight: 4.83749e-07
eec: 366.134
weight: 0.000124668
eec: 156.99
weight: 4.62537e-06
eec: 2824.1
weight: 0.000279974
eec: 665.524
weight: 0.000203781
eec: 800.873
weight: 4.42559e-07
eec: 784.39
weight: 2.07824e-05
eec: 254.752
weight: 8.49204e-06
eec: 884.227
weight: 4.26541e-08
eec: 589.492
weight: 1.23586e-05
eec: 18.6084
weight: 1.25328e-06
eec: 782.982
weight: 1.79107e-05
eec: 1567.05
weight: 1.79107e-05
eec: 157.163
weight: 0.000167837
eec: 159.228
weight: 9.56531e-07
eec: 500.326
weight: 3.99481e-06
eec: 191.733
weight: 0.000174223
eec: 131.525
weight: 5.73064e-06
eec: 165.436
weight: 5.65356e-05
eec: 196.198
weight: 3.44096e-07
eec: 545.741
weight: 5.49383e-06
eec: 547.82
weight: 7.53636e-05
eec: 451.081
weight: 1.1314e-05
eec: 328.498
weight: 0.000264481
eec: 248.153
weight: 1.08923e-05
eec: 306.817
weight: 2.77858e-06
eec: 192.332
weight: 8.63722e-06
eec: 65.0207
weight: 0.000141511
eec: 390.166
weight: 2.94119e-05
eec: 340.682
weight: 3.52614e-05
eec: 729.389
weight: 1.2894e-05
eec: 414.048
weight: 1.89159e-06
eec: 1643.42
weight: 2.38057e-05
eec: 3158.28
weight: 4.91365e-06
eec: 135.956
weight: 2.41533e-05
eec: 426.877
weight: 7.72167e-06
eec: 483.379
weight: 1.19188e-05
eec: 272.892
weight: 1.34477e-07
eec: 775.018
weight: 0.000226606
eec: 41.9335
weight: 1.43339e-06
eec: 639.74
weight: 0.000860768
eec: 694.845
weight: 7.64365e-05
eec: 493.947
weight: 1.07841e-06
eec: 410.411
weight: 5.81324e-05
eec: 183.77
weight: 0.00016732
eec: 545.83
weight: 0.000234798
eec: 134.256
weight: 3.20347e-05
eec: 823.977
weight: 4.30106e-05
eec: 68.9238
weight: 1.66815e-05
eec: 1481
weight: 9.09953e-05
eec: 295.955
weight: 3.38696e-05
eec: 280.733
weight: 4.79072e-06
eec: 2439.76
weight: 4.70726e-05
eec: 1234.13
weight: 7.10773e-06
eec: 12.9665
weight: 0.000198788
eec: 315.074
weight: 5.32123e-06
eec: 838.858
weight: 3.75347e-07
eec: 2308.79
weight: 1.32663e-05
eec: 254.025
weight: 1.36535e-06
eec: 1866.75
weight: 0.000216145
eec: 274.945
weight: 0.000375729
eec: 1065.02
weight: 1.17207e-05
eec: 2157.86
weight: 0.000189086
eec: 1126.44
weight: 8.2915e-05
eec: 240.683
weight: 6.82863e-06
eec: 504.987
weight: 5.13198e-05
eec: 282.141
weight: 1.39415e-05
eec: 767.399
weight: 3.34324e-06
eec: 525.36
weight: 3.47508e-05
eec: 785.268
weight: 1.81339e-05
eec: 86.9683
weight: 1.06271e-07
eec: 681.33
weight: 0.000230554
eec: 832.203
weight: 6.54906e-06
eec: 365.311
weight: 3.50187e-05
eec: 833.804
weight: 5.52674e-05
eec: 741.621
weight: 2.25248e-05
eec: 61.4502
weight: 0.000972219
eec: 229.895
weight: 4.42681e-06
eec: 438.326
weight: 5.01729e-05
eec: 227.344
weight: 0.000210417
eec: 401.873
weight: 9.56381e-07
eec: 112.629
weight: 3.22676e-05
eec: 63.5046
weight: 1.48062e-05
eec: 1748.12
weight: 1.07309e-06
eec: 288.069
weight: 5.40366e-05
eec: 40.424
weight: 1.27518e-06
eec: 98.5499
weight: 9.48409e-05
eec: 219.253
weight: 7.95286e-06
eec: 269.407
weight: 2.04399e-05
eec: 2673.41
weight: 0.000151138
eec: 732.658
weight: 3.09172e-05
eec: 147.058
weight: 9.18858e-06
eec: 126.308
weight: 1.55886e-08
eec: 632.818
weight: 2.88929e-05
eec: 385.562
weight: 8.23914e-06
eec: 2106.57
weight: 0.000108616
eec: 104.684
weight: 2.88919e-08
eec: 831.325
weight: 2.06114e-05
eec: 245.833
weight: 1.31621e-05
eec: 114.949
weight: 4.92148e-06
eec: 1408.92
weight: 1.00669e-05
eec: 551.833
weight: 5.6659e-07
eec: 104.832
weight: 1.08849e-06
eec: 232.768
weight: 4.09952e-06
eec: 196.513
weight: 0.000216848
eec: 665.176
weight: 0.000183421
eec: 86.7516
weight: 0.000136109
eec: 13.708
weight: 6.79501e-07
eec: 865.519
weight: 4.25568e-05
eec: 1436.51
weight: 6.31155e-05
eec: 887.851
weight: 5.57018e-06
eec: 46.044
weight: 8.5052e-09
eec: 1080.83
weight: 0.000105768
eec: 207.893
weight: 0.000128205
eec: 140.085
weight: 8.42175e-06
eec: 373.034
weight: 1.15651e-05
eec: 602.572
weight: 2.94892e-05
eec: 313.466
weight: 5.0325e-05
eec: 739.217
weight: 0.00017621
eec: 70.0369
weight: 6.99691e-06
eec: 2539.65
weight: 1.214e-05
eec: 2205.16
weight: 0.000681758
eec: 136.777
weight: 0.000181731
eec: 702.913
weight: 1.80763e-05
eec: 468.369
weight: 8.20338e-06
eec: 5337.1
weight: 1.18462e-05
eec: 248.843
weight: 1.3745e-05
eec: 1272.67
weight: 8.85565e-09
eec: 112.326
weight: 0.000179824
eec: 101.906
weight: 4.91868e-05
eec: 829.819
weight: 2.26614e-07
eec: 179.237
weight: 0.000153737
eec: 249.117
weight: 3.09313e-07
eec: 531.328
weight: 2.04976e-06
eec: 81.2233
weight: 0.000273868
eec: 216.233
weight: 0.000266892
eec: 266.341
weight: 2.28804e-07
eec: 358.053
weight: 1.63147e-05
eec: 292.916
weight: 9.59913e-09
eec: 520.263
weight: 1.00975e-05
eec: 798.419
weight: 5.71001e-05
eec: 457.722
weight: 0.000132091
eec: 346.418
weight: 0.000158913
eec: 122.058
weight: 2.9421e-05
eec: 1093.72
weight: 6.6949e-06
eec: 78.0286
weight: 1.22925e-05
eec: 952.988
weight: 2.05458e-05
eec: 1204.09
weight: 2.07439e-05
eec: 443.487
weight: 0.000124191
eec: 251.813
weight: 3.43168e-06
eec: 1069.69
weight: 8.45953e-06
eec: 307.576
weight: 0.000109161
eec: 33.066
weight: 0.000166877
eec: 846.602
weight: 1.66041e-05
eec: 524.842
weight: 0.000166283
eec: 323.943
weight: 0.00042844
eec: 99.8295
weight: 3.67109e-06
eec: 376.06
weight: 8.0272e-05
eec: 122.633
weight: 0.000608596
eec: 238.844
weight: 1.08462e-05
eec: 325.409
weight: 2.96864e-06
eec: 1327.2
weight: 2.88879e-06
eec: 117.37
weight: 0.000473459
eec: 386.567
weight: 5.84761e-06
eec: 2181.46
weight: 0.000242107
eec: 83.7839
weight: 4.11321e-06
eec: 286.23
weight: 5.87919e-06
eec: 59.6433
weight: 5.15451e-05
eec: 284.744
weight: 2.01895e-05
eec: 74.1852
weight: 0.000116253
eec: 1119.43
weight: 1.04728e-05
eec: 3409.12
weight: 3.23498e-07
eec: 797.05
weight: 0.000153315
eec: 551.014
weight: 3.40772e-06
eec: 62.7437
weight: 3.40772e-06
eec: 1501.61
weight: 3.00538e-05
eec: 430.524
weight: 2.09075e-05
eec: 1017.55
weight: 1.55872e-05
eec: 56.3313
weight: 1.51066e-05
eec: 69.9026
weight: 7.8869e-06
eec: 403.466
weight: 1.59406e-05
eec: 1312.81
weight: 3.23254e-05
eec: 239.146
weight: 2.39282e-06
eec: 235.448
weight: 3.77903e-05
eec: 108.404
weight: 2.4772e-06
eec: 1196.51
weight: 0.00106622
eec: 242.535
weight: 3.89843e-05
eec: 246.763
weight: 6.49394e-05
eec: 674.249
weight: 6.62002e-05
eec: 102.085
weight: 0.000279886
eec: 942.884
weight: 0.00387225
eec: 103.512
weight: 0.000163511
eec: 115.815
weight: 5.73706e-05
eec: 40.7313
weight: 9.12003e-05
eec: 1038.75
weight: 8.07368e-06
eec: 1447.22
weight: 3.61751e-05
eec: 252.483
weight: 0.000280009
eec: 541.897
weight: 5.578e-05
eec: 87.3778
weight: 8.00136e-07
eec: 579.975
weight: 2.25073e-05
eec: 45.6819
weight: 3.96218e-05
eec: 1154.18
weight: 9.27164e-05
eec: 124.458
weight: 5.92015e-06
eec: 16.2609
weight: 0.000114854
eec: 447.564
weight: 0.000148065
eec: 359.221
weight: 6.07631e-06
eec: 3134.03
weight: 1.60103e-05
eec: 1075.44
weight: 2.80575e-07
eec: 994.186
weight: 1.57351e-05
eec: 417.314
weight: 0.00117045
eec: 203.478
weight: 0.000130276
eec: 400.213
Processing: 52.9768 %weight: 8.04519e-05
eec: 262.067
weight: 0.000269838
eec: 118.164
weight: 2.38149e-06
eec: 693.405
weight: 1.67387e-05
eec: 236.392
weight: 1.20617e-07
eec: 127.264

ROOT exit code = 0
