gSystem->Load("run_condor_job_Run3_C.so");
run_condor_job_Run3(21, 100, 2,
                    80, 200,
                    1, 1, 1, 0);
.q

ENTERED run_condor_job_Run3()
JOBID = 21
  global job = 21  Job 21/100  events [1258740, 1318680)  total=5994000
Processing events [1258740, 1318680) of 5994000
weight: 3.39785e-06
eec: 2076.84
weight: 1.33953e-05
eec: 350.384
weight: 0.000237154
eec: 777.274
weight: 0.000236252
eec: 235.723
weight: 6.23622e-06
eec: 185.055
weight: 1.59108e-05
eec: 254.528
weight: 9.51014e-06
eec: 1006.67
weight: 3.02906e-05
eec: 278.291
weight: 0.000330918
eec: 445.875
weight: 0.000113496
eec: 158.412
weight: 1.70156e-06
eec: 22.775
weight: 1.82933e-05
eec: 760.661
weight: 1.02404e-05
eec: 473.487
weight: 1.01363e-06
eec: 816.545
weight: 3.02159e-05
eec: 393.426
weight: 9.36603e-06
eec: 721.65
weight: 8.35679e-06
eec: 1468.63
weight: 2.60504e-05
eec: 1607.9
weight: 3.99411e-05
eec: 585.134
weight: 5.14417e-06
eec: 309.297
weight: 5.98806e-05
eec: 140.944
weight: 7.35242e-07
eec: 508.275
weight: 3.47362e-05
eec: 180.863
weight: 6.64557e-05
eec: 597.26
weight: 6.3236e-05
eec: 543.697
weight: 6.50122e-05
eec: 628.129
weight: 1.61516e-05
eec: 143.162
weight: 0.00017958
eec: 165.956
weight: 1.51504e-05
eec: 1191.62
weight: 1.00169e-05
eec: 547.921
weight: 7.286e-05
eec: 100.655
weight: 0.000218877
eec: 215.897
weight: 0.00111434
eec: 416.454
weight: 9.33524e-05
eec: 446.781
weight: 0.000337256
eec: 58.8506
weight: 0.000216829
eec: 46.7972
weight: 1.87307e-05
eec: 495.369
weight: 1.31443e-05
eec: 1411.69
weight: 1.14944e-05
eec: 1375.3
weight: 7.32707e-07
eec: 610.54
weight: 2.8511e-05
eec: 858.579
weight: 3.1461e-05
eec: 240.939
weight: 4.58771e-06
eec: 372.68
weight: 8.14426e-05
eec: 29.3612
weight: 6.10369e-05
eec: 628.202
weight: 0.000129395
eec: 99.5638
weight: 2.77725e-06
eec: 74.8905
weight: 4.30129e-06
eec: 358.831
weight: 1.20168e-06
eec: 463.212
weight: 2.76164e-05
eec: 1277.22
weight: 1.1644e-05
eec: 380.125
weight: 5.34085e-06
eec: 19.8828
weight: 3.00309e-05
eec: 750.302
weight: 2.68147e-05
eec: 107.578
weight: 3.03047e-05
eec: 1321.18
weight: 1.24879e-05
eec: 357.175
weight: 2.44653e-05
eec: 280.611
weight: 1.88056e-07
eec: 156.857
weight: 4.52309e-05
eec: 327.129
weight: 5.69283e-06
eec: 1747.66
weight: 2.77699e-05
eec: 857.249
weight: 4.00552e-05
eec: 399.076
weight: 9.31268e-06
eec: 1366.96
weight: 7.79752e-06
eec: 944.428
weight: 7.57567e-05
eec: 55.8136
weight: 1.16276e-05
eec: 43.6233
weight: 2.2711e-05
eec: 785.545
weight: 6.44555e-06
eec: 82.859
weight: 5.17714e-06
eec: 442.153
weight: 6.35713e-05
eec: 78.4037
weight: 4.12449e-05
eec: 401.967
weight: 7.80424e-06
eec: 215.587
weight: 1.78753e-05
eec: 169.248
weight: 0.000245603
eec: 497.922
weight: 4.09238e-05
eec: 57.2598
weight: 7.30313e-05
eec: 1774.62
weight: 0.000124771
eec: 31.7083
weight: 8.66077e-07
eec: 1745.4
weight: 4.41341e-06
eec: 422.651
weight: 0.000514917
eec: 150.02
weight: 0.000305063
eec: 133.1
weight: 2.33209e-05
eec: 320.245
weight: 4.61516e-05
eec: 69.0674
weight: 2.43939e-05
eec: 168.599
weight: 0.000508167
eec: 37.6373
weight: 6.62974e-05
eec: 66.1205
weight: 1.72974e-06
eec: 61.3555
weight: 1.47141e-05
eec: 1056.21
weight: 1.10707e-05
eec: 1108.07
weight: 0.00030913
eec: 77.9241
weight: 7.44549e-05
eec: 33.0087
weight: 4.47302e-06
eec: 125.344
weight: 5.65428e-06
eec: 438.358
weight: 4.2747e-05
eec: 1082.97
weight: 1.87359e-05
eec: 70.1935
weight: 2.46565e-05
eec: 333.715
weight: 3.37655e-05
eec: 46.4182
weight: 6.16328e-05
eec: 597.871
weight: 1.46818e-05
eec: 497.52
weight: 3.71777e-05
eec: 685.798
weight: 1.30881e-05
eec: 703.825
weight: 0.000227883
eec: 957.397
weight: 6.12481e-06
eec: 54.4029
weight: 1.89792e-05
eec: 190.418
weight: 4.25753e-05
eec: 4257.53
weight: 2.43124e-05
eec: 302.493
weight: 4.28973e-05
eec: 100.743
weight: 3.22057e-06
eec: 322.975
weight: 1.70492e-05
eec: 2773.6
weight: 0.00618781
eec: 569.914
weight: 1.16035e-05
eec: 540.9
weight: 2.99328e-05
eec: 392.346
weight: 6.59525e-05
eec: 349.731
weight: 1.98341e-05
eec: 201.396
weight: 1.23055e-05
eec: 709.321
weight: 5.81541e-06
eec: 1358.25
weight: 3.13713e-05
eec: 380.382
weight: 0.000165254
eec: 290.948
weight: 2.15851e-05
eec: 776.872
weight: 8.5292e-05
eec: 192.437
weight: 2.11756e-05
eec: 350.857
weight: 2.51936e-05
eec: 6.02346
weight: 4.00386e-06
eec: 416.352
weight: 1.91331e-06
eec: 2545.69
weight: 0.000186327
eec: 166.997
weight: 2.12307e-05
eec: 1108.72
weight: 0.000381808
eec: 91.8129
weight: 8.18698e-05
eec: 630.919
weight: 1.90317e-05
eec: 585.108
weight: 3.44141e-06
eec: 162.406
weight: 0.000262197
eec: 300.926
weight: 1.6528e-05
eec: 400.181
weight: 1.72662e-05
eec: 158.848
weight: 4.2357e-05
eec: 250.489
weight: 3.47649e-05
eec: 34.4198
weight: 9.83174e-06
eec: 2389.08
weight: 4.1484e-06
eec: 1644.29
weight: 6.77672e-07
eec: 118.308
weight: 0.000123611
eec: 37.5242
weight: 3.16892e-05
eec: 1853.94
weight: 0.000159535
eec: 517.355
weight: 3.88568e-05
eec: 128.478
weight: 0.000814333
eec: 117.613
weight: 2.57591e-05
eec: 959.693
weight: 1.58976e-05
eec: 129.314
weight: 0.000147628
eec: 26.2098
weight: 1.05603e-05
eec: 1347.07
weight: 2.15218e-06
eec: 5.9094
weight: 2.91127e-05
eec: 181.64
weight: 8.05211e-06
eec: 858.995
weight: 4.43629e-06
eec: 81.2754
weight: 0.000149553
eec: 1049.35
weight: 1.24035e-05
eec: 846.1
weight: 3.91274e-06
eec: 166.44
weight: 2.15203e-07
eec: 22.3641
weight: 1.87314e-05
eec: 418.222
weight: 0.000803825
eec: 400.588
weight: 6.01471e-06
eec: 439.917
weight: 5.85267e-06
eec: 256.38
weight: 1.25534e-05
eec: 1694.19
weight: 4.97443e-06
eec: 379.927
weight: 3.48769e-05
eec: 1254.82
weight: 2.93248e-05
eec: 121.736
weight: 5.40694e-06
eec: 70.5638
weight: 1.96081e-05
eec: 6.97906
weight: 6.70555e-06
eec: 813.129
weight: 7.09045e-05
eec: 285.151
weight: 1.95991e-05
eec: 1757.5
weight: 1.5055e-05
eec: 1966.65
weight: 7.71069e-06
eec: 818.721
weight: 1.07758e-05
eec: 378.076
weight: 1.03799e-05
eec: 76.8954
weight: 3.93629e-06
eec: 1070.19
weight: 6.1673e-06
eec: 151.925
weight: 3.70896e-06
eec: 1062.65
weight: 1.51553e-06
eec: 55.945
weight: 2.0244e-06
eec: 124.05
weight: 8.08183e-06
eec: 1025.99
weight: 1.78745e-05
eec: 74.0751
weight: 7.74287e-06
eec: 387.132
weight: 9.8908e-06
eec: 222.034
weight: 0.000189867
eec: 665.038
weight: 1.03884e-05
eec: 1334.12
weight: 5.94889e-05
eec: 1454.54
weight: 0.000107903
eec: 325.24
Processing: 21.6884 %weight: 6.55451e-06
eec: 79.0829
weight: 4.096e-06
eec: 217.243
weight: 1.97971e-05
eec: 1019.21
weight: 0.000384168
eec: 266.424
weight: 6.57101e-05
eec: 723.352
weight: 4.25483e-06
eec: 59.0825
weight: 4.33202e-05
eec: 967.943
weight: 0.000269793
eec: 177.194
weight: 2.20908e-05
eec: 442.196
weight: 1.41026e-05
eec: 1894.51
weight: 1.68822e-05
eec: 180.952
weight: 6.57796e-05
eec: 478.03
weight: 2.7229e-05
eec: 1121.37
weight: 2.2566e-05
eec: 87.2834
weight: 0.000441145
eec: 258.808
weight: 2.1574e-05
eec: 1213.37
weight: 1.15968e-06
eec: 604.919
weight: 5.17757e-05
eec: 273.526
weight: 3.94978e-06
eec: 199.973
weight: 1.96653e-05
eec: 212.369
weight: 5.19348e-05
eec: 950.509
weight: 3.26409e-05
eec: 821.717
weight: 2.3697e-05
eec: 935.84
weight: 1.90946e-06
eec: 1080.04
weight: 4.45171e-05
eec: 331.363
weight: 2.35544e-05
eec: 395.868
weight: 0.000247233
eec: 119.403
weight: 4.95274e-05
eec: 621.136
weight: 1.3369e-05
eec: 488.048
weight: 2.05918e-05
eec: 231.004
weight: 0.000120343
eec: 108.096
weight: 3.57368e-06
eec: 1791.63
weight: 3.26119e-06
eec: 90.1466
weight: 4.12268e-08
eec: 1123.43
weight: 7.29778e-05
eec: 841.269
weight: 9.31928e-06
eec: 85.0138
weight: 1.03926e-05
eec: 87.8758
weight: 4.32233e-05
eec: 143.78
weight: 9.50569e-05
eec: 443.606
weight: 8.67473e-06
eec: 219.217
weight: 1.4719e-05
eec: 182.741
weight: 2.32881e-06
eec: 1217.03
weight: 5.9914e-05
eec: 381.294
weight: 6.44545e-05
eec: 730.779
weight: 9.27628e-07
eec: 268.263
weight: 8.51459e-06
eec: 5080.2
weight: 3.97594e-05
eec: 465.432
weight: 9.35956e-06
eec: 221.817
weight: 6.34363e-05
eec: 303.571
weight: 1.26078e-05
eec: 937.621
weight: 1.36431e-05
eec: 76.6989
weight: 4.37841e-05
eec: 298.826
weight: 4.14317e-05
eec: 474.746
weight: 3.31925e-05
eec: 51.3279
weight: 3.86953e-06
eec: 320.6
weight: 3.19506e-05
eec: 156.519
weight: 3.61717e-05
eec: 2030.65
weight: 3.85262e-05
eec: 511.512
weight: 5.24852e-06
eec: 804.443
weight: 0.00023691
eec: 937.995
weight: 1.69968e-05
eec: 137.151
weight: 0.000409675
eec: 105.633
weight: 6.36437e-07
eec: 61.9847
weight: 5.54816e-05
eec: 958.123
weight: 5.54186e-05
eec: 657.089
weight: 1.19215e-06
eec: 228.418
weight: 4.68719e-06
eec: 57.142
weight: 0.000395712
eec: 436.705
weight: 0.00018672
eec: 527.847
weight: 2.41808e-05
eec: 407.014
weight: 7.82015e-05
eec: 181.126
weight: 5.40622e-05
eec: 484.806
weight: 2.48192e-05
eec: 628.023
weight: 2.46191e-05
eec: 788.287
weight: 1.48588e-05
eec: 277.454
weight: 4.10194e-06
eec: 760.997
weight: 2.53624e-05
eec: 426.237
weight: 0.000105676
eec: 251.675
weight: 1.17858e-05
eec: 1849.48
weight: 4.17536e-06
eec: 989.21

ROOT exit code = 0
