gSystem->Load("run_condor_job_Run3_C.so");
run_condor_job_Run3(166, 100, 2,
                    80, 200,
                    1, 1, 1, 1);
.q

ENTERED run_condor_job_Run3()
JOBID = 166
  global job = 166  Job 66/100  events [3868920, 3927540)  total=5862000
Processing events [3868920, 3927540) of 5862000
weight: 3.76772e-05
eec: 1090.29
weight: 6.30987e-05
eec: 585.467
weight: 0.000114128
eec: 73.9582
weight: 2.09971e-05
eec: 208.316
weight: 9.70554e-06
eec: 1380.98
weight: 0.000172666
eec: 329.349
weight: 0.000126129
eec: 983.203
weight: 1.53223e-05
eec: 459.601
weight: 2.2688e-05
eec: 49.7173
weight: 7.11993e-05
eec: 660.287
weight: 8.40603e-06
eec: 25.2235
weight: 2.79301e-05
eec: 145.593
weight: 1.01257e-05
eec: 249.665
weight: 0.000355333
eec: 587.662
weight: 6.65177e-06
eec: 2002.3
weight: 0.000476181
eec: 506.425
weight: 2.90662e-05
eec: 1984.92
weight: 1.40997e-05
eec: 1042.9
weight: 9.09053e-07
eec: 562.806
weight: 0.000132448
eec: 313.018
weight: 8.30307e-05
eec: 363.935
weight: 3.27374e-05
eec: 10.1217
weight: 3.29081e-08
eec: 323.122
weight: 8.52394e-05
eec: 50.1091
weight: 2.87991e-05
eec: 803.397
weight: 3.57016e-06
eec: 61.1177
weight: 1.43045e-07
eec: 1127.45
weight: 1.0923e-05
eec: 2081.74
weight: 9.40715e-06
eec: 356.255
weight: 3.53872e-06
eec: 812.847
weight: 5.46955e-05
eec: 673.034
weight: 4.46022e-05
eec: 465.841
weight: 0.000105479
eec: 656.524
weight: 2.30314e-05
eec: 56.2319
weight: 1.26306e-05
eec: 58.1719
weight: 1.18836e-06
eec: 99.7768
weight: 7.45649e-05
eec: 50.6705
weight: 7.21124e-05
eec: 361.082
weight: 0.000152188
eec: 698.352
weight: 1.97329e-05
eec: 80.1736
weight: 0.000201494
eec: 350.207
weight: 0.00024079
eec: 69.6012
weight: 8.80904e-05
eec: 292.245
weight: 1.35288e-05
eec: 377.052
weight: 0.000220895
eec: 35.0089
weight: 0.000276139
eec: 972.908
weight: 6.1147e-05
eec: 72.7816
weight: 0.00030748
eec: 19.6054
weight: 1.32527e-05
eec: 93.5617
weight: 1.30135e-05
eec: 143.119
weight: 3.44781e-05
eec: 236.38
weight: 2.91431e-05
eec: 335.098
weight: 5.85368e-06
eec: 277.628
weight: 0.000153461
eec: 820.47
weight: 7.90203e-05
eec: 170.245
weight: 1.18508e-05
eec: 395.43
weight: 1.38108e-05
eec: 1104.42
weight: 1.99824e-05
eec: 884.955
weight: 3.09781e-05
eec: 116.2
weight: 9.72484e-05
eec: 141.695
weight: 3.97081e-05
eec: 439.279
weight: 3.33609e-06
eec: 1758.53
weight: 0.000136272
eec: 621.264
weight: 2.60179e-05
eec: 424.848
weight: 0.00740341
eec: 53.8066
weight: 0.000123104
eec: 294.985
weight: 4.92509e-06
eec: 729.395
weight: 2.00926e-05
eec: 3372.79
weight: 1.55205e-06
eec: 86.558
weight: 9.64193e-05
eec: 22.6342
weight: 7.47433e-05
eec: 98.8853
weight: 2.31122e-05
eec: 816.255
weight: 4.20446e-05
eec: 352.865
weight: 0.000130325
eec: 717.224
weight: 2.98482e-05
eec: 125.525
weight: 0.000132484
eec: 253.041
weight: 0.000136602
eec: 184.428
weight: 2.54614e-07
eec: 70.1752
weight: 2.08025e-06
eec: 683.192
weight: 0.000267378
eec: 265.325
weight: 2.95857e-05
eec: 146.638
weight: 5.14208e-05
eec: 10.672
weight: 2.14574e-05
eec: 851.683
weight: 4.60577e-05
eec: 132.355
weight: 5.30575e-06
eec: 697.524
weight: 0.0001725
eec: 373.248
weight: 0.000184383
eec: 21.9419
weight: 1.01291e-06
eec: 34.8314
weight: 3.659e-06
eec: 47.2979
weight: 9.26479e-06
eec: 134.568
weight: 9.17336e-05
eec: 486.085
weight: 0.000172886
eec: 351.809
weight: 5.34979e-05
eec: 340.17
weight: 4.47121e-07
eec: 181.967
weight: 4.02507e-06
eec: 805.717
weight: 0.000153584
eec: 639.667
weight: 1.34547e-05
eec: 591.045
weight: 0.000526373
eec: 48.052
weight: 9.6981e-06
eec: 668.853
weight: 0.000252491
eec: 367.556
weight: 9.83362e-05
eec: 157.05
weight: 8.21569e-06
eec: 916.725
weight: 1.82761e-05
eec: 238.083
weight: 1.04613e-05
eec: 200.964
weight: 1.02081e-05
eec: 80.5585
weight: 3.70293e-05
eec: 184.932
weight: 9.74316e-06
eec: 1391.81
weight: 8.57548e-06
eec: 353.866
weight: 6.36665e-06
eec: 2228.8
weight: 0.000124501
eec: 750.179
weight: 3.5034e-05
eec: 64.1393
weight: 0.000292422
eec: 873.904
weight: 3.79208e-06
eec: 1066.6
weight: 6.85241e-05
eec: 84.6762
weight: 1.77558e-06
eec: 307.914
weight: 0.000178877
eec: 192.915
weight: 9.25277e-05
eec: 1369.85
weight: 7.55493e-06
eec: 656.186
weight: 4.72249e-05
eec: 380.235
weight: 1.12704e-05
eec: 2963.82
weight: 9.49477e-07
eec: 2547.16
weight: 1.04066e-05
eec: 49.9207
Processing: 66.5302 %weight: 0.000152849
eec: 185.25
weight: 0.000125289
eec: 625.394
weight: 3.7567e-05
eec: 190.664
weight: 0.000227422
eec: 292.925
weight: 0.000172626
eec: 64.7164
weight: 0.000456283
eec: 319.915
weight: 2.4532e-05
eec: 189.459
weight: 2.67891e-05
eec: 462.095
weight: 7.43069e-05
eec: 182.229
weight: 7.03266e-05
eec: 276.014
weight: 3.66594e-05
eec: 177.546
weight: 0.000106507
eec: 137.329
weight: 0.000196617
eec: 85.3154
weight: 0.000220535
eec: 407.278
weight: 3.40326e-05
eec: 1329.82
weight: 0.000109501
eec: 561.653
weight: 9.23305e-05
eec: 351.878
weight: 4.60813e-06
eec: 513.685
weight: 3.18097e-05
eec: 221.156
weight: 6.9844e-06
eec: 693.749
weight: 0.000180305
eec: 196.884
weight: 1.55052e-05
eec: 1154.11
weight: 1.14241e-05
eec: 482.999
weight: 9.41593e-06
eec: 2248.59
weight: 8.61891e-06
eec: 248.18
weight: 3.9143e-06
eec: 1248.47
weight: 6.8218e-06
eec: 1028.8
weight: 0.000159993
eec: 359.476
weight: 1.88389e-06
eec: 924.672
weight: 1.98112e-05
eec: 31.3114
weight: 7.40468e-05
eec: 241.087
weight: 3.63298e-06
eec: 723.913
weight: 0.000102694
eec: 42.0525
weight: 0.000808892
eec: 565.009
weight: 0.000218489
eec: 928.824
weight: 0.000151341
eec: 147.797
weight: 1.76808e-05
eec: 56.8444
weight: 1.91576e-05
eec: 136.75
weight: 1.07415e-06
eec: 344.664
weight: 3.6777e-05
eec: 81.0751
weight: 6.75485e-06
eec: 1703.21
weight: 0.000170539
eec: 762.17
weight: 9.53256e-06
eec: 501.661
weight: 1.71973e-05
eec: 1938.88
weight: 0.000323484
eec: 220.186
weight: 1.22946e-05
eec: 1223.13
weight: 7.99358e-06
eec: 80.1101
weight: 4.59201e-06
eec: 329.436
weight: 2.76038e-05
eec: 1087.35
weight: 2.36859e-06
eec: 95.0565
weight: 2.04716e-06
eec: 1603.7
weight: 0.000240082
eec: 127.9
weight: 8.79959e-06
eec: 1456.39
weight: 1.2967e-05
eec: 141.977
weight: 3.64398e-05
eec: 599.439
weight: 3.64398e-05
eec: 643.844
weight: 5.08593e-06
eec: 2065.15
weight: 1.50994e-05
eec: 443.818
weight: 3.77269e-07
eec: 409.354
weight: 1.37313e-07
eec: 127.6
weight: 2.68871e-06
eec: 225.663
weight: 1.10599e-06
eec: 244.745
weight: 3.322e-06
eec: 216.472
weight: 1.35722e-05
eec: 104.471
weight: 0.000189661
eec: 635.039
weight: 2.99353e-05
eec: 830.485
weight: 3.46072e-06
eec: 911.077
weight: 1.6509e-05
eec: 935.063
weight: 1.07772e-05
eec: 430.935
weight: 2.86278e-05
eec: 228.497
weight: 4.61688e-05
eec: 390.054
weight: 3.7005e-05
eec: 12.0026
weight: 5.69931e-05
eec: 102.529
weight: 1.13659e-05
eec: 176.544
weight: 3.07409e-05
eec: 667.908
weight: 1.22296e-07
eec: 126.084
weight: 1.90464e-05
eec: 44.8437
weight: 0.00033059
eec: 129.356
weight: 7.8603e-05
eec: 420.999
weight: 5.32025e-05
eec: 929.752
weight: 1.15572e-06
eec: 13.9164
weight: 2.59836e-05
eec: 628.047
weight: 5.7344e-06
eec: 737.391
weight: 5.64399e-06
eec: 523.665
weight: 0.000196915
eec: 770.563
weight: 1.49135e-05
eec: 388.311
weight: 1.32738e-05
eec: 1908.06
weight: 0.000274794
eec: 589.029
weight: 4.74734e-05
eec: 145.186
weight: 3.80566e-05
eec: 89.7127
weight: 4.03361e-08
eec: 213.233
weight: 2.48855e-05
eec: 91.8539
weight: 2.4009e-05
eec: 3139.85
weight: 1.66939e-05
eec: 1157.68
weight: 3.47358e-06
eec: 1375.66
weight: 1.50206e-05
eec: 1315.76
weight: 2.96322e-05
eec: 176.603
weight: 4.10608e-07
eec: 744.744
weight: 9.64474e-06
eec: 505.315
weight: 0.000203289
eec: 160.607
weight: 2.46404e-06
eec: 62.7218
weight: 6.28391e-06
eec: 608.715
weight: 3.31219e-05
eec: 962.397
weight: 0.000164034
eec: 544.535
weight: 1.15244e-05
eec: 475.323
weight: 0.000112306
eec: 59.5605
weight: 2.62116e-05
eec: 1320.23
weight: 9.70739e-06
eec: 712.621
weight: 3.43047e-06
eec: 218.595
weight: 2.07649e-05
eec: 47.0462
weight: 0.000307641
eec: 703.236
weight: 1.03497e-05
eec: 1057.87
weight: 2.50527e-05
eec: 603.983
weight: 4.42433e-05
eec: 641.817
weight: 0.00012038
eec: 244.734
weight: 3.76625e-05
eec: 92.878
weight: 0.00013585
eec: 815.504
weight: 1.37104e-05
eec: 980.776
weight: 8.40062e-07
eec: 89.8759

ROOT exit code = 0
