gSystem->Load("run_condor_job_Run3_C.so");
run_condor_job_Run3(951, 100, 2,
                    80, 200,
                    1, 1, 1, 9);
.q

ENTERED run_condor_job_Run3()
JOBID = 951
  global job = 951  Job 51/100  events [3032460, 3091920)  total=5946000
Processing events [3032460, 3091920) of 5946000
weight: 3.12307e-05
eec: 548.958
weight: 1.67936e-05
eec: 473.476
weight: 9.97065e-06
eec: 1842.33
weight: 1.28164e-05
eec: 469.166
weight: 0.000170092
eec: 312.488
weight: 3.63701e-06
eec: 449.112
weight: 6.32155e-05
eec: 100.547
weight: 8.08218e-05
eec: 2933.32
weight: 0.00016087
eec: 186.08
weight: 0.000180235
eec: 526.687
weight: 8.28067e-06
eec: 92.4459
weight: 9.76437e-08
eec: 666.256
weight: 1.28358e-07
eec: 240.268
weight: 4.15486e-05
eec: 269.754
weight: 0.00013123
eec: 109.135
weight: 0.000133527
eec: 704.909
weight: 1.72183e-05
eec: 605.107
weight: 1.29991e-05
eec: 291.153
weight: 2.90679e-07
eec: 140.007
weight: 0.000129258
eec: 1411.52
weight: 6.4963e-05
eec: 102.995
weight: 0.000200086
eec: 183.58
weight: 8.70707e-06
eec: 277.176
weight: 2.08652e-05
eec: 69.2428
weight: 7.43597e-05
eec: 606.607
weight: 8.68435e-06
eec: 1353.51
weight: 4.9681e-06
eec: 46.5903
weight: 2.31943e-05
eec: 331.613
weight: 4.8839e-06
eec: 2539.19
weight: 3.13523e-05
eec: 691.336
weight: 3.15056e-07
eec: 118.01
weight: 1.26575e-05
eec: 460.313
weight: 1.8782e-05
eec: 157.95
weight: 3.30078e-06
eec: 38.5115
weight: 1.22631e-05
eec: 447.056
weight: 1.43302e-07
eec: 530.345
weight: 9.91123e-06
eec: 1768.09
weight: 2.88006e-05
eec: 1297.07
weight: 1.35252e-06
eec: 169.815
weight: 1.06821e-07
eec: 128.574
weight: 9.46562e-05
eec: 44.1891
weight: 2.89083e-06
eec: 516.438
weight: 2.12205e-05
eec: 664.954
weight: 1.80432e-05
eec: 310.991
weight: 3.23325e-06
eec: 1613.44
weight: 9.43791e-06
eec: 4236.43
weight: 0.000119252
eec: 88.6411
weight: 2.24777e-05
eec: 50.1808
weight: 6.53594e-05
eec: 612.17
weight: 7.33038e-06
eec: 777.258
weight: 2.35107e-05
eec: 960.076
weight: 8.87007e-06
eec: 2579.36
weight: 1.76097e-05
eec: 257.876
weight: 8.69622e-06
eec: 1208.57
weight: 0.000182354
eec: 83.7319
weight: 2.15062e-07
eec: 904.302
weight: 9.93002e-06
eec: 1166.01
weight: 1.02283e-05
eec: 579.381
weight: 1.06228e-05
eec: 339.477
weight: 5.05076e-05
eec: 805.939
weight: 1.49824e-05
eec: 233.623
weight: 3.21873e-05
eec: 177.158
weight: 6.7757e-06
eec: 201.384
Processing: 51.295 %weight: 5.19357e-05
eec: 1020.57
weight: 0.00023049
eec: 441.805
weight: 0.000189594
eec: 6.20681
weight: 6.82384e-06
eec: 273.703
weight: 1.31961e-05
eec: 163.877
weight: 1.27442e-05
eec: 159.837
weight: 0.000395224
eec: 50.2502
weight: 3.50571e-05
eec: 490.445
weight: 2.03198e-06
eec: 449.695
weight: 8.49748e-05
eec: 230.007
weight: 0.00086486
eec: 331.286
weight: 2.59404e-06
eec: 697.265
weight: 0.00025756
eec: 269.95
weight: 6.14218e-06
eec: 188.548
weight: 0.000491451
eec: 285.814
weight: 3.83223e-05
eec: 585.382
weight: 6.18812e-08
eec: 32.0605
weight: 6.29464e-06
eec: 189.536
weight: 1.56944e-05
eec: 2331.46
weight: 4.25261e-06
eec: 1202.54
weight: 2.78976e-05
eec: 1121.14
weight: 0.000150105
eec: 1051.57
weight: 5.80902e-05
eec: 343.323
weight: 0.000103558
eec: 16.1659
weight: 1.15256e-05
eec: 2520.38
weight: 1.02138e-05
eec: 3074.53
weight: 2.39869e-05
eec: 134.374
weight: 2.7036e-05
eec: 1535.45
weight: 5.84062e-06
eec: 1139.96
weight: 8.36706e-06
eec: 92.8975
weight: 6.87238e-05
eec: 189.557
weight: 6.06488e-05
eec: 201.054
weight: 0.000111519
eec: 1231.93
weight: 9.48151e-05
eec: 1871.49
weight: 3.93922e-05
eec: 88.3057
weight: 1.67978e-05
eec: 101.026
weight: 8.82254e-05
eec: 1609.63
weight: 0.000163671
eec: 160.945
weight: 0.000219709
eec: 247.239
weight: 1.63505e-05
eec: 576.228
weight: 4.05056e-06
eec: 1050.85
weight: 8.77039e-05
eec: 1673.2
weight: 0.000288465
eec: 127.23
weight: 9.15861e-06
eec: 2427.37
weight: 9.87758e-05
eec: 116.403
weight: 0.000411341
eec: 111.066
weight: 3.14158e-06
eec: 488.596
weight: 8.28604e-05
eec: 185.786
weight: 9.26636e-06
eec: 238.139
weight: 6.32178e-05
eec: 100.085
weight: 1.60478e-05
eec: 32.0917
weight: 0.000219967
eec: 207.77
weight: 2.39505e-06
eec: 79.4667
weight: 0.000133905
eec: 338.848
weight: 6.99815e-06
eec: 641.929
weight: 9.53706e-08
eec: 39.7691
weight: 0.000237054
eec: 954.991
weight: 7.90521e-06
eec: 388.527
weight: 7.04446e-06
eec: 491.996
weight: 3.29957e-05
eec: 485.029
weight: 1.17129e-07
eec: 1188.99
weight: 0.000681554
eec: 109.565
weight: 0.000150121
eec: 1285.84
weight: 1.04233e-05
eec: 275.207
weight: 1.33174e-05
eec: 2734.71
weight: 1.00434e-05
eec: 172.065
weight: 1.76782e-07
eec: 1701.08
weight: 9.02859e-06
eec: 1476.91
weight: 2.43085e-08
eec: 654.383
weight: 1.90172e-06
eec: 38.5311
weight: 0.000150427
eec: 550.377
weight: 4.28732e-05
eec: 673.47
weight: 1.55421e-05
eec: 676.663
weight: 0.000210975
eec: 145.85
weight: 3.12399e-05
eec: 401.288
weight: 5.87973e-05
eec: 37.9955
weight: 6.44688e-05
eec: 60.6355
weight: 0.000455683
eec: 379.675
weight: 4.88018e-05
eec: 298.171
weight: 6.25036e-06
eec: 1815.49
weight: 0.000204637
eec: 555.281
weight: 5.11227e-06
eec: 65.7596
weight: 7.51488e-06
eec: 1893.81
weight: 1.04039e-05
eec: 534.456
weight: 6.60664e-05
eec: 645.932
weight: 3.85351e-05
eec: 306.342
weight: 1.19343e-05
eec: 579.555
weight: 3.2433e-06
eec: 269.89
weight: 5.19396e-05
eec: 493.486
weight: 0.000155195
eec: 763.184
weight: 2.03913e-05
eec: 1690.64
weight: 1.92575e-05
eec: 2008.57
weight: 7.94262e-05
eec: 1109.57
weight: 0.000175695
eec: 404.068
weight: 0.000420073
eec: 242.882
weight: 4.42903e-05
eec: 492.71
weight: 1.0049e-05
eec: 120.197
weight: 6.18433e-06
eec: 119.03
weight: 0.000221514
eec: 122.482
weight: 3.85337e-07
eec: 144.671
weight: 2.74096e-06
eec: 2475.9
weight: 8.68447e-06
eec: 31.0201
weight: 1.19889e-05
eec: 2255.83
weight: 3.44603e-05
eec: 408.972
weight: 1.05437e-06
eec: 356.363
weight: 2.21564e-05
eec: 1018.89
weight: 0.000165589
eec: 36.2883
weight: 0.000187741
eec: 182.478
weight: 6.19105e-05
eec: 428.694
weight: 2.45454e-05
eec: 142.459
weight: 8.63011e-05
eec: 191.171
weight: 0.000101405
eec: 143.317
weight: 1.44053e-05
eec: 1224.21
weight: 5.86234e-05
eec: 139.991
weight: 4.77362e-05
eec: 21.5424
weight: 2.24949e-05
eec: 102.224
weight: 3.78007e-05
eec: 475.85
weight: 0.000170568
eec: 218.042
weight: 9.70569e-05
eec: 236.549
weight: 1.17968e-05
eec: 170.388
weight: 7.6743e-06
eec: 932.452
weight: 2.42382e-05
eec: 29.1294
weight: 1.29919e-05
eec: 1089.44
weight: 2.27873e-05
eec: 1157.25
weight: 1.79148e-05
eec: 1453.23
weight: 0.000161288
eec: 233.629
weight: 0.000130713
eec: 547.015
weight: 0.000269567
eec: 242.85
weight: 8.14155e-07
eec: 505.955
weight: 0.000109218
eec: 1467.33
weight: 2.46644e-05
eec: 1346.93
weight: 0.000175295
eec: 42.8238
weight: 3.86231e-05
eec: 795.427
weight: 8.39404e-05
eec: 175.433
weight: 9.81321e-05
eec: 156.448
weight: 1.40098e-05
eec: 1183.58
weight: 5.35032e-06
eec: 253.071
weight: 0.000346581
eec: 173.951
weight: 3.75328e-05
eec: 262.941
weight: 3.37508e-06
eec: 441.228
weight: 0.000254089
eec: 301.743
weight: 1.75272e-05
eec: 1855.78
weight: 1.40083e-05
eec: 2328.4
weight: 1.44371e-05
eec: 1441.11
weight: 2.86008e-06
eec: 765.355
weight: 0.000151965
eec: 826.048
weight: 3.01772e-07
eec: 609.979
weight: 6.36398e-05
eec: 94.4686
weight: 0.000110351
eec: 127.743
weight: 5.07534e-05
eec: 210.519
weight: 3.27041e-06
eec: 1863.58
weight: 2.09356e-05
eec: 779.684
weight: 6.58571e-08
eec: 339.288
weight: 1.61034e-08
eec: 54.7029
weight: 0.000309138
eec: 154.676
weight: 1.1845e-05
eec: 1348.95
weight: 2.6859e-05
eec: 528.255
weight: 2.13516e-05
eec: 554.779
weight: 6.97192e-06
eec: 64.2327
weight: 2.73449e-05
eec: 51.9642
weight: 9.76481e-05
eec: 1843.69
weight: 3.3623e-05
eec: 497.608
weight: 2.31365e-05
eec: 1035.99
weight: 8.49656e-05
eec: 88.2211
weight: 0.000888671
eec: 420.907
weight: 1.06921e-06
eec: 780.16
weight: 0.000148168
eec: 1087.15
weight: 4.01695e-05
eec: 295.388
weight: 4.15726e-06
eec: 1227.23
weight: 1.76732e-05
eec: 372.707
weight: 1.12442e-06
eec: 262.818
weight: 2.20765e-05
eec: 114.422
weight: 0.000231589
eec: 305.719
weight: 2.16218e-05
eec: 197.859
weight: 4.2747e-06
eec: 1146.88
weight: 0.000414728
eec: 934.472
weight: 1.69528e-05
eec: 43.7773
weight: 3.09357e-06
eec: 296.967
weight: 1.57093e-06
eec: 399.332
weight: 2.58513e-05
eec: 626.755

ROOT exit code = 0
