gSystem->Load("run_condor_job_Run3_C.so");
run_condor_job_Run3(784, 100, 2,
                    80, 200,
                    1, 1, 1, 7);
.q

ENTERED run_condor_job_Run3()
JOBID = 784
  global job = 784  Job 84/100  events [4782960, 4839900)  total=5694000
Processing events [4782960, 4839900) of 5694000
weight: 0.000100529
eec: 967.938
weight: 2.938e-05
eec: 435.197
weight: 0.00081229
eec: 302.622
weight: 0.000310126
eec: 483.71
weight: 1.92782e-05
eec: 297.37
weight: 0.00012021
eec: 256.41
weight: 2.01313e-05
eec: 364.668
weight: 3.42257e-05
eec: 798.919
weight: 1.91087e-06
eec: 658.44
weight: 9.87895e-06
eec: 151.328
weight: 0.000263055
eec: 80.5729
weight: 0.00010272
eec: 374.907
weight: 1.45578e-05
eec: 70.8961
weight: 0.000438662
eec: 154.784
weight: 8.43308e-06
eec: 820.254
weight: 4.21823e-05
eec: 31.5486
weight: 6.80007e-05
eec: 771.68
weight: 0.000276979
eec: 99.7242
weight: 2.80109e-05
eec: 2134.23
weight: 0.00122655
eec: 118.908
weight: 5.18955e-05
eec: 1041.28
weight: 5.13747e-05
eec: 325.748
weight: 9.17761e-07
eec: 648.649
weight: 0.000107981
eec: 304.358
weight: 1.90259e-05
eec: 815.402
weight: 1.36385e-06
eec: 889.721
weight: 1.1329e-05
eec: 44.611
weight: 0.000192486
eec: 338.678
weight: 8.69403e-06
eec: 353.306
weight: 9.30936e-05
eec: 235.412
weight: 1.79972e-05
eec: 1074.71
weight: 9.50387e-06
eec: 2673.01
weight: 2.09924e-06
eec: 550.485
weight: 3.93458e-06
eec: 169.597
weight: 0.000107862
eec: 153.894
weight: 0.000159517
eec: 1017.55
weight: 0.000143797
eec: 117.421
weight: 3.09524e-05
eec: 2379.54
weight: 0.000206637
eec: 552.363
weight: 4.55786e-07
eec: 260.116
weight: 5.7693e-06
eec: 3291.18
weight: 1.6715e-05
eec: 633.417
weight: 0.000388762
eec: 470.657
weight: 1.71579e-05
eec: 1569.72
weight: 3.54411e-05
eec: 47.66
weight: 2.09655e-05
eec: 330.858
weight: 0.000434089
eec: 473.162
weight: 0.00015498
eec: 31.3274
weight: 7.0251e-05
eec: 734.909
weight: 1.65675e-05
eec: 1300.16
weight: 0.000284252
eec: 699.695
weight: 2.24843e-05
eec: 472.941
weight: 1.10403e-05
eec: 1270.8
weight: 2.7104e-06
eec: 160.711
weight: 4.0935e-06
eec: 149.498
weight: 0.000177318
eec: 35.9807
weight: 6.81401e-05
eec: 131.619
weight: 4.77302e-05
eec: 84.7985
weight: 2.84633e-05
eec: 229.291
weight: 2.82403e-06
eec: 1603.11
weight: 8.05452e-05
eec: 308.648
weight: 7.86905e-05
eec: 942.392
weight: 0.000680679
eec: 449.246
weight: 3.82228e-06
eec: 297.034
weight: 4.13284e-05
eec: 390.067
weight: 1.13624e-05
eec: 250.084
Processing: 84.2993 %weight: 8.20597e-05
eec: 35.4003
weight: 1.00789e-05
eec: 1315
weight: 1.77522e-05
eec: 1372.28
weight: 0.000137008
eec: 110.556
weight: 1.18434e-06
eec: 1413.42
weight: 4.75618e-06
eec: 1823.1
weight: 0.000100741
eec: 22.4579
weight: 0.000178712
eec: 1109.82
weight: 2.08623e-05
eec: 1212.59
weight: 6.23968e-06
eec: 71.4825
weight: 1.98042e-05
eec: 707.175
weight: 1.27992e-05
eec: 27.995
weight: 4.55924e-05
eec: 233.284
weight: 0.000415461
eec: 125.326
weight: 7.91556e-06
eec: 222
weight: 9.8888e-05
eec: 482.793
weight: 5.54985e-07
eec: 635.433
weight: 8.11205e-06
eec: 2794.95
weight: 1.42742e-05
eec: 58.0766
weight: 1.51646e-05
eec: 724.804
weight: 5.61989e-06
eec: 151.988
weight: 0.000357444
eec: 282.84
weight: 0.000101834
eec: 799.23
weight: 1.08211e-06
eec: 167.769
weight: 4.09712e-07
eec: 1620.04
weight: 0.00055205
eec: 58.9831
weight: 6.89135e-05
eec: 185.067
weight: 6.1519e-05
eec: 11.0407
weight: 4.02169e-05
eec: 419.554
weight: 6.22484e-06
eec: 1158.16
weight: 0.000109539
eec: 1107.25
weight: 1.08877e-06
eec: 405.827
weight: 2.46545e-05
eec: 1023.61
weight: 3.0465e-06
eec: 1698.61
weight: 3.41314e-06
eec: 325.041
weight: 0.000193144
eec: 936.641
weight: 0.000148482
eec: 44.1808
weight: 2.48941e-05
eec: 1015.11
weight: 4.88411e-05
eec: 356.028
weight: 6.44316e-05
eec: 552.459
weight: 2.97117e-05
eec: 633.453
weight: 5.7771e-07
eec: 938.245
weight: 1.2925e-05
eec: 4453.52
weight: 1.40466e-05
eec: 2467.17
weight: 0.000302653
eec: 37.8131
weight: 5.0879e-08
eec: 1056.15
weight: 3.59302e-05
eec: 534.326
weight: 0.000625236
eec: 407.996
weight: 1.85406e-05
eec: 112.763
weight: 5.04443e-06
eec: 284.987
weight: 1.03648e-05
eec: 265.997
weight: 3.0116e-06
eec: 78.2932
weight: 4.89696e-05
eec: 90.781
weight: 3.58699e-05
eec: 293.979
weight: 2.51208e-05
eec: 579.665
weight: 3.65834e-05
eec: 351.123
weight: 7.43191e-06
eec: 285.755
weight: 2.52644e-06
eec: 429.951
weight: 1.22415e-05
eec: 333.196
weight: 1.69943e-05
eec: 69.6699
weight: 8.25481e-05
eec: 429.528
weight: 3.67864e-05
eec: 159.433
weight: 1.06799e-05
eec: 1415.14
weight: 0.000201316
eec: 343.094
weight: 9.28503e-06
eec: 631.082
weight: 3.35871e-05
eec: 1593.51
weight: 2.03547e-05
eec: 267.721
weight: 6.02634e-06
eec: 56.3428
weight: 1.26996e-05
eec: 386.893
weight: 6.62328e-06
eec: 92.016
weight: 0.000289351
eec: 219.849
weight: 3.02541e-06
eec: 33.3541
weight: 3.77752e-05
eec: 1766.83
weight: 0.000136942
eec: 624.331
weight: 9.28367e-05
eec: 280.207
weight: 9.23538e-05
eec: 593.441
weight: 4.00331e-05
eec: 165.919
weight: 9.8841e-06
eec: 2152.88
weight: 0.000139625
eec: 406.305
weight: 4.00354e-05
eec: 2275.08
weight: 0.000259332
eec: 159.584
weight: 0.000210147
eec: 1609.11
weight: 6.36801e-05
eec: 68.8221
weight: 4.49572e-05
eec: 803.874
weight: 4.70652e-05
eec: 436.411
weight: 0.000112908
eec: 826.94
weight: 5.73492e-07
eec: 92.1778
weight: 3.76891e-05
eec: 460.757
weight: 7.79505e-06
eec: 1380.48
weight: 0.000102367
eec: 156.604
weight: 2.97996e-05
eec: 1255.1
weight: 4.1095e-05
eec: 727.508
weight: 1.62659e-07
eec: 126.114
weight: 9.45671e-06
eec: 313.553
weight: 6.27252e-05
eec: 198.434
weight: 0.000133316
eec: 507.449
weight: 8.79782e-05
eec: 723.912
weight: 6.15007e-05
eec: 686.887
weight: 3.02346e-06
eec: 162.021
weight: 0.0012401
eec: 322.029
weight: 1.40784e-05
eec: 2229.35
weight: 1.49828e-07
eec: 188.849
weight: 4.68583e-06
eec: 690.346
weight: 6.06191e-07
eec: 33.9023
weight: 7.84523e-05
eec: 723.774
weight: 0.000176125
eec: 708.765
weight: 5.88426e-06
eec: 342.691
weight: 2.18008e-06
eec: 773.1
weight: 2.5314e-06
eec: 115.66
weight: 3.4685e-05
eec: 141.022
weight: 2.40376e-05
eec: 1635.53
weight: 2.35377e-05
eec: 70.1826
weight: 0.000253199
eec: 29.3846
weight: 0.000166858
eec: 185.136
weight: 2.17971e-05
eec: 310.859
weight: 9.70397e-06
eec: 414.417
weight: 0.000133331
eec: 500.445
weight: 6.7747e-06
eec: 1483.71
weight: 1.53279e-05
eec: 580.025
weight: 3.22841e-05
eec: 459.237
weight: 0.000107211
eec: 243.92
weight: 2.56986e-05
eec: 199.876
weight: 6.63331e-05
eec: 117.646
weight: 6.03833e-05
eec: 696.385
weight: 9.03429e-06
eec: 346.866
weight: 2.90572e-05
eec: 2873.97
weight: 9.93994e-05
eec: 88.6759
weight: 0.000150734
eec: 564.994
weight: 6.36455e-06
eec: 1401.63
weight: 3.71202e-06
eec: 951.138
weight: 2.0431e-05
eec: 1147.01
weight: 0.000183769
eec: 535.286
weight: 4.00762e-05
eec: 660.9
weight: 8.57398e-06
eec: 102.875
weight: 3.22017e-06
eec: 182.011
weight: 2.10898e-05
eec: 1359.71
weight: 0.000398837
eec: 97.6225
weight: 8.90799e-05
eec: 335.326
weight: 1.64797e-05
eec: 38.3141
weight: 1.71119e-05
eec: 350.463
weight: 1.16396e-05
eec: 476.848
weight: 0.000118199
eec: 521.819
weight: 1.3484e-05
eec: 501.775
weight: 0.00127303
eec: 227.394
weight: 0.000172683
eec: 249.37
weight: 3.92639e-06
eec: 1239.38
weight: 6.80988e-05
eec: 172.539
weight: 0.000462033
eec: 59.3724
weight: 5.0908e-05
eec: 371.355
weight: 0.000287203
eec: 77.0089

ROOT exit code = 0
