gSystem->Load("run_condor_job_Run3_C.so");
run_condor_job_Run3(763, 100, 2,
                    80, 200,
                    1, 1, 1, 7);
.q

ENTERED run_condor_job_Run3()
JOBID = 763
  global job = 763  Job 63/100  events [3587220, 3644160)  total=5694000
Processing events [3587220, 3644160) of 5694000
weight: 6.28403e-06
eec: 512.418
weight: 6.02463e-05
eec: 458.612
weight: 1.26332e-05
eec: 459.608
weight: 4.26793e-05
eec: 77.4371
weight: 3.02259e-05
eec: 541.792
weight: 4.82809e-06
eec: 938.788
weight: 1.38934e-05
eec: 92.6965
weight: 6.46276e-05
eec: 91.0728
weight: 8.10068e-06
eec: 306.178
weight: 5.60498e-06
eec: 176.66
weight: 4.79551e-05
eec: 469.754
weight: 1.79857e-05
eec: 149.39
weight: 3.12497e-06
eec: 340.348
weight: 0.000194156
eec: 153.328
weight: 1.33607e-05
eec: 417.729
weight: 4.79861e-05
eec: 129.99
weight: 1.37593e-05
eec: 114.869
weight: 3.56311e-05
eec: 272.657
weight: 3.82891e-05
eec: 109.034
weight: 6.10776e-05
eec: 581.821
weight: 0.00017321
eec: 376.948
weight: 0.000110408
eec: 231.467
weight: 5.72414e-06
eec: 445.407
weight: 1.54963e-05
eec: 2387.31
weight: 8.58356e-06
eec: 730.565
weight: 4.07882e-06
eec: 723.504
weight: 0.000155209
eec: 386.342
weight: 7.12062e-05
eec: 578.385
weight: 2.96928e-05
eec: 24.1199
weight: 2.08571e-05
eec: 308.569
weight: 1.20435e-05
eec: 305.186
weight: 2.74637e-05
eec: 967.214
weight: 1.69089e-05
eec: 161.885
weight: 6.64494e-06
eec: 131.91
weight: 0.000153435
eec: 176.428
weight: 8.24621e-05
eec: 315.033
weight: 1.73806e-06
eec: 167.728
weight: 1.1955e-05
eec: 2153.95
weight: 7.32134e-06
eec: 71.7209
weight: 4.37863e-06
eec: 1522.79
weight: 3.26983e-06
eec: 155.688
weight: 1.95172e-06
eec: 419.156
weight: 0.00016025
eec: 434.507
weight: 5.43454e-05
eec: 136.06
weight: 0.000180437
eec: 1567.69
weight: 5.59918e-06
eec: 326.738
weight: 0.000236364
eec: 590.115
weight: 9.4982e-06
eec: 122.027
weight: 1.55369e-06
eec: 42.4897
weight: 3.20693e-06
eec: 1640.32
weight: 7.25972e-06
eec: 808.714
weight: 1.29522e-05
eec: 1729.38
weight: 5.36463e-05
eec: 1435.21
weight: 6.50256e-06
eec: 1876.98
weight: 5.33309e-06
eec: 447.737
weight: 3.93737e-05
eec: 192.205
weight: 0.000169211
eec: 190.584
weight: 6.51332e-05
eec: 644.492
Processing: 63.2244 %weight: 1.79998e-05
eec: 958.435
weight: 4.85158e-05
eec: 458.525
weight: 1.1075e-06
eec: 732.795
weight: 1.63037e-05
eec: 384.313
weight: 1.16494e-05
eec: 257.503
weight: 2.89123e-05
eec: 1314.85
weight: 9.11995e-06
eec: 204.714
weight: 2.79586e-06
eec: 2156.24
weight: 5.92418e-05
eec: 679.189
weight: 1.01429e-05
eec: 373.616
weight: 2.88819e-06
eec: 433.636
weight: 5.98503e-05
eec: 70.3756
weight: 9.93181e-05
eec: 25.3773
weight: 8.22111e-06
eec: 569.957
weight: 6.66864e-06
eec: 87.7667
weight: 7.01496e-05
eec: 453.477
weight: 1.37321e-05
eec: 117.949
weight: 0.00147687
eec: 368.135
weight: 3.32574e-05
eec: 40.5703
weight: 0.000265641
eec: 79.1373
weight: 0.000292936
eec: 856.5
weight: 2.14399e-05
eec: 196.755
weight: 1.16392e-05
eec: 2121.38
weight: 2.2725e-05
eec: 1847.95
weight: 2.2725e-05
eec: 347.622
weight: 1.72771e-05
eec: 273.037
weight: 1.30506e-05
eec: 439.759
weight: 1.77806e-05
eec: 1281.54
weight: 3.17936e-06
eec: 391.675
weight: 0.000334214
eec: 92.2091
weight: 5.4142e-05
eec: 425.966
weight: 2.84864e-05
eec: 588.9
weight: 1.32819e-05
eec: 386.736
weight: 1.14431e-06
eec: 1236.94
weight: 5.98284e-05
eec: 291.327
weight: 3.28995e-05
eec: 648.634
weight: 5.77328e-06
eec: 17.0941
weight: 1.1706e-05
eec: 618.663
weight: 1.09698e-05
eec: 396.727
weight: 9.94181e-06
eec: 352.425
weight: 8.71954e-05
eec: 1063.38
weight: 1.40821e-06
eec: 582.574
weight: 5.83128e-05
eec: 745.613
weight: 4.2114e-05
eec: 1644.53
weight: 4.08036e-06
eec: 131.377
weight: 5.18685e-06
eec: 262.739
weight: 1.48508e-06
eec: 353.443
weight: 1.24427e-05
eec: 444.1
weight: 3.1107e-05
eec: 129.998
weight: 5.95085e-05
eec: 1685.29
weight: 5.35274e-06
eec: 1127.15
weight: 3.56585e-05
eec: 1006.22
weight: 2.88792e-07
eec: 2685.34
weight: 7.28388e-06
eec: 922.599
weight: 1.20253e-05
eec: 376.535
weight: 4.16803e-05
eec: 405.356
weight: 2.57955e-05
eec: 536.926
weight: 5.35757e-06
eec: 1216.27
weight: 4.42094e-05
eec: 568.147
weight: 2.77208e-05
eec: 1637.55
weight: 9.77135e-05
eec: 502.929
weight: 0.000471412
eec: 66.2584
weight: 4.11523e-05
eec: 270.877
weight: 2.23417e-07
eec: 59.0023
weight: 0.0004027
eec: 33.4792
weight: 2.86454e-07
eec: 218.429
weight: 7.35948e-06
eec: 767.62
weight: 1.34508e-07
eec: 779.343
weight: 5.64587e-05
eec: 133.236
weight: 4.99402e-09
eec: 938.3
weight: 0.000198698
eec: 99.3937
weight: 0.00016235
eec: 15.4564
weight: 1.78147e-05
eec: 453.354
weight: 3.14585e-05
eec: 1171.13
weight: 1.3865e-05
eec: 212.323
weight: 7.80229e-05
eec: 1254.63
weight: 5.36241e-06
eec: 549.285
weight: 2.37486e-05
eec: 468.171
weight: 4.18023e-05
eec: 1148.33
weight: 0.000353692
eec: 37.9914
weight: 8.88971e-05
eec: 250.461
weight: 2.62391e-06
eec: 874.483
weight: 1.08826e-06
eec: 1685.47
weight: 0.000888083
eec: 240.131
weight: 8.09838e-06
eec: 598.331
weight: 5.27302e-06
eec: 145.702
weight: 5.46613e-05
eec: 289.862
weight: 8.78337e-06
eec: 1252.31
weight: 8.54199e-05
eec: 191.953
weight: 3.87145e-05
eec: 739.925
weight: 4.39957e-05
eec: 118.834
weight: 0.000479376
eec: 12.3381
weight: 1.652e-06
eec: 3367.69
weight: 4.03062e-07
eec: 2038.48
weight: 4.63492e-05
eec: 703.704
weight: 5.47215e-05
eec: 546.107
weight: 0.000248384
eec: 596.493
weight: 1.07294e-05
eec: 545.154
weight: 6.43112e-06
eec: 2020.43
weight: 3.7464e-05
eec: 144.913
weight: 3.12925e-05
eec: 674.066
weight: 5.32674e-05
eec: 5541.02
weight: 7.65388e-07
eec: 87.1061
weight: 5.14855e-05
eec: 177.92
weight: 1.36522e-07
eec: 857.37
weight: 1.96911e-05
eec: 210.638
weight: 1.62496e-05
eec: 2089.84
weight: 2.25388e-05
eec: 96.7955
weight: 3.73149e-05
eec: 34.8964
weight: 5.07997e-06
eec: 1675.76
weight: 0.00018233
eec: 725.239
weight: 1.76504e-05
eec: 1644.7
weight: 1.648e-05
eec: 2814.02
weight: 9.23845e-06
eec: 177.963
weight: 1.98732e-05
eec: 763.53
weight: 3.05397e-05
eec: 417.374
weight: 0.000145255
eec: 90.9641
weight: 2.27979e-05
eec: 769.821
weight: 0.000443473
eec: 134.49
weight: 0.000101365
eec: 346.121
weight: 0.000236546
eec: 136.081
weight: 3.38791e-08
eec: 266.431
weight: 0.000165018
eec: 1186.67
weight: 3.66182e-06
eec: 435.459
weight: 1.06569e-05
eec: 431.908
weight: 1.78142e-06
eec: 336.032
weight: 2.3956e-05
eec: 227.346
weight: 0.000253286
eec: 179.165
weight: 8.73903e-05
eec: 360.707
weight: 0.000148297
eec: 83.007
weight: 0.000149069
eec: 1354.31
weight: 8.0739e-06
eec: 2781.86
weight: 6.89235e-05
eec: 54.4948
weight: 2.09984e-05
eec: 296.665
weight: 0.000188766
eec: 850.575
weight: 6.72214e-06
eec: 2959.47
weight: 5.80502e-06
eec: 3362.28
weight: 0.000117424
eec: 670.759
weight: 1.23415e-05
eec: 164.757
weight: 2.53866e-06
eec: 1266.97
weight: 2.00157e-05
eec: 1404.51
weight: 6.64843e-06
eec: 440.151
weight: 8.34656e-05
eec: 259.882
weight: 2.66926e-05
eec: 353.237
weight: 1.64222e-05
eec: 134.207
weight: 4.6223e-06
eec: 2899.76
weight: 0.000280732
eec: 122.663
weight: 0.00011527
eec: 32.647
weight: 4.75972e-05
eec: 1429.35
weight: 3.94302e-05
eec: 753.496
weight: 4.10378e-06
eec: 45.2079
weight: 7.1904e-05
eec: 291.544
weight: 2.51639e-06
eec: 683.496
weight: 7.47512e-05
eec: 1902.29
weight: 0.000161657
eec: 83.8506
weight: 1.33927e-06
eec: 192.65
weight: 4.44888e-05
eec: 111.947
weight: 3.4663e-06
eec: 1165.05
weight: 1.78079e-05
eec: 2862.94
weight: 0.000225047
eec: 994.342
weight: 4.85869e-07
eec: 109.803
weight: 0.000215233
eec: 301.854
weight: 0.00039888
eec: 281.98
weight: 7.80519e-06
eec: 113.448
weight: 0.000148327
eec: 194.517
weight: 8.11714e-05
eec: 358.477
weight: 0.000119433
eec: 877.351
weight: 0.000123527
eec: 596.919
weight: 0.00175651
eec: 59.4759
weight: 3.87183e-05
eec: 869.81
weight: 0.000136565
eec: 568.744
weight: 1.15039e-06
eec: 830.176
weight: 2.00149e-05
eec: 17.2789
weight: 4.91959e-05
eec: 148.842
weight: 6.46432e-06
eec: 205.467
weight: 4.12629e-05
eec: 202.733
weight: 0.00017276
eec: 18.9492
weight: 8.64113e-05
eec: 170.225
weight: 2.26926e-05
eec: 784.586
weight: 2.50174e-05
eec: 71.6308
weight: 0.000217475
eec: 3015.23
weight: 3.21822e-05
eec: 1358.62
weight: 1.52857e-05
eec: 625.908
weight: 4.61836e-06
eec: 62.7809
weight: 0.000328153
eec: 195.844

ROOT exit code = 0
