gSystem->Load("run_condor_job_Run3_C.so");
run_condor_job_Run3(182, 100, 2,
                    80, 200,
                    1, 1, 1, 1);
.q

ENTERED run_condor_job_Run3()
JOBID = 182
  global job = 182  Job 82/100  events [4806840, 4865460)  total=5862000
Processing events [4806840, 4865460) of 5862000
weight: 0.000442964
eec: 297.43
weight: 5.95221e-06
eec: 527.284
weight: 9.86478e-05
eec: 142.9
weight: 2.03544e-05
eec: 599.999
weight: 6.73031e-06
eec: 1145.97
weight: 3.6683e-07
eec: 1704.37
weight: 1.56293e-05
eec: 210.356
weight: 1.52741e-05
eec: 532.403
weight: 0.000165388
eec: 231.248
weight: 1.19588e-05
eec: 119.703
weight: 3.42104e-06
eec: 299.69
weight: 1.3974e-05
eec: 58.7796
weight: 3.43074e-06
eec: 1055.5
weight: 3.9419e-06
eec: 1994.91
weight: 3.81169e-06
eec: 72.1955
weight: 8.45552e-05
eec: 2818.5
weight: 3.43462e-05
eec: 705.939
weight: 0.000296166
eec: 125.757
weight: 2.28834e-05
eec: 445.416
weight: 0.000327232
eec: 45.0271
weight: 3.11639e-05
eec: 301.959
weight: 4.7205e-05
eec: 95.5695
weight: 2.06016e-05
eec: 2425.91
weight: 3.61267e-06
eec: 644.361
weight: 6.03497e-05
eec: 128.155
weight: 1.86303e-05
eec: 3258.96
weight: 4.64061e-06
eec: 287.466
weight: 2.69135e-05
eec: 965.118
weight: 8.41031e-05
eec: 66.7751
weight: 1.93371e-05
eec: 909.684
weight: 2.2044e-05
eec: 1010.1
weight: 2.50894e-05
eec: 1405.85
weight: 0.000133692
eec: 1671.09
weight: 5.08604e-05
eec: 593.693
weight: 2.8709e-05
eec: 1382.75
weight: 0.00010914
eec: 3533.67
weight: 1.13031e-05
eec: 356.962
weight: 2.61558e-05
eec: 2236.63
weight: 7.50249e-06
eec: 62.8436
weight: 9.97765e-06
eec: 1957.64
weight: 1.12583e-06
eec: 653.181
weight: 6.31225e-05
eec: 573.109
weight: 0.000145907
eec: 37.4396
weight: 7.74428e-06
eec: 1520.71
weight: 0.000638749
eec: 179.15
weight: 7.78823e-05
eec: 849.584
weight: 0.000263378
eec: 521.615
weight: 3.32213e-06
eec: 1581.59
weight: 0.00013348
eec: 376.476
weight: 1.15189e-06
eec: 197.024
weight: 1.60483e-06
eec: 903.824
weight: 1.58791e-05
eec: 939.693
weight: 0.000223917
eec: 177.577
weight: 1.38359e-05
eec: 436.526
weight: 1.29401e-05
eec: 41.5821
weight: 0.000649307
eec: 679.572
weight: 7.06032e-06
eec: 1066.38
weight: 5.5621e-05
eec: 270.501
weight: 0.000155957
eec: 450.005
weight: 3.0859e-06
eec: 526.079
weight: 0.000197578
eec: 353.717
weight: 9.31502e-05
eec: 322.072
weight: 7.20801e-05
eec: 484.589
weight: 2.0541e-08
eec: 385.167
weight: 0.00086473
eec: 780.422
weight: 0.00176725
eec: 279.614
weight: 7.52772e-05
eec: 835.097
weight: 1.72e-05
eec: 971.986
weight: 1.22025e-05
eec: 527.641
weight: 8.3351e-06
eec: 422.507
weight: 3.46251e-07
eec: 224.999
weight: 4.74903e-05
eec: 3062.88
weight: 0.000106254
eec: 505.661
weight: 3.91412e-06
eec: 1518.82
weight: 2.26045e-05
eec: 136.581
weight: 0.000305405
eec: 123.58
weight: 5.46884e-06
eec: 319.879
weight: 6.52898e-06
eec: 40.6073
weight: 5.4013e-05
eec: 1561.7
weight: 2.41884e-05
eec: 671.166
weight: 0.000430566
eec: 68.204
weight: 7.08301e-06
eec: 916.627
weight: 7.21244e-09
eec: 34.6095
weight: 1.18485e-05
eec: 20.7536
weight: 4.45017e-06
eec: 811.284
weight: 7.54266e-06
eec: 358.312
weight: 2.76354e-05
eec: 202.374
weight: 1.8117e-05
eec: 887.91
weight: 4.83452e-05
eec: 674.782
weight: 8.17588e-05
eec: 237.748
weight: 1.83e-06
eec: 590.87
weight: 7.43754e-05
eec: 436.124
weight: 1.26698e-05
eec: 240.924
weight: 2.07991e-08
eec: 1386.16
weight: 6.60971e-05
eec: 118.878
weight: 4.0428e-05
eec: 164.87
weight: 4.38438e-06
eec: 548.715
weight: 0.000400221
eec: 46.463
weight: 6.63468e-06
eec: 328.208
weight: 1.6856e-05
eec: 1425.41
weight: 3.34653e-05
eec: 1343.06
weight: 2.52324e-05
eec: 1027.62
weight: 5.32901e-06
eec: 799.188
weight: 2.78259e-05
eec: 404.043
weight: 1.80537e-07
eec: 808.609
weight: 5.23686e-07
eec: 286.233
weight: 4.61127e-07
eec: 2186.35
weight: 6.87567e-06
eec: 951.241
weight: 4.43961e-06
eec: 743.558
weight: 3.89461e-05
eec: 871.858
weight: 0.000126429
eec: 153.744
weight: 3.69311e-05
eec: 123.149
weight: 0.000312148
eec: 167.313
weight: 2.32114e-06
eec: 586.652
weight: 1.37053e-05
eec: 208.144
weight: 0.00097427
eec: 891.49
weight: 1.67264e-05
eec: 644.152
weight: 4.16568e-06
eec: 324.095
weight: 8.44237e-06
eec: 588.132
weight: 1.70691e-06
eec: 468.125
weight: 1.21804e-06
eec: 164.355
weight: 1.3959e-05
eec: 277.646
weight: 1.41851e-05
eec: 297.342
weight: 1.24699e-05
eec: 830.686
weight: 7.43089e-06
eec: 354.698
weight: 6.72025e-06
eec: 318.216
weight: 5.23569e-05
eec: 813.547
weight: 2.52717e-05
eec: 921.703
weight: 0.000154511
eec: 144.281
weight: 1.96938e-05
eec: 164.562
weight: 5.54618e-07
eec: 649.888
weight: 4.1005e-05
eec: 551.108
weight: 2.54922e-05
eec: 824.574
weight: 2.13295e-06
eec: 104.139
weight: 0.000497695
eec: 270.822
weight: 2.08604e-05
eec: 254.838
weight: 0.00013315
eec: 162.934
weight: 8.61961e-05
eec: 153.971
weight: 0.000107125
eec: 646.48
weight: 0.000271348
eec: 298.326
weight: 3.72256e-06
eec: 577.929
weight: 4.80871e-05
eec: 21.7406
weight: 7.58029e-06
eec: 907.631
weight: 0.000461992
eec: 643.405
weight: 1.54825e-05
eec: 619.01
weight: 3.89972e-06
eec: 1164.45
weight: 2.42371e-07
eec: 923.049
weight: 0.000983202
eec: 273.42
weight: 5.1477e-07
eec: 1318.86
weight: 9.82956e-07
eec: 350.335
weight: 9.31781e-05
eec: 370.721
weight: 2.00303e-05
eec: 325.536
weight: 6.58222e-06
eec: 163.546
weight: 1.21833e-05
eec: 184.963
weight: 2.85664e-05
eec: 94.7475
weight: 2.24587e-05
eec: 92.5325
weight: 9.76177e-06
eec: 600.317
weight: 3.14936e-06
eec: 180.643
weight: 4.16625e-05
eec: 1045.38
weight: 1.10708e-05
eec: 934.135
weight: 7.49999e-06
eec: 1123.53
weight: 1.37002e-05
eec: 44.2994
weight: 5.19417e-05
eec: 1813.28
weight: 1.68654e-05
eec: 1108.06
weight: 2.60555e-05
eec: 344.26
weight: 1.41594e-05
eec: 524.313
weight: 9.68518e-07
eec: 255.172
weight: 4.43316e-05
eec: 202.311
weight: 2.62996e-05
eec: 474.144
weight: 1.06166e-05
eec: 835.31
weight: 2.76425e-05
eec: 104.879
weight: 0.000217084
eec: 461.248
weight: 1.00797e-07
eec: 777.853
weight: 4.1372e-05
eec: 223.044
weight: 1.74073e-05
eec: 276.255
weight: 4.13794e-05
eec: 296.746
weight: 0.000149297
eec: 324.316
weight: 9.61917e-05
eec: 297.361
weight: 1.65068e-05
eec: 12.8226
weight: 5.50673e-06
eec: 676.149
weight: 1.30016e-05
eec: 784.445
weight: 6.66e-06
eec: 519.962
weight: 7.52458e-05
eec: 700.349
weight: 1.63588e-05
eec: 1316.18
weight: 9.58867e-05
eec: 342.443
weight: 3.24202e-06
eec: 753.166
weight: 1.03066e-06
eec: 688.22
Processing: 82.7363 %weight: 7.447e-06
eec: 333.427
weight: 2.88101e-05
eec: 897.344
weight: 2.49384e-05
eec: 60.2712
weight: 0.000190489
eec: 263.886
weight: 1.23243e-06
eec: 1325.2
weight: 1.23243e-06
eec: 346.395
weight: 1.40972e-05
eec: 814.114
weight: 0.000116768
eec: 825.743
weight: 9.32139e-06
eec: 288.072
weight: 7.73228e-06
eec: 181.15
weight: 4.05574e-05
eec: 1296.09
weight: 1.69655e-05
eec: 499.555
weight: 0.000269633
eec: 106.052
weight: 7.49266e-05
eec: 304.655
weight: 1.5964e-05
eec: 932.548
weight: 2.24051e-05
eec: 102.109
weight: 0.000371184
eec: 282.535
weight: 1.311e-07
eec: 761.048
weight: 0.000458472
eec: 56.4285
weight: 8.20264e-06
eec: 1475.98
weight: 0.000292702
eec: 533.034
weight: 1.34575e-05
eec: 553.57
weight: 0.000153145
eec: 312.713
weight: 4.61633e-06
eec: 1232.38
weight: 0.000496459
eec: 531.937
weight: 2.44799e-06
eec: 86.8616
weight: 0.000122719
eec: 127.535
weight: 4.97402e-07
eec: 1823.56
weight: 2.82712e-05
eec: 232.823
weight: 0.00023255
eec: 250.142
weight: 0.000141138
eec: 263.327
weight: 3.80101e-05
eec: 261.818
weight: 0.0006174
eec: 838.962
weight: 7.21651e-06
eec: 2497.72
weight: 2.06354e-05
eec: 61.0404
weight: 0.000472537
eec: 474.543
weight: 8.39127e-06
eec: 1041.89
weight: 9.98237e-06
eec: 160.804
weight: 8.83356e-05
eec: 134.169
weight: 1.60787e-05
eec: 1120.48
weight: 1.64817e-05
eec: 120.166
weight: 5.49162e-05
eec: 309.273
weight: 2.19801e-06
eec: 337.99
weight: 6.72672e-08
eec: 176.996
weight: 1.13676e-05
eec: 2125.73
weight: 9.18689e-06
eec: 160.433
weight: 0.00010891
eec: 609.811
weight: 1.61363e-05
eec: 2683.72
weight: 2.4817e-05
eec: 311.35
weight: 0.000473733
eec: 155.971
weight: 2.0876e-05
eec: 335.843
weight: 7.48714e-07
eec: 2052.9
weight: 7.79062e-06
eec: 262.489
weight: 5.56285e-05
eec: 467.465
weight: 1.55223e-06
eec: 2307.33
weight: 1.22235e-05
eec: 129.738
weight: 2.7287e-05
eec: 501.339
weight: 1.36924e-05
eec: 727.357
weight: 2.59979e-05
eec: 952.062
weight: 7.27862e-06
eec: 362.138
weight: 7.76484e-05
eec: 157.563
weight: 2.67543e-06
eec: 2601.95
weight: 3.66931e-05
eec: 351.195

ROOT exit code = 0
