gSystem->Load("run_condor_job_Run3_C.so");
run_condor_job_Run3(539, 100, 2,
                    80, 200,
                    1, 1, 1, 5);
.q

ENTERED run_condor_job_Run3()
JOBID = 539
  global job = 539  Job 39/100  events [2340000, 2400000)  total=6000000
Processing events [2340000, 2400000) of 6000000
weight: 3.51129e-05
eec: 157.249
weight: 6.4163e-06
eec: 327.583
weight: 9.77284e-06
eec: 279.263
weight: 7.07852e-05
eec: 542.569
weight: 0.00036946
eec: 41.7243
weight: 0.000133919
eec: 1590.9
weight: 2.90302e-07
eec: 140.29
weight: 2.70454e-05
eec: 1585.32
weight: 4.43965e-05
eec: 662.947
weight: 1.51645e-05
eec: 1261.15
weight: 1.51645e-05
eec: 489.43
weight: 3.76074e-05
eec: 233.473
weight: 3.34116e-05
eec: 3612.58
weight: 1.27895e-05
eec: 3237.67
weight: 4.28655e-05
eec: 456.739
weight: 2.26655e-05
eec: 75.176
weight: 6.06034e-05
eec: 961.667
weight: 3.46652e-05
eec: 195.552
weight: 0.000137838
eec: 421.875
weight: 3.33298e-05
eec: 129.17
weight: 0.000108104
eec: 318.898
weight: 9.66457e-05
eec: 247.277
weight: 8.87063e-06
eec: 1613.5
weight: 6.96354e-06
eec: 524.219
weight: 3.42182e-05
eec: 421.501
weight: 2.31758e-05
eec: 581.209
weight: 7.84091e-06
eec: 1046.04
weight: 3.92196e-05
eec: 303.234
weight: 2.687e-05
eec: 1205.42
weight: 2.25497e-05
eec: 796.06
weight: 2.53785e-05
eec: 59.2909
weight: 2.23514e-05
eec: 1034.7
weight: 0.000962924
eec: 559.743
weight: 2.02869e-05
eec: 708.126
weight: 7.55619e-06
eec: 379.549
weight: 3.6421e-07
eec: 531.581
weight: 3.112e-05
eec: 454.335
weight: 3.0014e-07
eec: 92.8058
weight: 1.09573e-06
eec: 481.323
Processing: 39.1667 %weight: 0.000157302
eec: 1332.23
weight: 0.000101321
eec: 258.922
weight: 5.13339e-05
eec: 95.447
weight: 6.04038e-06
eec: 1015.03
weight: 3.16042e-05
eec: 254.577
weight: 8.29084e-06
eec: 308.602
weight: 1.15737e-05
eec: 972.243
weight: 0.000325022
eec: 26.4871
weight: 1.21557e-05
eec: 187.875
weight: 8.96583e-07
eec: 288.975
weight: 4.74576e-05
eec: 139.176
weight: 0.000100461
eec: 429.095
weight: 0.000152095
eec: 46.093
weight: 7.49633e-05
eec: 1974.56
weight: 3.92298e-05
eec: 357.364
weight: 1.09541e-05
eec: 38.5634
weight: 2.67546e-05
eec: 958.204
weight: 8.02991e-08
eec: 2286.98
weight: 1.88824e-06
eec: 268.87
weight: 1.35412e-05
eec: 630.63
weight: 1.68588e-05
eec: 299.999
weight: 8.0098e-05
eec: 638.365
weight: 8.35168e-06
eec: 83.4443
weight: 2.18914e-05
eec: 2529.11
weight: 1.15941e-05
eec: 1827.43
weight: 8.14157e-06
eec: 1416.68
weight: 1.4403e-06
eec: 483.748
weight: 2.79488e-05
eec: 412.642
weight: 3.51075e-07
eec: 13.5845
weight: 9.40995e-06
eec: 444.179
weight: 4.18019e-06
eec: 18.835
weight: 2.13586e-05
eec: 493.438
weight: 7.87902e-06
eec: 988.121
weight: 3.35067e-06
eec: 44.6005
weight: 6.70018e-07
eec: 444.568
weight: 4.20621e-05
eec: 341.353
weight: 1.63872e-05
eec: 1995.16
weight: 1.08576e-05
eec: 148.898
weight: 1.09623e-05
eec: 1016.37
weight: 0.000581335
eec: 293.857
weight: 0.00104824
eec: 486.691
weight: 4.4956e-08
eec: 2092.76
weight: 0.000459291
eec: 531.204
weight: 1.82618e-05
eec: 184.928
weight: 2.34328e-05
eec: 1006.13
weight: 6.57014e-06
eec: 1134.34
weight: 6.28508e-05
eec: 1660.31
weight: 2.00928e-05
eec: 792.273
weight: 3.20735e-05
eec: 201.574
weight: 1.08915e-05
eec: 3815.79
weight: 7.70333e-05
eec: 361.553
weight: 5.69203e-05
eec: 561.413
weight: 7.40905e-05
eec: 603.374
weight: 7.52886e-05
eec: 165.997
weight: 7.72942e-05
eec: 677.585
weight: 0.000362127
eec: 543.76
weight: 0.000605836
eec: 1173.69
weight: 3.94857e-05
eec: 629.533
weight: 1.75077e-05
eec: 516.615
weight: 1.44052e-05
eec: 12.5729
weight: 3.21101e-05
eec: 508.795
weight: 2.74453e-05
eec: 157.696
weight: 5.27299e-06
eec: 581.417
weight: 7.48888e-06
eec: 207.253
weight: 1.454e-05
eec: 13.6848
weight: 4.8861e-06
eec: 675.206
weight: 1.89023e-05
eec: 1277.78
weight: 4.19608e-05
eec: 245.921
weight: 5.01481e-05
eec: 35.9408
weight: 0.000353824
eec: 1322.89
weight: 7.13204e-06
eec: 438.009
weight: 1.51457e-05
eec: 47.0125
weight: 1.38295e-05
eec: 827.775
weight: 6.0107e-05
eec: 279.214
weight: 6.03652e-06
eec: 459.085
weight: 9.2311e-06
eec: 254.89
weight: 2.15661e-05
eec: 249.456
weight: 2.16006e-05
eec: 901.791
weight: 8.95767e-06
eec: 105.521
weight: 0.00031696
eec: 593.091
weight: 5.93454e-06
eec: 800.415
weight: 2.53189e-05
eec: 71.5764
weight: 1.20742e-06
eec: 185.483
weight: 0.000220325
eec: 1393.88
weight: 8.28216e-05
eec: 100.617
weight: 9.96352e-05
eec: 137.084
weight: 0.000244644
eec: 363.595
weight: 1.6625e-05
eec: 641.743
weight: 2.89163e-06
eec: 797.917
weight: 0.000295762
eec: 923.886
weight: 6.64914e-06
eec: 53.7023
weight: 2.93028e-05
eec: 1360.56
weight: 2.99789e-05
eec: 81.1472
weight: 0.000813101
eec: 724.458
weight: 6.65813e-05
eec: 1247.28
weight: 3.63782e-07
eec: 121.711
weight: 9.69578e-06
eec: 641.246
weight: 0.000254657
eec: 495.057
weight: 7.06405e-05
eec: 548.067
weight: 2.02088e-05
eec: 38.8011
weight: 0.000106349
eec: 62.3919
weight: 7.34493e-05
eec: 1357.46
weight: 0.000100597
eec: 1561.89
weight: 1.198e-05
eec: 2760.37
weight: 2.25593e-05
eec: 398.48
weight: 1.17102e-05
eec: 72.7767
weight: 9.8381e-05
eec: 424.523
weight: 2.8186e-05
eec: 277.632
weight: 7.90003e-05
eec: 310.468
weight: 1.46329e-05
eec: 316.135
weight: 6.32167e-08
eec: 430.549
weight: 0.000110413
eec: 207.631
weight: 1.05654e-05
eec: 11.4433
weight: 2.47056e-05
eec: 109.716
weight: 6.59922e-06
eec: 650.349
weight: 0.000432566
eec: 1011.56
weight: 5.03836e-05
eec: 181.216
weight: 0.000351663
eec: 330.539
weight: 0.000179427
eec: 246.018
weight: 9.71544e-06
eec: 579.899
weight: 0.00081663
eec: 2.71881
weight: 1.5722e-06
eec: 454.692
weight: 5.71283e-05
eec: 908.079
weight: 2.40903e-06
eec: 282.752
weight: 8.94349e-07
eec: 215.861
weight: 0.000181725
eec: 159.808
weight: 3.33673e-05
eec: 139.108
weight: 2.45701e-05
eec: 962.488
weight: 1.77855e-05
eec: 349.368
weight: 7.33569e-05
eec: 656.16
weight: 7.00513e-05
eec: 1695.13
weight: 0.000113843
eec: 506.253
weight: 3.88452e-05
eec: 939.547
weight: 3.88452e-05
eec: 795.619
weight: 1.53825e-05
eec: 435.735
weight: 2.34333e-05
eec: 115.559
weight: 4.02344e-05
eec: 1250.96
weight: 1.84767e-06
eec: 207.078
weight: 2.83044e-05
eec: 368.746
weight: 3.07329e-07
eec: 1566.72
weight: 0.000111306
eec: 125.272
weight: 8.77612e-06
eec: 34.5414
weight: 2.475e-06
eec: 216.316
weight: 9.05145e-05
eec: 1073.87
weight: 1.46068e-05
eec: 1614.31
weight: 5.56714e-05
eec: 684.742
weight: 3.1479e-06
eec: 699.639
weight: 0.00184594
eec: 119.354
weight: 5.02194e-06
eec: 431.448
weight: 7.99184e-05
eec: 1087.18
weight: 3.86467e-06
eec: 1176.78
weight: 1.37052e-06
eec: 1361.21
weight: 5.63296e-05
eec: 391.358
weight: 0.000185368
eec: 453.015
weight: 1.06585e-05
eec: 2114.85
weight: 4.8035e-05
eec: 751.575
weight: 0.000104488
eec: 1602.95
weight: 0.00011698
eec: 359.531
weight: 4.19995e-06
eec: 63.2485
weight: 0.000383499
eec: 75.2783
weight: 2.31454e-06
eec: 137.182
weight: 7.43732e-05
eec: 586.973
weight: 4.53882e-05
eec: 343.16
weight: 2.56635e-06
eec: 400.828
weight: 2.53546e-05
eec: 1370.48
weight: 1.50577e-05
eec: 226.752
weight: 1.38386e-05
eec: 620.428
weight: 8.98794e-05
eec: 12.3252
weight: 4.48382e-07
eec: 1460.65
weight: 5.41426e-05
eec: 547.69
weight: 0.000320892
eec: 625.999
weight: 7.28273e-06
eec: 2008.61
weight: 1.5886e-05
eec: 139.839
weight: 3.0167e-05
eec: 165.994
weight: 0.00018925
eec: 568.435
weight: 0.000144262
eec: 971.369
weight: 0.000121767
eec: 518.722
weight: 2.74661e-05
eec: 280.689
weight: 2.37689e-05
eec: 1408.57
weight: 2.94172e-06
eec: 12.6914
weight: 6.30242e-05
eec: 819.591
weight: 2.37588e-05
eec: 2048.5
weight: 8.86588e-06
eec: 725.382
weight: 4.80821e-05
eec: 91.7436
weight: 0.000120757
eec: 2024.89
weight: 8.55116e-05
eec: 416.214
weight: 0.000442782
eec: 348.625
weight: 2.01413e-05
eec: 28.6018
weight: 0.000245829
eec: 26.7217
weight: 2.95963e-05
eec: 173.389
weight: 1.35428e-05
eec: 2269.32
weight: 0.000600807
eec: 247.861
weight: 8.25633e-06
eec: 32.8267
weight: 1.8707e-07
eec: 365.974
weight: 6.88362e-06
eec: 81.8412
weight: 6.95716e-06
eec: 338.643
weight: 9.90229e-05
eec: 158.833
weight: 0.0001187
eec: 490.87
weight: 0.00013056
eec: 159.221
weight: 3.01737e-06
eec: 1102.92
weight: 6.09274e-06
eec: 2403.38
weight: 9.60886e-05
eec: 460.059
weight: 1.8246e-06
eec: 437.837
weight: 0.000239053
eec: 614.528
weight: 7.75079e-05
eec: 295.745
weight: 6.25357e-05
eec: 515.876

ROOT exit code = 0
