gSystem->Load("run_condor_job_Run3_C.so");
run_condor_job_Run3(279, 100, 2,
                    80, 200,
                    1, 1, 1, 2);
.q

ENTERED run_condor_job_Run3()
JOBID = 279
  global job = 279  Job 79/100  events [4740000, 4800000)  total=6000000
Processing events [4740000, 4800000) of 6000000
weight: 1.16945e-06
eec: 246.62
weight: 1.37263e-06
eec: 31.5061
weight: 1.07338e-05
eec: 1757.95
weight: 0.000237882
eec: 61.8371
weight: 4.10512e-06
eec: 3084.3
weight: 5.4141e-06
eec: 118.06
weight: 5.97422e-05
eec: 650.562
weight: 6.34076e-06
eec: 3111.05
weight: 7.61105e-05
eec: 350.877
weight: 3.95077e-05
eec: 395.96
weight: 9.67462e-06
eec: 864.679
weight: 0.000104128
eec: 765.283
weight: 2.30409e-05
eec: 76.9591
weight: 9.57197e-05
eec: 231.468
weight: 3.65476e-05
eec: 69.4531
weight: 2.34792e-05
eec: 287.607
weight: 0.000139174
eec: 174.706
weight: 1.65587e-06
eec: 59.2178
weight: 5.73396e-05
eec: 17.0959
weight: 3.43378e-05
eec: 917.564
weight: 5.16623e-05
eec: 60.1442
weight: 6.14981e-06
eec: 400.417
weight: 9.12979e-06
eec: 1403.06
weight: 3.22618e-05
eec: 368.02
weight: 4.43268e-05
eec: 249.731
weight: 7.42744e-05
eec: 338.949
weight: 0.000207349
eec: 50.7489
weight: 6.37362e-05
eec: 792.171
weight: 7.55027e-05
eec: 700.18
weight: 1.44474e-06
eec: 179.349
weight: 0.00014753
eec: 411.848
weight: 1.21619e-05
eec: 3926.88
weight: 1.53482e-05
eec: 53.7498
weight: 0.000242168
eec: 867.829
weight: 2.37647e-05
eec: 308.826
weight: 1.93546e-06
eec: 316.137
Processing: 79.1667 %weight: 1.16844e-05
eec: 361.185
weight: 1.66244e-05
eec: 1735.79
weight: 1.02117e-05
eec: 188.922
weight: 3.90619e-05
eec: 195.863
weight: 6.63711e-06
eec: 146.29
weight: 2.31121e-06
eec: 111.67
weight: 0.000450719
eec: 73.9317
weight: 2.2387e-05
eec: 842.775
weight: 1.04559e-05
eec: 540.787
weight: 4.5955e-05
eec: 186.113
weight: 8.78739e-06
eec: 800.419
weight: 1.95841e-05
eec: 659.528
weight: 2.1933e-05
eec: 201.719
weight: 0.000130743
eec: 267.724
weight: 0.000148973
eec: 276.145
weight: 1.80808e-05
eec: 119.324
weight: 0.000482335
eec: 68.7896
weight: 1.66267e-05
eec: 312.389
weight: 4.25709e-05
eec: 686.456
weight: 3.21544e-05
eec: 448.468
weight: 0.000127856
eec: 344.993
weight: 6.7673e-05
eec: 53.5198
weight: 0.000169724
eec: 211.223
weight: 0.000152987
eec: 162.883
weight: 1.71175e-05
eec: 512.24
weight: 7.85062e-05
eec: 270.108
weight: 0.000166514
eec: 377.014
weight: 2.09932e-06
eec: 685.223
weight: 1.63062e-06
eec: 548.969
weight: 2.43651e-05
eec: 739.434
weight: 0.000309495
eec: 59.7489
weight: 8.83653e-05
eec: 192.396
weight: 4.09463e-05
eec: 1183.54
weight: 0.000194845
eec: 518.6
weight: 3.94138e-06
eec: 901.865
weight: 0.000117823
eec: 463.03
weight: 0.000114238
eec: 320.339
weight: 6.56574e-05
eec: 1408.59
weight: 5.92831e-05
eec: 592.017
weight: 2.22591e-05
eec: 140.57
weight: 7.64611e-05
eec: 200.736
weight: 4.40264e-05
eec: 55.7695
weight: 3.35702e-05
eec: 165.366
weight: 1.40722e-08
eec: 2200.4
weight: 0.000330496
eec: 919.687
weight: 8.34613e-06
eec: 1195.96
weight: 1.16181e-05
eec: 705.685
weight: 8.09622e-05
eec: 1335.68
weight: 1.46964e-06
eec: 14.7406
weight: 1.82263e-05
eec: 360.268
weight: 1.96863e-05
eec: 335.404
weight: 0.000220911
eec: 729.62
weight: 2.31181e-05
eec: 163.882
weight: 2.12414e-06
eec: 1319.44
weight: 0.00020368
eec: 83.4315
weight: 0.00020368
eec: 173.257
weight: 1.02479e-06
eec: 1240.51
weight: 8.1877e-06
eec: 238.865
weight: 4.20531e-06
eec: 574.768
weight: 0.000121317
eec: 122.168
weight: 3.82886e-05
eec: 328.416
weight: 8.31613e-05
eec: 121.992
weight: 8.31613e-05
eec: 306.764
weight: 9.39473e-06
eec: 160.259
weight: 2.32048e-06
eec: 28.8171
weight: 1.00131e-05
eec: 1449.59
weight: 0.000236788
eec: 106.681
weight: 0.000207425
eec: 58.6726
weight: 1.61252e-05
eec: 54.1417
weight: 0.000157661
eec: 82.5821
weight: 3.6284e-05
eec: 77.5288
weight: 4.5061e-05
eec: 346.123
weight: 0.000341604
eec: 173.725
weight: 1.97058e-07
eec: 98.4691
weight: 8.65323e-07
eec: 757.552
weight: 6.94742e-05
eec: 186.727
weight: 1.45298e-06
eec: 649.296
weight: 8.69465e-07
eec: 208.832
weight: 3.94835e-05
eec: 697.395
weight: 0.000160662
eec: 282.991
weight: 1.79095e-05
eec: 343.545
weight: 2.06336e-05
eec: 2983.3
weight: 1.0821e-06
eec: 80.9206
weight: 1.34958e-05
eec: 783.166
weight: 1.57508e-06
eec: 286.767
weight: 0.000318676
eec: 45.4061
weight: 0.000121861
eec: 1167.34
weight: 3.02928e-05
eec: 12.2083
weight: 5.1856e-05
eec: 351.247
weight: 8.96833e-06
eec: 785.258
weight: 1.69092e-05
eec: 789.823
weight: 1.74791e-05
eec: 1041.76
weight: 2.96195e-06
eec: 417.698
weight: 5.44e-05
eec: 441.765
weight: 3.71045e-05
eec: 673.924
weight: 7.24744e-05
eec: 675.212
weight: 1.17826e-05
eec: 24.6348
weight: 1.34382e-05
eec: 733.24
weight: 3.48565e-06
eec: 1089.5
weight: 0.000838673
eec: 376.663
weight: 5.36418e-05
eec: 99.9427
weight: 6.51036e-05
eec: 680.268
weight: 0.000116378
eec: 126.871
weight: 6.49443e-06
eec: 266.498
weight: 5.2337e-06
eec: 243.546
weight: 9.75354e-05
eec: 1621.14
weight: 5.64791e-05
eec: 319.25
weight: 5.04068e-05
eec: 272.873
weight: 5.41579e-06
eec: 2551.64
weight: 2.65815e-06
eec: 2059.22
weight: 1.55482e-05
eec: 1542.43
weight: 4.4799e-06
eec: 199.601
weight: 0.000806493
eec: 785.833
weight: 0.00019992
eec: 99.4318
weight: 4.46345e-05
eec: 321.874
weight: 2.17171e-07
eec: 538.921
weight: 3.40554e-06
eec: 136.395
weight: 8.16429e-05
eec: 3143.34
weight: 1.36838e-05
eec: 1584.68
weight: 8.87993e-06
eec: 194.581
weight: 1.03026e-05
eec: 121.534
weight: 4.09029e-06
eec: 591.078
weight: 9.83133e-05
eec: 336.024
weight: 7.0832e-06
eec: 94.1367
weight: 0.000103518
eec: 32.8931
weight: 3.62472e-05
eec: 318.302
weight: 5.71456e-05
eec: 677.424
weight: 1.85897e-05
eec: 1204.13
weight: 5.78232e-05
eec: 164.37
weight: 0.000263894
eec: 217.604
weight: 2.26868e-05
eec: 1045.58
weight: 0.000483398
eec: 1200.35
weight: 1.33882e-08
eec: 492.471
weight: 0.000189521
eec: 503.483
weight: 1.15859e-06
eec: 421.871
weight: 8.57911e-06
eec: 166.955
weight: 4.16713e-06
eec: 1674.02
weight: 0.000131579
eec: 784.328
weight: 4.75027e-05
eec: 1033.06
weight: 9.21571e-05
eec: 446.776
weight: 0.000103436
eec: 41.1518
weight: 1.23896e-05
eec: 82.0909
weight: 0.000121654
eec: 279
weight: 3.9966e-06
eec: 1689.16
weight: 1.69036e-05
eec: 350.918
weight: 2.20127e-05
eec: 247.977
weight: 1.78101e-05
eec: 431.564
weight: 3.69673e-05
eec: 717.142
weight: 0.000136251
eec: 129.945
weight: 9.31267e-05
eec: 1281.34
weight: 1.6661e-05
eec: 671.245
weight: 7.58434e-06
eec: 3490.15
weight: 1.35475e-05
eec: 439.736
weight: 2.78074e-06
eec: 725.154
weight: 2.78074e-06
eec: 1271.2
weight: 0.000316182
eec: 230.687
weight: 3.12113e-06
eec: 877.684
weight: 5.18971e-06
eec: 457.97
weight: 0.000110131
eec: 833.508
weight: 9.38478e-05
eec: 363.321
weight: 0.000160413
eec: 29.1699
weight: 6.91112e-05
eec: 520.478
weight: 1.48522e-05
eec: 59.8328
weight: 1.50993e-05
eec: 570.168
weight: 0.000225238
eec: 474.981
weight: 1.4115e-07
eec: 870.82
weight: 1.71783e-05
eec: 948.591
weight: 1.384e-05
eec: 455.037
weight: 4.56296e-06
eec: 470.532
weight: 2.17613e-08
eec: 666.618
weight: 1.88295e-07
eec: 607.131
weight: 5.10173e-06
eec: 716.127
weight: 2.48648e-05
eec: 188.745
weight: 4.81285e-05
eec: 328.943
weight: 1.692e-05
eec: 4202.66
weight: 5.42494e-06
eec: 644.7
weight: 4.01371e-06
eec: 605.509
weight: 7.22352e-07
eec: 214.951
weight: 2.74018e-05
eec: 88.6651
weight: 3.44405e-05
eec: 123.2
weight: 3.45943e-05
eec: 1562.99
weight: 7.89026e-06
eec: 48.2362
weight: 9.4809e-05
eec: 208.341
weight: 4.40878e-05
eec: 49.5073
weight: 1.5982e-05
eec: 1263.93
weight: 1.74248e-05
eec: 18.8578
weight: 2.14407e-05
eec: 98.0817
weight: 1.77805e-05
eec: 243.228
weight: 6.01302e-07
eec: 856.835
weight: 4.96642e-07
eec: 857.038
weight: 1.34038e-05
eec: 470.366
weight: 7.62918e-05
eec: 719.015
weight: 2.75831e-05
eec: 366.825
weight: 0.000378324
eec: 764.615
weight: 2.2256e-05
eec: 315.247
weight: 4.94669e-05
eec: 1255.16
weight: 0.000143108
eec: 381.789
weight: 2.72252e-05
eec: 1748.82
weight: 1.12273e-05
eec: 71.5762
weight: 0.000144484
eec: 637.167
weight: 2.16518e-05
eec: 669.14
weight: 0.000305007
eec: 678.18
weight: 2.46006e-05
eec: 627.728
weight: 6.8885e-06
eec: 18.3134
weight: 6.83174e-05
eec: 61.5146
weight: 0.000127702
eec: 282.913
weight: 1.91821e-05
eec: 328.114
weight: 6.8799e-06
eec: 1667.96
weight: 0.000412541
eec: 388.29
weight: 0.000158211
eec: 492.572
weight: 5.71849e-05
eec: 1258.6
weight: 1.39135e-05
eec: 143.43
weight: 0.00108179
eec: 184.709
weight: 0.000106745
eec: 254.957
weight: 1.9519e-05
eec: 79.3909
weight: 4.35985e-06
eec: 61.3317
weight: 1.45669e-07
eec: 1455.3
weight: 3.24369e-07
eec: 600.917
weight: 2.45315e-05
eec: 226.942

ROOT exit code = 0
