gSystem->Load("run_condor_job_Run3_C.so");
run_condor_job_Run3(310, 100, 2,
                    80, 200,
                    1, 1, 1, 3);
.q

ENTERED run_condor_job_Run3()
JOBID = 310
  global job = 310  Job 10/100  events [600000, 660000)  total=6000000
Processing events [600000, 660000) of 6000000
Processing: 10 %weight: 3.80246e-05
eec: 1682.52
weight: 8.57933e-06
eec: 38.5309
weight: 0.000101897
eec: 735.664
weight: 5.45683e-06
eec: 59.8939
weight: 2.67262e-05
eec: 1020.31
weight: 1.91593e-05
eec: 75.0111
weight: 6.37419e-05
eec: 162.26
weight: 3.05181e-05
eec: 89.1898
weight: 4.09817e-05
eec: 88.3853
weight: 0.000206599
eec: 329.662
weight: 5.14718e-06
eec: 2119.96
weight: 2.06398e-05
eec: 180.579
weight: 5.44987e-06
eec: 1138.94
weight: 0.000218879
eec: 256.182
weight: 1.80451e-05
eec: 41.1885
weight: 2.02054e-06
eec: 353.121
weight: 9.49651e-06
eec: 553.823
weight: 2.87036e-05
eec: 424.335
weight: 6.39911e-06
eec: 168.07
weight: 4.19761e-06
eec: 1751.75
weight: 1.57438e-05
eec: 533.424
weight: 4.49358e-05
eec: 740.069
weight: 1.42709e-06
eec: 222.084
weight: 2.32659e-06
eec: 583.668
weight: 7.84569e-06
eec: 97.6116
weight: 2.04923e-05
eec: 2599.04
weight: 1.47397e-05
eec: 271.086
weight: 1.12543e-05
eec: 1632.27
weight: 5.44885e-08
eec: 1167.76
weight: 2.68441e-06
eec: 213.48
weight: 0.000490769
eec: 34.0129
weight: 5.86585e-05
eec: 231.976
weight: 4.11818e-07
eec: 1957.6
weight: 0.000209063
eec: 739.438
weight: 3.39372e-07
eec: 286.957
weight: 8.30774e-06
eec: 284.331
weight: 0.000303642
eec: 209.357
weight: 2.67919e-05
eec: 1032.43
weight: 1.81967e-06
eec: 978.742
weight: 0.000342814
eec: 523.159
weight: 6.41819e-05
eec: 189.526
weight: 0.000296609
eec: 101.951
weight: 0.000572415
eec: 821.373
weight: 0.000670815
eec: 60.2852
weight: 0.000223148
eec: 318.458
weight: 0.000101102
eec: 457.053
weight: 5.63919e-05
eec: 191.323
weight: 1.03838e-06
eec: 73.9138
weight: 9.03973e-06
eec: 247.024
weight: 0.000118584
eec: 347.924
weight: 7.40339e-05
eec: 587.747
weight: 2.24641e-06
eec: 693.21
weight: 9.92276e-08
eec: 337.053
weight: 1.84317e-06
eec: 241.267
weight: 2.17191e-06
eec: 515.75
weight: 0.000225252
eec: 68.2199
weight: 5.83691e-05
eec: 1248.43
weight: 0.000186619
eec: 720.76
weight: 8.53199e-06
eec: 1334.13
weight: 1.55366e-05
eec: 16.0173
weight: 2.95091e-05
eec: 22.7114
weight: 1.92716e-05
eec: 996.735
weight: 9.16933e-05
eec: 593.666
weight: 1.4108e-05
eec: 1441.86
weight: 8.91678e-06
eec: 611.927
weight: 1.44334e-05
eec: 227.842
weight: 0.000385913
eec: 1100.69
weight: 3.08332e-05
eec: 1731.42
weight: 5.47702e-05
eec: 162.513
weight: 0.000284829
eec: 131.45
weight: 4.30025e-06
eec: 124.406
weight: 8.51548e-05
eec: 113.93
weight: 1.0314e-05
eec: 451.104
weight: 2.36487e-05
eec: 1326.84
weight: 1.86585e-05
eec: 132.958
weight: 5.39808e-08
eec: 828.514
weight: 2.48206e-05
eec: 1306
weight: 6.32335e-06
eec: 2628.59
weight: 0.000198367
eec: 211.162
weight: 4.57997e-06
eec: 319.457
weight: 1.4369e-05
eec: 289.973
weight: 0.00013613
eec: 846.357
weight: 3.36731e-05
eec: 170.54
weight: 0.000218554
eec: 89.9548
weight: 0.000661875
eec: 127.214
weight: 2.61594e-06
eec: 874.275
weight: 1.5377e-06
eec: 857.416
weight: 7.24114e-05
eec: 448.122
weight: 2.87356e-06
eec: 3256.26
weight: 0.00042916
eec: 27.6762
weight: 1.83793e-05
eec: 31.7317
weight: 3.57862e-05
eec: 570.388
weight: 5.15114e-05
eec: 779.229
weight: 0.00112021
eec: 694.369
weight: 6.83937e-05
eec: 67.7226
weight: 5.26798e-07
eec: 1079.81
weight: 1.59198e-05
eec: 31.3226
weight: 1.41919e-05
eec: 891.119
weight: 0.000620147
eec: 352.032
weight: 0.000364516
eec: 1361.52
weight: 7.42203e-05
eec: 1273.65
weight: 2.10002e-05
eec: 289.814
weight: 1.83696e-07
eec: 115.937
weight: 0.000229767
eec: 967.863
weight: 3.96634e-05
eec: 161.414
weight: 7.16036e-05
eec: 325.56
weight: 6.554e-05
eec: 2381.86
weight: 8.64342e-05
eec: 1326.08
weight: 9.52168e-07
eec: 1542.68
weight: 1.6948e-08
eec: 425.307
weight: 1.65442e-05
eec: 494.439
weight: 0.000632984
eec: 69.654
weight: 3.12487e-05
eec: 999.909
weight: 2.06026e-05
eec: 170.703
weight: 7.10396e-06
eec: 94.367
weight: 4.27783e-06
eec: 227.066
weight: 2.86241e-05
eec: 1066.59
weight: 0.00274102
eec: 855.466
weight: 2.05418e-05
eec: 493.007
weight: 4.45568e-05
eec: 239.81
weight: 3.24971e-05
eec: 768.633
weight: 3.51547e-05
eec: 412.508
weight: 3.77784e-05
eec: 47.9395
weight: 0.000151943
eec: 368.272
weight: 1.62296e-05
eec: 133.944
weight: 9.87247e-07
eec: 429.76
weight: 0.000129092
eec: 688.314
weight: 0.000129092
eec: 100.625
weight: 2.67863e-05
eec: 570.858
weight: 0.000106074
eec: 1855.87
weight: 0.000245754
eec: 13.4992
weight: 0.000127882
eec: 1300.17
weight: 1.11267e-07
eec: 335.513
weight: 0.000108364
eec: 60.4807
weight: 0.000187586
eec: 41.3502
weight: 6.80968e-06
eec: 143.44
weight: 2.0049e-05
eec: 90.0751
weight: 0.000274372
eec: 294.1
weight: 0.000111761
eec: 119.093
weight: 0.000129152
eec: 767.371
weight: 2.76771e-05
eec: 126.161
weight: 3.94654e-06
eec: 265.313
weight: 9.02141e-06
eec: 28.0471
weight: 2.006e-05
eec: 729.554
weight: 8.22428e-05
eec: 389.052
weight: 2.18066e-05
eec: 284.8
weight: 8.13786e-07
eec: 393.598
weight: 0.000377243
eec: 558.127
weight: 1.23778e-05
eec: 901.601
weight: 2.70969e-05
eec: 875.198
weight: 8.38174e-06
eec: 523.595
weight: 4.03823e-05
eec: 1228.68
weight: 1.33489e-05
eec: 230.407
weight: 0.000256004
eec: 422.748
weight: 1.68404e-05
eec: 254.274
weight: 1.34525e-05
eec: 73.7593
weight: 1.65149e-05
eec: 492.781
weight: 3.49705e-05
eec: 8.7973
weight: 0.00103671
eec: 436.974
weight: 1.32395e-05
eec: 257.057
weight: 2.25602e-05
eec: 194.492
weight: 1.94953e-05
eec: 282.811
weight: 1.4737e-06
eec: 128.037
weight: 8.07757e-05
eec: 238.814
weight: 2.60452e-06
eec: 286.771
weight: 1.00498e-05
eec: 153.918
weight: 8.06226e-05
eec: 894.974
weight: 3.33277e-05
eec: 155.071
weight: 0.00038404
eec: 1015.37
weight: 2.96455e-06
eec: 61.3688
weight: 5.87427e-06
eec: 551.614
weight: 1.45792e-05
eec: 2375.09
weight: 2.31437e-05
eec: 153.154
weight: 3.02931e-05
eec: 549.28
weight: 2.45051e-05
eec: 356.459
weight: 1.25985e-06
eec: 1243.2
weight: 4.33132e-05
eec: 425.352
weight: 4.35915e-05
eec: 118.223
weight: 7.99784e-06
eec: 2579.56
weight: 1.575e-06
eec: 1257.4
weight: 0.000149556
eec: 826.713
weight: 4.00395e-06
eec: 1868.44
weight: 9.12838e-05
eec: 58.5463
weight: 7.20378e-06
eec: 912.443
weight: 1.69305e-05
eec: 2724.9
weight: 4.9509e-05
eec: 1137.88
weight: 1.71983e-06
eec: 42.8305
weight: 3.04922e-05
eec: 617.71
weight: 3.44423e-05
eec: 108.499
weight: 1.7495e-05
eec: 302.023
weight: 2.08758e-05
eec: 280.015
weight: 0.000108319
eec: 1061.73
weight: 0.000223782
eec: 170.826
weight: 5.49817e-06
eec: 1004.53
weight: 2.62068e-05
eec: 99.156
Processing: 10.8333 %weight: 5.94396e-05
eec: 843.412
weight: 2.1391e-06
eec: 1727.16
weight: 0.000234134
eec: 710.657
weight: 2.78122e-06
eec: 302.206
weight: 8.94625e-05
eec: 140.466
weight: 0.000208173
eec: 885.633
weight: 5.55559e-05
eec: 1065.95
weight: 6.17261e-05
eec: 122.18
weight: 3.70922e-05
eec: 163.363
weight: 1.98496e-05
eec: 80.2807
weight: 0.000120029
eec: 329.863
weight: 0.000109086
eec: 685.918
weight: 3.93412e-06
eec: 112.881
weight: 9.25016e-05
eec: 301.895
weight: 4.05259e-05
eec: 1087.38
weight: 5.34734e-08
eec: 458.711
weight: 7.64333e-06
eec: 2973.56
weight: 9.26343e-06
eec: 473.74
weight: 3.0695e-05
eec: 1094.34
weight: 1.48032e-05
eec: 47.9735
weight: 7.59157e-05
eec: 116.499
weight: 0.000340681
eec: 206.582
weight: 2.25871e-06
eec: 687.095
weight: 3.27787e-05
eec: 1221.69
weight: 0.000414153
eec: 514.283
weight: 3.43788e-05
eec: 249.471
weight: 0.000143899
eec: 430.731
weight: 9.88056e-08
eec: 1894.15
weight: 0.000287898
eec: 19.9776
weight: 4.80067e-05
eec: 694.64
weight: 7.97746e-05
eec: 647.548
weight: 2.93787e-06
eec: 161.273

ROOT exit code = 0
