gSystem->Load("run_condor_job_Run3_C.so");
run_condor_job_Run3(629, 100, 2,
                    80, 200,
                    1, 1, 1, 6);
.q

ENTERED run_condor_job_Run3()
JOBID = 629
  global job = 629  Job 29/100  events [1710420, 1769400)  total=5898000
Processing events [1710420, 1769400) of 5898000
weight: 6.04575e-08
eec: 1887.65
weight: 8.18526e-06
eec: 650.811
weight: 1.94317e-05
eec: 124.97
weight: 3.67751e-05
eec: 27.0625
weight: 0.00016821
eec: 206.853
weight: 2.87457e-06
eec: 739.118
weight: 7.30808e-05
eec: 988.014
weight: 0.000246085
eec: 914.373
weight: 0.000364019
eec: 528.683
weight: 5.26487e-05
eec: 59.2306
weight: 0.000155068
eec: 12.0633
weight: 7.44068e-05
eec: 641.842
weight: 0.000308529
eec: 989.243
weight: 9.26085e-06
eec: 751.659
weight: 2.95795e-05
eec: 240.568
weight: 7.12548e-06
eec: 1093.66
weight: 1.63136e-05
eec: 418.526
weight: 4.0535e-05
eec: 48.46
weight: 4.58956e-05
eec: 2131.62
weight: 0.00010235
eec: 537.736
weight: 8.63619e-05
eec: 99.9705
weight: 0.000150199
eec: 145.52
weight: 6.55575e-05
eec: 24.9117
weight: 3.17264e-05
eec: 439.358
weight: 0.000218384
eec: 470.82
weight: 2.47186e-06
eec: 1054.28
weight: 1.38683e-05
eec: 165.691
weight: 4.24799e-05
eec: 399.205
weight: 0.000281675
eec: 527.398
weight: 1.07063e-08
eec: 81.1964
weight: 1.34413e-05
eec: 95.9674
weight: 2.905e-05
eec: 484.446
weight: 1.46402e-05
eec: 2261
weight: 5.15653e-05
eec: 1380.17
weight: 6.89117e-05
eec: 270.691
weight: 5.45305e-05
eec: 391.744
weight: 3.17448e-05
eec: 2079.37
weight: 0.000366863
eec: 389.842
weight: 1.23074e-05
eec: 161.473
weight: 4.48093e-07
eec: 414.812
weight: 4.36334e-06
eec: 459.715
weight: 6.81808e-05
eec: 287.638
weight: 0.000244648
eec: 147.902
weight: 4.51022e-06
eec: 2447.35
weight: 3.94729e-07
eec: 165.019
weight: 2.95899e-05
eec: 465.086
weight: 7.68701e-06
eec: 199.05
weight: 2.39614e-07
eec: 146.444
weight: 6.1636e-05
eec: 514.267
weight: 6.11903e-06
eec: 730.757
weight: 9.85802e-06
eec: 390.828
weight: 1.56341e-06
eec: 1975.56
weight: 7.18986e-06
eec: 745.105
weight: 4.66393e-07
eec: 1655.14
weight: 2.87786e-06
eec: 457.466
weight: 1.51074e-05
eec: 776.495
weight: 0.000252666
eec: 585.972
weight: 0.000230441
eec: 234.176
weight: 1.93205e-06
eec: 84.0237
weight: 4.73046e-05
eec: 176.844
weight: 1.19825e-05
eec: 26.6708
weight: 1.03895e-05
eec: 9.26186
weight: 3.5868e-05
eec: 952.275
weight: 4.65802e-05
eec: 787.867
weight: 1.69095e-05
eec: 60.4778
weight: 9.41648e-06
eec: 866.497
weight: 6.06858e-05
eec: 165.581
weight: 9.08017e-05
eec: 458.517
weight: 4.51422e-05
eec: 308.569
weight: 3.57361e-05
eec: 1128.2
weight: 6.09653e-06
eec: 77.8255
weight: 4.59923e-05
eec: 14.7385
weight: 2.8872e-06
eec: 13.2496
weight: 9.50018e-06
eec: 113.492
weight: 8.66107e-05
eec: 515.285
weight: 8.40006e-06
eec: 167.498
weight: 1.51183e-05
eec: 299.581
weight: 4.03818e-05
eec: 640.954
weight: 3.12483e-07
eec: 649.367
weight: 7.20544e-06
eec: 137.284
weight: 4.68676e-06
eec: 1218.03
weight: 7.02108e-08
eec: 110.416
weight: 0.000275725
eec: 812.951
weight: 4.8045e-06
eec: 474.161
weight: 2.91027e-06
eec: 557.699
weight: 3.20909e-05
eec: 1129.77
weight: 1.31152e-05
eec: 1992.15
weight: 0.000158393
eec: 395.609
weight: 4.11115e-05
eec: 301.698
weight: 1.66531e-05
eec: 789.469
weight: 7.71007e-09
eec: 155.957
weight: 2.1697e-06
eec: 1004.3
weight: 2.76459e-05
eec: 2218.12
weight: 7.43377e-05
eec: 540.686
weight: 3.30205e-05
eec: 390.284
weight: 2.4009e-05
eec: 764.163
weight: 5.83925e-06
eec: 164.981
weight: 1.84224e-05
eec: 151.723
weight: 2.33864e-06
eec: 158.193
weight: 0.00010333
eec: 193.813
weight: 8.62992e-06
eec: 583.667
weight: 4.93134e-05
eec: 54.2566
weight: 9.22135e-06
eec: 1208.61
weight: 0.000124861
eec: 114.319
weight: 0.000150891
eec: 328.515
weight: 5.00834e-07
eec: 1436.45
weight: 1.02464e-06
eec: 984.15
weight: 0.000280197
eec: 435.346
weight: 0.000116887
eec: 421.717
weight: 3.10102e-06
eec: 452.595
weight: 1.9333e-05
eec: 1140.15
weight: 6.30047e-07
eec: 1145.25
weight: 5.04252e-06
eec: 4971.19
weight: 4.0863e-05
eec: 1757.55
weight: 4.53164e-05
eec: 150.231
weight: 1.38807e-06
eec: 1259.97
weight: 2.89641e-06
eec: 936.873
weight: 1.47442e-06
eec: 1709.95
weight: 1.70537e-05
eec: 1801.76
weight: 0.000184885
eec: 42.9332
weight: 8.13969e-06
eec: 2730.84
weight: 1.11084e-05
eec: 222.814
weight: 0.000134222
eec: 298.545
weight: 0.000187673
eec: 45.5062
weight: 4.52062e-05
eec: 227.469
weight: 8.06429e-05
eec: 676.182
weight: 7.04115e-05
eec: 665.184
weight: 7.91179e-06
eec: 579.886
weight: 7.91179e-06
eec: 1980.16
weight: 0.000263765
eec: 586.435
weight: 1.38213e-05
eec: 1207.33
weight: 7.69563e-06
eec: 2892.5
weight: 5.10122e-06
eec: 79.2579
weight: 7.9183e-05
eec: 29.619
weight: 7.60076e-05
eec: 226.241
weight: 2.30019e-05
eec: 473.377
weight: 1.96555e-07
eec: 30.6185
weight: 1.07479e-06
eec: 209.88
weight: 0.000248165
eec: 188.078
weight: 0.000118214
eec: 237.424
weight: 0.0002071
eec: 45.3877
weight: 1.26706e-05
eec: 383.657
weight: 5.71172e-05
eec: 95.1223
weight: 1.05654e-05
eec: 172.559
weight: 0.000137001
eec: 356.267
weight: 1.95088e-05
eec: 62.0047
weight: 1.05206e-05
eec: 421.469
weight: 6.11515e-09
eec: 116.826
weight: 1.5927e-05
eec: 791.021
weight: 1.23115e-05
eec: 360.405
weight: 0.000327895
eec: 355.137
weight: 4.01283e-06
eec: 825.259
weight: 1.30451e-05
eec: 51.6704
weight: 4.30416e-05
eec: 1522.39
weight: 2.61763e-05
eec: 459.968
weight: 2.50654e-05
eec: 1019.96
weight: 4.8187e-07
eec: 403.745
weight: 6.2687e-05
eec: 261.612
weight: 0.000115684
eec: 535.363
weight: 1.17015e-05
eec: 103.114
weight: 1.11315e-05
eec: 2071.27
weight: 3.81188e-05
eec: 102.027
weight: 6.08062e-06
eec: 534.489
weight: 1.10847e-05
eec: 571.673
weight: 4.98132e-05
eec: 1299.62
weight: 3.78619e-05
eec: 314.585
weight: 3.83211e-06
eec: 61.3
weight: 0.000107449
eec: 128.633
weight: 3.49989e-05
eec: 319.604
weight: 1.3611e-05
eec: 1254.12
weight: 0.00021771
eec: 406.204
weight: 1.01559e-07
eec: 631.228
weight: 6.84627e-06
eec: 376.159
weight: 0.000190627
eec: 379.306
Processing: 29.6711 %weight: 1.32032e-05
eec: 776.349
weight: 1.33852e-05
eec: 254.01
weight: 1.02016e-05
eec: 481.34
weight: 1.11716e-05
eec: 210.419
weight: 9.95859e-06
eec: 1085.09
weight: 6.1002e-05
eec: 78.6498
weight: 0.000124681
eec: 1391.7
weight: 3.53367e-06
eec: 548.802
weight: 1.39136e-05
eec: 1653.59
weight: 0.000176311
eec: 139.171
weight: 8.64962e-06
eec: 1394.72
weight: 1.68251e-05
eec: 595.378
weight: 2.29642e-05
eec: 334.801
weight: 3.32348e-07
eec: 237.169
weight: 1.84327e-05
eec: 71.9032
weight: 3.10444e-05
eec: 1472.07
weight: 0.000172378
eec: 94.4443
weight: 0.00015317
eec: 208.474
weight: 0.000229702
eec: 326.406
weight: 0.000354379
eec: 194.404
weight: 0.000141765
eec: 1497.35
weight: 3.89597e-06
eec: 98.6699
weight: 9.11584e-06
eec: 374.619
weight: 9.2317e-06
eec: 106.655
weight: 5.54839e-05
eec: 47.812
weight: 3.54681e-05
eec: 212.272
weight: 0.000247744
eec: 882.912
weight: 0.000109385
eec: 224.541
weight: 0.000317269
eec: 74.5743
weight: 4.81687e-05
eec: 597.95
weight: 4.27054e-06
eec: 1222.59
weight: 4.71785e-06
eec: 37.9527
weight: 8.37422e-06
eec: 1318
weight: 1.18928e-05
eec: 164.143
weight: 1.2058e-05
eec: 1469.8
weight: 2.04889e-07
eec: 114.042
weight: 1.17413e-05
eec: 328.574
weight: 8.40548e-06
eec: 419.678
weight: 4.70316e-05
eec: 694.996
weight: 0.000342621
eec: 665.549
weight: 6.03424e-06
eec: 199.207
weight: 1.32555e-05
eec: 174.902
weight: 0.000182624
eec: 92.592
weight: 0.000854966
eec: 232.79
weight: 1.65507e-06
eec: 775.469
weight: 5.64445e-06
eec: 1121.95
weight: 2.95368e-05
eec: 110.289
weight: 5.05099e-06
eec: 2157.69
weight: 4.1227e-06
eec: 66.5546
weight: 4.33683e-05
eec: 80.1473
weight: 4.30313e-05
eec: 273.986
weight: 1.34915e-05
eec: 157.955
weight: 4.62444e-06
eec: 1391.81
weight: 5.54813e-05
eec: 1201.42
weight: 1.5205e-06
eec: 12.0478
weight: 7.42739e-06
eec: 728.04
weight: 1.51458e-05
eec: 999.217
weight: 8.73642e-06
eec: 166.296
weight: 5.71906e-06
eec: 127.515
weight: 3.52961e-06
eec: 466.731
weight: 0.000374339
eec: 428.909
weight: 0.000122146
eec: 632.472
weight: 4.3455e-05
eec: 309.667
weight: 6.43179e-05
eec: 1068.81
weight: 1.63576e-05
eec: 1460.59
weight: 1.38355e-05
eec: 2350.17
weight: 1.73082e-06
eec: 4912.77
weight: 3.09852e-08
eec: 1749.56
weight: 0.000483924
eec: 224.777
weight: 3.29081e-05
eec: 183.069
weight: 1.00483e-05
eec: 1912.03
weight: 0.00040218
eec: 23.0654
weight: 2.81937e-05
eec: 321.999
weight: 9.20395e-05
eec: 109.642
weight: 2.5861e-05
eec: 578.553
weight: 7.84751e-07
eec: 269.19
weight: 1.40038e-05
eec: 1116.49
weight: 0.000271465
eec: 51.3193
weight: 1.02536e-05
eec: 224.29

ROOT exit code = 0
