gSystem->Load("run_condor_job_Run3_C.so");
run_condor_job_Run3(590, 100, 2,
                    80, 200,
                    1, 1, 1, 5);
.q

ENTERED run_condor_job_Run3()
JOBID = 590
  global job = 590  Job 90/100  events [5400000, 5460000)  total=6000000
Processing events [5400000, 5460000) of 6000000
Processing: 90 %weight: 1.07625e-05
eec: 1016.98
weight: 3.33378e-06
eec: 242.606
weight: 2.63273e-07
eec: 103.288
weight: 0.000269687
eec: 57.3242
weight: 6.33159e-07
eec: 49.7442
weight: 4.65965e-06
eec: 544.559
weight: 4.12611e-06
eec: 607.969
weight: 3.01771e-05
eec: 178.736
weight: 0.00213698
eec: 397.544
weight: 2.56554e-05
eec: 962.878
weight: 0.000116535
eec: 93.509
weight: 9.52707e-06
eec: 415.14
weight: 8.80333e-06
eec: 2246.26
weight: 0.00017595
eec: 183.031
weight: 5.50327e-06
eec: 2308.1
weight: 4.75966e-05
eec: 437.107
weight: 0.00142786
eec: 1088
weight: 2.70305e-05
eec: 765.456
weight: 4.10203e-06
eec: 691.871
weight: 4.07075e-06
eec: 127.066
weight: 7.43138e-06
eec: 1117
weight: 8.17165e-05
eec: 250.171
weight: 4.27258e-06
eec: 85.5568
weight: 6.58149e-06
eec: 19.1604
weight: 1.93439e-06
eec: 910.974
weight: 4.98753e-06
eec: 2026.12
weight: 4.53532e-05
eec: 528.523
weight: 0.000233935
eec: 184.987
weight: 0.000154339
eec: 19.3495
weight: 2.93466e-05
eec: 466.646
weight: 3.02759e-05
eec: 716.064
weight: 4.58861e-05
eec: 183.981
weight: 0.000209013
eec: 169.761
weight: 2.31244e-06
eec: 448.543
weight: 3.84217e-06
eec: 59.0483
weight: 3.88621e-06
eec: 21.3972
weight: 8.29689e-05
eec: 347.419
weight: 2.8174e-05
eec: 575.804
weight: 9.99941e-05
eec: 295.116
weight: 0.000576017
eec: 166.707
weight: 0.000453703
eec: 907.24
weight: 5.04848e-06
eec: 217.625
weight: 2.23989e-05
eec: 537.786
weight: 4.63648e-05
eec: 357.618
weight: 1.26936e-05
eec: 102.186
weight: 9.69707e-05
eec: 332.318
weight: 2.2393e-05
eec: 1669.96
weight: 1.62478e-05
eec: 137.372
weight: 1.18591e-06
eec: 672.099
weight: 6.51643e-05
eec: 589.78
weight: 9.32951e-06
eec: 1561.64
weight: 1.99147e-05
eec: 1309.38
weight: 5.3005e-06
eec: 2584.9
weight: 9.28914e-07
eec: 187.276
weight: 9.88606e-07
eec: 1276.61
weight: 1.45008e-06
eec: 188.325
weight: 8.48492e-07
eec: 83.8994
weight: 0.000106722
eec: 151.844
weight: 6.36706e-06
eec: 689.89
weight: 8.64265e-05
eec: 672.433
weight: 3.71369e-06
eec: 3345.12
weight: 0.0001993
eec: 278.286
weight: 1.20626e-05
eec: 290.066
weight: 6.90749e-05
eec: 214.867
weight: 3.86029e-06
eec: 1171.84
weight: 3.04089e-05
eec: 372.216
weight: 3.57036e-06
eec: 883.432
weight: 9.49076e-05
eec: 260.437
weight: 1.18317e-05
eec: 29.811
weight: 1.61713e-05
eec: 852.584
weight: 7.22629e-05
eec: 578.016
weight: 1.41198e-05
eec: 1186.29
weight: 0.000110176
eec: 2134.73
weight: 0.000151633
eec: 1413.14
weight: 3.52645e-05
eec: 325.874
weight: 2.55744e-05
eec: 108.017
weight: 0.00026362
eec: 308.666
weight: 3.72218e-05
eec: 906.47
weight: 5.22442e-06
eec: 175.215
weight: 4.16188e-06
eec: 164.452
weight: 7.76908e-05
eec: 760.933
weight: 0.000309321
eec: 405.383
weight: 9.44828e-06
eec: 1303.31
weight: 1.03814e-07
eec: 749.732
weight: 3.32551e-05
eec: 69.1813
weight: 4.56684e-06
eec: 617.551
weight: 1.20003e-05
eec: 802.398
weight: 2.77277e-05
eec: 667.881
weight: 4.0755e-05
eec: 798.785
weight: 1.51616e-06
eec: 32.4715
weight: 8.72464e-05
eec: 83.3119
weight: 6.02289e-07
eec: 826.536
weight: 1.62201e-07
eec: 968.561
weight: 1.02769e-05
eec: 587.16
weight: 4.34841e-05
eec: 540.99
weight: 0.000195122
eec: 331.467
weight: 1.70521e-05
eec: 1158.19
weight: 4.79036e-05
eec: 65.5532
weight: 3.67366e-05
eec: 523.228
weight: 1.94364e-06
eec: 204.947
weight: 2.15581e-05
eec: 117.007
weight: 0.000134194
eec: 1566.9
weight: 3.91716e-06
eec: 309.006
weight: 3.6732e-06
eec: 22.3479
weight: 0.000189129
eec: 61.5468
weight: 0.000364951
eec: 260.355
weight: 3.95773e-05
eec: 28.1653
weight: 8.80884e-06
eec: 116.221
weight: 3.37732e-05
eec: 557.636
weight: 6.12969e-06
eec: 220.825
weight: 1.20292e-06
eec: 747.954
weight: 1.0443e-06
eec: 116.997
weight: 0.0006206
eec: 3.83838
weight: 6.34142e-06
eec: 154.632
weight: 3.52625e-05
eec: 181.126
weight: 3.13885e-05
eec: 1621.75
weight: 2.52943e-05
eec: 137.902
weight: 7.995e-05
eec: 113.6
weight: 2.20967e-05
eec: 868.688
weight: 1.34334e-05
eec: 2738.67
weight: 9.83495e-05
eec: 562.376
weight: 1.19753e-05
eec: 791.927
weight: 0.000140641
eec: 351.112
weight: 1.57489e-07
eec: 268.147
weight: 0.000836205
eec: 384.982
weight: 4.58906e-05
eec: 51.3392
weight: 1.27063e-05
eec: 603.779
weight: 0.000212434
eec: 754.103
weight: 4.74076e-06
eec: 538.679
weight: 1.53436e-05
eec: 20.9264
weight: 7.24908e-06
eec: 711.099
weight: 0.000110473
eec: 282.998
weight: 1.86122e-05
eec: 52.5911
weight: 2.72137e-06
eec: 1011.86
weight: 0.00019109
eec: 398.079
weight: 5.0438e-06
eec: 137.579
weight: 3.82295e-06
eec: 184.886
weight: 3.47858e-05
eec: 149.499
weight: 1.02804e-05
eec: 863.892
weight: 0.000151917
eec: 960.838
weight: 4.65993e-05
eec: 1708.62
weight: 0.000133253
eec: 286.129
weight: 0.000312084
eec: 99.7565
weight: 2.56034e-05
eec: 226.801
weight: 0.000433903
eec: 45.4891
weight: 5.61538e-05
eec: 2500.22
weight: 6.8926e-06
eec: 808.333
weight: 3.54456e-06
eec: 170.897
weight: 3.12602e-06
eec: 42.4113
weight: 1.74361e-05
eec: 49.618
weight: 0.000174046
eec: 398.552
weight: 2.96887e-08
eec: 34.3142
weight: 9.90618e-07
eec: 112.513
weight: 1.0706e-05
eec: 458.515
weight: 0.000107026
eec: 348.113
weight: 1.23e-05
eec: 35.9187
weight: 1.50526e-05
eec: 841.85
weight: 4.23823e-06
eec: 122.487
weight: 8.14555e-06
eec: 713.559
weight: 3.32397e-07
eec: 261.245
weight: 0.000218955
eec: 231.106
weight: 3.07539e-05
eec: 20.7355
weight: 5.31879e-06
eec: 349.809
weight: 4.14052e-05
eec: 84.6368
weight: 2.89247e-06
eec: 534.198
weight: 0.000540858
eec: 165.375
weight: 1.5519e-05
eec: 1150.88
weight: 3.07416e-06
eec: 192.6
weight: 3.63371e-05
eec: 73.4421
weight: 3.70399e-05
eec: 79.8942
weight: 2.82697e-05
eec: 646.21
weight: 2.51675e-05
eec: 475.302
weight: 2.95698e-05
eec: 759.557
weight: 2.85318e-07
eec: 89.3538
weight: 5.92301e-06
eec: 22.8671
weight: 7.97422e-06
eec: 134.034
weight: 2.24329e-05
eec: 77.7973
weight: 4.49333e-06
eec: 824.459
weight: 0.00106292
eec: 532.782
weight: 3.2614e-05
eec: 81.5555
weight: 6.14475e-05
eec: 655.691
weight: 6.54599e-05
eec: 427.51
weight: 7.3317e-05
eec: 473.789
weight: 6.61439e-05
eec: 234.447
weight: 1.38552e-05
eec: 437.408
weight: 8.4149e-06
eec: 1872.5
weight: 0.000101764
eec: 42.1679
weight: 2.18418e-05
eec: 384.211
weight: 8.79735e-06
eec: 6388.79
weight: 0.000158466
eec: 34.4608
weight: 2.30732e-05
eec: 1921.11
weight: 2.30732e-05
eec: 730.718
weight: 7.06874e-07
eec: 1334.22
weight: 0.000106183
eec: 608.524
weight: 2.60973e-05
eec: 617.972
weight: 2.42611e-06
eec: 114.431
weight: 1.64206e-05
eec: 1021.37
weight: 0.000263545
eec: 1121.19
weight: 0.000112055
eec: 935.352
weight: 0.000264098
eec: 592.096
weight: 5.12867e-06
eec: 226.818
weight: 1.56842e-05
eec: 170.82
weight: 1.70104e-05
eec: 8.53186
weight: 1.49367e-05
eec: 72.276
weight: 1.23481e-05
eec: 115.83
weight: 1.31298e-05
eec: 928.384
weight: 4.01631e-05
eec: 2153.06
weight: 1.27665e-05
eec: 29.2701
weight: 5.90298e-05
eec: 538.726
weight: 1.7862e-05
eec: 202.462
Processing: 90.8333 %weight: 6.1478e-05
eec: 128.205
weight: 1.37689e-05
eec: 3654.81
weight: 7.61559e-06
eec: 785.374
weight: 6.78678e-05
eec: 270.699
weight: 9.81435e-06
eec: 271.01
weight: 3.74354e-06
eec: 288.625
weight: 6.91726e-06
eec: 263.512
weight: 5.84149e-06
eec: 396.699
weight: 1.36172e-05
eec: 4150.77
weight: 2.48921e-05
eec: 164.441
weight: 5.60062e-05
eec: 563.287
weight: 6.13569e-06
eec: 1803.65
weight: 0.000177995
eec: 321.138
weight: 8.8017e-06
eec: 285.072
weight: 2.48918e-07
eec: 514.461
weight: 6.60628e-06
eec: 438.462
weight: 1.74799e-05
eec: 378.576
weight: 0.000218393
eec: 1507.8
weight: 0.000124643
eec: 53.0198
weight: 7.55409e-06
eec: 180.743
weight: 0.000560556
eec: 89.943
weight: 6.87525e-05
eec: 60.599
weight: 3.3648e-06
eec: 2342.29
weight: 1.48216e-05
eec: 503.008
weight: 0.000248042
eec: 209.999
weight: 0.000305583
eec: 496.248
weight: 7.00122e-06
eec: 1178.26
weight: 2.02626e-05
eec: 2901.84
weight: 3.9059e-06
eec: 184.827
weight: 2.08711e-05
eec: 417.759
weight: 0.000272634
eec: 106.101
weight: 2.77251e-05
eec: 1222.01
weight: 5.32739e-06
eec: 183.573
weight: 9.04418e-06
eec: 25.7477
weight: 1.12021e-05
eec: 869.822
weight: 1.02195e-06
eec: 218.905
weight: 0.00017967
eec: 43.2262
weight: 1.41655e-05
eec: 1279.76
weight: 6.77227e-06
eec: 50.0329
weight: 2.12705e-05
eec: 378.689
weight: 3.04787e-05
eec: 414.632
weight: 1.5026e-05
eec: 167.724
weight: 3.22401e-06
eec: 120.649
weight: 0.00107664
eec: 201.152
weight: 0.000713065
eec: 13.3525
weight: 7.74352e-05
eec: 225.389

ROOT exit code = 0
