gSystem->Load("run_condor_job_Run3_C.so");
run_condor_job_Run3(476, 100, 2,
                    80, 200,
                    1, 1, 1, 4);
.q

ENTERED run_condor_job_Run3()
JOBID = 476
  global job = 476  Job 76/100  events [4482480, 4541460)  total=5898000
Processing events [4482480, 4541460) of 5898000
weight: 9.72625e-05
eec: 336.404
weight: 3.67788e-05
eec: 446.558
weight: 4.41286e-05
eec: 580.884
weight: 0.000637062
eec: 358.2
weight: 2.64663e-05
eec: 119.662
weight: 2.89296e-05
eec: 720.478
weight: 0.000263494
eec: 635.158
weight: 9.52693e-06
eec: 669.591
weight: 3.95593e-05
eec: 536
weight: 4.73352e-06
eec: 140.054
weight: 3.04499e-05
eec: 125.657
weight: 0.000262207
eec: 104.28
weight: 8.4668e-05
eec: 507.019
weight: 5.02645e-05
eec: 621.696
weight: 5.43664e-07
eec: 817.974
weight: 6.403e-06
eec: 1507.54
weight: 1.92198e-05
eec: 696.734
weight: 0.000651143
eec: 126.47
weight: 0.00018746
eec: 200.897
weight: 0.00023283
eec: 204.757
weight: 3.40672e-05
eec: 683.995
weight: 0.00014135
eec: 238.373
weight: 0.000320066
eec: 87.9117
weight: 2.94964e-06
eec: 473.728
weight: 0.000276476
eec: 600.792
weight: 0.00031803
eec: 122.286
weight: 5.73924e-05
eec: 2020.87
weight: 4.88492e-06
eec: 5.48678
weight: 1.57738e-05
eec: 935.703
weight: 3.71559e-05
eec: 805.273
weight: 1.90618e-05
eec: 23.0778
weight: 3.02073e-05
eec: 191.707
weight: 5.73271e-06
eec: 481.11
weight: 6.45842e-05
eec: 921.182
weight: 4.3035e-05
eec: 300.457
weight: 0.000400017
eec: 689.071
weight: 5.27518e-06
eec: 228.328
weight: 2.61287e-05
eec: 744.758
weight: 6.56201e-05
eec: 121.236
weight: 1.14364e-05
eec: 76.8285
weight: 3.5956e-07
eec: 2564.43
weight: 1.97806e-05
eec: 300.417
weight: 3.62052e-05
eec: 182.688
weight: 0.000135434
eec: 90.1538
weight: 0.000146323
eec: 281.667
weight: 9.98085e-06
eec: 237.574
weight: 7.53343e-06
eec: 144.586
weight: 1.32713e-05
eec: 707.068
weight: 2.02103e-05
eec: 278.642
weight: 9.24243e-05
eec: 840.115
weight: 1.15756e-05
eec: 2605.03
weight: 1.33941e-06
eec: 1674.8
weight: 9.57335e-06
eec: 138.56
weight: 7.72364e-07
eec: 1392.75
weight: 2.01364e-05
eec: 592.329
weight: 0.000165588
eec: 23.0025
weight: 7.44259e-05
eec: 56.6875
weight: 0.000478793
eec: 352.123
weight: 9.44799e-05
eec: 270.598
weight: 3.54174e-05
eec: 269.119
weight: 4.65528e-05
eec: 123.055
Processing: 76.297 %weight: 6.5444e-06
eec: 3022.59
weight: 0.000250287
eec: 144.856
weight: 4.5229e-05
eec: 638.679
weight: 9.34872e-06
eec: 352.831
weight: 2.55359e-05
eec: 639.013
weight: 7.25722e-06
eec: 138.696
weight: 1.92134e-05
eec: 198.697
weight: 0.000151817
eec: 31.5462
weight: 0.000101442
eec: 4.12193
weight: 2.59236e-05
eec: 1412.8
weight: 6.1458e-06
eec: 445.579
weight: 5.37524e-06
eec: 1505.22
weight: 5.09779e-06
eec: 134.981
weight: 5.24699e-05
eec: 253.746
weight: 1.02472e-05
eec: 373.129
weight: 0.000120528
eec: 215.985
weight: 1.35765e-05
eec: 409.833
weight: 4.43514e-05
eec: 71.1153
weight: 2.68406e-06
eec: 416.63
weight: 4.70348e-05
eec: 855.067
weight: 1.43856e-05
eec: 823.965
weight: 0.00170319
eec: 780.053
weight: 7.16487e-05
eec: 2521.77
weight: 2.23306e-05
eec: 62.7314
weight: 1.78816e-05
eec: 911.864
weight: 2.76475e-07
eec: 958.032
weight: 3.94541e-05
eec: 95.9253
weight: 0.000506991
eec: 119.621
weight: 2.64508e-06
eec: 3588.28
weight: 1.45311e-05
eec: 1312.37
weight: 1.49814e-05
eec: 376.043
weight: 7.35594e-06
eec: 614.365
weight: 0.000486263
eec: 682.69
weight: 2.52416e-05
eec: 342.585
weight: 6.22821e-05
eec: 515.366
weight: 8.96122e-06
eec: 1846.56
weight: 2.03461e-06
eec: 148.881
weight: 0.00043524
eec: 143.96
weight: 2.22417e-05
eec: 91.7731
weight: 4.66698e-06
eec: 2538.25
weight: 5.54766e-06
eec: 52.6938
weight: 2.39589e-07
eec: 75.2906
weight: 2.99086e-05
eec: 1472.21
weight: 3.17195e-05
eec: 477.868
weight: 2.86092e-05
eec: 208.574
weight: 0.000212099
eec: 410.598
weight: 2.88683e-06
eec: 157.899
weight: 8.94909e-06
eec: 653.548
weight: 1.21804e-05
eec: 106.476
weight: 0.00065754
eec: 301.245
weight: 0.000272033
eec: 306.553
weight: 4.04838e-05
eec: 355.627
weight: 5.24908e-05
eec: 418.796
weight: 3.25947e-05
eec: 143.785
weight: 1.6012e-06
eec: 975.539
weight: 6.52744e-06
eec: 342.896
weight: 0.000132282
eec: 492.324
weight: 0.000164728
eec: 221.578
weight: 1.19827e-05
eec: 28.1819
weight: 5.23919e-06
eec: 288.414
weight: 0.00020074
eec: 524.891
weight: 5.53739e-05
eec: 624.287
weight: 7.59806e-06
eec: 88.0981
weight: 3.19898e-05
eec: 150.333
weight: 2.23591e-05
eec: 399.955
weight: 2.73953e-05
eec: 137.783
weight: 1.70105e-06
eec: 102.319
weight: 7.73746e-06
eec: 431.978
weight: 6.57197e-06
eec: 1352.96
weight: 3.66734e-06
eec: 43.8865
weight: 1.98757e-05
eec: 1591.51
weight: 4.68559e-05
eec: 547.446
weight: 7.09431e-05
eec: 8.8162
weight: 9.74462e-06
eec: 450.268
weight: 7.5198e-06
eec: 907.302
weight: 8.81364e-06
eec: 280.006
weight: 8.84409e-05
eec: 434.631
weight: 0.000102346
eec: 111.065
weight: 5.47368e-07
eec: 235.293
weight: 2.02828e-05
eec: 383.061
weight: 0.000135666
eec: 398.256
weight: 0.000139927
eec: 54.873
weight: 9.03821e-06
eec: 1415.88
weight: 0.000267925
eec: 135.327
weight: 0.000126682
eec: 303.075
weight: 3.21075e-05
eec: 1125.52
weight: 3.28814e-05
eec: 139.79
weight: 1.01318e-05
eec: 1758.32
weight: 0.00032133
eec: 406.62
weight: 2.54278e-06
eec: 582.786
weight: 6.21068e-05
eec: 3686.69
weight: 0.00012426
eec: 1023.07
weight: 3.21495e-05
eec: 127.123
weight: 5.97406e-06
eec: 137.562
weight: 2.17884e-05
eec: 830.314
weight: 1.79874e-06
eec: 649.76
weight: 0.00181356
eec: 394.661
weight: 9.43449e-05
eec: 535.029
weight: 2.83777e-06
eec: 443.558
weight: 1.61104e-05
eec: 492.017
weight: 8.64796e-06
eec: 64.0232
weight: 0.000258284
eec: 38.5793
weight: 8.34148e-06
eec: 406.564
weight: 0.000170336
eec: 222.443
weight: 0.000256104
eec: 1222.65
weight: 4.30773e-06
eec: 1379.13
weight: 3.06273e-05
eec: 916.755
weight: 2.8807e-05
eec: 1130.66
weight: 0.000313918
eec: 266.523
weight: 5.69134e-05
eec: 28.625
weight: 4.26825e-05
eec: 233.463
weight: 9.90525e-06
eec: 487.058
weight: 9.07469e-07
eec: 272.226
weight: 9.07469e-07
eec: 111.39
weight: 3.30771e-05
eec: 177.614
weight: 0.000295522
eec: 997.421
weight: 8.89665e-05
eec: 117.514
weight: 8.15397e-06
eec: 305.572
weight: 1.26393e-06
eec: 1149.45
weight: 6.28632e-05
eec: 184.687
weight: 1.37781e-05
eec: 346.772
weight: 4.50795e-06
eec: 191.936
weight: 2.70246e-05
eec: 376.441
weight: 0.000184247
eec: 160.634
weight: 5.22094e-05
eec: 1396.8
weight: 2.73929e-05
eec: 2830.57
weight: 1.873e-07
eec: 7.29307
weight: 0.000109581
eec: 439.272
weight: 8.90183e-06
eec: 2529.92
weight: 8.90183e-06
eec: 1785.19
weight: 2.32139e-05
eec: 147.223
weight: 4.85199e-05
eec: 95.5333
weight: 2.0234e-05
eec: 1642.39
weight: 1.27129e-05
eec: 689.579
weight: 0.000106391
eec: 145.542
weight: 4.01029e-05
eec: 42.6872
weight: 1.13362e-05
eec: 671.527
weight: 1.65406e-05
eec: 70.9437
weight: 1.19423e-06
eec: 80.0675
weight: 0.000112131
eec: 615.982
weight: 3.80609e-05
eec: 115.442
weight: 6.42157e-05
eec: 43.1605
weight: 1.15611e-06
eec: 3732.23
weight: 1.63718e-07
eec: 66.1465
weight: 1.76961e-05
eec: 842.262
weight: 1.37843e-05
eec: 110.208
weight: 4.76642e-07
eec: 41.7084
weight: 0.000339987
eec: 328.303
weight: 1.29972e-05
eec: 1297.49
weight: 0.000208302
eec: 960.819
weight: 8.03898e-07
eec: 301.17
weight: 1.00886e-05
eec: 1808.98
weight: 4.7273e-06
eec: 758.608
weight: 0.00024858
eec: 357.277
weight: 7.93531e-07
eec: 123.364
weight: 0.000130473
eec: 1390.48
weight: 2.74613e-05
eec: 652.883
weight: 2.41525e-05
eec: 1529.61
weight: 4.0749e-06
eec: 618.793
weight: 4.52651e-05
eec: 88.7042
weight: 0.000195131
eec: 345.611
weight: 0.00174297
eec: 44.1197
weight: 2.86422e-06
eec: 799.845
weight: 4.72787e-06
eec: 765.103
weight: 3.6312e-06
eec: 912.392

ROOT exit code = 0
