gSystem->Load("run_condor_job_Run3_C.so");
run_condor_job_Run3(890, 100, 2,
                    80, 200,
                    1, 1, 1, 8);
.q

ENTERED run_condor_job_Run3()
JOBID = 890
  global job = 890  Job 90/100  events [5400000, 5460000)  total=6000000
Processing events [5400000, 5460000) of 6000000
Processing: 90 %weight: 1.42561e-07
eec: 174.905
weight: 4.58837e-05
eec: 1327.46
weight: 1.29293e-05
eec: 1564.67
weight: 0.000125411
eec: 100.263
weight: 9.57328e-06
eec: 349.396
weight: 3.62373e-06
eec: 335.755
weight: 9.45671e-05
eec: 781.406
weight: 3.40195e-05
eec: 422.111
weight: 1.47292e-05
eec: 344.275
weight: 4.56895e-05
eec: 1783.84
weight: 3.34403e-05
eec: 289.103
weight: 1.32703e-05
eec: 574.892
weight: 0.000147937
eec: 241.963
weight: 2.58497e-05
eec: 1328.69
weight: 7.23858e-06
eec: 1218.15
weight: 1.01809e-05
eec: 684.654
weight: 0.000292936
eec: 138.483
weight: 1.43464e-05
eec: 383.623
weight: 1.57498e-06
eec: 841.205
weight: 6.35503e-07
eec: 50.6229
weight: 1.736e-05
eec: 988.667
weight: 0.000151489
eec: 834.72
weight: 0.00042313
eec: 235.56
weight: 1.08503e-05
eec: 755.516
weight: 1.63751e-05
eec: 2115.66
weight: 1.84728e-05
eec: 44.9421
weight: 3.98773e-05
eec: 499.31
weight: 1.69007e-05
eec: 1210.57
weight: 7.1537e-05
eec: 135.688
weight: 1.90025e-05
eec: 878.634
weight: 4.41914e-05
eec: 549.773
weight: 1.03368e-05
eec: 786.858
weight: 0.000823336
eec: 288.226
weight: 3.01099e-09
eec: 60.9417
weight: 1.67339e-05
eec: 230.003
weight: 3.3596e-05
eec: 750.693
weight: 3.26785e-05
eec: 176.56
weight: 2.41262e-05
eec: 609.25
weight: 7.14121e-06
eec: 1333.3
weight: 1.78431e-05
eec: 1087.3
weight: 4.31764e-06
eec: 244.76
weight: 6.82129e-06
eec: 625.034
weight: 1.70873e-05
eec: 606.182
weight: 1.46802e-05
eec: 418.784
weight: 0.000835304
eec: 314.745
weight: 0.000116206
eec: 261.881
weight: 4.65769e-07
eec: 42.0806
weight: 2.86344e-05
eec: 1714.23
weight: 0.00132191
eec: 64.3352
weight: 1.27887e-05
eec: 174.372
weight: 1.42924e-08
eec: 398.638
weight: 1.40869e-05
eec: 476.572
weight: 4.29371e-05
eec: 1102.46
weight: 3.19006e-05
eec: 383.515
weight: 6.04894e-05
eec: 503.673
weight: 1.52104e-05
eec: 1550.45
weight: 1.55583e-05
eec: 1016.69
weight: 8.31057e-05
eec: 837.286
weight: 6.47125e-05
eec: 851.323
weight: 0.000348605
eec: 413.173
weight: 1.20412e-06
eec: 207.449
weight: 1.59926e-05
eec: 414.355
weight: 0.000295719
eec: 536.889
weight: 2.45333e-05
eec: 355.329
weight: 4.49485e-06
eec: 95.5275
weight: 1.33025e-05
eec: 279.351
weight: 1.66637e-05
eec: 1195.29
weight: 7.34088e-05
eec: 371.959
weight: 4.22449e-05
eec: 654.46
weight: 0.00022142
eec: 572.412
weight: 9.78959e-06
eec: 667.73
weight: 3.27401e-06
eec: 632.362
weight: 0.000231518
eec: 806.637
weight: 5.98148e-06
eec: 146.426
weight: 0.000100392
eec: 723.973
weight: 9.55819e-06
eec: 357.761
weight: 5.12324e-06
eec: 95.4909
weight: 1.65481e-05
eec: 298.701
weight: 1.89607e-05
eec: 579.127
weight: 0.000160571
eec: 37.7954
weight: 0.000160571
eec: 968.487
weight: 9.85012e-07
eec: 280.902
weight: 0.000199017
eec: 142.533
weight: 6.19254e-05
eec: 83.4371
weight: 0.00189751
eec: 516.827
weight: 1.29441e-05
eec: 424.057
weight: 6.65168e-06
eec: 769.208
weight: 0.000270591
eec: 264.516
weight: 1.2025e-05
eec: 1399.31
weight: 1.21093e-06
eec: 3492.16
weight: 6.02624e-06
eec: 168.365
weight: 4.94821e-05
eec: 149.303
weight: 0.00015435
eec: 110.027
weight: 4.59261e-05
eec: 421.566
weight: 2.09416e-05
eec: 3367.42
weight: 7.74829e-06
eec: 316.702
weight: 3.17881e-05
eec: 137.183
weight: 5.73591e-06
eec: 588.216
weight: 0.000250328
eec: 393.268
weight: 3.09191e-05
eec: 449.703
weight: 0.000134902
eec: 401.82
weight: 0.000113297
eec: 52.2634
weight: 9.61247e-05
eec: 522.184
weight: 1.94996e-05
eec: 3259.41
weight: 5.93594e-05
eec: 160.588
weight: 3.42667e-05
eec: 958.157
weight: 1.99419e-05
eec: 63.6151
weight: 3.18781e-05
eec: 89.6447
weight: 8.88593e-06
eec: 196.393
weight: 1.41639e-05
eec: 1456.54
weight: 0.000291272
eec: 1429.31
weight: 2.38545e-06
eec: 2117.95
weight: 4.43344e-06
eec: 55.7253
weight: 0.000157623
eec: 562.851
weight: 0.00108331
eec: 197.587
weight: 3.27072e-05
eec: 168.776
weight: 7.17428e-05
eec: 724.474
weight: 1.66686e-05
eec: 418.058
weight: 0.000113683
eec: 176.67
weight: 7.16879e-05
eec: 544.904
weight: 0.000112513
eec: 232.703
weight: 1.19451e-06
eec: 601.435
weight: 3.72598e-07
eec: 504.116
weight: 2.07729e-05
eec: 700.979
weight: 2.39759e-05
eec: 429.618
weight: 8.7388e-06
eec: 999.779
weight: 7.68142e-05
eec: 419.884
weight: 5.32342e-06
eec: 609.519
weight: 6.71259e-06
eec: 3069.84
weight: 0.000464113
eec: 131.455
weight: 2.73285e-06
eec: 1009.05
weight: 1.33855e-05
eec: 899.316
weight: 1.23369e-05
eec: 15.2913
weight: 2.23259e-05
eec: 2480.56
weight: 7.72159e-06
eec: 709.484
weight: 0.000112608
eec: 523.573
weight: 4.80177e-05
eec: 140.884
weight: 7.13078e-07
eec: 126.942
weight: 1.69054e-05
eec: 58.4758
weight: 6.07037e-05
eec: 210.47
weight: 9.0654e-05
eec: 258.884
weight: 4.34484e-05
eec: 726.831
weight: 0.000209039
eec: 519.584
weight: 0.000118448
eec: 135.285
weight: 9.32524e-05
eec: 46.477
weight: 3.33434e-05
eec: 45.3088
weight: 1.01335e-05
eec: 105.385
weight: 0.000218987
eec: 1054.72
weight: 8.97811e-05
eec: 501.972
weight: 3.25951e-05
eec: 31.8532
weight: 0.000103556
eec: 289.7
weight: 2.73921e-05
eec: 1605.49
weight: 0.00026867
eec: 150.05
weight: 0.00012109
eec: 760.327
weight: 7.4846e-05
eec: 393.295
weight: 4.85398e-05
eec: 1684.14
weight: 2.70573e-05
eec: 1212.94
weight: 7.19226e-05
eec: 176.492
weight: 7.25674e-08
eec: 382.066
weight: 1.44887e-05
eec: 65.066
weight: 7.37179e-05
eec: 1187.51
weight: 4.43561e-05
eec: 2522.37
weight: 2.66152e-06
eec: 606.262
weight: 0.000110279
eec: 440.742
weight: 0.000878799
eec: 455.579
weight: 5.13245e-06
eec: 293.496
weight: 2.33863e-06
eec: 2505.66
weight: 3.50148e-05
eec: 242.841
weight: 0.000162323
eec: 1261.94
weight: 1.18683e-05
eec: 86.1569
weight: 4.00934e-05
eec: 1383.13
weight: 3.0332e-06
eec: 88.101
weight: 1.7674e-05
eec: 896.275
weight: 4.74671e-05
eec: 1256.92
weight: 0.000167953
eec: 196.886
weight: 4.03293e-05
eec: 166.199
weight: 7.92748e-05
eec: 269.806
weight: 2.59444e-06
eec: 885.559
weight: 1.73537e-05
eec: 97.4328
weight: 1.33035e-05
eec: 788.16
weight: 0.000111846
eec: 31.1646
weight: 3.89132e-05
eec: 105.279
weight: 8.62625e-05
eec: 480.702
weight: 0.00011205
eec: 1304.03
weight: 5.12569e-05
eec: 104.879
weight: 1.75489e-05
eec: 203.776
weight: 1.39336e-05
eec: 874.665
weight: 2.83574e-06
eec: 191.582
weight: 1.46342e-05
eec: 1112.21
weight: 5.93426e-05
eec: 318.315
weight: 1.62691e-05
eec: 61.572
weight: 5.1914e-06
eec: 1255.98
weight: 6.84254e-05
eec: 494.15
weight: 7.05374e-05
eec: 76.8292
weight: 3.90398e-05
eec: 156.649
weight: 1.95941e-05
eec: 107.394
weight: 1.03961e-06
eec: 141.508
weight: 5.57673e-06
eec: 124.369
weight: 4.85383e-05
eec: 633.894
weight: 1.84445e-05
eec: 276.325
weight: 3.5078e-05
eec: 1465.11
weight: 0.000344666
eec: 475.617
weight: 0.000205193
eec: 300.202
weight: 1.05513e-05
eec: 370.196
weight: 0.00028458
eec: 11.5983
weight: 0.000195414
eec: 47.0858
weight: 3.04672e-05
eec: 246.474
weight: 1.93604e-05
eec: 371.959
weight: 9.57835e-05
eec: 204.22
weight: 0.00493361
eec: 769.124
weight: 7.45916e-05
eec: 757.403
weight: 9.47211e-06
eec: 245.992
weight: 0.000452503
eec: 434.698
weight: 1.41075e-05
eec: 184.18
weight: 9.13167e-05
eec: 125.471
weight: 4.50071e-07
eec: 55.14
weight: 5.00102e-05
eec: 327.555
weight: 0.000266849
eec: 1269.81
weight: 9.79393e-06
eec: 492.574
weight: 7.8563e-06
eec: 527.868
Processing: 90.8333 %weight: 1.92116e-05
eec: 163.76
weight: 5.30374e-05
eec: 1148.51
weight: 4.3851e-06
eec: 2147.92
weight: 6.07068e-05
eec: 236.863
weight: 1.15933e-05
eec: 2063.27
weight: 2.68214e-05
eec: 221.716
weight: 4.52504e-06
eec: 629.586
weight: 6.1949e-05
eec: 275.536
weight: 0.000118092
eec: 310.266
weight: 0.00031377
eec: 370.749
weight: 6.80804e-07
eec: 414.106
weight: 0.000147813
eec: 79.8257
weight: 0.000131352
eec: 245.849
weight: 1.87235e-05
eec: 561.87
weight: 6.41573e-05
eec: 268.262
weight: 0.000101298
eec: 198.252
weight: 9.02396e-06
eec: 42.0384
weight: 1.18768e-05
eec: 1197.61
weight: 3.21044e-05
eec: 606.126
weight: 5.5974e-05
eec: 68.3899
weight: 2.9388e-05
eec: 424.017
weight: 7.63731e-06
eec: 327.038
weight: 0.000163787
eec: 70.4402
weight: 2.20175e-05
eec: 618.166
weight: 1.19571e-05
eec: 1240.7
weight: 0.000173816
eec: 286.818
weight: 1.52866e-05
eec: 2159.85
weight: 0.000932321
eec: 236.481
weight: 0.00066977
eec: 810.618
weight: 8.01998e-05
eec: 166.979
weight: 4.33837e-06
eec: 23.3933
weight: 3.84585e-05
eec: 607.61
weight: 1.49739e-05
eec: 39.7199
weight: 3.50786e-05
eec: 729.758
weight: 8.39429e-06
eec: 1850.82
weight: 4.77824e-06
eec: 13.8024
weight: 3.07361e-06
eec: 556.482
weight: 1.4309e-07
eec: 123.912
weight: 2.54454e-05
eec: 243.03
weight: 4.9506e-05
eec: 48.8835
weight: 3.73458e-05
eec: 1077
weight: 6.34687e-06
eec: 517.954
weight: 4.08355e-05
eec: 138.317
weight: 0.00011202
eec: 916.159
weight: 1.19209e-06
eec: 37.1351
weight: 7.13332e-05
eec: 161.196
weight: 1.35039e-05
eec: 23.8349
weight: 2.43742e-05
eec: 180.508
weight: 1.62218e-05
eec: 1021.63
weight: 8.19866e-05
eec: 104.4
weight: 4.26831e-06
eec: 1163.23

ROOT exit code = 0
