gSystem->Load("run_condor_job_Run3_C.so");
run_condor_job_Run3(403, 100, 2,
                    80, 200,
                    1, 1, 1, 4);
.q

ENTERED run_condor_job_Run3()
JOBID = 403
  global job = 403  Job 3/100  events [176940, 235920)  total=5898000
Processing events [176940, 235920) of 5898000
weight: 0.000160861
eec: 211.829
weight: 0.00117804
eec: 595.546
weight: 2.58705e-06
eec: 20.1143
weight: 8.01652e-05
eec: 519.079
weight: 7.13467e-06
eec: 104.903
weight: 1.24719e-05
eec: 57.4634
weight: 4.56082e-06
eec: 136.061
weight: 1.47815e-05
eec: 224.953
weight: 1.50535e-05
eec: 3267.15
weight: 6.69877e-05
eec: 92.3124
weight: 0.000110335
eec: 379.641
weight: 9.38332e-05
eec: 1354.32
weight: 7.25748e-06
eec: 618.689
weight: 8.33054e-05
eec: 113.905
weight: 0.000171882
eec: 130.8
weight: 3.76046e-05
eec: 714.516
weight: 6.80375e-06
eec: 854.023
weight: 1.29184e-05
eec: 1250.54
weight: 7.48718e-05
eec: 66.2758
weight: 0.000132204
eec: 79.7258
weight: 0.000156738
eec: 734.583
weight: 6.32498e-06
eec: 121.226
weight: 1.35999e-05
eec: 589.279
weight: 1.84808e-07
eec: 1189.38
weight: 3.70178e-07
eec: 1149.66
weight: 7.93292e-06
eec: 638.159
weight: 3.09944e-05
eec: 516.903
weight: 1.17509e-05
eec: 785.052
weight: 5.93868e-06
eec: 1113.35
weight: 0.000737757
eec: 913.848
weight: 0.00013098
eec: 88.3906
weight: 0.000289162
eec: 30.7297
weight: 2.57692e-06
eec: 112.416
weight: 1.20273e-07
eec: 107.615
weight: 1.31522e-06
eec: 481.322
weight: 9.07179e-06
eec: 475.533
weight: 3.3998e-05
eec: 544.981
weight: 5.56792e-06
eec: 2770.57
weight: 1.47694e-05
eec: 645.342
weight: 1.28345e-05
eec: 73.0941
weight: 6.81664e-05
eec: 153.438
weight: 3.23983e-05
eec: 231.697
weight: 2.69888e-05
eec: 1245.02
weight: 2.88142e-05
eec: 45.7821
weight: 3.6848e-05
eec: 496.894
weight: 8.22235e-06
eec: 1973.87
weight: 0.000213689
eec: 358.011
weight: 2.18468e-05
eec: 547.542
weight: 7.69532e-06
eec: 481.763
weight: 6.08681e-05
eec: 373.881
weight: 3.86735e-05
eec: 216.261
weight: 1.26003e-05
eec: 931.488
weight: 1.12836e-05
eec: 645.387
weight: 6.64324e-06
eec: 751.995
weight: 6.09112e-05
eec: 384.048
weight: 5.86024e-05
eec: 182.738
weight: 4.1249e-06
eec: 112.841
weight: 1.87537e-06
eec: 428.14
weight: 7.39692e-06
eec: 530.944
weight: 0.000165864
eec: 283.842
weight: 1.70994e-05
eec: 1179.65
weight: 9.68306e-06
eec: 1721.38
weight: 1.38778e-05
eec: 1068.9
weight: 8.76083e-06
eec: 149.31
weight: 4.72171e-07
eec: 686.2
weight: 7.79032e-06
eec: 458.787
weight: 1.16672e-05
eec: 12.0433
weight: 8.84278e-06
eec: 40.6879
weight: 4.65789e-06
eec: 846.374
weight: 6.44217e-05
eec: 131.37
weight: 9.0112e-06
eec: 66.9575
weight: 1.2376e-05
eec: 1036.53
weight: 0.000339977
eec: 798.782
weight: 0.000210185
eec: 1587.4
weight: 6.68452e-06
eec: 320.895
weight: 2.71287e-05
eec: 30.2919
weight: 0.000165779
eec: 494.225
weight: 3.75098e-05
eec: 1684.99
weight: 2.64974e-05
eec: 71.6566
weight: 3.09992e-05
eec: 393.741
weight: 5.53405e-05
eec: 186.399
weight: 1.85551e-05
eec: 1730.14
weight: 0.00012811
eec: 533.52
weight: 2.31203e-05
eec: 504.284
weight: 2.46505e-05
eec: 340.259
weight: 1.90098e-05
eec: 760.862
weight: 8.25155e-07
eec: 1792.56
weight: 2.1068e-05
eec: 1053.71
weight: 1.03323e-06
eec: 765.791
weight: 8.35934e-05
eec: 367.756
weight: 8.41645e-05
eec: 624.903
weight: 0.000560207
eec: 357.639
weight: 0.000287174
eec: 49.4377
weight: 1.29851e-05
eec: 106.514
weight: 7.41185e-06
eec: 413.839
weight: 0.000361739
eec: 791.232
weight: 2.02233e-05
eec: 527.858
weight: 1.2668e-05
eec: 453.448
Processing: 3.39098 %weight: 3.07714e-06
eec: 626.086
weight: 3.07714e-06
eec: 697.886
weight: 2.53568e-05
eec: 277.408
weight: 3.0767e-05
eec: 776.15
weight: 5.09504e-05
eec: 72.4513
weight: 3.64646e-05
eec: 41.6163
weight: 0.000259271
eec: 383.021
weight: 1.4066e-05
eec: 28.0914
weight: 4.59132e-05
eec: 177.835
weight: 4.86004e-05
eec: 580.314
weight: 7.86705e-07
eec: 181.363
weight: 0.000594573
eec: 357.371
weight: 2.48639e-05
eec: 1505.27
weight: 3.74565e-05
eec: 794.051
weight: 4.85026e-05
eec: 496.514
weight: 0.000186262
eec: 177.495
weight: 7.2851e-05
eec: 335.395
weight: 2.86403e-05
eec: 1602.46
weight: 1.29829e-05
eec: 138.85
weight: 1.19594e-05
eec: 1340.8
weight: 8.37094e-05
eec: 560.034
weight: 1.25861e-05
eec: 1254.44
weight: 3.35689e-06
eec: 243.366
weight: 5.97839e-06
eec: 132.704
weight: 4.93891e-06
eec: 1978.88
weight: 9.92396e-06
eec: 548.882
weight: 7.26848e-05
eec: 1254.23
weight: 9.1958e-05
eec: 2066.46
weight: 3.98439e-05
eec: 64.1832
weight: 3.53692e-05
eec: 14.318
weight: 7.74053e-07
eec: 962.535
weight: 2.72667e-05
eec: 345.119
weight: 2.93382e-06
eec: 169.478
weight: 0.000110634
eec: 130.065
weight: 9.72034e-05
eec: 549.812
weight: 0.000118208
eec: 355.473
weight: 9.24667e-05
eec: 274.907
weight: 1.03643e-06
eec: 560.11
weight: 8.87483e-06
eec: 240.976
weight: 0.000104231
eec: 2689.97
weight: 5.24e-05
eec: 400.261
weight: 0.000236648
eec: 1014.56
weight: 1.42498e-07
eec: 544.752
weight: 2.0269e-05
eec: 462.162
weight: 4.20867e-06
eec: 508.74
weight: 3.61921e-06
eec: 2257.52
weight: 0.00131955
eec: 320.081
weight: 2.04532e-06
eec: 102.895
weight: 1.00962e-05
eec: 257.891
weight: 9.33255e-06
eec: 615.706
weight: 4.73208e-05
eec: 1012.83
weight: 6.27729e-06
eec: 1048.77
weight: 9.79529e-05
eec: 64.9197
weight: 3.89453e-05
eec: 417.547
weight: 3.18374e-05
eec: 263.148
weight: 4.65875e-05
eec: 823.927
weight: 5.80906e-06
eec: 707.82
weight: 9.64647e-05
eec: 221.66
weight: 0.000800035
eec: 168.594
weight: 1.36521e-05
eec: 1322.15
weight: 1.98248e-05
eec: 102.689
weight: 1.05134e-05
eec: 1195.33
weight: 3.32257e-05
eec: 299.252
weight: 1.73991e-05
eec: 3826.07
weight: 4.1802e-05
eec: 1368.87
weight: 2.55443e-05
eec: 111.73
weight: 0.000463559
eec: 46.7253
weight: 5.7012e-05
eec: 295.548
weight: 0.000415659
eec: 946.193
weight: 8.82028e-05
eec: 3.70613
weight: 0.000125368
eec: 199.145
weight: 4.46113e-05
eec: 347.932
weight: 2.04169e-05
eec: 67.5752
weight: 1.81178e-05
eec: 67.7764
weight: 3.74822e-05
eec: 655.876
weight: 1.01218e-05
eec: 134.767
weight: 1.13286e-06
eec: 139.439
weight: 4.69348e-08
eec: 293.851
weight: 5.92307e-05
eec: 23.8985
weight: 6.2278e-05
eec: 495.979
weight: 0.000113641
eec: 228.992
weight: 5.99602e-05
eec: 125.282
weight: 0.000120186
eec: 510.949
weight: 0.000257541
eec: 25.5255
weight: 5.15455e-08
eec: 313.712
weight: 4.82099e-06
eec: 430.3
weight: 4.8742e-07
eec: 107.86
weight: 4.32785e-05
eec: 698.879
weight: 6.05099e-05
eec: 106.011
weight: 8.20103e-05
eec: 635.036
weight: 9.03778e-05
eec: 1425.01
weight: 7.19998e-06
eec: 208.038
weight: 0.000286907
eec: 160.464
weight: 1.70272e-05
eec: 1121.44
weight: 0.000118614
eec: 64.2095
weight: 5.16373e-05
eec: 285.526
weight: 0.000126895
eec: 66.5111
weight: 2.41426e-05
eec: 47.2924
weight: 1.98247e-05
eec: 116.02
weight: 0.00027246
eec: 16.7633
weight: 0.000107282
eec: 78.2794
weight: 0.0010985
eec: 354.895
weight: 0.000219522
eec: 312.354
weight: 3.35422e-05
eec: 877.505
weight: 0.00144556
eec: 530.095
weight: 9.33713e-05
eec: 818.46
weight: 4.8074e-07
eec: 67.7955
weight: 2.44809e-05
eec: 70.0313
weight: 1.47155e-05
eec: 1517.27
weight: 3.96865e-05
eec: 884.236
weight: 0.000367229
eec: 1592
weight: 2.65905e-05
eec: 494.45
weight: 1.95655e-05
eec: 518.774
weight: 5.20666e-05
eec: 110.83
weight: 8.78588e-06
eec: 92.4559
weight: 7.75762e-06
eec: 3204.25
weight: 1.5302e-05
eec: 93.725
weight: 1.22251e-05
eec: 2318.72
weight: 1.55894e-05
eec: 668.815
weight: 6.06561e-06
eec: 4131.35
weight: 0.00112462
eec: 251.844
weight: 2.17562e-05
eec: 89.0339
weight: 8.69213e-05
eec: 169.643
weight: 1.89537e-05
eec: 545.257
weight: 8.10748e-05
eec: 40.5294
weight: 2.41471e-06
eec: 248.977
weight: 3.73238e-08
eec: 457.045
weight: 3.24817e-06
eec: 772.04
weight: 3.10684e-06
eec: 227.652
weight: 2.64991e-05
eec: 487.442
weight: 4.79978e-05
eec: 600.91
weight: 2.26265e-05
eec: 29.8138
weight: 3.17129e-05
eec: 207.738
weight: 4.20412e-05
eec: 351.839
weight: 6.70756e-06
eec: 256.723
weight: 7.42045e-05
eec: 57.4039
weight: 1.98792e-05
eec: 1541.58
weight: 5.90999e-06
eec: 249.556
weight: 7.75102e-05
eec: 584.06
weight: 0.000337202
eec: 149.022

ROOT exit code = 0
