gSystem->Load("run_condor_job_Run3_C.so");
run_condor_job_Run3(322, 100, 2,
                    80, 200,
                    1, 1, 1, 3);
.q

ENTERED run_condor_job_Run3()
JOBID = 322
  global job = 322  Job 22/100  events [1320000, 1380000)  total=6000000
Processing events [1320000, 1380000) of 6000000
weight: 1.0093e-05
eec: 34.7682
weight: 2.81629e-05
eec: 1207.1
weight: 6.58631e-05
eec: 2306.17
weight: 8.03051e-08
eec: 2125.51
weight: 0.000361713
eec: 95.3673
weight: 7.15152e-05
eec: 81.6965
weight: 2.02655e-05
eec: 247.451
weight: 8.37656e-06
eec: 1514.58
weight: 6.9377e-06
eec: 308.769
weight: 5.4537e-06
eec: 292.354
weight: 8.95142e-06
eec: 2453.03
weight: 8.54288e-06
eec: 1448.15
weight: 1.71791e-07
eec: 102.286
weight: 2.40247e-06
eec: 1529.84
weight: 8.96307e-05
eec: 621.264
weight: 2.83471e-05
eec: 484.458
weight: 2.44702e-05
eec: 622.567
weight: 1.34856e-07
eec: 72.2937
weight: 1.77247e-05
eec: 3423.94
weight: 1.93671e-05
eec: 2572.15
weight: 3.28082e-05
eec: 1050.05
weight: 1.29231e-07
eec: 162.027
weight: 0.000179282
eec: 37.3613
weight: 9.99046e-05
eec: 190.517
weight: 1.39292e-05
eec: 627.994
weight: 8.42354e-06
eec: 453.898
weight: 1.11388e-05
eec: 591.82
weight: 4.56353e-06
eec: 419.057
weight: 0.000146139
eec: 187.663
weight: 0.000157592
eec: 83.3117
weight: 3.00887e-05
eec: 287.473
weight: 3.73811e-06
eec: 770.614
weight: 5.30651e-06
eec: 467.598
weight: 4.92828e-05
eec: 137.78
weight: 5.97538e-07
eec: 109.964
weight: 1.14063e-06
eec: 224.213
weight: 0.000139172
eec: 255.551
weight: 2.232e-06
eec: 428.741
weight: 7.95067e-05
eec: 795.111
weight: 0.000784987
eec: 533.088
weight: 0.000109097
eec: 863.255
weight: 0.000115044
eec: 308.513
weight: 3.51e-06
eec: 3437.9
weight: 8.17455e-05
eec: 358.273
weight: 3.14067e-05
eec: 154.629
weight: 3.73669e-05
eec: 317.361
weight: 0.000177263
eec: 287.579
weight: 5.43888e-05
eec: 335.236
weight: 8.80875e-06
eec: 1622.1
weight: 4.08268e-05
eec: 225.035
weight: 9.55857e-06
eec: 2786.16
weight: 1.21728e-05
eec: 288.895
weight: 1.84422e-05
eec: 291.485
weight: 2.96657e-05
eec: 520.343
weight: 3.74683e-05
eec: 360.315
weight: 2.38081e-05
eec: 203.242
weight: 1.85537e-05
eec: 2643.79
weight: 0.000503935
eec: 362.126
weight: 4.95581e-05
eec: 1310.55
weight: 8.66863e-05
eec: 457.015
weight: 0.000181466
eec: 58.4536
weight: 0.000246091
eec: 835.672
weight: 1.13176e-05
eec: 293.175
weight: 0.000338552
eec: 368.934
weight: 2.47364e-05
eec: 481.266
weight: 4.05727e-05
eec: 898.882
weight: 1.67456e-08
eec: 183.161
weight: 2.55428e-05
eec: 313.638
weight: 1.40084e-05
eec: 2536.73
weight: 5.21227e-05
eec: 54.5386
weight: 4.50413e-05
eec: 1065.07
weight: 3.46084e-05
eec: 42.6336
weight: 1.05938e-05
eec: 622.333
weight: 4.48327e-06
eec: 1014.29
weight: 5.96023e-05
eec: 339.479
weight: 1.8193e-05
eec: 1095.46
weight: 0.000135842
eec: 457.108
weight: 0.000119842
eec: 539.572
weight: 3.81788e-05
eec: 1384.36
weight: 0.000100372
eec: 774.761
weight: 1.82707e-05
eec: 662.221
weight: 1.73393e-05
eec: 2243.01
weight: 0.000111659
eec: 458.683
weight: 2.49342e-05
eec: 1751.8
weight: 1.18515e-07
eec: 355.788
weight: 0.000118882
eec: 309.425
weight: 5.69297e-06
eec: 333.719
weight: 1.91643e-05
eec: 287.964
weight: 3.38623e-06
eec: 296.535
weight: 0.000464304
eec: 239.706
weight: 7.34944e-06
eec: 469.345
weight: 9.66233e-05
eec: 226.052
weight: 2.35141e-05
eec: 284.703
weight: 5.37839e-07
eec: 721.266
weight: 1.77882e-06
eec: 1405.35
weight: 1.88581e-05
eec: 1439.41
weight: 0.000126997
eec: 578.952
weight: 9.0741e-05
eec: 41.5843
weight: 6.79473e-06
eec: 69.3454
weight: 3.20426e-07
eec: 1585.58
weight: 3.20426e-07
eec: 176.807
weight: 1.23963e-05
eec: 260.978
weight: 8.18063e-06
eec: 663.269
weight: 2.7157e-05
eec: 124.464
weight: 4.70771e-06
eec: 672.099
weight: 0.000145041
eec: 148.513
weight: 4.51607e-05
eec: 1364.3
weight: 0.000880367
eec: 700.038
weight: 1.95669e-06
eec: 1739.63
weight: 4.372e-07
eec: 1404.12
weight: 0.000185705
eec: 38.8963
weight: 2.20609e-06
eec: 1471.61
weight: 2.13937e-05
eec: 567.808
weight: 1.04107e-05
eec: 1747.04
weight: 0.000212871
eec: 658.265
weight: 0.00012412
eec: 840.184
weight: 0.000104309
eec: 247.162
weight: 3.48603e-05
eec: 1078.05
weight: 3.19476e-05
eec: 567.706
weight: 0.000151583
eec: 348.878
weight: 4.15195e-06
eec: 41.3535
Processing: 22.5 %weight: 2.32111e-05
eec: 251.218
weight: 0.000150886
eec: 852.852
weight: 8.26952e-06
eec: 188.021
weight: 0.000138484
eec: 144.798
weight: 0.000711344
eec: 580.524
weight: 0.000357402
eec: 54.7919
weight: 2.49715e-07
eec: 119.716
weight: 0.000166544
eec: 321.298
weight: 0.000390695
eec: 991.642
weight: 9.07887e-06
eec: 384.312
weight: 1.5557e-05
eec: 96.9409
weight: 3.47261e-06
eec: 372.746
weight: 4.56446e-06
eec: 215.81
weight: 4.35029e-06
eec: 2054.56
weight: 1.68543e-05
eec: 402.814
weight: 1.53909e-05
eec: 271.342
weight: 0.000152743
eec: 548.199
weight: 5.6346e-05
eec: 547.58
weight: 6.94735e-06
eec: 123.621
weight: 0.000394032
eec: 461.009
weight: 3.47978e-05
eec: 612.136
weight: 3.30302e-06
eec: 88.617
weight: 2.14453e-06
eec: 1422.84
weight: 6.18529e-06
eec: 185.967
weight: 2.42715e-06
eec: 1694.06
weight: 0.000682113
eec: 152.191
weight: 1.6492e-05
eec: 160.389
weight: 4.02743e-06
eec: 302.6
weight: 2.16105e-07
eec: 348.924
weight: 6.39377e-06
eec: 73.4231
weight: 2.79803e-05
eec: 210.746
weight: 9.10941e-06
eec: 400.739
weight: 0.000438785
eec: 20.9256
weight: 6.3224e-06
eec: 2172.18
weight: 3.77262e-06
eec: 118.912
weight: 2.41484e-05
eec: 420.649
weight: 1.51496e-06
eec: 966.319
weight: 2.44477e-06
eec: 466.205
weight: 5.27996e-05
eec: 1261.28
weight: 0.000103328
eec: 751.42
weight: 1.64611e-06
eec: 424.344
weight: 0.000176814
eec: 849.493
weight: 2.96537e-05
eec: 52.6943
weight: 6.56368e-05
eec: 195.597
weight: 7.42598e-05
eec: 838.05
weight: 1.80959e-05
eec: 375.756
weight: 1.80959e-05
eec: 420.67
weight: 5.38866e-06
eec: 562.569
weight: 3.46599e-05
eec: 1156.02
weight: 3.44503e-07
eec: 206.475
weight: 9.0699e-06
eec: 536.51
weight: 5.50826e-05
eec: 269.492
weight: 1.64804e-06
eec: 1809.88
weight: 1.24873e-05
eec: 2140.19
weight: 3.93994e-05
eec: 342.656
weight: 2.76793e-05
eec: 1914.81
weight: 4.3762e-05
eec: 1251.87
weight: 0.000145744
eec: 166.578
weight: 0.000625008
eec: 117.753
weight: 6.09879e-06
eec: 826.889
weight: 3.03553e-05
eec: 73.1826
weight: 7.26876e-05
eec: 435.509
weight: 4.39295e-05
eec: 302.01
weight: 0.000398905
eec: 420.953
weight: 6.82442e-05
eec: 277.904
weight: 4.73436e-05
eec: 1016.83
weight: 4.9549e-05
eec: 75.7153
weight: 1.04979e-05
eec: 236.267
weight: 3.73602e-05
eec: 1119
weight: 0.000113845
eec: 225.527
weight: 2.38205e-05
eec: 1057.98
weight: 3.93077e-06
eec: 104.868
weight: 2.89192e-05
eec: 1247.17
weight: 3.46577e-05
eec: 515.473
weight: 3.87482e-06
eec: 576.781
weight: 2.26562e-05
eec: 564.583
weight: 9.7475e-06
eec: 146.823
weight: 0.000288866
eec: 39.8371
weight: 6.782e-05
eec: 143.507
weight: 0.00011725
eec: 363.432
weight: 4.15003e-05
eec: 414.428
weight: 2.66343e-05
eec: 864.136
weight: 2.07785e-05
eec: 47.3556
weight: 3.62341e-06
eec: 105.972
weight: 8.52467e-05
eec: 139.837
weight: 0.000274536
eec: 472.867
weight: 2.38622e-05
eec: 104.485
weight: 5.31621e-06
eec: 1721.84
weight: 1.85721e-05
eec: 119.053
weight: 6.35579e-05
eec: 161.431
weight: 0.000155606
eec: 421.818
weight: 6.08746e-05
eec: 76.4343
weight: 3.63291e-05
eec: 480.868
weight: 1.7548e-05
eec: 1207.99
weight: 2.85702e-05
eec: 544.471
weight: 7.09506e-06
eec: 775.005
weight: 7.12468e-05
eec: 190.101
weight: 7.54062e-05
eec: 1004.73
weight: 0.000113023
eec: 200.917
weight: 8.47556e-06
eec: 552.82
weight: 7.11716e-06
eec: 9.41462
weight: 9.21637e-06
eec: 633.807
weight: 0.000800485
eec: 311.53
weight: 1.05846e-05
eec: 69.6716
weight: 0.000152415
eec: 126.876
weight: 0.000656483
eec: 312.464
weight: 8.96333e-05
eec: 83.1415
weight: 1.68157e-05
eec: 1468.98
weight: 5.79871e-06
eec: 1083.69
weight: 0.000155414
eec: 2262.9
weight: 4.48824e-06
eec: 960.612
weight: 4.24167e-05
eec: 1177.52
weight: 7.14068e-06
eec: 4992.28
weight: 0.000166835
eec: 203.06
weight: 4.02705e-05
eec: 194.01
weight: 4.95203e-05
eec: 399.726
weight: 3.13476e-06
eec: 917.233
weight: 5.20725e-06
eec: 694.547
weight: 0.000794946
eec: 495.283
weight: 1.14506e-07
eec: 1109.57
weight: 1.98529e-05
eec: 129.569
weight: 7.08651e-07
eec: 130.981
weight: 0.000242777
eec: 155.609
weight: 4.97701e-05
eec: 134.155
weight: 2.58163e-07
eec: 144.455
weight: 4.36675e-05
eec: 919.723

ROOT exit code = 0
