gSystem->Load("run_condor_job_Run3_C.so");
run_condor_job_Run3(573, 100, 2,
                    80, 200,
                    1, 1, 1, 5);
.q

ENTERED run_condor_job_Run3()
JOBID = 573
  global job = 573  Job 73/100  events [4380000, 4440000)  total=6000000
Processing events [4380000, 4440000) of 6000000
weight: 3.65785e-05
eec: 245.97
weight: 2.92222e-06
eec: 746.19
weight: 1.15114e-05
eec: 169.965
weight: 0.000157361
eec: 103.626
weight: 2.42902e-06
eec: 576.991
weight: 1.21281e-05
eec: 65.8569
weight: 2.9579e-05
eec: 802.159
weight: 8.95547e-06
eec: 69.459
weight: 5.02606e-05
eec: 27.9582
weight: 8.73014e-06
eec: 437.1
weight: 2.48771e-05
eec: 10.2485
weight: 3.5105e-05
eec: 1542.52
weight: 7.50076e-05
eec: 292.273
weight: 3.84959e-05
eec: 213.331
weight: 6.44244e-05
eec: 482.14
weight: 0.00191493
eec: 37.8917
weight: 5.92092e-05
eec: 895.653
weight: 1.53367e-05
eec: 715.167
weight: 5.2045e-07
eec: 305.9
weight: 9.93121e-05
eec: 447.433
weight: 8.21403e-05
eec: 167.944
weight: 5.02411e-05
eec: 48.6285
weight: 2.73637e-05
eec: 1140.08
weight: 5.72677e-05
eec: 325.13
weight: 2.57046e-05
eec: 668.719
weight: 0.000120527
eec: 139.835
weight: 0.000168287
eec: 77.5362
weight: 1.44772e-05
eec: 864.58
weight: 2.32564e-06
eec: 141.002
weight: 7.30559e-06
eec: 1552.24
weight: 3.23438e-05
eec: 590.737
weight: 6.10762e-05
eec: 361.171
weight: 5.07989e-06
eec: 843.782
weight: 5.08049e-07
eec: 860.673
weight: 1.10531e-05
eec: 354.02
weight: 0.000304949
eec: 296.747
weight: 8.02983e-05
eec: 59.561
weight: 5.98652e-07
eec: 1612.32
weight: 1.89801e-05
eec: 190.366
weight: 1.07087e-05
eec: 82.6611
weight: 6.72715e-06
eec: 323.725
weight: 2.07266e-05
eec: 587.598
weight: 1.67234e-05
eec: 3056.15
weight: 2.91519e-06
eec: 630.151
weight: 2.91519e-06
eec: 70.7927
weight: 2.71506e-05
eec: 1139.96
weight: 0.000172682
eec: 808.612
weight: 0.00112848
eec: 250.881
weight: 0.000119491
eec: 97.4155
weight: 3.21075e-05
eec: 96.4863
weight: 1.94765e-05
eec: 1263.21
weight: 0.000287842
eec: 64.6351
weight: 1.44853e-05
eec: 468.177
weight: 4.18909e-06
eec: 303.619
weight: 8.55449e-05
eec: 240.284
weight: 3.23933e-06
eec: 37.73
weight: 0.000183863
eec: 333.232
weight: 4.07336e-06
eec: 93.4533
weight: 8.36224e-05
eec: 41.5103
weight: 0.000410388
eec: 1006.4
weight: 0.000104786
eec: 431.57
weight: 6.87393e-05
eec: 928.055
weight: 1.40567e-05
eec: 13.7654
weight: 0.000358766
eec: 128.9
weight: 0.000381634
eec: 297.003
weight: 3.54864e-05
eec: 1026.11
weight: 5.76463e-05
eec: 1107.82
weight: 4.43427e-05
eec: 273.435
weight: 9.05576e-06
eec: 1465.63
weight: 1.28965e-05
eec: 1582
weight: 7.86497e-06
eec: 192.286
weight: 7.30871e-05
eec: 114.83
weight: 2.94774e-06
eec: 110.132
weight: 1.49009e-05
eec: 2852.74
weight: 7.41901e-06
eec: 81.7375
weight: 2.3199e-05
eec: 813.682
weight: 1.12709e-05
eec: 634.704
weight: 1.89977e-06
eec: 337.416
weight: 1.12613e-05
eec: 453.68
weight: 4.47332e-05
eec: 156.915
weight: 0.00021696
eec: 598.471
weight: 4.15472e-07
eec: 762.138
weight: 0.00118607
eec: 299.453
weight: 4.08719e-06
eec: 409.831
weight: 0.000110411
eec: 342.682
weight: 1.49392e-05
eec: 639.066
weight: 7.42831e-05
eec: 34.7544
weight: 3.74403e-05
eec: 252.585
weight: 8.49959e-05
eec: 144.01
weight: 1.03965e-05
eec: 411.11
weight: 9.4353e-06
eec: 257.22
Processing: 73.3333 %weight: 4.89946e-05
eec: 632.804
weight: 9.78884e-05
eec: 420.591
weight: 1.20832e-06
eec: 808.607
weight: 1.25618e-05
eec: 1205.28
weight: 7.43561e-05
eec: 685.688
weight: 4.65787e-05
eec: 47.7856
weight: 2.78825e-05
eec: 513.749
weight: 5.63185e-05
eec: 1929.68
weight: 0.000103414
eec: 1017.98
weight: 0.00026196
eec: 711.695
weight: 2.2585e-06
eec: 94.8307
weight: 1.93509e-05
eec: 248.631
weight: 4.74744e-05
eec: 352.473
weight: 3.62745e-06
eec: 766.751
weight: 4.30813e-05
eec: 196.529
weight: 5.69886e-06
eec: 216.165
weight: 0.000170379
eec: 2116.41
weight: 0.000348991
eec: 59.6809
weight: 0.000134777
eec: 230.842
weight: 3.30996e-05
eec: 92.4059
weight: 8.59238e-05
eec: 2751.29
weight: 7.78438e-07
eec: 1362.42
weight: 2.36616e-05
eec: 88.0471
weight: 1.97343e-07
eec: 732.476
weight: 3.87954e-07
eec: 236.846
weight: 3.07796e-06
eec: 922.297
weight: 6.82733e-06
eec: 82.6925
weight: 2.82992e-05
eec: 821.949
weight: 1.41219e-05
eec: 2699.51
weight: 6.98099e-06
eec: 12.7091
weight: 8.70071e-07
eec: 1787.77
weight: 2.69309e-06
eec: 5863.93
weight: 1.10676e-05
eec: 309.404
weight: 4.13214e-05
eec: 463.726
weight: 1.89582e-07
eec: 351.575
weight: 3.73596e-06
eec: 899.069
weight: 1.85163e-05
eec: 535.796
weight: 2.87754e-06
eec: 1884.6
weight: 6.07385e-06
eec: 819.215
weight: 6.11976e-05
eec: 406.5
weight: 1.24606e-05
eec: 47.9104
weight: 3.57077e-05
eec: 150.735
weight: 1.81364e-05
eec: 147.737
weight: 6.95557e-07
eec: 425.966
weight: 8.02198e-06
eec: 81.0985
weight: 0.000139275
eec: 626.431
weight: 1.45449e-05
eec: 371.699
weight: 5.71243e-05
eec: 402.518
weight: 0.000875905
eec: 153.588
weight: 5.9528e-05
eec: 968.995
weight: 6.15646e-05
eec: 167.193
weight: 1.06947e-05
eec: 94.6212
weight: 3.51074e-06
eec: 458.459
weight: 1.30872e-05
eec: 1573.91
weight: 6.54623e-06
eec: 250.949
weight: 6.70595e-06
eec: 1414.7
weight: 7.38471e-06
eec: 1051.12
weight: 4.14042e-05
eec: 765.181
weight: 4.15938e-06
eec: 382.192
weight: 9.6409e-06
eec: 28.0857
weight: 8.62664e-05
eec: 1659.48
weight: 0.00014988
eec: 65.9907
weight: 0.000554857
eec: 93.8103
weight: 9.08143e-06
eec: 163.295
weight: 1.29742e-05
eec: 40.3007
weight: 1.01691e-05
eec: 251.011
weight: 3.59042e-05
eec: 3325.32
weight: 2.09691e-05
eec: 277.293
weight: 8.89536e-05
eec: 1054.42
weight: 6.27722e-07
eec: 70.015
weight: 5.45264e-06
eec: 632.361
weight: 3.91843e-05
eec: 1027.48
weight: 4.88158e-06
eec: 1924.23
weight: 3.65174e-06
eec: 75.5305
weight: 0.000280085
eec: 72.1394
weight: 2.78186e-06
eec: 904.389
weight: 7.98535e-06
eec: 124.76
weight: 2.20154e-05
eec: 459.329
weight: 3.82755e-06
eec: 150.662
weight: 3.57662e-06
eec: 65.7134
weight: 1.52835e-05
eec: 237.148
weight: 1.70145e-05
eec: 808.312
weight: 9.23229e-06
eec: 447.099
weight: 1.52726e-05
eec: 632.529
weight: 0.00012594
eec: 447.916
weight: 1.74053e-05
eec: 588.398
weight: 0.000230749
eec: 692.397
weight: 3.11964e-05
eec: 976.607
weight: 0.000448528
eec: 96.3112
weight: 0.000810823
eec: 554.009
weight: 1.10837e-05
eec: 245.035
weight: 0.000121669
eec: 1612.21
weight: 1.08819e-05
eec: 797.217
weight: 1.77243e-05
eec: 214.623
weight: 1.26186e-05
eec: 461.525
weight: 0.00221565
eec: 194.664
weight: 2.51878e-06
eec: 791.797
weight: 0.000223131
eec: 798.861
weight: 0.000145006
eec: 546.119
weight: 0.000200108
eec: 717.162
weight: 6.7401e-06
eec: 878.304
weight: 6.29351e-06
eec: 2360.54
weight: 9.98701e-05
eec: 194.981
weight: 0.000102426
eec: 344.829
weight: 9.05127e-05
eec: 37.2412
weight: 0.000118349
eec: 252.869
weight: 8.45167e-06
eec: 1492.61
weight: 4.24867e-06
eec: 1084.16
weight: 7.98997e-05
eec: 732.109
weight: 0.000707173
eec: 288.734
weight: 0.000119896
eec: 168.945
weight: 5.96672e-06
eec: 2226.57
weight: 0.00175644
eec: 430.604
weight: 1.24373e-05
eec: 144.258
weight: 0.000137643
eec: 120.898
weight: 2.65361e-05
eec: 254.027
weight: 3.90064e-05
eec: 357.677
weight: 0.000159245
eec: 806.671
weight: 2.9581e-06
eec: 77.7369
weight: 1.0767e-05
eec: 640.669
weight: 1.13217e-05
eec: 1050.74
weight: 2.32049e-05
eec: 495.428
weight: 0.000210071
eec: 436.978
weight: 1.04779e-05
eec: 1328.27
weight: 0.00034677
eec: 70.4272
weight: 1.57419e-06
eec: 660.544
weight: 4.8728e-05
eec: 55.3832
weight: 6.00752e-05
eec: 745.956
weight: 5.37326e-05
eec: 41.0484
weight: 0.000115852
eec: 1497.09
weight: 2.19192e-05
eec: 1022.06
weight: 7.30107e-07
eec: 305.696
weight: 0.000145055
eec: 97.5895
weight: 0.00047353
eec: 1345.28
weight: 6.82893e-06
eec: 316.171
weight: 0.000115044
eec: 405.284
weight: 1.38343e-06
eec: 127.646
weight: 1.26483e-05
eec: 562.7
weight: 1.46957e-05
eec: 661.951
weight: 1.38883e-05
eec: 328.326
weight: 1.69436e-05
eec: 874.661
weight: 1.94447e-05
eec: 2505.01
weight: 0.00046696
eec: 128.332
weight: 0.000138165
eec: 184.282
weight: 2.16993e-05
eec: 971.325
weight: 0.000156225
eec: 1906.2
weight: 5.10193e-05
eec: 376.984
weight: 0.0001488
eec: 334.744
weight: 5.27379e-06
eec: 87.4564
weight: 1.92285e-05
eec: 101.671
weight: 2.34315e-05
eec: 735.419
weight: 1.28647e-05
eec: 236.78
weight: 2.31839e-06
eec: 2222.7
weight: 9.34855e-05
eec: 86.447
weight: 2.69678e-05
eec: 226.247
weight: 3.76292e-05
eec: 1151.56
weight: 1.49672e-05
eec: 617.453
weight: 5.17861e-05
eec: 410.445
weight: 1.76888e-06
eec: 439.071
weight: 8.74676e-05
eec: 409.386
weight: 0.000224562
eec: 112.602
weight: 5.1165e-06
eec: 3085.13

ROOT exit code = 0
