gSystem->Load("run_condor_job_Run3_C.so");
run_condor_job_Run3(16, 100, 2,
                    80, 200,
                    1, 1, 1, 0);
.q

ENTERED run_condor_job_Run3()
JOBID = 16
  global job = 16  Job 16/100  events [959040, 1018980)  total=5994000
Processing events [959040, 1018980) of 5994000
weight: 1.70772e-06
eec: 215.083
weight: 3.58681e-06
eec: 2929.79
weight: 4.16359e-06
eec: 1052.79
weight: 0.000330187
eec: 892.893
weight: 2.06197e-05
eec: 639.712
weight: 3.92435e-06
eec: 515.801
weight: 6.33962e-05
eec: 507.86
weight: 0.000155149
eec: 81.3755
weight: 1.24638e-05
eec: 259.829
weight: 9.14062e-05
eec: 242.885
weight: 2.9956e-05
eec: 836.182
weight: 2.91053e-05
eec: 449.211
weight: 0.000257286
eec: 107.998
weight: 1.78087e-06
eec: 859.136
weight: 3.06062e-07
eec: 145.911
weight: 6.50295e-05
eec: 263.697
weight: 2.61544e-05
eec: 332.734
weight: 6.30808e-07
eec: 345.274
weight: 2.25431e-05
eec: 235.579
weight: 7.98557e-06
eec: 1883.13
weight: 0.000170554
eec: 403.621
weight: 3.5434e-07
eec: 557.365
weight: 4.48008e-06
eec: 90.0638
weight: 2.43638e-05
eec: 554.725
weight: 3.66104e-05
eec: 318.402
weight: 0.000607651
eec: 128.034
weight: 3.93116e-07
eec: 108.611
weight: 3.08583e-05
eec: 263.937
weight: 0.000129628
eec: 628.062
weight: 6.27748e-06
eec: 1671.61
weight: 0.000253574
eec: 323.826
weight: 9.66652e-05
eec: 2076.7
weight: 0.000211284
eec: 816.956
weight: 2.42783e-05
eec: 237.344
weight: 2.51474e-05
eec: 199.857
weight: 5.15358e-05
eec: 69.8235
weight: 0.000388898
eec: 150.16
weight: 4.33751e-06
eec: 220.387
weight: 9.56401e-05
eec: 210.687
weight: 5.91417e-06
eec: 23.3347
weight: 2.8435e-05
eec: 1490.81
weight: 6.41931e-06
eec: 49.169
weight: 2.82425e-05
eec: 274.801
weight: 1.83642e-05
eec: 345.037
weight: 4.89394e-05
eec: 261.269
weight: 2.76261e-06
eec: 727.81
weight: 1.40398e-05
eec: 375.208
weight: 3.4744e-06
eec: 306.709
weight: 3.96364e-05
eec: 256.873
weight: 6.09808e-05
eec: 64.8555
weight: 9.44915e-06
eec: 415.106
weight: 0.000565566
eec: 313.334
weight: 1.4209e-05
eec: 87.7217
weight: 0.000121589
eec: 607.045
weight: 0.000152432
eec: 42.4802
weight: 1.53017e-06
eec: 197.284
weight: 0.00033049
eec: 263.331
weight: 3.82086e-05
eec: 1995.27
weight: 1.52195e-05
eec: 611.799
weight: 1.22212e-05
eec: 170.008
weight: 5.76965e-07
eec: 2165.88
weight: 3.60835e-06
eec: 1710.88
weight: 1.81477e-05
eec: 234.239
weight: 2.66595e-05
eec: 116.593
weight: 0.000336157
eec: 486.597
weight: 6.76625e-05
eec: 211.064
weight: 0.000109217
eec: 998.101
weight: 0.000686491
eec: 924.909
weight: 9.30654e-05
eec: 956.314
weight: 0.000226928
eec: 90.1815
weight: 2.14545e-05
eec: 735.946
weight: 0.000137136
eec: 256.914
weight: 5.12186e-05
eec: 1388.48
weight: 4.65927e-05
eec: 170.054
weight: 0.00020285
eec: 26.5026
weight: 1.62993e-05
eec: 48.0594
weight: 6.04525e-06
eec: 99.3114
weight: 5.41343e-05
eec: 443.019
weight: 7.05606e-07
eec: 2364.2
weight: 7.16649e-06
eec: 210.044
weight: 2.59827e-05
eec: 995.106
weight: 8.95269e-05
eec: 152.735
weight: 0.000735316
eec: 208.411
weight: 1.39603e-05
eec: 552.915
weight: 0.000153587
eec: 442.374
weight: 0.000179007
eec: 693.41
weight: 2.04297e-05
eec: 832.629
weight: 7.79239e-06
eec: 406.235
weight: 1.25525e-05
eec: 692.039
weight: 7.25523e-05
eec: 750.434
weight: 4.13569e-05
eec: 40.623
weight: 5.77974e-07
eec: 44.9682
weight: 1.60635e-05
eec: 2303.7
weight: 1.07873e-05
eec: 244.161
weight: 9.36829e-08
eec: 98.1994
weight: 4.13039e-07
eec: 120.959
weight: 2.74926e-05
eec: 857.746
weight: 0.00018982
eec: 564.845
weight: 1.22773e-05
eec: 4922.08
weight: 0.000105447
eec: 370.557
weight: 8.77053e-05
eec: 1633.96
weight: 9.88606e-05
eec: 797.661
weight: 4.15997e-05
eec: 1437.67
weight: 2.91875e-05
eec: 280.289
weight: 0.000147472
eec: 1513.88
weight: 8.24354e-06
eec: 207.844
weight: 2.93359e-05
eec: 1642.95
weight: 1.99789e-06
eec: 410.381
weight: 2.87867e-05
eec: 957.382
weight: 0.00057238
eec: 1683.72
weight: 7.97032e-06
eec: 199.314
weight: 2.65507e-05
eec: 689.133
weight: 2.81959e-05
eec: 1077.42
weight: 1.43224e-05
eec: 1086.93
weight: 8.80383e-06
eec: 211.836
weight: 6.84792e-06
eec: 116.011
weight: 0.000102937
eec: 549.837
weight: 1.4775e-05
eec: 1165.79
weight: 2.21738e-05
eec: 133.253
weight: 4.87392e-07
eec: 46.4426
weight: 0.000169858
eec: 1345.72
weight: 1.69408e-07
eec: 870.791
weight: 1.33606e-05
eec: 1148.07
weight: 5.25798e-06
eec: 165.869
weight: 2.44024e-07
eec: 980.98
weight: 2.16199e-05
eec: 3784.7
weight: 4.21603e-05
eec: 565.355
weight: 0.000124965
eec: 442.748
weight: 1.13983e-05
eec: 2722.69
weight: 1.18713e-06
eec: 76.0864
weight: 0.000112383
eec: 904.972
weight: 3.80686e-05
eec: 51.9216
weight: 0.000263212
eec: 804.265
weight: 8.25238e-06
eec: 256.644
weight: 1.03525e-05
eec: 718.681
weight: 2.13315e-05
eec: 1426.16
weight: 1.06392e-05
eec: 573.585
weight: 0.00032674
eec: 430.35
weight: 0.00019713
eec: 406.075
weight: 1.63365e-05
eec: 266.49
weight: 7.2588e-06
eec: 521.853
weight: 0.000122443
eec: 39.2994
weight: 2.25836e-05
eec: 92.8736
weight: 0.00102342
eec: 628.634
weight: 2.63997e-05
eec: 481.496
weight: 0.000254671
eec: 125.756
weight: 6.15274e-05
eec: 1400.71
weight: 6.10368e-07
eec: 373.564
weight: 7.19711e-05
eec: 530.509
weight: 2.21913e-05
eec: 295.749
weight: 4.08039e-06
eec: 1785.56
weight: 7.14802e-05
eec: 28.1564
weight: 8.25444e-07
eec: 135.708
weight: 8.8023e-05
eec: 141.351
weight: 2.18496e-05
eec: 1186.56
weight: 1.32074e-05
eec: 554.354
weight: 3.59661e-05
eec: 1270.31
weight: 1.15619e-05
eec: 129.307
weight: 0.0006162
eec: 320.477
weight: 1.38378e-05
eec: 147.924
weight: 1.94378e-05
eec: 813.182
weight: 9.59915e-05
eec: 132.027
weight: 4.94594e-06
eec: 169.076
weight: 6.20819e-05
eec: 248.532
weight: 4.40813e-05
eec: 794.604
weight: 7.57889e-06
eec: 292.946
weight: 3.53032e-05
eec: 117.703
weight: 1.87252e-05
eec: 384.429
weight: 2.79695e-05
eec: 55.8573
weight: 8.3239e-05
eec: 1021.92
Processing: 16.6834 %weight: 1.46357e-06
eec: 148.899
weight: 6.30803e-05
eec: 113.408
weight: 4.87474e-05
eec: 582.798
weight: 5.28205e-05
eec: 118.911
weight: 2.61724e-05
eec: 1038.84
weight: 1.74358e-05
eec: 329.592
weight: 1.22697e-05
eec: 3421.37
weight: 0.000100374
eec: 401.857
weight: 0.000766848
eec: 258.984
weight: 6.60406e-05
eec: 46.1266
weight: 1.82059e-05
eec: 716.122
weight: 7.51748e-05
eec: 176.839
weight: 2.20849e-05
eec: 144.358
weight: 4.5965e-05
eec: 88.675
weight: 5.28623e-06
eec: 232.832
weight: 2.88841e-06
eec: 99.4644
weight: 9.48222e-05
eec: 535.701
weight: 2.09099e-05
eec: 401.123
weight: 0.000196391
eec: 474.199
weight: 8.97844e-06
eec: 240.404
weight: 0.000654739
eec: 137.675
weight: 6.52645e-05
eec: 2346.18
weight: 0.000297451
eec: 424.315
weight: 6.28918e-05
eec: 443.081
weight: 8.43938e-05
eec: 357.106
weight: 5.50585e-05
eec: 1005.98
weight: 4.18725e-06
eec: 35.99
weight: 0.000138131
eec: 805.89
weight: 1.36412e-08
eec: 49.8626
weight: 3.38834e-05
eec: 1138.38
weight: 2.34547e-05
eec: 45.2425
weight: 2.78896e-06
eec: 2909.27
weight: 0.000935707
eec: 333.603
weight: 9.67774e-05
eec: 791.275
weight: 9.70298e-06
eec: 1627.98
weight: 1.52691e-05
eec: 639.808
weight: 6.47889e-05
eec: 481.154
weight: 0.00389974
eec: 353.052
weight: 9.91629e-05
eec: 304.72
weight: 5.65875e-05
eec: 280.974
weight: 2.36098e-05
eec: 937.587
weight: 3.95607e-06
eec: 1055.23
weight: 5.40491e-05
eec: 308.74
weight: 1.77876e-05
eec: 371.395
weight: 3.95895e-05
eec: 85.257
weight: 4.9197e-05
eec: 112.427
weight: 0.000118302
eec: 1251.6
weight: 3.81538e-06
eec: 132.361
weight: 0.000150399
eec: 135.153
weight: 1.16693e-05
eec: 918.349
weight: 4.44342e-06
eec: 458.219
weight: 5.22764e-05
eec: 114.96
weight: 3.64347e-05
eec: 228.875
weight: 4.19498e-05
eec: 551.307
weight: 0.000388038
eec: 87.6368
weight: 1.55099e-05
eec: 176.669
weight: 4.30544e-07
eec: 406.752
weight: 5.14369e-05
eec: 208.14
weight: 6.06202e-05
eec: 1178.89
weight: 1.11972e-05
eec: 1239.9
weight: 7.83441e-06
eec: 842.188
weight: 9.19459e-05
eec: 284.857
weight: 2.84965e-06
eec: 554.884
weight: 3.89735e-06
eec: 273.314
weight: 0.000120004
eec: 189.826
weight: 3.96782e-05
eec: 198.08
weight: 1.08935e-05
eec: 762.641
weight: 0.000183967
eec: 496.057
weight: 0.000547883
eec: 423.411
weight: 0.000204955
eec: 398.419
weight: 2.97047e-06
eec: 217.837
weight: 5.86923e-05
eec: 171.959
weight: 6.16145e-05
eec: 87.4397
weight: 0.000105991
eec: 791.177
weight: 5.6687e-06
eec: 452.439
weight: 2.46991e-05
eec: 215.084
weight: 7.00135e-06
eec: 522.944
weight: 4.58988e-05
eec: 23.0872
weight: 3.46891e-05
eec: 104.342
weight: 3.48066e-06
eec: 538.234
weight: 0.000629859
eec: 82.6265
weight: 3.12521e-05
eec: 101.948
weight: 1.75791e-05
eec: 766.773
weight: 0.000397025
eec: 846.024

ROOT exit code = 0
