gSystem->Load("run_condor_job_Run3_C.so");
run_condor_job_Run3(909, 100, 2,
                    80, 200,
                    1, 1, 1, 9);
.q

ENTERED run_condor_job_Run3()
JOBID = 909
  global job = 909  Job 9/100  events [535140, 594600)  total=5946000
Processing events [535140, 594600) of 5946000
weight: 8.63879e-06
eec: 2753.46
weight: 1.05277e-06
eec: 689.37
weight: 1.20168e-05
eec: 1026.38
weight: 9.15923e-06
eec: 592.906
weight: 0.00028217
eec: 589.337
weight: 7.99393e-05
eec: 206.386
weight: 1.55634e-05
eec: 4115.86
weight: 2.12599e-05
eec: 452.697
weight: 2.1556e-05
eec: 981.451
weight: 1.44231e-05
eec: 927.614
weight: 0.000277934
eec: 497.001
weight: 5.2058e-06
eec: 866.156
weight: 2.93488e-05
eec: 93.2682
weight: 3.03462e-08
eec: 102.402
weight: 0.000190594
eec: 672.848
weight: 0.000128048
eec: 143.388
weight: 3.1596e-05
eec: 466.665
weight: 7.28576e-06
eec: 124.756
weight: 1.42003e-05
eec: 239.352
weight: 5.42881e-06
eec: 52.4513
weight: 1.73791e-05
eec: 91.9974
weight: 1.9913e-05
eec: 466.514
weight: 1.45651e-05
eec: 2171.43
weight: 5.18634e-05
eec: 215.552
weight: 1.66956e-05
eec: 1585.51
weight: 0.000200293
eec: 169.895
weight: 5.95062e-06
eec: 12.6469
weight: 7.03e-06
eec: 1104.91
weight: 0.000162297
eec: 666.837
weight: 7.91046e-06
eec: 588.161
weight: 6.05529e-05
eec: 887.805
weight: 4.56819e-06
eec: 267.151
weight: 3.0932e-05
eec: 2440
weight: 0.000113355
eec: 320.228
weight: 5.31452e-06
eec: 172.814
weight: 2.60856e-06
eec: 115.199
weight: 1.88043e-05
eec: 251.292
weight: 1.89588e-05
eec: 595.276
weight: 6.79214e-05
eec: 337.97
weight: 5.12191e-06
eec: 1318.4
weight: 0.000170042
eec: 437.849
weight: 0.00016265
eec: 778.764
weight: 2.76511e-06
eec: 101.438
weight: 0.000121698
eec: 286.673
weight: 0.000108984
eec: 121.569
weight: 3.54909e-05
eec: 528.09
weight: 0.000103565
eec: 163.524
weight: 4.9799e-05
eec: 1223.4
weight: 7.79534e-05
eec: 484.164
weight: 4.81359e-06
eec: 711.279
weight: 7.24361e-06
eec: 203.213
weight: 1.70333e-05
eec: 872.526
weight: 4.82056e-05
eec: 1244.46
weight: 2.9578e-07
eec: 364.081
weight: 0.000124397
eec: 81.6795
weight: 3.63228e-06
eec: 19.6856
weight: 2.49e-06
eec: 1860.8
Processing: 9.24992 %weight: 0.000128277
eec: 1329.31
weight: 2.08389e-05
eec: 329.57
weight: 1.07186e-05
eec: 161.228
weight: 8.97469e-06
eec: 192.945
weight: 0.000112995
eec: 40.7137
weight: 1.01708e-05
eec: 1311.2
weight: 3.76046e-05
eec: 695.753
weight: 7.06273e-06
eec: 516.06
weight: 4.24813e-05
eec: 256.045
weight: 3.29383e-05
eec: 105.085
weight: 0.000164148
eec: 126.189
weight: 7.64368e-05
eec: 166.586
weight: 0.000196541
eec: 258.751
weight: 4.14063e-05
eec: 199.987
weight: 0.000632368
eec: 271.557
weight: 3.48155e-05
eec: 168.415
weight: 3.14249e-05
eec: 78.8531
weight: 1.08064e-05
eec: 621.231
weight: 3.24625e-07
eec: 703.591
weight: 1.99437e-05
eec: 20.3573
weight: 5.26942e-05
eec: 96.3177
weight: 1.08854e-07
eec: 153.946
weight: 9.3819e-05
eec: 10.4099
weight: 0.00012244
eec: 590.105
weight: 7.44365e-06
eec: 167.962
weight: 2.16966e-05
eec: 791.02
weight: 7.06218e-05
eec: 272.407
weight: 1.65765e-05
eec: 130.161
weight: 1.91248e-06
eec: 731.157
weight: 7.2775e-06
eec: 2858.17
weight: 6.4647e-05
eec: 112.781
weight: 8.16722e-05
eec: 158.5
weight: 9.79955e-07
eec: 60.59
weight: 2.04822e-05
eec: 2365.97
weight: 2.77073e-05
eec: 1847.45
weight: 1.59143e-05
eec: 2515.59
weight: 2.25886e-05
eec: 495.222
weight: 6.63441e-05
eec: 16.8983
weight: 1.24816e-05
eec: 441.005
weight: 4.51566e-06
eec: 1027.85
weight: 2.48462e-06
eec: 182.327
weight: 3.57381e-05
eec: 87.1814
weight: 7.20372e-05
eec: 40.1413
weight: 9.08846e-06
eec: 107.518
weight: 1.7311e-06
eec: 489.866
weight: 1.59615e-05
eec: 270.286
weight: 1.60974e-06
eec: 2376.51
weight: 4.0968e-06
eec: 1049.43
weight: 1.37888e-05
eec: 520.822
weight: 9.91362e-05
eec: 54.7841
weight: 1.28437e-05
eec: 361.515
weight: 7.44101e-05
eec: 281.504
weight: 2.70636e-06
eec: 158.624
weight: 0.000199498
eec: 726.903
weight: 3.74413e-05
eec: 725.66
weight: 0.000102205
eec: 96.6509
weight: 6.13246e-07
eec: 1179.42
weight: 0.000281816
eec: 16.879
weight: 0.000172363
eec: 555.93
weight: 3.09172e-07
eec: 389.795
weight: 0.000110221
eec: 655.472
weight: 7.11687e-06
eec: 1536.98
weight: 0.000178476
eec: 635.272
weight: 2.46094e-05
eec: 418.027
weight: 6.78516e-06
eec: 25.3043
weight: 7.86656e-07
eec: 4801.05
weight: 2.48879e-05
eec: 267.205
weight: 4.35384e-05
eec: 2500.07
weight: 4.10782e-05
eec: 255.028
weight: 4.52485e-06
eec: 5353.31
weight: 7.92091e-06
eec: 226.698
weight: 3.79106e-05
eec: 1433.19
weight: 9.19493e-06
eec: 127.479
weight: 3.25569e-05
eec: 302.2
weight: 5.15097e-05
eec: 156.849
weight: 1.93289e-05
eec: 2045.66
weight: 0.000108991
eec: 939.894
weight: 1.89852e-05
eec: 99.5459
weight: 2.50439e-05
eec: 110.455
weight: 0.000178329
eec: 522.034
weight: 4.05019e-06
eec: 164.085
weight: 2.14801e-05
eec: 378.959
weight: 0.000104203
eec: 1463.39
weight: 0.000264049
eec: 450.998
weight: 7.6067e-06
eec: 2500.43
weight: 9.11561e-05
eec: 806.887
weight: 1.5754e-07
eec: 1133.28
weight: 4.8819e-06
eec: 320.759
weight: 1.06228e-05
eec: 54.5794
weight: 6.35294e-06
eec: 410.571
weight: 6.28722e-05
eec: 72.7052
weight: 1.14228e-05
eec: 242.133
weight: 3.38324e-05
eec: 225.121
weight: 2.67026e-05
eec: 512.099
weight: 4.98277e-05
eec: 538.053
weight: 0.000251354
eec: 246.069
weight: 2.36151e-05
eec: 651.616
weight: 3.25181e-06
eec: 3881.94
weight: 0.000102198
eec: 103.632
weight: 3.32922e-06
eec: 1074.85
weight: 0.000217896
eec: 2243.57
weight: 0.00016117
eec: 215.442
weight: 2.97648e-05
eec: 38.6091
weight: 2.97648e-05
eec: 295.962
weight: 7.11315e-05
eec: 427.629
weight: 2.4927e-08
eec: 279.964
weight: 0.000471332
eec: 608.189
weight: 7.10246e-07
eec: 1351.41
weight: 3.28479e-06
eec: 1909.52
weight: 8.21302e-05
eec: 432.428
weight: 5.11589e-05
eec: 730.66
weight: 0.000105995
eec: 131.839
weight: 3.70071e-05
eec: 897.079
weight: 5.77493e-05
eec: 3383.91
weight: 8.50917e-06
eec: 53.7731
weight: 9.18438e-06
eec: 322.941
weight: 2.90373e-06
eec: 158.636
weight: 1.87544e-05
eec: 260.76
weight: 4.23548e-05
eec: 534.523
weight: 1.18209e-05
eec: 939.517
weight: 1.35925e-05
eec: 611.52
weight: 1.20309e-05
eec: 184.535
weight: 0.000284167
eec: 246.375
weight: 0.00016541
eec: 8.81711
weight: 3.66114e-05
eec: 963.039
weight: 4.49279e-05
eec: 114.681
weight: 1.16757e-05
eec: 212.174
weight: 0.000256544
eec: 265.513
weight: 2.3716e-05
eec: 1177.3
weight: 2.5235e-05
eec: 219.942
weight: 8.0199e-06
eec: 1374.73
weight: 6.24384e-05
eec: 176.492
weight: 7.49712e-07
eec: 272.812
weight: 6.5263e-06
eec: 137.499
weight: 8.41787e-06
eec: 784.625
weight: 0.000118755
eec: 38.2711
weight: 1.03605e-06
eec: 4485.78
weight: 0.000120741
eec: 623.695
weight: 5.65059e-05
eec: 1689.41
weight: 6.36894e-05
eec: 231.051
weight: 0.000432171
eec: 1640.78
weight: 3.05057e-06
eec: 325.337
weight: 0.000113533
eec: 116.708
weight: 2.29514e-05
eec: 561.188
weight: 1.05795e-05
eec: 117.346
weight: 0.000180771
eec: 497.488
weight: 1.02583e-05
eec: 2549.71
weight: 3.12342e-05
eec: 45.4124
weight: 7.07535e-06
eec: 611.417
weight: 1.508e-05
eec: 698.433
weight: 0.000166895
eec: 994.767
weight: 5.3316e-06
eec: 789.154
weight: 1.53685e-05
eec: 302.408
weight: 1.03284e-05
eec: 492.357
weight: 2.77279e-06
eec: 143.352
weight: 4.57038e-06
eec: 2682.81
weight: 0.000226197
eec: 334.237
weight: 2.21438e-05
eec: 444.577
weight: 0.000165745
eec: 71.1963
weight: 0.000840202
eec: 288.558
weight: 2.28417e-06
eec: 258.079
weight: 7.6717e-05
eec: 81.315
weight: 0.000158398
eec: 120.611
weight: 8.75164e-06
eec: 1535.64
weight: 4.69648e-05
eec: 824.861
weight: 0.000200133
eec: 345.115

ROOT exit code = 0
