gSystem->Load("run_condor_job_Run3_C.so");
run_condor_job_Run3(4, 100, 2,
                    80, 200,
                    1, 1, 1, 0);
.q

ENTERED run_condor_job_Run3()
JOBID = 4
  global job = 4  Job 4/100  events [239760, 299700)  total=5994000
Processing events [239760, 299700) of 5994000
weight: 0.000460747
eec: 237.007
weight: 1.10072e-05
eec: 131.452
weight: 6.2177e-05
eec: 108.625
weight: 0.000106565
eec: 39.3433
weight: 6.79292e-06
eec: 33.1507
weight: 2.21775e-06
eec: 1629.89
weight: 1.82459e-06
eec: 527.775
weight: 2.18417e-06
eec: 26.0113
weight: 9.50687e-06
eec: 246.535
weight: 3.16288e-05
eec: 824.152
weight: 8.55187e-06
eec: 2690.3
weight: 0.000147731
eec: 160.629
weight: 3.30162e-06
eec: 469.438
weight: 0.000295602
eec: 716.256
weight: 0.00038848
eec: 16.3853
weight: 4.98743e-06
eec: 280.371
weight: 5.11233e-05
eec: 600.728
weight: 9.94618e-06
eec: 902.026
weight: 0.000159562
eec: 67.5923
weight: 8.21027e-05
eec: 58.1354
weight: 1.70012e-05
eec: 133.665
weight: 7.95503e-05
eec: 404.802
weight: 0.000310475
eec: 798.333
weight: 1.39932e-05
eec: 952.985
weight: 4.68119e-05
eec: 330.551
weight: 0.000146268
eec: 383.993
weight: 1.57798e-05
eec: 112.669
weight: 7.45964e-06
eec: 508.134
weight: 1.92029e-07
eec: 445.516
weight: 5.40729e-05
eec: 1264.28
weight: 4.08455e-05
eec: 346.087
weight: 2.55978e-06
eec: 295.286
weight: 6.46067e-06
eec: 15.5323
weight: 5.50475e-05
eec: 58.1778
weight: 0.000145555
eec: 191.399
weight: 3.93154e-05
eec: 529.557
weight: 9.12524e-07
eec: 1155.03
weight: 1.07431e-05
eec: 427.253
Processing: 4.17084 %weight: 1.798e-05
eec: 2016.65
weight: 1.14905e-06
eec: 862.492
weight: 7.19003e-06
eec: 379.657
weight: 2.45374e-06
eec: 1965.88
weight: 4.76547e-05
eec: 670.598
weight: 5.32657e-07
eec: 472.824
weight: 4.92765e-05
eec: 95.9544
weight: 1.99509e-06
eec: 904.754
weight: 2.37825e-05
eec: 80.0482
weight: 4.02201e-05
eec: 552.661
weight: 1.39414e-05
eec: 1184.93
weight: 0.000148377
eec: 1025.87
weight: 0.000116923
eec: 109.265
weight: 1.93188e-05
eec: 844.906
weight: 1.02439e-05
eec: 444.161
weight: 4.69502e-05
eec: 436.956
weight: 2.82941e-06
eec: 1108.04
weight: 2.07976e-05
eec: 564.985
weight: 7.08228e-06
eec: 370.741
weight: 0.000143319
eec: 739.785
weight: 4.10817e-05
eec: 226.942
weight: 0.000140332
eec: 16.6106
weight: 9.29623e-05
eec: 1293.53
weight: 0.000229538
eec: 25.1452
weight: 2.35407e-05
eec: 816
weight: 6.64676e-05
eec: 294.155
weight: 1.12552e-05
eec: 894.755
weight: 1.76263e-06
eec: 1036.54
weight: 5.99621e-06
eec: 575.416
weight: 0.000119365
eec: 337.353
weight: 1.7699e-05
eec: 58.0285
weight: 3.81076e-05
eec: 135.423
weight: 1.56023e-05
eec: 53.9493
weight: 1.06051e-06
eec: 506.656
weight: 0.000347078
eec: 511.817
weight: 2.37088e-07
eec: 1319.95
weight: 1.71583e-07
eec: 69.6022
weight: 7.50783e-05
eec: 570.807
weight: 4.51704e-05
eec: 478.922
weight: 8.31222e-06
eec: 10.9475
weight: 2.80108e-05
eec: 2747.54
weight: 1.1072e-06
eec: 464.349
weight: 7.97616e-06
eec: 749.654
weight: 2.32646e-05
eec: 1498.25
weight: 5.08929e-05
eec: 192.95
weight: 7.02826e-06
eec: 869.799
weight: 3.59197e-05
eec: 212.139
weight: 0.000136394
eec: 1372.24
weight: 7.71704e-05
eec: 533.638
weight: 8.2847e-05
eec: 46.0758
weight: 1.14359e-05
eec: 56.4741
weight: 5.5071e-07
eec: 242.004
weight: 2.09175e-05
eec: 1025.5
weight: 0.000137929
eec: 53.8329
weight: 4.65852e-06
eec: 12.7943
weight: 1.75245e-06
eec: 928.916
weight: 5.31184e-05
eec: 373.873
weight: 2.99124e-05
eec: 514.364
weight: 1.57378e-05
eec: 181.325
weight: 9.49301e-05
eec: 456.071
weight: 1.26722e-05
eec: 231.221
weight: 1.23493e-06
eec: 225.613
weight: 0.000193448
eec: 102.312
weight: 6.04292e-06
eec: 49.8996
weight: 1.79942e-05
eec: 400.96
weight: 0.00132232
eec: 221.115
weight: 1.85141e-06
eec: 305.376
weight: 1.52073e-05
eec: 352.506
weight: 1.90491e-05
eec: 243.786
weight: 7.18172e-06
eec: 190.316
weight: 6.93417e-06
eec: 82.0923
weight: 1.73019e-05
eec: 117.199
weight: 0.000313782
eec: 731.422
weight: 3.90405e-05
eec: 586.791
weight: 1.94413e-06
eec: 76.5641
weight: 1.12004e-05
eec: 739.115
weight: 1.12004e-05
eec: 357.212
weight: 1.4665e-05
eec: 142.311
weight: 0.000136909
eec: 711.171
weight: 2.07211e-06
eec: 1271.37
weight: 2.19799e-06
eec: 1159.72
weight: 5.2625e-06
eec: 1702.65
weight: 8.76712e-06
eec: 310.926
weight: 5.5105e-05
eec: 295.237
weight: 2.98942e-05
eec: 232.85
weight: 3.49309e-05
eec: 899.347
weight: 1.34001e-05
eec: 1202.57
weight: 1.71406e-05
eec: 969.327
weight: 0.000108533
eec: 949.288
weight: 2.15574e-06
eec: 438.867
weight: 1.23706e-05
eec: 1335.74
weight: 1.54594e-05
eec: 269.787
weight: 1.16007e-05
eec: 1152.08
weight: 8.72474e-07
eec: 507.914
weight: 0.000148227
eec: 263.13
weight: 9.06978e-05
eec: 236.867
weight: 8.61883e-06
eec: 100.626
weight: 0.000209824
eec: 334.076
weight: 1.65352e-05
eec: 228.226
weight: 0.000101993
eec: 710.158
weight: 1.9834e-05
eec: 2080.78
weight: 3.28515e-05
eec: 539.588
weight: 2.18953e-05
eec: 484.637
weight: 1.69215e-05
eec: 2351.1
weight: 2.91038e-05
eec: 81.5142
weight: 1.87872e-06
eec: 97.4825
weight: 6.20406e-06
eec: 129.171
weight: 1.86265e-05
eec: 598.278
weight: 9.67156e-07
eec: 163.564
weight: 7.91404e-06
eec: 252.451
weight: 5.21983e-06
eec: 55.9905
weight: 2.89887e-06
eec: 922.922
weight: 2.18735e-05
eec: 664.634
weight: 0.000303254
eec: 169.781
weight: 0.00235727
eec: 276.905
weight: 3.24886e-06
eec: 404.03
weight: 2.4412e-05
eec: 564.133
weight: 0.000261587
eec: 97.5795
weight: 0.000406457
eec: 716.935
weight: 0.000139282
eec: 344.581
weight: 1.49069e-05
eec: 251.993
weight: 2.85427e-06
eec: 848.536
weight: 0.000407715
eec: 708.142
weight: 4.3416e-07
eec: 342.322
weight: 2.54227e-05
eec: 295.742
weight: 8.04958e-06
eec: 166.469
weight: 5.10723e-06
eec: 197.498
weight: 1.55899e-05
eec: 361.55
weight: 3.43657e-05
eec: 659.314
weight: 6.17661e-07
eec: 563.515
weight: 1.33102e-05
eec: 1829.96
weight: 2.49158e-05
eec: 296.328
weight: 1.76575e-06
eec: 250.104
weight: 0.000151358
eec: 531.604
weight: 7.07523e-06
eec: 212.301
weight: 3.36303e-06
eec: 216.507
weight: 0.000132163
eec: 96.6171
weight: 7.63881e-06
eec: 604.589
weight: 0.000151457
eec: 712.752
weight: 1.49844e-06
eec: 1143.95
weight: 6.37589e-05
eec: 1583.22
weight: 1.11448e-05
eec: 322.989
weight: 2.46049e-05
eec: 69.8294
weight: 1.64878e-05
eec: 118.384
weight: 2.15983e-05
eec: 1158.68
weight: 8.60832e-05
eec: 759.507
weight: 8.10342e-05
eec: 323.909
weight: 0.000703562
eec: 335.185
weight: 1.4883e-05
eec: 49.9343
weight: 7.25143e-05
eec: 553.92
weight: 3.71647e-06
eec: 641.34
weight: 6.49101e-05
eec: 1392.92
weight: 4.04281e-06
eec: 167.809
weight: 1.22555e-07
eec: 563.904
weight: 1.42612e-05
eec: 687.415
weight: 5.07767e-05
eec: 1056.72
weight: 1.0623e-05
eec: 173.757
weight: 2.05211e-06
eec: 244.742
weight: 2.63813e-05
eec: 90.8282
weight: 1.96603e-07
eec: 22.0189
weight: 2.63508e-05
eec: 2367.98
weight: 6.03889e-05
eec: 288.739
weight: 5.81182e-06
eec: 128.469
weight: 3.21996e-05
eec: 779.246
weight: 8.81327e-06
eec: 165.991
weight: 1.87331e-05
eec: 938.098
weight: 5.58728e-06
eec: 36.4113
weight: 1.70414e-05
eec: 1332.45
weight: 1.06182e-05
eec: 441.973
weight: 3.264e-06
eec: 296.282
weight: 0.000281605
eec: 97.6577
weight: 9.18338e-05
eec: 90.8302
weight: 7.633e-05
eec: 547.779
weight: 0.000128482
eec: 108.586
weight: 3.38099e-05
eec: 108.288
weight: 1.48195e-05
eec: 163.367
weight: 2.14502e-05
eec: 150.102
weight: 1.6006e-05
eec: 2634.87
weight: 9.33827e-05
eec: 427.911
weight: 1.2168e-05
eec: 438.437
weight: 3.22095e-05
eec: 73.4071
weight: 2.02353e-06
eec: 979.433
weight: 1.19014e-05
eec: 499.053
weight: 2.23061e-08
eec: 571.408
weight: 2.08623e-05
eec: 579.154
weight: 2.09095e-05
eec: 809.126
weight: 3.51352e-05
eec: 589.754
weight: 2.59744e-05
eec: 203.1
weight: 7.34865e-06
eec: 549.531
weight: 9.35723e-07
eec: 182.562
weight: 1.58064e-05
eec: 578.411
weight: 1.75731e-05
eec: 1245.73
weight: 9.24037e-06
eec: 50.3128
weight: 2.92139e-06
eec: 2477.42
weight: 0.000235975
eec: 108.346
weight: 1.37777e-05
eec: 300.37
weight: 5.10582e-05
eec: 617.408
weight: 4.52224e-05
eec: 120.4
weight: 2.76362e-08
eec: 741.914
weight: 6.56062e-05
eec: 478.553
weight: 3.57781e-06
eec: 435.814
weight: 7.99723e-05
eec: 1010.21
weight: 1.09672e-05
eec: 900.619
weight: 1.27719e-05
eec: 2238.42
weight: 2.62479e-05
eec: 583.182
weight: 0.000122891
eec: 428.88
weight: 3.5012e-06
eec: 1252.69
weight: 0.000197307
eec: 295.66
weight: 4.6064e-06
eec: 1282.47
weight: 0.000176427
eec: 352.464
weight: 9.75952e-06
eec: 2312.85
weight: 4.60323e-09
eec: 153.486
weight: 0.00050871
eec: 430.783
weight: 1.60833e-05
eec: 709.602
weight: 3.45356e-05
eec: 1230.84
weight: 2.2363e-05
eec: 269.592
weight: 1.51114e-06
eec: 89.0159

ROOT exit code = 0
