gSystem->Load("run_condor_job_Run3_C.so");
run_condor_job_Run3(940, 100, 2,
                    80, 200,
                    1, 1, 1, 9);
.q

ENTERED run_condor_job_Run3()
JOBID = 940
  global job = 940  Job 40/100  events [2378400, 2437860)  total=5946000
Processing events [2378400, 2437860) of 5946000
weight: 0.000104901
eec: 74.3029
weight: 0.000110726
eec: 63.1701
weight: 3.46642e-05
eec: 450.048
weight: 0.000408944
eec: 488.939
weight: 9.25535e-05
eec: 1141.74
weight: 3.71928e-05
eec: 369.812
weight: 3.54793e-05
eec: 648.471
weight: 3.94645e-05
eec: 59.0589
weight: 1.70979e-05
eec: 367.834
weight: 1.79672e-05
eec: 1063.07
weight: 6.52997e-06
eec: 458.381
weight: 2.13818e-05
eec: 490.519
weight: 4.59322e-05
eec: 143.009
weight: 0.000489467
eec: 672.943
weight: 1.29131e-06
eec: 147.944
weight: 1.38994e-05
eec: 923.052
weight: 5.6468e-06
eec: 1563.32
weight: 9.67142e-06
eec: 271.766
weight: 4.89762e-07
eec: 396.251
weight: 4.93708e-07
eec: 1418.16
weight: 2.69517e-05
eec: 63.457
weight: 6.31822e-06
eec: 1441.61
weight: 7.35127e-05
eec: 387.653
weight: 1.18237e-05
eec: 1786.59
weight: 1.10569e-05
eec: 607.225
weight: 1.63127e-06
eec: 533.691
weight: 3.37635e-05
eec: 406.024
weight: 0.000183111
eec: 638.206
weight: 4.13991e-08
eec: 1238.32
weight: 5.4506e-05
eec: 298.205
weight: 4.11351e-05
eec: 63.3857
weight: 2.03061e-05
eec: 114.546
weight: 8.07598e-05
eec: 462.664
weight: 2.30511e-06
eec: 552.451
weight: 4.00204e-06
eec: 360.117
weight: 0.000622058
eec: 177.813
weight: 6.28035e-06
eec: 428.188
weight: 2.74946e-05
eec: 81.6585
weight: 9.56025e-05
eec: 214.597
weight: 0.000109576
eec: 391.899
weight: 2.55009e-05
eec: 1703.92
weight: 2.85986e-05
eec: 964.966
weight: 0.000400832
eec: 817.139
weight: 3.20623e-05
eec: 184.213
weight: 6.26318e-06
eec: 437.154
weight: 9.995e-06
eec: 98.9716
weight: 3.18069e-05
eec: 261.01
weight: 1.87637e-06
eec: 38.5491
weight: 4.07078e-06
eec: 1212.63
weight: 1.24171e-05
eec: 1757.94
weight: 3.0211e-05
eec: 234.812
weight: 4.61633e-05
eec: 640.615
weight: 0.000624502
eec: 342.009
weight: 4.95275e-05
eec: 1959.75
weight: 2.00474e-05
eec: 74.3692
weight: 8.26693e-06
eec: 1160.65
weight: 0.000147759
eec: 394.886
weight: 2.09434e-05
eec: 1901.11
weight: 1.04505e-05
eec: 462.876
weight: 0.000128544
eec: 247.691
weight: 0.000104631
eec: 665.391
weight: 0.000295845
eec: 134.464
weight: 0.000295845
eec: 602.507
weight: 1.60136e-05
eec: 81.6676
weight: 1.40233e-05
eec: 361.375
weight: 5.17037e-05
eec: 72.6995
weight: 3.82095e-05
eec: 688.645
weight: 7.74578e-05
eec: 1787.65
weight: 3.33618e-06
eec: 487.139
weight: 1.8029e-05
eec: 393.107
weight: 0.00028247
eec: 408.166
weight: 0.000186642
eec: 236.84
weight: 6.70439e-07
eec: 622.912
weight: 5.05165e-05
eec: 1739.66
weight: 0.000189423
eec: 491.343
weight: 9.11679e-06
eec: 1226.04
weight: 3.92828e-07
eec: 421.024
weight: 0.000230601
eec: 776.368
weight: 0.000112503
eec: 369.922
weight: 2.60668e-06
eec: 1117.26
weight: 6.54608e-06
eec: 1315.78
weight: 1.46031e-05
eec: 3139.32
weight: 2.41226e-05
eec: 527.16
weight: 6.63899e-05
eec: 382.512
weight: 5.32046e-05
eec: 134.916
weight: 0.000275907
eec: 362.616
weight: 4.05255e-06
eec: 1779.03
Processing: 40.3633 %weight: 6.8031e-06
eec: 35.8708
weight: 0.000106867
eec: 85.4086
weight: 1.72032e-05
eec: 1153.03
weight: 2.80148e-08
eec: 372.552
weight: 7.9888e-06
eec: 82.239
weight: 2.163e-05
eec: 472.868
weight: 0.000388799
eec: 323.093
weight: 3.90603e-07
eec: 50.1236
weight: 7.95952e-06
eec: 905.646
weight: 7.37044e-06
eec: 129.445
weight: 1.08657e-06
eec: 212.537
weight: 6.4781e-05
eec: 1146.31
weight: 3.96837e-05
eec: 297.637
weight: 1.13091e-05
eec: 353.222
weight: 1.43555e-05
eec: 159.961
weight: 3.8349e-05
eec: 51.6793
weight: 0.000251557
eec: 74.3346
weight: 1.74473e-05
eec: 154.607
weight: 5.15844e-05
eec: 187.54
weight: 0.000212271
eec: 570.519
weight: 1.81309e-05
eec: 355.717
weight: 0.000186063
eec: 36.8421
weight: 6.1483e-07
eec: 30.6182
weight: 0.000482635
eec: 353.594
weight: 3.68722e-06
eec: 49.4873
weight: 6.20644e-05
eec: 667.17
weight: 9.15409e-06
eec: 1701.5
weight: 0.000123686
eec: 330.236
weight: 1.83226e-05
eec: 49.3195
weight: 7.75184e-05
eec: 542.921
weight: 8.58667e-07
eec: 24.2331
weight: 9.74313e-05
eec: 1408.88
weight: 5.5864e-07
eec: 146.624
weight: 1.58499e-05
eec: 1329.2
weight: 3.28509e-05
eec: 106.409
weight: 0.000172969
eec: 194.163
weight: 5.50137e-05
eec: 1205.86
weight: 2.56178e-05
eec: 251.106
weight: 2.0071e-05
eec: 155.489
weight: 1.1024e-05
eec: 804.593
weight: 0.000198223
eec: 75.7499
weight: 2.07884e-05
eec: 1543.47
weight: 4.24747e-06
eec: 330.972
weight: 0.000187277
eec: 439.153
weight: 0.000370936
eec: 184.324
weight: 1.7644e-05
eec: 118.504
weight: 0.00018771
eec: 834.067
weight: 6.43927e-06
eec: 984.642
weight: 0.000450951
eec: 829.451
weight: 0.000390821
eec: 29.2041
weight: 0.000390821
eec: 254.328
weight: 3.19883e-05
eec: 85.6898
weight: 0.000578001
eec: 156.769
weight: 8.45546e-07
eec: 354.22
weight: 5.7744e-05
eec: 471.908
weight: 2.84111e-05
eec: 180.331
weight: 4.5029e-06
eec: 501.263
weight: 1.71563e-05
eec: 184.155
weight: 1.04753e-05
eec: 57.1246
weight: 1.42908e-05
eec: 471.609
weight: 0.000152372
eec: 1105.9
weight: 9.09154e-06
eec: 1081.7
weight: 0.000186665
eec: 1015.65
weight: 8.04393e-05
eec: 207.715
weight: 3.47293e-05
eec: 375.181
weight: 3.69078e-05
eec: 1164.03
weight: 3.40815e-05
eec: 861.782
weight: 4.40504e-07
eec: 349.002
weight: 2.15559e-05
eec: 1405.52
weight: 3.64958e-05
eec: 192.404
weight: 1.78182e-06
eec: 1308.24
weight: 0.00011496
eec: 288.285
weight: 2.61884e-05
eec: 390.005
weight: 1.57185e-05
eec: 2092.86
weight: 0.00012912
eec: 163.616
weight: 6.55077e-05
eec: 125.876
weight: 1.25195e-05
eec: 1522.62
weight: 5.49747e-06
eec: 1673.66
weight: 5.63779e-06
eec: 327.684
weight: 0.000210197
eec: 102.361
weight: 1.5435e-06
eec: 1205.38
weight: 3.43389e-06
eec: 145.604
weight: 4.97418e-06
eec: 246.835
weight: 8.90464e-05
eec: 612.966
weight: 1.03165e-05
eec: 320.721
weight: 3.07707e-05
eec: 102.931
weight: 1.74249e-05
eec: 229.298
weight: 1.48033e-06
eec: 2054.08
weight: 1.6572e-07
eec: 1280.68
weight: 1.05717e-05
eec: 2672.63
weight: 6.27006e-05
eec: 140.733
weight: 0.000142452
eec: 80.5758
weight: 9.92333e-06
eec: 367.605
weight: 2.16875e-05
eec: 991.548
weight: 7.54689e-05
eec: 759.939
weight: 0.000907956
eec: 765.167
weight: 1.11796e-05
eec: 2593.17
weight: 7.89789e-07
eec: 100.298
weight: 0.00119745
eec: 79.4151
weight: 6.22956e-05
eec: 910.212
weight: 2.95302e-05
eec: 55.7781
weight: 0.000735541
eec: 844.024
weight: 1.0188e-05
eec: 574.63
weight: 0.000135832
eec: 500.415
weight: 1.70146e-06
eec: 2545.29
weight: 0.000118957
eec: 625.099
weight: 0.000164813
eec: 241.117
weight: 3.54406e-05
eec: 627.061
weight: 2.02432e-07
eec: 226.994
weight: 0.000241892
eec: 601.39
weight: 1.18884e-06
eec: 152.882
weight: 2.61038e-05
eec: 1818.18
weight: 6.49779e-05
eec: 308.218
weight: 0.000188305
eec: 28.4327
weight: 6.9772e-05
eec: 67.5681
weight: 0.000156617
eec: 755.635
weight: 0.000137501
eec: 744.584
weight: 2.86342e-05
eec: 1789.35
weight: 3.36358e-06
eec: 1037.45
weight: 0.00012353
eec: 146.586
weight: 2.92484e-05
eec: 9.45328
weight: 1.06922e-07
eec: 2196.95
weight: 5.64511e-06
eec: 831.807
weight: 6.94008e-08
eec: 1081.17
weight: 5.85012e-05
eec: 233.564
weight: 1.90051e-05
eec: 72.4971
weight: 8.09341e-05
eec: 187.139
weight: 2.37443e-06
eec: 1549.15
weight: 4.82145e-07
eec: 553.104
weight: 1.41811e-05
eec: 1336.55
weight: 6.78446e-05
eec: 412.216
weight: 0.000124376
eec: 881.014
weight: 4.30094e-06
eec: 417.646
weight: 2.12996e-05
eec: 114.408
weight: 0.000223471
eec: 656.195
weight: 0.000135188
eec: 333.592
weight: 0.000363562
eec: 900.398
weight: 1.17252e-05
eec: 115.584
weight: 3.41541e-07
eec: 3829.61
weight: 6.57574e-06
eec: 2423.62
weight: 8.76184e-06
eec: 448.803
weight: 1.3017e-06
eec: 528.113
weight: 1.88709e-05
eec: 754.354
weight: 1.15869e-05
eec: 1470.37
weight: 2.35013e-06
eec: 577.487
weight: 7.02618e-05
eec: 177.859
weight: 1.50348e-05
eec: 50.4017
weight: 0.00131302
eec: 211.413
weight: 8.71518e-05
eec: 146.613
weight: 0.00119144
eec: 89.6577
weight: 0.000169414
eec: 192.403
weight: 5.74013e-05
eec: 141.972
weight: 2.05707e-05
eec: 146.637
weight: 1.34883e-05
eec: 511.589
weight: 0.000102252
eec: 1094.28
weight: 9.04869e-05
eec: 82.3807
weight: 7.27851e-05
eec: 678.153
weight: 0.000234417
eec: 297.589
weight: 2.48894e-05
eec: 320.386
weight: 2.55125e-05
eec: 880.803
weight: 0.00011243
eec: 395.744
weight: 1.17842e-05
eec: 161.023
weight: 6.92941e-05
eec: 1244.24
weight: 1.0973e-05
eec: 656.974
weight: 3.18069e-05
eec: 1356.85

ROOT exit code = 0
