gSystem->Load("run_condor_job_Run3_C.so");
run_condor_job_Run3(154, 100, 2,
                    80, 200,
                    1, 1, 1, 1);
.q

ENTERED run_condor_job_Run3()
JOBID = 154
  global job = 154  Job 54/100  events [3165480, 3224100)  total=5862000
Processing events [3165480, 3224100) of 5862000
weight: 9.90675e-06
eec: 1485.11
weight: 8.26159e-06
eec: 602.476
weight: 3.37009e-06
eec: 762.643
weight: 8.2939e-07
eec: 62.8945
weight: 0.000177501
eec: 21.3438
weight: 0.00076059
eec: 619.079
weight: 0.000193063
eec: 494.192
weight: 0.000106742
eec: 1783.38
weight: 6.24276e-05
eec: 57.8769
weight: 6.73657e-06
eec: 174.896
weight: 8.13868e-05
eec: 75.5539
weight: 8.80774e-05
eec: 81.7908
weight: 1.19361e-05
eec: 4520
weight: 3.29585e-05
eec: 485.469
weight: 7.95373e-05
eec: 254.813
weight: 1.86251e-05
eec: 655.505
weight: 1.29768e-05
eec: 124.51
weight: 8.47687e-05
eec: 510.26
weight: 3.75346e-05
eec: 91.8308
weight: 3.10601e-06
eec: 464.245
weight: 0.000130855
eec: 699.903
weight: 7.08055e-06
eec: 924.323
weight: 0.00021321
eec: 304.424
weight: 0.000400284
eec: 308.667
weight: 4.94976e-05
eec: 289.178
weight: 1.32046e-05
eec: 395.681
weight: 4.27499e-05
eec: 1510.41
weight: 0.000179052
eec: 827.928
weight: 1.56289e-05
eec: 240.098
weight: 3.86763e-05
eec: 296.626
weight: 8.29667e-06
eec: 421.785
weight: 1.70082e-05
eec: 266.937
weight: 0.000254233
eec: 86.3642
weight: 1.33002e-06
eec: 113.198
weight: 3.39176e-05
eec: 1626.08
weight: 1.38037e-05
eec: 180.666
weight: 1.05474e-05
eec: 1578.96
weight: 0.000293094
eec: 407.774
weight: 4.74235e-06
eec: 2665.72
weight: 1.73367e-05
eec: 845.91
weight: 1.22748e-05
eec: 514.209
weight: 1.53416e-06
eec: 294.887
weight: 8.18781e-06
eec: 241.901
weight: 3.97726e-06
eec: 777.061
weight: 0.00029604
eec: 844.364
weight: 3.08716e-05
eec: 979.288
weight: 9.5995e-06
eec: 694.096
weight: 8.9e-07
eec: 654.278
weight: 2.84698e-06
eec: 103.579
weight: 8.89134e-06
eec: 997.597
weight: 1.97117e-05
eec: 324.056
weight: 5.88141e-05
eec: 231.193
weight: 2.91565e-05
eec: 315.458
weight: 2.52559e-06
eec: 1155.95
weight: 1.3109e-05
eec: 640.065
weight: 0.000147584
eec: 150.542
weight: 0.000115069
eec: 555.076
weight: 0.000283999
eec: 820.281
weight: 3.74112e-06
eec: 311.263
weight: 2.19642e-05
eec: 1007.03
weight: 4.66954e-07
eec: 344.387
weight: 0.000266197
eec: 29.3973
weight: 0.000368068
eec: 190.251
weight: 1.65561e-05
eec: 192.538
weight: 4.88448e-05
eec: 1071.87
weight: 2.39911e-05
eec: 1608.6
weight: 0.00013414
eec: 115.027
weight: 1.51283e-05
eec: 618.853
weight: 0.000105724
eec: 307.964
weight: 2.64532e-05
eec: 47.3633
weight: 5.91479e-05
eec: 330.153
weight: 4.44571e-05
eec: 580.842
weight: 0.000919365
eec: 869.852
weight: 6.17163e-07
eec: 10.0908
weight: 6.57605e-05
eec: 308.425
weight: 3.31595e-08
eec: 267.556
weight: 3.59465e-05
eec: 2408.4
weight: 3.59465e-05
eec: 202.298
weight: 0.00012253
eec: 206.597
weight: 6.78059e-05
eec: 647.884
weight: 0.000193729
eec: 81.6475
weight: 1.2913e-05
eec: 265.158
weight: 4.07296e-06
eec: 2915.65
weight: 6.80434e-05
eec: 596.059
weight: 6.58131e-08
eec: 465.885
weight: 0.000184765
eec: 49.346
weight: 8.73476e-05
eec: 69.437
weight: 0.000155093
eec: 57.581
weight: 7.87003e-06
eec: 516.118
weight: 2.05677e-05
eec: 261.446
weight: 1.20567e-05
eec: 152.42
weight: 4.56789e-05
eec: 394.476
weight: 7.37031e-05
eec: 276.675
weight: 6.93738e-05
eec: 156.679
weight: 7.36128e-05
eec: 33.7716
weight: 0.00145083
eec: 349.99
weight: 5.95398e-06
eec: 3172.72
weight: 5.91695e-06
eec: 457.515
weight: 1.12716e-05
eec: 838.545
weight: 1.12716e-05
eec: 334.774
weight: 0.00012843
eec: 1139.12
weight: 6.06165e-06
eec: 273.97
weight: 7.65744e-06
eec: 888.122
weight: 1.65975e-05
eec: 16.2642
weight: 8.96747e-06
eec: 1616
weight: 1.21675e-05
eec: 1577.15
weight: 2.94257e-07
eec: 816.99
weight: 2.66377e-06
eec: 2063.97
weight: 7.09391e-07
eec: 1708.08
weight: 4.8969e-05
eec: 321.539
weight: 0.000161375
eec: 53.8706
weight: 0.000245574
eec: 485.093
weight: 8.08489e-06
eec: 579.505
weight: 2.14168e-05
eec: 1565.58
weight: 5.46945e-05
eec: 796.071
weight: 8.28162e-05
eec: 119.697
weight: 1.58676e-05
eec: 854.762
weight: 8.9472e-05
eec: 234.747
weight: 8.98789e-05
eec: 150.137
weight: 8.36646e-05
eec: 136.595
weight: 2.01334e-05
eec: 132.137
weight: 2.87739e-05
eec: 44.7191
weight: 1.19283e-05
eec: 440.279
weight: 0.00372098
eec: 83.8111
weight: 5.03065e-07
eec: 526.763
weight: 1.31151e-05
eec: 1018.91
weight: 4.08665e-05
eec: 260.242
weight: 6.86782e-05
eec: 1952.39
weight: 2.30241e-05
eec: 70.3164
weight: 1.30381e-05
eec: 897.959
weight: 3.05942e-05
eec: 776.764
weight: 5.32605e-07
eec: 342.978
weight: 5.86601e-05
eec: 99.4209
weight: 4.21423e-05
eec: 715.993
weight: 1.0271e-05
eec: 32.9174
weight: 0.000137666
eec: 182.144
weight: 0.000186297
eec: 157.162
weight: 8.71965e-06
eec: 75.5374
weight: 0.000105184
eec: 430.567
weight: 2.80753e-06
eec: 105.978
weight: 0.000169936
eec: 849.428
weight: 1.43675e-05
eec: 58.2242
weight: 1.97826e-05
eec: 1544.3
weight: 6.62905e-05
eec: 320.172
weight: 2.98468e-05
eec: 658.548
weight: 1.5511e-05
eec: 285.527
weight: 0.000288973
eec: 565.35
weight: 0.000197268
eec: 124.147
Processing: 54.5889 %weight: 0.000143208
eec: 152.608
weight: 0.000223917
eec: 224.601
weight: 0.000144265
eec: 936.239
weight: 8.10645e-05
eec: 297.603
weight: 5.3701e-05
eec: 1368.01
weight: 0.000465887
eec: 323.718
weight: 1.36739e-06
eec: 172.798
weight: 1.5864e-05
eec: 960.566
weight: 1.58635e-06
eec: 78.6436
weight: 2.49946e-05
eec: 1265.92
weight: 3.56612e-06
eec: 337.055
weight: 3.86946e-07
eec: 971.111
weight: 4.19262e-06
eec: 62.2827
weight: 4.07897e-05
eec: 769.442
weight: 1.19849e-06
eec: 572.945
weight: 4.97319e-05
eec: 390.549
weight: 5.32858e-05
eec: 62.4173
weight: 6.55179e-06
eec: 692.382
weight: 7.23173e-05
eec: 1040.82
weight: 9.45313e-07
eec: 707.976
weight: 1.49769e-06
eec: 318.05
weight: 2.63364e-05
eec: 690.193
weight: 1.49942e-06
eec: 627.621
weight: 0.000268079
eec: 144.263
weight: 8.23467e-07
eec: 74.1399
weight: 0.000130706
eec: 918.368
weight: 2.30314e-05
eec: 161.186
weight: 5.28822e-06
eec: 464.617
weight: 7.80434e-07
eec: 991.958
weight: 3.23151e-05
eec: 47.7469
weight: 0.000239233
eec: 351.071
weight: 2.47434e-05
eec: 228.777
weight: 1.24365e-06
eec: 95.3794
weight: 2.25587e-06
eec: 580.144
weight: 1.42703e-05
eec: 30.7962
weight: 2.14585e-07
eec: 147.167
weight: 9.32329e-06
eec: 537.804
weight: 0.000167121
eec: 47.9319
weight: 0.000115861
eec: 268.432
weight: 5.92312e-06
eec: 455.49
weight: 0.00011986
eec: 572.363
weight: 2.22815e-05
eec: 246.369
weight: 1.89576e-05
eec: 1414.1
weight: 1.02395e-05
eec: 1048.67
weight: 0.000124236
eec: 1188.2
weight: 0.000191146
eec: 396.29
weight: 2.32154e-05
eec: 591.82
weight: 9.74109e-06
eec: 368.542
weight: 2.62986e-05
eec: 34.7305
weight: 3.40537e-05
eec: 525.317
weight: 0.000205168
eec: 442.743
weight: 2.07638e-05
eec: 469.033
weight: 1.27493e-05
eec: 137.678
weight: 0.00152071
eec: 211.516
weight: 7.05352e-07
eec: 332.623
weight: 0.00170179
eec: 491.752
weight: 0.000379496
eec: 313.729
weight: 0.000103157
eec: 1776.15
weight: 2.85223e-05
eec: 141.348
weight: 0.000463823
eec: 39.1352
weight: 3.62683e-05
eec: 1374.2
weight: 0.000468119
eec: 50.2586
weight: 5.31698e-05
eec: 78.2382
weight: 7.90255e-05
eec: 2339.69
weight: 1.56737e-05
eec: 1603.17
weight: 8.03549e-05
eec: 450.953
weight: 1.27747e-05
eec: 752.466
weight: 3.37938e-05
eec: 129.345
weight: 7.1997e-06
eec: 1458.19
weight: 4.52897e-06
eec: 227.504
weight: 3.7115e-06
eec: 117.247
weight: 2.14944e-05
eec: 2436.78
weight: 9.49515e-06
eec: 619.391
weight: 6.24412e-06
eec: 32.3088
weight: 0.00032267
eec: 309.953
weight: 1.8174e-05
eec: 447.319
weight: 1.04543e-05
eec: 449.35
weight: 0.000163187
eec: 50.7593
weight: 6.28367e-05
eec: 111.086
weight: 4.73713e-06
eec: 1640.27
weight: 1.56372e-05
eec: 85.9378
weight: 0.000138996
eec: 103.616
weight: 0.000113822
eec: 277.832
weight: 1.09649e-05
eec: 113.647
weight: 7.40978e-06
eec: 225.186
weight: 7.67173e-06
eec: 1262.66
weight: 0.00165398
eec: 80.6088
weight: 6.58672e-07
eec: 134.124
weight: 2.54197e-05
eec: 2232.18
weight: 5.22356e-06
eec: 239.986
weight: 8.57684e-06
eec: 754.201
weight: 8.57684e-06
eec: 561.356
weight: 8.59748e-06
eec: 650.775
weight: 6.69773e-06
eec: 255.924
weight: 3.47124e-05
eec: 112.288
weight: 2.5913e-05
eec: 112.321
weight: 0.000506977
eec: 738.618
weight: 9.0552e-06
eec: 2774.28
weight: 1.56014e-05
eec: 444.583
weight: 8.89588e-06
eec: 354.979

ROOT exit code = 0
