gSystem->Load("run_condor_job_Run3_C.so");
run_condor_job_Run3(670, 100, 2,
                    80, 200,
                    1, 1, 1, 6);
.q

ENTERED run_condor_job_Run3()
JOBID = 670
  global job = 670  Job 70/100  events [4128600, 4187580)  total=5898000
Processing events [4128600, 4187580) of 5898000
weight: 7.91533e-05
eec: 617.372
weight: 3.29008e-05
eec: 181.168
weight: 7.65865e-08
eec: 21.9399
weight: 0.000363214
eec: 525.177
weight: 1.35775e-05
eec: 208.676
weight: 2.18581e-06
eec: 345.026
weight: 3.35609e-05
eec: 248.021
weight: 4.07923e-05
eec: 2685.65
weight: 0.000178252
eec: 491.938
weight: 1.82915e-05
eec: 1604.23
weight: 7.14376e-05
eec: 366.277
weight: 5.37171e-05
eec: 40.8756
weight: 1.09984e-05
eec: 152.541
weight: 0.000193735
eec: 53.3526
weight: 7.89981e-05
eec: 585.131
weight: 1.99454e-06
eec: 537.768
weight: 7.05459e-05
eec: 22.3148
weight: 7.44881e-05
eec: 101.815
weight: 3.91231e-05
eec: 56.9208
weight: 6.02226e-05
eec: 520.517
weight: 1.09505e-06
eec: 477.244
weight: 0.000153714
eec: 226.508
weight: 0.000197925
eec: 316.602
weight: 5.93724e-05
eec: 754.423
weight: 0.000230251
eec: 102.747
weight: 8.38785e-06
eec: 83.7814
weight: 1.8599e-06
eec: 735.185
weight: 5.27894e-05
eec: 332.864
weight: 7.52803e-05
eec: 904.577
weight: 4.52126e-05
eec: 689.099
weight: 2.62862e-05
eec: 481.856
weight: 9.68501e-06
eec: 1412.92
weight: 3.92671e-05
eec: 116.672
weight: 1.61324e-05
eec: 410.806
weight: 0.000125662
eec: 284.013
weight: 3.51894e-05
eec: 552.848
weight: 8.41615e-05
eec: 498.782
weight: 0.000433443
eec: 20.0107
weight: 2.95626e-06
eec: 477.838
weight: 7.35194e-05
eec: 1309.7
weight: 7.35194e-05
eec: 1277.23
weight: 7.21942e-06
eec: 239.336
weight: 9.64503e-05
eec: 96.8677
weight: 5.39208e-06
eec: 129.636
weight: 0.000588653
eec: 753.481
weight: 3.60185e-05
eec: 201.688
weight: 3.98802e-05
eec: 583.05
weight: 2.74602e-06
eec: 190.459
weight: 1.58632e-07
eec: 819.652
weight: 2.10444e-05
eec: 82.068
weight: 0.000124136
eec: 150.945
weight: 3.63977e-05
eec: 635.794
weight: 4.83009e-05
eec: 138.268
weight: 5.86536e-05
eec: 268.121
weight: 0.000157361
eec: 674.11
weight: 8.95387e-05
eec: 638.662
weight: 7.77249e-05
eec: 852.8
weight: 2.85377e-06
eec: 157.257
weight: 1.7053e-05
eec: 344.989
weight: 3.50632e-05
eec: 1085.35
weight: 2.6132e-06
eec: 136.087
weight: 1.65159e-05
eec: 82.4693
weight: 7.79109e-06
eec: 29.424
weight: 2.88199e-05
eec: 183.829
weight: 0.0001931
eec: 378.625
weight: 6.55881e-05
eec: 188.663
weight: 1.64992e-05
eec: 2245.86
weight: 0.000820741
eec: 159.094
weight: 1.7979e-05
eec: 1310.3
weight: 7.40495e-06
eec: 338.378
weight: 3.60302e-05
eec: 376.352
weight: 3.69756e-05
eec: 602.891
weight: 6.97275e-05
eec: 1146.16
weight: 9.75585e-06
eec: 105.39
weight: 2.9676e-05
eec: 482.04
weight: 0.000204161
eec: 53.5202
weight: 9.71917e-06
eec: 256.663
weight: 1.75283e-05
eec: 1110.25
weight: 7.04689e-06
eec: 1165.39
weight: 8.20551e-06
eec: 440.498
weight: 2.71379e-05
eec: 381.57
weight: 1.77754e-05
eec: 73.7625
weight: 8.50333e-06
eec: 1434.2
weight: 6.78427e-06
eec: 52.3974
weight: 4.57154e-05
eec: 1409.97
weight: 2.23028e-05
eec: 447.035
weight: 2.00638e-05
eec: 52.7179
weight: 7.73713e-06
eec: 240.187
weight: 0.00110357
eec: 358.283
weight: 2.52763e-05
eec: 411.291
weight: 7.13988e-06
eec: 210.977
weight: 3.62444e-07
eec: 665.976
weight: 7.30309e-05
eec: 864.181
weight: 1.50945e-06
eec: 288.982
weight: 8.67709e-05
eec: 207.837
Processing: 70.3628 %weight: 9.58916e-07
eec: 107.878
weight: 2.7353e-05
eec: 490.954
weight: 2.84115e-06
eec: 190.748
weight: 1.15097e-05
eec: 771.194
weight: 0.00024208
eec: 101.642
weight: 0.000195636
eec: 620.389
weight: 1.69247e-06
eec: 133.448
weight: 1.92355e-07
eec: 193.469
weight: 9.32001e-05
eec: 902.798
weight: 1.72578e-06
eec: 767.929
weight: 2.27476e-06
eec: 143.677
weight: 7.56562e-06
eec: 177.072
weight: 0.000188295
eec: 263.898
weight: 9.01801e-05
eec: 1306.97
weight: 0.00010881
eec: 1027.45
weight: 0.000184674
eec: 176.905
weight: 3.37308e-07
eec: 226.676
weight: 0.000512317
eec: 124.703
weight: 4.77937e-06
eec: 234.099
weight: 0.000155084
eec: 247.463
weight: 0.000516809
eec: 638.143
weight: 0.000143516
eec: 2207.8
weight: 1.11413e-05
eec: 2366.63
weight: 0.000100484
eec: 82.1646
weight: 1.45489e-05
eec: 1175.68
weight: 6.05326e-08
eec: 1518.51
weight: 0.00121196
eec: 370.22
weight: 1.26828e-05
eec: 749.7
weight: 0.000395672
eec: 32.0936
weight: 8.74165e-06
eec: 733.279
weight: 2.66915e-05
eec: 686.352
weight: 9.11116e-06
eec: 251.807
weight: 6.60408e-06
eec: 907.032
weight: 7.62652e-05
eec: 494.233
weight: 2.14937e-05
eec: 836.749
weight: 0.000105075
eec: 90.8114
weight: 7.12302e-06
eec: 261.16
weight: 3.66906e-05
eec: 38.5927
weight: 0.00010154
eec: 672.906
weight: 0.000340537
eec: 957.105
weight: 8.307e-05
eec: 616.886
weight: 1.96652e-06
eec: 179.976
weight: 0.00104268
eec: 471.535
weight: 0.000141768
eec: 217.607
weight: 1.82809e-05
eec: 301.036
weight: 0.000137645
eec: 92.1645
weight: 7.44263e-06
eec: 95.9458
weight: 7.55742e-08
eec: 234.787
weight: 0.000114373
eec: 831.727
weight: 4.51845e-06
eec: 63.9309
weight: 9.10363e-06
eec: 794.218
weight: 2.44322e-05
eec: 597.99
weight: 3.51944e-05
eec: 69.9242
weight: 8.43727e-06
eec: 1182.89
weight: 0.000316468
eec: 983.978
weight: 2.29552e-05
eec: 672.592
weight: 1.56801e-05
eec: 806.227
weight: 4.33609e-06
eec: 56.8633
weight: 7.10787e-06
eec: 271.823
weight: 2.35876e-05
eec: 369.021
weight: 2.17741e-05
eec: 153.445
weight: 4.67652e-05
eec: 213.12
weight: 2.40288e-05
eec: 93.2447
weight: 4.8577e-05
eec: 274.783
weight: 0.00056507
eec: 154.107
weight: 0.000218307
eec: 267.242
weight: 1.84785e-06
eec: 1564.35
weight: 3.17851e-05
eec: 1376.03
weight: 8.66883e-06
eec: 39.9894
weight: 6.29054e-07
eec: 106.495
weight: 0.00027718
eec: 114.305
weight: 4.01173e-06
eec: 345.664
weight: 1.32925e-06
eec: 3048.77
weight: 2.98443e-05
eec: 2227.45
weight: 1.57446e-05
eec: 395.912
weight: 0.000129463
eec: 300.175
weight: 5.1701e-05
eec: 27.1387
weight: 3.74286e-06
eec: 17.894
weight: 8.21038e-06
eec: 209.329
weight: 7.22627e-05
eec: 662.642
weight: 1.95649e-05
eec: 712.072
weight: 0.000424576
eec: 202.443
weight: 3.00316e-06
eec: 146.351
weight: 6.86067e-05
eec: 433.49
weight: 4.29006e-05
eec: 501.145
weight: 9.17971e-06
eec: 31.4183
weight: 1.71059e-06
eec: 2059.49
weight: 9.48651e-05
eec: 37.8864
weight: 1.63501e-05
eec: 433.193
weight: 9.60623e-05
eec: 506.753
weight: 1.4477e-05
eec: 135.974
weight: 5.45356e-05
eec: 482.792
weight: 1.87162e-05
eec: 720.473
weight: 3.99082e-05
eec: 803.129
weight: 1.09106e-06
eec: 222.099
weight: 1.98422e-06
eec: 1004.04
weight: 0.000119444
eec: 35.7517
weight: 6.65858e-05
eec: 613.897
weight: 3.12725e-07
eec: 1329.5
weight: 5.6739e-06
eec: 450.409
weight: 2.63647e-06
eec: 203.45
weight: 7.09461e-05
eec: 982.968
weight: 3.44745e-05
eec: 880.906
weight: 3.51151e-05
eec: 1302.14
weight: 3.63576e-05
eec: 270.714
weight: 3.03209e-05
eec: 490.805
weight: 2.10652e-05
eec: 167.165
weight: 1.29861e-06
eec: 673.455
weight: 0.000140016
eec: 2880.05
weight: 4.90395e-05
eec: 628.072
weight: 3.31582e-05
eec: 154.94
weight: 1.57414e-05
eec: 78.5628
weight: 1.29291e-06
eec: 554.324
weight: 2.01837e-06
eec: 36.1014
weight: 5.4477e-05
eec: 81.2586
weight: 1.49922e-05
eec: 120.498
weight: 4.47441e-06
eec: 628.238
weight: 0.00023511
eec: 302.111
weight: 0.000318556
eec: 129.663
weight: 2.42182e-06
eec: 468.626
weight: 3.90264e-05
eec: 1111.65
weight: 3.14073e-05
eec: 139.268
weight: 0.000616763
eec: 461.106
weight: 6.00177e-06
eec: 1178.96
weight: 2.0035e-05
eec: 1117.9
weight: 7.08669e-05
eec: 563.147
weight: 0.00033821
eec: 346.287
weight: 0.000109208
eec: 203.422
weight: 0.00014243
eec: 1417.23
weight: 3.04137e-06
eec: 355.473
weight: 2.12752e-06
eec: 387.077
weight: 1.24019e-05
eec: 1846.64
weight: 0.000114201
eec: 1145.29
weight: 8.42401e-07
eec: 522.676
weight: 1.92487e-06
eec: 578.254
weight: 9.2053e-08
eec: 728.892
weight: 0.000160987
eec: 410.511
weight: 0.00163707
eec: 292.232
weight: 0.000196999
eec: 496.131
weight: 2.93132e-05
eec: 34.0185
weight: 2.34948e-05
eec: 275.036
weight: 1.89633e-06
eec: 68.5989
weight: 1.73135e-05
eec: 50.4424
weight: 6.25469e-05
eec: 254.573
weight: 9.78822e-07
eec: 4131.55
weight: 1.09153e-05
eec: 42.8313
weight: 0.000211441
eec: 406.763
weight: 3.41917e-06
eec: 878.273
weight: 7.43078e-05
eec: 151.505
weight: 9.58039e-06
eec: 627.762
weight: 0.000542241
eec: 508.66
weight: 5.50474e-06
eec: 27.2332
weight: 3.67702e-06
eec: 497.266
weight: 0.000236854
eec: 1484.08

ROOT exit code = 0
