gSystem->Load("run_condor_job_Run3_C.so");
run_condor_job_Run3(248, 100, 2,
                    80, 200,
                    1, 1, 1, 2);
.q

ENTERED run_condor_job_Run3()
JOBID = 248
  global job = 248  Job 48/100  events [2880000, 2940000)  total=6000000
Processing events [2880000, 2940000) of 6000000
weight: 1.64056e-05
eec: 1795.02
weight: 4.76684e-07
eec: 142.325
weight: 8.05652e-07
eec: 295.818
weight: 1.65816e-06
eec: 683.152
weight: 5.86519e-05
eec: 56.1515
weight: 1.7992e-07
eec: 85.963
weight: 0.000124779
eec: 13.9143
weight: 0.000234274
eec: 269.694
weight: 1.91527e-06
eec: 94.6009
weight: 3.67894e-07
eec: 483.44
weight: 0.000199951
eec: 661.21
weight: 3.83382e-05
eec: 966.426
weight: 3.03844e-05
eec: 198.272
weight: 1.51102e-06
eec: 1045.03
weight: 6.90986e-05
eec: 785.499
weight: 2.53556e-05
eec: 34.7012
weight: 0.000102703
eec: 56.4589
weight: 7.25334e-06
eec: 902.825
weight: 7.31877e-06
eec: 21.8063
weight: 2.41922e-05
eec: 205.278
weight: 4.95637e-05
eec: 304.85
weight: 0.000482831
eec: 102.396
weight: 0.000126299
eec: 129.179
weight: 0.000199956
eec: 750.695
weight: 4.59484e-07
eec: 312.945
weight: 3.36171e-07
eec: 1919.78
weight: 0.0002275
eec: 109.16
weight: 5.26155e-05
eec: 21.5675
weight: 7.93739e-06
eec: 457.543
weight: 2.93556e-06
eec: 131.65
weight: 9.10352e-06
eec: 703.741
weight: 0.000142042
eec: 77.1936
weight: 3.63132e-05
eec: 948.369
weight: 1.38955e-07
eec: 926.304
weight: 0.000114916
eec: 49.3143
weight: 1.26992e-05
eec: 12.4683
weight: 7.1763e-06
eec: 709.243
weight: 3.37879e-05
eec: 878.097
weight: 1.28649e-05
eec: 1017.49
weight: 8.34224e-05
eec: 177.412
weight: 0.00015202
eec: 62.0192
weight: 1.24197e-05
eec: 358.644
weight: 4.78609e-05
eec: 984.911
weight: 1.65492e-05
eec: 720.632
weight: 1.78436e-05
eec: 82.6077
weight: 2.22827e-05
eec: 201.927
weight: 1.22409e-05
eec: 442.151
weight: 1.02543e-06
eec: 3110.49
weight: 2.29529e-05
eec: 457.799
weight: 0.000339372
eec: 212.304
weight: 1.5455e-05
eec: 415.261
weight: 0.000444913
eec: 395.196
weight: 1.09577e-05
eec: 194.642
weight: 1.65251e-05
eec: 39.8261
weight: 3.69309e-06
eec: 74.7591
weight: 2.56511e-05
eec: 1093.58
weight: 9.38037e-05
eec: 289.729
weight: 0.000146421
eec: 1187.67
weight: 0.0002109
eec: 109.536
weight: 6.72186e-06
eec: 215.78
weight: 0.00194931
eec: 200.973
weight: 5.1716e-06
eec: 1685.8
weight: 6.09951e-05
eec: 1149.4
weight: 0.000460682
eec: 97.7598
weight: 5.44381e-06
eec: 858.847
weight: 2.37152e-05
eec: 203.794
weight: 2.75147e-06
eec: 661.364
weight: 2.63923e-05
eec: 407.241
weight: 4.30958e-05
eec: 193.15
weight: 0.000243567
eec: 78.0073
weight: 4.68933e-05
eec: 739.109
weight: 3.72216e-05
eec: 371.103
weight: 0.000131866
eec: 250.814
weight: 3.82956e-06
eec: 11.2841
weight: 2.40717e-05
eec: 487.439
weight: 1.20293e-05
eec: 409.16
weight: 5.7525e-06
eec: 338.641
weight: 0.000327802
eec: 924.742
weight: 2.75236e-05
eec: 182.74
weight: 7.63484e-05
eec: 56.6899
weight: 6.05446e-05
eec: 274.779
Processing: 48.3333 %weight: 1.48914e-05
eec: 2176.69
weight: 6.62482e-08
eec: 2144.56
weight: 5.64446e-06
eec: 2644.65
weight: 8.13716e-06
eec: 2661.06
weight: 2.75489e-06
eec: 1136.87
weight: 6.78195e-05
eec: 724.964
weight: 0.00020459
eec: 56.1974
weight: 8.48078e-05
eec: 1081.8
weight: 5.25204e-07
eec: 94.1261
weight: 6.59433e-06
eec: 2492.64
weight: 4.17613e-05
eec: 391.004
weight: 8.9309e-06
eec: 127.496
weight: 4.26526e-06
eec: 2444.11
weight: 1.08192e-05
eec: 59.4459
weight: 9.84026e-05
eec: 412.71
weight: 3.4946e-05
eec: 1631.35
weight: 2.59771e-08
eec: 620.945
weight: 0.000121273
eec: 35.2632
weight: 5.20372e-06
eec: 338.103
weight: 6.98636e-05
eec: 97.2906
weight: 9.85904e-06
eec: 954.208
weight: 1.46724e-05
eec: 368.078
weight: 2.40418e-06
eec: 134.233
weight: 1.12013e-06
eec: 400.366
weight: 7.16744e-06
eec: 2475.56
weight: 6.36828e-05
eec: 190.481
weight: 0.00020543
eec: 931.947
weight: 2.34628e-05
eec: 1107.99
weight: 2.42328e-05
eec: 118.007
weight: 2.61933e-07
eec: 226.266
weight: 0.000584675
eec: 93.5321
weight: 5.44219e-05
eec: 69.8794
weight: 2.02346e-05
eec: 810.291
weight: 5.0811e-05
eec: 247.498
weight: 1.26294e-05
eec: 801.228
weight: 1.4718e-06
eec: 607.475
weight: 2.40941e-05
eec: 782.946
weight: 1.2024e-05
eec: 407.604
weight: 3.13855e-05
eec: 438.703
weight: 3.92879e-08
eec: 321.7
weight: 0.000132907
eec: 1190.63
weight: 8.95455e-07
eec: 5.88219
weight: 1.22457e-05
eec: 38.718
weight: 4.93008e-05
eec: 946.083
weight: 7.7462e-06
eec: 20.7946
weight: 1.85873e-05
eec: 304.816
weight: 6.47613e-06
eec: 616.085
weight: 6.43587e-06
eec: 545.035
weight: 8.22606e-05
eec: 537.205
weight: 1.07716e-05
eec: 81.2165
weight: 1.11347e-05
eec: 79.4266
weight: 3.58579e-06
eec: 836.434
weight: 3.40133e-05
eec: 471.383
weight: 9.48086e-06
eec: 164.856
weight: 0.000698256
eec: 1066.9
weight: 8.59249e-07
eec: 53.7769
weight: 1.20648e-05
eec: 1026.37
weight: 8.05044e-05
eec: 397.574
weight: 3.4423e-05
eec: 320.995
weight: 2.64197e-06
eec: 52.616
weight: 5.18234e-05
eec: 895.953
weight: 0.000125342
eec: 99.0869
weight: 5.23417e-06
eec: 152.91
weight: 3.05515e-08
eec: 136.901
weight: 0.0003894
eec: 1300.57
weight: 1.07061e-05
eec: 1303.07
weight: 3.25805e-06
eec: 1244.44
weight: 1.50636e-06
eec: 2086.91
weight: 0.000430787
eec: 184.489
weight: 2.09465e-05
eec: 186.895
weight: 1.04156e-05
eec: 665.576
weight: 0.000123066
eec: 346.288
weight: 2.75866e-05
eec: 566.766
weight: 1.83894e-06
eec: 173.52
weight: 4.14605e-06
eec: 412.354
weight: 3.12669e-05
eec: 173.456
weight: 8.22929e-05
eec: 411.787
weight: 7.01584e-06
eec: 390.627
weight: 7.58288e-06
eec: 963.948
weight: 0.000278122
eec: 239.815
weight: 1.64088e-05
eec: 1028.45
weight: 0.000669309
eec: 655.302
weight: 1.58944e-05
eec: 1059.18
weight: 4.12051e-05
eec: 141.677
weight: 1.79766e-06
eec: 65.6606
weight: 3.78628e-05
eec: 166.729
weight: 6.77221e-05
eec: 450.919
weight: 1.20495e-05
eec: 202.258
weight: 0.000245328
eec: 286.456
weight: 3.66318e-05
eec: 335.042
weight: 1.37628e-05
eec: 149.539
weight: 9.95116e-06
eec: 266.202
weight: 5.43131e-05
eec: 545.526
weight: 4.1212e-05
eec: 473.891
weight: 1.36338e-05
eec: 254.43
weight: 1.84779e-05
eec: 613.843
weight: 2.17474e-05
eec: 300.732
weight: 3.62016e-05
eec: 140.799
weight: 1.48383e-05
eec: 227.371
weight: 7.33552e-06
eec: 480.047
weight: 9.34351e-06
eec: 352.417
weight: 3.66205e-05
eec: 1384.81
weight: 9.23551e-05
eec: 119.003
weight: 6.93161e-07
eec: 167.728
weight: 6.93161e-07
eec: 46.8197
weight: 0.000984468
eec: 347.358
weight: 1.36396e-05
eec: 3.74877
weight: 4.03464e-05
eec: 85.0545
weight: 0.000239828
eec: 10.5398
weight: 6.95104e-06
eec: 2502.74
weight: 2.25001e-05
eec: 1199.69
weight: 1.13068e-05
eec: 1031.55
weight: 2.9777e-07
eec: 2060.34
weight: 1.83397e-06
eec: 1039.92
weight: 6.23729e-05
eec: 1043.56
weight: 4.44121e-05
eec: 1195.5
weight: 5.45642e-05
eec: 538.789
weight: 1.07341e-05
eec: 3218.17
weight: 4.16117e-05
eec: 2488.27
weight: 3.73169e-06
eec: 1043.67
weight: 1.33439e-07
eec: 452.34
weight: 1.44049e-06
eec: 341.188
weight: 1.32872e-05
eec: 270.618
weight: 5.24867e-06
eec: 1085.61
weight: 5.40193e-06
eec: 183.724
weight: 1.44671e-05
eec: 149.682
weight: 2.78059e-05
eec: 564.491
weight: 4.32941e-06
eec: 225.265
weight: 0.000233924
eec: 529.797
weight: 7.8575e-06
eec: 728.97
weight: 0.000238635
eec: 370.108
weight: 0.000365237
eec: 337.771
weight: 4.49485e-06
eec: 2239.84
weight: 0.000331972
eec: 83.9093
weight: 1.89275e-05
eec: 1014.57
weight: 7.97044e-06
eec: 1691.25
weight: 1.77875e-06
eec: 265.81
weight: 1.77875e-06
eec: 560.852
weight: 6.23623e-05
eec: 1023.64
weight: 3.27695e-05
eec: 410.364
weight: 5.87519e-06
eec: 497.405
weight: 0.000131587
eec: 373.724
weight: 3.95478e-05
eec: 281.839
weight: 2.73358e-05
eec: 266.892
weight: 0.000270385
eec: 95.2455
weight: 4.22042e-05
eec: 263.938
weight: 7.16137e-05
eec: 490.599
weight: 0.000694
eec: 682.863
weight: 7.42556e-05
eec: 84.3012
weight: 0.000104288
eec: 265.298
weight: 3.22957e-05
eec: 73.744
weight: 3.1039e-05
eec: 270.248
weight: 9.54087e-06
eec: 1822.03

ROOT exit code = 0
