gSystem->Load("run_condor_job_Run3_C.so");
run_condor_job_Run3(956, 100, 2,
                    80, 200,
                    1, 1, 1, 9);
.q

ENTERED run_condor_job_Run3()
JOBID = 956
  global job = 956  Job 56/100  events [3329760, 3389220)  total=5946000
Processing events [3329760, 3389220) of 5946000
weight: 4.84367e-05
eec: 314.27
weight: 1.05087e-05
eec: 715.726
weight: 5.41646e-06
eec: 100.662
weight: 1.40434e-05
eec: 871.967
weight: 2.03945e-05
eec: 99.386
weight: 1.8995e-05
eec: 112.87
weight: 4.61484e-05
eec: 742.166
weight: 7.34418e-05
eec: 259.875
weight: 6.51565e-05
eec: 296.041
weight: 2.60157e-05
eec: 1659.49
weight: 5.52883e-05
eec: 598.63
weight: 0.000173125
eec: 1316.17
weight: 7.62129e-06
eec: 2214.07
weight: 2.20511e-05
eec: 669.7
weight: 1.5451e-05
eec: 764.106
weight: 2.2061e-05
eec: 64.4815
weight: 3.28884e-05
eec: 980.01
weight: 4.64543e-06
eec: 1187.04
weight: 5.74355e-05
eec: 599.949
weight: 3.01472e-05
eec: 3180.81
weight: 0.00013014
eec: 84.2391
weight: 1.2797e-05
eec: 829.117
weight: 7.10774e-05
eec: 1138.25
weight: 6.95738e-05
eec: 1606.24
weight: 1.52165e-06
eec: 263.586
weight: 3.63552e-05
eec: 1114.36
weight: 4.6815e-05
eec: 331.894
weight: 6.30978e-05
eec: 84.2404
weight: 5.13086e-05
eec: 150.034
weight: 3.64887e-07
eec: 820.576
weight: 3.05438e-05
eec: 662.86
weight: 2.52836e-06
eec: 619.279
weight: 1.32598e-06
eec: 768.62
weight: 0.000229613
eec: 669.753
weight: 0.000118746
eec: 287.023
weight: 1.08126e-05
eec: 19.946
weight: 1.22824e-05
eec: 220.747
weight: 9.34051e-06
eec: 1557.13
weight: 7.03121e-05
eec: 362.703
weight: 0.000236988
eec: 117.367
weight: 3.69562e-07
eec: 1861.63
weight: 4.32817e-06
eec: 232.726
weight: 2.78314e-05
eec: 35.9933
weight: 6.81585e-05
eec: 1183.49
weight: 3.86366e-05
eec: 809.339
weight: 2.25421e-05
eec: 572.579
weight: 8.62806e-05
eec: 144.407
weight: 2.04108e-05
eec: 1607.8
weight: 1.19725e-05
eec: 446.537
weight: 1.00786e-05
eec: 164.215
weight: 7.72623e-06
eec: 383.223
weight: 3.0528e-07
eec: 939.617
weight: 8.68001e-05
eec: 503.932
weight: 1.44627e-05
eec: 847.644
weight: 0.00016869
eec: 170.909
weight: 2.28691e-05
eec: 485.579
weight: 2.94451e-06
eec: 2474.3
weight: 0.000398127
eec: 55.0722
weight: 8.75579e-06
eec: 2884.19
weight: 5.09026e-06
eec: 243.449
weight: 2.21373e-05
eec: 1291.76
weight: 0.00152005
eec: 100.395
weight: 0.000138224
eec: 1246.96
weight: 2.00654e-05
eec: 537.673
weight: 2.59069e-05
eec: 309.444
weight: 3.56323e-05
eec: 730.085
weight: 8.91785e-05
eec: 285.387
weight: 4.86353e-05
eec: 219.476
weight: 0.000865859
eec: 37.1648
weight: 4.71104e-05
eec: 702.477
weight: 7.46721e-06
eec: 904.881
weight: 3.06022e-06
eec: 2085.93
weight: 8.00351e-06
eec: 1270.45
weight: 1.73543e-05
eec: 853.356
weight: 9.47788e-06
eec: 209.966
weight: 1.30428e-05
eec: 773.484
weight: 9.5629e-05
eec: 321.6
weight: 0.000118315
eec: 1069.91
weight: 3.09621e-05
eec: 1416.74
weight: 0.000167037
eec: 154.073
weight: 1.36576e-05
eec: 1884.46
weight: 6.29306e-05
eec: 161.4
weight: 0.000105404
eec: 219.678
weight: 6.10259e-06
eec: 44.8477
weight: 8.01452e-06
eec: 692.55
weight: 1.56369e-05
eec: 422.227
weight: 4.23545e-05
eec: 660.114
weight: 3.79523e-06
eec: 821.957
weight: 0.000183854
eec: 134.129
weight: 1.05163e-05
eec: 2706.54
weight: 7.61798e-05
eec: 59.1969
weight: 0.000130121
eec: 475.702
weight: 1.67416e-05
eec: 94.9476
weight: 4.16911e-05
eec: 264.617
Processing: 56.3404 %weight: 6.01978e-06
eec: 1268.95
weight: 6.14637e-06
eec: 1549.12
weight: 1.42089e-06
eec: 1399.47
weight: 0.000875309
eec: 748.549
weight: 7.27512e-07
eec: 203.387
weight: 1.413e-05
eec: 66.7772
weight: 1.40859e-06
eec: 69.7557
weight: 0.000537158
eec: 362.701
weight: 2.86887e-05
eec: 46.2532
weight: 1.57421e-05
eec: 242.805
weight: 1.66999e-07
eec: 498.779
weight: 6.13285e-05
eec: 270.685
weight: 0.000127421
eec: 161.36
weight: 6.64414e-05
eec: 506.469
weight: 3.30122e-06
eec: 667.878
weight: 0.000266135
eec: 658.019
weight: 0.0110938
eec: 323.297
weight: 0.000138647
eec: 114.092
weight: 7.03515e-05
eec: 236.789
weight: 0.000166664
eec: 1506.7
weight: 3.81189e-06
eec: 1310.05
weight: 5.38724e-06
eec: 629.383
weight: 1.45797e-07
eec: 2509.43
weight: 5.04313e-07
eec: 1463.85
weight: 0.000206682
eec: 54.6655
weight: 1.21023e-05
eec: 3049.44
weight: 7.2216e-06
eec: 52.9052
weight: 8.7856e-05
eec: 282.113
weight: 4.72268e-06
eec: 306.621
weight: 8.84523e-05
eec: 168.593
weight: 4.1073e-05
eec: 157.133
weight: 8.70859e-06
eec: 1032.6
weight: 5.30147e-07
eec: 753.132
weight: 0.000289043
eec: 129.727
weight: 4.00377e-05
eec: 779.954
weight: 6.93689e-06
eec: 138.387
weight: 3.51873e-05
eec: 684.556
weight: 1.87213e-05
eec: 399.625
weight: 9.03015e-06
eec: 90.7374
weight: 0.00155724
eec: 182.033
weight: 2.38646e-05
eec: 41.2986
weight: 1.988e-05
eec: 133.424
weight: 2.3677e-05
eec: 16.0756
weight: 0.000571434
eec: 146.271
weight: 5.62419e-05
eec: 97.8474
weight: 4.18058e-06
eec: 177.05
weight: 7.69437e-06
eec: 55.6253
weight: 6.06804e-05
eec: 18.7325
weight: 0.000157601
eec: 654.019
weight: 0.000615558
eec: 550.296
weight: 0.000180643
eec: 696.101
weight: 5.90386e-05
eec: 103.517
weight: 3.5237e-06
eec: 508.176
weight: 1.09872e-07
eec: 290.673
weight: 4.90793e-06
eec: 1389.21
weight: 5.2865e-05
eec: 333.989
weight: 5.2865e-05
eec: 350.879
weight: 2.88651e-05
eec: 296.828
weight: 7.13433e-05
eec: 935.437
weight: 9.16316e-06
eec: 231.556
weight: 1.40536e-05
eec: 659.956
weight: 0.000287418
eec: 561.966
weight: 0.00011816
eec: 713.089
weight: 2.33687e-06
eec: 2186.04
weight: 0.000142939
eec: 186.097
weight: 1.32463e-05
eec: 199.69
weight: 4.73287e-05
eec: 769.594
weight: 0.000224067
eec: 245.795
weight: 9.78752e-06
eec: 117.349
weight: 4.74878e-06
eec: 1779.36
weight: 4.40519e-06
eec: 103.527
weight: 4.41789e-07
eec: 86.5514
weight: 5.20626e-05
eec: 41.1489
weight: 3.53167e-05
eec: 596.439
weight: 2.24634e-05
eec: 587.809
weight: 2.40929e-06
eec: 2351.92
weight: 2.40929e-06
eec: 723.443
weight: 3.72058e-05
eec: 620.17
weight: 1.61381e-05
eec: 161.938
weight: 0.000177853
eec: 71.3996
weight: 9.1399e-05
eec: 56.0674
weight: 1.27462e-05
eec: 206.807
weight: 3.10429e-05
eec: 13.6431
weight: 3.89742e-05
eec: 2110.59
weight: 5.23653e-06
eec: 288.447
weight: 0.000234597
eec: 195.267
weight: 1.55648e-05
eec: 519.631
weight: 1.55648e-05
eec: 724.548
weight: 1.18487e-05
eec: 626.882
weight: 2.75288e-05
eec: 205.068
weight: 5.79342e-05
eec: 74.513
weight: 3.02761e-05
eec: 358.536
weight: 7.74201e-06
eec: 1073.67
weight: 0.00034821
eec: 277.094
weight: 5.58865e-06
eec: 475.874
weight: 0.000125849
eec: 2147.57
weight: 0.000159923
eec: 285.619
weight: 3.2632e-06
eec: 994.125
weight: 0.000498569
eec: 855.179
weight: 4.94971e-06
eec: 1388.61
weight: 2.40992e-06
eec: 2175.35
weight: 5.72537e-06
eec: 48.6924
weight: 5.8784e-06
eec: 240.876
weight: 4.30903e-05
eec: 67.9338
weight: 2.86524e-05
eec: 1674.74
weight: 6.52322e-06
eec: 1307.42
weight: 1.7661e-05
eec: 513.78
weight: 0.000361969
eec: 258.574
weight: 8.18881e-06
eec: 828.362
weight: 0.000115018
eec: 717.615
weight: 0.000287869
eec: 146.195
weight: 4.16693e-05
eec: 496.639
weight: 2.81507e-06
eec: 263.051
weight: 1.69057e-05
eec: 1682.16
weight: 1.54992e-06
eec: 178.171
weight: 2.56723e-05
eec: 1863.89
weight: 2.08712e-06
eec: 28.095
weight: 3.74426e-05
eec: 773.67
weight: 2.56237e-05
eec: 1011.69
weight: 8.70673e-05
eec: 208.104
weight: 0.000102175
eec: 347.198
weight: 2.12204e-05
eec: 31.0513
weight: 2.86264e-05
eec: 689.897
weight: 2.84457e-05
eec: 538.52
weight: 7.22719e-05
eec: 1031.46
weight: 1.14131e-05
eec: 667.478
weight: 5.1925e-06
eec: 2493.72
weight: 3.23974e-05
eec: 812.849
weight: 1.68974e-06
eec: 67.2839
weight: 2.48609e-05
eec: 323.823
weight: 9.00795e-05
eec: 324.848
weight: 0.000819929
eec: 133.516
weight: 0.000410293
eec: 570.805
weight: 4.69447e-06
eec: 3453.73
weight: 4.36196e-05
eec: 196.507
weight: 6.28377e-06
eec: 406.962
weight: 1.99849e-05
eec: 38.4361
weight: 0.000220772
eec: 39.6332
weight: 8.96189e-05
eec: 387.58
weight: 9.1828e-05
eec: 1676.61
weight: 2.65186e-07
eec: 678.904
weight: 0.000114968
eec: 429.01
weight: 3.51275e-06
eec: 508.832
weight: 1.43927e-05
eec: 437.202
weight: 5.35262e-05
eec: 406.489
weight: 8.10904e-06
eec: 1101.84
weight: 0.000217919
eec: 81.6744
weight: 5.72185e-05
eec: 401.952
weight: 2.26578e-05
eec: 504.447
weight: 0.000382038
eec: 58.9191
weight: 0.000211162
eec: 694.703
weight: 4.93371e-06
eec: 1256.11
weight: 3.38679e-06
eec: 1864.12
weight: 9.71407e-05
eec: 57.6264
weight: 7.50937e-06
eec: 42.3884
weight: 4.37664e-06
eec: 1285.67
weight: 4.18626e-05
eec: 879.751
weight: 1.18418e-05
eec: 413.906
weight: 8.25051e-05
eec: 1548.04
weight: 8.33912e-06
eec: 87.6433
weight: 2.66118e-05
eec: 97.5283
weight: 1.90375e-05
eec: 118.726
weight: 0.000163114
eec: 749.906
weight: 8.15602e-07
eec: 741.362
weight: 5.93281e-05
eec: 251.486
weight: 4.258e-05
eec: 502.535
weight: 2.4674e-06
eec: 754.741

ROOT exit code = 0
