gSystem->Load("run_condor_job_Run3_C.so");
run_condor_job_Run3(359, 100, 2,
                    80, 200,
                    1, 1, 1, 3);
.q

ENTERED run_condor_job_Run3()
JOBID = 359
  global job = 359  Job 59/100  events [3540000, 3600000)  total=6000000
Processing events [3540000, 3600000) of 6000000
weight: 9.48554e-05
eec: 195.382
weight: 6.29923e-05
eec: 1080.94
weight: 3.10528e-05
eec: 835.617
weight: 1.74175e-06
eec: 680.178
weight: 0.000575604
eec: 345.916
weight: 0.000229891
eec: 142.61
weight: 0.000125818
eec: 359.231
weight: 1.20686e-06
eec: 2705.92
weight: 7.08038e-05
eec: 301.401
weight: 3.98005e-05
eec: 463.863
weight: 3.37112e-05
eec: 679.956
weight: 1.57804e-06
eec: 958.423
weight: 2.498e-05
eec: 312.828
weight: 3.44173e-07
eec: 132.882
weight: 2.01276e-05
eec: 243.122
weight: 7.11756e-06
eec: 60.2247
weight: 5.90064e-05
eec: 1018.32
weight: 8.58423e-05
eec: 138.273
weight: 1.15584e-06
eec: 811.256
weight: 0.000124027
eec: 965.322
weight: 5.19449e-05
eec: 53.7801
weight: 3.82186e-05
eec: 2605.29
weight: 1.04375e-05
eec: 648.381
weight: 2.71693e-05
eec: 524.843
weight: 2.24034e-06
eec: 230.541
weight: 7.82641e-06
eec: 102.693
weight: 3.90399e-06
eec: 827.144
weight: 6.10053e-05
eec: 300.824
weight: 2.32653e-05
eec: 173.893
weight: 1.87604e-05
eec: 1041.42
weight: 2.98254e-05
eec: 389.076
weight: 3.89361e-06
eec: 1458
weight: 4.58759e-05
eec: 302.775
weight: 8.42418e-05
eec: 1833.51
weight: 3.71727e-06
eec: 148.283
weight: 0.000956405
eec: 163.202
weight: 5.02197e-05
eec: 324.139
weight: 7.62823e-05
eec: 555.687
Processing: 59.1667 %weight: 2.54131e-06
eec: 674.663
weight: 8.46297e-06
eec: 238.624
weight: 3.57702e-06
eec: 142.522
weight: 5.24016e-06
eec: 142.984
weight: 8.7182e-06
eec: 1487.38
weight: 1.4169e-06
eec: 39.6744
weight: 6.75962e-05
eec: 158.567
weight: 3.00765e-05
eec: 79.7073
weight: 8.50492e-05
eec: 366.453
weight: 4.59114e-06
eec: 697.453
weight: 2.61988e-06
eec: 376.122
weight: 0.000266226
eec: 321.65
weight: 3.92649e-05
eec: 238.415
weight: 1.46495e-05
eec: 374.338
weight: 4.81117e-05
eec: 229.883
weight: 0.000164955
eec: 1371.41
weight: 0.000527477
eec: 586.255
weight: 9.42514e-07
eec: 237.526
weight: 6.04309e-05
eec: 222.696
weight: 3.40853e-06
eec: 89.842
weight: 5.40974e-05
eec: 149.675
weight: 0.000101849
eec: 309.908
weight: 1.47778e-05
eec: 53.7311
weight: 0.000940232
eec: 72.8656
weight: 0.000115782
eec: 823.614
weight: 2.30223e-05
eec: 69.3752
weight: 7.57862e-07
eec: 1595.3
weight: 0.000122555
eec: 1060.52
weight: 1.14984e-05
eec: 2145.39
weight: 2.37468e-06
eec: 2294.97
weight: 5.17524e-05
eec: 391.505
weight: 2.40848e-06
eec: 54.774
weight: 5.96779e-05
eec: 81.0367
weight: 0.000576654
eec: 307.543
weight: 0.00021954
eec: 1587.67
weight: 3.08594e-05
eec: 442.25
weight: 3.68214e-07
eec: 335.95
weight: 2.62897e-05
eec: 535.134
weight: 3.20268e-06
eec: 24.5613
weight: 5.49372e-06
eec: 1372.67
weight: 3.34536e-06
eec: 658.36
weight: 4.91296e-05
eec: 583.193
weight: 7.92512e-05
eec: 169.922
weight: 2.01731e-06
eec: 91.4093
weight: 6.8647e-06
eec: 2680.92
weight: 7.34481e-05
eec: 347.744
weight: 0.000180374
eec: 891.669
weight: 2.95809e-05
eec: 101.954
weight: 6.68682e-06
eec: 182.057
weight: 4.89431e-06
eec: 485.771
weight: 4.5127e-05
eec: 1521.35
weight: 6.84617e-05
eec: 496.832
weight: 9.56728e-06
eec: 41.3954
weight: 7.18232e-05
eec: 72.1486
weight: 0.000159967
eec: 772.837
weight: 1.07546e-05
eec: 58.535
weight: 2.21523e-06
eec: 413.613
weight: 7.49653e-05
eec: 2427.41
weight: 1.29356e-05
eec: 1015.98
weight: 7.39496e-05
eec: 39.3056
weight: 3.31156e-05
eec: 470.881
weight: 0.000200941
eec: 55.9495
weight: 2.61668e-05
eec: 1771.17
weight: 3.89348e-06
eec: 24.4462
weight: 2.31483e-05
eec: 126.836
weight: 3.05549e-05
eec: 96.8433
weight: 2.82238e-05
eec: 1624.11
weight: 0.000113137
eec: 352.382
weight: 7.79593e-05
eec: 1037.96
weight: 1.62064e-05
eec: 300.564
weight: 1.56192e-06
eec: 961.95
weight: 2.41171e-05
eec: 1255.77
weight: 2.89191e-05
eec: 924.868
weight: 2.65488e-05
eec: 1746.67
weight: 5.79832e-05
eec: 42.5427
weight: 3.91143e-05
eec: 15.1346
weight: 1.10511e-06
eec: 1442.41
weight: 0.000218537
eec: 213.171
weight: 3.66784e-06
eec: 123.546
weight: 4.22881e-07
eec: 125.33
weight: 5.0977e-06
eec: 557.975
weight: 0.000106999
eec: 124.626
weight: 0.000111314
eec: 1097.47
weight: 0.000332608
eec: 350.871
weight: 3.90497e-05
eec: 443.333
weight: 8.61197e-05
eec: 140.055
weight: 0.000114703
eec: 680.574
weight: 7.02765e-05
eec: 545.987
weight: 3.18395e-07
eec: 1624.2
weight: 0.00030126
eec: 556.8
weight: 4.35143e-06
eec: 245.005
weight: 0.000221905
eec: 365.07
weight: 1.60386e-06
eec: 842.056
weight: 3.31078e-05
eec: 686.992
weight: 6.86435e-05
eec: 102.315
weight: 0.000151501
eec: 379.122
weight: 1.06325e-05
eec: 170.05
weight: 3.1954e-06
eec: 728.604
weight: 5.53419e-05
eec: 157.01
weight: 3.08008e-06
eec: 1205.57
weight: 6.70635e-06
eec: 86.3329
weight: 9.14826e-06
eec: 690.224
weight: 2.53878e-05
eec: 143.175
weight: 0.00166601
eec: 442.451
weight: 0.000307972
eec: 640.666
weight: 3.26177e-05
eec: 6.51915
weight: 1.96063e-05
eec: 262.148
weight: 2.1899e-05
eec: 571.276
weight: 3.20134e-06
eec: 1907.43
weight: 1.62525e-05
eec: 177.035
weight: 4.89965e-05
eec: 148.184
weight: 9.06429e-05
eec: 38.8677
weight: 0.000148774
eec: 212.683
weight: 9.0087e-06
eec: 65.1018
weight: 2.30618e-07
eec: 514.518
weight: 5.33421e-05
eec: 391.82
weight: 6.4273e-06
eec: 510.793
weight: 1.85878e-05
eec: 786.603
weight: 1.75607e-05
eec: 1174.47
weight: 5.98001e-05
eec: 677.748
weight: 6.07468e-05
eec: 178.187
weight: 4.01339e-05
eec: 502.872
weight: 1.54844e-05
eec: 2628.19
weight: 1.54078e-05
eec: 1833.25
weight: 0.000277525
eec: 1300.51
weight: 2.97952e-06
eec: 1207.08
weight: 8.41369e-06
eec: 26.8562
weight: 0.000132927
eec: 157.637
weight: 2.27017e-06
eec: 865.585
weight: 0.000401674
eec: 53.5234
weight: 1.66185e-05
eec: 2388.73
weight: 0.000210917
eec: 209.731
weight: 5.26195e-06
eec: 936.525
weight: 9.22691e-06
eec: 157.642
weight: 2.83599e-06
eec: 24.8874
weight: 6.84084e-05
eec: 742.147
weight: 5.07877e-06
eec: 856.729
weight: 0.000198272
eec: 695.177
weight: 0.000124621
eec: 339.801
weight: 2.51902e-05
eec: 442.609
weight: 2.58857e-06
eec: 136.307
weight: 1.83798e-05
eec: 121.805
weight: 2.94357e-06
eec: 342.007
weight: 3.1995e-05
eec: 922.244
weight: 8.90365e-06
eec: 1179.95
weight: 0.000152552
eec: 81.5603
weight: 3.66431e-05
eec: 299.155
weight: 8.66887e-06
eec: 183.673
weight: 0.000141837
eec: 488.213
weight: 6.83569e-07
eec: 630.233
weight: 1.28388e-05
eec: 771.756
weight: 6.88569e-05
eec: 400.265
weight: 6.50108e-05
eec: 201.684
weight: 3.77347e-05
eec: 761.66
weight: 0.000107105
eec: 605.267
weight: 1.24607e-05
eec: 587.493
weight: 5.31918e-05
eec: 130.695
weight: 4.54057e-05
eec: 1333.51
weight: 0.000230337
eec: 41.1368
weight: 8.52824e-06
eec: 2231.8
weight: 4.59326e-06
eec: 3661.37
weight: 2.271e-05
eec: 86.6101
weight: 7.10188e-06
eec: 1259.9
weight: 8.23728e-07
eec: 46.4012
weight: 8.10415e-06
eec: 511.95
weight: 9.51827e-06
eec: 1363.04
weight: 2.94571e-06
eec: 69.1431
weight: 2.7338e-05
eec: 97.1638
weight: 0.000310923
eec: 325.575
weight: 5.91768e-05
eec: 586.011
weight: 2.05136e-06
eec: 1228.04
weight: 1.27264e-05
eec: 1027.98
weight: 0.0001003
eec: 419.704
weight: 8.4012e-06
eec: 555.952
weight: 4.18935e-05
eec: 273.633
weight: 5.3319e-06
eec: 795.643
weight: 1.35877e-05
eec: 320.551
weight: 2.28544e-06
eec: 164.161
weight: 0.000300241
eec: 330.498
weight: 5.35004e-05
eec: 612.028
weight: 1.23351e-05
eec: 56.8947
weight: 9.23285e-06
eec: 1014.29
weight: 2.78116e-06
eec: 168.037
weight: 6.91645e-06
eec: 817.857
weight: 0.000266899
eec: 332.27
weight: 2.67966e-05
eec: 236.724
weight: 6.53595e-05
eec: 73.6683
weight: 6.80616e-06
eec: 402.057
weight: 1.0067e-05
eec: 970.743
weight: 3.94027e-05
eec: 101.719
weight: 3.75859e-05
eec: 1958.94
weight: 0.000131785
eec: 342.889
weight: 2.52812e-06
eec: 2550.78
weight: 8.66002e-06
eec: 470.451
weight: 3.1017e-06
eec: 429.807
weight: 4.57283e-05
eec: 334.129
weight: 3.41909e-08
eec: 119.073
weight: 0.000116136
eec: 944.518

ROOT exit code = 0
