gSystem->Load("run_condor_job_Run3_C.so");
run_condor_job_Run3(276, 100, 2,
                    80, 200,
                    1, 1, 1, 2);
.q

ENTERED run_condor_job_Run3()
JOBID = 276
  global job = 276  Job 76/100  events [4560000, 4620000)  total=6000000
Processing events [4560000, 4620000) of 6000000
weight: 1.75127e-05
eec: 192.662
weight: 4.92072e-06
eec: 99.8742
weight: 1.12108e-05
eec: 226.178
weight: 5.58289e-05
eec: 683.694
weight: 5.61904e-06
eec: 254.505
weight: 0.000197058
eec: 50.6717
weight: 9.50505e-06
eec: 850.502
weight: 1.47345e-05
eec: 844.972
weight: 3.82312e-06
eec: 987.765
weight: 0.000180506
eec: 539.504
weight: 2.62562e-06
eec: 3828.27
weight: 1.06172e-05
eec: 141.091
weight: 3.14229e-06
eec: 40.8388
weight: 1.58781e-06
eec: 98.3104
weight: 2.38689e-05
eec: 1372.08
weight: 2.17524e-05
eec: 125.835
weight: 2.09928e-05
eec: 843.302
weight: 3.03762e-06
eec: 202.719
weight: 2.62731e-05
eec: 121.231
weight: 7.30249e-05
eec: 264.482
weight: 2.64795e-05
eec: 425.809
weight: 0.000579486
eec: 229.603
weight: 0.000210464
eec: 714.722
weight: 0.000179728
eec: 465.353
weight: 1.44627e-06
eec: 85.4722
weight: 8.65193e-05
eec: 359.356
weight: 6.60855e-06
eec: 565.201
weight: 1.94335e-05
eec: 154.359
weight: 0.000132361
eec: 22.2892
weight: 9.78462e-06
eec: 1949.31
weight: 9.7999e-06
eec: 75.6992
weight: 0.00070179
eec: 81.6977
weight: 2.54366e-05
eec: 51.3827
weight: 1.0316e-06
eec: 222.865
weight: 1.85588e-05
eec: 686.349
weight: 8.2201e-07
eec: 77.3013
weight: 1.631e-05
eec: 508.213
weight: 0.00026889
eec: 246.106
weight: 6.45042e-06
eec: 149.46
weight: 3.00115e-05
eec: 927.249
weight: 4.71141e-06
eec: 368.164
weight: 3.24539e-05
eec: 1186.41
weight: 4.59289e-06
eec: 422.654
weight: 1.23627e-05
eec: 341.949
weight: 0.000128658
eec: 134.958
weight: 1.56113e-05
eec: 136.311
weight: 3.25033e-06
eec: 45.767
weight: 2.46322e-08
eec: 368.345
weight: 5.78502e-06
eec: 5366.39
weight: 3.46985e-05
eec: 239.894
weight: 6.37367e-05
eec: 603.055
weight: 2.62444e-06
eec: 13.3538
weight: 3.08014e-05
eec: 1156.57
weight: 8.38158e-05
eec: 58.2578
weight: 4.51425e-07
eec: 365.562
weight: 1.49096e-05
eec: 159.54
weight: 2.11681e-05
eec: 136.72
weight: 0.000248362
eec: 495.929
weight: 0.000116601
eec: 1174.67
weight: 1.38421e-06
eec: 779.249
weight: 1.60393e-06
eec: 207.591
weight: 4.72864e-06
eec: 338.161
weight: 1.22439e-05
eec: 501.549
weight: 3.38675e-05
eec: 631.986
weight: 1.5021e-06
eec: 95.8991
weight: 6.84108e-05
eec: 274.718
weight: 5.28108e-05
eec: 152.723
weight: 1.79426e-07
eec: 149.526
weight: 2.53751e-05
eec: 58.0926
weight: 8.03055e-05
eec: 72.7047
weight: 4.6862e-08
eec: 464.144
weight: 7.23851e-06
eec: 427.553
weight: 7.91735e-06
eec: 726.112
weight: 0.000105032
eec: 181.975
weight: 0.000261568
eec: 114.17
weight: 2.50505e-05
eec: 277.21
weight: 2.80639e-05
eec: 680.263
weight: 3.85693e-05
eec: 950.732
weight: 1.59944e-05
eec: 387.507
weight: 0.000190154
eec: 193.791
weight: 1.11389e-05
eec: 508.8
weight: 0.000149423
eec: 36.0638
weight: 0.000269393
eec: 853.272
weight: 1.10611e-05
eec: 168.915
weight: 6.58485e-05
eec: 1328.04
weight: 1.94299e-05
eec: 694.695
weight: 2.17374e-07
eec: 101.067
weight: 8.90925e-06
eec: 820.585
weight: 7.15806e-06
eec: 1366.8
weight: 1.10008e-07
eec: 347.22
weight: 0.00010383
eec: 49.1228
weight: 0.000222098
eec: 455.364
weight: 8.27294e-06
eec: 609.185
weight: 4.2601e-05
eec: 189.232
weight: 2.05406e-05
eec: 281.318
weight: 0.000244144
eec: 887.607
weight: 8.48637e-07
eec: 434.689
weight: 6.93521e-07
eec: 233.512
weight: 4.07916e-07
eec: 646.323
weight: 8.04582e-07
eec: 251.578
weight: 6.14277e-05
eec: 706.084
weight: 0.000111395
eec: 25.1058
weight: 5.40713e-05
eec: 30.3159
weight: 5.07559e-07
eec: 585.677
weight: 1.8312e-05
eec: 411.316
weight: 4.78023e-06
eec: 852.045
weight: 2.96488e-05
eec: 1451.31
weight: 2.96488e-05
eec: 266.733
weight: 4.12578e-05
eec: 24.2984
weight: 4.64584e-05
eec: 2542.01
weight: 0.00116754
eec: 605.226
weight: 3.87741e-05
eec: 1552.54
weight: 8.19928e-06
eec: 106.066
weight: 3.92032e-05
eec: 426.34
weight: 6.92409e-07
eec: 220.868
weight: 1.40007e-05
eec: 378.702
weight: 1.61382e-05
eec: 153.811
weight: 9.97564e-05
eec: 68.8006
weight: 0.000135717
eec: 319.322
weight: 1.76003e-05
eec: 142.098
weight: 6.34261e-06
eec: 88.5817
weight: 6.40033e-07
eec: 409.535
weight: 5.39266e-05
eec: 804.638
weight: 1.79703e-06
eec: 108.115
weight: 1.3979e-05
eec: 1688.15
weight: 1.06333e-05
eec: 249.837
weight: 3.6309e-06
eec: 1647.59
weight: 0.000303415
eec: 696.735
weight: 6.2241e-06
eec: 931.892
weight: 1.23227e-05
eec: 167.808
weight: 1.63532e-05
eec: 632.25
weight: 6.26138e-06
eec: 1040.72
weight: 1.55958e-05
eec: 783.156
weight: 1.88775e-05
eec: 486.726
weight: 0.000127459
eec: 523.207
weight: 0.000929518
eec: 108.973
weight: 1.40538e-05
eec: 372.647
weight: 6.69801e-06
eec: 1278
weight: 0.000214134
eec: 1388.86
weight: 9.84715e-07
eec: 972.084
weight: 1.19303e-05
eec: 410.543
weight: 8.40383e-06
eec: 55.4983
weight: 6.24468e-05
eec: 284.552
weight: 9.14453e-05
eec: 122.915
weight: 2.44213e-05
eec: 329.591
weight: 4.08208e-05
eec: 1201.95
weight: 2.31194e-06
eec: 70.4562
Processing: 76.6667 %weight: 8.50834e-07
eec: 1133.89
weight: 4.75167e-06
eec: 1107.22
weight: 2.02397e-05
eec: 1274.22
weight: 2.92094e-05
eec: 991.954
weight: 0.000105782
eec: 1274.82
weight: 3.04988e-05
eec: 154.348
weight: 6.30977e-06
eec: 905.448
weight: 8.80436e-05
eec: 380.328
weight: 2.59319e-05
eec: 5126.38
weight: 3.73503e-06
eec: 2602.71
weight: 0.000172525
eec: 254.024
weight: 3.28609e-06
eec: 349.077
weight: 4.52296e-07
eec: 370.912
weight: 2.04317e-05
eec: 33.3418
weight: 1.60764e-05
eec: 134.562
weight: 7.68118e-07
eec: 2977.02
weight: 0.000393362
eec: 665.573
weight: 6.90225e-05
eec: 57.1532
weight: 0.000471019
eec: 984.209
weight: 9.22086e-06
eec: 192.037
weight: 0.000122593
eec: 911.412
weight: 4.97913e-08
eec: 255.879
weight: 4.73844e-06
eec: 469.442
weight: 6.60263e-05
eec: 423.488
weight: 6.02472e-07
eec: 86.9787
weight: 0.000238811
eec: 162.583
weight: 0.000191056
eec: 62.2902
weight: 0.000162757
eec: 346.352
weight: 5.7938e-05
eec: 735.98
weight: 3.20483e-05
eec: 137.55
weight: 2.10381e-05
eec: 1280.25
weight: 0.000158302
eec: 630.748
weight: 0.000677296
eec: 530.513
weight: 2.11548e-06
eec: 104.392
weight: 5.4425e-05
eec: 336.381
weight: 1.37742e-05
eec: 115.813
weight: 1.35948e-05
eec: 217.301
weight: 3.75812e-05
eec: 1382.37
weight: 3.24926e-05
eec: 502.153
weight: 2.75856e-05
eec: 1029.18
weight: 3.11035e-05
eec: 939.688
weight: 2.41938e-06
eec: 4753.53
weight: 0.000144525
eec: 1295.66
weight: 4.62818e-05
eec: 311.426
weight: 1.53931e-05
eec: 4696.95
weight: 1.57201e-05
eec: 190.622
weight: 7.46374e-05
eec: 114.979
weight: 4.18781e-05
eec: 2721.93
weight: 8.31843e-05
eec: 210.131
weight: 3.94222e-05
eec: 824.967
weight: 1.50945e-05
eec: 1427.62
weight: 3.78542e-05
eec: 65.03
weight: 6.72155e-06
eec: 578.977
weight: 6.34527e-07
eec: 1155.98
weight: 1.51447e-06
eec: 499.572
weight: 0.000681153
eec: 121.376
weight: 3.9021e-06
eec: 4709.8
weight: 0.000116123
eec: 287.884
weight: 2.64126e-06
eec: 1677.27
weight: 2.57401e-06
eec: 66.4113
weight: 9.31805e-08
eec: 24.7668
weight: 0.000329778
eec: 379.126
weight: 1.6435e-05
eec: 268.123
weight: 4.02764e-05
eec: 74.4272
weight: 2.01183e-05
eec: 2318.46
weight: 3.80534e-05
eec: 940.327
weight: 6.40439e-05
eec: 161.404
weight: 4.01894e-05
eec: 267.403
weight: 3.25011e-06
eec: 1894.84
weight: 9.28573e-05
eec: 605.566
weight: 0.000310233
eec: 370.515
weight: 0.000168203
eec: 75.4144
weight: 6.85633e-07
eec: 728.796
weight: 0.000118445
eec: 60.3055
weight: 6.17144e-05
eec: 1483.14
weight: 0.000124027
eec: 569.445
weight: 8.49559e-05
eec: 45.6563
weight: 2.89011e-05
eec: 311.476
weight: 8.03754e-06
eec: 515.1
weight: 2.03551e-05
eec: 1302.7
weight: 6.68163e-05
eec: 1650.56
weight: 6.68163e-05
eec: 91.4814

ROOT exit code = 0
