gSystem->Load("run_condor_job_Run3_C.so");
run_condor_job_Run3(116, 100, 2,
                    80, 200,
                    1, 1, 1, 1);
.q

ENTERED run_condor_job_Run3()
JOBID = 116
  global job = 116  Job 16/100  events [937920, 996540)  total=5862000
Processing events [937920, 996540) of 5862000
weight: 1.77872e-05
eec: 818.643
weight: 2.27967e-06
eec: 1651.69
weight: 2.44272e-07
eec: 1789.21
weight: 9.12642e-05
eec: 392.901
weight: 0.000121753
eec: 1883.27
weight: 2.03168e-05
eec: 26.0457
weight: 1.31853e-06
eec: 1185.75
weight: 8.72689e-05
eec: 228.337
weight: 9.11947e-06
eec: 903.582
weight: 0.000107579
eec: 88.9855
weight: 3.45267e-05
eec: 1814.81
weight: 0.000540691
eec: 14.8967
weight: 0.00101123
eec: 85.6507
weight: 0.000103599
eec: 309.149
weight: 4.26825e-05
eec: 123.852
weight: 0.000420867
eec: 333.392
weight: 0.000195201
eec: 47.7123
weight: 1.70515e-05
eec: 288.976
weight: 4.48364e-06
eec: 389.96
weight: 0.000607579
eec: 368.171
weight: 2.29651e-05
eec: 555.804
weight: 9.17843e-05
eec: 234.758
weight: 4.38177e-05
eec: 559.469
weight: 6.06271e-05
eec: 691.215
weight: 3.79656e-05
eec: 758.122
weight: 1.22701e-05
eec: 344.372
weight: 4.36791e-06
eec: 562.669
weight: 0.000693155
eec: 61.6567
weight: 2.6796e-05
eec: 259.475
weight: 0.000199715
eec: 576.981
weight: 1.44705e-05
eec: 164.165
weight: 1.37252e-06
eec: 430.958
weight: 4.07514e-06
eec: 153.128
weight: 0.000131681
eec: 88.893
weight: 1.4072e-05
eec: 2273.44
weight: 8.02565e-06
eec: 2491.86
weight: 1.92272e-07
eec: 3145.18
weight: 1.15906e-05
eec: 357.716
weight: 7.22434e-06
eec: 862.573
weight: 0.000185974
eec: 80.7999
weight: 3.24443e-05
eec: 557.582
weight: 7.98035e-05
eec: 2292.89
weight: 0.000154083
eec: 1304.82
weight: 9.41261e-06
eec: 634.494
weight: 1.20791e-05
eec: 65.3101
weight: 3.1028e-05
eec: 957.292
weight: 2.9631e-05
eec: 1523.01
weight: 8.81372e-05
eec: 255.447
weight: 2.02286e-05
eec: 97.3959
weight: 4.13543e-05
eec: 482.201
weight: 1.67703e-05
eec: 305.549
Processing: 16.2061 %weight: 1.10546e-06
eec: 208.455
weight: 5.94958e-05
eec: 16.1653
weight: 2.48739e-05
eec: 542.791
weight: 1.40493e-06
eec: 77.0021
weight: 0.000103054
eec: 178.542
weight: 1.11316e-05
eec: 281.312
weight: 0.000164633
eec: 161.576
weight: 1.14832e-05
eec: 1737.51
weight: 0.000111763
eec: 560.123
weight: 6.41119e-05
eec: 487.349
weight: 2.99516e-06
eec: 57.7798
weight: 0.000233599
eec: 131.767
weight: 4.01362e-05
eec: 841.359
weight: 1.1934e-05
eec: 180.393
weight: 5.19269e-05
eec: 709.462
weight: 0.000146246
eec: 349.562
weight: 1.90291e-05
eec: 1108.57
weight: 0.000100891
eec: 40.2465
weight: 7.19659e-06
eec: 220.578
weight: 3.23707e-05
eec: 197.287
weight: 0.00011362
eec: 183.328
weight: 1.23326e-05
eec: 338.876
weight: 8.20522e-05
eec: 483.841
weight: 0.000313647
eec: 507.521
weight: 1.39908e-05
eec: 827.969
weight: 1.48758e-05
eec: 530.657
weight: 8.81505e-05
eec: 99.7953
weight: 4.90627e-05
eec: 100.971
weight: 0.000129878
eec: 159.689
weight: 3.13295e-05
eec: 1045.81
weight: 5.06211e-05
eec: 194.32
weight: 3.44335e-05
eec: 256.701
weight: 2.04923e-07
eec: 243.939
weight: 0.000128595
eec: 2218.77
weight: 1.41139e-05
eec: 153.084
weight: 5.77068e-05
eec: 484.896
weight: 0.00343127
eec: 86.9358
weight: 4.65001e-06
eec: 498.585
weight: 1.35267e-05
eec: 454.301
weight: 0.00119649
eec: 1150.54
weight: 1.90801e-05
eec: 269.316
weight: 3.6113e-05
eec: 178.8
weight: 5.7973e-05
eec: 46.4101
weight: 4.51128e-06
eec: 377.456
weight: 0.000161236
eec: 306.821
weight: 6.4048e-05
eec: 144.25
weight: 0.000120672
eec: 52.3942
weight: 8.21925e-05
eec: 508.782
weight: 2.68431e-05
eec: 157.667
weight: 5.8358e-05
eec: 78.3173
weight: 0.000746455
eec: 665.751
weight: 1.12203e-05
eec: 1405.42
weight: 1.14305e-05
eec: 751.009
weight: 2.18905e-05
eec: 1780.02
weight: 0.00116247
eec: 582.917
weight: 8.7303e-05
eec: 32.5586
weight: 4.4063e-05
eec: 134.929
weight: 4.7335e-05
eec: 251.004
weight: 1.72156e-05
eec: 448.097
weight: 3.99919e-06
eec: 1097.84
weight: 1.92302e-06
eec: 584.8
weight: 2.20616e-05
eec: 559.384
weight: 8.29476e-06
eec: 2044.02
weight: 0.000122732
eec: 1180.87
weight: 0.000365854
eec: 153.51
weight: 0.000102738
eec: 194.418
weight: 1.79251e-05
eec: 496.501
weight: 1.92914e-07
eec: 463.689
weight: 1.3644e-05
eec: 664.461
weight: 2.53984e-06
eec: 1681.1
weight: 5.5626e-06
eec: 125.095
weight: 7.62447e-05
eec: 30.9761
weight: 2.33987e-06
eec: 167.245
weight: 0.000621991
eec: 247.896
weight: 7.78944e-06
eec: 325.523
weight: 1.29532e-07
eec: 712.322
weight: 0.000694225
eec: 423.249
weight: 7.88339e-05
eec: 1318.37
weight: 4.30076e-05
eec: 125.269
weight: 1.54352e-05
eec: 714.432
weight: 2.15195e-05
eec: 132.297
weight: 2.43425e-05
eec: 105.303
weight: 0.000163639
eec: 48.5753
weight: 7.85069e-05
eec: 2550.95
weight: 4.04328e-05
eec: 742.351
weight: 7.85191e-05
eec: 1601.04
weight: 0.000704868
eec: 147.399
weight: 1.68082e-05
eec: 72.063
weight: 0.000237567
eec: 674.997
weight: 3.00188e-06
eec: 1510.17
weight: 6.99919e-05
eec: 1097.78
weight: 0.000750643
eec: 154.555
weight: 4.86138e-05
eec: 541.921
weight: 1.23606e-05
eec: 386.783
weight: 6.35688e-06
eec: 18.716
weight: 5.57973e-05
eec: 167.563
weight: 3.35132e-05
eec: 103.072
weight: 1.13018e-05
eec: 688.323
weight: 1.51305e-05
eec: 2785.58
weight: 0.000242622
eec: 809.743
weight: 7.82229e-05
eec: 9.20844
weight: 8.33236e-06
eec: 474.373
weight: 2.32381e-05
eec: 760.607
weight: 3.10657e-05
eec: 358.892
weight: 2.15456e-06
eec: 84.0316
weight: 3.19462e-05
eec: 73.4071
weight: 1.80978e-05
eec: 67.8345
weight: 4.72234e-06
eec: 103.245
weight: 3.39498e-05
eec: 963.826
weight: 4.40734e-05
eec: 450.137
weight: 5.65792e-05
eec: 528.39
weight: 0.00129624
eec: 883.537
weight: 1.6952e-06
eec: 125.272
weight: 3.47129e-05
eec: 419.159
weight: 9.93041e-06
eec: 379.321
weight: 2.30636e-05
eec: 1135.79
weight: 4.606e-05
eec: 2672.14
weight: 0.000113
eec: 429.608
weight: 2.45105e-05
eec: 1316.87
weight: 9.4127e-05
eec: 478.455
weight: 0.000103968
eec: 76.0999
weight: 1.98299e-05
eec: 262.664
weight: 1.57866e-05
eec: 116.081
weight: 6.7554e-05
eec: 1035.07
weight: 4.96683e-05
eec: 514.653
weight: 4.87871e-06
eec: 413.098
weight: 3.18296e-05
eec: 502.345
weight: 1.12202e-05
eec: 1797.05
weight: 3.42024e-05
eec: 1534.09
weight: 0.000206432
eec: 145.814
weight: 0.0004179
eec: 552.405
weight: 1.02059e-05
eec: 111.714
weight: 1.6036e-05
eec: 456.244
weight: 3.08746e-05
eec: 370.106
weight: 4.06661e-06
eec: 263.145
weight: 2.27103e-05
eec: 289.875
weight: 4.45155e-05
eec: 283.963
weight: 9.31479e-06
eec: 122.593
weight: 0.000135865
eec: 724.549
weight: 5.62793e-06
eec: 1570.69
weight: 1.03466e-05
eec: 148.953
weight: 3.15629e-05
eec: 434.703
weight: 1.64515e-06
eec: 2422.21
weight: 1.46562e-05
eec: 277.987
weight: 3.90344e-05
eec: 634.404
weight: 9.28234e-06
eec: 1008.05
weight: 0.000222465
eec: 765.23
weight: 3.8126e-05
eec: 273.978
weight: 7.44937e-05
eec: 393.162
weight: 6.1643e-07
eec: 1001.11
weight: 9.69336e-05
eec: 85.2374
weight: 5.41714e-06
eec: 54.3956
weight: 0.000148864
eec: 249.265
weight: 3.39677e-06
eec: 268.523
weight: 6.77167e-05
eec: 424.802
weight: 1.14704e-06
eec: 1228.26
weight: 6.42883e-06
eec: 1717.62
weight: 5.75296e-06
eec: 239.917
weight: 0.000167527
eec: 344.468
weight: 7.91751e-05
eec: 161.477
weight: 1.74765e-05
eec: 329.664
weight: 2.91002e-06
eec: 2459.66
weight: 1.61918e-06
eec: 1021.19
weight: 0.000177385
eec: 182.163
weight: 5.31113e-06
eec: 1129.55
weight: 2.01504e-05
eec: 907.907
weight: 8.34599e-05
eec: 388.079
weight: 2.20992e-05
eec: 39.0191
weight: 3.54327e-06
eec: 1025.66
weight: 2.58977e-05
eec: 142.178
weight: 5.68918e-05
eec: 109.656
weight: 4.55231e-05
eec: 1044.76
weight: 5.94601e-06
eec: 241.167
weight: 2.39486e-06
eec: 328.789
weight: 0.000320362
eec: 34.5158
weight: 1.03772e-05
eec: 316.588
weight: 0.000201044
eec: 481.919
weight: 0.000455766
eec: 568.565
weight: 4.1777e-05
eec: 986.87
weight: 7.09407e-06
eec: 241.355
weight: 0.000128155
eec: 78.0502
weight: 1.37172e-05
eec: 725.035
weight: 6.46735e-06
eec: 1069.97
weight: 0.000776674
eec: 83.6889
weight: 2.31098e-05
eec: 745.822
weight: 6.0404e-05
eec: 146.68
weight: 6.47453e-05
eec: 546.257
weight: 2.35173e-07
eec: 106.099
weight: 0.000276068
eec: 372.637
weight: 7.73728e-05
eec: 272.343
weight: 1.84175e-05
eec: 1126.24
weight: 4.33986e-08
eec: 2562.11

ROOT exit code = 0
