gSystem->Load("run_condor_job_Run3_C.so");
run_condor_job_Run3(591, 100, 2,
                    80, 200,
                    1, 1, 1, 5);
.q

ENTERED run_condor_job_Run3()
JOBID = 591
  global job = 591  Job 91/100  events [5460000, 5520000)  total=6000000
Processing events [5460000, 5520000) of 6000000
weight: 5.01008e-06
eec: 41.7841
weight: 5.50147e-05
eec: 2491.91
weight: 4.2806e-06
eec: 616.345
weight: 6.27333e-05
eec: 1429.11
weight: 4.85884e-05
eec: 354.867
weight: 9.75412e-07
eec: 83.5872
weight: 0.000227587
eec: 290.07
weight: 2.0803e-05
eec: 1217.34
weight: 2.35139e-05
eec: 123.675
weight: 8.44584e-05
eec: 415.276
weight: 0.00025379
eec: 635.497
weight: 4.74241e-05
eec: 134.881
weight: 0.000355345
eec: 325.944
weight: 6.46874e-07
eec: 166.54
weight: 9.14253e-06
eec: 145.061
weight: 0.00121941
eec: 436.886
weight: 1.41995e-05
eec: 226.091
weight: 5.03642e-06
eec: 344.332
weight: 0.000264028
eec: 316.338
weight: 2.18148e-05
eec: 196.995
weight: 7.67223e-05
eec: 366.112
weight: 1.5731e-06
eec: 123.646
weight: 0.000198797
eec: 848.005
weight: 2.23887e-06
eec: 49.4095
weight: 0.000416756
eec: 509.546
weight: 3.9655e-05
eec: 1109.69
weight: 1.53954e-05
eec: 2179.89
weight: 4.43867e-06
eec: 1100.37
weight: 0.00017231
eec: 19.4772
weight: 2.33708e-05
eec: 578.037
weight: 3.85532e-06
eec: 637.706
weight: 0.000162286
eec: 82.2619
weight: 1.24689e-05
eec: 108.392
weight: 2.15159e-05
eec: 689.275
weight: 4.98752e-07
eec: 20.3264
weight: 4.65397e-05
eec: 279.25
weight: 0.000137666
eec: 207.585
weight: 4.36977e-05
eec: 497.054
weight: 5.84452e-05
eec: 3794.99
weight: 4.01541e-05
eec: 919.223
weight: 2.68399e-05
eec: 97.2617
weight: 1.57499e-05
eec: 1101.89
weight: 8.48378e-06
eec: 98.8103
weight: 3.58637e-05
eec: 990.507
weight: 4.35563e-06
eec: 138.839
weight: 2.71833e-08
eec: 1058.58
weight: 6.60455e-06
eec: 91.0884
weight: 4.60149e-05
eec: 69.9795
weight: 0.00028796
eec: 465.963
weight: 5.37542e-05
eec: 627.845
weight: 1.97189e-06
eec: 205.462
weight: 3.37491e-05
eec: 87.7995
weight: 8.87937e-05
eec: 380.888
weight: 1.29304e-05
eec: 286.632
weight: 4.70593e-06
eec: 1386.16
weight: 8.70175e-05
eec: 781.522
weight: 0.00118752
eec: 628.385
weight: 1.50465e-05
eec: 76.6502
weight: 6.14805e-06
eec: 4280.46
weight: 6.8537e-06
eec: 97.6661
weight: 2.44993e-05
eec: 683.072
weight: 3.13149e-07
eec: 1016.13
weight: 0.000257383
eec: 74.6134
weight: 1.72903e-05
eec: 214.419
weight: 7.84397e-05
eec: 262.584
weight: 2.10031e-05
eec: 2101.95
weight: 0.000137779
eec: 395.766
weight: 9.68677e-05
eec: 317.768
weight: 0.000122362
eec: 198.384
weight: 2.89798e-05
eec: 760.112
weight: 2.91651e-05
eec: 697.264
weight: 3.94842e-05
eec: 2775.85
weight: 0.000363404
eec: 519.879
weight: 3.14879e-05
eec: 641.977
weight: 6.6788e-05
eec: 1019.93
weight: 6.14073e-05
eec: 180.261
weight: 2.44955e-05
eec: 1569.52
weight: 3.96462e-06
eec: 483.32
weight: 2.93504e-05
eec: 47.3671
weight: 8.68727e-07
eec: 234.085
weight: 0.000133141
eec: 433.032
weight: 2.94396e-07
eec: 172.606
weight: 3.53257e-06
eec: 146.291
weight: 6.52527e-06
eec: 2571.71
weight: 3.14645e-06
eec: 45.4607
weight: 8.85312e-05
eec: 728.762
weight: 6.02266e-06
eec: 118.328
weight: 0.000452297
eec: 73.0359
weight: 8.52859e-06
eec: 925.726
weight: 4.2687e-05
eec: 174.708
weight: 1.81924e-05
eec: 1509.57
weight: 5.8215e-06
eec: 278.996
weight: 7.45897e-06
eec: 760.16
weight: 0.000256895
eec: 60.7352
weight: 3.76415e-05
eec: 374.424
weight: 9.71302e-06
eec: 513.233
weight: 1.19659e-06
eec: 1209.65
weight: 0.000186341
eec: 15.1752
weight: 2.41666e-05
eec: 545.752
weight: 3.79048e-05
eec: 405.996
weight: 0.000353351
eec: 375.768
weight: 0.000125987
eec: 571.634
weight: 0.000280568
eec: 160.052
weight: 6.78579e-06
eec: 1858.19
weight: 4.02116e-05
eec: 453.338
weight: 2.5487e-06
eec: 131.863
weight: 5.4344e-06
eec: 764.026
weight: 2.59921e-05
eec: 1077.86
weight: 0.000193049
eec: 76.9531
weight: 4.99227e-06
eec: 1605.32
weight: 4.29458e-05
eec: 2235.87
weight: 3.7881e-05
eec: 934.397
weight: 0.000187783
eec: 710.388
weight: 2.59134e-05
eec: 122.165
weight: 3.49079e-07
eec: 106.608
weight: 7.02037e-05
eec: 712.902
weight: 9.35556e-05
eec: 298.245
weight: 2.10482e-07
eec: 35.7085
weight: 5.4636e-05
eec: 176.036
weight: 5.62206e-05
eec: 50.3342
weight: 7.24642e-08
eec: 207.806
weight: 2.70855e-06
eec: 1495.83
weight: 4.70733e-06
eec: 423.693
weight: 0.000184644
eec: 14.9124
weight: 0.000125449
eec: 116.485
weight: 0.00014187
eec: 919.754
weight: 3.52668e-05
eec: 595.068
weight: 8.47133e-08
eec: 436.088
weight: 8.0672e-06
eec: 42.8498
weight: 7.24405e-06
eec: 1069.7
weight: 1.44921e-05
eec: 1194.1
weight: 0.00211185
eec: 133.728
weight: 5.16794e-05
eec: 405.762
weight: 1.24597e-05
eec: 2383.29
weight: 0.000142455
eec: 195.065
weight: 0.00137539
eec: 176.333
weight: 6.57287e-05
eec: 137.668
weight: 0.000128158
eec: 204.271
weight: 4.73876e-06
eec: 62.9546
weight: 4.59215e-06
eec: 507.416
weight: 0.000389355
eec: 87.2435
weight: 5.45419e-05
eec: 686.717
weight: 4.51651e-06
eec: 640.658
weight: 0.00010472
eec: 654.559
weight: 9.15943e-06
eec: 58.423
weight: 1.34777e-05
eec: 222.592
weight: 0.000152896
eec: 647.855
weight: 7.44517e-06
eec: 128.168
weight: 1.73013e-05
eec: 176.337
weight: 0.000256698
eec: 345.128
weight: 0.000278386
eec: 271.201
Processing: 91.6667 %weight: 9.04964e-06
eec: 1246.53
weight: 1.40803e-05
eec: 1656.69
weight: 7.9306e-05
eec: 242.498
weight: 7.48361e-05
eec: 61.0773
weight: 0.0002528
eec: 283.239
weight: 0.000271352
eec: 134.816
weight: 0.000112355
eec: 1423.9
weight: 6.80297e-05
eec: 391.042
weight: 2.78643e-06
eec: 313.71
weight: 0.00014561
eec: 1477.74
weight: 1.44015e-05
eec: 695.271
weight: 3.37461e-05
eec: 54.7092
weight: 7.87415e-07
eec: 1148.33
weight: 0.000168805
eec: 218.652
weight: 8.32342e-06
eec: 522.337
weight: 2.36218e-05
eec: 115.965
weight: 0.000320499
eec: 651.513
weight: 5.81341e-06
eec: 544.424
weight: 5.07588e-06
eec: 465.367
weight: 1.82511e-05
eec: 1071.26
weight: 3.33816e-05
eec: 321.815
weight: 2.08812e-06
eec: 1049.81
weight: 0.000279403
eec: 549.433
weight: 4.14219e-06
eec: 527.094
weight: 1.16907e-05
eec: 276.19
weight: 6.01331e-05
eec: 362.78
weight: 3.36206e-05
eec: 156.216
weight: 0.000164647
eec: 587.387
weight: 0.000241897
eec: 283.954
weight: 0.000279921
eec: 607.658
weight: 1.034e-05
eec: 470.544
weight: 8.31783e-06
eec: 2157.74
weight: 3.68662e-05
eec: 50.3544
weight: 6.52184e-07
eec: 780.793
weight: 6.33213e-05
eec: 1163.23
weight: 0.000107298
eec: 40.3386
weight: 5.09004e-06
eec: 368.02
weight: 2.22289e-06
eec: 482.082
weight: 1.76526e-06
eec: 1158.17
weight: 4.97751e-06
eec: 873.364
weight: 0.000291607
eec: 566.172
weight: 1.10149e-07
eec: 1276.63
weight: 1.2111e-05
eec: 468.422
weight: 3.29772e-05
eec: 2335.67
weight: 0.000119445
eec: 96.0169
weight: 0.000179121
eec: 854.114
weight: 0.000138055
eec: 836.297
weight: 2.05673e-05
eec: 457.855
weight: 3.79371e-06
eec: 111.001
weight: 7.16935e-05
eec: 1207.3
weight: 0.000216671
eec: 23.0116
weight: 7.49753e-05
eec: 672.288
weight: 6.20572e-05
eec: 210.208
weight: 0.000220415
eec: 45.3442
weight: 2.59664e-05
eec: 68.4933
weight: 5.3744e-06
eec: 971.12
weight: 0.000192234
eec: 694.819
weight: 8.9272e-06
eec: 987.637
weight: 5.39271e-06
eec: 471.114
weight: 3.2665e-05
eec: 231.228
weight: 0.000202763
eec: 558.142
weight: 2.82033e-07
eec: 1615.48
weight: 4.17732e-06
eec: 427.145
weight: 1.71887e-06
eec: 315.432
weight: 3.52332e-05
eec: 255.81
weight: 1.51794e-07
eec: 499.322
weight: 0.000102083
eec: 104.152
weight: 0.000231176
eec: 292.512
weight: 0.000256709
eec: 248.074
weight: 4.09267e-05
eec: 566.144
weight: 1.39213e-06
eec: 1122.43
weight: 6.64525e-05
eec: 72.0232
weight: 0.000464635
eec: 94.63
weight: 1.55124e-05
eec: 3342.78
weight: 4.54914e-06
eec: 231.944
weight: 5.4762e-06
eec: 149.979
weight: 1.00652e-05
eec: 2135.54
weight: 0.000567946
eec: 295.276
weight: 2.0642e-06
eec: 1993.83
weight: 1.38526e-05
eec: 584.903
weight: 1.07464e-05
eec: 526.747
weight: 1.56409e-06
eec: 843.635
weight: 4.04042e-05
eec: 592.241
weight: 1.49024e-05
eec: 142.29
weight: 6.21696e-06
eec: 76.7381
weight: 1.51412e-05
eec: 1806.5
weight: 7.59693e-05
eec: 1017.5
weight: 0.000110406
eec: 1009.49
weight: 3.98567e-05
eec: 732.19
weight: 5.18085e-06
eec: 691.666
weight: 5.3275e-07
eec: 316.412
weight: 8.80524e-06
eec: 1147.63

ROOT exit code = 0
