gSystem->Load("run_condor_job_Run3_C.so");
run_condor_job_Run3(994, 100, 2,
                    80, 200,
                    1, 1, 1, 9);
.q

ENTERED run_condor_job_Run3()
JOBID = 994
  global job = 994  Job 94/100  events [5589240, 5648700)  total=5946000
Processing events [5589240, 5648700) of 5946000
weight: 1.29044e-05
eec: 1054.57
weight: 6.33711e-05
eec: 969.38
weight: 6.33711e-05
eec: 268.023
weight: 5.43621e-05
eec: 1657.88
weight: 8.79688e-06
eec: 1432.77
weight: 5.01727e-06
eec: 46.7584
weight: 0.000191436
eec: 814.934
weight: 2.33993e-05
eec: 75.5682
weight: 4.10451e-05
eec: 655.813
weight: 8.88369e-06
eec: 163.71
weight: 0.000135182
eec: 487.825
weight: 1.84718e-05
eec: 69.0213
weight: 6.58126e-06
eec: 64.7047
weight: 3.60048e-07
eec: 325.504
weight: 2.79438e-05
eec: 140.027
weight: 3.25955e-05
eec: 74.9652
weight: 0.000375918
eec: 718.436
weight: 1.2596e-06
eec: 72.5592
weight: 4.20902e-08
eec: 13.0071
weight: 1.86707e-05
eec: 374.875
weight: 0.000272407
eec: 122.964
weight: 2.96398e-05
eec: 85.7053
weight: 4.27768e-06
eec: 1097.23
weight: 0.00102429
eec: 212.581
weight: 2.19709e-05
eec: 47.5577
weight: 1.21966e-05
eec: 32.1007
weight: 0.000203918
eec: 161.663
weight: 4.26551e-05
eec: 591.945
weight: 7.87505e-09
eec: 523.198
weight: 8.15926e-05
eec: 614.263
weight: 0.000135973
eec: 194.346
weight: 3.17727e-05
eec: 265.002
weight: 8.4616e-06
eec: 628.462
weight: 1.77329e-07
eec: 1570.34
weight: 1.30482e-05
eec: 1646.79
weight: 0.000455795
eec: 983.176
weight: 4.9817e-05
eec: 2921.97
weight: 0.000416029
eec: 23.2995
weight: 0.000151831
eec: 288.982
weight: 0.000135268
eec: 19.9756
weight: 0.000153924
eec: 4.58645
weight: 4.70614e-05
eec: 13.7152
weight: 9.147e-06
eec: 1002.8
weight: 2.3406e-05
eec: 35.9982
weight: 0.000230479
eec: 1382.17
weight: 1.04433e-05
eec: 191.916
weight: 3.65566e-05
eec: 688.335
weight: 0.000146258
eec: 324.916
weight: 1.36876e-06
eec: 2526.64
weight: 8.6764e-06
eec: 98.4746
weight: 0.000307407
eec: 103.676
weight: 4.01016e-07
eec: 1050.67
weight: 4.37877e-05
eec: 401.804
weight: 0.000148903
eec: 316.148
Processing: 94.181 %weight: 4.40781e-05
eec: 133.398
weight: 1.21542e-06
eec: 578.684
weight: 0.00020477
eec: 136.176
weight: 2.2919e-05
eec: 810.803
weight: 0.000650095
eec: 548.696
weight: 5.64534e-06
eec: 1232.62
weight: 1.39128e-06
eec: 416.508
weight: 2.25564e-05
eec: 381.68
weight: 0.000547019
eec: 109.421
weight: 2.37949e-06
eec: 180.789
weight: 8.0196e-05
eec: 862.767
weight: 0.000215459
eec: 215.085
weight: 4.41099e-05
eec: 625.244
weight: 0.000138498
eec: 838.398
weight: 7.66893e-06
eec: 486.982
weight: 0.000104364
eec: 324.057
weight: 4.13385e-05
eec: 189.383
weight: 3.99405e-06
eec: 95.4572
weight: 3.83654e-05
eec: 171.182
weight: 1.99102e-05
eec: 568.002
weight: 1.57436e-05
eec: 1119.87
weight: 0.000222147
eec: 25.1547
weight: 0.000177995
eec: 274.043
weight: 1.5568e-05
eec: 1692.93
weight: 1.94338e-05
eec: 99.3967
weight: 2.7572e-05
eec: 212.089
weight: 2.41116e-05
eec: 522.434
weight: 2.19813e-05
eec: 821.001
weight: 9.62383e-05
eec: 173.736
weight: 2.12256e-05
eec: 1207.98
weight: 9.27194e-06
eec: 832.523
weight: 2.02733e-05
eec: 481.276
weight: 9.14524e-05
eec: 727.408
weight: 2.9242e-06
eec: 825.962
weight: 1.03441e-05
eec: 1139.3
weight: 1.16715e-05
eec: 115.256
weight: 1.15823e-05
eec: 203.794
weight: 8.28098e-05
eec: 283.546
weight: 9.83753e-06
eec: 186.203
weight: 1.8264e-05
eec: 510.869
weight: 1.7808e-05
eec: 97.9536
weight: 5.60944e-05
eec: 540.012
weight: 5.54517e-05
eec: 88.4085
weight: 5.51136e-05
eec: 618.443
weight: 0.000227039
eec: 383.95
weight: 1.77999e-06
eec: 89.1606
weight: 9.92328e-08
eec: 372.46
weight: 4.26494e-05
eec: 268.434
weight: 5.11685e-05
eec: 290.41
weight: 4.42874e-05
eec: 430.439
weight: 0.000101987
eec: 829.948
weight: 1.36691e-06
eec: 2053.21
weight: 0.00109026
eec: 646.325
weight: 0.000281415
eec: 238.764
weight: 3.31213e-05
eec: 539.085
weight: 2.70545e-05
eec: 936.802
weight: 0.000237169
eec: 427.696
weight: 1.76295e-05
eec: 232.368
weight: 0.000200429
eec: 66.0646
weight: 2.20043e-05
eec: 149.696
weight: 4.91054e-06
eec: 1420.09
weight: 0.000251198
eec: 286.394
weight: 5.239e-09
eec: 27.2367
weight: 2.65863e-06
eec: 331.216
weight: 5.58581e-05
eec: 550.499
weight: 1.67624e-05
eec: 515.092
weight: 3.72965e-05
eec: 2455.52
weight: 1.84862e-05
eec: 2977.7
weight: 1.84862e-05
eec: 295.651
weight: 2.77848e-05
eec: 359.625
weight: 1.43283e-05
eec: 268.217
weight: 3.67471e-05
eec: 75.4009
weight: 1.70579e-05
eec: 468.59
weight: 8.17544e-05
eec: 561.696
weight: 1.45435e-06
eec: 447.499
weight: 1.97073e-06
eec: 573.776
weight: 8.28281e-05
eec: 309.047
weight: 4.6344e-05
eec: 1256.23
weight: 2.38256e-05
eec: 67.1326
weight: 1.47721e-05
eec: 257.338
weight: 1.66898e-07
eec: 1827
weight: 1.30035e-05
eec: 446.019
weight: 5.80527e-05
eec: 1011.41
weight: 1.07073e-05
eec: 1481.62
weight: 8.21763e-05
eec: 160.67
weight: 1.05606e-05
eec: 497.626
weight: 4.49555e-05
eec: 829.534
weight: 1.30387e-05
eec: 771.178
weight: 0.00012107
eec: 1034.91
weight: 1.105e-05
eec: 40.0137
weight: 9.29183e-05
eec: 1141.7
weight: 0.00274425
eec: 250.318
weight: 3.85463e-05
eec: 368.376
weight: 0.000133521
eec: 91.0359
weight: 1.17517e-05
eec: 732.42
weight: 3.47643e-05
eec: 442.967
weight: 2.33302e-05
eec: 400.566
weight: 2.63081e-05
eec: 110.426
weight: 5.40558e-06
eec: 392.922
weight: 1.20514e-05
eec: 647.406
weight: 3.52927e-06
eec: 781.991
weight: 1.44283e-05
eec: 23.379
weight: 7.94432e-05
eec: 97.5497
weight: 4.92429e-06
eec: 3135.19
weight: 1.82997e-06
eec: 766.249
weight: 0.000122495
eec: 81.2865
weight: 0.000167008
eec: 165.074
weight: 7.18428e-06
eec: 695.77
weight: 1.12958e-05
eec: 305.963
weight: 3.3373e-05
eec: 34.5008
weight: 6.92365e-06
eec: 864.665
weight: 6.76489e-06
eec: 650.715
weight: 4.69553e-05
eec: 1798.75
weight: 0.000540555
eec: 27.1187
weight: 6.77029e-06
eec: 262.717
weight: 7.4664e-06
eec: 72.1146
weight: 9.65283e-06
eec: 1422.88
weight: 1.02788e-05
eec: 9.81095
weight: 0.000262975
eec: 522.436
weight: 2.06014e-05
eec: 732.118
weight: 7.54871e-05
eec: 77.5432
weight: 0.000405798
eec: 81.7194
weight: 7.90362e-05
eec: 202.965
weight: 6.04686e-05
eec: 250.734
weight: 0.002724
eec: 403.615
weight: 1.30505e-05
eec: 387.969
weight: 7.37398e-05
eec: 642.794
weight: 1.33266e-05
eec: 482.795
weight: 0.000252697
eec: 177.122
weight: 6.09882e-05
eec: 408.347
weight: 6.09882e-05
eec: 818.229
weight: 3.50986e-05
eec: 314.516
weight: 5.22732e-06
eec: 865.404
weight: 9.43474e-06
eec: 56.3085
weight: 2.01923e-07
eec: 463.985
weight: 3.78357e-05
eec: 130.151
weight: 8.23924e-06
eec: 902.528
weight: 0.00017789
eec: 796.763
weight: 0.000193086
eec: 366.326
weight: 4.80141e-05
eec: 510.821
weight: 1.04094e-06
eec: 75.0613
weight: 1.25765e-05
eec: 773.575
weight: 0.000104718
eec: 457.952
weight: 5.63629e-07
eec: 74.7695
weight: 0.000296435
eec: 65.0717
weight: 1.22754e-05
eec: 1583.79
weight: 9.81318e-06
eec: 2174.28
weight: 8.72092e-06
eec: 1615.4
weight: 3.39989e-07
eec: 733.174
weight: 3.07716e-06
eec: 792.695
weight: 1.98295e-07
eec: 1192.99
weight: 0.00100644
eec: 77.9634
weight: 0.000124789
eec: 103.9
weight: 6.06073e-05
eec: 253.309
weight: 3.50214e-06
eec: 425.457
weight: 3.11739e-06
eec: 943.757
weight: 2.11825e-06
eec: 509.182
weight: 9.35571e-05
eec: 201.863
weight: 0.00362827
eec: 131.009
weight: 0.00108074
eec: 311.815
weight: 3.96624e-06
eec: 791.727
weight: 1.83667e-05
eec: 15.0463
weight: 3.7523e-05
eec: 1642.17
weight: 6.59273e-05
eec: 816.24
weight: 6.65231e-06
eec: 1047.52
weight: 2.21544e-05
eec: 333.067
weight: 4.29456e-06
eec: 740.316
weight: 8.50749e-05
eec: 927.634
weight: 6.87011e-05
eec: 150.034
weight: 1.58902e-06
eec: 203.444
weight: 0.000122791
eec: 1177.49
weight: 4.29507e-05
eec: 155.269
weight: 6.59773e-06
eec: 30.6987
weight: 3.67471e-05
eec: 318.516
weight: 5.77672e-05
eec: 324.83
weight: 9.59255e-05
eec: 168.91
weight: 7.27016e-07
eec: 597.536
weight: 3.0279e-07
eec: 137.648
weight: 2.33764e-05
eec: 109.429
weight: 8.26007e-06
eec: 1494.5
weight: 9.44006e-05
eec: 190.65
weight: 3.88525e-05
eec: 790.101
weight: 4.69877e-06
eec: 626.734
weight: 2.11217e-05
eec: 2501.62
weight: 7.65237e-06
eec: 622.486
weight: 6.95473e-05
eec: 339.038
weight: 0.000950714
eec: 171.897
weight: 1.12341e-05
eec: 368.56
weight: 2.68425e-05
eec: 582.052
weight: 7.97572e-05
eec: 233.808
weight: 3.834e-05
eec: 246.934
weight: 1.01098e-06
eec: 613.178
weight: 0.000563255
eec: 199.928
weight: 0.000382913
eec: 285.315
weight: 2.27852e-05
eec: 359.804
weight: 3.65561e-05
eec: 120.016
weight: 0.00120659
eec: 373.38
weight: 0.000140356
eec: 146.399
weight: 2.40964e-06
eec: 1659.22
weight: 1.73332e-06
eec: 3747.51
weight: 1.73332e-06
eec: 1016.86
weight: 3.85021e-06
eec: 209.526
weight: 1.18099e-05
eec: 97.7752
weight: 4.79474e-06
eec: 9.98086
weight: 1.29203e-05
eec: 431.652
weight: 4.03857e-06
eec: 4702.58
weight: 4.03857e-06
eec: 128.121
weight: 2.24257e-05
eec: 2372.81
weight: 9.88083e-05
eec: 499.115
weight: 0.000125089
eec: 504.55
weight: 8.46263e-06
eec: 97.5141
weight: 8.00385e-06
eec: 125.332
weight: 1.54041e-05
eec: 512.725
weight: 1.63227e-05
eec: 146.83
weight: 4.34076e-06
eec: 1094.73
weight: 1.95527e-05
eec: 558.617

ROOT exit code = 0
