gSystem->Load("run_condor_job_Run3_C.so");
run_condor_job_Run3(810, 100, 2,
                    80, 200,
                    1, 1, 1, 8);
.q

ENTERED run_condor_job_Run3()
JOBID = 810
  global job = 810  Job 10/100  events [600000, 660000)  total=6000000
Processing events [600000, 660000) of 6000000
Processing: 10 %weight: 1.93769e-05
eec: 1054.21
weight: 0.00195569
eec: 101.568
weight: 5.04716e-05
eec: 800.606
weight: 8.44501e-06
eec: 283.083
weight: 2.66524e-05
eec: 2190.4
weight: 1.06392e-05
eec: 226.12
weight: 6.72499e-06
eec: 322.442
weight: 0.000302329
eec: 7.43409
weight: 2.58331e-05
eec: 200.684
weight: 3.2884e-06
eec: 316.026
weight: 1.35e-07
eec: 117.605
weight: 0.000207935
eec: 262.837
weight: 3.62155e-05
eec: 1763.58
weight: 7.4133e-05
eec: 692.137
weight: 8.56711e-05
eec: 297.662
weight: 1.57462e-05
eec: 1230.33
weight: 2.0933e-05
eec: 55.2251
weight: 5.72481e-07
eec: 433.467
weight: 3.04656e-05
eec: 689.972
weight: 0.000247847
eec: 186.676
weight: 9.71116e-07
eec: 865.922
weight: 1.8125e-05
eec: 557.685
weight: 2.14058e-05
eec: 535.12
weight: 5.4016e-05
eec: 447.212
weight: 0.000269843
eec: 47.2754
weight: 5.99868e-05
eec: 1395.95
weight: 7.14062e-06
eec: 1058.43
weight: 3.00457e-05
eec: 1569.11
weight: 5.65098e-05
eec: 365.702
weight: 1.48579e-05
eec: 396.416
weight: 1.12691e-05
eec: 3549.63
weight: 0.000396471
eec: 119.567
weight: 6.52375e-06
eec: 428.698
weight: 7.56169e-07
eec: 533.91
weight: 7.52536e-06
eec: 63.5243
weight: 1.93117e-05
eec: 151.157
weight: 3.16231e-05
eec: 94.4126
weight: 1.7016e-05
eec: 911.223
weight: 7.16226e-07
eec: 253.221
weight: 3.30683e-05
eec: 2395.45
weight: 0.000213851
eec: 332.112
weight: 0.000341895
eec: 345.819
weight: 1.65153e-05
eec: 61.8539
weight: 6.51215e-05
eec: 178.568
weight: 8.36226e-06
eec: 695.756
weight: 7.25226e-06
eec: 508.555
weight: 6.53992e-05
eec: 345.128
weight: 1.41127e-07
eec: 150.118
weight: 7.68743e-05
eec: 117.905
weight: 2.38033e-05
eec: 1300.65
weight: 0.000145033
eec: 122.2
weight: 4.6388e-05
eec: 2778.8
weight: 0.000509704
eec: 75.5013
weight: 1.59935e-05
eec: 1544.01
weight: 2.34154e-05
eec: 721.203
weight: 8.46561e-05
eec: 458.698
weight: 4.06851e-06
eec: 1000.91
weight: 3.11588e-07
eec: 595.785
weight: 1.32378e-05
eec: 1409.84
weight: 9.68324e-06
eec: 95.9414
weight: 0.000339888
eec: 294.684
weight: 4.88284e-06
eec: 2806.95
weight: 1.02878e-05
eec: 293.269
weight: 5.64989e-06
eec: 288.198
weight: 0.000306501
eec: 875.67
weight: 3.63505e-05
eec: 500.92
weight: 6.17972e-08
eec: 308.735
weight: 4.86325e-06
eec: 509.299
weight: 3.99931e-06
eec: 1303.62
weight: 5.29138e-05
eec: 359.415
weight: 3.16247e-06
eec: 2922.33
weight: 2.37602e-05
eec: 765.697
weight: 1.0571e-05
eec: 1437.89
weight: 3.76766e-05
eec: 631.452
weight: 8.64429e-06
eec: 475.146
weight: 8.64429e-06
eec: 2003.07
weight: 3.84137e-07
eec: 366.077
weight: 8.87765e-07
eec: 316.589
weight: 5.01183e-07
eec: 389.346
weight: 4.45543e-05
eec: 604.252
weight: 0.000122261
eec: 529.922
weight: 3.03012e-05
eec: 227.881
weight: 5.04749e-05
eec: 2480.73
weight: 3.53621e-05
eec: 122.952
weight: 0.0011141
eec: 230.063
weight: 5.23693e-07
eec: 1100.13
weight: 2.20504e-05
eec: 219.892
weight: 0.00101953
eec: 480.284
weight: 9.8175e-07
eec: 713.174
weight: 8.73832e-06
eec: 2254.4
weight: 0.000304055
eec: 137.082
weight: 1.74065e-05
eec: 900.237
weight: 7.84354e-05
eec: 185.37
weight: 2.25942e-05
eec: 54.3699
weight: 3.24913e-05
eec: 1137.42
weight: 3.54284e-05
eec: 164.549
weight: 2.66106e-06
eec: 1430.09
weight: 1.24922e-07
eec: 126.241
weight: 3.88784e-06
eec: 49.3979
weight: 0.000175458
eec: 301.423
weight: 2.11208e-05
eec: 1110.4
weight: 7.65045e-06
eec: 1989.33
weight: 2.81715e-05
eec: 204.847
weight: 2.90897e-05
eec: 428.811
weight: 1.0143e-05
eec: 305.568
weight: 2.14259e-05
eec: 507.732
weight: 0.000214936
eec: 128.674
weight: 2.17205e-05
eec: 440.215
weight: 4.40378e-05
eec: 161.682
weight: 2.81413e-05
eec: 391.969
weight: 1.12263e-05
eec: 338.423
weight: 0.000182572
eec: 131.721
weight: 1.48241e-05
eec: 985.799
weight: 3.11043e-05
eec: 20.7457
weight: 3.7773e-05
eec: 307.685
weight: 0.000174353
eec: 180.204
weight: 4.80387e-05
eec: 1342.38
weight: 1.74386e-05
eec: 2617.46
weight: 1.01107e-05
eec: 631.427
weight: 2.34875e-05
eec: 1891.94
weight: 8.17119e-06
eec: 1070.82
weight: 5.66112e-05
eec: 146.103
weight: 0.000110086
eec: 21.8378
weight: 1.5688e-05
eec: 152.206
weight: 5.21633e-05
eec: 936.301
weight: 0.000162044
eec: 388.759
weight: 4.74824e-05
eec: 562.319
weight: 4.84276e-06
eec: 1446.66
weight: 7.15101e-07
eec: 639.304
weight: 1.04416e-05
eec: 347.753
weight: 1.36676e-07
eec: 183.661
weight: 4.89238e-05
eec: 413.677
weight: 0.000153741
eec: 1006.33
weight: 0.000210226
eec: 134.176
weight: 0.000220313
eec: 37.546
weight: 4.84914e-05
eec: 911.498
weight: 2.79942e-05
eec: 429.403
weight: 0.000343489
eec: 98.2704
weight: 1.57989e-05
eec: 26.3865
weight: 1.67098e-05
eec: 1430.52
weight: 5.71426e-05
eec: 139.723
weight: 2.2687e-06
eec: 193.401
weight: 4.44096e-05
eec: 1271.99
weight: 0.00016822
eec: 380.595
weight: 9.70821e-06
eec: 1666.75
weight: 1.23893e-05
eec: 624.588
weight: 1.77525e-06
eec: 419.634
weight: 0.000149424
eec: 155.187
weight: 2.23486e-05
eec: 221.194
weight: 1.95818e-05
eec: 726.811
weight: 5.81389e-06
eec: 351.046
weight: 9.23967e-05
eec: 160.047
weight: 1.82328e-05
eec: 580.295
weight: 0.000246554
eec: 47.6762
weight: 8.30065e-06
eec: 425.815
weight: 2.05242e-05
eec: 1386.04
weight: 1.37936e-05
eec: 188.326
weight: 0.000270472
eec: 59.8571
weight: 3.72507e-06
eec: 932.761
weight: 5.9533e-05
eec: 182.371
weight: 1.56594e-06
eec: 206.957
weight: 2.66747e-05
eec: 181.043
weight: 0.000105066
eec: 162.009
weight: 3.56117e-05
eec: 1058.59
weight: 1.31352e-05
eec: 476.145
weight: 5.03395e-05
eec: 28.9125
weight: 1.97748e-05
eec: 51.8465
weight: 9.53748e-05
eec: 368.151
weight: 1.1154e-05
eec: 1300.4
weight: 1.45151e-06
eec: 1077.68
weight: 1.29846e-05
eec: 823.005
weight: 3.36354e-06
eec: 1302.78
weight: 7.65505e-05
eec: 1025.91
weight: 4.57393e-06
eec: 545.413
weight: 2.30537e-05
eec: 574.125
weight: 1.7909e-05
eec: 310.726
weight: 2.11572e-05
eec: 331.982
weight: 1.83771e-05
eec: 19.5264
weight: 6.10305e-06
eec: 1987.62
weight: 0.000570144
eec: 304.485
weight: 1.03292e-05
eec: 2223.32
weight: 2.11517e-06
eec: 243.694
weight: 2.50103e-08
eec: 346.573
weight: 5.33391e-05
eec: 98.6536
weight: 3.49687e-06
eec: 127.672
weight: 0.000131513
eec: 1033.64
weight: 0.000225291
eec: 400.856
weight: 4.37732e-07
eec: 293.775
weight: 3.2775e-06
eec: 104.206
weight: 7.70702e-06
eec: 37.7662
weight: 8.72342e-06
eec: 312.074
weight: 7.27025e-06
eec: 2220.27
weight: 2.17449e-06
eec: 3260.58
weight: 0.000144044
eec: 112.516
weight: 9.70114e-05
eec: 952.825
weight: 0.000205337
eec: 114.185
weight: 0.000203605
eec: 290.407
weight: 7.85031e-05
eec: 783.607
weight: 0.000275992
eec: 292.645
weight: 8.71087e-06
eec: 1312.76
weight: 1.10946e-05
eec: 102.994
weight: 0.000631566
eec: 1143.45
weight: 9.75928e-05
eec: 323.476
Processing: 10.8333 %weight: 2.01867e-06
eec: 3461.99
weight: 3.24009e-06
eec: 2495.19
weight: 2.32737e-06
eec: 397.946
weight: 0.000534837
eec: 420.445
weight: 0.000572569
eec: 638.263
weight: 0.000415039
eec: 167.247
weight: 8.498e-06
eec: 24.265
weight: 8.0066e-05
eec: 96.4255
weight: 3.37958e-06
eec: 951.754
weight: 0.00011942
eec: 358.796
weight: 0.00046248
eec: 29.4268
weight: 3.73851e-05
eec: 345.879
weight: 2.11905e-05
eec: 917.129
weight: 0.000174198
eec: 580.608
weight: 6.66434e-05
eec: 340.856
weight: 0.000694278
eec: 253.022
weight: 1.57071e-05
eec: 1456.37
weight: 4.74038e-05
eec: 129.983
weight: 1.82351e-07
eec: 338.302
weight: 0.000640372
eec: 52.1774
weight: 4.47439e-05
eec: 600.411
weight: 0.00229574
eec: 19.9621
weight: 0.00014021
eec: 321.653
weight: 2.11399e-05
eec: 1000.89
weight: 0.000242683
eec: 850.84
weight: 2.64849e-08
eec: 209.441
weight: 1.46814e-05
eec: 493.67
weight: 1.29836e-05
eec: 659.594
weight: 6.09795e-06
eec: 706.174
weight: 6.68898e-05
eec: 1923.62
weight: 3.02842e-06
eec: 62.9452
weight: 0.000431774
eec: 205.884

ROOT exit code = 0
