gSystem->Load("run_condor_job_Run3_C.so");
run_condor_job_Run3(762, 100, 2,
                    80, 200,
                    1, 1, 1, 7);
.q

ENTERED run_condor_job_Run3()
JOBID = 762
  global job = 762  Job 62/100  events [3530280, 3587220)  total=5694000
Processing events [3530280, 3587220) of 5694000
weight: 5.81269e-06
eec: 19.631
weight: 4.74105e-05
eec: 1068.05
weight: 5.87695e-05
eec: 50.3324
weight: 1.50362e-07
eec: 1039.47
weight: 8.6178e-08
eec: 84.9689
weight: 3.71941e-05
eec: 205.128
weight: 1.67274e-05
eec: 1020.88
weight: 3.47893e-06
eec: 670.738
weight: 7.36566e-06
eec: 699.074
weight: 7.44836e-05
eec: 16.1762
weight: 5.90931e-06
eec: 2249.28
weight: 1.84116e-05
eec: 384.938
weight: 1.12086e-06
eec: 590.054
weight: 0.000157238
eec: 157.343
weight: 1.84191e-06
eec: 371.413
weight: 0.000277111
eec: 316.051
weight: 5.68637e-05
eec: 142.983
weight: 3.40715e-05
eec: 1758.84
weight: 0.000243217
eec: 95.884
weight: 5.33672e-05
eec: 490.087
weight: 2.92347e-06
eec: 1660.52
weight: 5.7102e-06
eec: 78.6763
weight: 1.7465e-05
eec: 1008.56
weight: 7.22178e-05
eec: 1179.96
weight: 3.57649e-06
eec: 1020.98
weight: 2.25832e-05
eec: 1068.43
weight: 1.72965e-06
eec: 780.086
weight: 1.5571e-05
eec: 199.129
weight: 0.000110395
eec: 142.787
weight: 5.14812e-05
eec: 51.4515
weight: 0.000203045
eec: 27.6901
weight: 2.37746e-05
eec: 449.778
weight: 6.3601e-05
eec: 970.903
weight: 0.000132832
eec: 388.9
weight: 1.63992e-05
eec: 2965.86
weight: 1.75831e-05
eec: 1456.52
weight: 2.7999e-06
eec: 1013.61
weight: 7.42445e-05
eec: 134.447
weight: 6.06716e-05
eec: 58.3886
weight: 3.99352e-05
eec: 1227.63
weight: 1.21021e-05
eec: 15.3701
weight: 0.000282845
eec: 687.423
weight: 7.73316e-06
eec: 124.676
weight: 0.000591346
eec: 120.375
weight: 1.68318e-05
eec: 322.045
weight: 1.60788e-05
eec: 53.2969
weight: 0.0022824
eec: 611.213
weight: 7.4849e-05
eec: 421.596
weight: 2.89356e-06
eec: 46.1553
weight: 3.95703e-05
eec: 1828.02
weight: 7.22687e-07
eec: 384.379
weight: 1.33856e-05
eec: 483.008
weight: 4.40901e-06
eec: 420.434
weight: 2.28188e-08
eec: 420.83
weight: 6.79338e-05
eec: 181.859
weight: 2.59574e-06
eec: 168.516
weight: 2.95512e-06
eec: 32.3807
weight: 9.62468e-06
eec: 786.349
weight: 2.35751e-05
eec: 315.926
weight: 7.70683e-06
eec: 1237.88
weight: 8.00495e-06
eec: 1356.6
weight: 0.000133991
eec: 305.598
weight: 1.93623e-05
eec: 1938.55
weight: 1.31516e-06
eec: 391.486
weight: 0.000191886
eec: 583.245
Processing: 62.3463 %weight: 2.01321e-05
eec: 2035.91
weight: 1.52645e-05
eec: 164.501
weight: 7.86516e-06
eec: 126.279
weight: 0.000119347
eec: 491.185
weight: 6.34453e-05
eec: 2517.48
weight: 5.62729e-05
eec: 1168.85
weight: 0.000279916
eec: 94.3837
weight: 4.67e-06
eec: 458.169
weight: 8.15629e-06
eec: 35.2769
weight: 8.15629e-06
eec: 97.7199
weight: 0.000185042
eec: 61.9327
weight: 0.000115549
eec: 263.889
weight: 5.27584e-05
eec: 75.442
weight: 2.61242e-05
eec: 615.992
weight: 9.97739e-06
eec: 1941.19
weight: 4.45659e-05
eec: 378.638
weight: 0.000453346
eec: 262.775
weight: 1.76017e-05
eec: 84.9887
weight: 2.28609e-05
eec: 185.798
weight: 3.9822e-05
eec: 483.772
weight: 0.000269574
eec: 240.541
weight: 5.61534e-06
eec: 310.079
weight: 1.44794e-05
eec: 123.877
weight: 5.94743e-06
eec: 406.445
weight: 0.000335838
eec: 206.597
weight: 5.66252e-05
eec: 89.2701
weight: 4.84207e-06
eec: 267.099
weight: 3.49813e-08
eec: 101.208
weight: 3.29688e-06
eec: 165.51
weight: 9.1582e-05
eec: 216.373
weight: 9.46009e-06
eec: 123.106
weight: 1.22216e-05
eec: 65.1901
weight: 8.42468e-06
eec: 224.166
weight: 6.42864e-08
eec: 64.1082
weight: 3.00541e-05
eec: 140.352
weight: 3.40174e-05
eec: 253.624
weight: 0.000224147
eec: 386.222
weight: 0.000244167
eec: 832.977
weight: 1.13047e-05
eec: 38.5057
weight: 7.0186e-06
eec: 874.952
weight: 2.65478e-05
eec: 480.271
weight: 6.13333e-05
eec: 677.425
weight: 7.57378e-06
eec: 1961.58
weight: 2.09867e-06
eec: 147.659
weight: 2.47915e-06
eec: 1225.07
weight: 0.00028348
eec: 97.5524
weight: 1.14094e-05
eec: 37.5381
weight: 3.58412e-06
eec: 152.019
weight: 6.75179e-05
eec: 340.382
weight: 3.25041e-05
eec: 548.221
weight: 1.10837e-05
eec: 267.022
weight: 4.79822e-06
eec: 736.8
weight: 3.08577e-05
eec: 249.098
weight: 0.000623997
eec: 621.639
weight: 1.1041e-05
eec: 74.8046
weight: 7.22584e-05
eec: 662.641
weight: 1.23297e-06
eec: 1036.02
weight: 8.52334e-06
eec: 179.358
weight: 1.71121e-05
eec: 256.758
weight: 6.03442e-05
eec: 244.16
weight: 2.20967e-05
eec: 1464.47
weight: 9.09621e-06
eec: 1848.42
weight: 1.65844e-05
eec: 217.545
weight: 6.59535e-06
eec: 428.215
weight: 0.000132036
eec: 360.32
weight: 5.40926e-06
eec: 3206.28
weight: 3.86634e-05
eec: 315.633
weight: 1.28559e-06
eec: 1084.4
weight: 4.67117e-05
eec: 485.332
weight: 5.43563e-05
eec: 300.042
weight: 1.04377e-05
eec: 73.3428
weight: 0.00015892
eec: 535.355
weight: 2.33075e-06
eec: 1005.23
weight: 1.43285e-05
eec: 673.871
weight: 2.1343e-05
eec: 436.227
weight: 0.000582105
eec: 234.419
weight: 1.6944e-06
eec: 76.9194
weight: 6.60067e-05
eec: 300.786
weight: 4.67808e-06
eec: 592.062
weight: 9.66441e-07
eec: 235.345
weight: 1.17638e-05
eec: 1372.76
weight: 7.47636e-06
eec: 98.0988
weight: 0.000180002
eec: 514.731
weight: 6.15987e-07
eec: 427.983
weight: 2.81859e-05
eec: 423.108
weight: 0.000590239
eec: 78.0389
weight: 0.000353297
eec: 154.451
weight: 0.000287022
eec: 24.2358
weight: 9.58006e-05
eec: 147.366
weight: 0.000454796
eec: 491.397
weight: 2.85065e-06
eec: 416.773
weight: 4.84739e-06
eec: 1215.34
weight: 3.17078e-06
eec: 100.306
weight: 9.07993e-05
eec: 50.1344
weight: 6.83878e-05
eec: 82.5312
weight: 5.86373e-05
eec: 1163.69
weight: 0.000172244
eec: 58.3096
weight: 8.20875e-06
eec: 1816.34
weight: 2.64858e-05
eec: 557.704
weight: 1.72656e-05
eec: 807.414
weight: 1.96006e-05
eec: 151.54
weight: 3.41469e-05
eec: 355.67
weight: 8.90831e-06
eec: 143.622
weight: 4.64547e-06
eec: 3546.39
weight: 8.13705e-06
eec: 1606.39
weight: 5.57729e-06
eec: 246.244
weight: 0.000535478
eec: 42.0251
weight: 8.93504e-06
eec: 106.2
weight: 0.000165379
eec: 394.197
weight: 3.60466e-06
eec: 152.326
weight: 0.000169101
eec: 177.33
weight: 5.44363e-05
eec: 77.0431
weight: 8.26408e-06
eec: 347.043
weight: 4.29242e-06
eec: 633.855
weight: 5.31561e-06
eec: 1166.52
weight: 0.000219795
eec: 646.919
weight: 8.29674e-06
eec: 1040.78
weight: 1.15752e-05
eec: 503.761
weight: 4.56903e-06
eec: 1067.5
weight: 1.46387e-05
eec: 2296.13
weight: 3.36577e-05
eec: 523.131
weight: 0.000226568
eec: 142.273
weight: 2.41318e-05
eec: 756.23
weight: 5.6263e-07
eec: 217.024
weight: 1.57737e-05
eec: 635.248
weight: 0.000366258
eec: 438.934
weight: 1.08482e-06
eec: 382.939
weight: 3.51984e-05
eec: 288.201
weight: 0.000114198
eec: 83.1199
weight: 5.83444e-05
eec: 15.5325
weight: 3.0136e-05
eec: 350.819
weight: 0.00029436
eec: 769.724
weight: 3.72913e-05
eec: 661.933
weight: 1.26238e-05
eec: 103.279
weight: 9.77914e-06
eec: 1371.5
weight: 0.000760712
eec: 274.565
weight: 3.48775e-06
eec: 586.901
weight: 8.59115e-05
eec: 569.976
weight: 2.03245e-05
eec: 853.146
weight: 5.42125e-05
eec: 96.6823
weight: 0.000195233
eec: 757.812
weight: 9.27407e-05
eec: 444.806
weight: 1.79646e-06
eec: 1125.33
weight: 5.09028e-06
eec: 510.738
weight: 4.12341e-06
eec: 533.821
weight: 4.01726e-05
eec: 228.19
weight: 7.28986e-05
eec: 392.068
weight: 2.97762e-06
eec: 263.905
weight: 3.36998e-06
eec: 902.759
weight: 6.61041e-05
eec: 415.066
weight: 8.05776e-07
eec: 2655.04
weight: 0.00030694
eec: 581.69
weight: 7.78507e-06
eec: 195.192
weight: 2.38803e-06
eec: 1003.79
weight: 4.07543e-05
eec: 455.268
weight: 2.2181e-05
eec: 809.177
weight: 2.12778e-05
eec: 187.703
weight: 5.23844e-08
eec: 1369.42
weight: 5.50384e-06
eec: 2944.73
weight: 5.25531e-05
eec: 842.028
weight: 9.40917e-05
eec: 428.381
weight: 9.35929e-06
eec: 1444.56
weight: 0.000467708
eec: 561.898
weight: 0.000326512
eec: 148.107
weight: 3.02445e-05
eec: 207.445
weight: 7.02066e-06
eec: 693.972
weight: 2.4478e-05
eec: 609.377
weight: 3.83734e-06
eec: 977.085

ROOT exit code = 0
