gSystem->Load("run_condor_job_Run3_C.so");
run_condor_job_Run3(429, 100, 2,
                    80, 200,
                    1, 1, 1, 4);
.q

ENTERED run_condor_job_Run3()
JOBID = 429
  global job = 429  Job 29/100  events [1710420, 1769400)  total=5898000
Processing events [1710420, 1769400) of 5898000
weight: 5.32619e-06
eec: 612.254
weight: 0.000138545
eec: 300.861
weight: 1.31099e-06
eec: 1134.27
weight: 4.41944e-05
eec: 507.752
weight: 7.24597e-06
eec: 487.157
weight: 2.15031e-05
eec: 222.483
weight: 3.19852e-05
eec: 30.6178
weight: 4.69332e-05
eec: 1085.94
weight: 7.39063e-06
eec: 609.878
weight: 1.26622e-05
eec: 916.564
weight: 1.26622e-05
eec: 231.346
weight: 6.02919e-05
eec: 474.194
weight: 1.67246e-06
eec: 476.324
weight: 6.56373e-07
eec: 202.733
weight: 7.64552e-05
eec: 1358.06
weight: 4.44076e-06
eec: 1501.5
weight: 0.000958197
eec: 897.57
weight: 3.50365e-06
eec: 236.878
weight: 4.57047e-05
eec: 345.711
weight: 1.34954e-05
eec: 27.1179
weight: 1.18424e-06
eec: 82.6148
weight: 1.40184e-06
eec: 218.783
weight: 1.21663e-06
eec: 172.603
weight: 4.21622e-05
eec: 634.126
weight: 7.49744e-06
eec: 798.203
weight: 1.48699e-06
eec: 446.256
weight: 6.44103e-05
eec: 394.01
weight: 1.04719e-05
eec: 349.153
weight: 1.64353e-05
eec: 293.403
weight: 1.49623e-05
eec: 549.947
weight: 2.28932e-05
eec: 373.814
weight: 0.000111247
eec: 590.948
weight: 7.53251e-06
eec: 476.358
weight: 0.00123527
eec: 85.5495
weight: 0.000133814
eec: 1097.55
weight: 1.75625e-05
eec: 109.783
weight: 0.000288436
eec: 71.9864
weight: 0.000126214
eec: 143.786
weight: 8.06241e-07
eec: 166.414
weight: 8.06241e-07
eec: 301.089
weight: 6.38743e-06
eec: 84.5141
weight: 6.05517e-05
eec: 1651.66
weight: 0.000395352
eec: 201.177
weight: 3.68224e-05
eec: 649.137
weight: 3.15784e-06
eec: 100.009
weight: 2.33067e-05
eec: 786.241
weight: 1.16783e-06
eec: 70.0011
weight: 2.19629e-06
eec: 106.558
weight: 4.89124e-05
eec: 23.548
weight: 0.000387208
eec: 1088.54
weight: 0.000203739
eec: 939.487
weight: 6.81547e-05
eec: 108.809
weight: 4.99043e-05
eec: 136.177
weight: 1.63296e-05
eec: 12.2838
weight: 5.34915e-06
eec: 230.846
weight: 0.000340226
eec: 314.711
weight: 0.000101045
eec: 949.821
weight: 0.000252625
eec: 122.536
weight: 6.75623e-08
eec: 59.1934
weight: 1.80849e-06
eec: 77.4375
weight: 2.91924e-05
eec: 4187.05
weight: 3.59371e-05
eec: 1637.76
weight: 0.000873138
eec: 355.551
weight: 0.000213621
eec: 245.282
weight: 1.12573e-05
eec: 457.114
weight: 8.83004e-06
eec: 385.426
weight: 1.98349e-05
eec: 1597.98
weight: 5.18442e-06
eec: 813.528
weight: 6.78746e-06
eec: 281.548
weight: 3.25286e-05
eec: 42.1913
weight: 2.38172e-05
eec: 67.9308
weight: 6.7374e-05
eec: 137.036
weight: 7.93084e-06
eec: 1063.41
weight: 0.000145396
eec: 591.767
weight: 2.14648e-06
eec: 811.553
weight: 4.38119e-05
eec: 219.449
weight: 6.35236e-07
eec: 244.911
weight: 6.8313e-05
eec: 467.047
weight: 0.000959884
eec: 199.206
weight: 7.22348e-05
eec: 628.322
weight: 1.25888e-05
eec: 31.7245
weight: 0.000332071
eec: 1003.95
weight: 1.05513e-05
eec: 131.229
weight: 1.05513e-05
eec: 217.194
weight: 3.97223e-05
eec: 212.643
weight: 6.9376e-06
eec: 642.449
weight: 0.000100691
eec: 1305.11
weight: 4.30287e-06
eec: 2551.89
weight: 2.11378e-05
eec: 1170.5
weight: 3.29347e-06
eec: 2400.05
weight: 8.66379e-05
eec: 473.229
weight: 6.78344e-05
eec: 917.119
weight: 2.06986e-07
eec: 23.7331
weight: 0.000106605
eec: 363.046
weight: 1.49381e-05
eec: 535.969
weight: 4.62946e-05
eec: 974.339
weight: 2.84141e-05
eec: 1719.48
weight: 1.82201e-05
eec: 743.003
weight: 3.24597e-06
eec: 317.726
weight: 1.13563e-05
eec: 526.913
weight: 1.18537e-06
eec: 135.381
weight: 4.92086e-05
eec: 415.908
weight: 3.91881e-05
eec: 122.156
weight: 9.15869e-06
eec: 811.985
weight: 9.37304e-05
eec: 458.305
weight: 0.000873073
eec: 191.491
weight: 0.000585918
eec: 210.158
weight: 0.000220206
eec: 231.818
weight: 5.14193e-06
eec: 20.7151
weight: 7.20825e-06
eec: 151.532
weight: 5.54615e-06
eec: 2482.09
weight: 5.76265e-06
eec: 748.175
weight: 4.42521e-06
eec: 77.3639
weight: 7.24716e-06
eec: 477.502
weight: 0.000700445
eec: 719.166
weight: 1.00311e-05
eec: 895.068
weight: 1.40227e-05
eec: 821.394
weight: 6.26586e-06
eec: 1779.62
weight: 0.000115903
eec: 1009.99
weight: 0.000380203
eec: 41.4509
weight: 0.000334423
eec: 462.13
weight: 3.38242e-05
eec: 413.745
weight: 1.44191e-05
eec: 644.735
weight: 3.72287e-06
eec: 217.937
weight: 0.000106546
eec: 20.1871
weight: 5.04897e-06
eec: 605.365
weight: 4.86462e-06
eec: 1633.56
weight: 6.42515e-06
eec: 54.2034
weight: 6.02607e-05
eec: 1228.4
weight: 3.77512e-05
eec: 942.507
weight: 6.61379e-06
eec: 269.875
weight: 0.000103442
eec: 187.289
weight: 8.57488e-05
eec: 32.1702
weight: 5.0235e-07
eec: 157.806
weight: 1.67504e-05
eec: 782.667
weight: 6.80969e-06
eec: 110.189
weight: 1.80991e-05
eec: 859.693
weight: 9.58543e-06
eec: 220.888
weight: 9.48968e-06
eec: 439.69
weight: 0.000359502
eec: 612.331
weight: 1.07017e-05
eec: 947.963
weight: 3.04378e-05
eec: 9.99376
weight: 0.000232587
eec: 439.975
weight: 8.99119e-06
eec: 1514.75
weight: 2.66459e-05
eec: 1708.92
weight: 3.87776e-05
eec: 117.22
weight: 0.000620022
eec: 272.165
weight: 9.28858e-05
eec: 82.6009
weight: 0.000195443
eec: 39.1406
weight: 9.5874e-06
eec: 993.345
weight: 0.000121557
eec: 140.287
weight: 3.06281e-05
eec: 1345.42
weight: 7.35757e-05
eec: 857.943
weight: 3.28485e-05
eec: 451.658
weight: 0.000125255
eec: 430.933
weight: 4.5005e-05
eec: 555.897
weight: 0.000145133
eec: 476.88
weight: 7.31954e-06
eec: 502.34
weight: 1.05025e-05
eec: 653.083
weight: 1.63396e-05
eec: 2079.8
weight: 3.14723e-05
eec: 95.3761
weight: 6.9328e-05
eec: 792.824
weight: 0.000133376
eec: 467.269
weight: 1.10054e-05
eec: 147.479
weight: 3.95859e-06
eec: 2881.59
Processing: 29.6711 %weight: 5.1601e-05
eec: 638.18
weight: 1.7842e-05
eec: 184.077
weight: 4.34845e-09
eec: 163.269
weight: 8.71164e-09
eec: 2161.16
weight: 9.80439e-09
eec: 44.3198
weight: 0.000130993
eec: 53.294
weight: 5.50926e-05
eec: 496.443
weight: 6.35929e-05
eec: 892.807
weight: 3.88921e-06
eec: 600.7
weight: 1.59456e-05
eec: 659.4
weight: 0.000151213
eec: 306.221
weight: 0.000316447
eec: 289.567
weight: 2.27385e-07
eec: 565.165
weight: 6.08886e-06
eec: 258.825
weight: 2.9989e-05
eec: 210.254
weight: 1.06531e-06
eec: 473.396
weight: 0.00024601
eec: 1309.02
weight: 1.221e-05
eec: 522.956
weight: 3.60073e-05
eec: 368.669
weight: 1.1734e-05
eec: 20.5668
weight: 1.16414e-06
eec: 213.703
weight: 6.55187e-05
eec: 781.197
weight: 2.08175e-06
eec: 556.96
weight: 1.27625e-06
eec: 245.496
weight: 0.000837466
eec: 564.448
weight: 3.07706e-05
eec: 1533.51
weight: 4.48858e-06
eec: 930.972
weight: 0.000180719
eec: 110.103
weight: 8.33868e-05
eec: 163.321
weight: 2.68711e-05
eec: 1169.76
weight: 1.44032e-05
eec: 1850.14
weight: 3.52157e-05
eec: 691.894
weight: 1.38754e-05
eec: 28.7306
weight: 1.2158e-06
eec: 247.573
weight: 4.94359e-05
eec: 96.447
weight: 1.48198e-05
eec: 313.066
weight: 7.31366e-06
eec: 429.674
weight: 3.80456e-05
eec: 816.222
weight: 3.80456e-05
eec: 658.237
weight: 8.86309e-05
eec: 162.044
weight: 0.000142127
eec: 448.509
weight: 2.43895e-05
eec: 1665.43
weight: 7.51816e-05
eec: 260.257
weight: 9.5393e-05
eec: 39.4288
weight: 6.85629e-06
eec: 1127.52
weight: 2.29905e-05
eec: 171.93
weight: 5.04035e-05
eec: 158.195
weight: 0.000160645
eec: 415.906
weight: 2.37913e-05
eec: 444.136
weight: 0.000369667
eec: 753.081
weight: 1.55083e-05
eec: 160.944
weight: 0.000528424
eec: 309.346
weight: 4.54242e-05
eec: 42.16
weight: 7.53827e-05
eec: 1079.81
weight: 6.03559e-05
eec: 223.918
weight: 3.60281e-06
eec: 170.136
weight: 7.30597e-06
eec: 88.7105
weight: 2.41791e-05
eec: 2892.54
weight: 1.02256e-05
eec: 1638.72
weight: 0.000191545
eec: 65.3256
weight: 0.000100983
eec: 105.511
weight: 2.62948e-05
eec: 191.029
weight: 1.07558e-05
eec: 1183.94
weight: 0.000700541
eec: 120.137
weight: 0.000127821
eec: 141.221
weight: 7.1259e-05
eec: 190.219
weight: 5.48565e-05
eec: 324.192
weight: 1.72446e-05
eec: 6.7099
weight: 2.15772e-05
eec: 343.974
weight: 5.24672e-05
eec: 211.765
weight: 5.5562e-07
eec: 577.98
weight: 7.85485e-05
eec: 137.776
weight: 7.4826e-05
eec: 157.333
weight: 0.000101836
eec: 559.111
weight: 1.71911e-05
eec: 296.924
weight: 4.31015e-05
eec: 131.69
weight: 7.69101e-06
eec: 528.904
weight: 9.81641e-06
eec: 145.335
weight: 2.84772e-06
eec: 181.837
weight: 8.21607e-05
eec: 280.399
weight: 1.65181e-06
eec: 2823.93
weight: 1.87944e-05
eec: 504.034
weight: 3.6319e-05
eec: 596.348
weight: 1.01363e-07
eec: 61.434
weight: 1.01363e-07
eec: 741.587
weight: 0.000149104
eec: 543.377
weight: 2.20493e-05
eec: 44.9682
weight: 4.73991e-05
eec: 471.427
weight: 3.78373e-05
eec: 502.108
weight: 0.000291786
eec: 22.3638
weight: 3.06341e-05
eec: 227.121
weight: 2.255e-05
eec: 2260.14
weight: 2.48155e-05
eec: 126.585
weight: 0.000151754
eec: 250.709
weight: 1.63173e-05
eec: 166.212
weight: 3.40123e-05
eec: 1575.91

ROOT exit code = 0
