gSystem->Load("run_condor_job_Run3_C.so");
run_condor_job_Run3(19, 100, 2,
                    80, 200,
                    1, 1, 1, 0);
.q

ENTERED run_condor_job_Run3()
JOBID = 19
  global job = 19  Job 19/100  events [1138860, 1198800)  total=5994000
Processing events [1138860, 1198800) of 5994000
weight: 9.71011e-06
eec: 21.0169
weight: 6.55805e-05
eec: 2663.94
weight: 0.000201436
eec: 147.603
weight: 3.23057e-05
eec: 344.137
weight: 0.00051969
eec: 762.412
weight: 4.28301e-05
eec: 711.094
weight: 9.22546e-06
eec: 95.6546
weight: 8.17424e-06
eec: 836.415
weight: 3.34205e-06
eec: 270.015
weight: 0.000161709
eec: 917.54
weight: 8.51039e-06
eec: 694.129
weight: 4.38166e-06
eec: 654.913
weight: 9.53535e-05
eec: 783.826
weight: 1.50333e-05
eec: 785.784
weight: 6.35175e-05
eec: 208.815
weight: 1.05171e-06
eec: 2394.61
weight: 1.74118e-05
eec: 2638.93
weight: 1.82508e-05
eec: 24.1343
weight: 1.57772e-05
eec: 1116.77
weight: 0.000221806
eec: 911.035
weight: 8.00093e-05
eec: 206.306
weight: 1.00148e-05
eec: 591.979
weight: 5.59464e-06
eec: 97.4239
weight: 4.14515e-06
eec: 133.843
weight: 9.16664e-06
eec: 186.358
weight: 5.19982e-06
eec: 92.311
weight: 6.49899e-05
eec: 151.859
weight: 1.52312e-07
eec: 41.6615
weight: 2.26192e-05
eec: 288.549
weight: 6.20512e-07
eec: 148.33
weight: 4.42924e-05
eec: 121.55
weight: 7.79071e-06
eec: 107.053
weight: 4.60812e-05
eec: 100.004
weight: 1.80941e-05
eec: 37.3205
weight: 5.78549e-06
eec: 358.732
weight: 8.26214e-05
eec: 190.499
weight: 3.52888e-07
eec: 711.63
weight: 5.2743e-06
eec: 220.898
weight: 1.47543e-05
eec: 196.447
weight: 1.62048e-05
eec: 713.872
weight: 9.42602e-06
eec: 495.753
weight: 6.36442e-07
eec: 392.153
weight: 0.000492368
eec: 132.219
weight: 3.49229e-05
eec: 473.982
weight: 4.45008e-05
eec: 1214.98
weight: 0.000507216
eec: 133.426
weight: 2.44004e-05
eec: 505.164
weight: 7.22557e-05
eec: 248.898
Processing: 19.1859 %weight: 1.19545e-05
eec: 235.939
weight: 7.64844e-07
eec: 276.723
weight: 1.35607e-05
eec: 73.7487
weight: 0.000136075
eec: 94.0534
weight: 3.80202e-05
eec: 375.903
weight: 8.08641e-06
eec: 107.933
weight: 0.000415082
eec: 887.923
weight: 6.73976e-06
eec: 347.957
weight: 0.000120368
eec: 1461.64
weight: 0.000101184
eec: 107.388
weight: 8.15112e-05
eec: 525.988
weight: 0.000123519
eec: 61.3246
weight: 2.74999e-05
eec: 352.237
weight: 0.00038509
eec: 125.351
weight: 2.0546e-05
eec: 798.318
weight: 9.79171e-07
eec: 420.848
weight: 3.09747e-07
eec: 396.958
weight: 4.93693e-06
eec: 704.465
weight: 2.07362e-05
eec: 172.534
weight: 2.93989e-05
eec: 402.688
weight: 0.00111645
eec: 421.443
weight: 1.85611e-05
eec: 486.565
weight: 0.000170625
eec: 475.752
weight: 5.88218e-05
eec: 15.939
weight: 1.28533e-06
eec: 1365.05
weight: 2.58539e-05
eec: 170.283
weight: 3.64596e-05
eec: 425.789
weight: 2.52115e-05
eec: 110.391
weight: 0.000387735
eec: 856.591
weight: 7.81475e-05
eec: 163.055
weight: 4.30192e-06
eec: 11.2174
weight: 1.35064e-06
eec: 1440.94
weight: 4.65904e-06
eec: 309.123
weight: 7.76915e-07
eec: 302.72
weight: 0.000443296
eec: 877.714
weight: 1.46229e-07
eec: 605.85
weight: 9.94086e-07
eec: 568.757
weight: 4.05419e-05
eec: 873.733
weight: 0.000142614
eec: 143.746
weight: 0.00012679
eec: 1157.37
weight: 2.25391e-05
eec: 2116.8
weight: 7.59759e-05
eec: 1033.73
weight: 1.51239e-05
eec: 263.952
weight: 4.71246e-06
eec: 825.729
weight: 1.09699e-05
eec: 384.36
weight: 5.22475e-06
eec: 74.9637
weight: 0.000396616
eec: 1488.04
weight: 5.78988e-05
eec: 348.488
weight: 0.00121124
eec: 244.064
weight: 0.000110213
eec: 787.325
weight: 8.03391e-06
eec: 2428.05
weight: 4.21647e-05
eec: 1065.71
weight: 0.000142184
eec: 508.178
weight: 0.000208536
eec: 860.28
weight: 0.000256266
eec: 553.924
weight: 0.000295054
eec: 536.646
weight: 1.95095e-05
eec: 97.8746
weight: 6.0078e-05
eec: 747.059
weight: 2.48246e-06
eec: 206.196
weight: 0.000146794
eec: 44.7187
weight: 0.000134064
eec: 999.555
weight: 0.000279395
eec: 51.8963
weight: 9.2051e-06
eec: 310.267
weight: 0.000124071
eec: 97.5791
weight: 0.000678709
eec: 455.446
weight: 2.19743e-05
eec: 1122.66
weight: 1.85571e-05
eec: 901.111
weight: 2.0698e-05
eec: 888.919
weight: 0.000123194
eec: 210.158
weight: 1.12301e-05
eec: 2242.39
weight: 0.000131735
eec: 240.585
weight: 1.51169e-05
eec: 1626.08
weight: 0.000147959
eec: 436.656
weight: 3.65525e-07
eec: 1780.3
weight: 6.04462e-06
eec: 308.578
weight: 1.72119e-05
eec: 1747.55
weight: 2.31447e-06
eec: 298.728
weight: 1.23256e-05
eec: 530.467
weight: 2.47262e-05
eec: 548.591
weight: 4.15197e-06
eec: 65.6742
weight: 1.8393e-07
eec: 711.029
weight: 3.46989e-07
eec: 326.184
weight: 0.000337942
eec: 132.173
weight: 3.1056e-06
eec: 543.738
weight: 1.49466e-06
eec: 214.278
weight: 0.000260137
eec: 40.5693
weight: 6.17771e-05
eec: 611.422
weight: 0.000132936
eec: 1000.87
weight: 0.000190028
eec: 205.825
weight: 0.000224388
eec: 501.213
weight: 2.37521e-05
eec: 251.704
weight: 7.39124e-05
eec: 173.019
weight: 0.000147827
eec: 105.21
weight: 2.31672e-05
eec: 892.688
weight: 1.14311e-05
eec: 196.246
weight: 6.70764e-06
eec: 262.918
weight: 9.00335e-07
eec: 1726.43
weight: 6.77468e-06
eec: 991.685
weight: 1.21168e-05
eec: 991.863
weight: 1.20027e-05
eec: 882.774
weight: 4.5314e-05
eec: 838.707
weight: 0.000131423
eec: 76.7236
weight: 0.000266121
eec: 41.4697
weight: 0.000215264
eec: 206.101
weight: 0.000204124
eec: 538.332
weight: 0.000117287
eec: 11.3233
weight: 6.94111e-05
eec: 12.4186
weight: 4.17625e-05
eec: 978.64
weight: 3.36288e-05
eec: 19.9195
weight: 1.00423e-05
eec: 429.604
weight: 4.82677e-05
eec: 886.008
weight: 6.50725e-05
eec: 738.837
weight: 0.000137762
eec: 66.2884
weight: 6.85799e-06
eec: 698.955
weight: 5.23059e-06
eec: 754.183
weight: 1.94682e-05
eec: 458.1
weight: 6.20597e-05
eec: 196.911
weight: 0.000169276
eec: 636.738
weight: 2.03114e-06
eec: 291.795
weight: 2.51072e-05
eec: 3016.34
weight: 1.59164e-05
eec: 303.006
weight: 4.79652e-05
eec: 225.748
weight: 8.04427e-06
eec: 1302.51
weight: 6.30974e-06
eec: 115.807
weight: 5.88304e-05
eec: 150.625
weight: 0.000242088
eec: 304.826
weight: 0.00016904
eec: 44.0594
weight: 1.68606e-05
eec: 201.134
weight: 5.58217e-06
eec: 729.046
weight: 2.05223e-05
eec: 497.081
weight: 7.74618e-05
eec: 538.993
weight: 1.75116e-05
eec: 713.094
weight: 0.0017848
eec: 482.318
weight: 1.06394e-05
eec: 319.301
weight: 4.81306e-05
eec: 389.991
weight: 1.19046e-05
eec: 156.614
weight: 0.000293033
eec: 894.653
weight: 6.67847e-06
eec: 281.481
weight: 2.84931e-05
eec: 885.947
weight: 5.75576e-05
eec: 16.8236
weight: 0.000149455
eec: 24.0388
weight: 2.29131e-06
eec: 640.095
weight: 4.04254e-05
eec: 1151.12
weight: 6.07695e-05
eec: 202.52
weight: 1.2903e-06
eec: 467.73
weight: 1.06929e-06
eec: 211.134
weight: 9.40011e-06
eec: 307.373
weight: 2.59346e-08
eec: 337.646
weight: 8.65466e-05
eec: 880.08
weight: 4.75199e-05
eec: 1348.91
weight: 3.2301e-05
eec: 479.002
weight: 7.88969e-05
eec: 505.136
weight: 3.25566e-06
eec: 3603.2
weight: 1.35378e-05
eec: 911.464
weight: 0.00013616
eec: 661.389
weight: 0.000341673
eec: 377.778
weight: 2.18671e-05
eec: 661.806
weight: 1.13807e-05
eec: 58.1766
weight: 1.40271e-05
eec: 232.683
weight: 1.76566e-07
eec: 1178.17
weight: 5.22514e-05
eec: 126.057
weight: 1.0961e-05
eec: 242.465
weight: 1.37978e-07
eec: 173.14
weight: 2.56324e-06
eec: 256.292
weight: 2.01742e-05
eec: 2083.84
weight: 1.25103e-05
eec: 152.967
weight: 1.63912e-05
eec: 152.74
weight: 2.37671e-05
eec: 343.189
weight: 1.78301e-07
eec: 1753.51
weight: 1.50318e-05
eec: 226.936
weight: 3.94665e-05
eec: 941.835
weight: 1.706e-05
eec: 109.625
weight: 4.90886e-05
eec: 600.902
weight: 1.22529e-05
eec: 1247.76
weight: 1.46427e-05
eec: 13.5841
weight: 0.000400823
eec: 189.935
weight: 0.000158839
eec: 37.229
weight: 0.000209197
eec: 102.624
weight: 1.85053e-06
eec: 42.9403
weight: 3.41102e-07
eec: 335.322
weight: 0.000190331
eec: 186.152
weight: 7.4474e-05
eec: 733.938
weight: 0.000524337
eec: 102.436
weight: 0.000161124
eec: 201.231
weight: 6.77895e-06
eec: 65.2856
weight: 5.35438e-05
eec: 1991.22
weight: 0.000170752
eec: 16.0515
weight: 0.000128582
eec: 621.78
weight: 0.000509013
eec: 25.6394
weight: 1.42399e-06
eec: 71.9319
weight: 8.36537e-05
eec: 456.536
weight: 4.17761e-05
eec: 1342.23
weight: 8.13315e-05
eec: 255.63
weight: 2.62587e-05
eec: 206.08
weight: 6.98293e-06
eec: 104.737
weight: 6.98293e-06
eec: 166.018
weight: 1.29678e-05
eec: 1146.88
weight: 0.000176759
eec: 790.036
weight: 8.77774e-06
eec: 1050.99
weight: 6.54548e-05
eec: 125.869
weight: 0.000150371
eec: 440.674
weight: 5.6768e-06
eec: 2824.74
weight: 3.4336e-05
eec: 58.3306

ROOT exit code = 0
