gSystem->Load("run_condor_job_Run3_C.so");
run_condor_job_Run3(337, 100, 2,
                    80, 200,
                    1, 1, 1, 3);
.q

ENTERED run_condor_job_Run3()
JOBID = 337
  global job = 337  Job 37/100  events [2220000, 2280000)  total=6000000
Processing events [2220000, 2280000) of 6000000
weight: 8.23558e-06
eec: 993.954
weight: 0.000150553
eec: 90.4677
weight: 2.70248e-06
eec: 1485.84
weight: 4.42565e-05
eec: 686.37
weight: 3.24484e-05
eec: 159.809
weight: 5.60767e-05
eec: 555.329
weight: 2.86407e-05
eec: 123.347
weight: 9.21993e-05
eec: 684.155
weight: 5.05232e-05
eec: 827.937
weight: 1.02583e-05
eec: 831.613
weight: 5.20934e-07
eec: 851.265
weight: 1.74571e-06
eec: 1714.78
weight: 0.00242037
eec: 70.0413
weight: 2.7293e-05
eec: 63.5557
weight: 2.43631e-05
eec: 504.78
weight: 0.000157539
eec: 1023.11
weight: 3.17839e-07
eec: 123.625
weight: 2.87376e-05
eec: 868.638
weight: 7.07133e-06
eec: 424.177
weight: 8.1143e-06
eec: 300.936
weight: 0.000134654
eec: 144.32
weight: 9.82455e-05
eec: 1276.28
weight: 1.34549e-06
eec: 1261.9
weight: 1.78155e-06
eec: 98.7024
weight: 1.23209e-05
eec: 1685.15
weight: 5.21782e-09
eec: 480.684
weight: 5.46905e-05
eec: 514.877
weight: 5.75651e-05
eec: 660.566
weight: 1.52331e-07
eec: 17.3965
weight: 8.88874e-06
eec: 813.448
weight: 8.88874e-06
eec: 84.6615
weight: 4.62611e-05
eec: 2468.78
weight: 1.02994e-05
eec: 2331.48
weight: 2.99249e-06
eec: 1086.31
weight: 4.40108e-05
eec: 193.759
weight: 5.21529e-05
eec: 30.4052
weight: 5.7695e-07
eec: 822.554
weight: 0.000160501
eec: 290.488
weight: 1.63702e-05
eec: 1437.16
weight: 2.49529e-05
eec: 384.157
weight: 9.61834e-07
eec: 4699.7
weight: 0.000277776
eec: 285.101
weight: 3.00698e-07
eec: 3404.82
weight: 6.01546e-06
eec: 83.4449
weight: 1.87015e-05
eec: 92.3239
weight: 0.000201151
eec: 373.933
weight: 7.36182e-06
eec: 692.622
weight: 1.52423e-05
eec: 1513.53
weight: 5.96243e-06
eec: 48.3745
weight: 4.8922e-05
eec: 731.36
weight: 7.52752e-06
eec: 1215.55
weight: 3.68113e-05
eec: 45.3231
weight: 8.95193e-05
eec: 92.1513
weight: 3.50187e-05
eec: 739.838
weight: 1.15611e-05
eec: 444.353
weight: 0.000219672
eec: 72.4421
weight: 7.32089e-05
eec: 456.085
weight: 5.33244e-05
eec: 488.71
weight: 3.07914e-06
eec: 107.197
weight: 1.15797e-05
eec: 130.554
weight: 0.000649373
eec: 154.712
weight: 2.42268e-05
eec: 218.371
weight: 2.34529e-05
eec: 560.618
weight: 5.45519e-05
eec: 88.8586
weight: 2.85143e-07
eec: 980.598
weight: 4.40047e-06
eec: 193.84
weight: 3.67417e-06
eec: 140.384
weight: 0.000187283
eec: 115.808
weight: 1.09701e-05
eec: 980.039
weight: 1.15386e-05
eec: 348.282
weight: 8.09349e-07
eec: 1671.57
weight: 2.17148e-07
eec: 312.871
weight: 7.98229e-06
eec: 946.512
weight: 5.95832e-06
eec: 51.4498
weight: 8.69327e-06
eec: 1737.18
weight: 7.05879e-07
eec: 113.206
weight: 4.81009e-05
eec: 383.878
weight: 6.03926e-07
eec: 4176.43
weight: 1.41248e-07
eec: 901.806
weight: 1.77852e-06
eec: 378.237
weight: 0.000577435
eec: 87.6776
weight: 5.35749e-06
eec: 108.05
weight: 0.000202657
eec: 227.65
weight: 3.98917e-05
eec: 51.8322
weight: 0.000138233
eec: 447.072
weight: 9.39407e-05
eec: 160.294
weight: 2.36748e-05
eec: 2511.23
weight: 0.000374779
eec: 700.274
weight: 0.000103322
eec: 420.57
weight: 0.000202472
eec: 292.649
weight: 4.27562e-05
eec: 340.693
weight: 0.000310651
eec: 171.004
weight: 2.67216e-06
eec: 3073.56
weight: 3.77135e-06
eec: 427.615
weight: 0.000237607
eec: 50.2723
weight: 4.54744e-05
eec: 1126.76
weight: 0.000448741
eec: 262.746
weight: 0.000162584
eec: 299.525
weight: 0.000253564
eec: 2349.21
weight: 4.22797e-06
eec: 1003.65
weight: 3.85401e-06
eec: 136.342
weight: 7.55209e-05
eec: 610.474
weight: 1.30555e-05
eec: 265.188
weight: 9.72811e-05
eec: 738.783
weight: 1.94953e-05
eec: 1289.52
weight: 1.68069e-05
eec: 181.446
weight: 4.31201e-06
eec: 2171.59
weight: 9.34309e-06
eec: 1185.35
weight: 5.90436e-05
eec: 692.956
weight: 0.000316309
eec: 898.189
weight: 1.83178e-05
eec: 2307
weight: 1.29325e-05
eec: 1863.35
weight: 2.5103e-05
eec: 725.835
weight: 6.06638e-06
eec: 501.395
weight: 3.53142e-07
eec: 713.795
weight: 2.45004e-05
eec: 33.4654
weight: 0.000376637
eec: 372.794
Processing: 37.5 %weight: 7.15306e-05
eec: 1069.77
weight: 1.25469e-05
eec: 423.028
weight: 2.79285e-05
eec: 1268.13
weight: 1.1101e-05
eec: 125.506
weight: 9.36119e-09
eec: 301.941
weight: 3.47786e-06
eec: 59.7174
weight: 1.73531e-06
eec: 320.986
weight: 1.49342e-05
eec: 174.384
weight: 3.07155e-05
eec: 42.6507
weight: 0.000570401
eec: 25.8236
weight: 0.00011796
eec: 47.9633
weight: 3.14731e-05
eec: 630.296
weight: 1.08292e-05
eec: 836.382
weight: 0.000135654
eec: 168.845
weight: 0.000362123
eec: 272.635
weight: 2.98845e-06
eec: 1402.31
weight: 4.67926e-06
eec: 790.009
weight: 2.79099e-07
eec: 118.954
weight: 0.000143178
eec: 1051.85
weight: 0.000261714
eec: 325.901
weight: 0.000129403
eec: 942.815
weight: 9.51575e-05
eec: 463.347
weight: 0.000176971
eec: 273.578
weight: 1.17992e-05
eec: 272.727
weight: 4.41529e-05
eec: 337.623
weight: 0.000110509
eec: 221.292
weight: 5.27493e-05
eec: 121.577
weight: 6.664e-06
eec: 2347.86
weight: 1.27103e-05
eec: 934.078
weight: 1.00885e-05
eec: 121.593
weight: 8.84422e-05
eec: 74.6527
weight: 8.51024e-05
eec: 421.777
weight: 0.000268542
eec: 131.735
weight: 4.7591e-07
eec: 397.221
weight: 2.86445e-05
eec: 358.215
weight: 1.68936e-05
eec: 87.3239
weight: 4.30608e-05
eec: 164.153
weight: 4.4592e-05
eec: 719.488
weight: 4.67922e-06
eec: 790.954
weight: 0.000196232
eec: 435.853
weight: 3.74053e-05
eec: 1483.22
weight: 5.91107e-05
eec: 737.005
weight: 1.61441e-05
eec: 378.877
weight: 0.000111114
eec: 271.139
weight: 4.49678e-06
eec: 102.26
weight: 0.000231423
eec: 1109.42
weight: 5.40913e-06
eec: 73.0488
weight: 1.39387e-05
eec: 136.777
weight: 0.000156846
eec: 298.703
weight: 3.17824e-05
eec: 1485.59
weight: 2.51834e-05
eec: 102.86
weight: 0.000119197
eec: 112.688
weight: 3.55313e-05
eec: 137.211
weight: 1.64302e-05
eec: 666.308
weight: 2.09328e-06
eec: 2281.35
weight: 5.4295e-05
eec: 82.4486
weight: 0.000707539
eec: 70.8004
weight: 0.000138408
eec: 951.637
weight: 9.3123e-05
eec: 376.655
weight: 3.55336e-05
eec: 526.924
weight: 7.14957e-05
eec: 30.3858
weight: 8.11245e-06
eec: 71.8515
weight: 1.36992e-05
eec: 825.796
weight: 1.37864e-05
eec: 345.882
weight: 3.86072e-06
eec: 448.778
weight: 0.000155602
eec: 392.218
weight: 6.15901e-05
eec: 358.654
weight: 4.71681e-06
eec: 196.555
weight: 1.40698e-08
eec: 354.708
weight: 0.000153809
eec: 501.097
weight: 4.04756e-05
eec: 304.517
weight: 2.50769e-05
eec: 44.9997
weight: 5.51709e-05
eec: 321.387
weight: 2.55768e-05
eec: 1973.6
weight: 0.000239147
eec: 515.123
weight: 1.00192e-05
eec: 1517.91
weight: 0.000694652
eec: 993.247
weight: 4.05008e-06
eec: 1755.13
weight: 3.67727e-05
eec: 683.262
weight: 0.00026473
eec: 73.3352
weight: 8.7679e-07
eec: 884.065
weight: 4.91787e-05
eec: 201.239
weight: 5.08561e-05
eec: 42.7083
weight: 2.39501e-07
eec: 250.211
weight: 4.57319e-06
eec: 156.931
weight: 1.91719e-05
eec: 741.722
weight: 0.00012542
eec: 74.6062
weight: 5.04864e-06
eec: 88.107
weight: 3.11358e-05
eec: 199.173
weight: 3.38263e-06
eec: 511.33
weight: 3.08248e-08
eec: 133.007
weight: 9.19699e-06
eec: 46.5401
weight: 4.13644e-06
eec: 861.311
weight: 0.000241835
eec: 143.609
weight: 5.23538e-07
eec: 789.006
weight: 0.000465263
eec: 177.776
weight: 2.89582e-06
eec: 2000.17
weight: 6.88702e-07
eec: 229.953
weight: 4.29144e-05
eec: 321.779
weight: 2.73224e-05
eec: 2203.74
weight: 7.2041e-06
eec: 156.05
weight: 9.77829e-06
eec: 26.0653
weight: 5.64605e-06
eec: 2098.7
weight: 9.48425e-06
eec: 1542.82
weight: 0.000197778
eec: 705.572
weight: 3.58277e-05
eec: 311.549
weight: 0.000134092
eec: 1093.16
weight: 0.00022766
eec: 779.81
weight: 2.42508e-05
eec: 1264.09

ROOT exit code = 0
