gSystem->Load("run_condor_job_Run3_C.so");
run_condor_job_Run3(2, 100, 2,
                    80, 200,
                    1, 1, 1, 0);
.q

ENTERED run_condor_job_Run3()
JOBID = 2
  global job = 2  Job 2/100  events [119880, 179820)  total=5994000
Processing events [119880, 179820) of 5994000
weight: 8.6312e-07
eec: 700.35
weight: 5.18397e-05
eec: 502.863
weight: 0.000271052
eec: 49.786
weight: 1.63453e-05
eec: 267.063
weight: 1.00087e-05
eec: 997.38
weight: 5.75902e-06
eec: 677.791
weight: 0.000287136
eec: 742.997
weight: 0.000241172
eec: 183.364
weight: 6.15557e-07
eec: 410.807
weight: 0.000104549
eec: 521.198
weight: 5.17957e-06
eec: 598.66
weight: 2.94806e-05
eec: 110.961
weight: 7.23303e-06
eec: 573.579
weight: 0.000506208
eec: 651.596
weight: 1.15126e-05
eec: 802.91
weight: 0.000126649
eec: 554.332
weight: 1.23989e-05
eec: 398.836
weight: 6.23046e-05
eec: 1337.97
weight: 2.25836e-05
eec: 121.071
weight: 2.23106e-05
eec: 304.497
weight: 0.000175478
eec: 74.6275
weight: 0.000100129
eec: 598.106
weight: 9.17455e-06
eec: 2877.91
weight: 2.38326e-05
eec: 114.382
weight: 4.85129e-05
eec: 517.406
weight: 3.34564e-05
eec: 444.357
weight: 2.38382e-08
eec: 315.493
weight: 2.01525e-05
eec: 683.149
weight: 0.00011162
eec: 491.216
weight: 1.79139e-05
eec: 33.3359
weight: 1.83754e-06
eec: 1285.75
weight: 9.16324e-06
eec: 136.879
weight: 6.24054e-06
eec: 374.439
weight: 5.71791e-05
eec: 772.817
weight: 2.69886e-06
eec: 628.982
weight: 0.0001142
eec: 47.5729
weight: 1.65177e-05
eec: 393.624
weight: 2.76842e-06
eec: 79.1597
weight: 0.000143758
eec: 316.584
weight: 3.95285e-05
eec: 145.352
weight: 6.64821e-06
eec: 97.9129
weight: 1.92891e-06
eec: 3766.04
weight: 3.21824e-05
eec: 566.482
weight: 1.43073e-05
eec: 149.722
weight: 1.12494e-05
eec: 1864.05
weight: 1.15678e-05
eec: 228.084
weight: 2.09311e-05
eec: 1100.59
weight: 0.000145181
eec: 191.463
weight: 0.000128059
eec: 53.3352
weight: 4.28695e-06
eec: 518.478
weight: 1.59002e-05
eec: 2263.88
weight: 1.38793e-05
eec: 1711.14
weight: 6.86816e-07
eec: 381.508
weight: 0.000894091
eec: 25.2398
weight: 0.000141547
eec: 961.867
weight: 7.65519e-07
eec: 1416.4
weight: 3.47523e-05
eec: 349.401
weight: 0.000420278
eec: 269.873
weight: 1.7556e-05
eec: 71.8371
weight: 5.06836e-05
eec: 119.063
weight: 0.000673467
eec: 413.064
weight: 0.000570691
eec: 37.5411
weight: 8.19964e-06
eec: 907.327
weight: 2.64489e-05
eec: 582.352
weight: 5.63808e-06
eec: 39.7916
weight: 0.000129278
eec: 39.5281
weight: 6.0196e-07
eec: 454.047
weight: 2.64535e-05
eec: 929.755
weight: 1.58538e-06
eec: 744.892
weight: 3.22722e-06
eec: 2630.86
weight: 0.000370779
eec: 716.521
weight: 4.52426e-06
eec: 100.611
weight: 0.000122241
eec: 150.875
weight: 9.31439e-06
eec: 168.132
weight: 5.28292e-05
eec: 1656.09
weight: 1.53369e-06
eec: 567.28
weight: 1.61e-05
eec: 513.234
weight: 1.53513e-05
eec: 401.744
weight: 4.79449e-06
eec: 191.519
weight: 6.21222e-06
eec: 136.518
weight: 9.18898e-06
eec: 689.372
weight: 7.39198e-05
eec: 104.848
weight: 1.85893e-05
eec: 789.814
weight: 2.02616e-05
eec: 2825.9
weight: 5.49188e-05
eec: 431.921
weight: 9.97211e-05
eec: 121.651
weight: 5.46297e-06
eec: 699.762
weight: 7.96463e-08
eec: 330.933
weight: 0.000524174
eec: 165.213
weight: 6.08744e-06
eec: 976.247
weight: 4.07243e-06
eec: 872.25
weight: 0.000130716
eec: 530.205
weight: 1.8688e-05
eec: 2527.12
weight: 1.40418e-05
eec: 1036.93
weight: 0.000206813
eec: 671.434
weight: 2.8424e-06
eec: 379.102
weight: 3.5073e-05
eec: 1089.02
weight: 7.63513e-06
eec: 631.239
weight: 5.48873e-05
eec: 80.7778
weight: 1.21938e-05
eec: 513.814
weight: 2.47344e-05
eec: 1219.03
weight: 7.95399e-06
eec: 387.324
weight: 2.51505e-06
eec: 972.541
weight: 6.33342e-06
eec: 637.977
weight: 1.28719e-06
eec: 449.545
weight: 0.000188567
eec: 878.595
Processing: 2.5025 %weight: 2.13975e-05
eec: 1185.85
weight: 2.89874e-06
eec: 402.9
weight: 1.1108e-05
eec: 77.6523
weight: 7.10945e-05
eec: 565.75
weight: 3.62618e-06
eec: 286.916
weight: 5.93098e-05
eec: 282.169
weight: 4.63743e-06
eec: 801.166
weight: 1.16363e-05
eec: 1732.19
weight: 1.23068e-05
eec: 380.007
weight: 1.13414e-05
eec: 1162.28
weight: 1.16999e-05
eec: 254.257
weight: 2.896e-05
eec: 867.817
weight: 1.27487e-05
eec: 14.9204
weight: 4.91907e-07
eec: 762.573
weight: 6.61036e-05
eec: 204.924
weight: 2.2174e-05
eec: 315.495
weight: 2.84143e-06
eec: 508.3
weight: 3.37702e-05
eec: 1591.58
weight: 5.71021e-06
eec: 1324.97
weight: 9.80347e-05
eec: 1483.88
weight: 7.16467e-06
eec: 468.373
weight: 7.42023e-06
eec: 393.054
weight: 0.00135684
eec: 78.304
weight: 5.52637e-05
eec: 158.567
weight: 2.1696e-05
eec: 843.053
weight: 9.78282e-05
eec: 335.742
weight: 0.000222041
eec: 406.926
weight: 6.39582e-06
eec: 246.998
weight: 2.85979e-05
eec: 786.841
weight: 2.20897e-06
eec: 739.723
weight: 0.000316606
eec: 259.615
weight: 1.71553e-06
eec: 59.9515
weight: 1.79499e-05
eec: 885.208
weight: 2.45595e-05
eec: 282.35
weight: 0.000121584
eec: 166.497
weight: 3.23713e-07
eec: 793.74
weight: 8.12489e-05
eec: 633.888
weight: 3.55792e-06
eec: 1131.43
weight: 2.05211e-07
eec: 697.279
weight: 4.85856e-05
eec: 472.007
weight: 5.29964e-05
eec: 230.351
weight: 4.44962e-06
eec: 120.018
weight: 1.62901e-05
eec: 306.431
weight: 3.9606e-05
eec: 130.407
weight: 0.00012983
eec: 965.483
weight: 2.07002e-06
eec: 1283.86
weight: 0.000144585
eec: 144.825
weight: 2.72555e-05
eec: 2674.4
weight: 1.23027e-06
eec: 299.276
weight: 9.87889e-06
eec: 1028.04
weight: 9.6037e-05
eec: 59.0424
weight: 8.60388e-07
eec: 575.305
weight: 4.70218e-05
eec: 87.3192
weight: 2.82903e-05
eec: 592.799
weight: 1.57575e-05
eec: 352.601
weight: 0.000156118
eec: 56.8559
weight: 1.74329e-05
eec: 1028.46
weight: 0.000502054
eec: 666.017
weight: 2.25683e-05
eec: 782.67
weight: 1.69991e-05
eec: 1672.29
weight: 3.21411e-05
eec: 284.123
weight: 0.000200079
eec: 161.564
weight: 3.73444e-05
eec: 329.02
weight: 0.000211503
eec: 84.1625
weight: 1.27067e-05
eec: 773.932
weight: 7.53582e-05
eec: 1082.01
weight: 0.000351105
eec: 455.543
weight: 7.48963e-05
eec: 1876.28
weight: 1.23805e-05
eec: 427.027
weight: 2.90468e-06
eec: 410.752
weight: 0.000166037
eec: 64.7201
weight: 3.19716e-05
eec: 612.08
weight: 0.000486774
eec: 418.829
weight: 7.07318e-05
eec: 847.388
weight: 9.64265e-06
eec: 790.032
weight: 0.000178371
eec: 16.2769
weight: 1.71575e-05
eec: 677.881
weight: 1.24278e-05
eec: 374.017
weight: 8.36368e-05
eec: 597.473
weight: 6.38142e-05
eec: 468.32
weight: 8.00449e-06
eec: 313.863
weight: 0.000664695
eec: 1051.32
weight: 3.07851e-05
eec: 316.742
weight: 6.19597e-05
eec: 232.529
weight: 1.01097e-05
eec: 14.3782
weight: 2.26599e-05
eec: 141.081
weight: 5.00999e-05
eec: 598.732
weight: 2.81616e-05
eec: 3840.62
weight: 1.80481e-06
eec: 949.442
weight: 5.67555e-06
eec: 466.482
weight: 1.35511e-05
eec: 159.024
weight: 1.52017e-05
eec: 354.631
weight: 0.000220662
eec: 112.375
weight: 8.42471e-06
eec: 850.94
weight: 4.55871e-06
eec: 82.4859
weight: 6.74459e-05
eec: 70.4278
weight: 1.784e-05
eec: 153.43
weight: 3.13109e-05
eec: 1203.95
weight: 8.72097e-07
eec: 682.399
weight: 2.72293e-05
eec: 1326.3
weight: 3.29478e-05
eec: 272.752
weight: 1.74379e-05
eec: 2787.98
weight: 4.05092e-06
eec: 157.755
weight: 2.27342e-06
eec: 55.8627
weight: 7.38151e-05
eec: 577.314
weight: 6.58291e-06
eec: 2727.82
weight: 0.000105559
eec: 334.016
weight: 7.28788e-05
eec: 78.4298
weight: 1.29519e-05
eec: 236.911
weight: 0.000251793
eec: 624.789
weight: 1.97239e-05
eec: 497.99
weight: 0.000141081
eec: 436.547
weight: 1.07443e-05
eec: 883.834
weight: 1.21464e-05
eec: 2605.89
weight: 1.02709e-05
eec: 216.313
weight: 0.000106898
eec: 184.938
weight: 3.25357e-06
eec: 1477.61
weight: 4.62362e-06
eec: 62.1138
weight: 0.000110869
eec: 300.773
weight: 5.81008e-06
eec: 136.169
weight: 1.40074e-05
eec: 2732.97
weight: 6.64023e-06
eec: 1692.99
weight: 6.00693e-07
eec: 191.913
weight: 0.000139537
eec: 414.505
weight: 8.15009e-06
eec: 886.644
weight: 1.20405e-06
eec: 492.341

ROOT exit code = 0
