gSystem->Load("run_condor_job_Run3_C.so");
run_condor_job_Run3(529, 100, 2,
                    80, 200,
                    1, 1, 1, 5);
.q

ENTERED run_condor_job_Run3()
JOBID = 529
  global job = 529  Job 29/100  events [1740000, 1800000)  total=6000000
Processing events [1740000, 1800000) of 6000000
weight: 6.85633e-06
eec: 1441.34
weight: 0.000101099
eec: 237.071
weight: 2.50551e-07
eec: 613.544
weight: 1.97257e-05
eec: 68.8436
weight: 1.26868e-05
eec: 434.041
weight: 2.5038e-05
eec: 587.808
weight: 4.63697e-05
eec: 203.618
weight: 1.97909e-06
eec: 117.846
weight: 4.8331e-07
eec: 1034.09
weight: 2.30301e-05
eec: 427.549
weight: 1.39946e-05
eec: 1078.99
weight: 2.46773e-05
eec: 1250.92
weight: 1.64454e-06
eec: 1305.8
weight: 8.67187e-05
eec: 256.373
weight: 1.04685e-05
eec: 219.226
weight: 8.14192e-06
eec: 1588.9
weight: 1.31972e-05
eec: 873.516
weight: 2.38761e-05
eec: 1175.45
weight: 1.67804e-06
eec: 1316.76
weight: 1.50425e-05
eec: 2367.3
weight: 1.20809e-06
eec: 272.763
weight: 0.000153901
eec: 474.679
weight: 5.48341e-05
eec: 517.011
weight: 2.8931e-05
eec: 32.5237
weight: 0.000115812
eec: 453.243
weight: 0.000105626
eec: 634.251
weight: 7.7657e-05
eec: 208.106
Processing: 29.1667 %weight: 2.53751e-05
eec: 100.81
weight: 9.08971e-05
eec: 544.647
weight: 5.10075e-06
eec: 1234.32
weight: 0.000170032
eec: 247.35
weight: 9.63594e-06
eec: 770.225
weight: 0.000112589
eec: 692.565
weight: 0.000262855
eec: 87.7544
weight: 5.65551e-06
eec: 105.667
weight: 7.72357e-05
eec: 222.904
weight: 0.000226486
eec: 227.357
weight: 1.78775e-05
eec: 75.9191
weight: 4.42539e-05
eec: 156.427
weight: 5.28572e-05
eec: 723.297
weight: 0.000115898
eec: 458.495
weight: 0.000286905
eec: 153.715
weight: 6.28546e-05
eec: 799.63
weight: 4.33007e-06
eec: 92.1287
weight: 2.15692e-05
eec: 968.055
weight: 0.000131222
eec: 310.221
weight: 6.62013e-05
eec: 345.596
weight: 0.000237989
eec: 27.2945
weight: 5.81464e-06
eec: 914.242
weight: 1.00934e-05
eec: 158.571
weight: 8.93992e-06
eec: 1096.87
weight: 0.000329808
eec: 275.978
weight: 0.000701539
eec: 118.699
weight: 1.01839e-05
eec: 562.431
weight: 1.03244e-07
eec: 755.028
weight: 7.49312e-07
eec: 727.298
weight: 6.13463e-06
eec: 2763.92
weight: 1.64016e-05
eec: 1338.53
weight: 3.55378e-06
eec: 402.964
weight: 2.64101e-05
eec: 1999.99
weight: 3.04428e-06
eec: 1203.15
weight: 9.10793e-05
eec: 738.858
weight: 1.06035e-07
eec: 1674.17
weight: 1.18453e-05
eec: 114.664
weight: 5.14605e-06
eec: 1223.29
weight: 8.00884e-05
eec: 559.442
weight: 6.35539e-05
eec: 238.767
weight: 0.000362296
eec: 44.1666
weight: 7.78049e-07
eec: 74.0095
weight: 0.000100407
eec: 44.8156
weight: 0.000189561
eec: 370.677
weight: 1.38693e-06
eec: 1714.55
weight: 2.04042e-07
eec: 39.6258
weight: 3.19472e-05
eec: 18.1219
weight: 1.47787e-05
eec: 107.231
weight: 5.49297e-05
eec: 1764.73
weight: 6.49852e-05
eec: 360.527
weight: 1.97966e-05
eec: 2321.12
weight: 1.12888e-06
eec: 564.201
weight: 6.08634e-05
eec: 635.637
weight: 7.74518e-06
eec: 285.663
weight: 3.2953e-05
eec: 586.194
weight: 1.20136e-05
eec: 80.6865
weight: 1.20136e-05
eec: 634.702
weight: 5.22439e-05
eec: 197.114
weight: 3.86413e-05
eec: 1116.37
weight: 5.33337e-05
eec: 343.631
weight: 9.33245e-06
eec: 896.049
weight: 8.16266e-06
eec: 61.1793
weight: 0.000317013
eec: 823.533
weight: 2.07665e-05
eec: 1624.51
weight: 8.84738e-06
eec: 26.5099
weight: 0.0012662
eec: 588.622
weight: 8.70739e-06
eec: 546.357
weight: 6.59776e-06
eec: 1655.12
weight: 0.00351656
eec: 126.757
weight: 1.12979e-05
eec: 1015.29
weight: 0.000300451
eec: 30.7518
weight: 0.000179931
eec: 51.4741
weight: 3.57188e-05
eec: 16.5353
weight: 4.94201e-05
eec: 195.27
weight: 5.7168e-06
eec: 2743.05
weight: 2.27349e-05
eec: 1117.14
weight: 6.03178e-06
eec: 941.424
weight: 8.92432e-06
eec: 108.912
weight: 3.9952e-06
eec: 936.086
weight: 0.000145544
eec: 25.6954
weight: 0.000559292
eec: 470.932
weight: 4.723e-07
eec: 284.296
weight: 3.77904e-05
eec: 1192.96
weight: 1.57892e-05
eec: 3189.32
weight: 0.000102765
eec: 165.937
weight: 3.36732e-05
eec: 342.38
weight: 1.6547e-06
eec: 2876.43
weight: 2.44674e-05
eec: 140.856
weight: 0.000119996
eec: 783.589
weight: 7.88385e-05
eec: 1627
weight: 6.94532e-05
eec: 570.959
weight: 0.000164299
eec: 418.575
weight: 0.00016715
eec: 219.962
weight: 3.80473e-05
eec: 470.386
weight: 4.88154e-06
eec: 1495.97
weight: 6.88474e-05
eec: 652.609
weight: 2.69802e-05
eec: 1013.8
weight: 1.6545e-05
eec: 1682.95
weight: 0.000204709
eec: 534.68
weight: 4.12117e-06
eec: 461.917
weight: 3.97271e-05
eec: 786.305
weight: 4.5341e-05
eec: 203.795
weight: 5.12755e-05
eec: 103.942
weight: 5.12755e-05
eec: 1064.46
weight: 0.000247578
eec: 235.723
weight: 0.000121932
eec: 1527.26
weight: 2.61743e-05
eec: 247.113
weight: 0.000185652
eec: 182.162
weight: 0.000259165
eec: 398.871
weight: 7.06931e-05
eec: 696.14
weight: 7.68206e-07
eec: 670.262
weight: 0.000160103
eec: 483.028
weight: 1.12947e-05
eec: 623.009
weight: 1.73043e-06
eec: 1884.88
weight: 3.45134e-06
eec: 91.4483
weight: 9.24049e-05
eec: 217.953
weight: 2.63562e-05
eec: 309.555
weight: 4.41609e-05
eec: 267.291
weight: 1.76835e-05
eec: 466.218
weight: 4.62164e-06
eec: 351.987
weight: 1.29756e-05
eec: 377.046
weight: 1.35161e-08
eec: 581.305
weight: 7.98801e-06
eec: 60.8275
weight: 7.23244e-05
eec: 369.976
weight: 4.74584e-06
eec: 2476.51
weight: 0.000118708
eec: 824.561
weight: 1.48515e-05
eec: 2788.13
weight: 8.72885e-05
eec: 629.024
weight: 4.2922e-06
eec: 601.618
weight: 5.24042e-06
eec: 1296.62
weight: 1.30547e-05
eec: 379.876
weight: 4.46837e-05
eec: 32.9741
weight: 4.89257e-06
eec: 933.363
weight: 8.37707e-06
eec: 2830.01
weight: 0.000167519
eec: 437.705
weight: 1.59261e-06
eec: 2317.13
weight: 1.56989e-05
eec: 993.011
weight: 0.000118557
eec: 1021.76
weight: 6.43067e-05
eec: 156.732
weight: 1.42708e-05
eec: 1049.95
weight: 9.0241e-05
eec: 133.114
weight: 3.49253e-05
eec: 92.2649
weight: 3.29387e-06
eec: 3778.43
weight: 3.16482e-05
eec: 57.4467
weight: 7.59823e-05
eec: 46.7775
weight: 6.21262e-06
eec: 1718.71
weight: 2.60892e-08
eec: 666.224
weight: 5.5908e-05
eec: 116.118
weight: 3.74686e-06
eec: 650.479
weight: 3.13736e-05
eec: 437.69
weight: 3.77149e-05
eec: 818.765
weight: 3.65363e-06
eec: 630.456
weight: 9.77972e-07
eec: 137.082
weight: 1.1734e-05
eec: 1061.32
weight: 3.43713e-07
eec: 300.63
weight: 6.76632e-06
eec: 433.547
weight: 9.16571e-07
eec: 385.536
weight: 8.97176e-05
eec: 1094.91
weight: 1.98194e-05
eec: 423.675
weight: 6.02621e-05
eec: 416.548
weight: 0.000118389
eec: 702.029
weight: 1.10088e-05
eec: 34.5436
weight: 3.07797e-05
eec: 1168.67
weight: 0.000179197
eec: 279.147
weight: 7.60636e-08
eec: 1174.85
weight: 6.9252e-05
eec: 1056.36
weight: 2.52084e-06
eec: 1213.28
weight: 7.14827e-05
eec: 313.89
weight: 4.16151e-05
eec: 345.177
weight: 1.1753e-05
eec: 750.038
weight: 3.22855e-05
eec: 1260.94
weight: 2.03161e-06
eec: 328.447
weight: 2.4436e-05
eec: 537.996
weight: 2.91901e-05
eec: 468.091
weight: 2.38219e-06
eec: 777.797
weight: 0.000491462
eec: 165.202
weight: 1.23634e-05
eec: 342.168
weight: 4.68407e-06
eec: 157.336
weight: 6.65461e-05
eec: 1049.09
weight: 1.79781e-05
eec: 1153.33
weight: 7.00692e-05
eec: 497.434
weight: 7.12463e-05
eec: 1087.44
weight: 3.8203e-06
eec: 450.323
weight: 5.8891e-05
eec: 397.823
weight: 1.27813e-06
eec: 34.7127
weight: 8.44402e-07
eec: 315.317
weight: 6.57657e-05
eec: 1314.09
weight: 4.03782e-06
eec: 546.316
weight: 1.86428e-05
eec: 1086.51
weight: 1.24307e-05
eec: 76.0385
weight: 0.000232675
eec: 377.219
weight: 0.000217058
eec: 35.1691
weight: 0.000274291
eec: 32.6499
weight: 2.6869e-06
eec: 1258.81
weight: 7.68143e-06
eec: 205.511
weight: 0.000130238
eec: 151.184
weight: 6.4036e-05
eec: 98.9012
weight: 9.48202e-06
eec: 59.8563
weight: 0.000333672
eec: 587.393
weight: 0.000288811
eec: 295.204
weight: 0.000438365
eec: 29.9055
weight: 6.29016e-07
eec: 1247.63
weight: 0.000192939
eec: 442.123
weight: 1.40032e-05
eec: 47.2218
weight: 1.15842e-06
eec: 153.824
weight: 1.36294e-05
eec: 392.857
weight: 1.87097e-05
eec: 296.176
weight: 5.1345e-05
eec: 780.265
weight: 1.0358e-05
eec: 290.528
weight: 4.14015e-06
eec: 111.427
weight: 1.91397e-05
eec: 435.417
weight: 4.45654e-05
eec: 215.824
weight: 0.000699846
eec: 144.383
weight: 3.07697e-05
eec: 157.79
weight: 1.75797e-06
eec: 186.361

ROOT exit code = 0
