gSystem->Load("run_condor_job_Run3_C.so");
run_condor_job_Run3(747, 100, 2,
                    80, 200,
                    1, 1, 1, 7);
.q

ENTERED run_condor_job_Run3()
JOBID = 747
  global job = 747  Job 47/100  events [2676180, 2733120)  total=5694000
Processing events [2676180, 2733120) of 5694000
weight: 6.77105e-06
eec: 893.885
weight: 0.000279345
eec: 62.8086
weight: 0.000153542
eec: 13.1293
weight: 3.13252e-05
eec: 867.655
weight: 6.31629e-07
eec: 780.156
weight: 0.000782585
eec: 525.609
weight: 0.000194749
eec: 638.984
weight: 2.57468e-05
eec: 816.328
weight: 4.12864e-06
eec: 2276.62
weight: 3.19167e-06
eec: 701.908
weight: 6.38677e-05
eec: 70.4092
weight: 8.90768e-07
eec: 455.219
weight: 1.68401e-06
eec: 250.765
weight: 3.18066e-05
eec: 678.299
weight: 0.000124679
eec: 18.5729
weight: 9.25362e-05
eec: 221.881
weight: 4.53936e-05
eec: 661.008
weight: 0.000259272
eec: 443.723
weight: 1.99206e-05
eec: 680.088
weight: 0.000340297
eec: 188.961
weight: 3.90812e-05
eec: 646.438
weight: 8.5278e-07
eec: 207.409
weight: 9.38206e-05
eec: 737.907
weight: 0.0003512
eec: 92.5407
weight: 3.90707e-06
eec: 204.378
weight: 6.07065e-05
eec: 989.509
weight: 5.15889e-06
eec: 2076.22
weight: 6.66008e-05
eec: 316.545
weight: 8.07442e-06
eec: 342.582
weight: 1.50516e-06
eec: 224.297
weight: 2.81634e-05
eec: 433.096
weight: 8.56544e-06
eec: 3262.07
weight: 2.60163e-05
eec: 1125.51
weight: 3.28278e-05
eec: 1723.32
weight: 2.92874e-06
eec: 734.582
weight: 6.00887e-06
eec: 81.8115
weight: 3.50038e-06
eec: 86.6351
weight: 5.29952e-05
eec: 308.716
weight: 0.000119058
eec: 231.827
weight: 2.17534e-05
eec: 589.169
weight: 0.000101374
eec: 986.281
weight: 6.48093e-05
eec: 1588.07
weight: 0.000137335
eec: 500.078
weight: 2.14866e-05
eec: 59.1677
weight: 0.0002045
eec: 88.0719
weight: 0.000131026
eec: 105.203
weight: 0.00012675
eec: 404.536
weight: 3.37737e-06
eec: 226.088
weight: 6.06962e-06
eec: 2023.32
weight: 2.0962e-05
eec: 435.336
weight: 4.31873e-06
eec: 46.3705
weight: 1.72066e-06
eec: 754.518
weight: 0.000299194
eec: 10.0245
weight: 3.537e-05
eec: 42.1235
weight: 0.000124416
eec: 213.947
weight: 9.71675e-05
eec: 209.624
weight: 0.00026771
eec: 734.72
weight: 7.34456e-05
eec: 680.693
weight: 1.53511e-06
eec: 55.0938
weight: 3.48542e-05
eec: 1001.24
weight: 3.00015e-05
eec: 20.8266
weight: 1.14014e-05
eec: 440.11
weight: 0.000256757
eec: 843.679
weight: 3.75592e-05
eec: 2050.96
weight: 0.000257686
eec: 126.849
weight: 5.1722e-06
eec: 1489.2
weight: 3.51172e-05
eec: 367.057
weight: 3.51172e-05
eec: 1164.48
weight: 9.81475e-06
eec: 14.5761
weight: 0.000301702
eec: 278.97
weight: 1.46509e-05
eec: 1662.01
weight: 6.81246e-09
eec: 1303.69
weight: 2.31012e-05
eec: 810.348
weight: 7.12875e-07
eec: 593.507
weight: 0.000128497
eec: 685.212
weight: 6.93733e-05
eec: 48.4805
weight: 1.24413e-06
eec: 351.557
weight: 5.03092e-05
eec: 1898.91
weight: 9.68729e-09
eec: 350.906
weight: 1.74289e-05
eec: 184.388
weight: 5.83838e-05
eec: 2251.32
weight: 5.99668e-05
eec: 242.518
weight: 1.63938e-05
eec: 2229.79
weight: 0.000100666
eec: 339.472
weight: 1.41749e-06
eec: 68.0167
weight: 6.38607e-05
eec: 332.623
Processing: 47.4183 %weight: 0.000126848
eec: 45.5993
weight: 6.81881e-06
eec: 365.229
weight: 1.36606e-05
eec: 948.117
weight: 3.73561e-05
eec: 692.086
weight: 0.000167717
eec: 342.778
weight: 0.000145944
eec: 185.264
weight: 2.72932e-07
eec: 2262.27
weight: 0.000163252
eec: 272.275
weight: 3.13063e-05
eec: 93.1327
weight: 7.79516e-05
eec: 251.884
weight: 1.98147e-05
eec: 141.654
weight: 0.000961698
eec: 265.761
weight: 1.94268e-06
eec: 760.923
weight: 3.33403e-05
eec: 81.0624
weight: 7.6763e-05
eec: 25.4226
weight: 1.92076e-06
eec: 962.336
weight: 1.54358e-05
eec: 207.115
weight: 2.11546e-05
eec: 313.076
weight: 0.000737195
eec: 46.8975
weight: 4.51797e-05
eec: 189.677
weight: 3.25416e-06
eec: 596.638
weight: 2.73835e-05
eec: 50.2668
weight: 2.10152e-06
eec: 695.848
weight: 2.10152e-06
eec: 130.068
weight: 5.71645e-05
eec: 192.725
weight: 2.68142e-06
eec: 2809.76
weight: 1.95591e-05
eec: 533.582
weight: 1.96717e-06
eec: 1518.02
weight: 2.30679e-05
eec: 137.92
weight: 5.97431e-06
eec: 486.485
weight: 3.47455e-05
eec: 2002.98
weight: 0.000122088
eec: 148.561
weight: 1.99127e-05
eec: 379.452
weight: 8.73239e-06
eec: 146.125
weight: 6.86294e-05
eec: 408.576
weight: 2.10231e-05
eec: 92.6189
weight: 3.94515e-06
eec: 745.929
weight: 6.62524e-05
eec: 22.2324
weight: 3.2343e-05
eec: 180.628
weight: 5.94063e-05
eec: 72.0856
weight: 5.0407e-06
eec: 1531.38
weight: 7.96853e-06
eec: 1566.64
weight: 7.33489e-05
eec: 542.197
weight: 0.000504122
eec: 732.535
weight: 3.81436e-05
eec: 327.488
weight: 2.56964e-08
eec: 54.9377
weight: 0.000408028
eec: 494.763
weight: 4.75771e-05
eec: 1524.46
weight: 0.00132388
eec: 452.056
weight: 6.72198e-06
eec: 30.0441
weight: 3.85297e-05
eec: 696.718
weight: 2.25781e-05
eec: 473.501
weight: 1.16885e-05
eec: 1402.97
weight: 3.29665e-05
eec: 300.872
weight: 1.14845e-07
eec: 1864.56
weight: 9.928e-07
eec: 69.5386
weight: 9.54487e-06
eec: 1183.56
weight: 8.89586e-06
eec: 311.273
weight: 1.84135e-06
eec: 331.174
weight: 8.63071e-07
eec: 600.985
weight: 7.41099e-05
eec: 120.221
weight: 2.46908e-05
eec: 868.236
weight: 3.14395e-06
eec: 291.115
weight: 7.63937e-06
eec: 1746.6
weight: 3.15429e-05
eec: 101.637
weight: 0.000234718
eec: 97.1063
weight: 3.72689e-06
eec: 689.185
weight: 0.00317367
eec: 448.595
weight: 2.73669e-06
eec: 135.504
weight: 1.4356e-05
eec: 998.944
weight: 0.000487
eec: 511.952
weight: 1.66858e-06
eec: 549.803
weight: 2.78317e-07
eec: 51.3891
weight: 1.66443e-05
eec: 608.76
weight: 1.1451e-05
eec: 2396.49
weight: 4.52152e-05
eec: 241.575
weight: 4.09084e-05
eec: 428.043
weight: 1.01905e-05
eec: 123.908
weight: 0.000187117
eec: 167.623
weight: 8.07411e-05
eec: 3663.82
weight: 2.32543e-05
eec: 544.435
weight: 4.42525e-05
eec: 275.692
weight: 6.73166e-06
eec: 365.442
weight: 1.26821e-05
eec: 1471.54
weight: 1.32267e-05
eec: 241.711
weight: 1.81987e-05
eec: 96.4521
weight: 0.000225954
eec: 75.203
weight: 3.36202e-05
eec: 262.903
weight: 6.09871e-05
eec: 313.807
weight: 8.88864e-05
eec: 251.651
weight: 1.39422e-05
eec: 587.463
weight: 7.62882e-05
eec: 1633.62
weight: 0.000226392
eec: 70.1143
weight: 2.21664e-05
eec: 89.1687
weight: 2.70691e-05
eec: 191.372
weight: 0.00014352
eec: 527.262
weight: 0.000197241
eec: 378.49
weight: 1.19785e-05
eec: 329.408
weight: 4.01953e-06
eec: 49.9855
weight: 9.70921e-05
eec: 139.071
weight: 2.00449e-05
eec: 215.402
weight: 2.5312e-05
eec: 133.323
weight: 3.74384e-05
eec: 946.261
weight: 0.000106684
eec: 1111.04
weight: 6.54664e-05
eec: 278.927
weight: 2.16423e-05
eec: 219.973
weight: 3.83281e-06
eec: 60.1998
weight: 1.24348e-06
eec: 446.917
weight: 1.38657e-05
eec: 311.345
weight: 1.06446e-05
eec: 1768.19
weight: 7.00623e-05
eec: 35.6988
weight: 1.23729e-05
eec: 113.637
weight: 3.40682e-05
eec: 258.567
weight: 1.90576e-06
eec: 1122.16
weight: 5.03196e-07
eec: 145.218
weight: 9.45617e-05
eec: 1065.61
weight: 8.25033e-05
eec: 85.9952
weight: 6.50799e-05
eec: 15.885
weight: 4.09271e-05
eec: 1647.19
weight: 0.000475511
eec: 165.076
weight: 2.68048e-06
eec: 1018.88
weight: 0.000361296
eec: 660.144
weight: 2.80184e-06
eec: 414.214
weight: 0.000147722
eec: 711.642
weight: 8.37913e-05
eec: 518.215
weight: 1.25223e-05
eec: 505.498
weight: 9.57163e-06
eec: 1263.62
weight: 6.31871e-06
eec: 635.34
weight: 4.12975e-05
eec: 392.943
weight: 2.52481e-05
eec: 533.532
weight: 3.61631e-05
eec: 360.091
weight: 0.000587667
eec: 104.101
weight: 2.137e-05
eec: 1164.54
weight: 2.96617e-06
eec: 49.6087
weight: 0.000107731
eec: 774.164
weight: 2.7236e-05
eec: 257.789
weight: 7.92168e-06
eec: 380.21
weight: 6.50831e-05
eec: 137.123
weight: 4.71601e-06
eec: 1039.67
weight: 2.28185e-05
eec: 1204.78
weight: 0.00131737
eec: 596.271

ROOT exit code = 0
