gSystem->Load("run_condor_job_Run3_C.so");
run_condor_job_Run3(160, 100, 2,
                    80, 200,
                    1, 1, 1, 1);
.q

ENTERED run_condor_job_Run3()
JOBID = 160
  global job = 160  Job 60/100  events [3517200, 3575820)  total=5862000
Processing events [3517200, 3575820) of 5862000
weight: 1.26534e-05
eec: 2256.36
weight: 0.000307376
eec: 348.444
weight: 5.6109e-05
eec: 308.85
weight: 4.29611e-06
eec: 2016.35
weight: 5.2092e-08
eec: 838.701
weight: 2.93707e-05
eec: 924.813
weight: 7.31669e-06
eec: 281.118
weight: 6.95214e-06
eec: 824.108
weight: 5.76977e-05
eec: 30.9937
weight: 5.76977e-05
eec: 206.103
weight: 0.000100569
eec: 110.583
weight: 0.000277269
eec: 444.193
weight: 3.63052e-07
eec: 198.422
weight: 6.48631e-05
eec: 592.085
weight: 3.76417e-05
eec: 436.322
weight: 0.000128971
eec: 216.223
weight: 5.32677e-06
eec: 62.3461
weight: 5.30458e-05
eec: 291.567
weight: 2.67242e-05
eec: 365.179
weight: 1.57608e-06
eec: 294.746
weight: 5.45364e-07
eec: 899.803
weight: 4.83815e-05
eec: 56.1238
weight: 0.000159952
eec: 560.753
weight: 2.91522e-05
eec: 186.353
weight: 1.0852e-05
eec: 111.531
weight: 3.22663e-05
eec: 122.339
weight: 4.16154e-05
eec: 158.501
weight: 3.64802e-05
eec: 247.447
weight: 5.35946e-06
eec: 454.612
weight: 1.37205e-05
eec: 183.661
weight: 7.87284e-06
eec: 853.098
weight: 0.000582167
eec: 218.054
weight: 2.17531e-05
eec: 20.2539
weight: 4.8019e-06
eec: 2568.69
weight: 0.000174329
eec: 845.448
weight: 2.82802e-05
eec: 341.796
weight: 0.000273984
eec: 699.126
weight: 7.04459e-05
eec: 891.028
weight: 0.000278815
eec: 122.224
weight: 2.82671e-05
eec: 629.364
weight: 0.000993861
eec: 378.006
weight: 1.00986e-05
eec: 677.24
weight: 1.35212e-05
eec: 149.935
weight: 1.26489e-05
eec: 445.091
weight: 3.39758e-05
eec: 576.658
weight: 1.88167e-06
eec: 176.206
weight: 6.50808e-06
eec: 1661.81
weight: 3.4896e-05
eec: 252.034
weight: 8.81239e-06
eec: 358.783
weight: 1.84697e-05
eec: 1449.82
weight: 1.84697e-05
eec: 396.821
weight: 6.71258e-06
eec: 1422.59
weight: 9.49923e-06
eec: 1950.79
weight: 1.01345e-05
eec: 440.196
weight: 0.000424252
eec: 163.16
weight: 0.000114015
eec: 479.382
weight: 0.000143513
eec: 900.493
weight: 3.60314e-06
eec: 297.255
weight: 7.03687e-06
eec: 1089.55
weight: 0.000172636
eec: 367.431
weight: 0.000155921
eec: 259.905
weight: 4.81209e-05
eec: 226.317
weight: 7.7353e-07
eec: 1310.53
weight: 7.82578e-05
eec: 370.506
weight: 9.62227e-05
eec: 589.402
weight: 1.26511e-06
eec: 1496.3
weight: 4.6386e-06
eec: 479.826
weight: 1.96021e-05
eec: 182.077
weight: 0.000171504
eec: 314.337
weight: 1.40242e-05
eec: 328.985
weight: 8.73935e-06
eec: 1807.45
weight: 1.34505e-05
eec: 63.3403
weight: 1.63583e-07
eec: 2451.16
weight: 1.78446e-05
eec: 311.102
weight: 0.000385067
eec: 57.9947
weight: 6.57742e-07
eec: 832.73
weight: 0.000188003
eec: 833.804
weight: 7.08746e-07
eec: 231.35
weight: 5.25318e-05
eec: 223.937
weight: 4.51354e-05
eec: 1500.15
weight: 4.16893e-05
eec: 582.19
weight: 6.29261e-06
eec: 129.874
weight: 4.06687e-06
eec: 959.597
weight: 3.3192e-05
eec: 810.336
weight: 8.43051e-06
eec: 2926.78
weight: 9.6677e-06
eec: 32.1729
weight: 0.000471001
eec: 560.033
weight: 0.000123179
eec: 675.868
weight: 0.000118785
eec: 1112.05
weight: 8.83349e-06
eec: 1154.43
weight: 8.83349e-06
eec: 358.606
weight: 3.87963e-06
eec: 409.759
weight: 7.40764e-06
eec: 581.581
weight: 0.00010877
eec: 411.755
weight: 0.000194938
eec: 52.083
weight: 6.45458e-06
eec: 834.71
weight: 1.27273e-05
eec: 1272.73
weight: 7.51382e-05
eec: 221.818
weight: 9.91374e-06
eec: 1496.93
weight: 4.87666e-06
eec: 109.134
weight: 1.52611e-05
eec: 735.951
weight: 9.00336e-07
eec: 194.18
weight: 1.45354e-08
eec: 46.5709
weight: 3.02035e-06
eec: 78.1622
weight: 0.000621837
eec: 28.5874
weight: 6.12391e-05
eec: 1199.05
weight: 4.62554e-06
eec: 962.654
weight: 1.19868e-06
eec: 34.1952
weight: 1.5307e-05
eec: 94.4641
weight: 1.65003e-05
eec: 769.89
weight: 2.29459e-05
eec: 762.06
weight: 7.61519e-06
eec: 303.216
weight: 3.84106e-05
eec: 500.381
weight: 3.05197e-07
eec: 288.56
weight: 4.89691e-06
eec: 389.308
weight: 3.7002e-05
eec: 269.758
weight: 1.21811e-05
eec: 884.042
weight: 3.39398e-05
eec: 571.646
weight: 1.1377e-05
eec: 2482.58
weight: 7.89697e-06
eec: 1965.45
weight: 0.000512878
eec: 593.602
weight: 0.000109893
eec: 171.227
weight: 0.000185491
eec: 374.681
weight: 2.85249e-06
eec: 1129.36
weight: 8.07349e-06
eec: 264.77
weight: 0.000100679
eec: 70.0099
weight: 0.000139404
eec: 106.949
weight: 0.000176236
eec: 429.739
Processing: 60.5595 %weight: 3.75176e-05
eec: 31.1167
weight: 2.07398e-05
eec: 355.978
weight: 7.57624e-05
eec: 720.147
weight: 1.12655e-06
eec: 573.646
weight: 0.00222482
eec: 130.743
weight: 0.000402786
eec: 1509.91
weight: 1.88138e-05
eec: 1035.12
weight: 6.87542e-05
eec: 910.11
weight: 0.000167878
eec: 255.695
weight: 0.000156002
eec: 149.782
weight: 3.13168e-05
eec: 197.117
weight: 3.60619e-05
eec: 686.422
weight: 0.000111414
eec: 601.495
weight: 4.19704e-05
eec: 1298.3
weight: 0.000198441
eec: 565.469
weight: 3.32654e-05
eec: 644.56
weight: 0.00013669
eec: 358.319
weight: 8.80783e-06
eec: 909.082
weight: 8.81029e-06
eec: 580.942
weight: 1.8032e-06
eec: 515.874
weight: 0.000648955
eec: 83.2287
weight: 4.16618e-05
eec: 205.244
weight: 2.33833e-06
eec: 482.125
weight: 5.0896e-05
eec: 1814.91
weight: 1.10962e-05
eec: 676.739
weight: 9.43633e-06
eec: 1417.99
weight: 5.99043e-05
eec: 149.062
weight: 4.52862e-05
eec: 331.964
weight: 8.91642e-05
eec: 535.721
weight: 9.1282e-06
eec: 320.932
weight: 7.16146e-06
eec: 1074.05
weight: 1.03957e-05
eec: 759.279
weight: 0.000710204
eec: 506.758
weight: 1.99473e-05
eec: 267.357
weight: 3.65582e-05
eec: 126.527
weight: 1.00724e-05
eec: 219.855
weight: 6.3622e-05
eec: 1079.46
weight: 2.27231e-05
eec: 879.864
weight: 2.45175e-05
eec: 890.86
weight: 4.3566e-05
eec: 1225.31
weight: 3.3634e-05
eec: 306.507
weight: 2.06582e-05
eec: 450.302
weight: 2.70416e-06
eec: 472.09
weight: 1.25321e-05
eec: 540.013
weight: 3.65431e-05
eec: 1380.22
weight: 5.62511e-05
eec: 196.224
weight: 7.877e-06
eec: 710.633
weight: 1.34016e-05
eec: 1571.14
weight: 7.58851e-06
eec: 477.282
weight: 7.0796e-05
eec: 141.787
weight: 1.65657e-06
eec: 663.183
weight: 3.53163e-05
eec: 633.678
weight: 3.0181e-06
eec: 66.0674
weight: 6.8139e-05
eec: 425.574
weight: 2.57897e-05
eec: 641.395
weight: 1.91699e-08
eec: 956.475
weight: 1.91704e-05
eec: 436.251
weight: 4.57435e-05
eec: 1733.63
weight: 0.000172737
eec: 700.359
weight: 4.31729e-06
eec: 322.457
weight: 2.68031e-05
eec: 2723.56
weight: 2.86115e-05
eec: 531.302
weight: 6.27161e-06
eec: 240.653
weight: 4.80129e-05
eec: 1039.24
weight: 4.80129e-05
eec: 1495.21
weight: 0.000518554
eec: 154.636
weight: 2.37626e-05
eec: 166.618
weight: 0.000140033
eec: 147.617
weight: 0.000125147
eec: 335.624
weight: 4.08348e-07
eec: 607.206
weight: 2.22742e-05
eec: 307.603
weight: 9.01763e-05
eec: 25.5416
weight: 4.02651e-07
eec: 155.497
weight: 2.3165e-06
eec: 450.391
weight: 1.0263e-05
eec: 2013
weight: 0.000169194
eec: 116.082
weight: 1.64399e-05
eec: 203.888
weight: 0.000110329
eec: 352.977
weight: 2.02057e-07
eec: 1027.53
weight: 2.18802e-05
eec: 108.258
weight: 1.94642e-05
eec: 1260.36
weight: 6.7222e-05
eec: 121.053
weight: 5.90261e-05
eec: 331.548
weight: 8.00513e-08
eec: 2161.54
weight: 1.45271e-05
eec: 1850.84
weight: 9.93394e-05
eec: 97.5495
weight: 0.000716926
eec: 27.9556
weight: 7.23444e-05
eec: 410.967
weight: 3.71616e-07
eec: 1060.22
weight: 6.74136e-07
eec: 772.839

ROOT exit code = 0
