gSystem->Load("run_condor_job_Run3_C.so");
run_condor_job_Run3(211, 100, 2,
                    80, 200,
                    1, 1, 1, 2);
.q

ENTERED run_condor_job_Run3()
JOBID = 211
  global job = 211  Job 11/100  events [660000, 720000)  total=6000000
Processing events [660000, 720000) of 6000000
weight: 3.40482e-05
eec: 226.45
weight: 0.000114003
eec: 949.701
weight: 2.50906e-07
eec: 941.42
weight: 2.32784e-05
eec: 179.747
weight: 7.20031e-05
eec: 219.586
weight: 3.39358e-05
eec: 707.855
weight: 3.50278e-05
eec: 383.406
weight: 1.68614e-05
eec: 1423.48
weight: 9.37745e-08
eec: 379.996
weight: 2.13274e-05
eec: 35.95
weight: 3.67652e-05
eec: 721.05
weight: 6.89312e-06
eec: 68.1575
weight: 7.07749e-05
eec: 931.292
weight: 0.000106149
eec: 1065.93
weight: 6.72244e-06
eec: 1264.74
weight: 4.52585e-05
eec: 1139.5
weight: 0.000234302
eec: 569.418
weight: 0.000101661
eec: 348.864
weight: 3.95778e-05
eec: 869.038
weight: 6.90094e-05
eec: 467.889
weight: 0.000135573
eec: 186.25
weight: 0.000316356
eec: 276.674
weight: 3.04506e-05
eec: 958.849
weight: 7.55352e-07
eec: 341.708
weight: 0.000136211
eec: 717.483
weight: 1.41048e-06
eec: 294.06
weight: 0.000433011
eec: 217.759
weight: 4.44373e-05
eec: 980.774
weight: 1.48773e-06
eec: 56.4067
weight: 2.20331e-05
eec: 47.1715
weight: 1.73437e-05
eec: 2059.17
weight: 3.56557e-05
eec: 1334.08
weight: 0.000266098
eec: 517.932
weight: 5.19513e-05
eec: 415.78
weight: 7.33204e-05
eec: 72.5685
weight: 4.00283e-06
eec: 580.18
weight: 0.000233472
eec: 100.766
weight: 5.30271e-06
eec: 269.572
weight: 0.000354976
eec: 1118.56
weight: 8.86345e-05
eec: 1041.73
weight: 5.30546e-05
eec: 505.571
weight: 1.31909e-05
eec: 1015.14
weight: 1.31909e-05
eec: 629.029
weight: 5.81038e-05
eec: 523.669
weight: 0.00034683
eec: 430.352
weight: 4.3248e-05
eec: 776.821
weight: 5.69904e-06
eec: 321.881
weight: 6.22279e-06
eec: 1676.17
weight: 7.46031e-05
eec: 519.998
weight: 0.00139154
eec: 210.161
weight: 2.18616e-06
eec: 890.733
weight: 5.95796e-06
eec: 1846.51
weight: 6.35027e-05
eec: 779.594
weight: 0.000175601
eec: 1006.53
weight: 1.12082e-05
eec: 247.866
weight: 1.90571e-06
eec: 132.141
weight: 1.8588e-06
eec: 248.317
weight: 0.000135993
eec: 14.5516
weight: 2.37837e-06
eec: 920.846
weight: 4.14865e-05
eec: 233.712
weight: 0.000201225
eec: 228.67
weight: 0.00217046
eec: 75.5357
weight: 0.000246021
eec: 172.942
weight: 2.87195e-05
eec: 1047.26
weight: 6.8508e-05
eec: 131.241
weight: 6.65461e-06
eec: 153.93
weight: 1.7453e-05
eec: 57.7918
weight: 0.000335159
eec: 314.287
weight: 3.98908e-05
eec: 798.065
weight: 4.3968e-05
eec: 742.643
weight: 3.73986e-05
eec: 605.842
weight: 7.61925e-05
eec: 1273.52
weight: 5.34781e-05
eec: 511.375
weight: 7.8833e-06
eec: 69.5975
weight: 0.000450545
eec: 149.535
weight: 8.14703e-06
eec: 891.99
weight: 0.000164539
eec: 767.729
weight: 2.14281e-05
eec: 132.257
weight: 5.71341e-05
eec: 231.545
weight: 0.000117643
eec: 106.451
weight: 4.10819e-06
eec: 107.46
weight: 0.000131864
eec: 520.152
weight: 0.00011065
eec: 858.196
weight: 4.24439e-06
eec: 436.023
weight: 1.04882e-05
eec: 155.228
weight: 0.000357871
eec: 590.694
weight: 1.48314e-05
eec: 456.478
weight: 1.38968e-05
eec: 588.669
weight: 1.09946e-05
eec: 2508.81
weight: 0.000239967
eec: 355.807
weight: 0.000348892
eec: 87.2393
weight: 5.2064e-07
eec: 958.243
weight: 0.000557324
eec: 875.767
weight: 3.23549e-05
eec: 103.618
weight: 2.84236e-05
eec: 44.4749
weight: 9.0044e-07
eec: 188.381
weight: 6.08452e-06
eec: 480.474
weight: 1.97603e-05
eec: 2170.78
weight: 2.15255e-06
eec: 537.316
weight: 0.000255958
eec: 904.076
weight: 7.08322e-05
eec: 232.039
weight: 0.000165685
eec: 18.935
weight: 2.97264e-06
eec: 255.436
weight: 0.000210316
eec: 168.104
weight: 3.07022e-05
eec: 243.639
weight: 0.000118566
eec: 88.041
weight: 1.50559e-05
eec: 183.015
weight: 0.000525805
eec: 684.321
weight: 6.38807e-07
eec: 325.839
weight: 1.85683e-05
eec: 523.608
weight: 7.06609e-06
eec: 14.125
weight: 9.42311e-05
eec: 623.787
weight: 1.0421e-05
eec: 1236.79
weight: 6.15844e-05
eec: 552.809
weight: 6.22176e-06
eec: 244.443
weight: 3.68099e-05
eec: 80.1853
weight: 1.36223e-05
eec: 2211.21
weight: 9.41958e-06
eec: 305.132
weight: 8.40144e-06
eec: 167.248
weight: 0.000117387
eec: 428.129
weight: 1.78803e-06
eec: 645.772
weight: 0.000166304
eec: 187.663
weight: 2.50193e-05
eec: 357.622
weight: 1.12983e-05
eec: 1674.09
weight: 0.000208021
eec: 221.402
weight: 9.75564e-05
eec: 237.426
weight: 4.62923e-05
eec: 60.4377
weight: 1.05181e-05
eec: 2472.19
weight: 1.62009e-05
eec: 573.269
weight: 0.000776152
eec: 402.216
weight: 0.000469881
eec: 232.405
weight: 1.44931e-05
eec: 2690.78
weight: 3.901e-06
eec: 292.511
weight: 1.5025e-05
eec: 995.073
weight: 1.09299e-05
eec: 728.655
weight: 2.54827e-05
eec: 298.462
weight: 2.99311e-06
eec: 1680.84
weight: 5.34819e-05
eec: 624.718
weight: 1.48599e-05
eec: 406.468
weight: 6.43471e-07
eec: 228.783
weight: 1.93655e-05
eec: 1684.19
weight: 3.80625e-08
eec: 112.973
weight: 8.58518e-05
eec: 426.545
weight: 0.000432609
eec: 438.701
weight: 1.16306e-05
eec: 215.923
weight: 8.69773e-05
eec: 234.933
weight: 1.35366e-05
eec: 661.866
weight: 9.39903e-06
eec: 1102.89
weight: 4.60837e-05
eec: 273.977
Processing: 11.6667 %weight: 1.24704e-05
eec: 1066.13
weight: 2.20363e-06
eec: 1093.2
weight: 2.80314e-05
eec: 980.504
weight: 0.000181342
eec: 29.1027
weight: 5.61004e-05
eec: 511.483
weight: 9.1137e-06
eec: 145.142
weight: 1.36739e-06
eec: 201.293
weight: 1.06172e-05
eec: 56.3151
weight: 2.9138e-05
eec: 1250.7
weight: 7.28745e-05
eec: 724.118
weight: 1.02146e-05
eec: 72.7661
weight: 1.90033e-05
eec: 804.504
weight: 0.000618429
eec: 388.643
weight: 8.99457e-08
eec: 1143.95
weight: 0.000165754
eec: 150.947
weight: 0.000956786
eec: 36.33
weight: 5.5858e-05
eec: 885.834
weight: 0.000344833
eec: 1115.38
weight: 3.43555e-05
eec: 6459.43
weight: 4.94092e-05
eec: 1201.45
weight: 7.41066e-08
eec: 115.74
weight: 5.47873e-06
eec: 132.266
weight: 1.40411e-05
eec: 13.0118
weight: 3.79809e-06
eec: 1560.77
weight: 2.3306e-06
eec: 658.485
weight: 3.53187e-06
eec: 601.027
weight: 2.79257e-06
eec: 1598.06
weight: 2.89557e-06
eec: 464.146
weight: 9.24321e-05
eec: 152.929
weight: 0.000108554
eec: 31.8966
weight: 1.44952e-06
eec: 1412.24
weight: 9.69768e-07
eec: 229.313
weight: 8.48553e-05
eec: 198.983
weight: 7.46637e-05
eec: 145.542
weight: 2.25227e-08
eec: 3048.92
weight: 0.000313563
eec: 521.066
weight: 1.04497e-05
eec: 88.1982
weight: 1.47039e-06
eec: 900.782
weight: 5.84288e-05
eec: 297.328
weight: 4.06783e-05
eec: 311.221
weight: 0.00024306
eec: 1700.61
weight: 3.79995e-05
eec: 192.444
weight: 1.21813e-06
eec: 1988.65
weight: 0.000192237
eec: 220.989
weight: 0.00038423
eec: 886.327
weight: 6.3828e-06
eec: 540.647
weight: 5.47991e-06
eec: 881.233
weight: 1.77887e-05
eec: 705.425
weight: 1.88084e-05
eec: 256.724
weight: 8.64254e-05
eec: 54.9283
weight: 1.8442e-06
eec: 1625.91
weight: 4.43345e-05
eec: 689.28
weight: 8.86058e-05
eec: 174.791
weight: 1.03481e-05
eec: 815.069
weight: 0.000264932
eec: 624.687
weight: 2.51822e-05
eec: 48.8794
weight: 0.000158802
eec: 40.9745
weight: 2.55722e-07
eec: 105.351
weight: 3.64492e-05
eec: 90.5384
weight: 4.20693e-05
eec: 173.34
weight: 0.000146806
eec: 77.0951
weight: 5.02181e-05
eec: 45.1804
weight: 1.41502e-05
eec: 3343.37
weight: 8.50435e-05
eec: 201.107
weight: 5.44488e-06
eec: 1119.14
weight: 4.09522e-05
eec: 1694.22
weight: 5.17441e-05
eec: 256.83
weight: 6.7403e-05
eec: 922.613
weight: 0.00021617
eec: 307.441
weight: 4.3385e-05
eec: 2660.62
weight: 5.07582e-05
eec: 16.5969
weight: 9.86255e-06
eec: 101.498
weight: 1.27864e-05
eec: 414.893
weight: 5.97189e-06
eec: 1495.28
weight: 6.19698e-05
eec: 231.675
weight: 0.00011757
eec: 201.828
weight: 0.000191338
eec: 555.461
weight: 5.21306e-06
eec: 59.6841
weight: 0.000269988
eec: 45.1956
weight: 7.69975e-08
eec: 1005.8
weight: 0.000129606
eec: 348.474

ROOT exit code = 0
