gSystem->Load("run_condor_job_Run3_C.so");
run_condor_job_Run3(759, 100, 2,
                    80, 200,
                    1, 1, 1, 7);
.q

ENTERED run_condor_job_Run3()
JOBID = 759
  global job = 759  Job 59/100  events [3359460, 3416400)  total=5694000
Processing events [3359460, 3416400) of 5694000
weight: 4.8455e-06
eec: 544.291
weight: 5.11514e-05
eec: 679.635
weight: 1.50599e-05
eec: 231.747
weight: 1.04658e-05
eec: 819.788
weight: 1.07777e-05
eec: 379.729
weight: 0.000105312
eec: 386.609
weight: 0.000347348
eec: 67.4128
weight: 4.00344e-05
eec: 823.421
weight: 1.26968e-05
eec: 71.4036
weight: 0.000112123
eec: 458.295
weight: 8.21614e-06
eec: 980.817
weight: 8.49753e-07
eec: 194.415
weight: 0.000177393
eec: 563.761
weight: 7.79925e-05
eec: 158.241
weight: 1.30165e-06
eec: 328.565
weight: 1.89714e-05
eec: 514.572
weight: 8.92928e-05
eec: 160.67
weight: 5.50291e-06
eec: 508.997
weight: 2.9924e-05
eec: 316.37
weight: 2.09565e-06
eec: 3432.8
weight: 0.000431083
eec: 250.947
weight: 9.04275e-06
eec: 449.259
weight: 0.000501425
eec: 31.8187
weight: 0.000114384
eec: 192.054
weight: 3.25223e-05
eec: 40.8242
weight: 2.63599e-05
eec: 490.904
weight: 0.000606327
eec: 13.1803
weight: 3.90706e-06
eec: 366.701
weight: 0.000673489
eec: 787.006
weight: 1.16031e-06
eec: 349.572
weight: 1.48452e-05
eec: 1697.61
weight: 7.97167e-06
eec: 427.937
weight: 9.77106e-05
eec: 409.379
weight: 2.90641e-06
eec: 664.764
weight: 5.78662e-06
eec: 632.596
weight: 3.61475e-06
eec: 3428.96
weight: 3.74769e-05
eec: 3381.54
weight: 0.000205027
eec: 684.519
weight: 1.19131e-05
eec: 296.733
weight: 9.34544e-05
eec: 34.259
weight: 2.76343e-05
eec: 1725.26
weight: 3.66501e-05
eec: 261.61
weight: 4.58076e-06
eec: 988.98
weight: 9.25862e-05
eec: 205.92
weight: 1.82473e-05
eec: 134.833
weight: 2.24013e-05
eec: 179.08
weight: 0.00013639
eec: 259.327
weight: 9.53316e-06
eec: 1185.37
weight: 0.000754226
eec: 383.287
weight: 5.64446e-05
eec: 149.274
weight: 0.00032105
eec: 8.94669
weight: 4.43446e-06
eec: 434.709
weight: 1.46481e-05
eec: 127.383
weight: 7.95926e-06
eec: 236.285
weight: 0.000823528
eec: 905.47
weight: 0.000132797
eec: 320.833
weight: 2.14763e-05
eec: 626.456
weight: 1.14234e-06
eec: 456.243
weight: 1.68637e-05
eec: 495.256
weight: 2.45794e-06
eec: 688.505
weight: 1.17333e-05
eec: 1643.35
weight: 2.66821e-06
eec: 1733.42
weight: 9.85631e-06
eec: 1852.37
weight: 5.12801e-05
eec: 1396.64
weight: 3.82662e-05
eec: 359.356
weight: 0.000235157
eec: 472.18
weight: 6.15555e-05
eec: 820.566
weight: 7.33582e-06
eec: 1856.07
weight: 0.00014177
eec: 73.2036
weight: 5.38313e-06
eec: 971.471
weight: 2.45974e-05
eec: 1074.05
weight: 8.86041e-06
eec: 1195.98
weight: 8.25238e-06
eec: 647
weight: 1.40753e-05
eec: 113.174
weight: 7.86009e-05
eec: 326.634
weight: 1.02176e-06
eec: 662.531
weight: 6.26578e-05
eec: 1232.13
weight: 3.33919e-06
eec: 2815.65
weight: 0.000233684
eec: 298.718
weight: 4.66859e-06
eec: 77.5523
weight: 0.000366779
eec: 506.514
weight: 9.06422e-06
eec: 96.6562
weight: 1.81856e-05
eec: 45.593
weight: 0.00010366
eec: 362.769
weight: 5.33117e-05
eec: 1039.36
weight: 1.08479e-05
eec: 140.464
weight: 5.19622e-07
eec: 1161.79
weight: 8.30057e-06
eec: 180.195
weight: 2.378e-05
eec: 1420.99
weight: 0.000198545
eec: 341.105
weight: 5.13994e-06
eec: 40.8396
weight: 0.000134724
eec: 850.102
weight: 1.23299e-06
eec: 149.565
weight: 0.0007533
eec: 562.593
weight: 0.000306759
eec: 179.655
weight: 6.4519e-06
eec: 379.136
weight: 2.38376e-06
eec: 221.639
weight: 4.1064e-05
eec: 2017.01
weight: 2.23264e-05
eec: 1185.67
weight: 7.96294e-06
eec: 824.225
weight: 5.26659e-05
eec: 1383.8
weight: 0.000153258
eec: 386.131
weight: 6.54231e-05
eec: 151.31
weight: 0.000189157
eec: 302.072
weight: 4.08976e-06
eec: 343.988
weight: 6.90468e-05
eec: 313.883
weight: 3.60855e-05
eec: 813.811
weight: 7.83086e-05
eec: 415.371
weight: 7.59522e-06
eec: 39.2333
weight: 0.000331604
eec: 266.535
weight: 6.87722e-06
eec: 27.8527
weight: 0.000176154
eec: 382.451
weight: 0.000259044
eec: 370.787
weight: 1.53445e-08
eec: 965.051
weight: 0.000273706
eec: 529.837
weight: 3.25759e-05
eec: 48.9249
weight: 5.06513e-05
eec: 467.502
weight: 2.5492e-05
eec: 866.122
weight: 0.000251409
eec: 203.963
weight: 0.0001205
eec: 881.016
weight: 7.36435e-05
eec: 173.035
weight: 1.73631e-05
eec: 729.833
weight: 2.59425e-05
eec: 700.188
weight: 6.55536e-05
eec: 2459.57
weight: 8.29778e-05
eec: 900.873
weight: 1.46961e-05
eec: 641.44
weight: 3.82414e-07
eec: 656.122
weight: 1.16772e-05
eec: 194.752
weight: 7.05276e-06
eec: 290.924
weight: 3.33993e-06
eec: 958.785
weight: 4.23712e-05
eec: 100.24
weight: 9.58952e-05
eec: 1484.56
weight: 2.33312e-08
eec: 98.6861
weight: 2.17546e-06
eec: 353.51
weight: 5.49127e-06
eec: 86.7985
weight: 0.000193335
eec: 355.778
weight: 4.99696e-05
eec: 289.998
weight: 1.31994e-07
eec: 677.336
weight: 6.1472e-05
eec: 379.206
weight: 1.75132e-05
eec: 189.372
weight: 6.37639e-05
eec: 183.807
weight: 4.61329e-06
eec: 144.381
weight: 0.000125756
eec: 173.341
weight: 4.36267e-06
eec: 542.995
weight: 0.000187643
eec: 75.1637
weight: 1.05882e-06
eec: 3727.15
weight: 8.8444e-05
eec: 45.1479
weight: 0.000121308
eec: 545.837
Processing: 59.712 %weight: 3.99003e-05
eec: 861.753
weight: 3.59869e-05
eec: 499.506
weight: 1.62438e-05
eec: 1182.87
weight: 0.000335784
eec: 6.1012
weight: 6.44799e-05
eec: 964.235
weight: 2.2009e-06
eec: 486.287
weight: 1.15685e-05
eec: 1811.25
weight: 2.23366e-07
eec: 1806.31
weight: 2.63075e-05
eec: 241.079
weight: 2.65482e-06
eec: 57.4672
weight: 9.73035e-05
eec: 418.884
weight: 1.21359e-05
eec: 1392.5
weight: 2.32565e-05
eec: 136.232
weight: 5.49784e-05
eec: 92.1565
weight: 1.90769e-05
eec: 418.69
weight: 1.00769e-05
eec: 270.019
weight: 3.08669e-06
eec: 224.868
weight: 1.47419e-05
eec: 50.2104
weight: 4.97575e-05
eec: 672.712
weight: 6.63396e-06
eec: 947.128
weight: 2.57217e-05
eec: 2890.68
weight: 5.98455e-06
eec: 247.122
weight: 4.8749e-05
eec: 692.607
weight: 5.4528e-06
eec: 528.391
weight: 0.000159098
eec: 158.764
weight: 6.1501e-05
eec: 2552.42
weight: 0.000192966
eec: 73.5214
weight: 4.89759e-05
eec: 83.1425
weight: 2.68245e-06
eec: 299.554
weight: 4.97319e-06
eec: 279.384
weight: 0.00011856
eec: 390.572
weight: 2.14421e-06
eec: 447.65
weight: 0.000313749
eec: 1085.41
weight: 8.91502e-07
eec: 774.543
weight: 2.0612e-05
eec: 941.67
weight: 3.25887e-05
eec: 662.996
weight: 1.98244e-07
eec: 174.99
weight: 0.000220769
eec: 577.052
weight: 5.75326e-07
eec: 126.062
weight: 0.000278707
eec: 306.725
weight: 5.34422e-05
eec: 91.2015
weight: 4.58386e-05
eec: 323.047
weight: 1.79904e-05
eec: 224.093
weight: 4.08565e-05
eec: 1710.11
weight: 5.8624e-05
eec: 1214.98
weight: 2.96434e-06
eec: 1528.8
weight: 0.000149872
eec: 236.843
weight: 3.80299e-05
eec: 410.519
weight: 3.0103e-06
eec: 178.111
weight: 4.09735e-05
eec: 625.786
weight: 2.87328e-05
eec: 500.853
weight: 2.22927e-07
eec: 1161.56
weight: 9.8133e-06
eec: 41.8646
weight: 0.000125436
eec: 74.8608
weight: 3.72748e-05
eec: 505.353
weight: 0.00020099
eec: 812.758
weight: 8.26594e-05
eec: 114.249
weight: 5.71837e-05
eec: 386.768
weight: 1.09019e-05
eec: 1122.23

ROOT exit code = 0
