gSystem->Load("run_condor_job_Run3_C.so");
run_condor_job_Run3(221, 100, 2,
                    80, 200,
                    1, 1, 1, 2);
.q

ENTERED run_condor_job_Run3()
JOBID = 221
  global job = 221  Job 21/100  events [1260000, 1320000)  total=6000000
Processing events [1260000, 1320000) of 6000000
weight: 0.000315935
eec: 70.5479
weight: 2.04875e-05
eec: 1086.11
weight: 1.72056e-05
eec: 283.039
weight: 0.000282577
eec: 760.275
weight: 4.03821e-06
eec: 752.432
weight: 1.01452e-05
eec: 133.548
weight: 1.63105e-05
eec: 848.781
weight: 1.62985e-05
eec: 2580.65
weight: 1.96121e-05
eec: 1256.75
weight: 8.25027e-06
eec: 609.329
weight: 0.000150673
eec: 892.814
weight: 1.1638e-05
eec: 97.917
weight: 1.08024e-05
eec: 824.079
weight: 1.02972e-05
eec: 2026.59
weight: 6.88618e-06
eec: 268.724
weight: 4.14008e-06
eec: 887.412
weight: 3.42618e-05
eec: 611.569
weight: 3.75456e-05
eec: 186.059
weight: 3.87504e-05
eec: 411.616
weight: 1.28324e-05
eec: 636.13
weight: 1.02041e-07
eec: 226.184
weight: 5.0428e-06
eec: 1326.18
weight: 5.74373e-05
eec: 45.2378
weight: 6.63801e-05
eec: 1062.73
weight: 2.5187e-05
eec: 1558.94
weight: 1.88154e-05
eec: 8.87378
weight: 1.24188e-06
eec: 117.622
weight: 5.26261e-05
eec: 1276.65
weight: 0.000137762
eec: 371.904
weight: 3.48447e-06
eec: 39.251
weight: 8.26163e-05
eec: 118.85
weight: 7.84217e-06
eec: 101.572
weight: 4.64258e-05
eec: 360.536
weight: 0.000235196
eec: 123.014
weight: 0.000183138
eec: 1177.19
weight: 3.80318e-07
eec: 56.8468
weight: 1.24844e-05
eec: 519.33
weight: 3.3692e-05
eec: 566.289
weight: 4.38877e-06
eec: 1330.65
weight: 1.94663e-05
eec: 248.703
weight: 0.000641089
eec: 54.052
weight: 1.74127e-05
eec: 2183.1
weight: 4.27014e-06
eec: 515.061
weight: 1.8243e-05
eec: 540.116
weight: 8.33138e-05
eec: 465.974
weight: 9.737e-06
eec: 138.441
weight: 3.47e-05
eec: 188.342
weight: 3.25498e-05
eec: 813.686
weight: 4.55468e-06
eec: 198.322
weight: 9.81322e-06
eec: 1065.28
weight: 3.9284e-05
eec: 164.462
weight: 2.91213e-06
eec: 375.782
weight: 3.43739e-06
eec: 1164.25
weight: 6.26989e-06
eec: 484.331
weight: 5.88917e-07
eec: 312.998
weight: 2.26929e-06
eec: 487.037
weight: 0.00119511
eec: 295.259
weight: 9.39268e-06
eec: 134.967
weight: 0.000183492
eec: 684.534
weight: 0.000179106
eec: 112.802
weight: 7.33704e-06
eec: 484.504
weight: 0.00014324
eec: 247.886
weight: 0.000308755
eec: 266.466
weight: 0.000160925
eec: 1250.01
weight: 9.50606e-05
eec: 196.23
weight: 5.80365e-06
eec: 2604.35
weight: 9.32238e-05
eec: 88.9833
weight: 3.07095e-05
eec: 267.323
weight: 2.16762e-05
eec: 266.93
weight: 2.03331e-05
eec: 79.0063
weight: 0.000221413
eec: 315.588
weight: 0.000458163
eec: 146.181
weight: 0.000104092
eec: 299.119
weight: 1.23574e-05
eec: 2333.67
weight: 1.30151e-05
eec: 718.206
weight: 1.04976e-05
eec: 284.239
weight: 5.31097e-05
eec: 707.22
weight: 1.5202e-05
eec: 751.652
weight: 2.60484e-05
eec: 756.253
weight: 6.9966e-06
eec: 940.371
weight: 3.87082e-05
eec: 620.696
weight: 0.000171068
eec: 825.541
weight: 1.82082e-06
eec: 2136.13
weight: 0.000169152
eec: 132.128
weight: 5.04431e-05
eec: 380.427
weight: 0.000163845
eec: 191.295
weight: 4.25332e-05
eec: 342.689
weight: 2.90088e-06
eec: 718.217
weight: 2.91917e-06
eec: 251.731
weight: 0.00021878
eec: 64.8299
weight: 1.71338e-05
eec: 1837.53
weight: 2.15947e-05
eec: 16.5419
weight: 9.79367e-07
eec: 532.877
weight: 5.46699e-05
eec: 1465.7
weight: 5.4618e-06
eec: 2732.47
weight: 4.49407e-05
eec: 1025.51
weight: 3.10414e-05
eec: 987.931
weight: 8.90839e-06
eec: 1074.21
weight: 3.36375e-05
eec: 376.278
weight: 2.97401e-05
eec: 1374.91
weight: 2.44526e-05
eec: 1030.33
weight: 4.57705e-05
eec: 3226.9
weight: 6.06763e-07
eec: 806.408
weight: 1.35611e-05
eec: 934.095
weight: 4.03846e-06
eec: 938.933
weight: 0.000205071
eec: 536.314
weight: 0.000219036
eec: 422.649
weight: 2.73643e-08
eec: 2151.36
weight: 5.16884e-05
eec: 141.128
weight: 6.18066e-05
eec: 370.284
weight: 3.86989e-05
eec: 723.788
weight: 4.93719e-06
eec: 576.508
weight: 0.000373691
eec: 750
weight: 3.14179e-05
eec: 182.305
weight: 0.000136684
eec: 365.696
weight: 2.91736e-06
eec: 1177.25
weight: 2.65246e-06
eec: 82.8761
weight: 2.61417e-06
eec: 564.881
weight: 1.68656e-06
eec: 692.669
weight: 3.96239e-05
eec: 572.42
weight: 2.32202e-05
eec: 379.445
weight: 3.05897e-06
eec: 8.28371
weight: 0.000132772
eec: 110.037
weight: 6.51004e-05
eec: 652.687
weight: 1.79101e-06
eec: 360.357
weight: 0.000107436
eec: 344.081
weight: 1.7401e-07
eec: 534.105
weight: 8.77246e-06
eec: 42.6606
weight: 2.81756e-05
eec: 1682.89
weight: 7.91405e-06
eec: 1225.9
weight: 2.2675e-05
eec: 239.697
weight: 4.31064e-06
eec: 483.188
weight: 0.000136216
eec: 30.2756
weight: 0.000368918
eec: 96.8415
weight: 3.64709e-05
eec: 580.757
weight: 9.10459e-06
eec: 1333.75
weight: 2.2811e-05
eec: 88.7817
weight: 0.000161437
eec: 372.561
weight: 0.000588819
eec: 351.587
weight: 1.05534e-05
eec: 334.017
weight: 2.09802e-05
eec: 58.4164
weight: 4.53095e-06
eec: 407.16
weight: 2.14815e-05
eec: 85.6099
weight: 5.10767e-08
eec: 179.237
weight: 2.0247e-05
eec: 335.277
weight: 0.000382674
eec: 70.1763
weight: 6.72949e-05
eec: 27.9849
weight: 0.000259017
eec: 639.787
weight: 3.00849e-05
eec: 907.046
weight: 2.06339e-06
eec: 1430.42
weight: 4.49145e-06
eec: 1695.31
weight: 4.49145e-06
eec: 1129.38
weight: 1.60874e-05
eec: 182.899
weight: 2.88342e-06
eec: 1749.35
weight: 0.000126179
eec: 662.678
weight: 2.28001e-05
eec: 639.151
weight: 4.43045e-06
eec: 1218.81
weight: 4.34519e-05
eec: 486.534
weight: 0.000372738
eec: 356.916
Processing: 21.6667 %weight: 6.22648e-06
eec: 75.7379
weight: 1.82695e-05
eec: 337.476
weight: 0.000177976
eec: 87.8439
weight: 1.46874e-05
eec: 202.215
weight: 2.11867e-05
eec: 675.49
weight: 7.69672e-06
eec: 500.623
weight: 1.2842e-05
eec: 161.35
weight: 4.26647e-05
eec: 1748.25
weight: 0.000461113
eec: 1054.48
weight: 3.5955e-05
eec: 686.071
weight: 0.000207751
eec: 490.25
weight: 3.50195e-05
eec: 953.349
weight: 0.000174214
eec: 1061.16
weight: 7.84455e-06
eec: 2178.69
weight: 9.87142e-06
eec: 234.775
weight: 1.64102e-05
eec: 139.432
weight: 0.000606914
eec: 396.892
weight: 1.19209e-05
eec: 2409.96
weight: 7.78001e-05
eec: 64.7979
weight: 1.16189e-06
eec: 384.743
weight: 1.16189e-06
eec: 1241.08
weight: 0.000410692
eec: 303.834
weight: 2.63338e-06
eec: 164.829
weight: 4.84763e-07
eec: 191.166
weight: 1.13709e-05
eec: 637.122
weight: 4.53127e-05
eec: 1267.09
weight: 4.00224e-05
eec: 196.948
weight: 0.000385303
eec: 62.4998
weight: 0.000105069
eec: 167.681
weight: 3.5548e-05
eec: 591.953
weight: 7.69269e-06
eec: 2817.17
weight: 3.24163e-05
eec: 1605.09
weight: 2.71121e-05
eec: 100.216
weight: 3.04977e-06
eec: 247.36
weight: 5.29757e-06
eec: 81.4152
weight: 6.61678e-05
eec: 311.707
weight: 3.50414e-05
eec: 290.546
weight: 2.62403e-06
eec: 46.3302
weight: 9.10665e-06
eec: 325.208
weight: 3.41972e-05
eec: 38.3134
weight: 3.85235e-05
eec: 1026.61
weight: 2.2624e-05
eec: 975.49
weight: 0.000138271
eec: 920.815
weight: 0.000209844
eec: 607.695
weight: 8.30645e-07
eec: 184.166
weight: 2.61718e-05
eec: 48.8945
weight: 2.66952e-06
eec: 1584.62
weight: 3.38074e-06
eec: 496.759
weight: 5.06969e-05
eec: 730.516
weight: 6.29857e-05
eec: 159.329
weight: 0.00016812
eec: 99.6183
weight: 0.000128257
eec: 291.009
weight: 1.03409e-05
eec: 395.709
weight: 1.50658e-05
eec: 2052.24
weight: 2.68007e-05
eec: 806.793
weight: 0.000189395
eec: 615.674
weight: 2.43903e-06
eec: 166.14
weight: 2.15528e-05
eec: 637.882
weight: 2.59993e-06
eec: 3534.75
weight: 4.46412e-05
eec: 398.836
weight: 0.00055155
eec: 944.951
weight: 5.8773e-05
eec: 48.1626
weight: 0.00016819
eec: 63.1254
weight: 0.000195318
eec: 45.9867
weight: 0.000203834
eec: 321.054
weight: 8.57257e-06
eec: 1384.04
weight: 2.56541e-05
eec: 342.625
weight: 5.36659e-06
eec: 1960.66
weight: 7.48103e-05
eec: 482.132
weight: 1.88e-05
eec: 570.184
weight: 7.82103e-06
eec: 160.067
weight: 5.98904e-06
eec: 497.857
weight: 7.3169e-05
eec: 63.8892
weight: 4.42631e-06
eec: 384.277
weight: 2.16868e-05
eec: 653.236
weight: 0.000100452
eec: 100.318
weight: 0.000292039
eec: 1151.43
weight: 3.6974e-06
eec: 103.389
weight: 1.46061e-05
eec: 489.352
weight: 7.14123e-05
eec: 245.04
weight: 1.10561e-06
eec: 872.703
weight: 6.62722e-05
eec: 337.295
weight: 1.31179e-05
eec: 792.142
weight: 3.12324e-06
eec: 467.951
weight: 0.000162383
eec: 1064.04
weight: 4.41863e-06
eec: 560.958
weight: 0.0001615
eec: 980.363
weight: 9.9384e-05
eec: 293.303
weight: 0.000138399
eec: 42.8421
weight: 6.59688e-05
eec: 114.572
weight: 5.62623e-05
eec: 1712.9
weight: 0.000343184
eec: 704.454
weight: 0.000393746
eec: 358.042
weight: 6.1908e-05
eec: 367
weight: 4.02799e-05
eec: 149.524
weight: 0.000159044
eec: 73.4679
weight: 2.65039e-05
eec: 254.498
weight: 2.65039e-05
eec: 360.96

ROOT exit code = 0
