gSystem->Load("run_condor_job_Run3_C.so");
run_condor_job_Run3(477, 100, 2,
                    80, 200,
                    1, 1, 1, 4);
.q

ENTERED run_condor_job_Run3()
JOBID = 477
  global job = 477  Job 77/100  events [4541460, 4600440)  total=5898000
Processing events [4541460, 4600440) of 5898000
weight: 8.03353e-05
eec: 102.314
weight: 2.73819e-07
eec: 829.233
weight: 2.97045e-05
eec: 2197.48
weight: 3.10229e-05
eec: 150.06
weight: 0.00026141
eec: 275.526
weight: 5.01138e-06
eec: 253.671
weight: 6.07353e-06
eec: 257.069
weight: 2.4595e-05
eec: 370.854
weight: 1.31289e-05
eec: 787.541
weight: 0.000590526
eec: 1055.49
weight: 1.65534e-05
eec: 1742.79
weight: 0.000140352
eec: 314.79
weight: 0.000303414
eec: 1033.38
weight: 3.20811e-05
eec: 100.738
weight: 7.09622e-05
eec: 237.85
weight: 2.08237e-05
eec: 459.651
weight: 1.39941e-05
eec: 4200.03
weight: 6.4954e-05
eec: 464.128
weight: 1.70789e-05
eec: 330.177
weight: 2.14692e-05
eec: 424.389
weight: 8.77048e-05
eec: 172.506
weight: 0.000151337
eec: 195.491
weight: 1.60189e-05
eec: 301.213
weight: 0.000132727
eec: 135.203
weight: 3.22331e-05
eec: 1561.28
weight: 5.30783e-05
eec: 227.279
weight: 1.35205e-05
eec: 616.087
weight: 8.47748e-06
eec: 366.202
weight: 1.57044e-05
eec: 74.5597
weight: 0.000648476
eec: 327.472
weight: 1.46794e-06
eec: 42.6039
weight: 3.89809e-06
eec: 1016
weight: 2.3195e-05
eec: 732.341
weight: 1.21365e-05
eec: 483.531
weight: 0.000232287
eec: 218.785
weight: 4.44262e-06
eec: 349.649
Processing: 77.1448 %weight: 2.97326e-05
eec: 170.092
weight: 4.72764e-06
eec: 304.89
weight: 2.57302e-05
eec: 492.655
weight: 5.82959e-05
eec: 2197.29
weight: 4.00265e-05
eec: 856.178
weight: 3.1218e-05
eec: 1306.86
weight: 3.1218e-05
eec: 1003.04
weight: 4.64965e-06
eec: 1260.55
weight: 8.65663e-06
eec: 670.801
weight: 0.0006213
eec: 708.881
weight: 0.00011167
eec: 295.938
weight: 3.57434e-05
eec: 2592.87
weight: 6.96311e-05
eec: 423.658
weight: 0.000110932
eec: 727.39
weight: 1.58305e-05
eec: 460.905
weight: 0.000131795
eec: 221.302
weight: 0.000372092
eec: 369.414
weight: 0.000102629
eec: 65.6721
weight: 1.71972e-05
eec: 399.943
weight: 1.99948e-05
eec: 31.144
weight: 5.03002e-05
eec: 647.778
weight: 2.69981e-05
eec: 55.8521
weight: 4.64266e-06
eec: 352.839
weight: 5.15597e-05
eec: 284.173
weight: 3.39311e-06
eec: 311.544
weight: 3.32747e-05
eec: 995.509
weight: 1.13507e-07
eec: 874.351
weight: 7.27028e-06
eec: 388.221
weight: 2.2766e-05
eec: 1444.87
weight: 0.000304177
eec: 159.862
weight: 4.62904e-08
eec: 527.928
weight: 9.67125e-05
eec: 270.385
weight: 8.30216e-06
eec: 638.889
weight: 0.000260124
eec: 12.588
weight: 2.93832e-05
eec: 86.2004
weight: 2.37594e-06
eec: 762.504
weight: 5.76735e-06
eec: 256.614
weight: 2.34177e-06
eec: 1266.33
weight: 7.32614e-06
eec: 2903.02
weight: 5.5279e-05
eec: 107.885
weight: 0.000300353
eec: 566.666
weight: 0.000236787
eec: 244.872
weight: 3.26596e-05
eec: 487.864
weight: 3.88516e-07
eec: 483.629
weight: 2.30738e-06
eec: 116.532
weight: 8.13739e-05
eec: 611.554
weight: 2.06275e-05
eec: 118.246
weight: 2.93508e-07
eec: 527.342
weight: 4.93888e-06
eec: 161.457
weight: 6.28623e-05
eec: 177.237
weight: 0.000125334
eec: 1039.23
weight: 3.3012e-05
eec: 286.52
weight: 1.64791e-05
eec: 1508.25
weight: 3.07407e-05
eec: 232.228
weight: 0.000203946
eec: 250.956
weight: 2.32354e-06
eec: 907.391
weight: 0.000192573
eec: 668.095
weight: 5.33734e-05
eec: 169.036
weight: 7.83099e-06
eec: 519.534
weight: 1.49375e-05
eec: 1065.47
weight: 1.69048e-06
eec: 909.843
weight: 6.08238e-05
eec: 756.287
weight: 1.50894e-05
eec: 1804.05
weight: 2.94123e-05
eec: 363.947
weight: 3.75547e-05
eec: 360.867
weight: 2.08286e-05
eec: 108.908
weight: 1.22338e-05
eec: 4598.13
weight: 3.8785e-06
eec: 1080.53
weight: 4.5039e-05
eec: 639.547
weight: 1.45631e-06
eec: 15.2305
weight: 7.59661e-07
eec: 1090.34
weight: 0.000108876
eec: 738.722
weight: 7.8753e-06
eec: 3441.67
weight: 9.10636e-05
eec: 95.3855
weight: 3.75078e-05
eec: 554.288
weight: 4.66544e-06
eec: 89.6162
weight: 2.7756e-05
eec: 251.676
weight: 2.16546e-06
eec: 37.4847
weight: 2.59721e-06
eec: 488.326
weight: 1.23909e-05
eec: 491.713
weight: 2.90666e-05
eec: 3917.4
weight: 1.0834e-05
eec: 621.279
weight: 3.21014e-06
eec: 79.8123
weight: 5.44792e-06
eec: 292.943
weight: 7.00311e-06
eec: 899.267
weight: 0.000127647
eec: 497.634
weight: 6.46356e-06
eec: 334.499
weight: 8.34232e-05
eec: 788.88
weight: 0.000103159
eec: 1472.53
weight: 2.17666e-05
eec: 260.292
weight: 3.20124e-06
eec: 204.952
weight: 1.75242e-06
eec: 1746.44
weight: 6.98482e-06
eec: 1424.76
weight: 7.90635e-06
eec: 359.319
weight: 6.63929e-06
eec: 1320.41
weight: 1.75269e-05
eec: 1702.91
weight: 2.59626e-05
eec: 730.74
weight: 1.30669e-05
eec: 148.718
weight: 0.000614332
eec: 33.8373
weight: 2.07612e-05
eec: 1102.18
weight: 0.000286231
eec: 88.7575
weight: 1.00912e-07
eec: 1979.1
weight: 6.62954e-06
eec: 294.003
weight: 0.000279823
eec: 303.536
weight: 0.000190672
eec: 194.062
weight: 7.76196e-06
eec: 754.771
weight: 6.55037e-05
eec: 1268.12
weight: 3.09717e-06
eec: 367.593
weight: 0.000153722
eec: 360.9
weight: 4.04871e-05
eec: 1544.89
weight: 4.53418e-06
eec: 84.8835
weight: 8.92279e-06
eec: 286.057
weight: 4.84764e-05
eec: 1591.07
weight: 4.83408e-07
eec: 257.498
weight: 7.60736e-07
eec: 790.447
weight: 1.30999e-05
eec: 27.8223
weight: 0.000139161
eec: 549.083
weight: 0.000186035
eec: 1078.9
weight: 0.000242034
eec: 389.249
weight: 4.65399e-05
eec: 725.273
weight: 2.14563e-05
eec: 89.6318
weight: 5.18488e-06
eec: 262.195
weight: 3.49081e-05
eec: 1189.52
weight: 3.51955e-05
eec: 1761.43
weight: 3.51955e-05
eec: 85.8733
weight: 5.12415e-05
eec: 69.501
weight: 8.5451e-05
eec: 481.036
weight: 0.000339442
eec: 169.795
weight: 0.000183836
eec: 203.547
weight: 3.0358e-06
eec: 457.517
weight: 0.000260082
eec: 172.853
weight: 9.28098e-06
eec: 239.265
weight: 3.12128e-05
eec: 571.095
weight: 4.79375e-05
eec: 65.0854
weight: 7.06192e-06
eec: 395.823
weight: 2.0957e-06
eec: 179.727
weight: 0.000195504
eec: 1339.49
weight: 6.74249e-05
eec: 118.931
weight: 0.000164274
eec: 692.302
weight: 1.56642e-05
eec: 272.509
weight: 1.31514e-05
eec: 47.2374
weight: 1.86666e-05
eec: 809.622
weight: 9.70802e-05
eec: 94.4745
weight: 3.20042e-05
eec: 90.8286
weight: 6.75401e-06
eec: 1776.15
weight: 9.40692e-05
eec: 49.5992
weight: 1.9269e-05
eec: 177.68
weight: 0.0004623
eec: 500.614
weight: 0.000105034
eec: 445.218
weight: 0.000112795
eec: 23.7652
weight: 7.32037e-05
eec: 45.1247
weight: 1.31495e-05
eec: 626.954
weight: 9.8882e-06
eec: 951.683
weight: 2.31078e-05
eec: 1020.79
weight: 5.71543e-05
eec: 884.633
weight: 0.000739675
eec: 790.227
weight: 5.86462e-05
eec: 399.938
weight: 6.14941e-05
eec: 288.772
weight: 1.86221e-05
eec: 103.119
weight: 7.60532e-05
eec: 21.8733
weight: 6.60005e-05
eec: 5.23025
weight: 9.2797e-05
eec: 652.494
weight: 2.08511e-05
eec: 417.512
weight: 8.55973e-06
eec: 1900.27
weight: 2.55906e-05
eec: 1092.64
weight: 7.87617e-05
eec: 88.1598
weight: 1.87507e-06
eec: 3228.12
weight: 0.000594732
eec: 258.892
weight: 6.8428e-06
eec: 271.646
weight: 0.000100481
eec: 160.971
weight: 0.000121297
eec: 87.9124
weight: 2.92279e-05
eec: 2362.83
weight: 0.000139258
eec: 1403.77
weight: 3.82998e-05
eec: 904.721
weight: 3.48971e-06
eec: 405.012
weight: 0.000100123
eec: 149.103
weight: 0.000272097
eec: 243.186
weight: 1.34186e-05
eec: 39.3834
weight: 0.000107332
eec: 739.957
weight: 8.47572e-05
eec: 203.369
weight: 0.00032572
eec: 400.595
weight: 2.70277e-06
eec: 6098.32
weight: 1.22207e-05
eec: 477.922
weight: 1.03082e-05
eec: 1401.83
weight: 4.5821e-06
eec: 1167.07
weight: 0.000631473
eec: 77.7018
weight: 0.000266275
eec: 379.965
weight: 2.21065e-05
eec: 1254.77
Processing: 77.9925 %weight: 1.6291e-05
eec: 208.405
weight: 2.62763e-05
eec: 416.375

ROOT exit code = 0
