gSystem->Load("run_condor_job_Run3_C.so");
run_condor_job_Run3(128, 100, 2,
                    80, 200,
                    1, 1, 1, 1);
.q

ENTERED run_condor_job_Run3()
JOBID = 128
  global job = 128  Job 28/100  events [1641360, 1699980)  total=5862000
Processing events [1641360, 1699980) of 5862000
weight: 1.17813e-06
eec: 538.225
weight: 0.000386667
eec: 382.336
weight: 7.8318e-05
eec: 139.049
weight: 7.01415e-05
eec: 1995.55
weight: 7.74714e-05
eec: 1147.64
weight: 1.75274e-06
eec: 1062.91
weight: 2.05311e-05
eec: 1858.75
weight: 2.89251e-05
eec: 329.817
weight: 0.000402822
eec: 230.657
weight: 1.2431e-05
eec: 590.956
weight: 0.000391943
eec: 379.679
weight: 5.10592e-05
eec: 203.619
weight: 4.31349e-05
eec: 11.2985
weight: 2.06869e-06
eec: 185.312
weight: 5.45687e-07
eec: 1511.14
weight: 3.85302e-05
eec: 52.6106
weight: 5.14697e-05
eec: 781.998
weight: 6.87174e-05
eec: 366.368
weight: 8.04371e-06
eec: 905.086
weight: 1.24009e-07
eec: 1542.36
weight: 4.31086e-06
eec: 723.568
weight: 2.29582e-05
eec: 763.49
weight: 6.70028e-06
eec: 391.3
weight: 5.82922e-05
eec: 501.799
weight: 7.51602e-06
eec: 92.0012
weight: 5.98668e-07
eec: 166.52
weight: 1.35805e-05
eec: 38.1227
weight: 1.6548e-05
eec: 583.051
weight: 2.41977e-07
eec: 18.0144
Processing: 28.1474 %weight: 7.30567e-05
eec: 277.219
weight: 0.000377429
eec: 184.517
weight: 2.01287e-05
eec: 1369.95
weight: 9.54492e-06
eec: 2429.52
weight: 0.000215569
eec: 249.243
weight: 6.62019e-07
eec: 960.098
weight: 3.0631e-05
eec: 292.342
weight: 3.84668e-05
eec: 740.225
weight: 1.03698e-05
eec: 181.157
weight: 1.9313e-05
eec: 122.867
weight: 4.20039e-06
eec: 368.715
weight: 4.94974e-06
eec: 455.212
weight: 6.16174e-05
eec: 1369.88
weight: 9.18171e-06
eec: 2281.83
weight: 0.00112264
eec: 227.484
weight: 5.41567e-06
eec: 511.805
weight: 3.56776e-05
eec: 377.322
weight: 3.20205e-05
eec: 313.094
weight: 1.17429e-07
eec: 516.592
weight: 0.000124801
eec: 686.094
weight: 3.21548e-05
eec: 535.782
weight: 1.54538e-05
eec: 375.145
weight: 7.76937e-05
eec: 48.225
weight: 0.000125656
eec: 27.7376
weight: 0.00011994
eec: 35.3477
weight: 4.78118e-05
eec: 22.8168
weight: 0.000230206
eec: 346.922
weight: 4.32036e-06
eec: 545.381
weight: 2.01553e-05
eec: 295.563
weight: 3.89432e-06
eec: 94.3347
weight: 1.48117e-05
eec: 29.7693
weight: 2.65456e-05
eec: 565.165
weight: 2.34727e-05
eec: 796.711
weight: 4.64786e-05
eec: 60.144
weight: 4.16191e-06
eec: 266.917
weight: 4.79087e-05
eec: 236.153
weight: 4.36739e-07
eec: 2050.49
weight: 5.34857e-05
eec: 52.3164
weight: 6.31994e-05
eec: 106.756
weight: 1.65262e-06
eec: 702.127
weight: 8.36317e-06
eec: 1430.24
weight: 0.000103433
eec: 14.8345
weight: 3.11386e-05
eec: 786.627
weight: 0.000852882
eec: 828.586
weight: 0.000224293
eec: 732.319
weight: 0.000226913
eec: 181.204
weight: 5.21685e-06
eec: 2273.36
weight: 5.87121e-06
eec: 838.079
weight: 6.83216e-06
eec: 1475.4
weight: 0.000130701
eec: 546.715
weight: 0.000195954
eec: 250.275
weight: 0.00184033
eec: 74.8029
weight: 9.18396e-06
eec: 954.636
weight: 6.09975e-05
eec: 318.485
weight: 5.08444e-05
eec: 379.906
weight: 7.50446e-05
eec: 1133.75
weight: 0.000280565
eec: 254.47
weight: 0.000177035
eec: 290.961
weight: 3.22845e-07
eec: 149.793
weight: 4.73854e-05
eec: 179.379
weight: 0.000204065
eec: 180.655
weight: 0.000204065
eec: 149.527
weight: 0.000205497
eec: 141.741
weight: 0.000121188
eec: 784.784
weight: 1.2285e-07
eec: 342.455
weight: 3.64349e-05
eec: 238.634
weight: 3.33021e-07
eec: 729.466
weight: 1.62288e-05
eec: 500.443
weight: 1.41622e-05
eec: 65.7681
weight: 7.86752e-05
eec: 478.263
weight: 8.29361e-05
eec: 245.063
weight: 0.000235985
eec: 30.8591
weight: 9.54238e-06
eec: 455.102
weight: 8.35313e-07
eec: 287.194
weight: 1.44602e-05
eec: 773.323
weight: 6.10375e-05
eec: 325.762
weight: 0.000484273
eec: 366.675
weight: 7.01554e-06
eec: 1054.68
weight: 1.29895e-06
eec: 2081.49
weight: 8.22393e-06
eec: 372.52
weight: 9.96584e-06
eec: 1248.05
weight: 8.78307e-05
eec: 647.55
weight: 0.000156521
eec: 279.042
weight: 2.48955e-05
eec: 1116.45
weight: 5.9551e-05
eec: 1079.34
weight: 2.21698e-05
eec: 504.885
weight: 9.24566e-05
eec: 84.0683
weight: 0.00021228
eec: 245.08
weight: 9.95713e-06
eec: 271.546
weight: 4.78095e-07
eec: 240.414
weight: 8.49343e-06
eec: 104.082
weight: 0.000127769
eec: 2004.42
weight: 1.99465e-05
eec: 550.482
weight: 1.71775e-05
eec: 301.181
weight: 2.07127e-05
eec: 2344.28
weight: 1.29301e-07
eec: 2745.2
weight: 2.54373e-05
eec: 1095.28
weight: 5.49409e-06
eec: 117.511
weight: 4.33771e-05
eec: 705.498
weight: 9.19208e-05
eec: 585.188
weight: 6.17971e-05
eec: 590.05
weight: 4.15143e-06
eec: 679.8
weight: 0.000199851
eec: 62.5659
weight: 0.000663606
eec: 319.523
weight: 8.96316e-06
eec: 143.628
weight: 7.66657e-07
eec: 275.873
weight: 3.42825e-05
eec: 1044.07
weight: 4.02877e-05
eec: 178.229
weight: 0.000105124
eec: 306.924
weight: 2.35451e-05
eec: 188.248
weight: 6.54013e-06
eec: 132.964
weight: 0.000118895
eec: 122.755
weight: 4.49004e-06
eec: 416.416
weight: 9.62614e-07
eec: 1134.68
weight: 3.15701e-05
eec: 328.449
weight: 7.17021e-06
eec: 398.1
weight: 0.000208464
eec: 964.613
weight: 3.24044e-05
eec: 1893.82
weight: 0.000145766
eec: 66.8575
weight: 0.000200379
eec: 500.173
weight: 4.43378e-06
eec: 456.811
weight: 1.52714e-05
eec: 251.648
weight: 3.81173e-05
eec: 908.468
weight: 6.42322e-06
eec: 1121.64
weight: 3.55577e-08
eec: 1307.32
weight: 2.20737e-06
eec: 1843.93
weight: 6.70766e-06
eec: 819.227
weight: 6.56025e-05
eec: 225.731
weight: 2.06027e-06
eec: 718.674
weight: 5.96056e-06
eec: 1545.93
weight: 2.39146e-06
eec: 410.427
weight: 6.09474e-05
eec: 352.659
weight: 5.91176e-05
eec: 101.011
weight: 7.19974e-08
eec: 275.164
weight: 7.26878e-06
eec: 397.883
weight: 0.00119365
eec: 116.57
weight: 0.0036821
eec: 21.3425
weight: 3.8839e-06
eec: 364.781
weight: 7.14057e-05
eec: 1258.11
weight: 2.80896e-06
eec: 502.966
weight: 3.32363e-05
eec: 173.175
weight: 0.000212197
eec: 45.8929
weight: 5.10033e-05
eec: 353.603
weight: 6.87262e-06
eec: 100.141
weight: 1.72048e-05
eec: 666.567
weight: 8.48333e-06
eec: 291.86
weight: 0.000360767
eec: 522.667
weight: 5.6809e-06
eec: 1037.99
weight: 9.86359e-06
eec: 1023.79
weight: 6.78615e-08
eec: 147.312
weight: 4.91633e-05
eec: 2049.42
weight: 1.4861e-05
eec: 308.178
weight: 5.92537e-05
eec: 497.645
weight: 0.000198122
eec: 137.683
weight: 1.47363e-06
eec: 1009.44
weight: 1.34132e-05
eec: 381.747
weight: 2.10163e-05
eec: 26.9745
weight: 4.3742e-05
eec: 1185.5
weight: 4.64524e-05
eec: 53.9917
weight: 0.000216614
eec: 79.3111
weight: 0.000125374
eec: 56.5365
weight: 0.00117238
eec: 170.046
weight: 6.92915e-05
eec: 653.529
weight: 3.52699e-05
eec: 387.049
weight: 2.8677e-05
eec: 1272.11
weight: 0.000190475
eec: 772.988
weight: 4.19681e-05
eec: 199.99
weight: 9.20921e-05
eec: 97.9297
weight: 1.33957e-05
eec: 1671.7
weight: 0.000244904
eec: 231.964
weight: 4.95423e-05
eec: 174.474
weight: 0.000194795
eec: 10.4757
weight: 4.26352e-06
eec: 2036.22
weight: 1.7169e-06
eec: 487.498
weight: 2.51547e-06
eec: 105.99
weight: 7.73953e-06
eec: 291.596
weight: 6.47091e-06
eec: 1783.44
weight: 0.00010109
eec: 73.8067
weight: 7.61096e-07
eec: 513.094
weight: 0.000111566
eec: 1324.41
weight: 4.84495e-05
eec: 205.387
weight: 3.17752e-05
eec: 935.141
weight: 9.11971e-08
eec: 71.5949
weight: 4.82982e-05
eec: 190.323
weight: 3.81896e-05
eec: 550.533
weight: 1.99927e-05
eec: 679.686
weight: 1.4689e-05
eec: 409.294
weight: 4.48321e-05
eec: 639.073
weight: 8.4767e-06
eec: 221.424
weight: 9.82508e-06
eec: 1718.55
weight: 6.91088e-06
eec: 873.705
weight: 8.86355e-06
eec: 1057.01
weight: 5.48836e-06
eec: 1413.93
weight: 2.27882e-05
eec: 186.797
weight: 2.93658e-05
eec: 694.998
weight: 8.53568e-05
eec: 83.5227
weight: 9.19047e-06
eec: 326.289
weight: 4.77603e-05
eec: 857.002
weight: 0.000128842
eec: 283.393
weight: 0.000164875
eec: 212.687

ROOT exit code = 0
