gSystem->Load("run_condor_job_Run3_C.so");
run_condor_job_Run3(323, 100, 2,
                    80, 200,
                    1, 1, 1, 3);
.q

ENTERED run_condor_job_Run3()
JOBID = 323
  global job = 323  Job 23/100  events [1380000, 1440000)  total=6000000
Processing events [1380000, 1440000) of 6000000
weight: 5.53343e-05
eec: 24.833
weight: 5.63483e-07
eec: 750.315
weight: 3.07406e-05
eec: 128.988
weight: 2.48005e-05
eec: 135.654
weight: 5.4979e-06
eec: 815.649
weight: 8.00564e-05
eec: 28.0584
weight: 0.000776389
eec: 87.776
weight: 0.000188788
eec: 112.838
weight: 0.000287485
eec: 183.195
weight: 0.000519549
eec: 385.569
weight: 0.000241545
eec: 31.9771
weight: 0.000189429
eec: 81.1921
weight: 0.000100828
eec: 125.71
weight: 4.8338e-05
eec: 80.6866
weight: 0.000258946
eec: 388.046
weight: 0.000358221
eec: 1259.46
weight: 0.000463301
eec: 19.5332
weight: 7.41869e-06
eec: 379.858
weight: 4.58509e-05
eec: 1053.93
weight: 7.08308e-06
eec: 2095.15
weight: 4.66819e-07
eec: 610.081
weight: 3.68655e-06
eec: 486.576
weight: 1.78533e-05
eec: 37.1763
weight: 5.27319e-07
eec: 81.5977
weight: 0.000420096
eec: 50.5774
weight: 1.75951e-05
eec: 294.534
weight: 5.51267e-08
eec: 45.3166
weight: 1.89438e-05
eec: 302.141
weight: 6.4469e-05
eec: 476.93
weight: 2.33975e-05
eec: 106.353
weight: 1.69781e-05
eec: 618.494
weight: 5.40716e-05
eec: 558.848
weight: 0.000298529
eec: 59.7959
weight: 6.44422e-06
eec: 408.29
weight: 8.98778e-06
eec: 743.678
weight: 1.12123e-05
eec: 478.788
weight: 2.78899e-05
eec: 70.339
weight: 1.06741e-05
eec: 2230.88
weight: 4.00291e-06
eec: 983.853
weight: 0.000199832
eec: 235.059
weight: 6.01794e-05
eec: 86.0737
weight: 5.1417e-05
eec: 65.2966
weight: 7.50957e-06
eec: 335.144
weight: 4.3546e-05
eec: 129.099
weight: 5.92572e-05
eec: 105.261
weight: 5.61334e-06
eec: 2208.29
weight: 1.80448e-05
eec: 2416.5
weight: 3.25348e-05
eec: 47.7531
weight: 0.0001536
eec: 649.524
weight: 1.14589e-05
eec: 642.907
weight: 3.43489e-06
eec: 417.167
weight: 1.3481e-05
eec: 2503.36
weight: 3.33277e-05
eec: 45.495
weight: 3.54448e-06
eec: 1291.95
weight: 2.40423e-05
eec: 286.951
weight: 3.76147e-05
eec: 1157.96
weight: 7.83404e-05
eec: 1272.6
weight: 2.07067e-06
eec: 2069.5
weight: 2.84078e-05
eec: 1211.59
weight: 1.10966e-05
eec: 430.984
weight: 4.48542e-05
eec: 64.0429
weight: 2.69209e-07
eec: 709.583
weight: 0.000713284
eec: 1214.24
weight: 6.70104e-06
eec: 147.499
weight: 2.84945e-05
eec: 199.564
weight: 5.84122e-05
eec: 144.666
weight: 1.31893e-05
eec: 592.315
weight: 2.63791e-05
eec: 129.221
weight: 5.40999e-06
eec: 2870.28
weight: 3.72623e-05
eec: 54.4844
weight: 1.73847e-05
eec: 101.69
weight: 6.49682e-06
eec: 402.513
weight: 2.11671e-05
eec: 266.953
weight: 1.17427e-06
eec: 1415.92
weight: 8.76221e-05
eec: 145.737
weight: 3.84602e-05
eec: 498.31
weight: 2.925e-05
eec: 78.0699
weight: 4.77756e-06
eec: 268.709
weight: 1.66092e-05
eec: 192.92
weight: 0.000161741
eec: 1376.89
weight: 2.86186e-05
eec: 347.145
weight: 2.47622e-05
eec: 1197.95
weight: 4.14599e-07
eec: 1989.42
weight: 1.44511e-07
eec: 186.855
weight: 1.12564e-08
eec: 1271.51
weight: 2.17461e-05
eec: 273.654
weight: 1.68579e-07
eec: 627.906
weight: 2.63628e-05
eec: 438.155
weight: 2.75578e-05
eec: 224.316
weight: 2.49594e-05
eec: 726.789
weight: 6.25297e-05
eec: 365.657
Processing: 23.3333 %weight: 3.00764e-05
eec: 575.221
weight: 4.3222e-06
eec: 2207.63
weight: 6.64657e-06
eec: 145.103
weight: 0.00010148
eec: 617.831
weight: 5.63946e-05
eec: 978.41
weight: 4.15812e-05
eec: 231.468
weight: 0.000213811
eec: 302.587
weight: 8.10389e-06
eec: 156.336
weight: 5.7307e-06
eec: 88.1803
weight: 1.10199e-05
eec: 798.196
weight: 5.18119e-05
eec: 595.754
weight: 1.6799e-07
eec: 173.356
weight: 2.02401e-06
eec: 66.4732
weight: 9.13987e-05
eec: 1005.96
weight: 0.000115596
eec: 541.456
weight: 1.74618e-06
eec: 663.635
weight: 1.07204e-05
eec: 325.111
weight: 0.00010311
eec: 141.814
weight: 6.69512e-05
eec: 314.06
weight: 1.72554e-05
eec: 608.3
weight: 1.30276e-05
eec: 85.5939
weight: 0.000130725
eec: 541.775
weight: 4.88822e-05
eec: 339.784
weight: 1.06264e-06
eec: 497.92
weight: 0.0002113
eec: 372.344
weight: 2.2996e-08
eec: 772.114
weight: 8.57754e-05
eec: 646.108
weight: 4.28878e-07
eec: 818.4
weight: 1.53744e-05
eec: 824.383
weight: 0.000783889
eec: 632.97
weight: 2.29469e-05
eec: 886.432
weight: 5.65762e-05
eec: 104.983
weight: 3.21926e-07
eec: 1075.01
weight: 2.01695e-05
eec: 263.944
weight: 2.34935e-05
eec: 1139.07
weight: 4.06041e-06
eec: 214.904
weight: 1.70556e-05
eec: 2042.31
weight: 2.64641e-05
eec: 411.348
weight: 1.39206e-07
eec: 1417.74
weight: 4.84281e-05
eec: 1013.26
weight: 3.75712e-05
eec: 1672.22
weight: 1.10309e-05
eec: 1510.53
weight: 0.000310392
eec: 1132.61
weight: 2.44064e-06
eec: 895.327
weight: 3.05539e-05
eec: 72.6484
weight: 8.35757e-06
eec: 620.802
weight: 7.13169e-06
eec: 184.318
weight: 5.30499e-05
eec: 545.035
weight: 3.9269e-05
eec: 13.2491
weight: 3.39249e-07
eec: 498.511
weight: 4.40114e-05
eec: 398.481
weight: 0.000234949
eec: 163.355
weight: 0.000275485
eec: 214.829
weight: 1.07542e-07
eec: 789.248
weight: 8.39327e-05
eec: 1383.22
weight: 2.77037e-06
eec: 45.2228
weight: 0.000366617
eec: 1053.04
weight: 9.32463e-05
eec: 1313.85
weight: 4.9592e-06
eec: 336.637
weight: 0.000172435
eec: 27.6231
weight: 0.000856004
eec: 113.327
weight: 1.99367e-06
eec: 94.4757
weight: 0.000110447
eec: 221.303
weight: 2.70623e-05
eec: 860.418
weight: 1.71926e-07
eec: 25.728
weight: 0.00018965
eec: 502.012
weight: 4.51944e-06
eec: 468.883
weight: 2.55887e-06
eec: 800.071
weight: 1.41182e-05
eec: 1026.1
weight: 4.62806e-05
eec: 109.205
weight: 9.06209e-06
eec: 379.377
weight: 3.72503e-05
eec: 392.508
weight: 6.84628e-06
eec: 151.439
weight: 1.12392e-05
eec: 288.033
weight: 0.000156645
eec: 134.465
weight: 6.85408e-06
eec: 147.636
weight: 1.23862e-05
eec: 300.807
weight: 0.000137902
eec: 326.545
weight: 0.000346528
eec: 772.057
weight: 1.14952e-05
eec: 795.837
weight: 7.95267e-07
eec: 655.911
weight: 1.81669e-06
eec: 596.059
weight: 4.64791e-05
eec: 916.934
weight: 1.23634e-05
eec: 458.157
weight: 3.67782e-06
eec: 344.978
weight: 3.67844e-05
eec: 222.66
weight: 2.19135e-05
eec: 729.325
weight: 3.81852e-05
eec: 98.9955
weight: 2.28196e-06
eec: 222.066
weight: 2.69371e-05
eec: 143.487
weight: 0.00030049
eec: 162.675
weight: 0.000484775
eec: 27.914
weight: 3.41997e-05
eec: 260.324
weight: 2.0658e-05
eec: 1482.51
weight: 0.000145361
eec: 1576.62
weight: 7.23629e-06
eec: 181.562
weight: 1.26349e-05
eec: 304.341
weight: 9.94843e-06
eec: 178.524
weight: 0.000352346
eec: 206.658
weight: 0.000106002
eec: 422.621
weight: 1.96963e-05
eec: 232.181
weight: 3.69582e-05
eec: 113.474
weight: 1.03151e-06
eec: 1526.19
weight: 4.98206e-05
eec: 626.993
weight: 0.000183989
eec: 201.726
weight: 6.80061e-05
eec: 432.648
weight: 3.50578e-07
eec: 359.421
weight: 2.31589e-05
eec: 190.974
weight: 5.63612e-05
eec: 1582.03
weight: 5.94098e-05
eec: 419.155
weight: 0.000239444
eec: 33.5751
weight: 3.04567e-06
eec: 654.8
weight: 1.00311e-05
eec: 84.2424
weight: 0.000175313
eec: 382.991
weight: 0.000491765
eec: 239.532
weight: 9.38317e-06
eec: 3000.37
weight: 2.95827e-05
eec: 117.771
weight: 5.60649e-06
eec: 770.034
weight: 2.38893e-07
eec: 487.82
weight: 1.22948e-05
eec: 679.471
weight: 3.77222e-05
eec: 72.2099
weight: 3.28365e-06
eec: 540.353
weight: 1.91943e-05
eec: 312.064
weight: 0.000546567
eec: 183.083
weight: 1.23559e-05
eec: 717.415
weight: 0.00141959
eec: 654.974
weight: 5.12122e-05
eec: 563.857
weight: 5.94556e-05
eec: 266.537
weight: 0.000118175
eec: 856.719
weight: 0.000113681
eec: 299.621
weight: 1.21396e-07
eec: 216.488
weight: 3.24371e-05
eec: 2380.77
weight: 9.69157e-05
eec: 265.35
weight: 8.33103e-05
eec: 49.8786
weight: 1.18255e-05
eec: 1474.17
weight: 2.6444e-05
eec: 1117.42
weight: 5.2769e-05
eec: 359.243
weight: 0.00012933
eec: 89.8094
weight: 0.000294503
eec: 181.641
weight: 1.80131e-07
eec: 531.739
weight: 6.87898e-05
eec: 198.411
weight: 5.81796e-05
eec: 280.376
weight: 0.000909965
eec: 192.263
weight: 9.81694e-05
eec: 131.282
weight: 1.63661e-05
eec: 102.665
weight: 3.28572e-06
eec: 85.8248
weight: 0.000229694
eec: 36.0883
weight: 0.000575419
eec: 146.681
weight: 2.06275e-05
eec: 813.761
weight: 0.000115931
eec: 631.865
weight: 4.32907e-06
eec: 729.632
weight: 1.15813e-05
eec: 64.8901
weight: 0.000236548
eec: 165.012
weight: 9.17172e-05
eec: 166.81
weight: 2.31603e-06
eec: 150.2
weight: 1.90495e-05
eec: 1212.45
weight: 4.12184e-07
eec: 567.106
weight: 2.3906e-06
eec: 294.574
weight: 9.58899e-05
eec: 140.291
weight: 1.05157e-05
eec: 813.089
weight: 1.16214e-05
eec: 1232.26
weight: 2.50509e-05
eec: 383.965
weight: 2.50851e-06
eec: 28.9765
weight: 2.53978e-05
eec: 271.201
weight: 0.000409001
eec: 488.638
weight: 0.000348133
eec: 17.3008
weight: 6.77246e-05
eec: 12.3753
weight: 1.1233e-06
eec: 1428.92
weight: 2.52487e-06
eec: 515.268
weight: 0.00041928
eec: 278.37
weight: 3.06211e-06
eec: 66.7815
weight: 2.86649e-05
eec: 1032.29
weight: 9.24611e-05
eec: 123.683
weight: 6.55703e-05
eec: 285.559
weight: 0.000162877
eec: 206.362
weight: 8.64468e-06
eec: 363.493
weight: 1.85325e-05
eec: 62.2775
weight: 7.15596e-05
eec: 116.414
weight: 1.68246e-05
eec: 133.37
weight: 9.89065e-06
eec: 527.095

ROOT exit code = 0
