gSystem->Load("run_condor_job_Run3_C.so");
run_condor_job_Run3(551, 100, 2,
                    80, 200,
                    1, 1, 1, 5);
.q

ENTERED run_condor_job_Run3()
JOBID = 551
  global job = 551  Job 51/100  events [3060000, 3120000)  total=6000000
Processing events [3060000, 3120000) of 6000000
weight: 7.90237e-06
eec: 56.0531
weight: 1.37566e-07
eec: 667.147
weight: 6.53906e-05
eec: 777.505
weight: 1.9081e-05
eec: 51.5826
weight: 0.00025626
eec: 32.2289
weight: 2.13864e-05
eec: 833.629
weight: 4.90834e-05
eec: 1401.04
weight: 3.84845e-05
eec: 666.417
weight: 4.70347e-06
eec: 945.355
weight: 1.73721e-05
eec: 983.925
weight: 3.29546e-06
eec: 2467.32
weight: 1.08169e-05
eec: 693.012
weight: 1.46654e-05
eec: 315.734
weight: 2.78011e-06
eec: 597.69
weight: 4.09318e-05
eec: 183.731
weight: 3.57915e-05
eec: 290.295
weight: 8.63094e-06
eec: 245.985
weight: 1.90341e-05
eec: 353.17
weight: 4.40719e-05
eec: 261.492
weight: 0.000259015
eec: 755.431
weight: 0.000127625
eec: 111.755
weight: 8.48845e-06
eec: 1360.67
weight: 1.00037e-05
eec: 16.3846
weight: 5.79001e-05
eec: 268.622
weight: 0.000100232
eec: 512.745
weight: 3.39287e-06
eec: 1430.92
weight: 7.13958e-05
eec: 293.538
weight: 2.37022e-05
eec: 1757.12
weight: 3.27701e-05
eec: 376.804
weight: 0.000100654
eec: 74.1527
weight: 4.20234e-06
eec: 252.401
weight: 2.29961e-05
eec: 399.925
weight: 7.17157e-06
eec: 1063.75
weight: 2.32384e-05
eec: 381.154
weight: 3.9423e-06
eec: 378.786
weight: 1.02704e-05
eec: 53.2745
weight: 1.49807e-05
eec: 808.497
weight: 1.1738e-05
eec: 616.799
weight: 3.33375e-05
eec: 1042.42
weight: 4.12154e-05
eec: 646.736
weight: 4.43175e-05
eec: 1310.65
weight: 4.65963e-05
eec: 70.3314
weight: 0.000150703
eec: 1001.02
weight: 9.81362e-07
eec: 1291.64
weight: 7.14489e-06
eec: 1374.44
weight: 5.99279e-06
eec: 136.697
weight: 1.93709e-05
eec: 193.672
weight: 3.44114e-05
eec: 28.1966
weight: 1.35951e-05
eec: 86.8958
weight: 1.82034e-07
eec: 398.549
weight: 0.00013386
eec: 122.726
weight: 1.37029e-05
eec: 44.4224
weight: 7.18722e-05
eec: 66.3471
weight: 1.45273e-05
eec: 1093.62
weight: 2.75989e-06
eec: 1597.35
weight: 0.000383858
eec: 145.238
weight: 0.000124365
eec: 29.4513
weight: 3.3533e-05
eec: 372.36
weight: 1.08946e-06
eec: 68.733
weight: 8.53005e-05
eec: 1217.57
weight: 7.25473e-06
eec: 285.736
weight: 1.56812e-05
eec: 113.408
weight: 2.23418e-05
eec: 771.033
weight: 2.56386e-05
eec: 418.967
weight: 8.96616e-05
eec: 256.838
weight: 0.000697155
eec: 46.8867
weight: 4.96856e-06
eec: 51.9393
weight: 9.16478e-05
eec: 141.885
weight: 5.97887e-07
eec: 596.896
weight: 1.80719e-06
eec: 235.319
weight: 1.57748e-06
eec: 1229.94
weight: 1.57748e-06
eec: 234.086
weight: 3.49715e-05
eec: 3722.51
weight: 4.9046e-05
eec: 168.523
weight: 1.22847e-05
eec: 938.619
weight: 2.75638e-06
eec: 1202.18
weight: 9.32344e-06
eec: 288.143
weight: 3.87952e-06
eec: 337.002
weight: 2.16551e-06
eec: 450.241
weight: 0.000300781
eec: 204.498
weight: 6.24946e-05
eec: 120.285
weight: 1.86554e-06
eec: 653.026
weight: 1.39001e-06
eec: 4121.63
weight: 7.3391e-05
eec: 422.687
weight: 7.3391e-05
eec: 368.802
weight: 1.48085e-05
eec: 2302.4
weight: 3.51384e-05
eec: 47.5979
weight: 1.79028e-05
eec: 1652.55
weight: 7.63636e-06
eec: 68.3465
weight: 9.31152e-06
eec: 164.79
weight: 1.88647e-06
eec: 379.639
weight: 6.57807e-05
eec: 889.209
weight: 8.33146e-06
eec: 606.067
weight: 1.49061e-05
eec: 1610.06
weight: 8.92969e-06
eec: 282.567
weight: 2.88731e-06
eec: 71.7802
weight: 0.000300613
eec: 180.852
weight: 2.45933e-05
eec: 48.3178
weight: 1.75906e-07
eec: 576.765
weight: 9.02676e-06
eec: 347.895
weight: 2.814e-06
eec: 866.193
weight: 1.20404e-05
eec: 2917.16
weight: 9.62832e-08
eec: 333.99
weight: 2.25351e-06
eec: 116.979
weight: 6.62937e-05
eec: 914.324
weight: 1.57981e-05
eec: 890.389
weight: 6.74896e-05
eec: 1527.3
weight: 1.74631e-07
eec: 332.971
weight: 8.43758e-06
eec: 978.799
weight: 6.56813e-06
eec: 24.1542
weight: 5.01588e-06
eec: 155.004
weight: 6.83952e-05
eec: 718.327
weight: 2.0956e-05
eec: 735.806
weight: 1.79415e-06
eec: 181.376
weight: 0.00011115
eec: 1134.53
weight: 0.000114216
eec: 60.2371
weight: 4.80564e-05
eec: 249.788
weight: 1.55479e-05
eec: 264.178
weight: 7.0458e-05
eec: 1332.71
weight: 1.12194e-05
eec: 160.879
weight: 7.73143e-05
eec: 1176.55
weight: 7.81459e-06
eec: 705.984
weight: 5.82938e-05
eec: 982.141
weight: 4.6856e-05
eec: 1173.9
weight: 1.07968e-07
eec: 426.1
weight: 4.11411e-06
eec: 2270.68
weight: 1.77652e-05
eec: 1122.39
weight: 1.44986e-05
eec: 169.826
weight: 4.4363e-06
eec: 793.74
weight: 4.32797e-06
eec: 92.7034
weight: 2.69784e-05
eec: 238.513
weight: 1.17106e-05
eec: 1447.3
weight: 5.49659e-05
eec: 495.017
weight: 2.0617e-05
eec: 168.34
weight: 1.54301e-07
eec: 46.1787
weight: 0.000344407
eec: 529.38
weight: 2.40643e-05
eec: 824.824
weight: 3.48597e-06
eec: 1412.83
weight: 9.91798e-06
eec: 925.412
weight: 1.2641e-05
eec: 586.893
weight: 1.48911e-05
eec: 54.6855
weight: 3.74514e-06
eec: 262.296
weight: 5.27254e-06
eec: 1376.77
weight: 9.44927e-05
eec: 390.946
weight: 2.90332e-05
eec: 3025.53
weight: 1.66806e-05
eec: 744.211
weight: 2.31159e-06
eec: 465.47
Processing: 51.6667 %weight: 5.28757e-07
eec: 310.754
weight: 2.35278e-05
eec: 136.277
weight: 2.76408e-05
eec: 277.657
weight: 1.43725e-05
eec: 1430.02
weight: 1.82053e-06
eec: 220.47
weight: 5.35409e-06
eec: 251.826
weight: 0.000108403
eec: 193.946
weight: 0.000187951
eec: 131.72
weight: 2.58243e-06
eec: 1660.16
weight: 0.000174258
eec: 7.30391
weight: 0.000223936
eec: 564.475
weight: 7.58726e-06
eec: 17.4585
weight: 5.53259e-05
eec: 172.143
weight: 0.000211319
eec: 252.674
weight: 2.88125e-05
eec: 1913.77
weight: 2.34463e-05
eec: 2191.67
weight: 3.38111e-05
eec: 188.474
weight: 9.27375e-08
eec: 159.573
weight: 1.68072e-05
eec: 1389.11
weight: 0.000521338
eec: 337.496
weight: 2.89791e-06
eec: 135.369
weight: 0.000215119
eec: 207.017
weight: 0.00123714
eec: 522.062
weight: 7.04911e-06
eec: 333.999
weight: 3.50686e-05
eec: 613.139
weight: 6.01084e-05
eec: 400.827
weight: 1.49716e-05
eec: 186.142
weight: 0.000425513
eec: 159.167
weight: 0.000103111
eec: 618.825
weight: 4.24774e-05
eec: 1853.87
weight: 0.000302517
eec: 8.6929
weight: 1.88949e-05
eec: 1785.73
weight: 1.91008e-05
eec: 357.061
weight: 6.90903e-06
eec: 700.761
weight: 1.51767e-05
eec: 1047.47
weight: 3.64762e-05
eec: 202.3
weight: 3.61555e-05
eec: 859.369
weight: 5.27537e-06
eec: 603.439
weight: 2.58197e-05
eec: 407.664
weight: 4.11429e-05
eec: 1007.28
weight: 7.04736e-05
eec: 258.248
weight: 9.77723e-06
eec: 1428.36
weight: 8.76789e-05
eec: 412.101
weight: 0.000488739
eec: 914.872
weight: 7.94817e-06
eec: 1566.84
weight: 5.11145e-07
eec: 174.179
weight: 3.04499e-05
eec: 191.353
weight: 6.02097e-07
eec: 788.833
weight: 5.83661e-06
eec: 1209
weight: 1.8658e-06
eec: 655.647
weight: 7.27654e-05
eec: 266.202
weight: 8.68502e-05
eec: 417.241
weight: 4.44738e-05
eec: 325.124
weight: 5.33188e-06
eec: 90.6339
weight: 1.87678e-05
eec: 289.859
weight: 1.58012e-05
eec: 3376.47
weight: 3.18353e-05
eec: 788.591
weight: 4.72101e-05
eec: 221.999
weight: 7.08925e-06
eec: 1990.03
weight: 4.83865e-05
eec: 522.277
weight: 3.0735e-06
eec: 168.626
weight: 6.38524e-05
eec: 89.527
weight: 2.94523e-05
eec: 298.877
weight: 0.00097637
eec: 442.949
weight: 1.99682e-07
eec: 68.3936
weight: 1.11347e-05
eec: 162.612
weight: 2.55105e-05
eec: 314.977
weight: 1.02577e-05
eec: 1613.61
weight: 7.13596e-08
eec: 1779.13
weight: 5.82962e-07
eec: 363.767
weight: 1.55777e-06
eec: 719.544
weight: 1.75219e-05
eec: 567.443
weight: 0.000111209
eec: 264.427
weight: 1.81078e-05
eec: 430.655
weight: 9.44979e-06
eec: 1094.47
weight: 5.13961e-06
eec: 1189.55
weight: 0.000264236
eec: 260.995
weight: 1.7279e-05
eec: 338.458
weight: 9.62935e-05
eec: 486.765
weight: 6.67633e-05
eec: 170.124
weight: 2.47073e-05
eec: 3035.27
weight: 3.02146e-06
eec: 2210.4

ROOT exit code = 0
