gSystem->Load("run_condor_job_Run3_C.so");
run_condor_job_Run3(28, 100, 2,
                    80, 200,
                    1, 1, 1, 0);
.q

ENTERED run_condor_job_Run3()
JOBID = 28
  global job = 28  Job 28/100  events [1678320, 1738260)  total=5994000
Processing events [1678320, 1738260) of 5994000
weight: 5.69295e-06
eec: 256.347
weight: 0.000101169
eec: 698.803
weight: 1.50549e-05
eec: 1259.8
weight: 0.000195869
eec: 788.563
weight: 6.9929e-05
eec: 195.556
weight: 0.000238394
eec: 605.739
weight: 0.000362291
eec: 384.751
weight: 2.56252e-05
eec: 425.2
weight: 7.81947e-06
eec: 1497.94
weight: 8.59475e-05
eec: 789.022
weight: 1.65664e-05
eec: 412.099
weight: 9.63924e-07
eec: 1972.03
weight: 2.55397e-05
eec: 292.822
weight: 0.000175079
eec: 65.8323
weight: 2.69773e-05
eec: 1124.79
weight: 6.25502e-05
eec: 483.601
weight: 1.8768e-05
eec: 177.796
weight: 5.38484e-05
eec: 210.487
weight: 9.08953e-06
eec: 260.183
weight: 1.53727e-05
eec: 1270.71
weight: 0.000228423
eec: 389.602
weight: 0.000228109
eec: 482.819
weight: 0.000233351
eec: 217.567
weight: 1.66177e-05
eec: 772.298
weight: 9.69381e-06
eec: 553.991
weight: 7.23018e-05
eec: 121.211
weight: 2.92736e-05
eec: 474.856
weight: 4.72011e-06
eec: 97.7181
weight: 0.000116964
eec: 103.933
weight: 0.000707963
eec: 1204.06
weight: 5.26277e-05
eec: 37.3277
weight: 2.73588e-05
eec: 3650.06
weight: 0.000117348
eec: 400.034
weight: 0.00031228
eec: 597.583
weight: 1.25602e-05
eec: 342.868
weight: 3.25234e-05
eec: 57.3462
weight: 0.00021561
eec: 702.118
weight: 0.000101815
eec: 222.833
weight: 4.63368e-09
eec: 362.893
weight: 1.5599e-05
eec: 50.6458
weight: 3.67937e-05
eec: 31.3862
weight: 0.000203008
eec: 550.983
weight: 2.09613e-05
eec: 807.027
weight: 1.13884e-05
eec: 74.1541
weight: 5.84856e-05
eec: 800.037
weight: 1.22661e-05
eec: 586.228
weight: 0.000230502
eec: 182.378
weight: 1.59539e-05
eec: 3575.94
weight: 1.17613e-05
eec: 1044.83
weight: 0.000156525
eec: 1001.05
weight: 3.32776e-05
eec: 242.76
weight: 5.83918e-06
eec: 1140.57
weight: 7.75771e-05
eec: 1628.98
weight: 7.75771e-05
eec: 274.148
weight: 9.80538e-06
eec: 2258.1
weight: 5.53615e-05
eec: 197.66
weight: 3.47837e-05
eec: 508.133
weight: 9.91836e-06
eec: 1580.18
weight: 6.28028e-06
eec: 243.155
weight: 8.49857e-06
eec: 349.511
weight: 4.48492e-05
eec: 2282.16
weight: 7.83809e-06
eec: 658.224
weight: 8.95265e-05
eec: 291.633
weight: 7.17727e-06
eec: 536.789
weight: 4.0998e-06
eec: 618.608
weight: 0.000118533
eec: 1240.35
weight: 1.64334e-05
eec: 510.866
weight: 0.000540564
eec: 469.653
weight: 3.2315e-07
eec: 955.271
weight: 0.000295551
eec: 987.378
weight: 7.91539e-06
eec: 480.84
weight: 7.70139e-05
eec: 888.978
weight: 6.72659e-05
eec: 324.037
weight: 6.64229e-05
eec: 1163.9
weight: 0.000370464
eec: 112.467
weight: 0.000105968
eec: 233.474
weight: 1.04416e-05
eec: 52.6914
weight: 9.21986e-05
eec: 33.0276
weight: 1.13135e-05
eec: 845.609
weight: 2.90718e-06
eec: 105.821
weight: 9.34973e-08
eec: 354.577
weight: 2.71218e-07
eec: 189.518
weight: 3.22668e-05
eec: 290.989
weight: 3.48922e-05
eec: 1141.92
weight: 0.000707581
eec: 62.3187
weight: 5.51543e-06
eec: 428.442
weight: 2.40815e-05
eec: 2600.14
weight: 3.42209e-05
eec: 92.9778
weight: 0.000204364
eec: 535.449
weight: 3.04155e-06
eec: 924.367
weight: 2.47161e-05
eec: 52.2359
weight: 3.46939e-05
eec: 25.0468
weight: 8.22772e-05
eec: 511.571
weight: 1.08557e-05
eec: 444.071
weight: 1.30942e-05
eec: 2043.74
weight: 0.000174595
eec: 264.257
weight: 8.28219e-06
eec: 5415.82
weight: 0.000171691
eec: 507.102
weight: 1.31924e-05
eec: 1612.29
weight: 9.82153e-05
eec: 63.0618
weight: 1.5613e-05
eec: 420.268
weight: 2.3813e-05
eec: 1754.55
weight: 0.000249163
eec: 240.954
weight: 3.98431e-05
eec: 690.599
weight: 1.12744e-06
eec: 213.66
Processing: 28.3617 %weight: 0.000305091
eec: 104.721
weight: 1.35208e-05
eec: 148.192
weight: 5.00988e-06
eec: 157.888
weight: 2.4863e-05
eec: 497.237
weight: 6.26978e-05
eec: 1324.6
weight: 7.5229e-06
eec: 221.641
weight: 9.47468e-06
eec: 1190.92
weight: 5.50133e-06
eec: 2589.29
weight: 8.99252e-05
eec: 651.361
weight: 4.44881e-06
eec: 469.757
weight: 1.26745e-06
eec: 2604.63
weight: 2.02152e-05
eec: 152.681
weight: 1.68154e-05
eec: 95.5771
weight: 6.24961e-06
eec: 103.866
weight: 0.000116897
eec: 61.2577
weight: 1.04992e-05
eec: 495.131
weight: 7.86117e-08
eec: 549.134
weight: 9.14728e-05
eec: 85.8595
weight: 9.73735e-06
eec: 306.77
weight: 1.12496e-05
eec: 340.051
weight: 0.000288673
eec: 163.479
weight: 6.24345e-05
eec: 609.302
weight: 1.24095e-05
eec: 984.292
weight: 4.75823e-06
eec: 361.436
weight: 4.59419e-05
eec: 535.231
weight: 0.000169775
eec: 873.857
weight: 6.63836e-06
eec: 1265.31
weight: 3.1296e-05
eec: 54.8459
weight: 3.99871e-05
eec: 1976.73
weight: 0.000168597
eec: 315.017
weight: 2.83937e-06
eec: 1466.18
weight: 2.16598e-05
eec: 1207.12
weight: 5.28415e-06
eec: 352.463
weight: 1.69929e-07
eec: 496.954
weight: 0.000109776
eec: 314.569
weight: 0.00014276
eec: 236.418
weight: 0.000142811
eec: 65.3955
weight: 9.96807e-06
eec: 113.465
weight: 0.000100944
eec: 256.174
weight: 0.00013075
eec: 17.0938
weight: 0.000103186
eec: 70.5108
weight: 5.06225e-06
eec: 396.134
weight: 2.47669e-05
eec: 354.332
weight: 5.29019e-06
eec: 497.709
weight: 2.06698e-05
eec: 811.13
weight: 8.20975e-05
eec: 277.207
weight: 4.07584e-06
eec: 256.06
weight: 1.20978e-05
eec: 643.453
weight: 0.000254909
eec: 292.495
weight: 3.11857e-06
eec: 43.6559
weight: 0.000275899
eec: 138.654
weight: 9.84666e-05
eec: 100.968
weight: 4.40254e-05
eec: 609.271
weight: 0.000141195
eec: 19.4176
weight: 5.18624e-06
eec: 826.204
weight: 1.14625e-05
eec: 136.25
weight: 1.66709e-05
eec: 386.716
weight: 7.60354e-05
eec: 143.827
weight: 6.49599e-05
eec: 1129.9
weight: 1.7355e-06
eec: 66.3798
weight: 2.46186e-05
eec: 145.623
weight: 2.46186e-05
eec: 557.566
weight: 0.000433826
eec: 889.256
weight: 0.000155974
eec: 722.739
weight: 0.000133845
eec: 171.924
weight: 1.10429e-05
eec: 55.0303
weight: 3.25771e-05
eec: 3277.01
weight: 7.02899e-06
eec: 24.3277
weight: 1.51395e-05
eec: 1128.81
weight: 1.25758e-05
eec: 2157.71
weight: 2.01249e-05
eec: 81.5711
weight: 9.11437e-06
eec: 317.343
weight: 6.78296e-05
eec: 111.227
weight: 1.05709e-06
eec: 2131.98
weight: 4.07485e-05
eec: 119.729
weight: 6.87474e-05
eec: 149.232
weight: 6.7181e-06
eec: 517.146
weight: 1.60938e-06
eec: 326.936
weight: 1.03837e-05
eec: 1758.62
weight: 9.7879e-05
eec: 251.048
weight: 1.84621e-06
eec: 553.499
weight: 2.59686e-05
eec: 873.234
weight: 7.96378e-06
eec: 1609.31
weight: 1.3229e-06
eec: 361.002
weight: 2.6665e-05
eec: 210.485
weight: 1.01752e-05
eec: 731.351
weight: 0.000148733
eec: 273.137
weight: 0.000179681
eec: 713.205
weight: 3.44913e-05
eec: 2169.23
weight: 3.93152e-06
eec: 410.714
weight: 4.51154e-05
eec: 644.26
weight: 0.00016751
eec: 152.578
weight: 9.92214e-06
eec: 488.268
weight: 0.000135993
eec: 140.139
weight: 5.43832e-05
eec: 208.719
weight: 0.000184182
eec: 170.993
weight: 5.48666e-05
eec: 1826.82
weight: 2.59179e-05
eec: 770.833
weight: 4.28514e-05
eec: 382.796
weight: 0.000300105
eec: 972.865
weight: 1.01161e-05
eec: 47.5631
weight: 7.17768e-06
eec: 307.036
weight: 3.0672e-05
eec: 41.8363
weight: 3.82508e-05
eec: 424.194
weight: 4.76425e-05
eec: 72.3014
weight: 2.10763e-05
eec: 1810.74
weight: 5.57128e-05
eec: 47.9544
weight: 1.54662e-05
eec: 966.279
weight: 0.000141666
eec: 593.569
weight: 2.1219e-05
eec: 105.278
weight: 7.59522e-05
eec: 252.266
weight: 1.33352e-05
eec: 1903.29
weight: 4.74129e-05
eec: 2376.46
weight: 1.51972e-05
eec: 2916.92
weight: 3.00706e-05
eec: 282.409
weight: 0.000124458
eec: 149.048
weight: 3.04751e-05
eec: 293.702
weight: 6.24343e-06
eec: 111.805
weight: 2.06289e-05
eec: 2307.35
weight: 1.01098e-05
eec: 174.967
weight: 7.50498e-05
eec: 655.292
weight: 7.21472e-05
eec: 216.071
weight: 7.22347e-05
eec: 83.5236
weight: 1.10789e-05
eec: 921.273
weight: 0.00021729
eec: 15.1728
weight: 2.83489e-06
eec: 651.398
weight: 0.000110726
eec: 415.328
weight: 0.000205603
eec: 263.31
weight: 2.58843e-06
eec: 1546.11
weight: 7.3763e-06
eec: 170.981
weight: 0.0013189
eec: 44.8728
weight: 3.25404e-06
eec: 1275.23
weight: 5.6595e-06
eec: 480.928
weight: 2.20709e-06
eec: 2567.43
weight: 7.73358e-05
eec: 102.109
weight: 2.44202e-06
eec: 188.709
weight: 4.16418e-05
eec: 501.304

ROOT exit code = 0
