gSystem->Load("run_condor_job_Run3_C.so");
run_condor_job_Run3(912, 100, 2,
                    80, 200,
                    1, 1, 1, 9);
.q

ENTERED run_condor_job_Run3()
JOBID = 912
  global job = 912  Job 12/100  events [713520, 772980)  total=5946000
Processing events [713520, 772980) of 5946000
weight: 1.26653e-06
eec: 864.695
weight: 3.18088e-07
eec: 1480.91
weight: 5.45782e-05
eec: 86.1347
weight: 2.63352e-06
eec: 91.449
weight: 1.09323e-06
eec: 135.189
weight: 1.87145e-05
eec: 144.817
weight: 4.3688e-06
eec: 593.008
weight: 2.77382e-05
eec: 326.489
weight: 0.0018294
eec: 592.244
weight: 2.84903e-05
eec: 221.986
weight: 0.000181575
eec: 186.937
weight: 0.000101516
eec: 63.5005
weight: 5.41851e-05
eec: 540.795
weight: 4.68695e-07
eec: 636.09
weight: 0.000168768
eec: 119.342
weight: 1.03448e-05
eec: 42.2437
weight: 0.000208131
eec: 634.847
weight: 1.79751e-06
eec: 174.127
weight: 3.8005e-06
eec: 734.787
weight: 3.12401e-05
eec: 138.869
weight: 7.54492e-08
eec: 172.577
weight: 4.12028e-05
eec: 740.633
weight: 1.25165e-06
eec: 2916.58
weight: 0.000168077
eec: 970.437
weight: 1.11139e-05
eec: 307.085
weight: 0.000173939
eec: 41.3784
weight: 4.7754e-05
eec: 24.1135
weight: 0.000410084
eec: 46.7367
weight: 2.10821e-05
eec: 1313.22
weight: 8.91076e-05
eec: 517.999
weight: 5.42617e-05
eec: 1399.56
weight: 3.63063e-05
eec: 635.788
weight: 3.74917e-05
eec: 403.838
weight: 3.1735e-06
eec: 178.394
weight: 0.000193172
eec: 530.749
weight: 1.15346e-05
eec: 905.1
weight: 7.79518e-05
eec: 62.3483
weight: 1.77607e-05
eec: 316.363
weight: 1.8771e-05
eec: 1770.87
weight: 7.08413e-07
eec: 59.6832
weight: 2.03929e-06
eec: 860.584
weight: 1.35699e-05
eec: 157.353
weight: 5.03159e-05
eec: 990.361
weight: 1.4605e-05
eec: 32.5771
weight: 9.00931e-07
eec: 199.361
weight: 5.0195e-05
eec: 48.5012
weight: 3.05822e-05
eec: 217.493
weight: 1.46712e-05
eec: 176.439
weight: 0.000165434
eec: 311.682
weight: 7.11226e-05
eec: 194.839
weight: 0.000594203
eec: 55.7081
weight: 3.58765e-05
eec: 73.3348
weight: 4.81412e-05
eec: 16.2394
weight: 1.07962e-05
eec: 184.483
weight: 4.79966e-05
eec: 329.117
weight: 0.000113386
eec: 193.778
weight: 0.000700448
eec: 531.689
weight: 2.33661e-05
eec: 217.182
weight: 6.33107e-05
eec: 251.125
weight: 8.70085e-06
eec: 575.449
weight: 1.35645e-06
eec: 73.9443
weight: 1.20349e-05
eec: 554.305
weight: 2.95487e-05
eec: 38.7528
weight: 8.57778e-06
eec: 706.639
weight: 3.66801e-05
eec: 93.8365
weight: 4.05477e-05
eec: 458.913
weight: 2.31615e-05
eec: 485.182
weight: 2.63123e-06
eec: 898.915
weight: 1.52148e-05
eec: 468.583
weight: 9.11211e-06
eec: 267.671
weight: 1.55125e-05
eec: 931.82
weight: 8.9276e-05
eec: 113.005
weight: 2.91247e-05
eec: 1139.18
weight: 2.32636e-06
eec: 914.586
weight: 3.6507e-05
eec: 2822.12
weight: 5.92631e-05
eec: 82.6656
weight: 2.5807e-05
eec: 282.601
weight: 0.000173743
eec: 164.371
weight: 0.000142776
eec: 283.403
weight: 4.11173e-06
eec: 199.135
weight: 8.16872e-06
eec: 392.492
weight: 0.000518389
eec: 321.158
weight: 4.0232e-05
eec: 254.861
weight: 5.44428e-05
eec: 331.538
weight: 6.60423e-05
eec: 51.8222
weight: 1.21067e-05
eec: 221.109
weight: 0.000268831
eec: 487.205
weight: 5.96036e-06
eec: 394.918
weight: 6.29007e-06
eec: 6.11456
weight: 0.000190904
eec: 751.903
weight: 0.00025106
eec: 76.2623
weight: 1.71722e-05
eec: 1427.01
weight: 6.85766e-06
eec: 220.36
weight: 4.10771e-05
eec: 251.415
weight: 2.73716e-05
eec: 163.316
weight: 0.000126923
eec: 235.051
weight: 3.66811e-05
eec: 131.933
weight: 2.53284e-05
eec: 225.329
weight: 6.20679e-05
eec: 146.477
weight: 1.68704e-05
eec: 461.192
weight: 6.7274e-05
eec: 43.8026
weight: 2.5846e-06
eec: 254.511
weight: 0.000123376
eec: 97.8165
weight: 7.35055e-06
eec: 1070.39
weight: 6.07581e-05
eec: 1651.31
weight: 1.18907e-05
eec: 928.94
weight: 7.60887e-05
eec: 394.907
weight: 0.000526322
eec: 345.94
weight: 0.000640024
eec: 493.51
weight: 8.51167e-06
eec: 174.224
weight: 0.000537158
eec: 1019.15
weight: 0.00014785
eec: 639.507
weight: 2.13443e-06
eec: 210.319
weight: 2.04981e-06
eec: 119.279
weight: 3.69382e-06
eec: 2167.34
weight: 0.000222749
eec: 1065.15
weight: 1.41644e-05
eec: 418.627
weight: 0.00139643
eec: 855.13
weight: 1.42666e-05
eec: 223.795
weight: 6.2268e-06
eec: 27.2016
weight: 5.61601e-05
eec: 683.046
weight: 1.86764e-05
eec: 1393.35
weight: 0.000149562
eec: 219.749
weight: 5.27758e-05
eec: 2110.8
weight: 0.000136307
eec: 65.5961
weight: 1.58272e-05
eec: 1545.96
weight: 1.12297e-06
eec: 1578.69
weight: 2.44685e-06
eec: 386.811
weight: 0.000114693
eec: 1549.32
weight: 9.41949e-05
eec: 314.015
weight: 1.82463e-06
eec: 96.0663
weight: 4.53197e-05
eec: 150.891
weight: 8.44927e-05
eec: 151.194
weight: 2.29989e-05
eec: 134.539
weight: 2.773e-08
eec: 863.201
weight: 4.969e-05
eec: 175.651
weight: 8.15384e-08
eec: 1712.22
weight: 0.000280706
eec: 435.73
weight: 6.08206e-05
eec: 280.955
weight: 4.11613e-05
eec: 228.989
weight: 0.000330919
eec: 116.051
weight: 5.08249e-05
eec: 453.091
weight: 0.00014619
eec: 534.303
weight: 0.000288035
eec: 695.699
weight: 0.000288035
eec: 255.232
weight: 5.44475e-06
eec: 258.315
weight: 9.19646e-07
eec: 1309.95
weight: 2.96642e-05
eec: 772.126
weight: 1.25267e-05
eec: 156.831
weight: 4.89669e-05
eec: 343.362
weight: 1.25975e-07
eec: 81.2562
weight: 9.0563e-05
eec: 511.881
weight: 0.000140335
eec: 283.375
weight: 2.33362e-06
eec: 1044.52
weight: 4.22758e-07
eec: 525.222
weight: 7.01968e-05
eec: 503.735
weight: 1.58475e-05
eec: 1469.44
weight: 4.30293e-05
eec: 99.2065
Processing: 12.6135 %weight: 4.65035e-07
eec: 324.36
weight: 2.75273e-05
eec: 354.244
weight: 6.09196e-05
eec: 73.2374
weight: 6.60145e-05
eec: 244.97
weight: 1.29763e-05
eec: 798.934
weight: 2.85797e-05
eec: 141.47
weight: 1.42021e-05
eec: 961.274
weight: 5.08753e-06
eec: 3509.02
weight: 2.82523e-05
eec: 258.653
weight: 5.83468e-05
eec: 16.9298
weight: 5.08318e-05
eec: 500.079
weight: 6.29554e-05
eec: 58.3223
weight: 3.59864e-07
eec: 838.221
weight: 3.16559e-05
eec: 199.337
weight: 1.33495e-05
eec: 299.125
weight: 5.9517e-05
eec: 189.468
weight: 7.15066e-05
eec: 1326.92
weight: 0.000106185
eec: 20.9372
weight: 1.63296e-05
eec: 840.04
weight: 3.86844e-07
eec: 40.7312
weight: 0.000344685
eec: 766.192
weight: 1.97117e-06
eec: 2517.26
weight: 5.71137e-05
eec: 360.22
weight: 2.56023e-06
eec: 235.485
weight: 6.00618e-06
eec: 1299.27
weight: 4.07266e-05
eec: 39.5808
weight: 1.04341e-05
eec: 361.302
weight: 1.83203e-05
eec: 736.738
weight: 1.8861e-05
eec: 599.275
weight: 7.62688e-07
eec: 289.524
weight: 1.17861e-05
eec: 75.7907
weight: 1.31063e-05
eec: 306.931
weight: 3.07741e-05
eec: 77.0344
weight: 7.56551e-05
eec: 127.439
weight: 0.000127674
eec: 1372.21
weight: 6.20414e-05
eec: 138.443
weight: 6.34201e-08
eec: 578.951
weight: 2.38046e-07
eec: 395.885
weight: 1.06613e-06
eec: 212.688
weight: 7.03673e-05
eec: 115.568
weight: 0.00061193
eec: 169.838
weight: 2.54475e-05
eec: 567.278
weight: 3.04743e-05
eec: 459.307
weight: 2.78971e-05
eec: 1925.95
weight: 2.82628e-07
eec: 1358.3
weight: 3.5625e-05
eec: 1655.16
weight: 1.18865e-05
eec: 237.88
weight: 4.14229e-06
eec: 472.95
weight: 3.37391e-06
eec: 792.998
weight: 0.000289211
eec: 299.382
weight: 3.98005e-06
eec: 982.903
weight: 2.9464e-06
eec: 166.407
weight: 2.28922e-06
eec: 726.996
weight: 0.000338037
eec: 79.2481
weight: 2.55368e-07
eec: 1850.85
weight: 0.000281081
eec: 349.282
weight: 1.02265e-05
eec: 586.525
weight: 0.000141414
eec: 148.887
weight: 3.78052e-05
eec: 561.036
weight: 5.23456e-05
eec: 730.338
weight: 8.40695e-05
eec: 941.148
weight: 2.20951e-06
eec: 727.707
weight: 3.12913e-05
eec: 1266.02
weight: 6.25564e-06
eec: 66.6204
weight: 3.76822e-05
eec: 306.723
weight: 0.000172381
eec: 274.642
weight: 0.000164365
eec: 287.464
weight: 1.19691e-05
eec: 26.7512
weight: 1.24084e-07
eec: 1627.74
weight: 4.74461e-06
eec: 527.618
weight: 2.60092e-05
eec: 585.289
weight: 9.85503e-06
eec: 615.445
weight: 3.49498e-06
eec: 1298.98
weight: 5.0306e-05
eec: 1463.92
weight: 1.94671e-05
eec: 455.714
weight: 2.15967e-05
eec: 364.041
weight: 2.93224e-05
eec: 1826.86
weight: 0.000142328
eec: 269.879
weight: 0.000311265
eec: 27.0968
weight: 2.53861e-05
eec: 204.461
weight: 2.29074e-05
eec: 1751.48
weight: 6.38014e-05
eec: 435.611
weight: 0.000114164
eec: 1347.55
weight: 2.13302e-05
eec: 311.808
weight: 3.17562e-05
eec: 679.94
weight: 4.05106e-06
eec: 406.46
weight: 7.67582e-07
eec: 86.6628
weight: 1.85616e-06
eec: 1142.89
weight: 2.06583e-05
eec: 126.709
weight: 7.28223e-05
eec: 1649.93
weight: 4.67343e-05
eec: 371.234
weight: 1.03055e-05
eec: 415.652
weight: 3.02112e-06
eec: 2064.41
weight: 2.77287e-06
eec: 309.018
weight: 9.13275e-06
eec: 273.685
weight: 1.47967e-05
eec: 989.747
weight: 1.15817e-05
eec: 1204.43
weight: 1.56534e-05
eec: 958.039
weight: 2.49151e-06
eec: 570.311
weight: 7.48057e-05
eec: 603.076
weight: 0.000229851
eec: 698.824
weight: 7.85678e-05
eec: 355.379
weight: 1.0022e-06
eec: 58.5742
weight: 7.2373e-05
eec: 556.332
weight: 0.00015876
eec: 532.572
weight: 0.0001838
eec: 151.338

ROOT exit code = 0
