gSystem->Load("run_condor_job_Run3_C.so");
run_condor_job_Run3(617, 100, 2,
                    80, 200,
                    1, 1, 1, 6);
.q

ENTERED run_condor_job_Run3()
JOBID = 617
  global job = 617  Job 17/100  events [1002660, 1061640)  total=5898000
Processing events [1002660, 1061640) of 5898000
weight: 0.000606915
eec: 366.656
weight: 4.14908e-05
eec: 19.0411
weight: 1.24288e-05
eec: 410.47
weight: 0.000208323
eec: 35.2183
weight: 0.000312667
eec: 360.747
weight: 4.40457e-06
eec: 143.723
weight: 2.62951e-05
eec: 361.661
weight: 0.000150797
eec: 280.113
weight: 1.0297e-05
eec: 13.5233
weight: 2.96845e-06
eec: 817.764
weight: 7.33491e-06
eec: 1472.59
weight: 8.16767e-05
eec: 486.669
weight: 1.0741e-05
eec: 253.412
weight: 5.72211e-05
eec: 1014.42
weight: 0.00104134
eec: 34.3555
weight: 1.26968e-05
eec: 564.693
weight: 3.53504e-05
eec: 739.053
weight: 0.000155005
eec: 215.374
weight: 8.98287e-05
eec: 436.37
weight: 4.49351e-05
eec: 303.662
weight: 2.23974e-05
eec: 740.846
weight: 2.34562e-06
eec: 243.477
weight: 5.96731e-05
eec: 1086
weight: 7.11117e-06
eec: 237.847
weight: 0.000166023
eec: 700.448
weight: 3.56207e-05
eec: 556.626
weight: 2.8889e-05
eec: 742.122
weight: 4.18178e-06
eec: 1461.78
weight: 7.77463e-05
eec: 1076.64
weight: 2.24403e-05
eec: 542.343
weight: 3.15306e-05
eec: 350.032
weight: 0.000258191
eec: 693.032
weight: 0.000190271
eec: 385.519
weight: 7.86143e-06
eec: 59.8132
weight: 4.55988e-06
eec: 1440.06
weight: 1.84895e-05
eec: 748.084
weight: 0.00050724
eec: 99.7107
weight: 1.01683e-07
eec: 112.503
weight: 6.37164e-05
eec: 1933.79
weight: 7.03106e-06
eec: 230.123
weight: 9.89339e-06
eec: 828.664
weight: 7.99604e-05
eec: 55.4503
weight: 0.0004715
eec: 386.986
weight: 4.18431e-06
eec: 1293.81
weight: 0.000408495
eec: 796.184
weight: 1.18799e-05
eec: 340.134
weight: 2.58277e-06
eec: 148.689
weight: 5.68197e-05
eec: 416.759
weight: 1.73174e-05
eec: 1475.78
weight: 2.69122e-06
eec: 104.044
weight: 2.61739e-05
eec: 486.351
weight: 2.74797e-05
eec: 686.318
weight: 1.03874e-05
eec: 1736.39
weight: 0.000259944
eec: 145.803
weight: 3.36128e-05
eec: 440.965
weight: 9.04546e-06
eec: 209.869
weight: 3.25105e-05
eec: 716.284
weight: 5.77641e-05
eec: 606.362
weight: 2.73453e-05
eec: 931.24
weight: 7.23792e-05
eec: 1625.1
weight: 7.31034e-05
eec: 291.098
weight: 5.38635e-05
eec: 600.552
weight: 2.41728e-05
eec: 259.457
weight: 4.74947e-05
eec: 69.4519
weight: 1.97345e-06
eec: 185.308
weight: 5.36168e-05
eec: 518.578
weight: 4.59174e-06
eec: 340.251
weight: 7.31611e-05
eec: 176.964
weight: 3.99044e-06
eec: 187.986
weight: 0.000156836
eec: 1411.97
weight: 8.75566e-06
eec: 125.984
weight: 0.00012139
eec: 533.513
weight: 8.4213e-06
eec: 526.991
weight: 1.96441e-05
eec: 2016.72
weight: 7.95773e-06
eec: 248.799
weight: 0.000130162
eec: 66.9463
weight: 1.07588e-05
eec: 40.6538
weight: 0.000101355
eec: 912.968
weight: 0.000124898
eec: 82.5912
weight: 8.82674e-06
eec: 989.771
weight: 5.62401e-05
eec: 324.392
weight: 6.87965e-06
eec: 30.0804
weight: 3.67796e-06
eec: 92.8826
weight: 8.16353e-06
eec: 337.024
weight: 0.000262197
eec: 87.1366
weight: 1.02268e-05
eec: 52.8067
weight: 0.000117181
eec: 364.361
weight: 4.02098e-06
eec: 20.0531
weight: 0.000231989
eec: 278.879
weight: 0.000357269
eec: 238.679
weight: 5.80616e-05
eec: 185.999
weight: 4.22089e-06
eec: 268.417
weight: 3.93433e-05
eec: 18.2154
weight: 8.30034e-06
eec: 22.9777
weight: 1.36651e-05
eec: 77.3393
weight: 1.14598e-06
eec: 39.7183
weight: 2.25338e-05
eec: 99.3954
weight: 0.000251075
eec: 233.246
weight: 8.59578e-05
eec: 211.202
weight: 0.000457549
eec: 356.435
weight: 0.000110383
eec: 242.601
weight: 2.32305e-05
eec: 139.524
weight: 8.19158e-07
eec: 106.712
weight: 4.38678e-05
eec: 2048.4
weight: 7.35592e-05
eec: 481.146
weight: 1.21909e-05
eec: 129.257
weight: 5.69216e-06
eec: 581.143
weight: 0.000134677
eec: 425.459
weight: 2.03982e-05
eec: 180.526
weight: 0.00025442
eec: 40.5009
weight: 2.28123e-05
eec: 154.864
weight: 3.04232e-08
eec: 810.732
weight: 8.55431e-06
eec: 485.757
weight: 8.74379e-05
eec: 646.645
weight: 1.81417e-05
eec: 36.989
weight: 1.00336e-05
eec: 3148.64
weight: 3.0562e-05
eec: 543.878
weight: 0.000262425
eec: 105.483
weight: 1.10392e-05
eec: 371.87
weight: 7.92827e-05
eec: 49.077
weight: 6.88757e-05
eec: 706.461
weight: 1.12031e-05
eec: 639.285
weight: 3.43689e-06
eec: 62.2597
weight: 0.000322142
eec: 329.782
weight: 0.000323708
eec: 301.245
weight: 0.000240366
eec: 27.603
weight: 1.43726e-06
eec: 1791.82
weight: 0.000102766
eec: 392.474
weight: 3.8716e-06
eec: 718.454
weight: 5.28972e-05
eec: 11.5537
weight: 1.4009e-05
eec: 2607.52
weight: 1.69925e-05
eec: 306.743
weight: 1.87461e-06
eec: 25.9333
weight: 2.11527e-05
eec: 1547.57
weight: 5.11664e-05
eec: 994.058
weight: 5.09671e-06
eec: 130.162
weight: 4.63823e-05
eec: 739.564
weight: 0.007142
eec: 291.217
weight: 1.02447e-05
eec: 1760.65
weight: 9.4124e-06
eec: 287.743
weight: 1.24445e-05
eec: 2831.3
weight: 5.92741e-05
eec: 198.565
weight: 0.000506108
eec: 831.537
weight: 2.7325e-06
eec: 291.077
weight: 1.99437e-08
eec: 104.187
weight: 4.53411e-06
eec: 769.942
weight: 1.17199e-05
eec: 743.195
weight: 3.58495e-06
eec: 614.735
weight: 2.98148e-07
eec: 116.018
weight: 0.000167124
eec: 207.01
weight: 0.000516112
eec: 38.3108
weight: 1.81514e-05
eec: 116.961
weight: 0.000293556
eec: 143.954
weight: 8.43819e-06
eec: 2682.66
weight: 7.48425e-06
eec: 569.685
weight: 0.00320487
eec: 88.894
weight: 4.83334e-06
eec: 155.967
weight: 4.26442e-05
eec: 319.541
weight: 0.000138108
eec: 56.8345
weight: 1.69019e-05
eec: 844.798
weight: 3.55945e-06
eec: 1486.97
weight: 0.000114811
eec: 113.132
weight: 3.67492e-05
eec: 1134.22
weight: 1.33842e-05
eec: 254.472
weight: 3.82625e-05
eec: 245.997
weight: 0.000209255
eec: 1971.09
weight: 7.43716e-05
eec: 273.266
weight: 5.88346e-05
eec: 115.655
weight: 3.24172e-05
eec: 563.947
weight: 1.01121e-06
eec: 1200.09
weight: 2.67431e-05
eec: 754.865
weight: 1.30515e-05
eec: 301.287
weight: 2.84156e-05
eec: 601.096
weight: 4.2196e-05
eec: 2244.87
weight: 1.53576e-05
eec: 660.473
weight: 1.17532e-05
eec: 145.358
weight: 3.43014e-05
eec: 659.125
weight: 7.89432e-05
eec: 146.547
weight: 8.44326e-05
eec: 122.811
weight: 8.32046e-07
eec: 874.429
weight: 0.000205333
eec: 764.954
weight: 1.51936e-05
eec: 52.4826
weight: 1.274e-05
eec: 260.979
weight: 2.11543e-05
eec: 170.957
weight: 3.18151e-05
eec: 576.907
weight: 7.06101e-06
eec: 1086.95
weight: 4.06957e-06
eec: 1235.18
weight: 7.90352e-06
eec: 2644.48
weight: 5.88219e-06
eec: 1320.09
weight: 7.37621e-06
eec: 321.526
weight: 7.37621e-06
eec: 891.132
weight: 2.63855e-06
eec: 354.069
weight: 2.20295e-06
eec: 440.242
weight: 5.64104e-06
eec: 272.441
Processing: 17.8026 %weight: 6.71704e-06
eec: 357.156
weight: 0.000197405
eec: 148.161
weight: 0.000202563
eec: 178.227
weight: 9.23801e-06
eec: 1068.91
weight: 1.36506e-06
eec: 316.056
weight: 2.70108e-05
eec: 240.771
weight: 7.60109e-05
eec: 54.1006
weight: 1.08543e-05
eec: 1445.63
weight: 9.55694e-05
eec: 381.479
weight: 3.78324e-06
eec: 409.488
weight: 8.43295e-06
eec: 2653.02
weight: 1.43644e-05
eec: 54.5563
weight: 3.34169e-05
eec: 715.541
weight: 1.24085e-05
eec: 1313.27
weight: 1.38311e-06
eec: 864.51
weight: 3.2751e-05
eec: 13.7098
weight: 3.50072e-05
eec: 125.432
weight: 2.21138e-05
eec: 181.516
weight: 2.45098e-05
eec: 203.925
weight: 8.35274e-05
eec: 209.698
weight: 7.23742e-05
eec: 1290.25
weight: 0.00016006
eec: 41.0212
weight: 2.75925e-06
eec: 336.36
weight: 2.69116e-06
eec: 475.602
weight: 1.58145e-06
eec: 742.135
weight: 9.12752e-08
eec: 354.769
weight: 1.62089e-06
eec: 594.823
weight: 1.10548e-05
eec: 149.332
weight: 1.97258e-05
eec: 738.005
weight: 3.28197e-05
eec: 1972.65
weight: 0.000438867
eec: 309.095
weight: 1.15627e-05
eec: 1258.86
weight: 7.9335e-08
eec: 881.333
weight: 8.6548e-05
eec: 370.183
weight: 5.18338e-06
eec: 518.051
weight: 3.30243e-05
eec: 1730.23
weight: 1.72512e-05
eec: 193.235
weight: 2.06835e-05
eec: 171.842
weight: 5.3614e-05
eec: 160.482
weight: 2.58141e-05
eec: 214.169
weight: 7.09346e-05
eec: 66.7653
weight: 0.000329978
eec: 166.218
weight: 1.52201e-05
eec: 56.5559
weight: 4.11224e-05
eec: 297.34
weight: 8.69467e-06
eec: 1294.08
weight: 2.19216e-06
eec: 286.524
weight: 3.80852e-05
eec: 1028.25
weight: 0.000241549
eec: 1119.82

ROOT exit code = 0
