gSystem->Load("run_condor_job_Run3_C.so");
run_condor_job_Run3(727, 100, 2,
                    80, 200,
                    1, 1, 1, 7);
.q

ENTERED run_condor_job_Run3()
JOBID = 727
  global job = 727  Job 27/100  events [1537380, 1594320)  total=5694000
Processing events [1537380, 1594320) of 5694000
weight: 4.34404e-07
eec: 1175.13
weight: 2.88288e-05
eec: 541.38
weight: 7.46231e-05
eec: 158.286
weight: 0.000475454
eec: 643.377
weight: 6.69851e-06
eec: 661.585
weight: 3.40439e-07
eec: 339.676
weight: 7.90687e-05
eec: 552.732
weight: 2.92515e-05
eec: 1680.88
weight: 3.01997e-05
eec: 497.817
weight: 3.58819e-05
eec: 224.901
weight: 2.75453e-06
eec: 729.865
weight: 4.83994e-06
eec: 10.0118
weight: 5.21673e-05
eec: 1769.74
weight: 2.80738e-05
eec: 728.672
weight: 1.73165e-06
eec: 618.354
weight: 3.34533e-05
eec: 431.84
weight: 8.89172e-06
eec: 3871.99
weight: 0.000937411
eec: 142.054
weight: 5.38246e-06
eec: 306.642
weight: 0.000205315
eec: 408.859
weight: 0.000164306
eec: 460.671
weight: 2.08971e-05
eec: 166.601
weight: 0.00040104
eec: 393.166
weight: 4.92419e-05
eec: 556.844
weight: 8.39577e-07
eec: 775.939
weight: 5.39484e-06
eec: 339.618
weight: 0.000296908
eec: 140.862
weight: 1.81264e-05
eec: 1240.37
weight: 6.44729e-06
eec: 1496.79
weight: 3.43802e-05
eec: 1088.6
weight: 4.73922e-06
eec: 1565.74
weight: 2.72573e-07
eec: 466.734
weight: 7.3368e-05
eec: 1193.1
weight: 0.00015084
eec: 167.512
weight: 6.95482e-05
eec: 434.799
weight: 3.61773e-05
eec: 349.454
weight: 6.09029e-05
eec: 88.4124
weight: 1.86536e-06
eec: 177.431
weight: 3.19197e-06
eec: 309.854
weight: 4.06603e-06
eec: 1472.38
weight: 0.000244084
eec: 158.922
weight: 3.76553e-05
eec: 283.672
weight: 4.23568e-05
eec: 1303.61
weight: 1.96673e-05
eec: 2909.54
weight: 0.000345511
eec: 486.964
weight: 0.000261806
eec: 209.711
weight: 2.80905e-06
eec: 667.384
weight: 8.57596e-06
eec: 1011.28
weight: 1.02436e-05
eec: 510.835
weight: 5.29652e-05
eec: 611.118
weight: 0.000107973
eec: 963.78
weight: 2.70898e-05
eec: 352.59
weight: 0.000193087
eec: 323.381
weight: 0.000303066
eec: 79.4577
weight: 7.81877e-06
eec: 1212.03
weight: 3.44338e-05
eec: 347.342
Processing: 27.2216 %weight: 2.50953e-06
eec: 466.312
weight: 6.35485e-05
eec: 362.99
weight: 1.4592e-07
eec: 628.586
weight: 4.32029e-05
eec: 961.755
weight: 1.23653e-06
eec: 91.5658
weight: 1.00115e-05
eec: 116.407
weight: 2.1898e-05
eec: 2001.45
weight: 1.22841e-05
eec: 1534.27
weight: 3.80582e-05
eec: 498.326
weight: 3.48819e-05
eec: 999.731
weight: 0.000726027
eec: 200.742
weight: 1.33629e-05
eec: 138.747
weight: 6.47936e-06
eec: 124.238
weight: 3.47462e-05
eec: 639.567
weight: 7.07361e-05
eec: 563.312
weight: 6.97865e-06
eec: 264.748
weight: 8.27062e-05
eec: 29.286
weight: 1.11637e-05
eec: 1019.29
weight: 3.53431e-05
eec: 165.196
weight: 3.60237e-05
eec: 1059.25
weight: 0.000239989
eec: 428.758
weight: 5.96519e-06
eec: 3561.71
weight: 8.37251e-06
eec: 882.402
weight: 3.52023e-05
eec: 842.868
weight: 5.19064e-06
eec: 103.17
weight: 1.44361e-05
eec: 1007.65
weight: 1.18474e-07
eec: 5.18506
weight: 6.74384e-06
eec: 376.339
weight: 6.68224e-05
eec: 23.2064
weight: 7.71439e-07
eec: 339.217
weight: 1.01522e-06
eec: 2126.63
weight: 1.77722e-05
eec: 477.066
weight: 2.44691e-05
eec: 922.861
weight: 8.406e-05
eec: 164.252
weight: 2.03451e-08
eec: 807.477
weight: 1.83811e-07
eec: 530.634
weight: 1.90354e-05
eec: 870.713
weight: 9.00595e-05
eec: 297.865
weight: 8.60365e-05
eec: 110.674
weight: 1.30467e-06
eec: 447.049
weight: 8.66523e-05
eec: 142.168
weight: 0.00044442
eec: 439.421
weight: 7.65481e-05
eec: 197.265
weight: 1.68936e-05
eec: 3.91584
weight: 2.09092e-06
eec: 120.537
weight: 0.000139873
eec: 440.669
weight: 5.62021e-06
eec: 244.574
weight: 0.00364621
eec: 101.66
weight: 1.6967e-06
eec: 668.297
weight: 2.66017e-06
eec: 461.905
weight: 2.29079e-06
eec: 1805.78
weight: 0.000139311
eec: 353.768
weight: 1.1479e-05
eec: 935.643
weight: 0.000347452
eec: 386.733
weight: 0.000451403
eec: 898.337
weight: 1.222e-05
eec: 353.548
weight: 1.24062e-05
eec: 997.943
weight: 4.82823e-06
eec: 458.86
weight: 4.25618e-06
eec: 2272.81
weight: 5.77745e-05
eec: 645.882
weight: 1.91564e-05
eec: 1002.99
weight: 0.000162499
eec: 25.1978
weight: 4.32561e-05
eec: 358.918
weight: 4.41167e-06
eec: 536.641
weight: 1.78688e-05
eec: 117.968
weight: 1.5175e-05
eec: 1142.39
weight: 3.54099e-05
eec: 611.952
weight: 1.42151e-05
eec: 761.288
weight: 3.92137e-06
eec: 1885.86
weight: 2.39513e-07
eec: 857.898
weight: 6.06555e-05
eec: 407.202
weight: 1.61971e-05
eec: 213.537
weight: 6.06972e-06
eec: 1076.24
weight: 2.2335e-05
eec: 1422.36
weight: 0.000141573
eec: 90.8748
weight: 1.70896e-05
eec: 88.1526
weight: 1.02664e-07
eec: 239.624
weight: 5.14028e-06
eec: 1877.98
weight: 8.04322e-05
eec: 490.31
weight: 1.63383e-05
eec: 966.861
weight: 2.46848e-06
eec: 139.845
weight: 4.18322e-05
eec: 126.144
weight: 8.54101e-06
eec: 142.034
weight: 2.11651e-05
eec: 251.168
weight: 6.83519e-05
eec: 1919.71
weight: 1.54856e-06
eec: 287.073
weight: 3.39234e-05
eec: 618.952
weight: 4.76186e-05
eec: 129.196
weight: 3.29726e-05
eec: 272.228
weight: 5.79936e-05
eec: 226.629
weight: 2.44024e-05
eec: 359.429
weight: 2.71698e-05
eec: 277.942
weight: 5.64667e-05
eec: 535.675
weight: 4.17587e-06
eec: 320.181
weight: 3.24847e-05
eec: 165.267
weight: 5.38975e-05
eec: 205.484
weight: 7.58117e-05
eec: 129.231
weight: 3.55396e-05
eec: 239.526
weight: 1.3991e-05
eec: 113.82
weight: 1.1372e-05
eec: 41.0712
weight: 1.21368e-05
eec: 50.074
weight: 2.0561e-08
eec: 548.762
weight: 9.19444e-06
eec: 1842.51
weight: 1.95334e-05
eec: 125.355
weight: 9.80783e-06
eec: 404.207
weight: 6.90608e-06
eec: 1589.83
weight: 0.000380101
eec: 668.657
weight: 3.98074e-05
eec: 12.1268
weight: 0.000211219
eec: 336.35
weight: 8.19876e-06
eec: 291.384
weight: 4.18851e-05
eec: 340.013
weight: 0.000570582
eec: 779.295
weight: 2.35596e-05
eec: 164.167
weight: 0.00018612
eec: 608.282
weight: 6.5897e-05
eec: 199.413
weight: 1.06487e-05
eec: 1095.18
weight: 9.83727e-06
eec: 122.219
weight: 1.52303e-05
eec: 75.9041
weight: 0.000201567
eec: 92.5769
weight: 8.36758e-06
eec: 1758.54
weight: 0.000289059
eec: 115.791
weight: 0.000178308
eec: 225.069
weight: 0.000356669
eec: 362.511
weight: 0.000814517
eec: 267.985
weight: 0.00075242
eec: 62.9289
weight: 7.65541e-06
eec: 591.885
weight: 1.78841e-06
eec: 919.779
weight: 6.74614e-05
eec: 80.2995
weight: 0.000311687
eec: 655.157
weight: 0.000259911
eec: 461.517
weight: 7.52305e-05
eec: 529.784
weight: 5.65887e-06
eec: 109.417
weight: 1.63025e-05
eec: 736.365
weight: 8.28522e-09
eec: 362.65
weight: 6.48289e-05
eec: 94.4088
weight: 4.2768e-05
eec: 423.037
weight: 7.79029e-05
eec: 1070.05
weight: 2.03102e-05
eec: 164.95
weight: 1.1625e-05
eec: 1563.68
weight: 1.30131e-07
eec: 218.606
weight: 2.07385e-05
eec: 1601.46
weight: 7.77822e-05
eec: 201.926
weight: 4.40638e-05
eec: 36.9239
weight: 0.00224132
eec: 657.095
weight: 1.99306e-05
eec: 74.4195
weight: 0.000386023
eec: 79.4532
weight: 7.10917e-05
eec: 665.218
weight: 5.66453e-05
eec: 305.232
weight: 8.82295e-06
eec: 1291.64
weight: 1.04319e-05
eec: 38.8205
weight: 7.2181e-06
eec: 556.186
weight: 1.85418e-06
eec: 139.268
weight: 6.53878e-05
eec: 413.328
weight: 6.27399e-05
eec: 297.491
weight: 1.07013e-07
eec: 345.596
weight: 8.49216e-05
eec: 774.863
weight: 1.74411e-05
eec: 940.206
weight: 5.31424e-05
eec: 451.637
weight: 4.90808e-05
eec: 723.059
weight: 7.63501e-05
eec: 889.52
weight: 9.91938e-06
eec: 2625.93
weight: 7.95285e-06
eec: 1730.69
weight: 4.51459e-05
eec: 108.359
weight: 0.000107917
eec: 290.633
weight: 3.63984e-05
eec: 94.3124
weight: 1.15584e-05
eec: 459.153

ROOT exit code = 0
