gSystem->Load("run_condor_job_Run3_C.so");
run_condor_job_Run3(342, 100, 2,
                    80, 200,
                    1, 1, 1, 3);
.q

ENTERED run_condor_job_Run3()
JOBID = 342
  global job = 342  Job 42/100  events [2520000, 2580000)  total=6000000
Processing events [2520000, 2580000) of 6000000
weight: 0.000138681
eec: 87.4586
weight: 1.29237e-05
eec: 34.4247
weight: 3.04041e-05
eec: 217.096
weight: 1.05914e-05
eec: 1110.54
weight: 9.28374e-06
eec: 12.0073
weight: 0.000156674
eec: 31.3633
weight: 3.2633e-08
eec: 371.735
weight: 9.90631e-06
eec: 2488.5
weight: 2.47024e-06
eec: 648.734
weight: 0.000543497
eec: 611.959
weight: 6.26157e-07
eec: 201.678
weight: 0.000452151
eec: 301.939
weight: 0.000405352
eec: 21.0298
weight: 2.34175e-05
eec: 473.627
weight: 1.44161e-05
eec: 1151.35
weight: 9.69454e-05
eec: 470.986
weight: 7.59465e-05
eec: 387.337
weight: 6.27796e-05
eec: 196.413
weight: 6.00491e-05
eec: 596.463
weight: 0.000108291
eec: 580.84
weight: 1.53759e-05
eec: 121.38
weight: 6.08574e-05
eec: 240.386
weight: 5.46843e-05
eec: 956.853
weight: 9.16695e-07
eec: 571.848
weight: 0.000780479
eec: 388.634
weight: 3.27114e-05
eec: 168.315
weight: 8.81551e-06
eec: 81.4539
weight: 0.00171799
eec: 93.3109
weight: 1.21528e-05
eec: 247.931
weight: 7.76694e-06
eec: 2577.21
weight: 1.78561e-05
eec: 73.062
weight: 0.000144957
eec: 1123.04
weight: 0.000293658
eec: 339.073
weight: 0.00011236
eec: 71.3796
weight: 2.69418e-06
eec: 698.741
weight: 1.21061e-05
eec: 146.946
weight: 5.69428e-06
eec: 889.535
weight: 2.49916e-05
eec: 330.816
weight: 0.000205236
eec: 156.383
weight: 4.98359e-05
eec: 280.213
weight: 0.000192134
eec: 26.006
weight: 4.05186e-08
eec: 1469.72
weight: 6.36784e-05
eec: 177.709
weight: 2.78846e-05
eec: 72.1349
weight: 0.000230119
eec: 506.973
weight: 1.46797e-05
eec: 234.429
weight: 9.66516e-07
eec: 456.24
weight: 1.72049e-05
eec: 890.265
weight: 4.49914e-05
eec: 440.06
weight: 8.70571e-07
eec: 1454.32
weight: 4.39115e-06
eec: 145.876
weight: 5.54249e-05
eec: 410.697
weight: 2.15396e-06
eec: 258.756
weight: 5.82985e-05
eec: 463.652
weight: 3.18737e-05
eec: 449.962
weight: 7.085e-06
eec: 320.696
weight: 1.17877e-08
eec: 548.347
weight: 1.25897e-06
eec: 582.064
weight: 0.000119397
eec: 195.384
weight: 6.66826e-05
eec: 127.172
weight: 1.60173e-05
eec: 49.2453
weight: 3.74493e-05
eec: 255.729
weight: 2.86142e-05
eec: 28.9029
weight: 5.19149e-05
eec: 221.804
weight: 2.58542e-05
eec: 2544.94
weight: 5.80696e-05
eec: 16.4215
weight: 5.18996e-05
eec: 334.058
weight: 0.000362092
eec: 238.753
weight: 4.2457e-05
eec: 640.845
weight: 2.63685e-05
eec: 245.886
weight: 2.69405e-05
eec: 217.209
weight: 8.15264e-05
eec: 1954.58
weight: 9.64326e-06
eec: 1135.78
weight: 2.22664e-05
eec: 1052.04
weight: 9.54387e-06
eec: 1136.67
weight: 0.000221444
eec: 813.374
weight: 5.85342e-05
eec: 1335.92
weight: 8.74541e-05
eec: 1412.23
weight: 0.000104722
eec: 504.618
weight: 1.64272e-05
eec: 498.331
weight: 1.5927e-05
eec: 3163.98
weight: 0.000277618
eec: 533.113
weight: 9.51966e-05
eec: 156.796
weight: 8.46684e-06
eec: 559.559
weight: 3.44021e-07
eec: 218.676
weight: 0.000130092
eec: 117.396
weight: 5.16689e-06
eec: 894.828
weight: 0.000149618
eec: 393.032
weight: 9.73345e-05
eec: 761.713
weight: 6.34378e-06
eec: 76.2371
weight: 0.000150851
eec: 746.979
weight: 1.50465e-05
eec: 261.272
weight: 0.000341456
eec: 29.5819
weight: 2.48882e-07
eec: 233.268
weight: 8.55046e-06
eec: 108.326
weight: 0.000111658
eec: 286.276
weight: 2.04845e-06
eec: 346.402
weight: 3.22686e-06
eec: 1035.98
weight: 0.000267021
eec: 69.3924
weight: 1.21403e-05
eec: 831.749
weight: 0.000627741
eec: 659.8
weight: 9.83451e-05
eec: 15.0886
weight: 0.000129454
eec: 620.62
weight: 1.34778e-06
eec: 342.952
weight: 1.80249e-05
eec: 297.902
weight: 1.57009e-05
eec: 3533.78
weight: 0.000215488
eec: 339.359
weight: 3.22665e-05
eec: 70.2698
weight: 9.83779e-05
eec: 618.642
weight: 1.87066e-05
eec: 555.79
weight: 6.25363e-05
eec: 923.73
weight: 7.50248e-06
eec: 576.161
weight: 3.62877e-05
eec: 1050.74
weight: 1.1355e-05
eec: 354.569
weight: 7.45645e-06
eec: 723.809
weight: 5.61255e-05
eec: 621.702
weight: 1.98151e-07
eec: 24.7945
weight: 2.69928e-05
eec: 496.032
weight: 2.54876e-06
eec: 250.564
weight: 0.000156179
eec: 233.214
Processing: 42.5 %weight: 4.3078e-05
eec: 326.785
weight: 0.000201771
eec: 16.2142
weight: 3.64963e-05
eec: 439.453
weight: 1.04319e-05
eec: 120.321
weight: 5.07911e-05
eec: 376.49
weight: 1.18083e-05
eec: 783.255
weight: 7.55861e-05
eec: 994.663
weight: 1.01526e-05
eec: 1563.49
weight: 2.62599e-05
eec: 391.244
weight: 2.83657e-05
eec: 190.353
weight: 0.000242027
eec: 80.4988
weight: 0.000235863
eec: 337.706
weight: 3.13042e-05
eec: 1398.87
weight: 1.88805e-05
eec: 292.728
weight: 4.71493e-06
eec: 57.1391
weight: 9.19796e-06
eec: 153.305
weight: 4.24435e-05
eec: 212.414
weight: 8.06421e-06
eec: 603.99
weight: 7.21066e-06
eec: 925.9
weight: 3.15984e-06
eec: 52.6938
weight: 1.1318e-06
eec: 371.817
weight: 0.000170162
eec: 799.289
weight: 0.00685366
eec: 16.5988
weight: 0.000175466
eec: 158.454
weight: 2.76092e-05
eec: 167.658
weight: 5.27833e-05
eec: 303.071
weight: 0.00010669
eec: 344.34
weight: 3.34727e-06
eec: 1065.49
weight: 1.11275e-05
eec: 2131.02
weight: 4.08098e-06
eec: 324.276
weight: 7.57857e-05
eec: 223.713
weight: 8.85782e-06
eec: 1447.52
weight: 1.56698e-05
eec: 517.965
weight: 0.000166178
eec: 155.57
weight: 2.45121e-07
eec: 1916.62
weight: 1.04412e-05
eec: 130.246
weight: 2.94342e-05
eec: 279.645
weight: 6.25825e-06
eec: 169.415
weight: 7.25676e-05
eec: 1749.98
weight: 0.000593425
eec: 232.722
weight: 2.71867e-06
eec: 1316.79
weight: 0.000158896
eec: 78.187
weight: 5.70944e-06
eec: 3797.87
weight: 2.98068e-05
eec: 402.192
weight: 8.81603e-05
eec: 541.437
weight: 4.89289e-06
eec: 167.898
weight: 1.14823e-05
eec: 206.278
weight: 3.38536e-05
eec: 852.234
weight: 0.000258398
eec: 104.085
weight: 5.055e-05
eec: 406.033
weight: 5.82605e-05
eec: 241.023
weight: 0.000143261
eec: 266.232
weight: 3.72413e-05
eec: 89.4056
weight: 3.48193e-05
eec: 49.7239
weight: 6.20294e-05
eec: 43.0588
weight: 7.79957e-05
eec: 72.7626
weight: 0.000216815
eec: 266.494
weight: 5.01858e-05
eec: 115.785
weight: 0.000121547
eec: 1400.94
weight: 0.000119041
eec: 75.3662
weight: 2.12511e-05
eec: 194.339
weight: 4.5423e-05
eec: 52.5583
weight: 0.000178979
eec: 98.4803
weight: 1.72616e-05
eec: 1162.04
weight: 2.4563e-06
eec: 273.727
weight: 0.000412129
eec: 869.877
weight: 0.000156398
eec: 469.859
weight: 3.82668e-06
eec: 1146.39
weight: 9.66568e-05
eec: 89.1945
weight: 0.00367248
eec: 917.688
weight: 6.08606e-07
eec: 281.55
weight: 4.30744e-05
eec: 1057.94
weight: 7.31799e-05
eec: 53.1363
weight: 2.11894e-05
eec: 633.941
weight: 2.42242e-05
eec: 250.444
weight: 7.64603e-05
eec: 185.733
weight: 1.35939e-05
eec: 807.102
weight: 1.55605e-05
eec: 929.484
weight: 2.71112e-05
eec: 1913.82
weight: 2.71112e-05
eec: 230.911
weight: 0.000126667
eec: 31.3866
weight: 3.74734e-05
eec: 352.6
weight: 4.68387e-05
eec: 979.505
weight: 8.14917e-05
eec: 747.741
weight: 7.01974e-05
eec: 831.38
weight: 2.47465e-05
eec: 1258.01
weight: 9.05293e-06
eec: 244.612
weight: 9.16726e-06
eec: 430.662
weight: 1.35795e-05
eec: 1021.67
weight: 1.46219e-07
eec: 180.64
weight: 5.96333e-05
eec: 77.4298
weight: 0.000177917
eec: 173.941
weight: 0.00011697
eec: 135.088
weight: 1.53021e-05
eec: 318.399
weight: 9.10583e-06
eec: 1073.04
weight: 4.54889e-06
eec: 2354.5
weight: 6.51964e-05
eec: 410.395
weight: 2.61969e-05
eec: 687.22
weight: 1.36953e-05
eec: 77.6958
weight: 0.000277139
eec: 510.489
weight: 7.29613e-05
eec: 633.567
weight: 6.68286e-05
eec: 821.251
weight: 6.0816e-05
eec: 288.18
weight: 0.000135237
eec: 786.196
weight: 0.00010511
eec: 228.194
weight: 9.2495e-06
eec: 278.408

ROOT exit code = 0
