gSystem->Load("run_condor_job_Run3_C.so");
run_condor_job_Run3(966, 100, 2,
                    80, 200,
                    1, 1, 1, 9);
.q

ENTERED run_condor_job_Run3()
JOBID = 966
  global job = 966  Job 66/100  events [3924360, 3983820)  total=5946000
Processing events [3924360, 3983820) of 5946000
weight: 1.94025e-05
eec: 605.68
weight: 2.44682e-06
eec: 205.015
weight: 3.99574e-06
eec: 450.085
weight: 0.000256485
eec: 1942.73
weight: 0.000322379
eec: 500.609
weight: 0.000213427
eec: 674.303
weight: 0.000953957
eec: 254.757
weight: 1.57522e-05
eec: 824.197
weight: 2.74683e-06
eec: 4165.21
weight: 0.000136428
eec: 1064.79
weight: 0.000185536
eec: 642.811
weight: 0.000346903
eec: 330.848
weight: 2.97734e-05
eec: 32.5667
weight: 9.99674e-06
eec: 47.4923
weight: 0.000117687
eec: 394.16
weight: 1.44032e-05
eec: 406.894
weight: 3.78145e-06
eec: 165.869
weight: 5.8406e-05
eec: 1611.6
weight: 0.000103143
eec: 1578.42
weight: 6.16983e-05
eec: 163.71
weight: 0.000280491
eec: 267.454
weight: 0.000680962
eec: 1292.57
weight: 1.49624e-05
eec: 313.716
weight: 1.04587e-05
eec: 258.487
weight: 4.22967e-05
eec: 725.722
weight: 4.3247e-05
eec: 204.754
weight: 7.795e-05
eec: 1929.21
weight: 2.11708e-05
eec: 1941.02
weight: 2.61179e-06
eec: 2010.47
weight: 0.000117248
eec: 872.883
weight: 1.98107e-05
eec: 208.374
weight: 3.78262e-06
eec: 415.259
weight: 1.10912e-05
eec: 578.541
weight: 2.69915e-05
eec: 602.346
weight: 5.76422e-05
eec: 1310.65
weight: 5.79085e-06
eec: 280.302
weight: 3.07524e-05
eec: 1103.78
weight: 2.75513e-05
eec: 623.119
weight: 0.00133618
eec: 100.198
weight: 5.12995e-05
eec: 877.485
weight: 1.96867e-05
eec: 370.522
weight: 4.20151e-08
eec: 152.371
weight: 0.000195434
eec: 74.9924
weight: 7.66386e-07
eec: 2704.46
weight: 7.07184e-06
eec: 248.103
weight: 1.12541e-05
eec: 120.232
weight: 0.000372119
eec: 47.9243
weight: 0.000433724
eec: 253.376
weight: 9.24882e-05
eec: 99.5502
weight: 5.21632e-06
eec: 2092.3
weight: 7.5676e-05
eec: 962.179
weight: 1.50395e-05
eec: 2145.24
weight: 1.26586e-06
eec: 629.902
weight: 4.48717e-05
eec: 192.509
weight: 2.13268e-06
eec: 260.868
weight: 1.00583e-05
eec: 125.492
weight: 1.55341e-06
eec: 2356.46
weight: 0.000271477
eec: 1069.8
weight: 9.6338e-06
eec: 1553.15
weight: 0.00923699
eec: 230.143
weight: 0.000174192
eec: 203.217
weight: 1.06306e-05
eec: 519.917
weight: 0.000252505
eec: 307.132
weight: 1.74902e-05
eec: 275.237
weight: 0.000511025
eec: 749.788
weight: 0.000196555
eec: 425.189
weight: 1.95934e-05
eec: 1444.77
weight: 4.17915e-05
eec: 29.1655
weight: 3.12803e-06
eec: 582.992
weight: 0.000357008
eec: 19.0406
weight: 0.000131525
eec: 561.339
weight: 0.000296877
eec: 180.742
weight: 3.16317e-05
eec: 460.292
weight: 1.47549e-05
eec: 68.1877
weight: 0.000300303
eec: 122.738
weight: 1.62299e-05
eec: 534.704
weight: 4.93256e-05
eec: 1082.46
weight: 0.000109403
eec: 208.623
weight: 0.000407386
eec: 1355.94
weight: 0.000177821
eec: 376.575
weight: 0.000414844
eec: 431.38
weight: 0.000105808
eec: 302.033
weight: 0.000181803
eec: 43.172
weight: 0.000314133
eec: 186.441
weight: 0.0002522
eec: 522.339
weight: 0.000172117
eec: 179.562
weight: 9.2588e-07
eec: 48.5792
weight: 0.000376103
eec: 801.005
weight: 9.78041e-06
eec: 181.993
weight: 0.000176872
eec: 82.8619
weight: 4.31382e-05
eec: 197.493
weight: 8.75192e-06
eec: 854.371
weight: 0.00012188
eec: 453.434
weight: 1.51431e-06
eec: 648.271
weight: 7.11275e-05
eec: 2462.56
weight: 0.000136985
eec: 758.496
Processing: 66.4312 %weight: 2.49486e-05
eec: 670.876
weight: 8.64609e-06
eec: 106.824
weight: 7.59648e-06
eec: 176.518
weight: 1.40548e-05
eec: 1499.6
weight: 9.879e-06
eec: 59.8662
weight: 0.00125298
eec: 596.655
weight: 2.41495e-06
eec: 441.425
weight: 9.94011e-05
eec: 191.304
weight: 0.00054914
eec: 558.833
weight: 8.36981e-06
eec: 149.037
weight: 8.44096e-05
eec: 198.448
weight: 3.29148e-05
eec: 180.022
weight: 8.13019e-05
eec: 463.759
weight: 1.09048e-05
eec: 1208.34
weight: 0.00146492
eec: 463.938
weight: 1.57527e-05
eec: 840.055
weight: 2.70247e-05
eec: 503.845
weight: 0.000201831
eec: 63.4657
weight: 0.000288457
eec: 461.319
weight: 1.72297e-05
eec: 505.47
weight: 4.87203e-07
eec: 142.085
weight: 9.29196e-05
eec: 218.126
weight: 1.78175e-05
eec: 164.409
weight: 0.000116661
eec: 288.746
weight: 1.93323e-05
eec: 307.115
weight: 6.79299e-05
eec: 1212.74
weight: 1.3263e-05
eec: 373.774
weight: 2.61294e-05
eec: 652.348
weight: 3.32464e-06
eec: 291.496
weight: 1.05426e-05
eec: 238.674
weight: 1.5732e-05
eec: 651.021
weight: 0.000545085
eec: 470.414
weight: 3.78212e-06
eec: 47.4189
weight: 1.00291e-05
eec: 883.742
weight: 2.35067e-05
eec: 275.818
weight: 1.17203e-05
eec: 2506.49
weight: 4.5621e-06
eec: 6.22346
weight: 1.3709e-05
eec: 1369.83
weight: 0.000361917
eec: 930.245
weight: 6.35416e-07
eec: 101.01
weight: 0.000201027
eec: 467.54
weight: 4.795e-08
eec: 572.982
weight: 3.0228e-06
eec: 142.217
weight: 4.6676e-05
eec: 231.11
weight: 1.37604e-05
eec: 789.636
weight: 6.63676e-06
eec: 218.898
weight: 2.10448e-05
eec: 28.2109
weight: 1.07629e-05
eec: 1004.78
weight: 3.67389e-06
eec: 284.635
weight: 1.76421e-05
eec: 92.1789
weight: 2.41792e-05
eec: 163.652
weight: 2.6938e-05
eec: 104.654
weight: 8.73943e-08
eec: 223.356
weight: 0.000194069
eec: 281.47
weight: 8.76223e-06
eec: 713.679
weight: 2.39466e-05
eec: 229.579
weight: 0.000359969
eec: 57.5302
weight: 3.05531e-05
eec: 49.5698
weight: 3.44985e-05
eec: 1949.8
weight: 0.000181963
eec: 113.047
weight: 6.06298e-06
eec: 1476.2
weight: 0.000235712
eec: 1311.87
weight: 0.000189104
eec: 1108.03
weight: 8.76108e-05
eec: 592.69
weight: 2.05432e-05
eec: 1251.2
weight: 0.000282411
eec: 93.6766
weight: 9.57598e-06
eec: 264.128
weight: 3.76153e-06
eec: 1507.37
weight: 6.60583e-05
eec: 934.728
weight: 1.73676e-05
eec: 464.264
weight: 1.40971e-05
eec: 1299.35
weight: 5.85595e-06
eec: 1533.21
weight: 5.64731e-05
eec: 242.508
weight: 3.82477e-07
eec: 3343.8
weight: 1.69118e-05
eec: 282.203
weight: 5.90975e-06
eec: 2454.84
weight: 2.00466e-06
eec: 1218.41
weight: 4.0796e-05
eec: 32.3444
weight: 4.0305e-06
eec: 3785.55
weight: 4.276e-06
eec: 1675.42
weight: 1.8616e-05
eec: 268.75
weight: 6.7663e-06
eec: 2041.52
weight: 1.66228e-05
eec: 760.37
weight: 7.41368e-05
eec: 447.856
weight: 2.49937e-06
eec: 1168
weight: 1.61871e-05
eec: 616.657
weight: 1.59155e-05
eec: 329.229
weight: 0.000270342
eec: 248.816
weight: 2.5548e-06
eec: 107.677
weight: 0.000109377
eec: 1490.71
weight: 3.21232e-06
eec: 112.165
weight: 0.000143448
eec: 65.6071
weight: 4.38231e-05
eec: 166.943
weight: 0.000162681
eec: 2721.78
weight: 9.46454e-06
eec: 462.052
weight: 9.48167e-05
eec: 232.006
weight: 6.8313e-06
eec: 220.278
weight: 4.27511e-06
eec: 3105.92
weight: 2.66373e-05
eec: 1084.88
weight: 1.09601e-05
eec: 290.71
weight: 9.07872e-06
eec: 1013.14
weight: 0.00024978
eec: 1034.56
weight: 3.45494e-06
eec: 364.512
weight: 0.000119862
eec: 419.631
weight: 6.45212e-07
eec: 707.969
weight: 0.000146536
eec: 467.136
weight: 4.13749e-07
eec: 109.628
weight: 9.6188e-07
eec: 1290.83
weight: 1.24262e-05
eec: 1596.05
weight: 1.24262e-05
eec: 2361.15
weight: 1.01632e-05
eec: 338.534
weight: 2.23312e-07
eec: 410.822
weight: 2.57921e-05
eec: 2325.81
weight: 4.21854e-06
eec: 2375.71
weight: 2.17818e-05
eec: 244.332
weight: 1.67363e-05
eec: 392.359
weight: 0.000122734
eec: 363.472
weight: 2.03993e-06
eec: 177.633
weight: 1.09142e-06
eec: 351.772
weight: 1.23648e-05
eec: 2169.4
weight: 1.52034e-05
eec: 115.455
weight: 7.88842e-06
eec: 851.954
weight: 0.000125143
eec: 50.7828
weight: 0.00213691
eec: 730.764
weight: 3.4333e-05
eec: 1524.81
weight: 2.95108e-06
eec: 643.121
weight: 0.00869262
eec: 58.2221
weight: 9.36031e-06
eec: 1378.76
weight: 0.000167437
eec: 34.9638
weight: 6.56383e-05
eec: 24.6568
weight: 6.01266e-06
eec: 174.323
weight: 3.29711e-05
eec: 69.5632
weight: 0.000145071
eec: 114.799
weight: 7.3606e-05
eec: 259.326
weight: 7.98138e-05
eec: 42.1633
weight: 2.84961e-05
eec: 793.713
weight: 3.07758e-05
eec: 27.5896
weight: 1.41468e-05
eec: 674.312
weight: 4.40457e-05
eec: 1075.3
weight: 7.96522e-06
eec: 314.761
weight: 0.000144145
eec: 99.9763

ROOT exit code = 0
