gSystem->Load("run_condor_job_Run3_C.so");
run_condor_job_Run3(632, 100, 2,
                    80, 200,
                    1, 1, 1, 6);
.q

ENTERED run_condor_job_Run3()
JOBID = 632
  global job = 632  Job 32/100  events [1887360, 1946340)  total=5898000
Processing events [1887360, 1946340) of 5898000
weight: 5.89961e-06
eec: 24.4412
weight: 0.000173714
eec: 1092.88
weight: 0.00023938
eec: 541.299
weight: 5.28143e-05
eec: 969.518
weight: 5.63203e-05
eec: 387.598
weight: 0.000264806
eec: 481.964
weight: 4.96199e-05
eec: 3.21281
weight: 0.000127224
eec: 709.196
weight: 8.05252e-05
eec: 701.434
weight: 3.79929e-05
eec: 388.114
weight: 7.99426e-06
eec: 158.519
weight: 1.70755e-05
eec: 514.361
weight: 0.000253634
eec: 388.302
weight: 6.53929e-05
eec: 307.88
weight: 0.000142569
eec: 270.593
weight: 6.5688e-06
eec: 194.569
weight: 1.94563e-07
eec: 935.78
weight: 8.97317e-06
eec: 389.129
weight: 1.4368e-05
eec: 106.336
weight: 5.75435e-05
eec: 412.892
weight: 1.46407e-05
eec: 81.7232
weight: 4.96581e-05
eec: 1084.23
weight: 0.000228138
eec: 256.046
weight: 2.92615e-05
eec: 1504.48
weight: 1.41192e-06
eec: 914.687
weight: 1.0707e-05
eec: 792.873
weight: 4.23459e-05
eec: 79.7586
weight: 0.00011489
eec: 455.325
weight: 2.47057e-05
eec: 680.521
weight: 7.46214e-07
eec: 503.276
weight: 0.000144406
eec: 637.92
weight: 3.14861e-05
eec: 1980.87
weight: 4.25192e-05
eec: 360.339
weight: 5.70091e-05
eec: 1419.79
weight: 5.45486e-06
eec: 116.901
weight: 2.29743e-05
eec: 1074.78
weight: 2.94737e-05
eec: 2341.31
weight: 1.08126e-05
eec: 366.764
weight: 2.36108e-05
eec: 420.087
weight: 0.000106623
eec: 31.2022
weight: 1.83726e-06
eec: 365.851
weight: 1.34339e-05
eec: 93.9383
weight: 3.41478e-05
eec: 34.8016
weight: 8.15604e-06
eec: 489.637
weight: 0.000289671
eec: 1138.53
weight: 2.54724e-06
eec: 1970.27
weight: 1.83936e-05
eec: 41.4204
weight: 1.83936e-05
eec: 385.373
weight: 1.45495e-05
eec: 756.248
weight: 3.60955e-05
eec: 397.102
weight: 1.04212e-07
eec: 173.511
weight: 1.52459e-06
eec: 31.6666
weight: 7.18998e-05
eec: 329.728
weight: 9.52979e-06
eec: 488.591
Processing: 32.2143 %weight: 2.89277e-05
eec: 280.789
weight: 1.18557e-06
eec: 149.486
weight: 7.65866e-05
eec: 319.057
weight: 3.00356e-05
eec: 2520.34
weight: 0.000102189
eec: 816.225
weight: 1.70849e-06
eec: 928.228
weight: 0.000168478
eec: 35.9941
weight: 0.000194962
eec: 185.172
weight: 2.28921e-05
eec: 478.595
weight: 2.73052e-05
eec: 31.0262
weight: 4.58483e-05
eec: 185.325
weight: 4.15201e-06
eec: 895.836
weight: 0.000418593
eec: 846.028
weight: 1.84984e-06
eec: 1919.95
weight: 7.59558e-06
eec: 1267.43
weight: 0.000192282
eec: 490.609
weight: 1.9346e-05
eec: 208.129
weight: 0.000140962
eec: 190.215
weight: 6.17127e-05
eec: 255.589
weight: 1.38634e-05
eec: 5319.76
weight: 6.15725e-05
eec: 461.793
weight: 1.78163e-05
eec: 1185.75
weight: 3.10259e-06
eec: 133.647
weight: 0.000602364
eec: 48.5929
weight: 3.28045e-05
eec: 678.206
weight: 4.37426e-07
eec: 1256.76
weight: 1.17096e-06
eec: 378.249
weight: 1.39982e-05
eec: 179.3
weight: 2.16432e-05
eec: 348.082
weight: 3.54604e-05
eec: 536.869
weight: 1.04251e-05
eec: 1982.57
weight: 4.25558e-05
eec: 1055.59
weight: 3.30207e-05
eec: 408.668
weight: 8.72588e-05
eec: 425.317
weight: 0.000526307
eec: 128.778
weight: 8.11298e-07
eec: 65.5024
weight: 2.86989e-05
eec: 230.192
weight: 0.000293754
eec: 284.823
weight: 0.000102409
eec: 1249.48
weight: 3.03392e-05
eec: 112.569
weight: 1.34566e-07
eec: 48.1555
weight: 9.61257e-06
eec: 699.383
weight: 8.00366e-05
eec: 343.765
weight: 0.00011832
eec: 101.394
weight: 1.11515e-05
eec: 66.0205
weight: 7.56494e-06
eec: 275.778
weight: 0.000123944
eec: 626.256
weight: 6.10486e-05
eec: 103.021
weight: 6.63738e-07
eec: 247.54
weight: 1.05763e-06
eec: 118.931
weight: 2.64453e-06
eec: 309.909
weight: 4.37401e-06
eec: 46.3994
weight: 0.000334617
eec: 191.667
weight: 7.47747e-05
eec: 102.309
weight: 4.15978e-06
eec: 108.65
weight: 2.11414e-06
eec: 882.027
weight: 9.78632e-06
eec: 584.321
weight: 5.34172e-05
eec: 354.788
weight: 2.2858e-06
eec: 678.073
weight: 2.08153e-05
eec: 390.764
weight: 5.9868e-06
eec: 1047.03
weight: 4.54073e-07
eec: 199.723
weight: 4.51507e-05
eec: 1283.84
weight: 0.000110313
eec: 284.595
weight: 1.06398e-05
eec: 505.996
weight: 0.000376044
eec: 52.3149
weight: 9.19012e-06
eec: 500.086
weight: 9.47641e-06
eec: 1183.38
weight: 0.000112073
eec: 95.7841
weight: 5.74317e-06
eec: 2129.99
weight: 0.00021284
eec: 170.418
weight: 1.18103e-05
eec: 1140.62
weight: 0.000143368
eec: 321.401
weight: 2.11949e-05
eec: 11.2565
weight: 3.06581e-07
eec: 330.71
weight: 0.00012178
eec: 204.239
weight: 0.000996607
eec: 459.321
weight: 0.000467641
eec: 37.7268
weight: 5.37164e-06
eec: 781.992
weight: 0.000306039
eec: 42.0279
weight: 1.68828e-05
eec: 37.2769
weight: 1.62022e-05
eec: 30.7713
weight: 5.65083e-05
eec: 573.265
weight: 5.1619e-05
eec: 78.9567
weight: 4.76887e-05
eec: 324.452
weight: 0.000107616
eec: 409.939
weight: 0.000112074
eec: 315.589
weight: 1.26602e-05
eec: 828.217
weight: 2.13812e-06
eec: 364.871
weight: 2.69506e-06
eec: 766.749
weight: 1.77451e-05
eec: 380.503
weight: 3.52528e-05
eec: 408.418
weight: 3.90888e-05
eec: 45.5693
weight: 8.18733e-07
eec: 657.65
weight: 0.000390123
eec: 211.478
weight: 0.000390123
eec: 312.051
weight: 2.0206e-05
eec: 2808.53
weight: 0.000748356
eec: 36.1736
weight: 0.000356068
eec: 250.308
weight: 0.000317854
eec: 1002.12
weight: 3.95404e-07
eec: 412.603
weight: 2.93308e-05
eec: 170.727
weight: 0.000271511
eec: 16.3397
weight: 1.4708e-06
eec: 1216.44
weight: 7.51642e-05
eec: 1521.38
weight: 5.58038e-06
eec: 807.278
weight: 3.04407e-06
eec: 907.337
weight: 0.000157011
eec: 141.853
weight: 6.20507e-05
eec: 857.766
weight: 0.000122004
eec: 1283.63
weight: 4.55798e-05
eec: 605.092
weight: 9.18604e-05
eec: 747.434
weight: 5.75391e-05
eec: 46.7574
weight: 1.61799e-05
eec: 189.896
weight: 6.44496e-07
eec: 3254.86
weight: 0.000996756
eec: 719.266
weight: 1.58657e-05
eec: 954.822
weight: 7.86622e-05
eec: 578.245
weight: 1.22275e-05
eec: 2.90554
weight: 3.69332e-06
eec: 93.88
weight: 0.000108936
eec: 1777.43
weight: 0.000114044
eec: 1997.36
weight: 7.01614e-05
eec: 386.295
weight: 1.86156e-05
eec: 1061.27
weight: 0.000571341
eec: 263.276
weight: 2.36734e-05
eec: 336.176
weight: 2.56706e-05
eec: 849.57
weight: 0.000100052
eec: 45.7068
weight: 6.12852e-05
eec: 596.798
weight: 8.79824e-05
eec: 49.3351
weight: 1.08125e-05
eec: 134.833
weight: 8.85407e-05
eec: 1097
weight: 3.96918e-05
eec: 1931.32
weight: 1.54103e-05
eec: 522.025
weight: 1.32977e-05
eec: 97.2694
weight: 1.35473e-05
eec: 153.763
weight: 0.00012485
eec: 71.2958
weight: 0.000154465
eec: 429.784
weight: 1.18364e-06
eec: 66.1344
weight: 1.47446e-05
eec: 63.5632
weight: 0.000894301
eec: 59.3191
weight: 9.97584e-05
eec: 288.698
weight: 0.000557645
eec: 389.842
weight: 0.000168477
eec: 288.219
weight: 0.000346095
eec: 14.4322
weight: 1.79222e-05
eec: 513.693
weight: 1.53071e-05
eec: 721.259
weight: 3.80312e-06
eec: 233.12
weight: 1.03463e-05
eec: 277.738
weight: 0.000400085
eec: 165.286
weight: 5.67011e-08
eec: 17.5111
weight: 4.41911e-06
eec: 28.1144
weight: 2.86588e-05
eec: 95.0052
weight: 3.14167e-06
eec: 42.7908
weight: 1.16887e-05
eec: 534.025
weight: 6.5634e-05
eec: 876.052
weight: 3.5107e-05
eec: 348.589
weight: 0.000198909
eec: 412.123
weight: 0.00011975
eec: 857.788
weight: 1.47005e-06
eec: 1146.03
weight: 4.88336e-05
eec: 973.016
weight: 1.16354e-05
eec: 365.274
weight: 3.04277e-06
eec: 56.5742
weight: 2.22647e-05
eec: 701.265
weight: 9.93287e-06
eec: 714.424
weight: 8.98807e-05
eec: 223.23
weight: 1.83321e-06
eec: 1186.07
weight: 2.75693e-05
eec: 745.422
weight: 0.000147284
eec: 1644.96
weight: 2.23614e-06
eec: 375.868
weight: 4.78834e-06
eec: 412.777
weight: 2.64483e-05
eec: 894.055
weight: 3.04497e-05
eec: 1586.88
weight: 2.09997e-05
eec: 628.813
weight: 4.37378e-06
eec: 155.324
weight: 4.47602e-06
eec: 146.45
weight: 3.79977e-06
eec: 522.31
weight: 3.44587e-05
eec: 2374.31
weight: 1.98445e-05
eec: 279.284
weight: 1.71039e-05
eec: 306.062
weight: 5.59781e-06
eec: 296.532
weight: 1.90313e-05
eec: 462.411
weight: 1.90313e-05
eec: 658.947
weight: 5.27658e-06
eec: 2278.66
weight: 4.55536e-07
eec: 331.206
weight: 6.05494e-05
eec: 78.1199
weight: 3.00242e-05
eec: 696.651
weight: 1.28136e-05
eec: 140.102

ROOT exit code = 0
