gSystem->Load("run_condor_job_Run3_C.so");
run_condor_job_Run3(506, 100, 2,
                    80, 200,
                    1, 1, 1, 5);
.q

ENTERED run_condor_job_Run3()
JOBID = 506
  global job = 506  Job 6/100  events [360000, 420000)  total=6000000
Processing events [360000, 420000) of 6000000
weight: 1.69892e-05
eec: 2027.76
weight: 1.72639e-05
eec: 140.431
weight: 7.44229e-06
eec: 465.87
weight: 0.000420146
eec: 187.043
weight: 0.000407356
eec: 1331.29
weight: 9.82577e-05
eec: 483.076
weight: 3.1188e-07
eec: 417.876
weight: 9.31917e-06
eec: 590.358
weight: 0.000601414
eec: 49.5936
weight: 3.41622e-05
eec: 534.2
weight: 4.46557e-05
eec: 993.487
weight: 9.92153e-06
eec: 4364.81
weight: 5.06037e-05
eec: 735.534
weight: 2.51316e-05
eec: 512.009
weight: 0.000173586
eec: 177.536
weight: 2.56263e-05
eec: 153.01
weight: 1.89506e-05
eec: 223.313
weight: 0.000340118
eec: 681.864
weight: 0.000179193
eec: 114.685
weight: 1.81127e-06
eec: 1751.18
weight: 9.53885e-05
eec: 143.835
weight: 2.12675e-05
eec: 236.546
weight: 7.26022e-05
eec: 293.765
weight: 1.1129e-05
eec: 367.868
weight: 9.40164e-05
eec: 1006.82
weight: 8.76184e-07
eec: 114.062
weight: 0.000142436
eec: 268.474
weight: 7.1756e-06
eec: 1654.9
weight: 5.87983e-06
eec: 223.89
weight: 4.50976e-05
eec: 68.3867
weight: 0.000180195
eec: 171.126
weight: 8.02467e-05
eec: 209.538
weight: 9.87756e-06
eec: 204.38
weight: 4.53759e-05
eec: 458.127
weight: 5.93308e-06
eec: 215.643
weight: 5.31322e-06
eec: 481.066
weight: 1.38372e-05
eec: 145.634
weight: 9.87593e-06
eec: 977.144
weight: 8.17569e-05
eec: 686.362
weight: 0.000270762
eec: 694.112
weight: 1.3319e-05
eec: 113.11
weight: 8.86337e-06
eec: 87.0266
weight: 0.000373714
eec: 500.729
weight: 1.68632e-05
eec: 1755.42
weight: 2.76935e-06
eec: 329.014
weight: 7.23549e-05
eec: 306.81
weight: 2.14315e-06
eec: 60.9207
weight: 0.000108472
eec: 1378.31
weight: 4.96151e-05
eec: 301.147
weight: 8.44451e-06
eec: 37.4285
weight: 1.84073e-05
eec: 1256.95
weight: 0.000206047
eec: 169.258
weight: 3.18461e-05
eec: 732.291
weight: 1.03383e-05
eec: 1161.48
weight: 3.5676e-06
eec: 2623.91
weight: 2.73773e-05
eec: 251.383
weight: 6.61059e-06
eec: 309.229
weight: 1.58671e-05
eec: 146.394
weight: 1.77991e-06
eec: 254.026
weight: 1.36615e-06
eec: 2159.24
weight: 8.45873e-08
eec: 249.069
weight: 4.2415e-06
eec: 448.948
weight: 4.04596e-06
eec: 1192.12
weight: 4.04596e-06
eec: 1157.01
weight: 2.39115e-06
eec: 2081.27
weight: 2.91439e-07
eec: 404.034
weight: 2.27135e-05
eec: 643.158
weight: 6.88506e-06
eec: 1017.94
weight: 4.01041e-05
eec: 253.011
weight: 4.36867e-06
eec: 4202.05
weight: 2.11091e-05
eec: 19.9339
weight: 9.81369e-06
eec: 1018.56
weight: 1.08404e-05
eec: 2553.94
weight: 1.28781e-05
eec: 174.756
weight: 7.01455e-05
eec: 214.374
weight: 1.87379e-05
eec: 416.128
weight: 4.07184e-05
eec: 325.749
weight: 1.22641e-05
eec: 5977.69
weight: 3.63945e-07
eec: 373.28
weight: 3.56121e-05
eec: 1481.76
weight: 7.25494e-06
eec: 800.148
weight: 2.33147e-08
eec: 165.777
weight: 3.4195e-06
eec: 99.8488
weight: 1.93997e-06
eec: 2248.25
weight: 7.60308e-05
eec: 386.219
weight: 1.91772e-05
eec: 1403.77
weight: 0.000174478
eec: 24.1921
weight: 9.8149e-05
eec: 494.979
weight: 6.49327e-05
eec: 453.262
weight: 6.2764e-06
eec: 1832.83
weight: 4.46142e-05
eec: 1499.19
weight: 4.7081e-05
eec: 225.159
weight: 6.99715e-06
eec: 915.512
weight: 1.47597e-07
eec: 168.584
weight: 8.42369e-06
eec: 737.044
weight: 1.4047e-05
eec: 370.976
weight: 8.41322e-06
eec: 2560.58
weight: 0.000190689
eec: 78.0738
weight: 0.000475295
eec: 237.017
weight: 0.00028392
eec: 212.448
weight: 1.56707e-05
eec: 471.888
weight: 1.9888e-05
eec: 281.515
weight: 6.83916e-06
eec: 224.364
weight: 0.000111591
eec: 25.9253
weight: 3.44294e-05
eec: 51.618
weight: 8.86398e-07
eec: 1658.64
weight: 0.000603959
eec: 198.691
weight: 4.51144e-08
eec: 1086.82
weight: 0.000188001
eec: 70.7004
weight: 0.000101248
eec: 943.115
weight: 3.92631e-06
eec: 417.01
weight: 3.92631e-06
eec: 19.9889
weight: 4.31125e-06
eec: 2363.51
weight: 2.12463e-05
eec: 1120.58
weight: 5.0238e-05
eec: 284.847
weight: 0.000150296
eec: 155.463
weight: 8.92919e-09
eec: 282.58
weight: 0.000160851
eec: 1024.37
weight: 0.000151444
eec: 1359.42
weight: 0.000265559
eec: 160.576
weight: 1.37722e-07
eec: 2161.58
weight: 5.7321e-06
eec: 185.24
weight: 2.92154e-06
eec: 50.187
weight: 0.000235246
eec: 522.128
weight: 5.42564e-05
eec: 814.957
weight: 2.96371e-06
eec: 231.482
weight: 0.000173381
eec: 366.654
weight: 0.000173381
eec: 867.599
weight: 9.72321e-05
eec: 687.17
weight: 9.62451e-08
eec: 217.175
weight: 1.87136e-05
eec: 410.672
weight: 5.52082e-06
eec: 74.806
weight: 0.000405184
eec: 619.806
weight: 1.89076e-05
eec: 1213.84
weight: 9.2469e-06
eec: 200.841
weight: 2.02622e-05
eec: 935.392
weight: 0.000202576
eec: 629.378
weight: 0.000146817
eec: 301.1
weight: 1.29625e-05
eec: 115.229
weight: 0.000157426
eec: 218.463
weight: 2.88646e-05
eec: 67.9544
weight: 1.60432e-06
eec: 535.249
weight: 7.77647e-06
eec: 1306.08
weight: 0.000101048
eec: 1266.22
weight: 1.53545e-06
eec: 876.89
weight: 5.80613e-05
eec: 1437.82
weight: 9.32777e-06
eec: 2664.41
weight: 8.76301e-06
eec: 62.5095
weight: 3.0053e-06
eec: 265.912
weight: 1.29763e-06
eec: 134.918
weight: 0.000332874
eec: 41.9578
weight: 0.000144756
eec: 638.615
weight: 1.5817e-06
eec: 981.675
Processing: 6.66667 %weight: 6.7882e-06
eec: 89.2123
weight: 1.37609e-06
eec: 68.5692
weight: 0.000389886
eec: 94.082
weight: 0.000288864
eec: 413.212
weight: 6.66773e-06
eec: 429.098
weight: 0.000109864
eec: 36.3732
weight: 0.000117711
eec: 610.942
weight: 0.000392229
eec: 75.3746
weight: 3.34276e-05
eec: 426.24
weight: 0.000229363
eec: 98.1332
weight: 3.12525e-05
eec: 1029.65
weight: 0.0007839
eec: 45.6908
weight: 6.52615e-06
eec: 91.2029
weight: 0.000324711
eec: 425.821
weight: 6.72518e-06
eec: 401.085
weight: 6.72518e-06
eec: 1963.71
weight: 5.19546e-05
eec: 850.957
weight: 2.28561e-07
eec: 149.327
weight: 0.000101501
eec: 30.6713
weight: 5.07898e-06
eec: 268.347
weight: 4.06729e-06
eec: 43.5677
weight: 1.39459e-05
eec: 1002.49
weight: 3.34722e-05
eec: 764.027
weight: 7.07548e-06
eec: 323.096
weight: 4.78985e-07
eec: 109.403
weight: 8.1208e-06
eec: 72.8294
weight: 3.84351e-05
eec: 321.055
weight: 1.22566e-05
eec: 483.225
weight: 0.000119695
eec: 458.362
weight: 5.87314e-05
eec: 823.83
weight: 1.23629e-05
eec: 107.754
weight: 6.20959e-06
eec: 1250.94
weight: 9.71889e-09
eec: 261.705
weight: 0.00017354
eec: 1448.85
weight: 6.17976e-06
eec: 1922.49
weight: 1.54753e-05
eec: 34.5552
weight: 7.11395e-05
eec: 68.7887
weight: 1.75567e-05
eec: 647.393
weight: 3.13728e-05
eec: 231.302
weight: 2.81034e-05
eec: 1232.37
weight: 2.87595e-05
eec: 132.472
weight: 7.6766e-06
eec: 739.589
weight: 0.000126223
eec: 184.272
weight: 1.91384e-06
eec: 390.726
weight: 3.38826e-05
eec: 464.336
weight: 0.000192967
eec: 30.3864
weight: 0.000130826
eec: 550.705
weight: 0.000498064
eec: 138.75
weight: 6.42064e-07
eec: 135.54
weight: 1.17857e-07
eec: 256.073
weight: 6.15012e-06
eec: 4400.51
weight: 2.79951e-05
eec: 572.369
weight: 0.00017731
eec: 140.32
weight: 7.19746e-06
eec: 351.456
weight: 3.66667e-05
eec: 248.155
weight: 4.83097e-05
eec: 294.41
weight: 5.47564e-05
eec: 847.774
weight: 7.67392e-05
eec: 1646.22
weight: 0.000209595
eec: 79.342
weight: 0.000383493
eec: 274.289
weight: 4.22487e-05
eec: 660.07
weight: 5.68037e-05
eec: 496.778
weight: 0.000294114
eec: 962.724
weight: 8.08687e-06
eec: 314.026
weight: 0.000107624
eec: 15.9065
weight: 9.12038e-06
eec: 186.865
weight: 5.92554e-07
eec: 73.7103
weight: 1.44576e-07
eec: 1242.14
weight: 3.23808e-06
eec: 1222.27
weight: 0.000342627
eec: 33.8455
weight: 6.9927e-05
eec: 642.474

ROOT exit code = 0
