gSystem->Load("run_condor_job_Run3_C.so");
run_condor_job_Run3(444, 100, 2,
                    80, 200,
                    1, 1, 1, 4);
.q

ENTERED run_condor_job_Run3()
JOBID = 444
  global job = 444  Job 44/100  events [2595120, 2654100)  total=5898000
Processing events [2595120, 2654100) of 5898000
weight: 5.16591e-05
eec: 497.01
weight: 1.35165e-05
eec: 376.711
weight: 8.32159e-05
eec: 109.273
weight: 5.84147e-06
eec: 172.933
weight: 3.12161e-05
eec: 245.018
weight: 3.89651e-05
eec: 659.372
weight: 6.7558e-06
eec: 841.954
weight: 0.000433819
eec: 208.027
weight: 9.30664e-06
eec: 1701.9
weight: 1.1616e-05
eec: 1590.2
weight: 0.00041366
eec: 411.126
weight: 0.000623394
eec: 136.175
weight: 0.000165612
eec: 621.491
Processing: 44.0827 %weight: 0.000232344
eec: 747.189
weight: 0.000230379
eec: 165.291
weight: 0.000852277
eec: 86.0537
weight: 4.87771e-05
eec: 824.514
weight: 1.03579e-06
eec: 348.583
weight: 0.000145261
eec: 147.904
weight: 9.23368e-05
eec: 198.012
weight: 9.79878e-06
eec: 798.379
weight: 0.000188578
eec: 376.118
weight: 0.000262291
eec: 678.554
weight: 4.74941e-05
eec: 966.106
weight: 6.97454e-05
eec: 670.651
weight: 0.00051173
eec: 182.419
weight: 2.09893e-05
eec: 178.26
weight: 3.57772e-05
eec: 696.021
weight: 1.60407e-05
eec: 157.36
weight: 2.306e-05
eec: 1303.89
weight: 4.2504e-05
eec: 938.152
weight: 0.000146969
eec: 766.055
weight: 1.47726e-05
eec: 575.741
weight: 2.0399e-05
eec: 1112.33
weight: 1.41686e-05
eec: 227.455
weight: 0.000235103
eec: 749.486
weight: 3.02131e-05
eec: 206.873
weight: 0.000183998
eec: 537.448
weight: 1.77972e-05
eec: 1031.25
weight: 1.25368e-05
eec: 198.234
weight: 8.18802e-05
eec: 1260.69
weight: 2.45321e-05
eec: 181.75
weight: 3.36502e-05
eec: 779.299
weight: 8.48789e-06
eec: 104.547
weight: 1.25979e-05
eec: 85.9254
weight: 8.58297e-06
eec: 1690.34
weight: 0.000244993
eec: 158.278
weight: 1.42512e-05
eec: 1461.24
weight: 0.000104787
eec: 706.692
weight: 2.92678e-05
eec: 55.5699
weight: 1.36525e-05
eec: 223.567
weight: 4.50883e-05
eec: 235.835
weight: 8.1811e-05
eec: 293.172
weight: 0.000125431
eec: 113.86
weight: 6.87119e-05
eec: 411.229
weight: 4.54296e-05
eec: 299.601
weight: 5.9926e-05
eec: 148.421
weight: 1.06238e-05
eec: 2232.64
weight: 7.88945e-05
eec: 972.533
weight: 0.000267568
eec: 148.791
weight: 3.4105e-06
eec: 57.0695
weight: 4.44168e-06
eec: 660.077
weight: 1.84142e-06
eec: 716.953
weight: 0.000143813
eec: 415.78
weight: 5.27426e-05
eec: 669.601
weight: 1.75266e-05
eec: 1129
weight: 0.000226953
eec: 615.102
weight: 0.000313304
eec: 36.3091
weight: 4.37796e-08
eec: 23.4877
weight: 4.38511e-06
eec: 147.785
weight: 1.40906e-05
eec: 253.819
weight: 7.1307e-06
eec: 126.724
weight: 4.25655e-05
eec: 306.218
weight: 6.6995e-05
eec: 479.065
weight: 1.08087e-05
eec: 172.701
weight: 0.000128156
eec: 1800.21
weight: 1.03513e-05
eec: 978.864
weight: 3.34137e-05
eec: 706.416
weight: 1.15595e-05
eec: 645.898
weight: 0.000128933
eec: 1677.32
weight: 0.000180683
eec: 263.736
weight: 1.01472e-05
eec: 358.196
weight: 4.50188e-05
eec: 165.236
weight: 3.69146e-05
eec: 266.211
weight: 8.49565e-06
eec: 2194.92
weight: 7.41988e-05
eec: 129.012
weight: 2.8646e-05
eec: 369.778
weight: 7.10277e-07
eec: 2652.59
weight: 4.54635e-06
eec: 1485.99
weight: 0.000104735
eec: 722.085
weight: 4.19604e-05
eec: 179.825
weight: 1.87839e-05
eec: 143.943
weight: 3.86381e-05
eec: 181.455
weight: 0.000131675
eec: 196.578
weight: 5.43777e-05
eec: 113.263
weight: 1.60144e-05
eec: 1667.23
weight: 1.7585e-05
eec: 27.2113
weight: 3.99019e-06
eec: 468.092
weight: 3.38054e-05
eec: 34.5493
weight: 8.67098e-06
eec: 561.189
weight: 9.3757e-06
eec: 775.111
weight: 8.65571e-06
eec: 242.881
weight: 1.11442e-05
eec: 269.726
weight: 4.19503e-06
eec: 494.899
weight: 4.15537e-06
eec: 421.014
weight: 9.74527e-06
eec: 568.002
weight: 5.32039e-06
eec: 3657.97
weight: 2.75645e-05
eec: 530.473
weight: 2.75645e-05
eec: 384.164
weight: 1.9308e-05
eec: 668.408
weight: 5.54926e-05
eec: 143.929
weight: 7.22063e-06
eec: 1437.67
weight: 9.184e-05
eec: 516.164
weight: 1.36513e-05
eec: 362.217
weight: 0.000238351
eec: 386.719
weight: 1.85394e-07
eec: 548.865
weight: 8.3415e-05
eec: 475.894
weight: 3.67177e-05
eec: 764.236
weight: 0.000105304
eec: 292.987
weight: 5.78176e-06
eec: 568.14
weight: 2.60838e-05
eec: 231.265
weight: 4.73608e-07
eec: 505.475
weight: 1.61768e-05
eec: 499.148
weight: 0.000519701
eec: 599.643
weight: 0.000292183
eec: 130.022
weight: 3.77473e-06
eec: 661.415
weight: 1.71819e-05
eec: 798.606
weight: 0.000104006
eec: 866.555
weight: 2.46309e-05
eec: 329.061
weight: 0.00048186
eec: 1210.94
weight: 2.5674e-05
eec: 82.4517
weight: 0.000173273
eec: 374.425
weight: 0.000956235
eec: 36.7482
weight: 1.82466e-05
eec: 600.465
weight: 1.95743e-05
eec: 932.69
weight: 1.22021e-07
eec: 1648.1
weight: 0.000119035
eec: 693.445
weight: 9.52127e-05
eec: 1906.63
weight: 6.51782e-06
eec: 1166.51
weight: 4.00944e-07
eec: 1073.78
weight: 9.97267e-05
eec: 407.367
weight: 0.000127686
eec: 595.888
weight: 0.000193249
eec: 53.2432
weight: 0.000467482
eec: 17.0895
weight: 5.77623e-06
eec: 2122.52
weight: 0.000221185
eec: 712.91
weight: 4.77697e-05
eec: 1119.83
weight: 6.12871e-06
eec: 34.8558
weight: 1.2025e-05
eec: 663.174
weight: 4.1887e-06
eec: 611.533
weight: 5.7805e-06
eec: 73.662
weight: 1.62888e-05
eec: 1195.39
weight: 4.28658e-05
eec: 198.928
weight: 0.000213938
eec: 363.643
weight: 0.000166201
eec: 614.046
weight: 1.26523e-06
eec: 34.5345
weight: 1.48723e-05
eec: 938.574
weight: 9.10746e-06
eec: 112.233
weight: 6.99038e-05
eec: 573.007
weight: 2.48154e-06
eec: 401.016
weight: 6.92891e-06
eec: 26.4366
weight: 3.67422e-06
eec: 828.433
weight: 2.54201e-05
eec: 533.879
weight: 6.06485e-06
eec: 34.4089
weight: 0.000130695
eec: 558.013
weight: 0.000156783
eec: 809.666
weight: 0.000116112
eec: 139.927
weight: 7.95754e-05
eec: 55.8695
weight: 1.00527e-06
eec: 3058.26
weight: 3.99806e-06
eec: 551.075
weight: 3.1299e-05
eec: 57.463
weight: 0.000106418
eec: 381.574
weight: 1.79092e-06
eec: 374.198
weight: 1.76986e-05
eec: 1006.79
weight: 3.608e-06
eec: 276.979
weight: 2.08064e-05
eec: 60.8997
weight: 2.8455e-06
eec: 1580.17
weight: 2.55666e-05
eec: 360.504
weight: 0.000109697
eec: 511.683
weight: 2.32427e-05
eec: 1267.46
weight: 0.00023855
eec: 415.152
weight: 1.36904e-05
eec: 643.03
weight: 3.42479e-05
eec: 207.812
weight: 5.46258e-05
eec: 231.026
weight: 5.43216e-07
eec: 1012.05
weight: 3.59481e-05
eec: 169.964
weight: 0.000372135
eec: 600.947
weight: 4.28745e-05
eec: 338.973
weight: 2.07612e-05
eec: 1260.58
weight: 0.000399053
eec: 1169.28
weight: 5.00174e-05
eec: 282.758
weight: 7.22268e-05
eec: 834.179
weight: 9.1263e-05
eec: 104.445
weight: 0.000214791
eec: 310.3
weight: 3.26518e-06
eec: 73.9665
weight: 0.000243499
eec: 741.392
weight: 6.38015e-05
eec: 679.937
weight: 1.36806e-05
eec: 460.162
weight: 3.7906e-05
eec: 196.628
weight: 9.15108e-06
eec: 882.381
weight: 2.65144e-05
eec: 196.018
weight: 0.00012429
eec: 466.306
weight: 0.000169252
eec: 65.7089
weight: 7.00098e-06
eec: 1214.82
weight: 7.49814e-06
eec: 691.489
weight: 2.93092e-05
eec: 885.677
weight: 8.28424e-05
eec: 886.448
weight: 0.000262183
eec: 287.766
weight: 1.24665e-05
eec: 2779.55
weight: 2.60753e-05
eec: 1097.38
weight: 2.63017e-05
eec: 321.437
weight: 4.115e-05
eec: 61.472
weight: 9.21408e-05
eec: 597.412
weight: 1.62707e-05
eec: 22.1358
weight: 1.85497e-07
eec: 429.371
weight: 4.25067e-06
eec: 774.493
weight: 9.63166e-06
eec: 148.361
weight: 4.67889e-06
eec: 84.8872
weight: 0.000144899
eec: 1186.39
weight: 0.000159683
eec: 141.771
weight: 0.000103722
eec: 557.264
weight: 8.90049e-06
eec: 563.446
weight: 3.34089e-06
eec: 702.43
weight: 1.97483e-07
eec: 1357.86
weight: 1.17097e-06
eec: 1406.42
weight: 1.81917e-06
eec: 995.694
weight: 0.000415714
eec: 290.899
Processing: 44.9305 %weight: 9.57623e-05
eec: 606.241
weight: 8.30296e-05
eec: 482.274
weight: 4.44743e-06
eec: 95.9132
weight: 5.39769e-05
eec: 3755.43
weight: 6.36412e-05
eec: 480.19
weight: 4.51489e-06
eec: 647.529
weight: 0.000196586
eec: 1055.41
weight: 2.56931e-06
eec: 31.3771
weight: 2.25113e-05
eec: 126.89
weight: 0.000179184
eec: 237.964
weight: 0.000445622
eec: 64.5026
weight: 0.000348769
eec: 56.9673
weight: 5.5794e-06
eec: 598.399
weight: 3.33169e-05
eec: 413.068

ROOT exit code = 0
