gSystem->Load("run_condor_job_Run3_C.so");
run_condor_job_Run3(234, 100, 2,
                    80, 200,
                    1, 1, 1, 2);
.q

ENTERED run_condor_job_Run3()
JOBID = 234
  global job = 234  Job 34/100  events [2040000, 2100000)  total=6000000
Processing events [2040000, 2100000) of 6000000
weight: 1.29465e-05
eec: 57.3111
weight: 8.96647e-05
eec: 1181.25
weight: 4.77185e-05
eec: 556.261
weight: 8.34181e-05
eec: 601.848
weight: 7.98793e-05
eec: 261.621
weight: 2.96295e-05
eec: 858.295
weight: 2.29085e-05
eec: 741.341
weight: 1.6201e-05
eec: 548.941
weight: 4.25285e-05
eec: 208.328
weight: 8.52151e-05
eec: 1933.44
weight: 9.92592e-06
eec: 73.4357
weight: 5.00806e-06
eec: 259.744
weight: 2.95314e-05
eec: 119.378
weight: 0.000218072
eec: 37.2929
weight: 1.17516e-05
eec: 549.809
weight: 3.58855e-05
eec: 89.6495
weight: 1.36918e-05
eec: 488.209
weight: 6.38507e-06
eec: 324.177
weight: 1.10638e-05
eec: 82.6732
weight: 0.000385743
eec: 38.6236
weight: 4.56365e-05
eec: 2358.34
weight: 0.000604629
eec: 149.048
weight: 4.00159e-05
eec: 1359.44
weight: 8.34563e-06
eec: 79.25
weight: 3.89196e-06
eec: 1435.26
weight: 4.55727e-09
eec: 1240.71
weight: 1.53748e-05
eec: 165.973
weight: 1.71825e-05
eec: 929.062
weight: 4.94498e-05
eec: 1413.39
weight: 2.7262e-05
eec: 286.962
weight: 7.28117e-06
eec: 366.698
weight: 0.000217135
eec: 619.372
weight: 2.44328e-05
eec: 413.005
weight: 2.44328e-05
eec: 3569.1
weight: 4.8904e-05
eec: 369.353
weight: 2.95282e-05
eec: 335.441
Processing: 34.1667 %weight: 5.65966e-05
eec: 492.445
weight: 9.72453e-06
eec: 108.004
weight: 1.74237e-05
eec: 41.3838
weight: 3.50396e-05
eec: 1132.37
weight: 5.91019e-06
eec: 158.751
weight: 4.29353e-06
eec: 140.607
weight: 2.32606e-06
eec: 1369.57
weight: 9.72793e-05
eec: 605.674
weight: 4.12904e-05
eec: 17.1621
weight: 3.33843e-05
eec: 104.36
weight: 0.000180225
eec: 80.2768
weight: 0.000131214
eec: 984.757
weight: 9.88375e-05
eec: 24.4071
weight: 1.33099e-06
eec: 1665.84
weight: 1.41267e-06
eec: 425.269
weight: 4.74129e-05
eec: 704.673
weight: 4.43565e-06
eec: 1402.81
weight: 1.2592e-05
eec: 549.65
weight: 3.44875e-05
eec: 975.04
weight: 5.5807e-05
eec: 1230.74
weight: 2.47664e-07
eec: 170.158
weight: 3.39275e-06
eec: 442.272
weight: 6.3267e-06
eec: 480.546
weight: 2.464e-05
eec: 1621.03
weight: 4.78616e-05
eec: 824.605
weight: 0.000115199
eec: 34.0451
weight: 8.75446e-05
eec: 161.728
weight: 3.32818e-05
eec: 1126.33
weight: 5.39344e-07
eec: 653.928
weight: 6.46539e-05
eec: 211.8
weight: 1.31032e-06
eec: 420.051
weight: 1.31742e-05
eec: 50.16
weight: 8.28075e-06
eec: 319.312
weight: 3.3152e-06
eec: 30.413
weight: 1.7114e-05
eec: 1074.02
weight: 7.37532e-05
eec: 261.845
weight: 1.39973e-05
eec: 78.4844
weight: 3.00241e-05
eec: 35.2566
weight: 0.000268916
eec: 410.395
weight: 0.000258769
eec: 238.773
weight: 1.14942e-05
eec: 769.529
weight: 3.86092e-05
eec: 206.869
weight: 9.79017e-06
eec: 280.009
weight: 1.43277e-05
eec: 77.416
weight: 0.000132631
eec: 670.36
weight: 0.000139188
eec: 34.6114
weight: 2.04122e-05
eec: 1310.3
weight: 4.5348e-05
eec: 205.169
weight: 0.000417362
eec: 373.809
weight: 4.24367e-05
eec: 153.573
weight: 6.45362e-05
eec: 695.423
weight: 0.000367217
eec: 186.115
weight: 0.000816146
eec: 132.239
weight: 8.54135e-05
eec: 646.904
weight: 4.84163e-08
eec: 171.092
weight: 0.000199565
eec: 714.53
weight: 1.0863e-05
eec: 1298.16
weight: 4.54758e-06
eec: 25.9185
weight: 2.98994e-06
eec: 883.317
weight: 6.46238e-06
eec: 458.357
weight: 1.95162e-05
eec: 1030.99
weight: 6.20223e-06
eec: 1199.44
weight: 0.000102767
eec: 55.4499
weight: 1.58267e-05
eec: 345.866
weight: 9.23072e-06
eec: 2001.72
weight: 4.33796e-06
eec: 1135.6
weight: 5.72377e-06
eec: 1318.12
weight: 2.04292e-05
eec: 642.403
weight: 4.10462e-05
eec: 821.682
weight: 4.9552e-05
eec: 183.285
weight: 8.75114e-07
eec: 545.632
weight: 0.000255164
eec: 13.3827
weight: 5.68681e-05
eec: 924.396
weight: 1.30281e-08
eec: 1279.67
weight: 2.60296e-05
eec: 746.568
weight: 6.51123e-06
eec: 514.872
weight: 4.19923e-05
eec: 93.787
weight: 1.85465e-05
eec: 503.475
weight: 1.37868e-06
eec: 741.339
weight: 3.10955e-05
eec: 1800.85
weight: 0.000807061
eec: 106.714
weight: 4.15239e-05
eec: 518.438
weight: 4.88226e-05
eec: 489.165
weight: 1.33394e-05
eec: 37.0338
weight: 0.000550715
eec: 287.413
weight: 5.43621e-05
eec: 1522.55
weight: 2.5636e-05
eec: 53.5876
weight: 2.00917e-05
eec: 838.322
weight: 5.45898e-08
eec: 50.1477
weight: 1.70946e-05
eec: 1023.49
weight: 5.49118e-05
eec: 1055.44
weight: 4.65229e-06
eec: 243.738
weight: 2.89725e-05
eec: 681.836
weight: 2.89725e-05
eec: 157.386
weight: 5.00095e-05
eec: 395.461
weight: 1.1524e-06
eec: 1684.81
weight: 2.93296e-05
eec: 546.406
weight: 1.62904e-05
eec: 269.127
weight: 6.54343e-05
eec: 521.707
weight: 3.48253e-05
eec: 464.323
weight: 0.000206472
eec: 37.3593
weight: 5.67888e-05
eec: 28.9081
weight: 5.83309e-05
eec: 492.64
weight: 1.63918e-05
eec: 597.094
weight: 4.05073e-06
eec: 478.281
weight: 0.00015568
eec: 99.9118
weight: 1.3082e-05
eec: 372.533
weight: 1.9525e-05
eec: 295.364
weight: 4.10108e-05
eec: 70.5277
weight: 0.000674331
eec: 1182.23
weight: 2.15111e-05
eec: 116.253
weight: 0.000198692
eec: 169.722
weight: 1.85167e-05
eec: 2437.02
weight: 1.79249e-05
eec: 1263.57
weight: 6.49506e-05
eec: 1024.15
weight: 1.20188e-05
eec: 1924.82
weight: 0.000314742
eec: 471.689
weight: 5.50361e-05
eec: 224.077
weight: 1.0842e-05
eec: 1104.91
weight: 1.01448e-06
eec: 1050.14
weight: 1.01448e-06
eec: 81.697
weight: 1.49138e-05
eec: 486.176
weight: 1.65104e-05
eec: 622.057
weight: 2.30326e-05
eec: 491.743
weight: 1.48186e-07
eec: 1163.71
weight: 9.30109e-05
eec: 323.192
weight: 0.000244697
eec: 750.623
weight: 4.77976e-05
eec: 513.693
weight: 7.81882e-05
eec: 232.917
weight: 0.000180695
eec: 200.611
weight: 0.000232968
eec: 66.8568
weight: 0.000119666
eec: 50.892
weight: 4.69145e-05
eec: 1024.68
weight: 3.56062e-05
eec: 877.154
weight: 5.47043e-06
eec: 10.4397
weight: 4.79537e-05
eec: 591.288
weight: 3.07714e-05
eec: 1770.9
weight: 1.09873e-05
eec: 739.757
weight: 0.000214346
eec: 268.323
weight: 0.000307443
eec: 74.2678
weight: 1.00855e-07
eec: 32.5291
weight: 3.55252e-05
eec: 585.531
weight: 4.71968e-05
eec: 192.738
weight: 4.86087e-07
eec: 1175.57
weight: 8.07757e-05
eec: 78.571
weight: 9.03099e-06
eec: 448.457
weight: 9.03099e-06
eec: 104.4
weight: 3.69169e-05
eec: 232.964
weight: 0.00010147
eec: 137.56
weight: 3.87992e-05
eec: 126.473
weight: 0.000169385
eec: 195.891
weight: 1.11791e-05
eec: 730.294
weight: 6.93229e-06
eec: 1236.95
weight: 4.59235e-05
eec: 20.771
weight: 2.92268e-05
eec: 207.808
weight: 1.50751e-05
eec: 253.007
weight: 0.000181505
eec: 318.112
weight: 2.84598e-05
eec: 1624.89
weight: 1.91293e-05
eec: 1001.85
weight: 0.000276752
eec: 188.269
weight: 1.26238e-07
eec: 67.448
weight: 8.49975e-08
eec: 402.897
weight: 5.97132e-05
eec: 378.566
weight: 1.46758e-05
eec: 712.613
weight: 4.08872e-07
eec: 338.409
weight: 3.40012e-05
eec: 1102.26
weight: 6.18735e-05
eec: 2022.85
weight: 6.18735e-05
eec: 416.672
weight: 3.14417e-05
eec: 588.279
weight: 1.25496e-05
eec: 460.304
weight: 5.5138e-05
eec: 93.5993
weight: 1.00846e-05
eec: 212.502
weight: 0.00040776
eec: 774.686
weight: 0.000141433
eec: 38.126
weight: 3.48476e-05
eec: 237.294
weight: 1.65022e-06
eec: 164.679
weight: 2.64984e-06
eec: 79.72
weight: 1.52543e-05
eec: 3719.51
weight: 4.0958e-05
eec: 180.077
weight: 5.87707e-06
eec: 255.089
weight: 4.41253e-05
eec: 620.576
weight: 0.00122743
eec: 874.96
weight: 0.000120766
eec: 227.481
weight: 0.000125749
eec: 339.513
weight: 4.4988e-05
eec: 508.689
weight: 2.66802e-07
eec: 1118.28

ROOT exit code = 0
