gSystem->Load("run_condor_job_Run3_C.so");
run_condor_job_Run3(171, 100, 2,
                    80, 200,
                    1, 1, 1, 1);
.q

ENTERED run_condor_job_Run3()
JOBID = 171
  global job = 171  Job 71/100  events [4162020, 4220640)  total=5862000
Processing events [4162020, 4220640) of 5862000
weight: 1.95294e-06
eec: 526.676
weight: 1.61914e-05
eec: 1412.85
weight: 2.90449e-05
eec: 305.217
weight: 1.23034e-05
eec: 772.991
weight: 0.000113451
eec: 593.568
weight: 0.00016948
eec: 687.542
weight: 7.65277e-06
eec: 4003.51
weight: 2.65773e-05
eec: 202.349
weight: 7.33648e-06
eec: 1576.29
weight: 0.000285562
eec: 353.688
weight: 2.8481e-05
eec: 668.792
weight: 8.57993e-05
eec: 506.639
weight: 9.49935e-05
eec: 72.0955
weight: 4.05749e-05
eec: 25.6961
weight: 3.14414e-05
eec: 58.7915
weight: 3.14414e-05
eec: 303.061
weight: 7.11702e-05
eec: 542.736
weight: 0.000104523
eec: 74.3021
weight: 1.45184e-05
eec: 264.024
weight: 3.01365e-08
eec: 1599.91
weight: 0.000427164
eec: 174.607
weight: 0.000160724
eec: 78.5131
weight: 0.00021392
eec: 939.758
weight: 1.16075e-05
eec: 341.385
weight: 8.41223e-05
eec: 35.175
weight: 2.55294e-05
eec: 1261.62
weight: 4.77071e-07
eec: 222.456
weight: 4.77071e-07
eec: 748.703
weight: 0.000203183
eec: 661.949
weight: 6.36295e-06
eec: 491.759
weight: 7.34364e-07
eec: 136.334
weight: 1.99879e-05
eec: 627.028
weight: 1.27371e-05
eec: 184.235
weight: 4.21264e-05
eec: 202.257
weight: 2.75311e-05
eec: 361.407
weight: 0.000307929
eec: 470.145
weight: 7.54524e-05
eec: 656.973
weight: 0.00039322
eec: 696.1
weight: 3.08806e-05
eec: 69.2442
weight: 0.000167619
eec: 117.836
weight: 1.64916e-05
eec: 62.4562
weight: 1.06308e-05
eec: 430.514
weight: 2.45096e-05
eec: 394.568
weight: 2.42753e-05
eec: 2255.18
weight: 4.66321e-05
eec: 763.289
weight: 1.03175e-05
eec: 881.546
weight: 0.000107095
eec: 47.0014
weight: 3.65648e-05
eec: 785.377
weight: 9.44245e-05
eec: 154.927
weight: 0.000245948
eec: 24.4952
weight: 0.000129924
eec: 225.413
weight: 0.000351094
eec: 315.956
weight: 5.88789e-06
eec: 1798.67
weight: 0.000156614
eec: 1019.85
weight: 2.20548e-05
eec: 625.403
weight: 4.02025e-05
eec: 81.9757
weight: 7.61894e-05
eec: 56.931
weight: 2.44031e-05
eec: 91.2929
weight: 5.16454e-05
eec: 1228.09
weight: 3.16945e-05
eec: 1207.77
weight: 7.57384e-06
eec: 2061.69
weight: 9.87906e-06
eec: 614.119
weight: 4.57824e-06
eec: 2144.77
weight: 1.34508e-05
eec: 761.564
weight: 2.08769e-05
eec: 364.68
weight: 4.87385e-05
eec: 93.877
weight: 9.58309e-06
eec: 210.7
weight: 4.80696e-05
eec: 696.804
weight: 2.73423e-06
eec: 280.923
weight: 3.55238e-06
eec: 229.131
weight: 5.248e-07
eec: 30.3335
weight: 0.000127504
eec: 199.315
weight: 0.000377175
eec: 605.501
weight: 0.000202086
eec: 109.786
weight: 2.97879e-05
eec: 314.657
weight: 1.51477e-07
eec: 653.603
weight: 0.000366013
eec: 168.062
weight: 2.70001e-05
eec: 618.401
weight: 2.46891e-05
eec: 722.272
weight: 0.000297565
eec: 232.731
weight: 0.000286629
eec: 545.523
weight: 1.17935e-05
eec: 559.041
weight: 7.34817e-05
eec: 65.8404
weight: 0.000132224
eec: 101.588
weight: 0.000102209
eec: 343.542
weight: 1.07768e-05
eec: 334.847
weight: 6.03852e-05
eec: 468.005
weight: 6.20564e-06
eec: 736.518
weight: 0.000227362
eec: 507.08
weight: 4.05525e-05
eec: 231.003
weight: 2.28285e-05
eec: 145.496
weight: 2.11229e-05
eec: 500.696
weight: 2.27025e-05
eec: 511.793
weight: 0.000310918
eec: 266.762
weight: 4.32209e-06
eec: 129.928
weight: 4.32209e-06
eec: 186.753
weight: 5.62892e-06
eec: 787.833
weight: 0.000159502
eec: 23.8052
weight: 2.84692e-05
eec: 2337.67
weight: 1.21567e-05
eec: 164.739
weight: 7.40289e-06
eec: 810.943
weight: 0.000130404
eec: 912.198
weight: 3.57242e-05
eec: 1181.88
weight: 7.8811e-06
eec: 131.479
weight: 1.04056e-05
eec: 798.878
weight: 5.10912e-07
eec: 1756.92
weight: 1.28053e-05
eec: 87.6058
weight: 0.000103763
eec: 793.212
weight: 1.77143e-05
eec: 3434.55
weight: 4.7181e-05
eec: 54.6312
weight: 1.35826e-05
eec: 387.608
weight: 4.82156e-05
eec: 383.26
weight: 9.02537e-06
eec: 537.506
weight: 2.97036e-05
eec: 422.923
weight: 1.66596e-06
eec: 1453.24
weight: 1.26572e-05
eec: 188.038
weight: 1.95031e-06
eec: 272.975
weight: 0.000177389
eec: 30.5755
weight: 3.21549e-06
eec: 494.269
weight: 8.08916e-07
eec: 1323.29
weight: 7.24812e-06
eec: 804.525
weight: 7.20713e-06
eec: 1697.29
weight: 2.07952e-05
eec: 34.2494
weight: 4.4784e-05
eec: 63.1646
weight: 1.52371e-05
eec: 742.701
weight: 5.32762e-06
eec: 2576.6
weight: 1.08496e-05
eec: 649.796
weight: 0.000434659
eec: 306.19
weight: 5.42365e-06
eec: 218.003
weight: 2.64064e-05
eec: 14.593
weight: 2.16438e-05
eec: 23.6844
weight: 4.35638e-05
eec: 160.781
weight: 1.99776e-05
eec: 2888.66
weight: 9.35582e-06
eec: 1158.77
weight: 1.74182e-07
eec: 603.345
weight: 1.04379e-06
eec: 1037.25
weight: 2.47442e-05
eec: 185.915
weight: 3.93421e-08
eec: 537.162
weight: 9.87545e-06
eec: 593.604
weight: 5.7949e-06
eec: 1738.52
weight: 3.42527e-05
eec: 2826.57
weight: 3.42527e-05
eec: 1772.8
weight: 2.43944e-05
eec: 721.311
weight: 4.89276e-06
eec: 1589.45
weight: 8.06356e-06
eec: 498.711
weight: 0.000177162
eec: 69.051
weight: 5.19088e-05
eec: 283.754
Processing: 71.6479 %weight: 8.79951e-06
eec: 1152.67
weight: 1.43359e-05
eec: 524.837
weight: 7.09957e-06
eec: 589.529
weight: 4.95788e-08
eec: 35.0228
weight: 2.39887e-05
eec: 951.256
weight: 8.69418e-06
eec: 321.049
weight: 0.000205238
eec: 297.57
weight: 8.16777e-06
eec: 226.676
weight: 7.30801e-06
eec: 397.665
weight: 3.33442e-05
eec: 881.762
weight: 6.42153e-05
eec: 426.654
weight: 1.68583e-05
eec: 2507.38
weight: 0.000122218
eec: 654.105
weight: 9.14271e-06
eec: 188.913
weight: 0.000133428
eec: 181.462
weight: 6.08131e-05
eec: 1696.8
weight: 1.32205e-05
eec: 1211.52
weight: 3.17759e-05
eec: 434.089
weight: 0.000284608
eec: 1647
weight: 1.25175e-06
eec: 2254.84
weight: 0.000133583
eec: 363.961
weight: 8.43181e-07
eec: 143.519
weight: 0.000150769
eec: 703.559
weight: 1.5816e-05
eec: 331.623
weight: 4.38957e-05
eec: 406.783
weight: 4.82236e-05
eec: 219.878
weight: 7.0452e-05
eec: 619.953
weight: 3.71821e-05
eec: 753.961
weight: 9.22486e-06
eec: 100.254
weight: 9.08494e-06
eec: 2099.58
weight: 0.000171006
eec: 1217.18
weight: 4.49329e-06
eec: 59.2342
weight: 1.2177e-07
eec: 3770.3
weight: 3.65307e-05
eec: 286.235
weight: 5.51157e-05
eec: 174.408
weight: 3.69617e-06
eec: 530.49
weight: 1.67876e-06
eec: 2058.73
weight: 0.000370441
eec: 826.337
weight: 7.19815e-06
eec: 192.86
weight: 0.000159039
eec: 474.185
weight: 7.55155e-05
eec: 812.431
weight: 2.86159e-06
eec: 933.677
weight: 5.10702e-05
eec: 437.727
weight: 2.04475e-05
eec: 1551.21
weight: 0.000120216
eec: 193.664
weight: 9.29082e-06
eec: 108.588
weight: 2.36357e-05
eec: 1765.9
weight: 1.78432e-05
eec: 1407.48
weight: 5.6532e-06
eec: 142.15
weight: 1.41348e-05
eec: 328.021
weight: 6.87022e-05
eec: 1517.01
weight: 6.01869e-07
eec: 1215.18
weight: 0.000141953
eec: 104.94
weight: 3.28583e-05
eec: 657.718
weight: 3.88205e-05
eec: 94.3342
weight: 3.8839e-06
eec: 2548.03
weight: 7.40881e-05
eec: 14.811
weight: 3.31543e-05
eec: 859.117
weight: 4.21707e-05
eec: 1185.16
weight: 2.00404e-05
eec: 74.643
weight: 2.15171e-05
eec: 696.354
weight: 6.54534e-05
eec: 592.932
weight: 5.36698e-06
eec: 1786.67
weight: 1.04412e-05
eec: 32.1864
weight: 6.05738e-05
eec: 87.4199
weight: 1.60891e-05
eec: 846.389
weight: 7.341e-07
eec: 433.914

ROOT exit code = 0
