gSystem->Load("run_condor_job_Run3_C.so");
run_condor_job_Run3(861, 100, 2,
                    80, 200,
                    1, 1, 1, 8);
.q

ENTERED run_condor_job_Run3()
JOBID = 861
  global job = 861  Job 61/100  events [3660000, 3720000)  total=6000000
Processing events [3660000, 3720000) of 6000000
weight: 2.12463e-06
eec: 1344.16
weight: 7.86337e-05
eec: 472.844
weight: 4.41389e-05
eec: 154.198
weight: 1.53633e-06
eec: 414.657
weight: 1.14954e-05
eec: 226.747
weight: 1.14535e-05
eec: 47.3107
weight: 5.91865e-06
eec: 1005.63
weight: 1.54326e-06
eec: 531.687
weight: 8.91176e-06
eec: 579.16
weight: 8.86264e-05
eec: 109.779
weight: 1.3489e-06
eec: 445.154
weight: 4.47952e-05
eec: 668.654
weight: 4.28142e-05
eec: 313.027
weight: 0.00104146
eec: 482.45
weight: 1.19943e-05
eec: 683.484
weight: 3.88752e-05
eec: 506.412
weight: 0.000211027
eec: 654.59
weight: 4.97687e-05
eec: 1202.83
weight: 8.22605e-05
eec: 46.9964
weight: 3.00122e-06
eec: 1071.15
weight: 1.9346e-06
eec: 966.063
weight: 0.000112348
eec: 579.268
weight: 8.30218e-06
eec: 1447.64
weight: 1.69368e-05
eec: 39.8493
weight: 3.3137e-05
eec: 1380.06
weight: 9.57289e-06
eec: 802.848
weight: 6.51452e-05
eec: 280.111
weight: 1.14914e-05
eec: 255.386
weight: 1.00781e-05
eec: 140.45
weight: 1.70301e-05
eec: 914.007
weight: 2.39571e-06
eec: 129.07
weight: 6.22421e-06
eec: 746.883
weight: 1.22651e-05
eec: 371.766
weight: 0.000106783
eec: 922.257
weight: 5.38368e-06
eec: 991.283
weight: 6.21926e-05
eec: 150.853
weight: 4.29651e-05
eec: 2319.97
weight: 4.37007e-08
eec: 341.16
weight: 1.22549e-06
eec: 120.716
weight: 3.82375e-05
eec: 365.37
weight: 3.80209e-06
eec: 966.916
weight: 0.000159313
eec: 137.144
weight: 1.97915e-05
eec: 226.755
weight: 9.4642e-05
eec: 1133.53
weight: 1.40257e-05
eec: 1046.14
weight: 1.30256e-07
eec: 848.706
weight: 0.000100854
eec: 167.04
weight: 4.10127e-06
eec: 1512.74
weight: 1.46678e-05
eec: 897.794
weight: 5.90282e-05
eec: 56.0182
weight: 4.74532e-05
eec: 489.316
weight: 7.10379e-06
eec: 1269.5
weight: 6.54346e-06
eec: 464.116
weight: 1.8256e-05
eec: 1056.75
weight: 7.3792e-05
eec: 626.239
weight: 1.88055e-05
eec: 634.762
weight: 2.12891e-06
eec: 646.47
weight: 8.82504e-05
eec: 1175.88
weight: 8.47787e-05
eec: 591.337
weight: 4.35345e-07
eec: 869.125
weight: 4.66553e-06
eec: 707.011
weight: 2.8469e-06
eec: 651.193
weight: 0.000111774
eec: 242.699
weight: 0.000494315
eec: 335.4
weight: 3.41457e-06
eec: 732.716
weight: 4.11614e-05
eec: 369.016
weight: 6.69865e-06
eec: 549.365
weight: 0.000232955
eec: 300.897
weight: 1.24667e-05
eec: 441.893
weight: 5.29492e-05
eec: 301.941
weight: 0.000118058
eec: 116.83
weight: 4.48529e-05
eec: 223.441
weight: 0.00045863
eec: 160.339
weight: 3.25766e-05
eec: 109.209
weight: 6.80948e-06
eec: 1866.73
weight: 5.04352e-05
eec: 261.634
weight: 2.48766e-07
eec: 540.965
weight: 2.57571e-06
eec: 452.452
weight: 5.88972e-07
eec: 977.429
weight: 1.61592e-05
eec: 50.3576
weight: 9.7822e-06
eec: 362.778
weight: 0.000510241
eec: 343.692
weight: 0.000426019
eec: 702.149
weight: 3.81781e-08
eec: 74.9096
weight: 1.91549e-07
eec: 675.264
weight: 1.88273e-05
eec: 141.445
weight: 3.31402e-06
eec: 180.725
weight: 0.000257795
eec: 15.1022
weight: 0.000289597
eec: 119.373
weight: 0.00021323
eec: 124.224
weight: 5.393e-05
eec: 665.397
weight: 1.70211e-05
eec: 75.5653
weight: 0.000175901
eec: 68.743
weight: 2.10125e-05
eec: 252.082
weight: 2.03356e-05
eec: 452.507
weight: 0.000234543
eec: 728.591
weight: 5.54048e-07
eec: 988.775
weight: 3.739e-06
eec: 499.297
weight: 3.35455e-05
eec: 250.184
weight: 0.000730938
eec: 230.436
weight: 0.000353085
eec: 1426.11
weight: 7.0823e-05
eec: 31.3056
weight: 1.53027e-05
eec: 417.146
weight: 6.90163e-05
eec: 35.5463
weight: 6.90163e-05
eec: 1106.2
weight: 1.64617e-06
eec: 189.493
weight: 6.27419e-06
eec: 535.55
weight: 2.88661e-05
eec: 21.9016
weight: 9.53297e-06
eec: 767.282
weight: 3.14999e-05
eec: 677.947
weight: 3.79538e-05
eec: 404.948
weight: 7.89877e-06
eec: 1131.95
weight: 6.67825e-08
eec: 111.16
weight: 2.90541e-06
eec: 554.688
weight: 8.79268e-06
eec: 1522.34
weight: 2.25949e-05
eec: 283.624
weight: 4.14515e-06
eec: 269.246
weight: 8.96435e-05
eec: 92.9044
weight: 3.84755e-05
eec: 231.772
weight: 9.34644e-06
eec: 869.354
weight: 9.34644e-06
eec: 870.317
weight: 0.000137497
eec: 367.768
weight: 2.19084e-06
eec: 574.35
weight: 0.000100513
eec: 236.448
weight: 3.48222e-05
eec: 569.85
weight: 5.98971e-05
eec: 65.3695
weight: 3.99456e-05
eec: 3164.32
weight: 9.64408e-05
eec: 209.03
weight: 1.49677e-06
eec: 91.6163
weight: 0.000542551
eec: 310.704
weight: 6.49185e-06
eec: 474.248
weight: 2.19192e-05
eec: 201.815
weight: 0.000147067
eec: 395.665
weight: 3.89718e-05
eec: 120.229
weight: 1.58411e-06
eec: 214.27
weight: 3.92703e-05
eec: 398.827
weight: 1.30903e-05
eec: 328.272
weight: 2.65507e-05
eec: 741.083
weight: 2.26263e-05
eec: 1697.15
weight: 1.51727e-06
eec: 848.849
weight: 1.12139e-05
eec: 212.851
weight: 2.52739e-05
eec: 2304.37
weight: 2.13744e-05
eec: 985.086
weight: 4.91055e-06
eec: 614.946
weight: 1.29821e-05
eec: 155.301
weight: 3.04454e-07
eec: 100.931
weight: 6.77662e-06
eec: 412.061
weight: 0.000428079
eec: 347.792
weight: 1.23935e-05
eec: 725.372
weight: 9.9711e-06
eec: 87.1633
weight: 1.50084e-05
eec: 279.476
Processing: 61.6667 %weight: 1.51677e-05
eec: 247.403
weight: 1.79583e-05
eec: 1696.4
weight: 1.35636e-05
eec: 1924.05
weight: 1.35636e-05
eec: 820.78
weight: 1.74473e-05
eec: 444.624
weight: 1.54413e-05
eec: 1013.75
weight: 1.58671e-05
eec: 74.8255
weight: 3.45467e-05
eec: 263.527
weight: 7.28892e-06
eec: 12.7476
weight: 2.41355e-05
eec: 188.21
weight: 2.88804e-05
eec: 512.459
weight: 9.39803e-06
eec: 767.548
weight: 1.10443e-06
eec: 550.471
weight: 9.26752e-06
eec: 720.014
weight: 7.83353e-06
eec: 125.385
weight: 1.29361e-06
eec: 1198.13
weight: 5.97069e-08
eec: 1295.83
weight: 8.85724e-07
eec: 162.079
weight: 5.15468e-05
eec: 690.514
weight: 3.13616e-05
eec: 292.203
weight: 0.000271485
eec: 26.624
weight: 3.77582e-05
eec: 434.262
weight: 1.5981e-06
eec: 1732.24
weight: 0.000142236
eec: 191.925
weight: 2.66543e-06
eec: 842.156
weight: 1.77581e-05
eec: 310.648
weight: 3.67849e-05
eec: 1286.7
weight: 2.33971e-05
eec: 477.973
weight: 9.32675e-05
eec: 28.8141
weight: 1.49617e-05
eec: 2245.48
weight: 3.78995e-06
eec: 2577.67
weight: 6.55542e-06
eec: 652.458
weight: 1.61268e-05
eec: 482.8
weight: 3.34942e-06
eec: 1164.83
weight: 2.13263e-05
eec: 976.955
weight: 3.85765e-05
eec: 306.07
weight: 2.44202e-05
eec: 6.70404
weight: 2.35518e-07
eec: 165.182
weight: 8.78706e-06
eec: 475.119
weight: 2.28149e-05
eec: 57.3121
weight: 9.20033e-06
eec: 82.8384
weight: 7.03486e-07
eec: 1242.14
weight: 3.02333e-05
eec: 814.351
weight: 3.12099e-06
eec: 2041.19
weight: 4.479e-07
eec: 383.245
weight: 3.27567e-05
eec: 2839.48
weight: 0.000281091
eec: 1471.36
weight: 4.34653e-06
eec: 3366.06
weight: 0.000352804
eec: 410.339
weight: 7.22456e-06
eec: 38.4616
weight: 2.16295e-05
eec: 345.256
weight: 1.18839e-05
eec: 3197.07
weight: 0.000309884
eec: 492.16
weight: 4.09665e-05
eec: 188.454
weight: 8.41211e-05
eec: 304.037
weight: 2.09312e-05
eec: 2067.93
weight: 3.25985e-07
eec: 2834.92
weight: 1.89181e-05
eec: 669.726
weight: 6.06803e-06
eec: 831.621
weight: 5.63403e-05
eec: 594.07
weight: 1.0795e-05
eec: 210.384
weight: 0.000184468
eec: 285.51
weight: 4.71909e-06
eec: 1422.32
weight: 9.98158e-06
eec: 2433.92
weight: 8.62939e-06
eec: 1271.95
weight: 1.44814e-06
eec: 2007.6
weight: 0.000647789
eec: 593.748
weight: 0.000113343
eec: 933.299
weight: 0.000128935
eec: 105.029
weight: 5.60298e-05
eec: 394.256
weight: 0.00198397
eec: 381.642
weight: 2.21115e-05
eec: 72.5687
weight: 4.92903e-05
eec: 184.441
weight: 0.000124841
eec: 315.829
weight: 1.93431e-05
eec: 209.073

ROOT exit code = 0
