gSystem->Load("run_condor_job_Run3_C.so");
run_condor_job_Run3(57, 100, 2,
                    80, 200,
                    1, 1, 1, 0);
.q

ENTERED run_condor_job_Run3()
JOBID = 57
  global job = 57  Job 57/100  events [3416580, 3476520)  total=5994000
Processing events [3416580, 3476520) of 5994000
weight: 2.95394e-06
eec: 2312.31
weight: 0.000321184
eec: 223.82
weight: 1.62914e-06
eec: 73.5975
weight: 1.21468e-05
eec: 1393.67
weight: 8.67302e-05
eec: 141.79
weight: 0.000527546
eec: 636.5
weight: 0.000135619
eec: 213.166
weight: 1.58277e-05
eec: 1341.34
weight: 0.000180986
eec: 30.5868
weight: 2.13967e-06
eec: 365.459
weight: 1.17983e-05
eec: 2943.22
weight: 1.19974e-06
eec: 354.313
weight: 0.000119713
eec: 325.488
weight: 0.000892202
eec: 283.678
weight: 0.000218353
eec: 564.342
weight: 1.7966e-07
eec: 108.465
weight: 9.65831e-06
eec: 2523.06
weight: 7.44726e-05
eec: 1364.53
weight: 1.40122e-05
eec: 1282.36
weight: 4.2939e-07
eec: 714.785
weight: 1.37184e-06
eec: 591.438
weight: 2.97473e-05
eec: 480.075
weight: 2.8625e-05
eec: 3751.28
weight: 0.000117206
eec: 97.0733
weight: 5.29327e-05
eec: 2202.17
weight: 3.63595e-05
eec: 93.0679
weight: 0.000120385
eec: 508.562
weight: 8.31841e-06
eec: 473.865
weight: 0.000673748
eec: 57.7145
weight: 0.000119059
eec: 256.872
weight: 2.13421e-05
eec: 428.037
weight: 6.63574e-06
eec: 244.335
weight: 6.03271e-05
eec: 722.587
weight: 2.28654e-05
eec: 423.634
weight: 2.04489e-06
eec: 83.3116
weight: 4.98719e-06
eec: 131.778
weight: 7.11044e-05
eec: 535.812
weight: 2.06451e-05
eec: 60.0831
weight: 5.89441e-05
eec: 159.63
weight: 0.000195573
eec: 73.8132
weight: 0.000410682
eec: 782.395
weight: 8.3094e-05
eec: 128.465
weight: 3.23813e-05
eec: 104.977
weight: 1.30692e-05
eec: 109.164
weight: 0.000204948
eec: 1286.34
weight: 4.77426e-05
eec: 464.776
weight: 0.000238454
eec: 94.7453
weight: 0.000396569
eec: 161.23
weight: 4.13261e-05
eec: 118.146
weight: 7.28391e-06
eec: 365.053
weight: 1.47244e-05
eec: 971.671
weight: 2.9024e-05
eec: 1386.79
weight: 8.20832e-06
eec: 79.4778
weight: 1.0722e-05
eec: 1235.32
weight: 0.000902734
eec: 200.515
weight: 2.51618e-05
eec: 913.229
weight: 3.8379e-05
eec: 228.801
weight: 0.00013814
eec: 130.295
weight: 0.000182008
eec: 25.109
weight: 1.60543e-06
eec: 465.85
weight: 0.000114114
eec: 724.065
weight: 0.000211122
eec: 47.3495
weight: 0.000172294
eec: 681.83
weight: 0.000136559
eec: 751.892
weight: 2.5175e-05
eec: 157.381
weight: 2.96481e-05
eec: 107.113
weight: 0.000156909
eec: 1089.6
weight: 5.2246e-05
eec: 1920.64
weight: 7.89171e-06
eec: 231.016
weight: 5.61827e-05
eec: 135.356
weight: 3.26008e-06
eec: 269.418
weight: 3.06573e-06
eec: 434.547
weight: 2.56487e-05
eec: 322.729
weight: 4.819e-05
eec: 41.8172
weight: 3.25153e-05
eec: 1812.66
weight: 2.20194e-05
eec: 958.055
weight: 2.74552e-05
eec: 80.0921
weight: 4.00898e-06
eec: 70.1254
weight: 5.98502e-05
eec: 118.583
weight: 2.0731e-05
eec: 103.245
weight: 0.000216326
eec: 529.737
weight: 5.34391e-05
eec: 74.4658
weight: 0.000170058
eec: 461.383
weight: 8.83323e-06
eec: 292.089
weight: 8.57948e-05
eec: 1074.29
weight: 1.45229e-05
eec: 754.753
weight: 1.17188e-05
eec: 197.67
weight: 0.000440658
eec: 661.612
weight: 1.36449e-05
eec: 167.163
weight: 9.71591e-05
eec: 371.126
weight: 6.19128e-06
eec: 651.038
weight: 7.28905e-06
eec: 553.664
weight: 1.1292e-05
eec: 644.422
weight: 6.90543e-05
eec: 189.151
weight: 8.78312e-07
eec: 610.482
weight: 6.34975e-05
eec: 30.3936
weight: 2.58007e-05
eec: 98.7104
weight: 4.79062e-05
eec: 242.279
weight: 1.34606e-05
eec: 360.564
weight: 1.41652e-05
eec: 65.77
weight: 1.46099e-05
eec: 922.954
weight: 4.70624e-07
eec: 308.561
weight: 4.90027e-05
eec: 88.1002
weight: 2.30824e-05
eec: 2832.38
weight: 5.90097e-06
eec: 894.748
weight: 1.49327e-06
eec: 30.3207
weight: 0.000103014
eec: 801.156
weight: 1.84292e-05
eec: 383.777
weight: 1.67573e-06
eec: 107.298
weight: 0.00013442
eec: 122.023
weight: 5.88156e-06
eec: 593.823
weight: 8.06374e-06
eec: 246.236
weight: 1.42677e-05
eec: 1416.1
weight: 0.000136139
eec: 772.749
weight: 1.4774e-05
eec: 330.378
weight: 1.94147e-05
eec: 959.085
weight: 3.3299e-05
eec: 491.283
weight: 0.000133476
eec: 873.701
weight: 3.62192e-05
eec: 2262.86
weight: 1.47732e-05
eec: 352.792
weight: 1.7343e-06
eec: 500.784
weight: 4.8782e-05
eec: 184.974
weight: 4.64094e-05
eec: 545.818
weight: 6.87421e-07
eec: 351.241
weight: 6.93424e-05
eec: 403.026
weight: 2.12999e-05
eec: 874.623
weight: 1.91326e-05
eec: 2019.85
weight: 0.000321513
eec: 528.491
weight: 4.82022e-05
eec: 122.08
weight: 1.86951e-05
eec: 237.22
weight: 1.92386e-05
eec: 32.7971
weight: 3.98497e-05
eec: 186.416
weight: 1.3472e-05
eec: 460.381
weight: 1.8657e-05
eec: 1086.66
weight: 1.19329e-05
eec: 1400.16
weight: 0.000615506
eec: 792.209
weight: 1.22864e-06
eec: 735.705
weight: 5.21008e-06
eec: 38.1039
weight: 1.66479e-06
eec: 194.568
weight: 1.66479e-06
eec: 140.297
Processing: 57.5576 %weight: 3.13025e-07
eec: 251.72
weight: 0.000195793
eec: 229.497
weight: 4.17492e-06
eec: 1111.65
weight: 3.21157e-05
eec: 135.464
weight: 0.000294657
eec: 543.539
weight: 0.00042838
eec: 389.487
weight: 5.73727e-07
eec: 353.713
weight: 0.000127224
eec: 85.9831
weight: 2.26648e-05
eec: 529.508
weight: 6.72238e-05
eec: 236.232
weight: 2.9372e-06
eec: 658.663
weight: 3.59681e-06
eec: 843.459
weight: 7.34693e-06
eec: 736.626
weight: 2.03857e-05
eec: 564.691
weight: 1.50601e-05
eec: 581.007
weight: 7.75367e-06
eec: 1851.9
weight: 9.3978e-05
eec: 34.5228
weight: 3.01999e-05
eec: 150.618
weight: 9.82786e-05
eec: 31.6448
weight: 1.42129e-05
eec: 418.386
weight: 2.80778e-05
eec: 594.764
weight: 2.53995e-05
eec: 800.674
weight: 6.21318e-06
eec: 2023.27
weight: 5.22268e-05
eec: 235.702
weight: 1.57552e-05
eec: 1689.93
weight: 3.07052e-05
eec: 77.2845
weight: 5.41756e-06
eec: 485.942
weight: 7.36477e-05
eec: 175.529
weight: 2.3705e-05
eec: 953.401
weight: 8.77821e-06
eec: 2541.48
weight: 9.19234e-07
eec: 5330.86
weight: 1.38474e-05
eec: 603.894
weight: 2.15611e-05
eec: 258.309
weight: 0.000180825
eec: 737.806
weight: 5.50237e-06
eec: 1008.07
weight: 7.48442e-06
eec: 416.023
weight: 0.000126634
eec: 269.646
weight: 2.35748e-05
eec: 792.728
weight: 0.000136568
eec: 602.059
weight: 2.87112e-06
eec: 365.447
weight: 0.000158854
eec: 130.032
weight: 6.40709e-06
eec: 441.621
weight: 9.40987e-06
eec: 1531.89
weight: 0.00022266
eec: 105.928
weight: 6.9764e-08
eec: 795.036
weight: 4.27476e-05
eec: 137.066
weight: 4.27476e-05
eec: 38.5695
weight: 1.56691e-05
eec: 67.4133
weight: 3.94535e-06
eec: 321.77
weight: 2.60456e-05
eec: 441.484
weight: 0.000168427
eec: 370.164
weight: 8.23462e-06
eec: 97.0176
weight: 1.46189e-05
eec: 561.379
weight: 8.14541e-05
eec: 45.0996
weight: 7.33374e-05
eec: 666.227
weight: 9.23523e-06
eec: 146.303
weight: 6.73015e-05
eec: 842.491
weight: 0.000152366
eec: 140.065
weight: 6.41881e-05
eec: 285.771
weight: 0.000204768
eec: 594.822
weight: 4.05578e-06
eec: 653.231
weight: 1.00129e-05
eec: 777.659
weight: 9.9091e-05
eec: 16.2149
weight: 3.12789e-05
eec: 1098.18
weight: 5.63484e-06
eec: 668.785
weight: 4.94586e-05
eec: 204.586
weight: 0.000470821
eec: 44.5238
weight: 1.01932e-05
eec: 557.971
weight: 1.01932e-05
eec: 1414.67
weight: 4.52153e-05
eec: 743.689
weight: 1.57835e-06
eec: 454.559
weight: 4.1149e-05
eec: 98.5729
weight: 2.81782e-05
eec: 320.583
weight: 0.000136917
eec: 255.377
weight: 3.88659e-06
eec: 460.884
weight: 7.7365e-06
eec: 404.08
weight: 2.76184e-05
eec: 675.259
weight: 0.000457203
eec: 111.799
weight: 1.15695e-05
eec: 865.348
weight: 2.84807e-05
eec: 1515.74
weight: 2.90954e-05
eec: 268.233
weight: 9.16068e-05
eec: 844.868
weight: 7.84867e-06
eec: 287.766
weight: 0.000321327
eec: 595.935
weight: 0.000227652
eec: 528.427
weight: 0.000103909
eec: 481.729
weight: 8.93074e-05
eec: 1225.48
weight: 6.27772e-06
eec: 585.36

ROOT exit code = 0
