gSystem->Load("run_condor_job_Run3_C.so");
run_condor_job_Run3(494, 100, 2,
                    80, 200,
                    1, 1, 1, 4);
.q

ENTERED run_condor_job_Run3()
JOBID = 494
  global job = 494  Job 94/100  events [5544120, 5603100)  total=5898000
Processing events [5544120, 5603100) of 5898000
weight: 4.73668e-07
eec: 398.057
weight: 9.05964e-06
eec: 64.7214
weight: 2.17086e-07
eec: 119.718
weight: 7.34234e-05
eec: 540.275
weight: 0.000197989
eec: 477.194
weight: 1.39853e-05
eec: 1243.02
weight: 1.80644e-05
eec: 141.852
weight: 5.47074e-05
eec: 113.213
weight: 4.29435e-06
eec: 320.421
weight: 0.000173715
eec: 913.507
weight: 0.000118744
eec: 650.107
weight: 1.98053e-05
eec: 174.317
weight: 0.000166508
eec: 32.5882
weight: 5.2574e-07
eec: 412.101
weight: 3.24305e-05
eec: 299.231
weight: 1.0521e-05
eec: 1070.68
Processing: 94.0997 %weight: 4.43741e-07
eec: 349.314
weight: 1.96166e-05
eec: 859.297
weight: 1.5265e-05
eec: 42.2949
weight: 3.85052e-07
eec: 575.544
weight: 2.95875e-05
eec: 2681.64
weight: 0.000260915
eec: 479.471
weight: 4.96687e-05
eec: 2052.12
weight: 4.2449e-05
eec: 134.809
weight: 0.000123156
eec: 501.3
weight: 2.27759e-05
eec: 2920.55
weight: 1.10134e-06
eec: 231.948
weight: 3.263e-06
eec: 645.979
weight: 5.55239e-06
eec: 255.671
weight: 8.3012e-06
eec: 477.241
weight: 6.98707e-08
eec: 237.936
weight: 1.87455e-05
eec: 452.17
weight: 3.66719e-05
eec: 673.786
weight: 2.76844e-05
eec: 534.756
weight: 2.40605e-05
eec: 818.892
weight: 4.75753e-05
eec: 543.958
weight: 1.0421e-05
eec: 863.019
weight: 9.34365e-07
eec: 731.1
weight: 1.27448e-06
eec: 294.554
weight: 0.00159223
eec: 360.541
weight: 1.78593e-05
eec: 622.58
weight: 1.29641e-05
eec: 605.109
weight: 1.50652e-05
eec: 559.393
weight: 0.000170323
eec: 319.422
weight: 1.36106e-05
eec: 153.99
weight: 1.93652e-05
eec: 1070.22
weight: 6.76345e-05
eec: 348.784
weight: 0.00012356
eec: 124.056
weight: 1.37307e-05
eec: 755.295
weight: 3.67641e-05
eec: 131.986
weight: 6.2825e-06
eec: 496.224
weight: 0.000261504
eec: 975.719
weight: 1.41924e-05
eec: 1078.7
weight: 1.84428e-05
eec: 391.401
weight: 7.60298e-06
eec: 295.358
weight: 1.12549e-05
eec: 1286.61
weight: 1.38124e-05
eec: 115.924
weight: 3.30307e-06
eec: 475.055
weight: 0.000204904
eec: 108.535
weight: 4.79572e-06
eec: 1854.83
weight: 0.00185837
eec: 698.037
weight: 9.14597e-06
eec: 297.357
weight: 7.82978e-05
eec: 120.738
weight: 1.89444e-07
eec: 735.308
weight: 7.07484e-05
eec: 349.616
weight: 8.88168e-05
eec: 217.382
weight: 4.2394e-05
eec: 20.9888
weight: 1.00482e-05
eec: 1097.37
weight: 2.32544e-06
eec: 173.214
weight: 5.17335e-06
eec: 207.787
weight: 0.000253436
eec: 388.287
weight: 5.50934e-05
eec: 1067.06
weight: 0.000291124
eec: 202.517
weight: 9.795e-07
eec: 452.197
weight: 2.3779e-05
eec: 148.786
weight: 8.54126e-05
eec: 331.095
weight: 2.74745e-05
eec: 175.819
weight: 3.11898e-05
eec: 402.454
weight: 7.61334e-05
eec: 754.63
weight: 1.95519e-05
eec: 274.547
weight: 0.000146716
eec: 246.39
weight: 9.54438e-05
eec: 1947.03
weight: 0.000434886
eec: 197.14
weight: 3.2081e-05
eec: 470.056
weight: 1.83504e-05
eec: 1087.36
weight: 0.000170008
eec: 123.1
weight: 1.059e-06
eec: 3201.61
weight: 3.81683e-05
eec: 755.533
weight: 0.000168326
eec: 358.655
weight: 3.97071e-06
eec: 858.564
weight: 1.4276e-05
eec: 510.437
weight: 1.79721e-05
eec: 79.7863
weight: 1.78965e-06
eec: 244.407
weight: 0.000141558
eec: 32.0816
weight: 9.61254e-06
eec: 646.269
weight: 1.74155e-05
eec: 2773.99
weight: 3.21576e-06
eec: 4603.95
weight: 3.12877e-05
eec: 286.39
weight: 0.000581912
eec: 653.482
weight: 3.9993e-06
eec: 989.871
weight: 0.000110058
eec: 6.74171
weight: 0.00016871
eec: 492.286
weight: 0.000138196
eec: 593.058
weight: 1.22736e-05
eec: 172.42
weight: 9.08669e-05
eec: 685.114
weight: 4.42926e-05
eec: 1001.74
weight: 0.000120787
eec: 746.806
weight: 7.90196e-05
eec: 1094.68
weight: 5.49685e-05
eec: 175.773
weight: 6.97264e-06
eec: 196.313
weight: 1.4817e-05
eec: 338.84
weight: 2.88757e-05
eec: 178.896
weight: 4.70723e-08
eec: 1511.91
weight: 0.000276918
eec: 411.984
weight: 3.57571e-06
eec: 708.365
weight: 3.97836e-05
eec: 413.028
weight: 4.37919e-06
eec: 109.312
weight: 8.19621e-06
eec: 390.281
weight: 3.94521e-06
eec: 106.022
weight: 0.000201728
eec: 863.812
weight: 1.42538e-05
eec: 223.661
weight: 1.88045e-05
eec: 415.134
weight: 6.38966e-05
eec: 745.682
weight: 3.12777e-07
eec: 205.945
weight: 8.11638e-05
eec: 23.6246
weight: 3.24278e-05
eec: 136.606
weight: 6.48342e-06
eec: 22.981
weight: 3.20664e-06
eec: 130.348
weight: 1.16507e-05
eec: 121.346
weight: 1.37603e-05
eec: 114.651
weight: 0.00159447
eec: 35.9682
weight: 3.34473e-06
eec: 414.231
weight: 0.000526185
eec: 165.16
weight: 9.01068e-06
eec: 439.977
weight: 5.7519e-06
eec: 51.647
weight: 6.05716e-06
eec: 811.212
weight: 0.000193689
eec: 556.832
weight: 4.18543e-05
eec: 590.169
weight: 0.000187142
eec: 67.5538
weight: 3.91751e-05
eec: 93.7686
weight: 8.0753e-06
eec: 89.4883
weight: 7.32109e-05
eec: 638.973
weight: 1.04352e-05
eec: 79.3489
weight: 1.58176e-05
eec: 80.4815
weight: 7.71554e-05
eec: 139.327
weight: 2.9809e-05
eec: 210.015
weight: 1.60596e-06
eec: 615.165
weight: 0.000772657
eec: 911.411
weight: 6.53847e-06
eec: 155.129
weight: 0.000104957
eec: 545.68
weight: 8.92138e-05
eec: 82.9019
weight: 3.68918e-05
eec: 961.565
weight: 3.70726e-06
eec: 55.8203
weight: 3.00392e-07
eec: 963.136
weight: 9.51113e-06
eec: 1042.63
weight: 0.000198602
eec: 594.459
weight: 3.29115e-06
eec: 68.5312
weight: 3.21098e-05
eec: 117.261
weight: 1.53478e-05
eec: 195.114
weight: 6.28469e-06
eec: 2845.37
weight: 6.59967e-05
eec: 513.833
weight: 3.90153e-05
eec: 97.8304
weight: 5.12974e-05
eec: 336.249
weight: 6.36733e-06
eec: 1366.29
weight: 6.68138e-06
eec: 190.012
weight: 3.10916e-06
eec: 179.058
weight: 1.71207e-05
eec: 713.11
weight: 0.000505605
eec: 134.573
weight: 3.16653e-05
eec: 454.976
weight: 4.19782e-05
eec: 929.371
weight: 6.4485e-05
eec: 305.596
weight: 1.30375e-05
eec: 53.7151
weight: 1.19519e-05
eec: 1040.04
weight: 2.26186e-05
eec: 107.254
weight: 4.27116e-05
eec: 834.64
weight: 7.72194e-05
eec: 1591.18
weight: 0.000302922
eec: 238.107
weight: 3.45313e-05
eec: 115.252
weight: 0.000153379
eec: 288.894
weight: 0.00012008
eec: 120.359
weight: 0.000102352
eec: 60.2849
weight: 0.000101396
eec: 1427.07
weight: 3.4778e-05
eec: 34.1073
weight: 4.63376e-05
eec: 2084.46
weight: 5.78373e-05
eec: 117.373
weight: 5.20757e-06
eec: 1849.85
weight: 2.54135e-05
eec: 357.335
weight: 2.04682e-05
eec: 928.807
weight: 2.09666e-05
eec: 60.9101
weight: 3.71858e-06
eec: 1620.54
weight: 5.07131e-06
eec: 571.49
weight: 0.000104382
eec: 691.87
weight: 1.36823e-06
eec: 741.895
weight: 0.000202715
eec: 889.681
weight: 1.57809e-07
eec: 1042.21
weight: 9.01062e-05
eec: 662.875
weight: 4.30368e-06
eec: 191.124
weight: 9.32086e-06
eec: 391.484
weight: 0.00224861
eec: 342.03
weight: 5.4009e-06
eec: 2672.56
weight: 7.68593e-05
eec: 445.427
weight: 0.00020999
eec: 655.938
weight: 8.42585e-06
eec: 30.7927
weight: 1.36166e-05
eec: 772.92
weight: 4.01074e-07
eec: 992.463
weight: 3.62985e-05
eec: 1629.26
weight: 2.15435e-05
eec: 394.64
weight: 1.12598e-05
eec: 88.7532
weight: 4.29473e-05
eec: 485.088
weight: 1.51378e-05
eec: 437.501
weight: 8.72774e-06
eec: 255.53
weight: 3.38053e-06
eec: 269.79
weight: 2.65184e-06
eec: 208.132
weight: 8.91925e-06
eec: 233.773
weight: 3.13838e-05
eec: 738.324
weight: 6.89091e-06
eec: 248.184
weight: 4.77826e-05
eec: 571.041
weight: 1.6578e-05
eec: 1657.1
weight: 1.56683e-05
eec: 2219.67
weight: 2.9972e-07
eec: 372.288
weight: 7.1611e-06
eec: 19.1182
Processing: 94.9474 %weight: 0.000164515
eec: 40.7026
weight: 1.82267e-05
eec: 22.0364
weight: 3.21985e-05
eec: 52.9896
weight: 1.07674e-05
eec: 3849.35
weight: 2.40873e-06
eec: 890.291
weight: 3.42184e-05
eec: 201.491
weight: 0.00010237
eec: 1766.55
weight: 3.15835e-05
eec: 277.811
weight: 2.26033e-05
eec: 770.47
weight: 1.36132e-05
eec: 1055.51
weight: 2.77489e-05
eec: 51.6442
weight: 2.01933e-06
eec: 472.119
weight: 2.01933e-06
eec: 1052.39
weight: 8.57708e-06
eec: 705.788
weight: 3.08112e-05
eec: 507.766
weight: 1.12128e-05
eec: 322.863
weight: 7.48123e-05
eec: 276.595

ROOT exit code = 0
