gSystem->Load("run_condor_job_Run3_C.so");
run_condor_job_Run3(566, 100, 2,
                    80, 200,
                    1, 1, 1, 5);
.q

ENTERED run_condor_job_Run3()
JOBID = 566
  global job = 566  Job 66/100  events [3960000, 4020000)  total=6000000
Processing events [3960000, 4020000) of 6000000
weight: 2.64866e-05
eec: 561.659
weight: 9.92129e-08
eec: 188.366
weight: 2.9162e-05
eec: 418.205
weight: 7.04922e-05
eec: 2044.38
weight: 8.44303e-06
eec: 599.959
weight: 4.71247e-07
eec: 264.275
weight: 1.69137e-06
eec: 103.221
weight: 5.9943e-06
eec: 1982.66
weight: 1.75719e-05
eec: 699.807
weight: 0.00034428
eec: 132.548
weight: 1.77489e-05
eec: 26.5453
weight: 3.59441e-05
eec: 140.491
weight: 1.95373e-06
eec: 119.926
weight: 2.20159e-06
eec: 47.9681
weight: 5.94337e-08
eec: 371.445
weight: 0.000282057
eec: 351.445
weight: 8.98499e-06
eec: 134.912
weight: 2.50088e-05
eec: 605.758
weight: 8.37652e-05
eec: 711.949
weight: 6.44482e-05
eec: 324.232
weight: 1.57196e-05
eec: 636.122
weight: 2.31515e-06
eec: 276.619
weight: 6.31468e-07
eec: 241.657
weight: 6.31468e-07
eec: 970.644
weight: 2.08648e-05
eec: 1136.35
weight: 2.1759e-05
eec: 305.931
weight: 1.58742e-05
eec: 2061.65
weight: 2.77379e-05
eec: 3597.46
weight: 1.93915e-05
eec: 1668.85
weight: 2.24681e-05
eec: 252.033
weight: 3.2323e-05
eec: 55.9192
weight: 7.02021e-05
eec: 94.2235
weight: 9.47871e-05
eec: 238.266
weight: 0.000158464
eec: 278.465
weight: 1.60692e-05
eec: 192.736
weight: 5.82048e-07
eec: 28.5979
weight: 1.82548e-05
eec: 251.893
weight: 2.14568e-06
eec: 141.054
weight: 2.72902e-05
eec: 178.755
weight: 3.15548e-06
eec: 78.2102
weight: 0.000230779
eec: 675.199
weight: 4.43715e-06
eec: 539.525
weight: 5.09586e-05
eec: 212.555
weight: 1.9636e-05
eec: 2533.97
weight: 0.000120915
eec: 451.258
weight: 1.36365e-05
eec: 116.526
weight: 0.000166672
eec: 52.1318
weight: 2.44006e-05
eec: 1907.56
weight: 2.73965e-05
eec: 274.707
weight: 4.45909e-06
eec: 1879.67
weight: 2.01772e-05
eec: 474.853
weight: 4.44334e-06
eec: 1546.77
weight: 4.62579e-06
eec: 1376.79
weight: 4.08551e-05
eec: 471.533
weight: 1.24709e-05
eec: 936.292
weight: 0.000248595
eec: 55.4724
weight: 0.000188416
eec: 95.0016
weight: 5.54422e-06
eec: 400.239
weight: 2.60577e-06
eec: 1238.71
weight: 1.25152e-05
eec: 1126.67
weight: 0.000175247
eec: 28.124
weight: 0.000100854
eec: 49.4316
weight: 2.28459e-05
eec: 940.406
weight: 0.000374649
eec: 278.83
weight: 2.96039e-05
eec: 404.587
weight: 2.27247e-07
eec: 524.654
weight: 0.000136297
eec: 771.697
weight: 0.000239587
eec: 67.8858
weight: 1.04915e-05
eec: 293.052
weight: 2.24841e-05
eec: 979.032
weight: 0.000100404
eec: 101.447
weight: 4.61223e-06
eec: 156.649
weight: 0.00111151
eec: 972.189
weight: 1.09342e-05
eec: 284.557
weight: 0.000169485
eec: 523.255
weight: 6.68331e-05
eec: 1186.27
weight: 1.80646e-05
eec: 214.058
weight: 8.02952e-07
eec: 587.606
weight: 0.000359481
eec: 365.803
weight: 0.00026019
eec: 166.168
weight: 7.70347e-05
eec: 377.572
weight: 5.11916e-05
eec: 173.692
weight: 5.43538e-06
eec: 1844.98
weight: 1.28836e-05
eec: 859.491
weight: 0.000574275
eec: 183.502
weight: 6.04341e-05
eec: 410.497
weight: 7.67626e-07
eec: 524.531
weight: 2.72246e-06
eec: 540.686
weight: 4.76484e-06
eec: 828.976
weight: 2.90377e-05
eec: 653.85
weight: 4.97842e-06
eec: 563.619
weight: 6.40283e-06
eec: 447.33
weight: 9.21336e-05
eec: 346.744
weight: 0.000298598
eec: 481.039
weight: 9.35558e-05
eec: 252.694
weight: 1.25927e-05
eec: 70.8582
weight: 5.09617e-06
eec: 201.783
weight: 2.07261e-05
eec: 1040.2
weight: 7.5022e-06
eec: 870.655
weight: 9.94956e-05
eec: 816.343
weight: 2.38826e-06
eec: 162.813
weight: 0.000245823
eec: 73.2846
weight: 0.000369711
eec: 805.829
weight: 1.30911e-05
eec: 1139.89
weight: 2.52783e-08
eec: 853.603
weight: 1.26344e-05
eec: 264.82
weight: 2.71485e-05
eec: 1748.46
weight: 0.000205265
eec: 738.737
weight: 0.000252165
eec: 11.9425
weight: 8.27566e-06
eec: 927.852
weight: 0.000145366
eec: 36.4155
weight: 6.93926e-06
eec: 4757.45
weight: 2.41218e-05
eec: 595.758
weight: 5.43441e-05
eec: 600.919
weight: 5.1964e-05
eec: 225.251
weight: 2.05028e-05
eec: 134.204
weight: 2.79712e-05
eec: 25.8731
weight: 1.59194e-05
eec: 366.029
weight: 4.68349e-05
eec: 358.584
weight: 1.02486e-05
eec: 712.67
weight: 0.000164615
eec: 83.2611
weight: 1.27724e-05
eec: 107.762
weight: 0.000107365
eec: 69.8953
weight: 5.16848e-05
eec: 216.462
weight: 8.53597e-06
eec: 3158.7
weight: 2.79774e-05
eec: 319
weight: 6.47827e-06
eec: 159.253
weight: 4.48106e-06
eec: 1168.42
weight: 5.59068e-05
eec: 23.9024
weight: 3.09526e-06
eec: 432.802
weight: 0.000182467
eec: 167.365
weight: 0.000154951
eec: 1163.37
weight: 2.62182e-05
eec: 1203.11
weight: 1.83638e-06
eec: 245.964
weight: 3.42707e-05
eec: 833.335
weight: 9.18437e-05
eec: 201.379
weight: 0.000130448
eec: 286.729
weight: 5.03463e-06
eec: 1096.5
weight: 0.00042074
eec: 385.224
weight: 0.000335756
eec: 525.007
weight: 3.24514e-06
eec: 107.161
weight: 5.88474e-06
eec: 934.095
weight: 0.000125841
eec: 805.157
weight: 0.000265747
eec: 139.324
weight: 6.81057e-06
eec: 23.5076
weight: 6.81057e-06
eec: 302.902
weight: 1.88003e-05
eec: 1551.16
weight: 0.000151655
eec: 287.958
weight: 0.000161838
eec: 121.25
weight: 2.58003e-05
eec: 1191.27
weight: 1.10003e-05
eec: 297.665
weight: 1.62302e-05
eec: 887.691
weight: 2.43118e-05
eec: 316.963
weight: 3.35318e-05
eec: 1817.84
weight: 1.23195e-05
eec: 999.862
weight: 1.1575e-05
eec: 276.51
weight: 5.38226e-05
eec: 463.555
weight: 1.25208e-05
eec: 428.431
weight: 6.27984e-05
eec: 127.264
Processing: 66.6667 %weight: 9.14762e-06
eec: 690.48
weight: 4.01734e-06
eec: 320.035
weight: 1.3941e-07
eec: 522.303
weight: 0.000409397
eec: 199.361
weight: 2.78821e-05
eec: 32.6978
weight: 9.35224e-05
eec: 477.792
weight: 6.04119e-07
eec: 1771.26
weight: 8.56829e-06
eec: 1044.23
weight: 8.30421e-05
eec: 172.77
weight: 0.000133541
eec: 631.585
weight: 1.33862e-05
eec: 393.131
weight: 0.000121983
eec: 382.685
weight: 8.61326e-06
eec: 871.737
weight: 0.00026522
eec: 150.812
weight: 0.000321052
eec: 61.608
weight: 0.000102844
eec: 73.3677
weight: 9.32171e-06
eec: 137.509
weight: 2.17197e-07
eec: 263.809
weight: 0.000381157
eec: 108.215
weight: 2.91426e-06
eec: 447.745
weight: 1.43461e-05
eec: 647.616
weight: 4.21427e-05
eec: 751.124
weight: 2.87452e-05
eec: 449.802
weight: 1.7234e-05
eec: 832.153
weight: 0.000746057
eec: 223.892
weight: 3.0809e-05
eec: 344.673
weight: 8.76864e-06
eec: 119.749
weight: 1.04752e-05
eec: 1259.73
weight: 2.21782e-05
eec: 1006.14
weight: 1.74353e-06
eec: 472.35
weight: 6.15805e-05
eec: 1045.35
weight: 1.02167e-05
eec: 185.851
weight: 8.49845e-06
eec: 320.381
weight: 1.61339e-05
eec: 789.034
weight: 7.83735e-06
eec: 56.8744
weight: 1.24882e-05
eec: 541.927
weight: 6.5881e-05
eec: 691.104
weight: 8.40203e-05
eec: 654.742
weight: 2.30773e-05
eec: 92.2457
weight: 8.23575e-05
eec: 980.848
weight: 0.000106688
eec: 199.223
weight: 5.70438e-07
eec: 278.085
weight: 0.000382534
eec: 377.615
weight: 0.000162032
eec: 653.105
weight: 9.69861e-06
eec: 259.342
weight: 0.000199821
eec: 533.461
weight: 0.000199821
eec: 368.293
weight: 0.00017327
eec: 485.876
weight: 4.41031e-06
eec: 431.335
weight: 7.97913e-06
eec: 232.957
weight: 0.000838759
eec: 338.585
weight: 0.000142992
eec: 287.657
weight: 3.88544e-08
eec: 172.197
weight: 1.82687e-06
eec: 443.139
weight: 3.33261e-06
eec: 19.3166
weight: 6.7145e-06
eec: 1788.86
weight: 7.99993e-05
eec: 220.365
weight: 0.000157537
eec: 228.083
weight: 7.91876e-06
eec: 202.556
weight: 3.1476e-05
eec: 101.827
weight: 1.56258e-05
eec: 98.2151
weight: 0.000710004
eec: 1152.14
weight: 6.40056e-06
eec: 500.596
weight: 8.45123e-06
eec: 573.007
weight: 6.68513e-06
eec: 137.629
weight: 3.70875e-05
eec: 208.092
weight: 3.94324e-05
eec: 418.563
weight: 5.07044e-06
eec: 680.115
weight: 6.83752e-06
eec: 174.387
weight: 0.000193536
eec: 215.5
weight: 3.51281e-06
eec: 333.583
weight: 1.1917e-05
eec: 195.066
weight: 0.00011017
eec: 329.903
weight: 8.56974e-06
eec: 272.881
weight: 4.10325e-07
eec: 128.947
weight: 9.68492e-05
eec: 391.338
weight: 0.000315573
eec: 224.986
weight: 1.69484e-06
eec: 339.199
weight: 8.55731e-05
eec: 665.813
weight: 1.53346e-05
eec: 542.087
weight: 2.19019e-05
eec: 3638.25
weight: 2.92054e-05
eec: 386.164

ROOT exit code = 0
