gSystem->Load("run_condor_job_Run3_C.so");
run_condor_job_Run3(7, 100, 2,
                    80, 200,
                    1, 1, 1, 0);
.q

ENTERED run_condor_job_Run3()
JOBID = 7
  global job = 7  Job 7/100  events [419580, 479520)  total=5994000
Processing events [419580, 479520) of 5994000
weight: 2.46296e-05
eec: 2925.47
weight: 7.3912e-05
eec: 468.414
weight: 0.000166785
eec: 75.4905
weight: 9.86275e-06
eec: 75.5045
weight: 2.5671e-05
eec: 2201.22
weight: 1.13384e-06
eec: 301.998
weight: 2.38439e-05
eec: 758.299
weight: 0.000241703
eec: 480.756
weight: 0.000325801
eec: 825.62
weight: 2.44236e-08
eec: 593.979
weight: 6.18212e-08
eec: 14.536
weight: 4.39099e-05
eec: 405.333
weight: 0.000537562
eec: 47.854
weight: 7.72863e-05
eec: 1671.03
weight: 7.00268e-05
eec: 1056.68
weight: 0.000456068
eec: 215.434
weight: 1.25147e-05
eec: 148.789
weight: 3.9094e-06
eec: 970.676
weight: 0.000300881
eec: 344.586
weight: 6.62663e-05
eec: 1009.02
weight: 7.65357e-06
eec: 745.859
weight: 1.86182e-05
eec: 695.716
weight: 3.30513e-05
eec: 234.173
weight: 2.64035e-05
eec: 456.061
weight: 7.40309e-05
eec: 471.823
weight: 2.99081e-05
eec: 1303.19
weight: 2.79746e-05
eec: 497.848
weight: 9.89974e-05
eec: 408.066
weight: 2.51992e-05
eec: 768.483
weight: 2.16082e-05
eec: 1466.9
weight: 9.94892e-06
eec: 1058.95
weight: 0.00016248
eec: 1073.42
weight: 2.75881e-05
eec: 2281.67
weight: 7.84546e-05
eec: 704.315
weight: 4.11318e-05
eec: 75.9852
weight: 5.87726e-06
eec: 742.895
weight: 2.13485e-05
eec: 827.544
weight: 5.23763e-05
eec: 152.246
weight: 6.48439e-06
eec: 895.647
weight: 5.43445e-06
eec: 2751.05
weight: 4.15549e-06
eec: 434.484
weight: 0.000301391
eec: 276.527
weight: 0.000114422
eec: 279.888
weight: 2.92226e-05
eec: 42.1338
weight: 6.08583e-07
eec: 86.347
weight: 1.28998e-05
eec: 2253.06
weight: 8.42953e-06
eec: 827.308
weight: 1.9185e-05
eec: 448.97
weight: 2.89192e-05
eec: 732.445
weight: 6.44866e-05
eec: 86.8723
weight: 4.77997e-06
eec: 42.3393
weight: 1.58911e-05
eec: 814.32
weight: 0.000463208
eec: 565.964
weight: 9.2644e-06
eec: 116.635
weight: 1.78142e-05
eec: 139.966
weight: 4.65038e-05
eec: 826.33
weight: 2.45087e-06
eec: 1305.29
weight: 0.000171858
eec: 196.31
weight: 4.58474e-06
eec: 964.614
weight: 3.1857e-05
eec: 68.3621
weight: 4.04694e-05
eec: 691.074
weight: 1.80822e-05
eec: 343.865
weight: 5.21744e-05
eec: 506.368
weight: 1.08453e-05
eec: 1631.22
weight: 1.85339e-05
eec: 94.4896
weight: 2.76607e-05
eec: 268.538
weight: 0.00010268
eec: 576.828
weight: 1.97521e-05
eec: 131.487
weight: 5.58561e-05
eec: 801.517
weight: 9.3184e-06
eec: 248.948
weight: 0.000175541
eec: 593.071
weight: 1.07002e-05
eec: 449.648
weight: 2.27766e-05
eec: 619.599
weight: 4.73604e-05
eec: 1056.6
weight: 1.61246e-05
eec: 238.003
weight: 2.44566e-06
eec: 791.525
weight: 2.70073e-06
eec: 226.398
weight: 1.69265e-05
eec: 218.216
weight: 3.46516e-06
eec: 19.9819
weight: 2.69373e-05
eec: 729.549
weight: 1.3728e-05
eec: 1085.96
weight: 0.000168101
eec: 133.901
weight: 0.000193885
eec: 127.915
weight: 0.000337832
eec: 115.638
weight: 6.69997e-08
eec: 503.897
weight: 0.000689086
eec: 949.716
weight: 9.41476e-05
eec: 416.409
weight: 1.79283e-05
eec: 2139.87
weight: 4.61175e-05
eec: 871.104
weight: 5.48058e-05
eec: 258.328
weight: 1.59358e-05
eec: 592.571
weight: 4.86014e-06
eec: 1696.14
weight: 0.000324709
eec: 254.779
weight: 0.000199061
eec: 76.6785
weight: 9.22547e-06
eec: 104.654
weight: 0.000360698
eec: 14.2476
weight: 2.16542e-05
eec: 160.071
weight: 6.65879e-05
eec: 43.0411
weight: 1.78079e-05
eec: 259.229
weight: 1.20377e-05
eec: 216.272
weight: 5.42956e-06
eec: 291.866
weight: 9.81012e-06
eec: 194.828
weight: 7.05226e-05
eec: 921.109
Processing: 7.50751 %weight: 2.2255e-06
eec: 719.274
weight: 0.00012771
eec: 279.558
weight: 4.65432e-06
eec: 691.977
weight: 9.39694e-05
eec: 1812.99
weight: 0.000182881
eec: 701.337
weight: 1.7012e-05
eec: 1115.83
weight: 1.36756e-05
eec: 248.525
weight: 0.000109334
eec: 620.871
weight: 1.81598e-05
eec: 2198.32
weight: 8.00473e-07
eec: 1111.09
weight: 0.000357121
eec: 663.667
weight: 2.80339e-05
eec: 700.576
weight: 2.75193e-06
eec: 509.974
weight: 0.00029507
eec: 165.974
weight: 5.36633e-05
eec: 614.561
weight: 7.56277e-05
eec: 300.658
weight: 2.62222e-05
eec: 27.6361
weight: 1.55279e-05
eec: 1456.53
weight: 0.000101683
eec: 36.2169
weight: 8.63249e-05
eec: 146.358
weight: 9.63922e-06
eec: 272.692
weight: 6.20125e-06
eec: 849.984
weight: 3.23217e-05
eec: 870.984
weight: 3.23217e-05
eec: 438.023
weight: 8.10487e-05
eec: 578.963
weight: 0.00020583
eec: 232.463
weight: 1.012e-05
eec: 117.148
weight: 8.56488e-08
eec: 605.415
weight: 4.99516e-05
eec: 23.825
weight: 0.000124209
eec: 153.098
weight: 1.54e-05
eec: 1089.14
weight: 9.87265e-06
eec: 544.97
weight: 8.12947e-05
eec: 1292.54
weight: 0.000131475
eec: 84.2884
weight: 0.000131475
eec: 112.99
weight: 1.92321e-05
eec: 140.168
weight: 7.00175e-06
eec: 959.525
weight: 2.1557e-05
eec: 203.419
weight: 9.28322e-06
eec: 1323.92
weight: 4.89821e-06
eec: 126.491
weight: 8.7768e-05
eec: 202.839
weight: 2.56319e-05
eec: 1064.93
weight: 5.97039e-05
eec: 146.724
weight: 5.95498e-05
eec: 470.717
weight: 0.000496319
eec: 94.032
weight: 4.54823e-05
eec: 316.469
weight: 3.17796e-05
eec: 984.332
weight: 0.000117881
eec: 259.94
weight: 5.19575e-06
eec: 206.011
weight: 5.23171e-05
eec: 526.403
weight: 5.02383e-05
eec: 59.1812
weight: 4.26988e-05
eec: 1726.35
weight: 4.98076e-06
eec: 1265.55
weight: 3.96781e-05
eec: 900.796
weight: 0.000510429
eec: 538.083
weight: 3.06371e-06
eec: 1023.23
weight: 4.94025e-06
eec: 123.653
weight: 4.97609e-05
eec: 351.042
weight: 7.16055e-05
eec: 59.9095
weight: 1.18488e-05
eec: 195.497
weight: 7.47916e-06
eec: 644.633
weight: 0.000107214
eec: 279.339
weight: 3.32202e-05
eec: 5.81826
weight: 6.96863e-06
eec: 60.4983
weight: 5.40369e-05
eec: 133.856
weight: 2.38514e-05
eec: 1393.1
weight: 1.18343e-05
eec: 927.581
weight: 4.36266e-05
eec: 560.82
weight: 8.62194e-05
eec: 191.602
weight: 0.000312655
eec: 127.296
weight: 2.09765e-05
eec: 481.521
weight: 2.64246e-06
eec: 57.6852
weight: 1.04203e-08
eec: 1755.36
weight: 0.000124656
eec: 373.451
weight: 6.9276e-05
eec: 699.828
weight: 3.80635e-05
eec: 752.542
weight: 2.54595e-06
eec: 101.902
weight: 1.09021e-05
eec: 1289.31
weight: 3.56486e-06
eec: 2577.68
weight: 7.34548e-06
eec: 115.634
weight: 2.94795e-05
eec: 111.59
weight: 1.40028e-05
eec: 1476.21
weight: 3.85017e-05
eec: 47.7564
weight: 1.5876e-05
eec: 691.539
weight: 4.95043e-05
eec: 1723.68
weight: 0.000250598
eec: 81.8272
weight: 5.78042e-06
eec: 125.901
weight: 8.85086e-08
eec: 71.3379
weight: 0.000233716
eec: 805.312
weight: 4.9374e-06
eec: 1562.02
weight: 1.184e-06
eec: 810.757
weight: 9.63757e-05
eec: 1126.68
weight: 0.000311975
eec: 153.71
weight: 2.38856e-07
eec: 98.7588
weight: 0.000304884
eec: 643.871
weight: 1.18895e-05
eec: 1717.21
weight: 0.000104536
eec: 237.537
weight: 1.05275e-05
eec: 429.766
weight: 6.0769e-05
eec: 748.236
weight: 1.48877e-06
eec: 1421.5
weight: 2.99157e-05
eec: 411.985
weight: 2.37396e-06
eec: 257.526
weight: 3.1699e-05
eec: 752.409
weight: 6.63065e-05
eec: 144.802
weight: 7.10174e-05
eec: 42.9278
weight: 0.000154963
eec: 1012.57
weight: 7.97854e-06
eec: 77.3105
weight: 2.48507e-05
eec: 393.303
weight: 3.03309e-05
eec: 278.48
weight: 0.000316223
eec: 289.793
weight: 2.73609e-05
eec: 441.998
weight: 0.0017947
eec: 167.315
weight: 0.000495799
eec: 260.681
weight: 0.000510604
eec: 100.322
weight: 4.26945e-06
eec: 309.702
weight: 0.000482416
eec: 511.163
weight: 1.75102e-06
eec: 1450.48
weight: 1.28703e-05
eec: 130.806
weight: 2.31238e-05
eec: 660.585
weight: 0.000268981
eec: 94.4443
weight: 1.89855e-05
eec: 353.389
weight: 5.12299e-05
eec: 287.324
weight: 0.000124804
eec: 667.438

ROOT exit code = 0
