gSystem->Load("run_condor_job_Run3_C.so");
run_condor_job_Run3(878, 100, 2,
                    80, 200,
                    1, 1, 1, 8);
.q

ENTERED run_condor_job_Run3()
JOBID = 878
  global job = 878  Job 78/100  events [4680000, 4740000)  total=6000000
Processing events [4680000, 4740000) of 6000000
weight: 5.00349e-05
eec: 763.5
weight: 5.04272e-05
eec: 83.4254
weight: 2.01162e-05
eec: 617.153
weight: 1.59982e-05
eec: 324.994
weight: 1.33034e-05
eec: 1555.06
weight: 1.23176e-05
eec: 1305.41
weight: 1.02869e-06
eec: 853.676
weight: 2.60657e-05
eec: 512.773
weight: 0.000408857
eec: 227.27
weight: 1.97167e-05
eec: 1036.01
weight: 2.63939e-06
eec: 111.719
weight: 0.000666253
eec: 230.559
weight: 4.77813e-05
eec: 51.695
weight: 4.31728e-06
eec: 819.752
weight: 6.69226e-05
eec: 675.674
weight: 2.21491e-06
eec: 3412.82
weight: 2.33329e-05
eec: 1264.42
weight: 0.000920049
eec: 284.899
weight: 6.58464e-05
eec: 661.463
weight: 1.90912e-07
eec: 677.142
weight: 8.11423e-07
eec: 204.662
weight: 2.45814e-06
eec: 117.403
weight: 5.75335e-05
eec: 381.653
weight: 3.31097e-06
eec: 1572.44
weight: 4.06716e-05
eec: 121.33
weight: 1.43186e-05
eec: 260.769
weight: 3.99535e-06
eec: 3178.31
weight: 5.78833e-06
eec: 1583.75
weight: 2.65429e-05
eec: 715.359
weight: 8.25749e-05
eec: 207.841
weight: 0.000121216
eec: 174.509
weight: 8.53501e-06
eec: 491.695
weight: 2.11922e-05
eec: 639.792
weight: 9.40917e-07
eec: 427.235
weight: 1.03857e-05
eec: 192.226
weight: 5.7575e-05
eec: 71.0673
weight: 1.10076e-05
eec: 42.4782
weight: 4.74138e-06
eec: 490.818
weight: 0.000197273
eec: 159.074
weight: 8.1215e-06
eec: 83.2387
weight: 8.52886e-06
eec: 575.623
weight: 1.47396e-05
eec: 140.853
weight: 9.0457e-06
eec: 217.952
weight: 6.874e-05
eec: 914.209
weight: 1.58888e-05
eec: 160.701
weight: 1.30012e-07
eec: 275.886
weight: 8.86244e-05
eec: 464.597
weight: 1.15988e-05
eec: 1001.09
weight: 7.36425e-05
eec: 15.9811
weight: 7.03718e-05
eec: 143.725
weight: 0.00122169
eec: 39.7253
weight: 2.48552e-06
eec: 355.453
weight: 7.90661e-05
eec: 195.098
weight: 6.52702e-05
eec: 443.948
weight: 1.43763e-05
eec: 256.181
weight: 2.51943e-05
eec: 215.304
weight: 6.28516e-05
eec: 274.661
weight: 0.000151885
eec: 261.912
weight: 8.32422e-05
eec: 311.704
weight: 0.000258832
eec: 922.305
weight: 0.000260051
eec: 415.343
weight: 1.46339e-05
eec: 404.171
weight: 1.06921e-05
eec: 37.3982
weight: 0.000186081
eec: 1010.26
weight: 5.21392e-05
eec: 1286.61
weight: 1.75568e-05
eec: 98.6175
weight: 0.000135236
eec: 553.043
weight: 6.64428e-06
eec: 1423.53
weight: 8.56667e-06
eec: 607.175
weight: 1.4326e-05
eec: 1055.45
weight: 0.000211405
eec: 373.568
weight: 5.9379e-06
eec: 217.326
weight: 0.000587718
eec: 141.083
weight: 8.56471e-05
eec: 36.3993
weight: 9.05339e-06
eec: 1881.07
weight: 6.4676e-05
eec: 612.921
weight: 2.3963e-08
eec: 126.643
weight: 1.2995e-05
eec: 280.151
weight: 1.40682e-07
eec: 850.45
weight: 0.00011235
eec: 973.489
weight: 6.7944e-05
eec: 1359.17
weight: 1.0731e-05
eec: 1872.05
weight: 2.09071e-05
eec: 3452.4
weight: 8.15109e-06
eec: 51.0846
weight: 0.000117727
eec: 787.226
weight: 0.000100456
eec: 90.1464
weight: 0.000126608
eec: 882.54
Processing: 78.3333 %weight: 7.06145e-05
eec: 45.469
weight: 1.0442e-05
eec: 526.106
weight: 6.57114e-06
eec: 3683.33
weight: 2.76527e-05
eec: 722.296
weight: 1.97191e-05
eec: 427.721
weight: 5.83464e-05
eec: 138.956
weight: 1.18145e-06
eec: 1560.45
weight: 9.40065e-05
eec: 90.334
weight: 7.53576e-06
eec: 479.878
weight: 7.61783e-07
eec: 474.736
weight: 4.15487e-06
eec: 126.055
weight: 2.64173e-06
eec: 64.071
weight: 0.000125757
eec: 261.445
weight: 1.62162e-05
eec: 1870.07
weight: 3.15232e-05
eec: 1021.6
weight: 0.000144831
eec: 223.544
weight: 0.000348157
eec: 558.988
weight: 0.000181773
eec: 1032.19
weight: 1.83204e-05
eec: 423.731
weight: 3.72604e-05
eec: 482.562
weight: 4.29897e-05
eec: 275.031
weight: 2.05801e-05
eec: 842.462
weight: 0.000100553
eec: 1148.86
weight: 6.63103e-05
eec: 219.442
weight: 5.49517e-06
eec: 81.2587
weight: 2.37936e-06
eec: 1290.61
weight: 0.000119372
eec: 432.602
weight: 1.05565e-05
eec: 413.554
weight: 5.40272e-05
eec: 103.382
weight: 0.000107837
eec: 196.054
weight: 0.000444726
eec: 514.902
weight: 5.12482e-06
eec: 1103.13
weight: 1.2765e-05
eec: 617.11
weight: 2.65685e-05
eec: 383.634
weight: 0.000117001
eec: 98.1583
weight: 5.52598e-05
eec: 371.392
weight: 1.24042e-05
eec: 1084.56
weight: 6.10576e-06
eec: 520.416
weight: 3.92425e-06
eec: 860.201
weight: 2.64546e-05
eec: 922.883
weight: 7.99062e-06
eec: 1279.59
weight: 9.13836e-05
eec: 534.142
weight: 7.13353e-06
eec: 223.937
weight: 1.76128e-05
eec: 257.761
weight: 4.02333e-06
eec: 362.338
weight: 1.68786e-07
eec: 882.751
weight: 0.00409402
eec: 121.78
weight: 8.18697e-05
eec: 461.232
weight: 5.41344e-06
eec: 407.698
weight: 0.000341168
eec: 127.574
weight: 0.000256592
eec: 364.796
weight: 9.5296e-05
eec: 70.5676
weight: 1.86457e-05
eec: 261.53
weight: 0.000122107
eec: 560.651
weight: 1.05228e-06
eec: 533.361
weight: 8.18939e-07
eec: 801.97
weight: 2.58536e-05
eec: 81.9229
weight: 4.12144e-05
eec: 366.817
weight: 1.46768e-05
eec: 653.592
weight: 5.05206e-05
eec: 571.325
weight: 4.67637e-05
eec: 984.91
weight: 1.09802e-05
eec: 490.389
weight: 3.43016e-06
eec: 560.705
weight: 1.66503e-05
eec: 377.972
weight: 1.13904e-06
eec: 1213
weight: 6.09788e-05
eec: 917.663
weight: 1.21121e-05
eec: 406.688
weight: 0.00019894
eec: 73.864
weight: 4.61112e-05
eec: 365.76
weight: 0.000116788
eec: 416.016
weight: 0.000127105
eec: 1788.37
weight: 1.78859e-05
eec: 196.632
weight: 5.91749e-05
eec: 958.577
weight: 5.70951e-06
eec: 531.066
weight: 1.56697e-05
eec: 222.506
weight: 4.52838e-05
eec: 359.129
weight: 0.000273609
eec: 665.262
weight: 3.3142e-05
eec: 96.8416
weight: 3.98959e-05
eec: 168.898
weight: 9.96359e-06
eec: 474.281
weight: 7.33905e-06
eec: 598.053
weight: 4.67772e-05
eec: 164.911
weight: 2.13617e-07
eec: 158.407
weight: 7.63848e-06
eec: 174.169
weight: 0.000111488
eec: 512.552
weight: 1.0212e-05
eec: 710.476
weight: 1.0212e-05
eec: 211.192
weight: 1.2561e-06
eec: 538.65
weight: 1.20451e-05
eec: 298.653
weight: 0.000202132
eec: 1272.97
weight: 9.61906e-08
eec: 722.206
weight: 7.80478e-06
eec: 402.514
weight: 8.41167e-06
eec: 1300.95
weight: 2.72467e-05
eec: 140.827
weight: 5.7977e-05
eec: 560.302
weight: 2.25672e-05
eec: 530.248
weight: 0.000775234
eec: 456.377
weight: 4.36976e-05
eec: 578.814
weight: 0.000208734
eec: 114.576
weight: 7.91053e-05
eec: 759.368
weight: 0.000107533
eec: 612.054
weight: 5.69664e-06
eec: 937.695
weight: 4.30787e-06
eec: 37.2337
weight: 2.64422e-05
eec: 546.792
weight: 2.91841e-05
eec: 490.33
weight: 4.72295e-06
eec: 270.257
weight: 4.49486e-06
eec: 3176.82
weight: 5.60984e-05
eec: 514.517
weight: 2.04299e-05
eec: 95.6105
weight: 7.83918e-06
eec: 194.942
weight: 1.13082e-05
eec: 1170.54
weight: 1.30744e-06
eec: 773.694
weight: 1.47754e-05
eec: 1650.74
weight: 8.26627e-05
eec: 190.632
weight: 6.00405e-05
eec: 289.507
weight: 3.74236e-05
eec: 167.186
weight: 0.00027794
eec: 721.438
weight: 1.44456e-05
eec: 271.215
weight: 2.77615e-05
eec: 12.3646
weight: 1.62269e-05
eec: 102.02
weight: 1.95454e-05
eec: 347.675
weight: 1.24662e-05
eec: 557.462
weight: 2.2522e-05
eec: 977.544
weight: 0.00105811
eec: 401.491
weight: 5.81186e-05
eec: 1123.66
weight: 1.96209e-05
eec: 186.148
weight: 1.13263e-05
eec: 2015.52
weight: 0.000112272
eec: 795.801
weight: 1.99822e-05
eec: 403.522
weight: 3.52346e-05
eec: 159.846
weight: 1.95549e-05
eec: 850.34
weight: 1.44727e-06
eec: 275.399
weight: 6.89096e-05
eec: 760.861
weight: 3.3468e-06
eec: 1765.73
weight: 5.63364e-05
eec: 3600.42
weight: 0.000387981
eec: 489.934
weight: 8.46862e-07
eec: 496.81
weight: 1.11173e-07
eec: 124.186
weight: 9.86174e-06
eec: 370.394
weight: 3.31035e-07
eec: 282.17
weight: 4.2921e-05
eec: 829.453
weight: 1.91338e-05
eec: 40.3083
weight: 1.12001e-06
eec: 1042.55
weight: 2.24922e-07
eec: 614.497
weight: 0.000320979
eec: 791.458

ROOT exit code = 0
