gSystem->Load("run_condor_job_Run3_C.so");
run_condor_job_Run3(244, 100, 2,
                    80, 200,
                    1, 1, 1, 2);
.q

ENTERED run_condor_job_Run3()
JOBID = 244
  global job = 244  Job 44/100  events [2640000, 2700000)  total=6000000
Processing events [2640000, 2700000) of 6000000
weight: 0.000171333
eec: 725.66
weight: 4.04678e-06
eec: 189.325
weight: 1.35015e-05
eec: 128.384
weight: 3.8616e-05
eec: 1665.8
weight: 1.02155e-05
eec: 234.218
weight: 3.23239e-05
eec: 1735.84
weight: 3.07132e-05
eec: 1250.23
weight: 0.000647149
eec: 257.689
weight: 1.44532e-05
eec: 621.256
weight: 5.91412e-05
eec: 782.163
weight: 1.15539e-05
eec: 845.576
weight: 4.51406e-06
eec: 1029.59
weight: 9.46854e-07
eec: 255.58
weight: 3.74947e-05
eec: 208.75
weight: 0.000560839
eec: 666.165
weight: 5.97873e-05
eec: 82.0711
weight: 1.45957e-05
eec: 68.5818
weight: 1.23229e-05
eec: 553.776
weight: 8.31583e-07
eec: 7.61539
weight: 6.80452e-06
eec: 11.8634
weight: 0.000145785
eec: 49.6456
weight: 1.52911e-05
eec: 3589.34
weight: 1.84866e-05
eec: 119.78
weight: 3.46174e-05
eec: 326.016
weight: 0.000438289
eec: 297.473
weight: 2.08951e-05
eec: 890.4
weight: 6.12796e-05
eec: 934.503
weight: 1.44958e-05
eec: 81.513
weight: 1.27265e-05
eec: 1470.26
weight: 0.000113336
eec: 129.401
weight: 1.73216e-05
eec: 181.25
weight: 7.59851e-06
eec: 1227.61
weight: 5.45078e-05
eec: 63.0732
weight: 2.00018e-05
eec: 169.001
weight: 0.000118084
eec: 1410.01
Processing: 44.1667 %weight: 4.07012e-05
eec: 540.486
weight: 1.56899e-05
eec: 714.627
weight: 0.000113865
eec: 1646.97
weight: 0.000104726
eec: 548.689
weight: 1.23846e-06
eec: 560.805
weight: 5.22975e-06
eec: 479.207
weight: 1.15526e-06
eec: 1729.74
weight: 8.20229e-06
eec: 161.658
weight: 6.03329e-06
eec: 446.414
weight: 4.4656e-06
eec: 177.248
weight: 4.21219e-05
eec: 733.764
weight: 3.82032e-05
eec: 1018.3
weight: 3.75259e-05
eec: 173.387
weight: 1.31331e-06
eec: 831.765
weight: 0.000103924
eec: 97.6919
weight: 7.26856e-05
eec: 870.192
weight: 7.1033e-05
eec: 111.144
weight: 9.28596e-05
eec: 375.539
weight: 5.44563e-05
eec: 210.179
weight: 7.95316e-05
eec: 328.725
weight: 1.59694e-07
eec: 2470.28
weight: 0.000123558
eec: 81.1114
weight: 1.89849e-05
eec: 1933.82
weight: 6.46216e-05
eec: 304.473
weight: 0.000118968
eec: 503.177
weight: 0.000141258
eec: 564.287
weight: 1.52859e-05
eec: 236.377
weight: 2.70029e-06
eec: 999.602
weight: 3.8939e-06
eec: 58.9998
weight: 1.86861e-05
eec: 142.851
weight: 1.13173e-05
eec: 349.097
weight: 1.86717e-05
eec: 83.0239
weight: 5.94242e-05
eec: 4117.74
weight: 1.64701e-05
eec: 777.845
weight: 8.92053e-06
eec: 9.40874
weight: 3.91278e-05
eec: 1857.09
weight: 4.07672e-05
eec: 129.03
weight: 1.38715e-05
eec: 1154.17
weight: 1.20385e-05
eec: 782.043
weight: 1.61529e-05
eec: 555.943
weight: 0.000161969
eec: 59.3622
weight: 0.000127453
eec: 194.716
weight: 3.06384e-05
eec: 42.0702
weight: 5.91476e-05
eec: 195.526
weight: 0.000256731
eec: 309.144
weight: 5.34968e-06
eec: 2681.49
weight: 1.60751e-05
eec: 508.889
weight: 5.8252e-05
eec: 319.785
weight: 3.90277e-05
eec: 1042.41
weight: 1.26441e-05
eec: 152.608
weight: 0.000121039
eec: 495.951
weight: 1.27326e-05
eec: 321.274
weight: 0.000195333
eec: 283.49
weight: 4.99434e-06
eec: 105.861
weight: 0.000337432
eec: 518.975
weight: 5.20404e-05
eec: 688.879
weight: 2.42004e-05
eec: 271.631
weight: 1.87757e-05
eec: 1912.06
weight: 0.000142276
eec: 898.339
weight: 1.26657e-05
eec: 789.238
weight: 0.000123325
eec: 36.1011
weight: 0.00015318
eec: 1082.06
weight: 1.37141e-06
eec: 105.151
weight: 3.59746e-06
eec: 126.669
weight: 3.92221e-05
eec: 101.555
weight: 5.65408e-05
eec: 61.7564
weight: 4.78364e-05
eec: 1270.08
weight: 1.60068e-07
eec: 1254.96
weight: 3.01194e-05
eec: 568.926
weight: 4.42727e-05
eec: 366.829
weight: 0.000145517
eec: 926.642
weight: 0.000138328
eec: 219.034
weight: 2.02851e-05
eec: 1461.19
weight: 1.64209e-05
eec: 340.808
weight: 1.38361e-06
eec: 173.647
weight: 1.57471e-05
eec: 203.884
weight: 0.000368809
eec: 371.028
weight: 8.90056e-05
eec: 393.93
weight: 3.33794e-05
eec: 275.294
weight: 2.8065e-06
eec: 16.1558
weight: 4.02438e-06
eec: 253.975
weight: 4.92235e-05
eec: 313.61
weight: 0.00818716
eec: 578.089
weight: 0.000201163
eec: 36.8422
weight: 0.000145112
eec: 76.7783
weight: 3.28132e-06
eec: 337.788
weight: 0.000406431
eec: 570.787
weight: 2.37327e-06
eec: 95.9727
weight: 0.000774406
eec: 1112.83
weight: 0.000174277
eec: 219.257
weight: 2.64232e-05
eec: 876.381
weight: 1.96842e-06
eec: 429.055
weight: 0.000477901
eec: 176.557
weight: 0.000101886
eec: 857.175
weight: 1.13301e-05
eec: 35.1331
weight: 8.06443e-06
eec: 692.133
weight: 2.026e-05
eec: 416.14
weight: 6.1552e-05
eec: 72.2808
weight: 0.000134577
eec: 205.056
weight: 0.000134577
eec: 737.279
weight: 7.38726e-07
eec: 2431.6
weight: 3.13807e-05
eec: 923.727
weight: 0.000262061
eec: 357.683
weight: 4.22813e-05
eec: 577.398
weight: 1.01761e-05
eec: 314.049
weight: 3.78277e-05
eec: 181.761
weight: 7.21538e-05
eec: 2020.92
weight: 1.28769e-05
eec: 1261.18
weight: 5.96611e-05
eec: 84.8981
weight: 0.000291249
eec: 115.058
weight: 3.6193e-05
eec: 469.457
weight: 8.96726e-06
eec: 1156.27
weight: 0.00011128
eec: 642.797
weight: 3.69046e-05
eec: 311.159
weight: 2.71216e-05
eec: 292.476
weight: 9.60354e-05
eec: 956.081
weight: 9.58043e-05
eec: 330.396
weight: 8.7376e-05
eec: 1212.97
weight: 4.36267e-06
eec: 146.788
weight: 3.73467e-05
eec: 88.8579
weight: 4.51177e-06
eec: 421.132
weight: 3.32122e-05
eec: 85.4673
weight: 6.31584e-06
eec: 221.844
weight: 2.74439e-05
eec: 1512.45
weight: 1.04172e-06
eec: 261.145
weight: 0.00056511
eec: 408.791
weight: 5.57155e-05
eec: 237.66
weight: 1.85299e-05
eec: 567.063
weight: 3.4451e-05
eec: 1518.45
weight: 9.429e-06
eec: 2356.31
weight: 1.82086e-06
eec: 281.544
weight: 4.8692e-07
eec: 1649.62
weight: 7.6296e-05
eec: 183.567
weight: 4.37429e-05
eec: 131.769
weight: 2.84927e-06
eec: 229.409
weight: 3.72418e-08
eec: 101.355
weight: 3.77435e-05
eec: 666.595
weight: 6.61888e-05
eec: 41.4714
weight: 0.000472641
eec: 112.109
weight: 0.000121288
eec: 80.9576
weight: 0.000123052
eec: 28.1388
weight: 7.27516e-06
eec: 113.337
weight: 2.09403e-05
eec: 1358.95
weight: 1.40643e-06
eec: 371.263
weight: 6.92624e-06
eec: 405.317
weight: 1.34441e-06
eec: 689.458
weight: 0.000322047
eec: 809.695
weight: 4.38112e-05
eec: 972.944
weight: 6.66634e-06
eec: 762.055
weight: 3.16824e-05
eec: 428.741
weight: 1.33202e-05
eec: 2162.96
weight: 4.93902e-05
eec: 1331.56
weight: 2.26195e-05
eec: 193.676
weight: 5.4156e-07
eec: 221.798
weight: 0.000299675
eec: 745.54
weight: 1.66972e-06
eec: 414.326
weight: 6.49842e-05
eec: 54.7452
weight: 0.000266861
eec: 342.324
weight: 2.87774e-08
eec: 206.095
weight: 6.74602e-05
eec: 251.782
weight: 0.000700602
eec: 293.458
weight: 7.99983e-05
eec: 664.234
weight: 0.000106454
eec: 443.169
weight: 0.000175536
eec: 161.353
weight: 2.6516e-05
eec: 1439.59
weight: 0.0003635
eec: 186.735
weight: 5.45925e-06
eec: 2197.68
weight: 1.29275e-06
eec: 475.798
weight: 2.06954e-06
eec: 188.779
weight: 3.21774e-05
eec: 1716.41
weight: 0.000247155
eec: 74.4201
weight: 1.6383e-05
eec: 269.965
weight: 8.91807e-05
eec: 194.614
weight: 0.000212585
eec: 2556.63
weight: 1.46891e-05
eec: 153.324
weight: 0.000130534
eec: 115.839
weight: 3.34966e-05
eec: 594.073
weight: 4.69197e-06
eec: 398.827
weight: 1.45398e-05
eec: 1452.26
weight: 2.48297e-05
eec: 1799.91
weight: 1.91741e-05
eec: 3219.06
weight: 3.29579e-06
eec: 144.884
weight: 3.44017e-06
eec: 281.626
weight: 1.1258e-06
eec: 1709.42
weight: 5.25862e-05
eec: 743.003
weight: 1.85185e-05
eec: 214.507
weight: 7.26202e-06
eec: 1178.6
weight: 7.91696e-05
eec: 2292.55
weight: 6.86467e-05
eec: 91.1103
weight: 2.69971e-05
eec: 134.855

ROOT exit code = 0
