gSystem->Load("run_condor_job_Run3_C.so");
run_condor_job_Run3(124, 100, 2,
                    80, 200,
                    1, 1, 1, 1);
.q

ENTERED run_condor_job_Run3()
JOBID = 124
  global job = 124  Job 24/100  events [1406880, 1465500)  total=5862000
Processing events [1406880, 1465500) of 5862000
weight: 2.3601e-05
eec: 184.649
weight: 4.54768e-08
eec: 541.781
weight: 3.62498e-05
eec: 1281.4
weight: 1.8339e-05
eec: 1114.93
weight: 4.41596e-06
eec: 736.872
weight: 8.54518e-06
eec: 225.962
weight: 5.2985e-05
eec: 11.1309
weight: 0.000326656
eec: 637.673
weight: 5.35412e-06
eec: 1525.25
weight: 6.27837e-05
eec: 209.749
weight: 0.000157718
eec: 92.241
weight: 2.35257e-05
eec: 834.683
weight: 3.5062e-06
eec: 482.313
weight: 8.75506e-06
eec: 1422.44
weight: 1.41289e-05
eec: 1135.97
weight: 8.86333e-05
eec: 1091.3
weight: 0.000163164
eec: 440.431
weight: 1.42469e-05
eec: 1409.97
weight: 3.55727e-06
eec: 1136.17
weight: 4.29153e-05
eec: 150.54
weight: 0.000426398
eec: 77.2985
weight: 3.23736e-06
eec: 934.176
weight: 2.61429e-06
eec: 338.904
weight: 4.19104e-05
eec: 126.007
weight: 5.61258e-05
eec: 170.929
weight: 3.05344e-05
eec: 626.374
weight: 0.00012716
eec: 46.7329
weight: 7.6633e-05
eec: 65.1732
weight: 5.69829e-05
eec: 579.932
weight: 2.39727e-05
eec: 123.425
weight: 7.31315e-05
eec: 722.847
weight: 1.61684e-05
eec: 845.947
weight: 2.17627e-05
eec: 1635.64
weight: 2.17627e-05
eec: 219.331
weight: 8.26385e-06
eec: 301.875
weight: 9.25857e-06
eec: 86.1952
weight: 2.76265e-05
eec: 139.977
weight: 3.55731e-06
eec: 2089.95
weight: 2.25656e-05
eec: 556.163
weight: 2.73383e-05
eec: 386.799
weight: 8.3967e-06
eec: 159.548
weight: 6.97681e-05
eec: 42.8165
weight: 8.2996e-06
eec: 3537.68
weight: 5.80514e-05
eec: 327.92
weight: 1.78586e-05
eec: 770.509
weight: 7.44125e-06
eec: 252.822
weight: 4.03039e-06
eec: 339.973
weight: 5.34247e-05
eec: 175.132
weight: 1.31651e-05
eec: 611.963
weight: 0.000114354
eec: 86.2926
weight: 0.000594254
eec: 536.954
weight: 0.000232246
eec: 186.553
weight: 4.37595e-05
eec: 246.907
weight: 5.26785e-05
eec: 163.384
weight: 1.5701e-05
eec: 524.386
weight: 6.48017e-05
eec: 30.8465
weight: 2.15441e-06
eec: 2910.48
weight: 1.64493e-05
eec: 449.371
weight: 1.321e-05
eec: 1201.39
weight: 6.38972e-06
eec: 613.551
weight: 4.32277e-05
eec: 645.262
weight: 5.03712e-05
eec: 16.2464
weight: 1.08344e-05
eec: 825.684
weight: 5.88186e-05
eec: 72.7779
weight: 9.91299e-06
eec: 40.6812
weight: 1.76718e-05
eec: 996.387
weight: 1.76981e-05
eec: 1512.61
weight: 2.56882e-05
eec: 1214.15
weight: 6.40281e-06
eec: 1441.17
weight: 4.48992e-05
eec: 451.137
weight: 8.39955e-05
eec: 296.723
weight: 4.3469e-07
eec: 511.269
weight: 0.000252257
eec: 614.571
weight: 6.57279e-05
eec: 475.931
weight: 2.26637e-05
eec: 1143.54
weight: 0.000205097
eec: 725.893
weight: 2.77748e-06
eec: 1043.56
weight: 1.51032e-05
eec: 486.315
weight: 2.69487e-05
eec: 45.0208
weight: 0.000760822
eec: 317.903
weight: 0.000135873
eec: 745.321
weight: 3.17514e-05
eec: 339.456
weight: 3.11102e-06
eec: 86.2982
weight: 8.08836e-06
eec: 4186.61
weight: 0.000100913
eec: 474.619
weight: 1.02801e-05
eec: 2816.57
weight: 3.3749e-05
eec: 909.637
weight: 0.000164893
eec: 716.472
weight: 0.000459365
eec: 314.02
weight: 1.6129e-05
eec: 73.7352
weight: 8.67112e-06
eec: 825.619
weight: 0.000941287
eec: 94.3573
weight: 0.000250611
eec: 211.595
weight: 4.62588e-05
eec: 545.654
weight: 6.2047e-07
eec: 467.001
weight: 4.7776e-05
eec: 73.0913
weight: 1.43218e-05
eec: 42.8896
weight: 1.13101e-06
eec: 125.274
weight: 0.000177329
eec: 1034.73
weight: 0.000256126
eec: 415.272
weight: 2.94201e-05
eec: 1158.36
weight: 1.26561e-05
eec: 333.124
weight: 1.47485e-05
eec: 271.524
weight: 4.23935e-05
eec: 59.947
weight: 0.000100841
eec: 540.673
weight: 4.45867e-05
eec: 76.0334
weight: 7.77183e-05
eec: 931.657
weight: 1.78941e-05
eec: 1321.4
weight: 9.3896e-06
eec: 160.186
weight: 0.000131469
eec: 709.899
weight: 4.23415e-05
eec: 336.842
weight: 1.37239e-06
eec: 171.411
weight: 1.37302e-05
eec: 264.008
weight: 2.94496e-05
eec: 1426.57
weight: 7.48683e-05
eec: 317.819
weight: 4.04617e-05
eec: 233.311
weight: 0.000423272
eec: 43.4118
weight: 5.37621e-05
eec: 35.8314
weight: 2.28271e-06
eec: 1516.56
weight: 0.000351415
eec: 445.029
weight: 2.12027e-05
eec: 128.474
weight: 2.86909e-05
eec: 120.253
weight: 7.80456e-06
eec: 84.0508
weight: 4.59851e-07
eec: 1168.1
weight: 5.88476e-05
eec: 148.618
weight: 7.3752e-05
eec: 55.9417
weight: 2.45357e-06
eec: 23.7821
weight: 4.70989e-06
eec: 1311.19
weight: 9.58444e-07
eec: 52.1978
weight: 0.000204153
eec: 18.4377
weight: 1.7994e-07
eec: 136.886
weight: 7.34906e-06
eec: 240.956
weight: 0.000311501
eec: 197.063
weight: 9.33394e-06
eec: 300.416
weight: 3.03627e-05
eec: 108.323
weight: 1.71852e-06
eec: 53.4059
weight: 9.68714e-06
eec: 1265.63
weight: 0.00179572
eec: 830.489
weight: 2.45861e-05
eec: 2464.74
weight: 0.000117983
eec: 587.675
weight: 1.31645e-05
eec: 1314.19
weight: 0.000417989
eec: 10.235
weight: 4.59025e-05
eec: 297.8
weight: 1.68563e-05
eec: 134.125
weight: 2.81079e-05
eec: 1038.58
weight: 2.13965e-06
eec: 598.108
weight: 1.08572e-05
eec: 98.3704
weight: 7.79032e-07
eec: 76.1927
weight: 1.52687e-06
eec: 944.028
weight: 6.00007e-05
eec: 64.1043
weight: 1.72862e-05
eec: 88.0144
weight: 1.12516e-05
eec: 543.473
weight: 1.53038e-05
eec: 253.342
weight: 3.84614e-05
eec: 1289.86
weight: 1.75782e-05
eec: 1377.17
weight: 1.89363e-05
eec: 1524.54
weight: 3.84939e-05
eec: 203.308
weight: 7.94083e-06
eec: 83.541
weight: 2.48919e-06
eec: 899.321
weight: 4.69768e-07
eec: 1311.28
weight: 1.13257e-05
eec: 243.909
weight: 3.44091e-06
eec: 1345.48
weight: 5.06644e-06
eec: 879.021
weight: 6.10608e-07
eec: 493.044
weight: 6.70963e-06
eec: 326.169
weight: 1.19785e-05
eec: 289.168
weight: 5.90609e-06
eec: 203.524
weight: 2.91921e-05
eec: 132.225
weight: 3.51128e-05
eec: 96.9862
weight: 0.000155313
eec: 31.9888
weight: 2.10291e-05
eec: 150.768
weight: 3.86096e-06
eec: 1411.06
weight: 6.16546e-05
eec: 91.1562
weight: 7.61143e-06
eec: 63.7854
weight: 1.46584e-05
eec: 2463.7
weight: 6.11356e-06
eec: 207.127
weight: 1.49867e-05
eec: 1064.31
weight: 0.000264311
eec: 1479.25
weight: 6.58047e-05
eec: 1432.83
weight: 3.57867e-05
eec: 305.598
weight: 1.56779e-05
eec: 61.1453
weight: 5.01685e-05
eec: 1039.03
weight: 6.02449e-05
eec: 197.581
weight: 0.000342204
eec: 252.12
weight: 0.000136221
eec: 13.1927
weight: 2.20726e-08
eec: 451.205
weight: 1.55514e-05
eec: 1237.99
weight: 0.0020415
eec: 444.077
Processing: 24.7356 %weight: 2.78639e-05
eec: 782.131
weight: 3.72727e-08
eec: 427.294
weight: 5.51303e-05
eec: 586.8
weight: 8.96667e-06
eec: 106.948
weight: 0.000924173
eec: 1018.74
weight: 0.000139733
eec: 21.7006
weight: 1.12023e-05
eec: 785.224
weight: 9.26883e-06
eec: 1370.22
weight: 3.49342e-05
eec: 1034.92
weight: 3.57949e-05
eec: 59.4394
weight: 1.23102e-05
eec: 622.487
weight: 0.000167966
eec: 581.577
weight: 0.000119098
eec: 962.476
weight: 1.08907e-05
eec: 220.035
weight: 3.47431e-05
eec: 319.466
weight: 0.000283572
eec: 724.132
weight: 1.63142e-05
eec: 338.007
weight: 5.17653e-06
eec: 466.242
weight: 2.64643e-05
eec: 372.222
weight: 9.26309e-05
eec: 121.998
weight: 1.73234e-05
eec: 2504.17
weight: 0.000103583
eec: 320.456
weight: 3.32979e-05
eec: 789.516
weight: 1.39598e-05
eec: 1461.41
weight: 0.000117333
eec: 531.269
weight: 2.36449e-05
eec: 185.786
weight: 4.05058e-05
eec: 1137.6
weight: 1.68171e-05
eec: 1826.19
weight: 4.70391e-05
eec: 31.9956
weight: 2.65705e-06
eec: 1587.79
weight: 9.06145e-08
eec: 76.4492
weight: 1.10782e-05
eec: 1073.24
weight: 2.83569e-06
eec: 168.593
weight: 0.000131646
eec: 420.388
weight: 1.76231e-05
eec: 1755.73
weight: 9.10294e-06
eec: 300.241
weight: 5.93666e-05
eec: 232.467
weight: 0.000235741
eec: 372.394
weight: 3.51233e-05
eec: 898.729
weight: 0.000783925
eec: 613.659
weight: 1.20865e-05
eec: 217.116
weight: 0.000225385
eec: 358.687
weight: 8.03122e-06
eec: 760.605
weight: 3.56762e-06
eec: 2078.4
weight: 5.41475e-05
eec: 1044.59
weight: 0.000165383
eec: 541.953
weight: 4.85735e-05
eec: 348.161
weight: 4.78978e-06
eec: 580.791
weight: 7.83258e-06
eec: 100.994
weight: 7.83258e-06
eec: 127.423
weight: 8.27367e-05
eec: 467.854
weight: 3.40453e-05
eec: 83.2258
weight: 8.88065e-05
eec: 852.966
weight: 0.000957731
eec: 76.7709
weight: 2.3765e-05
eec: 1254.25
weight: 6.52581e-05
eec: 19.6655
weight: 9.11876e-06
eec: 249.666
weight: 3.95326e-06
eec: 594.756
weight: 4.48504e-05
eec: 280.974
weight: 5.74514e-05
eec: 361.845
weight: 3.69441e-06
eec: 75.9175
weight: 1.16829e-06
eec: 291.358
weight: 5.5484e-05
eec: 979.639
weight: 1.27998e-06
eec: 202.716
weight: 5.30278e-05
eec: 382.572
weight: 1.21515e-06
eec: 60.145
weight: 2.57851e-05
eec: 18.3412
weight: 0.000337627
eec: 295.935
weight: 0.000866652
eec: 59.8232
weight: 2.32909e-05
eec: 108.981

ROOT exit code = 0
