gSystem->Load("run_condor_job_Run3_C.so");
run_condor_job_Run3(677, 100, 2,
                    80, 200,
                    1, 1, 1, 6);
.q

ENTERED run_condor_job_Run3()
JOBID = 677
  global job = 677  Job 77/100  events [4541460, 4600440)  total=5898000
Processing events [4541460, 4600440) of 5898000
weight: 1.49558e-05
eec: 1294.29
weight: 4.60114e-05
eec: 337.178
weight: 0.00064418
eec: 183.105
weight: 1.2676e-05
eec: 454.353
weight: 0.000216357
eec: 358.432
weight: 2.18391e-05
eec: 79.9913
weight: 1.57869e-05
eec: 908.489
weight: 5.73691e-05
eec: 2889.59
weight: 5.8887e-05
eec: 687.319
weight: 4.12416e-06
eec: 246.232
weight: 0.000167571
eec: 657.236
weight: 5.3456e-06
eec: 393.183
weight: 2.68659e-05
eec: 19.9285
weight: 1.17556e-05
eec: 19.1315
weight: 0.000188073
eec: 413.173
weight: 8.22239e-06
eec: 1384.91
weight: 0.000149792
eec: 101.402
weight: 0.000197386
eec: 581.219
weight: 6.73871e-08
eec: 118.074
weight: 4.64272e-08
eec: 1629.46
weight: 2.19687e-05
eec: 2861.43
weight: 3.67242e-07
eec: 441.186
weight: 0.000480519
eec: 224.967
weight: 0.000140938
eec: 135.92
weight: 6.88758e-06
eec: 46.0837
weight: 1.13224e-06
eec: 280.407
weight: 0.000204893
eec: 638.121
weight: 0.000259015
eec: 46.4705
weight: 3.73712e-06
eec: 107.264
weight: 4.80786e-05
eec: 1270.32
weight: 2.30321e-05
eec: 1593.98
weight: 4.25013e-06
eec: 1768.01
weight: 0.00203036
eec: 77.4176
weight: 2.27774e-05
eec: 449.871
Processing: 77.1448 %weight: 1.26461e-05
eec: 132.821
weight: 5.14798e-05
eec: 209.995
weight: 5.65821e-06
eec: 1567.87
weight: 5.0163e-05
eec: 48.5638
weight: 0.000692646
eec: 53.5296
weight: 0.00049495
eec: 125.681
weight: 7.54594e-06
eec: 600.065
weight: 1.52836e-05
eec: 1676.18
weight: 0.000108761
eec: 26.0117
weight: 5.70849e-05
eec: 439.711
weight: 7.05526e-09
eec: 1168.12
weight: 5.84691e-05
eec: 116.098
weight: 9.61021e-06
eec: 1530.71
weight: 3.5898e-05
eec: 1397.11
weight: 0.000174915
eec: 1016.1
weight: 1.01778e-07
eec: 2382.03
weight: 2.19979e-05
eec: 413.728
weight: 2.4238e-05
eec: 215.8
weight: 3.46924e-05
eec: 892.719
weight: 1.78263e-05
eec: 1251.32
weight: 2.4683e-05
eec: 68.2005
weight: 2.29847e-05
eec: 309.097
weight: 0.000105609
eec: 29.0789
weight: 2.17905e-05
eec: 447.149
weight: 0.000344695
eec: 70.3796
weight: 9.53956e-06
eec: 237.53
weight: 4.26308e-07
eec: 93.4454
weight: 2.60029e-05
eec: 1099.12
weight: 0.000442718
eec: 15.4279
weight: 3.0947e-05
eec: 519.901
weight: 0.000192236
eec: 1261.18
weight: 0.000192357
eec: 47.6533
weight: 4.53787e-06
eec: 731.311
weight: 4.61709e-05
eec: 351.043
weight: 2.59878e-08
eec: 1556.08
weight: 1.63845e-05
eec: 323.757
weight: 9.64927e-05
eec: 157.475
weight: 0.00139483
eec: 183.466
weight: 0.000333183
eec: 127.189
weight: 1.99962e-05
eec: 1103.33
weight: 2.31285e-06
eec: 425.195
weight: 0.000178791
eec: 17.4278
weight: 0.000160612
eec: 204.336
weight: 9.84926e-06
eec: 1628.3
weight: 9.69573e-06
eec: 2435.9
weight: 9.69573e-06
eec: 230.556
weight: 7.83365e-06
eec: 487.848
weight: 1.08156e-05
eec: 632.117
weight: 3.74431e-06
eec: 241.919
weight: 1.04408e-06
eec: 446.677
weight: 0.000180733
eec: 278.861
weight: 1.64712e-05
eec: 591.547
weight: 1.54355e-05
eec: 69.2871
weight: 1.68561e-05
eec: 524.401
weight: 0.000406925
eec: 962.643
weight: 1.88064e-05
eec: 2440.95
weight: 0.000203468
eec: 405.487
weight: 6.2248e-05
eec: 101.511
weight: 4.45393e-06
eec: 842.829
weight: 7.51199e-05
eec: 90.3382
weight: 7.48431e-05
eec: 61.0817
weight: 9.54257e-06
eec: 599.333
weight: 2.47201e-05
eec: 742.441
weight: 0.000477476
eec: 1996.3
weight: 6.50506e-05
eec: 251.766
weight: 0.000361823
eec: 99.8573
weight: 6.427e-06
eec: 355.572
weight: 6.427e-06
eec: 426.456
weight: 1.32123e-05
eec: 203.663
weight: 2.86142e-06
eec: 122.934
weight: 0.000167513
eec: 140.41
weight: 4.20555e-05
eec: 700.615
weight: 1.2531e-06
eec: 229.879
weight: 2.21012e-05
eec: 934.598
weight: 3.8606e-05
eec: 65.763
weight: 4.43849e-06
eec: 327.862
weight: 0.000141471
eec: 937.509
weight: 2.20168e-06
eec: 1898.17
weight: 0.000595366
eec: 270.316
weight: 0.000110897
eec: 572.234
weight: 8.7735e-05
eec: 1135.35
weight: 0.000622574
eec: 693.323
weight: 0.000463638
eec: 256.31
weight: 2.97234e-06
eec: 1108.58
weight: 0.000138077
eec: 411.101
weight: 5.51365e-06
eec: 588.183
weight: 5.68316e-05
eec: 137.351
weight: 8.81018e-06
eec: 263.063
weight: 6.02066e-05
eec: 237.611
weight: 4.0168e-05
eec: 247.764
weight: 0.00010015
eec: 5.56913
weight: 1.09274e-07
eec: 1345.66
weight: 4.02494e-05
eec: 55.0556
weight: 2.49797e-05
eec: 834.43
weight: 8.18572e-07
eec: 999.363
weight: 2.61667e-05
eec: 530.431
weight: 0.000174403
eec: 707.067
weight: 3.86921e-05
eec: 68.3191
weight: 3.05891e-07
eec: 256.727
weight: 4.55624e-05
eec: 481.988
weight: 8.63295e-05
eec: 208.179
weight: 2.12852e-05
eec: 299.715
weight: 0.000204215
eec: 607.005
weight: 7.08688e-06
eec: 49.3072
weight: 3.73034e-05
eec: 127.571
weight: 2.08307e-05
eec: 330.379
weight: 2.66384e-05
eec: 41.6716
weight: 5.65074e-07
eec: 747.403
weight: 2.49912e-05
eec: 922.551
weight: 3.48725e-05
eec: 779.595
weight: 9.38708e-05
eec: 11.9569
weight: 0.000110507
eec: 521.383
weight: 3.30179e-05
eec: 439.57
weight: 0.000292827
eec: 89.563
weight: 5.88628e-05
eec: 465.926
weight: 1.52148e-07
eec: 345.911
weight: 8.51669e-05
eec: 92.9894
weight: 0.000133691
eec: 778.684
weight: 6.4991e-05
eec: 2568.62
weight: 2.69982e-05
eec: 1055.84
weight: 5.50036e-05
eec: 1979.44
weight: 0.000208614
eec: 49.8173
weight: 0.000117507
eec: 827.082
weight: 0.000154542
eec: 181.797
weight: 0.000430635
eec: 44.4482
weight: 7.70376e-07
eec: 1354.79
weight: 0.000471975
eec: 484.769
weight: 1.11597e-05
eec: 36.6295
weight: 2.69115e-06
eec: 2735.52
weight: 6.23075e-05
eec: 388.552
weight: 1.36491e-05
eec: 1543.67
weight: 5.14012e-05
eec: 1750.95
weight: 2.84798e-06
eec: 1462.74
weight: 0.000459708
eec: 443.035
weight: 6.29537e-05
eec: 31.0895
weight: 3.77773e-06
eec: 1337.93
weight: 0.000173345
eec: 584.701
weight: 5.19639e-05
eec: 303.89
weight: 7.25219e-05
eec: 179.097
weight: 3.44801e-05
eec: 493.796
weight: 1.57885e-06
eec: 442.765
weight: 1.48224e-06
eec: 2055.52
weight: 3.47542e-05
eec: 166.039
weight: 4.19675e-05
eec: 2388.45
weight: 1.43354e-07
eec: 467.629
weight: 2.38804e-07
eec: 913.13
weight: 2.01847e-05
eec: 11.2827
weight: 4.56189e-05
eec: 818.676
weight: 9.27034e-05
eec: 129.018
weight: 0.000261291
eec: 294.156
weight: 1.66873e-06
eec: 754.717
weight: 0.000180284
eec: 48.9821
weight: 4.26449e-05
eec: 1206.22
weight: 1.5194e-05
eec: 135.337
weight: 4.12732e-08
eec: 295.535
weight: 3.30474e-05
eec: 246.388
weight: 1.0165e-05
eec: 431.307
weight: 9.19914e-05
eec: 606.102
weight: 5.46742e-05
eec: 199.634
weight: 5.53188e-05
eec: 550.665
weight: 0.000453571
eec: 435.841
weight: 7.40919e-06
eec: 556.528
weight: 2.49345e-05
eec: 139.598
weight: 2.12525e-05
eec: 590.683
weight: 3.50039e-06
eec: 112.688
weight: 2.54045e-06
eec: 513.129
weight: 0.000468456
eec: 311.52
weight: 3.61316e-07
eec: 378.891
weight: 6.68034e-06
eec: 604.85
weight: 0.000436631
eec: 297.127
weight: 3.25922e-05
eec: 439.076
weight: 5.89742e-06
eec: 253.14
weight: 4.30378e-05
eec: 47.4023
weight: 5.58911e-05
eec: 122.948
weight: 6.51573e-05
eec: 612.556
weight: 8.1954e-07
eec: 181.648
weight: 5.06305e-05
eec: 1387.26
weight: 4.91148e-06
eec: 956.435
weight: 0.000109421
eec: 232.722
weight: 0.000310757
eec: 221.077
weight: 4.66013e-05
eec: 866.628
weight: 4.222e-06
eec: 1258.55
weight: 3.03374e-06
eec: 1733.79
weight: 1.35128e-05
eec: 319.685
weight: 0.000274258
eec: 166.439
weight: 3.62025e-05
eec: 411.138
weight: 8.20251e-06
eec: 3046.62
weight: 0.000100695
eec: 125.925
weight: 3.01715e-05
eec: 850.187
weight: 1.63753e-06
eec: 921.861
weight: 5.95063e-05
eec: 106.822
weight: 2.56611e-05
eec: 739.543
weight: 2.53559e-05
eec: 1415.39
weight: 9.31642e-05
eec: 92.055
weight: 8.72572e-06
eec: 944.257
weight: 1.16839e-06
eec: 123.986
weight: 1.72931e-05
eec: 933.704
weight: 0.000228751
eec: 497.075
weight: 3.0764e-06
eec: 2699.84
weight: 3.58155e-06
eec: 1582.39
weight: 4.60106e-06
eec: 106.031
weight: 1.41374e-05
eec: 386.66
weight: 3.98583e-05
eec: 371.76
weight: 4.69709e-05
eec: 573.165
weight: 0.00178446
eec: 870.094
weight: 0.000110554
eec: 95.3535
weight: 2.17439e-05
eec: 2307.48
weight: 5.66108e-06
eec: 19.6522
Processing: 77.9925 %weight: 2.26581e-05
eec: 2370.39
weight: 0.000242925
eec: 76.2318
weight: 6.23909e-06
eec: 193.86
weight: 3.28013e-05
eec: 160.077

ROOT exit code = 0
