gSystem->Load("run_condor_job_Run3_C.so");
run_condor_job_Run3(245, 100, 2,
                    80, 200,
                    1, 1, 1, 2);
.q

ENTERED run_condor_job_Run3()
JOBID = 245
  global job = 245  Job 45/100  events [2700000, 2760000)  total=6000000
Processing events [2700000, 2760000) of 6000000
Processing: 45 %weight: 1.25689e-05
eec: 337.367
weight: 6.0373e-05
eec: 572.223
weight: 9.41771e-05
eec: 216.027
weight: 7.01904e-05
eec: 401.476
weight: 2.49549e-05
eec: 1176.76
weight: 0.000139966
eec: 281.776
weight: 5.49369e-05
eec: 164.899
weight: 1.3866e-05
eec: 515.175
weight: 2.84862e-05
eec: 387.986
weight: 7.04244e-06
eec: 1037.44
weight: 4.82317e-06
eec: 1835.51
weight: 0.000396113
eec: 108.132
weight: 2.44826e-05
eec: 412.102
weight: 2.30337e-05
eec: 215.663
weight: 6.67691e-05
eec: 498.028
weight: 4.03178e-06
eec: 312.317
weight: 9.55665e-06
eec: 103.547
weight: 3.08982e-05
eec: 245.294
weight: 3.36899e-05
eec: 223.547
weight: 6.04228e-05
eec: 39.6944
weight: 2.11225e-07
eec: 39.2042
weight: 1.17469e-05
eec: 399.04
weight: 1.17469e-05
eec: 224.662
weight: 1.77463e-05
eec: 777.225
weight: 1.76725e-05
eec: 138.615
weight: 2.0752e-05
eec: 208.185
weight: 1.18109e-06
eec: 451.035
weight: 2.67429e-05
eec: 169.198
weight: 2.47212e-06
eec: 103.785
weight: 9.03635e-06
eec: 2139.76
weight: 6.48784e-05
eec: 109.878
weight: 3.62029e-05
eec: 986.508
weight: 0.000229038
eec: 415.666
weight: 3.61631e-05
eec: 305.305
weight: 0.000303747
eec: 577.244
weight: 0.000115028
eec: 241.582
weight: 4.29605e-06
eec: 372.442
weight: 3.09813e-05
eec: 297.8
weight: 4.12146e-05
eec: 1906.3
weight: 0.000260486
eec: 551.761
weight: 3.59028e-05
eec: 53.6572
weight: 2.85646e-05
eec: 970.243
weight: 8.50258e-08
eec: 205.1
weight: 0.000118396
eec: 2399.51
weight: 5.69654e-05
eec: 477.156
weight: 3.01341e-05
eec: 344.582
weight: 4.16858e-05
eec: 167.194
weight: 1.0643e-05
eec: 1437.05
weight: 0.000108797
eec: 266.589
weight: 1.05615e-05
eec: 47.1134
weight: 0.000797456
eec: 1264.56
weight: 3.61835e-05
eec: 2112.75
weight: 4.57669e-05
eec: 197.218
weight: 2.11618e-06
eec: 229.647
weight: 9.35879e-06
eec: 283.66
weight: 7.53115e-05
eec: 984.532
weight: 0.000167997
eec: 65.3331
weight: 2.73381e-08
eec: 856.975
weight: 1.72149e-05
eec: 279.659
weight: 2.39017e-05
eec: 855.954
weight: 0.000563483
eec: 2.93912
weight: 1.09579e-05
eec: 984.708
weight: 9.88368e-05
eec: 389.623
weight: 4.72329e-05
eec: 294.256
weight: 3.19114e-05
eec: 1868.41
weight: 4.27082e-07
eec: 107.28
weight: 0.000141767
eec: 10.518
weight: 6.99372e-06
eec: 613.957
weight: 3.27814e-05
eec: 1973.71
weight: 2.96717e-06
eec: 107.522
weight: 1.03687e-05
eec: 3305.17
weight: 0.000238712
eec: 398.591
weight: 8.33669e-06
eec: 466.366
weight: 1.14688e-05
eec: 2601.8
weight: 2.32433e-05
eec: 612.014
weight: 2.72549e-05
eec: 647.561
weight: 0.000244978
eec: 51.9808
weight: 2.04114e-05
eec: 323.292
weight: 3.44306e-05
eec: 29.9008
weight: 3.0325e-06
eec: 1316.47
weight: 9.18011e-05
eec: 135.631
weight: 0.000177062
eec: 1785.16
weight: 0.000136923
eec: 155.89
weight: 3.37361e-05
eec: 1420.1
weight: 6.86012e-06
eec: 1189.3
weight: 6.35303e-06
eec: 583.304
weight: 0.00042042
eec: 746.56
weight: 3.90889e-05
eec: 553.942
weight: 3.89582e-05
eec: 89.2791
weight: 7.11356e-05
eec: 614.752
weight: 1.12756e-05
eec: 236.998
weight: 6.39053e-05
eec: 1320.76
weight: 8.9311e-05
eec: 377.003
weight: 2.21226e-05
eec: 217.531
weight: 1.53296e-05
eec: 140.473
weight: 0.000323273
eec: 519.433
weight: 6.33039e-05
eec: 534.122
weight: 1.4321e-06
eec: 408.511
weight: 1.5586e-06
eec: 746.558
weight: 9.0919e-08
eec: 263.415
weight: 3.99922e-05
eec: 237.383
weight: 6.2269e-06
eec: 796.767
weight: 0.00016283
eec: 182.42
weight: 2.63351e-05
eec: 1079.98
weight: 3.61594e-05
eec: 190.169
weight: 9.35948e-05
eec: 358.296
weight: 1.1335e-05
eec: 657.645
weight: 2.06384e-05
eec: 760.224
weight: 8.83822e-05
eec: 299.572
weight: 1.17078e-05
eec: 433.231
weight: 1.69757e-06
eec: 129.362
weight: 8.42023e-05
eec: 652.211
weight: 0.000377497
eec: 173.61
weight: 4.37313e-05
eec: 667.313
weight: 4.64487e-06
eec: 745.41
weight: 1.23991e-05
eec: 2079.27
weight: 0.000404649
eec: 103.906
weight: 4.00532e-05
eec: 1587.79
weight: 2.41901e-05
eec: 93.3821
weight: 1.32127e-06
eec: 199.527
weight: 0.000199768
eec: 72.6919
weight: 0.000286999
eec: 511.494
weight: 1.53759e-05
eec: 108.744
weight: 1.66416e-05
eec: 2170.4
weight: 1.8252e-05
eec: 142.762
weight: 9.40042e-06
eec: 733.76
weight: 2.14647e-05
eec: 1246.93
weight: 5.28807e-06
eec: 750.108
weight: 8.13692e-05
eec: 44.7044
weight: 0.000270331
eec: 465.793
weight: 1.14052e-05
eec: 2909.24
weight: 2.86133e-05
eec: 869.544
weight: 8.54149e-05
eec: 142.523
weight: 6.37402e-06
eec: 4470.39
weight: 8.75216e-06
eec: 787.796
weight: 6.98699e-06
eec: 1564.14
weight: 4.20268e-05
eec: 256.212
weight: 0.000216285
eec: 1967
weight: 6.4719e-07
eec: 1463.96
weight: 2.13374e-06
eec: 186.875
weight: 5.15351e-06
eec: 160.017
weight: 3.8638e-05
eec: 49.8321
weight: 6.47045e-06
eec: 698.437
weight: 5.47554e-07
eec: 845.13
weight: 0.000248725
eec: 42.8009
weight: 9.10311e-05
eec: 693.047
weight: 7.35685e-06
eec: 282.752
weight: 8.34147e-06
eec: 144.142
weight: 4.28436e-05
eec: 2401.6
weight: 6.13265e-06
eec: 680.755
weight: 1.13858e-06
eec: 2171.57
weight: 3.77396e-05
eec: 626.825
weight: 2.99548e-05
eec: 61.0119
weight: 1.68583e-05
eec: 683.407
weight: 1.25578e-05
eec: 482.149
weight: 0.000121984
eec: 326.901
weight: 2.59121e-05
eec: 805.258
weight: 2.72439e-06
eec: 217.072
weight: 0.000141816
eec: 747.127
weight: 8.08623e-06
eec: 278.584
weight: 4.10062e-05
eec: 458.125
weight: 1.0007e-07
eec: 353.782
weight: 8.22347e-07
eec: 1118.8
weight: 3.76721e-05
eec: 177.089
weight: 2.80934e-05
eec: 1797.45
weight: 5.77126e-07
eec: 173.712
weight: 1.35831e-05
eec: 255.457
weight: 8.52549e-05
eec: 432.878
weight: 5.29487e-05
eec: 1022.27
weight: 7.65213e-06
eec: 801.405
weight: 0.00181751
eec: 829.662
weight: 8.38843e-06
eec: 1733.38
weight: 5.85814e-05
eec: 93.1771
weight: 1.00797e-05
eec: 469.905
weight: 1.18055e-06
eec: 2030.53
weight: 8.25802e-06
eec: 245.412
weight: 0.000107692
eec: 152.834
weight: 0.000133697
eec: 94.2058
weight: 1.91797e-05
eec: 278.922
weight: 3.02121e-05
eec: 402.473
weight: 3.56888e-05
eec: 170.16
weight: 2.58592e-06
eec: 964.404
weight: 2.22846e-06
eec: 1901.94
weight: 5.14526e-05
eec: 373.145
weight: 2.75414e-07
eec: 25.1023
weight: 2.40968e-05
eec: 828.858
weight: 9.75283e-06
eec: 157.505
weight: 0.000107438
eec: 376.234
weight: 0.000205222
eec: 416.712
weight: 6.26983e-05
eec: 304.631
weight: 0.000671408
eec: 235.159
weight: 0.000113413
eec: 11.3165
weight: 8.49409e-05
eec: 404.862
weight: 8.01668e-06
eec: 774.536
weight: 0.000327189
eec: 159.158
weight: 1.0278e-05
eec: 294.431
weight: 1.8711e-05
eec: 395.325
weight: 5.91565e-05
eec: 158.572
weight: 0.000489628
eec: 184.797
weight: 6.73052e-05
eec: 338.533
Processing: 45.8333 %weight: 5.64498e-06
eec: 2029.08
weight: 9.86631e-06
eec: 233.667
weight: 2.25354e-05
eec: 465.283
weight: 2.62456e-05
eec: 422.376
weight: 0.000128962
eec: 814.653
weight: 4.26066e-05
eec: 152.992
weight: 1.29846e-07
eec: 233.095
weight: 9.09513e-06
eec: 596.1
weight: 8.45102e-05
eec: 2431.81
weight: 3.98352e-07
eec: 208.812
weight: 3.98352e-07
eec: 328.421
weight: 1.64011e-06
eec: 244.399
weight: 0.00028094
eec: 241.034
weight: 1.09683e-06
eec: 223.754
weight: 3.33107e-06
eec: 112.989
weight: 0.000113145
eec: 504.763
weight: 4.73638e-06
eec: 966.36
weight: 0.000333713
eec: 841.829
weight: 5.11103e-05
eec: 1238.02
weight: 9.06321e-06
eec: 39.6053
weight: 3.30732e-05
eec: 265.571
weight: 3.37528e-05
eec: 54.5706
weight: 0.00035806
eec: 158.648
weight: 5.78832e-08
eec: 1730.1
weight: 4.0476e-06
eec: 911.427
weight: 2.97732e-05
eec: 765.51
weight: 8.22012e-05
eec: 357.29
weight: 5.34256e-05
eec: 1379.34
weight: 1.46959e-05
eec: 43.9582
weight: 2.98327e-05
eec: 459.423
weight: 0.000748465
eec: 31.1355
weight: 9.14142e-06
eec: 2181.24
weight: 2.02829e-05
eec: 734.007
weight: 1.2684e-05
eec: 1305.72
weight: 1.11513e-05
eec: 175.249
weight: 0.000345767
eec: 94.5089
weight: 9.23685e-06
eec: 1069.46
weight: 2.32169e-06
eec: 463.265
weight: 2.60251e-05
eec: 1639.5
weight: 1.85604e-05
eec: 42.5043
weight: 2.65456e-05
eec: 390.464
weight: 2.65456e-05
eec: 174.698
weight: 4.14772e-06
eec: 950.262
weight: 2.9373e-07
eec: 923.285

ROOT exit code = 0
