gSystem->Load("run_condor_job_Run3_C.so");
run_condor_job_Run3(256, 100, 2,
                    80, 200,
                    1, 1, 1, 2);
.q

ENTERED run_condor_job_Run3()
JOBID = 256
  global job = 256  Job 56/100  events [3360000, 3420000)  total=6000000
Processing events [3360000, 3420000) of 6000000
weight: 2.44814e-05
eec: 278.971
weight: 1.25077e-05
eec: 1435.96
weight: 2.56903e-07
eec: 969.155
weight: 1.5419e-05
eec: 90.0864
weight: 4.32891e-06
eec: 167.854
weight: 0.000142724
eec: 272.294
weight: 6.61487e-05
eec: 3403.57
weight: 6.58069e-05
eec: 508.589
weight: 4.14492e-06
eec: 52.9551
weight: 4.14492e-06
eec: 199.925
weight: 5.97596e-05
eec: 95.7489
weight: 3.28101e-07
eec: 1418.22
weight: 4.88837e-05
eec: 1666.07
weight: 2.25531e-05
eec: 425.096
weight: 2.17546e-05
eec: 152.369
weight: 2.45791e-05
eec: 1072.77
weight: 6.07308e-06
eec: 409.365
weight: 2.18882e-05
eec: 993.491
weight: 0.000271856
eec: 132.798
weight: 3.19701e-07
eec: 425.879
weight: 0.000191673
eec: 313.699
weight: 1.90056e-05
eec: 1019.99
weight: 3.12569e-06
eec: 317.979
weight: 2.25662e-05
eec: 247.292
weight: 0.000124844
eec: 592.321
weight: 0.000208007
eec: 138.567
weight: 8.27792e-06
eec: 140.759
weight: 3.47783e-05
eec: 193.008
weight: 0.000108607
eec: 734.618
weight: 2.452e-05
eec: 817.774
weight: 6.12068e-06
eec: 49.6679
weight: 1.13907e-05
eec: 366.755
weight: 3.22859e-05
eec: 625.372
weight: 4.93501e-06
eec: 54.3142
weight: 1.17113e-05
eec: 74.4894
weight: 6.56048e-06
eec: 729.91
weight: 3.21158e-05
eec: 592.966
weight: 0.000119088
eec: 68.3061
weight: 0.00107685
eec: 1154.67
weight: 2.20244e-06
eec: 434.806
weight: 5.23692e-05
eec: 359.33
weight: 0.000351907
eec: 738.116
weight: 1.2254e-05
eec: 345.261
weight: 6.68707e-05
eec: 710.604
weight: 8.68519e-06
eec: 1001.83
weight: 1.89904e-06
eec: 399.212
weight: 3.24205e-06
eec: 617.721
weight: 0.000809158
eec: 188.444
weight: 0.00086749
eec: 357.758
weight: 9.57917e-06
eec: 292.01
weight: 3.61164e-05
eec: 222.944
weight: 0.000142366
eec: 1337.98
weight: 3.97854e-05
eec: 109.881
weight: 7.03497e-06
eec: 85.7638
weight: 1.14374e-07
eec: 22.55
weight: 1.50141e-05
eec: 254.747
weight: 3.98752e-05
eec: 38.4913
weight: 2.37402e-05
eec: 422.811
weight: 4.46792e-05
eec: 221.412
weight: 5.47774e-05
eec: 368.136
weight: 7.93547e-06
eec: 68.1962
weight: 3.95852e-05
eec: 34.3006
weight: 1.63705e-06
eec: 114.13
weight: 9.65728e-06
eec: 1090.15
weight: 4.05436e-06
eec: 3832.12
weight: 0.000103254
eec: 875.927
weight: 5.55323e-06
eec: 1571.83
weight: 1.16646e-05
eec: 301.456
weight: 0.00181111
eec: 121.52
weight: 0.000140789
eec: 50.1607
weight: 0.000101034
eec: 95.4405
weight: 6.7689e-06
eec: 91.2058
weight: 3.91219e-05
eec: 151.199
weight: 2.33216e-05
eec: 480.174
weight: 8.72774e-06
eec: 1327.34
weight: 0.000224593
eec: 996.742
weight: 4.7526e-05
eec: 515.765
weight: 8.35071e-06
eec: 1907.95
weight: 7.88398e-05
eec: 1403.81
weight: 1.48198e-06
eec: 100.831
weight: 0.000123282
eec: 491.178
weight: 1.20926e-05
eec: 788.301
weight: 0.000149211
eec: 389.158
weight: 0.000154208
eec: 131.947
weight: 1.49395e-05
eec: 1228.89
weight: 0.00023771
eec: 1389.14
weight: 6.09362e-07
eec: 451.511
weight: 6.35446e-05
eec: 389.844
weight: 1.37226e-05
eec: 1215.38
weight: 4.03144e-08
eec: 62.8392
weight: 4.02429e-06
eec: 108.844
weight: 7.83488e-06
eec: 873.858
weight: 0.000124711
eec: 538.929
weight: 0.00029313
eec: 162.561
weight: 0.000389533
eec: 147.91
weight: 0.000433026
eec: 1449.16
weight: 7.92523e-05
eec: 588.604
weight: 1.65551e-07
eec: 3868.91
weight: 0.00010779
eec: 1264.9
weight: 7.57678e-06
eec: 868.269
weight: 3.77273e-06
eec: 248.677
weight: 2.78715e-05
eec: 35.726
weight: 6.17547e-05
eec: 61.4169
weight: 9.8348e-05
eec: 55.7622
weight: 1.2272e-05
eec: 1046.38
weight: 1.52269e-06
eec: 129.719
weight: 2.35611e-07
eec: 76.1305
weight: 0.000155873
eec: 100.825
weight: 7.74986e-06
eec: 295.76
weight: 7.78561e-07
eec: 90.1959
weight: 6.5057e-06
eec: 152.74
weight: 2.93298e-05
eec: 66.4687
weight: 1.19395e-05
eec: 201.043
weight: 0.00110614
eec: 511.744
weight: 3.70495e-06
eec: 1190.91
weight: 9.90009e-06
eec: 851.84
weight: 1.21572e-05
eec: 406.767
weight: 2.87119e-05
eec: 665.17
weight: 5.46007e-06
eec: 64.1955
weight: 9.62281e-05
eec: 197.6
weight: 1.91924e-07
eec: 2389.28
weight: 0.000102509
eec: 98.0447
weight: 1.45771e-05
eec: 201.544
weight: 5.31803e-05
eec: 73.4762
weight: 8.34965e-06
eec: 187.868
weight: 9.49772e-05
eec: 228.662
weight: 0.000124354
eec: 550.22
weight: 4.36208e-06
eec: 129.615
weight: 5.53021e-05
eec: 22.6726
weight: 2.16726e-05
eec: 306.154
weight: 0.000711288
eec: 449.865
weight: 2.25543e-05
eec: 390.729
weight: 7.44434e-05
eec: 428.336
weight: 0.000558813
eec: 31.8816
weight: 0.000202654
eec: 960.376
weight: 6.23426e-05
eec: 138.725
weight: 1.63573e-06
eec: 405.347
weight: 0.000304641
eec: 19.9152
weight: 2.89359e-05
eec: 40.9912
weight: 0.000529178
eec: 1672.54
weight: 1.58517e-05
eec: 541.123
weight: 0.000110473
eec: 134.95
weight: 0.000522449
eec: 1153.18
weight: 0.000475844
eec: 323.986
weight: 0.000172904
eec: 90.4703
weight: 1.41197e-05
eec: 865.676
weight: 3.88999e-07
eec: 487.729
weight: 2.95983e-05
eec: 442.371
weight: 5.92493e-05
eec: 101.843
weight: 3.63291e-05
eec: 475.127
weight: 0.000147403
eec: 144.872
weight: 3.00413e-05
eec: 82.4838
weight: 0.000106091
eec: 495.082
weight: 2.5805e-05
eec: 777.252
weight: 8.01175e-06
eec: 99.3056
weight: 6.33814e-05
eec: 16.3698
weight: 1.15272e-05
eec: 476.749
weight: 8.60222e-07
eec: 118.411
weight: 8.88139e-06
eec: 398.013
weight: 1.03978e-05
eec: 182.707
weight: 6.51684e-06
eec: 65.5727
weight: 0.000491598
eec: 288.195
weight: 2.21459e-05
eec: 1203.21
weight: 1.70427e-05
eec: 482.01
weight: 6.37595e-05
eec: 11.1992
weight: 4.80721e-06
eec: 658.526
weight: 1.62394e-05
eec: 1590.34
weight: 0.000156142
eec: 196.788
weight: 3.17192e-05
eec: 163.584
weight: 6.98684e-05
eec: 120.975
weight: 2.14982e-05
eec: 78.1984
weight: 3.72615e-05
eec: 1167.5
weight: 1.2058e-05
eec: 156.057
weight: 1.18077e-05
eec: 967.49
weight: 3.55423e-05
eec: 243.477
weight: 5.86332e-05
eec: 110.519
weight: 0.000324598
eec: 218.346
weight: 6.58381e-06
eec: 234.999
Processing: 56.6667 %weight: 9.18118e-05
eec: 897.874
weight: 0.000352239
eec: 288.069
weight: 9.73911e-05
eec: 130.833
weight: 0.00242437
eec: 307.91
weight: 6.93885e-07
eec: 821.887
weight: 1.96174e-05
eec: 11.4703
weight: 0.000155798
eec: 1005.55
weight: 2.37866e-05
eec: 7.3583
weight: 4.94124e-06
eec: 78.5549
weight: 4.44213e-06
eec: 734.385
weight: 0.000152976
eec: 145.849
weight: 8.80748e-06
eec: 1540.63
weight: 0.000190186
eec: 323.34
weight: 8.13561e-06
eec: 378.182
weight: 1.62725e-05
eec: 639.8
weight: 1.96939e-05
eec: 854.761
weight: 9.21866e-06
eec: 643.11
weight: 5.58763e-05
eec: 438.724
weight: 2.40637e-05
eec: 600.511
weight: 6.69603e-06
eec: 548.231
weight: 1.20497e-05
eec: 1427.22
weight: 0.000126601
eec: 957.107
weight: 1.19957e-05
eec: 1125.94
weight: 0.000331791
eec: 61.7573
weight: 3.39211e-06
eec: 19.0928
weight: 1.19798e-06
eec: 189.903
weight: 9.42752e-08
eec: 293.386
weight: 4.80341e-05
eec: 539.67
weight: 5.28569e-06
eec: 100.299
weight: 1.14967e-05
eec: 129.557
weight: 2.29311e-05
eec: 327.716
weight: 5.6306e-06
eec: 349.801
weight: 2.12139e-05
eec: 742.026
weight: 2.45146e-06
eec: 877.085
weight: 0.00014663
eec: 389.679
weight: 1.31828e-05
eec: 171.56
weight: 1.99519e-08
eec: 360.313
weight: 2.02337e-05
eec: 9.94537
weight: 2.37924e-05
eec: 92.1875
weight: 4.64799e-05
eec: 1631.4
weight: 2.30882e-05
eec: 83.9593
weight: 0.000165147
eec: 767.983
weight: 1.21708e-05
eec: 93.323
weight: 4.6642e-06
eec: 264.383
weight: 9.09198e-06
eec: 403.782
weight: 8.23306e-05
eec: 109.483
weight: 3.72572e-07
eec: 28.3074
weight: 9.70364e-06
eec: 827.285
weight: 4.29795e-05
eec: 390.542
weight: 3.59562e-05
eec: 295.967
weight: 0.000120568
eec: 152.82
weight: 2.64005e-05
eec: 245.051
weight: 9.73658e-06
eec: 935.181
weight: 2.19657e-08
eec: 241.407
weight: 3.62791e-06
eec: 1246.9
weight: 1.02801e-05
eec: 799.948
weight: 0.000155556
eec: 859.409
weight: 0.000136395
eec: 162.968
weight: 2.01579e-05
eec: 9.15557
weight: 6.53274e-06
eec: 1725.21
weight: 3.51868e-05
eec: 353.53
weight: 3.66241e-05
eec: 662.612
weight: 8.29013e-07
eec: 440.788
weight: 5.5283e-06
eec: 664.603
weight: 4.17423e-06
eec: 218.952
weight: 7.68411e-05
eec: 543.784
weight: 0.000221502
eec: 83.4063
weight: 3.78737e-07
eec: 32.8763
weight: 0.000175452
eec: 581.012
weight: 3.18232e-05
eec: 232.271
weight: 1.41751e-05
eec: 3955.15
weight: 1.97843e-06
eec: 902.818
weight: 1.78103e-06
eec: 253.436
weight: 0.000278131
eec: 609.169
weight: 2.06997e-05
eec: 981.059
weight: 0.000238837
eec: 419.092
weight: 0.000498257
eec: 240.972

ROOT exit code = 0
