gSystem->Load("run_condor_job_Run3_C.so");
run_condor_job_Run3(958, 100, 2,
                    80, 200,
                    1, 1, 1, 9);
.q

ENTERED run_condor_job_Run3()
JOBID = 958
  global job = 958  Job 58/100  events [3448680, 3508140)  total=5946000
Processing events [3448680, 3508140) of 5946000
weight: 2.50055e-05
eec: 179.467
weight: 0.000100548
eec: 391.469
Processing: 58.0222 %weight: 2.41499e-05
eec: 145.265
weight: 0.000149328
eec: 88.1321
weight: 1.39444e-07
eec: 481.039
weight: 2.9161e-05
eec: 170.277
weight: 2.33741e-05
eec: 826.277
weight: 6.03102e-06
eec: 263.036
weight: 5.48061e-05
eec: 361.797
weight: 0.000579585
eec: 1163.47
weight: 0.000658168
eec: 149.953
weight: 1.03208e-05
eec: 2247.99
weight: 4.64801e-06
eec: 1073.51
weight: 1.63091e-06
eec: 147.028
weight: 8.97091e-05
eec: 572.002
weight: 7.60344e-05
eec: 832.981
weight: 1.10919e-05
eec: 324.264
weight: 8.63161e-07
eec: 358.85
weight: 5.06423e-05
eec: 182.152
weight: 2.16249e-05
eec: 385.954
weight: 7.77363e-06
eec: 286.851
weight: 9.76038e-06
eec: 776.043
weight: 1.43947e-05
eec: 144.708
weight: 0.000199755
eec: 245.642
weight: 2.72764e-06
eec: 277.518
weight: 0.000632534
eec: 364.192
weight: 2.10898e-06
eec: 907.591
weight: 0.000128079
eec: 444.227
weight: 1.36883e-05
eec: 1620.9
weight: 4.74171e-05
eec: 225.004
weight: 1.25283e-05
eec: 759.935
weight: 6.38661e-06
eec: 254.57
weight: 6.81262e-06
eec: 1029.33
weight: 1.98559e-05
eec: 181.346
weight: 5.91622e-05
eec: 1095.17
weight: 3.05554e-06
eec: 18.2634
weight: 2.93887e-06
eec: 282.904
weight: 5.0399e-05
eec: 882.622
weight: 0.000105446
eec: 434.733
weight: 5.64482e-05
eec: 1341.7
weight: 8.80888e-05
eec: 239.293
weight: 0.000168515
eec: 362.403
weight: 0.000109203
eec: 400.308
weight: 4.47509e-05
eec: 492.364
weight: 0.000274387
eec: 354.786
weight: 2.51037e-06
eec: 123.923
weight: 0.000511887
eec: 472.108
weight: 2.32085e-05
eec: 407.301
weight: 7.01001e-05
eec: 819.233
weight: 3.00933e-07
eec: 407.163
weight: 9.59585e-07
eec: 338.029
weight: 9.59585e-07
eec: 295.975
weight: 5.97534e-05
eec: 51.6354
weight: 3.32841e-05
eec: 248.058
weight: 1.4559e-05
eec: 200.069
weight: 5.34979e-05
eec: 1583.13
weight: 3.88285e-05
eec: 954.181
weight: 0.000217245
eec: 64.2412
weight: 0.000320107
eec: 214.041
weight: 2.86424e-05
eec: 1515.52
weight: 7.94636e-06
eec: 15.7936
weight: 1.31337e-05
eec: 499.248
weight: 1.30338e-06
eec: 775.528
weight: 3.52929e-06
eec: 3853.58
weight: 3.85906e-05
eec: 49.67
weight: 2.43122e-05
eec: 715.968
weight: 4.65519e-06
eec: 18.1569
weight: 0.000472651
eec: 324.618
weight: 7.69221e-05
eec: 53.0872
weight: 3.08874e-05
eec: 437.417
weight: 3.83133e-05
eec: 82.5067
weight: 0.000108419
eec: 829.004
weight: 6.36587e-05
eec: 585.039
weight: 7.05588e-06
eec: 714.884
weight: 8.50416e-05
eec: 30.9072
weight: 1.00285e-05
eec: 1128.55
weight: 6.8362e-05
eec: 1470.98
weight: 0.000187069
eec: 612.689
weight: 2.95327e-06
eec: 147.13
weight: 5.85697e-06
eec: 188.824
weight: 5.06259e-06
eec: 1307.35
weight: 1.33846e-05
eec: 62.1832
weight: 7.75041e-06
eec: 1200.45
weight: 6.20712e-07
eec: 325.913
weight: 2.26364e-07
eec: 268.231
weight: 5.36153e-05
eec: 747.811
weight: 1.37257e-05
eec: 2202.85
weight: 8.08603e-05
eec: 498.615
weight: 3.58958e-07
eec: 28.1306
weight: 2.64944e-05
eec: 283.375
weight: 4.71041e-05
eec: 170.19
weight: 3.2053e-05
eec: 581.022
weight: 0.00153526
eec: 39.1877
weight: 4.85835e-05
eec: 751.206
weight: 0.000125702
eec: 514.135
weight: 0.000200002
eec: 160.27
weight: 1.60079e-05
eec: 787.211
weight: 4.47352e-05
eec: 253.033
weight: 4.47352e-05
eec: 634.205
weight: 6.25784e-05
eec: 417.301
weight: 9.27139e-06
eec: 397.77
weight: 1.31402e-05
eec: 3354.27
weight: 6.32875e-05
eec: 3485.56
weight: 9.25879e-06
eec: 411.729
weight: 0.000406697
eec: 64.0302
weight: 6.50844e-06
eec: 1086.68
weight: 3.57402e-06
eec: 640.968
weight: 0.000871174
eec: 379.589
weight: 0.00132575
eec: 1015.72
weight: 7.92124e-06
eec: 189.591
weight: 0.000671753
eec: 88.2083
weight: 0.000406485
eec: 316.802
weight: 3.02192e-08
eec: 743.997
weight: 4.67038e-06
eec: 73.3412
weight: 3.57083e-05
eec: 460.649
weight: 1.42309e-05
eec: 691.273
weight: 0.000184336
eec: 183.724
weight: 5.65346e-06
eec: 105.076
weight: 0.000141616
eec: 126.736
weight: 3.14134e-05
eec: 112.644
weight: 0.000232829
eec: 181.303
weight: 2.3033e-05
eec: 471.852
weight: 4.84656e-05
eec: 364.182
weight: 8.78561e-05
eec: 627.688
weight: 1.12326e-05
eec: 89.0893
weight: 3.29001e-07
eec: 374.687
weight: 4.02487e-06
eec: 97.7763
weight: 5.61914e-05
eec: 129.015
weight: 4.77859e-07
eec: 115.611
weight: 6.21246e-05
eec: 291.593
weight: 1.53486e-05
eec: 449.965
weight: 0.0010414
eec: 71.1047
weight: 7.52193e-05
eec: 230.793
weight: 7.68306e-05
eec: 593.957
weight: 2.95929e-06
eec: 975.597
weight: 8.22519e-05
eec: 1022.39
weight: 5.30147e-05
eec: 48.8879
weight: 2.05174e-06
eec: 125.316
weight: 6.85745e-07
eec: 1036.8
weight: 4.28033e-07
eec: 87.7373
weight: 0.000149442
eec: 1101.15
weight: 6.81806e-06
eec: 1059.24
weight: 0.000161741
eec: 283.977
weight: 2.3459e-05
eec: 411.298
weight: 2.6109e-05
eec: 1433.88
weight: 9.37547e-06
eec: 37.5618
weight: 6.84527e-07
eec: 820.317
weight: 1.27647e-06
eec: 349.094
weight: 4.35943e-05
eec: 461.321
weight: 0.000112479
eec: 432.233
weight: 1.4174e-05
eec: 323.97
weight: 1.1045e-05
eec: 1728.24
weight: 4.30516e-07
eec: 1415.12
weight: 3.40275e-05
eec: 215.604
weight: 2.12171e-05
eec: 526.522
weight: 4.07429e-07
eec: 777.236
weight: 8.1893e-05
eec: 124.27
weight: 2.44305e-05
eec: 318.462
weight: 3.25564e-05
eec: 464.502
weight: 4.29362e-05
eec: 2100.07
weight: 6.20871e-06
eec: 396.825
weight: 0.000164722
eec: 31.108
weight: 4.29389e-05
eec: 579.729
weight: 1.8093e-05
eec: 470.17
weight: 1.52303e-05
eec: 2307.47
weight: 1.01392e-05
eec: 18.0852
weight: 7.57895e-06
eec: 624.304
weight: 6.51636e-05
eec: 897.785
weight: 0.000124779
eec: 629.139
weight: 0.000126316
eec: 81.0572
weight: 3.97622e-05
eec: 866.673
weight: 4.22962e-06
eec: 707.363
weight: 9.17578e-06
eec: 1125.68
weight: 0.000336046
eec: 244.138
weight: 1.1456e-05
eec: 456.168
weight: 9.29664e-07
eec: 724.191
weight: 2.96665e-06
eec: 766.745
weight: 5.0139e-05
eec: 427.924
weight: 9.31583e-05
eec: 389.78
weight: 3.94931e-05
eec: 1844.03
weight: 8.71119e-06
eec: 438.502
weight: 8.41533e-08
eec: 867.995
weight: 0.000301823
eec: 526.646
weight: 0.000305132
eec: 39.8309
weight: 5.86324e-07
eec: 60.0749
weight: 0.000134671
eec: 192.037
weight: 2.07475e-05
eec: 230.568
Processing: 58.8631 %weight: 8.42361e-06
eec: 2949.99
weight: 3.19331e-05
eec: 969.453
weight: 2.1283e-05
eec: 1298.43
weight: 2.61938e-07
eec: 357.054
weight: 2.31261e-05
eec: 983.752
weight: 0.000552051
eec: 353.271
weight: 3.09395e-05
eec: 774.762
weight: 0.00023065
eec: 45.9736
weight: 1.02494e-06
eec: 519.554
weight: 7.03127e-06
eec: 188.873
weight: 3.30523e-05
eec: 100.827
weight: 3.9207e-05
eec: 195.09
weight: 1.80103e-05
eec: 1558.01
weight: 4.84343e-05
eec: 153.223
weight: 0.000151023
eec: 197.914
weight: 5.24809e-06
eec: 368.032
weight: 2.954e-07
eec: 202.008
weight: 2.69687e-05
eec: 415.811
weight: 9.86997e-05
eec: 594.011
weight: 5.45142e-05
eec: 120.549
weight: 9.34868e-06
eec: 408.158
weight: 1.57913e-05
eec: 322.225
weight: 2.78058e-05
eec: 316.369
weight: 2.60924e-05
eec: 305.237
weight: 2.15957e-05
eec: 113.736
weight: 8.00337e-06
eec: 1361.32
weight: 1.73634e-07
eec: 1150.29
weight: 0.000194301
eec: 364.602
weight: 5.50839e-05
eec: 32.6307
weight: 2.42183e-06
eec: 728.668
weight: 1.82179e-05
eec: 233.124

ROOT exit code = 0
