gSystem->Load("run_condor_job_Run3_C.so");
run_condor_job_Run3(252, 100, 2,
                    80, 200,
                    1, 1, 1, 2);
.q

ENTERED run_condor_job_Run3()
JOBID = 252
  global job = 252  Job 52/100  events [3120000, 3180000)  total=6000000
Processing events [3120000, 3180000) of 6000000
weight: 7.33804e-05
eec: 150.283
weight: 4.71527e-06
eec: 646.292
weight: 4.10906e-05
eec: 528.174
weight: 0.000101686
eec: 145.107
weight: 7.26021e-06
eec: 28.6686
weight: 2.7848e-05
eec: 724.815
weight: 2.85024e-06
eec: 824.725
weight: 0.000322533
eec: 16.0099
weight: 9.75784e-05
eec: 763.684
weight: 5.44412e-06
eec: 688.961
weight: 1.01722e-05
eec: 173.846
weight: 0.00037088
eec: 56.8655
weight: 3.12215e-06
eec: 216.621
weight: 0.000128582
eec: 1221.16
weight: 1.45596e-05
eec: 763.023
weight: 6.47874e-07
eec: 722.902
weight: 7.40351e-06
eec: 671.423
weight: 4.0986e-05
eec: 197.826
weight: 0.00104449
eec: 101.1
weight: 3.13478e-05
eec: 299.368
weight: 0.000245848
eec: 1097.68
weight: 5.40401e-06
eec: 790.377
weight: 0.000281798
eec: 1406.9
weight: 3.64172e-06
eec: 607.638
weight: 8.80205e-06
eec: 244.864
weight: 4.55018e-05
eec: 349.632
weight: 6.8141e-05
eec: 231.802
weight: 8.24151e-05
eec: 297.089
weight: 4.73969e-05
eec: 700.881
weight: 6.45718e-05
eec: 484.489
weight: 1.18866e-06
eec: 407.98
weight: 3.19632e-06
eec: 79.5771
weight: 2.22357e-05
eec: 109.858
weight: 8.41309e-06
eec: 1700.38
weight: 6.05387e-05
eec: 630.233
weight: 6.35911e-05
eec: 80.4907
weight: 1.57452e-05
eec: 101.881
weight: 6.88098e-06
eec: 183.258
weight: 3.14301e-07
eec: 164.908
weight: 5.96752e-06
eec: 128.134
weight: 0.000127665
eec: 1391.18
weight: 1.17593e-05
eec: 357.89
weight: 5.8084e-07
eec: 761.382
weight: 4.57665e-05
eec: 369.186
weight: 5.84014e-05
eec: 293.874
weight: 6.05922e-06
eec: 185.872
weight: 4.66568e-06
eec: 135.413
weight: 4.10171e-05
eec: 185.998
weight: 3.45851e-06
eec: 1013
weight: 0.000431441
eec: 39.7139
weight: 5.30206e-05
eec: 278.052
weight: 0.000432384
eec: 193.02
weight: 1.58069e-05
eec: 1755.74
weight: 0.000816036
eec: 635.027
weight: 6.32296e-05
eec: 1435.46
weight: 4.99073e-05
eec: 1333.42
weight: 1.91529e-05
eec: 348.878
weight: 2.91379e-06
eec: 98.2743
weight: 2.26537e-05
eec: 167.644
weight: 5.1843e-05
eec: 1505.04
weight: 1.78148e-05
eec: 519.023
weight: 3.97746e-05
eec: 374.107
weight: 6.88241e-06
eec: 1088.06
weight: 0.00012042
eec: 98.4666
weight: 1.09369e-05
eec: 1916.55
weight: 0.000444084
eec: 1283.2
weight: 0.000444084
eec: 392.791
weight: 5.01507e-05
eec: 334.67
weight: 8.52065e-06
eec: 145.88
weight: 8.30803e-06
eec: 1082.34
weight: 4.51887e-05
eec: 891.581
weight: 6.10043e-05
eec: 248.41
weight: 7.41549e-05
eec: 363.36
weight: 2.78917e-07
eec: 943.82
weight: 1.7134e-05
eec: 1509.73
weight: 5.31032e-05
eec: 1217.77
weight: 3.12503e-06
eec: 2703.58
weight: 7.99283e-06
eec: 473.045
weight: 7.76885e-06
eec: 838.558
weight: 1.85285e-05
eec: 166.048
weight: 8.97435e-06
eec: 1978.88
weight: 1.84215e-05
eec: 201.348
weight: 0.000129064
eec: 187.669
weight: 0.000287419
eec: 368.579
weight: 1.05078e-06
eec: 530.008
weight: 3.38419e-05
eec: 169.724
weight: 2.67275e-06
eec: 4012.7
weight: 0.00224798
eec: 273.325
weight: 2.44983e-06
eec: 1457.19
weight: 5.73058e-05
eec: 259.605
weight: 0.000576823
eec: 851.795
weight: 0.000394535
eec: 168.248
weight: 3.70271e-05
eec: 85.2116
weight: 7.22395e-06
eec: 3701.16
weight: 7.00833e-06
eec: 143.493
weight: 1.15752e-05
eec: 338.922
weight: 3.26262e-06
eec: 551.574
weight: 3.46185e-05
eec: 392.569
weight: 0.00010214
eec: 2396.97
weight: 0.000207733
eec: 130.675
weight: 6.3451e-06
eec: 326.01
weight: 0.000190685
eec: 343.799
weight: 0.000233529
eec: 35.5037
weight: 2.39177e-07
eec: 128.709
weight: 0.000131563
eec: 99.1459
weight: 3.27622e-07
eec: 294.769
weight: 5.41274e-05
eec: 243.441
weight: 7.34123e-05
eec: 99.2778
weight: 1.77556e-05
eec: 498.95
weight: 0.000158108
eec: 163.801
weight: 3.48402e-05
eec: 382.229
weight: 3.96248e-06
eec: 2051.27
weight: 0.000285783
eec: 165.64
weight: 0.000142033
eec: 182.419
weight: 5.2633e-05
eec: 1335.52
weight: 3.24681e-05
eec: 136.167
weight: 5.8494e-05
eec: 152.771
weight: 7.60376e-05
eec: 739.648
weight: 2.43278e-05
eec: 350.361
weight: 2.90304e-06
eec: 97.3127
weight: 7.05922e-05
eec: 1567.76
weight: 8.14926e-05
eec: 3033.37
weight: 2.306e-05
eec: 642.952
weight: 9.21096e-05
eec: 201.553
weight: 4.33979e-06
eec: 133.432
weight: 1.59823e-06
eec: 190.215
weight: 1.14089e-05
eec: 1713.96
weight: 1.55204e-06
eec: 62.6529
weight: 2.63971e-05
eec: 38.201
weight: 3.40212e-05
eec: 326.87
weight: 8.92325e-07
eec: 22.1597
weight: 1.32149e-05
eec: 3076.16
weight: 1.96452e-05
eec: 2092.31
weight: 3.00728e-05
eec: 1101.95
weight: 1.60082e-05
eec: 518.954
weight: 2.77035e-05
eec: 1472.41
weight: 2.96433e-06
eec: 884.332
weight: 7.92713e-05
eec: 484.603
weight: 8.34298e-07
eec: 1016.79
weight: 1.75575e-08
eec: 1235.78
weight: 1.51012e-06
eec: 1395.58
Processing: 52.5 %weight: 6.61686e-06
eec: 2461.39
weight: 5.32115e-05
eec: 208.498
weight: 1.44719e-05
eec: 659.015
weight: 7.5863e-07
eec: 298.883
weight: 8.37921e-05
eec: 770.473
weight: 1.39672e-05
eec: 1014.34
weight: 4.32159e-06
eec: 181.233
weight: 4.04267e-06
eec: 465.435
weight: 6.21211e-05
eec: 1593.49
weight: 6.3713e-05
eec: 394.628
weight: 3.11687e-05
eec: 460.2
weight: 5.86166e-05
eec: 325.512
weight: 3.13577e-05
eec: 933.404
weight: 3.68911e-05
eec: 842.59
weight: 2.82771e-05
eec: 206.758
weight: 1.15254e-05
eec: 231.248
weight: 2.11911e-05
eec: 147.307
weight: 0.00010852
eec: 261.936
weight: 1.26233e-05
eec: 1825.78
weight: 1.8877e-05
eec: 859.184
weight: 0.000186382
eec: 76.6951
weight: 2.96372e-05
eec: 1532.82
weight: 7.25177e-05
eec: 408.522
weight: 0.000115335
eec: 94.0945
weight: 1.21939e-06
eec: 43.6558
weight: 2.01905e-05
eec: 1237.85
weight: 0.000220701
eec: 324.229
weight: 5.60521e-05
eec: 779.77
weight: 4.76776e-05
eec: 297.716
weight: 1.14115e-05
eec: 65.1603
weight: 6.67953e-05
eec: 959.086
weight: 9.99007e-06
eec: 308.39
weight: 3.14413e-06
eec: 1697.73
weight: 0.000411463
eec: 46.2362
weight: 1.10526e-05
eec: 22.5723
weight: 1.92874e-05
eec: 152.624
weight: 4.2863e-05
eec: 230.75
weight: 9.21891e-07
eec: 772.888
weight: 5.64158e-05
eec: 166.177
weight: 5.33852e-05
eec: 142.909
weight: 1.00362e-06
eec: 384.424
weight: 4.78272e-05
eec: 69.2778
weight: 0.000131122
eec: 133.204
weight: 0.00139644
eec: 67.4913
weight: 0.000674811
eec: 1362.62
weight: 7.80764e-06
eec: 914.36
weight: 3.48399e-05
eec: 63.4204
weight: 1.50512e-05
eec: 397.489
weight: 1.11826e-05
eec: 42.5133
weight: 1.05104e-05
eec: 52.0997
weight: 0.00297697
eec: 381.807
weight: 3.72268e-05
eec: 278.615
weight: 5.1212e-08
eec: 2129.92
weight: 1.88466e-05
eec: 1309.35
weight: 0.00082883
eec: 124.182
weight: 0.000215774
eec: 610.901
weight: 8.74207e-06
eec: 89.7409
weight: 5.97485e-06
eec: 474.498
weight: 7.52063e-06
eec: 424.098
weight: 0.000146868
eec: 53.9609
weight: 5.4825e-05
eec: 305.044
weight: 5.43791e-05
eec: 266.188
weight: 1.39603e-05
eec: 660.948
weight: 3.09355e-05
eec: 1055.8
weight: 2.26348e-05
eec: 618.043
weight: 0.000198121
eec: 710.17
weight: 5.67362e-05
eec: 138.397
weight: 0.0023336
eec: 237.597
weight: 1.78391e-05
eec: 88.9283
weight: 0.000305182
eec: 152.658
weight: 1.97541e-05
eec: 549.69
weight: 9.21459e-07
eec: 617.668
weight: 4.21235e-05
eec: 122.841
weight: 5.14614e-05
eec: 75.4428
weight: 5.2976e-06
eec: 390.762
weight: 5.7846e-06
eec: 1314.08
weight: 2.61777e-05
eec: 104.956
weight: 6.61312e-05
eec: 215.585
weight: 5.33857e-06
eec: 2455.78
weight: 0.000187163
eec: 774.848
weight: 9.87803e-06
eec: 222.179
weight: 2.34217e-05
eec: 219.672
weight: 6.9405e-05
eec: 454.166
weight: 2.35869e-05
eec: 1258.81
weight: 0.000362865
eec: 106.71
weight: 2.04901e-05
eec: 297.054
weight: 0.000160569
eec: 191.823
weight: 1.41234e-05
eec: 275.676
weight: 7.11865e-06
eec: 1815.67
weight: 1.35352e-05
eec: 1073.46
weight: 1.74824e-05
eec: 695.563
weight: 0.000165709
eec: 204.735
weight: 0.000245426
eec: 126.969
weight: 0.000103014
eec: 381.649
weight: 1.93243e-05
eec: 843.467
weight: 5.45992e-05
eec: 118.549
weight: 1.07971e-05
eec: 239.104
weight: 0.000809858
eec: 15.79
weight: 7.50446e-06
eec: 248.779
weight: 4.1394e-05
eec: 327.41
weight: 4.73725e-05
eec: 131.182
weight: 3.03251e-05
eec: 873.082
weight: 3.0077e-06
eec: 575.553
weight: 3.10774e-06
eec: 1652.26
weight: 3.21146e-06
eec: 277.232
weight: 0.000446496
eec: 752.409
weight: 2.44858e-05
eec: 632.581
weight: 5.3819e-05
eec: 1004.39
weight: 0.000194872
eec: 75.935
weight: 1.93443e-05
eec: 1774.08
weight: 0.00030173
eec: 106.087
weight: 4.70028e-05
eec: 315.325
weight: 0.000227851
eec: 106.43
weight: 9.99092e-05
eec: 551.872
weight: 2.97428e-05
eec: 694.971
weight: 1.22713e-05
eec: 1254.07
weight: 4.37216e-05
eec: 185.733
weight: 0.000146826
eec: 2299.7
weight: 6.23011e-05
eec: 127.605
weight: 1.11023e-05
eec: 724.611
weight: 0.000197061
eec: 274.894
weight: 1.02101e-06
eec: 209.877
weight: 8.50227e-05
eec: 425.844
weight: 5.67603e-05
eec: 31.4076
weight: 4.22766e-05
eec: 2857.46
weight: 7.74994e-05
eec: 382.676
weight: 9.91443e-06
eec: 1587.65
weight: 6.87485e-05
eec: 342.175
weight: 3.19668e-05
eec: 773.677

ROOT exit code = 0
