gSystem->Load("run_condor_job_Run3_C.so");
run_condor_job_Run3(237, 100, 2,
                    80, 200,
                    1, 1, 1, 2);
.q

ENTERED run_condor_job_Run3()
JOBID = 237
  global job = 237  Job 37/100  events [2220000, 2280000)  total=6000000
Processing events [2220000, 2280000) of 6000000
weight: 4.03822e-06
eec: 3705.18
weight: 9.71842e-07
eec: 148.332
weight: 1.64996e-05
eec: 130.878
weight: 2.62117e-05
eec: 170.265
weight: 4.61128e-06
eec: 2912.32
weight: 4.54861e-06
eec: 236.324
weight: 0.000427904
eec: 239.089
weight: 6.59291e-05
eec: 744.702
weight: 3.80923e-05
eec: 614.799
weight: 4.64874e-05
eec: 25.8922
weight: 4.49021e-05
eec: 1016.08
weight: 1.78938e-06
eec: 91.5521
weight: 0.000158533
eec: 164.121
weight: 1.73727e-06
eec: 577.661
weight: 2.95447e-07
eec: 49.1047
weight: 1.95226e-05
eec: 165.34
weight: 8.39296e-05
eec: 2048.58
weight: 5.98498e-05
eec: 371.435
weight: 2.25678e-05
eec: 1692.34
weight: 7.86993e-06
eec: 3049.34
weight: 2.98008e-06
eec: 41.1084
weight: 1.3859e-05
eec: 317.526
weight: 3.01405e-05
eec: 17.6038
weight: 1.74978e-05
eec: 498.177
weight: 8.07383e-06
eec: 853.796
weight: 8.07919e-06
eec: 280.027
weight: 2.51322e-05
eec: 1892.75
weight: 2.31697e-05
eec: 683.194
weight: 2.95741e-05
eec: 213.502
weight: 5.86006e-07
eec: 325.918
weight: 5.12074e-05
eec: 1950.11
weight: 2.59143e-05
eec: 1641.5
weight: 9.34678e-06
eec: 893.321
weight: 3.50936e-05
eec: 47.36
weight: 0.000211311
eec: 90.5093
weight: 2.18883e-05
eec: 173.446
weight: 7.34089e-05
eec: 330.486
weight: 2.14312e-05
eec: 708.501
weight: 9.79413e-06
eec: 182.645
weight: 3.44233e-05
eec: 550.778
weight: 1.27554e-05
eec: 663.966
weight: 4.53709e-06
eec: 522.154
weight: 0.000256277
eec: 38.52
weight: 3.58837e-05
eec: 199.086
weight: 5.83672e-05
eec: 138.616
weight: 2.24818e-05
eec: 1747.21
weight: 5.38144e-05
eec: 224.247
weight: 5.84222e-05
eec: 489.385
weight: 6.36662e-06
eec: 254.788
weight: 0.000205664
eec: 391.597
weight: 1.83913e-06
eec: 64.6948
weight: 0.000108141
eec: 260.738
weight: 0.000660095
eec: 55.7831
weight: 0.00011072
eec: 312.877
weight: 1.6878e-05
eec: 1066.49
weight: 2.72077e-06
eec: 239.566
weight: 2.22686e-05
eec: 796.344
weight: 2.87038e-06
eec: 220.524
weight: 1.11606e-07
eec: 157.387
weight: 4.06017e-05
eec: 700.342
weight: 1.08874e-05
eec: 836.165
weight: 9.50092e-06
eec: 688.603
weight: 3.0044e-05
eec: 809.497
weight: 0.000153351
eec: 95.9552
weight: 2.38808e-05
eec: 122.239
weight: 5.56994e-05
eec: 343.819
weight: 8.36512e-05
eec: 269.709
weight: 0.000354141
eec: 105.945
weight: 2.3852e-05
eec: 61.2882
weight: 0.000127932
eec: 1241.18
weight: 2.91817e-06
eec: 1115.09
weight: 5.08438e-06
eec: 187.075
weight: 0.000121203
eec: 156.399
weight: 0.00026692
eec: 483.835
weight: 7.56848e-05
eec: 283.954
weight: 2.2029e-05
eec: 460.284
weight: 1.16951e-06
eec: 263.216
weight: 6.96846e-05
eec: 57.5843
weight: 9.36756e-05
eec: 285.922
weight: 0.000275073
eec: 280.158
weight: 1.19644e-05
eec: 973.647
weight: 7.78958e-05
eec: 257.991
weight: 2.60874e-06
eec: 1029.22
weight: 9.84597e-06
eec: 740.774
weight: 1.04073e-05
eec: 171.31
weight: 0.000181143
eec: 124.966
weight: 0.000230169
eec: 835.688
weight: 8.02773e-05
eec: 456.395
weight: 1.79684e-07
eec: 70.1875
weight: 5.1012e-05
eec: 743.75
weight: 3.08338e-06
eec: 89.9495
weight: 4.94936e-05
eec: 362.748
weight: 5.97442e-05
eec: 17.9608
weight: 1.17486e-05
eec: 169.973
weight: 1.59522e-06
eec: 137.332
weight: 3.75575e-06
eec: 361.722
weight: 2.58805e-05
eec: 1762.08
weight: 1.45488e-05
eec: 1138.7
weight: 3.4e-06
eec: 125.004
weight: 1.66463e-05
eec: 332.791
weight: 1.39269e-05
eec: 565.628
weight: 7.24175e-07
eec: 1437.05
weight: 2.1742e-06
eec: 1967.26
weight: 1.96712e-05
eec: 637.063
weight: 0.000135566
eec: 56.1662
weight: 1.18058e-05
eec: 913.236
weight: 9.80501e-07
eec: 104.884
weight: 1.24789e-05
eec: 256.272
weight: 0.000147034
eec: 72.6539
weight: 9.78251e-05
eec: 493.083
weight: 7.41648e-05
eec: 306.893
weight: 5.23082e-05
eec: 60.1478
weight: 2.84052e-06
eec: 308.06
weight: 0.00190595
eec: 59.5139
weight: 0.000618786
eec: 87.2413
weight: 6.85272e-06
eec: 393.488
weight: 2.78713e-05
eec: 139.822
weight: 2.27036e-05
eec: 48.4505
weight: 7.04568e-05
eec: 1276.93
weight: 1.5146e-06
eec: 204.114
weight: 8.1139e-06
eec: 52.3539
weight: 1.14952e-06
eec: 514.034
weight: 0.000101327
eec: 327.738
weight: 0.000412546
eec: 97.5062
weight: 0.000721599
eec: 301.529
weight: 1.30632e-05
eec: 182.968
weight: 6.11338e-06
eec: 37.3068
weight: 5.18475e-06
eec: 880.143
weight: 1.39231e-05
eec: 82.8524
weight: 3.8943e-05
eec: 1306.5
weight: 0.000382293
eec: 210.379
Processing: 37.5 %weight: 9.34129e-06
eec: 517.157
weight: 0.000261178
eec: 233.209
weight: 0.000104485
eec: 1109.24
weight: 2.83939e-05
eec: 526.486
weight: 9.04956e-06
eec: 458.204
weight: 2.29189e-05
eec: 404.78
weight: 1.59002e-05
eec: 1115.47
weight: 2.77305e-05
eec: 300.676
weight: 1.06677e-05
eec: 276.906
weight: 8.04809e-06
eec: 566.467
weight: 6.58567e-05
eec: 962.358
weight: 3.13258e-07
eec: 251.102
weight: 3.93583e-05
eec: 793.724
weight: 2.54408e-05
eec: 265.85
weight: 2.32305e-05
eec: 306.161
weight: 0.000434901
eec: 84.2054
weight: 3.23585e-05
eec: 402.949
weight: 0.000167012
eec: 42.7782
weight: 4.67801e-05
eec: 1102.74
weight: 4.67801e-05
eec: 633.826
weight: 0.000108365
eec: 28.7411
weight: 4.34134e-05
eec: 58.5815
weight: 1.17449e-05
eec: 1183.83
weight: 3.33565e-05
eec: 432.289
weight: 7.28339e-05
eec: 1562.75
weight: 0.000198266
eec: 295.617
weight: 0.00266613
eec: 404.307
weight: 6.02909e-08
eec: 839.18
weight: 0.000139108
eec: 489.802
weight: 1.64185e-06
eec: 388.787
weight: 3.17604e-05
eec: 1486.93
weight: 3.6345e-06
eec: 284.195
weight: 2.06859e-05
eec: 722.374
weight: 1.98782e-05
eec: 440.988
weight: 3.23796e-05
eec: 152.105
weight: 1.92051e-05
eec: 189.509
weight: 0.000137449
eec: 49.4029
weight: 5.95665e-05
eec: 328.4
weight: 5.7085e-05
eec: 1175.54
weight: 4.87543e-05
eec: 114.415
weight: 0.0001548
eec: 75.3877
weight: 0.000248091
eec: 54.5432
weight: 1.86065e-06
eec: 96.6576
weight: 1.86065e-06
eec: 123.578
weight: 0.00010492
eec: 348.777
weight: 1.69417e-05
eec: 1091.26
weight: 9.16345e-05
eec: 326.278
weight: 3.40499e-05
eec: 1803.97
weight: 0.000248272
eec: 207.455
weight: 3.63732e-06
eec: 215.69
weight: 0.000414379
eec: 23.8415
weight: 0.000189315
eec: 330.289
weight: 0.000132294
eec: 62.6726
weight: 1.94875e-07
eec: 346.406
weight: 4.81503e-05
eec: 373.357
weight: 9.24321e-06
eec: 2504.84
weight: 5.33017e-05
eec: 794.44
weight: 4.93679e-05
eec: 48.2932
weight: 2.93038e-05
eec: 81.5257
weight: 2.07964e-05
eec: 1174.58
weight: 3.12915e-05
eec: 79.2653
weight: 8.15843e-06
eec: 3645.49
weight: 1.3884e-05
eec: 163.672
weight: 4.35176e-08
eec: 288.132
weight: 1.26674e-05
eec: 73.3424
weight: 9.25464e-06
eec: 488.604
weight: 5.85056e-06
eec: 536.444
weight: 4.3287e-05
eec: 1145.7
weight: 6.84485e-06
eec: 76.2325
weight: 2.37129e-06
eec: 104.534
weight: 8.42905e-05
eec: 221.845
weight: 0.000242398
eec: 12.877
weight: 5.06723e-05
eec: 508.614
weight: 0.000368839
eec: 57.3851
weight: 1.46245e-06
eec: 941.601
weight: 1.69745e-05
eec: 234.042
weight: 0.000791116
eec: 176.267
weight: 1.82686e-05
eec: 463.951
weight: 9.57576e-06
eec: 668.515
weight: 2.8499e-06
eec: 510.253
weight: 4.73882e-05
eec: 229.394
weight: 0.00125755
eec: 464.677
weight: 1.3246e-05
eec: 736.091
weight: 6.02956e-06
eec: 1352.78
weight: 2.94305e-05
eec: 440.276
weight: 0.000552796
eec: 71.3217
weight: 9.13052e-05
eec: 73.881
weight: 2.818e-05
eec: 520.237
weight: 0.000177571
eec: 483.331
weight: 2.98204e-05
eec: 704.587
weight: 3.4952e-06
eec: 253.671
weight: 0.000552111
eec: 353.259
weight: 3.78709e-06
eec: 276.505
weight: 8.00523e-05
eec: 762.935
weight: 2.38244e-05
eec: 189.204
weight: 0.000386822
eec: 573.491
weight: 3.70189e-06
eec: 1184.48
weight: 0.000415185
eec: 895.525
weight: 0.000130507
eec: 191.701
weight: 2.46555e-06
eec: 113.104
weight: 2.03876e-06
eec: 709.386
weight: 1.46455e-05
eec: 203.986
weight: 0.00012802
eec: 1868.92
weight: 2.67997e-05
eec: 149.398
weight: 0.000323061
eec: 325.278
weight: 6.34389e-05
eec: 216.857
weight: 1.47839e-05
eec: 878.521
weight: 9.35839e-06
eec: 167.256
weight: 5.08034e-06
eec: 961.076
weight: 0.00010556
eec: 78.7431
weight: 6.16711e-05
eec: 316.199
weight: 1.89877e-05
eec: 247.067

ROOT exit code = 0
