gSystem->Load("run_condor_job_Run3_C.so");
run_condor_job_Run3(29, 100, 2,
                    80, 200,
                    1, 1, 1, 0);
.q

ENTERED run_condor_job_Run3()
JOBID = 29
  global job = 29  Job 29/100  events [1738260, 1798200)  total=5994000
Processing events [1738260, 1798200) of 5994000
weight: 0.000145357
eec: 330.349
weight: 9.86081e-06
eec: 407.591
weight: 9.86081e-06
eec: 2388.29
weight: 2.77922e-05
eec: 1398.17
weight: 1.75025e-05
eec: 430.235
weight: 0.000238065
eec: 956.038
weight: 1.44077e-05
eec: 708.953
weight: 3.66574e-05
eec: 428.269
weight: 5.69277e-05
eec: 548.627
weight: 4.68669e-05
eec: 781.939
weight: 2.69636e-07
eec: 1114.34
weight: 0.000126284
eec: 1718.21
weight: 3.55085e-05
eec: 142.533
weight: 1.16366e-05
eec: 3471.91
weight: 1.56685e-05
eec: 613.703
weight: 2.03978e-06
eec: 379.498
weight: 2.08139e-05
eec: 262.049
weight: 1.80861e-06
eec: 2061.08
weight: 1.10638e-05
eec: 1177.93
weight: 0.000114723
eec: 1313.15
weight: 5.72583e-06
eec: 70.4083
weight: 2.33223e-05
eec: 894.191
weight: 1.6665e-05
eec: 584.263
weight: 4.59438e-06
eec: 989.05
weight: 2.35839e-06
eec: 929.292
weight: 0.000105043
eec: 337.8
weight: 9.83932e-05
eec: 185.439
weight: 5.03735e-05
eec: 702.491
weight: 6.86692e-05
eec: 77.7517
weight: 0.000583987
eec: 239.774
weight: 7.73034e-06
eec: 701.721
weight: 2.19039e-05
eec: 1938.96
weight: 0.000184259
eec: 1379.01
weight: 4.0008e-06
eec: 233.107
weight: 1.37989e-05
eec: 32.6529
weight: 6.34853e-05
eec: 1587.12
weight: 5.43787e-05
eec: 197.411
weight: 2.17491e-05
eec: 64.2166
weight: 0.00176813
eec: 68.2976
weight: 6.42881e-06
eec: 988.448
weight: 2.4696e-05
eec: 68.6259
weight: 2.4696e-05
eec: 510.3
weight: 1.6769e-05
eec: 371.926
weight: 4.94978e-05
eec: 240.289
weight: 7.76955e-06
eec: 783.228
weight: 2.32628e-05
eec: 98.0196
weight: 9.46225e-05
eec: 126.46
weight: 6.92296e-06
eec: 184.037
weight: 1.08699e-05
eec: 143.221
Processing: 29.1959 %weight: 0.000195916
eec: 113.767
weight: 1.20734e-05
eec: 168.998
weight: 0.00170156
eec: 213.021
weight: 2.34314e-05
eec: 571.361
weight: 4.49138e-06
eec: 2098.46
weight: 7.29504e-06
eec: 526.963
weight: 4.75483e-07
eec: 1734.55
weight: 2.16217e-06
eec: 2405.07
weight: 1.33953e-05
eec: 188.314
weight: 2.22519e-05
eec: 267.203
weight: 5.6863e-08
eec: 3595.95
weight: 5.38344e-05
eec: 561.578
weight: 2.57702e-05
eec: 133.026
weight: 1.00112e-05
eec: 79.4378
weight: 7.41023e-05
eec: 2092.46
weight: 0.000210028
eec: 17.6595
weight: 3.70833e-06
eec: 590.747
weight: 0.000475426
eec: 424.119
weight: 0.00169389
eec: 124.427
weight: 0.000100871
eec: 789.312
weight: 1.50985e-05
eec: 710.833
weight: 1.64056e-05
eec: 302.099
weight: 6.0133e-06
eec: 422.173
weight: 9.81018e-06
eec: 472.403
weight: 3.04141e-05
eec: 81.8236
weight: 1.11016e-05
eec: 1327.43
weight: 8.44095e-07
eec: 410.223
weight: 8.48411e-05
eec: 1024.48
weight: 0.000134615
eec: 295.836
weight: 2.49063e-05
eec: 76.2515
weight: 0.000233427
eec: 462.253
weight: 0.000408526
eec: 700.486
weight: 1.57815e-05
eec: 2522.71
weight: 0.000185893
eec: 250.058
weight: 6.57206e-06
eec: 893.167
weight: 1.25752e-06
eec: 1693.81
weight: 9.21118e-06
eec: 303.195
weight: 4.40389e-05
eec: 276.605
weight: 0.000268958
eec: 287.884
weight: 2.83472e-06
eec: 826.858
weight: 5.30618e-05
eec: 1263.81
weight: 1.24459e-05
eec: 977.842
weight: 4.81442e-06
eec: 156.278
weight: 0.000538396
eec: 844.283
weight: 5.77865e-05
eec: 1112.05
weight: 0.000108889
eec: 506.176
weight: 0.000135338
eec: 1313.38
weight: 1.57794e-07
eec: 3250.67
weight: 4.54541e-05
eec: 80.3451
weight: 6.35304e-06
eec: 31.0524
weight: 9.61766e-06
eec: 279.3
weight: 4.1282e-06
eec: 2563.27
weight: 6.90445e-06
eec: 976.568
weight: 3.50279e-05
eec: 343.144
weight: 9.72242e-07
eec: 348.007
weight: 0.000187559
eec: 159.281
weight: 1.05023e-06
eec: 590.007
weight: 0.000247661
eec: 887.358
weight: 6.79372e-05
eec: 347.278
weight: 6.90872e-05
eec: 207.515
weight: 2.00448e-05
eec: 1501.88
weight: 7.22214e-07
eec: 342.005
weight: 1.20376e-05
eec: 1996.26
weight: 3.84799e-06
eec: 87.6714
weight: 1.82588e-05
eec: 465.403
weight: 4.70016e-05
eec: 1517.57
weight: 2.70067e-07
eec: 83.9729
weight: 2.8506e-05
eec: 338.641
weight: 1.74686e-05
eec: 205.599
weight: 6.30042e-07
eec: 1763.81
weight: 0.00033016
eec: 311.21
weight: 2.76436e-05
eec: 127.719
weight: 7.19215e-05
eec: 61.9908
weight: 1.19244e-07
eec: 500.063
weight: 6.90905e-05
eec: 596.189
weight: 5.82229e-06
eec: 1669.17
weight: 5.40001e-06
eec: 1493.36
weight: 4.83951e-07
eec: 340.277
weight: 8.80777e-06
eec: 236.396
weight: 9.00599e-06
eec: 136.157
weight: 3.0341e-05
eec: 584.447
weight: 9.01367e-06
eec: 352.494
weight: 6.55791e-08
eec: 889.794
weight: 0.00045878
eec: 550.531
weight: 0.00011848
eec: 912.786
weight: 0.00100755
eec: 39.1536
weight: 2.05758e-05
eec: 79.1008
weight: 5.36599e-06
eec: 734.194
weight: 4.93692e-05
eec: 23.5223
weight: 2.11927e-06
eec: 665.353
weight: 2.59221e-05
eec: 515.114
weight: 3.10275e-06
eec: 681.499
weight: 0.000212816
eec: 158.895
weight: 0.000186626
eec: 156.203
weight: 5.66965e-05
eec: 333.993
weight: 1.26902e-05
eec: 187.036
weight: 0.000172013
eec: 648.219
weight: 7.50585e-06
eec: 663.074
weight: 6.99846e-06
eec: 649.932
weight: 8.49519e-05
eec: 385.333
weight: 5.24763e-05
eec: 170.469
weight: 6.28226e-05
eec: 2144.59
weight: 3.07308e-05
eec: 636.111
weight: 5.58354e-05
eec: 80.8305
weight: 0.000143154
eec: 754.016
weight: 1.07882e-05
eec: 2435.71
weight: 3.91728e-06
eec: 3569.16
weight: 3.91728e-06
eec: 594.186
weight: 1.60589e-05
eec: 113.196
weight: 0.000319811
eec: 646.506
weight: 9.82273e-05
eec: 1451.38
weight: 1.05142e-05
eec: 1275.22
weight: 3.01166e-06
eec: 557.823
weight: 8.02809e-05
eec: 700.662
weight: 3.64952e-05
eec: 238.621
weight: 3.64952e-05
eec: 176.128
weight: 0.000176261
eec: 335.319
weight: 7.45516e-05
eec: 220.82
weight: 4.2938e-06
eec: 1857.85
weight: 5.54439e-06
eec: 739.679
weight: 0.000122023
eec: 614.906
weight: 6.15962e-05
eec: 124.091
weight: 5.49766e-05
eec: 299.468
weight: 8.1958e-05
eec: 261.632
weight: 5.05225e-07
eec: 711.887
weight: 4.67373e-05
eec: 146.444
weight: 4.11314e-06
eec: 1125.7
weight: 0.000108319
eec: 375.23
weight: 1.41043e-06
eec: 443.201
weight: 0.000204032
eec: 18.7432
weight: 5.19192e-06
eec: 416.606
weight: 4.2375e-05
eec: 87.5148
weight: 1.07857e-05
eec: 463.525
weight: 3.39231e-05
eec: 103.263
weight: 0.000114672
eec: 774.244
weight: 8.12177e-06
eec: 26.5728
weight: 0.000774289
eec: 323.933
weight: 3.79884e-06
eec: 1084.66
weight: 1.42394e-05
eec: 778.531
weight: 4.12243e-05
eec: 948.481
weight: 4.92584e-05
eec: 317.444
weight: 0.000144835
eec: 52.5007
weight: 9.18486e-06
eec: 613.134
weight: 4.12132e-05
eec: 859.167
weight: 4.22672e-06
eec: 155.699
weight: 6.66235e-06
eec: 1101.35
weight: 6.44511e-06
eec: 989.664
weight: 0.000355542
eec: 172.374
weight: 1.59656e-05
eec: 69.1984
weight: 1.71221e-05
eec: 747.662
weight: 0.000486938
eec: 466.742
weight: 4.66913e-05
eec: 912.116
weight: 4.33417e-06
eec: 285.852
weight: 1.43723e-05
eec: 1057.22
weight: 8.88082e-06
eec: 973.317
weight: 0.000945387
eec: 323.773
weight: 0.000112991
eec: 265.68
weight: 0.000166004
eec: 227.804
weight: 2.02974e-05
eec: 712.916
weight: 1.36687e-05
eec: 83.9506
weight: 1.5867e-05
eec: 155.639
weight: 0.00012424
eec: 154.476
weight: 0.000265213
eec: 264.37
weight: 7.99417e-06
eec: 806.787
weight: 2.66947e-06
eec: 187.399
weight: 0.000320705
eec: 170.694
weight: 4.31237e-05
eec: 2419.96
weight: 1.87694e-05
eec: 93.8364
weight: 1.87694e-05
eec: 214.93
weight: 5.37909e-05
eec: 750.92
weight: 7.58857e-05
eec: 419.113
weight: 4.83932e-05
eec: 240.883
weight: 3.86922e-06
eec: 87.1034
weight: 0.000107513
eec: 409.401
weight: 6.87937e-06
eec: 594.232
weight: 4.81519e-06
eec: 354.694
weight: 5.07121e-06
eec: 552.981
weight: 1.40019e-06
eec: 2003.22
weight: 3.71005e-07
eec: 93.3572
weight: 2.59369e-05
eec: 1385.33
weight: 6.72876e-05
eec: 518.01
weight: 1.3411e-05
eec: 684.228
weight: 5.38133e-05
eec: 188.29
weight: 5.49598e-05
eec: 162.321
weight: 6.39258e-06
eec: 3486.25

ROOT exit code = 0
