gSystem->Load("run_condor_job_Run3_C.so");
run_condor_job_Run3(536, 100, 2,
                    80, 200,
                    1, 1, 1, 5);
.q

ENTERED run_condor_job_Run3()
JOBID = 536
  global job = 536  Job 36/100  events [2160000, 2220000)  total=6000000
Processing events [2160000, 2220000) of 6000000
weight: 5.98551e-06
eec: 235.17
weight: 0.000595242
eec: 798.097
weight: 2.17178e-06
eec: 169.187
weight: 9.64583e-06
eec: 1699.89
weight: 1.55372e-05
eec: 679.472
weight: 1.01041e-05
eec: 1300.53
weight: 2.41227e-05
eec: 307.095
weight: 3.41703e-05
eec: 221.814
weight: 0.00016552
eec: 395.749
weight: 0.00020253
eec: 49.8233
weight: 3.70415e-06
eec: 365.782
weight: 1.12323e-05
eec: 897.479
weight: 0.000718966
eec: 841.036
weight: 1.09687e-05
eec: 1805.83
weight: 7.93274e-06
eec: 1102
weight: 2.25161e-08
eec: 1026.76
weight: 7.45975e-05
eec: 939.464
weight: 3.6105e-05
eec: 27.1407
weight: 1.0094e-05
eec: 868.658
weight: 1.97348e-05
eec: 77.0005
weight: 0.000117317
eec: 64.4935
weight: 2.89559e-05
eec: 190.376
weight: 5.88872e-05
eec: 27.7656
weight: 3.66122e-05
eec: 477.381
weight: 7.42604e-07
eec: 5191.96
weight: 4.17438e-05
eec: 598.51
weight: 0.000115634
eec: 242.019
weight: 7.65359e-05
eec: 522.564
weight: 0.000175327
eec: 218.483
weight: 8.88885e-06
eec: 925.69
weight: 2.49224e-05
eec: 572.7
weight: 1.87361e-05
eec: 2354.31
weight: 9.77137e-05
eec: 104.639
weight: 0.000104485
eec: 144.058
weight: 2.53737e-05
eec: 19.1029
weight: 1.32454e-05
eec: 451.611
weight: 3.87879e-06
eec: 616.071
weight: 1.42144e-05
eec: 163.771
weight: 2.5507e-05
eec: 139.693
weight: 1.57579e-05
eec: 95.255
weight: 0.000128588
eec: 567.204
weight: 0.000257292
eec: 121.245
weight: 0.000473772
eec: 320.117
weight: 3.59601e-05
eec: 274.525
weight: 9.90938e-05
eec: 624.27
weight: 6.36223e-06
eec: 412.741
weight: 4.04029e-05
eec: 1738.42
weight: 4.85111e-05
eec: 829.493
weight: 0.00041309
eec: 214.108
weight: 9.51129e-06
eec: 662.693
weight: 0.000136085
eec: 593.492
weight: 4.31928e-07
eec: 80.3293
weight: 0.000413573
eec: 395.742
weight: 1.22561e-06
eec: 581.757
weight: 1.0985e-05
eec: 440.621
weight: 2.29545e-05
eec: 1071.63
weight: 7.53376e-06
eec: 45.2983
weight: 3.08146e-05
eec: 729.666
weight: 1.19406e-05
eec: 1322.17
weight: 5.5187e-05
eec: 529.376
weight: 7.74554e-06
eec: 210.958
weight: 3.73069e-06
eec: 224.44
weight: 6.82845e-06
eec: 638.633
weight: 2.2799e-05
eec: 163.251
weight: 0.000310951
eec: 1533.4
weight: 0.000124083
eec: 729.774
weight: 0.000124083
eec: 25.3832
weight: 4.37797e-06
eec: 53.555
weight: 1.07656e-05
eec: 972.244
weight: 1.85662e-05
eec: 250.199
weight: 7.40182e-05
eec: 1227.48
weight: 3.59896e-05
eec: 867.807
weight: 9.8712e-05
eec: 451.463
weight: 2.00481e-05
eec: 656.684
weight: 2.1509e-05
eec: 511.386
weight: 4.90606e-05
eec: 92.6963
weight: 8.80747e-05
eec: 494.087
weight: 7.91095e-05
eec: 1707.09
weight: 5.99597e-05
eec: 357.62
weight: 1.64352e-06
eec: 845.615
weight: 9.20004e-05
eec: 679.239
weight: 1.07206e-05
eec: 555.396
weight: 3.8233e-06
eec: 529.525
weight: 6.86077e-06
eec: 192.678
weight: 6.76153e-06
eec: 200.05
weight: 6.71741e-06
eec: 163.197
weight: 2.2815e-05
eec: 36.4864
weight: 1.81905e-05
eec: 83.8685
weight: 3.96279e-06
eec: 595.801
weight: 1.5409e-05
eec: 626.303
weight: 1.72863e-05
eec: 342.615
weight: 1.47279e-05
eec: 310.406
weight: 3.3549e-05
eec: 787.603
weight: 4.45771e-05
eec: 81.7589
weight: 0.000315711
eec: 657.856
weight: 1.54852e-05
eec: 4471.71
weight: 4.33386e-06
eec: 2560.35
weight: 0.000177632
eec: 122.056
weight: 3.09351e-06
eec: 923.661
weight: 3.1065e-05
eec: 39.1156
weight: 0.000182863
eec: 106.502
weight: 8.56706e-05
eec: 170.363
weight: 1.21512e-06
eec: 1196.03
weight: 7.34401e-06
eec: 1917.18
weight: 5.19028e-08
eec: 131.214
weight: 1.75715e-06
eec: 52.0798
weight: 2.23357e-06
eec: 345.819
weight: 4.78531e-05
eec: 243.188
weight: 4.26965e-05
eec: 226.718
weight: 0.000897795
eec: 95.6933
weight: 2.93111e-05
eec: 959.069
weight: 1.279e-05
eec: 127.983
weight: 1.92255e-05
eec: 276.248
weight: 7.35764e-05
eec: 721.351
weight: 9.32467e-07
eec: 591.446
weight: 1.69537e-05
eec: 106.195
weight: 2.92814e-05
eec: 256.286
weight: 0.000109784
eec: 1113.55
weight: 4.11641e-05
eec: 234.638
weight: 9.61231e-06
eec: 429.836
weight: 2.73897e-05
eec: 325.266
weight: 4.79218e-05
eec: 504.066
weight: 6.34035e-05
eec: 1611.92
weight: 7.77187e-06
eec: 526.223
weight: 7.21017e-06
eec: 1547.76
weight: 6.90115e-07
eec: 845.345
weight: 0.000215042
eec: 59.0138
weight: 0.000102152
eec: 251.172
weight: 0.000320652
eec: 373.094
weight: 7.18242e-05
eec: 798.545
weight: 1.45625e-05
eec: 274.116
weight: 2.22014e-05
eec: 409.745
weight: 0.000262356
eec: 682.297
weight: 0.000163634
eec: 166.317
weight: 7.2938e-06
eec: 111.008
weight: 7.39345e-07
eec: 2226.92
weight: 1.75178e-05
eec: 810.119
weight: 1.58608e-05
eec: 1608.17
weight: 1.77822e-06
eec: 1397.36
weight: 9.45821e-08
eec: 107.232
weight: 1.14001e-05
eec: 804.656
weight: 7.11976e-06
eec: 162.222
weight: 0.00012131
eec: 205.915
weight: 0.000622353
eec: 87.2589
weight: 7.26876e-06
eec: 300.495
weight: 4.37825e-05
eec: 940.488
weight: 1.48803e-05
eec: 217.293
weight: 6.16523e-06
eec: 533.395
weight: 9.90642e-07
eec: 21.6142
weight: 8.89487e-06
eec: 2031.05
weight: 4.53607e-06
eec: 194.587
weight: 2.81981e-05
eec: 2538.58
weight: 3.38309e-06
eec: 261.522
weight: 1.18275e-05
eec: 40.5193
weight: 1.27636e-05
eec: 287.397
weight: 1.12036e-05
eec: 292.674
weight: 8.63464e-06
eec: 309.171
weight: 0.000110341
eec: 207.06
weight: 1.56023e-05
eec: 541.762
weight: 1.24488e-05
eec: 2970.3
Processing: 36.6667 %weight: 2.32275e-05
eec: 467.272
weight: 1.60199e-05
eec: 187.964
weight: 0.00133946
eec: 159.406
weight: 8.72791e-05
eec: 803.992
weight: 9.01548e-05
eec: 1760.09
weight: 0.00012312
eec: 71.0998
weight: 2.80584e-05
eec: 1400.99
weight: 0.000407736
eec: 260.63
weight: 6.43918e-07
eec: 276.812
weight: 9.08352e-05
eec: 132.058
weight: 6.14604e-07
eec: 345.724
weight: 6.14604e-07
eec: 200.239
weight: 3.36918e-07
eec: 484.876
weight: 8.35958e-06
eec: 67.4271
weight: 8.38975e-05
eec: 156.581
weight: 3.27739e-05
eec: 896.545
weight: 1.90528e-05
eec: 843.06
weight: 0.000117899
eec: 315.051
weight: 6.61406e-05
eec: 114.143
weight: 2.19024e-05
eec: 134.838
weight: 0.00023111
eec: 551.76
weight: 0.000220632
eec: 1055.59
weight: 1.55224e-05
eec: 11.841
weight: 0.000209791
eec: 1200.82
weight: 3.13402e-06
eec: 1537.48
weight: 5.29638e-05
eec: 60.8341
weight: 4.41611e-05
eec: 41.2434
weight: 6.32128e-06
eec: 2644.11
weight: 1.84976e-05
eec: 1081.07
weight: 0.000208825
eec: 781.972
weight: 1.59785e-05
eec: 549.899
weight: 1.71176e-05
eec: 893.086
weight: 0.000109895
eec: 377.63
weight: 1.34603e-05
eec: 276.722
weight: 3.50969e-09
eec: 205.756
weight: 7.18151e-06
eec: 213.503
weight: 1.18265e-05
eec: 596.893
weight: 2.77873e-07
eec: 380.903
weight: 8.10813e-05
eec: 578.369
weight: 3.21328e-05
eec: 1077.19
weight: 7.83651e-05
eec: 2468.46
weight: 1.01584e-05
eec: 711.558
weight: 0.0010679
eec: 52.6305
weight: 0.000277916
eec: 105.423
weight: 3.57239e-07
eec: 1412.65
weight: 0.00183291
eec: 418.698
weight: 7.96034e-05
eec: 20.462
weight: 0.000134036
eec: 471.58
weight: 4.09238e-06
eec: 539.994
weight: 0.000285117
eec: 311.58
weight: 7.86699e-06
eec: 441.621
weight: 1.97048e-06
eec: 848.766
weight: 2.49482e-05
eec: 2613.93
weight: 5.06243e-05
eec: 97.6628
weight: 0.000142469
eec: 209.883
weight: 3.96104e-06
eec: 288.01
weight: 5.35478e-05
eec: 648.591
weight: 2.00395e-05
eec: 1055.99
weight: 8.0229e-05
eec: 561.33
weight: 1.36989e-05
eec: 1368.87
weight: 9.70649e-06
eec: 901.921
weight: 1.66317e-05
eec: 12.1628
weight: 3.28263e-06
eec: 320.178
weight: 5.35318e-06
eec: 302.288
weight: 0.000145584
eec: 147.739
weight: 1.98821e-05
eec: 377.832
weight: 2.31323e-05
eec: 106.801
weight: 2.80329e-05
eec: 250.474
weight: 2.80329e-05
eec: 36.7982
weight: 5.7093e-06
eec: 310.416
weight: 7.95783e-05
eec: 385.207
weight: 0.000109585
eec: 1213.05
weight: 0.000293881
eec: 41.344
weight: 0.00280987
eec: 171.133
weight: 2.46727e-06
eec: 331.663
weight: 4.071e-05
eec: 2447.97
weight: 5.07246e-05
eec: 1817.56
weight: 6.83668e-06
eec: 59.2489
weight: 5.17871e-05
eec: 61.3032

ROOT exit code = 0
