gSystem->Load("run_condor_job_Run3_C.so");
run_condor_job_Run3(907, 100, 2,
                    80, 200,
                    1, 1, 1, 9);
.q

ENTERED run_condor_job_Run3()
JOBID = 907
  global job = 907  Job 7/100  events [416220, 475680)  total=5946000
Processing events [416220, 475680) of 5946000
weight: 6.76222e-06
eec: 767.835
weight: 0.000100981
eec: 511.528
weight: 0.000192662
eec: 240.81
weight: 8.5462e-06
eec: 1087.32
weight: 1.18671e-05
eec: 66.915
weight: 6.89214e-06
eec: 83.9476
weight: 7.30678e-06
eec: 991.815
weight: 6.05873e-05
eec: 411.373
weight: 1.54855e-05
eec: 124.596
weight: 2.09463e-05
eec: 80.3681
weight: 2.31384e-06
eec: 698.072
weight: 7.47708e-06
eec: 428.159
weight: 1.38026e-06
eec: 853.802
weight: 4.46701e-05
eec: 13.2233
weight: 0.000167467
eec: 533.058
weight: 3.17719e-06
eec: 349.792
weight: 9.41727e-06
eec: 698.773
weight: 6.53549e-05
eec: 236.883
weight: 4.62776e-05
eec: 531.869
weight: 0.000475476
eec: 394.79
weight: 7.56533e-05
eec: 48.6665
weight: 5.0751e-07
eec: 441.097
weight: 0.000424177
eec: 441.66
weight: 7.60768e-05
eec: 225.338
weight: 0.000379264
eec: 3.14117
weight: 3.50622e-06
eec: 217.717
weight: 1.70365e-05
eec: 1363
weight: 2.40218e-05
eec: 646.797
weight: 0.000113534
eec: 222.106
weight: 0.000159504
eec: 211.2
weight: 0.000199283
eec: 848.136
weight: 2.58653e-05
eec: 469.206
weight: 3.77034e-05
eec: 463.808
weight: 6.15328e-05
eec: 1185.94
weight: 1.27705e-06
eec: 249.425
weight: 3.33961e-05
eec: 50.787
weight: 0.000102073
eec: 7.42653
weight: 4.94093e-06
eec: 140.886
weight: 4.94093e-06
eec: 111.79
weight: 2.06289e-05
eec: 408.685
weight: 3.04863e-05
eec: 115.908
weight: 2.93594e-05
eec: 3569.62
weight: 0.00012456
eec: 358.894
weight: 7.58197e-05
eec: 194.512
weight: 2.53848e-05
eec: 64.761
weight: 8.01287e-06
eec: 610.447
weight: 1.47306e-05
eec: 1105.13
weight: 0.000164427
eec: 381.899
weight: 2.08555e-05
eec: 312.467
weight: 1.84229e-05
eec: 789.448
weight: 2.4405e-05
eec: 340.098
weight: 5.66078e-06
eec: 575.486
weight: 2.06492e-06
eec: 37.8656
weight: 9.27019e-06
eec: 720.272
weight: 1.87853e-05
eec: 901.346
weight: 0.000142028
eec: 523.143
weight: 4.34674e-06
eec: 123.282
weight: 3.56921e-05
eec: 815.414
weight: 1.68431e-06
eec: 262.129
weight: 1.728e-05
eec: 434.583
weight: 1.14211e-06
eec: 125.895
weight: 0.000474612
eec: 575.057
weight: 3.70946e-08
eec: 1386.75
weight: 0.00010774
eec: 100.709
weight: 1.36125e-05
eec: 365.124
weight: 1.21247e-05
eec: 2579.05
weight: 7.9466e-05
eec: 1433.1
weight: 4.5945e-06
eec: 977.196
weight: 0.000144433
eec: 18.2694
weight: 8.72413e-05
eec: 516.558
weight: 1.27753e-05
eec: 918.93
weight: 0.000640435
eec: 625.318
weight: 2.50749e-06
eec: 685.289
weight: 5.57191e-07
eec: 729.83
weight: 2.08664e-05
eec: 261.327
weight: 1.75018e-05
eec: 150.693
weight: 6.23366e-06
eec: 894.194
weight: 0.000108912
eec: 153.228
weight: 3.90752e-05
eec: 649.997
weight: 9.52325e-06
eec: 298.789
weight: 7.90196e-06
eec: 134.935
weight: 1.77886e-05
eec: 774.349
weight: 2.29321e-05
eec: 1714.39
weight: 4.46511e-05
eec: 254.021
weight: 5.33747e-06
eec: 955.409
weight: 1.47677e-05
eec: 362.105
weight: 2.41085e-05
eec: 376.32
weight: 2.518e-06
eec: 500.826
weight: 2.00814e-05
eec: 1216.15
weight: 3.05113e-05
eec: 144.878
weight: 1.99077e-05
eec: 159.996
weight: 1.06766e-06
eec: 258.085
weight: 8.06696e-06
eec: 1472.11
weight: 2.11207e-05
eec: 69.0802
weight: 9.48822e-06
eec: 802.296
weight: 8.80519e-05
eec: 474.594
weight: 1.39312e-05
eec: 3208.79
weight: 2.96499e-05
eec: 810.824
weight: 9.51835e-06
eec: 2234.72
weight: 1.42971e-05
eec: 760.1
weight: 9.52884e-06
eec: 209.403
weight: 1.3366e-08
eec: 164.846
weight: 1.59831e-05
eec: 174.922
weight: 1.6761e-05
eec: 37.4872
weight: 0.000200764
eec: 134.732
weight: 5.35254e-05
eec: 662.65
weight: 0.000200411
eec: 105.195
weight: 9.7241e-06
eec: 85.2638
weight: 4.63042e-05
eec: 504.742
weight: 1.44704e-06
eec: 19.9427
weight: 6.8879e-05
eec: 1139.44
weight: 4.53871e-06
eec: 478.169
weight: 1.50229e-05
eec: 1238.04
weight: 0.000336784
eec: 745.295
weight: 0.000125451
eec: 654.445
weight: 0.000144001
eec: 1243.47
weight: 0.000258249
eec: 248.695
weight: 8.29622e-06
eec: 1556.99
weight: 1.20543e-05
eec: 251.402
weight: 5.63181e-06
eec: 4460.31
weight: 1.25599e-07
eec: 2152.89
weight: 0.000113458
eec: 98.2308
weight: 4.6457e-05
eec: 550.647
weight: 0.000295701
eec: 1156.51
weight: 5.18547e-06
eec: 489.556
weight: 2.05183e-06
eec: 101.915
weight: 7.29992e-06
eec: 806.088
weight: 4.16124e-05
eec: 383.131
weight: 0.000358134
eec: 431.358
weight: 4.49571e-08
eec: 929.169
weight: 7.57994e-05
eec: 1387.73
weight: 0.00100841
eec: 248.964
weight: 1.29963e-05
eec: 1149.04
weight: 0.00034217
eec: 280.593
weight: 8.59438e-05
eec: 476.281
weight: 7.51655e-05
eec: 179.524
weight: 0.00017271
eec: 1216.21
weight: 1.63247e-05
eec: 506.061
Processing: 7.56811 %weight: 1.36641e-05
eec: 3519.39
weight: 5.4045e-06
eec: 1007.01
weight: 0.000116152
eec: 23.7513
weight: 3.26639e-06
eec: 89.5232
weight: 1.76443e-05
eec: 101.519
weight: 5.42238e-07
eec: 192.36
weight: 0.000426229
eec: 56.7846
weight: 0.000172888
eec: 47.6024
weight: 0.000163799
eec: 321.997
weight: 5.75831e-06
eec: 539.112
weight: 4.44851e-05
eec: 56.7998
weight: 4.5278e-05
eec: 76.0599
weight: 7.3974e-05
eec: 1074.75
weight: 1.57496e-06
eec: 78.5755
weight: 7.70954e-05
eec: 347.272
weight: 5.844e-06
eec: 265.012
weight: 1.0412e-05
eec: 1302.16
weight: 4.13465e-05
eec: 1277.59
weight: 7.55091e-05
eec: 72.2849
weight: 1.26293e-05
eec: 284.938
weight: 4.6104e-06
eec: 225.54
weight: 2.34218e-05
eec: 802.455
weight: 2.86451e-05
eec: 559.796
weight: 0.000331132
eec: 25.4329
weight: 1.17874e-05
eec: 138.534
weight: 1.948e-05
eec: 1453.72
weight: 1.96373e-05
eec: 449.582
weight: 3.46342e-06
eec: 108.901
weight: 0.000200177
eec: 414.276
weight: 7.4646e-07
eec: 1087.43
weight: 1.72864e-05
eec: 291.318
weight: 7.21232e-05
eec: 713.793
weight: 1.9136e-05
eec: 198.881
weight: 2.47452e-06
eec: 47.6835
weight: 9.03265e-07
eec: 864.68
weight: 6.01668e-05
eec: 579.701
weight: 2.65512e-05
eec: 915.609
weight: 9.2238e-06
eec: 301.89
weight: 3.78735e-05
eec: 711.517
weight: 1.33697e-05
eec: 206.734
weight: 4.49808e-05
eec: 522.251
weight: 0.000181712
eec: 76.9416
weight: 2.92617e-05
eec: 1271.54
weight: 0.000128738
eec: 59.6978
weight: 1.05956e-05
eec: 597.434
weight: 1.19071e-05
eec: 1815.32
weight: 6.26299e-05
eec: 142.374
weight: 1.73238e-05
eec: 988.918
weight: 9.16652e-06
eec: 1712.56
weight: 9.38074e-06
eec: 5.61935
weight: 1.14749e-05
eec: 2723.75
weight: 0.00019369
eec: 623.873
weight: 9.70015e-05
eec: 120.741
weight: 2.47367e-05
eec: 1371.52
weight: 8.5534e-05
eec: 1170.11
weight: 4.91347e-06
eec: 115.858
weight: 1.69574e-05
eec: 2685.55
weight: 1.00666e-05
eec: 31.6105
weight: 1.16424e-06
eec: 181.812
weight: 3.55502e-06
eec: 72.3945
weight: 5.50477e-05
eec: 37.8492
weight: 3.72674e-05
eec: 132.098
weight: 1.30216e-06
eec: 771.685
weight: 3.73109e-06
eec: 503.346
weight: 2.57975e-05
eec: 2841.23
weight: 0.000316805
eec: 384.158
weight: 9.35076e-05
eec: 228.183
weight: 4.22315e-06
eec: 558.447
weight: 0.000227266
eec: 86.7419
weight: 1.32013e-05
eec: 592.736
weight: 0.000234463
eec: 445.993
weight: 2.30611e-05
eec: 475.036
weight: 2.78819e-05
eec: 2955.05
weight: 0.000182877
eec: 264.503
weight: 1.9811e-07
eec: 663.221
weight: 1.79549e-06
eec: 159.783
weight: 9.20347e-05
eec: 45.7565
weight: 5.8921e-05
eec: 1318.64
weight: 7.39611e-05
eec: 24.0759
weight: 0.000988778
eec: 268.439
weight: 0.000425946
eec: 164.476
weight: 2.52751e-05
eec: 1163.86
weight: 9.1586e-08
eec: 2667.23
weight: 1.05212e-06
eec: 79.8162
weight: 3.8088e-05
eec: 245.988
weight: 2.82809e-05
eec: 507.299
weight: 7.20233e-06
eec: 677.767
weight: 4.35371e-06
eec: 3513.67
weight: 0.00127225
eec: 233.26
weight: 0.000307759
eec: 49.8651
weight: 1.97633e-06
eec: 443.021
weight: 7.65856e-05
eec: 1488.53
weight: 2.61649e-06
eec: 143.03
weight: 4.50414e-05
eec: 544.99
weight: 4.06025e-06
eec: 1137.24
weight: 5.85155e-05
eec: 1417.99
weight: 5.85155e-05
eec: 1032.1
weight: 1.39937e-05
eec: 318.034
weight: 0.00016056
eec: 256.62
weight: 0.000337508
eec: 98.7252
weight: 2.60989e-05
eec: 605.511
weight: 4.66165e-05
eec: 326.976
weight: 1.93913e-05
eec: 26.9741
weight: 2.77095e-06
eec: 98.6549
weight: 9.79562e-06
eec: 1012.64
weight: 4.77784e-06
eec: 1347.71

ROOT exit code = 0
