gSystem->Load("run_condor_job_Run3_C.so");
run_condor_job_Run3(73, 100, 2,
                    80, 200,
                    1, 1, 1, 0);
.q

ENTERED run_condor_job_Run3()
JOBID = 73
  global job = 73  Job 73/100  events [4375620, 4435560)  total=5994000
Processing events [4375620, 4435560) of 5994000
weight: 3.66358e-05
eec: 2374.07
weight: 0.000137404
eec: 952.16
weight: 7.75914e-05
eec: 462.477
weight: 0.000188912
eec: 145.664
weight: 6.41572e-06
eec: 1577.56
weight: 3.20104e-05
eec: 321.716
weight: 0.00010368
eec: 10.925
weight: 7.53461e-05
eec: 138.36
weight: 4.04961e-05
eec: 124.472
weight: 1.50805e-05
eec: 184.628
weight: 4.21817e-06
eec: 727.721
weight: 7.42977e-06
eec: 1036.73
weight: 0.000105839
eec: 464.793
weight: 8.31452e-05
eec: 76.6023
weight: 2.03465e-05
eec: 423.624
weight: 1.74506e-05
eec: 221.096
weight: 1.83367e-05
eec: 103.759
weight: 3.67239e-05
eec: 717.749
weight: 1.37177e-05
eec: 98.03
weight: 1.95478e-05
eec: 609.348
weight: 2.27234e-05
eec: 201.775
weight: 9.71166e-05
eec: 314.805
weight: 1.92861e-06
eec: 68.5902
weight: 4.18107e-05
eec: 1352.91
weight: 0.000480789
eec: 221.156
weight: 3.65962e-05
eec: 911.004
weight: 3.36309e-05
eec: 406.533
weight: 0.000125013
eec: 116.988
weight: 4.28811e-05
eec: 466.997
weight: 0.00061889
eec: 326.322
weight: 1.21116e-05
eec: 136.756
weight: 0.00016523
eec: 611.527
weight: 2.13835e-05
eec: 104.561
weight: 0.000186181
eec: 69.3939
weight: 0.000668279
eec: 293.671
weight: 4.36981e-06
eec: 33.2274
weight: 3.47867e-05
eec: 508.854
weight: 5.72841e-06
eec: 14.4975
weight: 7.30681e-05
eec: 74.4571
weight: 4.65529e-06
eec: 479.547
weight: 8.12999e-06
eec: 1365.06
weight: 5.62025e-05
eec: 27.9168
weight: 1.46033e-05
eec: 202.713
weight: 2.64276e-05
eec: 143.413
weight: 7.27137e-06
eec: 173.831
weight: 1.25974e-06
eec: 354.623
weight: 1.10305e-05
eec: 1177.4
weight: 4.41856e-05
eec: 1005.07
weight: 6.73416e-07
eec: 411.379
weight: 1.25311e-05
eec: 534.643
weight: 6.10587e-05
eec: 92.5849
weight: 2.69532e-06
eec: 480.093
weight: 1.46381e-06
eec: 453.049
weight: 2.45498e-05
eec: 1200.29
weight: 1.04245e-05
eec: 44.6325
weight: 8.43437e-05
eec: 752.826
weight: 1.15945e-05
eec: 62.3142
weight: 7.14307e-05
eec: 765.569
weight: 4.64468e-05
eec: 459.613
weight: 8.90895e-05
eec: 498.473
weight: 8.30756e-06
eec: 1394.52
weight: 4.76765e-05
eec: 2159.34
weight: 9.79803e-06
eec: 797.122
weight: 6.54499e-07
eec: 1693.31
weight: 0.000117465
eec: 380.933
weight: 3.50086e-06
eec: 21.7285
weight: 0.00026659
eec: 74.2301
weight: 2.00831e-06
eec: 156.883
weight: 2.52417e-05
eec: 2109.61
weight: 7.48431e-06
eec: 3346.46
weight: 0.000261932
eec: 62.517
weight: 0.000242439
eec: 42.9848
weight: 0.000102756
eec: 557.247
weight: 8.02722e-06
eec: 141.917
weight: 8.02722e-06
eec: 249.938
weight: 5.0829e-05
eec: 640.209
weight: 1.25536e-05
eec: 291.346
weight: 5.15766e-06
eec: 278.549
weight: 8.63532e-06
eec: 193.004
weight: 7.5657e-08
eec: 779.568
weight: 6.0088e-06
eec: 4765.08
weight: 0.000671767
eec: 399.165
weight: 7.41867e-05
eec: 557.227
weight: 1.95143e-05
eec: 310.442
weight: 1.38544e-05
eec: 1223.57
weight: 0.000115078
eec: 843.081
weight: 1.19358e-05
eec: 49.1387
weight: 0.000131654
eec: 148.508
weight: 3.98562e-06
eec: 20.5539
weight: 2.74201e-05
eec: 627.611
weight: 0.000180986
eec: 380.917
weight: 6.37275e-05
eec: 304.897
weight: 6.08551e-06
eec: 605.198
weight: 0.000384294
eec: 186.123
Processing: 73.4067 %weight: 0.000152406
eec: 317.462
weight: 0.000148461
eec: 250.893
weight: 1.11953e-06
eec: 412.081
weight: 4.79318e-05
eec: 285.464
weight: 1.82039e-05
eec: 1134.38
weight: 1.42518e-06
eec: 169.909
weight: 3.16532e-05
eec: 1026.4
weight: 5.50299e-05
eec: 637.997
weight: 1.44697e-05
eec: 651.763
weight: 0.000158618
eec: 179.761
weight: 0.000123187
eec: 64.0941
weight: 3.57883e-05
eec: 176.416
weight: 0.000110702
eec: 240.893
weight: 5.38897e-05
eec: 128.515
weight: 4.75898e-05
eec: 85.0286
weight: 2.4182e-05
eec: 50.0735
weight: 0.000257082
eec: 77.8798
weight: 5.89248e-06
eec: 335.371
weight: 1.22092e-05
eec: 1503.95
weight: 8.11378e-05
eec: 154.759
weight: 2.52564e-05
eec: 281.197
weight: 7.39386e-05
eec: 371.117
weight: 0.000259591
eec: 275.998
weight: 7.43556e-06
eec: 88.4267
weight: 4.63955e-06
eec: 36.7709
weight: 0.000196818
eec: 143.456
weight: 5.08615e-06
eec: 333.532
weight: 1.97126e-06
eec: 1543.41
weight: 1.24898e-05
eec: 1401.8
weight: 0.000440808
eec: 548.756
weight: 5.21047e-06
eec: 2070.78
weight: 2.27412e-05
eec: 565.304
weight: 2.78082e-05
eec: 1073.07
weight: 0.00024317
eec: 116.033
weight: 9.81392e-05
eec: 419.095
weight: 8.31871e-05
eec: 32.3306
weight: 0.000170808
eec: 897.223
weight: 0.00143197
eec: 529.461
weight: 8.54655e-05
eec: 1118.36
weight: 1.20409e-05
eec: 602.617
weight: 0.000717303
eec: 1024.53
weight: 1.10819e-05
eec: 23.8676
weight: 1.52138e-06
eec: 629.15
weight: 0.000103283
eec: 183.549
weight: 0.000142795
eec: 101.805
weight: 1.59752e-06
eec: 416.792
weight: 0.000509583
eec: 304.142
weight: 0.00019967
eec: 97.5568
weight: 0.000130572
eec: 401.483
weight: 7.56857e-06
eec: 35.2405
weight: 7.83361e-07
eec: 217.106
weight: 1.01116e-05
eec: 156.072
weight: 1.03148e-06
eec: 91.3493
weight: 0.000252782
eec: 104.971
weight: 0.000154673
eec: 476.913
weight: 0.000432986
eec: 516.11
weight: 5.12741e-06
eec: 209.566
weight: 1.24371e-05
eec: 2170.8
weight: 2.43166e-05
eec: 576.55
weight: 8.96851e-05
eec: 360.75
weight: 1.92998e-05
eec: 295.1
weight: 1.635e-05
eec: 218.511
weight: 2.51121e-05
eec: 245.619
weight: 2.17059e-05
eec: 556.466
weight: 1.16947e-05
eec: 1013.69
weight: 5.48291e-06
eec: 77.1052
weight: 6.69382e-05
eec: 621.991
weight: 1.51202e-05
eec: 138.333
weight: 9.85418e-08
eec: 505.891
weight: 3.62091e-06
eec: 21.0512
weight: 2.58037e-05
eec: 1246.23
weight: 7.89799e-06
eec: 313.362
weight: 4.18217e-05
eec: 868.077
weight: 0.000316651
eec: 393.104
weight: 6.48749e-06
eec: 14.6325
weight: 1.79854e-05
eec: 331.749
weight: 2.30037e-05
eec: 740.277
weight: 8.01459e-05
eec: 499.25
weight: 3.38798e-07
eec: 1082.87
weight: 1.22093e-05
eec: 199.206
weight: 4.43773e-07
eec: 350.774
weight: 3.80705e-06
eec: 1463.06
weight: 7.16956e-06
eec: 1971.25
weight: 2.3848e-06
eec: 222.04
weight: 0.000122825
eec: 184.49
weight: 8.80355e-06
eec: 252.796
weight: 1.92445e-05
eec: 275.059
weight: 0.000165259
eec: 707.757
weight: 7.47143e-06
eec: 267.783
weight: 2.96202e-05
eec: 129.43
weight: 3.06012e-05
eec: 1125.47
weight: 1.66753e-07
eec: 105.709
weight: 2.87302e-06
eec: 198.685
weight: 0.000164711
eec: 97.1352
weight: 3.2855e-06
eec: 102.121
weight: 6.16126e-05
eec: 37.6824
weight: 3.37399e-06
eec: 3329.5
weight: 0.000152794
eec: 1429.19
weight: 2.88016e-06
eec: 1040.42
weight: 1.97507e-05
eec: 8.03347
weight: 1.2665e-05
eec: 705.602
weight: 9.64191e-07
eec: 1058.82
weight: 1.37705e-05
eec: 78.8382
weight: 7.7094e-06
eec: 1242.93
weight: 9.90007e-05
eec: 48.6058
weight: 9.85537e-06
eec: 900.787
weight: 4.73351e-05
eec: 180.857
weight: 5.52211e-05
eec: 703.184
weight: 1.03328e-05
eec: 1118.75
weight: 0.000565426
eec: 246.26
weight: 4.59923e-05
eec: 156.528
weight: 0.00246229
eec: 95.4086
weight: 3.55327e-05
eec: 398.146
weight: 0.000138255
eec: 352.809
weight: 0.000138255
eec: 1066.89
weight: 2.41683e-05
eec: 46.675
weight: 0.000171389
eec: 879.168
weight: 5.91714e-06
eec: 463.286
weight: 1.0936e-06
eec: 810.245
weight: 1.51608e-06
eec: 75.4694
weight: 1.14613e-05
eec: 521.83
weight: 1.52782e-07
eec: 660.077
weight: 0.000184477
eec: 554.184
weight: 2.77818e-05
eec: 214.208
weight: 4.19563e-05
eec: 639.152
weight: 7.56758e-06
eec: 229.67
weight: 1.52529e-05
eec: 241.965
weight: 1.93113e-06
eec: 154.548
weight: 1.50051e-05
eec: 1151.14
weight: 1.33163e-05
eec: 481.943
weight: 2.92742e-05
eec: 1292.21
weight: 3.50774e-05
eec: 76.036
weight: 6.69631e-06
eec: 56.4295
weight: 0.000115997
eec: 788.916
weight: 5.89773e-05
eec: 542.43
weight: 6.67136e-05
eec: 330.101
weight: 2.69612e-05
eec: 1768.23
weight: 1.37321e-05
eec: 585.618
weight: 1.14451e-05
eec: 132.356
weight: 1.31548e-05
eec: 1321.22

ROOT exit code = 0
