gSystem->Load("run_condor_job_Run3_C.so");
run_condor_job_Run3(995, 100, 2,
                    80, 200,
                    1, 1, 1, 9);
.q

ENTERED run_condor_job_Run3()
JOBID = 995
  global job = 995  Job 95/100  events [5648700, 5708160)  total=5946000
Processing events [5648700, 5708160) of 5946000
weight: 3.57697e-07
eec: 1110.69
weight: 1.98035e-05
eec: 393.969
weight: 8.46549e-05
eec: 77.2424
weight: 0.000723709
eec: 381.933
weight: 5.24899e-05
eec: 651.834
weight: 0.000268872
eec: 830.893
Processing: 95.0219 %weight: 0.000187953
eec: 341.458
weight: 2.06052e-05
eec: 490.836
weight: 1.05229e-05
eec: 2902.74
weight: 1.02324e-05
eec: 2895.68
weight: 0.000489275
eec: 510.895
weight: 0.00047034
eec: 335.967
weight: 1.20281e-06
eec: 181.759
weight: 0.000115018
eec: 680.905
weight: 1.36694e-05
eec: 77.3928
weight: 5.03161e-06
eec: 854.328
weight: 1.45153e-05
eec: 2007.38
weight: 6.6261e-05
eec: 392.56
weight: 1.43145e-05
eec: 180.199
weight: 9.93707e-07
eec: 55.2803
weight: 8.40691e-05
eec: 197.067
weight: 3.71063e-05
eec: 594.421
weight: 1.4072e-05
eec: 62.9359
weight: 0.000135737
eec: 38.5515
weight: 1.26982e-05
eec: 1520.29
weight: 6.27494e-06
eec: 184.15
weight: 2.2857e-05
eec: 104.941
weight: 0.000362299
eec: 212.721
weight: 1.6369e-05
eec: 497.416
weight: 0.000823309
eec: 292.583
weight: 0.00046429
eec: 663.02
weight: 3.8451e-06
eec: 324.775
weight: 5.31539e-06
eec: 268.039
weight: 2.35381e-06
eec: 245.331
weight: 1.62916e-08
eec: 80.9619
weight: 3.07563e-06
eec: 99.1922
weight: 0.000177891
eec: 638.644
weight: 3.91479e-05
eec: 223.32
weight: 2.2102e-06
eec: 217.986
weight: 1.17432e-05
eec: 354.664
weight: 0.000177453
eec: 131.467
weight: 0.000370291
eec: 26.134
weight: 1.29491e-05
eec: 1251.14
weight: 2.83612e-06
eec: 2212.16
weight: 7.94991e-07
eec: 149.678
weight: 0.000971019
eec: 435.951
weight: 2.81985e-05
eec: 779.433
weight: 1.18639e-05
eec: 154.833
weight: 7.89114e-06
eec: 59.1056
weight: 1.49155e-05
eec: 139.583
weight: 6.11646e-06
eec: 140.495
weight: 1.5727e-05
eec: 447.314
weight: 1.3031e-05
eec: 5.38821
weight: 3.64906e-07
eec: 192.769
weight: 2.27243e-08
eec: 301.671
weight: 0.000626353
eec: 577.449
weight: 8.30472e-07
eec: 254.369
weight: 3.92659e-05
eec: 165.31
weight: 2.31739e-05
eec: 176.861
weight: 0.000217078
eec: 179.235
weight: 1.06292e-05
eec: 224.433
weight: 0.000138683
eec: 409.57
weight: 3.65983e-05
eec: 177.414
weight: 0.000272458
eec: 741.397
weight: 9.63524e-06
eec: 917.977
weight: 6.64369e-05
eec: 1145.8
weight: 5.49481e-06
eec: 238.89
weight: 1.46641e-07
eec: 3266.1
weight: 4.38358e-07
eec: 533.929
weight: 1.59757e-05
eec: 250.408
weight: 1.1525e-07
eec: 232.81
weight: 0.000587916
eec: 710.453
weight: 1.74922e-05
eec: 162.32
weight: 7.81254e-05
eec: 386.138
weight: 0.00016993
eec: 564.55
weight: 8.09602e-06
eec: 940.777
weight: 1.47782e-05
eec: 1735.81
weight: 0.000186308
eec: 214.679
weight: 0.00192306
eec: 208.446
weight: 4.76603e-06
eec: 27.6256
weight: 4.26086e-07
eec: 124.836
weight: 7.84495e-06
eec: 91.6526
weight: 8.05436e-06
eec: 5483.61
weight: 9.50249e-07
eec: 222.506
weight: 0.000206115
eec: 62.6859
weight: 1.48091e-05
eec: 890.35
weight: 1.5385e-05
eec: 457.575
weight: 1.51822e-05
eec: 186.672
weight: 4.42532e-05
eec: 451.069
weight: 4.03078e-05
eec: 155.226
weight: 8.80803e-07
eec: 372.636
weight: 0.000253476
eec: 51.1146
weight: 0.00028323
eec: 434.302
weight: 5.75496e-05
eec: 1368.19
weight: 0.000561152
eec: 246.422
weight: 0.000262388
eec: 174.135
weight: 0.000487277
eec: 178.782
weight: 3.14101e-05
eec: 85.9343
weight: 1.06184e-05
eec: 149.858
weight: 2.64548e-06
eec: 148.052
weight: 1.25649e-05
eec: 111.995
weight: 1.622e-06
eec: 1876.28
weight: 0.000328926
eec: 209.286
weight: 1.48315e-05
eec: 636.03
weight: 6.79026e-05
eec: 489.764
weight: 3.63624e-05
eec: 247.513
weight: 4.03706e-05
eec: 977.44
weight: 2.96882e-05
eec: 287.747
weight: 0.0001517
eec: 764.433
weight: 0.000130019
eec: 258.767
weight: 3.57961e-05
eec: 66.6693
weight: 3.39126e-06
eec: 2.41274
weight: 0.000107696
eec: 501.994
weight: 0.000145464
eec: 354.992
weight: 1.68128e-06
eec: 668.864
weight: 1.23132e-05
eec: 1814.37
weight: 8.26901e-05
eec: 1381.97
weight: 4.57959e-05
eec: 61.2505
weight: 2.1806e-05
eec: 535.369
weight: 2.0358e-07
eec: 962.467
weight: 0.00201684
eec: 248.938
weight: 4.32928e-08
eec: 635.147
weight: 0.000127052
eec: 444.3
weight: 0.000100742
eec: 298.043
weight: 3.92035e-05
eec: 2216.19
weight: 0.000235649
eec: 132.637
weight: 1.35515e-05
eec: 33.369
weight: 6.66903e-05
eec: 24.5505
weight: 1.25163e-05
eec: 254.265
weight: 6.25568e-05
eec: 1045.56
weight: 6.93584e-06
eec: 509.12
weight: 8.89829e-05
eec: 384.563
weight: 3.92898e-05
eec: 817.899
weight: 4.25403e-06
eec: 893.185
weight: 4.51132e-05
eec: 690.447
weight: 2.0626e-05
eec: 544.116
weight: 0.00025153
eec: 732.061
weight: 1.12417e-05
eec: 1436.29
weight: 3.57652e-05
eec: 432.98
weight: 4.90081e-05
eec: 102.674
weight: 1.25128e-05
eec: 2028
weight: 1.54226e-05
eec: 1468.34
weight: 6.46635e-06
eec: 304.907
weight: 7.8425e-08
eec: 1713.08
weight: 0.000139987
eec: 388.811
weight: 0.00038252
eec: 24.5819
weight: 3.73316e-05
eec: 55.4047
weight: 0.000183567
eec: 135.121
weight: 7.52354e-05
eec: 2094.73
weight: 7.54905e-05
eec: 46.848
weight: 4.60605e-05
eec: 840.915
weight: 3.99245e-05
eec: 626.903
weight: 0.000116651
eec: 1001.82
weight: 3.39892e-05
eec: 80.7351
weight: 7.47483e-06
eec: 4428.75
weight: 1.57621e-05
eec: 417.762
weight: 1.78948e-05
eec: 2339.13
weight: 0.000573212
eec: 206.798
weight: 2.96811e-06
eec: 1504.44
weight: 5.21804e-05
eec: 1643.22
weight: 6.18424e-06
eec: 145.309
weight: 0.00069186
eec: 89.1424
weight: 2.7881e-05
eec: 1365.36
weight: 8.96684e-05
eec: 390.111
weight: 0.000872174
eec: 985.571
weight: 0.000150161
eec: 846.925
weight: 0.000679135
eec: 727.044
weight: 4.26525e-06
eec: 2942.64
weight: 4.7009e-06
eec: 381.408
weight: 2.0399e-06
eec: 339.629
weight: 7.33481e-06
eec: 1028.2
weight: 9.92492e-05
eec: 442.414
weight: 1.85882e-05
eec: 4643.14
weight: 1.85882e-05
eec: 450.948
weight: 0.000225858
eec: 85.3422
weight: 1.36355e-06
eec: 498.388
weight: 7.47139e-07
eec: 1751.79
weight: 3.83924e-06
eec: 121.027
weight: 6.51307e-06
eec: 4671.98
weight: 7.73309e-05
eec: 65.744
weight: 2.37757e-06
eec: 580.991
weight: 3.41877e-05
eec: 1381.27
weight: 9.41664e-05
eec: 126.084
weight: 5.26074e-06
eec: 199.928
weight: 1.67659e-05
eec: 80.5262
weight: 1.63794e-05
eec: 447.54
weight: 2.31344e-05
eec: 1705.64
weight: 9.55462e-05
eec: 542.705
weight: 0.000103095
eec: 543.371
weight: 5.3602e-05
eec: 10.21
weight: 2.54302e-05
eec: 973.083
weight: 7.49591e-06
eec: 792.508
weight: 2.91271e-06
eec: 309.709
weight: 4.18088e-05
eec: 503.758
weight: 9.85801e-08
eec: 172.238
weight: 1.04493e-05
eec: 103.429
weight: 6.71319e-06
eec: 121.371
weight: 1.21704e-07
eec: 185.446
weight: 0.000439724
eec: 683.624
weight: 0.000313021
eec: 553.367
weight: 9.54135e-06
eec: 313.475
weight: 2.61159e-05
eec: 853.125
weight: 7.13054e-06
eec: 613.944
weight: 1.9639e-06
eec: 301.366
weight: 0.000880967
eec: 17.2406
weight: 4.6773e-05
eec: 82.5264
weight: 4.09275e-06
eec: 1494.72
weight: 0.000183101
eec: 122.455
weight: 0.000922437
eec: 591.309
weight: 2.59944e-05
eec: 746.023
weight: 1.4482e-05
eec: 442.866
weight: 5.40077e-05
eec: 974.486
weight: 5.36912e-05
eec: 118.852
weight: 0.000179994
eec: 276.383
weight: 1.41998e-05
eec: 743.906
weight: 8.35095e-05
eec: 169.581
weight: 2.27789e-06
eec: 627.241
Processing: 95.8628 %weight: 6.91964e-07
eec: 98.1422
weight: 0.000158953
eec: 781.351
weight: 2.09196e-05
eec: 239.533
weight: 2.69667e-05
eec: 321.009
weight: 1.9663e-05
eec: 184.297
weight: 6.94508e-05
eec: 50.5017
weight: 0.000220649
eec: 207.969
weight: 2.64109e-05
eec: 882.408
weight: 3.32678e-05
eec: 326.502
weight: 1.39077e-05
eec: 302.944
weight: 7.64056e-07
eec: 639.701
weight: 3.39117e-06
eec: 525.726
weight: 0.000111665
eec: 337.198
weight: 7.97809e-06
eec: 600.728
weight: 0.000106001
eec: 237.272
weight: 2.79064e-05
eec: 281.917
weight: 7.6312e-05
eec: 304.157
weight: 3.48831e-05
eec: 1582.47
weight: 1.61987e-05
eec: 531.646
weight: 0.000118674
eec: 460.598
weight: 8.11848e-06
eec: 435.196
weight: 4.31321e-05
eec: 1023.06
weight: 2.08789e-06
eec: 391.12
weight: 1.27815e-05
eec: 13.9176
weight: 1.07149e-05
eec: 646.44
weight: 0.000114668
eec: 4.17114
weight: 0.000187016
eec: 220.114
weight: 2.30617e-05
eec: 393.585
weight: 0.000162931
eec: 890.89
weight: 1.0765e-05
eec: 210.886
weight: 0.00013562
eec: 502.142
weight: 6.07165e-05
eec: 482.811
weight: 0.000252477
eec: 193.82
weight: 2.94085e-05
eec: 69.9857
weight: 2.57686e-05
eec: 631.795
weight: 3.02763e-07
eec: 129.057
weight: 3.83518e-08
eec: 508.563
weight: 1.12662e-05
eec: 250.17
weight: 0.000151915
eec: 461.392
weight: 7.57562e-05
eec: 1012.82
weight: 5.84374e-05
eec: 1264.87
weight: 0.00100637
eec: 41.5308

ROOT exit code = 0
