gSystem->Load("run_condor_job_Run3_C.so");
run_condor_job_Run3(460, 100, 2,
                    80, 200,
                    1, 1, 1, 4);
.q

ENTERED run_condor_job_Run3()
JOBID = 460
  global job = 460  Job 60/100  events [3538800, 3597780)  total=5898000
Processing events [3538800, 3597780) of 5898000
weight: 4.0858e-05
eec: 815.992
weight: 5.17054e-07
eec: 198.043
weight: 5.51037e-05
eec: 508.293
weight: 8.04003e-06
eec: 323.312
weight: 0.00147299
eec: 644.499
weight: 0.000221938
eec: 42.4906
weight: 3.35211e-05
eec: 670.065
weight: 0.000253692
eec: 43.6886
weight: 4.56172e-07
eec: 303.353
weight: 0.000115723
eec: 258.281
weight: 4.09102e-05
eec: 990.697
weight: 1.18034e-05
eec: 2748.72
weight: 7.29414e-05
eec: 189.554
weight: 2.15342e-05
eec: 164.003
weight: 2.44221e-05
eec: 338.658
weight: 3.82387e-05
eec: 292.427
weight: 2.31441e-05
eec: 1206.94
weight: 1.01477e-05
eec: 593.674
weight: 6.41372e-06
eec: 2751.65
weight: 2.58994e-06
eec: 427.632
weight: 1.88822e-05
eec: 88.5535
weight: 0.000472647
eec: 81.3543
weight: 2.6336e-06
eec: 1559.73
weight: 2.31014e-05
eec: 2491.58
weight: 0.000554303
eec: 74.2972
weight: 1.51174e-06
eec: 400.932
weight: 3.37409e-05
eec: 229.809
weight: 1.82169e-07
eec: 120.377
weight: 0.000111755
eec: 590.052
weight: 6.51099e-05
eec: 494.745
weight: 5.79544e-05
eec: 120.504
weight: 4.91287e-05
eec: 352.175
weight: 5.1305e-05
eec: 1762
weight: 0.000263138
eec: 883.281
weight: 0.000652709
eec: 930.858
weight: 0.000174608
eec: 20.1362
weight: 1.14167e-06
eec: 535.448
weight: 6.80907e-06
eec: 1536.56
weight: 0.000628153
eec: 458.453
weight: 0.0001986
eec: 719.667
weight: 4.00815e-05
eec: 465.168
weight: 9.27827e-06
eec: 1723.48
weight: 9.19135e-05
eec: 668.078
weight: 0.000179121
eec: 184.446
weight: 0.000271316
eec: 651.344
weight: 3.45484e-05
eec: 806.516
weight: 1.41737e-05
eec: 191.511
weight: 8.80868e-06
eec: 57.2582
Processing: 60.1899 %weight: 5.80589e-06
eec: 248.83
weight: 0.000172138
eec: 1202.72
weight: 0.000102
eec: 439.899
weight: 7.71571e-05
eec: 1222.66
weight: 5.02488e-05
eec: 174.225
weight: 9.26215e-06
eec: 88.9346
weight: 3.40944e-05
eec: 910.816
weight: 1.70881e-05
eec: 190.052
weight: 1.85528e-05
eec: 600.903
weight: 5.3699e-05
eec: 982.606
weight: 1.65154e-05
eec: 1332.87
weight: 9.39509e-06
eec: 1742.07
weight: 3.0102e-05
eec: 26.0051
weight: 0.000142149
eec: 328.583
weight: 7.42242e-05
eec: 319.912
weight: 8.72464e-07
eec: 318.57
weight: 9.58018e-08
eec: 605.95
weight: 2.15264e-05
eec: 1152.98
weight: 1.2723e-05
eec: 1022.63
weight: 0.000730851
eec: 132.475
weight: 2.63982e-06
eec: 237.439
weight: 1.04936e-05
eec: 651.219
weight: 2.33604e-05
eec: 267.934
weight: 0.000171691
eec: 440.992
weight: 0.00116226
eec: 52.5337
weight: 8.10474e-06
eec: 365.687
weight: 1.78977e-05
eec: 1880.78
weight: 3.23332e-05
eec: 52.9523
weight: 1.29718e-05
eec: 17.4082
weight: 2.74924e-05
eec: 495.967
weight: 8.42929e-06
eec: 236.268
weight: 8.06483e-05
eec: 641.53
weight: 9.04055e-06
eec: 1437.76
weight: 1.09224e-05
eec: 148.458
weight: 4.32433e-05
eec: 143.296
weight: 6.65202e-05
eec: 201.814
weight: 0.000132779
eec: 253.027
weight: 0.000227463
eec: 432.341
weight: 0.000436427
eec: 950.664
weight: 1.95029e-05
eec: 474.899
weight: 4.89423e-05
eec: 180.326
weight: 4.0364e-06
eec: 124.588
weight: 0.000156638
eec: 133.481
weight: 3.06192e-05
eec: 187.409
weight: 6.61887e-05
eec: 1259.34
weight: 9.55616e-06
eec: 95.9994
weight: 0.000416629
eec: 391.622
weight: 6.40119e-06
eec: 178.23
weight: 8.0235e-06
eec: 163.293
weight: 2.04984e-06
eec: 393.312
weight: 0.000109001
eec: 903.235
weight: 0.000109001
eec: 227.74
weight: 5.67972e-06
eec: 344.45
weight: 6.30381e-06
eec: 3390.23
weight: 1.46313e-05
eec: 3117.24
weight: 0.000324554
eec: 946.04
weight: 3.11446e-06
eec: 1841
weight: 0.000118955
eec: 361.561
weight: 0.00026624
eec: 548.254
weight: 7.37484e-05
eec: 218.59
weight: 4.73655e-05
eec: 71.7357
weight: 4.47556e-06
eec: 1376.68
weight: 2.48337e-05
eec: 3004.28
weight: 1.33525e-07
eec: 1703.58
weight: 3.51947e-05
eec: 431.672
weight: 1.74658e-05
eec: 1958.01
weight: 5.20563e-07
eec: 44.4082
weight: 0.000158023
eec: 372.995
weight: 2.5089e-06
eec: 204.693
weight: 4.91022e-05
eec: 589.546
weight: 1.82051e-05
eec: 622.111
weight: 0.000569041
eec: 58.0246
weight: 1.1411e-05
eec: 105.233
weight: 1.00218e-05
eec: 212.893
weight: 1.69023e-05
eec: 691.917
weight: 0.000154584
eec: 226.465
weight: 2.76128e-06
eec: 871.203
weight: 3.27985e-05
eec: 182.715
weight: 2.7381e-05
eec: 2827.99
weight: 2.87861e-06
eec: 139.707
weight: 1.91245e-05
eec: 117.705
weight: 6.868e-05
eec: 50.4309
weight: 3.71583e-05
eec: 483.863
weight: 0.000114515
eec: 1532.62
weight: 0.000123761
eec: 434.177
weight: 7.58487e-06
eec: 451.649
weight: 3.72361e-07
eec: 1779.2
weight: 1.13764e-05
eec: 299.298
weight: 4.47224e-05
eec: 170.51
weight: 4.47224e-05
eec: 519.65
weight: 1.50849e-05
eec: 668.798
weight: 2.47797e-05
eec: 396.39
weight: 0.000100431
eec: 232.906
weight: 9.13955e-05
eec: 80.4365
weight: 5.83895e-06
eec: 704.399
weight: 5.04193e-05
eec: 407.937
weight: 1.20583e-05
eec: 1160.29
weight: 1.9488e-08
eec: 180.702
weight: 1.96827e-05
eec: 652.149
weight: 5.39547e-05
eec: 333.546
weight: 0.000422267
eec: 123.26
weight: 4.61061e-06
eec: 80.8434
weight: 0.000205805
eec: 90.8678
weight: 3.81291e-05
eec: 288.971
weight: 7.23804e-06
eec: 2561.62
weight: 1.20176e-05
eec: 221.509
weight: 0.00023738
eec: 487.321
weight: 1.38649e-05
eec: 659.719
weight: 9.07023e-05
eec: 656.791
weight: 4.71286e-06
eec: 577.908
weight: 0.000308795
eec: 24.6758
weight: 3.31825e-05
eec: 43.3533
weight: 8.27108e-05
eec: 55.0103
weight: 0.000285579
eec: 166.152
weight: 0.000241894
eec: 895.383
weight: 3.90294e-06
eec: 100.209
weight: 2.36827e-05
eec: 283.96
weight: 1.46148e-05
eec: 132.957
weight: 0.000510148
eec: 57.7505
weight: 3.95708e-05
eec: 112.275
weight: 2.52851e-05
eec: 689.378
weight: 0.000130838
eec: 785.019
weight: 7.43234e-05
eec: 138.056
weight: 7.42245e-05
eec: 1996.31
weight: 1.48667e-06
eec: 17.5176
weight: 9.43348e-06
eec: 407.209
weight: 4.84693e-05
eec: 124.073
weight: 1.17492e-05
eec: 2032.47
weight: 3.66884e-05
eec: 204.894
weight: 0.000110469
eec: 267.864
weight: 0.000405967
eec: 136.565
weight: 2.07963e-05
eec: 687.194
weight: 0.000122238
eec: 127.208
weight: 0.000179369
eec: 24.0044
weight: 5.61226e-05
eec: 743.551
weight: 0.000121734
eec: 156.704
weight: 1.12254e-05
eec: 1312.99
weight: 1.50281e-05
eec: 1096.67
weight: 0.000132668
eec: 576.884
weight: 5.846e-06
eec: 1164.63
weight: 2.20432e-05
eec: 243.015
weight: 1.94651e-05
eec: 277.465
weight: 4.96006e-05
eec: 227.007
weight: 0.000174975
eec: 256.839
weight: 9.31519e-06
eec: 840.866
weight: 2.95583e-05
eec: 358.421
weight: 1.22523e-05
eec: 389.337
weight: 2.9482e-05
eec: 452.289
weight: 1.1148e-05
eec: 944.02
weight: 6.70023e-05
eec: 116.99
weight: 6.69586e-06
eec: 2059.52
weight: 1.43434e-05
eec: 387.477
weight: 2.12117e-05
eec: 802.721
weight: 0.000375296
eec: 106.645
weight: 5.06888e-05
eec: 1066.7
weight: 5.7282e-05
eec: 158.991
weight: 2.32732e-05
eec: 1375.87
weight: 2.55429e-05
eec: 1166.25
weight: 1.56861e-05
eec: 1846.85
weight: 7.85623e-05
eec: 136.791
weight: 0.000245959
eec: 1225.64
weight: 4.59735e-05
eec: 364.104
weight: 3.37771e-05
eec: 1787.86
weight: 3.86621e-06
eec: 203.436
weight: 4.49319e-06
eec: 299.962
weight: 2.94982e-05
eec: 2885.66
weight: 4.34826e-05
eec: 531.394
weight: 0.000134008
eec: 159.697
weight: 3.6612e-05
eec: 1549.53
weight: 8.75195e-07
eec: 95.4889
weight: 0.000118183
eec: 115.874
weight: 5.28486e-06
eec: 33.5518
weight: 1.96669e-05
eec: 9.96589
weight: 9.2293e-05
eec: 219.586
weight: 7.26904e-05
eec: 467.913
weight: 2.6663e-05
eec: 22.0623
weight: 2.72032e-05
eec: 26.2227
weight: 7.99676e-07
eec: 189.288
weight: 2.30307e-05
eec: 486.009
weight: 0.00072548
eec: 274.739
weight: 0.000117997
eec: 14.6017
weight: 6.20063e-05
eec: 586.047
weight: 2.88731e-05
eec: 224.343
weight: 7.21612e-05
eec: 395.939
weight: 0.000184299
eec: 243.18
weight: 4.14846e-05
eec: 416.318
weight: 8.99688e-05
eec: 194.348
weight: 1.68089e-05
eec: 1823.56
weight: 3.90034e-06
eec: 2480.93
weight: 4.28809e-05
eec: 1143.51
weight: 3.73906e-06
eec: 1820.57
weight: 7.2805e-05
eec: 564.729
weight: 2.74003e-05
eec: 213.535
weight: 5.80354e-05
eec: 1359.19
weight: 0.000283195
eec: 233.136
weight: 4.53651e-06
eec: 1325.34
weight: 4.57443e-05
eec: 174.592
weight: 5.83677e-05
eec: 503.789
weight: 0.000159817
eec: 144.07
weight: 3.29133e-05
eec: 129.525
weight: 4.42776e-05
eec: 1254.25
weight: 9.29129e-06
eec: 1470.83
weight: 1.75027e-06
eec: 299.625
weight: 4.022e-07
eec: 30.3313
weight: 3.3001e-05
eec: 661.286
weight: 3.24345e-05
eec: 281.133
weight: 4.8041e-05
eec: 676.105
weight: 6.45764e-05
eec: 774.96
weight: 1.29623e-05
eec: 904.742
weight: 6.06791e-06
eec: 331.934
weight: 6.96514e-05
eec: 573.217
weight: 0.000239299
eec: 98.3052
weight: 0.000192244
eec: 211.424
weight: 0.000132406
eec: 143.337
weight: 2.48652e-05
eec: 200.654
weight: 6.01026e-06
eec: 2238.01
weight: 3.32691e-07
eec: 232.301
weight: 6.31294e-06
eec: 1480.36
weight: 0.000163952
eec: 371.214
weight: 9.95457e-05
eec: 158.23
weight: 1.81793e-05
eec: 152.878

ROOT exit code = 0
