gSystem->Load("run_condor_job_Run3_C.so");
run_condor_job_Run3(713, 100, 2,
                    80, 200,
                    1, 1, 1, 7);
.q

ENTERED run_condor_job_Run3()
JOBID = 713
  global job = 713  Job 13/100  events [740220, 797160)  total=5694000
Processing events [740220, 797160) of 5694000
weight: 0.000170486
eec: 882.106
weight: 1.25432e-08
eec: 156.736
weight: 0.000282214
eec: 529.089
weight: 6.25749e-05
eec: 18.6494
weight: 1.20788e-05
eec: 253.097
weight: 4.00043e-05
eec: 1210.7
weight: 0.000235734
eec: 187.308
weight: 1.6118e-05
eec: 256.702
weight: 2.35707e-05
eec: 21.5208
weight: 2.03988e-06
eec: 439.814
weight: 2.64036e-05
eec: 658.403
weight: 2.81522e-05
eec: 33.1959
weight: 3.03611e-05
eec: 1578.21
weight: 3.64895e-05
eec: 872.631
weight: 6.33144e-05
eec: 619.57
weight: 0.000101641
eec: 407.661
weight: 7.39827e-06
eec: 496.91
weight: 0.000201466
eec: 284.964
weight: 2.43073e-05
eec: 262.037
weight: 4.80617e-06
eec: 2317.41
weight: 5.94272e-05
eec: 1073.21
weight: 8.09482e-06
eec: 150.054
weight: 1.45357e-05
eec: 217.1
weight: 0.000283374
eec: 89.0192
weight: 8.1728e-06
eec: 195.178
weight: 0.000396302
eec: 266.1
weight: 5.41798e-05
eec: 226.566
weight: 5.41798e-05
eec: 289.181
weight: 1.22572e-07
eec: 2544.45
weight: 1.42628e-06
eec: 206.061
weight: 0.000450637
eec: 987.193
weight: 3.60518e-06
eec: 828.617
weight: 9.07363e-06
eec: 540.773
weight: 5.2899e-05
eec: 721.155
Processing: 13.1718 %weight: 5.09778e-06
eec: 192.91
weight: 3.45217e-07
eec: 2040.09
weight: 4.82668e-06
eec: 979.589
weight: 6.98107e-06
eec: 761.499
weight: 6.48052e-05
eec: 135.3
weight: 0.000474592
eec: 787.621
weight: 1.61588e-05
eec: 205.473
weight: 1.8114e-06
eec: 1900.71
weight: 2.78103e-05
eec: 346.476
weight: 1.48878e-06
eec: 869.195
weight: 1.10917e-05
eec: 956.267
weight: 4.44878e-07
eec: 257.659
weight: 2.98236e-05
eec: 104.959
weight: 0.000147044
eec: 603.099
weight: 3.70129e-06
eec: 47.6187
weight: 8.80753e-05
eec: 158.808
weight: 7.15272e-06
eec: 758.119
weight: 1.22343e-06
eec: 639.241
weight: 7.54704e-06
eec: 119.313
weight: 5.56889e-06
eec: 210.237
weight: 4.1974e-06
eec: 73.0881
weight: 7.70324e-06
eec: 610.806
weight: 2.96365e-06
eec: 201.064
weight: 5.69158e-06
eec: 715.945
weight: 0.000121026
eec: 168.862
weight: 0.000240421
eec: 91.2675
weight: 1.04081e-05
eec: 658.001
weight: 6.38345e-07
eec: 153.399
weight: 8.72181e-08
eec: 290.048
weight: 0.000309454
eec: 171.93
weight: 1.22468e-05
eec: 31.6352
weight: 1.86229e-06
eec: 1214.95
weight: 4.17785e-05
eec: 1264.96
weight: 6.58437e-05
eec: 704.203
weight: 4.0673e-06
eec: 707.129
weight: 7.27714e-06
eec: 166.909
weight: 8.36361e-07
eec: 515.738
weight: 6.83752e-05
eec: 481.978
weight: 8.59153e-06
eec: 146.389
weight: 7.66792e-05
eec: 212.702
weight: 0.000296111
eec: 993.433
weight: 0.00212116
eec: 815.016
weight: 1.83314e-05
eec: 381.32
weight: 6.52126e-07
eec: 192.965
weight: 0.000124542
eec: 1131.21
weight: 4.12341e-09
eec: 52.5968
weight: 3.11927e-05
eec: 112.213
weight: 7.08054e-05
eec: 9.38967
weight: 2.30071e-06
eec: 840.98
weight: 1.02005e-05
eec: 1653.73
weight: 1.6859e-05
eec: 2773.4
weight: 0.000178397
eec: 192.813
weight: 1.06902e-05
eec: 165.044
weight: 0.000198509
eec: 62.9925
weight: 0.000199216
eec: 1395.68
weight: 9.02408e-06
eec: 2482.24
weight: 8.90409e-05
eec: 389.838
weight: 2.05262e-06
eec: 80.2081
weight: 2.21681e-05
eec: 389.308
weight: 2.11033e-05
eec: 217.012
weight: 7.21972e-06
eec: 270.257
weight: 5.91185e-05
eec: 235.53
weight: 4.08417e-05
eec: 72.3684
weight: 7.81481e-05
eec: 22.454
weight: 1.51962e-05
eec: 32.9389
weight: 4.83172e-06
eec: 933.047
weight: 0.000542747
eec: 491.898
weight: 2.12268e-06
eec: 1101.91
weight: 5.10985e-05
eec: 834.484
weight: 3.2609e-05
eec: 90.7861
weight: 0.000185673
eec: 108.602
weight: 2.42229e-05
eec: 956.814
weight: 6.97477e-05
eec: 138.289
weight: 5.9791e-06
eec: 1091.94
weight: 6.06914e-05
eec: 571.537
weight: 7.00391e-06
eec: 1112.08
weight: 0.000125957
eec: 445.084
weight: 4.19903e-06
eec: 1222.64
weight: 4.32197e-06
eec: 453.443
weight: 0.000102454
eec: 487.358
weight: 0.000550037
eec: 540.272
weight: 6.33298e-06
eec: 157.641
weight: 5.09923e-05
eec: 223.725
weight: 2.81143e-06
eec: 1023.55
weight: 3.09846e-05
eec: 95.468
weight: 3.56339e-06
eec: 1260.79
weight: 0.000148792
eec: 28.3253
weight: 4.18948e-05
eec: 1613.1
weight: 1.77975e-05
eec: 224.756
weight: 1.22742e-05
eec: 728.482
weight: 0.000184282
eec: 398.932
weight: 6.75238e-06
eec: 3186.23
weight: 7.55809e-05
eec: 661.644
weight: 0.000139658
eec: 426.292
weight: 0.000128059
eec: 548.207
weight: 2.35345e-05
eec: 847.077
weight: 0.000152991
eec: 255.046
weight: 2.56309e-05
eec: 878.514
weight: 7.88563e-05
eec: 99.9373
weight: 5.51101e-06
eec: 245.646
weight: 2.41914e-06
eec: 398.591
weight: 1.0893e-05
eec: 462.832
weight: 3.91882e-05
eec: 924.681
weight: 7.83936e-05
eec: 1465.34
weight: 1.19534e-05
eec: 257.117
weight: 3.25965e-05
eec: 451.423
weight: 6.56969e-06
eec: 1371.63
weight: 1.19075e-05
eec: 699.888
weight: 8.50346e-05
eec: 64.2636
weight: 9.81693e-05
eec: 844.279
weight: 1.62945e-05
eec: 265.361
weight: 5.8495e-05
eec: 150.321
weight: 1.2231e-06
eec: 865.65
weight: 1.74215e-07
eec: 306.41
weight: 5.14871e-07
eec: 306.345
weight: 1.29697e-05
eec: 272.761
weight: 0.000358131
eec: 310.669
weight: 1.32507e-05
eec: 937.63
weight: 0.000657776
eec: 522.45
weight: 1.20918e-06
eec: 679.21
weight: 0.000474497
eec: 219.229
weight: 3.07131e-07
eec: 1758.09
weight: 0.000214697
eec: 569.221
weight: 0.000194283
eec: 230.335
weight: 2.33252e-05
eec: 1692.48
weight: 2.80048e-05
eec: 187.397
weight: 6.1011e-06
eec: 1449.15
weight: 1.83712e-05
eec: 241.747
weight: 2.48758e-05
eec: 345.175
weight: 3.59361e-05
eec: 225.601
weight: 3.33494e-06
eec: 3571.07
weight: 7.14402e-07
eec: 1066.17
weight: 1.94585e-05
eec: 239.873
weight: 1.91569e-05
eec: 1521.94
weight: 8.6852e-06
eec: 3182.48
weight: 0.000189552
eec: 498.161
weight: 2.34387e-05
eec: 1485.59
weight: 0.000158453
eec: 87.3676
weight: 0.000235166
eec: 97.356
weight: 0.000135258
eec: 2623.2
weight: 7.17007e-06
eec: 1066.71
weight: 3.65318e-05
eec: 1011.67
weight: 1.31356e-05
eec: 80.2614
weight: 5.36228e-06
eec: 107.259
weight: 6.40079e-05
eec: 150.78
weight: 5.37982e-06
eec: 1080.56
weight: 6.49796e-05
eec: 681.251
weight: 2.16874e-06
eec: 56.8125
weight: 1.522e-06
eec: 1370.14
weight: 4.45475e-05
eec: 220.896
weight: 5.38923e-07
eec: 34.5507
weight: 3.97014e-06
eec: 686.52
weight: 9.90036e-05
eec: 582.034
weight: 1.41896e-06
eec: 601.988
weight: 0.000202724
eec: 19.0819
weight: 1.776e-05
eec: 1000.66
weight: 0.000115813
eec: 120.268
weight: 0.000276776
eec: 421.016
weight: 4.52348e-05
eec: 112.695
weight: 1.53125e-05
eec: 1391.67
weight: 1.38136e-06
eec: 18.0485
weight: 1.78233e-05
eec: 617.365
weight: 1.01575e-05
eec: 401.559
weight: 1.78889e-05
eec: 74.8011
weight: 2.34677e-05
eec: 552.613
weight: 0.000550415
eec: 91.3672
weight: 4.135e-05
eec: 537.835
weight: 1.10886e-05
eec: 91.2995
weight: 2.27579e-05
eec: 98.822
weight: 2.10721e-05
eec: 2809.17
weight: 7.22551e-05
eec: 276.971
weight: 0.000388211
eec: 491.979
weight: 0.000468915
eec: 210.398
weight: 1.67887e-05
eec: 1076.09
weight: 1.50211e-05
eec: 529.778
weight: 1.92437e-05
eec: 22.9988
weight: 1.92437e-05
eec: 258.653
weight: 6.14847e-07
eec: 79.8202
weight: 6.00811e-05
eec: 476.323
weight: 3.97428e-05
eec: 658.884
weight: 8.87556e-05
eec: 75.6729
weight: 0.000275164
eec: 980.155
weight: 1.13551e-05
eec: 97.5329
weight: 0.000117945
eec: 95.0076
weight: 0.000131559
eec: 258.645
weight: 3.50708e-05
eec: 75.4516

ROOT exit code = 0
