gSystem->Load("run_condor_job_Run3_C.so");
run_condor_job_Run3(498, 100, 2,
                    80, 200,
                    1, 1, 1, 4);
.q

ENTERED run_condor_job_Run3()
JOBID = 498
  global job = 498  Job 98/100  events [5780040, 5839020)  total=5898000
Processing events [5780040, 5839020) of 5898000
weight: 7.37452e-05
eec: 73.488
weight: 6.59127e-05
eec: 777.582
weight: 4.60151e-05
eec: 657.247
weight: 8.00151e-05
eec: 127.132
weight: 0.000109512
eec: 227.393
weight: 1.03351e-05
eec: 500.23
weight: 7.43881e-06
eec: 163.715
weight: 6.0412e-06
eec: 309.166
weight: 1.75155e-06
eec: 1401.38
weight: 3.73142e-05
eec: 180.804
weight: 0.000587943
eec: 135.79
weight: 3.63839e-05
eec: 1050.49
weight: 3.34953e-05
eec: 70.7622
weight: 0.000367074
eec: 217.508
weight: 1.6092e-05
eec: 391.083
weight: 2.3079e-06
eec: 1159.41
weight: 7.06162e-05
eec: 251.223
weight: 2.3145e-05
eec: 94.1162
weight: 3.26565e-06
eec: 314.541
weight: 1.89227e-05
eec: 651.978
weight: 4.41128e-06
eec: 25.3387
weight: 1.55361e-05
eec: 308.867
weight: 3.7978e-06
eec: 72.4969
weight: 1.80605e-05
eec: 29.9365
weight: 2.21949e-05
eec: 42.7324
weight: 1.44623e-06
eec: 418.148
weight: 1.60209e-05
eec: 1725.54
weight: 2.72167e-06
eec: 174.421
weight: 6.32554e-06
eec: 462.838
weight: 6.91891e-06
eec: 1130.58
weight: 1.49223e-07
eec: 501.414
weight: 8.19808e-05
eec: 245.222
weight: 5.64832e-07
eec: 83.0972
weight: 8.06132e-06
eec: 554.549
weight: 5.07991e-05
eec: 1846.42
weight: 4.59254e-05
eec: 153.021
weight: 1.89037e-06
eec: 869.757
weight: 4.49511e-05
eec: 997.912
weight: 1.37925e-05
eec: 131.199
weight: 6.25844e-06
eec: 737.568
weight: 1.33299e-06
eec: 5887.5
weight: 1.29862e-05
eec: 128.495
weight: 3.39057e-05
eec: 3281.57
weight: 8.69589e-06
eec: 118.227
weight: 3.37111e-07
eec: 515.328
weight: 0.000165184
eec: 699.021
weight: 1.21423e-05
eec: 558.326
weight: 7.0898e-06
eec: 2044.19
weight: 8.70481e-06
eec: 144.779
weight: 1.79308e-05
eec: 144.875
weight: 1.50887e-05
eec: 344.08
weight: 0.000250792
eec: 27.7229
weight: 5.13831e-05
eec: 18.8506
weight: 6.84312e-05
eec: 738.522
weight: 3.51821e-05
eec: 431.822
weight: 0.000190538
eec: 493.117
weight: 0.000118076
eec: 1400.12
weight: 0.000971211
eec: 779.206
weight: 1.3085e-06
eec: 1067.29
weight: 3.01554e-06
eec: 107.361
weight: 5.29628e-06
eec: 831.12
weight: 0.000167981
eec: 978.107
weight: 1.04774e-05
eec: 1710.65
weight: 0.000122831
eec: 138.065
weight: 8.2259e-06
eec: 131.378
weight: 5.71893e-05
eec: 27.1655
weight: 6.86738e-06
eec: 119.975
weight: 3.2275e-05
eec: 374.867
weight: 7.77735e-06
eec: 2509.45
weight: 2.1889e-05
eec: 188.709
weight: 0.0001625
eec: 199.458
weight: 5.28096e-07
eec: 362.374
weight: 0.00100719
eec: 365.259
weight: 1.27566e-05
eec: 1179.74
weight: 0.000126461
eec: 529.301
weight: 6.92636e-05
eec: 1037.1
weight: 9.12048e-05
eec: 235.461
Processing: 98.3384 %weight: 3.05367e-06
eec: 1136.87
weight: 1.49339e-05
eec: 410.022
weight: 8.53887e-06
eec: 424.903
weight: 2.85145e-05
eec: 325.246
weight: 0.00068928
eec: 40.4105
weight: 6.21411e-05
eec: 909.457
weight: 8.9597e-06
eec: 96.9728
weight: 4.58264e-05
eec: 1407.84
weight: 3.59653e-05
eec: 506.943
weight: 6.34387e-05
eec: 437.786
weight: 7.57513e-05
eec: 886.963
weight: 1.93172e-05
eec: 7.05231
weight: 3.39109e-05
eec: 111.675
weight: 2.08026e-06
eec: 813.221
weight: 2.50339e-05
eec: 1292.12
weight: 4.86466e-06
eec: 1851.85
weight: 5.72236e-06
eec: 124.178
weight: 5.13695e-05
eec: 657.043
weight: 3.88701e-05
eec: 311.678
weight: 4.60582e-05
eec: 175.138
weight: 1.25273e-05
eec: 113.285
weight: 7.31449e-08
eec: 276.449
weight: 0.000146708
eec: 73.4235
weight: 8.49785e-05
eec: 221.989
weight: 8.49785e-05
eec: 155.918
weight: 9.00782e-05
eec: 158.131
weight: 1.22247e-05
eec: 1896.24
weight: 8.04227e-06
eec: 2409.1
weight: 7.29782e-08
eec: 570.497
weight: 6.25171e-08
eec: 1283.45
weight: 5.29857e-05
eec: 81.0091
weight: 2.09155e-05
eec: 143.226
weight: 3.63783e-05
eec: 15.2395
weight: 1.71025e-07
eec: 189.424
weight: 0.000790199
eec: 530.146
weight: 0.000109773
eec: 1094.83
weight: 0.000525438
eec: 377.803
weight: 1.13057e-05
eec: 1639.22
weight: 9.11227e-08
eec: 74.8027
weight: 1.4942e-06
eec: 518.291
weight: 5.42754e-06
eec: 2244.07
weight: 1.82669e-05
eec: 97.6426
weight: 0.000200996
eec: 765.538
weight: 1.16341e-05
eec: 1025.03
weight: 0.000305527
eec: 37.2033
weight: 2.1805e-05
eec: 521.849
weight: 0.000632616
eec: 1506.58
weight: 4.06946e-06
eec: 1247.27
weight: 1.76587e-06
eec: 664.486
weight: 0.000172847
eec: 67.0524
weight: 6.91118e-05
eec: 819.951
weight: 0.000147
eec: 107.748
weight: 1.84719e-05
eec: 1719.1
weight: 1.16059e-06
eec: 164.335
weight: 1.46627e-05
eec: 162.888
weight: 6.94976e-06
eec: 24.6827
weight: 1.19253e-05
eec: 67.0703
weight: 4.09687e-05
eec: 70.3152
weight: 3.73639e-05
eec: 1051.39
weight: 0.000159581
eec: 360.413
weight: 4.69496e-05
eec: 171.691
weight: 1.37074e-05
eec: 1388.13
weight: 3.2467e-05
eec: 418.087
weight: 0.000314604
eec: 98.1593
weight: 7.28008e-05
eec: 81.175
weight: 0.000891418
eec: 117.702
weight: 8.90527e-08
eec: 497.155
weight: 2.06569e-05
eec: 303.801
weight: 1.2981e-05
eec: 61.4131
weight: 8.81884e-06
eec: 548.035
weight: 0.000129899
eec: 556.167
weight: 7.62412e-06
eec: 222.901
weight: 1.14427e-06
eec: 72.0591
weight: 1.32085e-05
eec: 272.192
weight: 4.19456e-05
eec: 923.464
weight: 0.000575639
eec: 73.8111
weight: 7.38385e-05
eec: 100.889
weight: 8.66774e-06
eec: 1916.75
weight: 0.000739954
eec: 110.638
weight: 7.46379e-05
eec: 120.14
weight: 7.12373e-05
eec: 251.873
weight: 0.000151153
eec: 1537.47
weight: 7.98798e-07
eec: 56.0407
weight: 5.08463e-05
eec: 2527.45
weight: 0.00044805
eec: 359.372
weight: 1.75838e-07
eec: 180.916
weight: 0.000336038
eec: 537.977
weight: 9.47114e-05
eec: 1946.72
weight: 9.55278e-06
eec: 194.199
weight: 1.39451e-05
eec: 1214.94
weight: 1.0497e-05
eec: 977.313
weight: 2.27604e-05
eec: 364.748
weight: 0.000119762
eec: 296.993
weight: 3.80363e-06
eec: 268.393
weight: 6.89328e-05
eec: 374.708
weight: 7.54275e-06
eec: 210.012
weight: 0.000277494
eec: 552.88
weight: 0.000150868
eec: 162.892
weight: 0.000106071
eec: 71.0976
weight: 0.000343658
eec: 26.4995
weight: 1.74073e-05
eec: 294.851
weight: 0.000189288
eec: 126.446
weight: 1.87447e-05
eec: 2527.93
weight: 0.000207318
eec: 1351.79
weight: 2.2534e-05
eec: 2359.08
weight: 7.8242e-05
eec: 200.795
weight: 0.000120283
eec: 203.329
weight: 3.46873e-06
eec: 828.592
weight: 3.20844e-06
eec: 1964.47
weight: 8.51345e-06
eec: 524.188
weight: 7.96301e-05
eec: 1441.1
weight: 2.0077e-06
eec: 1014.89
weight: 7.38659e-05
eec: 256.267
weight: 1.50873e-05
eec: 1380.37
weight: 8.12457e-06
eec: 891.49
weight: 1.56515e-05
eec: 218.274
weight: 6.27913e-06
eec: 753.306
weight: 8.81615e-05
eec: 589.432
weight: 1.29023e-05
eec: 97.2898
weight: 5.57497e-06
eec: 388.18
weight: 0.000312445
eec: 150.446
weight: 1.01895e-05
eec: 34.601
weight: 5.86368e-06
eec: 2013.57
weight: 1.23813e-05
eec: 101.911
weight: 9.61658e-06
eec: 685.599
weight: 3.09979e-06
eec: 2173.92
weight: 9.84034e-06
eec: 315.139
weight: 9.95663e-05
eec: 34.0631
weight: 0.000237946
eec: 258.724
weight: 5.39497e-05
eec: 350.211
weight: 1.66671e-05
eec: 1982.1
weight: 4.59756e-06
eec: 386.318
weight: 5.93617e-05
eec: 37.5863
weight: 1.2818e-05
eec: 119.075
weight: 6.95871e-05
eec: 493.051
weight: 1.26513e-06
eec: 1227.09
weight: 0.000190483
eec: 10.6371
weight: 1.96729e-05
eec: 511.656
weight: 2.94481e-05
eec: 5.21027
weight: 2.01064e-05
eec: 163.835
weight: 6.9381e-06
eec: 1131.93
weight: 2.46525e-05
eec: 1491.71
weight: 1.40165e-05
eec: 298.113
weight: 1.67424e-07
eec: 1096.36
weight: 1.93022e-05
eec: 279.845
weight: 9.92787e-06
eec: 1170.39
weight: 9.92787e-06
eec: 1018.95
weight: 9.35452e-06
eec: 657.97
weight: 6.61108e-06
eec: 1334.62
weight: 1.09779e-05
eec: 681.368

ROOT exit code = 0
