gSystem->Load("run_condor_job_Run3_C.so");
run_condor_job_Run3(161, 100, 2,
                    80, 200,
                    1, 1, 1, 1);
.q

ENTERED run_condor_job_Run3()
JOBID = 161
  global job = 161  Job 61/100  events [3575820, 3634440)  total=5862000
Processing events [3575820, 3634440) of 5862000
weight: 3.36097e-05
eec: 327.275
weight: 7.84151e-05
eec: 600.211
weight: 1.3631e-05
eec: 1972.88
weight: 7.51326e-08
eec: 113.293
weight: 4.48443e-05
eec: 69.3841
weight: 1.21741e-05
eec: 158.037
weight: 1.0133e-06
eec: 947.349
weight: 0.000161383
eec: 497.09
weight: 5.50362e-06
eec: 135.993
weight: 8.71622e-08
eec: 2349.19
weight: 2.43621e-05
eec: 215.085
weight: 0.000383512
eec: 622.883
weight: 1.62702e-05
eec: 665.344
weight: 3.82713e-05
eec: 261.244
weight: 5.50618e-06
eec: 59.2321
weight: 0.000108033
eec: 48.7431
weight: 4.43921e-06
eec: 1577.42
weight: 3.46195e-05
eec: 123.441
weight: 3.94874e-06
eec: 75.727
weight: 0.000269827
eec: 382.338
weight: 8.55644e-06
eec: 1852.78
weight: 3.81629e-09
eec: 137.698
weight: 1.19585e-05
eec: 324.027
weight: 9.00994e-08
eec: 1081.72
weight: 1.29897e-05
eec: 433.677
weight: 5.35943e-05
eec: 275.502
weight: 2.50485e-05
eec: 980.667
weight: 1.99121e-05
eec: 140.281
weight: 1.56681e-05
eec: 133.032
weight: 4.89492e-05
eec: 732.103
weight: 1.66806e-05
eec: 93.1251
weight: 1.59003e-05
eec: 364.738
weight: 1.00563e-05
eec: 454.343
weight: 1.64769e-05
eec: 1470.39
weight: 1.43237e-05
eec: 595.364
weight: 3.11716e-05
eec: 500.785
weight: 0.000142442
eec: 268.027
weight: 0.000167653
eec: 314.25
weight: 3.80552e-06
eec: 356.53
weight: 1.44567e-06
eec: 402.106
weight: 1.10578e-06
eec: 727.627
weight: 2.56773e-05
eec: 269.535
weight: 0.000743122
eec: 397.277
weight: 1.59523e-05
eec: 32.4416
weight: 1.04948e-05
eec: 1462.17
weight: 8.64465e-06
eec: 632.988
weight: 0.000119298
eec: 420.405
weight: 1.29692e-05
eec: 1363.82
weight: 1.57846e-05
eec: 740.658
weight: 6.65386e-06
eec: 1680.88
weight: 8.07485e-05
eec: 175.742
weight: 7.74129e-06
eec: 1543.5
weight: 2.08998e-05
eec: 1532.43
weight: 3.8411e-05
eec: 169.117
weight: 1.01109e-05
eec: 77.2976
weight: 3.0543e-05
eec: 676.419
weight: 7.11603e-05
eec: 99.3191
weight: 1.24569e-05
eec: 704.169
weight: 7.57348e-05
eec: 492.299
weight: 2.835e-05
eec: 655.492
weight: 7.93738e-06
eec: 189.139
weight: 1.29647e-05
eec: 50.786
weight: 0.000483998
eec: 200.375
weight: 3.94341e-05
eec: 351.821
weight: 2.26736e-05
eec: 31.2421
weight: 0.000190729
eec: 609.369
weight: 1.40602e-05
eec: 796.461
weight: 4.09748e-06
eec: 209.113
weight: 4.59103e-05
eec: 243.826
weight: 4.58162e-08
eec: 849.54
weight: 3.35028e-05
eec: 477.272
weight: 4.85954e-05
eec: 511.491
weight: 1.64866e-06
eec: 194.004
weight: 1.03782e-06
eec: 617.755
weight: 3.2276e-05
eec: 56.7799
weight: 1.15761e-05
eec: 909.999
weight: 9.1624e-07
eec: 23.5326
weight: 3.65643e-06
eec: 168.847
weight: 0.000800188
eec: 353.899
weight: 0.000340208
eec: 158.545
weight: 0.00161482
eec: 158.077
weight: 3.28596e-06
eec: 445.77
weight: 2.92723e-06
eec: 1466.55
weight: 5.88474e-06
eec: 294.414
weight: 3.12679e-05
eec: 492.775
weight: 8.28236e-08
eec: 465.424
weight: 0.000216176
eec: 233.113
weight: 0.00019009
eec: 628.228
weight: 6.63963e-05
eec: 704.608
weight: 7.53717e-05
eec: 648.383
weight: 5.71458e-06
eec: 105.13
weight: 0.00186613
eec: 103.391
weight: 0.000154705
eec: 798.582
weight: 6.26789e-06
eec: 193.607
weight: 0.000327671
eec: 449.409
weight: 0.000398939
eec: 690.464
weight: 0.000133253
eec: 767.982
weight: 1.72314e-06
eec: 836.405
weight: 0.000103281
eec: 218.008
weight: 1.87758e-05
eec: 673.041
weight: 1.44735e-06
eec: 1235.78
weight: 1.05039e-06
eec: 678.546
weight: 8.39714e-06
eec: 94.3586
weight: 3.34657e-05
eec: 2020.12
weight: 0.000113287
eec: 2073.59
weight: 9.35975e-06
eec: 177.024
weight: 7.16463e-08
eec: 196.178
Processing: 61.4125 %weight: 1.63315e-05
eec: 511.462
weight: 6.89989e-05
eec: 1101.93
weight: 5.01861e-06
eec: 2061.82
weight: 2.84464e-05
eec: 91.3244
weight: 0.000181887
eec: 76.5669
weight: 4.54203e-05
eec: 365.995
weight: 1.35122e-05
eec: 1755.06
weight: 4.65379e-05
eec: 11.622
weight: 9.03682e-07
eec: 2268.59
weight: 1.27566e-06
eec: 421.661
weight: 3.3204e-05
eec: 342.017
weight: 1.51337e-05
eec: 936.487
weight: 0.000229148
eec: 88.6956
weight: 8.03096e-07
eec: 69.3844
weight: 5.75925e-06
eec: 90.7799
weight: 1.37432e-05
eec: 3328.97
weight: 0.000127109
eec: 171.097
weight: 8.93063e-06
eec: 5922.59
weight: 3.14881e-06
eec: 272.568
weight: 0.00304684
eec: 293.716
weight: 2.44663e-06
eec: 107.854
weight: 2.97309e-05
eec: 816.093
weight: 0.000128091
eec: 87.4741
weight: 7.0752e-06
eec: 456.858
weight: 0.000118839
eec: 128.555
weight: 5.41428e-06
eec: 413.039
weight: 1.50287e-05
eec: 307.549
weight: 9.11543e-05
eec: 349.357
weight: 3.6344e-06
eec: 1814.78
weight: 1.20039e-05
eec: 1644.39
weight: 3.28717e-05
eec: 14.3473
weight: 1.58351e-05
eec: 1147.65
weight: 8.78598e-05
eec: 215.958
weight: 2.61377e-05
eec: 1415.66
weight: 3.37576e-05
eec: 23.8465
weight: 1.2617e-05
eec: 475.443
weight: 2.09592e-06
eec: 721.591
weight: 2.04758e-07
eec: 222.671
weight: 2.29104e-07
eec: 936.258
weight: 3.02609e-05
eec: 465.644
weight: 1.92971e-05
eec: 228.275
weight: 0.000162291
eec: 76.7485
weight: 0.000112177
eec: 33.7838
weight: 6.85312e-06
eec: 22.9915
weight: 0.000624253
eec: 107.354
weight: 7.31097e-07
eec: 1203.29
weight: 1.23682e-05
eec: 879.533
weight: 0.00024984
eec: 142.521
weight: 0.00260226
eec: 204.079
weight: 2.41929e-06
eec: 872.808
weight: 1.54013e-05
eec: 858.462
weight: 0.000140212
eec: 67.347
weight: 2.0288e-06
eec: 319
weight: 5.81387e-05
eec: 52.8757
weight: 5.6299e-05
eec: 68.6167
weight: 5.75329e-05
eec: 933.096
weight: 3.44817e-06
eec: 336.456
weight: 1.65519e-05
eec: 306.225
weight: 2.54152e-05
eec: 629.061
weight: 2.2087e-05
eec: 218.168
weight: 0.000345534
eec: 92.8973
weight: 1.51223e-06
eec: 248.538
weight: 0.000176989
eec: 496.206
weight: 2.95777e-05
eec: 1281.98
weight: 6.12874e-07
eec: 2183.62
weight: 3.28674e-05
eec: 771.015
weight: 1.4577e-05
eec: 480.647
weight: 0.000160266
eec: 210.393
weight: 2.4841e-06
eec: 2177.98
weight: 1.02312e-05
eec: 855.522
weight: 7.26125e-05
eec: 56.0221
weight: 2.77721e-05
eec: 2072.51
weight: 1.65834e-06
eec: 253.913
weight: 1.42482e-05
eec: 280.216
weight: 2.90809e-06
eec: 3086.56
weight: 1.85422e-05
eec: 774.383
weight: 9.16156e-05
eec: 177.807
weight: 2.09107e-05
eec: 2555.68
weight: 6.15628e-06
eec: 509.791
weight: 3.77657e-06
eec: 244.083
weight: 1.01045e-07
eec: 95.7643
weight: 6.35921e-06
eec: 1382.35
weight: 1.30039e-06
eec: 184.48
weight: 1.49502e-05
eec: 1864.3
weight: 2.7231e-05
eec: 631.934
weight: 6.6456e-05
eec: 114.015
weight: 3.29028e-06
eec: 587.249
weight: 9.35327e-06
eec: 600.421
weight: 9.28563e-06
eec: 1699.46
weight: 3.22819e-05
eec: 1704.45
weight: 2.6621e-05
eec: 98.3669
weight: 0.000102765
eec: 165.006
weight: 4.43154e-06
eec: 1217.51
weight: 2.71304e-06
eec: 85.1536
weight: 1.52509e-06
eec: 54.8896
weight: 1.50172e-07
eec: 369.138
weight: 3.27236e-06
eec: 1042.61
weight: 7.693e-06
eec: 70.1744
weight: 4.53482e-06
eec: 1498.22
weight: 1.84672e-05
eec: 285.609
weight: 1.24e-05
eec: 1478.43
weight: 1.3586e-05
eec: 198.52
weight: 2.4622e-06
eec: 354.836
weight: 2.97666e-05
eec: 112.001
weight: 4.08207e-06
eec: 313.58
weight: 7.14535e-05
eec: 162.194
weight: 8.98679e-05
eec: 102.079
weight: 4.42827e-05
eec: 86.9595
weight: 5.12917e-06
eec: 470.039
weight: 2.02787e-05
eec: 44.2758
weight: 6.4449e-07
eec: 259.94
weight: 2.30675e-05
eec: 2346.5
weight: 5.83306e-08
eec: 59.6484
weight: 2.28309e-05
eec: 1724.16
weight: 4.9563e-05
eec: 194.019
weight: 3.71761e-05
eec: 356.107
weight: 3.45225e-06
eec: 72.4065
weight: 9.41665e-06
eec: 255.18
weight: 1.45371e-05
eec: 1105.63
weight: 3.00179e-06
eec: 718.396
weight: 5.21997e-06
eec: 120.242
weight: 5.25166e-06
eec: 957.202
weight: 4.7891e-05
eec: 1391.12
weight: 1.50036e-06
eec: 164.137
weight: 1.07205e-05
eec: 27.5717
weight: 0.000203817
eec: 1169.57
weight: 1.04041e-05
eec: 168.944
weight: 1.02999e-05
eec: 1184.21
weight: 2.71519e-05
eec: 715.662
weight: 3.86644e-07
eec: 164.012
weight: 0.000267047
eec: 1372.32
weight: 4.72676e-05
eec: 154.373
weight: 2.50517e-05
eec: 171.842
weight: 2.58828e-05
eec: 274.361
weight: 6.93571e-05
eec: 386.1

ROOT exit code = 0
