gSystem->Load("run_condor_job_Run3_C.so");
run_condor_job_Run3(841, 100, 2,
                    80, 200,
                    1, 1, 1, 8);
.q

ENTERED run_condor_job_Run3()
JOBID = 841
  global job = 841  Job 41/100  events [2460000, 2520000)  total=6000000
Processing events [2460000, 2520000) of 6000000
weight: 8.32282e-07
eec: 583.239
weight: 1.12862e-05
eec: 446.247
weight: 3.90112e-05
eec: 575.196
weight: 1.14268e-05
eec: 220.995
weight: 0.00524448
eec: 500.548
weight: 4.11774e-05
eec: 100.751
weight: 4.72148e-05
eec: 182.998
weight: 7.47807e-05
eec: 148.553
weight: 5.88096e-06
eec: 532.713
weight: 4.12447e-05
eec: 980.161
weight: 1.95977e-07
eec: 2971.87
weight: 9.22197e-06
eec: 877.622
weight: 6.80357e-07
eec: 1275.6
weight: 3.38109e-05
eec: 611.619
weight: 5.88091e-05
eec: 884.381
weight: 7.67321e-05
eec: 594.473
weight: 0.000108471
eec: 104.186
weight: 0.000107471
eec: 1024.26
weight: 2.89576e-05
eec: 77.2279
weight: 0.000308218
eec: 392.587
weight: 9.14406e-08
eec: 209.687
weight: 1.1438e-05
eec: 407.268
weight: 1.78091e-05
eec: 94.1962
weight: 8.66478e-06
eec: 582.628
weight: 5.71083e-05
eec: 535.084
weight: 7.6083e-06
eec: 867.958
weight: 7.6083e-06
eec: 774.617
weight: 6.48059e-06
eec: 67.3893
weight: 1.77536e-05
eec: 1251.56
weight: 3.28974e-05
eec: 139.851
weight: 8.96341e-05
eec: 658.672
weight: 0.00038261
eec: 426.042
weight: 1.60767e-05
eec: 345.478
weight: 0.000102542
eec: 804.149
weight: 1.34657e-05
eec: 386.769
weight: 1.42293e-05
eec: 750.436
weight: 0.000136021
eec: 1391.39
weight: 2.55619e-05
eec: 109.942
weight: 2.44655e-05
eec: 1038.67
weight: 1.52248e-05
eec: 658.008
weight: 4.34522e-05
eec: 216.13
weight: 2.15479e-07
eec: 1447.22
weight: 0.000112782
eec: 129.987
weight: 1.61805e-05
eec: 391.656
weight: 7.69234e-05
eec: 115.411
weight: 4.10358e-05
eec: 682.76
weight: 7.1949e-06
eec: 339.534
weight: 2.54589e-05
eec: 448.085
weight: 1.65456e-07
eec: 63.043
weight: 0.000101083
eec: 224.597
weight: 5.74066e-05
eec: 199.763
weight: 3.43146e-05
eec: 504.637
weight: 9.98444e-05
eec: 130.176
weight: 4.26305e-05
eec: 353.592
weight: 5.74181e-05
eec: 236.359
weight: 6.71368e-06
eec: 190.007
weight: 4.48738e-05
eec: 323.913
weight: 2.38219e-05
eec: 746.016
weight: 4.30152e-05
eec: 610.906
weight: 1.84404e-05
eec: 237.322
weight: 1.32767e-05
eec: 771.576
weight: 0.000140664
eec: 141.008
weight: 0.000106631
eec: 358.409
weight: 0.00011482
eec: 33.6418
weight: 4.13033e-06
eec: 63.9315
weight: 7.00218e-07
eec: 408.092
weight: 0.000122572
eec: 431.369
weight: 0.000104795
eec: 86.6351
weight: 3.64899e-06
eec: 1435.29
weight: 8.98862e-06
eec: 730.723
weight: 2.64729e-05
eec: 1336.55
weight: 4.68277e-05
eec: 67.1533
weight: 0.000758262
eec: 36.138
weight: 8.0751e-05
eec: 291.57
weight: 1.91341e-05
eec: 1994.32
weight: 4.84018e-05
eec: 474.745
weight: 4.93633e-06
eec: 408.12
weight: 3.49617e-05
eec: 90.2542
weight: 9.79764e-05
eec: 111.092
weight: 7.94855e-06
eec: 2349.03
weight: 0.000408341
eec: 225.535
weight: 4.79816e-06
eec: 376.773
weight: 2.92674e-05
eec: 583.444
weight: 4.96789e-05
eec: 623.381
weight: 9.06801e-06
eec: 965.891
weight: 1.48781e-05
eec: 967.542
weight: 5.27206e-05
eec: 791.113
weight: 6.72282e-05
eec: 389.055
weight: 5.36192e-05
eec: 1157.37
weight: 0.000228107
eec: 167.024
weight: 1.49262e-07
eec: 283.686
weight: 7.25887e-05
eec: 58.895
weight: 2.3989e-06
eec: 1994.59
weight: 2.17436e-05
eec: 705.451
weight: 9.41018e-06
eec: 2225.18
weight: 9.44817e-05
eec: 425.229
weight: 1.27425e-05
eec: 955.913
weight: 7.42364e-06
eec: 1524.71
weight: 0.0011837
eec: 166.82
weight: 1.56083e-05
eec: 872.515
weight: 2.32352e-05
eec: 30.7547
weight: 1.02088e-05
eec: 395.694
weight: 0.000117608
eec: 222.488
weight: 8.23143e-05
eec: 50.8853
weight: 1.42061e-05
eec: 994.554
weight: 1.28565e-05
eec: 502.71
weight: 4.90186e-06
eec: 496.353
weight: 4.12625e-05
eec: 77.147
weight: 1.5085e-06
eec: 194.122
weight: 9.17735e-06
eec: 1311.02
weight: 5.11971e-05
eec: 611.291
weight: 5.9228e-06
eec: 357.359
weight: 3.14377e-05
eec: 75.5675
weight: 2.16202e-06
eec: 383.296
weight: 0.000403444
eec: 517.569
weight: 1.03449e-05
eec: 244.119
weight: 4.4916e-07
eec: 201.176
weight: 9.34032e-06
eec: 1971.83
weight: 3.66266e-05
eec: 3751.54
weight: 7.24905e-06
eec: 39.7438
weight: 5.02833e-05
eec: 244.344
weight: 1.613e-06
eec: 307.611
weight: 1.56226e-05
eec: 87.2324
weight: 0.000434236
eec: 290.238
weight: 1.04574e-05
eec: 1375.85
weight: 5.21406e-07
eec: 758.713
weight: 1.04063e-05
eec: 1626.67
weight: 1.52962e-05
eec: 1218.87
weight: 0.000140782
eec: 32.0021
weight: 6.06441e-05
eec: 176.615
weight: 0.00013415
eec: 153.728
weight: 4.76438e-05
eec: 488.03
weight: 4.21912e-06
eec: 308.611
weight: 0.000230257
eec: 157.753
weight: 0.000380576
eec: 285.694
weight: 2.36233e-05
eec: 191.309
weight: 4.91021e-05
eec: 49.7458
weight: 3.23855e-05
eec: 380.573
weight: 2.08302e-05
eec: 1110.29
weight: 1.82862e-05
eec: 1338.96
weight: 1.57529e-06
eec: 495.135
weight: 0.000102776
eec: 1341.53
weight: 0.000204643
eec: 181.586
weight: 1.35081e-05
eec: 928.193
weight: 2.06776e-05
eec: 28.9364
weight: 5.88265e-05
eec: 1360.69
weight: 0.000110398
eec: 831.67
weight: 1.50862e-05
eec: 676.019
weight: 7.97321e-06
eec: 608.385
weight: 0.000133054
eec: 239.868
weight: 1.81822e-05
eec: 121.01
weight: 5.86279e-06
eec: 2399.46
weight: 7.48232e-05
eec: 247.658
weight: 7.45016e-05
eec: 1983.38
weight: 0.000354039
eec: 515.899
weight: 1.37097e-05
eec: 334.475
weight: 7.55763e-06
eec: 1718.86
weight: 1.5962e-05
eec: 193.684
weight: 8.37895e-05
eec: 263.743
weight: 2.80118e-05
eec: 1874.08
weight: 1.13232e-05
eec: 716.358
weight: 0.000230327
eec: 249.309
weight: 8.81115e-05
eec: 175.525
weight: 0.000210355
eec: 181.356
weight: 4.8127e-06
eec: 373.812
weight: 0.000148338
eec: 49.7078
weight: 5.5414e-08
eec: 55.2704
Processing: 41.6667 %weight: 1.46704e-06
eec: 623.795
weight: 1.16374e-07
eec: 60.4983
weight: 7.73171e-05
eec: 272.543
weight: 9.95014e-05
eec: 579.479
weight: 9.39307e-07
eec: 180.47
weight: 1.2422e-05
eec: 651.067
weight: 5.14207e-05
eec: 826.027
weight: 1.18172e-06
eec: 318.505
weight: 1.43922e-06
eec: 94.1082
weight: 1.0432e-05
eec: 86.1378
weight: 0.000111972
eec: 590.274
weight: 6.94983e-06
eec: 2224.82
weight: 0.000414243
eec: 225.454
weight: 1.10846e-05
eec: 1730.86
weight: 3.20017e-07
eec: 326.188
weight: 4.60619e-05
eec: 365.519
weight: 1.41044e-07
eec: 65.1986
weight: 1.13493e-07
eec: 481.814
weight: 3.63217e-06
eec: 127.044
weight: 1.20065e-05
eec: 1007.49
weight: 2.04947e-05
eec: 1101.87
weight: 7.63421e-05
eec: 53.0501
weight: 2.64809e-05
eec: 128.548
weight: 0.000192705
eec: 418.262
weight: 0.0001962
eec: 928.906
weight: 3.04332e-06
eec: 304.776
weight: 7.10283e-06
eec: 1152.82
weight: 6.16309e-05
eec: 65.9792
weight: 8.87723e-06
eec: 356.751
weight: 4.65184e-06
eec: 522.919
weight: 2.69846e-05
eec: 683.496
weight: 7.91045e-05
eec: 241.283
weight: 3.62909e-05
eec: 693.562
weight: 1.72539e-05
eec: 278.02
weight: 3.4371e-05
eec: 91.764
weight: 0.000102859
eec: 266.664
weight: 6.04543e-06
eec: 33.1369
weight: 5.8203e-05
eec: 134.631
weight: 2.18596e-05
eec: 759.707
weight: 4.0756e-05
eec: 44.0338
weight: 3.4189e-06
eec: 1303.66
weight: 5.5261e-06
eec: 160.865
weight: 5.50131e-07
eec: 1248.36
weight: 0.000394144
eec: 253.476
weight: 8.57659e-06
eec: 123.618
weight: 4.51136e-06
eec: 1412.33
weight: 1.02652e-05
eec: 1102.1
weight: 8.36306e-05
eec: 775.47
weight: 2.90773e-05
eec: 64.4506
weight: 0.000304454
eec: 561.69
weight: 4.53208e-05
eec: 123.432
weight: 1.01771e-05
eec: 686.973
weight: 0.000171074
eec: 89.5076
weight: 1.14878e-05
eec: 694.247
weight: 4.61036e-06
eec: 517.674
weight: 2.00239e-05
eec: 290.357
weight: 5.29808e-06
eec: 1827.32
weight: 1.77108e-07
eec: 538.759
weight: 0.00108995
eec: 540.685
weight: 2.49412e-05
eec: 1531.28
weight: 1.5453e-05
eec: 171.112
weight: 2.13655e-05
eec: 1880.17
weight: 5.14739e-05
eec: 176.098
weight: 0.000117956
eec: 556.779
weight: 8.36219e-06
eec: 3559.6
weight: 0.000146972
eec: 457.175
weight: 3.03729e-05
eec: 74.8133
weight: 4.79728e-06
eec: 1580.76
weight: 2.53507e-05
eec: 605.485
weight: 2.64106e-05
eec: 1719.71
weight: 7.28949e-05
eec: 280.61
weight: 9.38141e-06
eec: 440.635
weight: 0.000115824
eec: 355.252
weight: 1.11986e-05
eec: 735.497
weight: 5.86146e-07
eec: 1288.84
weight: 0.00041216
eec: 288.507
weight: 2.32291e-06
eec: 39.2513
weight: 3.54839e-06
eec: 408.911
weight: 3.45688e-06
eec: 551.046
weight: 1.13835e-05
eec: 1242.17
weight: 3.66979e-06
eec: 1417.87

ROOT exit code = 0
