gSystem->Load("run_condor_job_Run3_C.so");
run_condor_job_Run3(656, 100, 2,
                    80, 200,
                    1, 1, 1, 6);
.q

ENTERED run_condor_job_Run3()
JOBID = 656
  global job = 656  Job 56/100  events [3302880, 3361860)  total=5898000
Processing events [3302880, 3361860) of 5898000
weight: 0.000227329
eec: 168.441
weight: 4.567e-05
eec: 1131.91
weight: 1.94169e-05
eec: 439.47
weight: 3.60265e-07
eec: 3404.22
weight: 4.3008e-05
eec: 33.7166
weight: 2.32978e-06
eec: 336.023
weight: 4.98831e-06
eec: 637.107
weight: 4.87101e-05
eec: 1097.69
weight: 3.002e-05
eec: 273.285
weight: 2.0952e-05
eec: 329.149
weight: 2.01467e-05
eec: 272.386
weight: 5.88322e-05
eec: 34.9087
weight: 1.85084e-05
eec: 222.947
weight: 9.45692e-05
eec: 991.722
weight: 2.00209e-07
eec: 211.741
weight: 3.07364e-06
eec: 2578.23
weight: 1.31847e-06
eec: 42.8664
weight: 3.50095e-05
eec: 411.96
weight: 1.08637e-05
eec: 655.753
weight: 8.34703e-05
eec: 1140.9
weight: 0.000890025
eec: 363.194
weight: 6.05239e-06
eec: 5.30596
weight: 0.000117878
eec: 138.84
weight: 0.000116885
eec: 787.641
weight: 0.000247272
eec: 140.662
weight: 1.61371e-05
eec: 719.749
weight: 4.79576e-06
eec: 97.4304
weight: 6.11808e-05
eec: 647.666
weight: 3.49006e-05
eec: 439.025
weight: 7.60693e-06
eec: 583.526
weight: 3.77506e-05
eec: 1093.08
weight: 1.14594e-05
eec: 747.93
weight: 5.71724e-05
eec: 228.844
weight: 5.41282e-07
eec: 987.257
weight: 6.20373e-06
eec: 436.178
weight: 1.96793e-05
eec: 494.07
weight: 1.20184e-06
eec: 339.071
weight: 0.000114801
eec: 115.877
weight: 3.20449e-05
eec: 1592.69
weight: 2.95685e-06
eec: 726.146
weight: 4.20736e-05
eec: 639.209
weight: 4.67987e-05
eec: 324.873
weight: 7.18266e-07
eec: 1274.24
weight: 4.04479e-05
eec: 973.997
weight: 7.81664e-07
eec: 666.094
weight: 1.04505e-05
eec: 1074.18
weight: 6.81327e-05
eec: 3060.66
weight: 7.30731e-06
eec: 2225.7
weight: 2.5367e-06
eec: 243.213
weight: 7.47045e-06
eec: 382.526
weight: 3.83193e-06
eec: 989.98
weight: 7.89321e-05
eec: 32.8959
weight: 2.38845e-05
eec: 464.625
weight: 7.95437e-08
eec: 1219.17
weight: 1.02358e-05
eec: 222.88
weight: 3.70788e-06
eec: 880.374
weight: 3.4715e-05
eec: 346.212
weight: 2.82548e-05
eec: 283.017
weight: 0.000427168
eec: 859.926
weight: 4.07268e-06
eec: 515.021
weight: 1.29641e-05
eec: 923.958
weight: 1.57403e-05
eec: 460.852
weight: 0.000202048
eec: 203.952
weight: 2.70457e-06
eec: 781.743
weight: 0.000728029
eec: 1745.78
weight: 0.000164281
eec: 251.876
weight: 7.10633e-07
eec: 1036.16
weight: 8.42955e-05
eec: 591.359
weight: 5.87745e-06
eec: 47.9429
weight: 0.000990024
eec: 206.705
weight: 5.93827e-05
eec: 340.95
weight: 8.08419e-06
eec: 282.569
weight: 1.15966e-05
eec: 97.3106
weight: 8.84109e-06
eec: 130.031
weight: 7.30103e-05
eec: 132.533
weight: 0.000407144
eec: 148.116
weight: 5.6591e-08
eec: 108.224
weight: 2.21021e-06
eec: 809.472
weight: 7.30957e-06
eec: 388.19
weight: 7.41994e-05
eec: 192.831
weight: 8.73781e-06
eec: 242.765
weight: 4.93667e-06
eec: 1366.16
weight: 1.28519e-06
eec: 1158.49
weight: 4.66576e-06
eec: 458.931
weight: 0.000104163
eec: 257.421
weight: 0.000290135
eec: 101.976
weight: 0.000290135
eec: 594.436
weight: 5.62032e-05
eec: 121.858
weight: 1.80508e-06
eec: 237.206
weight: 1.55125e-05
eec: 546.563
weight: 0.00011967
eec: 198.985
weight: 5.13939e-06
eec: 677.029
weight: 3.21404e-05
eec: 18.4239
weight: 2.09684e-05
eec: 159.339
weight: 0.000391316
eec: 267.577
weight: 3.37701e-05
eec: 667.887
weight: 4.80619e-06
eec: 1602.09
weight: 1.52714e-06
eec: 2766.76
weight: 1.39489e-06
eec: 589.289
weight: 2.68815e-06
eec: 212.027
weight: 2.27135e-05
eec: 109.45
weight: 8.67753e-07
eec: 37.0008
weight: 1.8033e-05
eec: 150.972
weight: 1.62063e-06
eec: 1352.41
weight: 9.17781e-07
eec: 1805.02
weight: 0.000180021
eec: 987.788
weight: 2.76595e-05
eec: 551.011
weight: 5.2426e-06
eec: 79.6692
weight: 0.000884654
eec: 741.56
weight: 2.40068e-05
eec: 182.255
weight: 2.37175e-06
eec: 1379.44
weight: 2.17558e-06
eec: 658.659
weight: 6.32302e-06
eec: 912.713
weight: 2.07918e-06
eec: 642.673
weight: 1.22678e-06
eec: 900.523
weight: 0.000125521
eec: 1073.18
weight: 0.000146076
eec: 708.308
weight: 4.14835e-06
eec: 286.066
weight: 7.92587e-05
eec: 1146.68
weight: 2.99362e-06
eec: 47.0849
weight: 2.68839e-08
eec: 303.521
weight: 3.87819e-06
eec: 50.4698
weight: 7.24744e-06
eec: 156.206
weight: 0.000403671
eec: 603.617
weight: 3.61397e-05
eec: 1803.5
weight: 8.21404e-06
eec: 1481.09
weight: 5.31424e-05
eec: 586.679
weight: 3.59733e-06
eec: 300.231
weight: 0.00014081
eec: 21.5932
weight: 2.66937e-06
eec: 1513.51
weight: 1.12033e-05
eec: 545.696
weight: 8.74711e-06
eec: 73.7183
weight: 0.000177478
eec: 325.848
weight: 7.99426e-06
eec: 481.996
weight: 9.37194e-05
eec: 9.08141
weight: 3.22939e-06
eec: 55.8433
weight: 0.000127286
eec: 232.31
weight: 4.38995e-05
eec: 81.4497
weight: 7.50661e-05
eec: 673.019
weight: 3.66648e-06
eec: 694.51
weight: 1.82542e-05
eec: 160.626
weight: 2.7943e-06
eec: 533.238
weight: 4.10022e-05
eec: 630.139
weight: 1.67064e-05
eec: 155.998
weight: 4.88414e-05
eec: 419.971
weight: 1.04858e-06
eec: 339.126
weight: 0.000134481
eec: 2062.47
weight: 9.05464e-06
eec: 3416.21
weight: 5.21474e-06
eec: 204.815
weight: 6.98756e-06
eec: 895.827
weight: 2.58737e-06
eec: 134.534
weight: 0.000131978
eec: 81.9116
weight: 6.30888e-06
eec: 214.048
weight: 6.20767e-06
eec: 142.267
weight: 0.000341263
eec: 594.232
weight: 0.000148855
eec: 538.407
weight: 1.90909e-05
eec: 299.853
weight: 2.30564e-05
eec: 543.649
weight: 3.26467e-06
eec: 772.901
weight: 6.93823e-05
eec: 600.105
weight: 0.000211751
eec: 337.835
weight: 3.98765e-05
eec: 211.444
weight: 1.2886e-05
eec: 255.376
weight: 0.00010167
eec: 586.521
weight: 0.000726147
eec: 35.1206
weight: 4.42077e-05
eec: 179.948
weight: 1.00385e-05
eec: 116.118
weight: 3.40313e-05
eec: 419.115
weight: 4.48544e-05
eec: 1600.63
weight: 4.2751e-07
eec: 710.222
weight: 2.89031e-06
eec: 1475.35
weight: 2.177e-05
eec: 2755.05
weight: 3.72901e-06
eec: 442.608
weight: 0.000120682
eec: 87.0351
weight: 2.06613e-05
eec: 756.028
weight: 7.2418e-05
eec: 66.4748
weight: 1.30425e-05
eec: 2940.37
weight: 4.53527e-07
eec: 89.0313
weight: 1.47095e-05
eec: 513.773
weight: 0.000262619
eec: 154.847
weight: 4.56499e-06
eec: 2562.88
weight: 9.50906e-05
eec: 922.818
weight: 7.73003e-05
eec: 454.168
weight: 6.77951e-05
eec: 276.062
weight: 6.80211e-06
eec: 559.159
weight: 3.38087e-05
eec: 345.772
weight: 1.50469e-05
eec: 78.5278
weight: 3.7828e-05
eec: 307.59
weight: 0.000196346
eec: 372.929
weight: 0.000136612
eec: 91.5004
weight: 1.08895e-05
eec: 891.971
weight: 9.54208e-05
eec: 243.582
weight: 1.03065e-05
eec: 589.097
weight: 4.8099e-06
eec: 373.257
weight: 2.93023e-05
eec: 685.881
weight: 2.84702e-05
eec: 99.9755
weight: 3.91746e-05
eec: 202.644
weight: 0.000396056
eec: 186.996
weight: 5.20281e-05
eec: 86.1408
weight: 4.93384e-05
eec: 241.362
weight: 0.000349203
eec: 49.2779
weight: 6.22817e-05
eec: 298.011
weight: 4.50575e-06
eec: 1050.96
weight: 4.2888e-05
eec: 1376.65
weight: 8.02039e-06
eec: 3363.07
weight: 2.63317e-05
eec: 92.5538
weight: 0.000146288
eec: 435.81
weight: 1.18225e-05
eec: 80.7536
weight: 7.94302e-07
eec: 171.45
weight: 1.59728e-05
eec: 555.665
weight: 3.49981e-06
eec: 238.268
weight: 0.000177518
eec: 261.977
weight: 0.000887344
eec: 90.7344
weight: 0.000259237
eec: 500.676
weight: 0.000344147
eec: 9.07357
weight: 4.9213e-06
eec: 1177.12
weight: 2.45622e-05
eec: 13.8322
weight: 6.30809e-05
eec: 639.383
weight: 3.16301e-06
eec: 98.8608
Processing: 56.7989 %weight: 6.37144e-05
eec: 732.955
weight: 1.06222e-06
eec: 177.682
weight: 8.85709e-06
eec: 217.385
weight: 4.69851e-05
eec: 232.301
weight: 3.48544e-05
eec: 211.301
weight: 0.000141806
eec: 48.5151
weight: 1.2177e-05
eec: 550.758
weight: 2.44293e-07
eec: 730.676
weight: 5.08844e-05
eec: 1622.24
weight: 1.2605e-05
eec: 153.669
weight: 1.51765e-05
eec: 14.8222
weight: 2.04715e-07
eec: 132.623
weight: 3.74414e-05
eec: 100.402
weight: 1.15895e-05
eec: 249.102
weight: 2.34348e-05
eec: 142.562
weight: 7.47687e-05
eec: 606.549
weight: 2.77332e-05
eec: 824.477
weight: 2.63428e-05
eec: 58.6078
weight: 1.19664e-05
eec: 500.225
weight: 5.36481e-05
eec: 244.071
weight: 0.000204196
eec: 621.933
weight: 1.87841e-07
eec: 55.5001
weight: 2.3928e-06
eec: 1305.5
weight: 6.45236e-06
eec: 171.288
weight: 3.75687e-05
eec: 555.52
weight: 0.000335993
eec: 267.659
weight: 7.91134e-05
eec: 222.791
weight: 1.46631e-05
eec: 1231.37
weight: 1.98541e-06
eec: 37.0671
weight: 2.77361e-05
eec: 737.783
weight: 0.000121866
eec: 54.032
weight: 0.000260157
eec: 120.754
weight: 2.78696e-05
eec: 2566.22
weight: 0.00018692
eec: 953.028
weight: 3.22049e-05
eec: 149.062
weight: 0.000122105
eec: 676.789
weight: 2.12107e-05
eec: 224.533
weight: 6.92322e-06
eec: 107.153
weight: 8.97798e-06
eec: 149.878
weight: 5.15625e-05
eec: 1028.2
weight: 1.37905e-05
eec: 366.901
weight: 9.57862e-05
eec: 1213.59
weight: 1.50306e-05
eec: 235.031
weight: 4.78107e-06
eec: 482.303
weight: 1.29014e-05
eec: 108.618
weight: 1.91319e-05
eec: 416.414

ROOT exit code = 0
