gSystem->Load("run_condor_job_Run3_C.so");
run_condor_job_Run3(424, 100, 2,
                    80, 200,
                    1, 1, 1, 4);
.q

ENTERED run_condor_job_Run3()
JOBID = 424
  global job = 424  Job 24/100  events [1415520, 1474500)  total=5898000
Processing events [1415520, 1474500) of 5898000
weight: 1.86813e-05
eec: 1311.84
weight: 1.86813e-05
eec: 321.364
weight: 1.18272e-05
eec: 4449.72
weight: 7.78162e-06
eec: 550.595
weight: 1.98022e-06
eec: 245.289
weight: 4.52744e-06
eec: 794.019
weight: 0.00028534
eec: 222.76
weight: 4.42666e-05
eec: 201.505
weight: 0.000227917
eec: 205.379
weight: 4.42332e-06
eec: 391.125
weight: 3.78291e-05
eec: 71.5785
weight: 8.91806e-08
eec: 130.983
weight: 0.000168544
eec: 187.8
weight: 3.5394e-05
eec: 639.979
weight: 1.17796e-05
eec: 1022.58
weight: 6.27313e-05
eec: 162.955
weight: 2.40528e-05
eec: 1220.7
weight: 1.27258e-05
eec: 123.001
weight: 0.000101977
eec: 357.413
weight: 2.86487e-05
eec: 855.717
weight: 3.79687e-05
eec: 1218.74
weight: 0.000255126
eec: 246.562
weight: 9.85009e-06
eec: 1674.47
weight: 3.11165e-05
eec: 103.718
weight: 1.51014e-06
eec: 80.3683
weight: 2.03863e-05
eec: 1261.88
weight: 1.13487e-05
eec: 320.715
weight: 0.00033915
eec: 813.912
weight: 1.33993e-05
eec: 102.719
weight: 0.00112869
eec: 77.2619
weight: 3.3938e-06
eec: 176.322
weight: 7.34843e-06
eec: 196.834
weight: 5.23742e-05
eec: 417.846
weight: 0.000144429
eec: 620.173
weight: 2.31525e-06
eec: 82.1884
weight: 2.60561e-05
eec: 463.514
weight: 6.25082e-06
eec: 1254.35
weight: 9.37174e-07
eec: 3814.82
weight: 2.98824e-05
eec: 77.977
weight: 3.06799e-06
eec: 594.285
weight: 4.69887e-06
eec: 773.79
weight: 2.47217e-06
eec: 493.51
weight: 8.31733e-07
eec: 735.667
weight: 0.000250161
eec: 326.616
weight: 3.32749e-05
eec: 139.794
weight: 9.50653e-06
eec: 133.233
weight: 5.61461e-06
eec: 592.963
weight: 4.4391e-07
eec: 650.797
weight: 2.11444e-05
eec: 880.182
weight: 7.14525e-06
eec: 35.5229
weight: 2.46642e-05
eec: 1081.23
weight: 4.65767e-06
eec: 887.145
weight: 2.40469e-06
eec: 2985.77
weight: 0.000290991
eec: 449.316
weight: 7.86368e-05
eec: 44.7411
weight: 6.14454e-05
eec: 166.992
weight: 1.49814e-06
eec: 464.8
weight: 2.4464e-05
eec: 1527.67
weight: 9.93488e-05
eec: 357.251
weight: 7.94606e-05
eec: 50.9904
weight: 1.23152e-05
eec: 882.869
weight: 9.03195e-05
eec: 1181.04
weight: 6.04163e-06
eec: 426.86
weight: 0.000252955
eec: 76.8368
weight: 8.05395e-06
eec: 369.722
weight: 1.06249e-05
eec: 1775.39
weight: 3.59348e-05
eec: 134.599
weight: 3.55209e-05
eec: 260.652
weight: 2.74294e-05
eec: 257.524
weight: 2.74294e-05
eec: 1423.67
weight: 6.14859e-06
eec: 34.1061
weight: 1.39571e-05
eec: 902.271
weight: 6.62621e-05
eec: 350.459
weight: 6.06216e-05
eec: 223.689
weight: 3.70549e-06
eec: 569.087
weight: 0.000119217
eec: 310.887
weight: 1.92878e-05
eec: 1270.54
weight: 5.63375e-05
eec: 81.7211
weight: 6.12434e-06
eec: 237.662
weight: 3.96913e-06
eec: 144.439
weight: 3.83204e-06
eec: 459.723
weight: 0.000367644
eec: 181.044
weight: 4.48911e-07
eec: 13.8606
weight: 2.33235e-05
eec: 199.566
weight: 0.000157159
eec: 206.266
weight: 4.4707e-05
eec: 403.086
weight: 4.14158e-05
eec: 621.016
weight: 0.000562187
eec: 37.3457
weight: 1.29149e-06
eec: 28.4282
weight: 7.61058e-05
eec: 462.234
weight: 3.23306e-08
eec: 1850.12
weight: 0.000455106
eec: 224.908
weight: 1.25526e-05
eec: 338.954
weight: 7.50291e-06
eec: 313.435
weight: 5.35977e-05
eec: 791.481
weight: 2.91079e-05
eec: 845.512
weight: 5.15523e-05
eec: 1901.48
weight: 3.10201e-05
eec: 75.4074
weight: 2.94186e-05
eec: 659.224
weight: 1.20705e-05
eec: 374.852
weight: 1.74201e-05
eec: 1393.64
weight: 4.33774e-05
eec: 271.737
weight: 1.73409e-05
eec: 99.7226
weight: 3.26262e-05
eec: 216.75
weight: 1.56595e-05
eec: 157.123
weight: 3.96532e-05
eec: 43.836
weight: 1.90866e-05
eec: 176.724
weight: 1.66668e-05
eec: 854.559
weight: 0.000357352
eec: 55.6259
weight: 1.47222e-05
eec: 224.178
weight: 1.04594e-05
eec: 708.463
weight: 2.58533e-05
eec: 187.063
weight: 1.36444e-05
eec: 402.608
weight: 0.000164316
eec: 237.606
weight: 8.71372e-05
eec: 50.7141
weight: 0.000136808
eec: 937.197
weight: 0.000111025
eec: 246.61
weight: 3.60753e-05
eec: 311.645
weight: 2.09146e-05
eec: 919.114
weight: 0.000110493
eec: 568.885
weight: 6.16758e-07
eec: 614.92
weight: 1.0744e-05
eec: 60.6976
weight: 0.000103483
eec: 407.026
weight: 2.60661e-05
eec: 1823.93
Processing: 24.5846 %weight: 0.00173857
eec: 955.182
weight: 0.000249769
eec: 290.434
weight: 6.58875e-07
eec: 973.642
weight: 8.07707e-06
eec: 869.694
weight: 1.01564e-06
eec: 479.122
weight: 8.03904e-06
eec: 599.499
weight: 0.000720682
eec: 151.327
weight: 0.000229962
eec: 250.864
weight: 0.000135286
eec: 285.277
weight: 7.48305e-06
eec: 147.174
weight: 6.42696e-06
eec: 2225.64
weight: 2.47653e-07
eec: 150.925
weight: 0.00312627
eec: 1352.11
weight: 0.000125862
eec: 250.514
weight: 1.11082e-05
eec: 952.939
weight: 3.22275e-06
eec: 135.253
weight: 3.58828e-05
eec: 99.4026
weight: 2.969e-05
eec: 897.352
weight: 3.21006e-05
eec: 201.324
weight: 2.80252e-05
eec: 178.121
weight: 2.79094e-05
eec: 1492.35
weight: 7.0777e-06
eec: 102.716
weight: 9.87598e-06
eec: 828.29
weight: 8.9263e-06
eec: 1354.11
weight: 4.17534e-05
eec: 59.8802
weight: 2.86977e-05
eec: 508.122
weight: 3.66395e-05
eec: 133.714
weight: 0.000111234
eec: 393.634
weight: 2.59768e-05
eec: 38.1072
weight: 5.24605e-06
eec: 1280.55
weight: 1.3177e-05
eec: 158.318
weight: 9.30153e-05
eec: 963.771
weight: 5.42943e-07
eec: 357.958
weight: 2.13974e-05
eec: 1474.04
weight: 2.4504e-05
eec: 61.5155
weight: 0.000252872
eec: 146.451
weight: 3.3043e-05
eec: 637.721
weight: 1.41304e-05
eec: 802.246
weight: 3.45889e-05
eec: 244.604
weight: 0.000105517
eec: 353.683
weight: 9.23918e-05
eec: 239.611
weight: 2.33373e-05
eec: 723.385
weight: 0.000374142
eec: 204.25
weight: 1.73145e-06
eec: 975.067
weight: 0.000467569
eec: 1052.9
weight: 1.98198e-06
eec: 317.754
weight: 6.53761e-05
eec: 485.159
weight: 1.23562e-06
eec: 313.861
weight: 3.89488e-06
eec: 2431.81
weight: 8.57221e-06
eec: 66.5541
weight: 2.06866e-07
eec: 134.119
weight: 0.0001296
eec: 514.764
weight: 4.22074e-05
eec: 415.992
weight: 3.04279e-05
eec: 98.057
weight: 3.04279e-05
eec: 236.603
weight: 0.00011408
eec: 2090.06
weight: 2.97211e-05
eec: 534.542
weight: 2.33569e-05
eec: 498.465
weight: 2.33569e-05
eec: 354.741
weight: 4.96339e-07
eec: 396.1
weight: 8.20279e-06
eec: 113.781
weight: 1.56104e-05
eec: 1157.34
weight: 2.05481e-05
eec: 228.733
weight: 4.83479e-05
eec: 803.075
weight: 1.66298e-06
eec: 1102.36
weight: 3.69479e-06
eec: 335.522
weight: 7.087e-06
eec: 446.086
weight: 0.000231663
eec: 431.619
weight: 1.27843e-05
eec: 649.679
weight: 6.02453e-06
eec: 131.065
weight: 1.31602e-05
eec: 679.449
weight: 4.43359e-05
eec: 512.433
weight: 1.47359e-05
eec: 144.077
weight: 1.93048e-05
eec: 1480.43
weight: 0.000262757
eec: 346.59
weight: 4.19686e-06
eec: 118.4
weight: 6.19675e-05
eec: 469.647
weight: 5.34461e-07
eec: 243.278
weight: 1.11792e-05
eec: 1078.5
weight: 8.83496e-05
eec: 300.596
weight: 3.77931e-05
eec: 379.936
weight: 3.60335e-05
eec: 322.548
weight: 0.000175396
eec: 403.505
weight: 0.000205916
eec: 319.266
weight: 0.000183071
eec: 977.746
weight: 0.000146696
eec: 184.151
weight: 2.45584e-05
eec: 593.844
weight: 8.92033e-05
eec: 612.862
weight: 6.57422e-05
eec: 760.052
weight: 6.57449e-05
eec: 155.897
weight: 3.19221e-06
eec: 411.971
weight: 2.61026e-05
eec: 2590.29
weight: 8.05557e-07
eec: 574.444
weight: 6.56056e-06
eec: 813.8

ROOT exit code = 0
