gSystem->Load("run_condor_job_Run3_C.so");
run_condor_job_Run3(120, 100, 2,
                    80, 200,
                    1, 1, 1, 1);
.q

ENTERED run_condor_job_Run3()
JOBID = 120
  global job = 120  Job 20/100  events [1172400, 1231020)  total=5862000
Processing events [1172400, 1231020) of 5862000
weight: 5.93596e-06
eec: 309.765
weight: 1.64914e-05
eec: 768.657
weight: 3.38216e-06
eec: 1143.24
weight: 6.48634e-07
eec: 236.465
weight: 1.44704e-05
eec: 43.5263
weight: 4.17183e-05
eec: 40.399
weight: 8.43528e-05
eec: 666.807
weight: 0.000654837
eec: 1210.06
weight: 1.56928e-05
eec: 382.924
weight: 0.000294522
eec: 198.121
weight: 2.40969e-05
eec: 341.591
weight: 3.39311e-05
eec: 1356.99
weight: 4.25238e-05
eec: 218.766
weight: 2.26484e-05
eec: 771.98
weight: 6.15584e-05
eec: 1953.44
weight: 2.26526e-05
eec: 89.0117
weight: 2.06486e-05
eec: 855.161
weight: 7.33168e-05
eec: 153.32
weight: 2.68751e-05
eec: 157.828
weight: 2.42759e-06
eec: 647.987
weight: 6.91758e-05
eec: 477.35
weight: 1.22078e-06
eec: 251.626
weight: 2.06395e-05
eec: 737.853
weight: 7.06461e-06
eec: 228.304
weight: 1.15048e-07
eec: 1564.87
weight: 1.36073e-05
eec: 895.417
weight: 0.000114757
eec: 517.155
weight: 1.45374e-05
eec: 92.4978
weight: 1.49436e-05
eec: 3021.46
weight: 9.28475e-05
eec: 869.011
weight: 2.09481e-07
eec: 86.2011
weight: 5.20129e-06
eec: 1610.41
weight: 2.91525e-05
eec: 945.515
weight: 1.63373e-05
eec: 694.778
weight: 2.32117e-05
eec: 105.822
weight: 3.62543e-07
eec: 53.1752
weight: 3.45746e-05
eec: 39.8134
weight: 0.000210189
eec: 469.647
weight: 1.18221e-05
eec: 610.654
weight: 3.21951e-05
eec: 19.168
weight: 4.03714e-05
eec: 463.703
weight: 6.52428e-06
eec: 331.573
weight: 1.73389e-05
eec: 1071.9
weight: 1.77631e-05
eec: 87.4565
weight: 1.61962e-05
eec: 458.016
weight: 0.00017188
eec: 369.566
weight: 5.74368e-07
eec: 1167.27
weight: 3.85423e-06
eec: 434.383
weight: 1.59059e-05
eec: 140.641
weight: 3.39221e-05
eec: 595.577
weight: 1.51226e-05
eec: 2298.44
weight: 1.05427e-05
eec: 917.034
weight: 2.58009e-05
eec: 304.5
weight: 1.57538e-05
eec: 172.768
weight: 0.000114464
eec: 415.214
weight: 5.79053e-05
eec: 695.661
weight: 1.59854e-05
eec: 64.2132
weight: 3.048e-05
eec: 819.894
weight: 5.23983e-07
eec: 342.905
weight: 4.69502e-08
eec: 2392.9
weight: 0.000440761
eec: 482.919
weight: 4.58197e-05
eec: 206.652
weight: 0.000330704
eec: 105.016
weight: 3.61977e-06
eec: 424.484
weight: 1.27157e-05
eec: 765.75
weight: 0.000270181
eec: 66.3952
weight: 4.323e-05
eec: 102.983
weight: 8.7533e-06
eec: 766.584
weight: 2.84523e-05
eec: 1594.8
weight: 1.14914e-05
eec: 425.084
weight: 0.000444348
eec: 530.304
weight: 3.25541e-05
eec: 579.158
weight: 2.95799e-05
eec: 258.022
weight: 2.45522e-05
eec: 529.111
weight: 3.43803e-06
eec: 1080.92
weight: 1.65198e-05
eec: 901.233
weight: 6.65877e-08
eec: 148.449
weight: 1.22269e-05
eec: 1708.76
weight: 1.71877e-05
eec: 950.846
weight: 2.75297e-06
eec: 25.5319
weight: 0.000112521
eec: 492.816
weight: 1.05618e-05
eec: 563.504
weight: 0.000275231
eec: 435.366
weight: 1.07211e-06
eec: 288.422
weight: 6.5941e-06
eec: 814.435
weight: 0.000144243
eec: 1144.18
weight: 4.4086e-07
eec: 29.4474
weight: 9.41743e-06
eec: 1118.2
weight: 4.1456e-05
eec: 1016.19
weight: 0.000275221
eec: 50.4195
weight: 5.28085e-06
eec: 102.294
weight: 1.50358e-05
eec: 301.701
weight: 7.23215e-06
eec: 600.296
weight: 1.46067e-05
eec: 603.417
weight: 9.81226e-05
eec: 545.925
weight: 7.42883e-05
eec: 894.816
weight: 0.000307089
eec: 403.906
weight: 7.95915e-06
eec: 180.485
weight: 6.77508e-06
eec: 486.69
weight: 5.86251e-06
eec: 1440.9
weight: 1.21976e-05
eec: 1189.86
weight: 2.11891e-05
eec: 52.3783
weight: 0.000243373
eec: 194.75
weight: 1.50233e-06
eec: 19.6886
weight: 7.02967e-06
eec: 400.59
weight: 0.000156921
eec: 824.707
weight: 3.99005e-06
eec: 234.759
weight: 3.18411e-05
eec: 211.597
weight: 0.00118747
eec: 108.736
weight: 0.000108883
eec: 669.091
weight: 2.67643e-06
eec: 75.9972
weight: 2.38253e-05
eec: 506.404
Processing: 20.4708 %weight: 4.50914e-05
eec: 192.056
weight: 6.72638e-05
eec: 141.4
weight: 1.1352e-05
eec: 497.003
weight: 4.534e-09
eec: 536.827
weight: 3.90029e-05
eec: 364.464
weight: 1.56114e-05
eec: 207.615
weight: 3.0992e-05
eec: 1092.51
weight: 0.000105412
eec: 194.129
weight: 1.08928e-05
eec: 2057.7
weight: 1.05762e-05
eec: 1921.58
weight: 0.00084014
eec: 329.794
weight: 9.68154e-06
eec: 2335.1
weight: 4.1667e-05
eec: 1602.04
weight: 5.59854e-06
eec: 753.673
weight: 1.85e-05
eec: 629.204
weight: 4.42962e-05
eec: 445.871
weight: 1.01158e-05
eec: 52.2942
weight: 8.19294e-07
eec: 21.5697
weight: 0.000156176
eec: 1372
weight: 3.42862e-05
eec: 480.678
weight: 6.32218e-05
eec: 10.053
weight: 2.23643e-07
eec: 730.849
weight: 7.41924e-05
eec: 825.355
weight: 2.316e-05
eec: 1022.37
weight: 9.60183e-06
eec: 180.87
weight: 1.19952e-05
eec: 964.669
weight: 4.56206e-06
eec: 954.174
weight: 0.000124991
eec: 104.236
weight: 0.00047519
eec: 374.747
weight: 5.29102e-07
eec: 1017.9
weight: 2.79585e-05
eec: 819.851
weight: 5.57577e-05
eec: 732.402
weight: 1.77325e-05
eec: 1896.48
weight: 7.42059e-06
eec: 2544.05
weight: 3.92365e-06
eec: 2981.96
weight: 1.61731e-06
eec: 1127.17
weight: 4.61467e-06
eec: 488.114
weight: 4.61467e-06
eec: 26.2886
weight: 5.78789e-05
eec: 17.5053
weight: 1.20425e-05
eec: 3856.15
weight: 1.43014e-05
eec: 273.22
weight: 4.38983e-05
eec: 181.163
weight: 2.79699e-05
eec: 2030.06
weight: 3.07777e-05
eec: 135.244
weight: 4.0697e-05
eec: 479.149
weight: 7.96122e-05
eec: 512.036
weight: 0.00011084
eec: 31.6406
weight: 2.97507e-05
eec: 351.694
weight: 0.00106845
eec: 381.588
weight: 0.000174176
eec: 245.864
weight: 0.000427369
eec: 550.227
weight: 5.65664e-05
eec: 345.129
weight: 3.65676e-07
eec: 229.862
weight: 2.39702e-05
eec: 121.025
weight: 2.45459e-05
eec: 54.5831
weight: 1.54456e-05
eec: 304.798
weight: 7.03721e-06
eec: 170.268
weight: 4.59735e-06
eec: 29.3813
weight: 5.82473e-05
eec: 188.68
weight: 5.68594e-05
eec: 1924.92
weight: 1.71287e-06
eec: 76.5345
weight: 5.15823e-06
eec: 63.5957
weight: 0.00047452
eec: 689.977
weight: 2.2616e-05
eec: 332.188
weight: 1.97228e-05
eec: 946.083
weight: 2.74068e-05
eec: 1617.62
weight: 1.93416e-07
eec: 81.2586
weight: 5.406e-05
eec: 343.072
weight: 1.07766e-05
eec: 526.225
weight: 9.67597e-06
eec: 863.663
weight: 8.58922e-05
eec: 1103.21
weight: 2.6409e-05
eec: 1323.03
weight: 3.92321e-05
eec: 745.115
weight: 9.8264e-06
eec: 520.345
weight: 2.80787e-05
eec: 62.4275
weight: 6.78587e-05
eec: 436.922
weight: 1.06924e-05
eec: 99.3479
weight: 5.11001e-05
eec: 8.10229
weight: 0.000369671
eec: 777.254
weight: 5.37246e-06
eec: 1267.65
weight: 3.23592e-06
eec: 1856.3
weight: 0.000139551
eec: 254.693
weight: 0.000334962
eec: 1011.18
weight: 1.70867e-05
eec: 355.714
weight: 1.81874e-05
eec: 726.878
weight: 2.17549e-05
eec: 502.102
weight: 2.88535e-06
eec: 662.218
weight: 6.27693e-05
eec: 247.337
weight: 4.63928e-05
eec: 596.243
weight: 8.33421e-05
eec: 117.522
weight: 6.35955e-05
eec: 64.354
weight: 2.87154e-05
eec: 4734.15
weight: 7.21052e-08
eec: 60.7781
weight: 1.15139e-05
eec: 1383.42
weight: 1.75038e-05
eec: 135.342
weight: 9.04263e-05
eec: 200.642
weight: 1.68866e-05
eec: 209.597
weight: 2.39944e-05
eec: 1901.14
weight: 1.52705e-05
eec: 180.435
weight: 1.9175e-05
eec: 94.9312
weight: 3.80503e-05
eec: 418.363
weight: 3.58567e-05
eec: 514.31
weight: 0.000183549
eec: 254.312
weight: 1.22688e-05
eec: 799.197
weight: 7.16012e-06
eec: 146.557
weight: 3.05792e-05
eec: 349.043
weight: 4.60115e-06
eec: 30.2971
weight: 9.0788e-05
eec: 292.116
weight: 3.83269e-05
eec: 533.145
weight: 3.87132e-06
eec: 1810.07
weight: 1.71684e-05
eec: 801.736
weight: 1.14539e-05
eec: 207.599
weight: 3.54729e-05
eec: 209.253
weight: 2.09201e-05
eec: 2424.56
weight: 1.5023e-05
eec: 264.616
weight: 7.2922e-06
eec: 723.381
weight: 5.86708e-06
eec: 113.813
weight: 9.39465e-06
eec: 1628.97
weight: 0.000218718
eec: 495.848
weight: 3.57234e-06
eec: 2123.55
weight: 5.48544e-06
eec: 320.009
weight: 2.92928e-05
eec: 221.506
weight: 6.75885e-07
eec: 1456.48
weight: 1.09708e-06
eec: 216.826
weight: 6.99799e-05
eec: 198.002
weight: 7.65563e-08
eec: 138.414
weight: 1.89829e-05
eec: 893.306
weight: 0.000133528
eec: 213.348
weight: 1.02647e-05
eec: 171.628
weight: 0.000117297
eec: 249.282
weight: 0.000155184
eec: 401.019

ROOT exit code = 0
