gSystem->Load("run_condor_job_Run3_C.so");
run_condor_job_Run3(430, 100, 2,
                    80, 200,
                    1, 1, 1, 4);
.q

ENTERED run_condor_job_Run3()
JOBID = 430
  global job = 430  Job 30/100  events [1769400, 1828380)  total=5898000
Processing events [1769400, 1828380) of 5898000
weight: 1.06189e-05
eec: 2077.92
weight: 0.000459504
eec: 985.259
weight: 1.40169e-06
eec: 1748.91
weight: 5.76338e-05
eec: 355.397
weight: 4.24837e-05
eec: 179.637
weight: 2.08176e-06
eec: 1086.78
weight: 2.16526e-05
eec: 1023.94
weight: 1.31065e-05
eec: 302.742
weight: 8.62823e-06
eec: 62.3634
weight: 6.50434e-06
eec: 2034.44
weight: 0.000127917
eec: 64.2555
weight: 6.88105e-06
eec: 324.842
weight: 1.34273e-05
eec: 702.722
weight: 1.30293e-06
eec: 365.414
weight: 0.000283755
eec: 174.976
weight: 7.70046e-07
eec: 55.4986
weight: 2.86132e-05
eec: 60.2227
weight: 3.0379e-05
eec: 834.741
weight: 0.00112484
eec: 829.049
weight: 5.22491e-06
eec: 1849.77
weight: 2.59734e-05
eec: 2591.27
weight: 0.000662293
eec: 105.503
weight: 3.22182e-05
eec: 341.874
weight: 3.38666e-06
eec: 639.683
weight: 7.64896e-06
eec: 746.827
weight: 6.98764e-05
eec: 2105.68
weight: 5.55026e-06
eec: 476.951
weight: 0.000101413
eec: 304.682
weight: 6.27087e-06
eec: 614.877
weight: 2.86078e-05
eec: 730.721
weight: 5.27191e-06
eec: 683.972
weight: 2.19702e-05
eec: 1295.07
weight: 1.27037e-05
eec: 158.345
weight: 3.28498e-05
eec: 47.9559
weight: 5.10662e-06
eec: 47.4192
weight: 9.44347e-05
eec: 151.694
weight: 5.23305e-07
eec: 1321.81
weight: 0.000258326
eec: 278.012
weight: 6.14654e-05
eec: 997.539
weight: 1.62502e-05
eec: 609.516
weight: 1.93485e-05
eec: 659.951
weight: 0.000103954
eec: 181.299
weight: 4.53139e-05
eec: 806.838
weight: 0.000139821
eec: 1500.94
weight: 1.24151e-05
eec: 560.632
weight: 1.87498e-06
eec: 516.407
weight: 2.15118e-06
eec: 313.693
weight: 0.000316977
eec: 444.657
weight: 3.14402e-05
eec: 590.944
weight: 2.56879e-06
eec: 2640.47
weight: 2.6949e-06
eec: 393.589
weight: 4.9954e-06
eec: 1245.45
weight: 5.92825e-05
eec: 1871.24
weight: 6.72809e-06
eec: 521.256
weight: 0.00021826
eec: 299.15
weight: 3.92346e-05
eec: 46.4818
weight: 4.83109e-05
eec: 330.456
weight: 0.000270811
eec: 229.168
weight: 8.30845e-07
eec: 4146.15
weight: 0.000684429
eec: 53.381
weight: 4.15071e-06
eec: 110.431
weight: 1.84978e-05
eec: 20.2838
weight: 7.16911e-05
eec: 426.906
weight: 0.000257371
eec: 714.069
weight: 1.53335e-06
eec: 514.198
weight: 2.4841e-05
eec: 229.395
weight: 8.09409e-06
eec: 2396.97
weight: 1.54566e-05
eec: 129.278
weight: 4.00547e-06
eec: 45.4073
weight: 7.16592e-06
eec: 1110.07
weight: 9.48471e-06
eec: 194.324
weight: 3.10748e-05
eec: 503.158
weight: 1.21915e-05
eec: 351.918
weight: 4.88048e-05
eec: 367.848
weight: 7.78242e-05
eec: 1048.62
weight: 8.41447e-06
eec: 1147.27
weight: 5.86924e-06
eec: 71.8136
weight: 2.30785e-06
eec: 548.976
weight: 2.24447e-05
eec: 398.769
weight: 1.43922e-06
eec: 2182.38
weight: 3.13069e-07
eec: 263.058
weight: 7.31679e-05
eec: 410.049
weight: 2.355e-05
eec: 728.998
weight: 7.71197e-05
eec: 358.127
weight: 1.83031e-05
eec: 591.916
weight: 5.66293e-07
eec: 144.061
weight: 0.000195086
eec: 630.502
weight: 0.000224437
eec: 68.8213
weight: 8.02454e-06
eec: 488.631
weight: 4.29227e-05
eec: 1006.58
weight: 2.40147e-06
eec: 569.023
weight: 4.48107e-05
eec: 143.77
weight: 7.02786e-05
eec: 1030.54
weight: 7.21561e-06
eec: 288.802
weight: 0.000839267
eec: 181.316
weight: 1.48398e-05
eec: 70.9977
weight: 0.000117198
eec: 395.642
weight: 1.19181e-06
eec: 629.807
weight: 6.76448e-05
eec: 835.836
weight: 8.37671e-06
eec: 2025.07
weight: 1.72673e-05
eec: 397.862
weight: 0.000137012
eec: 87.2182
weight: 0.00022821
eec: 351.765
weight: 7.38573e-06
eec: 599.831
weight: 2.43795e-06
eec: 221.676
weight: 0.000509269
eec: 30.6507
weight: 5.0742e-05
eec: 24.4251
weight: 1.71534e-05
eec: 136.088
weight: 4.12286e-07
eec: 189.052
weight: 0.000107543
eec: 125.093
weight: 4.61508e-05
eec: 104.455
weight: 0.000145309
eec: 17.742
weight: 4.19101e-08
eec: 31.1213
weight: 1.40012e-06
eec: 752.951
weight: 6.52934e-06
eec: 715.762
weight: 1.51054e-05
eec: 1248.44
weight: 0.000328476
eec: 928.876
weight: 0.000103007
eec: 228.407
weight: 0.00028479
eec: 748.928
weight: 2.6808e-08
eec: 397.491
Processing: 30.5188 %weight: 5.1332e-05
eec: 670.595
weight: 1.10078e-05
eec: 1332.19
weight: 0.000158294
eec: 771.609
weight: 9.02153e-06
eec: 310.465
weight: 6.20476e-05
eec: 672.335
weight: 8.5353e-05
eec: 298.438
weight: 0.000238726
eec: 241.911
weight: 7.92284e-06
eec: 617.044
weight: 2.04111e-05
eec: 258.184
weight: 0.000381139
eec: 27.6175
weight: 6.91221e-06
eec: 250.381
weight: 3.78186e-05
eec: 349.586
weight: 1.29131e-05
eec: 60.8117
weight: 0.000177223
eec: 577.261
weight: 2.87653e-05
eec: 151.563
weight: 2.74516e-07
eec: 1559.29
weight: 1.61201e-05
eec: 34.1541
weight: 0.000111161
eec: 530.525
weight: 3.41831e-05
eec: 453.396
weight: 0.000464937
eec: 100.367
weight: 8.42313e-06
eec: 140.869
weight: 1.47321e-05
eec: 581.871
weight: 9.48395e-06
eec: 244.186
weight: 1.34151e-05
eec: 585.262
weight: 2.69585e-05
eec: 118.754
weight: 6.11605e-05
eec: 1108.8
weight: 1.70992e-07
eec: 53.2417
weight: 0.000655109
eec: 1016.86
weight: 2.69215e-05
eec: 161.165
weight: 1.97754e-05
eec: 864.984
weight: 5.84615e-07
eec: 758.985
weight: 1.11373e-05
eec: 1053.56
weight: 5.32259e-05
eec: 305.506
weight: 2.52915e-05
eec: 227.335
weight: 7.05125e-05
eec: 257.991
weight: 1.63131e-07
eec: 608.041
weight: 8.7415e-06
eec: 15.1462
weight: 8.7415e-06
eec: 2132.44
weight: 0.000192966
eec: 48.4499
weight: 1.37758e-05
eec: 844.223
weight: 5.95388e-05
eec: 19.2365
weight: 1.99267e-05
eec: 587.68
weight: 1.4052e-06
eec: 187.287
weight: 7.84502e-06
eec: 715.453
weight: 1.33772e-05
eec: 227.987
weight: 1.78431e-06
eec: 317.739
weight: 5.89898e-07
eec: 71.5641
weight: 2.42791e-05
eec: 61.4565
weight: 3.07912e-05
eec: 462.7
weight: 2.60753e-05
eec: 1619.79
weight: 1.30031e-05
eec: 200.032
weight: 0.000396262
eec: 150.246
weight: 3.36841e-06
eec: 631.732
weight: 3.99043e-05
eec: 73.1454
weight: 2.39457e-07
eec: 1741.82
weight: 1.5696e-05
eec: 317.117
weight: 4.81306e-06
eec: 193.809
weight: 0.000215694
eec: 384.448
weight: 1.79336e-05
eec: 856.468
weight: 2.8268e-05
eec: 72.4858
weight: 6.59748e-05
eec: 417.321
weight: 2.42194e-06
eec: 1204.47
weight: 1.3972e-05
eec: 71.3843
weight: 1.33345e-05
eec: 87.4121
weight: 8.73304e-06
eec: 2103.41
weight: 0.000137368
eec: 388.016
weight: 2.58284e-05
eec: 217.275
weight: 1.59918e-05
eec: 1026.5
weight: 1.75225e-05
eec: 201.95
weight: 0.00016189
eec: 139.861
weight: 4.3464e-06
eec: 619.576
weight: 9.67778e-05
eec: 112.131
weight: 5.59723e-05
eec: 55.5381
weight: 2.5592e-05
eec: 222.542
weight: 1.29887e-05
eec: 857.795
weight: 3.83803e-06
eec: 1360.9
weight: 1.32595e-05
eec: 600.91
weight: 5.5332e-05
eec: 205.745
weight: 1.21095e-05
eec: 378.63
weight: 4.30458e-06
eec: 767.192
weight: 4.02316e-07
eec: 68.0058
weight: 2.20414e-05
eec: 481.487
weight: 0.000899607
eec: 148.682
weight: 1.36473e-05
eec: 208.297
weight: 4.02915e-05
eec: 221.365
weight: 2.54695e-06
eec: 68.4809
weight: 0.000122801
eec: 83.5404
weight: 1.09381e-05
eec: 29.124
weight: 1.29612e-06
eec: 682.91
weight: 2.16466e-05
eec: 276.972
weight: 1.21557e-06
eec: 2169.25
weight: 2.01325e-05
eec: 1286.62
weight: 4.00337e-05
eec: 1362.74
weight: 0.000286265
eec: 967.462
weight: 0.000171536
eec: 308.751
weight: 2.52663e-05
eec: 22.6925
weight: 6.75602e-06
eec: 735.054
weight: 0.000786538
eec: 435.324
weight: 2.24594e-05
eec: 46.8978
weight: 8.3609e-06
eec: 590.747
weight: 1.78335e-05
eec: 1427.98
weight: 8.85813e-05
eec: 214.23
weight: 3.33574e-05
eec: 318.119
weight: 8.14591e-07
eec: 126.298

ROOT exit code = 0
