gSystem->Load("run_condor_job_Run3_C.so");
run_condor_job_Run3(220, 100, 2,
                    80, 200,
                    1, 1, 1, 2);
.q

ENTERED run_condor_job_Run3()
JOBID = 220
  global job = 220  Job 20/100  events [1200000, 1260000)  total=6000000
Processing events [1200000, 1260000) of 6000000
Processing: 20 %weight: 5.43345e-07
eec: 211.562
weight: 6.42741e-06
eec: 4921.64
weight: 4.41628e-06
eec: 53.238
weight: 7.23182e-05
eec: 81.6486
weight: 1.21211e-06
eec: 122.025
weight: 1.35198e-05
eec: 236.609
weight: 4.58338e-05
eec: 818.06
weight: 0.000189578
eec: 1048.6
weight: 1.92629e-06
eec: 88.2614
weight: 2.53866e-06
eec: 783.263
weight: 5.92445e-05
eec: 54.0799
weight: 4.80234e-05
eec: 1683.59
weight: 0.000486936
eec: 185.868
weight: 0.000150496
eec: 1194.49
weight: 1.06605e-05
eec: 1132.89
weight: 0.00349682
eec: 757.574
weight: 0.000160246
eec: 598.726
weight: 3.56993e-05
eec: 365.074
weight: 2.31828e-07
eec: 423.026
weight: 8.87516e-05
eec: 56.6584
weight: 3.15009e-05
eec: 1064.89
weight: 3.84989e-06
eec: 239.579
weight: 1.69966e-05
eec: 93.2618
weight: 1.69966e-05
eec: 174.798
weight: 0.000316397
eec: 259.392
weight: 0.000186372
eec: 880.554
weight: 6.48173e-05
eec: 160.371
weight: 4.42049e-06
eec: 878.248
weight: 2.43276e-06
eec: 21.4033
weight: 1.93765e-05
eec: 675.939
weight: 1.20927e-06
eec: 275.531
weight: 3.09635e-07
eec: 288.569
weight: 5.68514e-06
eec: 1125.59
weight: 2.93154e-07
eec: 1520.07
weight: 1.20588e-07
eec: 964.546
weight: 2.55213e-05
eec: 292.991
weight: 2.57156e-05
eec: 1675.82
weight: 7.5805e-06
eec: 871.347
weight: 3.8749e-05
eec: 409.679
weight: 1.29679e-06
eec: 716.914
weight: 9.60686e-06
eec: 80.7184
weight: 6.31902e-05
eec: 77.6611
weight: 2.61082e-05
eec: 2154.14
weight: 1.97718e-06
eec: 828.268
weight: 1.07566e-05
eec: 14.3347
weight: 3.36208e-06
eec: 175.443
weight: 3.50645e-05
eec: 116.227
weight: 2.59752e-05
eec: 1754.18
weight: 1.86172e-05
eec: 597.715
weight: 9.17443e-05
eec: 983.7
weight: 3.56961e-05
eec: 108.607
weight: 1.89468e-05
eec: 167.92
weight: 9.19812e-05
eec: 971.591
weight: 1.04571e-05
eec: 638.778
weight: 8.72046e-05
eec: 439.794
weight: 2.07619e-05
eec: 304.882
weight: 0.000283732
eec: 300.832
weight: 5.56997e-05
eec: 78.7817
weight: 0.000589837
eec: 714.283
weight: 7.599e-06
eec: 497.004
weight: 0.00027662
eec: 652.561
weight: 9.52541e-05
eec: 151.444
weight: 2.16293e-05
eec: 116.528
weight: 5.11427e-08
eec: 1695.12
weight: 3.97084e-06
eec: 208.296
weight: 6.91292e-06
eec: 555.333
weight: 2.10221e-05
eec: 720.901
weight: 1.86412e-05
eec: 364.635
weight: 0.00573053
eec: 136.781
weight: 2.48697e-05
eec: 73.827
weight: 3.23299e-06
eec: 312.5
weight: 1.12095e-05
eec: 1058.12
weight: 4.17994e-06
eec: 149.546
weight: 1.56716e-05
eec: 385.943
weight: 0.000121687
eec: 27.8172
weight: 2.26463e-07
eec: 214.645
weight: 2.0883e-05
eec: 232.362
weight: 0.00101795
eec: 53.3634
weight: 9.67959e-06
eec: 74.1308
weight: 3.51319e-05
eec: 191.695
weight: 2.39268e-05
eec: 251.646
weight: 8.22987e-06
eec: 51.5626
weight: 0.000214585
eec: 181.461
weight: 0.000250063
eec: 222.915
weight: 0.000746349
eec: 309.391
weight: 4.87233e-07
eec: 159.642
weight: 4.6665e-06
eec: 183.83
weight: 7.24509e-06
eec: 82.9203
weight: 3.58287e-05
eec: 906.428
weight: 1.5735e-05
eec: 587.588
weight: 1.36469e-05
eec: 448.717
weight: 7.38293e-05
eec: 566.054
weight: 2.41376e-06
eec: 844.506
weight: 1.53105e-06
eec: 448.151
weight: 2.71433e-05
eec: 192.401
weight: 1.26543e-05
eec: 209.464
weight: 5.03957e-05
eec: 1957.5
weight: 5.95834e-06
eec: 2325.39
weight: 0.000959226
eec: 551.45
weight: 3.84927e-05
eec: 1402.76
weight: 1.2232e-05
eec: 2101.55
weight: 2.67502e-06
eec: 248.332
weight: 6.84844e-06
eec: 1788.15
weight: 4.67366e-06
eec: 367.599
weight: 2.36437e-05
eec: 1069.36
weight: 2.26722e-06
eec: 655.822
weight: 0.000521238
eec: 526.467
weight: 5.78466e-06
eec: 503.607
weight: 2.01217e-05
eec: 2084.23
weight: 4.06739e-06
eec: 450.326
weight: 3.78258e-06
eec: 1732.68
weight: 3.33649e-05
eec: 309.244
weight: 0.00108679
eec: 72.1616
weight: 1.8579e-05
eec: 285.69
weight: 3.9211e-05
eec: 1101.6
weight: 2.89207e-05
eec: 882.806
weight: 0.00025951
eec: 456.304
weight: 6.43899e-06
eec: 1067.71
weight: 0.000485022
eec: 98.34
weight: 2.36769e-06
eec: 411.931
weight: 2.43177e-06
eec: 643.403
weight: 3.93172e-05
eec: 81.0631
weight: 6.51339e-05
eec: 137.259
weight: 6.51339e-05
eec: 43.9351
weight: 0.000379412
eec: 390.341
weight: 4.33875e-05
eec: 46.279
weight: 2.10626e-07
eec: 432.565
weight: 3.71437e-05
eec: 51.069
weight: 1.93157e-05
eec: 464.225
weight: 0.00017086
eec: 38.962
weight: 1.50879e-05
eec: 361.071
weight: 4.31888e-05
eec: 464.447
weight: 1.3128e-05
eec: 1132.41
weight: 1.60941e-05
eec: 602.429
weight: 2.56356e-05
eec: 382.879
weight: 2.32379e-05
eec: 207.036
weight: 1.15011e-05
eec: 111.948
weight: 0.00108015
eec: 525.279
weight: 1.47007e-05
eec: 216.15
weight: 2.23199e-05
eec: 944.325
weight: 2.66479e-05
eec: 110.046
weight: 8.78087e-06
eec: 236.374
weight: 6.16458e-05
eec: 1463.32
weight: 2.49602e-05
eec: 460.763
weight: 8.88914e-06
eec: 205.128
weight: 1.95552e-05
eec: 771.81
weight: 5.19628e-05
eec: 269.246
weight: 7.42747e-08
eec: 1906.02
weight: 4.40111e-05
eec: 789.688
weight: 2.28401e-06
eec: 255.869
weight: 2.25992e-06
eec: 80.1665
weight: 1.40129e-05
eec: 39.8417
weight: 1.09287e-05
eec: 204.949
weight: 1.04816e-05
eec: 384.811
weight: 0.000132982
eec: 1085.37
weight: 9.4653e-05
eec: 1070.51
weight: 0.000140831
eec: 41.7756
weight: 1.22943e-05
eec: 108.234
weight: 1.86267e-07
eec: 507.628
weight: 2.0286e-05
eec: 271.681
weight: 5.23829e-05
eec: 361.363
weight: 0.000303058
eec: 704.594
weight: 5.64163e-06
eec: 228.462
weight: 0.000315796
eec: 270.034
weight: 3.29708e-05
eec: 214.426
weight: 2.81696e-05
eec: 155.717
weight: 7.9043e-06
eec: 1057.18
weight: 2.63844e-05
eec: 16.1178
weight: 0.000111328
eec: 566.906
weight: 0.000231715
eec: 619.843
weight: 0.00087823
eec: 689.631
weight: 1.21854e-05
eec: 1262.44
weight: 1.79634e-05
eec: 272.011
weight: 1.80626e-05
eec: 971.853
weight: 1.75476e-05
eec: 97.9575
weight: 2.52462e-07
eec: 400.695
weight: 2.52462e-07
eec: 371.986
weight: 1.20826e-05
eec: 3076.47
weight: 4.80029e-05
eec: 554.916
weight: 8.85833e-05
eec: 288.763
weight: 1.60048e-05
eec: 195.796
weight: 7.91103e-05
eec: 315.241
weight: 0.000108329
eec: 236.016
weight: 2.40921e-05
eec: 1131.11
weight: 7.2746e-05
eec: 202.806
weight: 2.87242e-05
eec: 1176.1
weight: 1.35884e-05
eec: 896.148
weight: 5.62541e-05
eec: 533.487
weight: 1.44391e-05
eec: 1913.82
weight: 3.05048e-05
eec: 31.7699
weight: 0.000177644
eec: 1002.95
weight: 1.37814e-05
eec: 81.0042
weight: 3.14323e-05
eec: 40.755
weight: 5.27672e-06
eec: 551.696
weight: 6.43427e-06
eec: 909.683
weight: 0.000144759
eec: 533.512
weight: 5.57201e-05
eec: 390.082
weight: 7.20226e-08
eec: 162.338
weight: 3.12843e-05
eec: 2209.29
weight: 1.57669e-05
eec: 322.655
weight: 5.25274e-06
eec: 98.6633
weight: 8.72778e-07
eec: 474.661
Processing: 20.8333 %weight: 0.00016241
eec: 54.1935
weight: 3.95658e-06
eec: 403.324
weight: 1.45247e-05
eec: 290.361
weight: 5.53782e-06
eec: 699.364
weight: 0.000125003
eec: 653.707
weight: 1.61056e-05
eec: 198.57
weight: 0.000138029
eec: 268.609
weight: 3.48562e-06
eec: 354.569
weight: 0.000113416
eec: 715.084
weight: 2.52e-05
eec: 375.243
weight: 4.0692e-07
eec: 372.297
weight: 2.53005e-05
eec: 1181.51
weight: 6.22191e-05
eec: 41.9076
weight: 9.21451e-06
eec: 1576.64
weight: 0.000271508
eec: 53.0605
weight: 2.27726e-05
eec: 1068.32
weight: 0.00019369
eec: 68.14
weight: 2.53769e-06
eec: 810.031
weight: 7.27486e-06
eec: 242.848
weight: 0.000287844
eec: 435.208
weight: 1.59417e-06
eec: 249.39
weight: 2.66413e-06
eec: 1034.44
weight: 0.00011261
eec: 344.864
weight: 0.000118691
eec: 705.146
weight: 4.09225e-06
eec: 757.076
weight: 0.000591139
eec: 35.9024
weight: 2.01523e-05
eec: 1232.67
weight: 7.55779e-05
eec: 272.91
weight: 1.88821e-05
eec: 188.916
weight: 2.20018e-05
eec: 1779.67
weight: 3.44752e-05
eec: 219.734
weight: 9.1377e-05
eec: 173.478
weight: 1.22286e-06
eec: 691.534
weight: 1.85937e-05
eec: 144.365
weight: 0.000193774
eec: 60.0299
weight: 5.31759e-07
eec: 776.237
weight: 7.10779e-05
eec: 746.99
weight: 7.44469e-05
eec: 1012.72
weight: 9.62637e-05
eec: 625.153
weight: 3.21489e-05
eec: 956.994
weight: 0.000257222
eec: 69.6029
weight: 1.20624e-05
eec: 56.3908
weight: 0.000117406
eec: 750.846

ROOT exit code = 0
