gSystem->Load("run_condor_job_Run3_C.so");
run_condor_job_Run3(819, 100, 2,
                    80, 200,
                    1, 1, 1, 8);
.q

ENTERED run_condor_job_Run3()
JOBID = 819
  global job = 819  Job 19/100  events [1140000, 1200000)  total=6000000
Processing events [1140000, 1200000) of 6000000
weight: 4.65895e-05
eec: 474.318
weight: 1.95419e-06
eec: 716.175
weight: 0.000305425
eec: 149.427
weight: 6.41245e-06
eec: 2209.87
weight: 5.02333e-06
eec: 82.0463
weight: 8.91456e-06
eec: 72.2805
weight: 0.000913689
eec: 544.463
weight: 1.31326e-05
eec: 898.003
weight: 1.66694e-05
eec: 603.839
weight: 0.000760368
eec: 194.69
weight: 8.77142e-06
eec: 1991.81
weight: 8.73507e-06
eec: 641.076
weight: 0.000203612
eec: 291.665
weight: 0.000272274
eec: 161.605
weight: 7.78681e-05
eec: 141.462
weight: 7.56379e-05
eec: 360.564
weight: 1.89323e-05
eec: 421.34
weight: 9.69447e-06
eec: 1024.17
weight: 7.2873e-06
eec: 226.033
weight: 1.2276e-05
eec: 964.719
weight: 1.25751e-05
eec: 594.362
weight: 0.000668138
eec: 189.487
weight: 3.0394e-05
eec: 1886
weight: 1.03382e-05
eec: 1965.19
weight: 8.04321e-07
eec: 499.227
weight: 0.000284233
eec: 274.919
weight: 6.5876e-06
eec: 888.553
weight: 7.42667e-05
eec: 132.34
weight: 1.81519e-06
eec: 656.396
weight: 2.98226e-06
eec: 700.076
weight: 0.000100604
eec: 7.7707
weight: 1.27548e-05
eec: 1849.3
weight: 4.02804e-05
eec: 350.988
weight: 0.00021031
eec: 121.643
weight: 1.65754e-05
eec: 832.528
weight: 0.000180027
eec: 466.807
weight: 0.000130379
eec: 44.7234
weight: 4.10905e-06
eec: 203.908
weight: 7.06153e-05
eec: 246.61
weight: 1.36842e-05
eec: 189.996
weight: 2.1285e-05
eec: 33.6525
weight: 1.52348e-05
eec: 880.349
weight: 8.23062e-07
eec: 372.034
weight: 5.12122e-06
eec: 1383.15
weight: 4.63347e-06
eec: 349.785
weight: 4.75186e-05
eec: 282.565
Processing: 19.1667 %weight: 8.7938e-06
eec: 630.53
weight: 4.83986e-05
eec: 516.738
weight: 7.46325e-08
eec: 1442.9
weight: 3.15595e-05
eec: 2814.45
weight: 8.97368e-05
eec: 788.311
weight: 2.70874e-05
eec: 692.126
weight: 2.13167e-05
eec: 1044.13
weight: 1.98208e-05
eec: 187.009
weight: 1.10226e-05
eec: 280.694
weight: 3.35049e-05
eec: 1628.95
weight: 5.83883e-05
eec: 1156.94
weight: 9.33933e-06
eec: 428.792
weight: 1.74017e-05
eec: 136.972
weight: 5.83777e-05
eec: 49.16
weight: 0.000142313
eec: 712.888
weight: 0.000138304
eec: 143.898
weight: 2.17214e-05
eec: 360.645
weight: 0.0014925
eec: 170.923
weight: 3.97844e-06
eec: 348.665
weight: 4.26416e-05
eec: 893.673
weight: 1.77202e-05
eec: 283.691
weight: 2.10873e-06
eec: 302.59
weight: 0.000409194
eec: 857.222
weight: 3.70812e-06
eec: 3468.3
weight: 2.30989e-05
eec: 987.079
weight: 2.48206e-05
eec: 279.033
weight: 8.9725e-06
eec: 451.25
weight: 4.5861e-05
eec: 138.084
weight: 0.000107319
eec: 1285.36
weight: 1.28707e-05
eec: 1454.77
weight: 3.56215e-05
eec: 414.791
weight: 3.92984e-07
eec: 477.615
weight: 4.06571e-05
eec: 81.2372
weight: 7.9467e-06
eec: 175.723
weight: 9.12133e-05
eec: 817.698
weight: 0.0008808
eec: 113.826
weight: 2.69524e-05
eec: 221.287
weight: 0.000215758
eec: 266.317
weight: 2.67343e-06
eec: 161.159
weight: 0.000155327
eec: 598.362
weight: 0.00011069
eec: 128.16
weight: 1.30661e-05
eec: 1482.76
weight: 7.94567e-05
eec: 937.361
weight: 1.62457e-05
eec: 574.083
weight: 1.73197e-05
eec: 313.133
weight: 7.10584e-06
eec: 73.0992
weight: 4.0606e-05
eec: 332.218
weight: 4.71735e-05
eec: 939.897
weight: 6.71781e-05
eec: 266.516
weight: 1.21975e-05
eec: 302.619
weight: 6.52618e-05
eec: 475.601
weight: 2.65366e-05
eec: 107.718
weight: 6.63597e-06
eec: 242.971
weight: 6.83067e-05
eec: 89.2261
weight: 0.000159229
eec: 2673.36
weight: 4.06157e-05
eec: 338.219
weight: 0.000294668
eec: 507.288
weight: 0.000133578
eec: 60.0282
weight: 0.000124987
eec: 1243.29
weight: 4.17564e-05
eec: 760.379
weight: 1.37262e-05
eec: 448.613
weight: 7.79885e-05
eec: 864.076
weight: 4.17363e-06
eec: 332.825
weight: 0.000117588
eec: 442.982
weight: 2.85669e-05
eec: 887.322
weight: 6.92863e-06
eec: 238.151
weight: 0.00357269
eec: 350.142
weight: 0.000204578
eec: 377.511
weight: 7.16693e-06
eec: 323.266
weight: 1.55671e-05
eec: 773.737
weight: 1.0481e-05
eec: 1599.07
weight: 0.000293696
eec: 526.44
weight: 9.61767e-05
eec: 760.029
weight: 2.20664e-06
eec: 190.834
weight: 1.87665e-05
eec: 631.04
weight: 3.63124e-05
eec: 224.589
weight: 6.13362e-07
eec: 631.704
weight: 2.35968e-06
eec: 264.047
weight: 2.21626e-05
eec: 117.261
weight: 4.68588e-05
eec: 50.4782
weight: 1.02458e-05
eec: 280.395
weight: 3.2499e-05
eec: 1083.13
weight: 8.00872e-06
eec: 713.277
weight: 1.38989e-05
eec: 118.843
weight: 8.23461e-06
eec: 262.426
weight: 4.83872e-05
eec: 603.354
weight: 1.67696e-05
eec: 501.266
weight: 2.48778e-05
eec: 1060.89
weight: 7.796e-05
eec: 26.5285
weight: 0.000118313
eec: 361.375
weight: 6.95138e-05
eec: 235.333
weight: 6.11258e-05
eec: 91.9959
weight: 0.000108183
eec: 655.032
weight: 1.205e-05
eec: 383.54
weight: 1.205e-05
eec: 258.319
weight: 2.20849e-05
eec: 2434.18
weight: 4.66059e-06
eec: 371.165
weight: 1.80933e-05
eec: 33.4335
weight: 7.9559e-06
eec: 174.904
weight: 0.000108375
eec: 60.0632
weight: 3.00119e-05
eec: 2201.01
weight: 3.00119e-05
eec: 648.499
weight: 2.10401e-06
eec: 3476.06
weight: 4.5844e-05
eec: 621.287
weight: 5.91951e-07
eec: 263.186
weight: 0.000220236
eec: 668.149
weight: 5.15162e-06
eec: 817.264
weight: 4.22122e-05
eec: 1830.39
weight: 2.04449e-05
eec: 766.92
weight: 5.24995e-05
eec: 700.985
weight: 6.54568e-06
eec: 508.701
weight: 1.73e-06
eec: 94.8201
weight: 1.12875e-05
eec: 839.428
weight: 3.67915e-05
eec: 400.978
weight: 2.05577e-05
eec: 1266.08
weight: 2.77542e-05
eec: 279.617
weight: 1.81884e-05
eec: 479.667
weight: 1.03299e-05
eec: 100.254
weight: 8.32339e-05
eec: 127.512
weight: 0.000403459
eec: 221.949
weight: 0.000415186
eec: 750.421
weight: 0.00010405
eec: 463.086
weight: 2.87955e-06
eec: 870.581
weight: 6.80082e-05
eec: 547.317
weight: 7.08135e-06
eec: 1878.09
weight: 2.78012e-06
eec: 351.816
weight: 4.09421e-08
eec: 2233.38
weight: 7.34551e-05
eec: 211.914
weight: 7.9015e-06
eec: 1050.62
weight: 0.000628339
eec: 161.899
weight: 1.69194e-05
eec: 586.272
weight: 9.08561e-05
eec: 358.932
weight: 3.31903e-05
eec: 338.552
weight: 1.40091e-05
eec: 60.702
weight: 0.000102505
eec: 542.713
weight: 8.14485e-06
eec: 56.6563
weight: 5.8065e-05
eec: 1029.17
weight: 8.05464e-05
eec: 461.621
weight: 2.43826e-05
eec: 128.769
weight: 1.57821e-06
eec: 239.377
weight: 1.79012e-05
eec: 227.414
weight: 4.75746e-05
eec: 650.858
weight: 1.06718e-05
eec: 984.635
weight: 0.00011252
eec: 262.5
weight: 3.59986e-06
eec: 1193.15
weight: 0.00052447
eec: 307.918
weight: 7.55782e-05
eec: 265.648
weight: 4.89317e-05
eec: 202.781
weight: 6.3305e-05
eec: 91.0092
weight: 5.50367e-05
eec: 173.936
weight: 3.47235e-05
eec: 2238.54
weight: 1.59666e-05
eec: 1513.01
weight: 8.58867e-05
eec: 333.704
weight: 4.91853e-06
eec: 2133.73
weight: 8.43126e-06
eec: 226.038
weight: 8.4534e-07
eec: 260.819
weight: 5.81128e-07
eec: 86.856
weight: 9.39379e-05
eec: 610.521
weight: 0.000185363
eec: 91.8179
weight: 0.000115695
eec: 166.846
weight: 0.000175354
eec: 405.963
weight: 6.02488e-05
eec: 1837.65
weight: 1.81382e-05
eec: 405.191
weight: 6.33707e-06
eec: 396.359
weight: 1.74177e-05
eec: 102.579
weight: 5.37976e-06
eec: 13.9819
weight: 2.0068e-05
eec: 639.795
weight: 3.02888e-05
eec: 1174.48
weight: 6.8177e-05
eec: 865.633
weight: 9.04281e-05
eec: 1783.95
weight: 6.56188e-05
eec: 195.653
weight: 2.72262e-06
eec: 2092.8
weight: 5.77425e-05
eec: 220.155
weight: 8.51705e-05
eec: 208.506
weight: 3.27819e-05
eec: 789.327
weight: 0.000173096
eec: 86.222
weight: 6.93999e-06
eec: 2693.58
weight: 3.08685e-05
eec: 363.792
weight: 0.000111063
eec: 322.03
weight: 1.12491e-08
eec: 628.47
weight: 0.000311936
eec: 341.26
weight: 2.71692e-05
eec: 260.676
weight: 5.51565e-05
eec: 662.284
weight: 2.21559e-05
eec: 210.629
weight: 1.12894e-06
eec: 773.274
weight: 3.20468e-06
eec: 444.226
weight: 7.84879e-05
eec: 152.3
weight: 7.22307e-06
eec: 2685
weight: 7.03404e-05
eec: 1662.63
weight: 0.000266864
eec: 249.169
weight: 1.53273e-06
eec: 635.696
weight: 3.21836e-05
eec: 214.624
weight: 1.76734e-06
eec: 2406.93
weight: 7.14505e-07
eec: 1748.79
weight: 7.18422e-06
eec: 500.457
weight: 4.25394e-06
eec: 269.606
weight: 4.13004e-05
eec: 152.332
weight: 4.36219e-05
eec: 612.026
weight: 1.69648e-05
eec: 349.526
weight: 2.87022e-06
eec: 51.0611
weight: 8.35228e-07
eec: 264.966
weight: 2.71273e-05
eec: 129.968

ROOT exit code = 0
