gSystem->Load("run_condor_job_Run3_C.so");
run_condor_job_Run3(497, 100, 2,
                    80, 200,
                    1, 1, 1, 4);
.q

ENTERED run_condor_job_Run3()
JOBID = 497
  global job = 497  Job 97/100  events [5721060, 5780040)  total=5898000
Processing events [5721060, 5780040) of 5898000
weight: 7.20517e-05
eec: 93.9658
weight: 8.00914e-05
eec: 1262.81
weight: 4.10515e-06
eec: 655.425
weight: 5.47862e-06
eec: 1671.71
weight: 6.20893e-05
eec: 611.659
weight: 0.000127283
eec: 426.919
weight: 3.36841e-05
eec: 80.8926
weight: 0.000141682
eec: 42.5977
weight: 1.42648e-05
eec: 2537.06
weight: 9.37376e-06
eec: 544.577
weight: 0.000260079
eec: 1002.33
weight: 4.73103e-06
eec: 204.802
weight: 3.22499e-05
eec: 61.5252
weight: 2.73583e-05
eec: 1809.87
weight: 2.88059e-06
eec: 3341.53
weight: 3.22196e-08
eec: 2223.42
weight: 0.000369934
eec: 528.971
weight: 3.89933e-06
eec: 448.695
weight: 1.06851e-06
eec: 1187.03
weight: 7.78721e-06
eec: 507.995
weight: 3.18281e-05
eec: 87.0959
weight: 1.79431e-05
eec: 1444.53
weight: 2.25858e-05
eec: 2154.43
weight: 0.00028664
eec: 139.282
weight: 6.60799e-05
eec: 281.823
weight: 0.000106301
eec: 613.06
weight: 0.00119303
eec: 398.221
weight: 0.00012062
eec: 110.564
weight: 7.37804e-06
eec: 136.967
weight: 2.40562e-05
eec: 1069.45
weight: 0.000227198
eec: 242.328
weight: 1.33591e-05
eec: 122.673
weight: 0.000437357
eec: 496.101
weight: 1.31494e-05
eec: 1118.88
weight: 1.15744e-05
eec: 849.015
weight: 0.000143059
eec: 340.477
weight: 4.71041e-06
eec: 335.838
weight: 9.73215e-05
eec: 141.838
weight: 8.7146e-06
eec: 1617.73
weight: 5.84874e-05
eec: 733.474
weight: 6.93031e-06
eec: 971.747
weight: 0.000133577
eec: 382.493
weight: 0.000216805
eec: 169.873
weight: 1.94198e-05
eec: 3255.86
weight: 1.4874e-05
eec: 23.2135
weight: 5.67098e-06
eec: 1269.7
weight: 3.73779e-06
eec: 806.182
weight: 1.45661e-05
eec: 1235.34
weight: 6.35098e-05
eec: 178.262
weight: 0.00045941
eec: 311.29
weight: 1.17175e-06
eec: 368.423
weight: 0.000195412
eec: 33.8
weight: 6.41523e-05
eec: 72.8441
weight: 1.45665e-05
eec: 293.075
weight: 0.000186071
eec: 251.544
weight: 2.52256e-05
eec: 128.054
weight: 1.44662e-06
eec: 1419.39
weight: 5.43008e-06
eec: 1086.46
weight: 4.79367e-05
eec: 142.772
weight: 0.000642101
eec: 1135.14
weight: 2.3938e-05
eec: 424.452
weight: 6.3206e-06
eec: 3096.33
weight: 4.91285e-06
eec: 144.271
weight: 0.000425513
eec: 540.435
weight: 2.60529e-05
eec: 706.619
weight: 5.12412e-05
eec: 293.685
weight: 7.12639e-06
eec: 848.588
weight: 4.49007e-06
eec: 923.72
weight: 0.000103866
eec: 397.572
weight: 1.61569e-05
eec: 873.967
weight: 3.03241e-06
eec: 558.063
weight: 0.000196872
eec: 180.867
weight: 4.6829e-05
eec: 266.83
weight: 1.04831e-05
eec: 833.405
weight: 0.000124672
eec: 336.061
weight: 1.0811e-06
eec: 350.211
weight: 2.84863e-06
eec: 1041.56
weight: 2.84863e-06
eec: 510.832
weight: 3.54314e-06
eec: 479.2
weight: 1.10427e-07
eec: 2106.61
weight: 0.000494626
eec: 231.421
weight: 7.97276e-05
eec: 99.9922
weight: 0.000336339
eec: 1078.79
weight: 0.000871442
eec: 231.898
weight: 0.000164419
eec: 19.6201
weight: 2.94078e-06
eec: 86.0724
weight: 6.31447e-06
eec: 246.011
weight: 4.49291e-06
eec: 91.2029
weight: 0.000196161
eec: 129.094
weight: 9.61349e-06
eec: 580.727
weight: 4.03352e-05
eec: 225.016
weight: 0.000326315
eec: 524.257
weight: 1.9605e-05
eec: 952.913
weight: 5.07175e-06
eec: 447.622
weight: 1.084e-05
eec: 211.128
weight: 0.000132429
eec: 33.994
weight: 0.000174749
eec: 777.04
weight: 4.41882e-05
eec: 371.762
weight: 7.86663e-06
eec: 1614.62
weight: 6.52833e-06
eec: 807.565
weight: 8.87893e-06
eec: 296.634
weight: 7.09719e-05
eec: 209.22
weight: 2.33305e-05
eec: 294.046
weight: 0.000140982
eec: 293.981
weight: 4.45378e-06
eec: 67.3182
weight: 1.5187e-06
eec: 31.8738
weight: 3.13562e-07
eec: 414.341
weight: 1.96051e-05
eec: 241.694
weight: 5.73704e-05
eec: 144.424
weight: 2.73145e-05
eec: 469.484
weight: 5.15405e-06
eec: 751.412
weight: 1.84411e-05
eec: 419.155
weight: 0.000346987
eec: 103.024
weight: 9.17462e-06
eec: 1808.15
weight: 5.45755e-06
eec: 39.7576
weight: 5.03125e-05
eec: 893.067
weight: 2.73206e-05
eec: 227.976
weight: 1.32871e-05
eec: 1089.49
weight: 0.00116341
eec: 319.174
weight: 0.000130578
eec: 120.989
weight: 2.4848e-06
eec: 68.4826
weight: 2.56167e-05
eec: 150.643
weight: 3.64621e-06
eec: 5248.93
weight: 7.06379e-05
eec: 340.378
weight: 7.5956e-06
eec: 107.484
weight: 3.97596e-05
eec: 356.132
weight: 5.76177e-05
eec: 193.071
weight: 3.21439e-05
eec: 115.207
Processing: 97.4907 %weight: 7.34759e-08
eec: 359.907
weight: 5.09527e-06
eec: 1015.01
weight: 1.49299e-05
eec: 2230.47
weight: 0.000102537
eec: 44.9216
weight: 7.39391e-05
eec: 82.5413
weight: 4.02193e-06
eec: 842.093
weight: 5.60266e-05
eec: 294.33
weight: 3.46365e-06
eec: 393.847
weight: 1.19891e-05
eec: 587.677
weight: 1.96514e-05
eec: 1653.66
weight: 0.000161926
eec: 633.786
weight: 0.000315626
eec: 552.26
weight: 4.61905e-06
eec: 221.452
weight: 1.97881e-07
eec: 258.774
weight: 1.92666e-06
eec: 291.12
weight: 6.26726e-05
eec: 768.776
weight: 0.00011536
eec: 209.912
weight: 6.7503e-06
eec: 219.66
weight: 3.29206e-05
eec: 60.4192
weight: 9.23361e-06
eec: 449.343
weight: 4.74013e-05
eec: 78.8449
weight: 1.07882e-05
eec: 475.536
weight: 7.69887e-07
eec: 1224.36
weight: 0.000359957
eec: 16.6024
weight: 0.000679275
eec: 677.789
weight: 4.92459e-05
eec: 379.227
weight: 1.70544e-05
eec: 428.976
weight: 5.18893e-07
eec: 54.8792
weight: 6.33758e-07
eec: 551.168
weight: 1.07297e-05
eec: 298.485
weight: 1.07297e-05
eec: 1897
weight: 2.87311e-05
eec: 81.9425
weight: 1.86497e-05
eec: 1522.66
weight: 1.6007e-05
eec: 57.4279
weight: 4.43098e-05
eec: 204.274
weight: 1.14096e-05
eec: 2286.7
weight: 7.00711e-05
eec: 416.764
weight: 4.56498e-05
eec: 527.3
weight: 8.04284e-06
eec: 45.702
weight: 9.12803e-05
eec: 519.165
weight: 9.78529e-05
eec: 2073.72
weight: 0.00015958
eec: 365.638
weight: 6.11206e-05
eec: 1002.07
weight: 1.42068e-05
eec: 1172.91
weight: 3.15197e-05
eec: 152.936
weight: 2.08854e-05
eec: 138.046
weight: 2.82486e-08
eec: 150.519
weight: 4.18006e-07
eec: 56.179
weight: 3.20482e-05
eec: 592.911
weight: 2.13085e-05
eec: 399.652
weight: 0.000127629
eec: 121.67
weight: 0.000415592
eec: 207.022
weight: 2.43358e-05
eec: 1122.04
weight: 2.6589e-05
eec: 147.606
weight: 4.53295e-06
eec: 36.6214
weight: 2.15848e-05
eec: 46.9387
weight: 2.53482e-06
eec: 633.089
weight: 4.94213e-05
eec: 953.473
weight: 9.12142e-06
eec: 2104.89
weight: 8.26325e-07
eec: 110.374
weight: 9.81112e-08
eec: 2360.84
weight: 7.57242e-05
eec: 33.4425
weight: 0.000183297
eec: 570.976
weight: 4.24249e-06
eec: 77.6766
weight: 3.57638e-08
eec: 712.771
weight: 1.22e-05
eec: 261.782
weight: 8.07957e-05
eec: 530.028
weight: 0.000206473
eec: 177.814
weight: 6.18175e-05
eec: 51.757
weight: 0.000128389
eec: 175.847
weight: 0.000340553
eec: 586.012
weight: 2.40099e-05
eec: 225.594
weight: 7.59414e-06
eec: 1637.48
weight: 1.69971e-05
eec: 176.042
weight: 1.93855e-05
eec: 648.983
weight: 5.75907e-05
eec: 1300.28
weight: 0.000309582
eec: 99.0326
weight: 1.07582e-05
eec: 54.0884
weight: 1.51644e-05
eec: 1135.27
weight: 0.000390805
eec: 662.752
weight: 9.97778e-06
eec: 168.312
weight: 6.67696e-05
eec: 86.1368
weight: 0.00039259
eec: 815.799
weight: 0.000146211
eec: 25.7589
weight: 2.12422e-06
eec: 409.478
weight: 3.07855e-05
eec: 294.067
weight: 3.35056e-06
eec: 56.7304
weight: 1.16984e-05
eec: 181.133
weight: 1.50727e-05
eec: 126.298
weight: 7.67778e-07
eec: 230.963
weight: 2.12009e-05
eec: 55.278
weight: 8.51863e-06
eec: 23.3457
weight: 0.000275776
eec: 521.058
weight: 9.79624e-05
eec: 901.48
weight: 6.35435e-06
eec: 204.654
weight: 7.16028e-06
eec: 136.938
weight: 3.7132e-06
eec: 73.583
weight: 0.000354153
eec: 362.69
weight: 1.69156e-05
eec: 22.1353
weight: 0.000203866
eec: 263.393
weight: 1.02238e-05
eec: 210.457
weight: 4.30897e-06
eec: 23.2064
weight: 6.0009e-05
eec: 614.075
weight: 1.05907e-05
eec: 3162.3
weight: 7.35703e-05
eec: 359.519

ROOT exit code = 0
