gSystem->Load("run_condor_job_Run3_C.so");
run_condor_job_Run3(571, 100, 2,
                    80, 200,
                    1, 1, 1, 5);
.q

ENTERED run_condor_job_Run3()
JOBID = 571
  global job = 571  Job 71/100  events [4260000, 4320000)  total=6000000
Processing events [4260000, 4320000) of 6000000
weight: 3.09231e-05
eec: 3861.22
weight: 5.73032e-06
eec: 144.179
weight: 2.03617e-07
eec: 270.767
weight: 2.31697e-05
eec: 885.491
weight: 7.33581e-05
eec: 71.6751
weight: 7.74196e-06
eec: 2097.68
weight: 5.89824e-05
eec: 517.094
weight: 1.07702e-06
eec: 1345.52
weight: 2.27594e-05
eec: 444.357
weight: 3.61812e-05
eec: 613.029
weight: 5.21693e-06
eec: 861.691
weight: 6.76017e-06
eec: 590.12
weight: 0.000292909
eec: 277.393
weight: 2.25763e-05
eec: 873.364
weight: 2.15075e-05
eec: 228.302
weight: 2.34616e-05
eec: 215.573
weight: 2.18692e-08
eec: 690.812
weight: 3.22692e-06
eec: 33.4865
weight: 7.11108e-05
eec: 83.2402
weight: 1.98097e-05
eec: 122.847
weight: 4.87508e-05
eec: 255.843
weight: 0.000119888
eec: 555.915
weight: 8.5677e-06
eec: 429.108
weight: 4.08268e-05
eec: 37.2006
weight: 6.09779e-05
eec: 804.964
weight: 3.67073e-05
eec: 143.782
weight: 5.3361e-06
eec: 77.0594
weight: 0.000252584
eec: 314.346
weight: 4.4714e-05
eec: 831.259
weight: 3.19242e-06
eec: 503.926
weight: 6.55955e-07
eec: 58.2648
weight: 3.05959e-05
eec: 825.384
weight: 2.82208e-05
eec: 2825.01
weight: 1.87479e-05
eec: 251.127
weight: 5.42013e-06
eec: 1251.84
weight: 1.29149e-07
eec: 40.9843
weight: 2.71548e-05
eec: 651.279
weight: 1.37072e-06
eec: 1042.76
weight: 0.000637131
eec: 419.339
weight: 1.4955e-05
eec: 1435.99
weight: 5.36744e-05
eec: 288.895
weight: 0.000419062
eec: 190.909
weight: 3.03473e-05
eec: 63.4393
weight: 4.45162e-06
eec: 627.811
weight: 7.52419e-06
eec: 870.191
weight: 0.000112179
eec: 116.111
weight: 0.000225187
eec: 336.944
weight: 2.26215e-05
eec: 1160.53
weight: 9.64267e-06
eec: 2040.76
weight: 1.99317e-05
eec: 461.957
weight: 0.000195368
eec: 48.2053
weight: 0.000594777
eec: 131.288
weight: 2.729e-05
eec: 69.4586
weight: 6.74632e-06
eec: 386.539
weight: 6.00949e-05
eec: 404.452
weight: 0.00113931
eec: 464.594
weight: 3.56549e-05
eec: 173.431
weight: 1.01982e-05
eec: 221.071
weight: 0.000738038
eec: 99.8864
weight: 7.59656e-05
eec: 433.732
weight: 9.53107e-05
eec: 245.85
weight: 1.25053e-05
eec: 787.628
weight: 1.14132e-05
eec: 1375.59
weight: 8.46719e-06
eec: 73.2711
weight: 1.59004e-05
eec: 616.299
weight: 6.05727e-07
eec: 4368.74
weight: 3.07446e-06
eec: 115.275
weight: 3.05621e-05
eec: 200.24
weight: 6.0021e-05
eec: 228.228
weight: 1.69923e-05
eec: 676.768
weight: 4.12097e-05
eec: 75.188
weight: 1.73117e-05
eec: 137.207
weight: 1.76791e-05
eec: 16.3002
weight: 1.05692e-05
eec: 623.28
weight: 0.000313895
eec: 642.169
weight: 2.84454e-05
eec: 1265.71
weight: 2.46268e-07
eec: 67.1532
weight: 2.46268e-07
eec: 409.887
weight: 1.25816e-06
eec: 886.892
weight: 0.000198656
eec: 44.2006
weight: 3.91233e-05
eec: 241.686
weight: 9.62875e-05
eec: 330.3
weight: 1.51136e-05
eec: 145.129
weight: 2.5173e-05
eec: 991.045
weight: 9.00238e-05
eec: 53.0239
weight: 0.00020634
eec: 714.154
weight: 0.00030007
eec: 1398.24
weight: 0.000144726
eec: 589.572
weight: 4.87432e-05
eec: 261.425
weight: 0.000132493
eec: 133.414
weight: 8.62535e-06
eec: 325.841
weight: 4.2333e-05
eec: 254.491
weight: 1.48259e-06
eec: 157.142
weight: 2.26462e-05
eec: 180.328
weight: 5.40243e-05
eec: 836.674
weight: 7.20685e-05
eec: 282.212
weight: 3.21342e-06
eec: 425.832
weight: 0.000139205
eec: 309.333
weight: 6.11739e-06
eec: 2850.72
weight: 2.95445e-05
eec: 214.506
weight: 6.3663e-05
eec: 404.894
weight: 5.00226e-05
eec: 69.146
weight: 6.05746e-06
eec: 3491.46
weight: 0.000373451
eec: 497.748
weight: 9.29482e-06
eec: 883.903
weight: 2.13127e-05
eec: 572.159
weight: 2.4154e-06
eec: 56.7848
weight: 6.4017e-06
eec: 1875.87
weight: 1.70982e-05
eec: 509.93
weight: 2.74766e-05
eec: 1026.44
weight: 7.892e-05
eec: 259.788
weight: 8.19435e-05
eec: 38.2333
weight: 5.43571e-06
eec: 1241.72
weight: 1.51371e-05
eec: 982.317
weight: 3.94457e-05
eec: 253.195
weight: 0.000106726
eec: 45.2005
weight: 1.42095e-06
eec: 89.9981
weight: 4.0581e-05
eec: 963.941
weight: 1.48896e-05
eec: 312.49
weight: 5.9376e-05
eec: 487.817
weight: 0.000574245
eec: 153.173
weight: 1.55116e-05
eec: 113.479
weight: 1.87073e-05
eec: 1124.04
weight: 5.56551e-05
eec: 817.079
weight: 1.23612e-06
eec: 207.169
weight: 6.27799e-06
eec: 643.381
weight: 2.03054e-06
eec: 199.339
weight: 6.58866e-06
eec: 473.469
weight: 0.000274145
eec: 280.93
weight: 0.000660881
eec: 423.463
weight: 9.19093e-06
eec: 189.354
weight: 1.09507e-06
eec: 340.054
weight: 9.00757e-05
eec: 33.39
weight: 6.80271e-06
eec: 1101.62
weight: 7.26922e-05
eec: 1437.9
weight: 0.000123769
eec: 108.918
weight: 3.12472e-07
eec: 889.767
weight: 1.65363e-05
eec: 1522.37
weight: 2.74913e-06
eec: 275.567
weight: 0.000119232
eec: 16.4621
weight: 0.000593245
eec: 1750.34
weight: 1.65243e-05
eec: 58.3129
weight: 8.23533e-05
eec: 220.758
weight: 6.1507e-06
eec: 284.151
weight: 0.000148676
eec: 484.149
weight: 5.9972e-05
eec: 79.9163
weight: 3.98905e-05
eec: 1133.8
weight: 0.000144874
eec: 440.941
weight: 3.25159e-05
eec: 565.943
weight: 1.04829e-06
eec: 856.043
weight: 7.89902e-05
eec: 391.728
weight: 3.47868e-05
eec: 1277.9
weight: 0.00014874
eec: 191.08
Processing: 71.6667 %weight: 8.45844e-07
eec: 281.588
weight: 8.4752e-07
eec: 1823.06
weight: 6.65462e-06
eec: 1158.3
weight: 4.28368e-06
eec: 863.49
weight: 7.79515e-05
eec: 1193.08
weight: 7.53087e-06
eec: 453.739
weight: 1.25076e-05
eec: 762.385
weight: 2.29161e-06
eec: 1010.87
weight: 3.25669e-05
eec: 76.4303
weight: 1.81812e-05
eec: 1869.1
weight: 3.08762e-05
eec: 214.339
weight: 6.68911e-05
eec: 512.829
weight: 0.000190589
eec: 439.136
weight: 0.000362885
eec: 53.9019
weight: 4.6441e-05
eec: 1699.06
weight: 1.98887e-05
eec: 482.976
weight: 2.16784e-05
eec: 445.524
weight: 0.000829455
eec: 1245.3
weight: 0.000329547
eec: 56.4115
weight: 1.54385e-05
eec: 819.546
weight: 4.20146e-06
eec: 970.429
weight: 1.10002e-08
eec: 136.573
weight: 2.81373e-06
eec: 1213.04
weight: 9.93639e-07
eec: 68.8764
weight: 8.38447e-06
eec: 1047.26
weight: 1.34571e-05
eec: 144.62
weight: 1.27463e-06
eec: 96.9422
weight: 7.56389e-05
eec: 566.128
weight: 2.03936e-05
eec: 510.627
weight: 0.00159518
eec: 744.065
weight: 0.000111324
eec: 112.748
weight: 6.8797e-05
eec: 149.596
weight: 3.70337e-06
eec: 235.552
weight: 0.000737172
eec: 577.016
weight: 1.54902e-06
eec: 841.566
weight: 6.38611e-06
eec: 149.058
weight: 2.14014e-05
eec: 78.8183
weight: 3.02005e-06
eec: 330.572
weight: 6.36583e-07
eec: 263.475
weight: 7.48625e-05
eec: 44.4547
weight: 0.00055525
eec: 247.732
weight: 1.54655e-06
eec: 592.015
weight: 9.169e-06
eec: 2446.8
weight: 0.00011532
eec: 35.215
weight: 2.72226e-05
eec: 236.157
weight: 2.57796e-05
eec: 247.322
weight: 8.03334e-05
eec: 247.367
weight: 8.47462e-05
eec: 193.965
weight: 0.000341276
eec: 202.383
weight: 0.000793218
eec: 104.421
weight: 0.000143648
eec: 504.319
weight: 8.81883e-06
eec: 679.114
weight: 0.000209842
eec: 816.759
weight: 5.40409e-05
eec: 2166.95
weight: 2.31356e-05
eec: 1376.15
weight: 3.3799e-06
eec: 2274.03
weight: 0.000112937
eec: 242.998
weight: 0.000112937
eec: 150.447
weight: 5.86829e-05
eec: 524.732
weight: 3.3201e-05
eec: 62.7477
weight: 7.14895e-06
eec: 108.456
weight: 1.1498e-05
eec: 149.324
weight: 7.70629e-06
eec: 165.379
weight: 1.40472e-05
eec: 200.374
weight: 1.7984e-05
eec: 1335.19
weight: 4.20439e-06
eec: 212.93
weight: 1.07598e-05
eec: 710.757
weight: 0.000154772
eec: 539.783
weight: 1.62832e-06
eec: 2594.18
weight: 4.92156e-05
eec: 344.334
weight: 0.000278183
eec: 402.64
weight: 5.4945e-05
eec: 801.183
weight: 1.4859e-06
eec: 54.703
weight: 1.21279e-05
eec: 44.6366
weight: 2.14803e-06
eec: 33.8516
weight: 8.96102e-06
eec: 3144.7
weight: 1.57525e-05
eec: 245.139
weight: 4.32091e-05
eec: 82.1597
weight: 0.000360174
eec: 154.385
weight: 6.49683e-05
eec: 207.049
weight: 8.73364e-05
eec: 468.763
weight: 2.25556e-05
eec: 413.371
weight: 1.94865e-06
eec: 456.906
weight: 0.000380108
eec: 13.7924
weight: 3.2764e-05
eec: 768.986
weight: 0.000113168
eec: 514.686
weight: 4.87503e-05
eec: 342.198
weight: 5.83049e-06
eec: 1663.03
weight: 0.000555914
eec: 281.086
weight: 1.72043e-05
eec: 69.5513
weight: 9.24927e-06
eec: 1017.3
weight: 3.11786e-06
eec: 531.271

ROOT exit code = 0
