gSystem->Load("run_condor_job_Run3_C.so");
run_condor_job_Run3(38, 100, 2,
                    80, 200,
                    1, 1, 1, 0);
.q

ENTERED run_condor_job_Run3()
JOBID = 38
  global job = 38  Job 38/100  events [2277720, 2337660)  total=5994000
Processing events [2277720, 2337660) of 5994000
weight: 1.67501e-06
eec: 393.489
weight: 4.98278e-05
eec: 113.76
weight: 3.26935e-05
eec: 838.236
weight: 7.45134e-06
eec: 1303.42
weight: 0.000365104
eec: 430.051
weight: 0.000395013
eec: 55.6668
weight: 9.0756e-06
eec: 409.71
weight: 4.32029e-05
eec: 470.902
weight: 4.66815e-07
eec: 1635.94
weight: 3.22538e-06
eec: 947.397
weight: 2.53442e-05
eec: 297.049
weight: 0.000890451
eec: 117.287
weight: 0.000130939
eec: 966.726
weight: 1.62343e-05
eec: 149.896
weight: 0.000108801
eec: 183.505
weight: 9.41832e-06
eec: 170.221
weight: 9.58885e-06
eec: 94.9002
weight: 3.35316e-05
eec: 1401.24
weight: 7.05932e-07
eec: 347.776
weight: 0.000187377
eec: 247.506
weight: 1.73344e-05
eec: 23.4926
weight: 5.74871e-05
eec: 228.311
weight: 1.8107e-05
eec: 174.048
weight: 4.26868e-07
eec: 142.286
weight: 1.57148e-05
eec: 390.765
weight: 3.0028e-06
eec: 259.113
weight: 3.90772e-05
eec: 178.695
weight: 0.000100531
eec: 64.5019
weight: 8.3657e-06
eec: 683.54
weight: 0.000128008
eec: 487.608
weight: 1.35766e-05
eec: 2179.01
weight: 3.99519e-05
eec: 1708.33
weight: 1.84131e-05
eec: 64.5817
weight: 4.84785e-08
eec: 1193.16
weight: 0.000206929
eec: 134.386
weight: 1.11458e-05
eec: 417.727
weight: 1.43412e-05
eec: 394.734
weight: 0.000157396
eec: 206.075
weight: 1.6296e-05
eec: 520.782
weight: 1.98992e-05
eec: 253.718
weight: 4.04946e-06
eec: 274.155
weight: 5.87124e-06
eec: 836.792
weight: 5.70379e-06
eec: 1029.13
weight: 1.63031e-05
eec: 497.643
weight: 2.08223e-05
eec: 615.01
weight: 3.99496e-06
eec: 850.992
weight: 9.92258e-06
eec: 94.4097
weight: 2.06373e-05
eec: 580.586
weight: 6.15313e-05
eec: 738.72
weight: 6.54225e-05
eec: 688.518
weight: 4.87145e-08
eec: 49.2835
weight: 0.000278271
eec: 480.174
weight: 0.000391621
eec: 181.402
weight: 7.78385e-06
eec: 466.654
weight: 9.81067e-07
eec: 216.647
weight: 5.97469e-06
eec: 212.298
weight: 2.15287e-05
eec: 1629.93
weight: 2.26888e-05
eec: 878.76
weight: 3.33485e-05
eec: 332.783
weight: 3.28846e-05
eec: 1329.72
weight: 0.000606953
eec: 25.3553
weight: 1.88924e-05
eec: 696.206
weight: 5.19959e-06
eec: 562.016
weight: 0.00111548
eec: 361.251
weight: 1.5099e-05
eec: 745.777
weight: 1.53993e-05
eec: 720.881
weight: 2.03546e-05
eec: 501.946
weight: 2.75231e-05
eec: 2626.81
weight: 0.000132838
eec: 992.731
Processing: 38.3717 %weight: 0.000300495
eec: 106.916
weight: 0.000367035
eec: 71.5334
weight: 2.48103e-06
eec: 298.449
weight: 8.2407e-05
eec: 495.018
weight: 1.12877e-05
eec: 145.127
weight: 2.59469e-05
eec: 184.681
weight: 2.66019e-05
eec: 1916.02
weight: 8.7453e-05
eec: 334.581
weight: 3.01318e-05
eec: 2848.07
weight: 3.01318e-05
eec: 653.527
weight: 1.19629e-05
eec: 188.371
weight: 0.000404707
eec: 145.409
weight: 4.61626e-07
eec: 1939
weight: 2.83647e-06
eec: 401.917
weight: 4.39877e-05
eec: 232.106
weight: 0.000344083
eec: 38.537
weight: 1.33979e-05
eec: 1068.11
weight: 0.000311026
eec: 579.036
weight: 7.5349e-06
eec: 728.739
weight: 3.11714e-05
eec: 142.726
weight: 1.38805e-05
eec: 1152.24
weight: 3.94187e-05
eec: 140.38
weight: 3.03461e-05
eec: 299.931
weight: 3.58313e-05
eec: 1431.68
weight: 1.02078e-05
eec: 54.2519
weight: 3.59883e-05
eec: 60.8864
weight: 4.63478e-07
eec: 168.767
weight: 6.28188e-05
eec: 159.137
weight: 0.000199048
eec: 1185.25
weight: 8.0972e-06
eec: 111.524
weight: 0.000178483
eec: 441.105
weight: 3.48909e-07
eec: 1966.32
weight: 7.34116e-06
eec: 1612.7
weight: 3.74572e-06
eec: 1016.92
weight: 5.836e-05
eec: 603.75
weight: 4.58294e-05
eec: 624.309
weight: 2.68414e-05
eec: 1140.87
weight: 5.23414e-06
eec: 2775.94
weight: 0.000252117
eec: 72.1368
weight: 1.1317e-05
eec: 636.489
weight: 6.89676e-05
eec: 684.032
weight: 6.89676e-05
eec: 85.9501
weight: 5.32243e-05
eec: 634.83
weight: 1.1901e-05
eec: 910.328
weight: 7.64205e-05
eec: 661.16
weight: 1.56806e-05
eec: 85.8406
weight: 6.85969e-06
eec: 1002.72
weight: 0.000373186
eec: 252.258
weight: 1.0439e-06
eec: 757.274
weight: 2.93982e-05
eec: 635.318
weight: 6.65772e-06
eec: 89.903
weight: 1.9799e-07
eec: 207.032
weight: 3.5959e-05
eec: 1221.85
weight: 7.49653e-05
eec: 985.644
weight: 1.43865e-05
eec: 88.4057
weight: 3.68419e-05
eec: 2127.16
weight: 5.04349e-06
eec: 997.343
weight: 1.07276e-05
eec: 1268.94
weight: 0.000121567
eec: 1275.22
weight: 1.25834e-05
eec: 727.683
weight: 3.32679e-07
eec: 914.527
weight: 2.38955e-06
eec: 210.813
weight: 7.67488e-05
eec: 754.442
weight: 1.56103e-05
eec: 613.205
weight: 2.56247e-05
eec: 937.231
weight: 7.62449e-05
eec: 1213.66
weight: 6.76347e-06
eec: 28.762
weight: 3.38572e-05
eec: 512.474
weight: 9.42405e-07
eec: 304.865
weight: 0.000148818
eec: 202.226
weight: 2.31846e-06
eec: 388.96
weight: 0.00012676
eec: 688.636
weight: 7.80171e-06
eec: 1457.88
weight: 2.57346e-05
eec: 174.053
weight: 2.65335e-06
eec: 139.684
weight: 3.85763e-05
eec: 102.515
weight: 9.57329e-06
eec: 776.849
weight: 4.00251e-06
eec: 662.798
weight: 9.0902e-06
eec: 865.126
weight: 4.98214e-05
eec: 281.394
weight: 1.18485e-05
eec: 2293.31
weight: 4.7431e-08
eec: 267.078
weight: 3.64085e-06
eec: 410.953
weight: 1.00822e-06
eec: 977.095
weight: 6.83301e-05
eec: 279.018
weight: 7.29081e-05
eec: 786.587
weight: 0.000240571
eec: 130.351
weight: 6.86144e-05
eec: 183.362
weight: 3.20858e-05
eec: 82.5464
weight: 0.000401503
eec: 960.884
weight: 1.50733e-05
eec: 660.801
weight: 2.09614e-05
eec: 435.904
weight: 3.52385e-05
eec: 276.204
weight: 1.85981e-05
eec: 605.176
weight: 8.72458e-06
eec: 126.193
weight: 2.15926e-05
eec: 132.995
weight: 3.55829e-05
eec: 29.7966
weight: 0.000319443
eec: 241.162
weight: 0.000214074
eec: 928.8
weight: 2.3001e-05
eec: 1214.95
weight: 3.93663e-07
eec: 282.514
weight: 0.000288218
eec: 20.4942
weight: 0.000206886
eec: 179.054
weight: 8.1042e-06
eec: 470.418
weight: 7.4859e-06
eec: 169.526
weight: 2.7094e-06
eec: 66.7575
weight: 4.02006e-05
eec: 166.924
weight: 3.66556e-05
eec: 154.614
weight: 3.85309e-07
eec: 188.076
weight: 1.119e-05
eec: 82.3662
weight: 2.40433e-05
eec: 371.057
weight: 4.59407e-05
eec: 1001.87
weight: 5.40409e-06
eec: 146.977
weight: 1.09591e-06
eec: 161.356
weight: 0.000282109
eec: 938.809
weight: 4.15998e-06
eec: 252.182
weight: 1.1501e-05
eec: 745.513
weight: 1.97114e-08
eec: 30.1458
weight: 4.38744e-05
eec: 555.249
weight: 4.40515e-05
eec: 1689.82
weight: 2.61066e-05
eec: 38.9784
weight: 6.55539e-05
eec: 659.734
weight: 0.000160595
eec: 70.2195
weight: 6.75149e-08
eec: 2376.17
weight: 9.7281e-06
eec: 128.436
weight: 2.2398e-05
eec: 778.592
weight: 0.000489547
eec: 906.741
weight: 1.93455e-05
eec: 309.144
weight: 7.51797e-06
eec: 1209.24
weight: 1.47666e-05
eec: 697.657
weight: 2.54148e-05
eec: 1020.42
weight: 5.41896e-05
eec: 192.135
weight: 1.11178e-05
eec: 90.7467
weight: 8.82955e-05
eec: 136.768
weight: 4.01789e-05
eec: 1690.53
weight: 0.000295455
eec: 895.627
weight: 1.00466e-05
eec: 108.321
weight: 9.51709e-06
eec: 574.977
weight: 0.000158891
eec: 37.533
weight: 0.000526446
eec: 182.083
weight: 0.000158116
eec: 523.771

ROOT exit code = 0
