gSystem->Load("run_condor_job_Run3_C.so");
run_condor_job_Run3(926, 100, 2,
                    80, 200,
                    1, 1, 1, 9);
.q

ENTERED run_condor_job_Run3()
JOBID = 926
  global job = 926  Job 26/100  events [1545960, 1605420)  total=5946000
Processing events [1545960, 1605420) of 5946000
weight: 1.37596e-05
eec: 1833.38
weight: 3.26209e-05
eec: 710.618
weight: 2.97934e-05
eec: 2184.63
weight: 8.10421e-06
eec: 37.2167
weight: 0.000176912
eec: 668.453
weight: 0.000108719
eec: 216.28
weight: 6.56499e-05
eec: 538.726
weight: 1.8997e-05
eec: 1090.18
weight: 0.000120761
eec: 878.986
weight: 1.15144e-05
eec: 304.332
weight: 5.97243e-06
eec: 876.553
weight: 0.000134874
eec: 141.918
weight: 5.46477e-05
eec: 258.006
weight: 4.88181e-06
eec: 142.256
weight: 2.11606e-05
eec: 87.2892
Processing: 26.0679 %weight: 1.17111e-07
eec: 194.937
weight: 3.52299e-05
eec: 599.486
weight: 0.000103307
eec: 97.0183
weight: 9.33975e-05
eec: 348.358
weight: 0.000307377
eec: 563.856
weight: 1.21565e-05
eec: 879.429
weight: 0.000270789
eec: 148.269
weight: 2.82274e-05
eec: 82.3135
weight: 1.23369e-05
eec: 821.497
weight: 5.51553e-06
eec: 2596.09
weight: 1.359e-05
eec: 226.332
weight: 6.06494e-06
eec: 523.715
weight: 0.000215852
eec: 348.833
weight: 5.1883e-07
eec: 368.554
weight: 1.39156e-05
eec: 521.652
weight: 1.60673e-05
eec: 208.564
weight: 9.20693e-05
eec: 1095.37
weight: 8.60286e-06
eec: 106.158
weight: 6.57009e-06
eec: 1725.99
weight: 0.000220631
eec: 283.017
weight: 1.82281e-05
eec: 703.147
weight: 0.00036273
eec: 72.1032
weight: 1.15642e-05
eec: 1649.23
weight: 0.000125914
eec: 670.801
weight: 5.86145e-06
eec: 366.466
weight: 0.000697718
eec: 591.47
weight: 0.00020125
eec: 9.00467
weight: 3.20998e-05
eec: 727.972
weight: 6.35633e-05
eec: 1186.63
weight: 0.000326153
eec: 49.3343
weight: 1.51885e-06
eec: 216.816
weight: 0.00053429
eec: 361.05
weight: 1.94867e-05
eec: 48.5827
weight: 1.11783e-05
eec: 2471.74
weight: 2.8369e-06
eec: 1049.33
weight: 4.60429e-05
eec: 1763.87
weight: 0.000291388
eec: 4.96504
weight: 4.13245e-05
eec: 56.9732
weight: 3.88372e-05
eec: 230.734
weight: 3.93074e-05
eec: 2442.25
weight: 2.92487e-05
eec: 121.32
weight: 3.37767e-05
eec: 1085.39
weight: 6.06399e-06
eec: 589.777
weight: 0.000138937
eec: 170.2
weight: 3.07898e-07
eec: 830.687
weight: 1.85868e-05
eec: 279.912
weight: 4.11634e-05
eec: 31.1911
weight: 1.01648e-05
eec: 1504.75
weight: 4.31063e-05
eec: 781.961
weight: 4.53292e-06
eec: 1402.96
weight: 0.00019055
eec: 145.362
weight: 7.80818e-06
eec: 120.943
weight: 1.55105e-05
eec: 1425.02
weight: 2.87792e-05
eec: 1738.4
weight: 0.000510434
eec: 26.1026
weight: 7.84081e-07
eec: 193.045
weight: 5.11875e-05
eec: 591.139
weight: 4.09104e-07
eec: 791.783
weight: 4.76177e-06
eec: 616.963
weight: 1.08163e-05
eec: 76.1308
weight: 3.47497e-05
eec: 722.809
weight: 1.31866e-05
eec: 2094.94
weight: 1.73044e-07
eec: 76.0631
weight: 5.54849e-08
eec: 539.904
weight: 2.03309e-05
eec: 89.5533
weight: 5.0761e-05
eec: 664.087
weight: 0.000297033
eec: 94.8999
weight: 5.10882e-05
eec: 383.938
weight: 6.98107e-06
eec: 223.17
weight: 2.37272e-05
eec: 160.058
weight: 0.000149559
eec: 351.326
weight: 0.000968472
eec: 218.708
weight: 2.3067e-05
eec: 184.751
weight: 2.30767e-05
eec: 1371.42
weight: 1.15568e-05
eec: 285.067
weight: 7.62516e-06
eec: 1293.93
weight: 1.15952e-05
eec: 218.595
weight: 2.69232e-05
eec: 3193.72
weight: 0.000158714
eec: 498.285
weight: 2.52661e-05
eec: 346.952
weight: 0.000108357
eec: 100.34
weight: 9.54747e-06
eec: 213.738
weight: 0.000194146
eec: 326.667
weight: 7.41734e-05
eec: 18.7447
weight: 2.9291e-07
eec: 265.261
weight: 3.2338e-06
eec: 13.8522
weight: 7.79448e-06
eec: 212.073
weight: 0.000130819
eec: 362.316
weight: 1.01716e-05
eec: 378.787
weight: 3.91082e-05
eec: 1543.34
weight: 3.93499e-06
eec: 507.267
weight: 1.3551e-05
eec: 91.2857
weight: 0.000115216
eec: 272.128
weight: 0.000353333
eec: 211.556
weight: 0.000248591
eec: 7.93306
weight: 0.000158368
eec: 131.278
weight: 2.32635e-05
eec: 585.597
weight: 1.94035e-06
eec: 200.442
weight: 1.8598e-07
eec: 1320.87
weight: 0.000159141
eec: 480.792
weight: 0.000152813
eec: 377.739
weight: 8.44319e-08
eec: 46.8823
weight: 5.33071e-06
eec: 343.014
weight: 5.256e-07
eec: 679.063
weight: 2.47903e-05
eec: 1198.63
weight: 2.20997e-05
eec: 139.496
weight: 0.00041201
eec: 834.548
weight: 5.75671e-06
eec: 1713.56
weight: 9.86944e-06
eec: 564.165
weight: 4.21878e-05
eec: 60.0455
weight: 4.29014e-05
eec: 277.999
weight: 0.000135074
eec: 930.141
weight: 4.45252e-05
eec: 76.798
weight: 2.14014e-05
eec: 109.989
weight: 1.32837e-05
eec: 2626.65
weight: 0.000259564
eec: 786.528
weight: 0.000249067
eec: 10.8771
weight: 1.20948e-06
eec: 220.866
weight: 7.7337e-06
eec: 1848.42
weight: 3.47929e-05
eec: 4909.93
weight: 3.47929e-05
eec: 410.888
weight: 2.63433e-06
eec: 1471.51
weight: 9.77575e-05
eec: 15.9996
weight: 0.000129569
eec: 655.533
weight: 0.000265692
eec: 656.79
weight: 7.09766e-05
eec: 128.474
weight: 0.00019939
eec: 326.644
weight: 5.3421e-06
eec: 80.5711
weight: 7.62486e-05
eec: 177.196
weight: 4.75718e-05
eec: 302.532
weight: 9.92291e-06
eec: 492.69
weight: 1.80333e-05
eec: 122.48
weight: 1.90758e-05
eec: 271.464
weight: 9.75969e-05
eec: 60.5903
weight: 0.000144911
eec: 560.31
weight: 0.000173448
eec: 69.6421
weight: 1.68752e-06
eec: 1098.39
weight: 3.75724e-05
eec: 389.991
weight: 2.18918e-08
eec: 22.5239
weight: 6.88853e-06
eec: 793.238
weight: 0.000145144
eec: 548.244
weight: 1.61284e-05
eec: 1008.12
weight: 0.000153747
eec: 33.2947
weight: 2.1529e-06
eec: 682.611
weight: 0.000267284
eec: 213.311
weight: 0.000158738
eec: 927.016
weight: 5.27424e-05
eec: 1239.49
weight: 3.77145e-05
eec: 20.1198
weight: 3.30922e-06
eec: 390.979
weight: 2.77871e-05
eec: 204.075
weight: 3.3223e-05
eec: 595.241
weight: 2.1857e-05
eec: 1181.73
weight: 0.000231626
eec: 111.704
weight: 5.82066e-07
eec: 127.571
weight: 4.34983e-06
eec: 319.272
weight: 1.01027e-07
eec: 967.653
weight: 1.36829e-05
eec: 575.677
weight: 0.000382463
eec: 2273.6
weight: 2.51064e-06
eec: 316.729
weight: 2.32259e-05
eec: 53.5679
weight: 9.77543e-06
eec: 1539.12
weight: 0.000192384
eec: 1456.43
weight: 3.20036e-06
eec: 2039.79
weight: 1.7801e-08
eec: 445.581
weight: 8.05822e-06
eec: 361.739
weight: 4.59668e-06
eec: 39.1383
weight: 0.000175837
eec: 16.8802
weight: 3.75015e-06
eec: 54.7314
weight: 2.19691e-06
eec: 64.9229
weight: 4.18634e-05
eec: 844.172
weight: 6.2498e-06
eec: 1309.77
weight: 0.000201944
eec: 1316.79
weight: 0.000166015
eec: 29.6911
weight: 3.58515e-05
eec: 351.559
weight: 4.94551e-06
eec: 63.5465
weight: 1.81769e-05
eec: 2860.85
weight: 1.14144e-05
eec: 1532.45
weight: 4.82746e-06
eec: 720.059
weight: 1.88773e-06
eec: 552.994
weight: 0.000110506
eec: 1632.58
weight: 2.284e-05
eec: 187.732
weight: 7.91204e-06
eec: 547.528
weight: 1.12501e-06
eec: 1423.64
weight: 0.0001359
eec: 222.214
weight: 1.58973e-05
eec: 393.52
weight: 0.000467745
eec: 647.178
weight: 1.52496e-07
eec: 42.5569
weight: 9.24211e-06
eec: 567.643
weight: 7.40228e-06
eec: 339.423
weight: 0.000356569
eec: 281.3
weight: 4.36429e-05
eec: 1665.18
weight: 1.07706e-06
eec: 87.2152
weight: 4.99765e-06
eec: 1168
weight: 2.06726e-06
eec: 822.146
weight: 9.89517e-06
eec: 710.526
weight: 4.96096e-05
eec: 122.057
weight: 5.80344e-05
eec: 270.992
weight: 0.000180583
eec: 570.651
weight: 0.000947979
eec: 42.526
weight: 3.17304e-06
eec: 116.58
weight: 5.7102e-05
eec: 388.565
weight: 4.0031e-05
eec: 1385.55
weight: 4.81858e-05
eec: 164.067
weight: 2.10595e-06
eec: 3367.27
weight: 0.000510577
eec: 185.473
weight: 1.74421e-06
eec: 75.2958
weight: 0.000146364
eec: 210.448
weight: 5.34714e-05
eec: 222.52
weight: 7.76074e-06
eec: 157.913
weight: 9.72779e-05
eec: 220.791
weight: 1.34024e-05
eec: 157.139
weight: 2.17217e-06
eec: 25.9467
weight: 0.000265007
eec: 933.795
Processing: 26.9088 %weight: 0.000175645
eec: 1213.64
weight: 1.12633e-07
eec: 68.9144
weight: 2.04791e-06
eec: 2197.81
weight: 1.78155e-06
eec: 93.9854
weight: 1.78155e-06
eec: 485.982
weight: 7.93719e-07
eec: 1369
weight: 2.89399e-05
eec: 135.516
weight: 1.05155e-05
eec: 90.0214
weight: 0.000138483
eec: 30.4441
weight: 0.000101384
eec: 715.882
weight: 4.47107e-05
eec: 253.089
weight: 7.6401e-06
eec: 1682.99
weight: 2.98649e-05
eec: 1007.18
weight: 1.49972e-05
eec: 486.273
weight: 0.000162535
eec: 131.615
weight: 8.52438e-06
eec: 145.875
weight: 4.62812e-06
eec: 3152.1
weight: 9.62237e-05
eec: 236.151
weight: 0.000140541
eec: 511.811
weight: 0.000244937
eec: 1197.93
weight: 2.0834e-05
eec: 269.979
weight: 7.16638e-06
eec: 686.509
weight: 4.14285e-05
eec: 5475.23
weight: 9.6171e-06
eec: 423.967
weight: 9.43973e-06
eec: 325.115
weight: 1.41839e-06
eec: 1146.26
weight: 3.95008e-05
eec: 687.1
weight: 7.54511e-05
eec: 96.7131
weight: 9.29617e-05
eec: 200.458

ROOT exit code = 0
