gSystem->Load("run_condor_job_Run3_C.so");
run_condor_job_Run3(465, 100, 2,
                    80, 200,
                    1, 1, 1, 4);
.q

ENTERED run_condor_job_Run3()
JOBID = 465
  global job = 465  Job 65/100  events [3833700, 3892680)  total=5898000
Processing events [3833700, 3892680) of 5898000
weight: 4.21084e-07
eec: 750.804
weight: 0.000180008
eec: 114.13
weight: 0.000109378
eec: 185.347
weight: 3.78789e-05
eec: 384.589
weight: 4.45426e-06
eec: 171.862
weight: 7.83951e-05
eec: 821.272
weight: 1.47395e-05
eec: 919.831
weight: 1.06783e-07
eec: 41.8031
weight: 6.4593e-05
eec: 1043.03
weight: 3.932e-05
eec: 339.15
weight: 0.000127896
eec: 95.992
weight: 0.000392888
eec: 90.0018
weight: 5.75064e-05
eec: 1780.13
weight: 0.000975756
eec: 448.795
weight: 9.23289e-05
eec: 289.268
weight: 9.03381e-06
eec: 929.414
weight: 7.98909e-06
eec: 439.732
weight: 6.35665e-06
eec: 179.924
weight: 0.00016349
eec: 74.2863
weight: 2.4028e-06
eec: 121.238
weight: 1.082e-05
eec: 200.612
weight: 1.02335e-05
eec: 472.664
weight: 1.18208e-05
eec: 175.868
weight: 4.25064e-05
eec: 875.163
weight: 3.55016e-06
eec: 1070.52
weight: 6.76679e-06
eec: 2508.91
weight: 3.18896e-05
eec: 525.819
weight: 3.39761e-05
eec: 220.965
weight: 3.01022e-05
eec: 1314.71
weight: 5.11024e-06
eec: 269.651
weight: 8.21946e-06
eec: 478.273
weight: 4.41641e-05
eec: 370.554
weight: 1.35698e-05
eec: 1685.25
weight: 0.000122884
eec: 210.389
weight: 2.65088e-05
eec: 1433.35
weight: 2.05284e-05
eec: 302.061
weight: 7.70055e-05
eec: 15.3325
weight: 2.22193e-06
eec: 26.6988
weight: 9.61007e-05
eec: 266.699
weight: 1.00325e-05
eec: 527.83
weight: 2.71067e-06
eec: 313.887
weight: 1.66841e-05
eec: 71.2057
weight: 3.33614e-06
eec: 3265.6
weight: 1.90077e-05
eec: 2239.87
weight: 0.000106909
eec: 305.363
weight: 0.000152424
eec: 279.351
weight: 3.8153e-06
eec: 844.496
weight: 5.08365e-05
eec: 152.147
weight: 2.961e-05
eec: 1128.97
weight: 6.96688e-06
eec: 524.817
weight: 0.000223194
eec: 237.397
weight: 3.04115e-06
eec: 232.179
weight: 0.000195457
eec: 244.373
weight: 0.000203845
eec: 1094.45
weight: 8.72693e-06
eec: 687.219
weight: 8.86136e-05
eec: 303.928
weight: 9.99136e-05
eec: 801.61
weight: 0.000134279
eec: 108.494
weight: 8.64166e-08
eec: 943.523
weight: 8.12183e-05
eec: 43.5327
weight: 7.76751e-05
eec: 210.874
Processing: 65.2764 %weight: 0.000746931
eec: 469.637
weight: 3.7588e-05
eec: 1375.51
weight: 2.97634e-05
eec: 355.916
weight: 2.58739e-06
eec: 1704.52
weight: 0.000540804
eec: 959.316
weight: 4.58572e-05
eec: 60.7581
weight: 3.82188e-05
eec: 109.366
weight: 3.82188e-05
eec: 60.8454
weight: 2.29028e-05
eec: 3649.92
weight: 1.18674e-05
eec: 1978.97
weight: 6.15878e-05
eec: 1551.42
weight: 4.45891e-05
eec: 656.123
weight: 0.000253451
eec: 44.351
weight: 0.000973653
eec: 45.2151
weight: 0.000187988
eec: 145.782
weight: 0.000205124
eec: 49.8634
weight: 1.10022e-07
eec: 107.095
weight: 0.000412117
eec: 554.205
weight: 2.02933e-05
eec: 808.291
weight: 7.94685e-05
eec: 238.563
weight: 3.5862e-06
eec: 170.289
weight: 5.41995e-06
eec: 193.925
weight: 0.000187179
eec: 563.576
weight: 1.38776e-06
eec: 95.7797
weight: 2.92324e-05
eec: 928.616
weight: 7.20748e-06
eec: 395.266
weight: 2.05507e-05
eec: 2176.74
weight: 1.40215e-05
eec: 80.4046
weight: 3.11694e-07
eec: 2928.01
weight: 3.38819e-05
eec: 44.9857
weight: 0.000108895
eec: 609.05
weight: 2.41089e-05
eec: 359.612
weight: 9.38278e-05
eec: 135.346
weight: 1.50688e-05
eec: 99.9113
weight: 9.83955e-05
eec: 1154.16
weight: 3.86294e-06
eec: 1797.08
weight: 3.3407e-06
eec: 90.4684
weight: 1.31011e-05
eec: 776.101
weight: 1.67431e-05
eec: 1316.34
weight: 2.18681e-06
eec: 505.25
weight: 1.01889e-05
eec: 2468.84
weight: 0.000111767
eec: 12.4505
weight: 2.71423e-06
eec: 93.3455
weight: 1.95273e-05
eec: 2216.3
weight: 2.25807e-05
eec: 664.254
weight: 9.89451e-06
eec: 836.702
weight: 1.79318e-07
eec: 28.0819
weight: 1.57911e-05
eec: 540.634
weight: 0.000106146
eec: 232.158
weight: 9.34571e-05
eec: 722.496
weight: 0.00126506
eec: 586.202
weight: 3.7483e-06
eec: 217.04
weight: 1.65957e-05
eec: 1120.91
weight: 5.94972e-06
eec: 549.161
weight: 0.000256646
eec: 333.196
weight: 3.28134e-05
eec: 869.951
weight: 1.86453e-05
eec: 343.3
weight: 3.00654e-05
eec: 93.678
weight: 8.62003e-07
eec: 571.422
weight: 9.5159e-06
eec: 4103.3
weight: 3.33502e-05
eec: 149.448
weight: 2.41706e-06
eec: 389.616
weight: 0.000112271
eec: 252.074
weight: 0.000405432
eec: 193.028
weight: 6.30397e-05
eec: 219.386
weight: 9.44424e-08
eec: 741.275
weight: 4.50397e-05
eec: 241.148
weight: 1.02838e-05
eec: 216.514
weight: 5.15144e-05
eec: 1350.88
weight: 1.02804e-05
eec: 411.992
weight: 7.23437e-06
eec: 3335.95
weight: 9.81599e-06
eec: 557.013
weight: 0.000181029
eec: 1100.31
weight: 1.65714e-05
eec: 1376.43
weight: 6.63355e-05
eec: 294.87
weight: 2.93247e-05
eec: 803.725
weight: 7.77708e-07
eec: 1866.35
weight: 1.71984e-05
eec: 2950.07
weight: 0.000100674
eec: 814.872
weight: 1.89987e-06
eec: 471.184
weight: 9.97624e-06
eec: 953.253
weight: 0.000171897
eec: 1627.32
weight: 4.53087e-05
eec: 110.371
weight: 6.34925e-05
eec: 963.611
weight: 4.09884e-05
eec: 1012.61
weight: 0.000267438
eec: 487.992
weight: 1.62955e-05
eec: 100.497
weight: 1.31015e-05
eec: 179.048
weight: 2.91149e-05
eec: 719.312
weight: 0.000133231
eec: 33.5029
weight: 5.13437e-07
eec: 160.045
weight: 3.03068e-05
eec: 162.27
weight: 4.13637e-05
eec: 313.177
weight: 2.74221e-05
eec: 1422.68
weight: 0.00026156
eec: 60.7708
weight: 3.82292e-07
eec: 1365.17
weight: 5.905e-05
eec: 66.3389
weight: 5.19331e-06
eec: 861.696
weight: 3.50764e-05
eec: 805.223
weight: 3.46829e-05
eec: 1057.89
weight: 4.69657e-05
eec: 179.745
weight: 7.89854e-06
eec: 224.076
weight: 1.50946e-05
eec: 160.135
weight: 2.18444e-05
eec: 299.942
weight: 1.83934e-05
eec: 1029.79
weight: 5.5707e-06
eec: 494.951
weight: 8.83428e-06
eec: 835.864
weight: 6.78561e-06
eec: 110.312
weight: 3.6838e-05
eec: 392.672
weight: 0.00237994
eec: 346.191
weight: 2.84014e-05
eec: 897.255
weight: 6.33747e-05
eec: 906.986
weight: 0.000222483
eec: 46.7901
weight: 4.65086e-05
eec: 576.875
weight: 1.04024e-05
eec: 213.199
weight: 0.00028444
eec: 92.4716
weight: 0.000110352
eec: 794.219
weight: 1.04009e-05
eec: 699.818
weight: 0.000262729
eec: 125.167
weight: 1.4463e-06
eec: 318.391
weight: 6.95423e-08
eec: 457.312
weight: 0.000153719
eec: 341.739
weight: 1.05581e-07
eec: 220.699
weight: 3.18189e-05
eec: 342.821
weight: 7.53597e-07
eec: 582.591
weight: 0.000162755
eec: 198.191
weight: 2.46824e-05
eec: 150.892
weight: 5.00755e-05
eec: 22.6721
weight: 4.10135e-06
eec: 2288.68
weight: 0.000902765
eec: 81.0438
weight: 0.000233639
eec: 130.226
weight: 5.23434e-05
eec: 56.7406
weight: 4.77318e-05
eec: 543.028
weight: 5.4273e-05
eec: 1220.68
weight: 3.88369e-06
eec: 757.344
weight: 0.000104172
eec: 963.959
weight: 2.53043e-05
eec: 114.695
weight: 3.01973e-05
eec: 490.409
weight: 5.49857e-06
eec: 41.1761
weight: 1.9228e-05
eec: 550.886
weight: 1.1399e-06
eec: 722.675
weight: 8.9113e-06
eec: 727.707
weight: 4.00225e-05
eec: 128.463
weight: 5.69915e-05
eec: 58.2153
weight: 9.55855e-07
eec: 575.575
weight: 3.76308e-05
eec: 228.047
weight: 2.97702e-06
eec: 204.071
weight: 1.74493e-06
eec: 3399.43
weight: 1.25432e-05
eec: 582.67
weight: 5.536e-05
eec: 170.632
weight: 0.000131894
eec: 470.687
weight: 5.4931e-05
eec: 439.101
weight: 0.000308641
eec: 72.8152
weight: 1.52293e-05
eec: 33.6049
weight: 3.85954e-05
eec: 621.657
weight: 7.60069e-06
eec: 1436.86
weight: 0.000168516
eec: 55.1984
weight: 4.34212e-08
eec: 642.759
weight: 6.75532e-05
eec: 239.518
weight: 0.000109321
eec: 657.416
weight: 1.10842e-05
eec: 1205.33
weight: 6.23412e-05
eec: 757.799
weight: 0.000199642
eec: 1037.32
weight: 1.61352e-05
eec: 288.453
weight: 1.67243e-05
eec: 1658.98
weight: 4.65541e-06
eec: 1086.95
weight: 0.00029729
eec: 906.603
weight: 1.10936e-05
eec: 126.83
weight: 2.34842e-05
eec: 661.389
weight: 2.71012e-05
eec: 271.094
weight: 0.000966627
eec: 36.5079
weight: 4.00057e-05
eec: 96.4622
weight: 3.51397e-05
eec: 39.8179
weight: 0.000162864
eec: 23.1886
weight: 9.36323e-05
eec: 1131.83
weight: 1.49539e-05
eec: 236.555
weight: 0.000185717
eec: 507.208
weight: 0.000302307
eec: 328.707
weight: 1.25574e-05
eec: 1378.52
weight: 4.62774e-05
eec: 809.871
weight: 5.55865e-06
eec: 95.0636
weight: 1.12207e-05
eec: 728.322
weight: 9.38726e-06
eec: 34.0869
weight: 9.18889e-05
eec: 198.48
weight: 0.000292171
eec: 1066.04
weight: 6.98567e-05
eec: 661.592

ROOT exit code = 0
