gSystem->Load("run_condor_job_Run3_C.so");
run_condor_job_Run3(664, 100, 2,
                    80, 200,
                    1, 1, 1, 6);
.q

ENTERED run_condor_job_Run3()
JOBID = 664
  global job = 664  Job 64/100  events [3774720, 3833700)  total=5898000
Processing events [3774720, 3833700) of 5898000
weight: 6.136e-08
eec: 446.305
weight: 3.59395e-05
eec: 1503.06
weight: 3.54484e-05
eec: 3965.79
weight: 6.04425e-05
eec: 187.082
weight: 8.43753e-07
eec: 189.783
weight: 2.00043e-05
eec: 56.587
weight: 5.86665e-05
eec: 2131.31
weight: 0.000223754
eec: 636.219
weight: 6.77185e-05
eec: 283.246
weight: 3.21976e-05
eec: 81.4264
weight: 4.18354e-06
eec: 896.599
weight: 2.80368e-06
eec: 367.994
weight: 5.86105e-05
eec: 37.3503
weight: 5.05633e-07
eec: 177.43
weight: 1.37944e-05
eec: 740.875
weight: 1.45536e-06
eec: 2081.19
weight: 8.09694e-05
eec: 1052.15
weight: 0.000489529
eec: 690.791
weight: 0.000121551
eec: 334.106
weight: 0.000272525
eec: 290.479
weight: 0.00022871
eec: 483.031
weight: 4.75301e-06
eec: 1174.77
weight: 2.89484e-05
eec: 705.134
weight: 4.48373e-05
eec: 206.692
weight: 5.04529e-05
eec: 954.973
weight: 2.68388e-05
eec: 266.387
weight: 4.74402e-06
eec: 38.1808
weight: 1.19106e-05
eec: 1106.35
weight: 4.19098e-05
eec: 291.697
weight: 6.98039e-05
eec: 309.008
weight: 1.03179e-05
eec: 1693.25
weight: 4.76793e-05
eec: 373.03
weight: 9.75096e-06
eec: 605.784
weight: 3.6671e-05
eec: 463.785
weight: 3.92299e-06
eec: 716.199
weight: 1.37437e-07
eec: 2299.46
weight: 0.00010775
eec: 685.033
weight: 2.76127e-05
eec: 2928.58
weight: 5.71775e-05
eec: 1891.89
weight: 6.04533e-05
eec: 87.4587
weight: 7.37305e-05
eec: 670.137
weight: 5.27687e-07
eec: 494.902
weight: 7.18963e-06
eec: 680.196
weight: 8.22297e-05
eec: 224.054
weight: 9.67524e-07
eec: 1890.81
weight: 4.53755e-05
eec: 2800.61
weight: 0.000200594
eec: 451.03
weight: 1.25428e-06
eec: 196.398
weight: 2.77788e-05
eec: 661.049
weight: 9.99246e-06
eec: 509.41
weight: 0.000110626
eec: 361.12
weight: 0.000187061
eec: 664.366
weight: 0.000131408
eec: 131.931
weight: 9.57379e-05
eec: 265.332
weight: 4.02946e-06
eec: 439.064
weight: 6.32196e-07
eec: 234.908
weight: 4.45749e-05
eec: 91.0734
weight: 4.62269e-05
eec: 343.75
weight: 4.89827e-05
eec: 1274.12
weight: 2.09075e-05
eec: 522.047
weight: 4.42528e-08
eec: 458.813
weight: 3.87547e-05
eec: 39.6006
weight: 1.26855e-05
eec: 2347.67
weight: 0.000105322
eec: 720.567
weight: 4.92266e-07
eec: 858.317
weight: 0.000263286
eec: 52.6886
weight: 3.23309e-05
eec: 618.359
weight: 0.000180657
eec: 81.4768
weight: 5.80681e-06
eec: 1385.85
weight: 9.95531e-05
eec: 242.431
weight: 3.16616e-05
eec: 292.285
weight: 3.11281e-05
eec: 71.7836
weight: 8.80835e-06
eec: 330.952
weight: 2.11011e-06
eec: 406.657
weight: 0.000177095
eec: 8.9379
weight: 3.18626e-05
eec: 1037.3
weight: 5.77065e-05
eec: 133.736
weight: 3.9704e-05
eec: 638.444
weight: 4.99185e-05
eec: 386.299
weight: 1.39e-06
eec: 1004
weight: 2.7872e-07
eec: 526.958
weight: 0.000611509
eec: 210.963
weight: 0.000169179
eec: 308.88
weight: 7.27166e-06
eec: 831.947
weight: 8.78665e-06
eec: 1102.7
weight: 6.82324e-07
eec: 454.565
weight: 0.00153218
eec: 275.253
weight: 5.41159e-05
eec: 66.5226
weight: 7.74148e-06
eec: 1594.74
weight: 3.63708e-06
eec: 2092.13
weight: 1.5748e-05
eec: 1242.99
weight: 0.0002377
eec: 194.829
weight: 0.00041148
eec: 140.939
weight: 6.98121e-06
eec: 228.736
weight: 6.5606e-05
eec: 780.784
weight: 7.08707e-05
eec: 339.763
weight: 1.48726e-05
eec: 753.929
weight: 3.54578e-06
eec: 1861.21
weight: 9.88389e-06
eec: 98.9085
weight: 4.90617e-05
eec: 43.9893
weight: 1.19737e-06
eec: 282.377
weight: 8.99651e-06
eec: 786.04
weight: 0.000116436
eec: 410.499
weight: 8.21776e-05
eec: 16.8159
weight: 0.000209266
eec: 86.1784
weight: 2.81976e-05
eec: 64.2356
Processing: 64.4286 %weight: 0.000232467
eec: 498.961
weight: 2.59528e-06
eec: 3194.68
weight: 6.59165e-05
eec: 120.831
weight: 6.30493e-06
eec: 634.912
weight: 0.000344056
eec: 495.857
weight: 0.000426877
eec: 138.6
weight: 6.57396e-06
eec: 81.5674
weight: 7.12005e-06
eec: 441.513
weight: 2.67545e-05
eec: 181.639
weight: 3.5804e-05
eec: 340.082
weight: 1.21871e-06
eec: 493.264
weight: 2.38968e-05
eec: 241.528
weight: 1.90353e-05
eec: 885.562
weight: 5.7962e-06
eec: 1203.78
weight: 0.000373722
eec: 203.826
weight: 0.000249492
eec: 24.4664
weight: 2.30664e-06
eec: 606.978
weight: 0.000401093
eec: 50.0213
weight: 1.70059e-06
eec: 256.03
weight: 7.86811e-05
eec: 343.413
weight: 1.53144e-05
eec: 516.619
weight: 1.40308e-06
eec: 2676.18
weight: 7.17574e-05
eec: 109.268
weight: 1.64103e-05
eec: 1557.91
weight: 4.03367e-05
eec: 321.24
weight: 1.26607e-05
eec: 1396.84
weight: 2.20418e-06
eec: 167.432
weight: 4.7772e-05
eec: 566.051
weight: 9.2071e-08
eec: 198.626
weight: 3.03229e-05
eec: 677.485
weight: 7.52802e-05
eec: 308.004
weight: 4.31663e-06
eec: 1358.47
weight: 7.58816e-05
eec: 1225.62
weight: 2.20016e-05
eec: 1392.72
weight: 2.25263e-05
eec: 1232.45
weight: 4.75285e-06
eec: 711.732
weight: 0.000139095
eec: 539.595
weight: 2.51855e-06
eec: 136.675
weight: 1.97173e-05
eec: 58.0292
weight: 1.04663e-05
eec: 122.217
weight: 5.27448e-05
eec: 748.48
weight: 6.28999e-05
eec: 411.331
weight: 1.90559e-05
eec: 200.821
weight: 5.14216e-05
eec: 355.168
weight: 1.8511e-05
eec: 1234.45
weight: 8.26461e-06
eec: 1415.84
weight: 8.91052e-05
eec: 1392.74
weight: 1.22129e-05
eec: 1459.79
weight: 8.91849e-07
eec: 129.825
weight: 9.59031e-05
eec: 647.945
weight: 2.97174e-05
eec: 165.045
weight: 2.34929e-05
eec: 526.584
weight: 9.63597e-05
eec: 166.64
weight: 4.51078e-05
eec: 193.209
weight: 2.36289e-06
eec: 759.285
weight: 0.000112928
eec: 311.784
weight: 6.39057e-05
eec: 1066.8
weight: 2.36228e-06
eec: 172.342
weight: 3.47307e-05
eec: 89.4058
weight: 7.82149e-05
eec: 311.118
weight: 5.30212e-06
eec: 2173.67
weight: 1.50837e-05
eec: 115.081
weight: 1.32437e-08
eec: 171.397
weight: 2.57255e-05
eec: 466.074
weight: 1.53744e-05
eec: 1167.21
weight: 5.97784e-05
eec: 60.8516
weight: 0.000100949
eec: 940.541
weight: 8.48874e-07
eec: 165.175
weight: 0.000449059
eec: 528.225
weight: 1.07738e-05
eec: 297.358
weight: 2.36137e-06
eec: 171.009
weight: 9.4849e-06
eec: 255.198
weight: 3.13744e-05
eec: 543.748
weight: 6.45983e-05
eec: 297.565
weight: 0.000460067
eec: 457.268
weight: 9.47278e-05
eec: 522.555
weight: 5.92978e-05
eec: 105.915
weight: 4.85897e-06
eec: 1405.43
weight: 3.88185e-05
eec: 1650.25
weight: 5.47206e-05
eec: 569.423
weight: 3.69634e-05
eec: 655.776
weight: 0.000172074
eec: 19.9675
weight: 0.000254508
eec: 416.507
weight: 1.04612e-05
eec: 637.379
weight: 4.81185e-06
eec: 962.675
weight: 0.000156418
eec: 649.817
weight: 7.61355e-06
eec: 273.254
weight: 0.000108936
eec: 147.77
weight: 7.02603e-07
eec: 368.02
weight: 4.27214e-06
eec: 227.581
weight: 0.000406116
eec: 290.369
weight: 0.000257404
eec: 459.114
weight: 2.37717e-05
eec: 623.803
weight: 2.60271e-06
eec: 1028.55
weight: 1.7878e-05
eec: 600.509
weight: 0.000158662
eec: 1037.33
weight: 7.08206e-06
eec: 2092.78
weight: 4.28377e-05
eec: 564.427
weight: 3.46834e-06
eec: 397.677
weight: 2.77694e-05
eec: 259.764
weight: 0.000118141
eec: 449.826
weight: 0.00193541
eec: 141.687
weight: 2.70565e-05
eec: 1119.47
weight: 8.99665e-06
eec: 434.293
weight: 0.00025839
eec: 147.962
weight: 9.69551e-06
eec: 220.415
weight: 2.26002e-06
eec: 153.659
weight: 0.000200488
eec: 282.852
weight: 1.40972e-05
eec: 1186.99
weight: 3.49786e-06
eec: 1359
weight: 3.70553e-05
eec: 400.738
weight: 1.33386e-05
eec: 1870.13
weight: 1.68161e-05
eec: 31.8258
weight: 4.63258e-05
eec: 2395.47
weight: 4.2572e-07
eec: 109.29
weight: 0.00171973
eec: 129.583
weight: 1.19891e-05
eec: 168.21
weight: 1.69709e-05
eec: 30.7313
weight: 7.69141e-06
eec: 78.6882
weight: 0.000140722
eec: 315.508
weight: 3.37074e-06
eec: 343.343
weight: 7.13309e-07
eec: 891.908
weight: 2.67658e-05
eec: 654.749

ROOT exit code = 0
