gSystem->Load("run_condor_job_Run3_C.so");
run_condor_job_Run3(968, 100, 2,
                    80, 200,
                    1, 1, 1, 9);
.q

ENTERED run_condor_job_Run3()
JOBID = 968
  global job = 968  Job 68/100  events [4043280, 4102740)  total=5946000
Processing events [4043280, 4102740) of 5946000
weight: 5.9822e-05
eec: 456.794
weight: 0.000144494
eec: 22.6586
weight: 0.000123419
eec: 224.965
weight: 1.29712e-05
eec: 65.19
weight: 9.22169e-06
eec: 1268.42
weight: 0.0004041
eec: 531.803
weight: 0.000108875
eec: 296.176
weight: 8.6453e-05
eec: 36.1111
weight: 0.000143415
eec: 75.0931
weight: 0.000134982
eec: 13.8846
weight: 0.000136556
eec: 318.729
weight: 4.28644e-06
eec: 111.774
weight: 2.06838e-05
eec: 1711.61
weight: 9.13188e-06
eec: 186.16
weight: 1.01531e-05
eec: 42.6729
weight: 6.8969e-05
eec: 485.009
weight: 2.5277e-06
eec: 1706.55
weight: 6.12712e-05
eec: 3111.09
weight: 1.72284e-06
eec: 1805.94
weight: 2.92807e-05
eec: 214.947
weight: 1.60045e-05
eec: 1196.23
weight: 2.16284e-08
eec: 186.831
weight: 2.50117e-06
eec: 1242.86
weight: 0.000120247
eec: 203.156
weight: 1.12202e-05
eec: 39.3385
Processing: 68.113 %weight: 0.000171945
eec: 55.6957
weight: 7.53586e-06
eec: 155.222
weight: 5.07389e-05
eec: 974.372
weight: 1.73316e-06
eec: 508.577
weight: 6.82175e-06
eec: 1075.06
weight: 6.27476e-05
eec: 682.151
weight: 5.88333e-07
eec: 317.524
weight: 8.05428e-06
eec: 1399.41
weight: 6.04251e-05
eec: 437.252
weight: 3.62442e-06
eec: 443.356
weight: 4.65967e-06
eec: 1081.36
weight: 0.000122164
eec: 288.41
weight: 3.19025e-06
eec: 202.41
weight: 6.22945e-05
eec: 180.352
weight: 3.17299e-05
eec: 561.382
weight: 5.7753e-06
eec: 1733.08
weight: 8.44194e-05
eec: 43.5072
weight: 9.16606e-05
eec: 2084.38
weight: 0.000778358
eec: 93.1591
weight: 9.84278e-05
eec: 302.76
weight: 2.6709e-06
eec: 833.831
weight: 0.00033292
eec: 140.01
weight: 1.00984e-05
eec: 889.158
weight: 4.34303e-07
eec: 1679.37
weight: 0.000166626
eec: 164.931
weight: 0.000407312
eec: 188.909
weight: 8.9141e-05
eec: 170.286
weight: 2.64703e-06
eec: 207.949
weight: 4.91198e-06
eec: 2204.06
weight: 5.68398e-06
eec: 299.767
weight: 0.000107586
eec: 188.759
weight: 5.90986e-05
eec: 654.416
weight: 4.03925e-05
eec: 20.2553
weight: 9.61961e-06
eec: 1751.26
weight: 5.40222e-05
eec: 143.162
weight: 1.00501e-05
eec: 1190.11
weight: 4.51062e-05
eec: 170.791
weight: 5.72279e-05
eec: 358.269
weight: 0.000167734
eec: 220.635
weight: 1.73598e-05
eec: 623.769
weight: 4.08653e-05
eec: 414.012
weight: 4.17926e-05
eec: 194.583
weight: 1.5624e-05
eec: 403.901
weight: 0.000335543
eec: 22.402
weight: 1.08034e-06
eec: 428.538
weight: 5.56116e-05
eec: 71.9309
weight: 0.000175838
eec: 80.8232
weight: 0.000315791
eec: 940.583
weight: 3.66004e-07
eec: 404.901
weight: 3.12944e-05
eec: 629.274
weight: 6.65107e-05
eec: 603.448
weight: 2.29637e-05
eec: 60.7829
weight: 5.03257e-05
eec: 57.2526
weight: 4.25335e-06
eec: 1234.16
weight: 0.000110836
eec: 1230.35
weight: 4.77902e-05
eec: 67.4725
weight: 2.62112e-05
eec: 77.0432
weight: 3.36909e-06
eec: 98.4952
weight: 1.79984e-05
eec: 130.855
weight: 4.08691e-05
eec: 741.099
weight: 4.2413e-05
eec: 599.646
weight: 8.62067e-05
eec: 71.1552
weight: 2.34672e-05
eec: 319.329
weight: 3.65988e-05
eec: 280.094
weight: 0.000134718
eec: 229.462
weight: 1.1959e-05
eec: 177.43
weight: 0.000106563
eec: 281.568
weight: 9.6157e-05
eec: 60.4494
weight: 1.05404e-05
eec: 74.1666
weight: 0.00010344
eec: 249.597
weight: 7.96992e-05
eec: 831.436
weight: 2.79766e-05
eec: 780.969
weight: 0.000339734
eec: 376.388
weight: 0.000105574
eec: 1300.6
weight: 0.000415846
eec: 3.49487
weight: 1.15925e-05
eec: 2118.56
weight: 6.98936e-05
eec: 531.635
weight: 1.17442e-05
eec: 118.71
weight: 3.36188e-07
eec: 346.681
weight: 1.61352e-05
eec: 756.935
weight: 2.76384e-05
eec: 559.699
weight: 4.11479e-05
eec: 116.069
weight: 3.78273e-05
eec: 318.904
weight: 3.87939e-06
eec: 215.807
weight: 4.47649e-05
eec: 133.13
weight: 4.6634e-05
eec: 266.511
weight: 1.42998e-05
eec: 739.3
weight: 2.49742e-05
eec: 1737.92
weight: 1.59655e-05
eec: 394.704
weight: 0.000502909
eec: 55.8202
weight: 8.88678e-06
eec: 193.905
weight: 1.96724e-05
eec: 660.787
weight: 0.000150568
eec: 96.1643
weight: 7.52297e-06
eec: 1379.09
weight: 7.84725e-05
eec: 52.5632
weight: 1.32186e-06
eec: 564.776
weight: 8.51893e-06
eec: 156.177
weight: 1.01476e-06
eec: 235.51
weight: 0.000152576
eec: 219.091
weight: 5.11287e-05
eec: 159.283
weight: 1.85073e-05
eec: 1114.55
weight: 1.19947e-05
eec: 490.323
weight: 2.70655e-06
eec: 169.953
weight: 4.00377e-05
eec: 3722.3
weight: 3.27109e-05
eec: 462.846
weight: 4.66768e-05
eec: 472.264
weight: 2.4364e-05
eec: 820.744
weight: 2.05259e-07
eec: 25.256
weight: 8.3866e-06
eec: 261.243
weight: 0.00012212
eec: 409.313
weight: 3.68232e-05
eec: 617.434
weight: 0.000239623
eec: 57.169
weight: 3.3402e-05
eec: 910.072
weight: 1.03845e-05
eec: 872.422
weight: 2.10562e-06
eec: 1275.8
weight: 0.000125505
eec: 1153.34
weight: 9.70364e-06
eec: 406.664
weight: 2.86055e-05
eec: 882.449
weight: 8.71709e-06
eec: 205.011
weight: 7.21005e-07
eec: 221.052
weight: 4.12928e-07
eec: 52.9934
weight: 1.96329e-05
eec: 577.693
weight: 6.82655e-05
eec: 1632.69
weight: 1.86286e-05
eec: 347.274
weight: 2.06517e-05
eec: 288.041
weight: 9.2554e-05
eec: 636.203
weight: 5.37081e-05
eec: 3.99926
weight: 3.78413e-06
eec: 766.876
weight: 9.56611e-06
eec: 1102.84
weight: 9.1361e-05
eec: 1332.9
weight: 3.68411e-05
eec: 470.53
weight: 0.000254194
eec: 60.9291
weight: 7.57725e-06
eec: 343.815
weight: 6.0099e-06
eec: 426.192
weight: 4.93327e-06
eec: 697.221
weight: 3.94405e-05
eec: 884.005
weight: 2.16701e-05
eec: 1378.06
weight: 8.76796e-06
eec: 48.8223
weight: 1.06562e-05
eec: 427.298
weight: 0.000346393
eec: 1183.54
weight: 9.68888e-06
eec: 149.191
weight: 3.35758e-05
eec: 216.389
weight: 2.54493e-06
eec: 138.709
weight: 1.68299e-06
eec: 452.483
weight: 4.7969e-07
eec: 149.508
weight: 9.04088e-05
eec: 33.4115
weight: 8.59302e-05
eec: 518.043
weight: 0.000382899
eec: 1001.46
weight: 7.4164e-05
eec: 112.916
weight: 4.34892e-05
eec: 277.157
weight: 9.13327e-06
eec: 183.815
weight: 8.58329e-08
eec: 95.6536
weight: 0.000269179
eec: 213.859
weight: 1.9829e-05
eec: 1121.78
weight: 9.29515e-05
eec: 516.185
weight: 2.09013e-05
eec: 774.024
weight: 1.48523e-05
eec: 69.0843
weight: 2.41458e-05
eec: 175.906
weight: 5.54192e-05
eec: 82.4091
weight: 1.35271e-05
eec: 1158.88
weight: 3.11695e-05
eec: 665.553
weight: 6.69212e-06
eec: 716.443
weight: 3.38548e-05
eec: 123.874
weight: 3.68058e-06
eec: 202.622
weight: 4.33131e-05
eec: 91.97
weight: 6.74209e-05
eec: 195.073
weight: 0.000700538
eec: 989.046
weight: 0.000147581
eec: 57.1489
weight: 2.10166e-05
eec: 621.785
weight: 5.87224e-05
eec: 355.688
weight: 1.31558e-05
eec: 276.28
weight: 0.00031276
eec: 35.9633
weight: 1.63439e-05
eec: 405.776
weight: 3.66379e-07
eec: 374.818
weight: 0.000232462
eec: 512.881
weight: 5.34908e-06
eec: 228.615
weight: 1.45434e-06
eec: 68.6005
weight: 1.15208e-05
eec: 2480.41
weight: 0.000313846
eec: 35.3852
weight: 1.23474e-05
eec: 895.962
weight: 1.0894e-05
eec: 323.417
weight: 5.03397e-05
eec: 161.861
weight: 3.19792e-05
eec: 982.858
weight: 4.79706e-05
eec: 364.804
weight: 4.73199e-05
eec: 244.616
weight: 6.91761e-05
eec: 87.5824
weight: 2.91055e-05
eec: 273.545
weight: 1.653e-05
eec: 108.419
weight: 3.31741e-06
eec: 185.237
weight: 4.31447e-06
eec: 104.351
weight: 1.80428e-05
eec: 330.022
weight: 1.75693e-07
eec: 2027.98
weight: 0.000113168
eec: 42.9539
weight: 1.30129e-05
eec: 1050.03
weight: 3.41471e-05
eec: 367.875
weight: 2.6926e-05
eec: 540.162
weight: 1.68927e-05
eec: 49.5088
weight: 2.06818e-05
eec: 966.038
weight: 7.78191e-05
eec: 219.392
weight: 4.91595e-07
eec: 68.2459
weight: 1.95565e-05
eec: 617.661
weight: 5.88049e-05
eec: 330.344
weight: 1.54151e-05
eec: 374.943
weight: 2.94773e-06
eec: 675.422
weight: 5.99524e-06
eec: 2147.88
weight: 1.46494e-06
eec: 547.226
weight: 4.2536e-05
eec: 362.614
weight: 1.6703e-05
eec: 381.632
weight: 5.7089e-05
eec: 878.203
weight: 9.59546e-05
eec: 2111.73
Processing: 68.9539 %weight: 2.05949e-05
eec: 1233.89
weight: 2.88791e-07
eec: 484.315
weight: 1.18145e-05
eec: 52.3875
weight: 3.25051e-06
eec: 801.052
weight: 0.000229254
eec: 275.804
weight: 1.3064e-05
eec: 1433.23
weight: 4.13557e-05
eec: 10.4179
weight: 5.19098e-05
eec: 607.875
weight: 0.000243457
eec: 791.614
weight: 4.44147e-07
eec: 24.2366
weight: 6.23507e-06
eec: 372.041
weight: 6.56816e-06
eec: 971.635
weight: 8.98019e-05
eec: 845.171
weight: 2.86047e-07
eec: 39.2891

ROOT exit code = 0
