gSystem->Load("run_condor_job_Run3_C.so");
run_condor_job_Run3(162, 100, 2,
                    80, 200,
                    1, 1, 1, 1);
.q

ENTERED run_condor_job_Run3()
JOBID = 162
  global job = 162  Job 62/100  events [3634440, 3693060)  total=5862000
Processing events [3634440, 3693060) of 5862000
weight: 1.60094e-05
eec: 69.1335
weight: 7.71878e-08
eec: 293.012
weight: 3.53266e-06
eec: 113.366
weight: 0.000104014
eec: 1020.45
weight: 3.24903e-05
eec: 2510.3
weight: 8.40342e-06
eec: 152.838
weight: 5.00727e-06
eec: 1771.69
weight: 0.000147156
eec: 83.6939
weight: 1.58137e-05
eec: 153.177
weight: 6.68783e-05
eec: 192.949
weight: 0.000111708
eec: 301.225
weight: 1.68906e-05
eec: 572.135
weight: 1.45434e-05
eec: 576.417
weight: 4.76451e-05
eec: 904.312
weight: 2.30432e-05
eec: 319.45
weight: 2.37075e-08
eec: 98.3319
weight: 1.25219e-05
eec: 1850.84
weight: 0.000140088
eec: 649.833
weight: 0.000110931
eec: 66.9967
weight: 1.36099e-05
eec: 833.97
weight: 1.89248e-05
eec: 655.987
weight: 0.000133327
eec: 341.223
weight: 9.31979e-06
eec: 206.214
weight: 0.000110494
eec: 169.604
weight: 0.000223476
eec: 933.346
weight: 7.2395e-07
eec: 1573.04
weight: 1.28815e-05
eec: 373.113
weight: 3.87376e-06
eec: 1202.34
weight: 5.23262e-06
eec: 2510.42
weight: 1.464e-05
eec: 1079.25
weight: 1.02578e-05
eec: 53.9705
weight: 3.03145e-05
eec: 23.5117
weight: 1.69814e-05
eec: 159.418
weight: 0.000331922
eec: 424.163
weight: 0.000154836
eec: 699.404
weight: 2.41512e-05
eec: 187.675
weight: 5.28515e-07
eec: 328.568
weight: 0.000130071
eec: 548.266
weight: 2.01314e-05
eec: 1263.36
weight: 2.20537e-05
eec: 448.615
weight: 2.94561e-05
eec: 913.996
weight: 2.80335e-06
eec: 2015.68
weight: 2.80335e-06
eec: 689.458
weight: 0.000271534
eec: 761.856
weight: 3.12256e-05
eec: 613.574
weight: 1.59276e-05
eec: 743.96
weight: 2.31257e-05
eec: 87.9122
weight: 1.88142e-05
eec: 1792.38
weight: 4.23385e-05
eec: 298.546
weight: 1.03953e-05
eec: 455.446
weight: 2.41979e-05
eec: 361.355
weight: 6.45052e-05
eec: 756.475
weight: 2.48079e-05
eec: 36.0269
weight: 0.000177577
eec: 397.976
weight: 0.000173645
eec: 212.811
weight: 5.42126e-06
eec: 77.7443
weight: 4.31093e-06
eec: 3119.31
weight: 1.54429e-05
eec: 352.739
weight: 4.50779e-06
eec: 62.9898
weight: 6.25228e-06
eec: 691.378
weight: 7.05994e-05
eec: 1181.66
weight: 3.65591e-06
eec: 1582.1
weight: 1.2659e-05
eec: 1899.95
Processing: 62.2654 %weight: 0.000342972
eec: 90.7506
weight: 2.21626e-05
eec: 328.454
weight: 7.59793e-06
eec: 320.674
weight: 2.71215e-05
eec: 942.848
weight: 1.67313e-06
eec: 759.886
weight: 0.000409668
eec: 582.533
weight: 5.44088e-05
eec: 667.041
weight: 0.000279604
eec: 152.817
weight: 3.82402e-05
eec: 961.727
weight: 4.65807e-05
eec: 584.412
weight: 0.000333377
eec: 793.76
weight: 6.26558e-06
eec: 37.9198
weight: 2.74426e-07
eec: 481.658
weight: 4.10286e-06
eec: 967.54
weight: 0.000314618
eec: 459.89
weight: 1.78172e-07
eec: 496.367
weight: 7.14515e-05
eec: 765.227
weight: 8.75646e-08
eec: 336.479
weight: 1.06181e-05
eec: 1536.89
weight: 0.00010921
eec: 101.017
weight: 1.34913e-07
eec: 332.032
weight: 5.53221e-05
eec: 1190.4
weight: 6.35793e-05
eec: 117.217
weight: 3.66729e-05
eec: 277.61
weight: 1.50595e-05
eec: 768.671
weight: 0.000110038
eec: 410.85
weight: 1.83448e-05
eec: 269.63
weight: 8.07722e-06
eec: 214.065
weight: 2.76674e-08
eec: 688.623
weight: 0.000205662
eec: 117.435
weight: 9.35334e-05
eec: 375.714
weight: 5.4345e-05
eec: 681.71
weight: 1.86059e-07
eec: 1189.29
weight: 4.12338e-05
eec: 1052.3
weight: 8.05324e-05
eec: 144.314
weight: 5.36254e-06
eec: 51.2103
weight: 6.11966e-05
eec: 136.841
weight: 5.51251e-06
eec: 498.318
weight: 8.95263e-05
eec: 278.283
weight: 2.25979e-05
eec: 557.163
weight: 1.12701e-05
eec: 1373.61
weight: 1.39972e-06
eec: 91.5801
weight: 9.71715e-08
eec: 580.218
weight: 9.61342e-05
eec: 59.664
weight: 0.000131843
eec: 236.426
weight: 4.26657e-05
eec: 2057.88
weight: 9.19776e-05
eec: 93.532
weight: 1.16313e-05
eec: 331.114
weight: 8.56947e-05
eec: 84.2648
weight: 1.1325e-06
eec: 475.479
weight: 2.789e-05
eec: 1029.32
weight: 0.00018718
eec: 81.8854
weight: 0.000747421
eec: 132.513
weight: 2.53162e-05
eec: 831.327
weight: 0.000456746
eec: 315.058
weight: 1.88245e-05
eec: 108.653
weight: 3.06998e-05
eec: 38.9231
weight: 1.88229e-05
eec: 567.156
weight: 4.15517e-05
eec: 696.766
weight: 5.34038e-07
eec: 930.373
weight: 5.77217e-05
eec: 118.413
weight: 1.14531e-06
eec: 314.346
weight: 0.00053137
eec: 522.898
weight: 4.74667e-05
eec: 159.046
weight: 2.52564e-05
eec: 1554.32
weight: 0.000121975
eec: 324.928
weight: 0.000109257
eec: 236.14
weight: 1.07564e-05
eec: 339.697
weight: 0.00024892
eec: 371.859
weight: 0.00017018
eec: 244.668
weight: 0.000695662
eec: 164.661
weight: 7.59965e-05
eec: 940.227
weight: 0.000122347
eec: 370.582
weight: 0.000717718
eec: 139.972
weight: 0.00013471
eec: 526.729
weight: 4.6954e-06
eec: 240.025
weight: 1.32681e-05
eec: 355.988
weight: 1.9789e-05
eec: 224.946
weight: 1.59431e-07
eec: 1676.46
weight: 4.81113e-05
eec: 417.491
weight: 4.90711e-06
eec: 1292.96
weight: 0.00019082
eec: 88.7095
weight: 3.44199e-05
eec: 376.383
weight: 7.68669e-06
eec: 250.995
weight: 1.79235e-06
eec: 425.215
weight: 2.73981e-05
eec: 1668.4
weight: 0.000292593
eec: 134.992
weight: 0.000165409
eec: 1883.58
weight: 3.3004e-06
eec: 1222.85
weight: 8.49079e-06
eec: 147.082
weight: 2.85008e-05
eec: 554.153
weight: 0.000153613
eec: 320.215
weight: 0.000153613
eec: 77.6492
weight: 2.20795e-05
eec: 165.93
weight: 6.59943e-06
eec: 49.4138
weight: 1.7836e-05
eec: 422.812
weight: 6.63624e-05
eec: 1396.71
weight: 6.97109e-06
eec: 2066.71
weight: 8.66911e-07
eec: 4544.5
weight: 8.66911e-07
eec: 759.678
weight: 1.77688e-05
eec: 751.747
weight: 3.05658e-05
eec: 578.035
weight: 4.4875e-06
eec: 584.898
weight: 1.48385e-06
eec: 480.709
weight: 0.000119014
eec: 328.632
weight: 5.27937e-05
eec: 312.928
weight: 0.000109857
eec: 505.919
weight: 3.13996e-06
eec: 112.878
weight: 0.000431897
eec: 83.109
weight: 3.45884e-05
eec: 616.672
weight: 2.32771e-05
eec: 50.5333
weight: 2.46293e-06
eec: 1189.02
weight: 0.000317425
eec: 186.914
weight: 3.71794e-05
eec: 1141.06
weight: 3.08088e-05
eec: 3260.1
weight: 5.99453e-05
eec: 933.295
weight: 2.59869e-05
eec: 56
weight: 9.26426e-06
eec: 753.082
weight: 0.000994158
eec: 794.446
weight: 1.6465e-05
eec: 1374.12
weight: 1.13633e-05
eec: 792.39
weight: 4.34233e-05
eec: 731.859
weight: 2.15491e-05
eec: 227.49
weight: 1.88757e-05
eec: 283.875
weight: 2.66463e-06
eec: 177.48
weight: 9.11374e-05
eec: 232.709
weight: 3.6101e-05
eec: 470.261
weight: 9.61675e-05
eec: 488.06
weight: 5.19269e-05
eec: 172.841
weight: 0.000325365
eec: 623.652
weight: 2.83858e-05
eec: 228.895
weight: 6.11427e-05
eec: 296.037
weight: 6.23909e-05
eec: 1060.17
weight: 1.4417e-06
eec: 129.119
weight: 0.000108104
eec: 650.899
weight: 1.70947e-05
eec: 844.893
weight: 1.03971e-05
eec: 582.338
weight: 0.000316769
eec: 194.365
weight: 3.61739e-06
eec: 209.621
weight: 4.27457e-06
eec: 322.885
weight: 2.1018e-05
eec: 209.517
weight: 1.28045e-05
eec: 1438
weight: 6.55054e-05
eec: 738.379
weight: 1.84335e-05
eec: 228.695
weight: 0.000106745
eec: 144.487
weight: 1.61815e-05
eec: 1397.4
weight: 0.000163612
eec: 750.596
weight: 4.63921e-05
eec: 74.8252
weight: 9.30222e-06
eec: 421.312
weight: 6.39974e-05
eec: 114.8
weight: 4.6651e-06
eec: 45.5656
weight: 9.1709e-06
eec: 199.366
weight: 3.29305e-06
eec: 18.9652
weight: 7.02865e-05
eec: 233.205
weight: 5.94252e-05
eec: 288.213
weight: 0.000793086
eec: 322.868
weight: 9.4239e-06
eec: 322.39
weight: 3.10163e-05
eec: 443.535
weight: 9.41162e-06
eec: 300.826
weight: 5.75462e-07
eec: 1261.52
weight: 5.95097e-05
eec: 492.801
weight: 5.86306e-05
eec: 437.309
weight: 0.000206855
eec: 18.3559
weight: 1.28757e-05
eec: 1665.13
weight: 1.18408e-06
eec: 1086.59
weight: 1.68909e-05
eec: 233.039
weight: 8.48536e-05
eec: 309.082
weight: 9.09523e-06
eec: 46.3141
weight: 8.91276e-07
eec: 1054.4
weight: 0.000153563
eec: 87.3923
weight: 2.55972e-05
eec: 403.649
weight: 0.000115358
eec: 94.6445
weight: 1.40729e-05
eec: 132.427
weight: 0.000117745
eec: 118.915
weight: 2.86039e-05
eec: 1126.19
weight: 5.7535e-06
eec: 89.8666
weight: 7.08269e-06
eec: 1100.95
weight: 1.80072e-06
eec: 227.93
weight: 3.4276e-05
eec: 1162.7
weight: 0.000245295
eec: 587.231

ROOT exit code = 0
