gSystem->Load("run_condor_job_Run3_C.so");
run_condor_job_Run3(480, 100, 2,
                    80, 200,
                    1, 1, 1, 4);
.q

ENTERED run_condor_job_Run3()
JOBID = 480
  global job = 480  Job 80/100  events [4718400, 4777380)  total=5898000
Processing events [4718400, 4777380) of 5898000
weight: 4.80093e-06
eec: 679.261
weight: 3.99629e-07
eec: 1735.56
weight: 0.000214345
eec: 324.112
weight: 8.76399e-05
eec: 49.2001
weight: 0.000264187
eec: 508.137
weight: 6.00307e-06
eec: 1061.63
weight: 2.06565e-05
eec: 513.656
weight: 0.000111031
eec: 402.508
weight: 4.43089e-05
eec: 244.825
weight: 7.51384e-05
eec: 301.905
weight: 6.47971e-05
eec: 287.523
weight: 5.08483e-06
eec: 234.454
weight: 0.000230014
eec: 419.08
weight: 3.42398e-05
eec: 1380.04
weight: 8.45599e-05
eec: 505.605
weight: 2.1587e-05
eec: 502.166
weight: 2.98911e-05
eec: 212.903
weight: 5.86191e-07
eec: 88.6786
weight: 0.000209558
eec: 474.234
weight: 0.000139129
eec: 831.595
weight: 1.43958e-05
eec: 1429.35
weight: 0.000160126
eec: 49.2905
weight: 2.22355e-06
eec: 281.494
weight: 9.84959e-05
eec: 435.313
weight: 7.71753e-06
eec: 310.175
weight: 8.22467e-05
eec: 771.377
weight: 0.000223612
eec: 979.749
weight: 0.000223612
eec: 7.66116
weight: 1.68306e-05
eec: 127.783
weight: 4.81092e-05
eec: 387.86
weight: 1.36842e-05
eec: 167.113
weight: 4.64318e-07
eec: 1095.89
weight: 4.10156e-05
eec: 361.411
weight: 3.22382e-08
eec: 109.533
weight: 1.12917e-05
eec: 1326.05
weight: 4.93082e-06
eec: 22.4061
weight: 0.000100506
eec: 885.763
weight: 6.58701e-05
eec: 217.161
weight: 5.40968e-05
eec: 2047.21
weight: 0.0001054
eec: 663.406
weight: 1.09814e-06
eec: 1395.14
weight: 0.000234455
eec: 313.64
weight: 0.000634367
eec: 702.271
weight: 0.000245237
eec: 258.121
weight: 2.53305e-05
eec: 677.532
weight: 2.13904e-05
eec: 938.42
weight: 4.57065e-05
eec: 185.057
weight: 3.1511e-05
eec: 280.087
weight: 1.0774e-05
eec: 157.42
weight: 6.49668e-05
eec: 70.3617
weight: 1.62628e-05
eec: 167.529
weight: 1.58399e-05
eec: 1800.77
weight: 0.000111714
eec: 888.558
weight: 7.08125e-06
eec: 186.208
weight: 9.56598e-06
eec: 2258.11
weight: 8.897e-06
eec: 439.573
weight: 1.65895e-05
eec: 416.555
weight: 2.64988e-05
eec: 292.015
weight: 1.59688e-05
eec: 624.162
weight: 7.35701e-07
eec: 436.221
weight: 1.79816e-05
eec: 998.285
weight: 6.96734e-06
eec: 107.377
weight: 8.90284e-06
eec: 306.281
weight: 4.77587e-05
eec: 48.8599
weight: 3.94876e-06
eec: 963.919
weight: 9.17646e-06
eec: 435.804
weight: 8.02238e-05
eec: 609.657
weight: 0.000169957
eec: 70.1171
weight: 1.06335e-05
eec: 294.452
weight: 2.10938e-05
eec: 856.853
weight: 3.02103e-05
eec: 275.587
weight: 7.81528e-08
eec: 3542.45
weight: 0.00105085
eec: 266.349
weight: 6.32476e-06
eec: 256.661
weight: 8.93174e-06
eec: 121.712
weight: 5.3289e-06
eec: 205.554
weight: 4.18723e-06
eec: 353.123
weight: 1.02027e-05
eec: 1049.21
weight: 8.24787e-05
eec: 218.736
weight: 3.4883e-06
eec: 1230.59
weight: 2.2329e-05
eec: 274.604
weight: 0.000174644
eec: 520.709
weight: 1.18282e-05
eec: 121.949
weight: 2.91926e-06
eec: 105.784
weight: 6.26086e-05
eec: 89.4896
weight: 9.29959e-07
eec: 1745.36
weight: 3.23754e-05
eec: 179.967
weight: 0.00054818
eec: 141.46
weight: 1.46009e-05
eec: 601.83
weight: 2.04442e-06
eec: 758.926
weight: 1.61177e-05
eec: 438.317
weight: 0.000371322
eec: 370.803
weight: 8.15261e-07
eec: 191.229
weight: 9.70073e-05
eec: 1485.37
weight: 4.31444e-06
eec: 142.593
weight: 0.000170519
eec: 367.182
weight: 2.94586e-05
eec: 271.517
weight: 1.12018e-05
eec: 509.283
weight: 1.53448e-05
eec: 117.755
weight: 4.24987e-06
eec: 1073.68
weight: 5.32778e-05
eec: 83.9175
weight: 2.56705e-05
eec: 1005.94
weight: 0.00022405
eec: 95.4772
weight: 0.000114474
eec: 740.321
weight: 0.000395069
eec: 515.727
weight: 0.00363071
eec: 186.975
weight: 9.71942e-05
eec: 628.128
weight: 2.32843e-05
eec: 695.713
weight: 8.99445e-06
eec: 184.294
weight: 0.000290406
eec: 714.286
weight: 0.000110852
eec: 771.234
weight: 4.7206e-06
eec: 242.884
weight: 9.80992e-06
eec: 608.385
weight: 5.15534e-06
eec: 2263.57
weight: 3.87501e-05
eec: 43.3831
weight: 1.85179e-06
eec: 258.109
weight: 0.000375218
eec: 65.4483
weight: 0.000455524
eec: 67.39
weight: 0.000212658
eec: 233.127
Processing: 80.5358 %weight: 3.29022e-06
eec: 446.918
weight: 6.11807e-06
eec: 932.215
weight: 1.20069e-07
eec: 765.706
weight: 0.000227518
eec: 349.279
weight: 0.000189519
eec: 357.125
weight: 0.000119925
eec: 342.245
weight: 1.07093e-05
eec: 2823.17
weight: 0.000256219
eec: 41.8498
weight: 7.2486e-06
eec: 290.001
weight: 0.000144646
eec: 1427.01
weight: 0.000123254
eec: 183.176
weight: 2.34061e-05
eec: 827.051
weight: 4.14879e-05
eec: 317.291
weight: 2.5792e-05
eec: 196.114
weight: 4.41146e-05
eec: 114.628
weight: 1.90215e-05
eec: 217.928
weight: 2.00226e-06
eec: 46.045
weight: 0.00142841
eec: 403.637
weight: 0.000315607
eec: 260.289
weight: 0.00025688
eec: 311.527
weight: 6.32248e-06
eec: 700.016
weight: 1.03747e-05
eec: 243.064
weight: 1.44231e-05
eec: 1228.06
weight: 1.97665e-05
eec: 348.603
weight: 0.000345515
eec: 582.733
weight: 0.000109719
eec: 64.6617
weight: 0.00120845
eec: 409.63
weight: 4.02284e-07
eec: 18.5185
weight: 0.000114803
eec: 9.28083
weight: 7.6164e-05
eec: 486.021
weight: 4.86805e-05
eec: 2343.94
weight: 0.000141958
eec: 420.07
weight: 2.00421e-06
eec: 192.935
weight: 0.000173056
eec: 140.596
weight: 6.50672e-06
eec: 443.29
weight: 1.38886e-05
eec: 382.016
weight: 0.000777656
eec: 294.654
weight: 3.65677e-06
eec: 278.927
weight: 0.0001114
eec: 125.2
weight: 0.000131634
eec: 697.48
weight: 7.20144e-05
eec: 115.064
weight: 1.82202e-05
eec: 1843.58
weight: 1.36193e-05
eec: 234.93
weight: 1.73765e-05
eec: 335.868
weight: 1.49341e-05
eec: 1168.11
weight: 6.1304e-06
eec: 812.504
weight: 5.91194e-08
eec: 1705.7
weight: 8.28639e-05
eec: 536.175
weight: 0.000397012
eec: 236.127
weight: 3.38068e-07
eec: 184.89
weight: 1.36398e-05
eec: 2573.57
weight: 1.7171e-05
eec: 2007.27
weight: 6.70988e-05
eec: 159.146
weight: 7.9632e-05
eec: 80.0076
weight: 0.000150934
eec: 446.86
weight: 4.10136e-06
eec: 582.597
weight: 0.00037917
eec: 428.033
weight: 8.70291e-05
eec: 988.069
weight: 1.46248e-05
eec: 1515.78
weight: 8.98747e-05
eec: 1419.05
weight: 2.4494e-05
eec: 441.221
weight: 0.000111497
eec: 597.379
weight: 1.04853e-05
eec: 1387.84
weight: 9.97044e-06
eec: 331.472
weight: 2.83279e-06
eec: 619.446
weight: 3.87462e-05
eec: 891.979
weight: 4.02502e-05
eec: 635.551
weight: 0.000101598
eec: 177.211
weight: 4.27681e-05
eec: 2247.52
weight: 2.34488e-05
eec: 369.688
weight: 4.48047e-06
eec: 2985.76
weight: 0.000480789
eec: 57.503
weight: 9.05459e-07
eec: 52.79
weight: 1.92515e-06
eec: 48.54
weight: 6.73899e-06
eec: 113.732
weight: 2.42422e-05
eec: 967.52
weight: 1.0426e-05
eec: 131.309
weight: 6.67277e-06
eec: 462.972
weight: 3.85106e-05
eec: 1213.4
weight: 1.23335e-05
eec: 432.913
weight: 8.73401e-06
eec: 1298.24
weight: 1.0843e-05
eec: 3122.22
weight: 0.00186563
eec: 361.353
weight: 5.31613e-05
eec: 36.1298
weight: 2.21273e-05
eec: 50.718
weight: 3.80757e-05
eec: 365.424
weight: 2.49478e-05
eec: 1581.47
weight: 1.80682e-06
eec: 361.352
weight: 7.43908e-06
eec: 45.5045
weight: 5.35255e-06
eec: 199.401
weight: 2.58445e-06
eec: 491.937
weight: 9.0723e-06
eec: 1782
weight: 1.04305e-05
eec: 1243.3
weight: 3.63753e-06
eec: 403.045
weight: 8.67592e-06
eec: 136.138
weight: 9.26784e-06
eec: 574.719
weight: 2.89881e-07
eec: 474.47
weight: 4.31243e-05
eec: 503.044
weight: 4.31243e-05
eec: 131.083
weight: 1.52433e-05
eec: 20.8215
weight: 1.0534e-05
eec: 260.297
weight: 3.16525e-05
eec: 1143.38
weight: 1.3873e-07
eec: 936.415
weight: 3.26522e-05
eec: 1311.01
weight: 1.65154e-06
eec: 2314.61
weight: 9.55298e-08
eec: 1779.35
weight: 1.07481e-06
eec: 397.676
weight: 6.16223e-08
eec: 28.8515
weight: 7.89748e-05
eec: 51.7593
weight: 1.23162e-05
eec: 461.701
weight: 0.000125964
eec: 1258.66
weight: 3.50182e-07
eec: 454.65
weight: 5.23651e-06
eec: 173.157
weight: 1.2899e-06
eec: 240.156
weight: 7.91989e-07
eec: 223.334

ROOT exit code = 0
