gSystem->Load("run_condor_job_Run3_C.so");
run_condor_job_Run3(396, 100, 2,
                    80, 200,
                    1, 1, 1, 3);
.q

ENTERED run_condor_job_Run3()
JOBID = 396
  global job = 396  Job 96/100  events [5760000, 5820000)  total=6000000
Processing events [5760000, 5820000) of 6000000
weight: 5.81121e-07
eec: 291.162
weight: 1.95036e-05
eec: 286.773
weight: 3.70463e-05
eec: 103.582
weight: 0.000107064
eec: 211.413
weight: 0.000272694
eec: 589.649
weight: 5.75941e-07
eec: 620.442
weight: 1.479e-05
eec: 134.842
weight: 2.86147e-05
eec: 731.942
weight: 5.86389e-05
eec: 88.8456
weight: 9.75198e-06
eec: 845.866
weight: 9.8996e-05
eec: 169.032
weight: 0.00113357
eec: 608.163
weight: 1.23928e-06
eec: 251.261
weight: 3.28506e-06
eec: 41.2988
weight: 0.00021249
eec: 325.354
weight: 5.74768e-05
eec: 139.633
weight: 2.11831e-05
eec: 281.979
weight: 7.59315e-06
eec: 58.1251
weight: 0.000134654
eec: 656.077
weight: 4.93728e-05
eec: 457.901
weight: 0.000898437
eec: 14.6588
weight: 5.4519e-06
eec: 1080.82
weight: 1.29759e-05
eec: 1620.3
weight: 3.00714e-05
eec: 1401.41
weight: 1.13528e-05
eec: 571.381
weight: 4.65329e-06
eec: 212.24
weight: 7.39841e-06
eec: 1186.67
weight: 0.000181591
eec: 125.061
weight: 2.75947e-05
eec: 3151.62
weight: 2.85372e-06
eec: 215.862
weight: 3.97901e-05
eec: 724.743
weight: 7.41359e-05
eec: 166.837
weight: 5.04753e-06
eec: 508.443
weight: 0.000149803
eec: 854.502
weight: 1.96121e-05
eec: 217.045
weight: 2.38126e-06
eec: 750.47
weight: 7.903e-05
eec: 474.896
weight: 5.61303e-06
eec: 1196.22
weight: 1.28107e-05
eec: 347.048
weight: 5.59786e-06
eec: 349.313
weight: 0.000178758
eec: 269.922
weight: 1.02488e-05
eec: 1455.89
weight: 2.45096e-05
eec: 1925.05
weight: 2.23814e-05
eec: 97.3699
weight: 9.13623e-06
eec: 243.287
weight: 4.10153e-07
eec: 650.986
weight: 0.000191596
eec: 359.499
weight: 0.000101208
eec: 297.004
weight: 8.54643e-05
eec: 217.553
weight: 8.17971e-06
eec: 1575.78
weight: 3.98432e-06
eec: 1339.28
weight: 6.96825e-05
eec: 825.223
weight: 3.26243e-05
eec: 82.068
weight: 1.45193e-05
eec: 1177.01
weight: 3.26998e-05
eec: 252.929
weight: 1.20116e-05
eec: 683.192
weight: 3.09037e-05
eec: 311.553
weight: 1.10083e-05
eec: 263.719
weight: 0.000145112
eec: 573.527
weight: 0.000157271
eec: 119.27
weight: 3.32588e-06
eec: 406.347
weight: 1.81196e-05
eec: 823.45
weight: 1.23727e-05
eec: 1606.21
weight: 3.25567e-06
eec: 1570.45
weight: 1.2815e-05
eec: 164.7
weight: 1.43873e-06
eec: 75.3662
weight: 9.39577e-07
eec: 102.578
weight: 0.000123516
eec: 1366.73
weight: 1.30791e-05
eec: 4248.95
weight: 6.58267e-06
eec: 773.456
weight: 0.000185183
eec: 56.8545
weight: 0.00049997
eec: 812.433
weight: 1.19382e-05
eec: 584.448
weight: 0.000214489
eec: 81.453
weight: 8.9145e-05
eec: 51.7232
weight: 2.8144e-05
eec: 578.051
weight: 1.23166e-05
eec: 1755.56
weight: 4.23223e-07
eec: 56.9464
weight: 3.05722e-05
eec: 1098.5
weight: 1.3736e-06
eec: 647.348
weight: 7.58062e-05
eec: 180.202
weight: 4.81443e-05
eec: 283.602
weight: 0.000454628
eec: 152.808
weight: 6.90457e-07
eec: 129.113
weight: 8.80167e-06
eec: 463.29
weight: 3.22847e-05
eec: 149.312
weight: 1.75313e-07
eec: 682.363
weight: 3.29969e-06
eec: 377.473
weight: 1.66e-05
eec: 2558.65
weight: 2.99751e-05
eec: 201.947
weight: 0.000232825
eec: 1046.79
weight: 3.82669e-05
eec: 162.17
weight: 0.00167524
eec: 61.5463
weight: 2.71254e-06
eec: 325.113
weight: 1.6503e-06
eec: 539.453
weight: 1.6503e-06
eec: 344.77
weight: 2.52341e-05
eec: 425.823
weight: 4.66306e-05
eec: 510.53
weight: 0.000122513
eec: 141.477
weight: 3.02394e-05
eec: 176.434
weight: 1.26965e-05
eec: 3192.93
weight: 0.000122459
eec: 435.811
weight: 1.88291e-05
eec: 51.4465
weight: 0.000322541
eec: 840.668
weight: 1.39638e-05
eec: 307.632
weight: 1.90458e-05
eec: 2108.34
weight: 5.22965e-05
eec: 119.548
weight: 7.46537e-05
eec: 364.237
weight: 1.94713e-05
eec: 467.901
weight: 7.35711e-07
eec: 1661.44
weight: 2.04334e-07
eec: 204.674
weight: 2.82623e-06
eec: 241.606
weight: 0.000233374
eec: 1386.73
weight: 3.30685e-06
eec: 206.259
weight: 4.17229e-05
eec: 209.804
weight: 2.59574e-05
eec: 232.841
weight: 3.59856e-05
eec: 729.802
weight: 1.25978e-05
eec: 4494.75
weight: 1.39657e-05
eec: 68.7076
weight: 7.28478e-06
eec: 256.17
weight: 1.71598e-05
eec: 1435.99
weight: 2.3377e-05
eec: 1597.22
weight: 3.47921e-05
eec: 70.2389
weight: 0.000117511
eec: 1008
weight: 1.38473e-05
eec: 366.919
weight: 3.79595e-05
eec: 517.593
weight: 1.23789e-05
eec: 610.612
weight: 0.000324767
eec: 182.501
weight: 1.82704e-05
eec: 1178.96
weight: 1.11593e-05
eec: 183.614
weight: 0.000270887
eec: 404.216
weight: 1.51406e-06
eec: 1223.23
weight: 1.17041e-06
eec: 285.005
weight: 3.13493e-05
eec: 94.5923
weight: 2.70723e-06
eec: 490.234
weight: 7.9988e-06
eec: 31.6581
weight: 2.8818e-06
eec: 1071.73
weight: 7.51922e-07
eec: 169.713
weight: 1.11535e-05
eec: 438.685
weight: 0.000297632
eec: 89.8244
weight: 7.54454e-06
eec: 588.923
weight: 8.47577e-05
eec: 1226.69
weight: 7.09057e-05
eec: 1222.31
Processing: 96.6667 %weight: 0.000199371
eec: 1401.68
weight: 5.7301e-05
eec: 2006.74
weight: 3.75384e-05
eec: 485.389
weight: 0.000152636
eec: 1749.51
weight: 1.17214e-07
eec: 669.482
weight: 7.3999e-05
eec: 239.066
weight: 3.71646e-05
eec: 1306.43
weight: 5.06035e-05
eec: 526.313
weight: 4.31411e-07
eec: 180.532
weight: 5.09197e-06
eec: 46.1372
weight: 5.53236e-06
eec: 708.5
weight: 0.000120361
eec: 219.406
weight: 7.26135e-06
eec: 842.324
weight: 0.00040244
eec: 107.681
weight: 1.44708e-07
eec: 52.9941
weight: 4.65106e-05
eec: 769.259
weight: 2.60722e-07
eec: 767.048
weight: 0.000332117
eec: 169.961
weight: 3.93558e-06
eec: 322.463
weight: 7.8111e-05
eec: 139.244
weight: 0.000106989
eec: 184.198
weight: 5.69933e-06
eec: 428.547
weight: 4.44709e-05
eec: 203.87
weight: 0.00023602
eec: 697.868
weight: 1.52302e-05
eec: 1619.15
weight: 0.000126852
eec: 466.925
weight: 0.000264511
eec: 493.493
weight: 2.34396e-05
eec: 434.807
weight: 1.32718e-05
eec: 1743.73
weight: 4.97921e-06
eec: 39.0701
weight: 1.01875e-05
eec: 2224.44
weight: 3.16828e-06
eec: 248.55
weight: 2.60634e-06
eec: 561.003
weight: 3.91467e-05
eec: 581.305
weight: 7.22618e-05
eec: 99.646
weight: 2.06053e-07
eec: 126.223
weight: 2.36643e-06
eec: 85.3975
weight: 5.31836e-08
eec: 281.026
weight: 8.84146e-06
eec: 187.664
weight: 8.30826e-06
eec: 50.4125
weight: 5.65738e-06
eec: 242.237
weight: 1.72742e-05
eec: 494.302
weight: 7.76259e-07
eec: 35.6001
weight: 0.000222996
eec: 259.917
weight: 2.81204e-05
eec: 1208.56
weight: 2.93186e-06
eec: 269.531
weight: 7.68417e-05
eec: 606.581
weight: 0.000162096
eec: 1304.01
weight: 3.49358e-05
eec: 245.542
weight: 1.1172e-05
eec: 73.631
weight: 8.48569e-06
eec: 16.4592
weight: 4.34574e-07
eec: 533.314
weight: 8.10678e-05
eec: 1192.49
weight: 3.48999e-05
eec: 1039.71
weight: 0.000118638
eec: 293.193
weight: 5.92713e-05
eec: 518.243
weight: 8.68764e-06
eec: 383.67
weight: 1.02815e-05
eec: 899.163
weight: 1.97541e-05
eec: 698.126
weight: 1.04306e-07
eec: 518.341
weight: 6.14322e-06
eec: 378.534
weight: 0.000252082
eec: 62.1252
weight: 5.48436e-05
eec: 475.573
weight: 2.04017e-05
eec: 583.547
weight: 8.46044e-07
eec: 517.408
weight: 3.52939e-05
eec: 620.771
weight: 2.54978e-05
eec: 673.473
weight: 6.5169e-06
eec: 277.542
weight: 3.16493e-07
eec: 406.773
weight: 6.30089e-05
eec: 264.307
weight: 2.18229e-06
eec: 273.087
weight: 5.42358e-05
eec: 1402.55
weight: 2.00907e-05
eec: 204.934
weight: 6.22194e-05
eec: 1031.68
weight: 3.46079e-05
eec: 190.691
weight: 2.87258e-07
eec: 499.158

ROOT exit code = 0
