gSystem->Load("run_condor_job_Run3_C.so");
run_condor_job_Run3(11, 100, 2,
                    80, 200,
                    1, 1, 1, 0);
.q

ENTERED run_condor_job_Run3()
JOBID = 11
  global job = 11  Job 11/100  events [659340, 719280)  total=5994000
Processing events [659340, 719280) of 5994000
weight: 4.91076e-06
eec: 40.1385
weight: 7.60013e-06
eec: 685.768
weight: 1.86337e-05
eec: 130.609
weight: 0.000360765
eec: 317.954
weight: 1.28829e-05
eec: 211.012
weight: 2.88969e-06
eec: 477.688
weight: 0.000496735
eec: 47.9075
weight: 7.17673e-05
eec: 429.637
weight: 0.000221805
eec: 270.118
weight: 2.7448e-05
eec: 348.186
weight: 1.31541e-05
eec: 805.85
weight: 3.03915e-05
eec: 490.903
weight: 2.92148e-05
eec: 6487.27
weight: 1.1514e-05
eec: 70.8268
weight: 2.32549e-05
eec: 542.143
weight: 0.000156453
eec: 322.046
weight: 7.11643e-06
eec: 754.135
weight: 8.52928e-06
eec: 278.577
weight: 0.000216155
eec: 263.906
weight: 3.49583e-05
eec: 257.898
weight: 4.14766e-05
eec: 1718.96
weight: 1.03118e-06
eec: 2634.66
weight: 7.88937e-06
eec: 2244.9
weight: 6.45481e-05
eec: 71.0081
weight: 2.86472e-05
eec: 373.199
weight: 0.000815137
eec: 524.761
weight: 3.35228e-06
eec: 133.295
weight: 0.000954922
eec: 81.199
weight: 2.75844e-06
eec: 162.09
weight: 6.63035e-05
eec: 56.5854
weight: 1.00356e-05
eec: 87.9117
weight: 1.49016e-07
eec: 163.035
weight: 1.49016e-07
eec: 1161.46
weight: 7.43446e-06
eec: 1504.72
weight: 4.12164e-06
eec: 535.726
weight: 1.79621e-05
eec: 273.863
weight: 4.35618e-05
eec: 355.74
weight: 0.000325142
eec: 311.264
weight: 3.20128e-05
eec: 227.521
weight: 0.000952879
eec: 448.584
weight: 8.35165e-06
eec: 102.347
weight: 1.17107e-05
eec: 110.389
weight: 1.14104e-05
eec: 391.634
weight: 0.000141309
eec: 655.234
weight: 1.33934e-05
eec: 13.4108
weight: 3.7411e-05
eec: 438.294
weight: 3.02363e-07
eec: 660.603
weight: 0.000143379
eec: 118.271
weight: 8.06574e-05
eec: 786.247
weight: 0.000443753
eec: 213.37
weight: 7.56222e-05
eec: 636.475
weight: 1.066e-05
eec: 1261.78
weight: 5.76976e-08
eec: 84.1489
weight: 1.60229e-06
eec: 1103.7
weight: 0.000211567
eec: 492.286
weight: 0.000144146
eec: 75.4525
weight: 0.000500731
eec: 928.951
weight: 4.73561e-06
eec: 156.113
weight: 1.44695e-05
eec: 135.501
weight: 7.06073e-07
eec: 756.014
weight: 2.1773e-05
eec: 117.466
weight: 0.000984429
eec: 484.86
weight: 1.75968e-06
eec: 2431.78
weight: 2.3146e-05
eec: 303.093
weight: 2.1857e-05
eec: 717.888
weight: 1.16201e-05
eec: 510.129
weight: 0.000166463
eec: 259.659
weight: 4.07237e-07
eec: 712.254
weight: 3.42271e-06
eec: 1791.25
weight: 1.52743e-05
eec: 178.085
weight: 0.000263355
eec: 961.432
weight: 3.52158e-05
eec: 1219.72
weight: 3.23532e-06
eec: 99.7546
weight: 4.35059e-05
eec: 302.769
weight: 0.000131138
eec: 164.051
weight: 1.15494e-05
eec: 1078.49
weight: 4.1306e-06
eec: 2630.18
weight: 1.8392e-05
eec: 85.0732
weight: 0.000114629
eec: 941.626
weight: 0.000766001
eec: 190.265
weight: 2.89328e-05
eec: 333.03
weight: 3.22019e-05
eec: 1709.85
weight: 5.44646e-05
eec: 443.547
weight: 5.90235e-05
eec: 92.3179
weight: 6.46173e-06
eec: 79.0563
weight: 1.1527e-05
eec: 1651.31
weight: 3.51725e-05
eec: 364.563
weight: 0.000107827
eec: 65.2474
weight: 1.25646e-05
eec: 1042.72
weight: 0.000270007
eec: 54.8611
weight: 5.81536e-06
eec: 93.0916
weight: 6.11912e-05
eec: 42.4855
weight: 4.24134e-05
eec: 878.363
weight: 1.21862e-05
eec: 591.208
weight: 3.81301e-05
eec: 33.3655
weight: 5.56262e-05
eec: 1822.12
weight: 3.16184e-07
eec: 259.968
weight: 1.11455e-05
eec: 949.314
weight: 7.72904e-05
eec: 1532.5
weight: 1.16239e-06
eec: 257.9
weight: 3.20169e-05
eec: 581.448
weight: 1.31863e-05
eec: 571.516
weight: 3.06935e-05
eec: 1061.01
weight: 9.14335e-07
eec: 2396.8
weight: 1.55257e-05
eec: 519.092
weight: 9.19594e-06
eec: 451.736
weight: 7.15346e-05
eec: 1443.4
weight: 0.000157497
eec: 357.631
weight: 3.61857e-06
eec: 1648.96
weight: 2.05495e-05
eec: 1974.14
weight: 9.99452e-06
eec: 362.518
weight: 0.000483556
eec: 663.545
weight: 0.000201855
eec: 556.465
weight: 1.57696e-05
eec: 387.858
weight: 5.05718e-05
eec: 331.92
weight: 1.97481e-06
eec: 3273.74
weight: 0.000231639
eec: 1108.59
weight: 0.000516022
eec: 15.1813
weight: 0.000263729
eec: 94.9259
weight: 3.49664e-05
eec: 179.63
weight: 3.11662e-06
eec: 664.454
weight: 2.69192e-05
eec: 565.48
weight: 8.40143e-06
eec: 320.512
weight: 7.06706e-05
eec: 658.652
weight: 0.00012138
eec: 1316.34
weight: 3.43665e-05
eec: 260.969
weight: 4.1757e-06
eec: 1428.76
weight: 1.85832e-05
eec: 64.209
weight: 4.21109e-06
eec: 98.4642
weight: 0.000334091
eec: 80.5543
weight: 0.000131127
eec: 646.249
weight: 3.98994e-06
eec: 648.962
weight: 0.000258311
eec: 286.277
weight: 0.000124326
eec: 451.269
weight: 9.04861e-05
eec: 275.167
weight: 0.000122666
eec: 200.529
weight: 8.6867e-06
eec: 3053.5
weight: 1.81073e-06
eec: 443.345
weight: 4.28918e-05
eec: 252.414
weight: 3.09771e-05
eec: 37.579
weight: 2.89709e-05
eec: 1815.8
weight: 1.03705e-05
eec: 456.668
weight: 6.16764e-05
eec: 75.3916
weight: 1.7124e-06
eec: 44.5133
weight: 1.00984e-05
eec: 231.141
weight: 0.000416432
eec: 1160.62
weight: 8.76557e-05
eec: 1366.62
weight: 0.000371982
eec: 141.02
weight: 6.43485e-07
eec: 1067.5
weight: 1.32201e-05
eec: 289.969
weight: 7.12119e-08
eec: 500.805
weight: 8.25993e-06
eec: 164.008
weight: 0.000185389
eec: 60.4039
Processing: 11.6783 %weight: 3.819e-05
eec: 167.34
weight: 3.85022e-05
eec: 41.8495
weight: 2.34695e-06
eec: 1252.52
weight: 6.36256e-05
eec: 484.142
weight: 2.48514e-06
eec: 877.093
weight: 2.1024e-05
eec: 349.15
weight: 0.000726462
eec: 523.916
weight: 6.9735e-07
eec: 685.827
weight: 4.44472e-08
eec: 461.458
weight: 0.000233753
eec: 1078.47
weight: 0.000211514
eec: 530.47
weight: 7.10312e-06
eec: 179.063
weight: 5.3672e-05
eec: 212.874
weight: 1.13564e-05
eec: 253.052
weight: 1.97251e-05
eec: 624.473
weight: 0.00017406
eec: 593.76
weight: 0.000416194
eec: 558.331
weight: 4.00732e-06
eec: 1762.38
weight: 0.000957654
eec: 501.073
weight: 0.000120374
eec: 55.5821
weight: 2.66349e-07
eec: 433.338
weight: 8.50657e-05
eec: 413.162
weight: 7.49623e-08
eec: 1048.51
weight: 9.19321e-06
eec: 173.086
weight: 1.98764e-06
eec: 150.696
weight: 2.88359e-06
eec: 133.966
weight: 5.71835e-05
eec: 20.5878
weight: 8.44785e-06
eec: 2818.71
weight: 8.07807e-07
eec: 3403.85
weight: 4.71478e-06
eec: 3728.24
weight: 7.37014e-06
eec: 2406.01
weight: 8.81964e-06
eec: 945.98
weight: 9.61712e-05
eec: 958.895
weight: 8.86574e-07
eec: 14.0232
weight: 0.000195027
eec: 777.728
weight: 4.88896e-05
eec: 113.727
weight: 4.53195e-06
eec: 571.555
weight: 6.12751e-08
eec: 289.718
weight: 6.96709e-06
eec: 761.399
weight: 9.49226e-05
eec: 300.786
weight: 3.66078e-05
eec: 132.243
weight: 1.06195e-05
eec: 310.712
weight: 1.47189e-05
eec: 1516.85
weight: 0.000131421
eec: 657.383
weight: 6.71729e-05
eec: 564.827
weight: 5.43811e-06
eec: 647.493
weight: 3.65811e-05
eec: 637.986
weight: 4.62476e-05
eec: 21.0301
weight: 2.51001e-05
eec: 74.8533
weight: 3.51625e-05
eec: 2330.03
weight: 1.96336e-06
eec: 2202.23
weight: 5.48127e-06
eec: 1892.77
weight: 4.33749e-05
eec: 131.612
weight: 0.000220357
eec: 488.427
weight: 1.66493e-05
eec: 1296.43
weight: 6.56867e-06
eec: 2377.22
weight: 0.000538781
eec: 80.3825
weight: 0.000122904
eec: 576.342
weight: 0.000111049
eec: 653.046
weight: 5.67188e-05
eec: 277.625
weight: 1.0477e-05
eec: 619.687
weight: 0.000147544
eec: 396.259
weight: 1.79872e-05
eec: 826.529
weight: 1.28927e-05
eec: 181.783
weight: 2.25472e-05
eec: 82.0065
weight: 1.23958e-05
eec: 846.949
weight: 0.0002809
eec: 557.521
weight: 4.49543e-05
eec: 706.946
weight: 7.83733e-05
eec: 1585.52
weight: 2.85836e-06
eec: 1034.8
weight: 4.16599e-05
eec: 1376.4
weight: 4.57983e-05
eec: 957.1
weight: 1.30904e-05
eec: 186.882
weight: 1.91043e-05
eec: 426.367
weight: 4.91435e-05
eec: 460.566

ROOT exit code = 0
