gSystem->Load("run_condor_job_Run3_C.so");
run_condor_job_Run3(531, 100, 2,
                    80, 200,
                    1, 1, 1, 5);
.q

ENTERED run_condor_job_Run3()
JOBID = 531
  global job = 531  Job 31/100  events [1860000, 1920000)  total=6000000
Processing events [1860000, 1920000) of 6000000
weight: 2.45615e-05
eec: 73.0361
weight: 0.00021626
eec: 223.015
weight: 4.28981e-05
eec: 422.588
weight: 2.50487e-05
eec: 382.006
weight: 5.1396e-06
eec: 544.679
weight: 0.000342485
eec: 249.101
weight: 1.65921e-06
eec: 755.869
weight: 1.70679e-05
eec: 2396.74
weight: 0.0012284
eec: 576.098
weight: 6.93371e-05
eec: 728.625
weight: 2.05121e-05
eec: 456.684
weight: 3.56084e-05
eec: 74.7225
weight: 7.0083e-05
eec: 192.552
weight: 1.17075e-06
eec: 24.2174
weight: 1.65185e-05
eec: 43.9619
weight: 7.00055e-05
eec: 193.271
weight: 0.000144122
eec: 97.729
weight: 1.41999e-05
eec: 392.787
weight: 0.000127548
eec: 459.843
weight: 1.72982e-05
eec: 21.2808
weight: 5.40008e-07
eec: 445.398
weight: 1.93747e-05
eec: 1140.05
weight: 1.24036e-05
eec: 151.999
weight: 1.79914e-05
eec: 412.034
weight: 3.68561e-05
eec: 601.935
weight: 7.5062e-05
eec: 481.579
weight: 0.000352049
eec: 607.64
weight: 3.42649e-07
eec: 221.955
weight: 0.000516765
eec: 201.932
weight: 0.000112163
eec: 456.915
weight: 2.21354e-05
eec: 57.7114
weight: 3.04683e-05
eec: 108.454
weight: 2.66671e-05
eec: 416.356
weight: 1.1066e-05
eec: 200.651
weight: 0.000129088
eec: 850.572
weight: 5.32298e-05
eec: 1094.94
weight: 0.000216079
eec: 193.436
weight: 0.000332893
eec: 96.1934
weight: 7.24081e-06
eec: 724.69
weight: 0.000467381
eec: 164.744
weight: 3.59654e-05
eec: 1393.4
weight: 6.1598e-05
eec: 62.2685
weight: 1.19536e-05
eec: 68.0986
weight: 2.77416e-05
eec: 563.019
weight: 2.4169e-06
eec: 84.1719
weight: 0.000369098
eec: 220.719
weight: 0.000325748
eec: 253.623
weight: 7.74057e-07
eec: 384.119
weight: 7.03562e-05
eec: 545.676
weight: 1.1239e-05
eec: 2656.23
weight: 6.12245e-05
eec: 44.9564
weight: 5.66109e-06
eec: 370.724
weight: 8.60069e-07
eec: 59.2899
weight: 5.98103e-07
eec: 503.562
weight: 0.000130001
eec: 99.7985
weight: 6.2062e-05
eec: 81.0715
weight: 6.6215e-06
eec: 120.345
weight: 3.98441e-06
eec: 599.928
weight: 8.19917e-05
eec: 246.183
weight: 8.45907e-05
eec: 76.4036
weight: 9.28549e-05
eec: 247.575
weight: 6.32645e-06
eec: 264.011
weight: 7.10626e-05
eec: 55.8519
weight: 3.23925e-05
eec: 79.4795
weight: 0.000107143
eec: 386.481
weight: 2.60845e-07
eec: 328.286
weight: 0.000110599
eec: 1035.3
weight: 2.11544e-06
eec: 1241.83
weight: 0.000229523
eec: 17.2287
weight: 0.000254061
eec: 307.983
weight: 1.39387e-06
eec: 958.572
weight: 4.90552e-05
eec: 397.097
weight: 3.31085e-05
eec: 143.245
weight: 0.00014537
eec: 270.053
weight: 1.71889e-05
eec: 140.83
weight: 2.26219e-05
eec: 94.8682
weight: 0.000250749
eec: 256.956
weight: 1.82766e-05
eec: 1520.12
weight: 1.04873e-05
eec: 1121.94
weight: 0.000252802
eec: 822.493
weight: 1.06503e-05
eec: 226.656
weight: 0.000139793
eec: 250.087
weight: 1.40483e-05
eec: 748.215
weight: 2.79526e-05
eec: 245.65
weight: 9.67885e-05
eec: 192.985
weight: 5.15336e-06
eec: 174.223
weight: 4.04815e-06
eec: 1481.6
weight: 3.61653e-05
eec: 616.647
weight: 0.000509959
eec: 966.463
weight: 6.30685e-06
eec: 394.65
weight: 0.000191769
eec: 67.1415
weight: 0.000109231
eec: 807.691
weight: 0.000534121
eec: 331.701
weight: 2.70916e-06
eec: 740.262
weight: 3.49408e-05
eec: 482.105
weight: 1.60554e-05
eec: 156.294
weight: 0.000184701
eec: 209.2
weight: 0.000224745
eec: 288.919
weight: 4.26149e-05
eec: 436.376
weight: 9.58944e-06
eec: 1635.12
weight: 9.58944e-06
eec: 2206.22
weight: 0.000225041
eec: 488.432
weight: 8.84971e-05
eec: 151.321
weight: 4.39408e-05
eec: 511.419
weight: 0.000178784
eec: 254.377
weight: 1.3022e-05
eec: 1327.58
weight: 2.6174e-07
eec: 1602.23
weight: 7.50904e-05
eec: 594.199
weight: 2.10375e-05
eec: 196.652
weight: 5.12089e-05
eec: 698.289
weight: 7.43404e-06
eec: 298.409
weight: 7.68046e-05
eec: 771.274
weight: 6.43859e-07
eec: 623.067
weight: 8.26044e-06
eec: 71.1098
weight: 1.46714e-05
eec: 544.259
weight: 7.37535e-06
eec: 66.2067
weight: 5.06411e-06
eec: 383.641
weight: 1.05841e-05
eec: 644.198
weight: 0.000211992
eec: 67.0946
weight: 5.13958e-06
eec: 46.9263
weight: 1.1415e-07
eec: 9.46265
weight: 9.70041e-07
eec: 388.38
weight: 2.11508e-06
eec: 81.3089
weight: 1.77947e-05
eec: 1260.5
weight: 0.000390582
eec: 57.6559
weight: 1.76071e-05
eec: 130.732
weight: 2.22748e-05
eec: 746.097
weight: 5.91795e-05
eec: 607.742
weight: 3.89614e-06
eec: 314.28
weight: 4.88229e-05
eec: 218.306
weight: 2.3834e-05
eec: 35.1836
weight: 9.14931e-06
eec: 274.947
weight: 0.00183594
eec: 637.743
weight: 4.18238e-05
eec: 1164.33
weight: 1.33317e-05
eec: 82.0957
weight: 4.14472e-05
eec: 29.478
weight: 6.03458e-06
eec: 258.375
weight: 3.25447e-06
eec: 316.656
weight: 5.00755e-06
eec: 153.051
weight: 0.000104906
eec: 102.654
weight: 1.28768e-06
eec: 469.499
weight: 4.09997e-05
eec: 2649.2
weight: 8.59975e-07
eec: 249.716
weight: 1.97272e-05
eec: 2582.55
weight: 0.000127483
eec: 720.215
weight: 1.1323e-07
eec: 121.316
weight: 1.7169e-06
eec: 726.663
weight: 1.73111e-08
eec: 126.387
weight: 6.23967e-05
eec: 66.3788
weight: 2.86639e-08
eec: 186.437
weight: 0.000124417
eec: 797.08
weight: 1.1939e-05
eec: 271.801
weight: 3.42825e-06
eec: 1559.49
weight: 1.46447e-05
eec: 1123.95
weight: 3.85361e-05
eec: 576.637
weight: 0.000185774
eec: 103.725
weight: 2.71369e-06
eec: 375.569
weight: 0.000236074
eec: 26.9516
weight: 2.4892e-05
eec: 143.903
weight: 0.000945506
eec: 118.611
Processing: 31.6667 %weight: 5.9407e-05
eec: 791.451
weight: 7.11419e-06
eec: 1573.91
weight: 7.00058e-05
eec: 737.097
weight: 0.000132524
eec: 129.704
weight: 0.000154981
eec: 261.047
weight: 3.17893e-05
eec: 1650.06
weight: 7.51543e-07
eec: 59.1448
weight: 3.71001e-05
eec: 436.84
weight: 2.29355e-06
eec: 250.267
weight: 6.79394e-06
eec: 253.522
weight: 0.000231911
eec: 458.931
weight: 6.99254e-05
eec: 418.837
weight: 0.000214675
eec: 115.339
weight: 1.62803e-05
eec: 46.5716
weight: 0.000195189
eec: 117.592
weight: 9.63877e-07
eec: 274.631
weight: 6.9176e-06
eec: 578.805
weight: 0.000535103
eec: 80.0339
weight: 0.000225617
eec: 24.1696
weight: 1.09948e-06
eec: 2209.82
weight: 3.50264e-05
eec: 1074.49
weight: 3.94086e-06
eec: 120.395
weight: 0.000197788
eec: 410.73
weight: 1.95274e-05
eec: 869.368
weight: 5.53227e-05
eec: 51.2515
weight: 2.7161e-05
eec: 427.121
weight: 4.10212e-05
eec: 549.57
weight: 6.20767e-05
eec: 21.4027
weight: 0.000109971
eec: 21.1374
weight: 4.06083e-05
eec: 369.615
weight: 4.06083e-05
eec: 738.535
weight: 6.67464e-06
eec: 397.791
weight: 1.24288e-05
eec: 137.1
weight: 4.60671e-05
eec: 126.528
weight: 2.03227e-05
eec: 944.48
weight: 7.19064e-05
eec: 1367.14
weight: 2.25648e-05
eec: 253.804
weight: 3.03358e-06
eec: 320.435
weight: 0.000188527
eec: 609.878
weight: 0.000237593
eec: 828.19
weight: 5.291e-05
eec: 1243.18
weight: 9.39215e-05
eec: 147.791
weight: 3.46059e-05
eec: 621.2
weight: 5.79072e-07
eec: 358.611
weight: 6.20498e-05
eec: 86.8192
weight: 2.40972e-06
eec: 2094.1
weight: 5.81353e-05
eec: 133.893
weight: 0.000201938
eec: 84.9963
weight: 9.95851e-06
eec: 3200.03
weight: 5.15062e-05
eec: 1769.79
weight: 1.01667e-05
eec: 655.398
weight: 1.55493e-06
eec: 407.682
weight: 4.43834e-05
eec: 400.193
weight: 2.10071e-05
eec: 335.495
weight: 2.95665e-06
eec: 725.329
weight: 1.6999e-05
eec: 635.488
weight: 2.87644e-05
eec: 2181.16
weight: 8.84251e-06
eec: 1130.97
weight: 8.40434e-06
eec: 95.3094
weight: 1.58566e-05
eec: 415.539
weight: 0.000156234
eec: 298.705
weight: 0.000145099
eec: 684.109
weight: 9.08535e-06
eec: 398.719
weight: 8.30913e-05
eec: 525.845
weight: 7.00869e-06
eec: 1800.68
weight: 1.34787e-06
eec: 397.62
weight: 1.51979e-05
eec: 210.182
weight: 0.000165478
eec: 448.61
weight: 0.000107047
eec: 309.486
weight: 3.5364e-05
eec: 442.188
weight: 8.59864e-05
eec: 733.19
weight: 1.325e-05
eec: 151.627
weight: 3.38661e-05
eec: 565.592
weight: 0.000446864
eec: 236.038
weight: 1.16026e-05
eec: 439.06
weight: 2.39575e-07
eec: 172.123
weight: 4.99746e-05
eec: 751.813
weight: 9.38821e-08
eec: 201.154
weight: 1.21365e-05
eec: 100.558
weight: 3.13011e-05
eec: 634.51
weight: 6.1773e-05
eec: 19.1156

ROOT exit code = 0
