gSystem->Load("run_condor_job_Run3_C.so");
run_condor_job_Run3(663, 100, 2,
                    80, 200,
                    1, 1, 1, 6);
.q

ENTERED run_condor_job_Run3()
JOBID = 663
  global job = 663  Job 63/100  events [3715740, 3774720)  total=5898000
Processing events [3715740, 3774720) of 5898000
weight: 0.000116071
eec: 44.371
weight: 1.29747e-05
eec: 660.554
weight: 0.000409152
eec: 88.4701
weight: 6.56721e-05
eec: 1472.14
weight: 5.30261e-05
eec: 1599.04
weight: 0.000194034
eec: 163.873
weight: 4.21083e-06
eec: 2291.61
weight: 7.7842e-07
eec: 131.208
weight: 3.05593e-05
eec: 257.931
weight: 0.000111442
eec: 98.3571
weight: 5.21419e-05
eec: 253.616
weight: 1.08246e-05
eec: 495.82
weight: 3.93902e-07
eec: 272.818
weight: 1.84338e-05
eec: 299.819
weight: 1.12929e-05
eec: 312.355
weight: 6.74377e-06
eec: 797.525
weight: 3.87312e-05
eec: 249.634
weight: 2.17789e-05
eec: 670.346
weight: 4.47435e-05
eec: 80.2448
weight: 4.19675e-05
eec: 88.1779
weight: 6.45952e-05
eec: 1048.16
weight: 3.37975e-07
eec: 80.6213
weight: 0.000198453
eec: 282.945
weight: 0.000189444
eec: 435.428
weight: 0.000119692
eec: 317.314
weight: 3.10806e-05
eec: 352.506
weight: 9.71079e-07
eec: 2653.11
weight: 0.000527011
eec: 283.508
weight: 9.89469e-06
eec: 101.269
weight: 1.37117e-05
eec: 1881.38
weight: 4.17641e-05
eec: 1027.05
weight: 1.71542e-06
eec: 2581.7
weight: 1.3899e-05
eec: 607.017
weight: 3.97747e-05
eec: 1468.97
weight: 0.000110193
eec: 702.778
weight: 0.00018176
eec: 679.621
weight: 6.68826e-05
eec: 89.9833
weight: 6.70324e-05
eec: 427.621
weight: 9.97713e-09
eec: 211.935
weight: 3.70078e-05
eec: 39.3806
weight: 1.39547e-05
eec: 152.688
weight: 1.37558e-05
eec: 24.4212
weight: 4.47866e-06
eec: 260.566
weight: 2.27893e-05
eec: 133.142
weight: 1.9032e-07
eec: 476.737
weight: 1.95477e-05
eec: 548.871
weight: 2.86219e-05
eec: 821.824
weight: 8.45102e-05
eec: 40.3698
weight: 4.21878e-06
eec: 529.564
weight: 7.97096e-06
eec: 364.907
weight: 0.00108352
eec: 106.915
weight: 9.95722e-06
eec: 1388.63
weight: 0.000142354
eec: 204.379
weight: 1.17682e-05
eec: 646.417
weight: 1.06647e-05
eec: 73.7668
weight: 2.73468e-06
eec: 56.0498
weight: 7.79503e-06
eec: 440.293
weight: 3.54299e-05
eec: 545.111
weight: 0.000649776
eec: 166.416
weight: 2.25731e-06
eec: 45.1899
weight: 1.94287e-05
eec: 23.5582
weight: 0.000177848
eec: 1295.86
weight: 0.000219617
eec: 844.871
weight: 8.90195e-06
eec: 494.249
weight: 0.000443639
eec: 162.936
weight: 7.24581e-06
eec: 64.9805
weight: 9.7235e-06
eec: 1077.02
weight: 4.08216e-06
eec: 475.512
weight: 9.38503e-05
eec: 95.4921
weight: 2.16434e-05
eec: 82.3882
weight: 7.33154e-06
eec: 378.626
weight: 3.13502e-06
eec: 619.831
weight: 6.99699e-06
eec: 194.443
weight: 2.71227e-05
eec: 536.596
weight: 8.34755e-05
eec: 105.181
weight: 4.30825e-05
eec: 58.0976
weight: 4.08233e-05
eec: 56.3517
weight: 0.000355606
eec: 36.8026
weight: 3.52909e-06
eec: 734.315
weight: 0.000119281
eec: 538.752
weight: 3.63005e-05
eec: 839.773
weight: 1.17985e-05
eec: 471.085
weight: 0.000360118
eec: 310.335
weight: 3.55815e-05
eec: 196.784
weight: 2.22592e-05
eec: 1289.93
weight: 0.000315496
eec: 58.2408
weight: 3.34266e-05
eec: 293.263
weight: 1.30534e-07
eec: 1304.57
weight: 9.37618e-06
eec: 819.008
weight: 9.67199e-06
eec: 218.191
weight: 1.35807e-06
eec: 4779.48
weight: 2.22285e-06
eec: 322.271
weight: 1.13669e-05
eec: 290.476
weight: 1.52634e-06
eec: 1657.72
weight: 1.62368e-05
eec: 1250.92
weight: 1.63848e-06
eec: 32.4939
weight: 1.13748e-06
eec: 417.502
weight: 2.88974e-06
eec: 810.051
weight: 1.38785e-05
eec: 1667.51
weight: 5.94234e-07
eec: 89.2521
weight: 1.55231e-05
eec: 1186.2
weight: 6.63108e-07
eec: 37.3408
weight: 1.57973e-05
eec: 348.229
weight: 9.66312e-05
eec: 145.036
weight: 0.0001947
eec: 387.083
weight: 1.43769e-05
eec: 825.703
weight: 7.08551e-05
eec: 49.4042
weight: 1.22996e-05
eec: 311.019
weight: 1.95338e-05
eec: 63.2854
weight: 1.21683e-05
eec: 525.902
weight: 3.08137e-06
eec: 341.698
weight: 7.08436e-07
eec: 1765.46
weight: 1.21218e-05
eec: 275.628
weight: 0.00021929
eec: 447.505
weight: 9.31397e-05
eec: 72.3252
weight: 2.09876e-05
eec: 944.774
weight: 1.7583e-07
eec: 772.256
weight: 5.54604e-05
eec: 1453.38
weight: 3.65879e-05
eec: 93.694
weight: 1.32379e-05
eec: 49.766
weight: 0.000460828
eec: 59.4912
weight: 0.000132093
eec: 9.13821
weight: 4.45075e-05
eec: 507.68
weight: 6.83061e-05
eec: 191.206
weight: 0.000271617
eec: 1017.95
weight: 0.000243462
eec: 1233.2
weight: 8.8416e-06
eec: 701.914
weight: 1.26958e-06
eec: 2155.8
weight: 1.07553e-05
eec: 528.075
Processing: 63.5809 %weight: 2.39391e-05
eec: 246.423
weight: 1.82065e-05
eec: 41.3034
weight: 1.52889e-05
eec: 417.613
weight: 4.64858e-06
eec: 449.872
weight: 5.59256e-05
eec: 173.926
weight: 1.74333e-07
eec: 584.473
weight: 9.25287e-06
eec: 858.58
weight: 6.14791e-05
eec: 98.6635
weight: 3.06156e-05
eec: 1189.8
weight: 2.08168e-05
eec: 698.085
weight: 1.1361e-07
eec: 326.793
weight: 1.48984e-05
eec: 1101.09
weight: 4.05456e-06
eec: 422.84
weight: 7.56293e-06
eec: 1836.08
weight: 0.000127245
eec: 642.601
weight: 6.31037e-08
eec: 1155.99
weight: 0.000555898
eec: 89.7022
weight: 1.31935e-06
eec: 112.85
weight: 0.000179086
eec: 708.281
weight: 3.0524e-06
eec: 623.429
weight: 3.23151e-06
eec: 456.241
weight: 2.64134e-05
eec: 2145.95
weight: 2.53884e-05
eec: 228.646
weight: 4.43389e-05
eec: 83.9086
weight: 9.33618e-05
eec: 77.2901
weight: 1.59314e-05
eec: 116.181
weight: 1.44037e-05
eec: 641.071
weight: 3.51395e-05
eec: 2317.62
weight: 0.000140572
eec: 170.077
weight: 1.97599e-06
eec: 968.75
weight: 5.02987e-06
eec: 36.0449
weight: 1.19306e-05
eec: 1474.12
weight: 3.5523e-06
eec: 1136.83
weight: 0.000106942
eec: 766.831
weight: 5.79442e-05
eec: 779.696
weight: 1.67294e-05
eec: 636.173
weight: 1.45072e-05
eec: 969.248
weight: 6.722e-05
eec: 205.632
weight: 4.5488e-05
eec: 806.935
weight: 2.0008e-05
eec: 894.998
weight: 0.000144072
eec: 89.3286
weight: 1.7909e-05
eec: 255.216
weight: 3.13657e-06
eec: 483.421
weight: 0.000263154
eec: 1180.93
weight: 0.000107016
eec: 360.217
weight: 0.000172588
eec: 182.968
weight: 4.0944e-06
eec: 421.131
weight: 0.000169428
eec: 215.588
weight: 0.00028739
eec: 334.623
weight: 1.91023e-05
eec: 1152.42
weight: 2.61645e-05
eec: 103.483
weight: 6.60635e-08
eec: 167.75
weight: 1.20895e-05
eec: 70.1014
weight: 1.26493e-05
eec: 754.841
weight: 5.66279e-05
eec: 130.464
weight: 3.52187e-06
eec: 1365.04
weight: 5.34392e-06
eec: 65.7753
weight: 1.76483e-05
eec: 2832.61
weight: 0.000167293
eec: 462.36
weight: 0.000155728
eec: 604.959
weight: 5.82667e-06
eec: 2678.46
weight: 9.93326e-05
eec: 474.463
weight: 2.07869e-05
eec: 2105.87
weight: 3.91762e-05
eec: 239.892
weight: 0.000328675
eec: 296.177
weight: 1.95429e-07
eec: 746.181
weight: 0.000160464
eec: 228.563
weight: 0.000142165
eec: 814.748
weight: 9.66847e-06
eec: 1904.31
weight: 1.62848e-05
eec: 3585.17
weight: 0.000167909
eec: 5.50099
weight: 9.38277e-05
eec: 2377.04
weight: 1.13133e-05
eec: 1313.22
weight: 0.000125133
eec: 2.87071
weight: 3.15509e-05
eec: 732.166
weight: 3.34491e-05
eec: 1229.39
weight: 4.14154e-05
eec: 256.382
weight: 1.134e-07
eec: 1267.28
weight: 8.48478e-06
eec: 438.635
weight: 3.26119e-05
eec: 164.105
weight: 0.000158585
eec: 351.392
weight: 1.87556e-06
eec: 34.7245
weight: 1.13764e-05
eec: 897.171
weight: 6.83904e-06
eec: 175.312
weight: 0.000105194
eec: 144.69
weight: 0.000241974
eec: 375.774
weight: 2.01154e-05
eec: 1030
weight: 0.000377854
eec: 121.372
weight: 9.28399e-09
eec: 84.0312
weight: 0.000261963
eec: 99.4568
weight: 0.000255595
eec: 113.868
weight: 2.46159e-05
eec: 241.917
weight: 0.000166225
eec: 639.271
weight: 2.3232e-05
eec: 250.383
weight: 4.5244e-07
eec: 79.7491
weight: 5.39268e-06
eec: 74.2993
weight: 1.41123e-05
eec: 382.133
weight: 3.74904e-05
eec: 569.787
weight: 0.000112393
eec: 1485.33
weight: 0.000102615
eec: 421.618
weight: 3.15046e-05
eec: 32.943
weight: 0.000146212
eec: 1154.97
weight: 1.04956e-05
eec: 266.718
weight: 3.98686e-05
eec: 307.82
weight: 0.000170456
eec: 166.822
weight: 0.000174972
eec: 572.731

ROOT exit code = 0
