gSystem->Load("run_condor_job_Run3_C.so");
run_condor_job_Run3(281, 100, 2,
                    80, 200,
                    1, 1, 1, 2);
.q

ENTERED run_condor_job_Run3()
JOBID = 281
  global job = 281  Job 81/100  events [4860000, 4920000)  total=6000000
Processing events [4860000, 4920000) of 6000000
weight: 7.98883e-05
eec: 972.622
weight: 3.64843e-05
eec: 2130.97
weight: 2.2636e-05
eec: 1082.35
weight: 5.31056e-05
eec: 312.651
weight: 1.19213e-06
eec: 906.516
weight: 0.000133899
eec: 607.739
weight: 4.75823e-05
eec: 781.032
weight: 9.58109e-06
eec: 451.987
weight: 2.3011e-05
eec: 419.166
weight: 0.000393465
eec: 109.588
weight: 1.45025e-05
eec: 2373.31
weight: 4.26753e-06
eec: 712.982
weight: 8.95409e-07
eec: 222.764
weight: 0.000120096
eec: 246.542
weight: 2.12824e-05
eec: 598.615
weight: 2.12824e-05
eec: 353.271
weight: 1.07882e-05
eec: 392.301
weight: 0.000159545
eec: 689.334
weight: 9.52944e-05
eec: 448.108
weight: 2.08412e-05
eec: 314.885
weight: 1.37906e-05
eec: 1957.88
weight: 3.08244e-05
eec: 83.2711
weight: 3.77142e-06
eec: 68.3988
weight: 1.35777e-05
eec: 406.352
weight: 9.7964e-05
eec: 1187.09
weight: 4.65701e-06
eec: 697.536
weight: 9.56334e-05
eec: 927.009
weight: 3.28374e-05
eec: 156.561
weight: 1.50704e-06
eec: 917.65
weight: 5.18331e-06
eec: 157.318
weight: 1.14218e-05
eec: 472.14
weight: 0.00012206
eec: 21.3589
weight: 1.55498e-05
eec: 287.032
weight: 0.000277221
eec: 255.155
weight: 0.000611077
eec: 75.0104
weight: 8.42527e-05
eec: 800.048
weight: 6.07396e-06
eec: 76.6683
weight: 5.17953e-05
eec: 299.687
weight: 6.4582e-06
eec: 1101.4
weight: 0.000258323
eec: 564.265
weight: 0.000170224
eec: 126.459
weight: 4.20272e-06
eec: 163.012
weight: 7.36057e-06
eec: 2536.69
weight: 9.10343e-06
eec: 819.715
weight: 0.000104908
eec: 564.177
weight: 8.20042e-06
eec: 1225.16
weight: 1.66661e-05
eec: 2603
weight: 2.04769e-05
eec: 399.919
weight: 2.15925e-05
eec: 515.966
weight: 6.84875e-05
eec: 26.9363
weight: 1.18799e-05
eec: 1049.89
weight: 0.000159464
eec: 544.236
weight: 1.31005e-05
eec: 2425.28
weight: 6.87431e-05
eec: 1477.6
weight: 0.000195862
eec: 926.646
weight: 2.13672e-05
eec: 187.578
weight: 3.49984e-05
eec: 126.03
weight: 5.83072e-05
eec: 1955.48
weight: 5.02069e-05
eec: 1321.89
weight: 3.0442e-05
eec: 167.505
weight: 1.04237e-06
eec: 65.1423
weight: 7.62553e-05
eec: 687.025
weight: 3.29911e-05
eec: 1281.14
weight: 3.18372e-08
eec: 1077.82
weight: 1.37908e-05
eec: 322.121
weight: 1.13853e-05
eec: 435.083
weight: 1.6556e-06
eec: 54.6533
weight: 5.01074e-05
eec: 1665.69
weight: 3.75574e-05
eec: 941.086
weight: 7.98979e-05
eec: 487.747
weight: 3.15549e-05
eec: 217.196
weight: 4.04061e-06
eec: 621.233
weight: 6.16027e-05
eec: 1290.35
weight: 3.07803e-05
eec: 73.0374
weight: 1.58257e-05
eec: 64.6573
weight: 1.74878e-07
eec: 2092.84
weight: 0.00018832
eec: 777.918
weight: 7.64178e-06
eec: 67.1835
weight: 2.22542e-05
eec: 2599.42
weight: 0.000191842
eec: 123.537
weight: 1.46063e-06
eec: 508.387
weight: 4.19037e-05
eec: 980.972
weight: 2.74464e-05
eec: 612.846
weight: 3.245e-05
eec: 480.446
weight: 1.3304e-07
eec: 487.319
weight: 2.0974e-05
eec: 1156.34
weight: 2.51996e-07
eec: 457.568
weight: 2.50074e-05
eec: 1138.77
weight: 3.49232e-06
eec: 40.9148
weight: 0.000245696
eec: 366.949
weight: 0.00020447
eec: 38.6561
weight: 2.67559e-05
eec: 88.5211
weight: 4.0472e-05
eec: 56.2669
weight: 3.86517e-05
eec: 178.574
weight: 1.5113e-06
eec: 1571.59
weight: 1.9767e-05
eec: 341
weight: 1.67031e-05
eec: 464.364
weight: 1.70329e-05
eec: 412.476
weight: 2.32878e-05
eec: 111.095
weight: 4.22205e-05
eec: 34.8274
weight: 0.000122983
eec: 563.842
weight: 9.31609e-05
eec: 261.073
weight: 1.18875e-06
eec: 1391.51
weight: 3.83988e-05
eec: 383.828
weight: 1.05598e-05
eec: 511.979
weight: 1.658e-05
eec: 795.442
weight: 7.15732e-05
eec: 276.165
weight: 1.7464e-05
eec: 380.039
weight: 8.04549e-05
eec: 537.413
weight: 5.35084e-08
eec: 40.5326
weight: 7.94016e-06
eec: 55.6234
weight: 5.70215e-05
eec: 416.637
weight: 3.9779e-06
eec: 690.399
weight: 0.000486615
eec: 500.814
weight: 1.28039e-05
eec: 1453.27
weight: 1.40019e-05
eec: 130.057
weight: 1.82765e-05
eec: 836.743
weight: 1.09159e-06
eec: 239.204
weight: 3.71981e-05
eec: 991.313
weight: 9.50853e-05
eec: 144.118
weight: 0.00011659
eec: 754.92
weight: 5.45449e-05
eec: 92.2646
weight: 4.71738e-06
eec: 476.001
weight: 2.76086e-05
eec: 47.408
weight: 0.000553207
eec: 206.988
weight: 1.37198e-06
eec: 785.848
weight: 9.155e-06
eec: 566.775
weight: 5.73405e-05
eec: 529.945
weight: 6.7456e-07
eec: 79.6471
weight: 4.10301e-05
eec: 409.887
weight: 9.69304e-06
eec: 551.692
weight: 3.57482e-05
eec: 352.002
weight: 7.34677e-06
eec: 1860.95
weight: 4.17038e-05
eec: 448.069
weight: 7.63698e-06
eec: 804.501
weight: 9.70156e-07
eec: 1831.64
weight: 6.27833e-07
eec: 227.621
weight: 0.000662976
eec: 296.182
weight: 2.26426e-05
eec: 918.76
weight: 1.90325e-05
eec: 168.908
weight: 0.000254048
eec: 763.217
weight: 3.74217e-06
eec: 36.0569
weight: 4.12723e-05
eec: 111.499
weight: 7.56018e-06
eec: 530.265
weight: 1.95739e-05
eec: 431.831
weight: 8.44719e-05
eec: 247.417
weight: 0.000537936
eec: 562.984
weight: 0.00107357
eec: 731.897
weight: 8.50403e-07
eec: 232.548
weight: 0.000686377
eec: 1306.92
weight: 0.000318081
eec: 908.241
weight: 1.34776e-05
eec: 340.3
weight: 2.92745e-05
eec: 841.437
weight: 1.55097e-06
eec: 396.806
weight: 4.14368e-05
eec: 173.498
weight: 2.05787e-05
eec: 517.362
weight: 0.000334112
eec: 231.768
weight: 9.87458e-05
eec: 347.19
weight: 5.42814e-05
eec: 900.051
weight: 5.30247e-05
eec: 30.5652
weight: 5.84798e-05
eec: 405.992
weight: 4.62185e-05
eec: 48.3966
Processing: 81.6667 %weight: 0.000394601
eec: 434.515
weight: 1.94909e-06
eec: 1093.84
weight: 6.46101e-08
eec: 864.02
weight: 3.89272e-05
eec: 1837
weight: 1.53973e-05
eec: 221.361
weight: 0.000144614
eec: 926.022
weight: 1.44863e-08
eec: 625.51
weight: 5.41443e-08
eec: 357.414
weight: 1.34831e-05
eec: 616.67
weight: 1.18156e-05
eec: 507.165
weight: 3.41713e-05
eec: 60.1335
weight: 1.35403e-05
eec: 140.622
weight: 6.17279e-06
eec: 99.6718
weight: 4.07031e-06
eec: 499.915
weight: 5.01264e-05
eec: 683.247
weight: 1.75026e-05
eec: 99.2556
weight: 2.17332e-07
eec: 999.761
weight: 4.27209e-07
eec: 97.323
weight: 2.58374e-06
eec: 52.8034
weight: 1.03639e-05
eec: 938.606
weight: 3.83309e-05
eec: 154.162
weight: 1.88454e-05
eec: 51.5515
weight: 9.72325e-06
eec: 384.401
weight: 7.04112e-06
eec: 218.661
weight: 1.33426e-06
eec: 391.906
weight: 1.27047e-06
eec: 20.1287
weight: 3.15189e-05
eec: 646.054
weight: 3.94684e-05
eec: 35.2884
weight: 0.000120353
eec: 216.502
weight: 2.59166e-06
eec: 900.534
weight: 9.65759e-07
eec: 52.1676
weight: 3.23797e-07
eec: 64.8079
weight: 0.00020528
eec: 372.002
weight: 1.0086e-05
eec: 459.04
weight: 0.000302761
eec: 715.409
weight: 6.42563e-06
eec: 4253.63
weight: 6.86991e-05
eec: 139.78
weight: 2.94355e-05
eec: 367.51
weight: 0.000202241
eec: 321.121
weight: 0.000252096
eec: 230.921
weight: 4.11465e-05
eec: 152.392
weight: 0.000373037
eec: 661.223
weight: 2.55794e-05
eec: 1585.35
weight: 4.73781e-06
eec: 274.841
weight: 3.60388e-06
eec: 503.016
weight: 6.23164e-07
eec: 771.601
weight: 4.0944e-05
eec: 1539
weight: 0.000322272
eec: 246.467
weight: 3.89849e-06
eec: 453.226
weight: 8.24437e-05
eec: 267.676
weight: 3.21114e-05
eec: 465.721
weight: 6.13394e-06
eec: 384.379
weight: 5.0932e-05
eec: 2406.09
weight: 3.0232e-05
eec: 986.293
weight: 0.000215414
eec: 92.3668
weight: 3.84416e-08
eec: 277.808
weight: 1.91692e-05
eec: 1596.29
weight: 5.91738e-05
eec: 406.357
weight: 2.49793e-06
eec: 195.938
weight: 0.000104908
eec: 533.199
weight: 0.000547852
eec: 554.643
weight: 5.04961e-05
eec: 35.8825
weight: 0.000144216
eec: 300.981
weight: 2.60059e-06
eec: 84.8159
weight: 0.000100513
eec: 941.557
weight: 4.91262e-07
eec: 604.698
weight: 5.35387e-05
eec: 958.523
weight: 0.000120564
eec: 640.726
weight: 3.2413e-06
eec: 609.771
weight: 2.74289e-05
eec: 359.672
weight: 0.000685399
eec: 81.924
weight: 1.69765e-05
eec: 87.7407
weight: 9.54928e-08
eec: 1536.47
weight: 6.20335e-06
eec: 416.414
weight: 5.42301e-05
eec: 235.09
weight: 7.87505e-05
eec: 148.582
weight: 4.965e-05
eec: 886.737
weight: 1.66104e-06
eec: 3290.74
weight: 9.05365e-05
eec: 34.74
weight: 1.8711e-05
eec: 2251.92
weight: 3.82585e-05
eec: 79.2401
weight: 7.81716e-06
eec: 2425.26
weight: 4.89944e-05
eec: 739.586
weight: 1.77509e-05
eec: 214.626

ROOT exit code = 0
