gSystem->Load("run_condor_job_Run3_C.so");
run_condor_job_Run3(489, 100, 2,
                    80, 200,
                    1, 1, 1, 4);
.q

ENTERED run_condor_job_Run3()
JOBID = 489
  global job = 489  Job 89/100  events [5249220, 5308200)  total=5898000
Processing events [5249220, 5308200) of 5898000
Processing: 89.0132 %weight: 8.1485e-05
eec: 605.649
weight: 2.89268e-05
eec: 2651.94
weight: 3.25437e-06
eec: 2779.51
weight: 5.49768e-05
eec: 566.369
weight: 1.11615e-06
eec: 182.474
weight: 1.33582e-05
eec: 165.801
weight: 0.000347144
eec: 332.757
weight: 2.066e-05
eec: 591.502
weight: 5.41378e-06
eec: 3577.79
weight: 0.000124924
eec: 638.146
weight: 3.66132e-05
eec: 7.13254
weight: 1.10119e-05
eec: 2564.95
weight: 4.8161e-05
eec: 1072.49
weight: 2.49883e-05
eec: 351.437
weight: 3.81691e-06
eec: 491.565
weight: 2.24078e-05
eec: 361.172
weight: 3.97396e-05
eec: 294.001
weight: 0.00033157
eec: 617.195
weight: 3.91601e-05
eec: 504.257
weight: 2.9422e-05
eec: 224.032
weight: 0.000324857
eec: 930.292
weight: 6.39811e-06
eec: 1453.24
weight: 3.13866e-06
eec: 44.3815
weight: 4.50726e-06
eec: 548.774
weight: 5.72823e-05
eec: 214.334
weight: 7.20088e-05
eec: 468.841
weight: 2.56655e-05
eec: 16.8773
weight: 1.56148e-05
eec: 321.682
weight: 4.18285e-05
eec: 277.421
weight: 8.9217e-07
eec: 1879.8
weight: 2.20124e-05
eec: 1447.1
weight: 1.28601e-06
eec: 634.395
weight: 6.01999e-05
eec: 451.589
weight: 8.41862e-05
eec: 251.373
weight: 3.52251e-06
eec: 1654.51
weight: 5.39666e-06
eec: 282.871
weight: 0.000147105
eec: 180.364
weight: 9.08767e-05
eec: 273.484
weight: 2.90003e-06
eec: 186.024
weight: 0.000307348
eec: 108.178
weight: 5.78658e-05
eec: 868.677
weight: 5.55994e-05
eec: 88.6115
weight: 0.000170242
eec: 415.942
weight: 4.64868e-06
eec: 230.504
weight: 1.19385e-05
eec: 1018
weight: 1.23781e-05
eec: 163.989
weight: 9.86841e-05
eec: 290.228
weight: 1.5656e-05
eec: 962.435
weight: 3.60034e-05
eec: 115.09
weight: 0.000497066
eec: 387.691
weight: 1.08621e-06
eec: 303.483
weight: 3.61913e-05
eec: 238.237
weight: 7.01153e-05
eec: 122.763
weight: 0.000401693
eec: 1397.03
weight: 2.46402e-06
eec: 242.447
weight: 1.67208e-05
eec: 369.739
weight: 2.55218e-05
eec: 354.038
weight: 5.31458e-06
eec: 133.415
weight: 1.29799e-05
eec: 1021.73
weight: 8.32374e-05
eec: 415.681
weight: 2.05634e-07
eec: 341.565
weight: 1.95036e-05
eec: 758.185
weight: 3.56255e-05
eec: 34.7727
weight: 0.000238714
eec: 834.974
weight: 0.000788601
eec: 159.275
weight: 4.003e-05
eec: 915.477
weight: 1.09505e-07
eec: 228.015
weight: 6.52688e-05
eec: 922.309
weight: 1.5741e-05
eec: 774.424
weight: 9.3376e-06
eec: 157.072
weight: 3.13665e-05
eec: 1206.68
weight: 0.000288026
eec: 297.407
weight: 0.000241196
eec: 295.379
weight: 1.89362e-06
eec: 2162.71
weight: 0.000224449
eec: 484.883
weight: 2.7045e-07
eec: 190.421
weight: 7.11932e-05
eec: 412.625
weight: 3.05605e-07
eec: 966.992
weight: 1.20201e-05
eec: 303.686
weight: 1.26717e-05
eec: 1243.93
weight: 6.91482e-05
eec: 3613.91
weight: 2.14698e-05
eec: 1113.33
weight: 0.000177584
eec: 194.907
weight: 0.000228676
eec: 704.18
weight: 1.41081e-05
eec: 430.815
weight: 8.11408e-06
eec: 746.023
weight: 0.000910893
eec: 597.304
weight: 1.77928e-06
eec: 864.525
weight: 1.59427e-05
eec: 645.85
weight: 8.6279e-07
eec: 1102.09
weight: 4.06718e-06
eec: 2980.15
weight: 0.000146543
eec: 849.533
weight: 1.91744e-06
eec: 537.872
weight: 0.000157971
eec: 308.98
weight: 5.18498e-06
eec: 1692.21
weight: 2.99953e-05
eec: 286.213
weight: 4.71374e-06
eec: 1925.73
weight: 0.000264678
eec: 258.492
weight: 4.82528e-05
eec: 238.953
weight: 7.38295e-05
eec: 28.3236
weight: 9.72791e-05
eec: 231.035
weight: 2.87337e-07
eec: 50.7349
weight: 7.74608e-06
eec: 2489.16
weight: 1.17115e-05
eec: 1235.16
weight: 9.82338e-06
eec: 133.005
weight: 0.000117797
eec: 1900.24
weight: 8.97094e-05
eec: 2418.48
weight: 8.20805e-05
eec: 48.1819
weight: 4.7247e-06
eec: 1192.33
weight: 1.92837e-05
eec: 289.786
weight: 0.000158085
eec: 1696.02
weight: 3.16724e-05
eec: 652.472
weight: 6.58274e-07
eec: 367.224
weight: 3.56972e-05
eec: 34.8814
weight: 0.000126464
eec: 888.559
weight: 5.93173e-05
eec: 245.715
weight: 3.26115e-05
eec: 162.852
weight: 5.06464e-05
eec: 1398.9
weight: 2.14986e-06
eec: 149.258
weight: 5.85463e-06
eec: 1367.47
weight: 1.20453e-05
eec: 1666.05
weight: 4.21171e-07
eec: 2385.23
weight: 0.000110867
eec: 121.602
weight: 7.87893e-06
eec: 103.067
weight: 5.72702e-05
eec: 73.2505
weight: 8.12596e-06
eec: 246.636
weight: 2.67537e-06
eec: 468.426
weight: 9.83135e-05
eec: 543.13
weight: 0.00055393
eec: 100.065
weight: 2.55651e-05
eec: 170.727
weight: 8.5322e-07
eec: 238.124
weight: 1.19702e-05
eec: 563.903
weight: 0.000141754
eec: 595.769
weight: 3.37264e-05
eec: 383.152
weight: 4.87493e-05
eec: 65.7146
weight: 0.000163065
eec: 151.897
weight: 5.07812e-06
eec: 477.986
weight: 0.000331133
eec: 173.624
weight: 0.000138071
eec: 722.892
weight: 2.90805e-05
eec: 223.884
weight: 5.82128e-06
eec: 122.818
weight: 1.86938e-05
eec: 20.397
weight: 2.05667e-05
eec: 1169.61
weight: 9.85407e-08
eec: 264.949
weight: 1.87088e-05
eec: 2260.46
weight: 3.12062e-05
eec: 460.513
weight: 3.6828e-05
eec: 55.6702
weight: 7.43739e-05
eec: 404.872
weight: 2.28122e-05
eec: 839.955
weight: 7.63367e-08
eec: 296.505
weight: 3.54054e-07
eec: 1107.31
weight: 1.34865e-05
eec: 471.993
weight: 2.46144e-05
eec: 381.491
weight: 8.1454e-06
eec: 3720.97
weight: 5.47704e-05
eec: 1432.82
weight: 0.000105373
eec: 495.506
weight: 4.12343e-06
eec: 263.187
weight: 6.28899e-07
eec: 1011.82
weight: 2.75429e-05
eec: 433.309
weight: 1.83592e-05
eec: 659.603
weight: 4.47276e-05
eec: 29.2901
weight: 3.76343e-05
eec: 127.679
weight: 9.48248e-06
eec: 25.7609
weight: 4.3003e-08
eec: 319.281
weight: 0.000207133
eec: 156.53
weight: 5.42852e-06
eec: 3509.01
weight: 1.69388e-05
eec: 564.947
weight: 5.07662e-05
eec: 360.473
weight: 4.73702e-06
eec: 365.783
weight: 1.10982e-05
eec: 123.343
weight: 6.82457e-06
eec: 912.637
weight: 0.000632942
eec: 403.975
weight: 7.12994e-06
eec: 376.38
weight: 1.06062e-05
eec: 214.393
weight: 1.69972e-08
eec: 267.054
weight: 1.41655e-05
eec: 306.227
weight: 0.000222363
eec: 330.278
weight: 0.000749171
eec: 380.007
weight: 2.42683e-05
eec: 226.174
weight: 1.70888e-05
eec: 409.107
weight: 0.000151088
eec: 491.084
weight: 3.0985e-06
eec: 316.35
weight: 7.30612e-05
eec: 53.1341
weight: 2.66487e-06
eec: 1952.45
weight: 3.53245e-06
eec: 651.45
weight: 0.000169364
eec: 561.945
weight: 1.28491e-05
eec: 443.54
weight: 0.000201517
eec: 119.019
weight: 1.35201e-05
eec: 621.122
weight: 3.53373e-05
eec: 4427.38
weight: 0.000266708
eec: 508.8
weight: 5.63001e-07
eec: 188.841
weight: 5.49945e-06
eec: 2243.62
weight: 1.10452e-05
eec: 191.123
weight: 8.85779e-06
eec: 4245.86
weight: 7.70757e-07
eec: 542.261
weight: 0.00010322
eec: 330.04
weight: 0.000116071
eec: 165.087
weight: 2.0667e-06
eec: 178.877
weight: 3.73015e-06
eec: 407.145
weight: 7.94697e-08
eec: 107.979
weight: 0.000115414
eec: 349.245
weight: 1.26886e-06
eec: 684.115
weight: 3.43893e-05
eec: 609.976
weight: 1.28703e-05
eec: 1269.18
weight: 3.46086e-06
eec: 1722.74
weight: 5.19336e-06
eec: 2513.62
Processing: 89.861 %weight: 8.74358e-05
eec: 183.844
weight: 4.86201e-05
eec: 740.035
weight: 0.000106994
eec: 138.275
weight: 4.39181e-05
eec: 710.412
weight: 2.29554e-05
eec: 660.055
weight: 3.79608e-05
eec: 167.722
weight: 2.05317e-05
eec: 695.465
weight: 8.5215e-05
eec: 607.709
weight: 5.6312e-05
eec: 490.247
weight: 0.000101904
eec: 194.101
weight: 2.96842e-05
eec: 467.799
weight: 0.000108382
eec: 131.47
weight: 0.000914344
eec: 660.258
weight: 0.000143468
eec: 901.975
weight: 3.60531e-05
eec: 1307.23
weight: 8.31443e-06
eec: 598.074
weight: 7.54357e-06
eec: 1077.34
weight: 7.40519e-05
eec: 491.832
weight: 9.27968e-05
eec: 853.062
weight: 4.26545e-05
eec: 149.642
weight: 2.34377e-05
eec: 642.373
weight: 0.000196994
eec: 311.405
weight: 7.39384e-05
eec: 949.121
weight: 6.42513e-06
eec: 530.568
weight: 0.000447053
eec: 613.385
weight: 7.15976e-05
eec: 139.386
weight: 1.42978e-05
eec: 300.123
weight: 8.60028e-05
eec: 59.7925
weight: 7.54613e-06
eec: 108.164
weight: 3.56907e-05
eec: 137.975
weight: 1.62789e-05
eec: 881.602
weight: 1.16205e-05
eec: 2033.52
weight: 7.02643e-06
eec: 1853.13
weight: 1.22868e-05
eec: 1639.57
weight: 3.58684e-05
eec: 270.145
weight: 5.4893e-06
eec: 785.056
weight: 4.36902e-05
eec: 967.537

ROOT exit code = 0
