gSystem->Load("run_condor_job_Run3_C.so");
run_condor_job_Run3(576, 100, 2,
                    80, 200,
                    1, 1, 1, 5);
.q

ENTERED run_condor_job_Run3()
JOBID = 576
  global job = 576  Job 76/100  events [4560000, 4620000)  total=6000000
Processing events [4560000, 4620000) of 6000000
weight: 8.74539e-05
eec: 695.726
weight: 1.72496e-05
eec: 88.6076
weight: 5.81522e-06
eec: 432.286
weight: 1.13301e-05
eec: 241.266
weight: 0.000316605
eec: 1012.49
weight: 5.44465e-07
eec: 685.435
weight: 3.88325e-05
eec: 701.415
weight: 8.69258e-05
eec: 237.939
weight: 0.00039147
eec: 660.546
weight: 6.11398e-05
eec: 21.4257
weight: 4.95387e-05
eec: 769.976
weight: 0.000668899
eec: 1748.72
weight: 0.000151536
eec: 1055.16
weight: 2.10308e-05
eec: 50.4217
weight: 4.72657e-09
eec: 187.068
weight: 6.12653e-06
eec: 114.712
weight: 0.000210209
eec: 245.538
weight: 9.07092e-06
eec: 512.857
weight: 1.75436e-05
eec: 287.78
weight: 8.19828e-06
eec: 250.973
weight: 4.44028e-05
eec: 516.558
weight: 2.6663e-05
eec: 1421.44
weight: 1.35615e-05
eec: 2478.41
weight: 8.71972e-07
eec: 3349.04
weight: 1.99087e-05
eec: 331.693
weight: 4.42624e-06
eec: 176.574
weight: 2.63354e-05
eec: 188.181
weight: 1.66536e-06
eec: 284.453
weight: 1.0162e-06
eec: 686.004
weight: 4.36608e-05
eec: 722.433
weight: 5.0755e-06
eec: 317.153
weight: 5.52998e-05
eec: 313.558
weight: 1.72388e-05
eec: 657.5
weight: 1.3886e-05
eec: 66.9533
weight: 8.07885e-06
eec: 2244.27
weight: 1.97568e-05
eec: 814.884
weight: 0.000319012
eec: 178.609
weight: 1.41798e-05
eec: 280.748
weight: 1.45288e-05
eec: 287.573
weight: 6.33569e-07
eec: 901.444
weight: 0.000115045
eec: 65.6251
weight: 1.35023e-05
eec: 280.147
weight: 0.00013634
eec: 410.195
weight: 4.70561e-05
eec: 48.1561
weight: 6.75254e-05
eec: 50.3643
weight: 4.58856e-05
eec: 24.5841
weight: 1.51695e-07
eec: 176.392
weight: 2.94872e-05
eec: 1378.13
weight: 9.61945e-05
eec: 184.2
weight: 2.10471e-05
eec: 457.626
weight: 0.000163517
eec: 388.544
weight: 1.61474e-05
eec: 177.621
weight: 1.80923e-08
eec: 332.499
weight: 0.000357024
eec: 118.18
weight: 9.0226e-06
eec: 868.406
weight: 5.56041e-05
eec: 142.664
weight: 0.000117343
eec: 1860.67
weight: 6.83287e-07
eec: 380.887
weight: 1.18664e-05
eec: 244.791
weight: 1.20831e-05
eec: 1173.43
weight: 0.000122795
eec: 12.6968
weight: 5.24867e-05
eec: 23.7453
weight: 7.94253e-05
eec: 198.541
weight: 3.57072e-05
eec: 210.429
weight: 4.30964e-05
eec: 859.671
weight: 0.000140306
eec: 1023.18
weight: 1.04753e-05
eec: 450.418
weight: 6.40175e-06
eec: 360.291
weight: 3.07613e-07
eec: 1298.02
weight: 3.08262e-05
eec: 607.607
weight: 1.7526e-06
eec: 537.271
weight: 2.26633e-05
eec: 398.264
weight: 5.55088e-07
eec: 912.999
weight: 0.000101054
eec: 143.796
weight: 8.54146e-06
eec: 1316.43
weight: 2.36456e-05
eec: 154.493
weight: 6.87608e-05
eec: 150.292
weight: 9.84444e-06
eec: 323.61
weight: 0.000109257
eec: 193.356
weight: 9.89424e-06
eec: 366.895
weight: 3.17542e-05
eec: 1506.5
weight: 1.30781e-06
eec: 68.7206
weight: 2.98053e-05
eec: 605.599
weight: 8.14936e-06
eec: 459.626
weight: 2.08264e-05
eec: 71.9943
weight: 2.83475e-05
eec: 70.4944
weight: 0.000307305
eec: 120.763
weight: 5.71139e-05
eec: 10.4705
weight: 0.000140463
eec: 229.744
weight: 8.85452e-06
eec: 442.792
weight: 7.69324e-05
eec: 105.955
weight: 8.36824e-05
eec: 934.972
weight: 1.99132e-06
eec: 147.795
weight: 0.000165636
eec: 160.324
weight: 3.13634e-06
eec: 241.502
weight: 1.50294e-05
eec: 453.718
weight: 5.55158e-05
eec: 263.533
weight: 0.000370545
eec: 146.136
weight: 1.90918e-05
eec: 31.5588
weight: 7.89703e-06
eec: 636.854
weight: 0.000412112
eec: 360.752
weight: 6.89429e-06
eec: 385.182
weight: 1.47214e-06
eec: 901.165
weight: 2.51301e-05
eec: 1235.89
weight: 6.68497e-06
eec: 1164.81
weight: 5.80355e-06
eec: 121.107
weight: 7.54057e-06
eec: 1227.91
weight: 4.08269e-07
eec: 42.9811
weight: 5.05622e-05
eec: 167.258
weight: 6.34291e-05
eec: 114.257
weight: 1.55328e-05
eec: 65.8485
weight: 0.000287994
eec: 395.77
weight: 6.80915e-07
eec: 327.196
weight: 3.35161e-05
eec: 623.668
weight: 4.34388e-05
eec: 433.945
weight: 3.84534e-05
eec: 552.272
weight: 3.28611e-05
eec: 566.305
weight: 1.11222e-05
eec: 285.271
weight: 1.89468e-05
eec: 48.6784
weight: 0.000114443
eec: 329.697
weight: 0.000118557
eec: 41.0934
weight: 3.90816e-06
eec: 1970.9
weight: 1.6565e-06
eec: 1789.48
weight: 1.74844e-05
eec: 483.034
weight: 3.63906e-05
eec: 279.157
weight: 0.00133913
eec: 97.8681
weight: 0.000268607
eec: 781.672
weight: 1.37454e-06
eec: 86.6776
weight: 0.000132755
eec: 350.82
weight: 7.95883e-05
eec: 120.626
weight: 0.000136063
eec: 376.352
weight: 0.000176358
eec: 265.473
weight: 1.53366e-06
eec: 1433.99
weight: 8.76105e-06
eec: 1806.75
weight: 1.66504e-05
eec: 122.898
weight: 1.20866e-05
eec: 1966.8
weight: 4.5506e-05
eec: 1956.65
weight: 4.5506e-05
eec: 781.851
weight: 0.00108457
eec: 141.761
weight: 1.59227e-05
eec: 713.998
weight: 2.11352e-05
eec: 223.566
weight: 4.74355e-05
eec: 703.26
weight: 1.25485e-05
eec: 507.945
weight: 0.000377596
eec: 58.5246
weight: 4.90091e-05
eec: 745.521
weight: 1.55057e-06
eec: 85.0225
weight: 1.0394e-06
eec: 276.297
weight: 2.55702e-05
eec: 1150.85
weight: 2.98775e-06
eec: 2823.42
weight: 1.17531e-06
eec: 474.279
weight: 0.000137045
eec: 535.672
weight: 6.76574e-06
eec: 708.811
weight: 8.31086e-06
eec: 494.654
weight: 0.00013458
eec: 690.304
weight: 2.89467e-05
eec: 514.856
weight: 5.80996e-05
eec: 430.774
weight: 0.000752034
eec: 1340.25
weight: 0.000188063
eec: 578.646
weight: 0.00012953
eec: 487.657
weight: 6.69846e-05
eec: 133.657
weight: 0.00017674
eec: 205.639
weight: 7.7551e-06
eec: 4230.49
weight: 3.00852e-05
eec: 282.134
weight: 6.30598e-06
eec: 48.2104
weight: 5.24222e-06
eec: 1517.21
weight: 2.21839e-05
eec: 870.247
weight: 3.29256e-05
eec: 945.476
weight: 4.15417e-06
eec: 1866.55
weight: 3.12188e-06
eec: 807.74
weight: 1.28127e-06
eec: 1545.71
weight: 0.000333323
eec: 83.7377
weight: 7.48224e-05
eec: 290.577
weight: 1.29437e-05
eec: 447.074
weight: 3.74127e-05
eec: 8.68739
weight: 4.57158e-05
eec: 1355.08
weight: 3.55978e-05
eec: 428.13
weight: 2.10154e-06
eec: 675.427
weight: 0.000621743
eec: 250.605
Processing: 76.6667 %weight: 6.66426e-06
eec: 85.2331
weight: 0.000180839
eec: 618.563
weight: 6.08385e-05
eec: 330.095
weight: 2.14489e-05
eec: 196.929
weight: 1.14227e-05
eec: 1009.85
weight: 3.36726e-05
eec: 166.472
weight: 5.36968e-07
eec: 1271.35
weight: 3.52749e-07
eec: 281.759
weight: 7.7156e-06
eec: 147.509
weight: 9.88919e-06
eec: 506.853
weight: 6.68404e-06
eec: 98.9877
weight: 1.02762e-05
eec: 624.283
weight: 0.000134
eec: 297.686
weight: 2.86183e-06
eec: 714.803
weight: 7.12422e-06
eec: 169.182
weight: 9.15334e-05
eec: 259.966
weight: 8.08207e-06
eec: 1044.55
weight: 1.28279e-06
eec: 1165.21
weight: 5.95747e-05
eec: 88.8715
weight: 1.64997e-06
eec: 113.315
weight: 4.57814e-05
eec: 74.1537
weight: 1.09779e-05
eec: 1482.26
weight: 5.09397e-06
eec: 860.662
weight: 5.04693e-06
eec: 341.401
weight: 3.59449e-06
eec: 738.85
weight: 7.61392e-07
eec: 11.2394
weight: 4.64614e-05
eec: 1084.18
weight: 1.51929e-05
eec: 1599.02
weight: 2.57519e-05
eec: 64.3912
weight: 6.5041e-05
eec: 227.691
weight: 9.90337e-06
eec: 127.527
weight: 1.39408e-05
eec: 703.317
weight: 0.000598524
eec: 1028.86
weight: 1.61632e-05
eec: 296.802
weight: 6.06693e-06
eec: 871.816
weight: 3.14602e-05
eec: 394.024
weight: 3.55849e-07
eec: 3216.63
weight: 6.77281e-07
eec: 163.965
weight: 1.06016e-05
eec: 148.545
weight: 7.24145e-07
eec: 787.686
weight: 0.00141717
eec: 131.959
weight: 1.17204e-05
eec: 242.105
weight: 1.10261e-05
eec: 601.233
weight: 1.22665e-05
eec: 843.927
weight: 5.18546e-05
eec: 66.6154
weight: 4.99503e-05
eec: 159.626
weight: 0.000225973
eec: 459.124
weight: 1.08944e-05
eec: 2847.98
weight: 8.09428e-06
eec: 66.0923
weight: 1.56234e-05
eec: 552.403
weight: 1.68722e-05
eec: 503.782
weight: 0.000405518
eec: 628.678
weight: 1.8613e-05
eec: 559.961
weight: 9.64881e-05
eec: 123.86
weight: 6.50225e-07
eec: 1395.91
weight: 1.2818e-05
eec: 506.9
weight: 9.97523e-08
eec: 141.457
weight: 1.1303e-06
eec: 89.2778
weight: 8.95896e-05
eec: 1616.08
weight: 1.64886e-06
eec: 663.525
weight: 5.84204e-07
eec: 1011.88
weight: 2.57834e-05
eec: 1433.08
weight: 3.82917e-05
eec: 143.529
weight: 0.000137745
eec: 326.287
weight: 0.000142453
eec: 269.947
weight: 3.48943e-05
eec: 519.714
weight: 9.23322e-06
eec: 69.1682
weight: 1.64701e-07
eec: 1087.06
weight: 5.90346e-05
eec: 800.385
weight: 3.65296e-05
eec: 1416.11
weight: 4.22431e-06
eec: 391.105

ROOT exit code = 0
