gSystem->Load("run_condor_job_Run3_C.so");
run_condor_job_Run3(278, 100, 2,
                    80, 200,
                    1, 1, 1, 2);
.q

ENTERED run_condor_job_Run3()
JOBID = 278
  global job = 278  Job 78/100  events [4680000, 4740000)  total=6000000
Processing events [4680000, 4740000) of 6000000
weight: 6.76131e-05
eec: 74.6786
weight: 2.69944e-05
eec: 308.578
weight: 0.000145115
eec: 1722.3
weight: 1.43456e-05
eec: 1202.62
weight: 1.32113e-05
eec: 821.16
weight: 7.18055e-06
eec: 809.571
weight: 5.26968e-07
eec: 178.345
weight: 1.30756e-05
eec: 1662.85
weight: 1.40724e-06
eec: 847.276
weight: 1.69171e-05
eec: 29.317
weight: 2.56838e-05
eec: 651.394
weight: 6.87029e-07
eec: 464.235
weight: 0.000261741
eec: 378.369
weight: 1.24355e-05
eec: 84.6797
weight: 6.03379e-05
eec: 349.255
weight: 6.04121e-06
eec: 97.7074
weight: 8.53135e-06
eec: 387.381
weight: 6.84527e-06
eec: 1185.47
weight: 7.81677e-05
eec: 689.585
weight: 0.000260183
eec: 810.73
weight: 7.72858e-06
eec: 72.2185
weight: 8.69215e-05
eec: 236.224
weight: 1.78585e-06
eec: 818.502
weight: 2.80915e-07
eec: 596.69
weight: 1.93356e-06
eec: 433.487
weight: 6.48613e-06
eec: 1565.33
weight: 1.48166e-05
eec: 282.912
weight: 1.05356e-05
eec: 715.109
weight: 0.000263616
eec: 67.2416
weight: 8.70328e-06
eec: 111.918
weight: 4.79028e-05
eec: 1258.32
weight: 1.23049e-06
eec: 1097.04
weight: 0.000171532
eec: 466.391
weight: 0.000527519
eec: 194.551
weight: 1.30003e-06
eec: 113.137
weight: 1.05248e-05
eec: 394.028
weight: 0.00051922
eec: 44.5957
weight: 2.12269e-06
eec: 626.464
weight: 4.07358e-06
eec: 92.8044
weight: 6.69712e-07
eec: 1992.21
weight: 1.18143e-05
eec: 140.524
weight: 0.000292079
eec: 16.0513
weight: 1.93223e-05
eec: 350.048
weight: 1.59887e-05
eec: 9.94449
weight: 7.97694e-07
eec: 786.474
weight: 2.85094e-05
eec: 430.934
weight: 1.85575e-05
eec: 173.238
weight: 3.46227e-05
eec: 169.475
weight: 9.29267e-06
eec: 753.984
weight: 1.77982e-06
eec: 188.975
weight: 6.23162e-05
eec: 170.076
weight: 5.40645e-06
eec: 485.362
weight: 8.69072e-05
eec: 99.4803
weight: 1.74507e-05
eec: 994.647
weight: 5.34185e-05
eec: 1748.54
weight: 0.00147638
eec: 833.462
weight: 4.51605e-05
eec: 347.368
weight: 5.53254e-06
eec: 188.71
weight: 4.19632e-06
eec: 78.4942
weight: 9.37996e-06
eec: 1617.46
weight: 0.000805855
eec: 226.753
weight: 1.39334e-05
eec: 53.4041
weight: 0.000225682
eec: 169.586
weight: 0.000170293
eec: 1655.36
weight: 0.000572417
eec: 228.466
weight: 0.000136391
eec: 31.8184
weight: 6.90873e-05
eec: 1183.26
weight: 2.31667e-05
eec: 354.824
weight: 0.000224901
eec: 395.371
weight: 7.5367e-05
eec: 965.131
weight: 1.42206e-07
eec: 1339.23
weight: 1.7498e-05
eec: 792.969
weight: 0.000214464
eec: 376.105
weight: 8.0202e-07
eec: 746.207
weight: 3.01386e-05
eec: 58.4683
weight: 4.08943e-05
eec: 3253.73
weight: 4.04746e-05
eec: 675.591
weight: 6.69909e-05
eec: 80.7562
weight: 3.64132e-05
eec: 857
weight: 2.23864e-05
eec: 727.463
weight: 8.68228e-05
eec: 340.439
weight: 7.98065e-06
eec: 158.716
weight: 1.54639e-05
eec: 96.1369
weight: 0.000122555
eec: 44.8261
weight: 3.47515e-05
eec: 911.425
weight: 9.43599e-06
eec: 693.862
weight: 1.43073e-05
eec: 3402.1
weight: 0.00014033
eec: 364.53
weight: 2.70025e-06
eec: 372.43
weight: 0.000108492
eec: 276.544
weight: 0.000199387
eec: 276.052
weight: 3.55698e-05
eec: 569.258
weight: 0.000685279
eec: 121.215
weight: 6.30808e-06
eec: 170.112
weight: 6.30808e-06
eec: 490.529
weight: 4.19376e-05
eec: 103.452
weight: 0.000223564
eec: 12.9464
weight: 2.71954e-06
eec: 1081.08
weight: 0.000146234
eec: 324.102
weight: 5.65575e-05
eec: 518.879
weight: 8.08699e-05
eec: 591.136
weight: 6.91476e-06
eec: 1432.01
weight: 1.26931e-05
eec: 674.472
weight: 1.20812e-05
eec: 1226.95
weight: 0.00016461
eec: 405.148
weight: 6.81068e-05
eec: 527.993
Processing: 78.3333 %weight: 6.41697e-06
eec: 202.947
weight: 1.14863e-05
eec: 109.565
weight: 0.000125034
eec: 743.19
weight: 9.61298e-06
eec: 121.191
weight: 4.00048e-05
eec: 148.209
weight: 5.2501e-05
eec: 545.189
weight: 8.30092e-05
eec: 116.549
weight: 6.38216e-05
eec: 43.1321
weight: 9.55921e-05
eec: 168.257
weight: 8.08145e-06
eec: 905.602
weight: 0.000119021
eec: 637.933
weight: 0.000101303
eec: 586.411
weight: 2.81769e-05
eec: 357.608
weight: 1.37249e-05
eec: 114.892
weight: 1.71298e-05
eec: 467.987
weight: 7.96127e-05
eec: 846.5
weight: 2.13383e-07
eec: 2142.01
weight: 1.18702e-05
eec: 132.368
weight: 1.91164e-05
eec: 165.37
weight: 1.24312e-05
eec: 1118.68
weight: 2.96293e-05
eec: 73.7759
weight: 7.73749e-05
eec: 163.015
weight: 1.03159e-05
eec: 275.01
weight: 0.00128229
eec: 52.7081
weight: 1.81563e-05
eec: 38.0337
weight: 3.07206e-05
eec: 84.4232
weight: 1.07105e-05
eec: 133.533
weight: 6.32008e-05
eec: 42.2139
weight: 6.49532e-06
eec: 417.201
weight: 4.15109e-05
eec: 252.449
weight: 1.12175e-06
eec: 205.226
weight: 5.52046e-06
eec: 913.003
weight: 1.45562e-05
eec: 574.632
weight: 2.16856e-05
eec: 1395.3
weight: 1.33487e-05
eec: 604.91
weight: 1.33487e-05
eec: 2925.71
weight: 3.92869e-05
eec: 725.074
weight: 9.56547e-06
eec: 776.297
weight: 1.31682e-05
eec: 93.0692
weight: 1.13051e-05
eec: 3742.47
weight: 5.81876e-05
eec: 133.461
weight: 3.39202e-06
eec: 906.074
weight: 2.6393e-05
eec: 929.542
weight: 1.39108e-05
eec: 1614.02
weight: 4.61368e-07
eec: 1481.39
weight: 2.13164e-05
eec: 1126.05
weight: 2.95591e-06
eec: 83.2976
weight: 1.39748e-06
eec: 801.747
weight: 6.97828e-06
eec: 395.609
weight: 1.36398e-05
eec: 298.432
weight: 2.05717e-05
eec: 1260.38
weight: 5.61336e-05
eec: 52.4848
weight: 1.82963e-05
eec: 1121.71
weight: 2.88023e-05
eec: 185.101
weight: 7.01319e-05
eec: 858.26
weight: 0.000227002
eec: 253.264
weight: 3.04447e-05
eec: 115.592
weight: 3.32916e-05
eec: 50.3905
weight: 1.62629e-06
eec: 447.007
weight: 4.88189e-06
eec: 1049
weight: 5.11517e-06
eec: 654.395
weight: 2.43065e-05
eec: 127.319
weight: 0.000119656
eec: 647.4
weight: 8.55372e-05
eec: 461.356
weight: 1.04075e-05
eec: 58.977
weight: 2.56842e-07
eec: 35.2984
weight: 7.279e-06
eec: 213.754
weight: 0.000177589
eec: 603.225
weight: 2.69068e-06
eec: 214.051
weight: 2.35684e-07
eec: 1568.14
weight: 0.000141603
eec: 838.494
weight: 2.10046e-06
eec: 327.605
weight: 6.54516e-09
eec: 374.821
weight: 9.60118e-07
eec: 388.124
weight: 7.63584e-06
eec: 12.809
weight: 4.17598e-05
eec: 710.374
weight: 0.000144945
eec: 148.884
weight: 5.42557e-06
eec: 13.0477
weight: 0.00108807
eec: 117.475
weight: 4.84328e-06
eec: 125.135
weight: 0.000189207
eec: 269.831
weight: 0.000114852
eec: 84.119
weight: 5.94055e-05
eec: 2188.29
weight: 1.65754e-05
eec: 4.72966
weight: 3.97983e-05
eec: 949.101
weight: 2.91549e-06
eec: 1085.11
weight: 4.40358e-06
eec: 168.104
weight: 1.01779e-06
eec: 707.164
weight: 0.000254676
eec: 602.356
weight: 5.01444e-06
eec: 46.8687
weight: 0.000104131
eec: 86.0601
weight: 1.14563e-05
eec: 419.538
weight: 0.000156101
eec: 14.5503
weight: 5.97111e-06
eec: 609.929
weight: 0.000232578
eec: 122.714
weight: 1.2302e-05
eec: 42.5147
weight: 1.38093e-05
eec: 518.43
weight: 4.52787e-05
eec: 324.123
weight: 7.83352e-06
eec: 761.68
weight: 1.6952e-05
eec: 26.3825
weight: 2.81412e-05
eec: 1399.42
weight: 2.19269e-05
eec: 2406.88
weight: 7.39671e-05
eec: 93.6539
weight: 0.000337391
eec: 88.8653
weight: 0.000116408
eec: 857.641
weight: 8.72445e-05
eec: 338.173
weight: 6.48594e-06
eec: 41.3907
weight: 4.00104e-06
eec: 1458.38
weight: 5.41735e-05
eec: 347.405
weight: 8.42687e-06
eec: 851.536
weight: 2.25547e-05
eec: 117.632
weight: 5.82901e-05
eec: 478.031
weight: 0.000619608
eec: 79.4795
weight: 3.91892e-05
eec: 87.3605
weight: 0.000230395
eec: 335.884
weight: 9.90601e-07
eec: 214.002
weight: 2.23503e-05
eec: 1469.99
weight: 3.07243e-05
eec: 98.8969
weight: 1.67024e-06
eec: 1385.51
weight: 3.04294e-06
eec: 660.808
weight: 2.66558e-05
eec: 1143.87
weight: 0.000142438
eec: 372.188
weight: 3.65773e-05
eec: 122.398
weight: 3.34613e-06
eec: 220.521
weight: 1.31716e-05
eec: 444.729
weight: 0.0001033
eec: 18.8498
weight: 2.28777e-05
eec: 147.669
weight: 2.61368e-06
eec: 256.872
weight: 1.52291e-05
eec: 74.1676
weight: 9.78636e-06
eec: 145.665
weight: 1.59786e-05
eec: 159.825
weight: 0.000214466
eec: 531.84
weight: 5.64701e-05
eec: 1362.08
weight: 0.000202597
eec: 113.913
weight: 0.000795386
eec: 1538.79
weight: 0.00011395
eec: 83.3105
weight: 9.05667e-06
eec: 459.414
weight: 3.11834e-05
eec: 1871.84
weight: 0.000291475
eec: 132.324
weight: 0.000290487
eec: 355.261
weight: 5.17301e-05
eec: 183.688
weight: 4.83255e-05
eec: 195.637
weight: 1.21673e-05
eec: 31.5951
weight: 5.77377e-08
eec: 361.011
weight: 2.5547e-05
eec: 370.526
weight: 8.72856e-05
eec: 1078.01
weight: 0.00309655
eec: 267.189
weight: 8.2853e-06
eec: 761.952
weight: 2.20972e-05
eec: 82.5005
weight: 1.02511e-05
eec: 69.5888
weight: 6.8188e-06
eec: 132.173
weight: 2.19601e-05
eec: 1564.3
weight: 8.97977e-05
eec: 331.904
weight: 1.14942e-07
eec: 381.686
weight: 3.18003e-05
eec: 289.484
weight: 1.00755e-05
eec: 445.164
weight: 0.000160245
eec: 369.705
weight: 2.25196e-05
eec: 762.293
weight: 7.28343e-05
eec: 1619.23
weight: 7.84462e-06
eec: 3136.66
weight: 1.39319e-05
eec: 35.03
weight: 0.000116213
eec: 907.034
weight: 8.15707e-07
eec: 151.198
weight: 0.000106181
eec: 79.9749
weight: 0.000298086
eec: 166.966
weight: 0.000180522
eec: 146.23
weight: 6.51373e-06
eec: 1053.38
weight: 0.000537586
eec: 100.959
weight: 1.16693e-06
eec: 89.4021
weight: 3.0973e-05
eec: 95.1728
weight: 1.78956e-05
eec: 123.421
weight: 8.33601e-06
eec: 964.207
weight: 2.44547e-05
eec: 191.853
weight: 0.000135965
eec: 260.222
weight: 3.52982e-05
eec: 744.362
weight: 2.18529e-05
eec: 117.864
weight: 0.000135295
eec: 227.063
weight: 8.0189e-06
eec: 362.747
weight: 0.000220126
eec: 754.404
weight: 0.000145943
eec: 102.285
weight: 3.4782e-06
eec: 280.582
weight: 0.000341889
eec: 207.808
weight: 2.18922e-05
eec: 401.949
weight: 0.000142721
eec: 303.048
weight: 0.000142721
eec: 247.331
weight: 2.9641e-08
eec: 114.341
weight: 2.32506e-05
eec: 389.528
weight: 4.89107e-05
eec: 48.4636

ROOT exit code = 0
