gSystem->Load("run_condor_job_Run3_C.so");
run_condor_job_Run3(855, 100, 2,
                    80, 200,
                    1, 1, 1, 8);
.q

ENTERED run_condor_job_Run3()
JOBID = 855
  global job = 855  Job 55/100  events [3300000, 3360000)  total=6000000
Processing events [3300000, 3360000) of 6000000
Processing: 55 %weight: 5.19161e-06
eec: 748.863
weight: 0.000105743
eec: 48.45
weight: 1.43693e-05
eec: 788.945
weight: 2.75595e-05
eec: 727.769
weight: 0.000150932
eec: 341.833
weight: 2.65479e-05
eec: 1399.45
weight: 1.20115e-05
eec: 144.95
weight: 5.84436e-05
eec: 382.736
weight: 5.41342e-05
eec: 1023.99
weight: 1.70321e-05
eec: 1606.45
weight: 1.37637e-05
eec: 138.265
weight: 0.000225157
eec: 570.952
weight: 2.80596e-05
eec: 117.384
weight: 0.000100901
eec: 221.091
weight: 0.000865404
eec: 604.197
weight: 3.23948e-05
eec: 39.1849
weight: 4.11988e-06
eec: 253.651
weight: 1.42438e-05
eec: 888.041
weight: 1.52885e-06
eec: 318.741
weight: 5.80456e-06
eec: 326.586
weight: 8.25474e-05
eec: 693.852
weight: 1.7989e-06
eec: 8.41129
weight: 0.000462244
eec: 1237.74
weight: 6.51205e-07
eec: 286.513
weight: 0.000116826
eec: 81.7485
weight: 5.35809e-06
eec: 310.708
weight: 1.74752e-05
eec: 458.323
weight: 4.74424e-07
eec: 152.974
weight: 5.09987e-06
eec: 1004.46
weight: 7.15078e-05
eec: 2053.63
weight: 2.70027e-05
eec: 650.738
weight: 1.92253e-06
eec: 2427.7
weight: 1.99643e-05
eec: 548.425
weight: 2.22794e-07
eec: 321.182
weight: 8.72337e-05
eec: 512.818
weight: 1.89758e-05
eec: 204.323
weight: 0.000100621
eec: 2547.85
weight: 0.000263956
eec: 290.069
weight: 0.00110081
eec: 270.801
weight: 0.000318211
eec: 339.115
weight: 6.76386e-06
eec: 970.215
weight: 5.02732e-07
eec: 483.765
weight: 0.000203216
eec: 296.489
weight: 1.10427e-05
eec: 641.746
weight: 5.40395e-06
eec: 3968.93
weight: 4.38327e-05
eec: 514.581
weight: 1.21149e-06
eec: 897.178
weight: 1.56835e-05
eec: 434.242
weight: 2.60626e-05
eec: 212.304
weight: 5.64806e-05
eec: 71.2473
weight: 0.000123012
eec: 84.8113
weight: 2.33668e-07
eec: 654.682
weight: 0.000178125
eec: 730.075
weight: 4.68295e-05
eec: 44.469
weight: 0.00021703
eec: 105.034
weight: 9.15164e-06
eec: 1733.72
weight: 6.00252e-05
eec: 61.4631
weight: 4.97452e-05
eec: 292.406
weight: 1.28658e-05
eec: 118.42
weight: 9.46275e-06
eec: 23.906
weight: 7.111e-05
eec: 648.741
weight: 0.000205222
eec: 296.548
weight: 1.65092e-05
eec: 206.624
weight: 5.08758e-06
eec: 212.729
weight: 0.00151701
eec: 132.986
weight: 2.65269e-06
eec: 84.3773
weight: 2.79877e-05
eec: 354.246
weight: 6.26117e-06
eec: 1151.58
weight: 9.83943e-06
eec: 328.252
weight: 5.75196e-05
eec: 370.538
weight: 1.60382e-05
eec: 201.697
weight: 1.22869e-05
eec: 171.518
weight: 0.000193892
eec: 10.4612
weight: 1.94874e-05
eec: 2549.31
weight: 8.27667e-05
eec: 1891.28
weight: 4.80581e-06
eec: 606.746
weight: 7.85816e-05
eec: 1397.5
weight: 0.000352593
eec: 210.988
weight: 1.56073e-05
eec: 992.453
weight: 0.0001712
eec: 138.308
weight: 5.25928e-05
eec: 457.543
weight: 7.80124e-05
eec: 1259.56
weight: 2.00859e-05
eec: 318.457
weight: 2.27523e-05
eec: 367.208
weight: 0.000100956
eec: 259.413
weight: 8.87118e-06
eec: 1134.39
weight: 9.86865e-05
eec: 628.614
weight: 6.83596e-05
eec: 480.479
weight: 6.27249e-06
eec: 336.778
weight: 3.47459e-05
eec: 613.892
weight: 2.67729e-05
eec: 244.07
weight: 0.000138561
eec: 471.475
weight: 1.1705e-05
eec: 801.233
weight: 1.64309e-05
eec: 977.003
weight: 3.66997e-07
eec: 1587.71
weight: 4.28207e-05
eec: 549.012
weight: 2.08091e-05
eec: 1005.59
weight: 2.94419e-05
eec: 796.466
weight: 1.32481e-05
eec: 20.9699
weight: 3.4997e-05
eec: 76.1273
weight: 6.45379e-05
eec: 1986.43
weight: 1.55133e-06
eec: 1366.5
weight: 9.70545e-06
eec: 891.054
weight: 0.000152206
eec: 70.0338
weight: 1.23169e-05
eec: 46.2494
weight: 2.13359e-05
eec: 887.493
weight: 4.27394e-05
eec: 683.529
weight: 6.97265e-05
eec: 46.1409
weight: 6.14892e-05
eec: 69.1326
weight: 0.000298456
eec: 141.084
weight: 3.58606e-06
eec: 937.427
weight: 3.44797e-07
eec: 171.934
weight: 0.000241618
eec: 91.4526
weight: 1.53086e-05
eec: 1162.89
weight: 0.000214269
eec: 622.27
weight: 6.27142e-05
eec: 257.907
weight: 1.48058e-07
eec: 597.447
weight: 1.46184e-05
eec: 203.984
weight: 4.32719e-06
eec: 130.281
weight: 6.56021e-05
eec: 135.13
weight: 2.22028e-05
eec: 440.49
weight: 1.75459e-05
eec: 49.8011
weight: 6.48268e-06
eec: 1229.51
weight: 1.48215e-05
eec: 199.818
weight: 0.00101375
eec: 61.4714
weight: 5.46587e-06
eec: 980.56
weight: 3.7692e-05
eec: 105.253
weight: 8.35951e-06
eec: 878.476
weight: 3.34075e-05
eec: 750.407
weight: 2.2251e-06
eec: 841.041
weight: 0.000653046
eec: 41.5244
weight: 5.91841e-05
eec: 14.0923
weight: 6.18577e-05
eec: 430.781
weight: 3.89322e-06
eec: 645.236
weight: 2.21257e-05
eec: 311.478
weight: 3.85764e-05
eec: 116.494
weight: 0.000234768
eec: 1339.3
weight: 1.22744e-06
eec: 1085.41
weight: 5.24224e-06
eec: 326.316
weight: 0.000258919
eec: 172.343
weight: 0.000320821
eec: 516.138
weight: 8.50214e-05
eec: 88.2874
weight: 2.25551e-05
eec: 130.707
weight: 2.6064e-05
eec: 75.1382
weight: 0.000106015
eec: 97.7958
weight: 0.000272599
eec: 79.5445
weight: 1.25308e-06
eec: 581.347
weight: 1.23075e-08
eec: 829.544
weight: 6.46954e-05
eec: 908.176
weight: 2.11635e-07
eec: 373.123
weight: 4.80969e-06
eec: 1058.72
weight: 6.36693e-07
eec: 659.412
weight: 7.14136e-08
eec: 256.576
weight: 4.06119e-06
eec: 115.229
weight: 6.38055e-06
eec: 280.109
weight: 0.000182595
eec: 668.085
weight: 1.98412e-06
eec: 159.992
weight: 1.72405e-05
eec: 89.8159
weight: 3.46888e-05
eec: 2950.64
weight: 1.23182e-05
eec: 72.2969
weight: 4.10164e-05
eec: 900.671
weight: 1.25392e-05
eec: 913.198
weight: 4.20675e-05
eec: 1141.52
weight: 6.50607e-06
eec: 1213.87
weight: 2.80628e-06
eec: 285.954
weight: 1.40639e-06
eec: 285.834
weight: 5.07135e-06
eec: 479.691
weight: 5.78673e-05
eec: 694.355
weight: 0.000222986
eec: 542.15
weight: 6.49748e-06
eec: 1260.56
weight: 3.82172e-05
eec: 1547.69
weight: 0.000155676
eec: 25.9783
weight: 1.83371e-06
eec: 653.524
weight: 1.33527e-06
eec: 1606.49
weight: 1.79471e-05
eec: 27.6473
weight: 1.43215e-06
eec: 578.97
weight: 4.41311e-05
eec: 1024.39
weight: 0.00141111
eec: 1052.89
weight: 7.28094e-08
eec: 312.024
weight: 4.46915e-05
eec: 3035.77
weight: 4.69468e-06
eec: 1285.71
weight: 1.33729e-06
eec: 1552.16
weight: 1.82028e-05
eec: 75.9333
weight: 2.19049e-05
eec: 1429.86
weight: 0.00069022
eec: 14.7541
weight: 0.000135469
eec: 2037.02
weight: 7.0526e-06
eec: 2230.6
weight: 2.44026e-06
eec: 124.93
weight: 9.7301e-05
eec: 1858.9
weight: 1.50832e-05
eec: 680.002
weight: 3.34558e-05
eec: 2114.71
weight: 0.000194922
eec: 373.074
weight: 3.72747e-06
eec: 699.674
weight: 1.86305e-05
eec: 480.527
weight: 0.000199934
eec: 711.639
weight: 1.6361e-05
eec: 467.836
weight: 9.82966e-05
eec: 188.564
weight: 1.36819e-05
eec: 38.2594
weight: 2.58481e-06
eec: 926.124
weight: 7.3489e-07
eec: 1311.83
weight: 5.80449e-06
eec: 719.657
weight: 6.99786e-05
eec: 1323.36
weight: 1.36533e-06
eec: 48.7732
weight: 2.96628e-05
eec: 172.073
weight: 4.77284e-05
eec: 381.206
weight: 0.000180082
eec: 282.758
Processing: 55.8333 %weight: 0.00053607
eec: 1574.75
weight: 1.02733e-05
eec: 1601.12
weight: 0.000134911
eec: 171.107
weight: 1.12943e-05
eec: 940.611
weight: 0.000199486
eec: 836.256
weight: 1.18787e-05
eec: 294.675
weight: 7.13825e-06
eec: 1100.65
weight: 3.18979e-05
eec: 355.147
weight: 2.37508e-05
eec: 1872.85
weight: 3.61548e-06
eec: 109.526
weight: 1.90843e-05
eec: 46.6585
weight: 2.08752e-06
eec: 140.202
weight: 2.97921e-06
eec: 34.9703
weight: 1.60582e-05
eec: 1112.8
weight: 1.97127e-05
eec: 976.228
weight: 3.33311e-05
eec: 68.5486
weight: 9.38792e-05
eec: 55.4731
weight: 1.33927e-05
eec: 253.278
weight: 9.31157e-05
eec: 161.151
weight: 2.73816e-05
eec: 1259.84
weight: 6.409e-05
eec: 142.88
weight: 3.17135e-05
eec: 289.008
weight: 2.38285e-06
eec: 1135.09
weight: 5.52709e-06
eec: 75.309
weight: 4.23373e-05
eec: 2069.72
weight: 0.000634986
eec: 486.559
weight: 5.92246e-05
eec: 1696.5
weight: 5.63456e-05
eec: 888.565
weight: 1.6756e-05
eec: 888.255
weight: 1.82622e-05
eec: 914.665
weight: 8.26744e-05
eec: 297.74
weight: 3.28464e-05
eec: 608.772
weight: 1.84471e-06
eec: 134.367
weight: 6.78357e-05
eec: 191.376
weight: 2.64861e-05
eec: 2049.5
weight: 0.000157994
eec: 729.611
weight: 6.97815e-05
eec: 773.422
weight: 0.000106035
eec: 536.599
weight: 1.10404e-05
eec: 1612.83
weight: 9.66782e-06
eec: 462.509
weight: 9.58448e-05
eec: 503.124

ROOT exit code = 0
