gSystem->Load("run_condor_job_Run3_C.so");
run_condor_job_Run3(394, 100, 2,
                    80, 200,
                    1, 1, 1, 3);
.q

ENTERED run_condor_job_Run3()
JOBID = 394
  global job = 394  Job 94/100  events [5640000, 5700000)  total=6000000
Processing events [5640000, 5700000) of 6000000
weight: 1.02179e-05
eec: 2251.27
weight: 2.3797e-06
eec: 727.053
weight: 5.41467e-08
eec: 244.573
weight: 3.68094e-06
eec: 2971.67
weight: 0.000431634
eec: 297.608
weight: 4.16449e-06
eec: 745.807
weight: 1.01136e-05
eec: 391.939
weight: 6.68932e-06
eec: 180.392
weight: 6.28056e-05
eec: 323.26
weight: 2.94165e-05
eec: 1376.84
weight: 3.82884e-06
eec: 224.347
weight: 7.05106e-06
eec: 486.866
weight: 6.05393e-06
eec: 165.791
weight: 1.07979e-05
eec: 2097.09
weight: 1.07979e-05
eec: 1240.16
weight: 1.67484e-05
eec: 430.557
weight: 2.46608e-05
eec: 1711.69
weight: 5.2815e-06
eec: 2100.31
weight: 4.1851e-08
eec: 386.875
weight: 0.000665106
eec: 238.765
weight: 0.000290107
eec: 473.782
weight: 1.83836e-05
eec: 2059.7
weight: 6.53154e-06
eec: 229.48
weight: 0.00120248
eec: 478.848
weight: 5.97551e-07
eec: 434.847
weight: 3.27476e-05
eec: 1176.99
weight: 4.03452e-05
eec: 684.726
weight: 8.5721e-06
eec: 1853
weight: 2.30136e-05
eec: 1576.12
weight: 3.19578e-06
eec: 599.431
weight: 0.000280342
eec: 152.497
weight: 4.3529e-06
eec: 392.236
weight: 0.000389464
eec: 42.8861
weight: 5.05141e-05
eec: 119.307
weight: 3.04433e-05
eec: 388.958
weight: 3.11592e-05
eec: 497.324
weight: 4.99307e-05
eec: 241.738
weight: 0.000235166
eec: 404.534
weight: 1.33527e-05
eec: 802.151
weight: 6.79406e-06
eec: 675.998
weight: 9.76297e-05
eec: 344.315
weight: 0.0002355
eec: 260.81
weight: 2.74447e-07
eec: 346.169
weight: 2.38132e-05
eec: 243.418
weight: 1.35601e-05
eec: 3073.47
weight: 8.05563e-05
eec: 697.318
Processing: 94.1667 %weight: 2.58939e-07
eec: 39.5068
weight: 0.000112935
eec: 79.0325
weight: 3.57035e-05
eec: 338.718
weight: 0.000504819
eec: 310.111
weight: 0.000389831
eec: 6.31203
weight: 6.04559e-05
eec: 583.724
weight: 2.91644e-05
eec: 43.4101
weight: 3.72831e-05
eec: 122.9
weight: 0.000381424
eec: 683.84
weight: 2.76035e-05
eec: 285.347
weight: 2.70629e-05
eec: 881.79
weight: 0.000120475
eec: 31.6707
weight: 1.14648e-05
eec: 141.576
weight: 1.11538e-05
eec: 29.8744
weight: 3.42269e-07
eec: 543.153
weight: 6.8405e-05
eec: 144.403
weight: 6.15635e-05
eec: 43.802
weight: 1.75647e-05
eec: 143.702
weight: 1.60033e-05
eec: 1430.69
weight: 3.29761e-05
eec: 1381.53
weight: 6.83004e-05
eec: 626.956
weight: 0.000147196
eec: 952.516
weight: 4.99047e-07
eec: 1153.39
weight: 9.94708e-05
eec: 271.771
weight: 0.000270071
eec: 577.1
weight: 1.22552e-05
eec: 696.767
weight: 1.40337e-05
eec: 136.967
weight: 9.83928e-06
eec: 340.988
weight: 8.93403e-06
eec: 1390.71
weight: 3.16714e-08
eec: 536.297
weight: 5.88534e-05
eec: 304.311
weight: 4.71246e-05
eec: 1219.51
weight: 1.52839e-05
eec: 1813.79
weight: 1.494e-05
eec: 205.895
weight: 3.88026e-05
eec: 598.636
weight: 3.49597e-05
eec: 581.542
weight: 1.26927e-05
eec: 410.848
weight: 4.83589e-05
eec: 186.307
weight: 4.41453e-05
eec: 874.862
weight: 2.16111e-05
eec: 310.267
weight: 4.31502e-06
eec: 305.789
weight: 0.000298905
eec: 696.604
weight: 5.53204e-05
eec: 17.2495
weight: 0.000511594
eec: 699.641
weight: 1.10448e-05
eec: 642.593
weight: 3.96587e-05
eec: 184.749
weight: 0.0003033
eec: 960.952
weight: 1.47745e-05
eec: 202.905
weight: 7.224e-05
eec: 432.278
weight: 9.32523e-05
eec: 136.334
weight: 1.41129e-06
eec: 2721.96
weight: 0.000358241
eec: 742.178
weight: 1.62743e-05
eec: 152.912
weight: 2.33885e-05
eec: 89.8468
weight: 5.24359e-05
eec: 126.586
weight: 0.000314782
eec: 35.316
weight: 6.03873e-05
eec: 108.959
weight: 0.00052561
eec: 79.2152
weight: 0.000117942
eec: 116.871
weight: 3.22293e-05
eec: 1219.55
weight: 0.000100599
eec: 469.483
weight: 0.000136895
eec: 335.667
weight: 1.79882e-05
eec: 98.6693
weight: 1.08805e-05
eec: 2406.16
weight: 6.95973e-07
eec: 296.831
weight: 5.11168e-06
eec: 434.386
weight: 9.11254e-05
eec: 46.6799
weight: 9.25674e-07
eec: 1690
weight: 1.26667e-05
eec: 1900.74
weight: 0.000146209
eec: 88.0854
weight: 3.45062e-06
eec: 426.675
weight: 4.49087e-06
eec: 449.19
weight: 1.67603e-05
eec: 763.173
weight: 3.95552e-06
eec: 1275.86
weight: 2.87287e-05
eec: 835.475
weight: 2.85616e-05
eec: 256.28
weight: 3.9727e-08
eec: 347.878
weight: 1.51631e-05
eec: 331.713
weight: 8.8133e-07
eec: 912.171
weight: 3.2947e-06
eec: 384.688
weight: 5.80334e-05
eec: 92.3164
weight: 3.78815e-07
eec: 1711.25
weight: 0.000884755
eec: 148.662
weight: 6.25386e-06
eec: 1295.83
weight: 1.9743e-06
eec: 21.2891
weight: 2.27e-06
eec: 372.98
weight: 1.2752e-05
eec: 227.565
weight: 1.35134e-05
eec: 2657.92
weight: 4.80522e-05
eec: 2080.93
weight: 1.14217e-05
eec: 974.894
weight: 2.90192e-05
eec: 1858.16
weight: 9.58808e-06
eec: 708.38
weight: 5.08766e-05
eec: 318.854
weight: 3.40782e-07
eec: 292.027
weight: 4.31887e-05
eec: 93.246
weight: 0.00035663
eec: 124.989
weight: 1.52557e-05
eec: 1443.91
weight: 0.000353484
eec: 384.741
weight: 4.05197e-06
eec: 1850
weight: 0.00115114
eec: 713.455
weight: 2.98777e-05
eec: 479.762
weight: 4.71799e-06
eec: 69.4173
weight: 3.56803e-05
eec: 545.112
weight: 0.000127553
eec: 98.1126
weight: 0.000140659
eec: 271.101
weight: 7.90489e-06
eec: 6.51302
weight: 3.35319e-05
eec: 388.218
weight: 9.03902e-05
eec: 334.05
weight: 0.00103034
eec: 914.903
weight: 1.14014e-05
eec: 105.366
weight: 3.4433e-05
eec: 56.3714
weight: 2.32178e-05
eec: 441.486
weight: 9.75948e-06
eec: 197.121
weight: 0.000472059
eec: 601.767
weight: 1.56254e-05
eec: 1161.02
weight: 0.000433269
eec: 183.559
weight: 4.37623e-07
eec: 226.486
weight: 1.75883e-05
eec: 1352.07
weight: 5.28348e-05
eec: 613.54
weight: 1.18566e-05
eec: 1274.85
weight: 2.34743e-05
eec: 1070.13
weight: 9.85036e-05
eec: 1505.63
weight: 1.69712e-05
eec: 259.382
weight: 7.29649e-05
eec: 1339.67
weight: 1.26155e-05
eec: 142.82
weight: 5.0601e-05
eec: 556.168
weight: 1.04833e-05
eec: 241.174
weight: 4.51873e-05
eec: 2093.82
weight: 3.11692e-05
eec: 65.5651
weight: 1.93625e-05
eec: 65.3979
weight: 8.15342e-05
eec: 101.46
weight: 2.08564e-05
eec: 255.423
weight: 8.39974e-06
eec: 1616.34
weight: 4.75531e-05
eec: 13.492
weight: 6.57064e-05
eec: 507.431
weight: 1.79849e-05
eec: 496.564
weight: 2.72652e-05
eec: 731.962
weight: 3.14783e-05
eec: 380.981
weight: 2.73399e-05
eec: 127.27
weight: 0.000472791
eec: 983.151
weight: 4.74582e-05
eec: 563.82
weight: 2.91855e-05
eec: 2800.19
weight: 0.000120217
eec: 786.939
weight: 7.28004e-05
eec: 59.0713
weight: 4.45456e-05
eec: 813.599
weight: 1.20241e-05
eec: 1174
weight: 1.16085e-06
eec: 75.9306
weight: 5.49362e-06
eec: 193.546
weight: 2.4635e-06
eec: 1025.48
weight: 0.000133075
eec: 734.383
weight: 9.03496e-06
eec: 194.258
weight: 1.05597e-05
eec: 4809.52
weight: 1.65307e-05
eec: 384.773
weight: 1.20428e-05
eec: 2152.53
weight: 6.11752e-07
eec: 138.775
weight: 0.000214395
eec: 210.53
weight: 0.000384459
eec: 2349.12
weight: 0.000691186
eec: 492.538
weight: 2.15902e-06
eec: 201.384
weight: 2.12289e-06
eec: 62.2751
weight: 0.000121751
eec: 56.6936
weight: 0.00133866
eec: 468.094
weight: 8.69418e-06
eec: 575.329
weight: 5.55949e-06
eec: 1895.45
weight: 2.16922e-05
eec: 133.206
weight: 0.000312522
eec: 121.997
weight: 0.000329861
eec: 354.301
weight: 7.79348e-05
eec: 658.046
weight: 1.60716e-05
eec: 532.342
weight: 1.96334e-05
eec: 286.145
weight: 8.98649e-05
eec: 969.602
weight: 0.000179251
eec: 227.279
weight: 5.17423e-06
eec: 43.0879
weight: 6.03093e-06
eec: 131.363
weight: 3.86786e-05
eec: 195.585
weight: 4.27923e-05
eec: 116.898
weight: 7.52659e-05
eec: 100.991
weight: 6.82428e-07
eec: 294.769
weight: 0.00021189
eec: 69.3652
weight: 4.34361e-05
eec: 487.984
weight: 3.28395e-05
eec: 1260.93
weight: 1.36781e-05
eec: 535.685
weight: 2.5097e-05
eec: 237.125
weight: 1.34497e-05
eec: 278.735
weight: 4.45954e-05
eec: 1667.75
weight: 5.12753e-05
eec: 415.001
weight: 1.12329e-05
eec: 1189.31
weight: 3.3058e-06
eec: 123.433
weight: 2.86731e-06
eec: 53.457
weight: 2.86731e-06
eec: 321.208
weight: 2.66429e-05
eec: 433.932
weight: 2.89496e-05
eec: 813.705
weight: 4.92087e-06
eec: 58.3063
weight: 1.51208e-05
eec: 554.763

ROOT exit code = 0
