gSystem->Load("run_condor_job_Run3_C.so");
run_condor_job_Run3(376, 100, 2,
                    80, 200,
                    1, 1, 1, 3);
.q

ENTERED run_condor_job_Run3()
JOBID = 376
  global job = 376  Job 76/100  events [4560000, 4620000)  total=6000000
Processing events [4560000, 4620000) of 6000000
weight: 9.31145e-05
eec: 832.442
weight: 9.84488e-06
eec: 878.792
weight: 5.76572e-06
eec: 2164.87
weight: 1.28763e-05
eec: 1457.62
weight: 0.000189887
eec: 152.063
weight: 2.5944e-05
eec: 103.613
weight: 1.01686e-05
eec: 140.362
weight: 1.05695e-05
eec: 1366.47
weight: 1.58804e-06
eec: 1921.2
weight: 1.8213e-05
eec: 5233.83
weight: 0.000146138
eec: 848.537
weight: 2.69674e-05
eec: 153.076
weight: 8.94719e-06
eec: 368.175
weight: 0.000195735
eec: 200.153
weight: 2.66483e-06
eec: 275.963
weight: 5.18503e-06
eec: 32.8599
weight: 4.95358e-05
eec: 1286.49
weight: 1.91334e-05
eec: 488.967
weight: 5.84e-05
eec: 576.52
weight: 4.3334e-06
eec: 276.5
weight: 0.000203104
eec: 1571.15
weight: 8.06147e-06
eec: 1755.09
weight: 2.49925e-05
eec: 761.45
weight: 1.66896e-05
eec: 317.705
weight: 5.65385e-05
eec: 86.8098
weight: 0.000611539
eec: 504.062
weight: 4.80002e-05
eec: 1008.87
weight: 2.28199e-05
eec: 431.627
weight: 1.82036e-05
eec: 1495.17
weight: 5.51661e-05
eec: 406.602
weight: 1.262e-05
eec: 1633.99
weight: 4.93817e-06
eec: 1611.33
weight: 8.25054e-05
eec: 149.469
weight: 4.24802e-06
eec: 112.007
weight: 8.47068e-07
eec: 154.66
weight: 0.00011153
eec: 130.188
weight: 3.69563e-06
eec: 554.512
weight: 0.000107595
eec: 956.467
weight: 2.6094e-05
eec: 1349.98
weight: 7.62705e-06
eec: 1037.13
weight: 0.000275049
eec: 38.1113
weight: 8.97509e-05
eec: 2652.94
weight: 1.15592e-05
eec: 672.858
weight: 1.28624e-05
eec: 197.174
weight: 2.03341e-05
eec: 691.319
weight: 0.000230428
eec: 428.812
weight: 0.000351981
eec: 131.689
weight: 5.89777e-05
eec: 490.21
weight: 3.84589e-05
eec: 259.533
weight: 0.000103756
eec: 615.998
weight: 0.000137596
eec: 57.9578
weight: 1.87039e-05
eec: 604.542
weight: 2.50401e-05
eec: 157.385
weight: 5.62662e-05
eec: 282.689
weight: 4.10132e-05
eec: 560.227
weight: 1.60676e-05
eec: 1062.05
weight: 7.53611e-05
eec: 127.842
weight: 1.70265e-06
eec: 1682.3
weight: 1.16331e-05
eec: 1071.73
weight: 4.06641e-05
eec: 81.9657
weight: 7.85205e-05
eec: 251.644
weight: 7.91926e-05
eec: 378.542
weight: 7.84304e-05
eec: 483.331
weight: 2.99117e-05
eec: 349.849
weight: 4.1724e-06
eec: 1943.97
weight: 5.39529e-05
eec: 192.42
weight: 0.000116216
eec: 145.595
weight: 1.46354e-05
eec: 227.74
weight: 3.48807e-05
eec: 353.25
weight: 7.68261e-05
eec: 533.839
weight: 3.00053e-05
eec: 27.8979
weight: 1.64986e-05
eec: 812.626
weight: 0.000118694
eec: 181.853
weight: 8.98197e-05
eec: 157.884
weight: 7.93807e-05
eec: 50.1588
weight: 0.000110821
eec: 35.1372
weight: 3.77225e-05
eec: 1506.35
weight: 7.01958e-05
eec: 524.108
weight: 2.61885e-07
eec: 644.124
weight: 4.54603e-05
eec: 817.693
weight: 0.000124949
eec: 443.421
weight: 1.93235e-06
eec: 67.2684
weight: 2.64191e-05
eec: 1594.73
weight: 0.000288273
eec: 385.353
weight: 1.5265e-07
eec: 581.353
weight: 3.31083e-08
eec: 1683.92
weight: 1.24126e-05
eec: 146.037
weight: 0.000334139
eec: 137.101
weight: 4.9197e-05
eec: 542.669
weight: 2.37734e-05
eec: 95.0341
weight: 1.54859e-05
eec: 61.8101
weight: 2.93459e-05
eec: 1002.31
weight: 2.71828e-06
eec: 602.47
weight: 1.52328e-05
eec: 537.803
weight: 7.02542e-06
eec: 233.908
weight: 0.000130558
eec: 780.165
weight: 4.91161e-06
eec: 2136.79
weight: 3.10472e-05
eec: 343.668
weight: 4.38908e-06
eec: 3535.41
weight: 1.30271e-05
eec: 1368.03
weight: 0.000266861
eec: 521.138
weight: 4.40411e-05
eec: 1772.99
weight: 7.26804e-05
eec: 183.384
weight: 3.42525e-05
eec: 61.4312
weight: 5.5278e-05
eec: 443.186
weight: 1.30723e-05
eec: 787.369
weight: 2.77707e-05
eec: 260.832
weight: 1.01378e-05
eec: 242.097
weight: 6.85993e-06
eec: 2843.46
weight: 4.58939e-06
eec: 1004.65
weight: 5.91728e-06
eec: 166.942
weight: 3.46994e-06
eec: 155.119
weight: 8.83533e-05
eec: 312.037
weight: 1.76274e-05
eec: 2605
weight: 7.80281e-08
eec: 320.551
weight: 0.000483927
eec: 463.126
weight: 7.09178e-05
eec: 377.287
weight: 3.34512e-05
eec: 177.835
weight: 0.000130668
eec: 93.2726
weight: 8.09951e-06
eec: 428.078
weight: 6.30792e-06
eec: 153.045
weight: 3.4196e-06
eec: 97.8684
weight: 0.000258768
eec: 314.323
weight: 1.9148e-05
eec: 666.724
weight: 3.99758e-05
eec: 279.789
weight: 0.000162673
eec: 1186.21
weight: 1.06926e-05
eec: 756.832
weight: 9.02576e-05
eec: 451.595
weight: 2.53278e-05
eec: 627.524
weight: 9.25968e-08
eec: 102.557
weight: 7.52937e-06
eec: 482.162
weight: 1.78647e-05
eec: 2193.81
weight: 0.000157841
eec: 146.758
weight: 7.15491e-05
eec: 592.19
weight: 4.17293e-05
eec: 605.637
weight: 7.99692e-06
eec: 56.3475
weight: 2.17197e-05
eec: 262.832
weight: 6.29993e-05
eec: 105.932
weight: 0.000112525
eec: 64.9346
weight: 6.2275e-07
eec: 852.296
weight: 2.25849e-05
eec: 547.771
weight: 7.14344e-06
eec: 1451.37
weight: 5.18601e-06
eec: 731.01
weight: 6.36876e-05
eec: 397.712
weight: 0.000655676
eec: 63.9678
weight: 2.97487e-05
eec: 328.888
weight: 2.57796e-06
eec: 594.601
weight: 1.2292e-05
eec: 133.438
weight: 0.000142208
eec: 540.083
weight: 0.000106366
eec: 420.752
weight: 3.30301e-05
eec: 256.273
weight: 1.09288e-05
eec: 110.947
weight: 2.24481e-05
eec: 921.89
weight: 1.17521e-05
eec: 903.667
weight: 2.15161e-05
eec: 635.475
weight: 3.62813e-05
eec: 527.206
Processing: 76.6667 %weight: 2.0238e-05
eec: 1538.72
weight: 0.000912105
eec: 206.734
weight: 3.2528e-05
eec: 87.7172
weight: 2.00593e-05
eec: 585.396
weight: 3.78123e-05
eec: 417.796
weight: 2.16511e-05
eec: 88.0903
weight: 3.62942e-07
eec: 559.527
weight: 2.08438e-07
eec: 470.623
weight: 9.68663e-05
eec: 173.445
weight: 4.23119e-05
eec: 777.654
weight: 1.63174e-05
eec: 869.442
weight: 0.00040346
eec: 144.935
weight: 0.000131286
eec: 655.862
weight: 0.000257304
eec: 407.719
weight: 5.25056e-05
eec: 1031.13
weight: 7.3236e-05
eec: 163.579
weight: 2.9904e-06
eec: 747.551
weight: 1.35528e-05
eec: 91.6327
weight: 1.85325e-07
eec: 631.404
weight: 1.85325e-07
eec: 1397.9
weight: 1.23067e-05
eec: 726.652
weight: 2.23123e-08
eec: 81.4199
weight: 1.61442e-05
eec: 861.261
weight: 2.51051e-05
eec: 178.555
weight: 9.99519e-08
eec: 282.568
weight: 1.25812e-05
eec: 223.99
weight: 6.9546e-05
eec: 200.363
weight: 1.01665e-05
eec: 88.4052
weight: 0.000486618
eec: 1431.48
weight: 0.000153497
eec: 774.294
weight: 0.000114637
eec: 152.808
weight: 6.1955e-05
eec: 3.62869
weight: 0.000219615
eec: 340.587
weight: 1.95548e-05
eec: 687.52
weight: 1.79148e-05
eec: 890.899
weight: 0.00189968
eec: 484.523
weight: 8.82102e-05
eec: 520.288
weight: 0.000615018
eec: 139.371
weight: 8.51188e-05
eec: 2473.54
weight: 8.02735e-06
eec: 235.105
weight: 2.42673e-05
eec: 1345.88
weight: 0.000116439
eec: 91.1727
weight: 4.36884e-06
eec: 742.087
weight: 5.20637e-05
eec: 602.647
weight: 2.36557e-05
eec: 158.042
weight: 6.70682e-06
eec: 354.883
weight: 2.30789e-05
eec: 432.468
weight: 0.000198263
eec: 318.775
weight: 0.000240812
eec: 190.154
weight: 7.46502e-06
eec: 1962.97
weight: 4.42764e-06
eec: 274.234
weight: 5.52199e-05
eec: 265.626
weight: 0.000105346
eec: 109.321
weight: 6.6318e-05
eec: 165.914
weight: 3.98569e-05
eec: 240.6
weight: 5.48504e-06
eec: 519.146
weight: 8.39973e-05
eec: 133.685
weight: 4.088e-05
eec: 475.386
weight: 0.000107942
eec: 335.105
weight: 0.000198569
eec: 64.9868
weight: 4.42379e-06
eec: 509.92
weight: 5.01146e-05
eec: 786.371
weight: 4.68002e-05
eec: 62.6712
weight: 1.30801e-05
eec: 1201.4
weight: 1.61092e-05
eec: 242.699
weight: 2.34348e-05
eec: 62.512
weight: 1.21819e-05
eec: 39.7018
weight: 4.65344e-05
eec: 193.978
weight: 0.000223263
eec: 235.261
weight: 1.26363e-06
eec: 3263.08
weight: 2.67762e-05
eec: 341.497
weight: 0.000120145
eec: 361.324
weight: 0.000232711
eec: 210.66
weight: 5.07463e-06
eec: 1901.09
weight: 1.84514e-05
eec: 300.058
weight: 5.5064e-05
eec: 375.978
weight: 0.000240257
eec: 603.693
weight: 6.86098e-05
eec: 56.7997
weight: 1.36882e-07
eec: 82.0568
weight: 1.17363e-06
eec: 151.706
weight: 0.000560343
eec: 500.071
weight: 0.000337195
eec: 177.365
weight: 2.47839e-06
eec: 65.4975
weight: 7.90505e-06
eec: 660.373
weight: 0.000112187
eec: 284.089
weight: 1.16061e-05
eec: 327.416
weight: 2.65684e-05
eec: 240.986

ROOT exit code = 0
