gSystem->Load("run_condor_job_Run3_C.so");
run_condor_job_Run3(293, 100, 2,
                    80, 200,
                    1, 1, 1, 2);
.q

ENTERED run_condor_job_Run3()
JOBID = 293
  global job = 293  Job 93/100  events [5580000, 5640000)  total=6000000
Processing events [5580000, 5640000) of 6000000
weight: 9.45519e-05
eec: 138.773
weight: 2.43976e-07
eec: 1208.63
weight: 8.62782e-05
eec: 221.915
weight: 3.62424e-05
eec: 734.509
weight: 0.000174289
eec: 400.591
weight: 5.29735e-05
eec: 259.914
weight: 0.000115276
eec: 247.819
weight: 2.24364e-05
eec: 115.489
weight: 6.06487e-05
eec: 125.301
weight: 2.26579e-05
eec: 99.9402
weight: 0.000247002
eec: 1404.06
weight: 0.00161305
eec: 227.927
weight: 1.8257e-05
eec: 83.3581
weight: 7.19702e-06
eec: 2799.66
weight: 2.49296e-05
eec: 332.008
weight: 9.48766e-05
eec: 89.9831
weight: 0.000230741
eec: 634.077
weight: 1.90609e-05
eec: 504.184
weight: 5.46468e-05
eec: 113.527
weight: 5.77351e-05
eec: 277.049
weight: 1.41122e-05
eec: 5649.72
weight: 6.0358e-05
eec: 399.864
weight: 5.59542e-05
eec: 172.288
weight: 0.000213472
eec: 58.3142
weight: 4.04561e-06
eec: 750.558
weight: 3.34029e-05
eec: 368.078
weight: 3.37346e-06
eec: 3767.49
weight: 1.48497e-05
eec: 470.668
weight: 0.000114188
eec: 1582.59
weight: 2.41481e-07
eec: 384.524
weight: 0.000106538
eec: 894.141
weight: 6.4373e-05
eec: 776.937
weight: 0.000125942
eec: 16.4252
weight: 1.88714e-07
eec: 1368.9
weight: 0.000379237
eec: 88.8074
weight: 0.000378877
eec: 528.665
weight: 0.000110358
eec: 652.19
weight: 1.39593e-05
eec: 798.145
weight: 1.47167e-05
eec: 143.296
weight: 3.07173e-05
eec: 91.0184
weight: 1.34058e-08
eec: 737.437
weight: 1.19944e-06
eec: 423.383
weight: 0.000195933
eec: 2255.75
weight: 9.2725e-05
eec: 764.028
weight: 0.00018384
eec: 1195.45
weight: 5.97658e-06
eec: 369.842
weight: 2.64692e-05
eec: 552.829
weight: 8.19923e-05
eec: 660.25
weight: 0.00032728
eec: 74.3861
weight: 0.000279027
eec: 699.355
weight: 4.98937e-06
eec: 530.082
weight: 1.77536e-05
eec: 242.553
weight: 1.71783e-08
eec: 174.624
weight: 2.58628e-06
eec: 180.871
weight: 6.84755e-06
eec: 138.162
weight: 3.38257e-05
eec: 10.9392
weight: 9.42672e-06
eec: 1280.05
weight: 9.67836e-05
eec: 584.04
weight: 3.8126e-05
eec: 115.443
weight: 3.69836e-05
eec: 702.522
weight: 5.13142e-05
eec: 823.917
weight: 1.08159e-05
eec: 613.297
weight: 0.000197922
eec: 502.745
weight: 0.00125443
eec: 1168.8
weight: 6.50595e-05
eec: 656.287
weight: 5.71745e-05
eec: 429.306
weight: 5.84926e-06
eec: 2623.85
weight: 8.43069e-06
eec: 25.2777
weight: 0.000185445
eec: 436.373
weight: 7.54112e-06
eec: 2519.84
weight: 2.95761e-05
eec: 283.245
weight: 0.000365128
eec: 69.6867
weight: 3.04837e-07
eec: 439.225
weight: 0.000142307
eec: 240.713
weight: 7.46395e-05
eec: 463.822
weight: 2.19167e-06
eec: 1101.57
weight: 1.60324e-05
eec: 117.352
weight: 1.82641e-06
eec: 971.447
weight: 0.000175448
eec: 512.427
weight: 0.000104326
eec: 550.704
weight: 3.53617e-05
eec: 145.921
weight: 4.36472e-05
eec: 1149.22
weight: 2.91022e-05
eec: 215.108
weight: 3.06241e-06
eec: 847.958
weight: 1.25985e-05
eec: 229.435
weight: 5.54688e-05
eec: 52.6807
weight: 2.44755e-05
eec: 265.048
weight: 8.19333e-07
eec: 389.385
weight: 9.86148e-06
eec: 119.181
weight: 2.26874e-07
eec: 213.307
Processing: 93.3333 %weight: 8.74591e-05
eec: 667.492
weight: 3.34356e-06
eec: 1125.51
weight: 4.75712e-05
eec: 248.241
weight: 5.95313e-06
eec: 107.667
weight: 3.75564e-05
eec: 614.872
weight: 2.62869e-05
eec: 886.67
weight: 3.47012e-05
eec: 147.565
weight: 0.000213033
eec: 503.752
weight: 1.67696e-05
eec: 464.996
weight: 1.74337e-05
eec: 30.9037
weight: 2.68628e-05
eec: 309.434
weight: 0.000492033
eec: 23.2151
weight: 4.74764e-05
eec: 93.1501
weight: 4.74764e-05
eec: 974.283
weight: 8.70936e-06
eec: 870.085
weight: 7.1842e-06
eec: 491.582
weight: 2.90285e-05
eec: 933.504
weight: 0.00148375
eec: 80.6913
weight: 0.000233171
eec: 961.149
weight: 3.13658e-05
eec: 507.273
weight: 2.71139e-05
eec: 1113.22
weight: 6.31152e-05
eec: 1217.43
weight: 9.2687e-05
eec: 120.421
weight: 3.75563e-05
eec: 232.955
weight: 2.13358e-06
eec: 1210.51
weight: 2.60601e-05
eec: 655.928
weight: 1.02271e-05
eec: 756.905
weight: 2.9935e-05
eec: 1415.21
weight: 3.45097e-07
eec: 547.899
weight: 3.04954e-05
eec: 447.316
weight: 5.5119e-06
eec: 291.316
weight: 6.53046e-05
eec: 120.34
weight: 0.000396063
eec: 110.238
weight: 9.15848e-06
eec: 222.595
weight: 0.000396508
eec: 262.543
weight: 0.000545223
eec: 177.357
weight: 5.69118e-06
eec: 657.711
weight: 3.80191e-05
eec: 88.3202
weight: 4.8746e-05
eec: 573.408
weight: 0.00018183
eec: 447.707
weight: 7.46612e-06
eec: 2108.51
weight: 1.03741e-05
eec: 376.366
weight: 6.57975e-05
eec: 108.216
weight: 9.02467e-06
eec: 777.419
weight: 1.0645e-08
eec: 138.385
weight: 6.65668e-06
eec: 283.41
weight: 0.00113918
eec: 55.4704
weight: 7.85709e-05
eec: 616.061
weight: 9.87711e-05
eec: 335.918
weight: 9.57726e-06
eec: 305.73
weight: 7.81489e-05
eec: 1518.83
weight: 1.04204e-05
eec: 771.484
weight: 7.08876e-07
eec: 261.265
weight: 4.59509e-06
eec: 605.802
weight: 5.69017e-05
eec: 14.7409
weight: 2.46479e-05
eec: 1277.62
weight: 5.55885e-05
eec: 466.732
weight: 7.11607e-06
eec: 155.539
weight: 1.14079e-05
eec: 1210.84
weight: 8.60832e-07
eec: 140.531
weight: 2.54294e-05
eec: 1492.27
weight: 0.000658584
eec: 55.0233
weight: 6.17709e-05
eec: 62.2433
weight: 2.57952e-05
eec: 231.774
weight: 1.84702e-05
eec: 2491.32
weight: 6.59601e-07
eec: 177.713
weight: 0.000125443
eec: 356.972
weight: 2.63993e-05
eec: 810.901
weight: 4.42224e-05
eec: 1106.85
weight: 3.74188e-07
eec: 183.684
weight: 1.13274e-07
eec: 343.554
weight: 7.92721e-06
eec: 4718.41
weight: 1.78287e-05
eec: 607.492
weight: 4.44776e-06
eec: 1058.56
weight: 4.76468e-07
eec: 1428.27
weight: 0.000131581
eec: 361.63
weight: 1.77637e-05
eec: 302.187
weight: 1.90775e-05
eec: 903.844
weight: 5.0184e-06
eec: 2009.27
weight: 0.00320954
eec: 51.2408
weight: 8.1578e-05
eec: 148.941
weight: 1.79283e-05
eec: 605.478
weight: 2.11421e-05
eec: 156.849
weight: 6.54083e-05
eec: 324.645
weight: 1.26576e-05
eec: 962.199
weight: 6.32532e-05
eec: 75.075
weight: 9.013e-05
eec: 114.426
weight: 0.000322787
eec: 830.537
weight: 9.98865e-06
eec: 189.06
weight: 2.91315e-05
eec: 83.3343
weight: 0.000131679
eec: 187.653
weight: 1.53592e-05
eec: 1047.74
weight: 0.000209911
eec: 36.8697
weight: 0.000171785
eec: 332.796
weight: 1.11588e-05
eec: 348.859
weight: 0.000121423
eec: 415.579
weight: 2.80804e-07
eec: 805.588
weight: 9.36973e-07
eec: 106.851
weight: 4.60759e-05
eec: 881.421
weight: 8.90433e-05
eec: 72.8869
weight: 0.000202992
eec: 220.514
weight: 6.37752e-06
eec: 1153.23
weight: 3.30575e-05
eec: 32.7243
weight: 3.35996e-06
eec: 127.876
weight: 7.86056e-06
eec: 219.35
weight: 0.00163171
eec: 144.069
weight: 2.44281e-05
eec: 67.8942
weight: 4.73252e-05
eec: 159.824
weight: 0.000130033
eec: 958.926
weight: 7.80366e-06
eec: 381.792
weight: 0.000205398
eec: 372.744
weight: 3.39979e-06
eec: 1025.29
weight: 1.22248e-05
eec: 711.436
weight: 1.97396e-05
eec: 399.25
weight: 5.01121e-06
eec: 377.332
weight: 0.000284475
eec: 90.5633
weight: 0.000136753
eec: 135.123
weight: 0.000190353
eec: 614.743
weight: 8.45532e-05
eec: 816.794
weight: 4.70771e-06
eec: 96.0807
weight: 7.73625e-05
eec: 1716.71
weight: 1.02744e-05
eec: 154.953
weight: 4.2811e-05
eec: 297.225
weight: 2.43689e-05
eec: 736.305
weight: 4.74469e-06
eec: 1583.07
weight: 3.94219e-05
eec: 796.206
weight: 0.000162834
eec: 140.505
weight: 8.9167e-06
eec: 1307.55
weight: 1.43578e-06
eec: 89.7748
weight: 3.56092e-06
eec: 540.898
weight: 4.13172e-06
eec: 539.649
weight: 7.65057e-06
eec: 113.888
weight: 2.09004e-07
eec: 1460.46
weight: 0.000300088
eec: 565.465
weight: 4.24779e-06
eec: 134.108
weight: 0.000546287
eec: 80.0611
weight: 0.000116476
eec: 120.807
weight: 1.46734e-05
eec: 483.649
weight: 5.77132e-05
eec: 129.642
weight: 1.84079e-06
eec: 394.779
weight: 2.38993e-05
eec: 354.501
weight: 2.64549e-06
eec: 361.831
weight: 3.40997e-05
eec: 649.772
weight: 3.84838e-05
eec: 1173.11
weight: 0.00010256
eec: 307.969
weight: 2.19053e-05
eec: 1095.98
weight: 5.64895e-06
eec: 101.043
weight: 7.60035e-07
eec: 859.066
weight: 0.000139434
eec: 149.253

ROOT exit code = 0
