gSystem->Load("run_condor_job_Run3_C.so");
run_condor_job_Run3(63, 100, 2,
                    80, 200,
                    1, 1, 1, 0);
.q

ENTERED run_condor_job_Run3()
JOBID = 63
  global job = 63  Job 63/100  events [3776220, 3836160)  total=5994000
Processing events [3776220, 3836160) of 5994000
weight: 4.07344e-06
eec: 134.63
weight: 3.37023e-05
eec: 72.2491
weight: 9.12184e-05
eec: 638.949
weight: 2.20747e-05
eec: 1892.09
weight: 3.48864e-05
eec: 340.374
weight: 1.19436e-05
eec: 98.8315
weight: 7.00414e-05
eec: 450.892
weight: 2.41397e-08
eec: 105.38
weight: 1.83608e-05
eec: 734.864
weight: 7.16744e-07
eec: 530.08
weight: 0.000116497
eec: 1484.57
weight: 7.7681e-06
eec: 1777.32
weight: 2.32823e-05
eec: 342.877
weight: 4.33906e-06
eec: 414.906
weight: 2.77136e-05
eec: 1612.21
weight: 0.000117967
eec: 353.824
weight: 3.0442e-06
eec: 466.24
weight: 3.26263e-05
eec: 598.763
weight: 1.36437e-05
eec: 460.842
weight: 1.76214e-05
eec: 477.748
weight: 0.000146386
eec: 450.096
weight: 3.08917e-06
eec: 247.699
weight: 3.33599e-05
eec: 1092.57
weight: 2.52852e-05
eec: 162.92
weight: 1.14296e-07
eec: 420.215
weight: 0.000177981
eec: 18.382
weight: 7.59539e-06
eec: 239.227
weight: 9.0978e-06
eec: 1708.19
weight: 0.000220296
eec: 46.901
weight: 4.30037e-06
eec: 1051.52
weight: 3.88822e-06
eec: 19.9429
weight: 6.04585e-07
eec: 81.1823
weight: 7.88951e-06
eec: 675.914
weight: 1.30079e-05
eec: 916.042
weight: 1.51472e-05
eec: 125.829
weight: 4.61057e-05
eec: 104.388
weight: 7.48305e-09
eec: 117.296
weight: 6.93714e-05
eec: 242.794
weight: 8.95926e-06
eec: 147.363
weight: 2.91484e-05
eec: 1003.16
weight: 0.000253416
eec: 307.185
weight: 4.90856e-06
eec: 477.921
weight: 0.00140654
eec: 628.346
weight: 5.42306e-05
eec: 931.939
weight: 3.45667e-06
eec: 152.03
weight: 2.71563e-06
eec: 132.398
weight: 1.2051e-05
eec: 2695.76
weight: 1.33866e-05
eec: 80.8847
weight: 0.000111121
eec: 1328.69
weight: 2.91052e-06
eec: 236.257
weight: 2.63486e-06
eec: 106.452
weight: 0.000106148
eec: 668.724
weight: 1.10251e-06
eec: 451.621
weight: 1.91139e-05
eec: 304.229
weight: 0.000106614
eec: 40.4651
weight: 0.000112335
eec: 110.047
weight: 9.05047e-05
eec: 331.452
weight: 1.17008e-05
eec: 603.689
weight: 6.51714e-06
eec: 1265.48
weight: 6.82618e-05
eec: 274.449
weight: 0.000383652
eec: 1066.48
weight: 1.0423e-05
eec: 243.768
weight: 3.16317e-05
eec: 706.544
weight: 5.64139e-05
eec: 252.686
weight: 3.54811e-06
eec: 483.176
weight: 0.000121088
eec: 187.67
weight: 3.30755e-05
eec: 82.8313
weight: 1.5085e-05
eec: 166.878
weight: 2.34726e-06
eec: 1497.8
weight: 6.12206e-06
eec: 600.962
weight: 7.24015e-05
eec: 353.664
weight: 2.75968e-05
eec: 810.571
weight: 1.57424e-06
eec: 525.732
weight: 5.42046e-05
eec: 24.4616
weight: 0.000144161
eec: 183.763
weight: 7.09192e-06
eec: 603.794
weight: 1.85995e-06
eec: 235.866
weight: 6.66611e-05
eec: 54.6109
weight: 3.96314e-06
eec: 38.4716
weight: 4.55564e-05
eec: 2165.36
weight: 5.85083e-06
eec: 949.424
weight: 4.8722e-05
eec: 428.886
weight: 5.08349e-05
eec: 66.8531
weight: 8.95659e-09
eec: 151.837
weight: 2.30138e-05
eec: 161.023
weight: 3.28837e-05
eec: 6.05677
weight: 2.00781e-05
eec: 755.507
weight: 1.57676e-05
eec: 1017.56
weight: 4.82785e-05
eec: 231.09
weight: 1.8638e-05
eec: 3047.82
weight: 1.06709e-05
eec: 2365.82
weight: 8.43319e-05
eec: 80.8229
weight: 2.86717e-05
eec: 406.522
weight: 0.000368061
eec: 33.0325
weight: 0.00019465
eec: 357.47
weight: 1.40987e-05
eec: 1173.98
weight: 1.97553e-05
eec: 943.712
weight: 9.72119e-06
eec: 274.287
weight: 4.08419e-05
eec: 152.481
weight: 3.10686e-05
eec: 980.091
weight: 2.5692e-06
eec: 87.515
weight: 1.75517e-05
eec: 747.723
weight: 0.000132633
eec: 199.614
weight: 3.76091e-06
eec: 159.937
weight: 0.000502405
eec: 253.417
weight: 4.11645e-05
eec: 405.701
weight: 1.77209e-05
eec: 764.949
weight: 9.4445e-05
eec: 149.411
weight: 2.49387e-05
eec: 386.243
weight: 9.45305e-07
eec: 1130.3
weight: 5.0113e-05
eec: 820.626
weight: 0.000118829
eec: 155.972
weight: 7.41818e-06
eec: 503.201
weight: 0.000185324
eec: 205.563
weight: 5.02535e-06
eec: 406.021
Processing: 63.3967 %weight: 1.07499e-05
eec: 424.801
weight: 0.000116207
eec: 588.483
weight: 2.901e-05
eec: 891.448
weight: 3.37518e-06
eec: 1702.95
weight: 6.87218e-06
eec: 2266.33
weight: 7.43884e-05
eec: 418.402
weight: 8.31599e-07
eec: 2471.87
weight: 3.15976e-05
eec: 2052.6
weight: 3.15976e-05
eec: 333.028
weight: 1.49889e-05
eec: 347.734
weight: 1.90913e-05
eec: 1235.21
weight: 7.12598e-05
eec: 161.634
weight: 0.000117799
eec: 104.647
weight: 7.3208e-06
eec: 58.9272
weight: 0.000198943
eec: 246.941
weight: 0.000335849
eec: 103.069
weight: 2.57487e-05
eec: 667.94
weight: 5.32589e-05
eec: 491.375
weight: 9.65912e-05
eec: 571.579
weight: 0.000232261
eec: 480.283
weight: 0.000165497
eec: 371.026
weight: 5.07958e-06
eec: 477.464
weight: 7.50134e-05
eec: 402.126
weight: 3.41787e-05
eec: 1464.28
weight: 4.65986e-06
eec: 565.331
weight: 3.53878e-05
eec: 235.694
weight: 1.19305e-05
eec: 169.79
weight: 1.48181e-06
eec: 118.115
weight: 1.06063e-07
eec: 2337.05
weight: 5.01051e-06
eec: 217.489
weight: 5.43451e-05
eec: 1291.69
weight: 5.96961e-07
eec: 493.029
weight: 0.000176622
eec: 83.5998
weight: 2.03644e-05
eec: 230.875
weight: 4.27718e-07
eec: 1256
weight: 1.49592e-06
eec: 2898.34
weight: 2.19626e-08
eec: 82.4924
weight: 7.31425e-05
eec: 1356.11
weight: 1.26928e-05
eec: 1395.86
weight: 5.24898e-06
eec: 115.902
weight: 1.1772e-05
eec: 397.601
weight: 4.85529e-05
eec: 344.041
weight: 9.57259e-05
eec: 65.0176
weight: 2.42518e-05
eec: 236.58
weight: 1.47689e-05
eec: 265.146
weight: 2.79652e-05
eec: 435.985
weight: 0.000133204
eec: 523.727
weight: 1.48821e-05
eec: 39.3516
weight: 3.36549e-05
eec: 1665.2
weight: 9.8052e-05
eec: 365.349
weight: 0.000186966
eec: 691.071
weight: 0.000129892
eec: 453.623
weight: 0.000470816
eec: 574.482
weight: 5.94542e-06
eec: 960.185
weight: 6.52024e-05
eec: 1318.71
weight: 3.10213e-05
eec: 368.745
weight: 3.97967e-06
eec: 300.724
weight: 1.98005e-05
eec: 298.505
weight: 0.000353063
eec: 130.461
weight: 3.63591e-05
eec: 76.6698
weight: 2.92887e-06
eec: 19.7314
weight: 1.47731e-05
eec: 995.8
weight: 3.85539e-05
eec: 442.539
weight: 7.74368e-06
eec: 188.924
weight: 1.55753e-05
eec: 253.299
weight: 0.00025614
eec: 116.844
weight: 2.54234e-06
eec: 43.6616
weight: 1.06545e-06
eec: 1602.17
weight: 8.19512e-05
eec: 344.555
weight: 1.47742e-05
eec: 324.529
weight: 5.72665e-07
eec: 1379.78
weight: 9.71654e-05
eec: 297.107
weight: 1.29682e-05
eec: 265.008
weight: 0.000280888
eec: 375.6
weight: 2.92003e-06
eec: 124.183
weight: 0.000326487
eec: 376.45
weight: 8.23791e-06
eec: 674.089
weight: 1.02168e-05
eec: 169.966
weight: 3.18049e-06
eec: 2235.29
weight: 0.000435441
eec: 147.467
weight: 1.59017e-05
eec: 145.637
weight: 1.68705e-05
eec: 111.671
weight: 5.39258e-05
eec: 198.156
weight: 1.02968e-05
eec: 2908.72
weight: 2.43677e-07
eec: 128.562
weight: 6.68525e-05
eec: 520.783
weight: 0.000358238
eec: 131.038
weight: 0.000517927
eec: 354.187
weight: 3.5738e-05
eec: 192.34
weight: 8.43133e-06
eec: 677.519
weight: 2.44891e-06
eec: 258.299
weight: 0.000282409
eec: 286.74
weight: 6.13728e-06
eec: 1752.49
weight: 4.56344e-06
eec: 893.023
weight: 3.4376e-05
eec: 911.408
weight: 0.000283005
eec: 125.516
weight: 2.22748e-06
eec: 52.3912
weight: 2.50519e-05
eec: 974.961
weight: 0.000255344
eec: 338.398
weight: 4.50633e-06
eec: 1071.89
weight: 0.000964442
eec: 660.125
weight: 0.000221015
eec: 133.092
weight: 3.57016e-05
eec: 634.439
weight: 1.44704e-05
eec: 1017.47
weight: 7.76116e-07
eec: 2311.14
weight: 5.60782e-05
eec: 777.139
weight: 0.000187124
eec: 308.313
weight: 0.000252249
eec: 221.72
weight: 0.000313208
eec: 902.127
weight: 2.90033e-06
eec: 378.945
weight: 8.83186e-06
eec: 311.251
weight: 7.85106e-05
eec: 43.8033
weight: 4.86994e-06
eec: 1592.36
weight: 1.11509e-06
eec: 1173.96
weight: 0.000226037
eec: 399.216
weight: 1.73204e-06
eec: 997.171
weight: 1.21481e-05
eec: 187.014
weight: 1.8259e-05
eec: 1040.29
weight: 1.20909e-05
eec: 319.764
weight: 1.68076e-05
eec: 493.694
weight: 3.38894e-05
eec: 170.779
weight: 6.46839e-05
eec: 556.762
weight: 9.91634e-07
eec: 2964.5
weight: 2.61616e-05
eec: 533.424
weight: 2.94942e-05
eec: 1141.69
weight: 1.82868e-05
eec: 2242.66
weight: 7.37348e-05
eec: 70.5213
weight: 7.52262e-05
eec: 225.433
weight: 1.05575e-05
eec: 404.838
weight: 0.000321141
eec: 54.9637
weight: 3.99842e-06
eec: 317.534
weight: 2.96281e-06
eec: 201.389
weight: 7.02201e-06
eec: 586.287
weight: 0.000267597
eec: 314.924
weight: 7.61699e-05
eec: 371.749
weight: 0.000167282
eec: 324.755
weight: 5.17994e-05
eec: 137.865
weight: 0.000147382
eec: 525.543
weight: 6.9744e-05
eec: 491.448
weight: 1.00909e-05
eec: 632.111
weight: 1.40126e-05
eec: 211.598
weight: 1.53852e-08
eec: 276.029
weight: 6.32033e-05
eec: 357.478
weight: 1.63176e-05
eec: 161.501
weight: 3.13581e-07
eec: 64.4763

ROOT exit code = 0
