gSystem->Load("run_condor_job_Run3_C.so");
run_condor_job_Run3(487, 100, 2,
                    80, 200,
                    1, 1, 1, 4);
.q

ENTERED run_condor_job_Run3()
JOBID = 487
  global job = 487  Job 87/100  events [5131260, 5190240)  total=5898000
Processing events [5131260, 5190240) of 5898000
weight: 4.00624e-06
eec: 211.034
weight: 4.14997e-08
eec: 51.499
weight: 2.52718e-05
eec: 589.36
weight: 4.28342e-06
eec: 120.011
weight: 2.32001e-06
eec: 465.75
weight: 6.79219e-05
eec: 1045.75
weight: 1.61531e-05
eec: 1007.67
weight: 2.06863e-05
eec: 106.277
weight: 7.53398e-05
eec: 130.207
weight: 4.32052e-05
eec: 1715.81
weight: 0.000119107
eec: 471.858
weight: 8.7272e-05
eec: 681.075
weight: 3.42523e-05
eec: 370.599
weight: 3.36489e-05
eec: 1398.37
weight: 1.05796e-06
eec: 345.907
weight: 5.69937e-05
eec: 611.225
weight: 5.51462e-05
eec: 35.1882
weight: 1.32583e-06
eec: 309.63
weight: 0.000148768
eec: 45.1822
weight: 1.61134e-05
eec: 1046.85
weight: 4.09832e-05
eec: 1516.33
weight: 8.177e-07
eec: 45.0431
weight: 0.000473529
eec: 556.406
weight: 2.91787e-05
eec: 1146.56
weight: 0.000156185
eec: 504.145
weight: 5.19594e-07
eec: 292.147
weight: 0.000113352
eec: 262.518
weight: 5.13868e-06
eec: 1246.98
weight: 3.04689e-05
eec: 901.177
weight: 7.70585e-06
eec: 243.835
weight: 0.000787933
eec: 1941.12
weight: 1.21723e-05
eec: 2858.97
weight: 4.97493e-05
eec: 572.66
weight: 1.9077e-05
eec: 35.8347
weight: 2.09262e-05
eec: 225.469
weight: 2.72722e-05
eec: 1200.15
weight: 5.48528e-06
eec: 65.8695
weight: 1.36017e-06
eec: 93.5164
weight: 0.000113863
eec: 147.796
weight: 3.00571e-05
eec: 278.504
weight: 1.32455e-05
eec: 243.707
weight: 5.44181e-05
eec: 129.051
weight: 4.98537e-05
eec: 364.532
weight: 0.000170459
eec: 552.153
weight: 7.87179e-05
eec: 464.982
weight: 5.8211e-06
eec: 207.324
weight: 2.28653e-06
eec: 461.464
weight: 2.94835e-05
eec: 557.069
weight: 0.000181026
eec: 208.406
weight: 7.26556e-08
eec: 52.3362
weight: 1.19935e-05
eec: 838.771
weight: 1.37413e-05
eec: 577.307
weight: 4.27347e-06
eec: 39.1771
weight: 8.44158e-05
eec: 447.774
weight: 5.77778e-06
eec: 746.971
weight: 0.000813463
eec: 57.0345
weight: 0.000113847
eec: 515.935
weight: 0.000165605
eec: 587.372
weight: 6.85361e-07
eec: 361.644
weight: 0.000337855
eec: 219.332
weight: 2.40447e-05
eec: 236.07
weight: 5.72616e-05
eec: 469.08
weight: 2.37338e-05
eec: 1446.25
weight: 2.69193e-05
eec: 675.074
weight: 1.7318e-06
eec: 268.226
weight: 4.34958e-05
eec: 106.151
weight: 2.46369e-05
eec: 484.753
Processing: 87.3177 %weight: 0.000684781
eec: 14.623
weight: 1.24157e-05
eec: 1545.82
weight: 6.26556e-05
eec: 341.461
weight: 0.000117596
eec: 437.927
weight: 9.81912e-06
eec: 559.296
weight: 2.81249e-06
eec: 199.4
weight: 7.15713e-05
eec: 1033.23
weight: 3.34554e-06
eec: 326.878
weight: 5.63315e-07
eec: 1053.32
weight: 3.1965e-05
eec: 636.283
weight: 4.68008e-05
eec: 236.502
weight: 1.34107e-05
eec: 1690.05
weight: 0.000106242
eec: 1328.23
weight: 6.37739e-05
eec: 365.035
weight: 7.01776e-05
eec: 911.23
weight: 9.51598e-06
eec: 79.1533
weight: 8.83758e-06
eec: 618.788
weight: 1.98159e-05
eec: 350.581
weight: 1.63447e-05
eec: 689.77
weight: 3.25739e-06
eec: 215.544
weight: 1.69752e-05
eec: 742.926
weight: 0.000175493
eec: 994.882
weight: 0.000137949
eec: 3336.51
weight: 3.6229e-06
eec: 147.06
weight: 0.000166801
eec: 146.588
weight: 7.23613e-06
eec: 860.402
weight: 2.14385e-05
eec: 265.979
weight: 7.27976e-05
eec: 691.587
weight: 4.64504e-05
eec: 536.521
weight: 1.99205e-06
eec: 474.841
weight: 2.70066e-07
eec: 940.299
weight: 0.000105401
eec: 421.541
weight: 1.44384e-05
eec: 784.836
weight: 1.68279e-05
eec: 390.621
weight: 0.0123879
eec: 311.524
weight: 6.15113e-05
eec: 88.686
weight: 3.36601e-05
eec: 533.755
weight: 2.50309e-05
eec: 309.12
weight: 0.000218106
eec: 1566.81
weight: 3.9104e-06
eec: 108.205
weight: 8.69226e-05
eec: 1107.12
weight: 9.71377e-05
eec: 630.899
weight: 0.00013827
eec: 135.785
weight: 9.13027e-05
eec: 406.035
weight: 1.42361e-05
eec: 1776.3
weight: 5.79203e-06
eec: 112.567
weight: 2.38957e-05
eec: 658.069
weight: 1.78063e-05
eec: 1077.51
weight: 6.29775e-05
eec: 1108.87
weight: 0.000181573
eec: 1197.28
weight: 0.000104555
eec: 18.41
weight: 1.08862e-05
eec: 48.3373
weight: 4.26015e-05
eec: 545.896
weight: 1.05589e-05
eec: 952.088
weight: 0.000124374
eec: 77.9311
weight: 1.80645e-05
eec: 1863.22
weight: 7.52343e-05
eec: 176.404
weight: 3.19209e-06
eec: 2405.67
weight: 1.32483e-08
eec: 887.255
weight: 0.000323633
eec: 141.811
weight: 1.17028e-07
eec: 207.356
weight: 2.69326e-05
eec: 397.364
weight: 1.36805e-05
eec: 584.868
weight: 4.14098e-05
eec: 332.515
weight: 6.96054e-05
eec: 518.642
weight: 1.06238e-06
eec: 1642.44
weight: 7.62255e-06
eec: 951.688
weight: 0.000180496
eec: 251.161
weight: 6.21779e-05
eec: 1342.26
weight: 6.7357e-07
eec: 401.444
weight: 1.64386e-05
eec: 404.466
weight: 0.00107197
eec: 338.303
weight: 2.61108e-05
eec: 326.393
weight: 3.6929e-07
eec: 1358.58
weight: 0.000760323
eec: 708.162
weight: 1.98119e-05
eec: 310.286
weight: 1.16586e-05
eec: 23.2752
weight: 3.81687e-05
eec: 2213.55
weight: 1.97362e-06
eec: 156.251
weight: 7.27843e-06
eec: 340.184
weight: 0.000236697
eec: 282.267
weight: 4.66627e-06
eec: 946.185
weight: 7.45155e-06
eec: 156.803
weight: 1.00378e-05
eec: 147.745
weight: 3.23811e-05
eec: 221.687
weight: 1.78648e-05
eec: 410.684
weight: 4.89021e-05
eec: 223.594
weight: 7.80345e-05
eec: 201.287
weight: 0.00013984
eec: 201.612
weight: 2.64597e-05
eec: 92.2902
weight: 1.13507e-05
eec: 484.313
weight: 2.06698e-05
eec: 1223.93
weight: 2.80615e-05
eec: 321.049
weight: 7.33051e-05
eec: 23.1459
weight: 0.000172095
eec: 19.1719
weight: 2.41334e-05
eec: 824.218
weight: 0.000141559
eec: 311.763
weight: 1.59749e-05
eec: 916.671
weight: 5.90905e-06
eec: 3332.61
weight: 1.2372e-06
eec: 427.071
weight: 9.86685e-06
eec: 1040.14
weight: 2.82728e-05
eec: 131.977
weight: 0.00157067
eec: 464.997
weight: 1.63065e-06
eec: 194.222
weight: 6.55895e-06
eec: 498.805
weight: 2.19829e-05
eec: 328.927
weight: 9.95303e-05
eec: 448.39
weight: 2.03522e-05
eec: 748.26
weight: 2.53754e-06
eec: 278.883
weight: 2.09832e-06
eec: 1031.23
weight: 1.38378e-06
eec: 3731.35
weight: 0.0002275
eec: 105.014
weight: 3.99009e-06
eec: 549.126
weight: 0.000421759
eec: 360.941
weight: 1.44749e-05
eec: 376.382
weight: 2.25441e-05
eec: 1069.17
weight: 6.6198e-08
eec: 813.975
weight: 2.77881e-06
eec: 268.007
weight: 3.56962e-05
eec: 533.564
weight: 0.000200037
eec: 87.5166
weight: 2.13619e-05
eec: 103.203
weight: 3.73138e-05
eec: 460.925
weight: 0.000228539
eec: 239.626
weight: 9.18351e-06
eec: 585.277
weight: 3.67351e-06
eec: 131.382
weight: 2.4293e-05
eec: 398.115
weight: 0.000105583
eec: 300.835
weight: 0.000135314
eec: 1083.35
weight: 1.1934e-07
eec: 160.432
weight: 3.04681e-05
eec: 209.109
weight: 0.000100847
eec: 436.326
weight: 1.066e-05
eec: 1268.22
weight: 2.14148e-05
eec: 39.9101
weight: 4.03612e-05
eec: 814.518
weight: 5.92093e-06
eec: 145.301
weight: 2.2488e-05
eec: 944.662
weight: 0.00031634
eec: 606.198
weight: 4.52935e-05
eec: 2539.84
weight: 6.96668e-06
eec: 688.462
weight: 9.56292e-06
eec: 644.712
weight: 7.88726e-05
eec: 713.204
weight: 1.1443e-06
eec: 162.919
weight: 9.00554e-05
eec: 206.654
weight: 1.80642e-05
eec: 135.224
weight: 3.41912e-07
eec: 56.6966
weight: 6.19464e-05
eec: 1437.79
weight: 3.27374e-06
eec: 527.118
weight: 3.47326e-05
eec: 1018.12
weight: 5.07998e-05
eec: 564.701
weight: 8.89123e-05
eec: 922.876
weight: 2.63772e-05
eec: 73.9557
weight: 1.47683e-05
eec: 110.6

ROOT exit code = 0
