gSystem->Load("run_condor_job_Run3_C.so");
run_condor_job_Run3(877, 100, 2,
                    80, 200,
                    1, 1, 1, 8);
.q

ENTERED run_condor_job_Run3()
JOBID = 877
  global job = 877  Job 77/100  events [4620000, 4680000)  total=6000000
Processing events [4620000, 4680000) of 6000000
weight: 6.32229e-06
eec: 584.141
weight: 9.47733e-05
eec: 260.968
weight: 1.75518e-06
eec: 336.21
weight: 1.13883e-05
eec: 798.711
weight: 7.40619e-07
eec: 71.7825
weight: 7.40619e-07
eec: 745.625
weight: 0.000190845
eec: 140.975
weight: 5.65979e-05
eec: 44.0731
weight: 0.00012554
eec: 904.13
weight: 1.52159e-06
eec: 222.908
weight: 1.16288e-05
eec: 384.079
weight: 1.00471e-06
eec: 253.295
weight: 5.29253e-05
eec: 119.192
weight: 1.80973e-05
eec: 209.815
weight: 5.70755e-05
eec: 739.81
weight: 0.000633712
eec: 210.339
weight: 6.40511e-05
eec: 152.614
weight: 4.47347e-09
eec: 1055.82
weight: 1.12728e-05
eec: 1940.35
weight: 0.00011854
eec: 236.19
weight: 1.29793e-05
eec: 2295.85
weight: 2.07208e-05
eec: 113.333
weight: 0.000194604
eec: 626.063
weight: 3.91951e-05
eec: 1512.27
weight: 0.000345775
eec: 136.254
weight: 3.00411e-05
eec: 886.144
weight: 2.5424e-05
eec: 466.88
weight: 5.01522e-05
eec: 620.314
weight: 6.39859e-05
eec: 133.876
weight: 6.07304e-05
eec: 1564.27
weight: 7.77805e-07
eec: 254.08
weight: 6.20853e-05
eec: 138.635
weight: 0.000360321
eec: 140.595
weight: 4.59559e-05
eec: 698.375
weight: 1.68294e-05
eec: 123.876
weight: 2.49968e-05
eec: 206.885
weight: 2.43591e-05
eec: 212.487
weight: 3.80077e-06
eec: 606.52
weight: 6.0824e-07
eec: 467.211
weight: 1.97619e-05
eec: 1642.69
weight: 1.64723e-05
eec: 93.6989
weight: 4.23988e-05
eec: 140.939
weight: 9.23479e-05
eec: 522.241
weight: 7.95399e-05
eec: 498.087
weight: 2.87843e-05
eec: 1560.16
weight: 1.69365e-05
eec: 682.394
weight: 9.41254e-06
eec: 158.149
weight: 3.04469e-05
eec: 504.627
weight: 0.000138723
eec: 990.87
weight: 4.80156e-06
eec: 154.439
weight: 1.79811e-05
eec: 1780.35
weight: 4.73154e-05
eec: 1042.71
weight: 6.21926e-05
eec: 372.596
weight: 1.6122e-07
eec: 1675.53
weight: 9.47639e-07
eec: 181.619
weight: 7.4272e-05
eec: 395.409
weight: 6.02847e-06
eec: 42.8942
weight: 3.94143e-05
eec: 1274.43
weight: 0.00017492
eec: 58.7405
weight: 9.33415e-05
eec: 85.6217
weight: 5.31458e-08
eec: 564.147
weight: 1.06669e-05
eec: 349.083
weight: 7.6493e-05
eec: 1224.18
weight: 2.28603e-05
eec: 140.05
weight: 1.64647e-05
eec: 277.177
weight: 1.0734e-05
eec: 237.653
weight: 6.7842e-07
eec: 28.1447
weight: 8.66638e-05
eec: 601.971
weight: 1.73913e-05
eec: 1425.68
weight: 5.15771e-06
eec: 63.33
weight: 3.68725e-06
eec: 1385.84
weight: 1.99916e-06
eec: 924.528
weight: 4.61677e-06
eec: 146.963
weight: 1.97859e-05
eec: 2826.23
weight: 0.000256384
eec: 152.876
weight: 6.66983e-06
eec: 15.035
weight: 0.000248059
eec: 127.673
weight: 4.80809e-06
eec: 1079.03
weight: 6.28981e-06
eec: 1788.45
weight: 2.15714e-05
eec: 113.95
weight: 1.22116e-05
eec: 367.491
weight: 4.49335e-05
eec: 1899.17
weight: 0.00087789
eec: 129.924
weight: 1.73513e-05
eec: 676.496
weight: 1.17221e-05
eec: 354.938
weight: 5.79122e-07
eec: 563.097
weight: 2.70417e-05
eec: 44.1559
weight: 0.000129109
eec: 91.2371
weight: 7.19587e-07
eec: 681.155
weight: 6.57588e-06
eec: 483.687
weight: 6.80865e-05
eec: 311.689
weight: 0.000102031
eec: 472.673
weight: 3.06169e-05
eec: 334.01
weight: 1.09149e-05
eec: 138.178
weight: 7.42377e-06
eec: 960.731
weight: 3.05744e-05
eec: 269.207
weight: 1.26277e-05
eec: 469.688
weight: 2.41148e-05
eec: 246.147
weight: 2.77017e-05
eec: 389.887
weight: 3.03329e-05
eec: 372.422
weight: 5.7771e-06
eec: 696.417
weight: 3.46008e-06
eec: 450.357
weight: 4.50668e-05
eec: 75.8321
weight: 2.2915e-06
eec: 14.8868
weight: 0.000162898
eec: 186.216
weight: 1.1653e-07
eec: 1129.82
weight: 2.61839e-08
eec: 153.904
weight: 8.28194e-06
eec: 486.142
weight: 6.04512e-06
eec: 9.82693
weight: 3.26687e-05
eec: 78.6072
weight: 3.91152e-05
eec: 286.366
weight: 1.76188e-05
eec: 60.3223
weight: 3.49881e-05
eec: 619.77
weight: 1.26747e-05
eec: 399.578
weight: 1.42321e-05
eec: 2258.84
weight: 1.25139e-05
eec: 818.194
Processing: 77.5 %weight: 6.08462e-06
eec: 186.393
weight: 5.92233e-06
eec: 410.957
weight: 1.1706e-05
eec: 203.398
weight: 0.000367426
eec: 14.2522
weight: 2.17719e-05
eec: 1562.25
weight: 5.10008e-06
eec: 318.352
weight: 0.000142139
eec: 363.277
weight: 3.64334e-06
eec: 966.004
weight: 2.34192e-07
eec: 509.261
weight: 5.35809e-06
eec: 816.764
weight: 0.000115283
eec: 66.3229
weight: 7.12531e-07
eec: 443.391
weight: 1.51595e-06
eec: 185.956
weight: 9.34971e-05
eec: 1408.63
weight: 8.68108e-06
eec: 455.049
weight: 4.81203e-06
eec: 678.177
weight: 6.43935e-06
eec: 416.649
weight: 0.000141881
eec: 677.258
weight: 3.4709e-05
eec: 737.831
weight: 1.87312e-05
eec: 1583.67
weight: 3.85314e-07
eec: 304.941
weight: 3.0981e-05
eec: 260.561
weight: 2.31039e-05
eec: 153.897
weight: 2.20896e-06
eec: 32.7964
weight: 0.000187467
eec: 208.278
weight: 0.000477642
eec: 153.148
weight: 9.89907e-06
eec: 273.144
weight: 0.000619908
eec: 350.86
weight: 1.0532e-05
eec: 289.313
weight: 0.00026973
eec: 137.315
weight: 1.46956e-05
eec: 527.082
weight: 6.57499e-06
eec: 152.017
weight: 1.1888e-05
eec: 656.451
weight: 3.44584e-06
eec: 1041.37
weight: 1.15243e-06
eec: 1187.48
weight: 3.04893e-06
eec: 1004.4
weight: 1.7273e-05
eec: 864.586
weight: 5.80428e-06
eec: 464.032
weight: 9.45778e-06
eec: 179.589
weight: 2.43336e-06
eec: 1109.07
weight: 0.000102978
eec: 143.106
weight: 0.0001512
eec: 172.786
weight: 1.89017e-05
eec: 598.639
weight: 5.13717e-08
eec: 224.774
weight: 3.6895e-05
eec: 388.591
weight: 1.7543e-05
eec: 263.587
weight: 5.46898e-06
eec: 419.038
weight: 1.39074e-05
eec: 288.456
weight: 6.71312e-06
eec: 332.164
weight: 9.85453e-05
eec: 131.277
weight: 5.64352e-05
eec: 194.759
weight: 4.06423e-05
eec: 130.681
weight: 0.000461951
eec: 114.766
weight: 5.00893e-05
eec: 50.42
weight: 0.000120517
eec: 202.895
weight: 2.64934e-05
eec: 1522.6
weight: 1.28787e-05
eec: 332.075
weight: 4.88747e-05
eec: 140.783
weight: 2.80653e-05
eec: 1893.09
weight: 6.05887e-06
eec: 356.498
weight: 8.70343e-06
eec: 428.557
weight: 7.02408e-06
eec: 1920.53
weight: 2.13967e-05
eec: 673.431
weight: 0.000297434
eec: 305.114
weight: 8.90956e-05
eec: 311.74
weight: 3.24937e-05
eec: 466.67
weight: 4.42717e-05
eec: 183.587
weight: 9.16858e-06
eec: 343.176
weight: 1.31219e-05
eec: 170.707
weight: 3.04044e-05
eec: 192.17
weight: 4.82063e-06
eec: 117.666
weight: 1.72403e-05
eec: 164.268
weight: 4.02579e-05
eec: 444.618
weight: 5.00052e-06
eec: 185.985
weight: 2.35662e-05
eec: 309.802
weight: 1.6895e-05
eec: 175.09
weight: 1.6566e-06
eec: 2671.25
weight: 9.94039e-06
eec: 119.741
weight: 0.000248075
eec: 591.729
weight: 6.88586e-06
eec: 23.2241
weight: 1.30766e-05
eec: 47.8957
weight: 7.38986e-05
eec: 47.2882
weight: 2.67676e-06
eec: 805.576
weight: 1.09105e-05
eec: 48.3523
weight: 0.000129988
eec: 27.6864
weight: 1.63658e-05
eec: 10.5426
weight: 4.01545e-05
eec: 432.947
weight: 5.52603e-06
eec: 639.99
weight: 2.16286e-05
eec: 441.806
weight: 8.67495e-06
eec: 48.5947
weight: 1.21686e-05
eec: 134.428
weight: 0.000101294
eec: 95.7816
weight: 0.000134452
eec: 883.274
weight: 3.57182e-05
eec: 197.166
weight: 0.000161687
eec: 348.148
weight: 5.62375e-06
eec: 55.0514
weight: 2.0247e-05
eec: 595.957
weight: 1.62265e-07
eec: 882.426
weight: 6.08849e-06
eec: 1482.77
weight: 0.000139728
eec: 669.337
weight: 5.8859e-06
eec: 91.409
weight: 3.75918e-05
eec: 318.468

ROOT exit code = 0
