gSystem->Load("run_condor_job_Run3_C.so");
run_condor_job_Run3(802, 100, 2,
                    80, 200,
                    1, 1, 1, 8);
.q

ENTERED run_condor_job_Run3()
JOBID = 802
  global job = 802  Job 2/100  events [120000, 180000)  total=6000000
Processing events [120000, 180000) of 6000000
weight: 6.56218e-07
eec: 122.297
weight: 2.59712e-07
eec: 1025.96
weight: 4.14622e-05
eec: 1063.62
weight: 7.0494e-06
eec: 795.07
weight: 1.07492e-05
eec: 241.665
weight: 2.12783e-05
eec: 2240.29
weight: 5.25056e-05
eec: 79.2796
weight: 1.8921e-05
eec: 209.447
weight: 0.000271588
eec: 103.616
weight: 8.12497e-06
eec: 877.409
weight: 4.42658e-05
eec: 657.431
weight: 3.07894e-06
eec: 130.46
weight: 0.000305005
eec: 140.322
weight: 9.99282e-06
eec: 457.113
weight: 7.88942e-05
eec: 60.2204
weight: 0.000174905
eec: 579.553
weight: 1.80034e-05
eec: 4508.78
weight: 5.60033e-06
eec: 205.948
weight: 7.17607e-05
eec: 3137.3
weight: 1.83986e-05
eec: 73.9383
weight: 4.783e-06
eec: 1222.22
weight: 1.33828e-05
eec: 558.344
weight: 2.02519e-05
eec: 366.807
weight: 1.27894e-05
eec: 164.769
weight: 9.85281e-06
eec: 82.2673
weight: 1.80009e-05
eec: 1195.96
weight: 2.34636e-07
eec: 339.673
weight: 0.000169729
eec: 292.52
weight: 0.000181455
eec: 103.469
weight: 7.37279e-05
eec: 286.82
weight: 2.98213e-05
eec: 2395.83
weight: 1.71881e-05
eec: 273.963
weight: 3.5568e-07
eec: 558.059
weight: 2.64698e-05
eec: 2195.1
weight: 1.08943e-05
eec: 91.2693
weight: 0.000189592
eec: 39.8591
weight: 1.07525e-05
eec: 319.556
weight: 0.000111907
eec: 115.032
weight: 6.08012e-05
eec: 271.347
weight: 0.000100135
eec: 156.508
weight: 2.09992e-05
eec: 63.392
weight: 5.24706e-05
eec: 390.205
weight: 1.19834e-05
eec: 656.383
weight: 0.000698005
eec: 1110.59
weight: 3.17494e-05
eec: 192.167
weight: 0.000152029
eec: 359.668
weight: 1.16165e-05
eec: 518.899
weight: 0.000549582
eec: 442.252
weight: 2.87144e-06
eec: 1358.57
weight: 5.10158e-06
eec: 783.378
weight: 2.55317e-05
eec: 341.034
weight: 2.03349e-05
eec: 322.173
weight: 0.000716999
eec: 403.22
weight: 1.39998e-05
eec: 1136.78
weight: 4.73073e-05
eec: 81.9942
weight: 7.46573e-06
eec: 365.321
weight: 4.87412e-05
eec: 94.4731
weight: 8.68009e-05
eec: 367.386
weight: 6.04138e-05
eec: 1272.61
weight: 2.69223e-05
eec: 571.434
weight: 1.16409e-05
eec: 709.908
weight: 1.41239e-06
eec: 83.5858
weight: 2.80173e-06
eec: 375.019
weight: 6.59089e-05
eec: 305.685
weight: 0.000417555
eec: 245.748
weight: 0.000139083
eec: 53.3563
weight: 1.44382e-05
eec: 181.208
weight: 1.13357e-05
eec: 296.183
weight: 5.75405e-05
eec: 553.833
weight: 7.12716e-06
eec: 59.6034
weight: 8.78969e-05
eec: 191.216
weight: 2.11069e-06
eec: 812.468
weight: 3.77656e-05
eec: 712.777
weight: 0.000513766
eec: 28.3345
weight: 2.69178e-07
eec: 1287.37
weight: 1.28285e-05
eec: 316.68
weight: 2.79465e-05
eec: 540.861
weight: 0.000128703
eec: 80.8922
weight: 8.00463e-05
eec: 79.3829
weight: 3.62274e-05
eec: 938.63
weight: 0.00023778
eec: 170.775
weight: 3.88277e-05
eec: 219.454
weight: 1.15639e-07
eec: 35.3915
weight: 0.000137122
eec: 228.235
weight: 0.000137122
eec: 227.036
weight: 0.000441072
eec: 427.668
weight: 2.50102e-05
eec: 295.508
weight: 2.0607e-06
eec: 767.403
weight: 9.04034e-06
eec: 47.678
weight: 1.69735e-05
eec: 106.787
weight: 0.00027407
eec: 43.2161
weight: 5.93996e-05
eec: 369.404
weight: 0.000169455
eec: 647.698
weight: 8.80567e-07
eec: 319.225
weight: 7.64396e-06
eec: 1957.3
weight: 1.57705e-07
eec: 323.788
weight: 4.46645e-06
eec: 111.096
weight: 0.000118928
eec: 298.14
weight: 5.15032e-05
eec: 47.2873
weight: 0.000112084
eec: 1364.78
weight: 4.5302e-06
eec: 1043.13
weight: 3.25678e-06
eec: 237.166
weight: 5.64141e-06
eec: 814.081
weight: 3.38323e-05
eec: 445.092
weight: 7.38314e-06
eec: 60.5381
weight: 0.000163637
eec: 619.104
weight: 3.91716e-05
eec: 242.884
weight: 1.24696e-05
eec: 238.594
weight: 7.45908e-06
eec: 1577.77
weight: 7.33899e-05
eec: 2614.77
weight: 7.33899e-05
eec: 158.956
weight: 2.95905e-05
eec: 15.5651
weight: 4.99201e-05
eec: 1435.08
weight: 8.71806e-06
eec: 50.6681
weight: 8.78019e-05
eec: 156.074
weight: 2.35249e-05
eec: 383.789
weight: 6.3373e-06
eec: 554.695
weight: 7.22454e-07
eec: 555.131
weight: 3.39771e-05
eec: 451.794
weight: 5.61129e-05
eec: 269.037
weight: 1.9968e-06
eec: 367.566
weight: 0.000173451
eec: 193.159
weight: 0.000255474
eec: 1481.44
weight: 0.000102594
eec: 710.16
weight: 0.000251031
eec: 70.3419
weight: 1.17705e-05
eec: 409.301
weight: 3.49409e-06
eec: 1550.18
weight: 1.35306e-05
eec: 1720.5
weight: 2.32673e-06
eec: 519.997
weight: 0.000242044
eec: 349.602
Processing: 2.5 %weight: 0.000105064
eec: 386.945
weight: 9.85549e-05
eec: 483.028
weight: 2.17415e-08
eec: 512.808
weight: 2.171e-06
eec: 134.466
weight: 0.000335445
eec: 564.66
weight: 6.58695e-06
eec: 86.2342
weight: 0.000132327
eec: 507.979
weight: 1.9359e-05
eec: 161.893
weight: 9.37694e-06
eec: 589.904
weight: 5.56802e-05
eec: 343.831
weight: 4.9887e-06
eec: 534.085
weight: 0.000169584
eec: 406.066
weight: 9.19621e-07
eec: 1181.14
weight: 2.98859e-05
eec: 183.311
weight: 0.00014256
eec: 1722
weight: 8.55133e-05
eec: 597.913
weight: 1.34773e-05
eec: 191.82
weight: 2.06062e-05
eec: 141.574
weight: 1.06867e-05
eec: 1560.27
weight: 2.69251e-05
eec: 373.268
weight: 3.31833e-07
eec: 1670.51
weight: 6.75185e-06
eec: 519.465
weight: 8.29181e-05
eec: 696.477
weight: 9.29074e-06
eec: 1210.27
weight: 0.000422304
eec: 332.883
weight: 2.65995e-05
eec: 1376.43
weight: 1.89668e-05
eec: 639.772
weight: 1.35444e-05
eec: 1354.69
weight: 0.000110553
eec: 54.7163
weight: 1.42626e-05
eec: 236.581
weight: 0.000172707
eec: 232.494
weight: 6.58355e-06
eec: 3059.22
weight: 9.13866e-05
eec: 1347.3
weight: 7.53992e-06
eec: 377.996
weight: 3.37962e-08
eec: 953.643
weight: 0.00118132
eec: 762.221
weight: 3.07604e-06
eec: 584.84
weight: 6.2668e-06
eec: 489.887
weight: 2.3169e-05
eec: 2506.59
weight: 3.78745e-05
eec: 90.5067
weight: 3.0691e-05
eec: 208.777
weight: 5.50978e-06
eec: 101.811
weight: 3.53359e-06
eec: 2381.74
weight: 0.000147579
eec: 73.5682
weight: 8.51732e-05
eec: 625.563
weight: 8.45765e-07
eec: 163.945
weight: 1.37521e-05
eec: 318.13
weight: 1.36281e-05
eec: 122.31
weight: 3.65348e-09
eec: 193.855
weight: 0.000144017
eec: 343.917
weight: 5.05966e-06
eec: 230.249
weight: 3.89737e-05
eec: 1524.93
weight: 0.0001756
eec: 414.116
weight: 0.00011563
eec: 228.11
weight: 0.00011567
eec: 361.604
weight: 8.06563e-05
eec: 166.354
weight: 7.49051e-05
eec: 60.8309
weight: 3.36585e-05
eec: 216.555
weight: 3.88941e-05
eec: 258.069
weight: 1.19094e-05
eec: 372.257
weight: 1.22817e-07
eec: 97.7643
weight: 1.61626e-06
eec: 975.21
weight: 6.08681e-07
eec: 44.519
weight: 1.76358e-05
eec: 704.901
weight: 8.42385e-06
eec: 2276.27
weight: 1.04038e-07
eec: 250.41
weight: 3.01975e-05
eec: 474.865
weight: 0.000157292
eec: 167.166
weight: 3.16318e-05
eec: 2252.62
weight: 6.64214e-05
eec: 387.405
weight: 0.000218288
eec: 416.305
weight: 1.52662e-05
eec: 1009.64
weight: 5.55921e-07
eec: 216.913
weight: 2.01561e-05
eec: 177.498
weight: 7.98364e-05
eec: 280.162
weight: 5.01283e-05
eec: 80.1351
weight: 0.000414144
eec: 679.295
weight: 2.65086e-07
eec: 480.791
weight: 1.50735e-06
eec: 5213.33
weight: 6.91418e-05
eec: 139.882
weight: 0.000202367
eec: 45.6243
weight: 2.86722e-05
eec: 1230.39
weight: 1.47947e-05
eec: 107.169
weight: 2.15159e-06
eec: 108.1
weight: 3.78932e-06
eec: 1880.92
weight: 3.78932e-06
eec: 490.927
weight: 5.08548e-06
eec: 200.168
weight: 2.01987e-05
eec: 1218.74
weight: 7.57322e-05
eec: 506.238
weight: 4.00765e-05
eec: 517.184
weight: 4.57993e-06
eec: 229.059
weight: 6.1091e-05
eec: 505.823
weight: 0.000102218
eec: 390.694
weight: 8.24188e-06
eec: 2018.62
weight: 0.000430255
eec: 77.888
weight: 1.09279e-05
eec: 864.221
weight: 2.02456e-05
eec: 1769.12
weight: 7.15324e-06
eec: 1286.01
weight: 6.6009e-05
eec: 182.064
weight: 1.78725e-06
eec: 437.077
weight: 0.000632731
eec: 132.724
weight: 8.29354e-05
eec: 317.728
weight: 5.64357e-06
eec: 1822.4
weight: 7.80432e-06
eec: 1046.15
weight: 9.88227e-05
eec: 215.608
weight: 3.92367e-06
eec: 1140.39
weight: 0.000290684
eec: 149.524
weight: 2.14523e-05
eec: 1777.45
weight: 3.18022e-06
eec: 1358.92
weight: 1.77271e-05
eec: 63.952
weight: 5.79742e-06
eec: 510.434
weight: 0.000867354
eec: 1116.1
weight: 3.56984e-06
eec: 924.77
weight: 1.25243e-05
eec: 1876.84
weight: 5.79311e-06
eec: 2977.67
weight: 1.94964e-05
eec: 280.476
weight: 1.27678e-07
eec: 50.3991
weight: 0.000554567
eec: 986.637
weight: 4.62824e-05
eec: 318.649
weight: 9.7685e-06
eec: 796.658
weight: 2.9305e-05
eec: 945.517
weight: 3.57565e-06
eec: 84.8168
weight: 7.89895e-07
eec: 246.786
weight: 0.00011697
eec: 48.0131
weight: 6.39718e-07
eec: 167.475
weight: 0.000183193
eec: 481.66
weight: 0.000214782
eec: 93.0628
weight: 0.000115738
eec: 157.838
weight: 3.0643e-05
eec: 984.2
weight: 0.000236753
eec: 117.126
weight: 9.68391e-05
eec: 190.075
weight: 2.66646e-07
eec: 425.583
weight: 0.000176673
eec: 1113.04

ROOT exit code = 0
