gSystem->Load("run_condor_job_Run3_C.so");
run_condor_job_Run3(522, 100, 2,
                    80, 200,
                    1, 1, 1, 5);
.q

ENTERED run_condor_job_Run3()
JOBID = 522
  global job = 522  Job 22/100  events [1320000, 1380000)  total=6000000
Processing events [1320000, 1380000) of 6000000
weight: 0.000189214
eec: 80.1363
weight: 6.34268e-05
eec: 814.468
weight: 0.000632103
eec: 954.754
weight: 1.42171e-05
eec: 3412.33
weight: 2.65491e-05
eec: 946.009
weight: 0.00310268
eec: 15.9306
weight: 5.71846e-06
eec: 2324.32
weight: 4.42264e-06
eec: 219.369
weight: 5.2106e-06
eec: 905.713
weight: 4.81061e-06
eec: 31.3307
weight: 4.24706e-05
eec: 232.189
weight: 0.000392347
eec: 7.13641
weight: 0.000107601
eec: 798.724
weight: 0.000174811
eec: 997.679
weight: 0.000103978
eec: 129.413
weight: 0.000217643
eec: 6.58151
weight: 1.33095e-05
eec: 875.508
weight: 0.000284759
eec: 271.426
weight: 2.64667e-05
eec: 151.131
weight: 1.295e-05
eec: 1052.15
weight: 2.94064e-05
eec: 294.717
weight: 7.3085e-05
eec: 62.1963
weight: 0.000185759
eec: 1037.5
weight: 4.10901e-06
eec: 179.318
weight: 0.000199715
eec: 489.577
weight: 0.00015062
eec: 102.263
weight: 6.23717e-06
eec: 95.5599
weight: 1.10917e-05
eec: 1135.97
weight: 1.31792e-05
eec: 286.119
weight: 1.29289e-06
eec: 85.5111
weight: 2.81954e-05
eec: 368.302
weight: 9.3928e-06
eec: 1212.18
weight: 6.87779e-06
eec: 647.781
weight: 1.62918e-05
eec: 37.9051
weight: 6.74857e-05
eec: 152.745
weight: 3.59602e-05
eec: 222.866
weight: 9.76578e-07
eec: 564.368
weight: 0.000138785
eec: 335.862
weight: 4.81903e-05
eec: 13.1973
weight: 5.43331e-05
eec: 777.657
weight: 0.000108069
eec: 632.98
weight: 5.13194e-05
eec: 485.888
weight: 3.87057e-07
eec: 224.837
weight: 4.44055e-05
eec: 188.946
weight: 0.000222796
eec: 1578.01
weight: 2.19649e-05
eec: 528.723
weight: 5.13581e-05
eec: 514.776
weight: 0.000429554
eec: 447.769
weight: 1.96971e-05
eec: 664.243
weight: 3.11183e-05
eec: 363.305
weight: 1.82454e-05
eec: 1579.51
weight: 2.09013e-06
eec: 168.577
weight: 6.57739e-05
eec: 123.869
weight: 4.50796e-05
eec: 130.687
weight: 0.000119665
eec: 190.736
weight: 6.34563e-08
eec: 3.39091
weight: 2.96253e-06
eec: 3270.06
weight: 3.83814e-06
eec: 537.051
weight: 4.46028e-05
eec: 561.237
weight: 2.08671e-05
eec: 135.918
weight: 6.58516e-05
eec: 32.323
weight: 6.90798e-06
eec: 133.752
weight: 2.89879e-05
eec: 659.703
weight: 0.000155006
eec: 226.159
weight: 9.20941e-06
eec: 249.061
weight: 1.28089e-05
eec: 288.624
weight: 2.39377e-05
eec: 104.384
weight: 8.07163e-05
eec: 306.998
weight: 4.12785e-05
eec: 300.04
weight: 0.000176508
eec: 422.013
weight: 0.000289422
eec: 351.196
weight: 2.60228e-06
eec: 406.502
weight: 6.58194e-06
eec: 193.477
weight: 1.31108e-05
eec: 470.627
weight: 3.28868e-05
eec: 82.6724
weight: 6.82695e-06
eec: 1294.15
weight: 3.69586e-06
eec: 802.407
weight: 0.000599894
eec: 568.151
weight: 0.000883662
eec: 718.49
weight: 0.000137619
eec: 168.037
weight: 9.83259e-06
eec: 493.003
weight: 0.000171789
eec: 199.603
weight: 4.1337e-07
eec: 442.487
weight: 1.7177e-05
eec: 1294.69
weight: 2.83309e-07
eec: 842.685
weight: 5.96624e-06
eec: 2182.55
weight: 0.000198596
eec: 596.19
weight: 0.00160851
eec: 775.253
weight: 5.28292e-05
eec: 160.378
weight: 2.24697e-05
eec: 615.54
weight: 4.75401e-06
eec: 157.386
weight: 0.000148747
eec: 891.334
weight: 1.30829e-05
eec: 489.021
weight: 2.39053e-05
eec: 1039.58
weight: 5.76405e-06
eec: 94.6202
weight: 1.67216e-05
eec: 20.531
weight: 6.84595e-06
eec: 304.266
weight: 4.57485e-07
eec: 85.3744
weight: 9.46709e-06
eec: 108.7
weight: 2.52371e-05
eec: 2792.04
weight: 8.3191e-06
eec: 42.0493
weight: 9.38652e-05
eec: 347.146
weight: 5.87969e-07
eec: 104.683
weight: 0.000386125
eec: 116.568
weight: 1.83481e-05
eec: 190.33
weight: 2.97981e-05
eec: 2482.06
weight: 1.25047e-05
eec: 682.003
weight: 9.37462e-06
eec: 854.266
weight: 0.000642366
eec: 207.618
weight: 1.52382e-05
eec: 662.641
weight: 1.91515e-07
eec: 746.056
weight: 6.45949e-06
eec: 397.153
weight: 1.2401e-05
eec: 2393.17
weight: 5.18937e-05
eec: 75.7806
weight: 1.17487e-05
eec: 524.187
weight: 1.48309e-05
eec: 402.387
weight: 2.02627e-05
eec: 429.138
weight: 9.65654e-05
eec: 65.9609
weight: 2.76299e-05
eec: 210.321
weight: 7.04e-06
eec: 953.175
weight: 8.56399e-05
eec: 129.833
weight: 7.21383e-06
eec: 86.9209
weight: 4.02593e-06
eec: 990.334
weight: 2.09105e-05
eec: 1621.35
weight: 2.47461e-05
eec: 784.53
weight: 1.84638e-05
eec: 62.2845
weight: 2.33379e-05
eec: 456.022
weight: 1.55234e-05
eec: 679
weight: 8.83205e-06
eec: 118.411
weight: 1.95066e-05
eec: 556.762
weight: 2.23449e-06
eec: 3582.47
weight: 1.80967e-05
eec: 1743.99
weight: 3.49127e-06
eec: 1103.92
weight: 0.000196455
eec: 272.034
weight: 5.51729e-05
eec: 331.21
Processing: 22.5 %weight: 4.35988e-06
eec: 16.1324
weight: 1.45846e-05
eec: 1649.71
weight: 1.74013e-06
eec: 113.431
weight: 1.14385e-06
eec: 328.192
weight: 3.27907e-05
eec: 633.367
weight: 0.000471751
eec: 26.6785
weight: 0.000457788
eec: 664.22
weight: 0.000159524
eec: 88.0152
weight: 1.22522e-06
eec: 229.898
weight: 0.000700032
eec: 144.526
weight: 1.51961e-05
eec: 93.7338
weight: 0.000148502
eec: 134.12
weight: 0.000135779
eec: 368.848
weight: 1.37071e-05
eec: 1367.94
weight: 2.84985e-07
eec: 208.237
weight: 4.89078e-05
eec: 2707.73
weight: 1.29862e-05
eec: 2317.37
weight: 1.76857e-06
eec: 335.416
weight: 7.14089e-05
eec: 350.032
weight: 1.27952e-05
eec: 709.417
weight: 1.43374e-05
eec: 814.086
weight: 4.02755e-05
eec: 28.4915
weight: 2.7541e-05
eec: 698.19
weight: 0.000163239
eec: 19.3304
weight: 0.00193436
eec: 620.89
weight: 1.10443e-06
eec: 550.349
weight: 1.37702e-05
eec: 919.663
weight: 0.000119457
eec: 855.582
weight: 1.99367e-05
eec: 501.273
weight: 0.000526338
eec: 1183.04
weight: 3.23398e-05
eec: 25.9776
weight: 1.68157e-05
eec: 816.579
weight: 7.75395e-05
eec: 21.0995
weight: 1.43404e-05
eec: 302.13
weight: 3.94831e-05
eec: 3003.53
weight: 3.94831e-05
eec: 1136.45
weight: 2.24102e-05
eec: 431.906
weight: 2.57314e-05
eec: 1111.48
weight: 8.67746e-06
eec: 2512.57
weight: 5.46794e-06
eec: 78.7456
weight: 5.46794e-06
eec: 94.5588
weight: 5.46794e-06
eec: 128.594
weight: 7.36416e-06
eec: 262.537
weight: 2.68754e-05
eec: 568.252
weight: 8.07064e-06
eec: 143.402
weight: 5.64325e-05
eec: 281.477
weight: 2.57047e-05
eec: 200.262
weight: 5.29432e-05
eec: 38.4876
weight: 6.6357e-09
eec: 647.849
weight: 3.48985e-05
eec: 107.158
weight: 8.40991e-05
eec: 280.678
weight: 2.12694e-05
eec: 132.736
weight: 8.60876e-06
eec: 4863.63
weight: 2.00914e-05
eec: 2228.17
weight: 7.68812e-05
eec: 49.537
weight: 1.0738e-05
eec: 443.91
weight: 3.9594e-05
eec: 20.802
weight: 4.72035e-06
eec: 721.253
weight: 0.000110781
eec: 47.4951
weight: 8.82066e-05
eec: 404.115
weight: 0.000172453
eec: 1044.3
weight: 2.94034e-05
eec: 642.054
weight: 0.000225358
eec: 273.79
weight: 5.53357e-06
eec: 487.125
weight: 0.000169539
eec: 316.204
weight: 1.5851e-06
eec: 491.736
weight: 2.85196e-05
eec: 1076.7
weight: 6.84366e-05
eec: 40.1516
weight: 1.28091e-05
eec: 482.384
weight: 0.000240494
eec: 821.692
weight: 1.70424e-05
eec: 38.8692
weight: 1.57868e-06
eec: 13.8655
weight: 3.50131e-07
eec: 116.438
weight: 3.91095e-07
eec: 774.787
weight: 0.00114033
eec: 309.157
weight: 0.000151122
eec: 155.394
weight: 0.000108492
eec: 422.906
weight: 1.16839e-06
eec: 1801.35
weight: 1.28251e-06
eec: 3936.28
weight: 3.90753e-05
eec: 242.018
weight: 0.000243383
eec: 315.566
weight: 4.75934e-06
eec: 50.9115
weight: 5.73502e-06
eec: 478.407
weight: 0.000648289
eec: 22.1568
weight: 1.83769e-05
eec: 711.439
weight: 5.31216e-06
eec: 54.1844
weight: 2.0664e-05
eec: 2660.43
weight: 1.47729e-05
eec: 572.689
weight: 8.88281e-06
eec: 257.852
weight: 2.30326e-07
eec: 217.171
weight: 0.000234852
eec: 332.799
weight: 6.5925e-06
eec: 350.301
weight: 2.81791e-05
eec: 2416.02
weight: 5.21385e-05
eec: 741.829
weight: 1.04738e-05
eec: 244.147
weight: 0.000191173
eec: 554.54
weight: 0.000243261
eec: 179.677
weight: 3.32717e-05
eec: 2475
weight: 0.000902049
eec: 20.4378
weight: 3.99691e-06
eec: 1383.29
weight: 1.20868e-05
eec: 604.139
weight: 4.17465e-05
eec: 1170.52
weight: 0.000127115
eec: 591.486
weight: 3.0091e-05
eec: 1185.25
weight: 1.56404e-05
eec: 844.877
weight: 6.5158e-05
eec: 254.516
weight: 5.7979e-07
eec: 187.135
weight: 7.2204e-06
eec: 722.919
weight: 2.14881e-05
eec: 470.459
weight: 2.11553e-05
eec: 1068.21
weight: 5.59686e-05
eec: 455.597
weight: 9.32825e-05
eec: 61.5515
weight: 1.81356e-05
eec: 879.798

ROOT exit code = 0
