gSystem->Load("run_condor_job_Run3_C.so");
run_condor_job_Run3(709, 100, 2,
                    80, 200,
                    1, 1, 1, 7);
.q

ENTERED run_condor_job_Run3()
JOBID = 709
  global job = 709  Job 9/100  events [512460, 569400)  total=5694000
Processing events [512460, 569400) of 5694000
weight: 0.000269331
eec: 276.005
weight: 0.00111327
eec: 290.433
weight: 2.27677e-06
eec: 1354.37
weight: 0.0002074
eec: 326.309
weight: 2.44419e-05
eec: 2287.14
weight: 6.81662e-05
eec: 287.506
weight: 0.000884711
eec: 77.3492
weight: 3.76772e-06
eec: 398.537
weight: 5.4511e-06
eec: 628.922
weight: 8.31204e-06
eec: 2021.16
weight: 2.65274e-05
eec: 80.3389
weight: 0.000109907
eec: 202.371
weight: 3.92559e-05
eec: 289.925
weight: 2.18688e-05
eec: 766.083
weight: 0.000425121
eec: 697.753
weight: 1.60008e-05
eec: 556.095
weight: 3.37322e-06
eec: 619.32
weight: 2.99135e-05
eec: 263.416
weight: 1.6181e-06
eec: 803.722
weight: 1.07327e-05
eec: 23.7908
weight: 6.9631e-06
eec: 1202.6
weight: 6.7693e-06
eec: 94.6453
weight: 3.04017e-05
eec: 95.6402
weight: 5.53779e-06
eec: 1538.03
weight: 0.000380394
eec: 799.887
weight: 0.000394707
eec: 11.9047
weight: 8.99512e-07
eec: 907.98
weight: 8.70913e-06
eec: 881.332
weight: 0.000467112
eec: 296.837
weight: 1.82821e-05
eec: 532.438
weight: 4.22652e-06
eec: 545.496
weight: 0.000140753
eec: 595.722
weight: 5.96351e-05
eec: 93.3931
weight: 2.34562e-05
eec: 3122.06
weight: 1.31953e-06
eec: 33.1351
weight: 4.51521e-05
eec: 71.6318
weight: 1.26877e-05
eec: 55.402
weight: 7.79513e-07
eec: 2797.87
weight: 3.19628e-05
eec: 137.81
weight: 1.43394e-06
eec: 669.02
weight: 1.06526e-05
eec: 795.112
weight: 1.86831e-05
eec: 43.8567
weight: 1.79693e-05
eec: 1676.39
weight: 7.13934e-05
eec: 243.495
weight: 0.000430301
eec: 372.328
weight: 5.84436e-06
eec: 240.896
weight: 0.0001251
eec: 6.04924
weight: 8.64624e-06
eec: 71.945
weight: 8.64624e-06
eec: 668.639
weight: 0.000263973
eec: 620.242
weight: 7.43277e-06
eec: 1384.36
weight: 1.96108e-05
eec: 697.201
weight: 0.000525153
eec: 219.089
weight: 1.5151e-06
eec: 787.232
weight: 4.33374e-05
eec: 89.8387
weight: 0.000277879
eec: 401.19
weight: 2.2589e-07
eec: 190.647
weight: 0.000224325
eec: 592.588
weight: 3.15808e-05
eec: 42.3344
weight: 0.000129832
eec: 671.89
weight: 0.000139205
eec: 168.34
weight: 3.02886e-05
eec: 77.7357
weight: 0.000664376
eec: 777.88
weight: 1.12052e-05
eec: 358.235
weight: 9.8827e-05
eec: 571.787
weight: 7.79334e-06
eec: 281.778
weight: 9.06359e-07
eec: 688.888
weight: 3.75738e-05
eec: 798.16
weight: 1.13561e-05
eec: 1756.35
weight: 3.74032e-06
eec: 256.363
weight: 2.09377e-05
eec: 758.195
weight: 1.26117e-05
eec: 705.674
weight: 1.02441e-05
eec: 703.681
weight: 2.18861e-05
eec: 2411.01
weight: 1.03117e-05
eec: 245.025
weight: 4.57308e-05
eec: 792.524
weight: 6.76574e-07
eec: 291.175
weight: 1.06835e-05
eec: 236.074
weight: 8.82245e-05
eec: 642.805
weight: 0.00105778
eec: 526.495
weight: 5.82897e-05
eec: 115.165
weight: 8.19202e-05
eec: 2403.29
weight: 1.56106e-06
eec: 149.503
weight: 1.00845e-07
eec: 1024.03
weight: 6.40453e-06
eec: 1745.3
weight: 2.06258e-05
eec: 1470.73
weight: 0.000922054
eec: 43.8959
weight: 1.24287e-05
eec: 833.9
weight: 0.000103582
eec: 269.411
weight: 6.02779e-06
eec: 1139.79
weight: 3.53119e-05
eec: 177.689
weight: 3.36293e-07
eec: 1058.82
weight: 0.00148924
eec: 950.002
weight: 2.8464e-06
eec: 4710.29
weight: 4.08632e-05
eec: 725.525
weight: 1.1385e-05
eec: 492.827
weight: 4.50121e-06
eec: 2852.02
weight: 0.000163376
eec: 153.925
weight: 4.14524e-05
eec: 273.417
weight: 1.74457e-05
eec: 129.586
weight: 0.000169818
eec: 77.5845
weight: 0.000122198
eec: 282.151
weight: 1.82462e-05
eec: 1534.95
weight: 9.51018e-06
eec: 488.856
weight: 9.30365e-06
eec: 271.942
weight: 8.1737e-06
eec: 554.855
weight: 2.15011e-05
eec: 1643.79
weight: 0.000317628
eec: 95.5461
weight: 1.22164e-06
eec: 329.253
weight: 0.00016082
eec: 1512.13
weight: 7.9458e-06
eec: 69.0895
weight: 1.91285e-05
eec: 755.283
weight: 0.00109085
eec: 211.109
weight: 8.87565e-06
eec: 701.261
weight: 0.00160406
eec: 503.343
weight: 1.05232e-05
eec: 65.594
weight: 4.52545e-05
eec: 1070.47
weight: 2.94413e-05
eec: 1498.85
weight: 2.5831e-07
eec: 70.9517
weight: 0.000265422
eec: 561.453
weight: 1.70945e-06
eec: 313.113
weight: 6.13148e-05
eec: 1556.4
weight: 1.84074e-06
eec: 1601.79
weight: 8.87304e-06
eec: 291.226
weight: 0.000103258
eec: 684.833
weight: 9.52407e-05
eec: 10.8741
weight: 1.48608e-05
eec: 405.8
weight: 0.00045712
eec: 78.7707
weight: 0.000429336
eec: 345.312
weight: 2.45648e-05
eec: 1560.91
weight: 3.25041e-05
eec: 169.757
weight: 8.62136e-08
eec: 823.595
weight: 0.000175636
eec: 416.232
weight: 2.0993e-06
eec: 1368.95
weight: 1.93342e-05
eec: 140.046
weight: 0.00011997
eec: 751.446
weight: 3.05772e-05
eec: 247.317
weight: 0.000162057
eec: 1003.46
weight: 0.000139753
eec: 830.792
weight: 1.18807e-05
eec: 545.979
weight: 8.15658e-08
eec: 297.66
weight: 9.73204e-05
eec: 621.93
weight: 1.91031e-05
eec: 522.778
weight: 7.02768e-05
eec: 463.726
weight: 5.9305e-07
eec: 295.52
weight: 6.66277e-06
eec: 103.793
weight: 5.42097e-06
eec: 900.955
weight: 7.38461e-06
eec: 20.2621
weight: 7.79054e-05
eec: 315.553
weight: 9.77254e-06
eec: 222.05
weight: 3.96264e-06
eec: 461.55
weight: 0.000253808
eec: 413.675
weight: 0.000571693
eec: 189.538
weight: 3.9002e-06
eec: 1437.87
weight: 8.44874e-08
eec: 435.475
weight: 1.16149e-06
eec: 215.576
weight: 0.000277737
eec: 400.537
weight: 5.85661e-05
eec: 951.244
weight: 5.09193e-05
eec: 375.598
weight: 4.03138e-05
eec: 75.5382
weight: 0.000443119
eec: 1016.11
weight: 9.02721e-06
eec: 254.323
weight: 4.19329e-05
eec: 1318.06
weight: 5.52608e-05
eec: 84.0474
weight: 6.06365e-06
eec: 164.147
weight: 1.62327e-05
eec: 46.3058
weight: 1.08101e-05
eec: 1376.41
weight: 3.05694e-05
eec: 490.664
weight: 1.33191e-05
eec: 193.38
weight: 3.36847e-05
eec: 172.085
weight: 2.91291e-05
eec: 69.7944
weight: 6.64479e-05
eec: 145.67
weight: 0.000104998
eec: 453.496
weight: 0.000240693
eec: 121.26
weight: 0.000240693
eec: 67.5417
weight: 7.13875e-05
eec: 862.783
weight: 1.21156e-07
eec: 1066.97
Processing: 9.65929 %weight: 1.2985e-05
eec: 617.714
weight: 1.08302e-05
eec: 1131.41
weight: 0.00364081
eec: 118.341
weight: 6.69479e-05
eec: 545.117
weight: 5.21964e-05
eec: 258.187
weight: 0.000107054
eec: 594.695
weight: 8.85815e-07
eec: 230.326
weight: 0.000182081
eec: 877.857
weight: 4.65338e-05
eec: 697.741
weight: 7.40841e-05
eec: 134.52
weight: 1.81335e-05
eec: 98.2767
weight: 8.22194e-05
eec: 848.791
weight: 1.38815e-05
eec: 286.891
weight: 2.08698e-06
eec: 640.335
weight: 2.35334e-05
eec: 327.202
weight: 5.08949e-06
eec: 1043.89
weight: 1.49459e-05
eec: 1377.13
weight: 2.59056e-05
eec: 219.714
weight: 2.13887e-07
eec: 1236.09
weight: 5.70961e-05
eec: 140.099
weight: 1.09723e-06
eec: 541.629
weight: 5.51286e-05
eec: 95.5104
weight: 5.75925e-06
eec: 506.668
weight: 2.52279e-05
eec: 195.457
weight: 3.86899e-05
eec: 700.063
weight: 0.000241505
eec: 434.518
weight: 1.28744e-05
eec: 361.8
weight: 2.86911e-06
eec: 1555.65
weight: 3.53685e-05
eec: 118.156
weight: 1.86888e-05
eec: 156.471
weight: 1.01416e-05
eec: 684.012
weight: 2.38672e-05
eec: 820.458
weight: 0.000837156
eec: 212.852
weight: 1.80452e-05
eec: 187.189
weight: 2.7088e-05
eec: 1850.25
weight: 0.000973385
eec: 844.024
weight: 1.57017e-05
eec: 406.161
weight: 5.64666e-05
eec: 621.529
weight: 0.000210486
eec: 98.8597
weight: 0.000126893
eec: 322.71
weight: 9.01922e-06
eec: 637.505
weight: 2.98034e-05
eec: 805.852
weight: 4.14898e-05
eec: 175.992
weight: 8.6535e-05
eec: 995.184
weight: 6.34197e-05
eec: 661.963
weight: 2.15279e-05
eec: 249.317
weight: 3.32752e-05
eec: 127.755
weight: 1.44845e-05
eec: 1100.29
weight: 2.46691e-06
eec: 320.152
weight: 3.89824e-05
eec: 998.512
weight: 5.32278e-05
eec: 591.601
weight: 2.59962e-05
eec: 1049.85
weight: 2.11064e-05
eec: 684.564
weight: 0.000186613
eec: 138.784
weight: 2.18266e-05
eec: 66.4406
weight: 1.12606e-05
eec: 109.734
weight: 4.10079e-05
eec: 273.454
weight: 0.000101057
eec: 1121.09
weight: 3.01555e-06
eec: 377.685
weight: 8.5905e-05
eec: 1286.85
weight: 5.51245e-06
eec: 35.4487
weight: 0.000415923
eec: 639.157
weight: 2.07868e-06
eec: 458.471
weight: 8.71348e-08
eec: 126.961
weight: 0.000449614
eec: 1171.22
weight: 2.54552e-07
eec: 878.941
weight: 0.000114536
eec: 489.325
weight: 5.30245e-05
eec: 301.215
weight: 4.22209e-05
eec: 292.908
weight: 3.70049e-05
eec: 321.568
weight: 0.000236254
eec: 755.699
weight: 0.000191309
eec: 243.433
weight: 4.80848e-05
eec: 714.933
weight: 5.32788e-06
eec: 134.317
weight: 3.40836e-05
eec: 598.035
weight: 2.16747e-05
eec: 345.829
weight: 1.11987e-05
eec: 190.629
weight: 1.09391e-06
eec: 33.3421
weight: 1.09391e-06
eec: 1057.81
weight: 5.15525e-06
eec: 1342.36
weight: 1.72279e-05
eec: 5276.62
weight: 8.31142e-05
eec: 185.9
weight: 1.19912e-05
eec: 249.036
weight: 1.99901e-05
eec: 140.097
weight: 8.28931e-06
eec: 763.871
weight: 0.000243999
eec: 125.714
weight: 1.10406e-05
eec: 1836.21
weight: 4.09342e-06
eec: 896.992
weight: 3.61182e-05
eec: 174.181
weight: 7.60072e-06
eec: 402.873
weight: 1.05372e-05
eec: 57.1127
weight: 0.000129759
eec: 103.549
weight: 4.38525e-05
eec: 238.864
weight: 2.15664e-05
eec: 483.53
weight: 5.82923e-06
eec: 854.907

ROOT exit code = 0
