gSystem->Load("run_condor_job_Run3_C.so");
run_condor_job_Run3(87, 100, 2,
                    80, 200,
                    1, 1, 1, 0);
.q

ENTERED run_condor_job_Run3()
JOBID = 87
  global job = 87  Job 87/100  events [5214780, 5274720)  total=5994000
Processing events [5214780, 5274720) of 5994000
weight: 8.2338e-05
eec: 78.1334
weight: 6.57499e-06
eec: 909.32
weight: 0.000123337
eec: 1087.96
weight: 8.48478e-06
eec: 623.079
weight: 0.000269715
eec: 1153.27
weight: 9.23349e-06
eec: 1102.35
weight: 2.06592e-05
eec: 72.4283
weight: 3.23238e-05
eec: 1446.96
weight: 4.0223e-06
eec: 1058.84
weight: 4.78135e-05
eec: 887.46
weight: 2.30401e-06
eec: 66.8958
weight: 1.90344e-05
eec: 187.27
weight: 7.23858e-05
eec: 158.069
weight: 7.78583e-06
eec: 2562.21
weight: 0.000324609
eec: 147.448
weight: 3.33306e-05
eec: 1569.48
weight: 2.87864e-05
eec: 642.487
weight: 0.000186771
eec: 297.152
weight: 9.07587e-06
eec: 573.522
weight: 1.59669e-05
eec: 25.5166
weight: 9.92313e-05
eec: 220.032
weight: 5.42296e-06
eec: 528.315
weight: 1.68426e-05
eec: 1772.42
weight: 1.68426e-05
eec: 362.836
weight: 1.75643e-05
eec: 4872.48
weight: 5.80791e-05
eec: 1353.7
weight: 0.00024412
eec: 482.062
weight: 5.28673e-05
eec: 59.2317
weight: 7.70862e-05
eec: 195.303
weight: 2.24411e-05
eec: 1013.67
weight: 5.78245e-05
eec: 441.94
weight: 2.68129e-05
eec: 1258.91
weight: 1.70657e-05
eec: 213.799
weight: 1.38941e-05
eec: 2079.26
weight: 4.00674e-05
eec: 273.554
weight: 0.000144376
eec: 280.058
weight: 5.90433e-06
eec: 2259.46
weight: 5.31935e-05
eec: 1156.55
weight: 4.45644e-06
eec: 16.0739
weight: 2.85543e-06
eec: 1156.78
weight: 9.89467e-05
eec: 498.033
weight: 0.000187897
eec: 322.455
weight: 6.21325e-06
eec: 514.816
weight: 5.4958e-07
eec: 974.095
weight: 1.3878e-05
eec: 1689.65
weight: 2.02775e-06
eec: 192.145
weight: 1.02081e-05
eec: 437.609
weight: 0.000143972
eec: 885.263
weight: 7.23527e-05
eec: 586.921
weight: 8.75685e-06
eec: 1394.17
weight: 2.84929e-06
eec: 896.176
weight: 5.30544e-06
eec: 135.478
weight: 4.65207e-05
eec: 1268.65
weight: 2.09999e-07
eec: 698.337
weight: 8.17946e-06
eec: 1118.27
weight: 4.52238e-05
eec: 253.945
weight: 0.000232268
eec: 459.837
weight: 7.41285e-05
eec: 682.177
weight: 3.54227e-08
eec: 1584.35
weight: 1.96661e-07
eec: 41.5704
weight: 0.000347015
eec: 1054.26
weight: 6.54484e-05
eec: 120.894
weight: 9.85182e-05
eec: 166.544
weight: 0.000120596
eec: 337.142
weight: 0.000160712
eec: 24.1112
weight: 3.30441e-06
eec: 610.791
weight: 1.13734e-05
eec: 477.08
weight: 5.99467e-05
eec: 543.893
weight: 9.0543e-05
eec: 796.896
weight: 1.73112e-05
eec: 377.558
weight: 7.30286e-05
eec: 215.146
weight: 5.16342e-05
eec: 977.116
weight: 5.35729e-05
eec: 517.426
weight: 0.000144258
eec: 230.711
weight: 0.000154308
eec: 519.018
weight: 5.98454e-06
eec: 217.883
weight: 4.13413e-05
eec: 48.5821
weight: 3.08496e-05
eec: 4283.86
weight: 1.21008e-05
eec: 1891.84
weight: 9.22892e-06
eec: 312.79
weight: 1.40692e-06
eec: 452.693
weight: 2.73325e-05
eec: 310.309
weight: 7.39911e-07
eec: 196.059
weight: 2.15507e-05
eec: 85.01
weight: 2.88384e-08
eec: 53.2666
weight: 1.24325e-05
eec: 3223.3
weight: 0.00180886
eec: 791.224
weight: 0.000222314
eec: 2198.69
weight: 7.71231e-06
eec: 926.76
weight: 7.05326e-05
eec: 444.033
weight: 0.000106068
eec: 86.5452
weight: 1.29727e-05
eec: 764.606
weight: 8.6272e-06
eec: 1357.94
weight: 4.85698e-05
eec: 42.0505
weight: 1.11804e-05
eec: 2020.92
weight: 9.81413e-05
eec: 259.23
weight: 6.49008e-06
eec: 648.432
weight: 9.8683e-05
eec: 246.149
weight: 6.16747e-06
eec: 1204.98
weight: 1.81076e-05
eec: 371.486
weight: 0.000167537
eec: 1319.64
weight: 3.08951e-05
eec: 416.592
weight: 1.47515e-05
eec: 24.643
weight: 0.000272872
eec: 40.3561
weight: 8.0856e-06
eec: 528.291
weight: 1.23502e-06
eec: 1102.82
weight: 2.88375e-06
eec: 39.3235
weight: 4.47644e-06
eec: 1819.09
weight: 1.26952e-05
eec: 2310.4
weight: 2.07345e-06
eec: 1201.33
weight: 4.89386e-06
eec: 184.543
weight: 8.40784e-06
eec: 1591.85
weight: 4.49905e-06
eec: 2070.5
weight: 0.000165491
eec: 232.41
weight: 1.33332e-05
eec: 1994.03
weight: 6.63701e-05
eec: 305.364
weight: 1.78709e-05
eec: 1100.95
weight: 1.60778e-06
eec: 466.634
weight: 0.000165385
eec: 65.054
weight: 0.00011617
eec: 356.955
weight: 3.45369e-05
eec: 92.9338
weight: 8.77397e-05
eec: 793.529
weight: 8.83229e-06
eec: 21.0965
weight: 1.66047e-05
eec: 1913.34
weight: 5.03724e-06
eec: 681.172
weight: 0.000592446
eec: 171.005
weight: 1.68852e-05
eec: 330.024
weight: 2.03475e-05
eec: 37.6727
weight: 5.08382e-05
eec: 131.009
weight: 0.000230495
eec: 326.97
weight: 2.27915e-06
eec: 873.382
weight: 3.19333e-05
eec: 563.974
weight: 2.0165e-06
eec: 13.9904
weight: 4.02024e-05
eec: 509.89
weight: 9.19883e-06
eec: 764.444
weight: 5.91139e-06
eec: 624.791
weight: 1.85073e-06
eec: 1009.72
weight: 4.76362e-06
eec: 532.025
weight: 0.000212631
eec: 788.068
weight: 9.16785e-05
eec: 226.765
weight: 1.32868e-05
eec: 1114.82
weight: 3.16726e-05
eec: 824.025
weight: 9.32119e-06
eec: 737.257
weight: 3.07233e-06
eec: 299.838
weight: 5.44519e-05
eec: 119.544
weight: 0.000263032
eec: 201.873
weight: 3.0919e-05
eec: 99.7075
Processing: 87.5876 %weight: 0.000589059
eec: 45.7628
weight: 5.09102e-06
eec: 503.078
weight: 1.73768e-05
eec: 206.921
weight: 0.000246638
eec: 216.199
weight: 9.55649e-05
eec: 87.9466
weight: 1.07821e-05
eec: 28.5396
weight: 7.67022e-06
eec: 160.77
weight: 8.52988e-06
eec: 402.977
weight: 2.06313e-05
eec: 2218.04
weight: 0.000139548
eec: 324.33
weight: 3.54199e-05
eec: 685.507
weight: 0.0002086
eec: 204.335
weight: 5.82007e-06
eec: 359.432
weight: 1.54043e-07
eec: 539.172
weight: 0.000118768
eec: 150.11
weight: 3.99059e-05
eec: 217.488
weight: 8.60722e-06
eec: 1808.4
weight: 2.69348e-05
eec: 669.607
weight: 0.000286257
eec: 162.891
weight: 9.75654e-06
eec: 551.434
weight: 7.25035e-08
eec: 2131.14
weight: 3.83575e-06
eec: 178.243
weight: 5.89873e-05
eec: 368.668
weight: 2.27233e-06
eec: 762.272
weight: 1.42058e-05
eec: 45.8243
weight: 1.31307e-08
eec: 760.716
weight: 8.98723e-05
eec: 58.76
weight: 0.000332531
eec: 140.226
weight: 0.000147167
eec: 335.243
weight: 0.000122756
eec: 322.483
weight: 0.000408768
eec: 594.609
weight: 4.47847e-07
eec: 347.73
weight: 1.14256e-05
eec: 622.229
weight: 4.53421e-05
eec: 635.333
weight: 3.63129e-06
eec: 1554.28
weight: 3.16799e-05
eec: 104.731
weight: 1.17078e-05
eec: 656.697
weight: 0.000148469
eec: 473.695
weight: 0.000280807
eec: 954.997
weight: 5.22428e-05
eec: 136.095
weight: 5.61964e-05
eec: 520.533
weight: 9.27922e-05
eec: 403.661
weight: 9.51637e-06
eec: 457.573
weight: 0.000341169
eec: 353.24
weight: 2.37852e-05
eec: 1428.99
weight: 1.68381e-06
eec: 272.73
weight: 1.14652e-06
eec: 161.524
weight: 4.47978e-06
eec: 677.97
weight: 2.26669e-05
eec: 1456.45
weight: 6.10437e-08
eec: 495.612
weight: 1.06019e-05
eec: 227.121
weight: 7.80326e-06
eec: 2042.61
weight: 3.43155e-06
eec: 950.342
weight: 3.13766e-05
eec: 186.137
weight: 5.15637e-05
eec: 450.273
weight: 0.000323698
eec: 494.915
weight: 8.58646e-05
eec: 701.819
weight: 9.42963e-06
eec: 631.828
weight: 2.48686e-06
eec: 174.523
weight: 2.7259e-05
eec: 145.968
weight: 0.000715999
eec: 554.257
weight: 1.75e-05
eec: 240.559
weight: 9.55146e-06
eec: 682.123
weight: 4.62052e-06
eec: 331.479
weight: 1.16549e-07
eec: 359.779
weight: 2.44169e-07
eec: 940.146
weight: 1.43348e-05
eec: 1296.63
weight: 0.000438872
eec: 270.36
weight: 4.43419e-06
eec: 359.891
weight: 2.8642e-07
eec: 617.947
weight: 2.36843e-05
eec: 127.284
weight: 0.000166521
eec: 110.426
weight: 2.47963e-05
eec: 1766.7
weight: 7.12422e-05
eec: 251.759
weight: 5.27105e-05
eec: 184.876
weight: 8.20703e-06
eec: 95.0405
weight: 3.8736e-05
eec: 106.931
weight: 4.99152e-05
eec: 87.2585
weight: 2.29821e-05
eec: 73.6889
weight: 0.000439879
eec: 146.485
weight: 4.3589e-07
eec: 685.888
weight: 1.14304e-05
eec: 839.292
weight: 0.00214277
eec: 479.791
weight: 1.17261e-05
eec: 62.7007
weight: 5.76318e-05
eec: 937.765
weight: 2.11448e-05
eec: 1027.04
weight: 6.65996e-06
eec: 11.5149
weight: 4.41898e-06
eec: 916.821
weight: 0.000101099
eec: 1603.42
weight: 0.000139172
eec: 146.536
weight: 9.43115e-05
eec: 83.1007
weight: 6.0388e-05
eec: 346.229
weight: 7.8983e-06
eec: 546.288

ROOT exit code = 0
