gSystem->Load("run_condor_job_Run3_C.so");
run_condor_job_Run3(651, 100, 2,
                    80, 200,
                    1, 1, 1, 6);
.q

ENTERED run_condor_job_Run3()
JOBID = 651
  global job = 651  Job 51/100  events [3007980, 3066960)  total=5898000
Processing events [3007980, 3066960) of 5898000
weight: 0.000886855
eec: 110.451
weight: 0.000182013
eec: 380.522
weight: 2.43227e-05
eec: 44.2529
weight: 2.45925e-06
eec: 458.651
weight: 0.000173891
eec: 160.552
weight: 1.85291e-05
eec: 1155.14
weight: 3.92725e-05
eec: 35.7468
weight: 2.38986e-08
eec: 701.275
weight: 0.000546171
eec: 29.2001
weight: 0.000609548
eec: 379.683
weight: 1.70122e-05
eec: 722.297
weight: 2.277e-05
eec: 201.762
weight: 8.62884e-05
eec: 529.434
weight: 0.000342841
eec: 668.552
weight: 2.1857e-05
eec: 661.354
weight: 0.000177258
eec: 265.744
weight: 7.59213e-05
eec: 467.796
weight: 4.13596e-05
eec: 157.044
weight: 6.33455e-05
eec: 959.312
weight: 1.07388e-05
eec: 2159.74
weight: 9.69807e-06
eec: 212.721
weight: 1.59833e-05
eec: 419.569
weight: 0.000113714
eec: 714.777
weight: 1.34541e-06
eec: 83.0464
weight: 8.65846e-06
eec: 412.892
weight: 0.000450653
eec: 64.9951
weight: 5.68414e-06
eec: 377.672
weight: 4.62135e-06
eec: 182.067
weight: 0.000399592
eec: 113.168
weight: 1.26849e-05
eec: 1303.2
weight: 0.000182487
eec: 88.0416
weight: 2.80433e-05
eec: 85.6129
weight: 3.50827e-06
eec: 157.638
weight: 4.23074e-06
eec: 845.141
weight: 3.26372e-05
eec: 133.203
weight: 3.73988e-06
eec: 310.091
weight: 2.60446e-05
eec: 1032.79
weight: 0.000233103
eec: 374.403
weight: 6.84399e-05
eec: 953.103
weight: 5.39452e-06
eec: 745.966
weight: 4.17396e-05
eec: 727.668
weight: 2.63936e-06
eec: 957.176
weight: 2.47114e-06
eec: 1856.05
weight: 0.000229375
eec: 93.2296
weight: 1.19604e-06
eec: 894.985
weight: 6.93648e-05
eec: 1123.13
weight: 4.93289e-05
eec: 539.399
weight: 0.000277176
eec: 300.961
weight: 0.00052117
eec: 726.24
weight: 2.73233e-05
eec: 661.413
weight: 1.72835e-05
eec: 846.181
weight: 0.000944085
eec: 425.979
weight: 4.13139e-08
eec: 784.304
weight: 1.35103e-05
eec: 626.904
weight: 3.77426e-06
eec: 112.392
weight: 2.88052e-05
eec: 2000.47
weight: 0.000300854
eec: 222.921
weight: 7.3599e-06
eec: 662.622
weight: 0.000570438
eec: 505.69
weight: 3.54554e-05
eec: 1221.99
weight: 0.000676345
eec: 585.066
weight: 1.892e-05
eec: 896.016
weight: 8.69867e-06
eec: 182.584
weight: 2.27339e-06
eec: 361.849
weight: 1.4379e-07
eec: 1311.88
weight: 0.000257041
eec: 497.117
weight: 8.1558e-06
eec: 528.233
weight: 1.00789e-05
eec: 10.73
weight: 5.28781e-06
eec: 443.599
weight: 3.0391e-05
eec: 1321.31
weight: 5.73782e-05
eec: 278.747
weight: 1.00824e-05
eec: 1155.28
weight: 1.54697e-05
eec: 672.507
weight: 9.25952e-05
eec: 332.903
weight: 6.45839e-06
eec: 938.474
weight: 4.82686e-05
eec: 219.896
weight: 2.41214e-05
eec: 462.085
weight: 7.61157e-05
eec: 1226.87
weight: 6.91564e-06
eec: 3080.63
weight: 9.58028e-05
eec: 482.356
weight: 4.85001e-06
eec: 1012.8
weight: 0.000212388
eec: 817.651
weight: 1.75511e-05
eec: 229.406
weight: 6.96992e-06
eec: 86.3134
weight: 0.000125177
eec: 135.39
weight: 6.11624e-05
eec: 813.237
weight: 2.82971e-05
eec: 1652.49
weight: 1.30713e-05
eec: 331.978
weight: 1.19519e-05
eec: 2925.99
weight: 7.55996e-06
eec: 33.0726
weight: 6.86595e-06
eec: 305.806
weight: 7.63416e-05
eec: 532.602
weight: 2.11995e-05
eec: 413.637
weight: 7.036e-05
eec: 515.951
weight: 0.00016289
eec: 785.449
weight: 1.39935e-06
eec: 172.498
weight: 1.06386e-05
eec: 337.567
weight: 3.77224e-06
eec: 698.901
weight: 4.7607e-06
eec: 60.558
weight: 9.41244e-05
eec: 1954.58
weight: 3.56025e-06
eec: 57.3516
weight: 4.45996e-06
eec: 486.621
weight: 3.00434e-05
eec: 71.5412
weight: 9.52255e-05
eec: 304.221
weight: 0.000317736
eec: 15.1135
weight: 8.3813e-05
eec: 201.772
weight: 3.40972e-05
eec: 85.1211
weight: 7.56373e-05
eec: 1871.81
weight: 6.15298e-05
eec: 489.53
weight: 4.48259e-05
eec: 918.139
weight: 0.0004619
eec: 585.683
weight: 8.78342e-06
eec: 1131.73
weight: 5.42741e-07
eec: 48.9113
weight: 3.32461e-06
eec: 73.7377
weight: 1.5938e-05
eec: 479.305
weight: 1.58548e-06
eec: 2470.21
weight: 0.000412114
eec: 232.14
weight: 1.04998e-05
eec: 419.633
weight: 7.0421e-06
eec: 413.808
weight: 0.000499921
eec: 953.829
weight: 0.000162795
eec: 591.817
weight: 8.92056e-06
eec: 119.074
weight: 0.00057667
eec: 272.412
weight: 2.75056e-06
eec: 2296.99
weight: 4.43363e-07
eec: 115.275
weight: 8.8389e-07
eec: 783.636
weight: 6.61545e-05
eec: 321.738
weight: 4.72467e-05
eec: 2291.8
weight: 1.38921e-05
eec: 281.847
weight: 2.28563e-05
eec: 1161.37
weight: 0.000422084
eec: 153.672
weight: 0.000113134
eec: 715.232
weight: 3.40124e-05
eec: 548.019
weight: 5.99401e-05
eec: 964.747
weight: 1.58057e-05
eec: 1585.1
weight: 0.00133989
eec: 861.039
weight: 2.5068e-05
eec: 670.998
weight: 3.95366e-05
eec: 126.682
weight: 9.13624e-05
eec: 183.31
weight: 0.000138779
eec: 1974.72
weight: 0.000197484
eec: 1569.27
weight: 1.4604e-05
eec: 1878.65
weight: 7.30247e-06
eec: 1560.42
weight: 0.000106878
eec: 384.857
weight: 2.84885e-05
eec: 649.724
weight: 7.0267e-07
eec: 491.729
weight: 1.03349e-07
eec: 58.9199
weight: 1.04941e-05
eec: 52.4063
weight: 2.62845e-05
eec: 382.821
weight: 8.45027e-05
eec: 396.547
weight: 0.000157872
eec: 404.959
weight: 2.00152e-06
eec: 210.155
weight: 1.63455e-06
eec: 234.436
weight: 1.27737e-05
eec: 102.438
weight: 0.000663257
eec: 86.5004
weight: 6.9318e-07
eec: 516.824
weight: 1.798e-05
eec: 1268.06
weight: 1.55005e-05
eec: 205.928
weight: 8.21752e-06
eec: 14.8933
weight: 1.14734e-05
eec: 417.856
weight: 0.000381325
eec: 255.281
weight: 3.90298e-05
eec: 1834.42
weight: 3.51082e-05
eec: 531.945
weight: 0.000552545
eec: 308.93
weight: 6.5986e-05
eec: 266.432
weight: 2.91335e-06
eec: 2221.62
weight: 1.83903e-05
eec: 90.0131
weight: 2.22861e-05
eec: 773.482
weight: 1.42932e-05
eec: 86.4297
weight: 2.62046e-05
eec: 1267.97
weight: 1.67349e-05
eec: 762.253
weight: 4.69833e-08
eec: 57.8848
weight: 1.88635e-05
eec: 1030.47
weight: 0.000168776
eec: 107.976
weight: 7.95096e-05
eec: 807.118
weight: 2.09163e-05
eec: 520.723
weight: 0.000212931
eec: 219.928
weight: 5.93417e-05
eec: 430.371
weight: 2.75367e-05
eec: 227.4
weight: 9.52789e-06
eec: 791.761
weight: 1.64305e-05
eec: 270.105
weight: 5.94565e-07
eec: 181.946
weight: 7.27866e-05
eec: 53.8527
weight: 4.99239e-05
eec: 185.164
weight: 1.62092e-05
eec: 436.388
weight: 9.27416e-05
eec: 713.728
Processing: 51.7124 %weight: 5.46304e-06
eec: 103.911
weight: 8.86347e-06
eec: 2091.47
weight: 5.65503e-06
eec: 1544.79
weight: 2.76644e-05
eec: 1484.42
weight: 3.46882e-05
eec: 430.605
weight: 0.000116157
eec: 349.121
weight: 0.000488223
eec: 664.289
weight: 3.58733e-06
eec: 1105.73
weight: 0.000284246
eec: 509.246
weight: 1.13919e-05
eec: 2487.37
weight: 1.93837e-05
eec: 304.857
weight: 0.000374186
eec: 229.315
weight: 1.28808e-05
eec: 170.527
weight: 0.000217448
eec: 109.188
weight: 4.78257e-06
eec: 3415.59
weight: 2.64572e-05
eec: 899.982
weight: 0.000932007
eec: 127.159
weight: 2.49054e-06
eec: 174.702
weight: 0.000144736
eec: 745.081
weight: 4.68116e-05
eec: 105.226
weight: 5.10865e-05
eec: 387.444
weight: 1.5239e-06
eec: 662.498
weight: 3.10447e-06
eec: 65.4399
weight: 6.23337e-05
eec: 609.154
weight: 5.92389e-06
eec: 336.778
weight: 6.14067e-05
eec: 120.97
weight: 3.53923e-05
eec: 200.971
weight: 0.00018856
eec: 94.1751
weight: 0.000183275
eec: 170.842
weight: 1.10596e-05
eec: 611.724
weight: 4.70312e-06
eec: 747.749
weight: 0.000272268
eec: 162.754
weight: 3.96679e-05
eec: 803.898
weight: 1.68337e-06
eec: 18.7674
weight: 1.57827e-05
eec: 148.9
weight: 8.47338e-06
eec: 1055.65
weight: 8.23238e-06
eec: 267.777
weight: 6.07177e-07
eec: 342.317
weight: 9.60949e-05
eec: 204.619
weight: 0.000183401
eec: 200.122
weight: 7.44932e-05
eec: 695.654
weight: 6.65078e-05
eec: 789.734
weight: 0.000177739
eec: 673.637
weight: 2.28506e-06
eec: 61.7918
weight: 3.61419e-05
eec: 328.304
weight: 5.69593e-06
eec: 492.378
weight: 0.000135064
eec: 922.504
weight: 0.000578377
eec: 450.905
weight: 6.49164e-06
eec: 391.646
weight: 1.73708e-06
eec: 3636.12
weight: 2.74524e-05
eec: 1020.64
weight: 6.5116e-06
eec: 44.4385
weight: 1.43027e-05
eec: 1590.37
weight: 0.00146161
eec: 432.849
weight: 8.99714e-05
eec: 433.927
weight: 1.97319e-05
eec: 218.388
weight: 6.66072e-05
eec: 542.849
weight: 3.68324e-05
eec: 128.398
weight: 9.96365e-06
eec: 418.252
weight: 8.13672e-06
eec: 1845.79
weight: 6.01057e-05
eec: 369.339
weight: 7.0634e-05
eec: 219.32
weight: 1.0637e-05
eec: 529.968
weight: 5.76466e-05
eec: 509.733
weight: 7.02583e-06
eec: 97.4801
weight: 0.000827794
eec: 152.758
weight: 2.17428e-05
eec: 297.967
weight: 0.000154265
eec: 1204.93
weight: 0.000186541
eec: 52.4666

ROOT exit code = 0
