gSystem->Load("run_condor_job_Run3_C.so");
run_condor_job_Run3(251, 100, 2,
                    80, 200,
                    1, 1, 1, 2);
.q

ENTERED run_condor_job_Run3()
JOBID = 251
  global job = 251  Job 51/100  events [3060000, 3120000)  total=6000000
Processing events [3060000, 3120000) of 6000000
weight: 2.75871e-05
eec: 137.987
weight: 7.7346e-06
eec: 2042.37
weight: 3.169e-05
eec: 189.325
weight: 0.000273371
eec: 110.802
weight: 1.27616e-05
eec: 1069.04
weight: 6.67566e-05
eec: 1041.73
weight: 3.5092e-06
eec: 959.873
weight: 4.59028e-05
eec: 103.134
weight: 0.000678985
eec: 48.1332
weight: 1.90829e-05
eec: 145.194
weight: 0.000142891
eec: 147.475
weight: 0.00177585
eec: 420.735
weight: 1.35781e-05
eec: 2101.87
weight: 1.9129e-05
eec: 652.771
weight: 6.61876e-06
eec: 47.5732
weight: 0.000405604
eec: 475.18
weight: 4.44938e-06
eec: 171.34
weight: 1.03174e-05
eec: 622.161
weight: 2.26131e-07
eec: 565.652
weight: 2.03821e-05
eec: 131.457
weight: 0.0103767
eec: 115.28
weight: 7.76909e-05
eec: 908.074
weight: 0.000800589
eec: 268.494
weight: 1.87708e-05
eec: 239.36
weight: 2.53688e-05
eec: 1203.62
weight: 2.53688e-05
eec: 402.879
weight: 5.24557e-05
eec: 496.048
weight: 6.67102e-06
eec: 505.803
weight: 9.07232e-06
eec: 255.723
weight: 0.000182448
eec: 439.376
weight: 3.05145e-06
eec: 71.9478
weight: 3.10062e-05
eec: 37.6938
weight: 3.42587e-05
eec: 294.102
weight: 0.000179549
eec: 79.5925
weight: 2.782e-05
eec: 319.752
weight: 0.00025824
eec: 36.2011
weight: 2.04599e-07
eec: 177.713
weight: 1.99516e-05
eec: 129.157
weight: 1.93484e-06
eec: 722.527
weight: 1.92861e-05
eec: 298.12
weight: 7.89168e-06
eec: 60.5814
weight: 3.58301e-05
eec: 390.069
weight: 3.91334e-05
eec: 518.392
weight: 0.000100004
eec: 302.031
weight: 0.000110642
eec: 61.0304
weight: 0.000105279
eec: 37.9047
weight: 2.23693e-05
eec: 2732.02
weight: 6.12813e-06
eec: 51.9358
weight: 0.000107315
eec: 329.019
weight: 8.59413e-05
eec: 101.493
weight: 0.000100723
eec: 105.978
weight: 6.50244e-05
eec: 370.354
weight: 8.25613e-06
eec: 174.256
weight: 0.00075888
eec: 510.509
weight: 9.41103e-05
eec: 190.055
weight: 2.32124e-06
eec: 1022.75
weight: 4.45776e-05
eec: 1100.41
weight: 1.02754e-05
eec: 522.763
weight: 6.91236e-05
eec: 194.212
weight: 8.97392e-06
eec: 1216.34
weight: 0.000160578
eec: 103.118
weight: 2.29078e-06
eec: 670.354
weight: 1.23434e-05
eec: 1025.3
weight: 5.22355e-06
eec: 640.069
weight: 6.84242e-05
eec: 520.607
weight: 0.000126202
eec: 136.221
weight: 0.000140015
eec: 155.596
weight: 1.01947e-05
eec: 59.5347
weight: 9.42103e-07
eec: 109.99
weight: 1.96024e-05
eec: 81.3549
weight: 0.000112985
eec: 756.145
weight: 7.29365e-05
eec: 1215.67
weight: 1.29985e-05
eec: 55.4341
weight: 1.26207e-05
eec: 839.569
weight: 1.28892e-05
eec: 240.141
weight: 1.23621e-05
eec: 52.2003
weight: 2.343e-05
eec: 412.197
weight: 9.26533e-06
eec: 1784.95
weight: 4.02696e-05
eec: 855.585
weight: 0.000699302
eec: 581.91
weight: 1.45926e-05
eec: 50.8203
weight: 0.000971553
eec: 67.9855
weight: 1.81326e-05
eec: 36.1354
weight: 0.000153356
eec: 1370.39
weight: 6.54945e-08
eec: 443.851
weight: 4.96038e-05
eec: 1327.95
weight: 9.69454e-05
eec: 99.1398
weight: 3.98845e-06
eec: 127.368
weight: 1.15427e-05
eec: 67.9056
weight: 0.000108629
eec: 143.938
weight: 5.44594e-06
eec: 810.874
weight: 1.14654e-06
eec: 75.6442
weight: 4.81159e-05
eec: 315.275
weight: 1.11145e-05
eec: 204.097
weight: 3.87762e-05
eec: 107.846
weight: 8.28434e-08
eec: 1418.22
weight: 1.34042e-05
eec: 62.1092
weight: 0.000302316
eec: 215.412
weight: 2.51827e-06
eec: 943.54
weight: 2.05039e-05
eec: 230.323
weight: 5.25434e-06
eec: 898.697
weight: 3.34798e-06
eec: 263.648
weight: 3.18802e-05
eec: 1003.52
weight: 0.000138243
eec: 1814.5
weight: 4.48007e-06
eec: 275.263
weight: 4.49378e-08
eec: 199.353
weight: 4.59039e-05
eec: 806.373
weight: 2.56871e-05
eec: 1177.57
weight: 0.000116847
eec: 278.607
weight: 2.20319e-05
eec: 237.143
weight: 4.78531e-05
eec: 577.566
weight: 0.000110386
eec: 941.319
weight: 9.12746e-06
eec: 117.705
weight: 1.77746e-06
eec: 32.0217
weight: 1.77746e-06
eec: 613.602
weight: 1.46612e-05
eec: 538.226
weight: 0.000244151
eec: 537.037
weight: 0.000149308
eec: 877.532
weight: 2.87592e-05
eec: 299.097
weight: 0.00029563
eec: 65.3011
weight: 0.000235625
eec: 426.665
weight: 5.00522e-05
eec: 1047.13
weight: 4.62636e-05
eec: 108.478
weight: 4.2047e-05
eec: 769.622
weight: 1.73735e-06
eec: 329.334
weight: 1.02974e-07
eec: 287.131
weight: 1.29896e-05
eec: 629.544
weight: 1.55037e-06
eec: 210.491
weight: 2.52958e-05
eec: 97.4797
weight: 5.1881e-06
eec: 155.762
weight: 1.219e-05
eec: 97.9546
weight: 1.67719e-05
eec: 412.3
weight: 0.000100622
eec: 14.1446
weight: 9.39602e-05
eec: 23.319
weight: 2.4596e-06
eec: 2086.03
weight: 3.12321e-05
eec: 177.192
weight: 0.00019828
eec: 28.1805
weight: 1.58031e-08
eec: 98.9949
weight: 0.000137797
eec: 374.781
weight: 5.40134e-08
eec: 1171.81
weight: 8.19636e-06
eec: 28.7506
weight: 0.000312544
eec: 408.749
weight: 1.33521e-06
eec: 503.646
weight: 1.79781e-07
eec: 1468.31
weight: 2.71918e-07
eec: 211.734
weight: 2.62904e-05
eec: 328.149
weight: 0.000229203
eec: 395.895
weight: 2.2466e-06
eec: 1297.29
weight: 6.10935e-06
eec: 2416.89
weight: 5.26616e-05
eec: 103.051
weight: 0.000942279
eec: 135.661
weight: 1.80196e-05
eec: 748.539
weight: 9.66314e-06
eec: 79.8003
weight: 0.00266927
eec: 405.336
weight: 1.00008e-05
eec: 931.018
weight: 7.09686e-05
eec: 767.833
weight: 8.69301e-05
eec: 407.31
weight: 3.05291e-05
eec: 258.783
weight: 6.83268e-06
eec: 1037.92
weight: 0.000266973
eec: 114.435
weight: 0.000487302
eec: 377.406
weight: 0.000444663
eec: 143.789
weight: 7.21699e-06
eec: 75.6692
weight: 0.000196076
eec: 77.4547
weight: 1.09902e-05
eec: 2002.36
weight: 6.22519e-06
eec: 213.084
weight: 7.01194e-06
eec: 90.8914
weight: 2.41183e-05
eec: 471.795
weight: 0.00118015
eec: 380.759
weight: 0.000138628
eec: 132.22
weight: 5.43017e-05
eec: 1023.19
weight: 2.17207e-05
eec: 1345.75
weight: 8.24136e-05
eec: 45.4628
weight: 2.25204e-05
eec: 538.064
weight: 2.0927e-07
eec: 1566.78
weight: 1.67308e-05
eec: 3085.4
weight: 5.50898e-05
eec: 293.715
weight: 0.000113885
eec: 259.868
weight: 6.08528e-05
eec: 203.424
weight: 0.000150645
eec: 382.919
weight: 1.08504e-05
eec: 46.4869
weight: 1.08351e-05
eec: 2449.16
Processing: 51.6667 %weight: 3.69252e-05
eec: 903.353
weight: 7.5438e-05
eec: 190.012
weight: 3.8073e-07
eec: 57.3314
weight: 2.19917e-08
eec: 534.544
weight: 0.000361545
eec: 376.24
weight: 2.93813e-05
eec: 309.983
weight: 1.82869e-05
eec: 431.72
weight: 0.000206487
eec: 26.9161
weight: 9.29191e-06
eec: 138.827
weight: 1.89897e-05
eec: 744.661
weight: 4.23879e-05
eec: 193.077
weight: 4.01573e-05
eec: 78.2417
weight: 4.75083e-05
eec: 179.303
weight: 1.61982e-05
eec: 4604.18
weight: 0.000187658
eec: 94.4127
weight: 7.11848e-06
eec: 705.018
weight: 7.53467e-05
eec: 50.6513
weight: 3.31185e-05
eec: 793.319
weight: 5.62242e-06
eec: 558.279
weight: 1.93379e-07
eec: 1694.27
weight: 8.18019e-07
eec: 105.251
weight: 1.54602e-05
eec: 1556.39
weight: 2.53212e-05
eec: 2140
weight: 8.75471e-06
eec: 102.851
weight: 3.82762e-05
eec: 76.9265
weight: 8.95246e-06
eec: 800.206
weight: 1.99432e-05
eec: 452.991
weight: 1.28738e-05
eec: 855.758
weight: 2.89891e-05
eec: 1326.27
weight: 0.000148263
eec: 179.325
weight: 2.67015e-05
eec: 113.215
weight: 1.56499e-05
eec: 90.6039
weight: 9.36137e-05
eec: 99.5481
weight: 1.11265e-05
eec: 517.105
weight: 4.4946e-05
eec: 320.887
weight: 0.000369212
eec: 446.525
weight: 1.3863e-05
eec: 983.985
weight: 8.84252e-05
eec: 313.673
weight: 0.000164399
eec: 83.6395
weight: 1.96947e-06
eec: 1033.4
weight: 2.57825e-05
eec: 104.866
weight: 1.26626e-05
eec: 315.619
weight: 3.07188e-06
eec: 1354.27
weight: 1.85333e-06
eec: 1983.95
weight: 0.000144799
eec: 204.328
weight: 3.06038e-06
eec: 493.869
weight: 8.6208e-06
eec: 167.484
weight: 1.72673e-05
eec: 171.952
weight: 1.63309e-05
eec: 631.684
weight: 4.92259e-05
eec: 59.2879
weight: 0.000157782
eec: 90.1395
weight: 6.16767e-07
eec: 146.62
weight: 9.37844e-06
eec: 626.922
weight: 2.31488e-05
eec: 435.07
weight: 7.76352e-06
eec: 648.552
weight: 4.79711e-06
eec: 276.415
weight: 5.38033e-05
eec: 1349.18
weight: 2.29354e-06
eec: 2758.51
weight: 1.95404e-05
eec: 317.331
weight: 1.41459e-05
eec: 3620.29
weight: 0.00037974
eec: 954.558
weight: 0.000578073
eec: 259.382
weight: 1.15419e-06
eec: 265.035
weight: 3.90919e-06
eec: 63.9258
weight: 3.82937e-05
eec: 356.544
weight: 0.000471001
eec: 317.142
weight: 1.01815e-05
eec: 153.766
weight: 9.3903e-08
eec: 50.3081
weight: 9.4324e-05
eec: 1203.08
weight: 0.000140168
eec: 214.907
weight: 5.84878e-07
eec: 1397.55
weight: 5.92282e-05
eec: 385.634
weight: 7.70131e-07
eec: 22.6485
weight: 2.01308e-06
eec: 325.966
weight: 1.59074e-05
eec: 207.832
weight: 2.07471e-05
eec: 192.141
weight: 5.11662e-05
eec: 734.142
weight: 7.79133e-07
eec: 2153.98
weight: 7.75409e-06
eec: 459.38
weight: 4.52032e-08
eec: 426.124
weight: 2.58519e-05
eec: 91.1339
weight: 0.000223352
eec: 197.021
weight: 3.00508e-05
eec: 635.99
weight: 3.29009e-05
eec: 286.408
weight: 9.15678e-06
eec: 132.664
weight: 9.15678e-06
eec: 335.646
weight: 9.10298e-05
eec: 121.457
weight: 0.000168099
eec: 342.853
weight: 7.81486e-05
eec: 473.057
weight: 2.31639e-05
eec: 634.093
weight: 1.31233e-05
eec: 2198.96
weight: 7.70343e-05
eec: 183.637
weight: 2.90062e-05
eec: 458.751
weight: 1.46602e-05
eec: 342.349
weight: 1.29103e-05
eec: 744.548
weight: 2.98058e-05
eec: 64.7064
weight: 0.000147417
eec: 310.168
weight: 1.06111e-05
eec: 1826.14

ROOT exit code = 0
