gSystem->Load("run_condor_job_Run3_C.so");
run_condor_job_Run3(888, 100, 2,
                    80, 200,
                    1, 1, 1, 8);
.q

ENTERED run_condor_job_Run3()
JOBID = 888
  global job = 888  Job 88/100  events [5280000, 5340000)  total=6000000
Processing events [5280000, 5340000) of 6000000
weight: 3.29189e-05
eec: 251.147
weight: 0.00406603
eec: 506.938
weight: 1.48686e-05
eec: 557.604
weight: 1.63072e-06
eec: 314.318
weight: 1.35483e-07
eec: 494.374
weight: 3.25831e-06
eec: 290.908
weight: 5.65645e-05
eec: 101.622
weight: 5.22489e-05
eec: 820.212
weight: 1.92298e-07
eec: 132.266
weight: 8.00066e-06
eec: 2778.75
weight: 9.3046e-06
eec: 1184.33
weight: 1.61701e-05
eec: 546.448
weight: 8.59122e-05
eec: 566.117
weight: 2.87591e-05
eec: 532.818
weight: 1.11566e-05
eec: 352.503
weight: 1.36662e-06
eec: 441.707
weight: 0.000111058
eec: 185.858
weight: 7.69996e-08
eec: 404.555
weight: 3.39742e-06
eec: 235.481
weight: 0.000306857
eec: 5.94941
weight: 1.83929e-05
eec: 6.15427
weight: 5.32225e-07
eec: 16.4355
weight: 6.36726e-06
eec: 726.076
weight: 1.0554e-05
eec: 778.104
weight: 1.14293e-05
eec: 502.599
weight: 0.000287501
eec: 61.9312
weight: 2.24887e-07
eec: 589.796
weight: 5.35494e-05
eec: 353.538
weight: 8.67008e-06
eec: 608.188
weight: 5.76449e-05
eec: 34.6042
weight: 0.00028657
eec: 277.983
weight: 3.00629e-05
eec: 472.101
weight: 5.68624e-06
eec: 282.558
weight: 1.92418e-05
eec: 243.293
weight: 6.35437e-07
eec: 656.123
weight: 9.6408e-06
eec: 1514.71
weight: 0.000258894
eec: 267.884
weight: 0.000268375
eec: 1045.86
weight: 0.000158058
eec: 959.365
weight: 4.75982e-06
eec: 116.425
weight: 0.00016943
eec: 132.826
weight: 4.3461e-06
eec: 94.4891
weight: 4.80894e-05
eec: 255.526
weight: 5.96259e-05
eec: 201.187
weight: 4.31549e-06
eec: 601.232
weight: 0.00083597
eec: 439.211
weight: 0.00035712
eec: 89.9255
weight: 3.53113e-05
eec: 244.445
weight: 3.34075e-05
eec: 338.106
weight: 9.05451e-06
eec: 903.074
weight: 0.000156046
eec: 1761.82
weight: 0.000661404
eec: 274.513
weight: 8.66037e-06
eec: 1368.59
weight: 1.58305e-05
eec: 97.3053
weight: 4.61502e-05
eec: 297.993
weight: 6.20739e-05
eec: 110.841
weight: 9.40217e-07
eec: 445.696
weight: 0.000203174
eec: 83.1335
weight: 0.00141794
eec: 357.825
weight: 1.1265e-05
eec: 198.856
weight: 2.09425e-05
eec: 361.215
weight: 6.91489e-06
eec: 1090.19
weight: 0.000327349
eec: 417.476
weight: 4.67548e-06
eec: 374.498
weight: 1.32195e-05
eec: 552.626
weight: 0.000319651
eec: 116.257
weight: 2.49489e-05
eec: 395.278
weight: 0.000194474
eec: 184.736
weight: 6.65739e-06
eec: 453.233
weight: 8.51682e-05
eec: 252.511
weight: 0.000319401
eec: 80.4584
Processing: 88.3333 %weight: 6.67834e-06
eec: 3996.57
weight: 2.16349e-05
eec: 452.257
weight: 1.06344e-05
eec: 483.545
weight: 3.72435e-05
eec: 195.825
weight: 0.000146662
eec: 59.8961
weight: 2.50883e-06
eec: 220.004
weight: 0.000555996
eec: 700.495
weight: 0.00283609
eec: 1082.42
weight: 5.22591e-06
eec: 3470.56
weight: 0.000257454
eec: 416.555
weight: 3.82415e-06
eec: 489.672
weight: 9.26176e-05
eec: 284.441
weight: 5.13652e-05
eec: 940.96
weight: 6.11942e-06
eec: 1254.19
weight: 8.92006e-06
eec: 357.67
weight: 1.54869e-05
eec: 768.716
weight: 1.45492e-05
eec: 476.138
weight: 4.27923e-07
eec: 1364.54
weight: 6.40779e-05
eec: 1006.73
weight: 5.12621e-05
eec: 597.889
weight: 1.87196e-05
eec: 272.655
weight: 0.000213554
eec: 515.462
weight: 2.63463e-05
eec: 1242.08
weight: 1.15916e-06
eec: 855.011
weight: 2.55235e-05
eec: 307.842
weight: 0.000186164
eec: 697.456
weight: 5.94471e-08
eec: 2521.78
weight: 4.88264e-06
eec: 2327.2
weight: 4.45153e-06
eec: 2524.01
weight: 3.56303e-05
eec: 1917.87
weight: 0.000813549
eec: 809.55
weight: 0.000358545
eec: 688.725
weight: 0.000223369
eec: 463.263
weight: 1.31257e-05
eec: 627.315
weight: 1.45208e-07
eec: 1028.32
weight: 2.77732e-05
eec: 50.4615
weight: 8.87075e-07
eec: 3049.33
weight: 6.16111e-06
eec: 1262.87
weight: 2.3094e-05
eec: 200.222
weight: 9.9845e-07
eec: 405.815
weight: 1.35176e-05
eec: 147.28
weight: 0.000100642
eec: 878.979
weight: 2.30002e-05
eec: 1415.15
weight: 0.000417053
eec: 359.05
weight: 8.97248e-05
eec: 107.332
weight: 2.97701e-05
eec: 69.231
weight: 0.000129338
eec: 89.0288
weight: 8.72012e-07
eec: 1006.04
weight: 1.53386e-05
eec: 199.325
weight: 7.88473e-06
eec: 1481.55
weight: 0.000140657
eec: 100.842
weight: 1.34985e-05
eec: 615.192
weight: 5.54516e-05
eec: 160.23
weight: 2.25479e-05
eec: 697.977
weight: 9.74637e-06
eec: 22.9283
weight: 0.00014032
eec: 512.701
weight: 4.64631e-05
eec: 488.119
weight: 7.03207e-05
eec: 301.409
weight: 1.05601e-06
eec: 197.792
weight: 0.000118168
eec: 611.722
weight: 8.77193e-06
eec: 123.389
weight: 4.37051e-05
eec: 245.752
weight: 9.09778e-06
eec: 1345.83
weight: 2.19629e-05
eec: 771.845
weight: 2.65518e-06
eec: 1586.51
weight: 4.95395e-05
eec: 542.048
weight: 7.96542e-06
eec: 787.21
weight: 0.000187104
eec: 401.381
weight: 1.94122e-05
eec: 609.316
weight: 8.58266e-05
eec: 547.481
weight: 3.89588e-06
eec: 1061.55
weight: 5.08975e-05
eec: 67.5598
weight: 4.10606e-06
eec: 3257.53
weight: 2.77183e-06
eec: 160.401
weight: 1.19055e-05
eec: 1163.73
weight: 1.04748e-05
eec: 476.748
weight: 7.07104e-06
eec: 63.6107
weight: 0.00014792
eec: 138.895
weight: 0.000258109
eec: 220.832
weight: 3.06939e-06
eec: 114.201
weight: 2.28258e-06
eec: 87.3851
weight: 3.01575e-07
eec: 181.341
weight: 6.84361e-06
eec: 215.02
weight: 8.05141e-05
eec: 49.1517
weight: 0.000155419
eec: 830.529
weight: 0.000117115
eec: 1854.02
weight: 7.82539e-05
eec: 697.691
weight: 8.72733e-06
eec: 444.49
weight: 3.77834e-05
eec: 372.905
weight: 1.57685e-07
eec: 119.787
weight: 3.14099e-05
eec: 268.244
weight: 0.000524172
eec: 752.721
weight: 0.000127716
eec: 76.1005
weight: 6.11937e-05
eec: 943.003
weight: 0.000284373
eec: 330.968
weight: 0.000236867
eec: 97.9425
weight: 2.21515e-05
eec: 68.5968
weight: 0.000129323
eec: 184.387
weight: 8.77226e-05
eec: 534.751
weight: 3.23378e-05
eec: 375.667
weight: 5.30157e-05
eec: 1900.96
weight: 1.5762e-05
eec: 102.465
weight: 4.22384e-05
eec: 561.209
weight: 0.000224579
eec: 120.723
weight: 4.36624e-05
eec: 607.451
weight: 0.00058303
eec: 36.2059
weight: 2.84814e-05
eec: 104.678
weight: 7.47229e-06
eec: 684.039
weight: 8.38093e-05
eec: 1144.58
weight: 1.26473e-05
eec: 1461.35
weight: 0.000386064
eec: 40.8125
weight: 0.00016061
eec: 475.735
weight: 6.84295e-05
eec: 201.864
weight: 5.60608e-05
eec: 381.773
weight: 1.91087e-07
eec: 27.5006
weight: 4.42767e-05
eec: 249.804
weight: 3.24134e-05
eec: 669.18
weight: 8.0733e-05
eec: 117.484
weight: 7.09469e-05
eec: 375.149
weight: 2.0692e-06
eec: 2870.25
weight: 8.54481e-06
eec: 251.14
weight: 3.405e-06
eec: 82.1886
weight: 0.000191858
eec: 736.68
weight: 3.30556e-05
eec: 1110.47
weight: 2.4348e-08
eec: 1509.3
weight: 2.04812e-05
eec: 377.886
weight: 9.30403e-07
eec: 612.272
weight: 5.57924e-05
eec: 27.3462
weight: 0.000295398
eec: 278.848
weight: 1.56709e-05
eec: 46.7192
weight: 2.82169e-05
eec: 89.3034
weight: 0.00052995
eec: 1222.71
weight: 8.54177e-06
eec: 75.403
weight: 3.03017e-06
eec: 892.133
weight: 5.98646e-06
eec: 187.469
weight: 2.62002e-05
eec: 2597.9
weight: 3.77775e-06
eec: 478.196
weight: 1.79517e-05
eec: 166.952
weight: 9.36811e-06
eec: 207.004
weight: 5.05195e-06
eec: 195.65
weight: 0.00944151
eec: 531.143
weight: 5.06565e-05
eec: 27.7692
weight: 0.00011284
eec: 505.346
weight: 2.26174e-05
eec: 764.469
weight: 4.12676e-05
eec: 141.557
weight: 2.58445e-05
eec: 1526.98
weight: 2.5553e-05
eec: 856.07
weight: 3.02686e-05
eec: 158.351
weight: 5.02676e-06
eec: 605.523
weight: 2.47243e-05
eec: 952.863
weight: 1.97597e-05
eec: 190.512
weight: 0.00115636
eec: 201.03
weight: 0.000143714
eec: 554.652
weight: 2.09393e-05
eec: 540.215
weight: 0.000139638
eec: 234.734
weight: 9.39267e-06
eec: 69.7634
weight: 1.71114e-05
eec: 810.074
weight: 6.47616e-05
eec: 229.57
weight: 0.000288335
eec: 215.996
weight: 5.06472e-07
eec: 98.8967
weight: 4.54038e-07
eec: 3000.07
weight: 4.54038e-07
eec: 248.726
weight: 0.000173277
eec: 382.604
weight: 0.000361438
eec: 244.089
weight: 1.03554e-07
eec: 176.142
weight: 8.58079e-07
eec: 748.219
weight: 2.66915e-05
eec: 355.705
weight: 4.31257e-06
eec: 600.951
weight: 0.000162457
eec: 555.26
weight: 0.000139013
eec: 638.335
weight: 2.09296e-05
eec: 137.26
weight: 3.17159e-05
eec: 590.117
weight: 0.000846181
eec: 297.46
weight: 8.40358e-06
eec: 654.066
weight: 2.99568e-06
eec: 758.557
weight: 6.20387e-07
eec: 617.875
weight: 1.55127e-05
eec: 163.289
weight: 3.367e-05
eec: 1331.49
weight: 1.17962e-05
eec: 461.024
weight: 3.72929e-05
eec: 224.258
weight: 8.18792e-05
eec: 680.895
weight: 6.40627e-06
eec: 1656.28
weight: 1.17933e-05
eec: 2460.6
weight: 2.89266e-05
eec: 250.384
weight: 6.78129e-06
eec: 28.4156
weight: 0.000335632
eec: 2812.69
weight: 4.42677e-05
eec: 471.329
weight: 2.26259e-06
eec: 178.428
weight: 0.000646687
eec: 74.2842

ROOT exit code = 0
