gSystem->Load("run_condor_job_Run3_C.so");
run_condor_job_Run3(896, 100, 2,
                    80, 200,
                    1, 1, 1, 8);
.q

ENTERED run_condor_job_Run3()
JOBID = 896
  global job = 896  Job 96/100  events [5760000, 5820000)  total=6000000
Processing events [5760000, 5820000) of 6000000
weight: 4.17203e-05
eec: 464.832
weight: 3.48244e-05
eec: 355.553
weight: 5.2853e-06
eec: 184.489
weight: 7.31147e-05
eec: 836.604
weight: 6.69531e-06
eec: 769.249
weight: 2.21233e-05
eec: 451.952
weight: 0.000282479
eec: 715.087
weight: 0.000255872
eec: 226.289
weight: 7.91446e-05
eec: 1432.41
weight: 1.60663e-05
eec: 52.1731
weight: 3.6581e-07
eec: 508.941
weight: 6.84914e-06
eec: 2268.25
weight: 1.63622e-05
eec: 214.082
weight: 7.56958e-05
eec: 217.969
weight: 1.06681e-06
eec: 472.403
weight: 1.3366e-05
eec: 2654.68
weight: 6.87635e-05
eec: 1872.96
weight: 2.66604e-07
eec: 290.53
weight: 1.37645e-05
eec: 1655.31
weight: 9.57935e-07
eec: 2218.87
weight: 2.55519e-05
eec: 714.502
weight: 0.000202596
eec: 576.411
weight: 3.97019e-05
eec: 387.855
weight: 1.49325e-05
eec: 46.2766
weight: 8.04038e-05
eec: 1482.93
weight: 4.11149e-05
eec: 191.536
weight: 6.04608e-05
eec: 101.309
weight: 2.70721e-06
eec: 292.304
weight: 1.07261e-06
eec: 947.276
weight: 2.4717e-05
eec: 72.8183
weight: 0.000328299
eec: 67.5099
weight: 9.72448e-06
eec: 606.989
weight: 8.19634e-06
eec: 500.171
weight: 2.49852e-06
eec: 326.423
weight: 6.05145e-06
eec: 184.048
weight: 2.60544e-05
eec: 1456.33
weight: 0.000117149
eec: 195.146
weight: 5.57875e-05
eec: 678.996
weight: 0.000291636
eec: 1505.86
weight: 9.85078e-06
eec: 528.473
weight: 4.09392e-05
eec: 824.058
weight: 6.84727e-06
eec: 673.442
weight: 0.000197021
eec: 272.054
weight: 8.26641e-06
eec: 340.714
weight: 2.61476e-05
eec: 680.364
weight: 1.12226e-06
eec: 54.7269
weight: 2.00651e-05
eec: 33.3653
weight: 4.46928e-06
eec: 165.817
weight: 0.000194296
eec: 99.1382
weight: 0.000100177
eec: 682.373
weight: 2.62198e-08
eec: 269.214
weight: 1.6478e-05
eec: 138.737
weight: 6.41493e-05
eec: 58.54
weight: 0.00147104
eec: 182.861
weight: 0.000279413
eec: 114.417
weight: 3.79481e-05
eec: 232.703
weight: 6.57496e-07
eec: 91.2535
weight: 2.95955e-05
eec: 189.473
weight: 0.000195941
eec: 523.635
weight: 0.000709902
eec: 407.297
weight: 2.97108e-06
eec: 34.3599
weight: 0.00045422
eec: 108.903
weight: 7.57632e-05
eec: 201.665
weight: 5.10501e-06
eec: 701.338
weight: 0.000141856
eec: 461.633
weight: 7.66158e-05
eec: 193.007
weight: 1.10143e-05
eec: 58.9229
weight: 4.67293e-05
eec: 434.255
weight: 0.000113537
eec: 20.7131
weight: 0.000144421
eec: 205.968
weight: 8.08924e-05
eec: 716.048
weight: 1.38833e-05
eec: 120.753
weight: 7.4832e-06
eec: 19.7289
weight: 9.24967e-05
eec: 189.233
weight: 2.43562e-05
eec: 299.144
weight: 1.64482e-05
eec: 60.0855
weight: 2.51151e-05
eec: 480.311
weight: 8.65392e-05
eec: 424.412
weight: 4.40679e-05
eec: 391.023
weight: 2.01777e-05
eec: 592.659
weight: 8.68782e-05
eec: 583.41
weight: 1.3349e-06
eec: 1.9065
weight: 0.00015824
eec: 1213.62
weight: 5.93876e-06
eec: 478.807
weight: 4.1885e-05
eec: 1697.93
weight: 0.000423846
eec: 297.027
weight: 3.26962e-07
eec: 76.7445
weight: 0.000119187
eec: 103.077
weight: 6.59921e-06
eec: 287.247
weight: 0.00066639
eec: 76.3994
weight: 8.02073e-06
eec: 111.121
weight: 3.46263e-05
eec: 2557.67
weight: 1.85166e-05
eec: 569.779
weight: 9.47751e-05
eec: 272.477
weight: 1.80356e-06
eec: 28.7302
weight: 1.44279e-05
eec: 74.3538
weight: 3.42067e-05
eec: 42.6526
weight: 1.23259e-05
eec: 266.038
weight: 1.10275e-05
eec: 1035.19
weight: 9.74457e-06
eec: 471.353
weight: 6.41872e-05
eec: 99.9081
weight: 4.77412e-06
eec: 393.899
weight: 0.000842573
eec: 585.179
weight: 2.11172e-05
eec: 433.427
weight: 1.41884e-05
eec: 65.3234
weight: 3.06181e-05
eec: 8.01001
weight: 7.08215e-05
eec: 464.405
weight: 0.000660754
eec: 1190.91
weight: 2.77553e-06
eec: 555.731
weight: 5.10884e-05
eec: 1346.77
weight: 3.44191e-05
eec: 986.803
weight: 0.000145213
eec: 181.26
weight: 1.79064e-07
eec: 9.33768
weight: 6.54524e-06
eec: 408.434
weight: 4.87695e-05
eec: 26.3666
weight: 1.58901e-05
eec: 245.196
weight: 9.37116e-06
eec: 742.993
weight: 1.6739e-05
eec: 356.567
weight: 3.00646e-05
eec: 340.566
weight: 9.00353e-06
eec: 1058.44
weight: 0.000148622
eec: 951.403
weight: 0.000140888
eec: 276.523
weight: 6.49061e-05
eec: 715.164
weight: 0.000249579
eec: 559.794
weight: 2.32195e-06
eec: 732.855
weight: 0.000500569
eec: 1447.21
weight: 2.99431e-05
eec: 75.8626
weight: 0.00231134
eec: 91.0089
weight: 6.88152e-06
eec: 1825.59
weight: 2.95192e-06
eec: 370.731
weight: 8.41932e-06
eec: 2203.25
weight: 0.00010628
eec: 658.861
weight: 2.71852e-06
eec: 2021.16
weight: 9.90689e-06
eec: 998.665
weight: 1.20078e-05
eec: 228.655
weight: 2.22939e-06
eec: 1307.87
weight: 8.4207e-05
eec: 782.748
weight: 0.000124663
eec: 781.587
weight: 0.00035158
eec: 594.192
weight: 6.75441e-06
eec: 363.581
weight: 1.33645e-05
eec: 93.2005
weight: 9.84353e-05
eec: 834.53
weight: 4.44301e-06
eec: 681.035
weight: 1.32911e-05
eec: 1213.58
weight: 2.74336e-06
eec: 594.513
weight: 2.4988e-05
eec: 800.489
weight: 2.05473e-05
eec: 438.414
weight: 0.000106605
eec: 110.353
weight: 4.85887e-06
eec: 705.052
weight: 1.26499e-06
eec: 1132.43
weight: 8.2842e-05
eec: 1204.9
weight: 5.16512e-05
eec: 320.848
weight: 5.23942e-05
eec: 115.274
weight: 1.81414e-06
eec: 67.2664
weight: 3.58075e-06
eec: 60.9404
weight: 7.08186e-06
eec: 127.923
weight: 6.68734e-05
eec: 519.652
weight: 0.000218869
eec: 473.025
Processing: 96.6667 %weight: 0.000457837
eec: 440.477
weight: 1.83878e-05
eec: 1204.4
weight: 1.91669e-05
eec: 72.6687
weight: 4.3379e-06
eec: 872.016
weight: 0.000183579
eec: 811.681
weight: 1.37663e-05
eec: 818.9
weight: 0.00136981
eec: 222.901
weight: 1.19383e-05
eec: 799.51
weight: 5.29872e-05
eec: 574.666
weight: 0.000167366
eec: 292.417
weight: 0.00016555
eec: 241.742
weight: 4.35149e-05
eec: 912.538
weight: 9.37116e-05
eec: 1189.71
weight: 1.29537e-05
eec: 507.554
weight: 3.379e-05
eec: 39.8452
weight: 5.54431e-05
eec: 220.046
weight: 5.80107e-05
eec: 688.026
weight: 4.42792e-05
eec: 624.928
weight: 0.000154241
eec: 140.185
weight: 0.00021914
eec: 183.98
weight: 3.87271e-06
eec: 415.247
weight: 1.37342e-06
eec: 1683.89
weight: 8.2229e-05
eec: 364.395
weight: 3.93215e-06
eec: 738.11
weight: 1.06076e-06
eec: 165.245
weight: 1.6329e-05
eec: 604.124
weight: 0.000370818
eec: 151.732
weight: 9.57618e-06
eec: 499.31
weight: 3.53321e-05
eec: 95.1604
weight: 5.48423e-05
eec: 434.109
weight: 3.82709e-05
eec: 260.762
weight: 6.66939e-06
eec: 492.014
weight: 6.92208e-06
eec: 2014.57
weight: 1.42289e-05
eec: 479.572
weight: 1.04444e-05
eec: 845.527
weight: 0.000537928
eec: 270.684
weight: 4.37439e-05
eec: 52.1575
weight: 1.52525e-05
eec: 1530.64
weight: 0.000658043
eec: 54.3423
weight: 2.40161e-05
eec: 290.423
weight: 5.49752e-06
eec: 349.752
weight: 1.55646e-05
eec: 1664.86
weight: 0.000327274
eec: 766.139
weight: 0.000232379
eec: 455.205
weight: 4.54525e-07
eec: 732.984
weight: 5.68455e-06
eec: 74.3594
weight: 0.000323336
eec: 884.227
weight: 7.99306e-05
eec: 1019.78
weight: 4.06955e-06
eec: 819.272
weight: 2.32159e-05
eec: 185.362
weight: 9.52486e-06
eec: 1727.8
weight: 4.31914e-05
eec: 847.721
weight: 1.68076e-05
eec: 266.809
weight: 8.7171e-05
eec: 497.621
weight: 1.86298e-05
eec: 186.224
weight: 5.54292e-05
eec: 249.34
weight: 9.58093e-05
eec: 187.683
weight: 2.05609e-05
eec: 46.1913
weight: 9.01436e-05
eec: 585.854
weight: 2.26173e-05
eec: 1200.26
weight: 1.69728e-05
eec: 492.824
weight: 6.01193e-07
eec: 87.8043
weight: 6.49112e-05
eec: 933.616
weight: 0.000112955
eec: 56.7688
weight: 0.000642515
eec: 36.2486
weight: 4.26314e-05
eec: 502.493
weight: 0.000172684
eec: 521.94
weight: 1.42413e-07
eec: 763.417
weight: 8.24539e-05
eec: 390.433
weight: 5.99105e-05
eec: 218.158
weight: 0.000326631
eec: 228.681
weight: 8.77464e-05
eec: 417.599
weight: 0.000678256
eec: 55.0115
weight: 9.54032e-07
eec: 1074.02
weight: 1.97514e-05
eec: 46.4444
weight: 0.000150013
eec: 226.839

ROOT exit code = 0
