gSystem->Load("run_condor_job_Run3_C.so");
run_condor_job_Run3(200, 100, 2,
                    80, 200,
                    1, 1, 1, 2);
.q

ENTERED run_condor_job_Run3()
JOBID = 200
  global job = 200  Job 0/100  events [0, 60000)  total=6000000
Processing events [0, 60000) of 6000000
Processing: 0 %weight: 3.70836e-07
eec: 1254.87
weight: 3.70836e-07
eec: 1559.68
weight: 7.45017e-05
eec: 1076.97
weight: 9.9968e-06
eec: 1065.4
weight: 0.000230263
eec: 158.741
weight: 1.98081e-06
eec: 2454.08
weight: 4.7101e-07
eec: 1441.56
weight: 3.7026e-08
eec: 924.655
weight: 8.39498e-06
eec: 1655.98
weight: 6.55944e-05
eec: 95.9805
weight: 0.000913745
eec: 364.142
weight: 2.63919e-05
eec: 34.521
weight: 5.06132e-06
eec: 151.546
weight: 9.38929e-08
eec: 635.653
weight: 2.52379e-06
eec: 349.668
weight: 2.3393e-05
eec: 1108.88
weight: 0.000814912
eec: 429.136
weight: 3.32897e-07
eec: 154.734
weight: 3.93226e-05
eec: 380.725
weight: 4.25864e-05
eec: 608.915
weight: 1.87241e-06
eec: 191.704
weight: 0.000186115
eec: 81.6008
weight: 2.72811e-05
eec: 475.937
weight: 7.41132e-06
eec: 1335.77
weight: 8.81409e-06
eec: 1897.23
weight: 7.2351e-05
eec: 283.199
weight: 1.96684e-06
eec: 907.17
weight: 1.04128e-06
eec: 112.881
weight: 6.62256e-05
eec: 1665.75
weight: 1.89962e-05
eec: 134.773
weight: 3.8293e-05
eec: 1117.23
weight: 4.41025e-05
eec: 2094.84
weight: 6.50212e-05
eec: 410.906
weight: 1.39682e-06
eec: 930.191
weight: 1.39682e-06
eec: 185.971
weight: 5.75728e-07
eec: 772.796
weight: 5.76869e-06
eec: 1079.09
weight: 2.4892e-06
eec: 1609.21
weight: 3.98801e-05
eec: 859.08
weight: 2.52768e-05
eec: 519.793
weight: 0.000136853
eec: 298.562
weight: 1.96978e-05
eec: 407.704
weight: 0.000171099
eec: 380.186
weight: 6.62561e-06
eec: 549.697
weight: 9.35536e-05
eec: 300.628
weight: 0.00020808
eec: 186.065
weight: 0.000314021
eec: 122.738
weight: 0.000127859
eec: 28.0233
weight: 3.77254e-07
eec: 1601.79
weight: 6.54961e-05
eec: 157.707
weight: 3.92586e-06
eec: 824.667
weight: 2.17754e-06
eec: 1837.84
weight: 1.41982e-05
eec: 176.112
weight: 1.00774e-05
eec: 341.22
weight: 9.84825e-05
eec: 603.276
weight: 1.41966e-07
eec: 705.32
weight: 3.84036e-06
eec: 2007.46
weight: 1.95031e-05
eec: 136.623
weight: 0.00024144
eec: 211.309
weight: 8.66753e-06
eec: 985.463
weight: 0.000174569
eec: 2010.05
weight: 9.87005e-05
eec: 60.9131
weight: 2.58086e-06
eec: 289.245
weight: 7.39431e-05
eec: 124.738
weight: 1.04035e-05
eec: 1440.31
weight: 1.56703e-05
eec: 1200.27
weight: 0.000115041
eec: 86.8038
weight: 3.35321e-05
eec: 80.3822
weight: 0.000138482
eec: 217.508
weight: 5.56936e-05
eec: 1041.95
weight: 0.000122406
eec: 131.678
weight: 1.17342e-05
eec: 578.141
weight: 0.000235358
eec: 787.132
weight: 0.000396708
eec: 1324.9
weight: 4.58826e-07
eec: 245.605
weight: 2.10221e-05
eec: 466.82
weight: 0.000132228
eec: 594.433
weight: 0.000133938
eec: 67.9518
weight: 2.35457e-05
eec: 2012.48
weight: 7.53257e-06
eec: 1460.31
weight: 8.39893e-05
eec: 270.722
weight: 9.96733e-05
eec: 330.681
weight: 0.000283995
eec: 128.223
weight: 2.61706e-05
eec: 3423.98
weight: 0.000213543
eec: 156.035
weight: 5.91889e-05
eec: 28.2189
weight: 3.48602e-06
eec: 614.506
weight: 0.000129389
eec: 94.2657
weight: 3.28845e-05
eec: 1745.4
weight: 0.000254216
eec: 18.3261
weight: 2.46104e-05
eec: 291.346
weight: 2.2908e-07
eec: 150.028
weight: 1.56436e-05
eec: 902.988
weight: 8.82098e-06
eec: 102.261
weight: 1.01303e-05
eec: 488.335
weight: 7.81069e-08
eec: 122.261
weight: 5.15506e-06
eec: 19.6217
weight: 6.61e-06
eec: 240.718
weight: 3.52791e-05
eec: 1208.66
weight: 1.81444e-05
eec: 1377.43
weight: 0.000202459
eec: 241.503
weight: 2.51852e-05
eec: 1174.33
weight: 1.92715e-05
eec: 166.714
weight: 8.82564e-05
eec: 102.904
weight: 0.000101476
eec: 842.092
weight: 1.54488e-05
eec: 322.251
weight: 4.69213e-06
eec: 605.087
weight: 3.73948e-06
eec: 1128.87
weight: 2.52677e-06
eec: 1014.98
weight: 1.49434e-05
eec: 888.114
weight: 9.25986e-05
eec: 445.337
weight: 0.000583974
eec: 104.021
weight: 1.31298e-07
eec: 720.053
weight: 2.88466e-05
eec: 3.78843
weight: 7.76506e-05
eec: 1435.88
weight: 0.000299709
eec: 330.545
weight: 0.000439612
eec: 705.107
weight: 1.56752e-05
eec: 568.788
weight: 7.50772e-05
eec: 93.3492
weight: 1.31819e-05
eec: 745.122
weight: 2.76978e-05
eec: 853.407
weight: 5.51126e-05
eec: 773.084
weight: 1.44332e-05
eec: 669.057
weight: 4.59578e-06
eec: 401.422
weight: 1.27361e-05
eec: 79.1049
weight: 7.97022e-06
eec: 819.338
weight: 1.60607e-05
eec: 230.823
weight: 3.91352e-05
eec: 606.605
weight: 9.40185e-07
eec: 208.034
weight: 0.000154716
eec: 24.5332
weight: 1.40058e-05
eec: 168.886
weight: 1.3542e-05
eec: 453.622
weight: 2.59467e-05
eec: 1763.29
weight: 4.62741e-05
eec: 1628.78
weight: 8.11455e-05
eec: 45.1881
weight: 8.36183e-06
eec: 1305.94
weight: 0.000170153
eec: 1201.89
weight: 4.48459e-05
eec: 661.977
weight: 1.19619e-06
eec: 514.836
weight: 6.00341e-05
eec: 310.908
weight: 1.45131e-05
eec: 361.961
weight: 7.92723e-06
eec: 249.688
weight: 2.60738e-06
eec: 123.67
weight: 3.4113e-05
eec: 77.6517
weight: 4.25815e-06
eec: 1384.59
weight: 2.81661e-07
eec: 1580.84
weight: 2.30767e-06
eec: 1093.55
weight: 0.000187854
eec: 84.2128
weight: 2.08856e-05
eec: 2430.18
weight: 1.42731e-05
eec: 2046.44
weight: 6.59869e-05
eec: 244.467
weight: 0.00071385
eec: 1034.34
weight: 1.44752e-06
eec: 566.589
weight: 1.1226e-05
eec: 31.507
weight: 0.000454352
eec: 69.852
weight: 1.36565e-05
eec: 583.608
weight: 7.8195e-05
eec: 212.802
weight: 4.06927e-05
eec: 1422.77
weight: 0.000251686
eec: 336.103
weight: 1.3136e-05
eec: 1086.18
weight: 2.22005e-05
eec: 361.28
weight: 0.00017484
eec: 968.243
weight: 4.95668e-05
eec: 241.637
weight: 5.09832e-05
eec: 644.838
Processing: 0.833333 %weight: 8.75607e-05
eec: 728.874
weight: 9.26914e-06
eec: 284.242
weight: 0.00025577
eec: 29.2316
weight: 1.54234e-05
eec: 1182.14
weight: 0.000386447
eec: 204.582
weight: 4.45272e-07
eec: 40.2155
weight: 4.35343e-05
eec: 368.469
weight: 0.000142464
eec: 1505.74
weight: 2.08016e-05
eec: 1633.96
weight: 0.00016141
eec: 296.936
weight: 0.000172534
eec: 2503.54
weight: 0.000228566
eec: 985.672
weight: 5.82351e-05
eec: 30.8053
weight: 0.000152351
eec: 61.7913
weight: 8.46597e-05
eec: 1040.43
weight: 2.99729e-05
eec: 1010.7
weight: 7.82523e-06
eec: 189.664
weight: 3.55683e-05
eec: 533.535
weight: 1.09872e-07
eec: 75.3539
weight: 2.48384e-05
eec: 296.984
weight: 3.2646e-05
eec: 1226.8
weight: 2.815e-05
eec: 1401.32
weight: 7.22822e-06
eec: 176.643
weight: 0.000276943
eec: 93.0335
weight: 4.51362e-05
eec: 120.166
weight: 9.18695e-06
eec: 152.711
weight: 5.85923e-06
eec: 166.599
weight: 0.000101285
eec: 273.912
weight: 0.000113121
eec: 1592.14
weight: 2.77457e-05
eec: 1807.2
weight: 4.06232e-05
eec: 856.437
weight: 0.000125106
eec: 302.473
weight: 2.84512e-05
eec: 156.539
weight: 4.4672e-05
eec: 8.50029
weight: 3.57473e-06
eec: 60.087
weight: 0.000148689
eec: 660.021
weight: 1.34608e-05
eec: 399.983
weight: 0.000197134
eec: 88.4576

ROOT exit code = 0
