gSystem->Load("run_condor_job_Run3_C.so");
run_condor_job_Run3(223, 100, 2,
                    80, 200,
                    1, 1, 1, 2);
.q

ENTERED run_condor_job_Run3()
JOBID = 223
  global job = 223  Job 23/100  events [1380000, 1440000)  total=6000000
Processing events [1380000, 1440000) of 6000000
weight: 6.62407e-05
eec: 141.798
weight: 7.71788e-07
eec: 352.643
weight: 5.52564e-05
eec: 654.182
weight: 9.06328e-06
eec: 781.755
weight: 5.4193e-05
eec: 577.101
weight: 0.000152237
eec: 734.941
weight: 3.94099e-06
eec: 342.721
weight: 1.31771e-05
eec: 220.432
weight: 8.09329e-06
eec: 224.337
weight: 5.25675e-05
eec: 45.0929
weight: 6.31576e-05
eec: 75.7342
weight: 2.89034e-05
eec: 1027.12
weight: 9.90747e-07
eec: 773.606
weight: 3.26692e-05
eec: 101.011
weight: 5.8657e-05
eec: 2869.54
weight: 6.06253e-06
eec: 1287.46
weight: 6.06253e-06
eec: 61.159
weight: 1.03384e-06
eec: 260.278
weight: 1.10186e-05
eec: 1096.21
weight: 2.04644e-05
eec: 1752.14
weight: 8.17801e-08
eec: 2358.74
weight: 0.000251844
eec: 396.03
weight: 0.000286915
eec: 343.137
weight: 3.48752e-05
eec: 237.755
weight: 2.29706e-05
eec: 15.7664
weight: 4.5646e-05
eec: 357.782
weight: 1.28855e-06
eec: 501.593
weight: 5.53809e-05
eec: 28.0174
weight: 2.29352e-06
eec: 1585.97
weight: 0.000277694
eec: 11.0522
weight: 2.20974e-05
eec: 29.5564
weight: 1.34945e-05
eec: 510.851
weight: 2.76585e-05
eec: 157.247
weight: 2.64985e-05
eec: 69.9639
weight: 7.64202e-06
eec: 1484.94
weight: 2.37883e-06
eec: 105.929
weight: 1.99985e-05
eec: 743.493
weight: 9.34064e-05
eec: 294.116
weight: 2.35981e-05
eec: 191.692
weight: 0.000492591
eec: 227.34
weight: 1.82939e-05
eec: 392.741
weight: 5.10759e-06
eec: 35.1738
weight: 5.35091e-07
eec: 687.69
weight: 9.57761e-06
eec: 1588.63
weight: 1.00402e-05
eec: 957.689
weight: 5.92728e-05
eec: 856.236
weight: 6.17835e-06
eec: 3668.9
weight: 2.7965e-05
eec: 69.6233
weight: 8.71273e-05
eec: 557.052
weight: 2.97148e-06
eec: 316.958
weight: 1.69053e-05
eec: 276.099
weight: 2.11196e-06
eec: 118.813
weight: 7.75083e-07
eec: 1020.66
weight: 0.00021991
eec: 110.674
weight: 2.34615e-05
eec: 788.03
weight: 1.29484e-05
eec: 556.569
weight: 4.03698e-05
eec: 296.507
weight: 1.85769e-05
eec: 375.468
weight: 0.000202898
eec: 1551.59
weight: 4.56211e-05
eec: 829.998
weight: 5.54357e-06
eec: 178.24
weight: 3.81166e-05
eec: 737.887
weight: 3.96697e-07
eec: 195.658
weight: 2.0213e-05
eec: 213.664
weight: 5.14346e-05
eec: 74.8053
weight: 9.92515e-06
eec: 1196.79
weight: 2.53615e-05
eec: 299.048
weight: 1.08474e-05
eec: 34.4541
weight: 2.19532e-05
eec: 589.619
weight: 1.40027e-05
eec: 475.615
weight: 0.000168291
eec: 1490.81
weight: 3.62179e-06
eec: 1075.91
weight: 5.85206e-05
eec: 154.036
weight: 9.23163e-05
eec: 650.437
weight: 5.4231e-05
eec: 1137.45
weight: 2.35105e-06
eec: 88.8758
weight: 1.3537e-05
eec: 451.55
weight: 2.97681e-05
eec: 648.345
Processing: 23.3333 %weight: 2.77784e-05
eec: 602.931
weight: 1.41171e-05
eec: 1252.52
weight: 0.000287341
eec: 144.182
weight: 6.21851e-06
eec: 1351.7
weight: 1.42209e-05
eec: 108.797
weight: 1.09998e-05
eec: 1571.8
weight: 8.66619e-06
eec: 154.473
weight: 2.0251e-05
eec: 496.167
weight: 3.60167e-08
eec: 54.7835
weight: 3.66523e-06
eec: 655.64
weight: 3.28049e-05
eec: 187.367
weight: 1.66102e-05
eec: 623.262
weight: 0.000316145
eec: 212.644
weight: 4.3408e-06
eec: 1131.65
weight: 1.38674e-08
eec: 108.658
weight: 5.14444e-07
eec: 273.853
weight: 2.2599e-05
eec: 543.438
weight: 9.56974e-05
eec: 27.0796
weight: 1.70552e-06
eec: 65.3642
weight: 3.2821e-07
eec: 149.298
weight: 0.000182562
eec: 222.168
weight: 4.12956e-06
eec: 1332.25
weight: 1.30202e-05
eec: 1964.21
weight: 4.64896e-05
eec: 341.206
weight: 3.53461e-07
eec: 73.3997
weight: 4.48539e-05
eec: 279.26
weight: 0.000269657
eec: 336.986
weight: 1.2303e-05
eec: 44.6148
weight: 0.000214262
eec: 167.361
weight: 8.83032e-06
eec: 931.252
weight: 4.60046e-06
eec: 6.41949
weight: 1.19001e-06
eec: 672.783
weight: 0.000252292
eec: 212.036
weight: 3.0658e-05
eec: 1258.09
weight: 0.000227848
eec: 227.305
weight: 3.40358e-06
eec: 777.716
weight: 0.000105267
eec: 201.976
weight: 8.96172e-07
eec: 1319.02
weight: 6.85885e-05
eec: 380.722
weight: 1.14042e-05
eec: 31.8035
weight: 8.22241e-05
eec: 499.895
weight: 4.46051e-05
eec: 400.972
weight: 8.80814e-06
eec: 633.619
weight: 5.53253e-05
eec: 1236.86
weight: 0.000155164
eec: 190.711
weight: 0.000442941
eec: 454.217
weight: 1.08374e-06
eec: 679.137
weight: 3.65938e-05
eec: 141.718
weight: 2.01904e-06
eec: 1840.8
weight: 8.43912e-06
eec: 151.202
weight: 1.71528e-05
eec: 1302.57
weight: 0.000230111
eec: 561.409
weight: 1.09597e-05
eec: 727.599
weight: 9.9606e-05
eec: 847.851
weight: 0.000278077
eec: 428.816
weight: 2.58834e-05
eec: 761.589
weight: 9.26024e-06
eec: 117.993
weight: 8.03684e-05
eec: 350.459
weight: 9.50591e-06
eec: 179.076
weight: 0.000434486
eec: 125.411
weight: 4.41012e-05
eec: 135.386
weight: 2.94672e-05
eec: 80.9675
weight: 4.89358e-05
eec: 160.871
weight: 0.00129275
eec: 106.311
weight: 5.70613e-05
eec: 685.804
weight: 0.000193275
eec: 1208.86
weight: 1.61871e-05
eec: 195.334
weight: 0.000344784
eec: 116.232
weight: 5.10496e-05
eec: 621.491
weight: 5.2231e-05
eec: 373.596
weight: 7.29161e-06
eec: 1503.35
weight: 1.78628e-05
eec: 96.3895
weight: 3.08051e-05
eec: 24.1966
weight: 1.94556e-05
eec: 2477.72
weight: 0.000100891
eec: 333.444
weight: 5.99335e-05
eec: 190.388
weight: 2.47635e-06
eec: 160.155
weight: 1.46617e-05
eec: 103.768
weight: 7.04437e-05
eec: 649.03
weight: 2.0742e-06
eec: 1521.15
weight: 2.85573e-06
eec: 440.859
weight: 1.39058e-05
eec: 612.613
weight: 1.82053e-05
eec: 34.9091
weight: 3.74489e-05
eec: 559.946
weight: 6.78711e-06
eec: 670.247
weight: 8.94977e-06
eec: 441.326
weight: 3.1022e-05
eec: 188.9
weight: 3.98316e-05
eec: 174.318
weight: 0.000290561
eec: 248.76
weight: 2.52778e-05
eec: 1379.27
weight: 1.42657e-06
eec: 1557.26
weight: 5.86332e-06
eec: 2251.75
weight: 0.00023982
eec: 354.304
weight: 8.28505e-06
eec: 354.199
weight: 3.58227e-05
eec: 698.028
weight: 3.17115e-05
eec: 437.663
weight: 4.94757e-05
eec: 151.544
weight: 6.36481e-06
eec: 278.687
weight: 0.000103704
eec: 1790.98
weight: 0.000467478
eec: 731.744
weight: 4.18206e-05
eec: 565.362
weight: 8.96045e-06
eec: 1155.78
weight: 0.000127571
eec: 257.735
weight: 8.82091e-06
eec: 97.8282
weight: 0.000535958
eec: 146.693
weight: 6.33738e-05
eec: 736.442
weight: 5.59024e-05
eec: 331.702
weight: 0.000466044
eec: 729.869
weight: 8.8136e-06
eec: 73.6088
weight: 1.61867e-05
eec: 293.532
weight: 0.000199561
eec: 601.122
weight: 6.5159e-05
eec: 1215.05
weight: 5.48556e-06
eec: 236.448
weight: 1.76531e-05
eec: 51.9474
weight: 9.2208e-05
eec: 468.914
weight: 0.000705407
eec: 217.312
weight: 4.52617e-05
eec: 742.015
weight: 9.04637e-07
eec: 129.954
weight: 0.000168216
eec: 66.8557
weight: 1.23013e-05
eec: 640.268
weight: 3.14628e-06
eec: 157.63
weight: 0.000598466
eec: 628.58
weight: 9.72532e-05
eec: 54.4686
weight: 2.9852e-05
eec: 131.264
weight: 8.78448e-05
eec: 532.88
weight: 0.000138901
eec: 135.594
weight: 4.40528e-05
eec: 107.185
weight: 1.23771e-05
eec: 392.612
weight: 2.36045e-05
eec: 554.805
weight: 9.95206e-05
eec: 110.69
weight: 1.2342e-05
eec: 153.027
weight: 0.000115771
eec: 680.918
weight: 0.000141757
eec: 215.344
weight: 2.5723e-06
eec: 509.284
weight: 0.00034218
eec: 137.279
weight: 0.000248563
eec: 1319.82
weight: 1.96628e-05
eec: 307.647
weight: 4.70873e-07
eec: 249.02
weight: 1.58131e-05
eec: 205.132
weight: 0.000262639
eec: 81.0136
weight: 2.69681e-05
eec: 645.337
weight: 6.83183e-05
eec: 107.591
weight: 3.33585e-06
eec: 442.503
weight: 8.8656e-05
eec: 362.579
weight: 4.29465e-05
eec: 149.756
weight: 6.5473e-05
eec: 148.623
weight: 5.82882e-05
eec: 122.606
weight: 2.36679e-05
eec: 494.108
weight: 0.000246076
eec: 97.6469
weight: 4.67259e-06
eec: 1877.87
weight: 0.000138255
eec: 62.684
weight: 0.000197588
eec: 1053.76
weight: 1.01094e-05
eec: 309.228
weight: 9.45097e-06
eec: 401.169
weight: 0.000252154
eec: 363.419
weight: 0.000252154
eec: 127.324
weight: 3.78447e-06
eec: 175.51
weight: 1.97297e-05
eec: 362.143

ROOT exit code = 0
