gSystem->Load("run_condor_job_Run3_C.so");
run_condor_job_Run3(992, 100, 2,
                    80, 200,
                    1, 1, 1, 9);
.q

ENTERED run_condor_job_Run3()
JOBID = 992
  global job = 992  Job 92/100  events [5470320, 5529780)  total=5946000
Processing events [5470320, 5529780) of 5946000
weight: 8.36126e-06
eec: 280.43
weight: 1.52938e-05
eec: 347.115
weight: 4.59737e-05
eec: 365.719
weight: 6.20025e-05
eec: 382.317
weight: 3.81017e-06
eec: 470.887
weight: 1.23771e-06
eec: 1173.91
weight: 1.8687e-05
eec: 763.996
weight: 2.52611e-05
eec: 670.188
weight: 6.83854e-07
eec: 497.409
weight: 3.12701e-06
eec: 212.575
weight: 4.40568e-06
eec: 729.889
weight: 4.08733e-06
eec: 96.9482
weight: 2.23415e-06
eec: 93.5009
weight: 3.59271e-05
eec: 792.122
weight: 8.58024e-05
eec: 654.135
weight: 5.70026e-05
eec: 198.824
weight: 3.97822e-05
eec: 1092.22
weight: 4.46696e-05
eec: 60.9625
weight: 7.72464e-06
eec: 849.996
weight: 0.000459058
eec: 166.422
weight: 7.52064e-06
eec: 93.4046
weight: 4.81684e-06
eec: 259.119
weight: 9.22865e-05
eec: 471.137
weight: 3.92954e-05
eec: 91.7746
weight: 1.04458e-05
eec: 980.23
weight: 6.32255e-06
eec: 1128.13
weight: 5.19849e-07
eec: 1924.15
weight: 3.67828e-05
eec: 170.079
weight: 7.97684e-05
eec: 1558.09
weight: 1.40997e-06
eec: 539.458
weight: 1.48389e-05
eec: 489.679
weight: 2.42375e-06
eec: 335.746
weight: 2.75821e-05
eec: 238.732
weight: 2.27208e-05
eec: 1137.62
weight: 0.000100983
eec: 1633.55
weight: 4.9886e-06
eec: 307.107
weight: 8.59961e-07
eec: 177.004
weight: 5.34584e-05
eec: 155.15
weight: 6.57396e-06
eec: 182.979
weight: 3.40172e-06
eec: 210.182
weight: 4.69586e-05
eec: 210.587
weight: 5.58493e-06
eec: 267.644
weight: 0.000381799
eec: 283.169
weight: 8.13071e-06
eec: 176.838
weight: 1.32912e-05
eec: 657.593
weight: 4.11641e-07
eec: 22.0463
weight: 2.36882e-06
eec: 1494.19
weight: 1.009e-05
eec: 515.53
weight: 4.76884e-05
eec: 1129.86
weight: 1.09287e-05
eec: 50.4834
weight: 0.000158758
eec: 605.201
weight: 1.17747e-05
eec: 2719.01
weight: 3.21793e-07
eec: 499.781
weight: 7.51238e-05
eec: 556.007
weight: 1.02317e-05
eec: 429.312
weight: 2.00494e-05
eec: 2269.42
weight: 0.000165314
eec: 200.01
weight: 0.00032743
eec: 403.64
weight: 6.0196e-06
eec: 517.271
weight: 1.17767e-05
eec: 1015.8
weight: 0.000495738
eec: 73.5417
weight: 4.29808e-05
eec: 508.329
weight: 0.000528444
eec: 153.221
weight: 6.66414e-05
eec: 252.562
weight: 4.26992e-05
eec: 691.872
weight: 2.39035e-05
eec: 239.28
weight: 0.000176416
eec: 536.761
weight: 3.19189e-07
eec: 1942.85
weight: 3.76114e-05
eec: 10.0347
weight: 6.5867e-05
eec: 906.499
weight: 5.85349e-05
eec: 79.8476
weight: 1.52391e-05
eec: 259.973
weight: 2.15271e-06
eec: 681.641
weight: 7.64975e-06
eec: 304.42
weight: 6.51565e-05
eec: 1031.65
weight: 7.46816e-06
eec: 223.869
weight: 0.000176224
eec: 226.765
weight: 9.61022e-06
eec: 697.263
weight: 0.000121248
eec: 232.137
weight: 0.000491055
eec: 402.007
weight: 4.39341e-06
eec: 1307.66
weight: 0.00036379
eec: 678.585
weight: 9.17535e-05
eec: 345.438
weight: 2.1183e-05
eec: 547.714
weight: 1.69991e-05
eec: 491.349
weight: 1.8684e-05
eec: 65.3746
weight: 1.43571e-05
eec: 801.497
weight: 1.6174e-05
eec: 951.477
weight: 1.02919e-05
eec: 519.094
weight: 3.09812e-05
eec: 87.4426
weight: 2.65105e-06
eec: 721.284
weight: 3.7803e-05
eec: 817.08
weight: 0.00021285
eec: 259.851
weight: 5.92415e-08
eec: 116.947
weight: 1.79041e-05
eec: 95.746
weight: 7.41069e-05
eec: 825.206
weight: 9.20456e-05
eec: 669.666
weight: 2.27679e-05
eec: 726.968
weight: 2.60012e-05
eec: 466.845
Processing: 92.4992 %weight: 2.77182e-06
eec: 201.574
weight: 2.56088e-05
eec: 607.188
weight: 0.000102407
eec: 223.595
weight: 9.29574e-08
eec: 2241.7
weight: 7.90832e-06
eec: 1455.21
weight: 3.2686e-05
eec: 468.258
weight: 2.82593e-05
eec: 304.06
weight: 3.94768e-05
eec: 1701.48
weight: 1.13481e-05
eec: 448.571
weight: 1.50587e-05
eec: 591.125
weight: 4.62714e-06
eec: 823.7
weight: 5.61221e-05
eec: 1845.2
weight: 0.00014562
eec: 42.7848
weight: 0.000356475
eec: 74.2165
weight: 6.48598e-06
eec: 1500.86
weight: 3.497e-06
eec: 273.198
weight: 1.63547e-05
eec: 66.8533
weight: 5.97015e-06
eec: 852.644
weight: 1.08172e-05
eec: 375.837
weight: 1.0099e-05
eec: 1346.46
weight: 6.39618e-05
eec: 355.861
weight: 3.8027e-05
eec: 494.777
weight: 3.08131e-06
eec: 2170.08
weight: 1.90595e-08
eec: 593.769
weight: 8.20622e-07
eec: 604.058
weight: 1.2327e-05
eec: 537.778
weight: 1.66182e-05
eec: 136.662
weight: 1.91744e-05
eec: 586.172
weight: 0.00013807
eec: 191.259
weight: 1.27973e-05
eec: 74.6183
weight: 8.70837e-07
eec: 5171.74
weight: 7.67443e-05
eec: 217.931
weight: 0.000264793
eec: 425.309
weight: 4.04341e-05
eec: 291.202
weight: 2.1508e-05
eec: 1074.06
weight: 0.000111427
eec: 613.152
weight: 5.15331e-06
eec: 659.018
weight: 1.57348e-05
eec: 490.86
weight: 6.82509e-05
eec: 2232.91
weight: 7.95288e-05
eec: 21.1328
weight: 7.96262e-06
eec: 491.498
weight: 9.1672e-05
eec: 286.082
weight: 8.07819e-05
eec: 238.11
weight: 4.86761e-05
eec: 76.2887
weight: 1.08183e-06
eec: 2404.81
weight: 8.56815e-05
eec: 152.876
weight: 3.83854e-05
eec: 596.306
weight: 2.36248e-05
eec: 344.417
weight: 0.00107431
eec: 187.187
weight: 5.89015e-06
eec: 119.555
weight: 2.11834e-05
eec: 1519.61
weight: 0.000642688
eec: 434.986
weight: 8.16543e-05
eec: 248.384
weight: 5.02999e-06
eec: 2280.32
weight: 5.39044e-05
eec: 1639.07
weight: 0.000168413
eec: 88.8473
weight: 2.22799e-05
eec: 100.073
weight: 1.19215e-05
eec: 403.841
weight: 2.08391e-05
eec: 204.081
weight: 0.000293618
eec: 428.97
weight: 0.000222651
eec: 203.926
weight: 6.95138e-05
eec: 477.604
weight: 5.41468e-06
eec: 134.91
weight: 1.69262e-05
eec: 2032.35
weight: 2.82118e-06
eec: 154.743
weight: 3.56318e-05
eec: 46.4385
weight: 2.12232e-06
eec: 475.353
weight: 3.04896e-05
eec: 349.187
weight: 9.68711e-06
eec: 232.789
weight: 0.000541244
eec: 116.947
weight: 3.39964e-06
eec: 4065.95
weight: 1.80891e-06
eec: 442.511
weight: 1.20555e-05
eec: 423.084
weight: 3.56732e-05
eec: 418.094
weight: 7.19958e-06
eec: 162.298
weight: 5.78668e-05
eec: 1170.26
weight: 0.000139146
eec: 32.0997
weight: 4.84176e-05
eec: 46.8289
weight: 4.88499e-05
eec: 149.183
weight: 9.29807e-05
eec: 539.636
weight: 1.87677e-05
eec: 1165.4
weight: 1.46947e-05
eec: 140.182
weight: 7.31439e-06
eec: 1018.34
weight: 4.23562e-06
eec: 1475.84
weight: 8.87801e-05
eec: 135.608
weight: 0.00012875
eec: 343.845
weight: 6.20993e-05
eec: 320.893
weight: 1.51297e-06
eec: 115.797
weight: 7.70964e-06
eec: 2240.72
weight: 3.45321e-05
eec: 286.124
weight: 2.44107e-05
eec: 427.778
weight: 2.98586e-06
eec: 1279.92
weight: 1.567e-05
eec: 366.175
weight: 1.5148e-05
eec: 128.687
weight: 4.10336e-05
eec: 930.613
weight: 9.5875e-06
eec: 1945.51
weight: 8.24431e-06
eec: 815.789
weight: 3.39967e-05
eec: 1188.36
weight: 1.15544e-05
eec: 1572.33
weight: 1.36541e-05
eec: 1657.81
weight: 1.24711e-07
eec: 1041.68
weight: 2.99988e-05
eec: 45.083
weight: 0.000105415
eec: 1132.95
weight: 1.17175e-05
eec: 78.7356
weight: 2.92991e-08
eec: 37.9753
weight: 0.000107084
eec: 543.802
weight: 4.6089e-05
eec: 1369.81
weight: 0.000273858
eec: 332.758
weight: 1.73561e-05
eec: 60.1413
weight: 3.20637e-06
eec: 588.43
weight: 0.00011911
eec: 808.455
weight: 4.97675e-06
eec: 539.048
weight: 0.000122109
eec: 173.905
weight: 3.07229e-05
eec: 419.471
weight: 7.96837e-06
eec: 461.701
weight: 3.43601e-05
eec: 683.488
weight: 6.65531e-07
eec: 326.384
weight: 2.27714e-05
eec: 564.412
weight: 3.76425e-05
eec: 21.7607
weight: 5.74427e-05
eec: 420.692
weight: 2.10182e-05
eec: 967.716
weight: 5.85435e-06
eec: 292.602
weight: 5.85435e-06
eec: 405.282
weight: 6.36059e-05
eec: 198.961
weight: 3.15984e-05
eec: 515.838
weight: 0.000332681
eec: 289.924
weight: 8.91771e-09
eec: 109.468
weight: 2.39848e-06
eec: 5.4837
weight: 4.88292e-05
eec: 783.302
weight: 8.63356e-05
eec: 431.277
weight: 0.000435924
eec: 548.461
weight: 1.63941e-05
eec: 1314.21
weight: 3.71679e-06
eec: 2287.83
weight: 2.47617e-05
eec: 159.909
weight: 4.18432e-05
eec: 122.234

ROOT exit code = 0
