gSystem->Load("run_condor_job_Run3_C.so");
run_condor_job_Run3(208, 100, 2,
                    80, 200,
                    1, 1, 1, 2);
.q

ENTERED run_condor_job_Run3()
JOBID = 208
  global job = 208  Job 8/100  events [480000, 540000)  total=6000000
Processing events [480000, 540000) of 6000000
weight: 0.00010631
eec: 50.6166
weight: 4.03874e-06
eec: 1325.89
weight: 1.30906e-05
eec: 294.481
weight: 0.000722125
eec: 233.679
weight: 9.03026e-06
eec: 544.778
weight: 1.51466e-06
eec: 85.0292
weight: 5.38111e-05
eec: 2195.02
weight: 6.55101e-05
eec: 96.2521
weight: 8.64401e-08
eec: 55.1856
weight: 5.65497e-06
eec: 1065.16
weight: 6.26049e-06
eec: 4543.12
weight: 3.78997e-06
eec: 340.051
weight: 1.5517e-05
eec: 1723.94
weight: 5.45644e-05
eec: 621
weight: 0.000310548
eec: 47.2631
weight: 5.00728e-05
eec: 61.7248
weight: 1.06778e-05
eec: 84.5019
weight: 2.42478e-07
eec: 104.416
weight: 7.21021e-05
eec: 28.0235
weight: 5.27988e-07
eec: 124.519
weight: 3.72219e-05
eec: 1786.35
weight: 0.000195276
eec: 1526.92
weight: 3.3234e-05
eec: 551.094
weight: 9.81007e-06
eec: 424.714
weight: 0.000351429
eec: 188.773
weight: 4.99829e-05
eec: 427.397
weight: 1.26609e-05
eec: 370.122
weight: 6.20316e-05
eec: 396.711
weight: 0.000113579
eec: 587.395
weight: 0.000329958
eec: 60.9549
weight: 2.50577e-05
eec: 68.7896
weight: 6.66535e-06
eec: 345.276
weight: 3.23942e-06
eec: 69.3914
weight: 0.000135044
eec: 132.181
weight: 1.18741e-05
eec: 2620.58
weight: 2.97983e-05
eec: 245.332
weight: 0.000175496
eec: 723.756
weight: 9.12729e-05
eec: 158.195
weight: 1.23238e-05
eec: 739.564
weight: 9.47205e-06
eec: 1832.72
weight: 1.09027e-05
eec: 51.4768
weight: 4.23982e-06
eec: 178.909
weight: 1.4835e-05
eec: 111.213
weight: 0.00022642
eec: 582.748
weight: 0.00107354
eec: 653.436
weight: 3.23258e-05
eec: 441.423
weight: 7.7871e-05
eec: 496.75
weight: 9.68218e-05
eec: 739.821
weight: 2.12217e-06
eec: 20.0226
weight: 6.37501e-08
eec: 44.0958
weight: 8.90432e-05
eec: 7.07283
weight: 7.85886e-05
eec: 356.422
weight: 3.69875e-05
eec: 70.6496
weight: 5.05781e-06
eec: 864.639
weight: 6.17908e-05
eec: 397.851
weight: 5.44941e-05
eec: 878.465
weight: 9.68675e-05
eec: 105.524
weight: 4.44438e-05
eec: 199.321
weight: 0.000130152
eec: 282.293
weight: 6.55674e-06
eec: 146.091
weight: 1.81712e-05
eec: 1475.77
weight: 1.13607e-06
eec: 349.796
weight: 3.07475e-06
eec: 2257.31
weight: 0.000189323
eec: 992.164
weight: 1.14358e-05
eec: 1059.73
weight: 0.000131984
eec: 68.3785
weight: 0.00027074
eec: 545.263
weight: 0.000259871
eec: 448.491
weight: 0.000616125
eec: 1480.39
weight: 3.49329e-05
eec: 276.232
weight: 5.61393e-05
eec: 216.829
weight: 3.66821e-06
eec: 1562.76
weight: 1.3218e-05
eec: 697.043
weight: 6.36149e-08
eec: 101.105
weight: 4.74107e-06
eec: 288.058
weight: 7.49234e-05
eec: 503.431
weight: 8.85134e-06
eec: 495.776
weight: 0.000449375
eec: 672.187
weight: 0.000169923
eec: 699.534
weight: 7.42175e-06
eec: 1009.03
Processing: 8.33333 %weight: 2.57805e-05
eec: 461.139
weight: 3.85363e-05
eec: 436.384
weight: 2.86533e-06
eec: 59.965
weight: 9.17752e-08
eec: 114.743
weight: 7.71506e-05
eec: 674.955
weight: 1.37855e-05
eec: 103.083
weight: 1.69502e-05
eec: 290.763
weight: 1.28907e-05
eec: 102.034
weight: 0.00169156
eec: 191.729
weight: 9.06827e-05
eec: 421.194
weight: 9.89891e-05
eec: 414.232
weight: 1.46399e-05
eec: 341.879
weight: 6.70434e-05
eec: 108.485
weight: 5.71342e-06
eec: 183.9
weight: 2.7944e-05
eec: 92.6474
weight: 0.000137863
eec: 183.615
weight: 7.12944e-05
eec: 430.543
weight: 2.32516e-05
eec: 11.8534
weight: 1.86982e-05
eec: 151.356
weight: 1.96136e-07
eec: 34.3591
weight: 0.000205089
eec: 437.529
weight: 6.27545e-06
eec: 122.028
weight: 0.000221709
eec: 134.503
weight: 8.32648e-06
eec: 414.309
weight: 0.000594477
eec: 34.8914
weight: 7.20925e-05
eec: 18.8648
weight: 3.38049e-07
eec: 208.208
weight: 3.00167e-06
eec: 457.505
weight: 3.56076e-05
eec: 711.463
weight: 8.75541e-06
eec: 601.742
weight: 0.000683886
eec: 70.5048
weight: 1.48052e-05
eec: 296.889
weight: 0.000386267
eec: 728.566
weight: 8.57227e-05
eec: 233.668
weight: 5.08302e-05
eec: 130.012
weight: 3.04646e-06
eec: 288.269
weight: 0.000157169
eec: 483.915
weight: 9.09499e-06
eec: 207.927
weight: 8.90926e-05
eec: 170.82
weight: 2.4437e-05
eec: 2106.57
weight: 1.30142e-05
eec: 230.908
weight: 1.63416e-05
eec: 2442.5
weight: 2.40344e-06
eec: 491.807
weight: 7.4554e-06
eec: 1198.75
weight: 6.98302e-05
eec: 221.382
weight: 3.61825e-05
eec: 90.5525
weight: 1.08172e-05
eec: 22.9963
weight: 1.61232e-05
eec: 1176.78
weight: 2.39485e-05
eec: 48.9552
weight: 2.01367e-05
eec: 1379.34
weight: 1.64386e-05
eec: 2215.96
weight: 1.30919e-05
eec: 738.989
weight: 0.000275366
eec: 412.025
weight: 3.52267e-05
eec: 270.063
weight: 4.63281e-07
eec: 3167.6
weight: 2.48366e-05
eec: 641.825
weight: 0.000164569
eec: 50.7295
weight: 1.83291e-06
eec: 1150.17
weight: 6.59854e-05
eec: 152.789
weight: 7.84723e-07
eec: 354.296
weight: 2.39505e-05
eec: 26.5902
weight: 1.71846e-05
eec: 389.587
weight: 2.34365e-05
eec: 427.793
weight: 9.01932e-06
eec: 827.89
weight: 1.76586e-06
eec: 1313.79
weight: 1.32542e-06
eec: 185.258
weight: 3.94899e-05
eec: 421.028
weight: 4.43703e-05
eec: 1929.35
weight: 8.63695e-06
eec: 92.2091
weight: 3.86937e-08
eec: 98.103
weight: 1.09735e-05
eec: 229.705
weight: 2.05275e-05
eec: 249.746
weight: 2.28274e-05
eec: 747.932
weight: 4.41875e-05
eec: 421.866
weight: 0.000871062
eec: 15.0178
weight: 0.000103007
eec: 97.189
weight: 1.03864e-05
eec: 479.361
weight: 2.30754e-05
eec: 354.255
weight: 1.67739e-05
eec: 1449.65
weight: 3.35272e-06
eec: 55.7974
weight: 3.07111e-06
eec: 1127.85
weight: 2.46153e-05
eec: 327.499
weight: 7.12631e-06
eec: 514.26
weight: 3.69531e-06
eec: 268.107
weight: 6.9047e-05
eec: 428.21
weight: 1.19286e-06
eec: 210.233
weight: 3.52402e-05
eec: 203.315
weight: 1.25973e-07
eec: 219.833
weight: 2.9363e-07
eec: 188.058
weight: 3.24842e-06
eec: 272.216
weight: 9.90366e-05
eec: 1007.15
weight: 3.92003e-05
eec: 743.714
weight: 5.12864e-05
eec: 940.972
weight: 4.85633e-05
eec: 603.757
weight: 5.59386e-05
eec: 941.336
weight: 5.38957e-07
eec: 362.664
weight: 0.00011471
eec: 69.4702
weight: 0.000288256
eec: 64.4517
weight: 4.81007e-05
eec: 613.233
weight: 0.000144343
eec: 256.442
weight: 7.62858e-06
eec: 79.4102
weight: 1.03754e-05
eec: 877.065
weight: 9.22962e-06
eec: 2230.43
weight: 5.45818e-05
eec: 1204.3
weight: 7.77447e-05
eec: 219.728
weight: 2.29515e-05
eec: 535.398
weight: 1.3891e-05
eec: 1245.05
weight: 1.71388e-05
eec: 751.449
weight: 0.000189279
eec: 144.732
weight: 0.000826538
eec: 161.564
weight: 4.8685e-05
eec: 254.051
weight: 8.681e-06
eec: 1033.74
weight: 7.94775e-07
eec: 1373.77
weight: 5.52097e-05
eec: 227.662
weight: 1.01607e-07
eec: 2738.32
weight: 3.15148e-05
eec: 2279
weight: 0.000306625
eec: 440.715
weight: 2.35343e-05
eec: 1472.72
weight: 5.37743e-05
eec: 106.424
weight: 1.04542e-05
eec: 781.713
weight: 8.1359e-05
eec: 275.13
weight: 0.000464414
eec: 581.722
weight: 0.000167701
eec: 684.56
weight: 5.70416e-05
eec: 503.143
weight: 4.91683e-05
eec: 630.61
weight: 0.000111176
eec: 217.782
weight: 7.19185e-05
eec: 493.097
weight: 1.28759e-05
eec: 10.012
weight: 1.19868e-05
eec: 291.982
weight: 3.18806e-05
eec: 451.98
weight: 2.11277e-05
eec: 1325.85
weight: 7.52937e-07
eec: 205.282
weight: 5.409e-06
eec: 431.108
weight: 2.62894e-06
eec: 132.479
weight: 2.62894e-06
eec: 220.745
weight: 1.29651e-07
eec: 92.0108
weight: 6.01701e-06
eec: 281.746
weight: 6.01701e-06
eec: 351.235
weight: 1.11318e-05
eec: 73.9216
weight: 6.02689e-05
eec: 258.134
weight: 2.32273e-05
eec: 613.738
weight: 4.24474e-05
eec: 42.4373
weight: 2.0033e-05
eec: 1685.58
weight: 1.81286e-06
eec: 140.723
weight: 6.8363e-06
eec: 303.858
weight: 1.22392e-05
eec: 1305.4

ROOT exit code = 0
