gSystem->Load("run_condor_job_Run3_C.so");
run_condor_job_Run3(680, 100, 2,
                    80, 200,
                    1, 1, 1, 6);
.q

ENTERED run_condor_job_Run3()
JOBID = 680
  global job = 680  Job 80/100  events [4718400, 4777380)  total=5898000
Processing events [4718400, 4777380) of 5898000
weight: 1.14115e-06
eec: 529.753
weight: 0.000141727
eec: 296.131
weight: 2.14045e-05
eec: 740.052
weight: 4.14952e-05
eec: 497.56
weight: 3.83482e-05
eec: 756.04
weight: 1.00387e-05
eec: 417.708
weight: 1.03315e-07
eec: 286.401
weight: 0.000185023
eec: 759.572
weight: 2.35957e-06
eec: 2024.46
weight: 3.96237e-05
eec: 286.859
weight: 4.76991e-05
eec: 638.839
weight: 4.34544e-05
eec: 309.703
weight: 2.92009e-05
eec: 88.5002
weight: 9.65357e-05
eec: 262.995
weight: 4.96486e-05
eec: 686.998
weight: 8.03905e-06
eec: 663.676
weight: 3.15472e-06
eec: 89.1264
weight: 5.27325e-06
eec: 273.471
weight: 7.38295e-05
eec: 1003.21
weight: 4.01152e-06
eec: 1174.34
weight: 8.84006e-05
eec: 101.838
weight: 0.00030899
eec: 1784.15
weight: 8.11941e-05
eec: 643.127
weight: 1.04909e-05
eec: 1740.72
weight: 2.80343e-05
eec: 309.833
weight: 7.77254e-06
eec: 114.413
weight: 1.6074e-05
eec: 635.915
weight: 1.07211e-05
eec: 1640.51
weight: 6.16551e-05
eec: 1431.65
weight: 1.27854e-05
eec: 567.123
weight: 4.36344e-05
eec: 600.562
weight: 2.56347e-06
eec: 219.347
weight: 1.14576e-05
eec: 452.048
weight: 0.00030771
eec: 854.013
weight: 0.000114196
eec: 41.8806
weight: 0.000129161
eec: 544.458
weight: 0.000281918
eec: 232.879
weight: 3.62891e-06
eec: 1524.18
weight: 1.05934e-05
eec: 1790.12
weight: 5.97985e-06
eec: 1150.89
weight: 2.54927e-06
eec: 117.898
weight: 0.000120963
eec: 147.626
weight: 9.66554e-06
eec: 853.384
weight: 3.50454e-05
eec: 323.173
weight: 1.70031e-05
eec: 1669.4
weight: 0.000112114
eec: 1543.78
weight: 1.66846e-07
eec: 435.676
weight: 3.98881e-06
eec: 1841.31
weight: 1.8322e-05
eec: 317.14
weight: 4.60479e-07
eec: 297.476
weight: 1.11708e-05
eec: 559.897
weight: 0.000462682
eec: 1204.73
weight: 0.000250956
eec: 163.468
weight: 3.42857e-05
eec: 330.961
weight: 7.08079e-05
eec: 475.377
weight: 0.000102351
eec: 137.281
weight: 3.54832e-05
eec: 1455.58
weight: 5.17799e-05
eec: 592.909
weight: 1.65863e-05
eec: 31.3725
weight: 0.000253582
eec: 669.279
weight: 8.28862e-06
eec: 796.161
weight: 9.61786e-05
eec: 214.837
weight: 4.17434e-05
eec: 152.147
weight: 4.20747e-05
eec: 773.079
weight: 8.01919e-06
eec: 953.522
weight: 6.67828e-06
eec: 572.196
weight: 1.93465e-05
eec: 319.409
weight: 2.76114e-05
eec: 2027.67
weight: 0.000144705
eec: 550.753
weight: 1.13598e-05
eec: 819.84
weight: 8.538e-06
eec: 405.436
weight: 2.36002e-05
eec: 1079.8
weight: 2.92586e-05
eec: 95.4275
weight: 1.7504e-06
eec: 121.081
weight: 9.08258e-07
eec: 377.093
weight: 2.17745e-05
eec: 11.8542
weight: 6.23268e-05
eec: 105.499
weight: 1.13354e-05
eec: 40.8573
weight: 6.55109e-06
eec: 254.25
weight: 1.13111e-05
eec: 208.106
weight: 0.000110409
eec: 138.045
weight: 1.36775e-05
eec: 740.601
weight: 5.72852e-05
eec: 28.56
weight: 3.23358e-05
eec: 1258.25
weight: 3.54733e-06
eec: 69.4902
weight: 1.42229e-05
eec: 416.622
weight: 4.84406e-05
eec: 198.135
weight: 4.85132e-05
eec: 525.931
weight: 1.69584e-05
eec: 878.177
weight: 1.95583e-05
eec: 97.8999
weight: 5.2791e-05
eec: 377.428
weight: 8.78521e-06
eec: 147.174
weight: 5.16272e-05
eec: 911.772
weight: 0.000820973
eec: 228.666
weight: 1.98494e-05
eec: 195.199
weight: 4.44344e-05
eec: 1004.86
weight: 8.97958e-06
eec: 324.135
weight: 2.67302e-07
eec: 1247.33
weight: 9.39426e-06
eec: 1817.35
weight: 1.3365e-05
eec: 61.7277
weight: 0.0001344
eec: 41.5499
weight: 0.000308005
eec: 107.627
weight: 1.66532e-05
eec: 164.95
weight: 1.90747e-06
eec: 45.6299
weight: 7.99258e-07
eec: 1142.29
weight: 0.00035492
eec: 432.59
weight: 0.000107274
eec: 1091.61
weight: 0.000100279
eec: 64.5255
weight: 4.88129e-06
eec: 300.99
weight: 2.49081e-06
eec: 1061.08
weight: 2.32968e-05
eec: 1091.31
weight: 2.68068e-06
eec: 2652.08
weight: 1.08749e-05
eec: 256.91
weight: 1.60113e-07
eec: 127.801
weight: 0.000246712
eec: 608.138
weight: 1.75628e-06
eec: 225.032
weight: 0.000282846
eec: 640.315
weight: 6.6761e-06
eec: 1152.5
weight: 5.41428e-06
eec: 581.728
weight: 1.70857e-06
eec: 144.021
Processing: 80.5358 %weight: 1.99519e-05
eec: 643.505
weight: 9.45806e-05
eec: 763.49
weight: 0.000541335
eec: 226.744
weight: 1.3073e-05
eec: 470.663
weight: 3.22623e-05
eec: 44.6257
weight: 3.55933e-05
eec: 790.232
weight: 3.14668e-06
eec: 422.901
weight: 1.71437e-05
eec: 107.523
weight: 4.5758e-05
eec: 1125.98
weight: 8.20383e-05
eec: 1505.99
weight: 8.77216e-05
eec: 55.7649
weight: 3.23386e-06
eec: 737.482
weight: 0.000155377
eec: 164.547
weight: 5.20683e-05
eec: 636.167
weight: 1.01006e-05
eec: 1151.08
weight: 1.06924e-05
eec: 1221.97
weight: 6.68582e-06
eec: 252.21
weight: 1.79374e-08
eec: 617.565
weight: 0.000476047
eec: 479.18
weight: 3.79617e-06
eec: 1323.15
weight: 1.0607e-05
eec: 159.245
weight: 1.75579e-05
eec: 542.483
weight: 1.14281e-05
eec: 1361.12
weight: 0.000320342
eec: 93.7248
weight: 1.28677e-06
eec: 55.0483
weight: 3.73091e-05
eec: 160.339
weight: 1.8827e-05
eec: 1244.5
weight: 2.41994e-05
eec: 39.4159
weight: 2.29133e-05
eec: 1382.24
weight: 8.22019e-06
eec: 974.958
weight: 1.8739e-05
eec: 295.86
weight: 0.000247716
eec: 564.193
weight: 7.15676e-06
eec: 224.133
weight: 1.03747e-05
eec: 255.553
weight: 3.56962e-05
eec: 531.527
weight: 1.58464e-05
eec: 2136.38
weight: 0.000146458
eec: 453.31
weight: 0.000390818
eec: 311.214
weight: 2.38333e-05
eec: 614.77
weight: 2.12578e-05
eec: 176.164
weight: 8.78049e-08
eec: 401.028
weight: 0.000176819
eec: 41.1029
weight: 0.0001836
eec: 313.177
weight: 7.83205e-05
eec: 250.718
weight: 3.57503e-05
eec: 236.101
weight: 6.96578e-05
eec: 799.798
weight: 3.25748e-05
eec: 468.456
weight: 1.93638e-05
eec: 324.237
weight: 2.02421e-05
eec: 337.729
weight: 2.96198e-06
eec: 493.078
weight: 0.00150669
eec: 446.92
weight: 1.95453e-05
eec: 243.716
weight: 1.1188e-05
eec: 2891.27
weight: 7.07054e-05
eec: 109.119
weight: 2.87734e-05
eec: 276.06
weight: 2.70162e-05
eec: 257.264
weight: 0.000406237
eec: 81.7139
weight: 8.82544e-05
eec: 152.913
weight: 6.72464e-05
eec: 19.5831
weight: 0.000166267
eec: 85.2247
weight: 3.20221e-06
eec: 326.527
weight: 4.36887e-05
eec: 285.99
weight: 2.46e-05
eec: 564.092
weight: 2.47067e-05
eec: 3406.38
weight: 0.000706951
eec: 358.624
weight: 5.88948e-05
eec: 325.87
weight: 1.04041e-05
eec: 1007.81
weight: 6.73229e-06
eec: 256.907
weight: 3.57781e-06
eec: 322.304
weight: 0.000498264
eec: 483.734
weight: 5.86483e-06
eec: 496.502
weight: 1.27917e-05
eec: 493.858
weight: 1.09856e-05
eec: 2857.39
weight: 7.07545e-05
eec: 279.613
weight: 6.01541e-05
eec: 653.16
weight: 0.000185216
eec: 106.814
weight: 3.41732e-05
eec: 510.681
weight: 2.72608e-06
eec: 1242.52
weight: 5.73495e-05
eec: 258.397
weight: 0.00130919
eec: 454.373
weight: 8.24096e-06
eec: 371.146
weight: 4.18249e-06
eec: 1661.58
weight: 9.46916e-06
eec: 70.5522
weight: 1.58823e-05
eec: 1434.78
weight: 1.06288e-06
eec: 231.81
weight: 7.42171e-06
eec: 180.371
weight: 9.04017e-05
eec: 449.283
weight: 8.62014e-05
eec: 141.111
weight: 2.7196e-05
eec: 117.539
weight: 4.1683e-05
eec: 22.6349
weight: 2.60695e-06
eec: 260.413
weight: 6.3319e-07
eec: 2867.6
weight: 0.000106742
eec: 145.768
weight: 4.2066e-05
eec: 1421.8
weight: 2.24892e-07
eec: 103.726
weight: 7.03291e-05
eec: 414.608
weight: 1.38484e-05
eec: 131.344
weight: 3.47782e-07
eec: 389.926
weight: 0.000193443
eec: 82.2931
weight: 0.000152328
eec: 41.0048
weight: 6.8901e-06
eec: 688.761
weight: 5.65013e-06
eec: 1564.64
weight: 0.00020139
eec: 1650.75
weight: 4.10015e-06
eec: 707.389
weight: 0.000218346
eec: 264.674
weight: 7.36037e-06
eec: 41.2696
weight: 6.89484e-05
eec: 626.343
weight: 1.33029e-05
eec: 284.658
weight: 9.86394e-06
eec: 696.787
weight: 0.000123984
eec: 245.723
weight: 0.000111083
eec: 477.221
weight: 0.000242798
eec: 90.2331

ROOT exit code = 0
