gSystem->Load("run_condor_job_Run3_C.so");
run_condor_job_Run3(540, 100, 2,
                    80, 200,
                    1, 1, 1, 5);
.q

ENTERED run_condor_job_Run3()
JOBID = 540
  global job = 540  Job 40/100  events [2400000, 2460000)  total=6000000
Processing events [2400000, 2460000) of 6000000
Processing: 40 %weight: 2.76747e-05
eec: 193.254
weight: 6.25656e-05
eec: 46.4284
weight: 2.62232e-05
eec: 1896.97
weight: 2.49442e-05
eec: 43.2217
weight: 2.92652e-05
eec: 1552.77
weight: 1.26404e-05
eec: 51.7526
weight: 5.87455e-06
eec: 787.336
weight: 0.000356091
eec: 37.4951
weight: 1.14843e-05
eec: 170.588
weight: 6.33777e-05
eec: 500.276
weight: 0.00023473
eec: 603.33
weight: 5.91452e-06
eec: 499.338
weight: 5.74955e-06
eec: 278.981
weight: 7.77143e-05
eec: 442.237
weight: 2.49163e-05
eec: 170.796
weight: 1.75067e-05
eec: 361.867
weight: 4.43286e-05
eec: 1599.59
weight: 8.78118e-06
eec: 122.067
weight: 8.92526e-06
eec: 199.332
weight: 0.00030768
eec: 192.052
weight: 5.56814e-05
eec: 898.841
weight: 0.000129731
eec: 166.48
weight: 4.00393e-06
eec: 98.1604
weight: 0.000113861
eec: 1525.54
weight: 3.10061e-05
eec: 480.676
weight: 6.92047e-06
eec: 522.718
weight: 0.000176838
eec: 469.191
weight: 4.91285e-05
eec: 117.694
weight: 4.91285e-05
eec: 769.793
weight: 1.38359e-05
eec: 70.6253
weight: 8.79516e-05
eec: 138.484
weight: 9.79268e-07
eec: 409.089
weight: 3.4092e-06
eec: 341.883
weight: 0.000225803
eec: 699.688
weight: 4.98614e-05
eec: 93.6775
weight: 3.37123e-05
eec: 14.312
weight: 0.000158762
eec: 540.598
weight: 2.66347e-05
eec: 71.8845
weight: 5.69763e-05
eec: 626.625
weight: 2.82727e-06
eec: 227.263
weight: 2.56543e-05
eec: 120.933
weight: 1.63564e-05
eec: 239.384
weight: 3.05307e-06
eec: 1027.36
weight: 7.7654e-05
eec: 791.25
weight: 0.000157231
eec: 29.9759
weight: 2.42369e-06
eec: 421.466
weight: 1.04666e-05
eec: 413.219
weight: 0.000217582
eec: 86.6803
weight: 0.000127157
eec: 235.972
weight: 6.33344e-05
eec: 768.152
weight: 4.07099e-05
eec: 404.197
weight: 2.76236e-05
eec: 262.813
weight: 1.28715e-05
eec: 15.3218
weight: 1.10955e-05
eec: 125.291
weight: 0.000177783
eec: 262.388
weight: 0.000116955
eec: 707.168
weight: 1.16503e-05
eec: 540.966
weight: 0.000105522
eec: 143.015
weight: 1.43259e-06
eec: 952.594
weight: 2.01327e-06
eec: 93.7507
weight: 0.000694588
eec: 727.438
weight: 3.62297e-05
eec: 341.712
weight: 5.73221e-05
eec: 722.152
weight: 2.20038e-06
eec: 1048.34
weight: 8.96784e-07
eec: 67.6
weight: 1.52481e-06
eec: 755.401
weight: 0.000146123
eec: 54.6542
weight: 0.000296562
eec: 176.969
weight: 1.26616e-05
eec: 655.398
weight: 0.000223338
eec: 388.442
weight: 4.44866e-05
eec: 411.558
weight: 4.01952e-05
eec: 239.782
weight: 2.63789e-05
eec: 164.391
weight: 6.91524e-05
eec: 263.426
weight: 1.16485e-05
eec: 202.312
weight: 1.6096e-05
eec: 386.749
weight: 3.2554e-06
eec: 2285.1
weight: 7.71879e-05
eec: 613.912
weight: 8.17962e-05
eec: 1795.04
weight: 2.82432e-05
eec: 2312.3
weight: 5.43199e-06
eec: 1167.63
weight: 5.94811e-05
eec: 307.334
weight: 2.75097e-05
eec: 230.857
weight: 5.67541e-05
eec: 627.881
weight: 0.00105599
eec: 470.507
weight: 0.000189604
eec: 735.246
weight: 7.1724e-05
eec: 915.813
weight: 2.23039e-05
eec: 375.641
weight: 9.69769e-06
eec: 593.719
weight: 0.000105877
eec: 716.143
weight: 2.3894e-05
eec: 17.9628
weight: 1.35211e-05
eec: 235.007
weight: 0.000213875
eec: 226.69
weight: 7.78018e-07
eec: 927.812
weight: 0.000100212
eec: 889.655
weight: 4.85012e-06
eec: 2128.69
weight: 3.05582e-05
eec: 156.345
weight: 0.000114706
eec: 84.1394
weight: 0.000148397
eec: 555.655
weight: 0.000224142
eec: 127.124
weight: 0.000933485
eec: 166.972
weight: 7.86997e-06
eec: 580.558
weight: 3.41166e-05
eec: 2083.27
weight: 3.75863e-05
eec: 100.98
weight: 5.5668e-05
eec: 64.0646
weight: 1.23344e-05
eec: 763.062
weight: 4.22944e-05
eec: 190.7
weight: 1.87089e-05
eec: 1972.66
weight: 1.4078e-05
eec: 3477.59
weight: 4.58554e-06
eec: 153.708
weight: 0.000142336
eec: 996.122
weight: 1.3644e-05
eec: 47.3747
weight: 0.000421439
eec: 73.7195
weight: 0.000204423
eec: 675.796
weight: 2.92525e-05
eec: 697.977
weight: 4.70986e-05
eec: 314.698
weight: 1.81214e-06
eec: 263.444
weight: 2.16305e-05
eec: 1059.36
weight: 5.50956e-05
eec: 187.951
weight: 0.000749692
eec: 487.413
weight: 2.10341e-05
eec: 1806.37
weight: 2.37536e-06
eec: 448.58
weight: 4.72239e-05
eec: 271.711
weight: 2.53747e-06
eec: 1667.52
weight: 0.000381337
eec: 30.5501
weight: 8.92096e-05
eec: 1025.55
weight: 4.5098e-07
eec: 1552.35
weight: 6.2355e-05
eec: 298.787
weight: 8.17077e-07
eec: 386.974
weight: 5.61118e-05
eec: 1706.4
weight: 4.73321e-05
eec: 1093.99
weight: 8.70018e-07
eec: 1195.97
weight: 1.78557e-06
eec: 33.396
weight: 0.000184448
eec: 417.379
weight: 5.0513e-05
eec: 211.003
weight: 2.30553e-07
eec: 553.362
weight: 8.87104e-06
eec: 438.217
weight: 0.000255493
eec: 325.73
weight: 2.87561e-05
eec: 964.678
weight: 3.23589e-05
eec: 96.0218
weight: 9.66093e-06
eec: 98.4407
weight: 0.00010022
eec: 402.175
weight: 7.56007e-06
eec: 14.2484
weight: 1.08298e-05
eec: 332.247
weight: 1.19077e-05
eec: 228.824
weight: 7.26132e-05
eec: 410.313
weight: 1.78122e-05
eec: 698.874
weight: 1.05018e-05
eec: 665.365
weight: 6.8945e-05
eec: 140.148
weight: 1.14126e-05
eec: 1630.84
weight: 1.11762e-05
eec: 214.361
weight: 7.95073e-05
eec: 157.248
weight: 5.78417e-06
eec: 420.411
weight: 1.08868e-05
eec: 1656.61
weight: 1.03523e-05
eec: 2081.24
weight: 4.51944e-05
eec: 905.962
weight: 2.11838e-05
eec: 1243.3
weight: 0.00027378
eec: 93.1963
weight: 1.53141e-05
eec: 983.509
weight: 0.000384674
eec: 2151.72
weight: 9.66453e-06
eec: 1796
weight: 2.67521e-05
eec: 292.998
weight: 4.46579e-07
eec: 376.675
weight: 4.11638e-07
eec: 720.624
weight: 2.37054e-05
eec: 447.132
weight: 1.38224e-05
eec: 753.757
weight: 6.36479e-05
eec: 642.794
weight: 2.03102e-07
eec: 849.46
weight: 1.02968e-05
eec: 136.786
weight: 1.25555e-07
eec: 368.945
weight: 3.8456e-06
eec: 327.665
weight: 3.15869e-05
eec: 312.628
weight: 0.000504679
eec: 70.0191
weight: 3.8172e-06
eec: 688.259
weight: 2.95728e-05
eec: 271.674
weight: 5.41367e-05
eec: 86.1594
weight: 2.17199e-06
eec: 1148
weight: 3.3089e-06
eec: 1078.36
weight: 0.000165139
eec: 416.864
weight: 2.83309e-05
eec: 563.496
weight: 3.3591e-06
eec: 2273.15
weight: 0.00168714
eec: 644.431
weight: 8.36746e-05
eec: 393.9
weight: 0.000201458
eec: 98.9075
weight: 2.62704e-05
eec: 560.865
weight: 2.71974e-07
eec: 683.32
weight: 0.000252905
eec: 399.389
weight: 0.000411967
eec: 474.256
weight: 1.40805e-05
eec: 2799.28
weight: 7.73325e-05
eec: 562.392
weight: 9.83082e-06
eec: 382.996
weight: 2.13979e-05
eec: 46.6686
weight: 1.44027e-05
eec: 864.982
weight: 2.67359e-05
eec: 1578.39
weight: 1.81494e-06
eec: 244.789
weight: 4.2406e-05
eec: 628.824
weight: 3.13405e-05
eec: 430.627
weight: 1.62668e-06
eec: 476.185
weight: 1.76652e-05
eec: 2612.86
weight: 3.77763e-05
eec: 932.828
weight: 3.21742e-07
eec: 1072.04
weight: 1.06654e-05
eec: 1280.37
weight: 1.87602e-05
eec: 416.721
weight: 0.000106589
eec: 408.685
weight: 0.000205436
eec: 2511.51
weight: 1.63334e-05
eec: 398.559
weight: 0.000236949
eec: 113.506
weight: 2.87525e-05
eec: 223.472
weight: 0.000354137
eec: 166.99
weight: 0.000134071
eec: 696.686
weight: 0.000168236
eec: 636.126
weight: 3.31719e-06
eec: 2008.84
weight: 1.74872e-05
eec: 1519.84
weight: 1.29442e-06
eec: 1550.64
weight: 5.88172e-06
eec: 776.181
Processing: 40.8333 %weight: 4.06062e-06
eec: 560.622
weight: 0.000101406
eec: 111.039
weight: 0.000131467
eec: 685.545
weight: 1.45126e-05
eec: 488.359
weight: 2.93799e-05
eec: 514.818
weight: 3.79056e-05
eec: 433.473
weight: 4.66477e-07
eec: 43.9409
weight: 4.60048e-05
eec: 2148.08
weight: 1.32743e-05
eec: 252.863
weight: 0.000265348
eec: 279.231
weight: 2.00538e-06
eec: 24.6001
weight: 0.000114179
eec: 659.123
weight: 1.79832e-05
eec: 1211.5
weight: 2.4844e-06
eec: 92.493
weight: 1.21675e-05
eec: 587.523
weight: 7.73369e-05
eec: 1379.36
weight: 2.40955e-05
eec: 366.066
weight: 6.01559e-05
eec: 163.491
weight: 0.000286106
eec: 405.99
weight: 0.000108798
eec: 111.297
weight: 2.60848e-07
eec: 963.314
weight: 7.20406e-05
eec: 468.537
weight: 8.19419e-05
eec: 425.885
weight: 0.00027472
eec: 716.662
weight: 7.71581e-05
eec: 155.593
weight: 2.77241e-06
eec: 2184.46
weight: 1.74196e-05
eec: 91.9309
weight: 2.91994e-06
eec: 1564.21
weight: 7.93132e-05
eec: 2008.45
weight: 0.000484375
eec: 75.1605
weight: 0.000255899
eec: 1997.15
weight: 1.70931e-05
eec: 1376.94
weight: 2.87581e-05
eec: 1478.81
weight: 6.47431e-05
eec: 190.701
weight: 3.08205e-05
eec: 62.6591
weight: 5.39085e-06
eec: 167.876
weight: 5.98436e-06
eec: 102.736

ROOT exit code = 0
