gSystem->Load("run_condor_job_Run3_C.so");
run_condor_job_Run3(600, 100, 2,
                    80, 200,
                    1, 1, 1, 6);
.q

ENTERED run_condor_job_Run3()
JOBID = 600
  global job = 600  Job 0/100  events [0, 58980)  total=5898000
Processing events [0, 58980) of 5898000
Processing: 0 %weight: 5.33731e-05
eec: 41.0466
weight: 4.97664e-05
eec: 454.639
weight: 6.69203e-06
eec: 1504.42
weight: 5.74275e-05
eec: 443.236
weight: 8.38923e-05
eec: 162.371
weight: 5.20268e-05
eec: 146.116
weight: 7.36794e-06
eec: 240.537
weight: 3.45491e-07
eec: 318.431
weight: 5.7288e-05
eec: 278.179
weight: 0.000293316
eec: 342.403
weight: 1.83787e-05
eec: 350.675
weight: 3.17959e-06
eec: 209.959
weight: 2.96362e-05
eec: 417.156
weight: 2.39327e-05
eec: 1654.55
weight: 2.108e-05
eec: 2186.87
weight: 1.41122e-05
eec: 350.319
weight: 8.02416e-05
eec: 557.996
weight: 1.97351e-06
eec: 141.111
weight: 7.13521e-05
eec: 55.3938
weight: 0.0029781
eec: 928.432
weight: 5.52572e-05
eec: 102.633
weight: 6.67741e-06
eec: 457.225
weight: 1.85669e-05
eec: 189.565
weight: 1.49679e-06
eec: 1379.03
weight: 8.17067e-06
eec: 1080.93
weight: 8.17067e-06
eec: 119.346
weight: 2.44166e-05
eec: 368.912
weight: 5.2214e-05
eec: 357.665
weight: 8.19421e-05
eec: 48.8932
weight: 8.93242e-06
eec: 2138.16
weight: 1.57904e-05
eec: 64.6921
weight: 3.26205e-05
eec: 116.442
weight: 0.00044065
eec: 849.266
weight: 2.58708e-05
eec: 1220.49
weight: 0.000788004
eec: 551.594
weight: 0.00034163
eec: 73.3954
weight: 3.13495e-06
eec: 1537.1
weight: 0.00060461
eec: 147.857
weight: 0.000109212
eec: 6.99186
weight: 0.000287767
eec: 234.872
weight: 0.000252456
eec: 255.679
weight: 3.61846e-05
eec: 391.566
weight: 2.76846e-05
eec: 111.055
weight: 0.000316862
eec: 324.066
weight: 1.40196e-06
eec: 71.8904
weight: 6.64484e-05
eec: 69.574
weight: 4.50886e-05
eec: 41.5878
weight: 5.06703e-06
eec: 189.33
weight: 8.58259e-06
eec: 453.662
weight: 4.88866e-06
eec: 621.443
weight: 0.000135881
eec: 260.252
weight: 3.13396e-06
eec: 999.739
weight: 1.63147e-06
eec: 321.565
weight: 1.1828e-05
eec: 1584.13
weight: 2.69312e-05
eec: 1134.8
weight: 1.30587e-06
eec: 481.898
weight: 0.000139834
eec: 55.0244
weight: 0.000218165
eec: 250.745
weight: 1.35851e-06
eec: 960.493
weight: 3.97294e-06
eec: 1065.55
weight: 2.19232e-05
eec: 156.494
weight: 3.65638e-05
eec: 221.284
weight: 9.44045e-06
eec: 2489.96
weight: 1.98591e-05
eec: 270.602
weight: 1.76075e-05
eec: 65.7883
weight: 0.000116485
eec: 685.992
weight: 0.000272099
eec: 692.146
weight: 2.79219e-06
eec: 621.659
weight: 4.28842e-05
eec: 137.563
weight: 1.20127e-05
eec: 1783.58
weight: 8.24684e-08
eec: 121.378
weight: 0.000207961
eec: 20.0767
weight: 2.72919e-05
eec: 1058.09
weight: 2.35295e-05
eec: 122.244
weight: 0.000232338
eec: 260.192
weight: 5.54484e-06
eec: 1085.34
weight: 1.66728e-08
eec: 856.943
weight: 1.63541e-05
eec: 321.803
weight: 0.000232014
eec: 140.546
weight: 0.000248751
eec: 317.608
weight: 0.000172816
eec: 96.4937
weight: 5.01438e-05
eec: 51.3755
weight: 0.000200458
eec: 678.15
weight: 2.18205e-06
eec: 718.082
weight: 0.000168735
eec: 470.538
weight: 3.68053e-05
eec: 1171.02
weight: 2.42887e-05
eec: 251.52
weight: 6.97922e-06
eec: 182.971
weight: 2.13672e-05
eec: 2095.12
weight: 0.00011664
eec: 124.318
weight: 8.33373e-06
eec: 289.434
weight: 3.43231e-05
eec: 188.462
weight: 2.60596e-05
eec: 2770.86
weight: 4.55999e-05
eec: 425.779
weight: 8.73031e-05
eec: 144.505
weight: 2.37412e-06
eec: 1850.03
weight: 0.000430402
eec: 1281.39
weight: 0.000115663
eec: 418.865
weight: 3.00341e-06
eec: 19.3088
weight: 1.91689e-05
eec: 891.006
weight: 2.18916e-06
eec: 470.22
weight: 9.63922e-05
eec: 111.373
weight: 1.78015e-05
eec: 32.4588
weight: 1.67866e-05
eec: 201.744
weight: 0.000135367
eec: 791.483
weight: 0.000185486
eec: 697.206
weight: 0.000126811
eec: 491.209
weight: 7.51918e-07
eec: 139.991
weight: 2.69962e-07
eec: 999.039
weight: 3.73697e-07
eec: 219.712
weight: 0.000482853
eec: 36.7203
weight: 0.000175712
eec: 89.7518
weight: 0.000195502
eec: 803.443
weight: 1.08505e-05
eec: 24.5889
weight: 5.09199e-05
eec: 35.7671
weight: 5.84807e-05
eec: 181.886
weight: 6.69438e-06
eec: 82.0168
weight: 0.000107458
eec: 1717.53
weight: 3.1663e-05
eec: 147.834
weight: 2.63857e-05
eec: 3464.15
weight: 2.09775e-05
eec: 585.958
weight: 0.000107593
eec: 191.071
weight: 2.95647e-06
eec: 601.982
weight: 0.000111737
eec: 907.28
weight: 5.95814e-05
eec: 663.718
weight: 0.000119414
eec: 108.279
weight: 9.66727e-06
eec: 796.415
weight: 2.70952e-05
eec: 369.892
weight: 0.00032097
eec: 124.89
weight: 1.43034e-06
eec: 110.86
weight: 2.30391e-05
eec: 755.905
weight: 5.03986e-05
eec: 582.269
weight: 7.68837e-06
eec: 775.494
weight: 0.00010241
eec: 128.094
weight: 5.8567e-06
eec: 355.118
weight: 0.000191949
eec: 128.294
weight: 1.48775e-05
eec: 33.1062
weight: 1.12178e-05
eec: 435.253
weight: 0.000109996
eec: 415.388
weight: 4.99933e-06
eec: 83.2478
weight: 9.15221e-06
eec: 907.077
weight: 4.21315e-05
eec: 38.3327
weight: 2.73456e-05
eec: 930.811
weight: 4.55097e-06
eec: 961.792
weight: 2.11391e-08
eec: 35.88
weight: 0.000270182
eec: 665.226
weight: 7.93378e-07
eec: 224.267
weight: 2.40923e-05
eec: 683.386
weight: 1.99475e-05
eec: 96.0541
weight: 0.000570846
eec: 814.541
weight: 8.20613e-05
eec: 374.839
weight: 8.11302e-06
eec: 1324.28
weight: 6.82807e-06
eec: 358.614
weight: 3.75835e-05
eec: 684.709
weight: 9.78073e-06
eec: 270.227
weight: 3.65145e-05
eec: 860.97
weight: 0.000279927
eec: 96.8667
weight: 3.87725e-08
eec: 794.092
weight: 7.70374e-06
eec: 657.402
weight: 5.22594e-06
eec: 295.18
weight: 0.000247154
eec: 453.853
weight: 1.64809e-05
eec: 122.16
weight: 6.19255e-06
eec: 3406.21
weight: 4.16899e-05
eec: 2192.53
weight: 9.61739e-06
eec: 126.606
weight: 8.16041e-07
eec: 69.5625
weight: 1.13295e-06
eec: 24.4058
weight: 2.78617e-06
eec: 2828.61
weight: 2.18568e-06
eec: 1313.23
weight: 0.000146529
eec: 1285.73
weight: 7.8288e-06
eec: 852.33
weight: 1.64838e-05
eec: 482.655
weight: 9.3951e-06
eec: 1148.74
weight: 7.76175e-05
eec: 241.377
weight: 0.00117447
eec: 89.1908
weight: 8.62029e-06
eec: 1129.57
weight: 8.0515e-05
eec: 527.908
weight: 3.5876e-05
eec: 963.207
weight: 4.89017e-07
eec: 646.191
weight: 0.000130892
eec: 820.847
weight: 1.59255e-05
eec: 29.6287
weight: 0.000444592
eec: 640.215
weight: 6.29049e-05
eec: 212.818
weight: 0.000207205
eec: 115.872
weight: 1.71459e-06
eec: 1405.72
weight: 4.83219e-05
eec: 212.963
weight: 1.61091e-05
eec: 323.899
weight: 1.77379e-05
eec: 457.647
weight: 1.86054e-05
eec: 660.593
weight: 1.86054e-05
eec: 529.928
weight: 2.47223e-06
eec: 470.222
weight: 4.79626e-06
eec: 1931.62
weight: 1.7547e-05
eec: 1254.86
weight: 7.39782e-06
eec: 416.085
weight: 6.56907e-06
eec: 1422.5
weight: 6.25266e-06
eec: 1033.41
weight: 0.000301717
eec: 441.122
weight: 4.92314e-07
eec: 1020.05
weight: 0.00025539
eec: 2040.72
weight: 2.58844e-06
eec: 1300.06
Processing: 0.847745 %weight: 1.01697e-05
eec: 793.818
weight: 0.000100806
eec: 790.468
weight: 7.11802e-06
eec: 60.5745
weight: 3.87814e-06
eec: 428.22
weight: 4.4101e-05
eec: 386.29
weight: 5.07732e-05
eec: 1185.8
weight: 0.000159509
eec: 122.603
weight: 6.53692e-06
eec: 201.429
weight: 1.36701e-05
eec: 86.7457
weight: 7.22071e-06
eec: 143.427
weight: 1.33905e-06
eec: 2722.43
weight: 7.31523e-06
eec: 57.0126
weight: 1.62486e-06
eec: 59.2028
weight: 3.57445e-06
eec: 603.864
weight: 1.4342e-05
eec: 490.206
weight: 2.92831e-05
eec: 2783.44
weight: 1.34218e-05
eec: 246.164
weight: 2.8371e-06
eec: 1942.94
weight: 0.000117586
eec: 472.552
weight: 1.74597e-06
eec: 2768.68
weight: 2.79655e-05
eec: 123.599
weight: 0.000227946
eec: 328.023
weight: 4.17745e-05
eec: 131.48
weight: 4.40134e-06
eec: 1164.22
weight: 2.96396e-05
eec: 690.309
weight: 4.49967e-05
eec: 617.981
weight: 0.000285902
eec: 488.866
weight: 2.32165e-05
eec: 818.596
weight: 0.000272105
eec: 299.262
weight: 0.000116511
eec: 50.6265
weight: 2.4277e-05
eec: 169.579

ROOT exit code = 0
