gSystem->Load("run_condor_job_Run3_C.so");
run_condor_job_Run3(816, 100, 2,
                    80, 200,
                    1, 1, 1, 8);
.q

ENTERED run_condor_job_Run3()
JOBID = 816
  global job = 816  Job 16/100  events [960000, 1020000)  total=6000000
Processing events [960000, 1020000) of 6000000
weight: 1.05354e-05
eec: 451.902
weight: 4.52988e-06
eec: 1296.18
weight: 2.53774e-05
eec: 57.2124
weight: 2.53774e-05
eec: 37.5726
weight: 7.28458e-05
eec: 469.208
weight: 5.3195e-06
eec: 2518.45
weight: 2.56046e-05
eec: 48.5748
weight: 6.84446e-06
eec: 4370
weight: 9.94862e-07
eec: 51.8853
weight: 1.42794e-05
eec: 703.387
weight: 1.61566e-05
eec: 1160.59
weight: 9.2062e-05
eec: 29.6289
weight: 0.000165121
eec: 165.473
weight: 9.82197e-06
eec: 285.789
weight: 2.02193e-08
eec: 79.0858
weight: 2.59754e-05
eec: 508.866
weight: 5.59295e-05
eec: 108.88
weight: 2.31101e-05
eec: 722.085
weight: 5.8175e-06
eec: 529.518
weight: 2.47067e-05
eec: 363.703
weight: 0.000728483
eec: 200.831
weight: 8.31727e-06
eec: 467.242
weight: 2.84664e-05
eec: 494.893
weight: 5.86097e-05
eec: 1752.56
weight: 4.81188e-06
eec: 1087.25
weight: 3.42706e-05
eec: 795.341
weight: 3.1277e-05
eec: 1401.67
weight: 6.06969e-07
eec: 686.054
weight: 4.27753e-06
eec: 1038.37
weight: 6.16464e-05
eec: 712.656
weight: 0.000118747
eec: 1878.16
weight: 1.8403e-05
eec: 1246.94
weight: 2.13652e-05
eec: 219.709
weight: 4.76065e-05
eec: 493.804
weight: 8.08551e-06
eec: 1333.23
weight: 1.9837e-05
eec: 198.624
weight: 2.96288e-05
eec: 1550.24
weight: 0.000162529
eec: 60.0707
weight: 9.38931e-06
eec: 461.313
weight: 4.38404e-05
eec: 124.621
weight: 2.39823e-05
eec: 1219.87
weight: 6.51114e-06
eec: 265.447
weight: 1.65029e-05
eec: 689.024
weight: 6.84893e-05
eec: 1284.78
weight: 3.34495e-05
eec: 377.053
weight: 1.55604e-05
eec: 53.3497
weight: 8.33318e-06
eec: 2433.09
weight: 1.14506e-05
eec: 517.952
weight: 2.01335e-05
eec: 765.16
weight: 0.00045939
eec: 1162.97
weight: 8.78574e-08
eec: 56.5023
weight: 3.03028e-06
eec: 2139.38
weight: 5.99988e-06
eec: 278.466
weight: 0.000141664
eec: 308.848
weight: 0.000168249
eec: 336.936
weight: 5.00173e-05
eec: 183.015
weight: 7.14651e-06
eec: 128.134
weight: 3.48633e-05
eec: 725.87
weight: 6.97707e-05
eec: 287.925
weight: 9.02693e-06
eec: 755.569
weight: 1.41848e-05
eec: 930.472
weight: 2.19152e-05
eec: 493.93
weight: 1.25016e-05
eec: 46.9758
weight: 0.000158006
eec: 253.79
weight: 0.00220756
eec: 58.9968
weight: 1.23463e-06
eec: 50.3227
weight: 8.39036e-06
eec: 218.183
weight: 0.000345468
eec: 910.406
weight: 0.000270782
eec: 182.237
weight: 6.43381e-06
eec: 741.837
weight: 1.63339e-06
eec: 1176.08
weight: 0.000953091
eec: 156.096
weight: 8.23647e-05
eec: 328.339
weight: 7.00231e-05
eec: 1396.56
weight: 1.34535e-05
eec: 930.024
weight: 7.5522e-05
eec: 134.751
weight: 1.02101e-05
eec: 58.7457
weight: 0.00011333
eec: 466.726
weight: 6.47788e-06
eec: 3975.92
weight: 8.19994e-06
eec: 1529.27
weight: 5.48565e-06
eec: 606.626
weight: 8.02381e-06
eec: 151.684
weight: 4.17435e-06
eec: 952.589
weight: 6.74422e-07
eec: 2647.09
weight: 0.000307555
eec: 365.805
weight: 2.73639e-06
eec: 299.803
weight: 2.99656e-06
eec: 1493.02
weight: 2.10603e-05
eec: 1687.87
weight: 5.7907e-06
eec: 53.8091
weight: 8.0274e-05
eec: 49.471
weight: 1.87831e-05
eec: 82.9441
weight: 8.8795e-05
eec: 66.4292
weight: 8.77895e-07
eec: 250.026
weight: 0.000189379
eec: 17.2457
weight: 6.26152e-05
eec: 384.063
weight: 9.33779e-05
eec: 127.001
weight: 4.86064e-06
eec: 61.2422
weight: 2.97438e-05
eec: 44.688
weight: 2.61526e-05
eec: 609.748
weight: 0.00012775
eec: 293.07
weight: 7.20628e-06
eec: 74.8901
weight: 1.37832e-05
eec: 755.8
weight: 6.32111e-05
eec: 694.852
weight: 0.000117286
eec: 440.684
weight: 0.000114671
eec: 548.165
weight: 1.65347e-06
eec: 819.811
weight: 6.90614e-05
eec: 112.169
weight: 2.39055e-05
eec: 130.55
weight: 0.000162019
eec: 290.498
weight: 0.000187026
eec: 198.166
weight: 4.6885e-06
eec: 488.009
weight: 3.25428e-05
eec: 19.8595
weight: 0.000150156
eec: 531.237
weight: 0.000177651
eec: 705.532
weight: 5.99019e-06
eec: 481.063
weight: 3.85257e-06
eec: 1418.83
weight: 0.000128637
eec: 1085.31
weight: 4.03343e-06
eec: 398.283
weight: 8.27909e-05
eec: 861.413
weight: 5.39042e-05
eec: 979.428
weight: 0.000406683
eec: 352.329
weight: 1.85776e-05
eec: 577.374
weight: 4.87107e-05
eec: 435.658
weight: 1.00522e-06
eec: 5253.91
weight: 0.000131295
eec: 668.743
weight: 1.50284e-05
eec: 168.418
weight: 2.09044e-06
eec: 485.714
weight: 1.24358e-07
eec: 1557.64
weight: 6.26713e-06
eec: 549.122
weight: 1.12651e-05
eec: 34.9728
weight: 5.75243e-07
eec: 3180.24
weight: 3.63572e-06
eec: 961.44
weight: 2.54879e-05
eec: 72.7112
weight: 4.71715e-06
eec: 43.5554
weight: 2.45584e-05
eec: 444.064
weight: 0.00178988
eec: 391.473
weight: 1.69781e-05
eec: 1963.27
weight: 9.35794e-05
eec: 318.176
weight: 9.67039e-05
eec: 236.28
weight: 1.84935e-06
eec: 114.578
weight: 1.23703e-05
eec: 3596.91
weight: 0.000201193
eec: 309.008
Processing: 16.6667 %weight: 1.393e-05
eec: 494.685
weight: 0.000214565
eec: 370.949
weight: 9.25978e-06
eec: 470.065
weight: 9.67915e-06
eec: 150.198
weight: 5.27105e-06
eec: 216.192
weight: 0.000565321
eec: 249.411
weight: 0.000381967
eec: 361.154
weight: 2.4364e-05
eec: 1815.61
weight: 0.000198594
eec: 667.947
weight: 2.91669e-05
eec: 182.71
weight: 2.82892e-05
eec: 455.593
weight: 0.000309028
eec: 40.4107
weight: 7.60613e-06
eec: 28.4562
weight: 7.81685e-06
eec: 564.955
weight: 7.09986e-06
eec: 95.418
weight: 2.35602e-05
eec: 452.885
weight: 1.93374e-05
eec: 428.277
weight: 4.54157e-05
eec: 275.614
weight: 5.64571e-05
eec: 192.165
weight: 3.8894e-06
eec: 252.482
weight: 5.619e-06
eec: 1194.88
weight: 1.00433e-06
eec: 202.864
weight: 1.49528e-05
eec: 236.576
weight: 3.7566e-05
eec: 1418.31
weight: 8.85663e-06
eec: 31.3659
weight: 4.33871e-05
eec: 1589.34
weight: 2.84367e-05
eec: 171.664
weight: 0.000111172
eec: 519.734
weight: 9.373e-06
eec: 4041.56
weight: 1.59923e-05
eec: 340.398
weight: 2.14533e-05
eec: 137.646
weight: 0.000252614
eec: 1320.78
weight: 2.97605e-05
eec: 488.946
weight: 6.2513e-07
eec: 413.792
weight: 5.23549e-05
eec: 1401.89
weight: 3.2529e-05
eec: 56.2417
weight: 1.97582e-05
eec: 327.703
weight: 8.99225e-05
eec: 782.447
weight: 0.000320518
eec: 485.263
weight: 6.49982e-06
eec: 1225.4
weight: 3.92111e-05
eec: 31.3038
weight: 4.74965e-06
eec: 941.461
weight: 0.000106661
eec: 1150.76
weight: 1.02253e-05
eec: 439.956
weight: 3.30172e-05
eec: 961.111
weight: 2.74609e-05
eec: 896.092
weight: 1.80055e-05
eec: 176.072
weight: 3.88041e-05
eec: 2531.97
weight: 2.94809e-05
eec: 60.8105
weight: 4.30465e-05
eec: 1320.83
weight: 7.6759e-08
eec: 656.818
weight: 3.19337e-05
eec: 193.629
weight: 2.32945e-05
eec: 209.344
weight: 1.3684e-05
eec: 159.944
weight: 1.06103e-05
eec: 604.074
weight: 0.000570065
eec: 362.162
weight: 1.30804e-05
eec: 3319.9
weight: 4.52884e-05
eec: 71.0915
weight: 9.29617e-06
eec: 34.4134
weight: 0.000283625
eec: 46.8353
weight: 3.09313e-05
eec: 107.896
weight: 2.37884e-05
eec: 1050.41
weight: 1.5127e-05
eec: 490.935
weight: 3.20151e-05
eec: 1553.3
weight: 0.000218425
eec: 269.014
weight: 6.07157e-05
eec: 200.657
weight: 0.000112458
eec: 861.141
weight: 0.000108091
eec: 253.531
weight: 3.29921e-07
eec: 1239.56
weight: 2.57337e-06
eec: 153.148
weight: 2.51841e-07
eec: 205.711
weight: 6.64328e-06
eec: 77.5644
weight: 3.80473e-05
eec: 147.06
weight: 4.74812e-06
eec: 922.768
weight: 3.83056e-05
eec: 656.702
weight: 8.76959e-05
eec: 211.233
weight: 6.45744e-06
eec: 905.711
weight: 1.77241e-05
eec: 379.58
weight: 3.86208e-05
eec: 203.692
weight: 0.000128793
eec: 1369.98
weight: 1.31307e-05
eec: 128.819
weight: 1.88142e-05
eec: 88.6342
weight: 0.000428617
eec: 368.162
weight: 0.000465368
eec: 831.216
weight: 3.206e-05
eec: 692.27
weight: 2.34995e-06
eec: 61.5131
weight: 0.000416002
eec: 947.114
weight: 8.77627e-06
eec: 648.116
weight: 9.07498e-06
eec: 130.683

ROOT exit code = 0
