gSystem->Load("run_condor_job_Run3_C.so");
run_condor_job_Run3(586, 100, 2,
                    80, 200,
                    1, 1, 1, 5);
.q

ENTERED run_condor_job_Run3()
JOBID = 586
  global job = 586  Job 86/100  events [5160000, 5220000)  total=6000000
Processing events [5160000, 5220000) of 6000000
weight: 0.000287436
eec: 10.7934
weight: 7.47303e-06
eec: 768.455
weight: 9.43914e-06
eec: 789.768
weight: 1.79348e-05
eec: 696.342
weight: 4.90443e-05
eec: 841.204
weight: 5.87095e-06
eec: 633.529
weight: 4.072e-05
eec: 209.923
weight: 7.07146e-06
eec: 143.923
weight: 7.41797e-06
eec: 48.3882
weight: 7.75266e-06
eec: 1398.59
weight: 5.23481e-05
eec: 577.71
weight: 2.39917e-05
eec: 427.32
weight: 0.000115678
eec: 191.663
weight: 0.000172236
eec: 288.512
weight: 4.17982e-05
eec: 592.255
weight: 0.00012082
eec: 90.1031
weight: 3.28211e-05
eec: 695.17
weight: 7.15053e-06
eec: 82.2411
weight: 1.55367e-05
eec: 144.909
weight: 4.69979e-05
eec: 959.365
weight: 5.73526e-05
eec: 114.874
weight: 1.26662e-05
eec: 603.686
weight: 2.91618e-05
eec: 587.299
weight: 1.23609e-05
eec: 389.01
weight: 0.000456909
eec: 732.724
weight: 7.45664e-06
eec: 1180.24
weight: 2.59248e-07
eec: 1516.84
weight: 1.3033e-05
eec: 913.523
weight: 2.72375e-05
eec: 1922.53
weight: 2.77013e-05
eec: 2538.55
weight: 0.000291307
eec: 249.873
weight: 3.79383e-05
eec: 429.848
weight: 0.000153035
eec: 627.065
weight: 1.63974e-05
eec: 196.122
weight: 1.33786e-06
eec: 241.656
weight: 1.75312e-05
eec: 492.815
weight: 1.75312e-05
eec: 137.318
weight: 1.14688e-06
eec: 125.471
weight: 0.000841813
eec: 926.303
weight: 2.02815e-05
eec: 452.135
weight: 0.000162341
eec: 1148.58
weight: 1.14597e-05
eec: 283.467
weight: 7.6471e-05
eec: 124.146
weight: 5.23914e-05
eec: 202.727
weight: 0.000159335
eec: 511.827
weight: 6.38988e-06
eec: 43.4601
weight: 4.04101e-05
eec: 568.808
weight: 0.0001553
eec: 133.267
weight: 1.38395e-05
eec: 317.681
weight: 4.80163e-05
eec: 1796.48
weight: 2.62452e-05
eec: 454.526
weight: 4.89549e-05
eec: 1455.37
weight: 2.99321e-05
eec: 300.481
weight: 8.65169e-05
eec: 277.861
weight: 1.00615e-06
eec: 55.7972
weight: 1.91448e-05
eec: 285.565
weight: 7.06725e-06
eec: 18.736
weight: 1.86884e-05
eec: 355.137
weight: 6.92475e-05
eec: 529.882
weight: 6.18461e-05
eec: 473.424
weight: 0.000296537
eec: 191.76
weight: 4.99042e-06
eec: 729.749
weight: 4.65927e-06
eec: 552.688
weight: 7.80166e-05
eec: 859.665
weight: 7.64472e-06
eec: 2815.84
weight: 2.32573e-05
eec: 282.433
weight: 0.000257709
eec: 375.018
weight: 3.39788e-07
eec: 1568.86
weight: 3.74612e-05
eec: 64.3297
weight: 3.04163e-05
eec: 515.509
weight: 5.19394e-05
eec: 91.4883
weight: 1.39834e-05
eec: 379.936
weight: 4.2137e-05
eec: 820.221
weight: 8.44329e-05
eec: 326.534
weight: 3.33795e-05
eec: 425.999
weight: 9.37328e-06
eec: 135.748
weight: 4.80937e-07
eec: 401.509
weight: 0.000120936
eec: 399.635
weight: 2.02934e-05
eec: 255.36
weight: 2.02934e-05
eec: 661.644
weight: 4.82455e-07
eec: 277.057
weight: 1.39979e-05
eec: 863.592
weight: 0.000172392
eec: 84.1543
weight: 7.20472e-06
eec: 484.22
weight: 2.47263e-06
eec: 104.295
weight: 0.000131525
eec: 981.605
weight: 2.69304e-06
eec: 215.937
weight: 1.10876e-05
eec: 782.589
weight: 1.42956e-06
eec: 676.578
weight: 3.86719e-06
eec: 146.154
weight: 8.79423e-06
eec: 232.718
weight: 1.15777e-05
eec: 307.886
weight: 0.00026237
eec: 1054.06
weight: 7.45239e-05
eec: 328.855
weight: 0.000172737
eec: 365.29
weight: 0.000123353
eec: 53.3728
weight: 1.7982e-06
eec: 1055.2
weight: 2.52902e-06
eec: 458.599
weight: 0.000433651
eec: 57.6439
weight: 1.19776e-05
eec: 1305.08
weight: 7.12423e-07
eec: 314.504
weight: 2.28528e-05
eec: 202.343
weight: 2.37309e-05
eec: 1713.18
weight: 3.18611e-05
eec: 51.012
weight: 0.000110273
eec: 59.099
weight: 1.11997e-05
eec: 287.291
weight: 6.60034e-06
eec: 2172.4
weight: 0.000679731
eec: 502.924
weight: 1.44895e-05
eec: 588.103
weight: 0.000316935
eec: 240.382
weight: 0.00115667
eec: 377.483
weight: 6.60611e-06
eec: 2925.61
weight: 3.67213e-05
eec: 473.342
weight: 9.75863e-05
eec: 18.5505
weight: 2.82855e-06
eec: 1043.76
weight: 4.86952e-06
eec: 47.0149
weight: 6.75394e-06
eec: 115.928
weight: 7.45767e-06
eec: 387.896
weight: 0.000264486
eec: 980.618
weight: 0.000112022
eec: 293.234
weight: 0.000141295
eec: 855.217
weight: 5.25426e-06
eec: 1449.07
weight: 0.000428651
eec: 355.08
weight: 2.64537e-05
eec: 597.323
weight: 8.34422e-05
eec: 46.3481
weight: 2.03297e-05
eec: 2527.5
weight: 0.000177795
eec: 7.41802
weight: 8.07628e-06
eec: 79.8844
weight: 0.000107455
eec: 2845.74
weight: 5.57565e-05
eec: 476.207
weight: 6.60994e-06
eec: 230.215
weight: 7.55412e-06
eec: 261.284
weight: 4.33675e-05
eec: 271.553
weight: 6.1122e-05
eec: 936.595
weight: 7.45391e-05
eec: 170.541
weight: 5.88623e-07
eec: 881.381
weight: 8.70896e-05
eec: 100.254
weight: 6.69596e-05
eec: 389.978
weight: 0.00104423
eec: 252.905
weight: 4.62528e-05
eec: 83.1788
weight: 4.06118e-05
eec: 31.6704
weight: 1.05398e-05
eec: 258.625
weight: 0.000206393
eec: 203.936
weight: 9.16753e-06
eec: 934.407
weight: 0.000191449
eec: 147.762
weight: 0.0010194
eec: 97.6263
weight: 2.45677e-05
eec: 168.939
weight: 8.5406e-06
eec: 186.376
weight: 3.76995e-07
eec: 176.896
weight: 4.58047e-06
eec: 135.046
weight: 0.00032351
eec: 646.535
weight: 0.000359337
eec: 611.151
weight: 0.000247747
eec: 615.402
weight: 0.000303599
eec: 1222.48
weight: 7.06946e-06
eec: 92.0005
weight: 9.42983e-05
eec: 223.462
weight: 1.77746e-05
eec: 471.359
weight: 0.000283936
eec: 266.996
weight: 1.67528e-05
eec: 1048.79
weight: 0.000178394
eec: 32.6745
weight: 7.92066e-07
eec: 713.735
weight: 7.00205e-06
eec: 345.342
weight: 5.74193e-05
eec: 626.498
weight: 1.92483e-05
eec: 3170.76
weight: 9.20921e-05
eec: 807.56
weight: 0.000284838
eec: 200.742
weight: 9.99157e-05
eec: 635.864
weight: 0.00012401
eec: 206.144
weight: 5.10959e-06
eec: 1069.73
weight: 0.000323658
eec: 255.825
weight: 0.00016226
eec: 811.092
weight: 6.33218e-05
eec: 138.554
weight: 6.33218e-05
eec: 430.671
weight: 1.95623e-05
eec: 104.689
weight: 2.36441e-05
eec: 133.175
weight: 3.31073e-06
eec: 43.8053
weight: 1.1635e-05
eec: 484.633
weight: 1.18932e-07
eec: 74.1398
weight: 4.11401e-06
eec: 768.62
weight: 1.38646e-05
eec: 301.703
weight: 2.40348e-07
eec: 744.351
weight: 3.84274e-05
eec: 1225.71
Processing: 86.6667 %weight: 9.21929e-06
eec: 1015.02
weight: 4.55813e-05
eec: 477.097
weight: 9.89189e-07
eec: 115.97
weight: 1.0913e-05
eec: 2400.05
weight: 3.64908e-06
eec: 4107.21
weight: 1.64086e-06
eec: 1110.25
weight: 0.0001731
eec: 211.948
weight: 0.00012976
eec: 56.0597
weight: 5.29399e-05
eec: 420.977
weight: 1.55167e-05
eec: 2720.36
weight: 3.71154e-05
eec: 859.462
weight: 3.10922e-06
eec: 142.713
weight: 0.000127578
eec: 76.0738
weight: 7.47422e-06
eec: 615.886
weight: 7.72355e-05
eec: 22.8288
weight: 0.000225124
eec: 346.689
weight: 1.18801e-05
eec: 280.733
weight: 6.13985e-05
eec: 422.385
weight: 1.59575e-06
eec: 200.023
weight: 3.48985e-06
eec: 525.735
weight: 6.19767e-06
eec: 47.2061
weight: 0.000232897
eec: 486.407
weight: 6.36378e-06
eec: 983.223
weight: 0.000223504
eec: 349.815
weight: 1.71466e-05
eec: 605.1
weight: 8.21488e-05
eec: 843.383
weight: 9.73466e-06
eec: 281.225
weight: 0.000300898
eec: 591.173
weight: 1.65124e-06
eec: 1131.2
weight: 4.33973e-06
eec: 378.292
weight: 2.36802e-06
eec: 322.652
weight: 1.68244e-05
eec: 617.701
weight: 2.7729e-05
eec: 331.253
weight: 0.000814744
eec: 32.9667
weight: 5.25651e-07
eec: 579.343
weight: 5.18871e-05
eec: 472.79
weight: 5.78124e-05
eec: 124.022
weight: 2.63281e-05
eec: 157.907
weight: 7.10051e-06
eec: 1148.35
weight: 0.000258998
eec: 1049.68
weight: 2.03255e-08
eec: 41.4972
weight: 3.39391e-05
eec: 1784.48
weight: 3.39391e-05
eec: 385.428
weight: 1.03884e-05
eec: 197.494
weight: 1.57716e-05
eec: 2588.62
weight: 0.000385504
eec: 113.016
weight: 1.92065e-05
eec: 422.123
weight: 2.30888e-05
eec: 109.133
weight: 1.73906e-05
eec: 1372.96
weight: 2.47114e-05
eec: 1771.79
weight: 4.58236e-06
eec: 287.918
weight: 0.000223784
eec: 457.013
weight: 1.93971e-06
eec: 1264.57
weight: 2.64415e-08
eec: 1150.19
weight: 1.73347e-06
eec: 84.2247
weight: 3.23528e-05
eec: 102.35
weight: 2.74254e-05
eec: 449.264
weight: 7.16533e-06
eec: 216.957
weight: 8.42138e-06
eec: 898.066
weight: 1.28174e-06
eec: 1046.95
weight: 2.93617e-05
eec: 329.851
weight: 1.34971e-05
eec: 166.761
weight: 3.25366e-06
eec: 673.276
weight: 1.52835e-05
eec: 524.996
weight: 0.000101966
eec: 211.491
weight: 9.5654e-06
eec: 324.505
weight: 1.32961e-05
eec: 251.762
weight: 5.15245e-05
eec: 257.283
weight: 0.000290391
eec: 20.7946
weight: 6.22493e-06
eec: 88.3187
weight: 1.11382e-05
eec: 993.631
weight: 0.000523589
eec: 809.344
weight: 5.13482e-05
eec: 1029.6
weight: 4.5786e-05
eec: 764.054
weight: 2.25531e-06
eec: 796.138
weight: 0.000328376
eec: 47.2465
weight: 7.84863e-06
eec: 1240.33
weight: 3.98262e-05
eec: 901.147
weight: 9.95865e-08
eec: 568.979
weight: 0.000179864
eec: 197.493
weight: 6.54158e-05
eec: 276.641
weight: 5.46516e-05
eec: 968.647
weight: 0.000122659
eec: 251.22
weight: 0.000304797
eec: 561.587

ROOT exit code = 0
