gSystem->Load("run_condor_job_Run3_C.so");
run_condor_job_Run3(123, 100, 2,
                    80, 200,
                    1, 1, 1, 1);
.q

ENTERED run_condor_job_Run3()
JOBID = 123
  global job = 123  Job 23/100  events [1348260, 1406880)  total=5862000
Processing events [1348260, 1406880) of 5862000
weight: 3.77192e-05
eec: 41.3036
weight: 7.68352e-06
eec: 95.6267
weight: 4.97887e-05
eec: 61.948
weight: 1.30353e-05
eec: 1002.42
weight: 7.62638e-05
eec: 369.756
Processing: 23.0297 %weight: 2.78559e-05
eec: 437.931
weight: 9.21016e-06
eec: 2139.99
weight: 0.000108887
eec: 66.2379
weight: 6.43976e-05
eec: 1128.68
weight: 5.29968e-05
eec: 423.423
weight: 5.61087e-05
eec: 183.228
weight: 5.71967e-08
eec: 1262.06
weight: 7.06886e-05
eec: 716.396
weight: 2.32277e-06
eec: 831.157
weight: 0.000178434
eec: 486.925
weight: 0.000293627
eec: 393.38
weight: 8.92481e-06
eec: 374.633
weight: 3.47877e-05
eec: 136.027
weight: 2.55755e-05
eec: 1611.58
weight: 3.12577e-05
eec: 1483.69
weight: 4.45237e-06
eec: 751.921
weight: 0.00115217
eec: 249.58
weight: 6.92965e-08
eec: 517.81
weight: 6.8146e-06
eec: 506.249
weight: 9.63718e-06
eec: 502.617
weight: 5.07968e-05
eec: 335.995
weight: 0.000703488
eec: 364.411
weight: 4.83651e-06
eec: 785.84
weight: 1.78146e-05
eec: 875.564
weight: 2.23494e-05
eec: 250.166
weight: 1.09928e-05
eec: 1591.36
weight: 2.14316e-06
eec: 119.373
weight: 0.000132581
eec: 133.303
weight: 4.55818e-05
eec: 527.407
weight: 2.72997e-06
eec: 421.59
weight: 2.13405e-05
eec: 124.877
weight: 4.2404e-07
eec: 1184.9
weight: 5.81822e-05
eec: 112.3
weight: 5.30938e-08
eec: 237.206
weight: 1.93786e-05
eec: 1119.64
weight: 6.31832e-05
eec: 167.254
weight: 6.64353e-08
eec: 181.244
weight: 0.000173333
eec: 126.283
weight: 0.000315761
eec: 426.355
weight: 1.24331e-05
eec: 302.05
weight: 6.40448e-06
eec: 964.797
weight: 0.000139952
eec: 990.057
weight: 4.49496e-05
eec: 962.181
weight: 1.36112e-05
eec: 2412.6
weight: 0.000263409
eec: 157.616
weight: 1.02448e-06
eec: 687.851
weight: 2.55617e-06
eec: 1328.62
weight: 1.48275e-05
eec: 399.007
weight: 6.31328e-06
eec: 691.327
weight: 3.82811e-05
eec: 1118.31
weight: 2.14321e-07
eec: 1455.59
weight: 2.88046e-06
eec: 332.624
weight: 3.46309e-05
eec: 398.137
weight: 2.83992e-05
eec: 1946.43
weight: 1.53358e-05
eec: 269.503
weight: 8.95556e-07
eec: 710.73
weight: 0.000275724
eec: 89.2228
weight: 3.88681e-05
eec: 116.547
weight: 9.04941e-06
eec: 1691.81
weight: 4.11643e-06
eec: 175.88
weight: 0.00066224
eec: 201.823
weight: 0.000875101
eec: 549.631
weight: 3.34124e-05
eec: 323.697
weight: 6.71581e-06
eec: 2186.67
weight: 1.31822e-05
eec: 82.1227
weight: 2.13424e-07
eec: 674.963
weight: 0.000263544
eec: 975.462
weight: 0.000388467
eec: 426.642
weight: 4.0602e-05
eec: 74.769
weight: 2.53294e-05
eec: 817.436
weight: 0.000168235
eec: 248.736
weight: 3.43827e-06
eec: 1161.32
weight: 3.63793e-05
eec: 200.142
weight: 8.96108e-06
eec: 54.6992
weight: 1.0765e-05
eec: 1225.56
weight: 9.21605e-06
eec: 43.3771
weight: 0.000277755
eec: 217.254
weight: 5.94731e-05
eec: 228.353
weight: 0.000528932
eec: 954.738
weight: 4.94324e-05
eec: 847.065
weight: 5.69655e-06
eec: 792.752
weight: 0.0010532
eec: 350.266
weight: 8.30801e-05
eec: 342.971
weight: 0.000123785
eec: 1486.22
weight: 1.78865e-05
eec: 510.068
weight: 9.0512e-07
eec: 13.3088
weight: 7.5422e-06
eec: 360.434
weight: 7.00213e-06
eec: 1749.48
weight: 1.35624e-05
eec: 44.1656
weight: 1.61023e-05
eec: 861.632
weight: 8.93482e-07
eec: 649.761
weight: 2.5819e-08
eec: 71.3057
weight: 1.59787e-05
eec: 1527.38
weight: 7.04866e-06
eec: 1156.78
weight: 5.4879e-05
eec: 208.401
weight: 3.87216e-05
eec: 725.542
weight: 8.21214e-06
eec: 1862.38
weight: 2.56117e-05
eec: 24.1933
weight: 6.72547e-08
eec: 271.513
weight: 1.24467e-05
eec: 444.76
weight: 0.000152951
eec: 37.7371
weight: 3.57367e-05
eec: 1289.61
weight: 8.60319e-05
eec: 207.301
weight: 3.46093e-05
eec: 145.735
weight: 0.000322201
eec: 185.117
weight: 1.77227e-05
eec: 609.001
weight: 5.56437e-05
eec: 418.532
weight: 5.44058e-06
eec: 653.101
weight: 0.00103617
eec: 8.26498
weight: 2.26296e-05
eec: 1038.45
weight: 8.88964e-06
eec: 417.467
weight: 2.78903e-05
eec: 314.566
weight: 5.43312e-05
eec: 444.525
weight: 6.99955e-07
eec: 675.72
weight: 0.000137234
eec: 76.0418
weight: 6.23127e-05
eec: 139.466
weight: 9.3657e-05
eec: 521.949
weight: 2.92522e-08
eec: 1769.72
weight: 2.09512e-06
eec: 512.309
weight: 3.39267e-05
eec: 155.205
weight: 4.99556e-06
eec: 103.465
weight: 0.000147493
eec: 674.726
weight: 9.81471e-06
eec: 1026.89
weight: 1.14614e-05
eec: 822.615
weight: 1.44789e-05
eec: 256.177
weight: 1.0408e-05
eec: 610.442
weight: 8.56324e-05
eec: 108.288
weight: 3.51944e-07
eec: 1295.86
weight: 0.000237541
eec: 161.107
weight: 2.81248e-05
eec: 22.7398
weight: 0.000176824
eec: 75.7281
weight: 1.08693e-06
eec: 63.2639
weight: 0.000678717
eec: 473.245
weight: 9.9335e-06
eec: 136.085
weight: 2.87875e-05
eec: 305.579
weight: 0.000170892
eec: 247.686
weight: 9.48947e-06
eec: 713.261
weight: 1.10492e-06
eec: 1540.19
weight: 7.54815e-06
eec: 1313.23
weight: 3.42739e-07
eec: 246.729
weight: 4.14549e-05
eec: 60.7418
weight: 0.000110599
eec: 535.038
weight: 3.87277e-06
eec: 1590.24
weight: 1.17409e-07
eec: 393.539
weight: 0.000253796
eec: 1047.21
weight: 3.25738e-06
eec: 590.934
weight: 5.27058e-06
eec: 201.809
weight: 7.5192e-07
eec: 782.173
weight: 1.95215e-06
eec: 499.506
weight: 4.89088e-06
eec: 138.654
weight: 9.86517e-06
eec: 811.52
weight: 0.000135751
eec: 106.132
weight: 7.7812e-05
eec: 449.06
weight: 5.64645e-05
eec: 555.923
weight: 1.37461e-05
eec: 346.099
weight: 4.95105e-06
eec: 709.816
weight: 2.07755e-05
eec: 229.571
weight: 0.000104564
eec: 773.641
weight: 4.98587e-06
eec: 1526.37
weight: 1.11858e-05
eec: 1597.62
weight: 0.000177579
eec: 202.918
weight: 4.28534e-06
eec: 727.749
weight: 3.65829e-05
eec: 26.3878
weight: 4.03162e-06
eec: 522.483
weight: 1.20882e-06
eec: 305.178
weight: 0.000211601
eec: 60.6623
weight: 0.000474591
eec: 637.937
weight: 1.23722e-05
eec: 333.327
weight: 0.000208358
eec: 719.539
weight: 6.7819e-06
eec: 2845.63
weight: 0.000167042
eec: 1953.26
weight: 6.47129e-06
eec: 774.777
weight: 5.54994e-06
eec: 1297.55
weight: 1.55769e-05
eec: 1471.82
weight: 1.3275e-05
eec: 1002.53
weight: 2.74132e-05
eec: 706.112
weight: 0.000132503
eec: 195.911
weight: 0.000218958
eec: 127.462
weight: 2.70478e-05
eec: 1584.95
weight: 1.17891e-07
eec: 722.978
weight: 0.000106186
eec: 313.872
weight: 7.48016e-05
eec: 723.485
weight: 0.000149446
eec: 216.118
weight: 1.11294e-07
eec: 1184.56
weight: 0.000108597
eec: 923.312
weight: 1.9698e-06
eec: 2342.76
weight: 0.000790355
eec: 56.5828
weight: 0.00026951
eec: 170.458
weight: 7.92186e-07
eec: 703.241
weight: 6.23484e-05
eec: 120.615
weight: 4.30035e-06
eec: 252.556
weight: 1.24647e-05
eec: 678.424
weight: 0.000311906
eec: 1214.73
weight: 3.24324e-05
eec: 358.773
weight: 6.16871e-05
eec: 94.0619
weight: 4.73221e-06
eec: 218.884
weight: 3.19501e-05
eec: 70.5067
weight: 9.36474e-08
eec: 142.225
weight: 3.75555e-06
eec: 624.806
weight: 2.42962e-07
eec: 138.494
weight: 0.000109291
eec: 312.29
weight: 1.1107e-05
eec: 1060.75
weight: 1.96648e-05
eec: 1578.75
weight: 0.000490013
eec: 1274.25
weight: 0.000177264
eec: 1258.27
weight: 4.5312e-06
eec: 210.638
weight: 0.00115294
eec: 366.965
weight: 0.000196775
eec: 538.711
weight: 3.25116e-05
eec: 74.9005
weight: 0.000547007
eec: 1152.94
weight: 7.90567e-06
eec: 266.338
weight: 2.8011e-06
eec: 300.69
weight: 2.02028e-05
eec: 786.242
weight: 0.000116208
eec: 201.867
weight: 1.39565e-05
eec: 1399.37
weight: 0.000109338
eec: 76.076
weight: 1.19512e-05
eec: 234.082
weight: 9.79698e-06
eec: 374.421
weight: 0.000106311
eec: 194.139
weight: 1.83637e-06
eec: 836.443
weight: 0.000231792
eec: 192.519
Processing: 23.8826 %weight: 5.73447e-05
eec: 32.4915
weight: 1.86189e-05
eec: 1218.57
weight: 0.00010192
eec: 375.136
weight: 0.000129611
eec: 663.867
weight: 6.97e-05
eec: 781.124
weight: 2.32958e-05
eec: 148
weight: 1.49337e-05
eec: 388.267
weight: 5.45968e-06
eec: 862.273
weight: 3.96932e-05
eec: 134.714
weight: 5.91644e-05
eec: 56.9154
weight: 9.52777e-05
eec: 471.09
weight: 3.68941e-05
eec: 426.703
weight: 0.00113836
eec: 471.13
weight: 7.81441e-05
eec: 106.062
weight: 1.85567e-05
eec: 459.185
weight: 4.21503e-05
eec: 1794.31
weight: 2.40292e-06
eec: 280.466
weight: 1.67289e-05
eec: 379.096
weight: 8.54202e-05
eec: 260.278
weight: 9.35612e-06
eec: 57.1446
weight: 4.15154e-06
eec: 33.1358
weight: 0.00010044
eec: 16.0613

ROOT exit code = 0
