gSystem->Load("run_condor_job_Run3_C.so");
run_condor_job_Run3(598, 100, 2,
                    80, 200,
                    1, 1, 1, 5);
.q

ENTERED run_condor_job_Run3()
JOBID = 598
  global job = 598  Job 98/100  events [5880000, 5940000)  total=6000000
Processing events [5880000, 5940000) of 6000000
weight: 7.62166e-05
eec: 104.672
weight: 3.13742e-05
eec: 877.227
weight: 4.22319e-05
eec: 567.741
weight: 0.000304447
eec: 762.188
weight: 9.89903e-05
eec: 182.367
weight: 0.000182143
eec: 607.827
weight: 1.34767e-05
eec: 836.615
weight: 0.000445012
eec: 501.354
weight: 5.96178e-05
eec: 318.791
weight: 0.00123994
eec: 26.8621
weight: 3.91522e-05
eec: 57.796
weight: 4.15361e-05
eec: 1310.7
weight: 3.00647e-06
eec: 125.146
weight: 1.66991e-07
eec: 302.651
weight: 0.000143117
eec: 1544.17
weight: 2.02417e-05
eec: 393.302
weight: 7.0539e-06
eec: 117.695
weight: 9.31189e-05
eec: 57.436
weight: 3.37126e-05
eec: 588.437
weight: 2.15165e-06
eec: 172.587
weight: 0.00408128
eec: 279.371
weight: 2.36318e-05
eec: 410.196
weight: 2.20528e-05
eec: 210.759
weight: 7.99637e-05
eec: 52.0752
weight: 9.27549e-07
eec: 137.283
weight: 0.000195791
eec: 128.68
weight: 2.89945e-05
eec: 137.851
weight: 1.54287e-05
eec: 533.833
weight: 6.36554e-05
eec: 474.644
weight: 5.76297e-06
eec: 252.794
weight: 1.99967e-05
eec: 359.813
weight: 1.99967e-05
eec: 536.045
weight: 6.43444e-05
eec: 518.739
weight: 3.72751e-08
eec: 70.2992
weight: 3.58991e-05
eec: 100.217
weight: 0.0001344
eec: 480.198
weight: 5.15888e-05
eec: 592.722
weight: 3.97487e-05
eec: 556.834
weight: 4.23907e-07
eec: 995.439
weight: 0.000141177
eec: 267.131
weight: 9.72665e-05
eec: 211.883
weight: 9.72665e-05
eec: 640.041
weight: 0.00016786
eec: 276.317
weight: 2.09324e-06
eec: 13.2705
weight: 3.09943e-05
eec: 63.1742
weight: 6.09165e-05
eec: 956.851
weight: 0.000197385
eec: 245.444
weight: 3.95235e-07
eec: 310.325
weight: 3.09534e-07
eec: 296.844
weight: 6.24092e-05
eec: 912.69
weight: 3.97199e-06
eec: 1.05376
weight: 0.00013288
eec: 471.023
weight: 4.55173e-05
eec: 529.786
weight: 8.77786e-06
eec: 651.266
weight: 8.81164e-05
eec: 813.799
weight: 2.90321e-05
eec: 23.1934
weight: 4.07409e-05
eec: 888.804
weight: 9.98739e-06
eec: 1799.99
weight: 5.72406e-05
eec: 586.046
weight: 0.000632481
eec: 532.851
weight: 2.92157e-05
eec: 150.601
weight: 1.65582e-05
eec: 77.6268
weight: 6.11918e-06
eec: 893.798
weight: 3.55193e-05
eec: 27.0518
weight: 0.000161821
eec: 467.595
weight: 4.23836e-05
eec: 76.0148
weight: 1.99915e-05
eec: 56.1989
weight: 0.000280851
eec: 376.124
weight: 2.59042e-05
eec: 1289.01
weight: 5.07531e-05
eec: 557.657
weight: 0.000130898
eec: 460.035
weight: 3.69107e-05
eec: 702.337
weight: 9.04382e-06
eec: 88.1339
weight: 5.57508e-06
eec: 152.276
weight: 3.26267e-06
eec: 66.9978
weight: 3.3092e-05
eec: 320.797
weight: 5.49602e-05
eec: 234.687
weight: 0.000109214
eec: 498.739
weight: 9.86155e-06
eec: 568.957
weight: 8.17788e-06
eec: 306.659
weight: 3.81294e-05
eec: 296.755
weight: 5.35287e-05
eec: 1343.54
weight: 0.00121438
eec: 774.914
weight: 5.42749e-06
eec: 1051.49
weight: 4.85255e-05
eec: 535.397
weight: 9.52055e-05
eec: 39.6252
weight: 2.24814e-05
eec: 919.825
weight: 4.54701e-06
eec: 178.219
weight: 3.58667e-05
eec: 655.527
Processing: 98.3333 %weight: 0.000155954
eec: 301.368
weight: 9.5957e-06
eec: 1234.19
weight: 4.66091e-05
eec: 766.407
weight: 1.02711e-05
eec: 1212.85
weight: 2.65331e-06
eec: 1063.88
weight: 3.09895e-05
eec: 195.179
weight: 1.44145e-05
eec: 39.009
weight: 0.000145611
eec: 44.3029
weight: 1.35998e-05
eec: 1940.5
weight: 0.000103939
eec: 326.386
weight: 0.000206177
eec: 249.899
weight: 3.54664e-05
eec: 480.274
weight: 9.05964e-05
eec: 940.312
weight: 0.000634016
eec: 969.128
weight: 1.72829e-06
eec: 924.498
weight: 1.443e-07
eec: 572.521
weight: 0.000187952
eec: 697.635
weight: 0.000191108
eec: 1332.65
weight: 1.80514e-05
eec: 1456.32
weight: 8.04816e-06
eec: 934.301
weight: 4.58332e-07
eec: 2787.78
weight: 2.83053e-05
eec: 2033.53
weight: 2.14893e-05
eec: 1066.77
weight: 6.00979e-05
eec: 161.551
weight: 1.64135e-07
eec: 848.878
weight: 6.25949e-05
eec: 97.4114
weight: 2.50312e-05
eec: 1421.29
weight: 0.000102339
eec: 395.485
weight: 1.32299e-05
eec: 616.96
weight: 2.00044e-05
eec: 82.2394
weight: 8.50858e-06
eec: 1634.6
weight: 4.07684e-06
eec: 1735.05
weight: 3.62774e-05
eec: 434.37
weight: 2.88194e-05
eec: 1696.93
weight: 1.06891e-05
eec: 797.089
weight: 3.23868e-05
eec: 1009.44
weight: 6.29352e-06
eec: 696.049
weight: 6.86593e-06
eec: 438.324
weight: 0.000151043
eec: 320.228
weight: 1.53335e-06
eec: 487.105
weight: 4.79681e-05
eec: 369.334
weight: 4.67383e-05
eec: 72.1045
weight: 1.87568e-05
eec: 525.966
weight: 5.09292e-05
eec: 33.2854
weight: 1.15833e-05
eec: 160.169
weight: 0.00016302
eec: 798.694
weight: 2.42311e-07
eec: 524.213
weight: 2.42311e-07
eec: 52.8432
weight: 0.000324537
eec: 46.6912
weight: 2.71434e-05
eec: 188.822
weight: 0.000107345
eec: 392.621
weight: 0.000150956
eec: 263.001
weight: 0.00127167
eec: 69.2333
weight: 3.79976e-05
eec: 66.5325
weight: 0.000402058
eec: 82.9637
weight: 4.81577e-05
eec: 100.475
weight: 0.000370413
eec: 1489.02
weight: 7.62346e-06
eec: 388.143
weight: 3.65731e-05
eec: 210.381
weight: 3.99652e-06
eec: 568.955
weight: 4.44736e-05
eec: 232.617
weight: 4.40552e-05
eec: 123.203
weight: 4.80088e-05
eec: 479.189
weight: 2.87669e-05
eec: 365.781
weight: 3.08081e-07
eec: 132.776
weight: 0.000564084
eec: 529.075
weight: 0.000280481
eec: 489.676
weight: 0.000258989
eec: 107.371
weight: 3.78461e-06
eec: 448.568
weight: 1.07296e-05
eec: 487.781
weight: 3.48819e-06
eec: 132.671
weight: 3.60554e-06
eec: 751.184
weight: 4.89908e-06
eec: 1950.05
weight: 3.05163e-06
eec: 140.549
weight: 1.37486e-05
eec: 1650.88
weight: 4.18488e-05
eec: 613.779
weight: 1.4853e-06
eec: 194.502
weight: 4.62385e-05
eec: 1118.52
weight: 4.77808e-07
eec: 48.2136
weight: 1.90805e-05
eec: 1398.28
weight: 7.2938e-05
eec: 373.174
weight: 7.92641e-07
eec: 285.127
weight: 0.000125931
eec: 436.174
weight: 4.86523e-06
eec: 109.102
weight: 6.23636e-06
eec: 358.76
weight: 8.24591e-06
eec: 670.641
weight: 0.000343481
eec: 222.516
weight: 6.52768e-05
eec: 442.795
weight: 0.000426301
eec: 196.713
weight: 0.000201526
eec: 132.024
weight: 1.25098e-05
eec: 1495.04
weight: 1.74769e-05
eec: 212.509
weight: 5.19609e-07
eec: 990.695
weight: 0.000154886
eec: 412.594
weight: 0.000115025
eec: 428.693
weight: 8.76726e-06
eec: 720.004
weight: 6.46813e-06
eec: 384.529
weight: 3.69116e-07
eec: 437.867
weight: 2.32318e-06
eec: 1393.8
weight: 0.000110676
eec: 35.9445
weight: 5.0905e-07
eec: 11.1887
weight: 5.89002e-06
eec: 1712.31
weight: 1.39822e-05
eec: 584.853
weight: 3.0946e-05
eec: 17.6252
weight: 6.37592e-06
eec: 1215.7
weight: 0.000174707
eec: 425.46
weight: 1.6893e-05
eec: 1689.87
weight: 0.000119166
eec: 106.275
weight: 4.32531e-05
eec: 1206.37
weight: 3.77144e-05
eec: 361.222
weight: 2.38481e-05
eec: 988.458
weight: 0.000628213
eec: 507.958
weight: 0.000117889
eec: 106.341
weight: 8.90693e-05
eec: 114.894
weight: 3.78809e-07
eec: 4227.62
weight: 0.000176839
eec: 335.783
weight: 0.000154874
eec: 210.578
weight: 7.39431e-05
eec: 29.8539
weight: 2.5931e-06
eec: 1537
weight: 0.000904473
eec: 52.8973
weight: 2.09482e-05
eec: 1199.63
weight: 3.34454e-06
eec: 206.261
weight: 2.89855e-05
eec: 385.307
weight: 0.000547573
eec: 92.3447
weight: 0.000127488
eec: 1256.14
weight: 6.47138e-05
eec: 86.8645
weight: 1.46895e-05
eec: 518.461
weight: 1.59176e-05
eec: 35.6545
weight: 0.000163981
eec: 79.1317
weight: 3.52534e-07
eec: 648.24
weight: 3.15217e-05
eec: 152.129
weight: 5.71697e-06
eec: 111.777
weight: 1.16205e-05
eec: 130.621
weight: 4.08586e-06
eec: 30.0986
weight: 6.59158e-05
eec: 750.315
weight: 1.30118e-05
eec: 460.814
weight: 5.96659e-06
eec: 104.915
weight: 3.72282e-05
eec: 159.923
weight: 0.000136231
eec: 208.346
weight: 3.62928e-05
eec: 25.1142
weight: 6.6498e-05
eec: 373.915
weight: 0.000100856
eec: 88.275
weight: 6.09853e-07
eec: 94.8406
weight: 7.00499e-05
eec: 728.709
weight: 0.000494917
eec: 35.8338
weight: 0.000272412
eec: 357.177
weight: 2.34611e-05
eec: 207.182
weight: 1.45875e-06
eec: 82.2082
weight: 0.00014646
eec: 224.745
weight: 3.68509e-06
eec: 29.9531
weight: 0.000136111
eec: 172.211
weight: 3.51198e-06
eec: 595.461
weight: 0.000107841
eec: 229.501
weight: 3.4547e-05
eec: 2608.36
weight: 7.88253e-06
eec: 165.78
weight: 1.80707e-05
eec: 563.245
weight: 1.6029e-05
eec: 355.338
weight: 0.000216707
eec: 1033.17
weight: 1.80967e-05
eec: 1421.94
weight: 4.47441e-05
eec: 768.037
weight: 2.21663e-05
eec: 90.5022
weight: 3.32807e-05
eec: 819.908
weight: 2.02452e-07
eec: 498.941
weight: 4.35537e-05
eec: 218.176
weight: 0.000123854
eec: 2114.86
weight: 2.05655e-05
eec: 161.327
weight: 1.14986e-06
eec: 118.317
weight: 4.09696e-05
eec: 26.7793
weight: 0.000340543
eec: 1162.07
weight: 4.28639e-05
eec: 1141.64
weight: 0.000141491
eec: 23.8443
weight: 0.000178157
eec: 55.3373
weight: 2.90864e-06
eec: 456.113
weight: 7.11454e-06
eec: 1851.5
weight: 6.46521e-06
eec: 1791.79
weight: 1.31564e-05
eec: 2074.03
weight: 3.49414e-05
eec: 384.377
weight: 9.39129e-07
eec: 255.595

ROOT exit code = 0
