gSystem->Load("run_condor_job_Run3_C.so");
run_condor_job_Run3(653, 100, 2,
                    80, 200,
                    1, 1, 1, 6);
.q

ENTERED run_condor_job_Run3()
JOBID = 653
  global job = 653  Job 53/100  events [3125940, 3184920)  total=5898000
Processing events [3125940, 3184920) of 5898000
weight: 6.84279e-05
eec: 82.958
weight: 1.46443e-07
eec: 29.8892
weight: 3.68881e-06
eec: 1453.28
weight: 0.000118928
eec: 433.866
weight: 6.9725e-06
eec: 295.41
weight: 9.72048e-09
eec: 107.903
weight: 3.31302e-05
eec: 3185.82
weight: 1.54394e-05
eec: 304.714
weight: 0.000176768
eec: 279.522
weight: 4.98584e-06
eec: 772.95
weight: 9.01914e-07
eec: 317.495
weight: 1.64145e-05
eec: 54.2111
weight: 8.44678e-05
eec: 933.211
weight: 3.2259e-05
eec: 664.187
weight: 1.3877e-05
eec: 153.549
weight: 7.3306e-07
eec: 536.255
weight: 0.000315502
eec: 344.299
weight: 1.22448e-06
eec: 751.244
weight: 5.06816e-05
eec: 202.91
weight: 3.81786e-07
eec: 137.447
weight: 0.000351144
eec: 147.271
weight: 1.29676e-05
eec: 1251.48
weight: 2.14503e-06
eec: 1003.27
weight: 1.44001e-05
eec: 768.137
weight: 8.983e-05
eec: 108.95
weight: 9.73784e-05
eec: 105.775
weight: 4.72895e-05
eec: 173.61
weight: 1.68635e-05
eec: 1459.65
weight: 4.26027e-05
eec: 51.7354
weight: 1.80337e-05
eec: 2303.68
weight: 3.03005e-06
eec: 466.671
weight: 0.000152006
eec: 49.3195
weight: 0.000819865
eec: 142.302
weight: 2.75748e-05
eec: 814.533
weight: 1.7519e-05
eec: 774.504
weight: 2.63918e-06
eec: 1162.17
weight: 0.000144332
eec: 190.632
weight: 4.97142e-06
eec: 1330.64
weight: 6.3788e-06
eec: 1220.09
weight: 2.03793e-05
eec: 21.427
weight: 6.72653e-08
eec: 105.383
weight: 4.60022e-06
eec: 126.106
weight: 2.55974e-05
eec: 101.138
weight: 2.97093e-05
eec: 82.156
weight: 0.000123419
eec: 354.693
weight: 3.40309e-08
eec: 357.869
weight: 0.00066628
eec: 451.02
weight: 8.93318e-05
eec: 24.0987
weight: 3.74537e-06
eec: 183.047
weight: 0.00063249
eec: 132.3
weight: 6.33137e-05
eec: 152.322
weight: 3.37044e-05
eec: 61.5418
weight: 9.75174e-06
eec: 306.386
weight: 1.53317e-05
eec: 1686.87
weight: 0.000309011
eec: 833.591
weight: 7.86967e-06
eec: 172.333
weight: 2.28564e-05
eec: 10.1458
weight: 2.95133e-06
eec: 71.7234
weight: 2.99301e-07
eec: 304.013
weight: 3.19815e-05
eec: 691.568
weight: 1.58092e-05
eec: 2666.02
weight: 5.22887e-06
eec: 1210.67
weight: 4.05869e-05
eec: 594.648
weight: 0.000149219
eec: 80.4519
weight: 9.32323e-05
eec: 343.412
weight: 4.26533e-06
eec: 106.183
weight: 8.46984e-05
eec: 401.822
weight: 1.25706e-05
eec: 19.5797
weight: 2.91382e-05
eec: 80.8938
weight: 1.09404e-05
eec: 684.835
weight: 1.08787e-05
eec: 540.152
weight: 4.99416e-05
eec: 1697.71
weight: 1.4888e-05
eec: 601.251
weight: 0.000355857
eec: 33.8882
weight: 1.71112e-05
eec: 215.854
weight: 8.77557e-06
eec: 29.4052
weight: 4.50515e-05
eec: 661.431
weight: 5.54645e-05
eec: 851.968
weight: 7.88355e-06
eec: 843.679
weight: 8.15355e-06
eec: 504.297
weight: 0.000156063
eec: 266.444
weight: 0.00010247
eec: 89.8595
weight: 2.30413e-05
eec: 474.814
weight: 3.26986e-06
eec: 160.253
weight: 0.000108901
eec: 338.773
weight: 0.000188414
eec: 1133.22
weight: 8.0296e-05
eec: 42.4769
weight: 2.81438e-07
eec: 2099.54
weight: 0.000135319
eec: 711.189
weight: 0.000176185
eec: 488.29
weight: 0.000388885
eec: 554.407
weight: 1.38699e-05
eec: 95.8043
weight: 4.47758e-05
eec: 484.149
weight: 1.83359e-05
eec: 140.095
weight: 5.28454e-05
eec: 19.0402
weight: 9.32003e-06
eec: 460.799
weight: 1.53981e-05
eec: 1577.19
weight: 3.3238e-06
eec: 79.7914
Processing: 53.4079 %weight: 1.98866e-05
eec: 734.103
weight: 7.94042e-06
eec: 278.264
weight: 3.9966e-06
eec: 92.5415
weight: 0.000373401
eec: 460.572
weight: 0.000145013
eec: 294.306
weight: 2.92413e-05
eec: 1054.82
weight: 2.06615e-05
eec: 988.42
weight: 0.000129141
eec: 470.918
weight: 0.000128167
eec: 307.105
weight: 6.86601e-06
eec: 1378.96
weight: 9.45136e-06
eec: 618.616
weight: 1.77149e-05
eec: 1001.3
weight: 1.56342e-05
eec: 849.792
weight: 2.82911e-05
eec: 82.6843
weight: 8.03159e-08
eec: 782.646
weight: 2.40423e-05
eec: 119.207
weight: 0.00021753
eec: 275.205
weight: 1.99601e-05
eec: 500.107
weight: 1.37182e-05
eec: 426.167
weight: 2.28481e-05
eec: 188.351
weight: 6.55154e-06
eec: 434.257
weight: 0.000114367
eec: 651.901
weight: 1.16532e-05
eec: 966.679
weight: 6.39963e-05
eec: 5350.56
weight: 2.48135e-06
eec: 571.48
weight: 0.000119727
eec: 63.4317
weight: 0.000135344
eec: 501.792
weight: 1.14569e-05
eec: 1379.86
weight: 4.37632e-06
eec: 659.974
weight: 3.37709e-06
eec: 174.736
weight: 7.07176e-06
eec: 84.0634
weight: 1.05817e-06
eec: 551.166
weight: 4.07304e-07
eec: 232.75
weight: 4.56257e-05
eec: 20.7123
weight: 4.09594e-05
eec: 198.695
weight: 0.000162969
eec: 38.6701
weight: 1.30955e-05
eec: 800.405
weight: 0.000267512
eec: 71.3637
weight: 0.000936224
eec: 116.736
weight: 4.08933e-05
eec: 120.736
weight: 0.000356805
eec: 987.657
weight: 2.73002e-05
eec: 483.514
weight: 6.66109e-06
eec: 184.994
weight: 1.08394e-05
eec: 448.538
weight: 6.29292e-05
eec: 288.675
weight: 7.96262e-06
eec: 1009.91
weight: 0.00013263
eec: 288.967
weight: 3.58467e-05
eec: 89.4594
weight: 4.66149e-05
eec: 480.49
weight: 3.25433e-05
eec: 814.877
weight: 5.92417e-05
eec: 300.721
weight: 1.69384e-06
eec: 668.884
weight: 9.05892e-05
eec: 1302.15
weight: 0.000425676
eec: 234.426
weight: 0.000218856
eec: 864.234
weight: 4.59624e-05
eec: 601.261
weight: 7.01377e-06
eec: 1174.59
weight: 0.000305214
eec: 159.257
weight: 1.9679e-05
eec: 1138.37
weight: 3.38733e-05
eec: 359.164
weight: 3.13698e-06
eec: 1233.83
weight: 6.71218e-06
eec: 438.967
weight: 0.000103411
eec: 1827.44
weight: 0.000316852
eec: 85.603
weight: 0.00012765
eec: 129.364
weight: 8.67357e-08
eec: 668.461
weight: 4.25501e-05
eec: 613.42
weight: 4.44677e-05
eec: 292.292
weight: 1.58503e-05
eec: 2304.96
weight: 8.48726e-06
eec: 1512.15
weight: 5.48053e-05
eec: 817.754
weight: 2.11551e-07
eec: 96.8162
weight: 6.42264e-06
eec: 729.81
weight: 8.86074e-06
eec: 621.293
weight: 0.000902044
eec: 75.5966
weight: 1.8101e-05
eec: 593.629
weight: 0.000343859
eec: 68.1996
weight: 1.0962e-05
eec: 657.093
weight: 4.74333e-05
eec: 147.766
weight: 0.000218364
eec: 56.3746
weight: 1.3355e-05
eec: 689.099
weight: 1.77629e-05
eec: 257.498
weight: 6.38999e-06
eec: 459.564
weight: 0.000100305
eec: 284.032
weight: 7.41493e-06
eec: 107.717
weight: 1.50856e-05
eec: 1034.48
weight: 3.25712e-05
eec: 58.9308
weight: 3.93486e-06
eec: 932.44
weight: 1.61347e-05
eec: 841.282
weight: 0.000239692
eec: 1815.22
weight: 0.000199103
eec: 648.072
weight: 1.32581e-05
eec: 218.87
weight: 5.82776e-05
eec: 285.753
weight: 6.00414e-05
eec: 298.189
weight: 1.24143e-05
eec: 368.427
weight: 9.33572e-06
eec: 156.943
weight: 4.48311e-06
eec: 399.873
weight: 1.83675e-05
eec: 114.733
weight: 1.63394e-05
eec: 291.481
weight: 3.22377e-06
eec: 1786.27
weight: 3.30457e-05
eec: 120.735
weight: 8.45257e-05
eec: 1044.43
weight: 1.44854e-05
eec: 501.963
weight: 5.18573e-06
eec: 232.474
weight: 3.06485e-05
eec: 1059.12
weight: 1.35259e-07
eec: 613.725
weight: 7.58471e-06
eec: 135.051
weight: 6.40373e-05
eec: 136.78
weight: 6.40373e-05
eec: 1098.08
weight: 2.8586e-05
eec: 44.2703
weight: 2.2934e-05
eec: 1110.51
weight: 2.76534e-05
eec: 617.484
weight: 3.61317e-05
eec: 45.8463
weight: 4.66361e-06
eec: 364.586
weight: 1.76398e-05
eec: 1508.54
weight: 2.94244e-05
eec: 205.352
weight: 3.38317e-05
eec: 250.67
weight: 2.16264e-05
eec: 841.398
weight: 0.000382964
eec: 544.378
weight: 2.46354e-07
eec: 735.196
weight: 9.3089e-06
eec: 579.169
weight: 2.46389e-07
eec: 1485.7
weight: 5.8574e-05
eec: 1429.19
weight: 3.86646e-06
eec: 156.566
weight: 5.28279e-05
eec: 19.3431
weight: 0.000962754
eec: 134.505
weight: 0.000177955
eec: 535.762
weight: 4.29627e-07
eec: 72.0343
weight: 0.000239954
eec: 14.7285
weight: 2.08185e-05
eec: 749.821
weight: 0.000156288
eec: 733.407
weight: 1.03441e-05
eec: 873.954
weight: 1.03441e-05
eec: 38.7306
weight: 2.96726e-06
eec: 108.451
weight: 3.31669e-05
eec: 386.045
weight: 1.60875e-05
eec: 244.371
weight: 0.000152671
eec: 343.412
weight: 8.61446e-05
eec: 1404.91
weight: 1.83664e-05
eec: 12.2108
weight: 1.78292e-06
eec: 1989.6
weight: 9.35872e-05
eec: 261.858
weight: 1.90519e-05
eec: 636.03

ROOT exit code = 0
