gSystem->Load("run_condor_job_Run3_C.so");
run_condor_job_Run3(206, 100, 2,
                    80, 200,
                    1, 1, 1, 2);
.q

ENTERED run_condor_job_Run3()
JOBID = 206
  global job = 206  Job 6/100  events [360000, 420000)  total=6000000
Processing events [360000, 420000) of 6000000
weight: 9.72188e-06
eec: 517.423
weight: 1.909e-05
eec: 569.474
weight: 4.54836e-06
eec: 933.565
weight: 1.09694e-05
eec: 1000.57
weight: 1.2771e-05
eec: 97.1475
weight: 1.31785e-08
eec: 195.698
weight: 0.000174459
eec: 81.9328
weight: 3.76466e-05
eec: 388.311
weight: 1.13467e-05
eec: 36.2924
weight: 3.26519e-06
eec: 608.784
weight: 3.22553e-05
eec: 626.158
weight: 0.000113867
eec: 759.286
weight: 4.87416e-05
eec: 540.469
weight: 8.36515e-05
eec: 276.036
weight: 5.85054e-06
eec: 423.474
weight: 0.000109493
eec: 336.75
weight: 0.000327434
eec: 410.969
weight: 0.000173305
eec: 123.136
weight: 0.000115122
eec: 194.444
weight: 2.0022e-07
eec: 49.2922
weight: 4.83364e-06
eec: 104.459
weight: 6.45762e-06
eec: 271.435
weight: 5.1066e-06
eec: 241.144
weight: 1.36179e-05
eec: 1925.02
weight: 5.80478e-05
eec: 1511.57
weight: 2.20622e-05
eec: 506.918
weight: 6.38664e-06
eec: 789.014
weight: 6.5136e-06
eec: 242.54
weight: 1.00359e-05
eec: 451.8
weight: 7.74265e-05
eec: 313.458
weight: 0.000215164
eec: 706.848
weight: 2.46081e-05
eec: 1197.94
weight: 4.83174e-06
eec: 102.253
weight: 5.72834e-06
eec: 2295.2
weight: 0.000255228
eec: 196.623
weight: 0.000165814
eec: 125.957
weight: 4.50212e-05
eec: 346.409
weight: 3.14872e-07
eec: 1095.7
weight: 2.74952e-05
eec: 369.714
weight: 7.16449e-06
eec: 1279.19
weight: 0.000529328
eec: 117.597
weight: 1.68765e-06
eec: 119.939
weight: 4.23574e-05
eec: 197.322
weight: 8.27247e-05
eec: 172.044
weight: 8.46681e-07
eec: 252.729
weight: 5.5986e-07
eec: 111.31
weight: 8.96766e-06
eec: 1876.68
weight: 0.000124341
eec: 499.918
weight: 4.87054e-07
eec: 472.225
weight: 7.18869e-06
eec: 51.1929
weight: 1.68646e-05
eec: 642.355
weight: 6.70585e-05
eec: 374.723
weight: 1.54292e-05
eec: 927.211
weight: 6.69449e-05
eec: 168.496
weight: 7.64674e-05
eec: 663.338
weight: 7.38269e-06
eec: 2211.81
weight: 5.69222e-05
eec: 134.986
weight: 8.45147e-06
eec: 763.685
weight: 5.38508e-06
eec: 2245.83
weight: 0.000335665
eec: 630.692
weight: 3.15259e-05
eec: 600.933
weight: 6.85014e-05
eec: 336.292
weight: 2.29575e-05
eec: 347.496
weight: 5.97498e-05
eec: 318.15
weight: 6.05854e-05
eec: 1109.27
weight: 0.000167237
eec: 437.59
weight: 0.000767036
eec: 42.8784
weight: 5.46736e-06
eec: 107.915
weight: 5.63873e-06
eec: 456.762
weight: 4.013e-06
eec: 160.783
weight: 1.06302e-06
eec: 245.434
weight: 4.68576e-05
eec: 495.162
weight: 3.31349e-05
eec: 42.0494
weight: 4.65881e-05
eec: 1748.21
weight: 8.14614e-05
eec: 52.0514
weight: 2.69586e-05
eec: 524.283
weight: 2.49686e-07
eec: 516.274
weight: 5.82611e-08
eec: 2972.89
weight: 5.51831e-07
eec: 415.882
weight: 4.70563e-06
eec: 116.356
weight: 0.000372074
eec: 846.394
weight: 4.92189e-06
eec: 72.0951
weight: 5.98572e-06
eec: 847.255
weight: 6.12349e-06
eec: 486.397
weight: 9.67458e-06
eec: 775.111
weight: 1.57553e-05
eec: 422.758
weight: 5.26852e-06
eec: 285.044
weight: 1.43462e-05
eec: 198.473
weight: 1.09399e-05
eec: 321.021
weight: 5.15551e-05
eec: 156.224
weight: 5.15551e-05
eec: 580.12
weight: 4.70456e-06
eec: 503.083
weight: 1.29202e-05
eec: 857.813
weight: 8.05843e-06
eec: 79.6559
weight: 1.64854e-05
eec: 1014.61
weight: 6.51807e-05
eec: 371.415
weight: 2.32069e-05
eec: 1991.51
weight: 5.38057e-05
eec: 525.586
weight: 4.44334e-05
eec: 116.211
weight: 7.312e-07
eec: 97.4529
weight: 2.30259e-05
eec: 314.617
weight: 8.56053e-05
eec: 167.16
weight: 1.31492e-05
eec: 107.814
weight: 1.2726e-05
eec: 860.236
weight: 0.000358065
eec: 159.136
weight: 9.85692e-06
eec: 1066.96
weight: 2.04387e-05
eec: 7.07424
weight: 6.88157e-05
eec: 563.131
weight: 0.000136144
eec: 235.259
weight: 2.78638e-05
eec: 307.564
weight: 1.15804e-05
eec: 814.471
weight: 4.2622e-05
eec: 133.912
weight: 1.32674e-05
eec: 2076.01
weight: 1.72818e-05
eec: 500.221
weight: 1.50895e-05
eec: 879.078
weight: 0.000327836
eec: 799.34
weight: 1.08251e-05
eec: 269.032
weight: 9.64575e-07
eec: 1183.95
weight: 2.69666e-05
eec: 1009.42
weight: 3.20314e-05
eec: 184.102
weight: 0.000230684
eec: 101.958
weight: 0.000116215
eec: 65.6819
weight: 2.70364e-05
eec: 1004.37
weight: 1.63124e-05
eec: 3213.47
weight: 4.08173e-07
eec: 371.071
weight: 5.63159e-05
eec: 1191.26
weight: 7.98317e-05
eec: 1318.48
weight: 5.08311e-05
eec: 124.49
weight: 0.000204688
eec: 304.431
weight: 1.1463e-05
eec: 731.994
weight: 1.05309e-06
eec: 3177.5
weight: 0.000350758
eec: 880.613
weight: 5.16475e-05
eec: 1460.1
weight: 8.19005e-06
eec: 392.793
weight: 3.52493e-05
eec: 2978.7
weight: 0.000184928
eec: 190.68
weight: 1.32769e-05
eec: 966.651
weight: 8.37132e-05
eec: 63.6482
weight: 6.77788e-06
eec: 1530.81
weight: 1.99878e-05
eec: 339.017
weight: 1.1749e-06
eec: 16.5807
weight: 0.000122304
eec: 240.666
weight: 1.10809e-05
eec: 352.575
weight: 2.88047e-05
eec: 756.295
weight: 1.15607e-08
eec: 1239.56
weight: 1.50937e-05
eec: 157.558
Processing: 6.66667 %weight: 2.24958e-06
eec: 65.2224
weight: 2.2375e-07
eec: 1352.47
weight: 0.000234705
eec: 65.1743
weight: 3.86607e-05
eec: 47.7039
weight: 1.89793e-05
eec: 484.896
weight: 5.12824e-05
eec: 656.814
weight: 7.47863e-06
eec: 789.459
weight: 2.30794e-06
eec: 538.334
weight: 0.000209701
eec: 526.529
weight: 2.0296e-05
eec: 757.574
weight: 3.54428e-06
eec: 921.595
weight: 2.8494e-06
eec: 1305.79
weight: 6.05372e-05
eec: 203.506
weight: 0.000111377
eec: 468.098
weight: 1.05736e-06
eec: 1662.4
weight: 5.6512e-06
eec: 328.375
weight: 7.79183e-05
eec: 20.8525
weight: 1.62364e-05
eec: 88.675
weight: 2.07302e-05
eec: 951.869
weight: 1.32674e-05
eec: 2498.75
weight: 7.7972e-05
eec: 851.206
weight: 3.5717e-05
eec: 4.86996
weight: 0.000189574
eec: 196.761
weight: 5.4658e-05
eec: 285.632
weight: 9.72876e-06
eec: 266.34
weight: 3.43198e-05
eec: 691.213
weight: 8.49201e-06
eec: 598.646
weight: 1.61751e-05
eec: 439.988
weight: 6.83797e-05
eec: 469.231
weight: 0.000177725
eec: 96.4058
weight: 0.000146241
eec: 498.634
weight: 1.37457e-05
eec: 149.616
weight: 3.9114e-05
eec: 1373.58
weight: 4.24026e-05
eec: 22.3057
weight: 5.19578e-05
eec: 212.628
weight: 4.28724e-05
eec: 545.649
weight: 7.16846e-06
eec: 779.74
weight: 0.000636465
eec: 7.75131
weight: 3.64536e-05
eec: 921.775
weight: 4.45954e-05
eec: 91.3899
weight: 5.05422e-06
eec: 280.894
weight: 5.55505e-05
eec: 455.411
weight: 1.52957e-05
eec: 95.7201
weight: 1.59992e-05
eec: 1165.78
weight: 0.000571268
eec: 24.3223
weight: 0.000495829
eec: 510.58
weight: 3.20838e-06
eec: 3031.09
weight: 3.95194e-06
eec: 114.597
weight: 4.05447e-05
eec: 571.598
weight: 9.07087e-06
eec: 951.559
weight: 7.66278e-05
eec: 480.844
weight: 6.64265e-05
eec: 460.641
weight: 3.47479e-05
eec: 46.7802
weight: 6.24375e-05
eec: 852.075
weight: 6.25363e-05
eec: 227.798
weight: 0.000154128
eec: 727.742
weight: 0.000923441
eec: 78.8702
weight: 1.26971e-05
eec: 92.4309
weight: 7.8421e-06
eec: 2159.92
weight: 1.34534e-06
eec: 44.0698
weight: 0.000113971
eec: 319.681
weight: 0.000262626
eec: 181.164
weight: 2.31505e-05
eec: 37.4524
weight: 7.83493e-05
eec: 267.349

ROOT exit code = 0
