gSystem->Load("run_condor_job_Run3_C.so");
run_condor_job_Run3(135, 100, 2,
                    80, 200,
                    1, 1, 1, 1);
.q

ENTERED run_condor_job_Run3()
JOBID = 135
  global job = 135  Job 35/100  events [2051700, 2110320)  total=5862000
Processing events [2051700, 2110320) of 5862000
weight: 5.48419e-05
eec: 2076.33
weight: 0.000150455
eec: 301.709
weight: 3.03708e-05
eec: 902.241
weight: 0.000134179
eec: 174.388
weight: 0.000795694
eec: 274.944
weight: 3.77633e-05
eec: 821.691
weight: 0.000422097
eec: 252.1
weight: 1.04922e-05
eec: 514.18
weight: 1.66038e-07
eec: 57.7866
weight: 3.24749e-05
eec: 724.782
weight: 5.27434e-06
eec: 418.829
weight: 0.000323327
eec: 589.94
weight: 0.000251188
eec: 18.0687
weight: 1.67657e-05
eec: 35.3626
weight: 7.05191e-05
eec: 27.7667
weight: 8.78539e-06
eec: 660.032
weight: 3.45072e-05
eec: 153.421
weight: 1.32215e-05
eec: 33.5058
weight: 0.000135155
eec: 94.3737
weight: 6.52264e-05
eec: 342.493
weight: 8.77831e-06
eec: 145.19
weight: 7.3819e-05
eec: 205.717
weight: 6.06201e-05
eec: 303.377
weight: 1.34932e-05
eec: 547.215
weight: 1.91953e-05
eec: 579.94
weight: 0.000107547
eec: 47.2725
weight: 1.61634e-05
eec: 864.827
weight: 0.00016654
eec: 9.87465
weight: 1.97006e-05
eec: 380.405
weight: 0.000650539
eec: 205.186
weight: 7.11172e-08
eec: 1533.53
weight: 2.35071e-05
eec: 26.544
weight: 8.39323e-05
eec: 60.3209
weight: 1.53475e-06
eec: 704.549
weight: 5.80916e-06
eec: 134.658
weight: 0.000286195
eec: 109.01
weight: 3.21109e-05
eec: 488.349
weight: 0.000125344
eec: 1391.7
weight: 4.80767e-05
eec: 577.294
weight: 1.42766e-06
eec: 595.923
weight: 5.70457e-05
eec: 210.905
weight: 5.54492e-05
eec: 518.518
weight: 0.000410045
eec: 30.5456
weight: 2.31977e-05
eec: 484.623
weight: 0.0011834
eec: 473.23
weight: 9.56733e-05
eec: 189.126
weight: 6.08024e-06
eec: 2219.83
weight: 7.71316e-06
eec: 377.347
weight: 4.88604e-06
eec: 105.012
weight: 2.71021e-05
eec: 96.2703
weight: 6.70382e-05
eec: 244.251
weight: 1.79388e-05
eec: 598.347
weight: 1.96163e-05
eec: 121.345
weight: 1.08851e-05
eec: 393.393
weight: 0.000185455
eec: 1802.6
weight: 0.000834972
eec: 877.566
weight: 7.95147e-05
eec: 33.3732
weight: 0.000170484
eec: 406.88
weight: 9.26812e-06
eec: 103.234
weight: 1.39023e-05
eec: 250.65
weight: 6.56079e-06
eec: 170.673
weight: 3.67181e-06
eec: 1710.8
weight: 7.13475e-07
eec: 737.996
weight: 7.91961e-06
eec: 285.455
weight: 6.30748e-05
eec: 499.807
weight: 8.71426e-06
eec: 791.144
weight: 0.000411392
eec: 49.0435
weight: 1.28257e-05
eec: 910.559
weight: 3.42457e-05
eec: 618.97
weight: 2.69288e-05
eec: 120.485
weight: 6.36079e-05
eec: 1440.12
weight: 5.07311e-07
eec: 963.91
weight: 6.15917e-08
eec: 419.516
weight: 6.72952e-06
eec: 634.086
weight: 4.43116e-05
eec: 422.99
weight: 2.94216e-06
eec: 412.376
weight: 5.82054e-05
eec: 592.801
weight: 1.12084e-05
eec: 1745.3
weight: 1.79169e-05
eec: 504.063
weight: 2.1e-05
eec: 599.738
weight: 6.36902e-06
eec: 185.458
weight: 4.58229e-06
eec: 1749.49
weight: 0.00117789
eec: 1096.71
weight: 3.1018e-06
eec: 1531.82
weight: 2.10344e-05
eec: 40.9088
weight: 5.06441e-05
eec: 679.129
weight: 0.000148285
eec: 607.896
weight: 5.14548e-05
eec: 1739.93
weight: 7.30368e-05
eec: 517.337
weight: 0.00043491
eec: 213.297
weight: 6.70879e-05
eec: 135.551
weight: 3.89165e-05
eec: 311.672
weight: 2.84689e-07
eec: 105.616
weight: 2.40999e-05
eec: 1060.06
weight: 9.22883e-06
eec: 576.865
weight: 5.71197e-06
eec: 830.66
weight: 4.11461e-06
eec: 56.9088
weight: 2.58077e-05
eec: 1022.82
weight: 4.60089e-05
eec: 433.312
weight: 8.99422e-05
eec: 717.606
weight: 2.539e-06
eec: 905.411
weight: 5.01508e-06
eec: 1091.51
weight: 1.24641e-05
eec: 643.104
weight: 7.21756e-05
eec: 67.9123
weight: 1.08129e-05
eec: 1194.27
weight: 2.73005e-06
eec: 2147.25
weight: 0.00104024
eec: 549.216
weight: 0.000108295
eec: 1051.01
weight: 1.7763e-05
eec: 999.049
weight: 0.000779336
eec: 712.954
weight: 1.61396e-05
eec: 1327.42
weight: 1.48383e-05
eec: 230.873
weight: 4.23166e-05
eec: 491.642
weight: 1.1965e-05
eec: 134.837
weight: 9.10359e-06
eec: 1244.17
weight: 2.24443e-05
eec: 1441.17
weight: 0.000185707
eec: 411.107
weight: 3.87112e-06
eec: 49.5748
weight: 2.33477e-05
eec: 171.015
weight: 3.85782e-05
eec: 78.9642
weight: 0.000195748
eec: 1093.3
weight: 0.000117333
eec: 205.522
weight: 1.20856e-05
eec: 3422.36
weight: 7.05164e-05
eec: 155.408
weight: 7.78423e-06
eec: 366.296
weight: 3.67155e-05
eec: 1193.13
weight: 4.4636e-05
eec: 420.535
weight: 6.14417e-08
eec: 477.208
weight: 0.000176621
eec: 27.2581
weight: 6.76275e-07
eec: 1487.63
weight: 8.21859e-06
eec: 1179.53
weight: 2.90905e-06
eec: 170.64
weight: 0.000211059
eec: 460.664
weight: 0.000163733
eec: 537.279
weight: 0.000273899
eec: 64.9119
weight: 6.31214e-06
eec: 1349.32
weight: 1.18885e-05
eec: 684.02
weight: 1.69842e-05
eec: 604.982
weight: 9.42528e-05
eec: 319.181
weight: 0.000340586
eec: 289.648
weight: 1.17951e-05
eec: 1157.64
weight: 7.4012e-05
eec: 365.496
weight: 3.7747e-05
eec: 82.258
weight: 3.10842e-05
eec: 359.177
weight: 5.54009e-05
eec: 202.148
weight: 0.000290871
eec: 358.388
weight: 5.29614e-08
eec: 605.258
weight: 1.51476e-05
eec: 299.06
weight: 9.02388e-05
eec: 219.775
weight: 8.23445e-06
eec: 3297.32
weight: 0.000274565
eec: 219.853
weight: 0.000162325
eec: 298.41
weight: 2.37819e-05
eec: 627.349
weight: 1.07342e-05
eec: 1343.75
weight: 2.18196e-05
eec: 41.1199
weight: 1.43132e-05
eec: 1035.87
weight: 2.22309e-05
eec: 386.943
weight: 8.54734e-05
eec: 157.61
weight: 1.06903e-05
eec: 1602.17
weight: 1.47973e-05
eec: 409.073
weight: 5.83206e-06
eec: 1396.48
weight: 6.62933e-05
eec: 80.6584
weight: 2.19638e-06
eec: 281.665
weight: 2.59501e-05
eec: 179.761
weight: 0.00050535
eec: 85.6359
weight: 0.000114177
eec: 179.997
weight: 8.54367e-07
eec: 557.027
weight: 1.2948e-05
eec: 1430.12
weight: 1.90037e-05
eec: 222.983
weight: 3.20105e-06
eec: 666.671
weight: 5.29356e-05
eec: 809.04
weight: 0.000239092
eec: 165.462
weight: 5.38573e-06
eec: 858.458
weight: 7.62929e-05
eec: 1746.89
weight: 3.72599e-05
eec: 93.4177
weight: 0.000165541
eec: 1080.8
weight: 3.20621e-06
eec: 128.336
weight: 4.62503e-05
eec: 710.751
weight: 0.000390754
eec: 60.0436
weight: 3.59448e-05
eec: 198.488
weight: 6.60776e-06
eec: 3419.01
weight: 0.000105622
eec: 581.868
weight: 0.000118716
eec: 375.737
weight: 1.45735e-05
eec: 104.806
weight: 2.15014e-08
eec: 85.509
weight: 6.25298e-05
eec: 81.8107
weight: 9.27698e-06
eec: 80.3734
weight: 4.23623e-05
eec: 154.825
weight: 4.01466e-05
eec: 193.609
weight: 2.05264e-05
eec: 71.717
weight: 1.56953e-05
eec: 1529.04
weight: 1.69584e-05
eec: 135.616
weight: 0.000209414
eec: 1325.95
weight: 6.2037e-08
eec: 341.371
weight: 0.000125101
eec: 884.529
weight: 4.49414e-05
eec: 158.624
weight: 1.05692e-06
eec: 238.641
weight: 1.44387e-06
eec: 90.1878
weight: 0.00127279
eec: 140.2
weight: 5.42187e-05
eec: 2.43651
weight: 0.000183158
eec: 113.915
weight: 9.37577e-07
eec: 229.442
weight: 0.000123422
eec: 238.962
weight: 0.000125862
eec: 63.7998
weight: 1.05807e-05
eec: 239.815
weight: 1.69414e-05
eec: 302.322
weight: 4.65875e-06
eec: 473.689
weight: 1.54667e-05
eec: 1421.86
weight: 3.38788e-05
eec: 218.363
weight: 3.82191e-07
eec: 337.771
weight: 2.59323e-05
eec: 621.254
weight: 6.76279e-06
eec: 81.2858
weight: 1.96097e-05
eec: 848.252
weight: 1.71454e-05
eec: 307.057
weight: 2.60296e-06
eec: 1324.82
weight: 3.33159e-06
eec: 330.209
Processing: 35.824 %weight: 8.93178e-05
eec: 31.8776
weight: 0.000119868
eec: 529.84
weight: 0.000115417
eec: 167.548
weight: 6.19004e-06
eec: 600.486
weight: 1.46648e-07
eec: 532.86
weight: 2.99873e-06
eec: 351.331
weight: 1.52502e-05
eec: 948.829
weight: 1.11807e-05
eec: 70.1455
weight: 0.000118273
eec: 550.773
weight: 0.00046254
eec: 12.2092
weight: 9.20233e-06
eec: 3784.6
weight: 8.81837e-06
eec: 464.818
weight: 6.3171e-06
eec: 1531.77
weight: 1.28505e-05
eec: 239.925
weight: 0.000177841
eec: 218.756
weight: 8.19761e-05
eec: 506.022
weight: 2.26812e-05
eec: 551.446
weight: 8.07388e-05
eec: 801.206
weight: 5.2368e-05
eec: 1156.56
weight: 0.000220276
eec: 732.447
weight: 8.15634e-05
eec: 99.4676
weight: 0.000330598
eec: 103.381
weight: 4.91485e-06
eec: 996.796
weight: 9.43814e-06
eec: 2172.32
weight: 9.61617e-05
eec: 906.293
weight: 9.06598e-05
eec: 415.409
weight: 0.000265254
eec: 201.9
weight: 4.87021e-05
eec: 124.257
weight: 5.42044e-05
eec: 41.4204
weight: 1.21558e-05
eec: 308.598
weight: 8.11712e-05
eec: 96.3862
weight: 0.000222073
eec: 217.354
weight: 0.000152739
eec: 137.589
weight: 9.31281e-06
eec: 1227.98
weight: 1.2556e-05
eec: 764.495
weight: 0.000139935
eec: 481.237
weight: 2.26409e-05
eec: 1659.04
weight: 3.4101e-06
eec: 91.2202
weight: 1.83355e-06
eec: 1126.46
weight: 1.92247e-05
eec: 669.017
weight: 9.71469e-05
eec: 697.44
weight: 0.000169642
eec: 215.229

ROOT exit code = 0
