gSystem->Load("run_condor_job_Run3_C.so");
run_condor_job_Run3(421, 100, 2,
                    80, 200,
                    1, 1, 1, 4);
.q

ENTERED run_condor_job_Run3()
JOBID = 421
  global job = 421  Job 21/100  events [1238580, 1297560)  total=5898000
Processing events [1238580, 1297560) of 5898000
weight: 8.83206e-05
eec: 10.2312
weight: 3.5613e-05
eec: 414.828
weight: 3.04724e-06
eec: 1438.79
weight: 5.95887e-06
eec: 1671.58
weight: 2.03777e-07
eec: 131.276
weight: 2.68701e-05
eec: 3361.84
weight: 0.000551581
eec: 694.842
weight: 4.55271e-05
eec: 167.154
weight: 4.47611e-05
eec: 54.0935
weight: 2.1531e-05
eec: 53.5959
weight: 1.62412e-05
eec: 156.41
weight: 2.16726e-06
eec: 257.045
weight: 3.90325e-06
eec: 73.0934
weight: 5.2591e-05
eec: 34.765
weight: 1.5322e-05
eec: 71.1401
weight: 1.61722e-06
eec: 111.376
weight: 2.25879e-05
eec: 915.453
weight: 3.50018e-05
eec: 653.916
weight: 0.000137394
eec: 538.212
weight: 2.97315e-05
eec: 1528.94
weight: 5.54245e-05
eec: 613.847
weight: 4.64115e-06
eec: 125.277
weight: 2.93446e-05
eec: 206.563
weight: 3.11563e-05
eec: 2433.04
weight: 9.65413e-06
eec: 431.229
weight: 9.03922e-05
eec: 505.66
weight: 6.06709e-05
eec: 106.554
weight: 7.43372e-05
eec: 388.248
weight: 0.000132369
eec: 274.078
weight: 8.53854e-06
eec: 891.499
weight: 1.17376e-05
eec: 740.615
weight: 1.17911e-06
eec: 347.458
weight: 6.33545e-05
eec: 85.4812
weight: 6.00043e-05
eec: 711.31
weight: 1.68975e-05
eec: 439.146
weight: 0.000212257
eec: 1228.11
weight: 7.85164e-06
eec: 932.988
weight: 3.80255e-05
eec: 1300.41
weight: 5.98697e-07
eec: 23.7322
weight: 1.78203e-05
eec: 3821.64
weight: 1.53933e-05
eec: 1196.52
weight: 2.59375e-07
eec: 514.251
weight: 7.76272e-05
eec: 500.608
weight: 0.000800078
eec: 989.963
weight: 1.50344e-05
eec: 1360.06
weight: 1.96201e-05
eec: 221.037
weight: 5.95662e-05
eec: 282.231
weight: 1.48709e-07
eec: 127.728
weight: 3.96436e-05
eec: 390.558
Processing: 21.1936 %weight: 1.1023e-05
eec: 387.873
weight: 4.25244e-06
eec: 1445.19
weight: 7.9506e-06
eec: 21.0603
weight: 4.83434e-05
eec: 321.273
weight: 2.56255e-05
eec: 369.599
weight: 1.01226e-05
eec: 34.9492
weight: 0.000110406
eec: 113.204
weight: 4.26844e-05
eec: 341.649
weight: 1.07333e-05
eec: 91.0569
weight: 1.40323e-05
eec: 940.534
weight: 9.55377e-05
eec: 28.975
weight: 6.70452e-05
eec: 543.623
weight: 3.55586e-05
eec: 386.262
weight: 0.000170365
eec: 643.159
weight: 8.79992e-05
eec: 636.345
weight: 7.65517e-05
eec: 1384
weight: 5.34055e-06
eec: 1920.72
weight: 1.84402e-05
eec: 144.017
weight: 2.23399e-06
eec: 2694.15
weight: 5.63894e-06
eec: 3056.09
weight: 4.3756e-05
eec: 102.303
weight: 0.000229635
eec: 1049.7
weight: 5.46017e-05
eec: 209.899
weight: 1.49698e-05
eec: 1190.53
weight: 6.65214e-05
eec: 265.217
weight: 4.40347e-05
eec: 145.74
weight: 3.27151e-05
eec: 705.213
weight: 4.1316e-05
eec: 401.738
weight: 6.9528e-05
eec: 3634.71
weight: 9.62327e-06
eec: 367.701
weight: 1.69265e-05
eec: 22.758
weight: 0.000127177
eec: 201.298
weight: 1.69078e-06
eec: 221.284
weight: 1.47313e-05
eec: 211.047
weight: 1.47313e-05
eec: 1030.09
weight: 1.10335e-05
eec: 84.691
weight: 0.000700584
eec: 157.326
weight: 6.27606e-05
eec: 957.61
weight: 6.70486e-05
eec: 657.06
weight: 2.1886e-05
eec: 85.7938
weight: 8.99171e-05
eec: 227.23
weight: 0.00012669
eec: 569.461
weight: 1.43515e-07
eec: 445.048
weight: 4.53694e-05
eec: 481.087
weight: 0.000102007
eec: 794.991
weight: 5.4439e-05
eec: 452.971
weight: 0.000234168
eec: 112.994
weight: 4.98041e-05
eec: 287.507
weight: 0.000293615
eec: 56.7933
weight: 8.98855e-05
eec: 286.955
weight: 1.0908e-05
eec: 220.828
weight: 8.8105e-05
eec: 183.977
weight: 0.000243057
eec: 958.101
weight: 7.7355e-07
eec: 248.46
weight: 4.91987e-05
eec: 946.884
weight: 5.06088e-05
eec: 991.693
weight: 5.88248e-05
eec: 331.023
weight: 0.000578177
eec: 128.1
weight: 5.92125e-06
eec: 155.481
weight: 1.73969e-05
eec: 105.499
weight: 1.38079e-05
eec: 239.981
weight: 1.1769e-05
eec: 692.462
weight: 1.55667e-05
eec: 527.98
weight: 5.79114e-06
eec: 1326.93
weight: 4.43967e-05
eec: 100.048
weight: 4.02702e-05
eec: 22.9904
weight: 0.000263394
eec: 272.55
weight: 8.27704e-06
eec: 943.024
weight: 1.03931e-05
eec: 59.0431
weight: 2.0246e-05
eec: 940.055
weight: 0.00014223
eec: 188.55
weight: 0.00028743
eec: 784.596
weight: 3.44366e-05
eec: 81.292
weight: 3.69972e-05
eec: 341.81
weight: 9.40024e-06
eec: 1054
weight: 4.7118e-05
eec: 96.2499
weight: 7.57828e-05
eec: 183.28
weight: 0.000224202
eec: 21.3448
weight: 9.15216e-05
eec: 273.006
weight: 0.000126805
eec: 21.5717
weight: 2.61636e-05
eec: 148.682
weight: 4.61795e-05
eec: 103.478
weight: 0.000340485
eec: 567.831
weight: 0.00024417
eec: 324.167
weight: 2.30481e-05
eec: 374.971
weight: 3.37202e-05
eec: 162.933
weight: 0.00013574
eec: 1455.35
weight: 2.65554e-06
eec: 2091.55
weight: 2.30637e-05
eec: 123.433
weight: 9.46143e-05
eec: 873.425
weight: 9.22481e-05
eec: 23.3163
weight: 8.06894e-06
eec: 119.267
weight: 9.93451e-07
eec: 234.598
weight: 8.64673e-05
eec: 584.593
weight: 9.19042e-06
eec: 556.714
weight: 1.96748e-05
eec: 767.878
weight: 0.000317151
eec: 182.867
weight: 8.92639e-08
eec: 355.613
weight: 0.000391092
eec: 58.7521
weight: 1.47882e-05
eec: 231.496
weight: 5.11665e-06
eec: 2128.86
weight: 5.53844e-07
eec: 802.437
weight: 3.89085e-06
eec: 1378.16
weight: 2.06248e-05
eec: 1244.79
weight: 4.23215e-05
eec: 359.903
weight: 3.72056e-06
eec: 305.567
weight: 3.86713e-05
eec: 828.957
weight: 1.50022e-05
eec: 505.252
weight: 8.28185e-05
eec: 8.11421
weight: 9.50614e-05
eec: 118.233
weight: 0.000254113
eec: 115.219
weight: 7.94005e-06
eec: 258.918
weight: 9.53217e-05
eec: 1741.49
weight: 1.96891e-05
eec: 162.296
weight: 1.65611e-05
eec: 407.839
weight: 3.79417e-06
eec: 1199.59
weight: 8.44958e-07
eec: 121.193
weight: 5.6964e-07
eec: 121.015
weight: 2.78009e-07
eec: 116.727
weight: 0.000214417
eec: 28.6666
weight: 7.63164e-05
eec: 1534.2
weight: 1.53883e-06
eec: 360.037
weight: 4.77191e-07
eec: 75.2807
weight: 1.77372e-05
eec: 552.408
weight: 0.000210881
eec: 426.557
weight: 0.000131803
eec: 171.389
weight: 0.000151997
eec: 135.815
weight: 6.3261e-05
eec: 83.1064
weight: 5.87506e-05
eec: 1217.28
weight: 8.42541e-05
eec: 137.109
weight: 0.000203778
eec: 169.226
weight: 8.2026e-05
eec: 165.269
weight: 6.02836e-06
eec: 1140.84
weight: 2.69478e-06
eec: 460.526
weight: 6.67607e-06
eec: 143.031
weight: 2.91657e-06
eec: 1482.57
weight: 5.86423e-05
eec: 24.8872
weight: 9.19169e-07
eec: 180.828
weight: 9.19169e-07
eec: 1011.39
weight: 2.64999e-05
eec: 1249.95
weight: 1.83923e-05
eec: 631.946
weight: 0.000130981
eec: 382.717
weight: 4.69823e-05
eec: 1101.14
weight: 5.20552e-05
eec: 226.146
weight: 1.70887e-05
eec: 1630
weight: 9.0664e-05
eec: 58.1073
weight: 4.42605e-06
eec: 92.3112
weight: 1.3156e-05
eec: 356.693
weight: 3.97021e-07
eec: 2013.75
weight: 3.83486e-07
eec: 229.599
weight: 5.69903e-06
eec: 1056.11
weight: 8.85065e-06
eec: 1009.26
weight: 2.32372e-05
eec: 110.175
weight: 3.41266e-05
eec: 153.3
weight: 0.000115503
eec: 536.319
weight: 8.6307e-05
eec: 270.659
weight: 1.31371e-05
eec: 32.9035
weight: 2.57517e-05
eec: 821.281
weight: 3.55947e-06
eec: 1041.57
weight: 0.000194993
eec: 104.243
weight: 4.47891e-05
eec: 879.282
weight: 2.60569e-05
eec: 217.586
weight: 4.0907e-05
eec: 41.0859
weight: 6.20534e-07
eec: 20.315
weight: 2.54766e-07
eec: 168.342
weight: 0.000281431
eec: 992.59
weight: 1.55897e-05
eec: 921.005
weight: 5.74816e-08
eec: 34.9818
weight: 1.82668e-05
eec: 270.031
weight: 8.8953e-06
eec: 35.3311
weight: 2.11753e-06
eec: 1452.16
weight: 7.56654e-05
eec: 213.119
weight: 2.69825e-05
eec: 845.377
weight: 0.000117468
eec: 68.86
weight: 1.01389e-06
eec: 159.084
weight: 7.63413e-05
eec: 73.3809
weight: 7.54836e-05
eec: 2186.17
weight: 0.000109427
eec: 153.658
weight: 7.85136e-06
eec: 134.951
weight: 0.000232513
eec: 248.98
weight: 0.00104336
eec: 495.174
weight: 4.94582e-06
eec: 690.284
weight: 7.57921e-06
eec: 65.4015
weight: 1.44156e-05
eec: 979.195
weight: 0.000203303
eec: 593.152
weight: 2.19187e-05
eec: 414.744
weight: 3.64807e-05
eec: 419.14
weight: 3.69653e-06
eec: 2958.39
weight: 1.90292e-05
eec: 445.196
weight: 3.35569e-07
eec: 2709.97
weight: 1.40005e-05
eec: 642.823
weight: 5.4802e-08
eec: 531.542

ROOT exit code = 0
