gSystem->Load("run_condor_job_Run3_C.so");
run_condor_job_Run3(806, 100, 2,
                    80, 200,
                    1, 1, 1, 8);
.q

ENTERED run_condor_job_Run3()
JOBID = 806
  global job = 806  Job 6/100  events [360000, 420000)  total=6000000
Processing events [360000, 420000) of 6000000
weight: 3.99499e-07
eec: 637.922
weight: 0.000227067
eec: 460.969
weight: 0.000149917
eec: 100.814
weight: 1.24954e-05
eec: 117.407
weight: 1.9547e-05
eec: 969.844
weight: 1.35359e-05
eec: 186.686
weight: 1.34587e-05
eec: 267.402
weight: 1.29648e-05
eec: 370.183
weight: 5.29954e-05
eec: 222.458
weight: 3.9926e-05
eec: 921.146
weight: 0.000106941
eec: 456.696
weight: 2.63763e-05
eec: 1527.89
weight: 4.79779e-06
eec: 520.03
weight: 4.41312e-05
eec: 175.604
weight: 7.06813e-06
eec: 277.805
weight: 1.11337e-05
eec: 443.108
weight: 4.46051e-07
eec: 215.331
weight: 3.02131e-05
eec: 211.664
weight: 3.03897e-05
eec: 978.943
weight: 7.59096e-06
eec: 31.5964
weight: 1.98752e-05
eec: 337.427
weight: 0.000297312
eec: 655.561
weight: 7.83813e-05
eec: 995.995
weight: 6.35739e-05
eec: 373.332
weight: 5.33114e-06
eec: 1666.42
weight: 1.15809e-05
eec: 838.711
weight: 1.01794e-05
eec: 177.309
weight: 8.12344e-06
eec: 201.023
weight: 2.32272e-05
eec: 542.844
weight: 3.70323e-06
eec: 65.6935
weight: 2.11631e-06
eec: 325.63
weight: 0.000394302
eec: 332.861
weight: 9.95803e-05
eec: 485.484
weight: 6.79118e-05
eec: 49.2008
weight: 0.000711695
eec: 883.922
weight: 1.79168e-05
eec: 1661.95
weight: 5.25006e-05
eec: 274.622
weight: 1.24372e-05
eec: 1383.03
weight: 2.03323e-05
eec: 36.8263
weight: 8.57774e-05
eec: 1350.76
weight: 9.93515e-09
eec: 4273.89
weight: 3.50423e-05
eec: 247.479
weight: 0.000139618
eec: 376.421
weight: 0.000107157
eec: 286.065
weight: 2.2835e-05
eec: 337.011
weight: 1.396e-05
eec: 288.997
weight: 0.000152755
eec: 608.23
weight: 2.53797e-06
eec: 117.634
weight: 0.000149573
eec: 90.4837
weight: 3.1632e-07
eec: 56.0061
weight: 0.000250906
eec: 229.204
weight: 0.000250865
eec: 172.028
weight: 0.000341783
eec: 353.102
weight: 0.000169701
eec: 237.895
weight: 0.000129674
eec: 299.099
weight: 5.05529e-06
eec: 1105.1
weight: 2.10787e-05
eec: 302.441
weight: 1.00492e-05
eec: 322.757
weight: 4.9758e-05
eec: 502.893
weight: 1.02305e-05
eec: 213.917
weight: 3.92566e-05
eec: 660.745
weight: 0.000405926
eec: 445.527
weight: 0.000257643
eec: 955.803
weight: 0.000282409
eec: 150.478
weight: 1.84306e-05
eec: 131.898
weight: 5.51164e-06
eec: 366.982
weight: 0.000239518
eec: 345.673
weight: 2.31021e-07
eec: 677.549
weight: 0.000153659
eec: 2090.69
weight: 3.3457e-05
eec: 260.902
weight: 1.22583e-06
eec: 2811.55
weight: 0.000123874
eec: 15.6977
weight: 3.70863e-06
eec: 1412.59
weight: 0.000162523
eec: 2243.4
weight: 3.11729e-07
eec: 369.009
weight: 6.32635e-05
eec: 767.888
weight: 2.03768e-05
eec: 221.903
weight: 3.88129e-05
eec: 632.513
weight: 1.4028e-05
eec: 625.602
weight: 6.23977e-05
eec: 926.306
weight: 8.10079e-08
eec: 659.509
weight: 0.000127751
eec: 155.347
weight: 0.000121474
eec: 453.225
weight: 1.2816e-05
eec: 95.8813
weight: 2.52309e-06
eec: 551.409
weight: 0.000139699
eec: 891.578
weight: 0.000349166
eec: 44.9736
weight: 5.08116e-05
eec: 144.993
weight: 4.37582e-05
eec: 2101.73
weight: 0.000243759
eec: 282.505
weight: 6.33497e-08
eec: 1072.43
weight: 8.61336e-05
eec: 418.778
weight: 0.00035977
eec: 725.485
weight: 0.000304323
eec: 410.812
weight: 3.95808e-05
eec: 427.6
weight: 8.25824e-05
eec: 677.324
weight: 1.63309e-05
eec: 211.852
weight: 2.80064e-05
eec: 647.013
weight: 1.2988e-05
eec: 398.977
weight: 1.41995e-05
eec: 106.559
weight: 0.000761562
eec: 218.52
weight: 1.73993e-05
eec: 1092.2
weight: 6.0599e-05
eec: 28.8947
weight: 3.21188e-05
eec: 552.509
weight: 0.000142778
eec: 663.854
weight: 2.67423e-05
eec: 284.471
weight: 2.64066e-05
eec: 756.454
weight: 8.26001e-05
eec: 209.917
weight: 0.000391584
eec: 106.88
weight: 0.000599429
eec: 65.9173
weight: 1.75343e-06
eec: 98.4107
weight: 3.5895e-06
eec: 3154.85
weight: 6.93262e-05
eec: 523.689
weight: 8.0408e-06
eec: 682.669
weight: 2.70611e-05
eec: 646.268
weight: 0.000122974
eec: 521.971
weight: 3.62905e-06
eec: 103.709
weight: 9.33068e-06
eec: 1168.03
weight: 9.03056e-06
eec: 372.684
weight: 1.483e-06
eec: 1049.04
weight: 7.11275e-08
eec: 103.708
weight: 1.1582e-05
eec: 267.513
weight: 6.88587e-05
eec: 118.99
weight: 3.39914e-06
eec: 185.196
weight: 0.000104272
eec: 943.145
weight: 1.83903e-06
eec: 448.312
weight: 1.11541e-05
eec: 862.688
weight: 1.44844e-05
eec: 793.055
weight: 0.000113004
eec: 956.485
weight: 5.85769e-07
eec: 1627.78
weight: 0.000139455
eec: 39.7087
weight: 5.93096e-05
eec: 1179.66
weight: 3.89196e-07
eec: 1094.11
weight: 2.66968e-05
eec: 1903.62
weight: 0.000424135
eec: 807.363
weight: 1.4549e-05
eec: 442.641
weight: 3.5754e-05
eec: 321.704
weight: 3.03092e-05
eec: 3262.84
weight: 8.18384e-07
eec: 41.9528
weight: 9.66411e-07
eec: 42.4574
weight: 8.8335e-06
eec: 621.306
weight: 7.64139e-06
eec: 652.203
weight: 0.000420037
eec: 154.404
weight: 2.39607e-05
eec: 243.341
weight: 0.000253596
eec: 1204.28
weight: 7.78353e-06
eec: 404.396
weight: 3.47637e-05
eec: 97.0603
weight: 0.000221044
eec: 740.569
weight: 7.21074e-05
eec: 85.1085
weight: 3.25496e-06
eec: 826.023
weight: 4.85756e-06
eec: 424.648
weight: 0.000162137
eec: 364.127
weight: 0.000346791
eec: 156.67
weight: 2.85106e-06
eec: 898.698
weight: 7.02771e-05
eec: 391.896
weight: 2.93513e-05
eec: 947.641
weight: 0.00043334
eec: 135.653
weight: 1.3539e-05
eec: 333.608
weight: 2.75339e-05
eec: 246.572
weight: 3.55297e-05
eec: 1292.27
weight: 2.0724e-05
eec: 1459.28
weight: 4.8051e-05
eec: 101.005
weight: 0.000531549
eec: 494.928
weight: 0.000353319
eec: 514.866
weight: 2.02436e-05
eec: 101.472
weight: 4.31723e-06
eec: 943.939
weight: 9.62652e-05
eec: 69.0915
weight: 5.66508e-06
eec: 1061.26
Processing: 6.66667 %weight: 3.91041e-05
eec: 456.204
weight: 4.42787e-05
eec: 2429.72
weight: 4.42787e-05
eec: 304.383
weight: 3.82935e-06
eec: 710.427
weight: 1.32076e-05
eec: 230.711
weight: 5.73708e-06
eec: 370.752
weight: 7.12595e-06
eec: 507.59
weight: 0.000245817
eec: 72.2317
weight: 2.97328e-05
eec: 696.767
weight: 0.000529444
eec: 42.1512
weight: 8.81861e-05
eec: 237.749
weight: 8.19446e-05
eec: 1634.48
weight: 1.52809e-06
eec: 159.783
weight: 4.16739e-06
eec: 379.204
weight: 2.09617e-05
eec: 1259.37
weight: 0.000104633
eec: 287.987
weight: 8.27383e-06
eec: 203.842
weight: 4.41834e-06
eec: 1023.36
weight: 1.31408e-05
eec: 18.3646
weight: 4.12893e-06
eec: 560.118
weight: 0.000238107
eec: 298.192
weight: 5.12998e-05
eec: 130.46
weight: 1.59464e-05
eec: 59.446
weight: 1.87702e-05
eec: 1973.32
weight: 0.000193575
eec: 163.085
weight: 6.21273e-05
eec: 254.994
weight: 1.22349e-05
eec: 322.161
weight: 1.26954e-05
eec: 977.869
weight: 0.000114864
eec: 69.7392
weight: 3.73109e-06
eec: 420.653
weight: 7.61481e-05
eec: 1396.15
weight: 8.75699e-06
eec: 450.066
weight: 5.13293e-06
eec: 86.2841
weight: 2.5556e-06
eec: 115.217
weight: 0.000238225
eec: 388.413
weight: 0.000203035
eec: 1297
weight: 1.50443e-06
eec: 921.494
weight: 1.55212e-05
eec: 114.428
weight: 4.20058e-06
eec: 2353.28
weight: 7.14039e-05
eec: 385.348
weight: 3.0469e-05
eec: 815.284
weight: 2.89059e-05
eec: 46.5398
weight: 3.20641e-06
eec: 183.973
weight: 8.00604e-06
eec: 204.874
weight: 1.4048e-08
eec: 2146.49
weight: 9.82154e-06
eec: 336.247
weight: 1.95256e-05
eec: 1039.19
weight: 3.67602e-05
eec: 11.4502
weight: 0.00162731
eec: 330.721
weight: 0.000637065
eec: 91.6626
weight: 6.99316e-05
eec: 307.358
weight: 0.000122328
eec: 837.592
weight: 0.000323932
eec: 377.381
weight: 1.10719e-05
eec: 482.03
weight: 1.582e-05
eec: 523.394
weight: 3.403e-05
eec: 146.503
weight: 2.12829e-06
eec: 431.973
weight: 0.000486197
eec: 224.085
weight: 7.38992e-06
eec: 1271.17
weight: 5.88662e-06
eec: 3608.07
weight: 1.42527e-06
eec: 249.639
weight: 1.4058e-07
eec: 1009.82
weight: 8.26445e-06
eec: 161.966
weight: 6.69602e-06
eec: 358.325
weight: 4.37188e-05
eec: 484.823
weight: 5.60448e-05
eec: 34.8592
weight: 3.93249e-05
eec: 290.931
weight: 8.21636e-07
eec: 282.32
weight: 1.04017e-05
eec: 1924.92
weight: 7.02711e-05
eec: 675.897
weight: 2.54955e-05
eec: 26.8007
weight: 2.21047e-05
eec: 145.591
weight: 0.000113721
eec: 122.838
weight: 0.000176963
eec: 1119.22
weight: 7.63349e-06
eec: 50.8274
weight: 2.55284e-06
eec: 1663.45
weight: 0.00026563
eec: 610.105
weight: 4.7205e-05
eec: 1431.88
weight: 1.86986e-05
eec: 163.514
weight: 0.000376712
eec: 476.98
weight: 4.74284e-06
eec: 392.412

ROOT exit code = 0
