gSystem->Load("run_condor_job_Run3_C.so");
run_condor_job_Run3(324, 100, 2,
                    80, 200,
                    1, 1, 1, 3);
.q

ENTERED run_condor_job_Run3()
JOBID = 324
  global job = 324  Job 24/100  events [1440000, 1500000)  total=6000000
Processing events [1440000, 1500000) of 6000000
weight: 2.78043e-06
eec: 395.017
weight: 2.78043e-06
eec: 1227.33
weight: 0.000122683
eec: 521.73
weight: 0.00127369
eec: 132.148
weight: 2.39543e-05
eec: 190.421
weight: 0.000212314
eec: 700.41
weight: 5.66256e-05
eec: 736.387
weight: 6.79593e-06
eec: 543.891
weight: 0.000545958
eec: 494.752
weight: 2.18709e-05
eec: 543.016
weight: 1.00141e-06
eec: 435.927
weight: 0.000137462
eec: 37.8563
weight: 8.49796e-06
eec: 402.691
weight: 0.000151312
eec: 750.43
weight: 1.96569e-05
eec: 1396.71
weight: 5.1219e-06
eec: 1803.86
weight: 1.05483e-05
eec: 92.8884
weight: 3.72209e-06
eec: 457.79
weight: 4.82426e-05
eec: 248.425
weight: 5.16466e-07
eec: 10.6508
weight: 1.10109e-05
eec: 937.143
weight: 1.16957e-05
eec: 276.155
weight: 0.000256357
eec: 645.367
weight: 2.85981e-05
eec: 92.9691
weight: 7.50696e-05
eec: 429.826
weight: 3.40886e-06
eec: 1861.9
weight: 2.65616e-06
eec: 1670.21
weight: 3.35116e-05
eec: 179.938
weight: 9.22916e-06
eec: 1211.47
weight: 3.70357e-05
eec: 78.2744
weight: 1.46601e-06
eec: 1724.36
weight: 2.77805e-05
eec: 154.519
weight: 0.000905281
eec: 481.696
weight: 3.67746e-06
eec: 369.664
weight: 5.12801e-07
eec: 1497.78
weight: 3.67691e-06
eec: 479.056
weight: 2.48551e-05
eec: 254.22
weight: 4.16784e-06
eec: 274.815
weight: 3.70719e-07
eec: 37.5284
weight: 5.2911e-05
eec: 144.902
weight: 1.45811e-05
eec: 1610.62
weight: 3.13369e-05
eec: 776.279
weight: 4.48074e-06
eec: 1756.49
weight: 5.50275e-06
eec: 451.949
weight: 2.17427e-05
eec: 35.1619
weight: 7.3403e-07
eec: 369.653
weight: 2.52738e-05
eec: 1475.53
weight: 2.73907e-05
eec: 115.778
weight: 3.05282e-05
eec: 77.0477
Processing: 24.1667 %weight: 7.37874e-05
eec: 602.196
weight: 5.88056e-06
eec: 1909
weight: 0.000112403
eec: 270.632
weight: 1.22158e-06
eec: 249.752
weight: 3.26281e-06
eec: 497.108
weight: 6.983e-06
eec: 133.07
weight: 1.3911e-05
eec: 44.1179
weight: 8.97396e-06
eec: 571.851
weight: 1.15154e-05
eec: 293.953
weight: 1.05356e-05
eec: 1166.1
weight: 6.70196e-07
eec: 922.884
weight: 9.29776e-07
eec: 151.522
weight: 0.000143088
eec: 38.9179
weight: 0.000137293
eec: 536.092
weight: 7.20816e-06
eec: 30.3394
weight: 0.000163598
eec: 315.28
weight: 0.000247233
eec: 352.277
weight: 9.07271e-06
eec: 146.947
weight: 0.00106098
eec: 234.676
weight: 2.77422e-05
eec: 376.925
weight: 2.75609e-05
eec: 165.397
weight: 5.97966e-05
eec: 44.7607
weight: 0.00010176
eec: 627.762
weight: 2.81211e-05
eec: 289.652
weight: 2.57974e-07
eec: 345.999
weight: 0.000119591
eec: 558.404
weight: 1.21111e-05
eec: 482.171
weight: 4.42614e-05
eec: 220.052
weight: 4.51373e-06
eec: 880.208
weight: 0.000290755
eec: 837.755
weight: 3.40226e-05
eec: 2061.93
weight: 0.000392938
eec: 331.574
weight: 4.4369e-05
eec: 352.588
weight: 1.04271e-05
eec: 1757.73
weight: 2.99486e-06
eec: 659.695
weight: 5.24445e-05
eec: 30.2206
weight: 6.89288e-05
eec: 439.71
weight: 3.55496e-05
eec: 442.935
weight: 6.53285e-08
eec: 164.466
weight: 8.06287e-06
eec: 191.457
weight: 3.46866e-08
eec: 583.345
weight: 7.66912e-06
eec: 613.719
weight: 8.20481e-05
eec: 203.4
weight: 0.000142544
eec: 1557.65
weight: 6.28026e-06
eec: 634.675
weight: 1.01814e-05
eec: 82.5873
weight: 1.37164e-05
eec: 3515.67
weight: 4.94741e-06
eec: 601.451
weight: 0.000146948
eec: 214.639
weight: 4.07221e-05
eec: 798.43
weight: 1.34252e-05
eec: 1000.73
weight: 2.71711e-06
eec: 494.762
weight: 6.46383e-05
eec: 101.077
weight: 3.93455e-05
eec: 283.817
weight: 0.000225492
eec: 192.991
weight: 0.00030545
eec: 424.465
weight: 6.75536e-05
eec: 770.73
weight: 4.88051e-05
eec: 852.922
weight: 2.39866e-06
eec: 1708.2
weight: 0.000101475
eec: 198.09
weight: 1.95209e-05
eec: 299.473
weight: 2.13917e-05
eec: 52.0984
weight: 5.96593e-05
eec: 989.954
weight: 3.56185e-05
eec: 105.104
weight: 4.17378e-06
eec: 215.629
weight: 2.39344e-05
eec: 26.9736
weight: 7.94973e-05
eec: 1056.14
weight: 1.66585e-05
eec: 866.184
weight: 2.9601e-06
eec: 132.219
weight: 1.60351e-05
eec: 527.317
weight: 4.7559e-05
eec: 550.306
weight: 1.72365e-05
eec: 336.84
weight: 0.00010991
eec: 1218.94
weight: 7.04288e-06
eec: 179.369
weight: 3.58651e-05
eec: 257.632
weight: 8.09296e-07
eec: 1267.41
weight: 8.56253e-05
eec: 331.602
weight: 3.13113e-06
eec: 1291.39
weight: 1.54241e-06
eec: 1882.36
weight: 1.54241e-06
eec: 1038.04
weight: 4.26575e-06
eec: 1399.23
weight: 3.55489e-06
eec: 3095.27
weight: 1.50348e-05
eec: 1399.35
weight: 6.28203e-05
eec: 341.525
weight: 0.00103171
eec: 113.709
weight: 7.64016e-05
eec: 26.5697
weight: 0.000105981
eec: 1376.2
weight: 3.93784e-05
eec: 128.948
weight: 0.000562573
eec: 11.1425
weight: 1.55583e-05
eec: 90.1886
weight: 1.13204e-05
eec: 1002.78
weight: 0.000128227
eec: 231.67
weight: 0.000129928
eec: 1099.62
weight: 4.48198e-05
eec: 51.8712
weight: 3.65911e-05
eec: 655.115
weight: 2.6875e-05
eec: 441.82
weight: 4.06482e-06
eec: 501.863
weight: 6.18766e-05
eec: 68.9849
weight: 0.0001204
eec: 761.368
weight: 0.00149491
eec: 183.1
weight: 0.00031184
eec: 411.652
weight: 6.58692e-05
eec: 360.927
weight: 3.97908e-06
eec: 803.256
weight: 2.13709e-05
eec: 1006.56
weight: 0.000248128
eec: 129.654
weight: 1.6345e-05
eec: 132.435
weight: 0.000141888
eec: 86.8604
weight: 1.87061e-05
eec: 280.523
weight: 0.000141645
eec: 28.7907
weight: 1.84047e-05
eec: 1430.39
weight: 6.42347e-05
eec: 1320.91
weight: 7.36872e-08
eec: 464.512
weight: 1.8146e-05
eec: 271.989
weight: 8.79315e-06
eec: 1725.34
weight: 1.34772e-05
eec: 629.088
weight: 3.60181e-05
eec: 185.927
weight: 8.01186e-05
eec: 1553.01
weight: 0.000260879
eec: 196.231
weight: 4.14601e-05
eec: 1452.65
weight: 0.000274959
eec: 1192.34
weight: 5.47186e-08
eec: 906.698
weight: 0.000789982
eec: 490.561
weight: 5.10678e-06
eec: 4620.64
weight: 3.68821e-05
eec: 1702.68
weight: 1.62686e-05
eec: 4342.59
weight: 0.000103917
eec: 365.378
weight: 5.57274e-05
eec: 536.46
weight: 6.38038e-05
eec: 144.758
weight: 1.07837e-05
eec: 833.801
weight: 2.8092e-05
eec: 854.903
weight: 4.19336e-05
eec: 154.651
weight: 2.06105e-06
eec: 29.4243
weight: 3.54375e-06
eec: 243.129
weight: 4.7749e-06
eec: 330.09
weight: 0.000991873
eec: 221.778
weight: 0.000349509
eec: 546.027
weight: 2.30665e-05
eec: 64.9365
weight: 2.07973e-05
eec: 144.038
weight: 0.000105494
eec: 36.608
weight: 1.73975e-05
eec: 441.145
weight: 0.000122152
eec: 141.097
weight: 9.0855e-06
eec: 737.094
weight: 3.44207e-05
eec: 312.555
weight: 7.09345e-07
eec: 1196.23
weight: 0.000935298
eec: 642.613
weight: 0.000206576
eec: 762.527
weight: 7.21078e-05
eec: 120.51
weight: 7.24139e-05
eec: 55.2938
weight: 0.000155768
eec: 110.993
weight: 0.000622681
eec: 254.797
weight: 0.000155702
eec: 233.8
weight: 4.77084e-05
eec: 281.224
weight: 1.68504e-05
eec: 769.32
weight: 0.000141515
eec: 314.379
weight: 1.80773e-05
eec: 955.9
weight: 8.33753e-06
eec: 2140.44
weight: 1.51165e-05
eec: 286.689
weight: 2.04222e-05
eec: 2427.18
weight: 2.8216e-05
eec: 1265.27
weight: 6.20771e-06
eec: 146.599
weight: 0.000128761
eec: 66.958
weight: 7.19117e-06
eec: 299.31
weight: 8.7393e-05
eec: 201.016
weight: 5.3336e-05
eec: 95.8743
weight: 9.6686e-06
eec: 3422.97
weight: 0.000237868
eec: 468.641
weight: 6.33689e-06
eec: 44.144
weight: 1.37531e-05
eec: 766.139
weight: 7.08963e-05
eec: 435.962
weight: 0.000463256
eec: 93.9214
weight: 0.000179348
eec: 146.94
weight: 6.40725e-05
eec: 42.8715
weight: 9.33663e-05
eec: 1525.94
weight: 0.000273874
eec: 235.292
weight: 0.000445033
eec: 418.63
weight: 1.76797e-05
eec: 100.115
weight: 0.00106549
eec: 241.172
weight: 2.09667e-05
eec: 252.984
weight: 1.06854e-05
eec: 1200.93
weight: 1.93159e-05
eec: 131.71
weight: 1.07212e-05
eec: 277.796
weight: 1.01077e-06
eec: 1102.51
weight: 0.000150387
eec: 342.676
weight: 4.38828e-06
eec: 286.486
weight: 1.65784e-05
eec: 284.137
weight: 5.91801e-06
eec: 310.045
weight: 1.78317e-05
eec: 413.313
weight: 0.000131432
eec: 393.54
weight: 3.29993e-05
eec: 2907.71
weight: 3.17133e-05
eec: 1099.81
weight: 4.68308e-06
eec: 1212.74
weight: 3.94052e-07
eec: 19.6066
weight: 0.000213054
eec: 278.949
weight: 2.84819e-05
eec: 743.155
weight: 0.000121142
eec: 88.9617
weight: 0.000740487
eec: 144.715
weight: 0.000494857
eec: 72.8346
weight: 5.27117e-06
eec: 601.096
weight: 1.57028e-05
eec: 45.6598
weight: 4.96984e-05
eec: 537.417
weight: 2.70951e-05
eec: 653.98
weight: 0.000182716
eec: 108.809
weight: 4.31735e-05
eec: 2360.04
weight: 0.000116096
eec: 97.6396
weight: 2.29433e-06
eec: 418.294
weight: 0.000117476
eec: 59.3929
weight: 1.28297e-05
eec: 872.68
weight: 5.34507e-05
eec: 948.009
weight: 0.000146881
eec: 391.203
weight: 1.30917e-05
eec: 218.309
weight: 0.000101731
eec: 610.118
weight: 0.000579687
eec: 219.289
weight: 0.00012396
eec: 436.089
weight: 7.41991e-05
eec: 227.228
weight: 2.93985e-05
eec: 298.39
weight: 0.00052538
eec: 445.89
weight: 0.000243424
eec: 46.4842
weight: 8.95154e-05
eec: 165.291
weight: 7.8161e-06
eec: 703.468
weight: 4.03808e-05
eec: 553.209
weight: 0.000156358
eec: 446.948
weight: 2.21137e-05
eec: 348.442
weight: 1.34197e-06
eec: 117.781
weight: 9.25887e-06
eec: 90.317
weight: 1.258e-05
eec: 431.189
weight: 5.41062e-06
eec: 278.374
weight: 2.23337e-05
eec: 330.977
weight: 5.64723e-06
eec: 657.9
weight: 4.52717e-05
eec: 386.285
weight: 0.000162707
eec: 54.8249
weight: 0.000130324
eec: 184.65
weight: 0.000153561
eec: 235.395

ROOT exit code = 0
