gSystem->Load("run_condor_job_Run3_C.so");
run_condor_job_Run3(433, 100, 2,
                    80, 200,
                    1, 1, 1, 4);
.q

ENTERED run_condor_job_Run3()
JOBID = 433
  global job = 433  Job 33/100  events [1946340, 2005320)  total=5898000
Processing events [1946340, 2005320) of 5898000
weight: 9.51446e-05
eec: 281.462
weight: 1.34722e-06
eec: 282.313
weight: 1.21625e-05
eec: 1460.95
weight: 0.000115306
eec: 1048.14
weight: 0.000132316
eec: 40.8151
weight: 0.000452334
eec: 143.45
weight: 9.66345e-05
eec: 1994.56
weight: 2.67332e-07
eec: 90.2252
weight: 7.69322e-07
eec: 2692.66
weight: 3.71377e-08
eec: 101.585
weight: 1.40251e-07
eec: 549.084
weight: 4.69359e-05
eec: 1479.01
weight: 4.28565e-05
eec: 2535.41
weight: 1.28551e-06
eec: 1092.98
weight: 5.92438e-06
eec: 218.7
weight: 3.60122e-07
eec: 71.1574
Processing: 33.0621 %weight: 2.46176e-07
eec: 1298.23
weight: 1.08465e-05
eec: 53.6973
weight: 2.51111e-05
eec: 175.355
weight: 5.98301e-05
eec: 1044.49
weight: 0.000603219
eec: 70.4047
weight: 9.81908e-05
eec: 1699.75
weight: 8.03696e-06
eec: 198.01
weight: 9.28898e-06
eec: 393.419
weight: 1.1848e-05
eec: 740.875
weight: 4.38539e-05
eec: 594.478
weight: 8.56803e-05
eec: 299.49
weight: 1.98599e-06
eec: 2188.29
weight: 3.6436e-05
eec: 227.769
weight: 3.07988e-08
eec: 78.1805
weight: 0.00068003
eec: 214.765
weight: 6.31929e-05
eec: 818.097
weight: 5.92042e-05
eec: 179.248
weight: 0.000187575
eec: 449.433
weight: 2.56185e-06
eec: 747.018
weight: 4.10467e-05
eec: 584.168
weight: 4.24954e-05
eec: 1474.74
weight: 2.97982e-05
eec: 1292.01
weight: 1.84708e-05
eec: 637.108
weight: 8.50892e-06
eec: 1837.99
weight: 9.3786e-05
eec: 367.517
weight: 0.000266448
eec: 119.5
weight: 3.40932e-06
eec: 471.875
weight: 9.11919e-07
eec: 62.8578
weight: 0.000145637
eec: 95.957
weight: 5.12024e-06
eec: 200.741
weight: 8.49572e-06
eec: 65.0122
weight: 3.12763e-07
eec: 1198.03
weight: 0.000750741
eec: 136.746
weight: 1.67286e-05
eec: 196.551
weight: 2.191e-05
eec: 639.919
weight: 0.00010164
eec: 977.192
weight: 1.78526e-06
eec: 399.504
weight: 0.00143637
eec: 62.5345
weight: 9.2098e-05
eec: 152.171
weight: 0.000256518
eec: 232.35
weight: 2.73675e-08
eec: 346.129
weight: 1.62941e-05
eec: 724.47
weight: 8.42408e-06
eec: 42.6961
weight: 0.000165988
eec: 457.483
weight: 0.000248877
eec: 603.055
weight: 6.20541e-05
eec: 914.395
weight: 4.11565e-05
eec: 450.413
weight: 6.31786e-07
eec: 164.175
weight: 1.10063e-05
eec: 258.162
weight: 1.62406e-05
eec: 302.114
weight: 2.00755e-05
eec: 60.3126
weight: 1.5179e-05
eec: 1112.96
weight: 5.1653e-05
eec: 132.09
weight: 1.57994e-05
eec: 294.342
weight: 2.10439e-05
eec: 1424.05
weight: 0.000343775
eec: 723.077
weight: 4.19671e-06
eec: 548.73
weight: 1.35157e-05
eec: 156.11
weight: 8.44528e-06
eec: 333.831
weight: 1.65011e-06
eec: 384.193
weight: 2.12953e-05
eec: 1586.57
weight: 1.66661e-05
eec: 1898.32
weight: 1.97928e-05
eec: 345.931
weight: 1.69813e-05
eec: 221.136
weight: 2.35885e-06
eec: 144.837
weight: 0.00010249
eec: 605.522
weight: 2.34332e-05
eec: 470.006
weight: 2.11799e-05
eec: 591.356
weight: 1.27594e-05
eec: 399.752
weight: 0.000222593
eec: 90.8815
weight: 2.3617e-06
eec: 789.983
weight: 0.000357985
eec: 254.651
weight: 1.61876e-06
eec: 64.0502
weight: 2.93198e-05
eec: 129.815
weight: 3.67447e-05
eec: 410.995
weight: 4.5913e-05
eec: 515.753
weight: 0.000200627
eec: 71.1083
weight: 2.15491e-05
eec: 88.8251
weight: 1.62752e-05
eec: 383.57
weight: 3.73572e-05
eec: 997.465
weight: 1.46426e-08
eec: 2039.12
weight: 5.05402e-06
eec: 495.889
weight: 2.78681e-07
eec: 692.447
weight: 1.7757e-05
eec: 2241.56
weight: 1.43908e-05
eec: 86.5419
weight: 1.53951e-05
eec: 1425.47
weight: 1.61244e-05
eec: 25.7892
weight: 2.45058e-05
eec: 398.862
weight: 1.35658e-05
eec: 390.278
weight: 1.66123e-05
eec: 158.268
weight: 0.000156469
eec: 115.927
weight: 4.80127e-06
eec: 372.069
weight: 4.25489e-08
eec: 314.987
weight: 3.59882e-06
eec: 1149.12
weight: 4.97286e-05
eec: 903.449
weight: 0.0001633
eec: 572.899
weight: 4.75339e-05
eec: 863.79
weight: 1.34101e-05
eec: 130.632
weight: 0.000641464
eec: 403.994
weight: 1.3742e-05
eec: 1783.95
weight: 0.000190424
eec: 460.422
weight: 1.90743e-05
eec: 503.332
weight: 1.3035e-05
eec: 321.291
weight: 6.82123e-05
eec: 584.347
weight: 0.000269132
eec: 220.276
weight: 0.00027743
eec: 1694.65
weight: 6.06551e-07
eec: 693.846
weight: 4.43507e-05
eec: 1534.96
weight: 3.27149e-05
eec: 786.148
weight: 2.51047e-06
eec: 347.059
weight: 3.0576e-05
eec: 13.8406
weight: 0.000280618
eec: 57.5912
weight: 8.65638e-06
eec: 1517.45
weight: 2.88122e-05
eec: 950.994
weight: 2.67941e-05
eec: 45.6892
weight: 7.39085e-06
eec: 716.835
weight: 0.00213241
eec: 883.131
weight: 7.99314e-05
eec: 155.186
weight: 0.000122391
eec: 1122.87
weight: 2.86472e-05
eec: 571.208
weight: 0.000675044
eec: 502.193
weight: 1.60671e-05
eec: 302.897
weight: 1.75139e-05
eec: 187.007
weight: 0.000718107
eec: 246.702
weight: 2.86496e-05
eec: 2201.73
weight: 9.32983e-06
eec: 503.246
weight: 1.48103e-05
eec: 1914.25
weight: 7.81004e-06
eec: 374.133
weight: 4.93498e-06
eec: 860.583
weight: 0.00281114
eec: 53.4792
weight: 2.9071e-06
eec: 125.813
weight: 5.1249e-05
eec: 720.42
weight: 1.57607e-05
eec: 1635.2
weight: 0.000180642
eec: 168.527
weight: 1.14308e-05
eec: 456.963
weight: 7.65316e-06
eec: 1328.26
weight: 1.11207e-05
eec: 77.7943
weight: 9.84659e-06
eec: 2127.54
weight: 2.15038e-06
eec: 180.65
weight: 3.34509e-05
eec: 147.141
weight: 5.70658e-05
eec: 444.575
weight: 2.07039e-06
eec: 1209.62
weight: 9.49373e-05
eec: 57.5096
weight: 9.7689e-05
eec: 395.732
weight: 4.0577e-06
eec: 224.449
weight: 0.000306266
eec: 844.907
weight: 3.8163e-05
eec: 493.054
weight: 6.44964e-05
eec: 584.994
weight: 6.95166e-06
eec: 56.344
weight: 0.000227505
eec: 233.743
weight: 3.10292e-05
eec: 593.63
weight: 1.22631e-05
eec: 192.165
weight: 0.000104174
eec: 1217.02
weight: 4.24162e-06
eec: 332.57
weight: 4.03653e-07
eec: 294.502
weight: 7.0289e-05
eec: 364.151
weight: 2.84616e-06
eec: 36.7615
weight: 1.34941e-05
eec: 48.3492
weight: 0.000341596
eec: 325.629
weight: 7.99839e-06
eec: 265.817
weight: 2.19949e-05
eec: 656.487
weight: 4.08461e-05
eec: 227.289
weight: 2.27076e-05
eec: 1018.49
weight: 9.0618e-06
eec: 1839.77
weight: 1.43157e-05
eec: 420.155
weight: 0.000100122
eec: 567.432
weight: 3.80247e-05
eec: 233.58
weight: 3.53983e-05
eec: 1124.85
weight: 1.66602e-05
eec: 151.43
weight: 1.592e-05
eec: 103.11
weight: 1.28554e-06
eec: 267.828
weight: 9.39708e-05
eec: 155.691
weight: 5.69956e-06
eec: 89.5545
weight: 2.21058e-07
eec: 33.0081
weight: 0.000136377
eec: 722.347
weight: 2.52134e-06
eec: 106.75
weight: 6.38616e-05
eec: 226.295
weight: 6.09341e-06
eec: 18.9196
weight: 1.77736e-05
eec: 199.124
weight: 0.000196665
eec: 384.075
weight: 4.38138e-05
eec: 493.119
weight: 1.4669e-05
eec: 1855.26
weight: 1.5355e-05
eec: 584.425
weight: 6.17482e-08
eec: 1169.85
weight: 8.99376e-09
eec: 2514.22
weight: 0.000313749
eec: 124.424
weight: 5.22729e-06
eec: 171.381
weight: 4.35874e-05
eec: 333.539
weight: 2.11063e-06
eec: 77.9097
weight: 1.31651e-06
eec: 42.7608
weight: 3.19805e-05
eec: 58.4946
weight: 3.31316e-05
eec: 44.6228
weight: 1.31108e-06
eec: 347.735
weight: 6.21138e-05
eec: 147.186
weight: 0.000370486
eec: 127.503
weight: 0.000240147
eec: 46.738
weight: 0.000159808
eec: 116.633
weight: 7.61535e-05
eec: 1237.71
weight: 1.63042e-05
eec: 891.148
weight: 3.23703e-05
eec: 693.667
weight: 4.47503e-06
eec: 240.83
weight: 3.94613e-05
eec: 107.073
weight: 3.41343e-06
eec: 499.75
weight: 0.000125067
eec: 137.124
weight: 1.6917e-06
eec: 38.695
weight: 5.75526e-06
eec: 328.833
weight: 1.10039e-05
eec: 844.831
weight: 0.000626328
eec: 769.14
weight: 3.11582e-05
eec: 290.583
weight: 7.82204e-05
eec: 462.52
weight: 3.81303e-05
eec: 935.375
weight: 1.91532e-07
eec: 659.532
weight: 0.000202213
eec: 738.236
weight: 1.09659e-05
eec: 738.176
weight: 0.000102379
eec: 839.561
weight: 8.6871e-05
eec: 302.402
weight: 4.5612e-06
eec: 2458.49
weight: 2.82952e-05
eec: 226.127
weight: 4.05406e-06
eec: 407.616
weight: 0.000376241
eec: 376.969
weight: 1.84351e-06
eec: 260.602
weight: 1.06456e-05
eec: 165.22
Processing: 33.9098 %weight: 4.27488e-05
eec: 1974.23
weight: 0.000392269
eec: 301.251
weight: 4.41547e-05
eec: 672.46
weight: 9.42705e-06
eec: 516.332
weight: 4.82807e-06
eec: 303.525
weight: 1.99739e-05
eec: 402.843
weight: 0.000151289
eec: 350.836
weight: 0.000140955
eec: 606.047
weight: 0.000231878
eec: 401.848
weight: 0.000149576
eec: 405.406
weight: 0.000113886
eec: 99.7273
weight: 4.00309e-05
eec: 1111.04
weight: 4.96028e-05
eec: 74.1095
weight: 4.68805e-06
eec: 671.987
weight: 2.3772e-05
eec: 1859.85
weight: 0.000179785
eec: 234.795
weight: 0.000191938
eec: 131.064
weight: 4.47893e-06
eec: 104.994
weight: 6.66937e-05
eec: 952.303
weight: 0.000345217
eec: 474.741
weight: 7.6891e-06
eec: 274.529
weight: 8.10962e-05
eec: 93.2007
weight: 2.25602e-06
eec: 425.746
weight: 3.43697e-06
eec: 3166.6
weight: 0.000234924
eec: 219.073
weight: 8.1532e-05
eec: 459.306
weight: 1.07879e-05
eec: 2031.94
weight: 1.64822e-05
eec: 118.633
weight: 1.09471e-05
eec: 60.4774
weight: 3.67161e-05
eec: 257.104
weight: 1.39854e-06
eec: 81.3038

ROOT exit code = 0
