gSystem->Load("run_condor_job_Run3_C.so");
run_condor_job_Run3(746, 100, 2,
                    80, 200,
                    1, 1, 1, 7);
.q

ENTERED run_condor_job_Run3()
JOBID = 746
  global job = 746  Job 46/100  events [2619240, 2676180)  total=5694000
Processing events [2619240, 2676180) of 5694000
weight: 1.40092e-05
eec: 291.42
weight: 9.83948e-05
eec: 720.914
weight: 0.00106418
eec: 98.6362
weight: 0.000272572
eec: 182.89
weight: 4.27178e-05
eec: 152.106
weight: 4.48453e-05
eec: 279.583
weight: 8.84028e-06
eec: 1340.74
weight: 7.83085e-05
eec: 345.666
weight: 5.41201e-06
eec: 188.913
weight: 0.000162157
eec: 487.864
weight: 8.29045e-05
eec: 1214.77
weight: 3.44334e-05
eec: 238.684
weight: 1.02825e-05
eec: 128.109
weight: 1.91853e-05
eec: 2324.98
weight: 4.32825e-05
eec: 445.603
weight: 2.74014e-05
eec: 845.248
weight: 0.000128296
eec: 944.613
weight: 0.000151415
eec: 289.626
weight: 0.000204314
eec: 245.84
weight: 0.000377392
eec: 490.118
weight: 6.78176e-06
eec: 108.354
weight: 1.13727e-05
eec: 211.948
weight: 1.02765e-05
eec: 106.41
weight: 4.78386e-06
eec: 138.059
weight: 2.31986e-05
eec: 584.839
weight: 9.28332e-06
eec: 1869.84
weight: 3.79456e-05
eec: 161.33
weight: 1.37421e-05
eec: 745.314
weight: 7.89887e-06
eec: 1879.7
weight: 8.99313e-06
eec: 48.89
weight: 7.3142e-06
eec: 1140.05
weight: 7.61094e-05
eec: 323.236
weight: 6.82584e-06
eec: 49.888
weight: 3.24151e-05
eec: 247.528
weight: 0.00258614
eec: 131.618
weight: 1.59751e-05
eec: 148.18
weight: 8.64391e-06
eec: 62.2322
weight: 1.7072e-05
eec: 889.895
weight: 9.4403e-05
eec: 323.41
weight: 0.000143169
eec: 1267.77
weight: 1.16676e-05
eec: 562.527
weight: 2.13067e-05
eec: 254.726
weight: 8.82993e-05
eec: 382.337
weight: 0.000118348
eec: 195.472
weight: 1.82302e-05
eec: 1111.54
weight: 8.87041e-05
eec: 251.326
weight: 0.000230021
eec: 154.61
weight: 1.58873e-05
eec: 1342.05
weight: 6.05571e-06
eec: 3056.27
weight: 3.36562e-05
eec: 464.301
weight: 3.97496e-06
eec: 997.795
weight: 2.98619e-06
eec: 385.767
weight: 1.28357e-05
eec: 793.14
weight: 2.47744e-05
eec: 120.021
weight: 3.36604e-05
eec: 185.582
weight: 9.63007e-08
eec: 624.457
weight: 1.14866e-07
eec: 142.287
weight: 1.12341e-05
eec: 318.568
weight: 1.50124e-05
eec: 185.979
weight: 0.000184615
eec: 142.172
weight: 9.02422e-06
eec: 470.15
weight: 9.53891e-05
eec: 321.256
weight: 2.17413e-05
eec: 1247.08
weight: 1.8272e-05
eec: 1122.71
weight: 5.61145e-05
eec: 1440.56
weight: 3.68591e-06
eec: 237.731
weight: 5.97254e-06
eec: 4636.01
weight: 4.99021e-06
eec: 139.102
weight: 1.10233e-05
eec: 720.903
weight: 4.19756e-06
eec: 718.99
weight: 5.94635e-05
eec: 328.098
weight: 0.000127612
eec: 104.247
weight: 0.000146024
eec: 1231.13
weight: 0.000536369
eec: 942.79
weight: 4.30506e-06
eec: 698.387
weight: 3.29857e-05
eec: 1732.91
weight: 2.74419e-05
eec: 527.242
weight: 5.95941e-05
eec: 2422.12
weight: 0.0001064
eec: 386.454
weight: 0.000126779
eec: 179.797
weight: 4.98647e-05
eec: 257.879
weight: 4.24549e-06
eec: 494.587
weight: 1.7575e-05
eec: 257.089
weight: 0.000101425
eec: 97.7461
weight: 1.32953e-05
eec: 101.998
weight: 1.227e-05
eec: 952.838
weight: 6.51747e-06
eec: 489.762
weight: 0.000115166
eec: 420.929
weight: 7.80401e-05
eec: 616.995
weight: 1.41195e-06
eec: 170.952
weight: 8.8533e-05
eec: 15.7019
weight: 4.26507e-05
eec: 662.904
weight: 5.20169e-07
eec: 300.632
weight: 8.3609e-06
eec: 177.456
weight: 5.99373e-05
eec: 390.543
weight: 5.86228e-05
eec: 617.563
weight: 6.98107e-06
eec: 2369.98
weight: 3.32721e-05
eec: 173.901
weight: 3.60751e-05
eec: 1476.35
weight: 6.52656e-07
eec: 465.985
weight: 0.000190436
eec: 454.832
weight: 1.31649e-06
eec: 661.183
weight: 1.74629e-05
eec: 587.613
weight: 2.63339e-05
eec: 1031.86
weight: 1.64471e-05
eec: 248.328
weight: 2.886e-05
eec: 103.563
weight: 0.000318555
eec: 48.66
weight: 2.71022e-05
eec: 55.8537
weight: 5.2998e-05
eec: 396.677
weight: 5.10844e-06
eec: 878.501
weight: 2.32066e-05
eec: 679.988
weight: 1.84564e-05
eec: 257.524
weight: 1.59014e-06
eec: 782.541
weight: 0.00034997
eec: 351.735
weight: 9.61206e-05
eec: 274.727
weight: 4.18063e-06
eec: 1106.6
weight: 6.19083e-05
eec: 130.526
weight: 4.84715e-05
eec: 694.21
weight: 2.39507e-05
eec: 174.7
weight: 4.97213e-06
eec: 112.706
weight: 2.32838e-05
eec: 1107.03
weight: 0.000148869
eec: 1096.62
weight: 6.97306e-05
eec: 323.093
weight: 0.000105303
eec: 378.966
weight: 8.2961e-05
eec: 707.008
weight: 8.88665e-05
eec: 34.0141
weight: 4.2435e-06
eec: 192.268
weight: 1.76706e-07
eec: 603.356
weight: 4.49163e-06
eec: 535.459
weight: 4.04437e-05
eec: 585.583
weight: 4.66745e-05
eec: 417.446
weight: 0.000152446
eec: 129.226
weight: 1.32871e-05
eec: 1004.69
Processing: 46.5402 %weight: 1.47482e-05
eec: 360.484
weight: 0.000613996
eec: 125.925
weight: 0.000192894
eec: 278.441
weight: 2.63537e-05
eec: 1912.43
weight: 5.56976e-06
eec: 104.981
weight: 4.68758e-06
eec: 1009.85
weight: 9.93573e-06
eec: 1297.34
weight: 7.04721e-06
eec: 1581.64
weight: 1.47492e-05
eec: 193.137
weight: 8.26347e-07
eec: 919.931
weight: 3.82188e-05
eec: 28.7846
weight: 0.000184675
eec: 90.1541
weight: 4.42905e-05
eec: 27.7925
weight: 0.000407014
eec: 1384.09
weight: 0.000365535
eec: 158.932
weight: 4.55465e-06
eec: 1456.31
weight: 0.000545759
eec: 175.909
weight: 1.17558e-05
eec: 3332.59
weight: 3.08149e-05
eec: 339.484
weight: 0.000178473
eec: 379.639
weight: 2.03734e-05
eec: 2863.25
weight: 0.000492512
eec: 78.8949
weight: 5.96127e-05
eec: 567.853
weight: 6.25704e-05
eec: 924.37
weight: 2.01624e-05
eec: 1279.18
weight: 0.000206305
eec: 944.675
weight: 0.000222736
eec: 736.243
weight: 5.84223e-06
eec: 1839.11
weight: 5.76792e-07
eec: 203.36
weight: 0.000311825
eec: 526.711
weight: 2.96262e-05
eec: 1296.62
weight: 0.000500313
eec: 208.757
weight: 5.58596e-05
eec: 2641.26
weight: 1.99206e-05
eec: 382.338
weight: 1.16647e-05
eec: 886.042
weight: 3.32974e-05
eec: 139.567
weight: 8.66255e-05
eec: 234.162
weight: 2.34653e-07
eec: 133.256
weight: 4.05034e-05
eec: 124.547
weight: 4.91378e-05
eec: 456.707
weight: 3.48077e-06
eec: 851.338
weight: 0.00017217
eec: 1397.68
weight: 2.13916e-05
eec: 2589.24
weight: 2.33374e-05
eec: 307.088
weight: 6.63183e-05
eec: 1197.63
weight: 0.000338077
eec: 172.33
weight: 1.03205e-07
eec: 3378.69
weight: 4.37168e-05
eec: 111.712
weight: 4.52682e-05
eec: 191.311
weight: 1.31255e-05
eec: 832.596
weight: 2.16395e-06
eec: 554.906
weight: 5.59076e-05
eec: 1278.15
weight: 2.01505e-06
eec: 640.013
weight: 0.000116121
eec: 143.997
weight: 2.42601e-07
eec: 262.325
weight: 0.000694886
eec: 269.057
weight: 6.02487e-08
eec: 744.825
weight: 8.35719e-06
eec: 277.413
weight: 1.33468e-05
eec: 621.43
weight: 1.16106e-06
eec: 5207.09
weight: 2.29953e-05
eec: 242.92
weight: 1.0118e-06
eec: 372.298
weight: 7.24431e-05
eec: 1449.27
weight: 2.66164e-06
eec: 316.054
weight: 4.82005e-05
eec: 731.891
weight: 2.37889e-07
eec: 2126.14
weight: 1.20631e-06
eec: 684.869
weight: 0.000257008
eec: 850.655
weight: 0.000172248
eec: 640.222
weight: 2.95304e-05
eec: 1787.32
weight: 2.27462e-05
eec: 540.685
weight: 0.000751233
eec: 53.995
weight: 7.38333e-05
eec: 278.17
weight: 3.43034e-05
eec: 810.582
weight: 2.62052e-07
eec: 1154.32
weight: 6.22405e-06
eec: 1045.04
weight: 9.61158e-06
eec: 995.157
weight: 8.10256e-05
eec: 927.657
weight: 0.000233633
eec: 447.306
weight: 6.70581e-06
eec: 1826.66
weight: 0.000117139
eec: 719.91
weight: 8.90375e-06
eec: 1321.65
weight: 3.69143e-06
eec: 231.84
weight: 6.33224e-06
eec: 1089.88
weight: 9.7614e-07
eec: 183.833
weight: 7.58223e-07
eec: 199.43
weight: 1.10149e-05
eec: 160.749
weight: 8.13078e-05
eec: 230.214
weight: 4.30531e-05
eec: 236.623
weight: 2.05116e-05
eec: 356.177
weight: 1.00257e-06
eec: 160.811
weight: 4.76593e-06
eec: 172.384
weight: 4.63985e-07
eec: 56.0017
weight: 4.67823e-05
eec: 111.88
weight: 7.16201e-05
eec: 763.584
weight: 1.05617e-05
eec: 442.334
weight: 4.5419e-05
eec: 52.9639
weight: 0.000212405
eec: 124.331
weight: 6.78733e-05
eec: 683.184
weight: 0.000392378
eec: 48.2889
weight: 9.23298e-05
eec: 785.477
weight: 0.000177964
eec: 63.829
weight: 2.57029e-05
eec: 299.271
weight: 1.94428e-05
eec: 1531.22
weight: 0.000105384
eec: 31.1511
weight: 1.50139e-05
eec: 1068.54

ROOT exit code = 0
