gSystem->Load("run_condor_job_Run3_C.so");
run_condor_job_Run3(261, 100, 2,
                    80, 200,
                    1, 1, 1, 2);
.q

ENTERED run_condor_job_Run3()
JOBID = 261
  global job = 261  Job 61/100  events [3660000, 3720000)  total=6000000
Processing events [3660000, 3720000) of 6000000
weight: 9.58353e-06
eec: 3159.92
weight: 1.18394e-05
eec: 61.202
weight: 0.000551759
eec: 717.444
weight: 8.20332e-05
eec: 40.7082
weight: 1.98163e-06
eec: 180.188
weight: 7.32516e-05
eec: 104.107
weight: 4.80325e-06
eec: 494.105
weight: 1.27468e-05
eec: 133.95
weight: 0.000158422
eec: 894.411
weight: 0.000107592
eec: 846.257
weight: 0.000126783
eec: 906.511
weight: 6.56091e-06
eec: 689.325
weight: 3.45131e-05
eec: 108.013
weight: 0.000137126
eec: 896.46
weight: 0.000494412
eec: 354.161
weight: 0.000115687
eec: 1477.38
weight: 1.42497e-05
eec: 694.92
weight: 7.25421e-07
eec: 372.548
weight: 4.71385e-05
eec: 630.066
weight: 6.6941e-06
eec: 561.304
weight: 2.57643e-05
eec: 892.285
weight: 1.19281e-05
eec: 224.773
weight: 0.0019419
eec: 669.348
weight: 5.06662e-06
eec: 177.075
weight: 7.46291e-06
eec: 184
weight: 8.154e-05
eec: 365.703
weight: 1.34749e-06
eec: 922.05
weight: 6.56544e-06
eec: 1705.41
weight: 1.34247e-06
eec: 479.263
weight: 0.000308937
eec: 381.3
weight: 2.19938e-05
eec: 1360.96
weight: 0.000218409
eec: 23.2707
weight: 5.61328e-06
eec: 1942
weight: 6.13193e-05
eec: 112.07
weight: 9.34892e-06
eec: 678.063
weight: 9.36605e-06
eec: 3173.82
weight: 5.97669e-06
eec: 775.345
weight: 0.000413958
eec: 37.3335
weight: 0.000228776
eec: 345.279
weight: 1.49187e-05
eec: 453.445
weight: 1.03626e-05
eec: 151.797
weight: 6.32828e-05
eec: 530.14
weight: 0.000114942
eec: 674.728
weight: 0.000100721
eec: 92.6962
weight: 1.47342e-05
eec: 331.05
weight: 0.000115241
eec: 109.273
weight: 1.06468e-05
eec: 66.0665
weight: 2.27332e-06
eec: 675.116
weight: 4.75003e-06
eec: 125.657
weight: 0.000159638
eec: 253.706
weight: 1.25907e-05
eec: 345.065
weight: 7.51156e-05
eec: 211.953
weight: 0.000129798
eec: 969.09
weight: 5.35674e-06
eec: 1567.28
weight: 3.06703e-06
eec: 122.609
weight: 1.80898e-05
eec: 34.341
weight: 3.76269e-06
eec: 137.736
weight: 2.52942e-07
eec: 169.212
weight: 0.000565403
eec: 814.545
weight: 1.05441e-05
eec: 1176.62
weight: 3.53566e-05
eec: 256.648
weight: 5.16561e-05
eec: 242.531
weight: 2.17855e-06
eec: 888.818
weight: 0.000252857
eec: 474.442
weight: 9.35067e-07
eec: 899.248
weight: 2.1942e-05
eec: 556.116
weight: 2.48193e-06
eec: 1107.4
weight: 5.74403e-05
eec: 855.531
weight: 3.63347e-05
eec: 363.892
weight: 2.69236e-05
eec: 77.6832
weight: 6.62659e-06
eec: 439.202
weight: 1.04964e-05
eec: 132.661
weight: 6.3423e-05
eec: 264.464
weight: 6.2092e-05
eec: 1478.94
weight: 9.03066e-06
eec: 620.91
weight: 5.47605e-06
eec: 554.088
weight: 4.07415e-05
eec: 98.7941
weight: 4.71026e-07
eec: 758.576
weight: 1.03684e-06
eec: 255.759
weight: 5.48144e-07
eec: 657.807
weight: 4.40729e-05
eec: 44.4886
weight: 3.85994e-06
eec: 536.265
weight: 9.84322e-05
eec: 922.305
weight: 3.69803e-05
eec: 181.297
weight: 2.55156e-07
eec: 43.8345
weight: 4.77263e-06
eec: 300.073
weight: 1.03683e-06
eec: 1353.86
weight: 1.46705e-05
eec: 437.76
weight: 2.74085e-05
eec: 256.298
weight: 7.85887e-05
eec: 441.41
weight: 2.64516e-05
eec: 125.225
weight: 2.80864e-05
eec: 1843.4
weight: 2.885e-05
eec: 201.482
weight: 0.000881336
eec: 108.186
weight: 3.96708e-05
eec: 221.691
weight: 9.39002e-06
eec: 338.121
weight: 0.000550673
eec: 73.6869
weight: 1.01276e-05
eec: 304.476
weight: 3.11298e-05
eec: 378.44
weight: 8.77858e-05
eec: 27.6793
weight: 1.39624e-05
eec: 2634.64
weight: 1.31494e-05
eec: 207.105
weight: 0.000163152
eec: 474.106
weight: 8.54091e-06
eec: 1442.03
weight: 5.506e-05
eec: 1004.64
weight: 0.000290128
eec: 80.7296
weight: 2.79039e-05
eec: 740.91
weight: 1.68732e-06
eec: 913.127
weight: 0.00012509
eec: 311.005
weight: 5.51692e-05
eec: 723.49
weight: 0.000132908
eec: 152.566
weight: 4.31698e-06
eec: 58.619
weight: 2.96482e-05
eec: 282.727
weight: 1.53659e-05
eec: 481.724
weight: 6.26081e-06
eec: 456.428
weight: 1.10927e-05
eec: 1049.41
weight: 6.39824e-08
eec: 386.169
weight: 6.59203e-06
eec: 135.14
weight: 1.44604e-05
eec: 106.88
weight: 8.51742e-06
eec: 751.839
weight: 5.30653e-05
eec: 567.199
weight: 1.30187e-06
eec: 40.9413
weight: 2.40919e-05
eec: 2760.33
weight: 0.000183283
eec: 656.435
weight: 1.89026e-05
eec: 2033.47
weight: 0.000702838
eec: 51.2557
weight: 0.000338956
eec: 324.197
weight: 4.28308e-06
eec: 1754.69
weight: 2.37643e-05
eec: 1024.28
weight: 0.000211032
eec: 570.232
weight: 9.01195e-06
eec: 858.836
weight: 1.41245e-05
eec: 54.9379
weight: 1.59846e-05
eec: 404.715
weight: 0.000185255
eec: 665.318
weight: 3.5659e-05
eec: 1333.94
weight: 2.63602e-05
eec: 485.037
weight: 2.76171e-05
eec: 248.882
weight: 0.00032999
eec: 152.915
weight: 3.9949e-05
eec: 241.411
weight: 9.85008e-05
eec: 655.394
weight: 2.34033e-05
eec: 1055.58
weight: 1.71079e-05
eec: 1527.17
weight: 9.89968e-05
eec: 298.551
weight: 1.63523e-05
eec: 173.013
weight: 1.31589e-05
eec: 363.906
weight: 1.55794e-05
eec: 1245.47
weight: 6.67757e-06
eec: 211.116
weight: 1.13645e-06
eec: 1140.96
weight: 0.000119197
eec: 523.712
weight: 0.000106048
eec: 90.7741
weight: 0.000332076
eec: 431.83
weight: 1.98401e-05
eec: 1789.99
weight: 0.000109912
eec: 252.118
weight: 4.4614e-05
eec: 405.2
Processing: 61.6667 %weight: 6.77894e-05
eec: 1855.22
weight: 0.000632957
eec: 245.076
weight: 2.46306e-06
eec: 474.149
weight: 3.12463e-05
eec: 157.737
weight: 7.12353e-08
eec: 92.4798
weight: 4.62674e-06
eec: 525.214
weight: 1.18547e-07
eec: 4654.41
weight: 4.54566e-06
eec: 419.816
weight: 1.4328e-06
eec: 118.4
weight: 0.000152474
eec: 58.4126
weight: 1.28924e-05
eec: 2160.8
weight: 2.40042e-05
eec: 673.01
weight: 7.49568e-06
eec: 481.306
weight: 1.45599e-05
eec: 1323.64
weight: 8.9558e-06
eec: 752.987
weight: 6.65866e-05
eec: 2.67987
weight: 8.28788e-06
eec: 1973.08
weight: 1.68438e-05
eec: 163.655
weight: 4.72904e-07
eec: 527.51
weight: 6.39183e-06
eec: 698.362
weight: 0.000134075
eec: 558.141
weight: 0.000140417
eec: 549.955
weight: 9.39824e-06
eec: 196.485
weight: 2.64967e-06
eec: 495.063
weight: 1.15632e-05
eec: 267.327
weight: 0.00116268
eec: 371.517
weight: 4.00343e-05
eec: 125.649
weight: 0.000246871
eec: 108.858
weight: 1.04698e-05
eec: 56.5243
weight: 3.05124e-05
eec: 588.057
weight: 5.51116e-06
eec: 271.693
weight: 9.49791e-05
eec: 614.795
weight: 6.90665e-05
eec: 432.265
weight: 3.93089e-05
eec: 85.7244
weight: 3.48826e-05
eec: 86.6529
weight: 2.42991e-05
eec: 97.8242
weight: 4.8472e-05
eec: 502.494
weight: 3.78576e-06
eec: 43.893
weight: 6.043e-05
eec: 539.955
weight: 0.000103728
eec: 168.12
weight: 3.82067e-06
eec: 1232.1
weight: 2.61171e-05
eec: 1196.53
weight: 2.08304e-06
eec: 1031.06
weight: 9.07297e-07
eec: 812.771
weight: 4.33254e-06
eec: 529.965
weight: 7.97637e-06
eec: 2044.46
weight: 3.26849e-05
eec: 962.239
weight: 6.97436e-05
eec: 142.755
weight: 0.000185654
eec: 484.373
weight: 7.2566e-05
eec: 1418.64
weight: 1.24873e-05
eec: 306.127
weight: 4.07791e-05
eec: 428.975
weight: 1.20111e-05
eec: 380.759
weight: 5.56527e-05
eec: 131.015
weight: 9.78322e-05
eec: 84.1548
weight: 4.37593e-06
eec: 4148.21
weight: 6.16396e-06
eec: 1013.63
weight: 8.32776e-06
eec: 3693.2
weight: 1.68145e-05
eec: 3071.4
weight: 5.38984e-05
eec: 163.976
weight: 1.15517e-05
eec: 658.623
weight: 0.000199491
eec: 329.132
weight: 5.22949e-05
eec: 1515.01
weight: 1.94991e-05
eec: 1144.59
weight: 1.1749e-05
eec: 195.325
weight: 0.000134876
eec: 1024.1
weight: 0.000119452
eec: 154.771
weight: 0.000119452
eec: 10.0012
weight: 6.1271e-05
eec: 1043.27
weight: 9.328e-05
eec: 2586.57
weight: 1.26509e-06
eec: 1695.84
weight: 0.000617058
eec: 538.693
weight: 0.000103909
eec: 1562.81
weight: 1.90228e-05
eec: 381.152
weight: 0.000116043
eec: 138.718
weight: 1.0297e-05
eec: 568.798
weight: 4.39053e-05
eec: 987.774
weight: 1.68487e-05
eec: 1101.49
weight: 3.02117e-05
eec: 347.505
weight: 1.83178e-05
eec: 1021.88
weight: 4.2066e-05
eec: 431.123
weight: 2.81957e-05
eec: 1123.43
weight: 4.28976e-06
eec: 80.6912
weight: 0.000142956
eec: 163.636
weight: 9.86097e-07
eec: 1059.14
weight: 4.03576e-05
eec: 725.216

ROOT exit code = 0
