gSystem->Load("run_condor_job_Run3_C.so");
run_condor_job_Run3(51, 100, 2,
                    80, 200,
                    1, 1, 1, 0);
.q

ENTERED run_condor_job_Run3()
JOBID = 51
  global job = 51  Job 51/100  events [3056940, 3116880)  total=5994000
Processing events [3056940, 3116880) of 5994000
weight: 7.00256e-06
eec: 34.6039
weight: 6.65333e-05
eec: 109.405
weight: 2.82429e-05
eec: 1988.76
weight: 1.69721e-06
eec: 331.962
weight: 2.74257e-06
eec: 2067.92
weight: 4.46883e-08
eec: 2052.68
weight: 3.51875e-05
eec: 1258.42
weight: 5.25701e-05
eec: 54.397
weight: 8.47681e-05
eec: 357.789
weight: 2.41659e-06
eec: 661.945
weight: 1.55354e-05
eec: 196.734
weight: 1.18774e-05
eec: 275.037
weight: 1.22253e-05
eec: 1710.63
weight: 5.33917e-05
eec: 1090.2
weight: 7.75469e-05
eec: 198.411
weight: 0.000170655
eec: 382.369
weight: 2.00186e-06
eec: 165.528
weight: 5.25822e-06
eec: 333.268
weight: 5.17917e-05
eec: 10.8681
weight: 0.00016201
eec: 913.29
weight: 0.00052664
eec: 816.437
weight: 3.76391e-06
eec: 383.088
weight: 1.3654e-05
eec: 833.74
weight: 0.000173598
eec: 964.635
weight: 9.51167e-05
eec: 1041.23
weight: 6.25854e-06
eec: 3301.09
weight: 6.27411e-06
eec: 1086.44
weight: 4.84264e-05
eec: 357.786
weight: 5.98378e-06
eec: 1466.85
weight: 0.000190883
eec: 637.39
weight: 1.57815e-05
eec: 707.418
weight: 6.10054e-05
eec: 1432.51
weight: 4.37943e-05
eec: 105.766
weight: 0.000239272
eec: 1015.71
weight: 0.00071074
eec: 318.118
weight: 4.76352e-06
eec: 188.691
weight: 1.75592e-05
eec: 889.447
weight: 0.000825465
eec: 70.9947
weight: 3.12256e-06
eec: 781.412
weight: 2.58277e-06
eec: 2227.26
weight: 4.41337e-05
eec: 2078.6
weight: 8.32416e-05
eec: 644.564
weight: 0.000134088
eec: 1000
weight: 1.36385e-05
eec: 355.345
weight: 1.62258e-06
eec: 751.113
weight: 6.62527e-05
eec: 184.576
weight: 0.000336644
eec: 1332.78
weight: 2.74516e-05
eec: 655.618
weight: 1.16437e-05
eec: 602.987
weight: 6.29073e-05
eec: 418.63
weight: 6.70359e-06
eec: 29.4303
weight: 1.84417e-07
eec: 164.552
weight: 0.00275906
eec: 321.951
weight: 1.32922e-05
eec: 687.753
weight: 8.69963e-06
eec: 853.511
weight: 3.52235e-05
eec: 55.7526
weight: 0.000115814
eec: 267.349
weight: 1.3696e-05
eec: 134.645
weight: 9.68192e-05
eec: 596.698
weight: 6.45877e-05
eec: 268.569
weight: 2.62299e-05
eec: 341.461
weight: 0.000100267
eec: 328.193
weight: 6.03095e-05
eec: 50.5709
weight: 7.39484e-06
eec: 1024.03
weight: 2.6449e-06
eec: 351.615
weight: 3.45902e-05
eec: 909.515
weight: 0.000441021
eec: 342.078
weight: 0.000272038
eec: 256.179
weight: 5.22753e-05
eec: 107.511
weight: 1.95449e-05
eec: 784.899
weight: 5.56757e-06
eec: 164.6
weight: 8.49659e-05
eec: 505.361
weight: 0.000246466
eec: 180.851
weight: 4.58564e-05
eec: 2107.71
weight: 1.26434e-05
eec: 1457.47
weight: 0.000297597
eec: 317.543
weight: 0.000273987
eec: 764.25
weight: 8.51437e-06
eec: 317.654
weight: 8.73794e-05
eec: 275.593
weight: 1.03612e-05
eec: 365.694
weight: 0.000140373
eec: 24.6735
weight: 0.000397255
eec: 722.813
weight: 4.21039e-05
eec: 1630.08
weight: 4.27724e-07
eec: 178.435
weight: 2.27389e-05
eec: 1326.68
weight: 3.99053e-05
eec: 1749.33
weight: 0.000118513
eec: 635.207
weight: 1.38742e-05
eec: 746.727
weight: 4.3479e-07
eec: 107.173
weight: 0.000230646
eec: 1157.86
weight: 3.64359e-05
eec: 683.709
weight: 1.96563e-05
eec: 188.764
weight: 0.00011463
eec: 965.398
weight: 0.000796426
eec: 34.8659
weight: 4.55193e-07
eec: 80.4505
weight: 5.08586e-07
eec: 456.428
weight: 2.82438e-07
eec: 287.828
weight: 2.98228e-05
eec: 359.015
weight: 3.7926e-05
eec: 125.585
weight: 1.40418e-07
eec: 184.757
weight: 5.83911e-05
eec: 551.922
weight: 1.63498e-05
eec: 789.967
weight: 0.000182357
eec: 602.057
weight: 6.72617e-06
eec: 1398.83
weight: 0.000374014
eec: 1700.05
weight: 3.69895e-05
eec: 434.462
weight: 2.13955e-05
eec: 1471.11
weight: 0.000272063
eec: 1589.89
weight: 0.000188957
eec: 98.3569
weight: 1.76363e-07
eec: 481.392
weight: 3.72832e-05
eec: 1653.34
weight: 2.38612e-05
eec: 865.026
weight: 2.80996e-06
eec: 172.751
weight: 4.87029e-05
eec: 357.782
weight: 1.76716e-05
eec: 12.7533
weight: 1.76716e-05
eec: 167.125
weight: 5.79112e-06
eec: 515.665
weight: 1.20818e-05
eec: 565.061
weight: 0.000233623
eec: 115.95
weight: 4.42247e-05
eec: 273.586
weight: 0.000136639
eec: 524.817
weight: 5.99527e-05
eec: 116.49
weight: 1.07422e-07
eec: 774.262
weight: 1.22919e-05
eec: 127.983
weight: 9.67399e-06
eec: 79.5761
weight: 0.000133351
eec: 318.174
weight: 2.84071e-06
eec: 1748.95
weight: 3.98692e-05
eec: 1082.79
weight: 9.68994e-06
eec: 411.421
weight: 1.72483e-05
eec: 386.559
weight: 2.89418e-05
eec: 992.2
weight: 2.10138e-05
eec: 1240.25
weight: 1.22092e-05
eec: 480.595
weight: 0.000203834
eec: 348.458
weight: 2.69595e-05
eec: 789.733
weight: 7.89155e-06
eec: 194.867
weight: 5.10901e-05
eec: 74.4885
weight: 6.58855e-05
eec: 25.1053
weight: 1.44912e-06
eec: 167.898
weight: 0.00079581
eec: 406.149
weight: 0.000234346
eec: 462.518
weight: 0.000322392
eec: 1473.9
weight: 1.74463e-06
eec: 622.131
weight: 3.65274e-06
eec: 590.78
weight: 5.31889e-05
eec: 136.914
weight: 9.21403e-06
eec: 216.104
weight: 4.65677e-07
eec: 186.918
weight: 6.40234e-06
eec: 233.899
weight: 6.45939e-06
eec: 132.792
weight: 3.53308e-05
eec: 385.696
weight: 4.18505e-06
eec: 296.618
weight: 0.00015806
eec: 375.927
weight: 0.000368781
eec: 69.5348
weight: 4.89637e-05
eec: 690.114
weight: 0.000105761
eec: 907.634
weight: 1.62059e-05
eec: 51.4662
weight: 1.26852e-05
eec: 147.357
weight: 0.000482761
eec: 253.072
weight: 2.09521e-05
eec: 1168.52
weight: 3.58047e-05
eec: 410.259
weight: 8.03859e-06
eec: 167.822
weight: 0.00028581
eec: 159.716
weight: 1.91022e-06
eec: 670.523
weight: 0.000242511
eec: 252.252
weight: 0.000496354
eec: 867.589
weight: 5.93641e-09
eec: 809.266
weight: 2.72644e-06
eec: 346.547
weight: 0.000136658
eec: 538.821
weight: 0.000149169
eec: 92.4216
weight: 1.61111e-05
eec: 1291.35
weight: 0.000378358
eec: 842.158
weight: 9.24366e-06
eec: 1062.75
weight: 0.000969195
eec: 192.29
weight: 1.49475e-05
eec: 143.485
weight: 0.000200597
eec: 928.677
weight: 1.0352e-05
eec: 177.505
weight: 2.25042e-05
eec: 1089.18
weight: 0.000466928
eec: 83.4051
weight: 1.8198e-07
eec: 322.968
weight: 4.93733e-06
eec: 898.196
weight: 5.0898e-05
eec: 223.282
weight: 0.00022698
eec: 160.411
weight: 4.09276e-06
eec: 261.386
weight: 4.91306e-08
eec: 295.515
weight: 0.000286791
eec: 76.5858
weight: 8.18458e-06
eec: 602.64
weight: 2.60152e-06
eec: 1549.65
Processing: 51.7184 %weight: 3.34589e-05
eec: 717.422
weight: 6.53796e-06
eec: 495.079
weight: 0.00018444
eec: 489.408
weight: 1.76275e-05
eec: 425.978
weight: 9.02357e-06
eec: 428.87
weight: 0.000232269
eec: 29.2236
weight: 0.000115991
eec: 538.303
weight: 0.000147934
eec: 604.97
weight: 1.80538e-05
eec: 1843.05
weight: 6.35328e-06
eec: 953.43
weight: 3.41304e-06
eec: 989.315
weight: 1.24692e-06
eec: 74.3729
weight: 0.000403206
eec: 166.595
weight: 0.000253023
eec: 650.547
weight: 7.04913e-05
eec: 484.66
weight: 2.33058e-06
eec: 37.8772
weight: 1.91477e-06
eec: 253.212
weight: 0.000701968
eec: 175.659
weight: 9.30679e-05
eec: 665.386
weight: 5.14686e-06
eec: 172.509
weight: 0.000592122
eec: 116.788
weight: 1.66968e-05
eec: 1390.82
weight: 2.41463e-05
eec: 119.067
weight: 6.21964e-05
eec: 112.234
weight: 4.7631e-06
eec: 650.66
weight: 2.3243e-05
eec: 658.472
weight: 6.68688e-05
eec: 703.853
weight: 2.44416e-06
eec: 152.885
weight: 2.81114e-06
eec: 269.088
weight: 9.70156e-05
eec: 283.088
weight: 5.17685e-06
eec: 4892.39
weight: 2.10345e-05
eec: 331.215
weight: 3.84517e-06
eec: 677.74
weight: 3.28653e-06
eec: 328.69
weight: 0.000357896
eec: 37.2691
weight: 7.89628e-05
eec: 205.062
weight: 2.88903e-05
eec: 186.318
weight: 9.77321e-06
eec: 703.752
weight: 1.62708e-06
eec: 110.768
weight: 8.61288e-06
eec: 919.838
weight: 4.48959e-06
eec: 1187.08
weight: 6.63556e-05
eec: 1002.64
weight: 0.000522603
eec: 239.357
weight: 7.98221e-05
eec: 44.7069
weight: 0.00050871
eec: 242.545
weight: 4.14397e-06
eec: 388.711
weight: 3.3657e-06
eec: 309.788
weight: 6.27126e-07
eec: 110.324
weight: 3.12313e-07
eec: 187.407
weight: 3.64297e-05
eec: 490.802
weight: 8.74899e-06
eec: 440.853
weight: 4.93281e-06
eec: 1261.62
weight: 1.30825e-05
eec: 213.734
weight: 1.27045e-05
eec: 583.474
weight: 0.000196386
eec: 771.77
weight: 0.000176892
eec: 165.029
weight: 0.000269041
eec: 16.958
weight: 9.31699e-05
eec: 140.059
weight: 1.11355e-08
eec: 400.014
weight: 0.000117247
eec: 73.2191
weight: 2.3828e-05
eec: 190.284
weight: 1.17111e-05
eec: 2661.56
weight: 3.13747e-05
eec: 16.9554
weight: 2.30225e-05
eec: 2327.97
weight: 2.92645e-05
eec: 87.0184
weight: 0.00010509
eec: 793.381
weight: 1.88321e-05
eec: 147.632
weight: 0.000226606
eec: 112.714
weight: 3.84045e-05
eec: 248.157
weight: 1.14819e-05
eec: 685.831
weight: 5.76815e-05
eec: 262.356
weight: 0.000132939
eec: 250.285
weight: 3.87491e-05
eec: 808.476

ROOT exit code = 0
