gSystem->Load("run_condor_job_Run3_C.so");
run_condor_job_Run3(478, 100, 2,
                    80, 200,
                    1, 1, 1, 4);
.q

ENTERED run_condor_job_Run3()
JOBID = 478
  global job = 478  Job 78/100  events [4600440, 4659420)  total=5898000
Processing events [4600440, 4659420) of 5898000
weight: 6.2829e-07
eec: 355.652
weight: 6.89603e-05
eec: 169.456
weight: 1.36183e-06
eec: 1830.33
weight: 2.51701e-05
eec: 420.066
weight: 2.89884e-07
eec: 380.315
weight: 0.000702491
eec: 66.6123
weight: 6.24477e-06
eec: 1716.79
weight: 2.26654e-05
eec: 337.424
weight: 0.000336125
eec: 146.234
weight: 4.04218e-05
eec: 847.189
weight: 7.83743e-07
eec: 305.64
weight: 0.000225815
eec: 1253.3
weight: 1.79017e-05
eec: 455.226
weight: 1.26586e-05
eec: 4334.31
weight: 3.71655e-05
eec: 398.345
weight: 0.000542014
eec: 263.176
weight: 1.13381e-05
eec: 255.242
weight: 5.12093e-07
eec: 114.862
weight: 1.45796e-05
eec: 627.951
weight: 4.06463e-05
eec: 95.6114
weight: 1.93244e-07
eec: 145.543
weight: 3.63142e-05
eec: 2582.1
weight: 8.68652e-07
eec: 1076.47
weight: 0.000317119
eec: 452.579
weight: 2.53651e-05
eec: 1609.03
weight: 7.57749e-06
eec: 332.582
weight: 6.63387e-08
eec: 110.081
weight: 2.22448e-05
eec: 1413.34
weight: 1.83818e-05
eec: 1879.89
weight: 2.32263e-06
eec: 1173.45
weight: 1.01975e-06
eec: 66.0796
weight: 1.91496e-05
eec: 874.359
weight: 1.35032e-05
eec: 709.313
weight: 2.0567e-05
eec: 514.906
weight: 0.000468085
eec: 234.552
weight: 7.11169e-05
eec: 11.9413
weight: 6.20294e-05
eec: 338.309
weight: 6.40928e-05
eec: 419.865
weight: 1.66472e-05
eec: 202.449
weight: 2.42395e-05
eec: 2282.29
weight: 7.66103e-06
eec: 147.008
weight: 0.000104412
eec: 97.5782
weight: 3.22071e-06
eec: 201.485
weight: 4.05305e-05
eec: 1050.85
weight: 0.000514444
eec: 530.845
weight: 1.13114e-05
eec: 557.112
weight: 4.19694e-05
eec: 362.69
weight: 4.08329e-05
eec: 22.2924
weight: 1.48003e-05
eec: 861.657
weight: 9.5759e-05
eec: 32.3556
weight: 1.83076e-07
eec: 169.666
weight: 9.97613e-06
eec: 472.218
weight: 3.86351e-08
eec: 316.954
weight: 3.10891e-06
eec: 394.156
weight: 8.7279e-06
eec: 255.872
weight: 1.73771e-05
eec: 36.6449
weight: 6.15663e-06
eec: 690
weight: 2.72572e-05
eec: 276.511
weight: 3.92295e-07
eec: 112.776
weight: 3.66714e-06
eec: 271.215
weight: 2.06388e-05
eec: 35.2632
weight: 3.66675e-05
eec: 321.228
weight: 0.000111853
eec: 1430.87
weight: 2.60044e-05
eec: 40.0326
weight: 5.68828e-05
eec: 31.7138
weight: 9.17188e-06
eec: 418.805
weight: 4.64457e-05
eec: 35.2186
weight: 2.04267e-05
eec: 90.8127
weight: 1.00672e-05
eec: 1044.67
weight: 9.16842e-05
eec: 158.689
weight: 9.34948e-07
eec: 404.019
weight: 3.21179e-06
eec: 949.913
weight: 4.4792e-06
eec: 316.901
weight: 3.75592e-05
eec: 837.653
weight: 1.16749e-07
eec: 99.9186
weight: 9.44368e-06
eec: 789.236
weight: 4.11525e-05
eec: 228.547
weight: 0.000968885
eec: 280.903
weight: 0.000285511
eec: 264.724
weight: 1.21614e-05
eec: 2149.71
weight: 7.83843e-06
eec: 642.046
weight: 8.73872e-06
eec: 4046.57
weight: 4.67411e-05
eec: 958.579
weight: 2.32093e-05
eec: 484.646
weight: 1.62797e-06
eec: 21.47
weight: 3.30093e-06
eec: 123.68
weight: 0.000131044
eec: 94.8581
weight: 6.0751e-06
eec: 1390.34
weight: 5.7222e-07
eec: 220.896
weight: 2.16532e-05
eec: 288.187
weight: 0.000270559
eec: 722.116
weight: 3.10799e-05
eec: 37.7325
weight: 6.38679e-05
eec: 136.697
weight: 7.4332e-07
eec: 232.989
weight: 6.11498e-05
eec: 395.557
weight: 0.000136783
eec: 108.882
weight: 0.000220847
eec: 119.067
weight: 6.02698e-06
eec: 260.738
weight: 7.71176e-06
eec: 588.596
weight: 5.10418e-05
eec: 1284.9
weight: 8.27371e-05
eec: 1564.04
weight: 9.86596e-05
eec: 360.714
weight: 1.64607e-05
eec: 213.394
weight: 6.89669e-05
eec: 244.07
weight: 0.000390397
eec: 550.38
weight: 0.000175722
eec: 359.944
weight: 3.02385e-05
eec: 829.538
weight: 4.52634e-05
eec: 171.251
weight: 2.12053e-05
eec: 548.14
weight: 9.16809e-06
eec: 2583.12
weight: 1.79039e-05
eec: 554.339
weight: 1.32382e-05
eec: 737.429
weight: 0.000285681
eec: 1034.06
weight: 8.61492e-05
eec: 320.15
weight: 1.54559e-05
eec: 372.931
weight: 1.50121e-05
eec: 92.2311
weight: 2.74775e-05
eec: 2103.04
weight: 2.08271e-06
eec: 95.3089
weight: 5.45699e-05
eec: 136.438
weight: 6.00829e-09
eec: 297.27
weight: 3.03309e-06
eec: 602.512
weight: 1.48097e-05
eec: 457.767
weight: 4.94637e-06
eec: 387.028
weight: 1.3582e-06
eec: 1426.07
weight: 0.000142784
eec: 695.668
weight: 5.28482e-05
eec: 894.841
weight: 9.16118e-05
eec: 594.668
weight: 6.77979e-06
eec: 1314.82
weight: 3.04451e-05
eec: 714.556
weight: 6.36646e-05
eec: 445.031
weight: 0.000820484
eec: 77.4276
weight: 3.06041e-05
eec: 554.509
weight: 1.06712e-05
eec: 229.82
weight: 4.15478e-05
eec: 52.4569
weight: 0.000591438
eec: 263.973
weight: 1.77977e-05
eec: 480.328
weight: 9.35087e-06
eec: 1586.59
weight: 1.38005e-05
eec: 556.282
weight: 1.64944e-05
eec: 60.2595
weight: 5.11562e-05
eec: 1141.61
weight: 0.000756844
eec: 746.155
weight: 2.48363e-05
eec: 514.491
weight: 2.14296e-05
eec: 1454.2
weight: 6.62747e-06
eec: 5155.21
weight: 1.41509e-06
eec: 654.114
weight: 8.29252e-06
eec: 1571.42
weight: 6.09672e-05
eec: 655.487
weight: 6.26596e-06
eec: 43.546
weight: 5.81832e-05
eec: 11.9761
weight: 9.39163e-05
eec: 438.903
weight: 7.38648e-05
eec: 1048.09
weight: 0.000893077
eec: 634.57
weight: 0.000169762
eec: 735.116
weight: 3.855e-05
eec: 175.294
weight: 9.23339e-06
eec: 186.076
weight: 6.4248e-05
eec: 23.033
weight: 2.02628e-06
eec: 798.129
weight: 2.66731e-07
eec: 963.526
weight: 0.000104934
eec: 774.065
weight: 5.94329e-07
eec: 559.922
weight: 2.30711e-05
eec: 238.621
weight: 1.09996e-05
eec: 110.403
weight: 0.000308475
eec: 173.115
weight: 0.000123918
eec: 580.918
weight: 2.63895e-05
eec: 1089.47
weight: 2.83425e-05
eec: 42.4092
weight: 6.05443e-06
eec: 716.531
weight: 3.70972e-05
eec: 47.2197
weight: 1.01196e-05
eec: 73.047
weight: 3.70601e-05
eec: 51.2076
weight: 1.38286e-05
eec: 322.686
weight: 3.80886e-07
eec: 968.632
weight: 5.66253e-05
eec: 852.652
weight: 5.66253e-05
eec: 112.007
weight: 1.28223e-05
eec: 139.556
weight: 1.7269e-05
eec: 502.217
weight: 5.89255e-05
eec: 1073.41
weight: 2.82127e-06
eec: 282.899
weight: 0.00322254
eec: 749.55
weight: 1.69978e-06
eec: 5649.59
weight: 3.28245e-06
eec: 282.484
weight: 1.57167e-05
eec: 347.795
weight: 1.03444e-05
eec: 1774.7
weight: 5.1843e-07
eec: 256.267
weight: 6.64039e-05
eec: 428.164
weight: 0.000285437
eec: 1007.72
weight: 0.000320808
eec: 354.966
weight: 9.00004e-08
eec: 32.4006
weight: 0.000175222
eec: 179.578
weight: 0.000108603
eec: 286.899
weight: 1.67376e-05
eec: 414.334
weight: 1.30535e-05
eec: 265.129
weight: 3.22965e-06
eec: 2023.49
weight: 0.000218564
eec: 232.618
weight: 7.44146e-05
eec: 683.937
weight: 2.0804e-05
eec: 253.214
weight: 0.000110975
eec: 82.8921
weight: 2.09073e-05
eec: 319.613
weight: 3.78466e-05
eec: 122.686
weight: 4.40496e-05
eec: 514.347
weight: 3.94998e-06
eec: 1080.88
weight: 0.000883726
eec: 16.3723
weight: 3.96363e-06
eec: 622.913
weight: 0.000112962
eec: 94.9634
weight: 0.00013707
eec: 84.8463
weight: 5.98552e-06
eec: 447.61
weight: 3.22632e-05
eec: 628.928
weight: 0.000175904
eec: 661.213
weight: 5.54484e-07
eec: 3058.47
weight: 2.26926e-05
eec: 559.729
weight: 4.44512e-06
eec: 245.23
weight: 0.00026837
eec: 511.309
weight: 0.000177873
eec: 269.393
weight: 3.18369e-06
eec: 343.344
Processing: 78.8403 %weight: 0.00054103
eec: 116.144
weight: 7.23162e-05
eec: 81.9439
weight: 0.000164007
eec: 25.0714
weight: 9.09463e-06
eec: 20.4163
weight: 8.66005e-06
eec: 224.964
weight: 3.44334e-05
eec: 1157.06
weight: 8.90747e-07
eec: 784.091
weight: 2.25017e-05
eec: 727.956
weight: 0.000558563
eec: 346.125
weight: 3.52167e-05
eec: 1800.48
weight: 0.00010786
eec: 854.56
weight: 3.32362e-05
eec: 154.979
weight: 2.22529e-05
eec: 200.086
weight: 2.14717e-05
eec: 178.17
weight: 9.99436e-05
eec: 33.0743
weight: 0.000333957
eec: 552.265
weight: 4.03026e-05
eec: 246.036
weight: 8.51139e-06
eec: 813.431
weight: 6.73023e-06
eec: 409.256
weight: 3.6436e-05
eec: 1992.3
weight: 0.00016555
eec: 15.9096
weight: 3.32605e-05
eec: 208.947
weight: 1.0494e-06
eec: 3693.41
weight: 3.84618e-07
eec: 457.884
weight: 4.8446e-06
eec: 1050.14
weight: 1.92633e-06
eec: 99.2653
weight: 0.000182603
eec: 644.594
weight: 1.03736e-05
eec: 4101.56
weight: 2.4408e-07
eec: 988.821
weight: 4.02237e-06
eec: 992.791
weight: 9.63198e-07
eec: 139.72
weight: 2.22534e-05
eec: 2020.73
weight: 6.38574e-05
eec: 263.549
weight: 2.05027e-05
eec: 467.582
weight: 7.51937e-06
eec: 626.324
weight: 1.90563e-05
eec: 158.538
weight: 6.42832e-06
eec: 104.133
weight: 0.00100356
eec: 277.436
weight: 2.67263e-05
eec: 1074.99
weight: 0.000286689
eec: 109.668
weight: 3.78346e-05
eec: 788.395
weight: 3.55594e-05
eec: 1234.22
weight: 0.000221833
eec: 479.339

ROOT exit code = 0
