gSystem->Load("run_condor_job_Run3_C.so");
run_condor_job_Run3(510, 100, 2,
                    80, 200,
                    1, 1, 1, 5);
.q

ENTERED run_condor_job_Run3()
JOBID = 510
  global job = 510  Job 10/100  events [600000, 660000)  total=6000000
Processing events [600000, 660000) of 6000000
Processing: 10 %weight: 0.000210095
eec: 417.807
weight: 4.31654e-05
eec: 596.148
weight: 1.76861e-05
eec: 569.966
weight: 0.000317838
eec: 550.225
weight: 2.28901e-05
eec: 247.009
weight: 7.40976e-05
eec: 541.548
weight: 5.93137e-05
eec: 1122.14
weight: 6.66108e-06
eec: 23.1209
weight: 0.000102556
eec: 1137.09
weight: 4.03201e-08
eec: 3544.29
weight: 2.1527e-06
eec: 504.543
weight: 1.96171e-05
eec: 235.844
weight: 6.55173e-06
eec: 38.4779
weight: 6.23469e-05
eec: 103.179
weight: 8.68193e-05
eec: 365.24
weight: 0.000394112
eec: 126.149
weight: 8.45076e-06
eec: 2447.47
weight: 9.41427e-06
eec: 274.689
weight: 0.000123021
eec: 499.901
weight: 2.20455e-05
eec: 562.359
weight: 0.000111779
eec: 303.911
weight: 0.000254031
eec: 560.851
weight: 8.65923e-06
eec: 503.028
weight: 0.000223214
eec: 517.239
weight: 7.72701e-06
eec: 88.4902
weight: 1.90775e-05
eec: 88.812
weight: 4.95919e-05
eec: 833.174
weight: 3.4793e-05
eec: 223.375
weight: 2.2264e-06
eec: 473.845
weight: 0.000314834
eec: 938.933
weight: 4.70155e-05
eec: 368.483
weight: 5.78982e-05
eec: 842.155
weight: 2.53158e-05
eec: 1839.01
weight: 2.7129e-05
eec: 497.002
weight: 1.90916e-05
eec: 107.333
weight: 0.000106456
eec: 388.585
weight: 1.77729e-07
eec: 378.281
weight: 1.98011e-06
eec: 722.521
weight: 1.09592e-05
eec: 223.24
weight: 2.43275e-05
eec: 534.964
weight: 4.95902e-05
eec: 89.1732
weight: 1.34705e-05
eec: 2417.52
weight: 1.56001e-05
eec: 48.4404
weight: 0.000630892
eec: 245.175
weight: 1.07691e-06
eec: 3184.31
weight: 6.31856e-05
eec: 50.6303
weight: 9.42736e-05
eec: 392.565
weight: 1.45091e-05
eec: 247.174
weight: 4.13558e-05
eec: 49.4608
weight: 2.12821e-06
eec: 366.7
weight: 7.27588e-05
eec: 703.871
weight: 5.84044e-06
eec: 112.516
weight: 2.01692e-06
eec: 181.081
weight: 2.36483e-05
eec: 408.003
weight: 5.74405e-05
eec: 291.068
weight: 9.62236e-06
eec: 50.7987
weight: 0.00100831
eec: 379.155
weight: 4.91442e-05
eec: 737.398
weight: 0.000178105
eec: 12.2903
weight: 2.06981e-06
eec: 1216.94
weight: 3.81371e-05
eec: 142.665
weight: 4.44989e-05
eec: 686.23
weight: 3.63032e-06
eec: 201.977
weight: 1.85282e-06
eec: 729.11
weight: 0.000314482
eec: 42.9747
weight: 1.527e-06
eec: 608.769
weight: 3.98046e-06
eec: 678.455
weight: 0.000241995
eec: 225.845
weight: 1.48002e-05
eec: 359.392
weight: 3.38353e-05
eec: 709.546
weight: 1.74666e-05
eec: 1025.99
weight: 2.55283e-05
eec: 97.6421
weight: 1.47977e-06
eec: 402.581
weight: 1.47977e-06
eec: 32.8313
weight: 7.13121e-05
eec: 1031.75
weight: 1.17517e-06
eec: 992.921
weight: 8.57532e-05
eec: 49.7832
weight: 3.94278e-05
eec: 721.888
weight: 9.13169e-06
eec: 1488.64
weight: 1.91374e-05
eec: 696.486
weight: 9.13217e-06
eec: 82.8932
weight: 3.86805e-05
eec: 201.97
weight: 2.71906e-05
eec: 134.524
weight: 9.8848e-05
eec: 944.452
weight: 0.000138115
eec: 373.826
weight: 1.54308e-05
eec: 711.193
weight: 1.47648e-05
eec: 636.91
weight: 2.06838e-06
eec: 3045.23
weight: 1.93972e-05
eec: 273.891
weight: 1.70265e-05
eec: 25.1629
weight: 6.80684e-08
eec: 372.287
weight: 3.29226e-05
eec: 5959.46
weight: 1.08648e-05
eec: 565.764
weight: 2.84387e-06
eec: 775.781
weight: 1.90752e-05
eec: 1315.93
weight: 1.00195e-05
eec: 207.238
weight: 9.59509e-05
eec: 129.574
weight: 2.61267e-07
eec: 916.047
weight: 2.37337e-05
eec: 682.941
weight: 3.08146e-05
eec: 49.9193
weight: 8.6201e-06
eec: 788.525
weight: 6.55034e-07
eec: 1558.29
weight: 1.61339e-06
eec: 279.792
weight: 4.65706e-05
eec: 1113.22
weight: 0.000101264
eec: 278.754
weight: 6.48336e-06
eec: 281.291
weight: 2.36664e-05
eec: 2942.12
weight: 6.55628e-05
eec: 553.959
weight: 2.95415e-05
eec: 1682.52
weight: 7.92608e-06
eec: 24.7639
weight: 0.000413854
eec: 1188.05
weight: 0.000144267
eec: 136.942
weight: 8.54897e-05
eec: 247.925
weight: 1.34125e-05
eec: 175.587
weight: 6.05828e-06
eec: 109.525
weight: 0.000107131
eec: 657.622
weight: 1.18357e-05
eec: 1561.82
weight: 0.000137953
eec: 589.884
weight: 0.000173799
eec: 446.583
weight: 6.79511e-07
eec: 1856.44
weight: 8.27304e-05
eec: 557.829
weight: 2.08975e-06
eec: 560.711
weight: 6.74721e-05
eec: 1516.84
weight: 1.07866e-05
eec: 349.292
weight: 4.61462e-06
eec: 213.877
weight: 0.00025167
eec: 294.744
weight: 4.21309e-05
eec: 57.0463
weight: 9.95793e-06
eec: 798.057
weight: 4.73438e-05
eec: 267.045
weight: 4.08475e-06
eec: 239.61
weight: 0.000122198
eec: 618.403
weight: 0.000135085
eec: 272.858
weight: 1.93225e-05
eec: 26.8681
weight: 9.89773e-05
eec: 127.174
weight: 0.000373243
eec: 404.75
weight: 2.7824e-05
eec: 84.1794
weight: 0.000161614
eec: 26.93
weight: 6.97392e-05
eec: 1170.69
weight: 7.54177e-06
eec: 156.048
weight: 2.39459e-05
eec: 2203.23
weight: 1.21759e-05
eec: 790.429
weight: 4.93576e-05
eec: 131.008
weight: 3.22947e-05
eec: 77.1133
weight: 2.11487e-05
eec: 209.031
weight: 4.00008e-05
eec: 1483.57
weight: 2.77645e-05
eec: 837.974
weight: 1.72891e-05
eec: 2039.75
weight: 6.92365e-06
eec: 2212.75
weight: 0.000327618
eec: 141.263
weight: 5.78421e-05
eec: 295.357
weight: 9.8983e-06
eec: 4062.38
weight: 1.75452e-06
eec: 46.7389
weight: 3.07642e-06
eec: 244.843
weight: 5.40255e-05
eec: 672.622
weight: 3.57141e-06
eec: 70.0232
weight: 1.16074e-05
eec: 2078.77
weight: 1.40523e-05
eec: 806.172
weight: 5.16728e-05
eec: 590.99
weight: 4.98292e-05
eec: 157.819
weight: 1.9757e-05
eec: 203.945
weight: 1.26257e-05
eec: 1276.93
weight: 0.000103406
eec: 195.823
weight: 1.90832e-05
eec: 114.026
weight: 5.62103e-05
eec: 889.794
weight: 2.51378e-05
eec: 433.346
weight: 2.16507e-05
eec: 1566.06
weight: 3.3068e-05
eec: 408.525
weight: 0.000120501
eec: 857.867
weight: 1.72038e-05
eec: 339.884
weight: 2.40915e-06
eec: 436.072
weight: 1.69256e-05
eec: 2119.96
weight: 1.94236e-05
eec: 231.542
weight: 5.79201e-05
eec: 129.244
weight: 1.12788e-05
eec: 1395.43
weight: 1.00113e-06
eec: 922.707
weight: 3.47606e-05
eec: 84.257
weight: 0.000114222
eec: 2990.53
weight: 6.82881e-05
eec: 198.677
weight: 2.55608e-05
eec: 26.8413
weight: 1.39839e-06
eec: 871.57
weight: 1.68174e-05
eec: 256.016
weight: 0.000164552
eec: 563.013
weight: 6.41207e-05
eec: 1528.38
weight: 0.000153486
eec: 951.792
weight: 0.000236095
eec: 736.377
weight: 1.31418e-06
eec: 42.5451
weight: 4.29715e-06
eec: 624.982
weight: 1.58752e-05
eec: 215.172
weight: 9.13223e-07
eec: 98.738
weight: 2.68193e-05
eec: 1103.53
weight: 9.35698e-05
eec: 213.434
weight: 3.99219e-05
eec: 68.1573
weight: 2.68594e-05
eec: 174.428
weight: 1.43973e-05
eec: 127.457
weight: 3.13427e-05
eec: 566.347
weight: 6.40673e-07
eec: 247.995
weight: 3.9977e-05
eec: 421.768
weight: 0.000184655
eec: 47.7904
weight: 7.95911e-05
eec: 305.058
weight: 0.00164896
eec: 12.7127
weight: 4.92885e-05
eec: 1082.14
weight: 0.000319564
eec: 348.969
weight: 7.82242e-07
eec: 301.127
weight: 4.63234e-05
eec: 1237.01
weight: 3.75742e-05
eec: 56.8874
weight: 1.87307e-05
eec: 111.135
weight: 0.000177979
eec: 578.875
weight: 0.000302553
eec: 336.317
weight: 1.66968e-05
eec: 266.179
weight: 6.54987e-05
eec: 1397.63
weight: 5.11828e-06
eec: 68.9405
weight: 1.07154e-05
eec: 283.209
weight: 2.68891e-05
eec: 231.01
weight: 8.20616e-06
eec: 1610.75
Processing: 10.8333 %weight: 2.11939e-05
eec: 1198.07
weight: 0.000179349
eec: 45.6005
weight: 5.24763e-06
eec: 509.61
weight: 1.55483e-06
eec: 112.921
weight: 1.71037e-05
eec: 167.736
weight: 2.16794e-05
eec: 564.436
weight: 0.000406026
eec: 495.041
weight: 4.91222e-07
eec: 1007.38
weight: 0.0001627
eec: 133.973
weight: 3.47943e-06
eec: 217.147
weight: 2.03494e-05
eec: 1517.14
weight: 4.89358e-05
eec: 1930.11
weight: 0.0002986
eec: 78.782
weight: 0.000218795
eec: 853.581
weight: 2.71256e-06
eec: 14.7935
weight: 1.94307e-05
eec: 161.059
weight: 9.17659e-05
eec: 935.78
weight: 2.09538e-07
eec: 1469.67
weight: 6.32848e-05
eec: 65.0825
weight: 0.00019533
eec: 381.384
weight: 0.000177765
eec: 55.945
weight: 8.09628e-06
eec: 745.428
weight: 9.68821e-05
eec: 448.635
weight: 3.36367e-05
eec: 135.854
weight: 0.000812869
eec: 72.225
weight: 7.38634e-06
eec: 2082.7
weight: 5.78853e-06
eec: 983.667
weight: 1.29111e-05
eec: 184.547
weight: 0.000616693
eec: 116.328
weight: 9.19978e-06
eec: 442.502
weight: 3.10512e-05
eec: 716.509
weight: 2.84731e-05
eec: 1440.76
weight: 5.49645e-05
eec: 116.082
weight: 0.000191343
eec: 451.129
weight: 1.65577e-05
eec: 1467.81
weight: 9.54972e-05
eec: 407.956
weight: 0.000141972
eec: 523.297
weight: 6.57601e-07
eec: 805.517
weight: 0.000163848
eec: 301.989
weight: 4.36843e-05
eec: 139.274
weight: 4.94888e-06
eec: 559.515
weight: 0.000151656
eec: 236.142
weight: 3.47518e-06
eec: 795.973
weight: 0.000140119
eec: 63.9142
weight: 1.3978e-05
eec: 2793.08
weight: 3.20923e-05
eec: 369.864
weight: 0.00012473
eec: 2079.01
weight: 0.000249776
eec: 1221.47
weight: 8.70712e-08
eec: 151.548
weight: 0.000195077
eec: 258.849
weight: 0.000323097
eec: 144.407
weight: 8.02072e-06
eec: 74.7294
weight: 3.38786e-05
eec: 145.866

ROOT exit code = 0
