gSystem->Load("run_condor_job_Run3_C.so");
run_condor_job_Run3(321, 100, 2,
                    80, 200,
                    1, 1, 1, 3);
.q

ENTERED run_condor_job_Run3()
JOBID = 321
  global job = 321  Job 21/100  events [1260000, 1320000)  total=6000000
Processing events [1260000, 1320000) of 6000000
weight: 6.53902e-06
eec: 1154.71
weight: 4.68503e-05
eec: 78.9303
weight: 0.000190071
eec: 338.967
weight: 1.1587e-05
eec: 2645.06
weight: 0.000305953
eec: 192.71
weight: 1.01577e-05
eec: 410.646
weight: 4.14324e-06
eec: 1034.28
weight: 1.24371e-05
eec: 880.405
weight: 2.11463e-05
eec: 1289.55
weight: 1.36422e-05
eec: 415.583
weight: 8.77783e-07
eec: 751.723
weight: 0.000106786
eec: 987.318
weight: 8.88905e-05
eec: 165.744
weight: 0.000204196
eec: 373.069
weight: 0.000206652
eec: 762.023
weight: 9.68158e-06
eec: 2927.28
weight: 0.000249888
eec: 438.35
weight: 0.00010227
eec: 427.882
weight: 6.66449e-05
eec: 147.369
weight: 3.08882e-05
eec: 245.047
weight: 0.000309249
eec: 266.964
weight: 5.71455e-06
eec: 51.9928
weight: 0.000139535
eec: 775.158
weight: 0.000100618
eec: 717.749
weight: 2.91699e-06
eec: 257.129
weight: 6.35246e-07
eec: 1922.11
weight: 5.92444e-05
eec: 603.513
weight: 2.98938e-07
eec: 238.596
weight: 0.000250767
eec: 347.897
weight: 9.35398e-05
eec: 431.464
weight: 1.01331e-05
eec: 651.564
weight: 8.17062e-05
eec: 540.571
weight: 4.36763e-05
eec: 373.867
weight: 1.23599e-05
eec: 238.917
weight: 0.000261224
eec: 234.591
weight: 0.000135075
eec: 165.448
weight: 5.07565e-05
eec: 369.735
weight: 7.12207e-06
eec: 2015.77
weight: 1.46238e-07
eec: 749.786
weight: 3.37689e-05
eec: 601.664
weight: 1.18127e-06
eec: 1080.14
weight: 3.75932e-05
eec: 478.005
weight: 2.1749e-05
eec: 3234.29
weight: 9.87867e-05
eec: 591.668
weight: 0.000636078
eec: 111.834
weight: 5.65174e-05
eec: 837.082
weight: 8.27669e-06
eec: 80.7815
weight: 4.07457e-06
eec: 897.95
weight: 1.86642e-05
eec: 1639.01
weight: 1.91359e-05
eec: 315.932
weight: 0.000777381
eec: 643.99
weight: 1.72298e-05
eec: 490.033
weight: 8.16894e-05
eec: 341.512
weight: 4.31622e-05
eec: 78.911
weight: 1.85836e-05
eec: 545.964
weight: 0.00102972
eec: 352.024
weight: 9.29975e-06
eec: 1454.35
weight: 2.73431e-05
eec: 581.978
weight: 1.49351e-05
eec: 159.818
weight: 2.01064e-05
eec: 569.891
weight: 1.28217e-05
eec: 216.103
weight: 4.73066e-05
eec: 925.636
weight: 1.30351e-05
eec: 294.342
weight: 0.00019802
eec: 73.3714
weight: 6.88585e-05
eec: 25.5591
weight: 1.29362e-06
eec: 187.354
weight: 9.94178e-06
eec: 382.146
weight: 1.26325e-06
eec: 345.029
weight: 0.000133279
eec: 1051.11
weight: 8.30037e-06
eec: 4354.53
weight: 5.81817e-05
eec: 1133.49
weight: 1.77294e-05
eec: 204.7
weight: 4.3463e-05
eec: 157.098
weight: 5.30496e-05
eec: 72.4495
weight: 5.29554e-06
eec: 76.6655
weight: 4.80165e-05
eec: 714.888
weight: 0.000532163
eec: 36.8052
weight: 2.27781e-07
eec: 1898.7
weight: 0.000190713
eec: 1336.57
weight: 8.30688e-05
eec: 428.777
weight: 6.98455e-06
eec: 329.66
weight: 1.7213e-05
eec: 272.532
weight: 2.55443e-05
eec: 1925.57
weight: 0.000111772
eec: 390.735
weight: 5.45752e-06
eec: 314.606
weight: 0.00031838
eec: 30.8136
weight: 5.78509e-06
eec: 291.621
weight: 2.7328e-06
eec: 1661.57
weight: 4.84616e-05
eec: 136.513
weight: 1.2527e-05
eec: 998.74
weight: 9.46459e-06
eec: 1820.89
weight: 6.19948e-06
eec: 4769.3
weight: 0.000103484
eec: 88.9144
weight: 8.96641e-05
eec: 1970.16
weight: 4.66617e-05
eec: 1139.48
weight: 7.4594e-06
eec: 156.145
weight: 1.42054e-05
eec: 319.461
weight: 0.00018866
eec: 384.568
weight: 5.544e-08
eec: 135.813
weight: 4.52952e-05
eec: 237.512
weight: 4.95843e-07
eec: 416.363
weight: 8.17511e-05
eec: 165.425
weight: 9.72284e-05
eec: 247.594
weight: 2.3697e-06
eec: 503.263
weight: 2.45051e-06
eec: 735.781
weight: 0.000262073
eec: 56.2159
weight: 0.000416804
eec: 1062.84
weight: 9.32547e-06
eec: 369.354
weight: 8.22834e-07
eec: 887.195
weight: 6.54762e-06
eec: 766.762
weight: 5.13167e-07
eec: 255.026
weight: 0.000319425
eec: 830.878
weight: 1.25888e-06
eec: 1363.03
weight: 3.23968e-05
eec: 877.616
weight: 0.000129469
eec: 197.684
weight: 9.02446e-05
eec: 90.114
weight: 1.00502e-05
eec: 40.9894
weight: 5.73381e-05
eec: 51.2985
weight: 0.000153533
eec: 1039.02
weight: 6.13553e-05
eec: 476.175
weight: 2.97729e-07
eec: 130.102
weight: 2.98511e-05
eec: 959.594
weight: 1.77101e-05
eec: 1269.2
weight: 0.000307578
eec: 156.745
weight: 5.54848e-08
eec: 122.347
weight: 1.39472e-05
eec: 178.52
weight: 0.000283189
eec: 868.426
weight: 7.7929e-05
eec: 55.9888
weight: 6.33726e-05
eec: 752.99
weight: 1.42227e-05
eec: 223.483
weight: 7.24255e-05
eec: 1062.28
weight: 6.41402e-06
eec: 1583.11
weight: 0.00010421
eec: 116.338
weight: 7.6731e-06
eec: 1269.97
weight: 2.85504e-06
eec: 210.891
weight: 0.000447993
eec: 334.746
weight: 0.000685196
eec: 93.825
weight: 2.65697e-06
eec: 148.487
weight: 6.41173e-05
eec: 1234.82
weight: 6.41173e-05
eec: 201.903
weight: 1.87451e-06
eec: 1256.29
weight: 0.000126011
eec: 359.746
weight: 4.76845e-05
eec: 925.722
weight: 0.000163095
eec: 312.888
weight: 5.06061e-05
eec: 166.554
weight: 6.43246e-05
eec: 299.498
weight: 0.00167589
eec: 504.094
weight: 9.21447e-08
eec: 257.062
weight: 0.000451916
eec: 49.297
weight: 0.00125091
eec: 48.2505
weight: 0.000239484
eec: 282.628
weight: 3.03711e-06
eec: 765.863
weight: 0.000296635
eec: 876.12
weight: 0.00015592
eec: 1091.12
weight: 4.86362e-05
eec: 563.823
weight: 1.33806e-06
eec: 2583.7
weight: 5.39855e-05
eec: 1878.69
weight: 4.3827e-06
eec: 1168.55
weight: 6.59723e-06
eec: 66.5663
weight: 5.12113e-05
eec: 26.5584
weight: 2.38544e-05
eec: 1728.53
weight: 1.34703e-07
eec: 121.243
weight: 8.03717e-05
eec: 568.997
weight: 0.000108222
eec: 62.6549
weight: 4.03051e-05
eec: 101.88
weight: 7.03509e-05
eec: 759.427
weight: 1.08058e-05
eec: 3781.47
weight: 0.000124594
eec: 256.581
weight: 1.73692e-05
eec: 1933.19
Processing: 21.6667 %weight: 1.13842e-06
eec: 54.852
weight: 2.18955e-05
eec: 309.187
weight: 0.000181918
eec: 617.247
weight: 1.07165e-08
eec: 1224.27
weight: 1.01257e-05
eec: 178.282
weight: 3.24714e-05
eec: 586.031
weight: 1.59721e-06
eec: 92.8824
weight: 0.000177974
eec: 721.344
weight: 6.74622e-05
eec: 550.098
weight: 0.000104
eec: 60.0531
weight: 5.92328e-06
eec: 402.688
weight: 1.07087e-05
eec: 211.901
weight: 7.57579e-06
eec: 447.478
weight: 5.8867e-08
eec: 1266.3
weight: 1.90295e-06
eec: 196.064
weight: 8.19036e-06
eec: 753.539
weight: 7.26987e-05
eec: 688.247
weight: 0.00025234
eec: 509.09
weight: 5.95714e-05
eec: 965.483
weight: 6.98869e-06
eec: 1044.49
weight: 7.08459e-06
eec: 3257.68
weight: 4.28635e-06
eec: 436.958
weight: 1.77807e-05
eec: 1615.5
weight: 0.000408218
eec: 312.464
weight: 0.000159265
eec: 292.35
weight: 7.81688e-07
eec: 92.9068
weight: 5.11492e-05
eec: 24.5619
weight: 8.71896e-05
eec: 62.558
weight: 4.07975e-05
eec: 153.648
weight: 1.49014e-05
eec: 1555.44
weight: 5.99839e-06
eec: 1225.52
weight: 3.70175e-06
eec: 154.918
weight: 7.8116e-07
eec: 219.866
weight: 2.8393e-05
eec: 1140.73
weight: 2.24375e-05
eec: 399.124
weight: 1.74695e-05
eec: 1055.32
weight: 2.69836e-07
eec: 300.942
weight: 3.85248e-06
eec: 65.515
weight: 0.000268656
eec: 159.248
weight: 2.78319e-06
eec: 112.067
weight: 1.91652e-05
eec: 194.524
weight: 3.00382e-05
eec: 260.842
weight: 5.97498e-06
eec: 426.105
weight: 1.89443e-05
eec: 74.4558
weight: 4.35782e-06
eec: 109.927
weight: 7.92749e-05
eec: 466.181
weight: 2.69728e-05
eec: 702.863
weight: 8.69303e-06
eec: 338.333
weight: 0.000166726
eec: 737.176
weight: 1.40048e-05
eec: 3604.22
weight: 4.7216e-05
eec: 2226.95
weight: 0.000210686
eec: 1241.97
weight: 3.44514e-05
eec: 140.232
weight: 4.43527e-07
eec: 403.814
weight: 2.46255e-06
eec: 162.336
weight: 0.000223713
eec: 430.884
weight: 5.99898e-05
eec: 378.503
weight: 4.51216e-06
eec: 289.616
weight: 2.17642e-05
eec: 20.6859
weight: 1.28489e-05
eec: 914.536
weight: 0.000958805
eec: 247.47
weight: 1.82748e-05
eec: 528.366
weight: 0.000395458
eec: 295.62
weight: 1.12823e-07
eec: 126.489
weight: 6.80016e-05
eec: 214.023
weight: 4.49402e-05
eec: 288.751
weight: 3.4852e-05
eec: 544.31
weight: 0.000796652
eec: 597.954
weight: 3.86362e-05
eec: 545.608
weight: 7.74487e-06
eec: 2110.44
weight: 0.000128684
eec: 204.983
weight: 2.11826e-05
eec: 2054.17
weight: 3.52206e-06
eec: 806.513
weight: 4.29672e-05
eec: 46.9424
weight: 5.64022e-05
eec: 272.255
weight: 8.47534e-06
eec: 5.5356
weight: 1.60632e-05
eec: 3873.83
weight: 1.55653e-05
eec: 739.362
weight: 6.84936e-06
eec: 51.806
weight: 0.00028301
eec: 540.372
weight: 2.34593e-05
eec: 332.288
weight: 2.0719e-07
eec: 547.079
weight: 2.05194e-05
eec: 84.3856
weight: 1.65382e-07
eec: 413.534
weight: 0.000121446
eec: 359.433
weight: 1.34676e-05
eec: 892.551
weight: 1.35596e-05
eec: 729.62
weight: 0.000146644
eec: 62.3305
weight: 9.80081e-05
eec: 68.6231

ROOT exit code = 0
