gSystem->Load("run_condor_job_Run3_C.so");
run_condor_job_Run3(55, 100, 2,
                    80, 200,
                    1, 1, 1, 0);
.q

ENTERED run_condor_job_Run3()
JOBID = 55
  global job = 55  Job 55/100  events [3296700, 3356640)  total=5994000
Processing events [3296700, 3356640) of 5994000
weight: 1.78019e-05
eec: 115.139
weight: 1.04759e-05
eec: 5.50272
weight: 0.000137491
eec: 556.131
weight: 0.000100792
eec: 98.8185
weight: 3.29226e-05
eec: 368.16
weight: 3.24425e-05
eec: 1041.84
weight: 0.000425001
eec: 540.363
weight: 1.39846e-05
eec: 2698.18
weight: 8.84141e-06
eec: 1791.16
weight: 1.13923e-06
eec: 69.6798
Processing: 55.0551 %weight: 3.70303e-05
eec: 111.758
weight: 4.07841e-05
eec: 963.223
weight: 0.00021365
eec: 156.818
weight: 1.00773e-05
eec: 1102.31
weight: 2.16071e-05
eec: 137.407
weight: 5.27836e-05
eec: 43.6834
weight: 2.0555e-06
eec: 261.338
weight: 1.1765e-05
eec: 193.864
weight: 9.06812e-06
eec: 601.732
weight: 0.000298735
eec: 155.529
weight: 4.12416e-05
eec: 1104.89
weight: 1.8595e-05
eec: 94.8133
weight: 1.84258e-06
eec: 131.3
weight: 9.60938e-05
eec: 198.78
weight: 1.20303e-05
eec: 389.792
weight: 0.000282262
eec: 591.224
weight: 2.53851e-05
eec: 921.379
weight: 1.69795e-05
eec: 1293.34
weight: 4.17824e-05
eec: 296.691
weight: 3.45906e-05
eec: 2014.57
weight: 4.49917e-07
eec: 1560.2
weight: 4.58481e-05
eec: 262.137
weight: 7.02543e-07
eec: 678.433
weight: 0.000148008
eec: 248.639
weight: 8.41965e-06
eec: 37.0349
weight: 3.00558e-06
eec: 55.2199
weight: 9.47066e-05
eec: 349.213
weight: 0.000163308
eec: 45.1471
weight: 1.24257e-05
eec: 782.725
weight: 0.00200397
eec: 300.597
weight: 4.2656e-05
eec: 183.97
weight: 1.89451e-07
eec: 314.773
weight: 3.97824e-05
eec: 845.255
weight: 5.73034e-06
eec: 769.29
weight: 0.000150707
eec: 568.216
weight: 8.85125e-05
eec: 194.441
weight: 5.80913e-05
eec: 85.966
weight: 2.96069e-06
eec: 660.708
weight: 8.64446e-06
eec: 62.4814
weight: 1.35764e-05
eec: 688.345
weight: 1.54786e-05
eec: 156.735
weight: 0.000831998
eec: 257.136
weight: 4.49548e-05
eec: 460.439
weight: 1.61871e-05
eec: 720.84
weight: 9.07326e-06
eec: 816.905
weight: 2.0217e-05
eec: 468.957
weight: 0.000186208
eec: 266.591
weight: 7.43717e-05
eec: 291.087
weight: 2.59572e-05
eec: 935.106
weight: 3.09252e-08
eec: 522.55
weight: 2.42811e-05
eec: 769.65
weight: 6.36473e-05
eec: 214.259
weight: 5.18861e-06
eec: 702.709
weight: 3.25966e-05
eec: 329.187
weight: 9.09528e-05
eec: 198.803
weight: 1.75038e-05
eec: 1538.54
weight: 2.29694e-06
eec: 3878.67
weight: 0.000127234
eec: 38.746
weight: 0.000114443
eec: 66.3519
weight: 8.50004e-06
eec: 22.0885
weight: 1.19462e-06
eec: 1284.13
weight: 1.19462e-06
eec: 121.075
weight: 0.000145678
eec: 244.28
weight: 6.85013e-06
eec: 2440.19
weight: 1.44763e-05
eec: 209.364
weight: 3.15808e-06
eec: 416.717
weight: 2.22699e-06
eec: 255.686
weight: 3.45208e-05
eec: 314.844
weight: 0.000145726
eec: 135.495
weight: 5.29415e-05
eec: 100.091
weight: 7.79756e-06
eec: 160.805
weight: 2.73098e-05
eec: 2341.68
weight: 0.000909634
eec: 496.039
weight: 9.10054e-06
eec: 108.344
weight: 0.000127156
eec: 779.902
weight: 0.000543367
eec: 922.942
weight: 7.83609e-06
eec: 436.603
weight: 1.12824e-05
eec: 59.219
weight: 6.37126e-06
eec: 115.951
weight: 0.000339615
eec: 436.041
weight: 1.0266e-05
eec: 484.631
weight: 0.000102396
eec: 180.476
weight: 4.2165e-05
eec: 399.236
weight: 4.2165e-05
eec: 81.7232
weight: 7.99658e-05
eec: 710.028
weight: 2.3817e-06
eec: 763.268
weight: 3.3126e-05
eec: 1148.37
weight: 1.97647e-06
eec: 767.242
weight: 2.27277e-06
eec: 95.5871
weight: 5.52701e-05
eec: 99.0776
weight: 1.4967e-07
eec: 2210.28
weight: 3.0677e-05
eec: 206.997
weight: 0.000607772
eec: 987.044
weight: 0.000588616
eec: 2052.23
weight: 0.000317055
eec: 537.32
weight: 1.11616e-05
eec: 2125.42
weight: 5.95351e-07
eec: 166.816
weight: 8.02557e-06
eec: 55.448
weight: 5.13171e-06
eec: 811.364
weight: 8.56682e-06
eec: 781.277
weight: 8.94841e-06
eec: 913.292
weight: 1.64017e-06
eec: 2152.69
weight: 1.10916e-06
eec: 707.822
weight: 2.88378e-05
eec: 973.012
weight: 5.2301e-06
eec: 1065.46
weight: 5.65958e-05
eec: 708.094
weight: 1.38406e-05
eec: 1030.48
weight: 8.48472e-08
eec: 162.778
weight: 3.59742e-05
eec: 339.67
weight: 0.00682835
eec: 127.06
weight: 0.00012385
eec: 41.6709
weight: 8.24383e-05
eec: 152.74
weight: 5.90301e-05
eec: 90.4516
weight: 5.33981e-06
eec: 3779.99
weight: 1.88088e-05
eec: 61.4209
weight: 2.12728e-05
eec: 1233.59
weight: 9.11166e-06
eec: 842.15
weight: 0.000378835
eec: 317.512
weight: 8.09281e-06
eec: 1171.96
weight: 3.44978e-05
eec: 39.6733
weight: 4.27242e-05
eec: 804.978
weight: 0.000155931
eec: 918.909
weight: 1.36445e-05
eec: 692.222
weight: 0.00011509
eec: 522.95
weight: 7.85676e-05
eec: 129.751
weight: 3.55877e-06
eec: 1461.78
weight: 2.31567e-05
eec: 551.804
weight: 6.63373e-05
eec: 305.16
weight: 0.000361234
eec: 235.052
weight: 2.43683e-05
eec: 1208.45
weight: 1.01979e-05
eec: 116.407
weight: 0.000130288
eec: 149.811
weight: 0.000289112
eec: 549.38
weight: 1.39209e-05
eec: 169.605
weight: 1.78156e-05
eec: 820.729
weight: 0.000283521
eec: 98.5156
weight: 4.07138e-05
eec: 599.889
weight: 0.00017014
eec: 465.181
weight: 3.85587e-06
eec: 207.439
weight: 2.14989e-05
eec: 74.8134
weight: 0.000173537
eec: 1507.47
weight: 7.02249e-06
eec: 375.947
weight: 0.000323213
eec: 468.467
weight: 8.11344e-05
eec: 624.819
weight: 7.07911e-05
eec: 2175.09
weight: 8.40022e-06
eec: 2597.75
weight: 2.21413e-05
eec: 1489.45
weight: 4.76127e-05
eec: 1664.06
weight: 5.74226e-07
eec: 464.699
weight: 7.82252e-05
eec: 731.99
weight: 2.30789e-05
eec: 1029.69
weight: 6.00175e-05
eec: 1115.92
weight: 9.30694e-06
eec: 1615.43
weight: 8.6116e-07
eec: 2317.38
weight: 0.000541952
eec: 103.475
weight: 4.42944e-05
eec: 123.303
weight: 4.42944e-05
eec: 394.611
weight: 1.07624e-05
eec: 75.4691
weight: 8.4396e-06
eec: 472.366
weight: 4.80874e-05
eec: 548.289
weight: 0.000279912
eec: 274.817
weight: 3.05887e-07
eec: 479.01
weight: 3.94203e-05
eec: 52.6451
weight: 0.00011119
eec: 55.6957
weight: 2.52978e-05
eec: 45.0259
weight: 2.30579e-05
eec: 849.284
weight: 5.46282e-05
eec: 360.359
weight: 1.3992e-05
eec: 514.624
weight: 0.000374029
eec: 448.047
weight: 0.00012607
eec: 79.9115
weight: 2.76e-05
eec: 592.491
weight: 1.98082e-05
eec: 479.819
weight: 5.1557e-05
eec: 419.538
weight: 3.2112e-05
eec: 57.1325
weight: 0.000262074
eec: 1394.11
weight: 0.000126822
eec: 583.722
weight: 5.95523e-05
eec: 146.478
weight: 1.71396e-05
eec: 1236.81
weight: 0.00017263
eec: 542.093
weight: 0.000391174
eec: 524.222
weight: 1.8979e-06
eec: 1108.74
weight: 3.03664e-05
eec: 596.435
weight: 8.91577e-06
eec: 179.86
weight: 0.000134524
eec: 146.492
weight: 6.7788e-06
eec: 36.5253
weight: 4.9116e-06
eec: 1151.17
weight: 7.01998e-07
eec: 371.446
weight: 0.000236615
eec: 394.095
weight: 0.000239755
eec: 27.3635
weight: 3.46542e-05
eec: 514.107
weight: 0.000100525
eec: 366.247
weight: 9.39034e-05
eec: 538.107
weight: 2.40818e-05
eec: 685.562
weight: 0.000447719
eec: 64.8139
weight: 5.15105e-07
eec: 401.196
weight: 0.000122696
eec: 78.2985
weight: 8.98105e-05
eec: 849.546
weight: 0.000209062
eec: 125.797
weight: 1.4446e-05
eec: 237.927
weight: 0.000504004
eec: 66.258
weight: 1.21341e-05
eec: 157.139
weight: 1.23325e-06
eec: 1867.11
weight: 0.000142127
eec: 359.95
weight: 2.65068e-05
eec: 487.198
weight: 3.8749e-05
eec: 199.419
weight: 1.53045e-05
eec: 138.097
weight: 4.23485e-05
eec: 318.17
weight: 8.63466e-05
eec: 401.95
weight: 9.27157e-06
eec: 103.008
weight: 9.23704e-06
eec: 1003.81
weight: 0.000167447
eec: 641.437
weight: 3.32727e-06
eec: 618.959
weight: 0.000242176
eec: 987.546
weight: 7.83865e-05
eec: 11.0544
weight: 2.08747e-05
eec: 270.37
Processing: 55.8892 %weight: 0.000777119
eec: 575.197
weight: 2.8271e-06
eec: 845.249
weight: 2.42628e-06
eec: 70.2441
weight: 1.78932e-05
eec: 967.861
weight: 1.50608e-05
eec: 223.391
weight: 0.000216601
eec: 126.946
weight: 4.1557e-05
eec: 389.72
weight: 4.1557e-05
eec: 121.318
weight: 3.07962e-06
eec: 323.773
weight: 9.2038e-05
eec: 341.451
weight: 0.000106969
eec: 32.7567
weight: 2.0971e-05
eec: 466.196
weight: 6.79229e-05
eec: 376.849
weight: 5.5467e-05
eec: 1482.89
weight: 1.78045e-07
eec: 73.4995
weight: 1.46404e-06
eec: 234.988
weight: 1.9385e-05
eec: 277.317
weight: 0.00015266
eec: 94.1697
weight: 7.70631e-06
eec: 126.183
weight: 8.67579e-06
eec: 101.965
weight: 2.40618e-07
eec: 530.368
weight: 0.000164003
eec: 13.3133
weight: 8.26972e-05
eec: 112.915
weight: 1.60981e-05
eec: 663.871

ROOT exit code = 0
