gSystem->Load("run_condor_job_Run3_C.so");
run_condor_job_Run3(943, 100, 2,
                    80, 200,
                    1, 1, 1, 9);
.q

ENTERED run_condor_job_Run3()
JOBID = 943
  global job = 943  Job 43/100  events [2556780, 2616240)  total=5946000
Processing events [2556780, 2616240) of 5946000
weight: 0.000320577
eec: 508.248
weight: 1.04096e-05
eec: 213.797
weight: 0.000108757
eec: 604.95
weight: 4.11943e-05
eec: 1135.83
weight: 1.58963e-05
eec: 1384.98
weight: 1.7929e-05
eec: 603.712
weight: 8.06267e-06
eec: 1840.48
weight: 9.27432e-05
eec: 282.393
weight: 0.000157391
eec: 61.3939
weight: 0.00017233
eec: 56.1147
weight: 1.31774e-06
eec: 30.2958
weight: 1.36837e-05
eec: 1968.07
weight: 1.24923e-05
eec: 576.716
weight: 0.000172124
eec: 134.21
weight: 0.000502572
eec: 56.9611
weight: 1.54949e-05
eec: 4187.38
weight: 2.46091e-05
eec: 265.775
weight: 5.4327e-06
eec: 303.515
weight: 6.6857e-05
eec: 645.992
weight: 0.000418299
eec: 159.212
weight: 7.98597e-05
eec: 660.809
weight: 1.85361e-05
eec: 407.329
weight: 7.78077e-06
eec: 1039.6
weight: 9.15391e-06
eec: 1281.32
weight: 1.04821e-05
eec: 1612.1
weight: 4.83848e-06
eec: 2810.9
weight: 2.76568e-05
eec: 172.343
weight: 7.94722e-06
eec: 95.9459
weight: 1.43435e-07
eec: 1077.56
weight: 1.20793e-05
eec: 1987.98
weight: 0.00010947
eec: 55.9926
weight: 1.43516e-05
eec: 1367.52
weight: 1.37308e-05
eec: 467.82
weight: 0.000123917
eec: 588.567
weight: 9.28605e-05
eec: 108.401
weight: 2.88881e-05
eec: 199.43
weight: 1.27295e-05
eec: 17.6214
weight: 9.07037e-06
eec: 1352.28
weight: 2.18359e-06
eec: 93.4046
weight: 4.46793e-07
eec: 390.198
weight: 1.84981e-08
eec: 387.995
weight: 2.57038e-06
eec: 32.3629
weight: 8.36595e-07
eec: 588.88
weight: 2.96563e-05
eec: 37.3708
weight: 2.02269e-05
eec: 2352.38
weight: 9.39813e-06
eec: 48.4686
weight: 3.31758e-05
eec: 75.1795
weight: 4.33511e-05
eec: 1111.01
weight: 1.3732e-05
eec: 50.5604
weight: 5.62884e-05
eec: 18.5202
weight: 6.14083e-06
eec: 1965.11
weight: 8.37724e-05
eec: 30.2329
weight: 1.7063e-05
eec: 287.041
weight: 8.8215e-05
eec: 125.293
weight: 1.71335e-05
eec: 537.477
weight: 1.36985e-06
eec: 2399.19
weight: 5.68607e-06
eec: 779.974
weight: 1.2428e-06
eec: 212.533
weight: 4.25642e-05
eec: 640.14
weight: 1.01096e-05
eec: 191.725
weight: 9.89215e-06
eec: 1700.21
weight: 4.43411e-06
eec: 30.7281
weight: 0.000209673
eec: 443.378
weight: 4.25403e-05
eec: 450.774
weight: 3.81974e-05
eec: 863.097
weight: 3.90169e-05
eec: 723.861
weight: 2.11636e-05
eec: 490.166
weight: 4.57058e-05
eec: 482.508
weight: 0.000136374
eec: 93.0549
weight: 2.68851e-05
eec: 1326.65
weight: 0.0001273
eec: 250.115
weight: 3.90644e-06
eec: 1456.22
weight: 4.23232e-05
eec: 595.453
weight: 0.00012467
eec: 145.484
weight: 9.66563e-06
eec: 13.8457
weight: 1.26476e-06
eec: 417.059
weight: 2.36465e-05
eec: 2202.99
weight: 6.67593e-08
eec: 87.6318
weight: 4.66672e-07
eec: 307.194
weight: 0.000128113
eec: 578.582
weight: 6.85447e-06
eec: 1451.48
weight: 2.92853e-05
eec: 368.995
weight: 3.53391e-05
eec: 107.559
weight: 4.27159e-05
eec: 13.6904
weight: 5.04729e-06
eec: 209.45
weight: 2.42447e-07
eec: 153.007
weight: 0.000164243
eec: 396.794
weight: 0.000759681
eec: 456.259
weight: 1.56359e-05
eec: 345.263
weight: 4.18886e-05
eec: 46.3432
weight: 4.5672e-05
eec: 106.173
weight: 2.64471e-05
eec: 568.685
weight: 9.71545e-06
eec: 28.2057
weight: 4.19386e-05
eec: 66.1419
weight: 1.30976e-05
eec: 205.602
weight: 2.51248e-05
eec: 63.0028
weight: 0.000124519
eec: 122.872
weight: 1.67919e-05
eec: 84.0163
weight: 0.000159406
eec: 59.8151
weight: 1.9126e-05
eec: 78.5251
weight: 4.53151e-06
eec: 257.376
weight: 3.23541e-05
eec: 120.357
weight: 0.000190406
eec: 268.818
weight: 5.78456e-05
eec: 3534.19
weight: 6.37384e-05
eec: 595.839
weight: 2.06926e-05
eec: 101.161
weight: 6.56038e-05
eec: 554.514
weight: 7.73281e-05
eec: 1703.75
weight: 0.000101902
eec: 576.771
weight: 2.47673e-05
eec: 453.781
weight: 5.09238e-05
eec: 477.961
weight: 0.000755495
eec: 808.073
weight: 7.77151e-06
eec: 175.952
weight: 0.000115037
eec: 323.864
weight: 2.53803e-05
eec: 186.684
weight: 8.04749e-05
eec: 149.539
weight: 2.00691e-05
eec: 457.661
weight: 1.98267e-06
eec: 66.1342
weight: 0.000138562
eec: 974.954
weight: 1.71376e-06
eec: 65.174
weight: 4.04863e-06
eec: 1273.68
weight: 5.47378e-05
eec: 453.371
weight: 2.10349e-05
eec: 91.1309
weight: 3.04758e-05
eec: 2201.99
weight: 3.63124e-05
eec: 224.225
weight: 6.99378e-06
eec: 952.036
weight: 6.78675e-05
eec: 210.085
weight: 1.84626e-05
eec: 146.369
weight: 1.22108e-05
eec: 1757.56
weight: 0.000270326
eec: 736.674
weight: 6.64398e-07
eec: 267.773
weight: 3.01162e-06
eec: 1031.65
weight: 4.54942e-05
eec: 668.391
weight: 4.03078e-05
eec: 33.5976
weight: 5.83247e-06
eec: 1182.46
weight: 3.06095e-05
eec: 329.03
weight: 1.20195e-05
eec: 1436.64
weight: 0.000296315
eec: 257.017
weight: 1.15463e-05
eec: 1580.47
weight: 9.42763e-06
eec: 760.591
weight: 0.000146397
eec: 482.092
weight: 0.00011194
eec: 166.821
weight: 1.28324e-05
eec: 672.059
weight: 5.08055e-06
eec: 1208.04
weight: 0.000101648
eec: 750.504
weight: 7.3543e-06
eec: 420.62
weight: 7.89502e-06
eec: 90.9491
weight: 1.0065e-05
eec: 7.06232
weight: 4.97191e-05
eec: 105.346
weight: 2.05789e-05
eec: 384.192
weight: 5.68935e-06
eec: 960.166
weight: 1.93069e-05
eec: 160.36
weight: 4.89002e-05
eec: 15.9738
weight: 1.47089e-06
eec: 1293.54
weight: 1.54785e-05
eec: 21.5345
weight: 0.000442402
eec: 487.026
weight: 3.95168e-05
eec: 531.374
weight: 3.96408e-05
eec: 45.6672
weight: 7.22612e-05
eec: 227.859
weight: 5.19498e-05
eec: 565.834
weight: 5.36403e-05
eec: 1541.27
weight: 3.82975e-05
eec: 43.3344
weight: 7.85944e-06
eec: 623.16
weight: 6.03063e-07
eec: 2610.63
weight: 0.000528345
eec: 372.98
weight: 7.80226e-05
eec: 174.663
weight: 8.43665e-07
eec: 1574.91
weight: 3.68481e-07
eec: 195.06
weight: 2.79449e-06
eec: 48.6399
weight: 5.31702e-06
eec: 596.513
weight: 2.90431e-05
eec: 364.336
weight: 2.16327e-05
eec: 572.924
weight: 5.39221e-05
eec: 564.961
weight: 3.14468e-05
eec: 1626.15
weight: 0.000507466
eec: 791.288
weight: 8.69485e-05
eec: 184.853
weight: 8.33123e-05
eec: 529.43
weight: 2.35507e-05
eec: 67.1791
weight: 5.60139e-06
eec: 321.183
weight: 6.4552e-05
eec: 606.38
weight: 5.97431e-06
eec: 95.9585
weight: 4.79929e-06
eec: 806.559
weight: 1.51901e-05
eec: 139.017
weight: 1.78671e-06
eec: 251.397
weight: 2.26521e-05
eec: 550.948
weight: 3.9054e-05
eec: 152.842
weight: 6.43969e-05
eec: 1269.88
weight: 0.000140266
eec: 210.653
weight: 0.000342269
eec: 470.354
weight: 0.000107884
eec: 70.2792
weight: 3.04274e-06
eec: 61.3872
weight: 1.06472e-06
eec: 332.016
weight: 0.000114003
eec: 509.296
weight: 9.99186e-06
eec: 801.006
weight: 1.30394e-05
eec: 265.022
weight: 0.000187304
eec: 135.589
weight: 1.3399e-05
eec: 682.678
weight: 2.46502e-05
eec: 710.89
weight: 1.03968e-05
eec: 2057.25
Processing: 43.7269 %weight: 1.84762e-05
eec: 1497.25
weight: 6.8175e-05
eec: 1099.01
weight: 1.29552e-05
eec: 218.503
weight: 0.000421953
eec: 281.538
weight: 6.92611e-05
eec: 878.901
weight: 5.95926e-05
eec: 57.0133
weight: 1.89464e-05
eec: 306.659
weight: 0.000173472
eec: 110.465
weight: 1.00111e-05
eec: 492.225
weight: 4.94251e-06
eec: 152.323
weight: 8.14788e-06
eec: 386.75
weight: 6.46896e-06
eec: 2307.56
weight: 3.32118e-06
eec: 281.992
weight: 1.3685e-05
eec: 2075.6
weight: 8.22278e-05
eec: 117.182
weight: 0.000225531
eec: 581.915
weight: 2.83977e-05
eec: 711.705
weight: 0.00123117
eec: 347.106
weight: 8.57155e-06
eec: 878.474
weight: 0.000316779
eec: 227.371
weight: 9.71911e-07
eec: 1938.18
weight: 6.17689e-06
eec: 581.295
weight: 3.4982e-05
eec: 1068.34
weight: 2.03362e-05
eec: 1073.47
weight: 7.19455e-06
eec: 1183.04
weight: 0.000897811
eec: 168.415
weight: 0.000135114
eec: 1738.22
weight: 2.60036e-05
eec: 908.688
weight: 1.16485e-05
eec: 268.235
weight: 0.000521409
eec: 948.237
weight: 9.24629e-05
eec: 639.699
weight: 3.71843e-05
eec: 74.3191
weight: 8.11499e-06
eec: 2164.6
weight: 3.498e-06
eec: 172.326
weight: 3.01424e-05
eec: 63.8371
weight: 1.05303e-07
eec: 2451.67
weight: 1.30187e-05
eec: 1132.62
weight: 1.38948e-05
eec: 1420
weight: 2.713e-05
eec: 273.817
weight: 9.60158e-05
eec: 1021.83
weight: 7.84389e-06
eec: 108.783
weight: 4.48093e-05
eec: 740.143
weight: 5.99796e-06
eec: 264.08
weight: 1.07826e-05
eec: 74.4554
weight: 0.000151194
eec: 443.766
weight: 0.000126275
eec: 67.2891
weight: 5.4032e-05
eec: 97.1295
weight: 3.10806e-05
eec: 96.8439
weight: 1.65368e-05
eec: 349.496
weight: 8.59514e-05
eec: 1462.31
weight: 8.93683e-05
eec: 524.181
weight: 1.65888e-05
eec: 3306.68
weight: 4.93958e-06
eec: 2050.58
weight: 4.32064e-07
eec: 1598.6
weight: 1.72054e-05
eec: 337.685
weight: 9.82825e-06
eec: 224.06
weight: 5.05898e-05
eec: 263.101
weight: 3.0395e-06
eec: 620.48
weight: 1.35651e-05
eec: 91.6049
weight: 6.12566e-05
eec: 616.954
weight: 4.18123e-05
eec: 843.733
weight: 2.47225e-05
eec: 107.343
weight: 1.39337e-06
eec: 498.324
weight: 5.43611e-06
eec: 238.312
weight: 0.000145833
eec: 442.225
weight: 8.96223e-06
eec: 7.55853

ROOT exit code = 0
