gSystem->Load("run_condor_job_Run3_C.so");
run_condor_job_Run3(883, 100, 2,
                    80, 200,
                    1, 1, 1, 8);
.q

ENTERED run_condor_job_Run3()
JOBID = 883
  global job = 883  Job 83/100  events [4980000, 5040000)  total=6000000
Processing events [4980000, 5040000) of 6000000
weight: 1.09388e-05
eec: 1008.49
weight: 7.42878e-05
eec: 263.992
weight: 0.000136159
eec: 89.5101
weight: 1.41204e-07
eec: 165.233
weight: 5.88443e-07
eec: 251.89
weight: 1.43882e-05
eec: 115.31
weight: 0.000346732
eec: 892.837
weight: 0.000190323
eec: 86.2261
weight: 0.000190323
eec: 465.436
weight: 3.53522e-05
eec: 317.803
weight: 5.63655e-08
eec: 136.455
weight: 4.01803e-05
eec: 336.098
weight: 4.97505e-05
eec: 80.1987
weight: 1.28831e-06
eec: 899.201
weight: 4.49447e-06
eec: 117.503
weight: 0.000307558
eec: 54.8012
weight: 1.9955e-05
eec: 1201.09
weight: 3.35755e-05
eec: 101.824
weight: 2.68649e-05
eec: 744.798
weight: 1.21822e-05
eec: 2025.68
weight: 7.55002e-05
eec: 555.492
weight: 1.05188e-05
eec: 516.393
weight: 2.04145e-06
eec: 13.6718
weight: 0.000154412
eec: 1485.76
weight: 2.18416e-05
eec: 598.414
weight: 2.57004e-06
eec: 400.629
weight: 5.12121e-07
eec: 718.333
weight: 0.000696114
eec: 538.617
weight: 1.15089e-05
eec: 453.746
weight: 0.000377271
eec: 882.723
weight: 6.94118e-06
eec: 447.814
weight: 9.82715e-06
eec: 898.012
weight: 1.66305e-07
eec: 498.732
weight: 4.05514e-05
eec: 237.275
weight: 0.00029186
eec: 147.896
weight: 2.01162e-05
eec: 173.734
weight: 3.25418e-05
eec: 230.538
weight: 4.39075e-05
eec: 168.113
weight: 9.05246e-05
eec: 305.648
weight: 0.000170557
eec: 139.226
weight: 1.099e-06
eec: 181.309
weight: 1.47267e-05
eec: 258.742
weight: 1.13331e-05
eec: 1640.05
weight: 0.000260374
eec: 578.818
weight: 0.000207872
eec: 167.337
weight: 1.60774e-05
eec: 1029.54
weight: 2.23404e-05
eec: 63.8694
weight: 8.31013e-07
eec: 266.185
weight: 1.8152e-05
eec: 314.764
weight: 4.19805e-05
eec: 774.783
weight: 1.07933e-06
eec: 359.517
weight: 4.01971e-05
eec: 554.34
weight: 7.69052e-05
eec: 399.933
weight: 1.05688e-07
eec: 484.153
weight: 2.83713e-05
eec: 27.1138
weight: 3.54083e-05
eec: 382.576
weight: 3.2346e-06
eec: 175.307
weight: 0.000529001
eec: 1146.91
weight: 1.49681e-06
eec: 518.15
weight: 2.72874e-06
eec: 505.367
weight: 7.30809e-05
eec: 869.868
weight: 5.68447e-06
eec: 465.899
weight: 3.85043e-06
eec: 206.61
weight: 5.66965e-06
eec: 1558.62
weight: 1.54453e-05
eec: 4974.51
weight: 0.000108847
eec: 789.59
weight: 1.6854e-05
eec: 710.472
weight: 3.83095e-06
eec: 78.9382
weight: 5.7717e-05
eec: 309.061
weight: 1.23867e-05
eec: 527.07
weight: 1.57669e-06
eec: 849.528
weight: 5.22271e-05
eec: 857.379
weight: 7.78718e-06
eec: 201.439
weight: 4.01086e-05
eec: 134.028
weight: 1.04362e-06
eec: 654.98
weight: 1.47961e-05
eec: 384.524
Processing: 83.3333 %weight: 7.16342e-05
eec: 257.108
weight: 1.12273e-06
eec: 2557.73
weight: 6.26949e-06
eec: 1217.22
weight: 0.000354366
eec: 207.849
weight: 2.89237e-05
eec: 2412.26
weight: 1.16433e-05
eec: 38.5612
weight: 0.000216358
eec: 694.693
weight: 3.93047e-06
eec: 258.082
weight: 5.89984e-05
eec: 85.9834
weight: 7.61282e-05
eec: 750.766
weight: 2.09105e-05
eec: 238.34
weight: 9.21063e-06
eec: 1670.18
weight: 2.39752e-06
eec: 1222.46
weight: 1.37298e-05
eec: 249.877
weight: 1.08614e-05
eec: 123.457
weight: 1.09561e-06
eec: 1646.18
weight: 1.51998e-05
eec: 670.765
weight: 3.18884e-05
eec: 666.709
weight: 0.00015713
eec: 40.1742
weight: 3.51487e-05
eec: 1002.83
weight: 2.35343e-05
eec: 844.881
weight: 0.000106567
eec: 128.605
weight: 0.000133348
eec: 254.793
weight: 4.47849e-05
eec: 69.0922
weight: 3.89349e-05
eec: 1091.3
weight: 1.2962e-05
eec: 286.298
weight: 3.37477e-07
eec: 347.721
weight: 6.51588e-05
eec: 1478.32
weight: 0.000369169
eec: 379.02
weight: 0.000130993
eec: 92.2988
weight: 4.80257e-06
eec: 1088.23
weight: 4.12884e-05
eec: 1182.24
weight: 0.000760698
eec: 120.998
weight: 2.43477e-05
eec: 101.399
weight: 8.70045e-06
eec: 2116.07
weight: 4.56187e-05
eec: 77.0189
weight: 6.37625e-06
eec: 116.24
weight: 0.000494611
eec: 716.239
weight: 3.34723e-05
eec: 490.87
weight: 2.77682e-06
eec: 204.431
weight: 3.69513e-07
eec: 124.606
weight: 0.00018787
eec: 436.448
weight: 2.83846e-05
eec: 33.7889
weight: 0.000693694
eec: 27.3845
weight: 1.27115e-06
eec: 112.827
weight: 8.55017e-06
eec: 924.249
weight: 1.9478e-05
eec: 495.519
weight: 8.71069e-07
eec: 219.133
weight: 7.23435e-05
eec: 287.854
weight: 8.08751e-05
eec: 44.2942
weight: 2.03818e-06
eec: 568.145
weight: 0.000144696
eec: 636.826
weight: 4.86825e-07
eec: 170.646
weight: 1.86324e-05
eec: 456.856
weight: 5.21691e-05
eec: 226.639
weight: 0.000298419
eec: 64.2078
weight: 9.40927e-06
eec: 1766.69
weight: 3.36242e-06
eec: 941.047
weight: 4.51291e-06
eec: 488.934
weight: 0.000675903
eec: 222.366
weight: 0.000400473
eec: 86.7873
weight: 0.000522283
eec: 842.632
weight: 1.79317e-06
eec: 1033.47
weight: 4.56479e-05
eec: 141.972
weight: 1.61164e-05
eec: 91.715
weight: 0.000677945
eec: 337.282
weight: 1.44287e-05
eec: 854.055
weight: 1.26697e-05
eec: 466.487
weight: 4.57111e-07
eec: 426.532
weight: 1.50323e-05
eec: 1859.96
weight: 9.79169e-06
eec: 1048.7
weight: 1.70747e-05
eec: 624.415
weight: 4.31117e-05
eec: 620.254
weight: 0.000152319
eec: 888.459
weight: 6.14354e-05
eec: 812.402
weight: 5.08501e-05
eec: 371.961
weight: 0.00018581
eec: 1239.29
weight: 1.45504e-05
eec: 2288.7
weight: 4.35195e-05
eec: 387.972
weight: 2.91555e-05
eec: 1332.45
weight: 2.61951e-06
eec: 551.335
weight: 0.000328302
eec: 652.687
weight: 2.22171e-05
eec: 362.62
weight: 1.75174e-05
eec: 1442.61
weight: 2.2542e-05
eec: 268.259
weight: 1.41175e-05
eec: 329.596
weight: 0.000143068
eec: 144.914
weight: 1.09683e-06
eec: 914.151
weight: 2.38036e-07
eec: 1433.93
weight: 6.35139e-05
eec: 198.585
weight: 3.81954e-05
eec: 748.179
weight: 1.63326e-06
eec: 1490.26
weight: 5.19191e-05
eec: 92.1809
weight: 8.37694e-07
eec: 692.589
weight: 4.03894e-06
eec: 232.23
weight: 3.99568e-05
eec: 174.155
weight: 0.000236512
eec: 2815.78
weight: 3.40327e-05
eec: 238.29
weight: 9.47055e-05
eec: 384.003
weight: 2.2727e-05
eec: 493.406
weight: 0.00125384
eec: 1414.4
weight: 6.84597e-06
eec: 212.872
weight: 1.6269e-05
eec: 113.162
weight: 1.50585e-06
eec: 160.669
weight: 0.00010219
eec: 110.249
weight: 1.40368e-05
eec: 157.608
weight: 1.09981e-05
eec: 1501.53
weight: 6.04041e-05
eec: 1213.58
weight: 2.62664e-05
eec: 77.3525
weight: 4.01639e-05
eec: 1338.21
weight: 5.05619e-06
eec: 181.805
weight: 9.69752e-06
eec: 861.9
weight: 7.32072e-05
eec: 390.118
weight: 0.000466702
eec: 88.5352
weight: 6.54696e-06
eec: 31.152
weight: 3.97094e-05
eec: 150.417
weight: 4.82455e-06
eec: 216.055
weight: 7.99264e-05
eec: 436.919
weight: 0.000479081
eec: 891.269
weight: 1.41011e-05
eec: 213.252
weight: 1.58891e-05
eec: 825.214
weight: 2.09013e-05
eec: 819.879
weight: 1.36983e-05
eec: 534.936
weight: 1.1649e-05
eec: 212.319
weight: 2.08742e-05
eec: 17.5848
weight: 2.41346e-06
eec: 56.0389
weight: 5.89736e-06
eec: 166.917
weight: 5.98884e-07
eec: 631.781
weight: 6.91951e-05
eec: 238.407
weight: 9.58144e-07
eec: 139.456
weight: 3.30818e-05
eec: 206.747
weight: 0.000100031
eec: 519.388
weight: 3.08098e-05
eec: 50.8283
weight: 2.34529e-05
eec: 361.491
weight: 4.55977e-05
eec: 1089.16
weight: 5.14778e-05
eec: 1288.78
weight: 1.11647e-06
eec: 1698.97
weight: 0.000380547
eec: 478.724
weight: 1.08223e-05
eec: 1773.54
weight: 3.95894e-05
eec: 44.345
weight: 0.00014046
eec: 607.758
weight: 3.36817e-05
eec: 397.219
weight: 0.000112438
eec: 478.142
weight: 0.000126839
eec: 1208.93
weight: 2.07836e-05
eec: 1177.62
weight: 0.000110472
eec: 252.046
weight: 2.72241e-05
eec: 241.047
weight: 1.23938e-05
eec: 1237.35
weight: 4.61575e-05
eec: 1170.08
weight: 2.24956e-05
eec: 1090.35
weight: 5.44172e-06
eec: 1388.79
weight: 3.17998e-06
eec: 1008.96
weight: 3.23138e-05
eec: 179.504
weight: 1.0411e-05
eec: 265.994
weight: 0.000100532
eec: 175.701
weight: 2.08299e-05
eec: 947.119

ROOT exit code = 0
