gSystem->Load("run_condor_job_Run3_C.so");
run_condor_job_Run3(674, 100, 2,
                    80, 200,
                    1, 1, 1, 6);
.q

ENTERED run_condor_job_Run3()
JOBID = 674
  global job = 674  Job 74/100  events [4364520, 4423500)  total=5898000
Processing events [4364520, 4423500) of 5898000
weight: 7.19794e-05
eec: 111.231
weight: 4.47222e-07
eec: 626.255
weight: 8.60173e-07
eec: 1396.46
weight: 2.18814e-05
eec: 491.768
weight: 1.37487e-05
eec: 1275.37
weight: 6.13459e-05
eec: 608.004
weight: 2.52551e-05
eec: 1258.07
weight: 8.48892e-07
eec: 169.706
weight: 0.00061123
eec: 392.078
weight: 0.000444758
eec: 531.389
weight: 1.17086e-05
eec: 725.39
weight: 0.000523687
eec: 174.9
weight: 8.42743e-05
eec: 258.272
weight: 5.12739e-06
eec: 637.501
weight: 1.10673e-05
eec: 90.9091
weight: 7.75067e-05
eec: 94.0833
weight: 9.55682e-06
eec: 215.525
weight: 6.72512e-06
eec: 48.4957
weight: 2.08889e-05
eec: 55.9648
weight: 1.77573e-05
eec: 152.32
weight: 9.41789e-07
eec: 390.155
weight: 4.55677e-06
eec: 1084.59
weight: 4.55677e-06
eec: 456.274
weight: 0.000741309
eec: 171.318
weight: 5.64868e-08
eec: 265.042
weight: 0.000262102
eec: 26.1526
weight: 1.7206e-06
eec: 1520.7
weight: 0.000724101
eec: 384.552
weight: 1.55905e-05
eec: 9.1317
weight: 1.19531e-06
eec: 988.298
weight: 4.28942e-06
eec: 485.636
weight: 8.23799e-05
eec: 542.205
weight: 2.9869e-06
eec: 387.184
weight: 5.29125e-06
eec: 356.448
weight: 0.000813569
eec: 628.502
weight: 4.65376e-06
eec: 1607.91
weight: 1.50583e-05
eec: 651.579
weight: 4.25383e-05
eec: 491.89
weight: 4.88303e-06
eec: 275.757
weight: 1.99224e-05
eec: 184.72
weight: 7.11853e-05
eec: 264.03
weight: 9.63706e-06
eec: 902.686
weight: 1.19513e-05
eec: 449.561
weight: 8.84871e-05
eec: 390.164
weight: 8.65133e-06
eec: 183.163
weight: 0.000114526
eec: 1236.96
weight: 2.47265e-05
eec: 102.001
weight: 4.43296e-06
eec: 966.271
weight: 2.62369e-06
eec: 854.654
weight: 0.00117936
eec: 181.177
weight: 2.44468e-05
eec: 558.639
weight: 7.76346e-07
eec: 1255.59
weight: 3.15148e-05
eec: 133.869
weight: 7.0332e-05
eec: 428.161
weight: 0.00049543
eec: 148.841
weight: 4.41168e-05
eec: 912.686
weight: 1.10026e-05
eec: 1042.7
weight: 0.000149284
eec: 178.537
weight: 9.66611e-06
eec: 371.208
weight: 1.21607e-05
eec: 629.291
weight: 0.000193195
eec: 621.414
weight: 2.66021e-05
eec: 2219.09
weight: 2.95555e-05
eec: 29.1552
weight: 0.000109404
eec: 206.864
weight: 8.92974e-05
eec: 248.782
weight: 8.11455e-05
eec: 245.723
weight: 3.21465e-06
eec: 81.1341
weight: 9.83481e-06
eec: 1003.39
weight: 3.02488e-06
eec: 96.7048
weight: 0.000180348
eec: 119.4
weight: 3.14675e-05
eec: 910.876
weight: 1.02381e-05
eec: 45.3465
weight: 0.000230261
eec: 48.8485
weight: 0.000178
eec: 33.1184
weight: 1.80881e-05
eec: 323.648
weight: 8.60603e-05
eec: 333.357
weight: 1.64571e-05
eec: 257.152
weight: 0.00015215
eec: 774.218
weight: 5.87093e-06
eec: 113.716
weight: 3.48627e-05
eec: 508.675
weight: 0.000261815
eec: 58.5056
weight: 7.55754e-07
eec: 536.045
weight: 7.55754e-07
eec: 584.82
weight: 2.8609e-05
eec: 225.464
weight: 2.72722e-05
eec: 469.283
weight: 0.000718033
eec: 41.8522
weight: 2.73929e-05
eec: 743.843
weight: 7.05754e-05
eec: 139.243
weight: 0.000101177
eec: 1018.35
weight: 8.84473e-05
eec: 198.729
weight: 0.00010994
eec: 191.013
weight: 7.46297e-05
eec: 1093.29
weight: 5.81512e-05
eec: 330.144
weight: 1.47868e-05
eec: 1758.6
weight: 4.0582e-06
eec: 199.906
weight: 0.000173587
eec: 671.589
weight: 4.20667e-07
eec: 1170.13
weight: 0.000472367
eec: 66.4826
weight: 2.98838e-06
eec: 873.42
weight: 1.55397e-05
eec: 62.249
weight: 5.59013e-05
eec: 486.594
weight: 1.34894e-05
eec: 865.164
weight: 1.27909e-06
eec: 192.803
weight: 4.54618e-05
eec: 982.737
weight: 3.67717e-05
eec: 386.689
weight: 5.91387e-07
eec: 486.943
weight: 7.71063e-07
eec: 14.6531
weight: 1.3617e-06
eec: 30.2517
weight: 3.57942e-05
eec: 179.666
weight: 1.88209e-05
eec: 3903.04
weight: 0.000107756
eec: 496.088
weight: 2.85344e-06
eec: 1508.15
weight: 0.000128654
eec: 91.6178
weight: 2.83098e-06
eec: 18.9024
weight: 1.79526e-05
eec: 57.2199
weight: 1.02087e-06
eec: 36.0749
weight: 1.46439e-05
eec: 123.464
weight: 2.8125e-06
eec: 508.805
weight: 6.93751e-06
eec: 1339.69
weight: 3.66005e-06
eec: 977.345
weight: 3.04773e-05
eec: 29.8405
weight: 1.92903e-07
eec: 1776.92
weight: 3.45613e-05
eec: 371.423
weight: 4.66332e-05
eec: 123.768
weight: 2.35398e-05
eec: 263.053
weight: 1.22614e-05
eec: 3380.53
weight: 1.23922e-05
eec: 654.177
weight: 7.51466e-06
eec: 279.291
weight: 0.000218017
eec: 1166.55
weight: 0.000151932
eec: 512
weight: 8.91202e-05
eec: 677.424
weight: 0.000177088
eec: 386.052
weight: 2.32591e-05
eec: 1109.78
weight: 8.27259e-05
eec: 223.738
weight: 9.93074e-06
eec: 209.51
weight: 0.000279498
eec: 25.2871
weight: 3.20608e-05
eec: 618.077
weight: 0.000115606
eec: 199.755
weight: 0.000129202
eec: 378.461
weight: 2.05287e-05
eec: 1108.37
weight: 2.47123e-05
eec: 906.381
weight: 5.68372e-06
eec: 211.153
weight: 4.08333e-05
eec: 466.031
weight: 0.00016788
eec: 81.0304
weight: 0.000238654
eec: 188.049
weight: 2.04589e-06
eec: 1248.85
weight: 3.83675e-06
eec: 1633.28
weight: 5.31229e-05
eec: 636.686
weight: 0.000124154
eec: 401.149
weight: 2.65833e-06
eec: 632.873
weight: 0.000173842
eec: 490.352
weight: 0.000511897
eec: 25.4867
weight: 2.39229e-05
eec: 100.585
weight: 9.73508e-08
eec: 909.053
weight: 7.48153e-06
eec: 699.512
weight: 5.78342e-06
eec: 799.159
weight: 2.80928e-05
eec: 159.007
weight: 6.14729e-06
eec: 178.739
weight: 6.36089e-05
eec: 93.7055
weight: 4.73333e-06
eec: 1452.11
weight: 2.30531e-05
eec: 2281.38
Processing: 74.6016 %weight: 3.21741e-08
eec: 49.4912
weight: 1.5744e-05
eec: 167.424
weight: 0.00159668
eec: 1072.34
weight: 7.53754e-05
eec: 207.86
weight: 0.000370451
eec: 78.6177
weight: 4.03868e-05
eec: 108.954
weight: 2.18908e-08
eec: 84.9345
weight: 2.40643e-05
eec: 1453.34
weight: 1.06738e-06
eec: 149.888
weight: 1.78242e-06
eec: 1737.88
weight: 3.57522e-05
eec: 15.8149
weight: 0.000259335
eec: 29.8655
weight: 7.07528e-06
eec: 51.9628
weight: 1.65805e-05
eec: 1392.5
weight: 1.49539e-05
eec: 1441.46
weight: 0.000450392
eec: 148.484
weight: 4.00622e-06
eec: 632.932
weight: 9.52494e-06
eec: 955.08
weight: 3.00303e-05
eec: 1870.17
weight: 1.26675e-05
eec: 62.9197
weight: 0.000613226
eec: 1156.21
weight: 2.48555e-05
eec: 293.165
weight: 0.00045636
eec: 657.1
weight: 2.24896e-05
eec: 200.461
weight: 0.000148373
eec: 365.754
weight: 0.000102053
eec: 199.675
weight: 7.00518e-05
eec: 141.864
weight: 0.000480081
eec: 553.374
weight: 8.8808e-06
eec: 88.8035
weight: 1.71864e-07
eec: 634.661
weight: 2.29327e-05
eec: 377.24
weight: 3.21329e-06
eec: 739.827
weight: 1.88751e-05
eec: 674.837
weight: 0.000107259
eec: 98.0545
weight: 4.86594e-05
eec: 795.93
weight: 0.000112748
eec: 461.339
weight: 0.00012129
eec: 776.867
weight: 7.75994e-06
eec: 333.104
weight: 6.38855e-05
eec: 37.0623
weight: 3.27283e-05
eec: 41.4852
weight: 0.000274851
eec: 76.3435
weight: 4.01989e-05
eec: 198.626
weight: 0.000160669
eec: 668.257
weight: 5.18835e-06
eec: 1629.97
weight: 0.000970754
eec: 182.638
weight: 2.70279e-05
eec: 480.571
weight: 2.82397e-06
eec: 360.372
weight: 6.25829e-06
eec: 601.342
weight: 4.61673e-05
eec: 106.629
weight: 3.72112e-05
eec: 17.3553
weight: 6.68046e-05
eec: 170.736
weight: 0.000209422
eec: 177.971
weight: 0.000168677
eec: 1354.5
weight: 9.95402e-06
eec: 1328.74
weight: 7.75232e-06
eec: 250.767
weight: 3.17384e-07
eec: 941.58
weight: 2.43301e-05
eec: 201.933
weight: 3.1999e-05
eec: 1241.92
weight: 9.04983e-05
eec: 1662.02
weight: 4.95606e-05
eec: 2157.97
weight: 1.93949e-06
eec: 3321.2
weight: 0.00127288
eec: 58.2189
weight: 2.18417e-05
eec: 657.963
weight: 1.44846e-05
eec: 1540.16
weight: 1.05231e-05
eec: 469.416
weight: 1.62943e-05
eec: 2415.78
weight: 1.25029e-05
eec: 213.165
weight: 2.01378e-06
eec: 217.093
weight: 1.19969e-05
eec: 400.307
weight: 1.83659e-06
eec: 784.1
weight: 0.000201995
eec: 236.277
weight: 1.20716e-05
eec: 864.427
weight: 9.94693e-05
eec: 240.796
weight: 4.50419e-05
eec: 957.659
weight: 0.000340266
eec: 170.319
weight: 5.67428e-05
eec: 946.415
weight: 0.000214114
eec: 908.516
weight: 6.97864e-05
eec: 90.7499
weight: 2.08572e-05
eec: 777.318
weight: 4.40774e-05
eec: 1450.93
weight: 5.63778e-05
eec: 503.906
weight: 6.18445e-05
eec: 519.717
weight: 7.29537e-06
eec: 505.106
weight: 4.96415e-05
eec: 123.412
weight: 7.09589e-08
eec: 3264.66
weight: 2.39587e-05
eec: 113.617
weight: 5.41091e-05
eec: 81.7109
weight: 3.56267e-05
eec: 764.864

ROOT exit code = 0
