gSystem->Load("run_condor_job_Run3_C.so");
run_condor_job_Run3(94, 100, 2,
                    80, 200,
                    1, 1, 1, 0);
.q

ENTERED run_condor_job_Run3()
JOBID = 94
  global job = 94  Job 94/100  events [5634360, 5694300)  total=5994000
Processing events [5634360, 5694300) of 5994000
weight: 1.85452e-06
eec: 143.735
weight: 1.01179e-05
eec: 64.9208
weight: 0.000373558
eec: 281.973
weight: 0.000340126
eec: 904.667
weight: 0.000136995
eec: 41.6158
weight: 7.15591e-06
eec: 534.944
weight: 4.81854e-05
eec: 1713.75
weight: 3.51952e-06
eec: 285.594
weight: 1.78767e-05
eec: 155.384
weight: 6.26032e-05
eec: 1687.57
weight: 5.23239e-06
eec: 798.945
weight: 9.64284e-05
eec: 106.852
weight: 0.000156605
eec: 918.469
weight: 9.84598e-06
eec: 529.358
weight: 0.000263886
eec: 910.856
weight: 7.55348e-05
eec: 704.593
weight: 1.10196e-05
eec: 295.525
weight: 2.99524e-05
eec: 1651.45
weight: 2.18595e-05
eec: 318.172
weight: 0.00133536
eec: 95.5555
weight: 1.64819e-06
eec: 2770.96
weight: 0.000118631
eec: 275.674
weight: 3.21103e-05
eec: 1533.78
weight: 5.72134e-06
eec: 340.064
weight: 8.86335e-06
eec: 677.13
weight: 7.78328e-05
eec: 247.97
weight: 0.00123831
eec: 165.327
weight: 0.000130515
eec: 43.5396
weight: 8.27188e-06
eec: 62.011
weight: 2.69291e-05
eec: 58.0389
weight: 6.15124e-06
eec: 1039.34
weight: 9.56882e-05
eec: 366.458
weight: 0.000596454
eec: 163.151
weight: 8.47067e-05
eec: 76.1771
weight: 2.52542e-05
eec: 266.084
weight: 2.34879e-05
eec: 669.926
weight: 1.66734e-05
eec: 1326.72
weight: 8.21244e-05
eec: 361.114
weight: 3.9022e-05
eec: 120.778
weight: 1.12574e-06
eec: 1921.96
weight: 6.20539e-06
eec: 374.695
weight: 7.99437e-06
eec: 280.518
weight: 6.98061e-05
eec: 957.874
weight: 0.000139678
eec: 71.7867
weight: 3.215e-07
eec: 47.2801
weight: 1.32222e-05
eec: 269.372
weight: 1.0914e-05
eec: 42.9943
weight: 3.22327e-05
eec: 949.669
weight: 1.18664e-05
eec: 1314.22
weight: 9.00175e-07
eec: 118.945
weight: 4.39363e-06
eec: 372.531
weight: 2.03576e-06
eec: 1815.28
weight: 8.69938e-06
eec: 956.186
weight: 2.03142e-07
eec: 114.459
weight: 9.49566e-05
eec: 60.4097
weight: 6.348e-07
eec: 1290.14
weight: 2.76667e-05
eec: 195.699
weight: 4.74362e-05
eec: 75.3384
weight: 4.44824e-05
eec: 145.3
weight: 1.12971e-05
eec: 309.883
weight: 1.25303e-05
eec: 460.335
weight: 5.0621e-06
eec: 178.377
Processing: 94.2609 %weight: 0.000107855
eec: 108.541
weight: 6.367e-06
eec: 406.763
weight: 0.000113372
eec: 643.928
weight: 1.53902e-05
eec: 273.775
weight: 4.59563e-06
eec: 786.046
weight: 0.000523751
eec: 45.4912
weight: 8.94879e-05
eec: 127.44
weight: 8.62486e-05
eec: 74.611
weight: 9.66007e-06
eec: 168.084
weight: 0.000495342
eec: 172.095
weight: 3.1163e-06
eec: 43.4013
weight: 4.29756e-05
eec: 1447.3
weight: 1.12315e-05
eec: 255.474
weight: 4.48849e-05
eec: 642.628
weight: 8.74278e-05
eec: 1423.8
weight: 3.93584e-07
eec: 582.357
weight: 9.86514e-06
eec: 803.189
weight: 0.000294252
eec: 972.12
weight: 6.63685e-06
eec: 165.412
weight: 1.40435e-08
eec: 465.008
weight: 4.12385e-06
eec: 521.12
weight: 7.09264e-05
eec: 157.25
weight: 8.24675e-05
eec: 288.333
weight: 2.70572e-05
eec: 867.293
weight: 2.32366e-05
eec: 175.101
weight: 0.000247628
eec: 686.4
weight: 0.000140672
eec: 84.6261
weight: 9.88557e-07
eec: 276.287
weight: 0.000633736
eec: 11.3072
weight: 0.000103892
eec: 561.585
weight: 3.19634e-05
eec: 21.4235
weight: 4.79162e-05
eec: 109.49
weight: 3.94551e-06
eec: 1695.12
weight: 2.84039e-06
eec: 612.751
weight: 2.12267e-06
eec: 1618.26
weight: 5.19729e-06
eec: 653.227
weight: 0.00163467
eec: 49.2906
weight: 1.28065e-05
eec: 440.154
weight: 5.68824e-06
eec: 912.176
weight: 0.000130045
eec: 420.779
weight: 4.86831e-05
eec: 673.311
weight: 1.60491e-05
eec: 2121.93
weight: 3.19435e-05
eec: 202.101
weight: 4.28388e-05
eec: 2706.63
weight: 0.000126507
eec: 345.678
weight: 1.97275e-05
eec: 1657.19
weight: 3.05693e-05
eec: 796.903
weight: 2.88475e-05
eec: 1451.01
weight: 1.28847e-05
eec: 1643.4
weight: 2.79913e-05
eec: 762.812
weight: 5.26656e-06
eec: 687.482
weight: 1.87358e-06
eec: 472.876
weight: 1.24443e-05
eec: 2505.5
weight: 8.84441e-07
eec: 34.9585
weight: 0.000200163
eec: 710.961
weight: 9.59711e-07
eec: 257.348
weight: 7.99147e-06
eec: 145.196
weight: 2.12121e-06
eec: 36.9122
weight: 1.01775e-05
eec: 477.972
weight: 0.000165474
eec: 190.218
weight: 2.09579e-05
eec: 24.6551
weight: 1.27657e-05
eec: 562.126
weight: 4.28224e-05
eec: 430.158
weight: 4.53517e-05
eec: 1617.56
weight: 3.24189e-05
eec: 164.745
weight: 1.31554e-05
eec: 123.151
weight: 2.09108e-05
eec: 54.1651
weight: 2.33797e-06
eec: 68.1748
weight: 5.38998e-05
eec: 328.63
weight: 5.61845e-05
eec: 823.722
weight: 3.68665e-06
eec: 902.774
weight: 4.59591e-05
eec: 663.724
weight: 3.79219e-05
eec: 180.985
weight: 0.000244525
eec: 210.71
weight: 4.59132e-05
eec: 518.476
weight: 0.00016896
eec: 769.841
weight: 5.55295e-06
eec: 529.216
weight: 1.82547e-05
eec: 233.282
weight: 5.7239e-05
eec: 1441.92
weight: 6.318e-05
eec: 133.744
weight: 8.69945e-05
eec: 274.491
weight: 5.34098e-06
eec: 542.759
weight: 1.12025e-05
eec: 273.433
weight: 1.97712e-05
eec: 1654.37
weight: 8.6989e-05
eec: 208.589
weight: 0.000569049
eec: 612.284
weight: 1.72988e-06
eec: 1549.2
weight: 1.37964e-05
eec: 111.251
weight: 4.73457e-05
eec: 578.095
weight: 2.34872e-05
eec: 239.057
weight: 7.87182e-05
eec: 652.606
weight: 9.3312e-05
eec: 295.145
weight: 0.000112929
eec: 3041.13
weight: 0.000112929
eec: 563.9
weight: 3.84812e-05
eec: 1002.91
weight: 0.000155386
eec: 191.767
weight: 0.000114838
eec: 789.952
weight: 5.87139e-06
eec: 146.348
weight: 0.000176355
eec: 368.127
weight: 2.31422e-05
eec: 1335.82
weight: 0.00297615
eec: 18.3527
weight: 9.13256e-06
eec: 1466.29
weight: 1.39346e-05
eec: 126.968
weight: 4.16754e-05
eec: 615.718
weight: 0.000368171
eec: 940.072
weight: 1.46068e-05
eec: 760.478
weight: 8.87145e-06
eec: 166.789
weight: 4.88012e-05
eec: 872.954
weight: 6.3438e-07
eec: 1993.69
weight: 0.000381127
eec: 357.807
weight: 1.2508e-05
eec: 923.821
weight: 3.45748e-06
eec: 257.564
weight: 1.01475e-07
eec: 167.141
weight: 3.04886e-05
eec: 837.018
weight: 0.000245769
eec: 110.508
weight: 0.000444676
eec: 96.9831
weight: 3.17467e-05
eec: 32.9533
weight: 1.09228e-07
eec: 91.9692
weight: 1.01091e-06
eec: 173.156
weight: 8.05601e-06
eec: 778.738
weight: 2.30799e-05
eec: 56.5829
weight: 1.85961e-07
eec: 168.374
weight: 2.651e-05
eec: 1509.31
weight: 3.03955e-05
eec: 277.689
weight: 1.28386e-05
eec: 238.366
weight: 3.08535e-05
eec: 1201.02
weight: 0.000316791
eec: 210.803
weight: 6.8502e-05
eec: 312.096
weight: 0.00081465
eec: 214.385
weight: 1.37821e-05
eec: 2064.78
weight: 2.11755e-05
eec: 2131.2
weight: 2.381e-05
eec: 1342.08
weight: 3.33957e-05
eec: 550.463
weight: 1.77898e-05
eec: 1817.69
weight: 0.000181428
eec: 780.433
weight: 1.81425e-05
eec: 3472.31
weight: 0.000107607
eec: 735.675
weight: 3.91351e-05
eec: 542.905
weight: 5.54934e-05
eec: 465.467
weight: 8.16295e-06
eec: 1429.15
weight: 7.21805e-07
eec: 16.8115
weight: 9.69923e-07
eec: 30.5299
weight: 6.32398e-06
eec: 199.577
weight: 3.89732e-06
eec: 685.08
weight: 9.0254e-05
eec: 328.253
weight: 1.01763e-06
eec: 733.835
weight: 1.05609e-05
eec: 340.059
weight: 2.14811e-05
eec: 122.314
weight: 1.39133e-05
eec: 1501.73
weight: 1.04671e-06
eec: 15.146
weight: 0.000138205
eec: 160.085
weight: 4.60248e-05
eec: 2102.56
weight: 4.6733e-05
eec: 1848.75
weight: 2.91245e-05
eec: 516.09
weight: 3.44451e-05
eec: 430.196
weight: 3.80874e-05
eec: 540.757
weight: 0.000227216
eec: 281.4
weight: 5.25175e-06
eec: 718.652
weight: 7.7835e-08
eec: 651.585
weight: 4.99917e-05
eec: 473.93
weight: 1.50842e-05
eec: 2219.76
weight: 5.48249e-05
eec: 395.648
weight: 4.69631e-05
eec: 114.013
weight: 7.73028e-05
eec: 968.104
weight: 2.47443e-05
eec: 7.37801
weight: 1.26171e-05
eec: 1469.93
weight: 4.45042e-05
eec: 99.0002
weight: 1.451e-05
eec: 365.333
weight: 0.000819243
eec: 461.382
weight: 1.2583e-05
eec: 97.0375
weight: 7.81783e-05
eec: 38.356
weight: 5.24621e-06
eec: 82.5469
weight: 0.000147143
eec: 407.722
weight: 3.13292e-06
eec: 145.31
weight: 2.02374e-05
eec: 2855.62
weight: 8.72819e-05
eec: 514.717
weight: 2.56157e-05
eec: 1363.98
weight: 3.34553e-05
eec: 1259.9
weight: 0.000195182
eec: 510.926
weight: 4.02603e-06
eec: 18.9149
weight: 5.44115e-05
eec: 96.0405
weight: 0.000153789
eec: 284.92
weight: 0.000368993
eec: 588.618
weight: 4.09281e-05
eec: 259.316
weight: 1.19241e-05
eec: 825.058
weight: 2.9625e-05
eec: 460.191
weight: 2.9625e-05
eec: 647.167
weight: 0.0011033
eec: 107.197

ROOT exit code = 0
