gSystem->Load("run_condor_job_Run3_C.so");
run_condor_job_Run3(68, 100, 2,
                    80, 200,
                    1, 1, 1, 0);
.q

ENTERED run_condor_job_Run3()
JOBID = 68
  global job = 68  Job 68/100  events [4075920, 4135860)  total=5994000
Processing events [4075920, 4135860) of 5994000
weight: 1.20899e-06
eec: 1444.23
weight: 3.25122e-05
eec: 344.099
weight: 9.67611e-07
eec: 1056.56
weight: 8.29389e-06
eec: 227.389
weight: 1.9174e-05
eec: 1103.11
weight: 6.83459e-07
eec: 332.533
weight: 6.18155e-05
eec: 46.479
weight: 8.95713e-08
eec: 2279.04
weight: 8.6278e-06
eec: 2904.33
weight: 4.58874e-05
eec: 789.44
weight: 6.29798e-06
eec: 22.7176
weight: 2.65684e-05
eec: 86.2681
weight: 1.9255e-05
eec: 468.372
weight: 0.000355778
eec: 123.147
weight: 0.000102571
eec: 1167.09
weight: 7.74397e-05
eec: 198.107
weight: 9.02795e-05
eec: 26.1833
weight: 5.88286e-06
eec: 519.421
weight: 2.33626e-05
eec: 590.527
weight: 1.60854e-05
eec: 156.021
weight: 4.69678e-05
eec: 1078.33
weight: 4.69678e-05
eec: 242.398
weight: 1.06022e-05
eec: 183.971
weight: 2.64559e-05
eec: 681.669
weight: 2.66901e-05
eec: 87.737
weight: 0.000172467
eec: 142.371
weight: 5.69367e-06
eec: 1365.1
weight: 1.35087e-05
eec: 1397.85
weight: 4.39957e-05
eec: 271.055
weight: 0.000136813
eec: 1217.19
weight: 0.000118162
eec: 682.149
weight: 2.90554e-05
eec: 1542.5
weight: 6.19185e-08
eec: 146.088
weight: 6.79086e-06
eec: 876.002
weight: 4.03318e-06
eec: 99.638
weight: 1.81569e-05
eec: 199.072
weight: 0.00017243
eec: 57.6643
weight: 4.34995e-05
eec: 76.7906
weight: 0.000132488
eec: 442.058
weight: 0.000558884
eec: 135.754
weight: 4.68637e-06
eec: 218.534
weight: 9.36704e-06
eec: 151.071
weight: 4.55717e-06
eec: 1259.08
weight: 0.000229591
eec: 129.024
weight: 1.74444e-06
eec: 60.1625
weight: 3.06684e-05
eec: 1230.43
weight: 1.72185e-06
eec: 15.5605
weight: 2.54327e-06
eec: 2132.42
weight: 2.32399e-05
eec: 314.488
weight: 1.1346e-06
eec: 473.848
weight: 0.000149617
eec: 35.5814
weight: 2.22501e-07
eec: 82.6761
weight: 1.41812e-05
eec: 948.651
weight: 0.000389696
eec: 129.388
weight: 0.000246242
eec: 41.7736
weight: 7.76941e-05
eec: 307.259
weight: 0.00427644
eec: 275.457
weight: 5.78328e-05
eec: 452.08
weight: 6.35038e-06
eec: 237.896
weight: 2.97527e-05
eec: 208.798
weight: 1.23706e-05
eec: 58.9594
weight: 4.66615e-05
eec: 90.9936
weight: 0.000112675
eec: 315.91
weight: 3.1291e-07
eec: 323.072
weight: 1.51694e-05
eec: 452.615
weight: 2.94473e-06
eec: 2325.23
weight: 1.67977e-05
eec: 2734.47
weight: 0.000191475
eec: 154.458
weight: 0.000133576
eec: 130.835
weight: 0.0001172
eec: 1077.17
weight: 1.45002e-05
eec: 330.24
weight: 8.08709e-05
eec: 985.237
weight: 1.83767e-06
eec: 296.549
weight: 8.86606e-05
eec: 104.748
weight: 1.59354e-06
eec: 183.709
weight: 0.000139791
eec: 54.3851
weight: 1.64443e-06
eec: 222.825
weight: 3.26559e-05
eec: 533.569
weight: 1.31717e-05
eec: 114.398
weight: 1.00157e-05
eec: 1730.76
weight: 2.82481e-08
eec: 495.504
weight: 0.000195158
eec: 21.8712
weight: 1.33508e-05
eec: 320.913
weight: 7.92256e-07
eec: 301.044
weight: 3.28974e-05
eec: 45.6328
weight: 0.000177252
eec: 88.0012
weight: 6.81522e-06
eec: 559.427
weight: 7.95421e-06
eec: 69.9939
weight: 9.64514e-05
eec: 561.988
weight: 1.51513e-05
eec: 1490.94
weight: 7.2929e-05
eec: 668.588
weight: 1.2491e-06
eec: 66.3851
weight: 0.000198202
eec: 234.5
weight: 1.80102e-06
eec: 445.326
weight: 4.51083e-05
eec: 100.919
weight: 0.000115742
eec: 68.5536
weight: 3.19414e-06
eec: 904.251
weight: 2.88943e-05
eec: 354.094
weight: 1.00415e-05
eec: 2106.11
weight: 0.000114971
eec: 246.003
weight: 7.51258e-05
eec: 2175.04
Processing: 68.4017 %weight: 3.27758e-07
eec: 29.1532
weight: 0.000149711
eec: 1325.89
weight: 5.57065e-06
eec: 205.235
weight: 1.93189e-05
eec: 743.36
weight: 1.67107e-05
eec: 980.333
weight: 0.00017016
eec: 64.0381
weight: 0.000440653
eec: 199.437
weight: 3.58686e-05
eec: 832.277
weight: 1.84772e-07
eec: 1295.17
weight: 0.000740208
eec: 69.7257
weight: 3.90708e-07
eec: 1464.28
weight: 2.67226e-06
eec: 1818.25
weight: 1.69924e-05
eec: 296.929
weight: 3.11382e-05
eec: 86.8496
weight: 2.59829e-06
eec: 747.412
weight: 1.54369e-06
eec: 510.315
weight: 2.27178e-05
eec: 3098.18
weight: 1.93173e-05
eec: 151.085
weight: 2.06179e-06
eec: 22.1507
weight: 1.57651e-06
eec: 853.89
weight: 4.77177e-05
eec: 60.7747
weight: 2.4808e-06
eec: 924.345
weight: 5.8033e-06
eec: 1811.85
weight: 4.37135e-05
eec: 697.197
weight: 3.69716e-05
eec: 797.374
weight: 3.00413e-07
eec: 112.261
weight: 1.44106e-05
eec: 183.772
weight: 4.34764e-05
eec: 529.301
weight: 6.26005e-06
eec: 143.973
weight: 0.00021482
eec: 284.036
weight: 1.47083e-05
eec: 376.665
weight: 6.52354e-05
eec: 216.936
weight: 3.05156e-05
eec: 1360.83
weight: 3.98036e-05
eec: 1029.49
weight: 0.000140864
eec: 440.275
weight: 0.000530832
eec: 693.247
weight: 4.94874e-07
eec: 405.632
weight: 6.66517e-06
eec: 231.524
weight: 4.20065e-06
eec: 2908.26
weight: 1.34562e-05
eec: 1818.59
weight: 5.58349e-05
eec: 379.806
weight: 9.62613e-07
eec: 272.839
weight: 0.000240084
eec: 677.941
weight: 0.000106966
eec: 58.3489
weight: 0.000140497
eec: 96.1321
weight: 0.000206397
eec: 113.25
weight: 0.000143565
eec: 445.65
weight: 3.65031e-05
eec: 874.229
weight: 7.61011e-05
eec: 136.804
weight: 8.80179e-07
eec: 1537.45
weight: 7.13901e-05
eec: 1238.56
weight: 7.49101e-06
eec: 1787.2
weight: 4.53205e-05
eec: 25.7458
weight: 7.57497e-05
eec: 1020.18
weight: 2.12604e-05
eec: 691.758
weight: 2.08623e-05
eec: 363.696
weight: 2.92395e-05
eec: 197.131
weight: 1.86214e-05
eec: 53.7476
weight: 3.21124e-06
eec: 1714.38
weight: 2.68711e-05
eec: 1305.48
weight: 6.44099e-05
eec: 323.067
weight: 6.56645e-05
eec: 927.83
weight: 3.28603e-06
eec: 268.968
weight: 1.26295e-05
eec: 146.674
weight: 0.000125284
eec: 65.806
weight: 7.77589e-06
eec: 110.788
weight: 3.29332e-05
eec: 2628.63
weight: 7.654e-06
eec: 80.4654
weight: 2.374e-06
eec: 94.3299
weight: 3.89128e-06
eec: 256.062
weight: 0.000117006
eec: 420.896
weight: 1.00599e-05
eec: 1202.39
weight: 8.12585e-05
eec: 124.484
weight: 1.42773e-05
eec: 19.7631
weight: 3.37072e-05
eec: 86.0315
weight: 2.13555e-06
eec: 105.302
weight: 3.69019e-05
eec: 550.591
weight: 5.28888e-05
eec: 372.849
weight: 7.0066e-06
eec: 83.4203
weight: 6.58614e-05
eec: 90.7064
weight: 2.56681e-05
eec: 41.3754
weight: 9.13387e-06
eec: 230.57
weight: 2.09987e-06
eec: 108.068
weight: 4.27318e-06
eec: 1370.5
weight: 2.45176e-05
eec: 424.265
weight: 6.89922e-07
eec: 889.871
weight: 0.000313837
eec: 62.8811
weight: 1.25118e-05
eec: 50.5181
weight: 0.000134386
eec: 241.492
weight: 8.18514e-06
eec: 253.231
weight: 9.88562e-05
eec: 469.804
weight: 5.41682e-05
eec: 194.158
weight: 1.19343e-05
eec: 80.384
weight: 9.45787e-06
eec: 1052.66
weight: 1.48416e-05
eec: 979.839
weight: 7.04326e-05
eec: 11.3484
weight: 1.52581e-05
eec: 2270.42
weight: 0.000216754
eec: 98.1464
weight: 7.61327e-06
eec: 932.374
weight: 0.00013271
eec: 123.402
weight: 1.14468e-05
eec: 795.703
weight: 2.64554e-05
eec: 25.2281
weight: 0.000424686
eec: 24.4201
weight: 3.41074e-05
eec: 112.055
weight: 7.61237e-06
eec: 253.66
weight: 0.000140526
eec: 465.83
weight: 1.58708e-06
eec: 24.5218
weight: 1.45399e-05
eec: 328.812
weight: 4.07889e-05
eec: 2140.72
weight: 2.8782e-05
eec: 29.1131
weight: 0.000205967
eec: 393.8
weight: 7.78336e-07
eec: 64.2843
weight: 0.000644542
eec: 379.726
weight: 4.00702e-06
eec: 212.746
weight: 1.08972e-05
eec: 137.004
weight: 0.000153559
eec: 195.041
weight: 7.34071e-06
eec: 819.049
weight: 1.62055e-05
eec: 202.068
weight: 8.10293e-05
eec: 1118.42
weight: 0.000101756
eec: 360.943
weight: 0.000168513
eec: 756.19
weight: 1.17442e-05
eec: 409.667
weight: 2.97141e-06
eec: 39.9696
weight: 5.24799e-06
eec: 119.718
weight: 0.000101331
eec: 131.815
weight: 2.34056e-05
eec: 847.435
weight: 2.38904e-05
eec: 896.584
weight: 2.30008e-05
eec: 2070.27
weight: 4.10278e-05
eec: 986.052
weight: 0.000103728
eec: 55.6959
weight: 9.82425e-07
eec: 2320.01
weight: 0.000117772
eec: 155.468
weight: 8.56705e-06
eec: 680.186
weight: 2.24841e-05
eec: 641.642
weight: 6.18856e-06
eec: 1284.37
weight: 0.000136741
eec: 158.678
weight: 1.09524e-05
eec: 138.705
weight: 8.06024e-06
eec: 289.168
weight: 8.06024e-06
eec: 1276
weight: 1.16956e-08
eec: 434.097
weight: 2.13714e-06
eec: 319.679
weight: 0.000115117
eec: 643.805
weight: 1.40346e-06
eec: 549.847
weight: 7.18094e-05
eec: 835.755
weight: 2.76519e-05
eec: 615.346
weight: 0.000254465
eec: 246.647
weight: 1.2788e-05
eec: 9.19175
weight: 2.86319e-05
eec: 705.727
weight: 2.18541e-06
eec: 313.376
weight: 5.02894e-05
eec: 185.694
weight: 2.27348e-05
eec: 1236.5
weight: 0.00011205
eec: 142.121
weight: 0.000120611
eec: 81.1772
weight: 2.05069e-05
eec: 92.224
weight: 4.9208e-06
eec: 483.182
weight: 0.000143851
eec: 390.564
weight: 2.83982e-05
eec: 96.5095
weight: 1.0696e-07
eec: 473.614
weight: 1.99671e-06
eec: 77.0703
weight: 1.99671e-06
eec: 657.462
weight: 1.5932e-05
eec: 802.834
weight: 7.82256e-05
eec: 590.887
weight: 9.81996e-06
eec: 855.845
weight: 2.07836e-05
eec: 2115.11
weight: 3.82255e-05
eec: 163.332
weight: 1.10488e-05
eec: 648.745
weight: 1.16635e-05
eec: 868.569
weight: 7.95598e-06
eec: 106.883

ROOT exit code = 0
