gSystem->Load("run_condor_job_Run3_C.so");
run_condor_job_Run3(384, 100, 2,
                    80, 200,
                    1, 1, 1, 3);
.q

ENTERED run_condor_job_Run3()
JOBID = 384
  global job = 384  Job 84/100  events [5040000, 5100000)  total=6000000
Processing events [5040000, 5100000) of 6000000
weight: 0.00177523
eec: 86.2485
weight: 1.26565e-05
eec: 740.669
weight: 0.000148202
eec: 277.504
weight: 1.00037e-05
eec: 888.695
weight: 2.22272e-06
eec: 557.748
weight: 3.17094e-06
eec: 504.741
weight: 3.27984e-05
eec: 15.152
weight: 3.79718e-05
eec: 479.434
weight: 6.44199e-05
eec: 561.174
weight: 1.60673e-05
eec: 179.753
weight: 0.000169611
eec: 310.301
weight: 6.2261e-07
eec: 470.945
weight: 8.05066e-06
eec: 598.221
weight: 2.52713e-06
eec: 664.795
weight: 8.56081e-05
eec: 1151.11
weight: 1.60573e-05
eec: 512.402
weight: 0.000136749
eec: 293.574
weight: 3.36118e-05
eec: 40.4542
weight: 7.34528e-06
eec: 54.8203
weight: 4.25448e-06
eec: 239.874
weight: 2.92539e-06
eec: 257.811
weight: 1.09204e-06
eec: 493.477
weight: 0.000127167
eec: 161.2
weight: 1.05719e-05
eec: 311.727
weight: 9.14073e-06
eec: 1579.27
weight: 2.1439e-06
eec: 117.535
weight: 6.95614e-06
eec: 46.6055
weight: 6.95614e-06
eec: 218.269
weight: 2.44015e-06
eec: 633.49
weight: 1.53222e-05
eec: 85.7702
weight: 0.00116371
eec: 502.083
weight: 3.4437e-05
eec: 623.294
weight: 8.1667e-05
eec: 208.494
weight: 7.79328e-05
eec: 61.7481
weight: 4.85289e-06
eec: 105.949
weight: 1.84074e-07
eec: 384.558
weight: 1.04413e-05
eec: 768.73
weight: 3.32193e-07
eec: 121.01
weight: 2.37005e-05
eec: 825.599
weight: 8.4137e-06
eec: 480.535
weight: 2.43266e-05
eec: 203.291
weight: 7.906e-06
eec: 141.478
weight: 2.04356e-05
eec: 801.838
weight: 8.11107e-05
eec: 674.801
weight: 3.28208e-05
eec: 887.165
weight: 0.0029727
eec: 395.125
weight: 0.000529829
eec: 343.384
weight: 1.98651e-05
eec: 1201.61
weight: 3.68069e-05
eec: 782.718
weight: 0.000209052
eec: 120.313
weight: 2.51678e-07
eec: 388.189
weight: 5.99269e-06
eec: 444.821
Processing: 84.1667 %weight: 0.000359626
eec: 533.907
weight: 2.13563e-06
eec: 251.96
weight: 4.31664e-06
eec: 631.233
weight: 1.6506e-05
eec: 278.997
weight: 2.37594e-06
eec: 276.805
weight: 6.16161e-05
eec: 725.849
weight: 4.45758e-06
eec: 287.606
weight: 4.7098e-06
eec: 407.707
weight: 3.20964e-06
eec: 293.402
weight: 4.98844e-05
eec: 298.816
weight: 3.37378e-05
eec: 1305.2
weight: 7.61126e-06
eec: 2603.75
weight: 0.000326806
eec: 298.833
weight: 6.39765e-06
eec: 104.675
weight: 7.31396e-05
eec: 102.005
weight: 2.47004e-06
eec: 3811.88
weight: 9.58031e-07
eec: 303.397
weight: 1.92868e-05
eec: 72.4611
weight: 0.000269993
eec: 51.1163
weight: 0.000270999
eec: 122.599
weight: 0.000102264
eec: 177.66
weight: 0.000170609
eec: 827.309
weight: 4.56761e-05
eec: 553.009
weight: 0.00446991
eec: 67.6136
weight: 0.000224245
eec: 378.985
weight: 5.04974e-06
eec: 1205.65
weight: 3.22668e-05
eec: 546.433
weight: 1.65581e-06
eec: 1138.97
weight: 2.31084e-05
eec: 2286.84
weight: 1.36415e-05
eec: 46.3874
weight: 1.21203e-05
eec: 82.3926
weight: 1.4629e-05
eec: 102.919
weight: 0.00172985
eec: 307.581
weight: 4.41733e-05
eec: 122.389
weight: 4.75423e-05
eec: 384.718
weight: 9.85695e-06
eec: 210.387
weight: 6.83322e-06
eec: 1383.81
weight: 1.89427e-05
eec: 128.851
weight: 0.000235671
eec: 246.064
weight: 0.000150201
eec: 229.679
weight: 2.59304e-05
eec: 196.143
weight: 7.10533e-05
eec: 1261.63
weight: 8.83008e-06
eec: 22.1709
weight: 0.000412752
eec: 114.639
weight: 0.000474205
eec: 104.741
weight: 2.52793e-05
eec: 122.057
weight: 3.29497e-05
eec: 336.987
weight: 1.88618e-05
eec: 778.717
weight: 4.70531e-06
eec: 1592.29
weight: 4.41425e-05
eec: 42.2522
weight: 1.3783e-05
eec: 28.1684
weight: 2.37188e-05
eec: 378.174
weight: 3.31804e-06
eec: 182.752
weight: 6.68335e-05
eec: 748.602
weight: 2.95554e-05
eec: 198.837
weight: 7.23354e-08
eec: 1188.21
weight: 7.76754e-06
eec: 622.376
weight: 0.000148023
eec: 151.474
weight: 0.000213371
eec: 197.846
weight: 7.51175e-05
eec: 145.361
weight: 0.000151754
eec: 298.224
weight: 1.58306e-05
eec: 560.428
weight: 8.13399e-05
eec: 104.027
weight: 0.000170524
eec: 436.625
weight: 7.01469e-05
eec: 594.027
weight: 1.64443e-06
eec: 199.062
weight: 2.35919e-06
eec: 1152.26
weight: 1.00934e-05
eec: 240.635
weight: 7.10385e-06
eec: 951.787
weight: 9.87119e-06
eec: 113.253
weight: 4.53001e-05
eec: 334.454
weight: 8.66824e-06
eec: 76.731
weight: 2.08219e-06
eec: 2256.35
weight: 3.92066e-05
eec: 1254.99
weight: 5.11335e-05
eec: 676.559
weight: 1.1592e-05
eec: 551.485
weight: 0.000108758
eec: 1899.85
weight: 1.31224e-05
eec: 1390.94
weight: 7.92926e-05
eec: 74.2154
weight: 4.52081e-05
eec: 1041.39
weight: 4.67705e-06
eec: 1173.76
weight: 0.000291803
eec: 111.202
weight: 9.82866e-06
eec: 346.91
weight: 1.91326e-05
eec: 141.756
weight: 1.1416e-05
eec: 293.92
weight: 9.16407e-06
eec: 68.8551
weight: 5.41909e-06
eec: 2577.5
weight: 6.12336e-06
eec: 286.421
weight: 3.26553e-05
eec: 544.731
weight: 8.1143e-07
eec: 123.342
weight: 1.20667e-05
eec: 263.59
weight: 2.69454e-05
eec: 147.95
weight: 2.02101e-07
eec: 1185.75
weight: 3.18961e-05
eec: 1581.53
weight: 5.32839e-05
eec: 417.768
weight: 4.13786e-05
eec: 401.619
weight: 4.03052e-06
eec: 952.793
weight: 0.000100059
eec: 596.348
weight: 0.000506475
eec: 178.517
weight: 2.86894e-05
eec: 111.621
weight: 3.68546e-06
eec: 100.307
weight: 1.74421e-06
eec: 588.158
weight: 3.60957e-07
eec: 1090.42
weight: 0.000157437
eec: 46.4677
weight: 0.000357781
eec: 164.072
weight: 2.85109e-05
eec: 144.239
weight: 6.33229e-06
eec: 156.267
weight: 0.000195005
eec: 361.909
weight: 4.11214e-05
eec: 436.392
weight: 6.89357e-05
eec: 656.232
weight: 1.28282e-05
eec: 143.517
weight: 2.20863e-05
eec: 213.98
weight: 4.30243e-05
eec: 168.682
weight: 7.23355e-06
eec: 260.193
weight: 1.0456e-05
eec: 1941.03
weight: 2.16783e-05
eec: 90.2781
weight: 0.000123466
eec: 17.3649
weight: 0.000280209
eec: 327.318
weight: 3.15435e-06
eec: 234.571
weight: 0.000174546
eec: 67.3434
weight: 4.33542e-05
eec: 1025.99
weight: 0.000194549
eec: 158.423
weight: 8.50884e-07
eec: 282.306
weight: 3.85705e-05
eec: 218.03
weight: 2.39566e-05
eec: 595.394
weight: 2.2186e-05
eec: 916.738
weight: 3.55228e-06
eec: 63.5377
weight: 1.93937e-05
eec: 586.382
weight: 2.66069e-05
eec: 2911.24
weight: 7.60083e-05
eec: 1754.81
weight: 3.6272e-05
eec: 841.8
weight: 2.27049e-05
eec: 524.092
weight: 0.000133258
eec: 206.039
weight: 8.98733e-06
eec: 120.675
weight: 0.000101947
eec: 766.138
weight: 3.04716e-05
eec: 219.367
weight: 0.00058269
eec: 271.542
weight: 0.000644056
eec: 30.6928
weight: 2.10575e-06
eec: 625.157
weight: 1.05586e-06
eec: 377.908
weight: 6.38687e-06
eec: 934.498
weight: 1.20722e-05
eec: 369.807
weight: 1.69957e-05
eec: 1189.99
weight: 5.15163e-06
eec: 699.309
weight: 5.15163e-06
eec: 190.27
weight: 0.000220806
eec: 47.6558
weight: 3.37276e-05
eec: 652.489
weight: 6.70842e-05
eec: 303.147
weight: 3.88317e-05
eec: 944.166
weight: 1.22819e-05
eec: 176.609
weight: 4.18584e-06
eec: 849.997
weight: 8.61239e-06
eec: 291.22
weight: 8.49339e-06
eec: 429.153
weight: 3.677e-05
eec: 128.3
weight: 5.30798e-05
eec: 297.606
weight: 5.40043e-05
eec: 134.707
weight: 3.16387e-05
eec: 68.001
weight: 2.22912e-06
eec: 462.903
weight: 2.03474e-05
eec: 1087.04
weight: 6.19078e-06
eec: 1927.76
weight: 9.24135e-05
eec: 811.407
weight: 4.36865e-05
eec: 145.095
weight: 2.0787e-07
eec: 378.723
weight: 3.37555e-05
eec: 113.754
weight: 1.03195e-05
eec: 504.761
weight: 0.000483346
eec: 298.719
weight: 0.000772525
eec: 725.26
weight: 6.7722e-06
eec: 94.6333
weight: 3.30762e-05
eec: 253.276
weight: 4.43326e-06
eec: 949.607
weight: 0.00370341
eec: 433.297
weight: 5.13364e-05
eec: 624.855
weight: 0.000194547
eec: 60.6022
weight: 3.97943e-05
eec: 1435.62
weight: 1.26863e-05
eec: 1151.31
weight: 1.59399e-05
eec: 387.482
weight: 1.83874e-05
eec: 3229.13
weight: 0.000148761
eec: 523.295
weight: 2.11261e-06
eec: 924.011
weight: 8.52198e-06
eec: 275.678
weight: 3.80122e-05
eec: 394.78
weight: 6.27672e-05
eec: 177.264
weight: 5.59075e-05
eec: 694.205
weight: 9.38276e-05
eec: 445.075
weight: 4.05075e-05
eec: 810.896
weight: 1.56073e-05
eec: 515.582
weight: 4.57209e-05
eec: 482.345
weight: 0.000257421
eec: 776.318
weight: 4.58477e-05
eec: 271.794
weight: 2.50038e-06
eec: 399.919
weight: 0.000126667
eec: 104.212
weight: 3.88615e-07
eec: 339.67
weight: 7.7007e-06
eec: 932.332
weight: 1.24043e-05
eec: 459.014
weight: 3.26867e-05
eec: 739.644
weight: 1.03897e-05
eec: 1037.7
weight: 9.24648e-06
eec: 954.596
weight: 0.000760394
eec: 676.985
weight: 4.7291e-07
eec: 798.055
weight: 2.4564e-05
eec: 439.746
weight: 3.69253e-05
eec: 115.923
weight: 9.46052e-06
eec: 237.357
weight: 6.86425e-05
eec: 973.7
weight: 5.35196e-06
eec: 1260.18
weight: 2.42072e-05
eec: 1159.02
weight: 0.000315519
eec: 83.8514
weight: 4.89551e-05
eec: 644.74
weight: 3.53924e-05
eec: 428.2
weight: 3.66687e-06
eec: 166.541
weight: 5.96686e-05
eec: 628.742

ROOT exit code = 0
