gSystem->Load("run_condor_job_Run3_C.so");
run_condor_job_Run3(964, 100, 2,
                    80, 200,
                    1, 1, 1, 9);
.q

ENTERED run_condor_job_Run3()
JOBID = 964
  global job = 964  Job 64/100  events [3805440, 3864900)  total=5946000
Processing events [3805440, 3864900) of 5946000
weight: 2.5813e-06
eec: 274.359
weight: 3.51103e-06
eec: 312.849
weight: 1.03845e-06
eec: 41.5217
weight: 6.37521e-05
eec: 2028.3
weight: 3.11773e-05
eec: 176.257
weight: 1.33007e-05
eec: 31.5485
weight: 9.47637e-07
eec: 155.549
weight: 1.7666e-05
eec: 290.813
weight: 2.31557e-05
eec: 525.736
weight: 0.000104492
eec: 204.886
weight: 6.73441e-06
eec: 374.527
weight: 8.35051e-08
eec: 201.451
weight: 1.95263e-05
eec: 889.207
weight: 0.000220875
eec: 1405.1
weight: 7.73025e-06
eec: 2240.24
weight: 1.0428e-06
eec: 393.323
weight: 1.42476e-05
eec: 118.978
weight: 0.000283637
eec: 309.779
weight: 1.80125e-05
eec: 485.909
weight: 8.20095e-05
eec: 1521.19
weight: 4.7958e-05
eec: 105.946
weight: 3.61442e-05
eec: 669.926
weight: 1.25294e-05
eec: 238.949
weight: 1.00639e-05
eec: 690.441
weight: 7.92087e-05
eec: 121.311
weight: 7.10515e-06
eec: 1029.18
weight: 9.43083e-06
eec: 219.149
weight: 7.82682e-05
eec: 355.143
weight: 7.00955e-05
eec: 76.2869
weight: 1.76205e-06
eec: 28.1746
weight: 7.55149e-05
eec: 259.23
weight: 3.81633e-05
eec: 22.6776
weight: 2.86021e-06
eec: 241.827
weight: 9.99672e-06
eec: 214.085
weight: 7.42597e-05
eec: 36.3606
weight: 0.000119923
eec: 319.694
weight: 4.03942e-05
eec: 1414.56
weight: 3.86305e-07
eec: 809.952
weight: 3.52593e-05
eec: 1533.53
weight: 0.000105517
eec: 138.782
weight: 3.64275e-05
eec: 190.988
weight: 3.71156e-05
eec: 1789.86
weight: 0.000110405
eec: 84.0614
weight: 0.000104395
eec: 194.951
weight: 1.64197e-06
eec: 183.612
weight: 3.71637e-06
eec: 13.3774
weight: 1.93373e-06
eec: 427.634
weight: 3.09595e-05
eec: 1317.32
weight: 7.16225e-05
eec: 115.143
weight: 0.000107096
eec: 73.265
weight: 9.89097e-06
eec: 1752.87
weight: 3.36767e-06
eec: 310.963
weight: 4.48349e-05
eec: 873.75
weight: 0.000252668
eec: 667.941
weight: 1.92277e-05
eec: 702.271
weight: 1.66956e-05
eec: 100.507
weight: 5.31482e-05
eec: 169
weight: 2.80053e-05
eec: 306.045
weight: 0.000545072
eec: 274.06
weight: 7.65755e-06
eec: 427.679
weight: 0.000311053
eec: 236.081
weight: 3.77609e-05
eec: 104.058
weight: 1.2587e-05
eec: 2152.28
weight: 9.27699e-05
eec: 2276.64
weight: 6.01229e-05
eec: 456.871
weight: 1.209e-05
eec: 151.836
weight: 4.56245e-05
eec: 203.187
weight: 8.44661e-06
eec: 810.283
weight: 1.73415e-06
eec: 852.264
weight: 5.74523e-05
eec: 303.654
weight: 0.000588074
eec: 498.34
weight: 7.50736e-05
eec: 151.068
weight: 2.3558e-06
eec: 897.558
weight: 1.51343e-06
eec: 5337.53
weight: 7.78362e-06
eec: 2020.47
weight: 0.000144755
eec: 1734.6
weight: 0.000292576
eec: 2548.18
weight: 2.78429e-05
eec: 57.6002
weight: 6.79554e-06
eec: 2099.24
weight: 0.000835725
eec: 565.927
weight: 1.19586e-05
eec: 653.166
weight: 8.0682e-06
eec: 142.095
weight: 2.61202e-06
eec: 1634.65
weight: 1.26967e-05
eec: 551.428
weight: 1.09569e-05
eec: 96.8617
weight: 7.57914e-06
eec: 303.269
weight: 2.22629e-05
eec: 576.271
weight: 2.95432e-05
eec: 441.064
weight: 1.42904e-06
eec: 964.141
weight: 8.34275e-08
eec: 86.4324
weight: 2.98554e-05
eec: 55.2365
weight: 0.000123212
eec: 76.8899
weight: 0.00021488
eec: 293.874
weight: 5.43847e-05
eec: 265.885
weight: 3.91002e-05
eec: 2331.89
weight: 1.45677e-06
eec: 238.383
weight: 0.00011361
eec: 358.65
weight: 2.63458e-05
eec: 386.577
weight: 4.23906e-05
eec: 1377.02
weight: 4.39011e-05
eec: 719.785
weight: 2.15077e-06
eec: 323.532
weight: 2.88739e-05
eec: 227.287
weight: 3.85254e-05
eec: 2304.37
weight: 0.000197723
eec: 807.613
weight: 0.000126491
eec: 240.441
weight: 5.98683e-05
eec: 349.983
weight: 5.9952e-05
eec: 1662.85
weight: 0.000316677
eec: 314.954
weight: 5.15454e-05
eec: 775.835
weight: 8.27286e-06
eec: 145.371
weight: 2.71806e-05
eec: 1552.15
weight: 6.48713e-06
eec: 974.27
weight: 4.80008e-05
eec: 1109.65
weight: 1.78832e-05
eec: 584.691
weight: 1.33303e-05
eec: 158.651
weight: 7.39967e-06
eec: 227.372
weight: 7.39967e-06
eec: 697.204
weight: 0.000634026
eec: 612.314
weight: 2.98601e-05
eec: 1311.14
weight: 8.38603e-05
eec: 140.205
weight: 0.000112378
eec: 465.165
weight: 9.42712e-05
eec: 1160.23
weight: 4.45511e-05
eec: 60.7487
weight: 7.35458e-05
eec: 163.383
weight: 0.000475647
eec: 650.514
weight: 0.000161254
eec: 935.928
weight: 2.58762e-05
eec: 1742.18
weight: 0.000212177
eec: 227.431
weight: 4.76227e-05
eec: 184.684
weight: 1.89484e-05
eec: 1910.92
weight: 3.81318e-05
eec: 1476.17
weight: 0.000541315
eec: 808.879
weight: 0.000238176
eec: 435.991
weight: 0.00064047
eec: 386.465
weight: 1.99638e-06
eec: 1615.94
weight: 0.000438082
eec: 382.763
weight: 2.79538e-05
eec: 1960.18
weight: 5.79944e-06
eec: 707.65
weight: 8.7059e-05
eec: 611.189
weight: 0.000117907
eec: 18.8417
weight: 1.54901e-06
eec: 1338.49
weight: 1.19584e-05
eec: 1475.19
weight: 7.41866e-06
eec: 755.448
weight: 1.00597e-05
eec: 520.691
weight: 9.20607e-06
eec: 42.0653
weight: 4.14199e-06
eec: 192.994
weight: 0.000144876
eec: 49.2526
weight: 2.19028e-06
eec: 1149.12
weight: 8.34405e-06
eec: 123.627
weight: 6.21408e-05
eec: 1376.19
weight: 6.5202e-05
eec: 757.243
weight: 1.58359e-05
eec: 495.97
weight: 8.0989e-05
eec: 659.059
weight: 8.94335e-05
eec: 38.7659
weight: 1.52263e-05
eec: 641.205
weight: 1.25741e-06
eec: 435.542
weight: 7.85629e-07
eec: 157.754
weight: 2.3736e-06
eec: 646.415
weight: 0.000101101
eec: 949.108
weight: 5.31688e-07
eec: 107.032
weight: 0.000238782
eec: 140.506
weight: 0.000136818
eec: 592.604
weight: 1.4089e-05
eec: 318.148
weight: 3.2981e-07
eec: 183.268
weight: 2.59977e-05
eec: 768.516
weight: 0.00012265
eec: 742.258
weight: 2.54973e-05
eec: 339.557
weight: 2.07586e-05
eec: 30.4367
weight: 8.33536e-07
eec: 132.269
weight: 4.16939e-05
eec: 27.8528
weight: 2.34006e-05
eec: 470.582
weight: 1.55307e-05
eec: 1426.92
weight: 1.97444e-05
eec: 123.983
Processing: 64.7494 %weight: 0.000701667
eec: 486.739
weight: 0.00143172
eec: 561.453
weight: 5.28739e-06
eec: 222.919
weight: 0.000154674
eec: 25.2281
weight: 1.58526e-05
eec: 226.659
weight: 6.47849e-06
eec: 106.622
weight: 6.60991e-09
eec: 137.393
weight: 1.65796e-05
eec: 1326.6
weight: 0.000132836
eec: 136.875
weight: 1.74819e-05
eec: 75.7281
weight: 0.000308281
eec: 304.578
weight: 8.33963e-06
eec: 398.617
weight: 8.48147e-06
eec: 157.74
weight: 1.53274e-05
eec: 377.53
weight: 1.76106e-05
eec: 514.047
weight: 8.88362e-06
eec: 955.464
weight: 9.19137e-07
eec: 731.753
weight: 5.84289e-07
eec: 27.5555
weight: 0.000199855
eec: 44.8003
weight: 0.000131265
eec: 1048.98
weight: 2.09588e-05
eec: 436.25
weight: 7.66258e-06
eec: 301.425
weight: 0.00138941
eec: 1683.07
weight: 2.77613e-05
eec: 594.736
weight: 1.6429e-05
eec: 1101.18
weight: 1.40645e-05
eec: 1518.31
weight: 1.12711e-05
eec: 220.646
weight: 8.00376e-06
eec: 58.7913
weight: 7.70839e-05
eec: 43.3934
weight: 6.74064e-05
eec: 327.231
weight: 1.35665e-05
eec: 800.846
weight: 3.09144e-06
eec: 973.078
weight: 1.08678e-05
eec: 2029.68
weight: 0.00020099
eec: 309.111
weight: 1.09491e-05
eec: 230.265
weight: 4.90752e-05
eec: 703.682
weight: 2.82844e-05
eec: 103.034
weight: 2.75313e-06
eec: 100.13
weight: 0.000112363
eec: 225.052
weight: 0.00047028
eec: 742.076
weight: 0.000555858
eec: 500.3
weight: 6.84697e-05
eec: 80.4663
weight: 1.24285e-05
eec: 1561.58
weight: 9.74244e-06
eec: 191.713
weight: 4.97923e-05
eec: 165.583
weight: 2.37061e-06
eec: 126.711
weight: 1.03364e-08
eec: 404.807
weight: 1.83649e-05
eec: 89.4502
weight: 5.94905e-06
eec: 1728.35
weight: 2.4255e-05
eec: 1055.83
weight: 5.92076e-07
eec: 1553.09
weight: 3.72294e-05
eec: 18.9852
weight: 6.2777e-05
eec: 2035.66
weight: 7.86355e-06
eec: 2491.84

ROOT exit code = 0
