gSystem->Load("run_condor_job_Run3_C.so");
run_condor_job_Run3(52, 100, 2,
                    80, 200,
                    1, 1, 1, 0);
.q

ENTERED run_condor_job_Run3()
JOBID = 52
  global job = 52  Job 52/100  events [3116880, 3176820)  total=5994000
Processing events [3116880, 3176820) of 5994000
weight: 1.06376e-05
eec: 226.963
weight: 1.24019e-05
eec: 471.801
weight: 1.51471e-06
eec: 264.277
weight: 8.82818e-06
eec: 109.705
weight: 7.89803e-06
eec: 213.878
weight: 4.22399e-05
eec: 145.668
weight: 4.65217e-06
eec: 1973.16
weight: 0.000215895
eec: 43.7069
weight: 1.26002e-05
eec: 2549.24
weight: 1.28703e-07
eec: 160.914
weight: 1.22899e-05
eec: 1859.64
weight: 1.14353e-05
eec: 42.2019
weight: 5.18062e-06
eec: 514.642
weight: 0.000247849
eec: 1506.6
weight: 1.27545e-05
eec: 1082.41
weight: 0.000208024
eec: 76.1488
weight: 0.00015143
eec: 190.842
weight: 1.29408e-05
eec: 195.085
weight: 0.000103618
eec: 521.494
weight: 0.000189985
eec: 293.14
weight: 7.52116e-06
eec: 698.262
weight: 2.28383e-06
eec: 412.128
weight: 8.26421e-05
eec: 421.551
weight: 0.000263363
eec: 59.7976
weight: 9.34939e-06
eec: 866.25
weight: 8.64195e-06
eec: 218.426
weight: 0.000101526
eec: 2390.5
weight: 7.84713e-05
eec: 45.6062
weight: 3.65176e-05
eec: 731.416
weight: 0.000250684
eec: 389.766
weight: 7.95974e-06
eec: 989.422
weight: 1.99871e-05
eec: 843.808
weight: 2.44415e-06
eec: 134.722
weight: 2.54255e-05
eec: 657.478
weight: 0.00015924
eec: 894.627
weight: 4.4778e-05
eec: 302.544
weight: 4.51907e-05
eec: 207.51
weight: 1.89277e-05
eec: 658.318
weight: 1.21644e-05
eec: 100.323
weight: 3.77523e-07
eec: 55.1263
weight: 1.89043e-05
eec: 848.819
weight: 0.000490252
eec: 856.58
weight: 3.70425e-05
eec: 285.643
weight: 7.50067e-05
eec: 82.7607
weight: 1.8738e-06
eec: 174.3
weight: 4.44172e-07
eec: 2812.42
weight: 7.88911e-06
eec: 798.064
weight: 1.08617e-05
eec: 1148.85
weight: 6.78779e-06
eec: 1505.74
weight: 2.86992e-06
eec: 136.818
weight: 8.2396e-06
eec: 2690.11
weight: 8.97866e-06
eec: 2280.05
weight: 8.97866e-06
eec: 954.475
weight: 2.69477e-05
eec: 131.469
weight: 6.49209e-05
eec: 82.6454
weight: 0.00014242
eec: 684.766
weight: 0.000157742
eec: 228.389
weight: 0.000278897
eec: 1230.12
weight: 3.11684e-06
eec: 1523.75
weight: 7.92571e-05
eec: 251.123
weight: 1.49839e-05
eec: 1484.54
weight: 0.000138093
eec: 133.971
weight: 6.52947e-06
eec: 691.806
weight: 7.48297e-05
eec: 413.458
weight: 3.43339e-05
eec: 721.396
weight: 0.000365428
eec: 976.982
weight: 2.59118e-08
eec: 883.921
weight: 1.30768e-05
eec: 711.297
weight: 2.93856e-05
eec: 1286.52
weight: 9.60713e-05
eec: 176.017
weight: 2.83312e-08
eec: 78.2799
weight: 2.2555e-06
eec: 584.153
weight: 4.80054e-05
eec: 922.783
weight: 4.94836e-06
eec: 2850.08
weight: 1.32474e-05
eec: 743.227
weight: 2.23768e-05
eec: 257.14
weight: 4.09191e-05
eec: 821.309
weight: 6.73376e-06
eec: 661.742
weight: 3.67643e-05
eec: 484.147
weight: 0.000463972
eec: 241.695
weight: 0.000533791
eec: 112.112
weight: 2.63877e-06
eec: 1238.08
weight: 3.51729e-06
eec: 3664.28
weight: 7.09404e-06
eec: 427.473
weight: 0.000112736
eec: 707.594
weight: 1.6014e-05
eec: 497.013
weight: 2.05184e-06
eec: 139.066
weight: 3.14151e-05
eec: 465.362
weight: 9.92488e-07
eec: 611.51
weight: 7.89105e-06
eec: 121.316
weight: 1.20074e-05
eec: 141.977
weight: 5.36354e-07
eec: 20.0514
weight: 2.22614e-05
eec: 206.164
weight: 9.38143e-07
eec: 857.774
weight: 8.45249e-05
eec: 1083.54
weight: 3.14776e-05
eec: 355.221
weight: 2.0502e-05
eec: 94.1366
weight: 3.51906e-05
eec: 249.689
weight: 1.53039e-05
eec: 214.855
weight: 0.000232487
eec: 1675.68
weight: 0.000152806
eec: 157.315
weight: 2.63548e-05
eec: 525.495
weight: 8.2857e-06
eec: 332.555
weight: 3.81994e-06
eec: 410.955
weight: 5.05716e-05
eec: 3008.98
weight: 5.26337e-06
eec: 1981.35
weight: 1.31256e-05
eec: 300.147
weight: 5.83313e-05
eec: 759.025
weight: 0.000134002
eec: 463.336
weight: 1.64208e-05
eec: 707.872
weight: 7.11999e-05
eec: 1058.5
weight: 0.000162622
eec: 253.622
weight: 3.35997e-08
eec: 302.606
weight: 9.15062e-06
eec: 3525.72
weight: 1.87266e-05
eec: 308.43
weight: 3.11622e-05
eec: 553.05
weight: 4.2149e-05
eec: 101.569
weight: 0.000173222
eec: 475.334
weight: 6.7764e-07
eec: 382.562
weight: 7.80704e-05
eec: 176.343
weight: 7.11698e-05
eec: 65.7926
weight: 1.82271e-05
eec: 608.596
weight: 0.000386434
eec: 616.259
weight: 1.57066e-05
eec: 768.344
weight: 3.20166e-05
eec: 31.8842
weight: 2.26879e-05
eec: 145.693
weight: 9.55257e-06
eec: 145.096
weight: 9.8134e-06
eec: 437.638
weight: 0.000189312
eec: 20.2744
Processing: 52.5526 %weight: 8.80871e-05
eec: 755.496
weight: 5.10359e-06
eec: 85.7386
weight: 0.000131757
eec: 95.6166
weight: 9.19213e-06
eec: 179.416
weight: 6.73413e-06
eec: 733.925
weight: 0.00041008
eec: 406.484
weight: 1.53854e-05
eec: 1566.22
weight: 0.000354176
eec: 1305.37
weight: 4.24144e-05
eec: 103.305
weight: 2.20605e-05
eec: 179.688
weight: 5.55578e-06
eec: 421.831
weight: 0.000397478
eec: 107.451
weight: 0.00025643
eec: 120.233
weight: 7.026e-06
eec: 1906.03
weight: 6.12435e-05
eec: 265.11
weight: 2.26978e-07
eec: 2140.34
weight: 9.01589e-06
eec: 2754.48
weight: 3.24295e-05
eec: 105.597
weight: 2.67855e-05
eec: 1263.03
weight: 0.000145798
eec: 1294.25
weight: 7.00737e-06
eec: 724.613
weight: 7.09661e-05
eec: 462.655
weight: 0.000180323
eec: 324.672
weight: 0.000182806
eec: 708.663
weight: 8.83295e-06
eec: 37.5462
weight: 8.83295e-06
eec: 374.393
weight: 6.90512e-07
eec: 269.098
weight: 0.000234028
eec: 1134.77
weight: 0.000158213
eec: 62.2553
weight: 3.11177e-05
eec: 1416.42
weight: 8.69161e-05
eec: 455.7
weight: 5.01466e-05
eec: 273.159
weight: 7.22342e-08
eec: 461.092
weight: 2.96863e-06
eec: 455.646
weight: 8.25061e-05
eec: 139.021
weight: 0.000211397
eec: 67.6143
weight: 7.06081e-06
eec: 378.785
weight: 1.57216e-06
eec: 154.505
weight: 1.7224e-06
eec: 1243.72
weight: 3.70805e-06
eec: 605.903
weight: 7.30672e-05
eec: 46.4121
weight: 0.000230537
eec: 164.104
weight: 0.000352099
eec: 127.735
weight: 0.000177761
eec: 1019.41
weight: 8.36958e-06
eec: 940.723
weight: 0.000430405
eec: 20.5618
weight: 0.000953729
eec: 215.659
weight: 0.000236097
eec: 373.717
weight: 4.92669e-05
eec: 408.824
weight: 2.77005e-05
eec: 1150.52
weight: 4.80817e-08
eec: 829.946
weight: 1.20592e-07
eec: 697.932
weight: 1.02995e-05
eec: 396.765
weight: 2.42319e-05
eec: 641.762
weight: 9.00385e-06
eec: 382.333
weight: 0.00029777
eec: 41.8035
weight: 1.76091e-06
eec: 559.836
weight: 6.69162e-05
eec: 394.407
weight: 4.97436e-05
eec: 1602.53
weight: 7.69422e-06
eec: 28.4212
weight: 8.28495e-06
eec: 62.4513
weight: 1.21106e-05
eec: 768.65
weight: 6.37381e-05
eec: 684.865
weight: 4.39124e-05
eec: 633.093
weight: 2.03632e-05
eec: 279.956
weight: 1.81443e-06
eec: 1143.09
weight: 8.45722e-06
eec: 52.472
weight: 2.58929e-05
eec: 1062.14
weight: 0.000136049
eec: 781.098
weight: 6.64203e-06
eec: 780.759
weight: 1.11318e-06
eec: 102.969
weight: 1.85483e-05
eec: 197.577
weight: 7.8822e-05
eec: 137.413
weight: 1.35793e-05
eec: 252.205
weight: 0.000559367
eec: 269.883
weight: 0.000114669
eec: 631.442
weight: 1.54536e-05
eec: 1642.18
weight: 1.47187e-06
eec: 522.131
weight: 0.000198398
eec: 109.495
weight: 8.90218e-06
eec: 254.292
weight: 7.27545e-06
eec: 415.237
weight: 0.00043803
eec: 749.03
weight: 0.000187198
eec: 92.834
weight: 0.00025194
eec: 203.386
weight: 1.60578e-05
eec: 506.64
weight: 5.74575e-08
eec: 687.4
weight: 5.92442e-06
eec: 613.294
weight: 7.90793e-06
eec: 61.2967
weight: 7.24971e-06
eec: 1685.64
weight: 6.97487e-05
eec: 378.377
weight: 6.48267e-05
eec: 483.928
weight: 2.55051e-05
eec: 262.164
weight: 0.000105193
eec: 1225.06
weight: 1.54685e-05
eec: 139.283
weight: 1.86133e-05
eec: 42.5422
weight: 5.76098e-06
eec: 700.422
weight: 2.54278e-05
eec: 58.1644
weight: 7.15064e-05
eec: 298.293
weight: 5.14399e-06
eec: 1199.6
weight: 3.70875e-05
eec: 22.9057
weight: 2.3713e-05
eec: 719.685
weight: 2.62444e-05
eec: 57.4754
weight: 5.76462e-05
eec: 663.926
weight: 2.15669e-06
eec: 463.781
weight: 1.13219e-05
eec: 465.706
weight: 0.000793082
eec: 667.693
weight: 3.29406e-05
eec: 1080.11
weight: 3.03291e-05
eec: 122.946
weight: 1.63198e-05
eec: 732.655
weight: 1.97722e-07
eec: 87.957
weight: 0.000254254
eec: 1118.09
weight: 7.74423e-05
eec: 396.344

ROOT exit code = 0
