gSystem->Load("run_condor_job_Run3_C.so");
run_condor_job_Run3(242, 100, 2,
                    80, 200,
                    1, 1, 1, 2);
.q

ENTERED run_condor_job_Run3()
JOBID = 242
  global job = 242  Job 42/100  events [2520000, 2580000)  total=6000000
Processing events [2520000, 2580000) of 6000000
weight: 0.000278688
eec: 229.525
weight: 8.63474e-06
eec: 972.651
weight: 0.00018362
eec: 229.395
weight: 0.000186835
eec: 382.688
weight: 0.000269813
eec: 232.999
weight: 7.04452e-05
eec: 155.89
weight: 1.03428e-05
eec: 474.634
weight: 4.32071e-05
eec: 672.637
weight: 0.000165017
eec: 187.846
weight: 6.22688e-06
eec: 10.0168
weight: 8.93432e-06
eec: 56.647
weight: 2.31506e-05
eec: 1481.06
weight: 8.74397e-06
eec: 93.4024
weight: 5.53073e-07
eec: 759.207
weight: 0.000325402
eec: 735.598
weight: 9.91504e-05
eec: 981.687
weight: 2.18426e-05
eec: 1832.54
weight: 7.02451e-06
eec: 1175.28
weight: 5.96133e-07
eec: 806.562
weight: 3.79207e-05
eec: 973.627
weight: 0.000375252
eec: 412.374
weight: 2.14308e-07
eec: 47.2196
weight: 1.49565e-05
eec: 223.128
weight: 6.61517e-07
eec: 382.318
weight: 8.29028e-05
eec: 32.3626
weight: 2.22448e-05
eec: 31.1426
weight: 7.37749e-06
eec: 366.927
weight: 5.95341e-05
eec: 303.957
weight: 0.000642241
eec: 401.434
weight: 0.000214095
eec: 1222.24
weight: 0.000105095
eec: 200.905
weight: 7.37929e-06
eec: 277.598
weight: 6.86571e-05
eec: 325.348
weight: 8.79475e-06
eec: 1825.21
weight: 3.22352e-05
eec: 230.553
weight: 9.36229e-06
eec: 694.688
weight: 0.00010208
eec: 184.804
weight: 0.000182519
eec: 163.784
weight: 6.13914e-06
eec: 982.94
weight: 4.511e-05
eec: 358.696
weight: 5.4368e-05
eec: 1502.68
weight: 0.000340931
eec: 508.042
weight: 2.06625e-05
eec: 1743.58
weight: 2.59245e-05
eec: 363.992
weight: 6.24152e-06
eec: 244.173
weight: 8.42629e-05
eec: 106.377
weight: 5.31831e-06
eec: 124.934
weight: 2.15947e-05
eec: 98.2961
weight: 8.96342e-06
eec: 2703.12
weight: 0.000248872
eec: 868.491
weight: 6.90948e-05
eec: 850.703
weight: 0.00019356
eec: 27.7987
weight: 2.29884e-05
eec: 224.54
weight: 3.96298e-07
eec: 1503.98
weight: 6.78068e-05
eec: 281.579
weight: 0.000108327
eec: 767.701
weight: 5.77256e-05
eec: 138.861
weight: 1.26618e-05
eec: 1496.23
weight: 6.29986e-05
eec: 1038.92
weight: 0.000221133
eec: 1119.32
weight: 4.25442e-06
eec: 1437.63
weight: 0.000239383
eec: 578.21
weight: 5.28403e-05
eec: 74.327
weight: 1.88642e-05
eec: 722.219
weight: 5.56045e-05
eec: 336.957
weight: 8.52568e-06
eec: 125.68
weight: 6.04129e-05
eec: 949.122
weight: 6.59875e-06
eec: 36.0476
weight: 1.56425e-06
eec: 1019.25
weight: 6.09582e-06
eec: 74.2973
weight: 0.000158656
eec: 814.043
weight: 0.000102468
eec: 720.648
weight: 2.57824e-05
eec: 70.5108
weight: 0.000516499
eec: 296.288
weight: 9.18636e-05
eec: 364.28
weight: 2.51825e-05
eec: 590.301
weight: 1.97432e-05
eec: 926.612
weight: 1.28087e-05
eec: 252.483
weight: 8.21873e-05
eec: 579.447
weight: 0.000115024
eec: 169.083
weight: 1.42141e-05
eec: 62.873
weight: 6.07528e-06
eec: 44.8795
weight: 3.45847e-05
eec: 438.035
weight: 2.62761e-05
eec: 149.976
weight: 3.15044e-05
eec: 453.309
weight: 2.42962e-05
eec: 429.934
weight: 1.26854e-05
eec: 125.17
weight: 2.86234e-06
eec: 848.398
weight: 2.98304e-05
eec: 564.973
weight: 7.89783e-05
eec: 78.6013
weight: 0.000623129
eec: 26.309
weight: 5.36568e-05
eec: 519.963
weight: 5.01826e-05
eec: 986.123
weight: 1.25012e-05
eec: 2091.92
weight: 0.000191964
eec: 642.523
weight: 6.39922e-07
eec: 546.032
weight: 6.61572e-05
eec: 651.536
weight: 0.000221052
eec: 122.169
weight: 0.000268447
eec: 442.147
weight: 5.11485e-05
eec: 60.6831
weight: 3.44448e-06
eec: 246.821
weight: 7.03987e-05
eec: 615.639
weight: 2.95183e-05
eec: 615.303
weight: 7.6768e-05
eec: 232.917
weight: 5.60027e-06
eec: 951.132
Processing: 42.5 %weight: 6.33051e-06
eec: 860.099
weight: 6.85541e-06
eec: 113.613
weight: 2.6722e-05
eec: 223.513
weight: 4.28996e-06
eec: 258.912
weight: 2.35902e-07
eec: 252.029
weight: 2.54126e-05
eec: 132.206
weight: 2.95577e-06
eec: 1184.34
weight: 0.000631499
eec: 67.7288
weight: 2.39424e-05
eec: 38.2046
weight: 5.09197e-05
eec: 534.827
weight: 8.75929e-06
eec: 453.186
weight: 0.000331537
eec: 1516.97
weight: 7.28136e-06
eec: 192.078
weight: 4.71562e-08
eec: 303.28
weight: 3.18898e-06
eec: 109.206
weight: 0.000180163
eec: 295.391
weight: 1.20797e-05
eec: 911.682
weight: 9.27241e-05
eec: 990.999
weight: 2.96566e-06
eec: 1086.09
weight: 1.86829e-05
eec: 77.9634
weight: 9.2287e-05
eec: 824.674
weight: 9.12723e-05
eec: 453.21
weight: 9.84501e-08
eec: 49.6869
weight: 2.5673e-05
eec: 314.927
weight: 0.000400135
eec: 463.483
weight: 6.40609e-06
eec: 3659.05
weight: 7.52623e-06
eec: 126.689
weight: 2.8968e-07
eec: 906.487
weight: 2.52668e-05
eec: 171.756
weight: 2.6372e-05
eec: 150.038
weight: 6.8644e-05
eec: 128.144
weight: 6.23047e-05
eec: 89.2545
weight: 1.1856e-06
eec: 8.07402
weight: 4.13711e-06
eec: 762.465
weight: 2.35053e-05
eec: 300.224
weight: 5.35429e-05
eec: 861.92
weight: 2.70396e-05
eec: 1191.05
weight: 2.70396e-05
eec: 733.787
weight: 1.62543e-05
eec: 224.733
weight: 6.29843e-05
eec: 74.8395
weight: 3.36727e-05
eec: 1357.6
weight: 0.00106977
eec: 771.167
weight: 2.42732e-05
eec: 666.696
weight: 1.00711e-05
eec: 1542.11
weight: 3.46696e-05
eec: 253.479
weight: 7.46207e-05
eec: 1175.71
weight: 6.48742e-05
eec: 1105.85
weight: 7.99504e-07
eec: 437.782
weight: 0.00124483
eec: 158.851
weight: 7.95439e-05
eec: 36.2333
weight: 0.000236131
eec: 108.053
weight: 0.000327043
eec: 62.9376
weight: 3.4682e-06
eec: 1030.36
weight: 3.15981e-05
eec: 121.627
weight: 0.000284571
eec: 602.377
weight: 0.000116293
eec: 994.346
weight: 3.83455e-06
eec: 50.6632
weight: 1.4768e-05
eec: 346.433
weight: 1.03938e-05
eec: 83.1707
weight: 7.30124e-07
eec: 864.7
weight: 0.000449472
eec: 226.435
weight: 2.70519e-05
eec: 23.6205
weight: 1.29921e-05
eec: 65.2394
weight: 1.26401e-05
eec: 173.171
weight: 1.25995e-06
eec: 653.235
weight: 5.51734e-05
eec: 376.644
weight: 1.40594e-05
eec: 1012.68
weight: 2.28451e-07
eec: 372.59
weight: 0.00012997
eec: 155.561
weight: 9.37618e-05
eec: 93.9565
weight: 3.05787e-06
eec: 316.146
weight: 3.4663e-06
eec: 138.899
weight: 2.14301e-05
eec: 561.27
weight: 4.13289e-05
eec: 527.279
weight: 0.00028819
eec: 366.624
weight: 8.05506e-07
eec: 405.378
weight: 1.1804e-05
eec: 327.264
weight: 0.00155549
eec: 83.54
weight: 3.24803e-05
eec: 123.302
weight: 6.45848e-05
eec: 1531.75
weight: 8.25022e-05
eec: 776.582
weight: 0.000352855
eec: 654.328
weight: 0.00106722
eec: 271.501
weight: 1.30746e-05
eec: 860.403
weight: 1.02462e-05
eec: 1100.67
weight: 4.6351e-06
eec: 347.586
weight: 0.000270939
eec: 421.621
weight: 3.1458e-06
eec: 98.664
weight: 1.78645e-05
eec: 607.697
weight: 4.1508e-05
eec: 663.626
weight: 4.73229e-05
eec: 1373.68
weight: 0.000135077
eec: 113.783
weight: 2.50375e-05
eec: 446.191
weight: 2.28397e-05
eec: 638.031
weight: 4.50202e-05
eec: 852.795
weight: 1.43917e-05
eec: 510.016
weight: 3.45147e-05
eec: 548.393
weight: 1.04145e-05
eec: 362.066
weight: 3.40503e-05
eec: 498.876
weight: 1.08777e-05
eec: 123.513
weight: 0.00041285
eec: 296.205
weight: 1.18121e-05
eec: 1700.05
weight: 1.64771e-06
eec: 86.0886
weight: 2.33114e-05
eec: 176.363
weight: 6.49284e-06
eec: 161.652
weight: 6.05164e-05
eec: 1438.66
weight: 0.000211155
eec: 514.89
weight: 0.000121655
eec: 88.032
weight: 5.09627e-05
eec: 154.886
weight: 3.28434e-05
eec: 171.081
weight: 5.48115e-05
eec: 590.346
weight: 7.26269e-07
eec: 348.58
weight: 0.000104839
eec: 57.1481
weight: 2.16579e-05
eec: 1658
weight: 2.97757e-07
eec: 459.581
weight: 5.18541e-05
eec: 253.35

ROOT exit code = 0
