gSystem->Load("run_condor_job_Run3_C.so");
run_condor_job_Run3(463, 100, 2,
                    80, 200,
                    1, 1, 1, 4);
.q

ENTERED run_condor_job_Run3()
JOBID = 463
  global job = 463  Job 63/100  events [3715740, 3774720)  total=5898000
Processing events [3715740, 3774720) of 5898000
weight: 1.41218e-05
eec: 1011.08
weight: 1.01726e-06
eec: 233.188
weight: 0.000588047
eec: 149.545
weight: 1.78527e-06
eec: 104.44
weight: 0.000280234
eec: 24.7332
weight: 1.07938e-05
eec: 223.593
weight: 8.74411e-05
eec: 451.856
weight: 2.95759e-05
eec: 587.423
weight: 0.000313733
eec: 447.797
weight: 0.000304032
eec: 632.544
weight: 8.17286e-05
eec: 506.464
weight: 1.87006e-05
eec: 330.048
weight: 0.000305012
eec: 306.406
weight: 6.65295e-07
eec: 1094.99
weight: 0.000160912
eec: 328.964
weight: 2.38226e-08
eec: 892.143
weight: 4.01705e-05
eec: 799.835
weight: 3.88107e-05
eec: 418.016
weight: 3.59942e-05
eec: 1070.89
weight: 9.36888e-05
eec: 268.782
weight: 3.19132e-06
eec: 1898.16
weight: 5.64679e-05
eec: 233.858
weight: 9.27724e-05
eec: 1044.75
weight: 4.26053e-07
eec: 256.716
weight: 9.57704e-05
eec: 100.318
weight: 7.09434e-05
eec: 424.418
weight: 8.16761e-06
eec: 75.8721
weight: 0.000126738
eec: 225.627
weight: 0.000160933
eec: 789.926
weight: 2.96334e-07
eec: 136.567
weight: 5.7723e-05
eec: 993.354
weight: 0.000134637
eec: 157.994
weight: 8.80997e-07
eec: 593.709
weight: 0.00704248
eec: 741.996
weight: 9.70064e-06
eec: 2815.17
weight: 0.00149667
eec: 315.406
weight: 0.000234592
eec: 29.7529
weight: 6.92483e-05
eec: 431.628
weight: 8.26746e-07
eec: 1325.96
weight: 2.06621e-06
eec: 654.242
weight: 4.44465e-05
eec: 1227.53
weight: 4.45566e-05
eec: 109.994
weight: 9.7182e-06
eec: 314.707
weight: 4.59679e-06
eec: 270.134
weight: 6.70386e-08
eec: 79.6091
weight: 2.68736e-05
eec: 713.228
weight: 8.52034e-05
eec: 32.5685
weight: 1.8808e-05
eec: 74.0705
weight: 0.000193344
eec: 628.74
weight: 5.42212e-06
eec: 281.247
weight: 3.35073e-05
eec: 216.065
weight: 2.12394e-05
eec: 139.545
weight: 2.22551e-05
eec: 244.632
weight: 9.04241e-06
eec: 56.8088
weight: 1.45313e-05
eec: 1484.3
weight: 2.99246e-05
eec: 985.573
weight: 0.000278912
eec: 281.302
weight: 3.62201e-05
eec: 63.8419
weight: 2.50375e-05
eec: 216.106
weight: 7.43178e-06
eec: 433.1
weight: 5.40026e-06
eec: 259.667
weight: 1.00757e-05
eec: 110.388
weight: 1.67318e-05
eec: 219.448
weight: 9.63234e-06
eec: 4092.77
weight: 4.38849e-06
eec: 569.866
weight: 9.43046e-05
eec: 654.781
weight: 5.69165e-05
eec: 249.508
weight: 7.42317e-06
eec: 515.352
weight: 1.2606e-06
eec: 125.473
weight: 7.99637e-06
eec: 1995.9
weight: 0.000375902
eec: 38.5217
weight: 0.00013671
eec: 701.092
weight: 3.15408e-06
eec: 71.3162
weight: 0.00128792
eec: 196.311
weight: 1.84128e-05
eec: 395.33
weight: 2.19262e-05
eec: 581.392
weight: 6.58733e-05
eec: 230.444
weight: 0.000212561
eec: 185.519
weight: 0.000151061
eec: 55.5009
weight: 8.39522e-06
eec: 1430.83
weight: 2.19161e-05
eec: 211.143
weight: 0.000201428
eec: 51.7913
weight: 2.36196e-05
eec: 328.766
weight: 0.000146599
eec: 522.333
weight: 3.26089e-06
eec: 239.871
weight: 0.000202675
eec: 900.558
weight: 0.000289667
eec: 142.689
weight: 2.76135e-06
eec: 2063.02
weight: 8.50797e-06
eec: 20.3791
weight: 5.12437e-06
eec: 213.959
weight: 1.0307e-06
eec: 64.8802
weight: 1.0307e-06
eec: 756.932
weight: 1.39181e-05
eec: 61.2235
weight: 0.000121258
eec: 91.2102
weight: 0.000297771
eec: 202.086
weight: 2.84888e-05
eec: 40.0644
weight: 0.000171765
eec: 85.6411
weight: 7.05915e-05
eec: 1051.53
weight: 6.90473e-05
eec: 1368.87
weight: 8.40872e-05
eec: 3013.52
weight: 8.00553e-06
eec: 1066.88
weight: 0.000811904
eec: 702.132
weight: 6.92451e-07
eec: 428.121
weight: 2.69666e-06
eec: 50.5615
weight: 6.79966e-06
eec: 864.267
weight: 0.000164239
eec: 544.487
weight: 0.000691344
eec: 474.763
weight: 4.98186e-05
eec: 217.861
weight: 8.21518e-06
eec: 314.506
weight: 6.83938e-08
eec: 982.479
weight: 1.19674e-05
eec: 277.491
weight: 4.0116e-05
eec: 637.364
weight: 0.00698392
eec: 254.81
weight: 6.09842e-07
eec: 93.6584
weight: 3.73533e-05
eec: 724.788
weight: 0.000208847
eec: 174.919
weight: 0.000353311
eec: 39.3407
weight: 2.94563e-05
eec: 1189.08
weight: 3.47835e-05
eec: 1389.87
weight: 0.00012667
eec: 1382.86
weight: 0.000371043
eec: 549.325
weight: 5.49671e-06
eec: 644.169
weight: 6.21207e-05
eec: 557.529
weight: 3.63368e-05
eec: 586.166
weight: 3.80051e-05
eec: 239.388
weight: 6.26842e-06
eec: 2418.63
weight: 0.000103052
eec: 1187.59
weight: 3.49957e-06
eec: 548.872
weight: 7.83848e-05
eec: 214.389
weight: 6.60106e-05
eec: 91.7144
weight: 1.68979e-05
eec: 723.29
Processing: 63.5809 %weight: 7.95101e-05
eec: 350.036
weight: 0.000277377
eec: 101.745
weight: 3.96023e-06
eec: 1360.23
weight: 0.000164378
eec: 99.8519
weight: 8.47003e-08
eec: 890.344
weight: 8.23779e-05
eec: 55.87
weight: 0.000139166
eec: 702.775
weight: 3.75476e-05
eec: 645.132
weight: 3.94275e-06
eec: 720.554
weight: 5.59022e-05
eec: 120.992
weight: 2.64626e-05
eec: 184.808
weight: 1.72414e-05
eec: 171.308
weight: 0.000176166
eec: 470.332
weight: 1.60636e-05
eec: 363.995
weight: 7.97867e-05
eec: 836.152
weight: 9.04683e-05
eec: 226.16
weight: 5.46882e-05
eec: 85.9055
weight: 0.000102705
eec: 450.961
weight: 0.000414443
eec: 706.479
weight: 1.54937e-05
eec: 3508.84
weight: 1.96193e-05
eec: 563.259
weight: 0.000188009
eec: 621.476
weight: 2.6154e-05
eec: 697.303
weight: 1.11631e-07
eec: 458.987
weight: 8.46705e-05
eec: 52.9453
weight: 1.48976e-06
eec: 499.975
weight: 7.50074e-06
eec: 838.991
weight: 7.20325e-06
eec: 446.777
weight: 4.58086e-07
eec: 109.798
weight: 4.49446e-05
eec: 123.448
weight: 8.75992e-05
eec: 300.344
weight: 3.19442e-05
eec: 246.071
weight: 0.000259868
eec: 361.125
weight: 5.61899e-05
eec: 49.8992
weight: 5.55154e-06
eec: 313.528
weight: 2.57599e-05
eec: 16.2686
weight: 6.4269e-05
eec: 455.452
weight: 9.51759e-06
eec: 597.915
weight: 2.9606e-05
eec: 31.6047
weight: 8.44702e-06
eec: 1062.86
weight: 1.5595e-05
eec: 13.5412
weight: 2.61265e-06
eec: 249.36
weight: 1.00566e-05
eec: 163.228
weight: 1.68622e-05
eec: 49.239
weight: 3.36359e-05
eec: 1152.73
weight: 1.18768e-05
eec: 645.936
weight: 0.000292435
eec: 406.099
weight: 0.000137706
eec: 188.46
weight: 2.06565e-06
eec: 541.806
weight: 0.000498159
eec: 487.923
weight: 1.08503e-05
eec: 1645.29
weight: 4.86286e-06
eec: 265.5
weight: 3.30261e-06
eec: 1340.63
weight: 2.99687e-08
eec: 426.06
weight: 7.87612e-05
eec: 982.656
weight: 4.4173e-05
eec: 2037.98
weight: 0.000128262
eec: 663.783
weight: 1.23379e-05
eec: 70.8191
weight: 4.69674e-06
eec: 1036.31
weight: 2.54282e-05
eec: 374.911
weight: 2.04048e-05
eec: 854.842
weight: 1.2154e-05
eec: 196.508
weight: 0.000109019
eec: 117.33
weight: 3.45642e-06
eec: 907.963
weight: 1.47119e-06
eec: 1302.25
weight: 1.99742e-06
eec: 199.778
weight: 4.2064e-08
eec: 750.233
weight: 4.40165e-05
eec: 391.745
weight: 2.25511e-05
eec: 56.2703
weight: 7.40183e-05
eec: 840.858
weight: 6.99638e-05
eec: 111.783
weight: 2.41339e-05
eec: 399.85
weight: 1.49191e-05
eec: 217.259
weight: 5.06433e-08
eec: 103.468
weight: 3.46524e-07
eec: 2068.44
weight: 0.00114272
eec: 1660.73
weight: 4.38708e-05
eec: 19.6794
weight: 5.14388e-07
eec: 360.911
weight: 8.66743e-05
eec: 715.103
weight: 4.03278e-05
eec: 1643.68
weight: 3.75308e-06
eec: 340.27
weight: 1.55849e-05
eec: 166.716
weight: 7.13703e-06
eec: 579.694
weight: 7.13703e-06
eec: 195.62
weight: 1.05152e-05
eec: 609.719
weight: 1.93093e-05
eec: 1032.26
weight: 1.54502e-05
eec: 67.5844
weight: 2.42379e-07
eec: 616.239
weight: 1.97654e-05
eec: 217.733
weight: 0.000132979
eec: 88.0799
weight: 0.000176565
eec: 693.969
weight: 0.00013966
eec: 927.954
weight: 0.000968622
eec: 316.337
weight: 1.04771e-05
eec: 191.843
weight: 5.3109e-05
eec: 58.5569
weight: 7.89467e-06
eec: 185.493

ROOT exit code = 0
