gSystem->Load("run_condor_job_Run3_C.so");
run_condor_job_Run3(694, 100, 2,
                    80, 200,
                    1, 1, 1, 6);
.q

ENTERED run_condor_job_Run3()
JOBID = 694
  global job = 694  Job 94/100  events [5544120, 5603100)  total=5898000
Processing events [5544120, 5603100) of 5898000
weight: 0.000157033
eec: 204.843
weight: 0.00114784
eec: 18.6674
weight: 6.55806e-06
eec: 2869.08
weight: 2.70236e-05
eec: 182.963
weight: 0.000773931
eec: 107.587
weight: 0.000247308
eec: 204.584
weight: 1.40644e-05
eec: 80.6034
weight: 8.31118e-05
eec: 709.505
weight: 0.000183478
eec: 283.252
weight: 5.07316e-06
eec: 139.458
weight: 5.14238e-06
eec: 1159
weight: 1.93055e-06
eec: 345.755
weight: 1.35019e-05
eec: 764.692
weight: 4.95904e-05
eec: 1669.33
weight: 1.87156e-06
eec: 1342.03
weight: 4.23018e-05
eec: 418.112
weight: 0.000282089
eec: 41.0765
weight: 4.85109e-05
eec: 1431.34
weight: 2.0506e-05
eec: 588.371
weight: 0.000112714
eec: 435.44
weight: 6.37196e-06
eec: 417.71
weight: 1.85887e-05
eec: 309.204
weight: 0.000204686
eec: 199.474
weight: 0.000115155
eec: 426.325
weight: 1.10782e-05
eec: 458.758
weight: 0.000464866
eec: 176.256
weight: 1.13764e-05
eec: 39.459
weight: 1.02355e-05
eec: 151.573
Processing: 94.0997 %weight: 8.76098e-05
eec: 1311.22
weight: 0.000217288
eec: 322.977
weight: 2.58103e-05
eec: 920.432
weight: 8.57938e-05
eec: 92.3575
weight: 3.45982e-05
eec: 193.353
weight: 3.86954e-06
eec: 1269.56
weight: 7.58146e-06
eec: 1201.16
weight: 0.000134876
eec: 21.79
weight: 8.18813e-07
eec: 1046.98
weight: 1.59864e-05
eec: 46.7087
weight: 1.71754e-06
eec: 543.207
weight: 6.03629e-05
eec: 667.963
weight: 3.36232e-06
eec: 802.391
weight: 2.04755e-05
eec: 156.17
weight: 4.08961e-05
eec: 331.926
weight: 1.48645e-05
eec: 66.4818
weight: 6.46444e-05
eec: 465.524
weight: 6.87515e-06
eec: 1437.72
weight: 4.14701e-05
eec: 238.336
weight: 1.31833e-05
eec: 153.202
weight: 4.65813e-05
eec: 614.753
weight: 4.46204e-06
eec: 50.0361
weight: 0.000103831
eec: 72.0086
weight: 0.000133354
eec: 429.649
weight: 6.85358e-05
eec: 112.189
weight: 3.96516e-05
eec: 585.528
weight: 7.58336e-05
eec: 454.028
weight: 2.94448e-05
eec: 597.862
weight: 3.66611e-05
eec: 1404.67
weight: 3.54236e-06
eec: 5468.45
weight: 2.59171e-05
eec: 224.086
weight: 9.92265e-06
eec: 212.372
weight: 4.912e-06
eec: 3240.8
weight: 0.000258362
eec: 63.3651
weight: 1.55314e-05
eec: 506.654
weight: 1.71724e-06
eec: 888.29
weight: 8.2978e-06
eec: 40.7421
weight: 4.89691e-05
eec: 2479.9
weight: 2.15895e-05
eec: 1707.28
weight: 1.33951e-05
eec: 231.611
weight: 9.02944e-06
eec: 1130.3
weight: 6.23901e-05
eec: 484.662
weight: 7.31936e-05
eec: 302.765
weight: 6.66868e-05
eec: 287.526
weight: 2.03454e-05
eec: 255.551
weight: 2.08403e-05
eec: 214.936
weight: 0.000301524
eec: 494.039
weight: 1.23177e-06
eec: 199.076
weight: 2.72944e-05
eec: 1182.66
weight: 6.65737e-06
eec: 923.609
weight: 2.90412e-06
eec: 952.578
weight: 7.0135e-07
eec: 126.085
weight: 0.000202024
eec: 123.729
weight: 4.11086e-05
eec: 270.487
weight: 1.50069e-05
eec: 829.71
weight: 1.39652e-07
eec: 315.574
weight: 1.39934e-05
eec: 151.12
weight: 1.81794e-05
eec: 1236.13
weight: 8.51522e-05
eec: 718.026
weight: 9.97162e-05
eec: 284.273
weight: 3.28882e-05
eec: 232.622
weight: 6.304e-05
eec: 88.7136
weight: 1.65682e-05
eec: 2647.73
weight: 3.6313e-05
eec: 566.512
weight: 3.93038e-06
eec: 106.753
weight: 8.82344e-05
eec: 312.615
weight: 7.9181e-05
eec: 535.547
weight: 4.38901e-05
eec: 431.082
weight: 0.000288684
eec: 324.41
weight: 2.19127e-05
eec: 255.917
weight: 1.02921e-05
eec: 444.704
weight: 1.27565e-05
eec: 2995.48
weight: 7.81655e-06
eec: 226.04
weight: 0.00137723
eec: 208.87
weight: 6.77639e-05
eec: 857.898
weight: 3.5889e-06
eec: 211.264
weight: 2.3713e-05
eec: 751.303
weight: 3.07882e-06
eec: 29.6491
weight: 3.20905e-05
eec: 184.042
weight: 2.74602e-08
eec: 476.249
weight: 1.58933e-05
eec: 791.747
weight: 4.3174e-05
eec: 151.949
weight: 0.000152837
eec: 1370.53
weight: 3.19748e-07
eec: 505.345
weight: 0.000322191
eec: 72.0635
weight: 0.000898126
eec: 24.3392
weight: 0.000434229
eec: 28.7584
weight: 0.000184632
eec: 1066.54
weight: 0.000128854
eec: 528.22
weight: 1.20817e-06
eec: 91.1124
weight: 1.43117e-05
eec: 529.299
weight: 9.00385e-07
eec: 1125.18
weight: 0.000305584
eec: 620.316
weight: 9.47208e-05
eec: 404.168
weight: 1.35757e-05
eec: 1403.92
weight: 8.20772e-05
eec: 478.212
weight: 1.96285e-05
eec: 336.617
weight: 0.000151178
eec: 283.262
weight: 1.66835e-06
eec: 447.238
weight: 1.92734e-06
eec: 2862.66
weight: 1.16308e-05
eec: 33.9648
weight: 0.000772858
eec: 21.5675
weight: 1.98074e-05
eec: 314.782
weight: 1.44335e-05
eec: 139.398
weight: 6.91864e-05
eec: 660.628
weight: 2.77505e-05
eec: 242.814
weight: 3.64395e-06
eec: 337.832
weight: 1.87968e-05
eec: 1508.56
weight: 1.62473e-05
eec: 715.113
weight: 0.000285918
eec: 345.618
weight: 2.4324e-05
eec: 1753.6
weight: 5.87342e-07
eec: 1979.4
weight: 5.43843e-05
eec: 189.159
weight: 6.17156e-05
eec: 288.556
weight: 3.26115e-05
eec: 150.578
weight: 0.000197362
eec: 697.999
weight: 5.21321e-06
eec: 1738.09
weight: 1.34394e-06
eec: 228.471
weight: 1.34394e-06
eec: 101.729
weight: 0.000115775
eec: 74.9863
weight: 5.26841e-05
eec: 218.898
weight: 3.07948e-05
eec: 342.977
weight: 5.92441e-06
eec: 1306.13
weight: 3.3594e-06
eec: 1572.99
weight: 2.31886e-05
eec: 1071.61
weight: 5.12923e-05
eec: 1036.84
weight: 1.88754e-05
eec: 1043.56
weight: 4.05614e-05
eec: 161.23
weight: 4.89639e-05
eec: 112.542
weight: 0.000118113
eec: 187.314
weight: 0.000117278
eec: 118.516
weight: 1.13721e-06
eec: 1074.92
weight: 1.44796e-05
eec: 49.3639
weight: 4.35908e-05
eec: 236.154
weight: 6.81204e-05
eec: 834.86
weight: 3.3353e-05
eec: 989.457
weight: 4.05203e-05
eec: 77.4931
weight: 1.99898e-05
eec: 313.139
weight: 2.10039e-05
eec: 467.001
weight: 0.000205755
eec: 184.255
weight: 8.21282e-05
eec: 131.933
weight: 0.00012899
eec: 487.431
weight: 5.0937e-06
eec: 1747.7
weight: 3.50908e-05
eec: 84.8366
weight: 2.63599e-05
eec: 1169.92
weight: 2.80087e-05
eec: 787.823
weight: 6.77417e-06
eec: 1861.76
weight: 9.67538e-05
eec: 589.38
weight: 1.38733e-05
eec: 264.107
weight: 8.99647e-06
eec: 83.9047
weight: 2.38702e-05
eec: 277.323
weight: 0.000159134
eec: 334.666
weight: 5.14028e-05
eec: 348.61
weight: 1.40168e-05
eec: 128.533
weight: 1.48676e-05
eec: 933.289
weight: 6.09128e-05
eec: 824.957
weight: 6.42469e-06
eec: 470.497
weight: 5.22529e-07
eec: 656.677
weight: 0.000918499
eec: 98.693
weight: 1.16436e-05
eec: 709.763
weight: 3.72716e-05
eec: 406.513
weight: 4.15808e-06
eec: 85.6366
weight: 0.000155138
eec: 457.937
weight: 9.56791e-05
eec: 791.216
weight: 0.000688192
eec: 1210.51
weight: 0.000281153
eec: 319.083
weight: 0.000281153
eec: 125.043
weight: 0.000103662
eec: 607.117
weight: 9.89783e-07
eec: 345.253
weight: 0.00037119
eec: 679.681
weight: 1.06318e-05
eec: 1901.33
weight: 4.81373e-06
eec: 770.945
weight: 6.30312e-06
eec: 191.672
weight: 7.07823e-05
eec: 91.5188
weight: 7.11905e-05
eec: 427.84
weight: 1.66794e-05
eec: 742.675
weight: 0.000480829
eec: 479.552
weight: 2.86691e-05
eec: 420.775
weight: 1.29969e-05
eec: 115.609
weight: 2.25428e-08
eec: 327.914
weight: 4.2808e-05
eec: 291.322
weight: 2.07236e-06
eec: 20.2357
weight: 3.29906e-05
eec: 693.569
weight: 6.08652e-05
eec: 537.973
weight: 5.96958e-06
eec: 539.889
weight: 5.3279e-05
eec: 459.824
weight: 1.24003e-05
eec: 1517.31
weight: 4.9049e-05
eec: 975.034
weight: 2.15713e-06
eec: 120.283
weight: 0.000137074
eec: 679.2
weight: 4.32792e-05
eec: 900.478
weight: 4.71931e-05
eec: 174.479
weight: 3.24486e-06
eec: 358.911
weight: 2.04819e-05
eec: 704.934
weight: 9.06275e-07
eec: 3680.41
weight: 2.76028e-05
eec: 63.155
weight: 4.72787e-06
eec: 399.618
weight: 2.72858e-05
eec: 73.4665
weight: 9.01842e-07
eec: 96.1835
weight: 3.74174e-05
eec: 3364.35
weight: 6.96614e-05
eec: 403.294
weight: 2.63253e-06
eec: 331.3
weight: 8.94336e-05
eec: 767.599
weight: 0.000261473
eec: 888.117
weight: 8.92264e-06
eec: 1924.46
weight: 9.52378e-05
eec: 427.8
weight: 6.91329e-06
eec: 1636.74
Processing: 94.9474 %weight: 0.000297307
eec: 225
weight: 0.000940779
eec: 471.438
weight: 2.64229e-06
eec: 78.3067
weight: 5.65251e-05
eec: 172.629
weight: 9.88197e-06
eec: 2738.08
weight: 4.64483e-06
eec: 122.292
weight: 9.61635e-08
eec: 76.1542
weight: 6.9142e-06
eec: 193.747
weight: 7.91714e-06
eec: 614.173
weight: 2.7819e-05
eec: 4785.54

ROOT exit code = 0
