gSystem->Load("run_condor_job_Run3_C.so");
run_condor_job_Run3(391, 100, 2,
                    80, 200,
                    1, 1, 1, 3);
.q

ENTERED run_condor_job_Run3()
JOBID = 391
  global job = 391  Job 91/100  events [5460000, 5520000)  total=6000000
Processing events [5460000, 5520000) of 6000000
weight: 0.00045168
eec: 225.436
weight: 5.15978e-05
eec: 90.3965
weight: 0.000389874
eec: 534.011
weight: 4.24512e-06
eec: 614.13
weight: 5.48722e-06
eec: 539.468
weight: 2.2352e-05
eec: 777.407
weight: 1.69859e-05
eec: 1282.92
weight: 9.05104e-07
eec: 247.779
weight: 9.74116e-05
eec: 69.137
weight: 4.35487e-06
eec: 35.2368
weight: 2.05874e-06
eec: 707.483
weight: 5.86346e-05
eec: 970.705
weight: 0.00010958
eec: 136.306
weight: 7.05257e-07
eec: 1189.42
weight: 0.000214174
eec: 437.644
weight: 1.47514e-05
eec: 1501.41
weight: 9.53292e-06
eec: 342.902
weight: 2.5496e-06
eec: 220.719
weight: 4.25833e-05
eec: 183.268
weight: 3.11775e-05
eec: 192.972
weight: 0.000230294
eec: 84.8381
weight: 9.78416e-05
eec: 1091.43
weight: 1.85743e-05
eec: 6.39328
weight: 1.04029e-05
eec: 189.486
weight: 8.15893e-09
eec: 1767.73
weight: 4.81643e-06
eec: 1549.87
weight: 0.000133296
eec: 2549.42
weight: 1.63454e-05
eec: 1329.09
weight: 5.23975e-05
eec: 16.7222
weight: 0.00011186
eec: 530.107
weight: 1.94832e-05
eec: 719.741
weight: 0.000236363
eec: 352.587
weight: 4.41591e-05
eec: 93.7899
weight: 6.59329e-05
eec: 994.571
weight: 3.00876e-05
eec: 414.646
weight: 1.27165e-06
eec: 657.267
weight: 2.02987e-05
eec: 1408.61
weight: 2.42847e-05
eec: 143.679
weight: 9.44237e-06
eec: 195.721
weight: 0.00105516
eec: 584.153
weight: 3.42478e-06
eec: 142.72
weight: 1.37797e-05
eec: 159.087
weight: 0.000192293
eec: 271.827
weight: 2.40042e-05
eec: 250.2
weight: 2.88022e-06
eec: 1636.09
weight: 3.9048e-05
eec: 116.046
weight: 8.90197e-06
eec: 562.285
weight: 3.26971e-05
eec: 1251
weight: 3.80144e-06
eec: 508.911
weight: 1.50078e-05
eec: 167.475
weight: 0.00101373
eec: 498.838
weight: 1.58119e-05
eec: 123.602
weight: 5.32134e-05
eec: 806.066
weight: 0.000129252
eec: 968.006
weight: 0.000120582
eec: 236.665
weight: 1.85631e-05
eec: 771.782
weight: 1.36995e-05
eec: 479.308
weight: 3.28725e-05
eec: 2118.74
weight: 1.00321e-05
eec: 253.021
weight: 8.02162e-05
eec: 41.8371
weight: 1.26658e-07
eec: 523.273
weight: 1.97578e-05
eec: 111.756
weight: 2.40476e-05
eec: 148.57
weight: 1.05365e-05
eec: 260.922
weight: 0.000101308
eec: 177.062
weight: 0.000426618
eec: 270.909
weight: 2.41634e-06
eec: 328.607
weight: 1.86283e-07
eec: 111.499
weight: 1.53389e-05
eec: 444.006
weight: 0.000724896
eec: 206.839
weight: 6.97073e-05
eec: 692.637
weight: 8.53675e-05
eec: 300.026
weight: 5.99507e-07
eec: 600.099
weight: 3.61864e-08
eec: 72.9221
weight: 1.03473e-05
eec: 162.903
weight: 3.78532e-06
eec: 616.876
weight: 1.38757e-05
eec: 31.5486
weight: 3.47004e-05
eec: 282.066
weight: 1.73789e-05
eec: 833.552
weight: 2.45485e-05
eec: 256.818
weight: 7.52955e-05
eec: 252.088
weight: 1.74088e-05
eec: 165.505
weight: 1.64582e-05
eec: 274.935
weight: 5.59731e-05
eec: 338.961
weight: 3.43909e-07
eec: 458.548
weight: 3.12583e-05
eec: 895.786
weight: 0.000163799
eec: 775.521
weight: 8.26287e-05
eec: 805.065
weight: 2.12644e-06
eec: 2821.19
weight: 1.376e-05
eec: 491.294
weight: 1.27583e-05
eec: 68.6579
weight: 5.72398e-05
eec: 489.203
weight: 4.02815e-05
eec: 531.509
weight: 9.88272e-05
eec: 135.911
weight: 0.000539624
eec: 136.625
weight: 4.17247e-05
eec: 22.0069
weight: 0.000341049
eec: 176.599
weight: 3.01835e-05
eec: 256.09
weight: 5.17749e-06
eec: 1271.46
weight: 2.28977e-05
eec: 385.751
weight: 0.000167211
eec: 170.781
weight: 3.31695e-05
eec: 696.82
weight: 8.54074e-06
eec: 92.015
weight: 4.08336e-07
eec: 1956.51
weight: 4.04036e-06
eec: 414.703
weight: 4.0484e-06
eec: 1568.54
weight: 1.69446e-06
eec: 1132.09
weight: 6.66393e-06
eec: 2537.51
weight: 1.0492e-05
eec: 860.77
weight: 5.93816e-06
eec: 1591.62
weight: 1.51075e-06
eec: 94.116
weight: 0.000275619
eec: 137.056
weight: 0.000114547
eec: 1317
weight: 2.93259e-05
eec: 799.476
weight: 0.000318566
eec: 214.351
weight: 4.31716e-06
eec: 278.609
weight: 1.29033e-05
eec: 142.947
weight: 3.72812e-05
eec: 413.018
weight: 4.54065e-06
eec: 3360.05
weight: 8.12123e-06
eec: 121.45
weight: 2.27321e-05
eec: 648.049
weight: 2.08909e-05
eec: 731.072
weight: 0.00110972
eec: 683.108
weight: 4.09277e-06
eec: 126.647
weight: 2.6371e-07
eec: 84.6182
weight: 4.3336e-06
eec: 919.652
weight: 2.32777e-05
eec: 307.423
weight: 9.84214e-06
eec: 133.004
weight: 9.40299e-05
eec: 493.405
weight: 0.000110185
eec: 51.6948
weight: 5.69856e-05
eec: 406.402
weight: 4.57159e-05
eec: 732.113
weight: 2.95249e-07
eec: 163.118
weight: 6.80789e-05
eec: 615.749
weight: 0.000104908
eec: 260.927
weight: 1.3206e-05
eec: 170.189
weight: 0.000258687
eec: 593.936
weight: 0.000146374
eec: 301.975
weight: 1.54149e-05
eec: 557.644
weight: 0.000323517
eec: 719.7
weight: 8.40101e-06
eec: 633.266
weight: 0.000113187
eec: 329.142
weight: 0.000317105
eec: 864.668
weight: 0.000331629
eec: 46.0947
weight: 1.53301e-05
eec: 150.169
weight: 6.07114e-06
eec: 931.65
weight: 8.22206e-05
eec: 188.37
weight: 4.50658e-06
eec: 343.238
weight: 2.8349e-06
eec: 491.65
weight: 0.000144852
eec: 186.038
weight: 9.30105e-05
eec: 105.929
weight: 1.1438e-06
eec: 1009.14
weight: 5.79388e-06
eec: 1356.51
weight: 2.67837e-06
eec: 1324.06
weight: 1.14176e-05
eec: 872.749
weight: 4.23422e-06
eec: 133.208
weight: 2.52261e-06
eec: 413.08
weight: 0.000487089
eec: 97.5511
weight: 7.1798e-06
eec: 24.6106
weight: 0.000135826
eec: 316.704
weight: 9.3911e-08
eec: 223.787
weight: 9.3911e-08
eec: 2134.34
weight: 1.18801e-05
eec: 258.453
weight: 1.0604e-05
eec: 437.859
weight: 4.49642e-05
eec: 502.056
weight: 0.000101784
eec: 492.444
weight: 1.6212e-05
eec: 692.373
weight: 2.22868e-05
eec: 449.27
weight: 0.000192416
eec: 191.018
weight: 3.53505e-05
eec: 14.2984
weight: 6.99765e-05
eec: 766.674
weight: 0.000235103
eec: 92.0393
weight: 9.98209e-06
eec: 231.772
weight: 1.08284e-05
eec: 610.262
weight: 2.58999e-06
eec: 2126.74
weight: 4.29106e-06
eec: 2575.91
weight: 1.93334e-07
eec: 397.579
weight: 2.47492e-05
eec: 995.254
weight: 6.32702e-06
eec: 33.9536
weight: 0.000147443
eec: 32.9116
weight: 2.88227e-05
eec: 592.864
weight: 1.81665e-05
eec: 1273.91
weight: 3.92104e-05
eec: 506.181
weight: 3.94525e-05
eec: 207.453
weight: 9.91666e-05
eec: 31.1715
weight: 7.0561e-06
eec: 298.932
weight: 1.81664e-05
eec: 476.716
weight: 3.70283e-07
eec: 109.753
weight: 1.03403e-06
eec: 970.065
weight: 2.86229e-05
eec: 215.94
weight: 1.01597e-05
eec: 74.6183
weight: 3.96721e-05
eec: 426.103
weight: 4.51004e-06
eec: 423.516
weight: 0.000142082
eec: 287.821
weight: 6.32075e-06
eec: 266.578
weight: 2.90668e-06
eec: 1419.33
weight: 7.68275e-06
eec: 2552.66
weight: 6.65995e-06
eec: 1340.16
weight: 5.0765e-06
eec: 453.923
Processing: 91.6667 %weight: 0.00079491
eec: 153.814
weight: 1.03395e-05
eec: 2620.71
weight: 1.13284e-06
eec: 1361.37
weight: 0.00030666
eec: 287.118
weight: 1.07946e-05
eec: 789.141
weight: 4.1978e-06
eec: 777.845
weight: 9.89883e-06
eec: 399.977
weight: 1.61122e-05
eec: 113.958
weight: 2.26904e-05
eec: 63.1622
weight: 1.77175e-05
eec: 1127.29
weight: 1.14128e-05
eec: 471.771
weight: 2.29602e-06
eec: 540.103
weight: 7.50236e-06
eec: 3270.2
weight: 5.36468e-06
eec: 776.915
weight: 2.8831e-06
eec: 780.742
weight: 0.000744907
eec: 1009.04
weight: 8.93473e-05
eec: 33.2525
weight: 0.000243323
eec: 198.329
weight: 1.70793e-05
eec: 155.118
weight: 0.000490641
eec: 747.664
weight: 1.10488e-06
eec: 1338.51
weight: 8.23689e-05
eec: 443.788
weight: 6.8369e-06
eec: 516.566
weight: 2.54544e-06
eec: 202.424
weight: 0.000170896
eec: 315.563
weight: 2.23545e-05
eec: 358.325
weight: 3.83758e-05
eec: 864.578
weight: 1.49067e-05
eec: 776.702
weight: 5.19793e-05
eec: 104.26
weight: 5.19793e-05
eec: 859.443
weight: 1.95249e-06
eec: 1626.63
weight: 0.000154456
eec: 266.551
weight: 0.000616313
eec: 148.666
weight: 2.74237e-05
eec: 2095.85
weight: 3.6441e-05
eec: 433.757
weight: 3.70637e-05
eec: 602.178
weight: 2.17314e-06
eec: 71.3006
weight: 2.55162e-05
eec: 683.378
weight: 2.18105e-05
eec: 177.555
weight: 4.59406e-05
eec: 417.262
weight: 0.000225646
eec: 189.314
weight: 2.84425e-06
eec: 1584.85
weight: 4.84862e-06
eec: 767.89
weight: 9.8413e-05
eec: 73.6397
weight: 9.8413e-05
eec: 71.7899
weight: 1.88991e-06
eec: 2219.13
weight: 6.0553e-05
eec: 1245.7
weight: 4.66514e-05
eec: 402.037
weight: 3.90658e-06
eec: 152.309
weight: 6.25135e-05
eec: 301.048
weight: 4.62442e-06
eec: 35.9507
weight: 3.07774e-05
eec: 545.521
weight: 1.65334e-05
eec: 991.632
weight: 2.88383e-06
eec: 261.597
weight: 1.96428e-05
eec: 359.926
weight: 5.65505e-05
eec: 39.895
weight: 1.95102e-07
eec: 221.791
weight: 9.39915e-06
eec: 437.38
weight: 7.79704e-05
eec: 37.9343
weight: 1.4038e-05
eec: 171.762
weight: 1.47786e-05
eec: 1338.48
weight: 1.78952e-06
eec: 603.152
weight: 2.72824e-07
eec: 308.722
weight: 6.2205e-06
eec: 653.092
weight: 2.87798e-06
eec: 1470.15
weight: 5.93549e-07
eec: 1417.77
weight: 2.8914e-05
eec: 421.366
weight: 3.74207e-06
eec: 859.238
weight: 4.0286e-06
eec: 671.383
weight: 9.87696e-05
eec: 318.065
weight: 4.65714e-05
eec: 494.154
weight: 1.41345e-05
eec: 1200.48
weight: 7.7497e-06
eec: 1791.39
weight: 6.34047e-05
eec: 306.206
weight: 1.56345e-05
eec: 1174.61
weight: 4.60784e-06
eec: 1785.96
weight: 5.30499e-05
eec: 124.901
weight: 3.50554e-07
eec: 347.381
weight: 2.18069e-05
eec: 2153.69
weight: 6.51564e-05
eec: 442.131

ROOT exit code = 0
