gSystem->Load("run_condor_job_Run3_C.so");
run_condor_job_Run3(184, 100, 2,
                    80, 200,
                    1, 1, 1, 1);
.q

ENTERED run_condor_job_Run3()
JOBID = 184
  global job = 184  Job 84/100  events [4924080, 4982700)  total=5862000
Processing events [4924080, 4982700) of 5862000
weight: 1.13355e-06
eec: 2588.06
weight: 2.07328e-07
eec: 790.122
weight: 2.94942e-06
eec: 1460.86
weight: 5.69601e-06
eec: 1391.54
weight: 8.16419e-06
eec: 422.743
weight: 2.87664e-06
eec: 1991.4
weight: 3.65561e-06
eec: 401.065
weight: 3.24043e-06
eec: 190.666
weight: 0.000142599
eec: 342.913
weight: 0.000315079
eec: 325.745
weight: 5.80553e-06
eec: 533.363
weight: 2.02331e-05
eec: 1301.64
weight: 2.05348e-06
eec: 589.659
weight: 2.63774e-06
eec: 1069.31
weight: 4.24628e-05
eec: 451.876
weight: 7.62045e-05
eec: 889.111
weight: 4.38555e-05
eec: 682.317
weight: 2.11608e-05
eec: 505.083
weight: 5.85122e-05
eec: 172.604
weight: 1.42051e-05
eec: 288.186
weight: 3.69361e-05
eec: 776.757
weight: 0.000273162
eec: 332.499
weight: 9.18321e-05
eec: 588.151
weight: 4.05835e-05
eec: 1358.77
weight: 0.00015697
eec: 74.2879
weight: 6.9538e-06
eec: 71.1376
weight: 8.55593e-05
eec: 73.1212
weight: 0.000244628
eec: 118.546
weight: 3.78836e-05
eec: 41.4385
weight: 1.08224e-05
eec: 1424.59
weight: 3.42581e-07
eec: 363.507
weight: 1.39885e-05
eec: 1869.07
weight: 0.000307374
eec: 5.9083
weight: 0.00037247
eec: 101.709
weight: 5.30644e-05
eec: 113.598
weight: 1.89483e-05
eec: 605.371
weight: 0.000140617
eec: 135.305
weight: 6.39032e-05
eec: 24.6435
weight: 7.73105e-05
eec: 1539.39
weight: 0.00183902
eec: 1183.46
weight: 7.54144e-05
eec: 272.373
weight: 1.56651e-05
eec: 249.74
weight: 3.08384e-05
eec: 545.596
weight: 1.01977e-05
eec: 2056.8
weight: 0.000384261
eec: 146.414
weight: 0.000265371
eec: 810.282
weight: 1.93633e-05
eec: 2926.64
weight: 4.1223e-06
eec: 603.962
weight: 0.000276695
eec: 1165.66
weight: 0.00145111
eec: 347.091
weight: 0.000968639
eec: 1183
weight: 1.40763e-05
eec: 3548.81
weight: 9.57427e-06
eec: 897.929
weight: 0.000168791
eec: 101.937
weight: 8.02063e-06
eec: 1043.43
weight: 5.72787e-07
eec: 46.7156
weight: 2.64758e-05
eec: 93.7738
weight: 0.000107099
eec: 118.866
weight: 7.39019e-05
eec: 1561.08
weight: 7.1229e-05
eec: 354.679
weight: 1.57716e-06
eec: 89.0017
weight: 0.000116067
eec: 531.836
weight: 6.08116e-05
eec: 60.7549
weight: 5.0962e-06
eec: 333.165
weight: 0.000598678
eec: 31.3367
weight: 4.07355e-07
eec: 447.431
weight: 5.37024e-06
eec: 376.459
weight: 5.39051e-05
eec: 1250.03
weight: 6.94094e-05
eec: 479.419
weight: 7.19618e-05
eec: 24.4258
weight: 1.85689e-05
eec: 966.854
weight: 1.06464e-05
eec: 1438.71
weight: 0.00018017
eec: 50.4956
weight: 1.87381e-05
eec: 69.6259
weight: 3.37969e-05
eec: 1394.59
weight: 7.78862e-05
eec: 180.985
weight: 2.39603e-08
eec: 519.86
weight: 4.58119e-09
eec: 2488.19
weight: 8.27472e-05
eec: 1269.56
weight: 1.22135e-05
eec: 4362.39
weight: 0.000346138
eec: 167.257
weight: 4.07475e-05
eec: 192.61
weight: 3.88209e-05
eec: 474.966
weight: 2.67451e-06
eec: 28.7346
weight: 1.73067e-05
eec: 626.337
weight: 4.13453e-05
eec: 1192.35
weight: 6.80067e-05
eec: 119.853
weight: 2.47875e-05
eec: 972.408
weight: 5.82396e-06
eec: 252.167
weight: 0.000119256
eec: 390.6
weight: 9.41657e-06
eec: 1004.59
weight: 0.000790017
eec: 428.3
weight: 3.86627e-05
eec: 181.764
weight: 3.22988e-05
eec: 215.287
weight: 0.000129582
eec: 144.435
weight: 2.64105e-06
eec: 1402.83
weight: 2.0087e-05
eec: 293.712
weight: 0.00016301
eec: 201.354
weight: 6.17375e-05
eec: 74.2516
weight: 4.1432e-05
eec: 186.018
weight: 2.763e-05
eec: 59.2062
weight: 8.70455e-08
eec: 2605.93
weight: 6.35157e-05
eec: 152.3
weight: 5.53453e-05
eec: 186.725
Processing: 84.4422 %weight: 4.02648e-05
eec: 174.48
weight: 3.4416e-05
eec: 869.903
weight: 5.8681e-06
eec: 638.827
weight: 6.41382e-07
eec: 753.449
weight: 2.1583e-06
eec: 1687.51
weight: 1.39112e-05
eec: 436.615
weight: 1.03958e-05
eec: 1597.64
weight: 0.000320575
eec: 250.823
weight: 7.05623e-05
eec: 256.03
weight: 8.3977e-06
eec: 584.543
weight: 9.1883e-05
eec: 40.3337
weight: 1.31196e-06
eec: 1604.88
weight: 1.50733e-05
eec: 466.957
weight: 8.31379e-05
eec: 2098.56
weight: 4.74607e-06
eec: 1314.16
weight: 2.7261e-05
eec: 67.1973
weight: 4.86771e-05
eec: 678.416
weight: 1.4563e-05
eec: 915.025
weight: 1.92978e-05
eec: 129.562
weight: 1.52856e-05
eec: 487.541
weight: 1.28369e-06
eec: 291.15
weight: 7.99736e-05
eec: 1901.88
weight: 2.44521e-06
eec: 1592.63
weight: 5.48125e-06
eec: 559.824
weight: 8.8145e-06
eec: 798.308
weight: 1.21818e-06
eec: 564.89
weight: 5.86411e-05
eec: 60.8212
weight: 0.00134943
eec: 365.116
weight: 0.000151362
eec: 393.293
weight: 9.26958e-06
eec: 416.902
weight: 6.85655e-06
eec: 1146.35
weight: 3.85503e-06
eec: 879.551
weight: 3.11043e-05
eec: 1300.87
weight: 2.07831e-05
eec: 29.801
weight: 2.82316e-06
eec: 380.505
weight: 5.95492e-07
eec: 585.901
weight: 5.06791e-06
eec: 2213.27
weight: 2.65731e-05
eec: 668.411
weight: 8.03705e-05
eec: 213.318
weight: 1.57472e-05
eec: 221.504
weight: 3.5081e-06
eec: 123.117
weight: 1.43807e-05
eec: 17.7188
weight: 1.45962e-06
eec: 1552.72
weight: 1.10571e-05
eec: 530.972
weight: 1.3266e-05
eec: 625.343
weight: 1.82179e-05
eec: 159.237
weight: 1.22836e-05
eec: 1625.31
weight: 5.70383e-06
eec: 124.225
weight: 0.000336197
eec: 59.639
weight: 6.99609e-05
eec: 730.36
weight: 6.99609e-05
eec: 911.581
weight: 1.21114e-05
eec: 1012.62
weight: 2.59922e-05
eec: 655.178
weight: 5.84047e-06
eec: 486.966
weight: 0.000956408
eec: 132.015
weight: 6.93511e-06
eec: 1194.14
weight: 8.56977e-06
eec: 302.558
weight: 0.000186525
eec: 68.9966
weight: 0.000114056
eec: 57.0903
weight: 0.00017888
eec: 397.494
weight: 5.96711e-05
eec: 1816.05
weight: 2.8569e-06
eec: 152.759
weight: 1.46636e-06
eec: 443.618
weight: 1.12441e-07
eec: 77.429
weight: 2.25558e-05
eec: 1222.52
weight: 1.35926e-05
eec: 502.121
weight: 1.12458e-05
eec: 845.198
weight: 1.84903e-06
eec: 636.087
weight: 0.000120019
eec: 47.6097
weight: 0.000148824
eec: 1456.27
weight: 0.000177395
eec: 909.549
weight: 5.47336e-05
eec: 334.09
weight: 1.77127e-05
eec: 19.9493
weight: 9.20202e-08
eec: 202.729
weight: 0.000162343
eec: 626.307
weight: 2.8471e-05
eec: 271.129
weight: 1.22879e-05
eec: 181.118
weight: 5.24248e-05
eec: 111.062
weight: 8.65554e-06
eec: 54.9939
weight: 0.000384909
eec: 257.923
weight: 9.51857e-05
eec: 375.368
weight: 5.98905e-06
eec: 269.761
weight: 2.10632e-05
eec: 5.87337
weight: 2.00219e-05
eec: 654.101
weight: 5.34793e-05
eec: 113.986
weight: 3.33235e-07
eec: 818.423
weight: 5.01562e-07
eec: 364.295
weight: 1.80919e-05
eec: 263.467
weight: 7.64788e-06
eec: 167.696
weight: 0.000266336
eec: 675.306
weight: 6.9404e-05
eec: 932.629
weight: 0.000223328
eec: 521.778
weight: 2.11907e-06
eec: 789.168
weight: 8.63564e-08
eec: 223.287
weight: 2.45862e-05
eec: 401.609
weight: 0.000210121
eec: 311.939
weight: 2.42671e-06
eec: 390.78
weight: 3.0745e-05
eec: 758.941
weight: 6.83389e-07
eec: 869.55
weight: 2.66945e-07
eec: 512.815
weight: 0.0030209
eec: 164.183
weight: 1.30306e-05
eec: 2636.69
weight: 6.25443e-06
eec: 1991.22
weight: 4.61112e-05
eec: 417.173
weight: 2.45194e-05
eec: 1602.93
weight: 0.00031535
eec: 170.689
weight: 4.87912e-05
eec: 1770.49
weight: 0.000586295
eec: 562.493
weight: 0.000287259
eec: 176.822
weight: 3.4491e-06
eec: 1743.59
weight: 5.33903e-06
eec: 109.472
weight: 8.20747e-06
eec: 848.719
weight: 0.000139534
eec: 71.8954
weight: 1.59461e-06
eec: 174.763
weight: 7.07403e-06
eec: 222.879
weight: 0.000114659
eec: 222.462
weight: 3.34309e-07
eec: 682.534
weight: 8.71109e-07
eec: 1504.05
weight: 9.78206e-06
eec: 309.586
weight: 1.76183e-05
eec: 132.722
weight: 3.6911e-06
eec: 58.8887

ROOT exit code = 0
