gSystem->Load("run_condor_job_Run3_C.so");
run_condor_job_Run3(470, 100, 2,
                    80, 200,
                    1, 1, 1, 4);
.q

ENTERED run_condor_job_Run3()
JOBID = 470
  global job = 470  Job 70/100  events [4128600, 4187580)  total=5898000
Processing events [4128600, 4187580) of 5898000
weight: 0.000164703
eec: 752.087
weight: 2.59863e-05
eec: 557.477
weight: 0.000243268
eec: 946.495
weight: 1.39603e-05
eec: 1293.22
weight: 1.98167e-05
eec: 7.91927
weight: 2.99904e-05
eec: 1041.67
weight: 0.000281457
eec: 394.332
weight: 4.10478e-05
eec: 1715.89
weight: 2.11863e-05
eec: 233.465
weight: 3.43835e-07
eec: 691.404
weight: 0.00346212
eec: 864.034
weight: 1.4911e-05
eec: 31.154
weight: 2.33494e-06
eec: 1549.51
weight: 2.43579e-05
eec: 687.818
weight: 1.08358e-05
eec: 292.686
weight: 3.82771e-05
eec: 730.545
weight: 2.37685e-06
eec: 1269.3
weight: 2.22994e-05
eec: 484.035
weight: 7.31777e-05
eec: 134.32
weight: 1.2956e-05
eec: 1259.93
weight: 8.39446e-06
eec: 770.291
weight: 1.86346e-05
eec: 354.331
weight: 2.46355e-07
eec: 2341.37
weight: 1.71394e-05
eec: 1332
weight: 1.14911e-06
eec: 84.1307
weight: 2.77807e-05
eec: 352.272
weight: 6.02128e-05
eec: 610.105
weight: 8.32092e-08
eec: 277.437
weight: 6.97315e-07
eec: 564.903
weight: 1.10024e-05
eec: 450.798
weight: 3.16365e-05
eec: 493.554
weight: 5.25328e-06
eec: 1783.76
weight: 1.65476e-06
eec: 2310.89
weight: 4.37785e-05
eec: 54.5112
weight: 2.87567e-05
eec: 1729.4
weight: 8.79171e-06
eec: 2184.82
weight: 7.39133e-05
eec: 127.926
weight: 3.85414e-05
eec: 657.333
weight: 0.000206538
eec: 315.711
weight: 7.30347e-06
eec: 1238.27
weight: 2.71412e-05
eec: 602.976
weight: 0.000290628
eec: 572.372
weight: 1.00203e-05
eec: 154.063
weight: 6.66844e-06
eec: 104.399
weight: 2.02908e-05
eec: 2068.07
weight: 1.90173e-05
eec: 35.4079
weight: 2.44953e-05
eec: 1465.17
weight: 1.37462e-05
eec: 72.8874
weight: 2.18892e-05
eec: 700.907
weight: 3.5878e-05
eec: 265.94
weight: 0.000382152
eec: 289.677
weight: 7.58037e-08
eec: 224.775
weight: 9.49665e-05
eec: 70.5545
weight: 6.4915e-05
eec: 343.223
weight: 4.03013e-06
eec: 185.092
weight: 4.65295e-05
eec: 481.829
weight: 5.52206e-06
eec: 438.302
weight: 9.41373e-05
eec: 272.673
weight: 1.5564e-05
eec: 543.787
weight: 0.000284352
eec: 559.13
weight: 5.39114e-05
eec: 549.575
weight: 8.28535e-06
eec: 1448.38
weight: 1.02303e-05
eec: 1914.79
weight: 1.5003e-06
eec: 1546.77
weight: 3.25119e-05
eec: 989.259
weight: 0.000516009
eec: 1018.65
weight: 8.59472e-05
eec: 85.0822
weight: 6.54268e-07
eec: 130.705
weight: 0.000151185
eec: 213.736
weight: 7.69814e-07
eec: 1265.51
weight: 1.02885e-05
eec: 1468.94
weight: 2.61522e-05
eec: 30.3282
weight: 0.00014041
eec: 654.558
weight: 8.97725e-06
eec: 408.032
weight: 0.000105527
eec: 134.28
weight: 8.77249e-05
eec: 258.835
weight: 1.26061e-05
eec: 324.424
weight: 4.51739e-05
eec: 2383.62
weight: 0.000198975
eec: 282.23
weight: 1.8088e-05
eec: 1269.43
weight: 3.92099e-05
eec: 653.012
weight: 0.000983478
eec: 433.345
weight: 1.15777e-05
eec: 942.617
weight: 2.3172e-05
eec: 1071.98
weight: 5.06359e-05
eec: 324.355
weight: 2.19113e-08
eec: 2293.56
weight: 2.41106e-07
eec: 101.59
weight: 6.70807e-05
eec: 1285.55
weight: 9.13724e-05
eec: 115.175
weight: 7.89927e-05
eec: 390.859
weight: 4.70023e-05
eec: 206.943
weight: 4.13008e-05
eec: 408.079
weight: 0.000169926
eec: 66.5798
weight: 1.47729e-05
eec: 61.7195
weight: 5.19878e-05
eec: 225.119
weight: 2.02558e-06
eec: 599.143
weight: 0.000156905
eec: 52.1024
weight: 6.91728e-06
eec: 2321.06
weight: 0.000135243
eec: 617.538
Processing: 70.3628 %weight: 5.73573e-05
eec: 121.729
weight: 1.15175e-06
eec: 744.626
weight: 5.43591e-07
eec: 85.6608
weight: 2.53224e-05
eec: 88.5007
weight: 1.37147e-06
eec: 549.679
weight: 3.31162e-05
eec: 264.56
weight: 1.96026e-06
eec: 523.772
weight: 4.12578e-05
eec: 81.5763
weight: 0.000138002
eec: 18.8171
weight: 7.67896e-05
eec: 139.507
weight: 1.72815e-07
eec: 42.0224
weight: 2.58253e-05
eec: 192.756
weight: 7.06335e-05
eec: 764.038
weight: 1.02788e-05
eec: 501.194
weight: 2.41208e-05
eec: 297.952
weight: 2.18788e-05
eec: 367.526
weight: 1.15411e-06
eec: 481.092
weight: 8.7173e-07
eec: 723.368
weight: 3.61487e-05
eec: 790.932
weight: 1.86398e-05
eec: 72.8746
weight: 0.000168383
eec: 280.368
weight: 2.42432e-05
eec: 137.758
weight: 0.000110009
eec: 239.47
weight: 2.0881e-05
eec: 214.193
weight: 3.79226e-06
eec: 158.518
weight: 4.3013e-06
eec: 831.799
weight: 0.000155472
eec: 367.159
weight: 2.06024e-05
eec: 580.463
weight: 4.37536e-06
eec: 167.77
weight: 9.63318e-07
eec: 495.217
weight: 2.03491e-05
eec: 833.164
weight: 2.62692e-05
eec: 1121.35
weight: 1.21166e-05
eec: 96.4699
weight: 5.93642e-06
eec: 1234.96
weight: 4.4276e-05
eec: 629.104
weight: 3.52517e-05
eec: 1689.67
weight: 6.8098e-05
eec: 744.965
weight: 4.45723e-06
eec: 1781
weight: 5.51621e-06
eec: 78.5334
weight: 2.44967e-05
eec: 1185.06
weight: 2.3239e-05
eec: 426.814
weight: 0.000410498
eec: 899.973
weight: 1.12076e-05
eec: 730.715
weight: 5.26855e-05
eec: 129.565
weight: 0.000152807
eec: 740.926
weight: 1.49274e-06
eec: 1347.63
weight: 4.44461e-05
eec: 120.574
weight: 7.28118e-06
eec: 62.5892
weight: 3.3676e-06
eec: 45.9777
weight: 1.064e-05
eec: 309.08
weight: 5.14295e-05
eec: 207.631
weight: 2.76748e-05
eec: 262.931
weight: 0.000548448
eec: 1051.31
weight: 0.000113478
eec: 286.008
weight: 4.27422e-05
eec: 132.624
weight: 8.52517e-07
eec: 2332.94
weight: 0.000486198
eec: 802.196
weight: 0.000230517
eec: 402.355
weight: 4.13773e-05
eec: 414.248
weight: 2.82126e-07
eec: 456.263
weight: 1.5736e-06
eec: 1818.23
weight: 1.50715e-05
eec: 240.575
weight: 1.32249e-05
eec: 659.94
weight: 2.54149e-05
eec: 212.654
weight: 2.39559e-05
eec: 530.039
weight: 1.76543e-05
eec: 1475.69
weight: 2.62313e-06
eec: 435.608
weight: 0.000294279
eec: 330.674
weight: 0.000113248
eec: 157.758
weight: 5.67968e-05
eec: 251.337
weight: 3.36785e-05
eec: 176.353
weight: 2.0616e-07
eec: 227.386
weight: 4.61157e-06
eec: 760.147
weight: 7.9189e-05
eec: 1752.74
weight: 0.000162668
eec: 129
weight: 7.16717e-05
eec: 269.473
weight: 1.35403e-05
eec: 1339.11
weight: 0.000705963
eec: 748.51
weight: 3.69369e-06
eec: 135.596
weight: 1.33452e-05
eec: 70.4509
weight: 4.29202e-05
eec: 152.665
weight: 5.66555e-08
eec: 104.297
weight: 4.44249e-06
eec: 1139.07
weight: 4.72354e-06
eec: 1310.03
weight: 8.77615e-06
eec: 1075.14
weight: 4.8132e-05
eec: 995.189
weight: 4.27368e-07
eec: 155.335
weight: 6.96466e-07
eec: 156.315
weight: 2.42465e-07
eec: 60.7839
weight: 4.42375e-06
eec: 1036.34
weight: 0.000141153
eec: 1105.27
weight: 0.000403054
eec: 183.093
weight: 6.11287e-06
eec: 159.554
weight: 8.14901e-06
eec: 877.647
weight: 2.59316e-05
eec: 326.449
weight: 5.26828e-06
eec: 365.276
weight: 0.000168001
eec: 224.914
weight: 5.60589e-05
eec: 99.5911
weight: 0.00039436
eec: 97.8782
weight: 7.71629e-05
eec: 723.478
weight: 0.00291315
eec: 518.553
weight: 1.33373e-05
eec: 71.2926
weight: 0.00016655
eec: 1233.69
weight: 0.000102483
eec: 73.2139
weight: 3.98034e-05
eec: 127.56
weight: 6.03942e-05
eec: 855.36
weight: 0.000149243
eec: 29.3352
weight: 8.82968e-05
eec: 387.63
weight: 2.50741e-05
eec: 202.242
weight: 1.28755e-05
eec: 397.105
weight: 1.05527e-05
eec: 301.032
weight: 3.28385e-06
eec: 586.09
weight: 2.86688e-05
eec: 1117.89
weight: 4.3427e-05
eec: 141.465
weight: 9.42508e-06
eec: 579.499
weight: 8.24038e-05
eec: 180.003
weight: 3.40193e-05
eec: 884.442
weight: 2.60294e-06
eec: 196.465
weight: 7.2911e-05
eec: 206.787
weight: 4.00188e-05
eec: 49.8945
weight: 7.05186e-05
eec: 772.603
weight: 1.5419e-05
eec: 1939.64
weight: 0.000472739
eec: 633.951
weight: 4.41787e-05
eec: 441.985
weight: 1.25044e-05
eec: 56.8558
weight: 0.000118519
eec: 232.389
weight: 0.000126367
eec: 84.9551
weight: 0.000213853
eec: 1494.76
weight: 6.31245e-05
eec: 115.629
weight: 1.93064e-05
eec: 997.28
weight: 3.08144e-05
eec: 620.918
weight: 4.76543e-05
eec: 166.882
weight: 0.000418987
eec: 644.26
weight: 2.25737e-05
eec: 2269.48
weight: 5.61864e-07
eec: 647.911
weight: 1.79687e-06
eec: 1854.58
weight: 2.2952e-05
eec: 1049.83
weight: 4.77496e-06
eec: 4175.38
weight: 0.000120172
eec: 909.485
weight: 2.31249e-06
eec: 598.906
weight: 0.00027448
eec: 109.953
weight: 0.000102867
eec: 116.755
weight: 2.07123e-05
eec: 760.873
weight: 0.00030243
eec: 1460.01
weight: 2.64313e-05
eec: 157.745
weight: 1.12663e-05
eec: 148.412
weight: 3.59387e-05
eec: 1638.59
weight: 7.43742e-06
eec: 950.454
weight: 1.79809e-05
eec: 195.387
weight: 2.76764e-05
eec: 1191.29
weight: 1.42385e-05
eec: 921.002
weight: 1.5605e-05
eec: 825.022
weight: 5.61642e-05
eec: 201.317
weight: 3.1603e-05
eec: 656.397
weight: 3.72144e-06
eec: 1155.97
weight: 2.68407e-05
eec: 1774.53
weight: 0.000111098
eec: 159.261
weight: 5.17251e-05
eec: 888.377
weight: 2.93874e-05
eec: 192.805
weight: 3.33782e-06
eec: 2375.28
weight: 1.69331e-05
eec: 579.635
weight: 6.51539e-05
eec: 295.25

ROOT exit code = 0
