gSystem->Load("run_condor_job_Run3_C.so");
run_condor_job_Run3(143, 100, 2,
                    80, 200,
                    1, 1, 1, 1);
.q

ENTERED run_condor_job_Run3()
JOBID = 143
  global job = 143  Job 43/100  events [2520660, 2579280)  total=5862000
Processing events [2520660, 2579280) of 5862000
weight: 4.75522e-05
eec: 761.731
weight: 1.56647e-05
eec: 162.187
weight: 4.58577e-05
eec: 219.423
weight: 7.14492e-06
eec: 1354.47
weight: 7.9648e-06
eec: 60.2456
weight: 0.000304968
eec: 352.657
weight: 5.62279e-06
eec: 342.473
weight: 6.89356e-05
eec: 156.295
weight: 1.32502e-06
eec: 372.427
weight: 8.96328e-05
eec: 693.536
weight: 5.2548e-05
eec: 49.479
weight: 0.000408486
eec: 135.255
weight: 1.57732e-05
eec: 361.488
weight: 8.73114e-06
eec: 1987.66
weight: 3.0209e-05
eec: 1767.8
weight: 4.82512e-07
eec: 25.7647
weight: 5.28356e-05
eec: 39.1587
weight: 0.000124654
eec: 751.219
weight: 8.68078e-07
eec: 164.972
weight: 0.000673384
eec: 690.552
weight: 0.000133831
eec: 470.245
weight: 1.51815e-05
eec: 137.125
weight: 6.31426e-05
eec: 64.6471
weight: 8.37099e-06
eec: 213.014
weight: 2.51798e-05
eec: 141.664
weight: 1.11624e-05
eec: 417.035
weight: 3.46015e-05
eec: 559.093
weight: 0.00049678
eec: 557.895
weight: 6.62366e-05
eec: 262.875
weight: 4.62568e-05
eec: 414.512
weight: 5.14022e-05
eec: 667.068
weight: 1.46628e-08
eec: 156.294
weight: 0.000407032
eec: 139.652
weight: 2.84016e-06
eec: 220.609
weight: 1.09522e-05
eec: 44.4043
weight: 5.40232e-06
eec: 481.758
weight: 9.68116e-05
eec: 260.29
weight: 3.01852e-05
eec: 363.187
weight: 0.000111027
eec: 149.823
weight: 0.000116374
eec: 832.002
weight: 9.14925e-05
eec: 767.106
weight: 2.48655e-05
eec: 323.659
weight: 1.49856e-05
eec: 991.419
weight: 0.00017466
eec: 353.078
weight: 5.35778e-06
eec: 603.739
weight: 1.8827e-05
eec: 16.1883
weight: 0.000146878
eec: 445.058
weight: 1.63564e-05
eec: 79.2882
weight: 1.52178e-05
eec: 553.938
weight: 1.0259e-05
eec: 65.1808
weight: 1.70325e-05
eec: 1403.93
weight: 7.22339e-08
eec: 96.8665
weight: 3.32957e-05
eec: 305.426
weight: 3.6736e-06
eec: 930.397
weight: 0.000199152
eec: 1089.66
weight: 1.5169e-05
eec: 233.354
weight: 1.3875e-05
eec: 1165.47
weight: 7.14758e-06
eec: 422.315
weight: 4.58506e-06
eec: 946.41
weight: 0.00023069
eec: 897.543
weight: 0.00024702
eec: 493.795
weight: 1.91568e-05
eec: 118.314
weight: 0.000934021
eec: 36.7018
weight: 5.78511e-05
eec: 1311.42
weight: 2.62544e-05
eec: 977.807
weight: 4.78722e-05
eec: 434.683
weight: 2.13403e-05
eec: 132.592
weight: 2.5139e-05
eec: 688.605
weight: 4.49867e-06
eec: 15.6831
weight: 0.000121158
eec: 1185.02
weight: 5.26786e-05
eec: 1694.74
weight: 2.0409e-05
eec: 381.559
weight: 4.74476e-06
eec: 697.879
weight: 3.47355e-05
eec: 20.7137
weight: 3.65983e-05
eec: 1043.63
weight: 6.39881e-05
eec: 439.583
weight: 0.000134394
eec: 493.648
weight: 4.70325e-05
eec: 63.286
weight: 4.70796e-05
eec: 106.971
weight: 2.11611e-05
eec: 310.373
weight: 0.000161104
eec: 251.628
weight: 2.94426e-05
eec: 60.4731
weight: 2.37032e-05
eec: 154.457
weight: 7.45737e-06
eec: 3269.58
weight: 1.6309e-05
eec: 995.936
weight: 8.49341e-06
eec: 1280.65
weight: 1.0181e-05
eec: 21.0692
weight: 0.000661274
eec: 167.153
weight: 4.14355e-06
eec: 156.478
weight: 4.15569e-05
eec: 79.3634
weight: 3.00914e-06
eec: 239.975
weight: 0.00130175
eec: 39.2609
weight: 3.16676e-07
eec: 489.228
weight: 3.37547e-07
eec: 353.025
weight: 1.84952e-06
eec: 537.565
weight: 7.15664e-06
eec: 1173.07
weight: 6.52931e-05
eec: 88.537
weight: 0.000116864
eec: 312.962
weight: 3.26189e-08
eec: 522.952
weight: 2.7939e-05
eec: 803.542
weight: 1.65409e-05
eec: 1173.07
weight: 0.000109187
eec: 293.411
weight: 7.96214e-06
eec: 507.681
weight: 3.91642e-05
eec: 62.0929
Processing: 43.5005 %weight: 6.38588e-05
eec: 224.811
weight: 1.90674e-05
eec: 422.877
weight: 1.21621e-05
eec: 176.798
weight: 4.08398e-05
eec: 268.099
weight: 1.92126e-05
eec: 189.199
weight: 2.21419e-05
eec: 615.675
weight: 0.000800125
eec: 87.3952
weight: 0.000158826
eec: 66.8244
weight: 0.000712913
eec: 623.399
weight: 2.90488e-05
eec: 305.461
weight: 2.857e-05
eec: 153.585
weight: 8.26413e-05
eec: 62.4557
weight: 0.00265859
eec: 32.9513
weight: 0.000103043
eec: 209.213
weight: 7.98021e-06
eec: 1131.44
weight: 1.49419e-05
eec: 663.056
weight: 1.30826e-05
eec: 1011.65
weight: 9.87563e-05
eec: 245.791
weight: 1.30926e-05
eec: 810.045
weight: 5.49453e-06
eec: 883.512
weight: 2.00185e-05
eec: 270.218
weight: 0.00407539
eec: 118.24
weight: 3.88491e-06
eec: 2586.67
weight: 0.000165001
eec: 208.255
weight: 3.98176e-05
eec: 1417.22
weight: 6.72219e-05
eec: 531.684
weight: 3.00903e-05
eec: 21.7781
weight: 6.55178e-06
eec: 175.711
weight: 0.00279086
eec: 446.369
weight: 1.50116e-05
eec: 1896.32
weight: 2.49956e-07
eec: 71.6575
weight: 2.30213e-06
eec: 1223.18
weight: 0.000112268
eec: 738.807
weight: 5.76837e-05
eec: 1397.3
weight: 6.59204e-05
eec: 232.541
weight: 8.46698e-06
eec: 3448.81
weight: 2.47165e-05
eec: 406.62
weight: 1.01725e-05
eec: 51.4277
weight: 2.18508e-05
eec: 21.4876
weight: 0.000260639
eec: 139.461
weight: 1.34087e-05
eec: 1449.85
weight: 8.19936e-05
eec: 334.366
weight: 1.00581e-05
eec: 375.807
weight: 0.000962621
eec: 261.092
weight: 8.26368e-06
eec: 269.545
weight: 4.69848e-06
eec: 2324.28
weight: 1.39751e-05
eec: 44.2629
weight: 7.41059e-06
eec: 2659.87
weight: 5.7599e-05
eec: 20.4955
weight: 0.000107978
eec: 123.22
weight: 0.000108245
eec: 803.072
weight: 3.98935e-06
eec: 3623.34
weight: 5.79408e-05
eec: 306.743
weight: 0.000112581
eec: 503.192
weight: 2.35188e-05
eec: 757.491
weight: 6.49096e-05
eec: 17.2148
weight: 4.35353e-05
eec: 353.06
weight: 0.000195618
eec: 626.669
weight: 4.33854e-06
eec: 1486.92
weight: 1.25751e-06
eec: 559.83
weight: 3.66011e-06
eec: 1913.94
weight: 2.35494e-05
eec: 667.322
weight: 0.00014818
eec: 168.369
weight: 1.24669e-06
eec: 407.709
weight: 2.59845e-05
eec: 1296.15
weight: 1.35636e-05
eec: 275.861
weight: 7.64686e-07
eec: 1679.82
weight: 2.81526e-05
eec: 1357.42
weight: 6.51106e-06
eec: 413.159
weight: 4.47759e-07
eec: 955.577
weight: 3.03726e-06
eec: 184.262
weight: 5.97157e-05
eec: 248.6
weight: 2.14954e-06
eec: 114.47
weight: 0.000182734
eec: 638.105
weight: 6.15862e-05
eec: 1575.94
weight: 1.43678e-06
eec: 447.458
weight: 7.96653e-09
eec: 202.11
weight: 0.000696544
eec: 294.471
weight: 6.09503e-05
eec: 593.428
weight: 3.77529e-05
eec: 214.975
weight: 8.72888e-06
eec: 138.013
weight: 5.36016e-06
eec: 1365.36
weight: 1.1514e-05
eec: 863.166
weight: 0.000131417
eec: 349.46
weight: 7.9408e-07
eec: 910.808
weight: 1.67477e-05
eec: 939.628
weight: 0.00035401
eec: 322.295
weight: 7.56758e-05
eec: 1014.75
weight: 6.73335e-06
eec: 1149.31
weight: 7.22179e-06
eec: 2046.9
weight: 8.27365e-05
eec: 831.678
weight: 0.000114535
eec: 1580.37
weight: 2.45686e-05
eec: 497.439
weight: 2.45686e-05
eec: 231.019
weight: 2.39953e-07
eec: 231.698
weight: 2.58346e-05
eec: 1018.53
weight: 6.03163e-05
eec: 2008.83
weight: 2.67661e-05
eec: 211.572
weight: 3.64286e-05
eec: 64.4598
weight: 1.05893e-05
eec: 420.602
weight: 6.72918e-05
eec: 232.584
weight: 1.61344e-05
eec: 216.812
weight: 0.00017094
eec: 273.785
weight: 4.09897e-05
eec: 251.585
weight: 9.13701e-05
eec: 836.538
weight: 3.97392e-06
eec: 68.4969
weight: 0.000128049
eec: 121.948
weight: 4.17762e-05
eec: 1218.11
weight: 2.10291e-05
eec: 112.367
weight: 5.04476e-07
eec: 462.996
weight: 0.00021441
eec: 461.936
weight: 4.10734e-05
eec: 282.685
weight: 0.000121512
eec: 724.602
weight: 1.3445e-05
eec: 781.813
weight: 2.16036e-05
eec: 990.191
weight: 0.000127335
eec: 484.275
weight: 8.41463e-06
eec: 506.375
weight: 3.38231e-05
eec: 78.5778
weight: 3.21549e-05
eec: 529.471
weight: 0.000470775
eec: 153.442
weight: 2.5062e-05
eec: 491.471
weight: 0.000109239
eec: 669.792
weight: 4.27485e-06
eec: 168.362
weight: 5.92109e-05
eec: 183.091
weight: 1.71591e-05
eec: 285.004
weight: 3.50695e-06
eec: 293.386
weight: 1.56612e-07
eec: 315.99
weight: 0.00080457
eec: 702.929
weight: 0.000110905
eec: 407.409
weight: 6.69473e-05
eec: 1126.06
weight: 5.95543e-06
eec: 280.704

ROOT exit code = 0
