gSystem->Load("run_condor_job_Run3_C.so");
run_condor_job_Run3(473, 100, 2,
                    80, 200,
                    1, 1, 1, 4);
.q

ENTERED run_condor_job_Run3()
JOBID = 473
  global job = 473  Job 73/100  events [4305540, 4364520)  total=5898000
Processing events [4305540, 4364520) of 5898000
weight: 4.41028e-06
eec: 44.6825
weight: 0.000409286
eec: 788.518
weight: 1.22963e-05
eec: 142.58
weight: 1.18607e-05
eec: 3047
weight: 0.000197865
eec: 58.6645
weight: 3.16019e-06
eec: 2610.68
weight: 3.16019e-06
eec: 275.169
weight: 1.76966e-06
eec: 210.022
weight: 1.8397e-05
eec: 191.186
weight: 1.23254e-06
eec: 226.312
weight: 1.64533e-05
eec: 441.769
weight: 3.4701e-05
eec: 193.244
weight: 4.94684e-06
eec: 398.863
weight: 1.81406e-05
eec: 2298.5
weight: 0.000122139
eec: 102.303
weight: 3.08985e-05
eec: 328.45
weight: 1.18615e-05
eec: 2473.96
weight: 9.0992e-06
eec: 243.557
weight: 2.2327e-05
eec: 57.8392
weight: 2.8527e-06
eec: 166.696
weight: 0.000127887
eec: 929.638
weight: 1.04608e-05
eec: 105.99
weight: 1.2731e-05
eec: 1185.37
weight: 6.19047e-07
eec: 190.686
weight: 5.56364e-08
eec: 223.784
weight: 1.95404e-05
eec: 2090.77
weight: 2.34011e-06
eec: 359.754
weight: 4.64225e-06
eec: 114.337
weight: 0.000132267
eec: 153.574
weight: 1.24496e-05
eec: 2226.07
weight: 2.50371e-06
eec: 1992.18
weight: 4.01084e-05
eec: 1059.77
weight: 4.01084e-05
eec: 435.192
weight: 1.27276e-05
eec: 182.842
weight: 0.000104507
eec: 216.55
weight: 4.52552e-06
eec: 764.974
weight: 7.12745e-06
eec: 104.01
weight: 1.92877e-05
eec: 161.004
weight: 8.59322e-05
eec: 1602.22
weight: 6.76556e-05
eec: 246.812
weight: 2.04799e-05
eec: 1156.05
weight: 8.9672e-05
eec: 129.147
weight: 2.02169e-05
eec: 876.611
weight: 5.01045e-05
eec: 382.67
weight: 0.000368095
eec: 243.37
weight: 1.7902e-05
eec: 456.476
weight: 1.25963e-05
eec: 425.612
weight: 5.34429e-06
eec: 2334.19
weight: 3.85048e-06
eec: 162.164
weight: 0.000170777
eec: 239.28
weight: 5.77098e-05
eec: 574.948
weight: 7.06331e-06
eec: 259.246
weight: 0.000100437
eec: 621.416
weight: 1.27032e-05
eec: 1712.57
weight: 0.000564252
eec: 42.7181
weight: 8.01729e-05
eec: 720.272
weight: 7.03406e-07
eec: 23.9117
weight: 0.000445817
eec: 139.597
weight: 7.63817e-05
eec: 211.591
weight: 2.31988e-05
eec: 1961.78
weight: 7.8615e-05
eec: 67.3542
weight: 6.63739e-06
eec: 308.22
weight: 8.38273e-05
eec: 137.742
weight: 5.64255e-06
eec: 57.436
weight: 0.000100991
eec: 250.794
weight: 0.000159753
eec: 31.2469
weight: 1.52299e-05
eec: 38.6097
weight: 2.90709e-05
eec: 177.207
weight: 1.18037e-05
eec: 814.664
weight: 0.000303053
eec: 368.454
weight: 6.65592e-05
eec: 590.858
weight: 3.13385e-05
eec: 51.4155
weight: 5.77293e-06
eec: 361.586
weight: 9.09889e-06
eec: 898.399
weight: 1.02319e-06
eec: 370.822
weight: 8.41773e-05
eec: 194.755
weight: 1.13744e-05
eec: 137.62
weight: 6.11712e-06
eec: 140.69
weight: 4.09807e-05
eec: 195.607
weight: 7.03735e-07
eec: 285.923
weight: 5.92513e-05
eec: 401.673
weight: 0.000216006
eec: 908.256
weight: 4.16706e-06
eec: 599.928
weight: 1.02206e-05
eec: 267.039
weight: 6.73377e-05
eec: 15.7946
weight: 1.93554e-05
eec: 702.837
weight: 9.63962e-05
eec: 296.689
weight: 1.90363e-06
eec: 1324.35
weight: 3.17903e-06
eec: 237.683
weight: 0.000125063
eec: 494.377
weight: 4.77687e-06
eec: 2992.46
weight: 0.000201767
eec: 625.022
weight: 1.18487e-07
eec: 399.72
weight: 1.50729e-05
eec: 250.17
weight: 2.77255e-05
eec: 547.752
weight: 1.89038e-05
eec: 1611.01
weight: 1.6406e-05
eec: 2084.72
weight: 4.44462e-06
eec: 1110.59
weight: 5.18816e-05
eec: 76.8763
weight: 4.00496e-06
eec: 39.7559
weight: 0.000907273
eec: 341.644
weight: 1.21887e-05
eec: 597.097
weight: 0.000135348
eec: 402.182
weight: 2.69674e-06
eec: 279.026
weight: 2.28498e-06
eec: 2414
weight: 1.14127e-05
eec: 199.433
weight: 0.000130311
eec: 354.309
weight: 1.52142e-05
eec: 34.707
weight: 3.7183e-06
eec: 40.9887
weight: 5.40964e-07
eec: 281.926
weight: 6.55722e-05
eec: 1118.12
weight: 3.32929e-05
eec: 98.845
weight: 8.10021e-05
eec: 364.271
weight: 5.19784e-05
eec: 74.1248
weight: 0.000186215
eec: 723.62
weight: 2.31585e-07
eec: 224.953
weight: 0.000130171
eec: 216.6
weight: 5.95302e-05
eec: 1540.6
weight: 0.000207936
eec: 186.595
weight: 0.000114952
eec: 423.586
weight: 5.76973e-05
eec: 835.872
weight: 7.21613e-06
eec: 1310.88
weight: 0.000113792
eec: 167.209
weight: 4.52987e-06
eec: 1201.37
weight: 6.537e-08
eec: 138.962
weight: 1.12282e-05
eec: 1627.69
weight: 2.79702e-05
eec: 408.599
weight: 2.0126e-07
eec: 232.995
weight: 1.07307e-05
eec: 937.529
weight: 4.91652e-05
eec: 1378.63
weight: 7.98739e-06
eec: 1585.73
weight: 5.50979e-06
eec: 853.244
weight: 5.61969e-05
eec: 126.333
weight: 0.000248161
eec: 1507.65
weight: 2.49642e-06
eec: 310.54
weight: 0.000170551
eec: 193.279
weight: 6.83948e-06
eec: 290.652
weight: 0.00019185
eec: 748.329
weight: 0.000113607
eec: 286.586
weight: 1.17807e-05
eec: 454.653
weight: 2.22848e-05
eec: 130.434
weight: 4.9687e-05
eec: 729.149
weight: 8.76353e-06
eec: 29.9425
weight: 0.000235781
eec: 4.05528
weight: 1.01236e-05
eec: 260.668
weight: 7.83152e-07
eec: 560.175
weight: 2.51572e-05
eec: 9.12535
weight: 1.94524e-05
eec: 679.924
weight: 0.000154631
eec: 289.87
weight: 6.88838e-05
eec: 652.072
weight: 3.90159e-05
eec: 445.061
weight: 5.15063e-05
eec: 225.288
weight: 1.00997e-05
eec: 187.442
weight: 9.78971e-05
eec: 345.403
weight: 0.000123743
eec: 478.75
weight: 3.16936e-05
eec: 21.9643
weight: 2.20807e-05
eec: 56.9763
weight: 9.45274e-06
eec: 494.397
weight: 1.81004e-06
eec: 190.168
weight: 0.000103043
eec: 169.591
weight: 6.33011e-06
eec: 216.472
weight: 1.93632e-05
eec: 2686.13
weight: 0.000234681
eec: 268.472
weight: 0.000279124
eec: 533.294
weight: 4.74928e-07
eec: 601.442
weight: 5.15864e-05
eec: 653.286
weight: 3.03881e-05
eec: 528.307
weight: 6.30851e-05
eec: 268.428
weight: 6.7894e-06
eec: 254.263
weight: 1.4197e-05
eec: 188.73
weight: 0.000245959
eec: 240.427
weight: 0.000201945
eec: 449.632
weight: 5.54405e-05
eec: 902.474
weight: 8.64748e-06
eec: 133.417
weight: 6.96127e-05
eec: 170.909
weight: 0.000130645
eec: 264.617
weight: 1.52474e-07
eec: 245.842
weight: 2.49558e-06
eec: 392.086
weight: 1.25172e-06
eec: 1932.36
weight: 4.59324e-06
eec: 291.97
weight: 4.95002e-05
eec: 700.015
weight: 3.38156e-07
eec: 162.963
weight: 1.29195e-05
eec: 143.329
weight: 8.97715e-06
eec: 803.313
weight: 1.85182e-07
eec: 1111.88
weight: 3.14867e-05
eec: 658.154
weight: 1.88928e-05
eec: 235.489
weight: 0.000378456
eec: 134.106
Processing: 73.7538 %weight: 0.000472623
eec: 348.49
weight: 6.51609e-06
eec: 547.095
weight: 0.000531492
eec: 125.323
weight: 1.40678e-06
eec: 258.002
weight: 0.000451307
eec: 164.669
weight: 2.49316e-05
eec: 107.932
weight: 7.398e-05
eec: 495.764
weight: 3.04234e-05
eec: 982.612
weight: 4.49224e-06
eec: 811.204
weight: 6.11988e-05
eec: 98.788
weight: 5.21262e-05
eec: 986.102
weight: 2.12468e-05
eec: 54.4192
weight: 0.000106185
eec: 1575.2
weight: 3.87343e-05
eec: 80.9338
weight: 2.31141e-06
eec: 1402.3
weight: 0.000137501
eec: 687.334
weight: 1.56476e-05
eec: 165.834
weight: 9.46035e-06
eec: 2870.65
weight: 0.00073483
eec: 380.076
weight: 1.7922e-05
eec: 25.4065
weight: 2.54006e-05
eec: 177.798
weight: 1.11488e-05
eec: 279.076
weight: 2.23118e-05
eec: 158.592
weight: 3.2726e-05
eec: 287.507
weight: 9.32889e-07
eec: 2601.54
weight: 3.55144e-05
eec: 840.82
weight: 6.37772e-06
eec: 725.052
weight: 1.34162e-06
eec: 290.834
weight: 3.65432e-05
eec: 224.253
weight: 9.35621e-05
eec: 40.2233
weight: 9.15538e-07
eec: 427.881
weight: 9.95032e-05
eec: 223.821
weight: 3.06182e-05
eec: 1046.34
weight: 1.51257e-05
eec: 356.83
weight: 1.85115e-05
eec: 183.148
weight: 3.871e-06
eec: 409.16
weight: 1.30801e-05
eec: 93.2513
weight: 3.34607e-05
eec: 582.728
weight: 1.29526e-05
eec: 912.427
weight: 3.6015e-05
eec: 50.3439
weight: 5.96901e-06
eec: 49.1408
weight: 8.19111e-06
eec: 343.861
weight: 7.94048e-05
eec: 307.679
weight: 0.00044533
eec: 143.55
weight: 7.83133e-07
eec: 1375.32
weight: 1.17856e-05
eec: 471.796
weight: 0.000419851
eec: 623.81
weight: 1.22824e-05
eec: 90.8482
weight: 0.000403825
eec: 764.646
weight: 7.14136e-06
eec: 82.3477
weight: 9.21176e-06
eec: 1042.81
weight: 0.00110949
eec: 264.371
weight: 0.000318309
eec: 117.319
weight: 5.03862e-06
eec: 1134.96
weight: 9.69616e-06
eec: 1257.25
weight: 4.65513e-05
eec: 364.021
weight: 0.000330003
eec: 59.2155
weight: 2.09037e-07
eec: 115.321
weight: 5.95613e-05
eec: 1128.35
weight: 6.20834e-06
eec: 695.88
weight: 1.07269e-05
eec: 78.1556
weight: 0.000151775
eec: 236.716

ROOT exit code = 0
