gSystem->Load("run_condor_job_Run3_C.so");
run_condor_job_Run3(925, 100, 2,
                    80, 200,
                    1, 1, 1, 9);
.q

ENTERED run_condor_job_Run3()
JOBID = 925
  global job = 925  Job 25/100  events [1486500, 1545960)  total=5946000
Processing events [1486500, 1545960) of 5946000
weight: 0.000462416
eec: 209.243
weight: 0.000101532
eec: 231.219
weight: 2.73307e-05
eec: 896.106
weight: 1.18321e-05
eec: 438.882
weight: 0.00105815
eec: 257.377
weight: 4.46901e-05
eec: 1082.27
weight: 0.000363384
eec: 46.6636
weight: 3.8807e-06
eec: 1339.6
weight: 0.000463875
eec: 411.154
weight: 2.30263e-05
eec: 469.015
weight: 7.45415e-05
eec: 275.979
weight: 0.00356927
eec: 266.33
weight: 3.05392e-05
eec: 789.939
weight: 4.08813e-05
eec: 618.982
weight: 0.000109285
eec: 834.907
weight: 6.87113e-06
eec: 20.4762
weight: 0.000104076
eec: 1005.34
weight: 5.65065e-05
eec: 3126.66
weight: 9.55668e-07
eec: 21.1286
weight: 6.9105e-05
eec: 75.066
weight: 3.22104e-06
eec: 1397.04
weight: 6.36725e-07
eec: 492.63
weight: 0.000759198
eec: 326.725
weight: 2.72281e-05
eec: 294.041
weight: 2.93951e-07
eec: 394.783
weight: 3.66875e-06
eec: 2026.65
weight: 2.61877e-05
eec: 316.79
weight: 6.89627e-05
eec: 162.628
weight: 0.000128891
eec: 300.1
weight: 0.000205605
eec: 489.169
weight: 0.000179215
eec: 2.98901
weight: 0.000168615
eec: 939.184
weight: 1.17427e-05
eec: 18.1346
weight: 7.47581e-06
eec: 258.681
weight: 0.000120877
eec: 659.327
weight: 9.54464e-07
eec: 1272.2
weight: 2.41641e-05
eec: 81.2574
weight: 0.000263583
eec: 3.11492
weight: 6.20897e-05
eec: 205.043
weight: 2.55617e-05
eec: 48.9096
weight: 1.15826e-05
eec: 776.435
weight: 0.000144938
eec: 783.512
weight: 0.000106097
eec: 290.542
weight: 5.28872e-05
eec: 56.6664
weight: 9.06406e-05
eec: 200.156
weight: 8.03774e-07
eec: 449.344
weight: 1.74287e-07
eec: 337.71
weight: 2.17661e-05
eec: 334.539
weight: 7.87605e-07
eec: 678.21
weight: 7.20842e-06
eec: 814.718
weight: 2.63503e-05
eec: 188.168
weight: 2.02694e-06
eec: 1863.89
Processing: 25.227 %weight: 3.79251e-06
eec: 635.53
weight: 0.000122035
eec: 1429.5
weight: 2.37439e-05
eec: 278.364
weight: 0.000203228
eec: 85.5553
weight: 1.68995e-05
eec: 134.917
weight: 9.42766e-05
eec: 100.928
weight: 8.41027e-06
eec: 429.565
weight: 0.000100237
eec: 828.844
weight: 0.000137663
eec: 99.8623
weight: 1.00883e-05
eec: 1349.8
weight: 1.37792e-05
eec: 2196.6
weight: 7.13668e-06
eec: 805.602
weight: 1.17132e-06
eec: 736.041
weight: 1.53892e-05
eec: 1546.66
weight: 2.08622e-07
eec: 1771.47
weight: 6.39442e-06
eec: 900.105
weight: 3.49549e-06
eec: 514.106
weight: 7.48602e-06
eec: 1500.99
weight: 3.57767e-05
eec: 376.142
weight: 4.43013e-07
eec: 716.063
weight: 3.85675e-06
eec: 748.131
weight: 3.97332e-05
eec: 170.041
weight: 2.15888e-05
eec: 394.866
weight: 5.67563e-07
eec: 198.76
weight: 3.39318e-05
eec: 223.854
weight: 8.34913e-05
eec: 372.717
weight: 3.18624e-05
eec: 855.518
weight: 4.65354e-06
eec: 474.478
weight: 0.000471148
eec: 1405.98
weight: 1.86535e-05
eec: 788.219
weight: 3.61722e-05
eec: 138.906
weight: 8.85655e-06
eec: 250.71
weight: 2.765e-06
eec: 1210.74
weight: 6.99453e-05
eec: 701.537
weight: 5.00399e-05
eec: 663.08
weight: 0.000347207
eec: 287.12
weight: 0.000455918
eec: 165.66
weight: 1.46303e-06
eec: 283.389
weight: 3.45073e-07
eec: 57.4558
weight: 0.000258441
eec: 796.661
weight: 0.00013104
eec: 191.149
weight: 0.00020912
eec: 359.714
weight: 0.000210053
eec: 83.4291
weight: 2.09421e-05
eec: 1450.96
weight: 8.88831e-06
eec: 1621.12
weight: 1.74644e-05
eec: 1575.84
weight: 4.2769e-05
eec: 492.485
weight: 4.65347e-06
eec: 395.459
weight: 5.60675e-06
eec: 659.836
weight: 2.59372e-06
eec: 5296.02
weight: 9.85535e-06
eec: 275.117
weight: 2.75962e-05
eec: 106.047
weight: 3.55718e-06
eec: 1131.35
weight: 0.000364606
eec: 479.66
weight: 2.03158e-05
eec: 313.326
weight: 1.11927e-07
eec: 118.18
weight: 6.25841e-05
eec: 14.8617
weight: 3.80454e-06
eec: 181.311
weight: 8.6906e-06
eec: 2036.09
weight: 0.000127488
eec: 531.36
weight: 7.42646e-06
eec: 1049.04
weight: 1.48209e-06
eec: 224.194
weight: 1.70969e-05
eec: 258.84
weight: 0.000276844
eec: 200.845
weight: 2.38714e-06
eec: 1953.48
weight: 3.21456e-06
eec: 331.061
weight: 1.59676e-05
eec: 56.2019
weight: 3.55272e-06
eec: 266.744
weight: 3.42005e-06
eec: 202.205
weight: 5.65543e-08
eec: 1700.7
weight: 3.48228e-05
eec: 188.414
weight: 1.10721e-06
eec: 2586.43
weight: 6.85404e-05
eec: 163.921
weight: 1.65632e-06
eec: 928.687
weight: 0.000200307
eec: 1011.24
weight: 5.17493e-05
eec: 264.832
weight: 2.35992e-06
eec: 492.007
weight: 5.65225e-05
eec: 367.226
weight: 3.30364e-05
eec: 81.5957
weight: 8.31727e-05
eec: 539.511
weight: 5.03961e-05
eec: 222.904
weight: 5.03961e-05
eec: 151.43
weight: 1.51357e-05
eec: 466.03
weight: 1.3733e-05
eec: 361.274
weight: 3.43229e-05
eec: 473.485
weight: 4.62193e-05
eec: 1246.48
weight: 6.85032e-07
eec: 54.8139
weight: 2.44504e-05
eec: 93.0771
weight: 1.33755e-05
eec: 823.018
weight: 0.000267805
eec: 422.02
weight: 6.8282e-05
eec: 1021.78
weight: 1.79817e-05
eec: 2455.79
weight: 3.83818e-06
eec: 173.725
weight: 0.000435492
eec: 738.608
weight: 0.000712416
eec: 1299.67
weight: 0.000116815
eec: 592.441
weight: 3.49613e-05
eec: 425.864
weight: 1.95973e-05
eec: 1749.43
weight: 4.95306e-06
eec: 1905.45
weight: 4.60893e-05
eec: 721.088
weight: 1.46575e-05
eec: 1285.95
weight: 2.0954e-05
eec: 445.773
weight: 5.09281e-05
eec: 44.3004
weight: 1.15712e-06
eec: 394.092
weight: 7.50082e-05
eec: 667.733
weight: 0.00105481
eec: 709.373
weight: 9.2933e-05
eec: 443.391
weight: 1.54168e-05
eec: 1212.82
weight: 1.54168e-05
eec: 865.11
weight: 1.41207e-06
eec: 524.373
weight: 8.19572e-05
eec: 459.457
weight: 0.000113789
eec: 723.777
weight: 0.00153424
eec: 42.1459
weight: 7.49269e-06
eec: 2322.52
weight: 3.33439e-05
eec: 73.5811
weight: 8.99087e-06
eec: 295.501
weight: 1.23832e-05
eec: 954.315
weight: 7.87249e-06
eec: 25.7281
weight: 0.00018321
eec: 147.002
weight: 6.02531e-07
eec: 410.451
weight: 0.000127333
eec: 215.313
weight: 0.000311034
eec: 166.723
weight: 0.000158194
eec: 403.006
weight: 9.51641e-06
eec: 2299.31
weight: 9.89802e-05
eec: 259.574
weight: 0.000175642
eec: 458.506
weight: 0.000743739
eec: 266.473
weight: 2.87786e-07
eec: 393.078
weight: 4.9964e-05
eec: 1483.37
weight: 6.66044e-05
eec: 720.09
weight: 7.93419e-05
eec: 29.8835
weight: 4.65852e-05
eec: 75.7272
weight: 5.73988e-06
eec: 596.394
weight: 3.62485e-06
eec: 54.3523
weight: 3.62485e-06
eec: 244.209
weight: 1.4445e-07
eec: 630.167
weight: 1.78422e-05
eec: 200.814
weight: 2.1064e-05
eec: 1387.77
weight: 2.29034e-05
eec: 545.476
weight: 2.71219e-05
eec: 1677.18
weight: 5.25922e-05
eec: 243.673
weight: 2.53234e-05
eec: 767.636
weight: 2.16114e-06
eec: 28.3976
weight: 0.00016059
eec: 47.1772
weight: 0.000109633
eec: 649.001
weight: 3.9941e-05
eec: 1811.2
weight: 4.95363e-05
eec: 613.513
weight: 5.12277e-08
eec: 282.632
weight: 2.49705e-05
eec: 200.416
weight: 5.65721e-06
eec: 459.102
weight: 6.9119e-07
eec: 1043.73
weight: 3.05499e-05
eec: 280.494
weight: 1.18179e-05
eec: 2234.74
weight: 3.81729e-08
eec: 113.353
weight: 2.80154e-06
eec: 666.74
weight: 7.66544e-05
eec: 176.749
weight: 0.000431852
eec: 1673.61
weight: 0.000301509
eec: 374.623
weight: 4.02445e-06
eec: 40.2614
weight: 2.43696e-08
eec: 118.054
weight: 3.95536e-07
eec: 1035.57
weight: 5.9564e-06
eec: 1002.85
weight: 1.18014e-05
eec: 38.3471
weight: 4.81724e-05
eec: 795.585
weight: 2.80778e-08
eec: 1853.17
weight: 0.000282538
eec: 340.431
weight: 0.000133713
eec: 477.272
weight: 0.00028121
eec: 188.134
weight: 3.03263e-05
eec: 170.664
weight: 1.34081e-05
eec: 643.415
weight: 0.000126814
eec: 904.536
weight: 0.000110636
eec: 83.7923
weight: 3.2727e-05
eec: 761.117
weight: 2.9776e-06
eec: 186.809
weight: 2.84376e-05
eec: 152.017
weight: 1.32904e-05
eec: 1078.48
weight: 0.00036183
eec: 124.371
weight: 6.13305e-05
eec: 585.291
weight: 9.8375e-06
eec: 30.8693
weight: 0.000183755
eec: 335.401
weight: 3.11025e-05
eec: 232.155
weight: 3.17943e-05
eec: 2444.85
weight: 3.49107e-05
eec: 551.874
weight: 1.85981e-06
eec: 718.731
weight: 5.52373e-05
eec: 129.863
weight: 6.94122e-06
eec: 971.768

ROOT exit code = 0
