gSystem->Load("run_condor_job_Run3_C.so");
run_condor_job_Run3(592, 100, 2,
                    80, 200,
                    1, 1, 1, 5);
.q

ENTERED run_condor_job_Run3()
JOBID = 592
  global job = 592  Job 92/100  events [5520000, 5580000)  total=6000000
Processing events [5520000, 5580000) of 6000000
weight: 1.0921e-05
eec: 1039.41
weight: 4.82258e-06
eec: 470.892
weight: 1.04008e-05
eec: 206.246
weight: 1.81851e-05
eec: 89.2735
weight: 0.000353155
eec: 223.222
weight: 3.26409e-05
eec: 810.951
weight: 2.65041e-07
eec: 108.869
weight: 0.000118972
eec: 108.926
weight: 2.70653e-06
eec: 293.488
weight: 6.72107e-05
eec: 373.136
weight: 1.47686e-05
eec: 1609.53
weight: 1.57688e-05
eec: 667.814
weight: 0.000139103
eec: 226.228
weight: 9.94795e-06
eec: 1570.8
weight: 3.82606e-05
eec: 202.208
weight: 1.02107e-05
eec: 157.668
weight: 4.90349e-05
eec: 375.758
weight: 2.65074e-05
eec: 100.592
weight: 1.07591e-05
eec: 165.317
weight: 3.69758e-05
eec: 160.786
weight: 0.000429852
eec: 1148.46
weight: 1.17649e-05
eec: 19.717
weight: 2.81276e-05
eec: 1601.73
weight: 6.36269e-08
eec: 514.146
weight: 9.39183e-05
eec: 286.092
weight: 9.34776e-05
eec: 88.6766
weight: 7.18965e-05
eec: 708.388
weight: 6.98028e-06
eec: 86.9312
weight: 1.53346e-05
eec: 693.765
weight: 0.00119142
eec: 339.781
weight: 1.29653e-06
eec: 1035.66
weight: 8.94645e-05
eec: 50.7206
weight: 6.33042e-05
eec: 83.6101
weight: 5.52531e-05
eec: 665.264
weight: 1.09537e-05
eec: 46.189
weight: 1.50081e-05
eec: 1419.17
weight: 2.83034e-07
eec: 471.26
weight: 0.000679132
eec: 331.204
weight: 5.24986e-05
eec: 90.5381
weight: 4.0845e-06
eec: 2211.77
weight: 4.0845e-06
eec: 1946.72
weight: 2.57911e-05
eec: 374.565
weight: 4.63201e-06
eec: 503.969
weight: 4.62786e-05
eec: 516.86
weight: 1.43715e-07
eec: 691.725
weight: 1.59959e-05
eec: 384.724
weight: 0.000135502
eec: 185.548
weight: 9.4936e-06
eec: 1425.21
weight: 1.87634e-05
eec: 148.609
weight: 1.17764e-05
eec: 373.225
weight: 4.26702e-06
eec: 100.762
weight: 2.45982e-06
eec: 265.571
weight: 0.000278526
eec: 67.5893
weight: 5.05287e-06
eec: 7.93468
weight: 1.32837e-05
eec: 551.818
weight: 2.35215e-05
eec: 1525.23
weight: 5.8718e-06
eec: 952.923
weight: 5.8718e-06
eec: 184.177
weight: 1.39003e-05
eec: 251.079
weight: 0.000185498
eec: 848.723
weight: 7.46293e-05
eec: 104.263
weight: 9.47839e-07
eec: 63.4877
weight: 2.53688e-05
eec: 37.3115
weight: 8.14706e-07
eec: 456.57
weight: 1.38602e-06
eec: 352.201
weight: 0.000524046
eec: 174.351
weight: 4.23454e-05
eec: 454.7
weight: 6.84733e-06
eec: 543.338
weight: 9.98277e-05
eec: 302.877
weight: 9.44347e-08
eec: 65.1939
weight: 3.5098e-06
eec: 395.719
weight: 0.000209595
eec: 1045.67
weight: 0.000210589
eec: 46.7576
weight: 0.00020503
eec: 422.948
weight: 3.83742e-07
eec: 54.5836
weight: 0.000187402
eec: 766.383
weight: 5.80853e-05
eec: 127.613
weight: 8.94764e-08
eec: 340.788
weight: 0.000296116
eec: 350.607
weight: 0.000180116
eec: 718.395
weight: 0.000113458
eec: 790.605
weight: 0.000102665
eec: 97.9845
weight: 0.000105859
eec: 69.5061
weight: 4.54194e-06
eec: 106.035
weight: 3.36487e-05
eec: 961.041
weight: 1.53888e-06
eec: 590.983
weight: 7.73495e-06
eec: 724.051
weight: 9.86913e-06
eec: 373.95
weight: 4.2414e-05
eec: 379.608
weight: 1.98735e-05
eec: 274.187
weight: 6.81019e-05
eec: 504.667
weight: 0.000108711
eec: 2709.97
weight: 1.78479e-05
eec: 1593.41
weight: 0.000156451
eec: 213.983
weight: 0.000156451
eec: 543.176
weight: 1.4738e-05
eec: 37.1683
weight: 3.36296e-05
eec: 1865.44
weight: 7.80874e-05
eec: 317.939
weight: 4.51359e-05
eec: 340.964
weight: 1.02528e-05
eec: 767.944
weight: 7.95776e-05
eec: 447.638
weight: 4.78884e-05
eec: 764.042
weight: 1.25606e-05
eec: 1483.46
weight: 4.98791e-05
eec: 637.474
weight: 1.14438e-05
eec: 707.184
weight: 2.87252e-05
eec: 968.415
weight: 0.000167814
eec: 255.103
weight: 0.000194391
eec: 309.084
weight: 1.62309e-05
eec: 466.205
weight: 0.000373967
eec: 45.91
weight: 2.15366e-06
eec: 749.726
weight: 1.07888e-05
eec: 629.953
weight: 2.23313e-05
eec: 367.446
weight: 0.00020623
eec: 58.8665
weight: 2.61978e-05
eec: 326.331
weight: 3.50043e-05
eec: 733.129
weight: 0.000582349
eec: 1180.28
weight: 6.62935e-05
eec: 379.937
weight: 0.000395451
eec: 359.695
weight: 4.34794e-05
eec: 127.296
weight: 8.64706e-05
eec: 249.339
weight: 1.32218e-05
eec: 1162.21
weight: 0.000855215
eec: 1747.28
weight: 9.08113e-05
eec: 113.98
weight: 0.000454965
eec: 97.8611
weight: 1.06235e-05
eec: 804.425
weight: 9.28216e-05
eec: 78.674
weight: 0.000200632
eec: 60.9213
weight: 7.87662e-07
eec: 589.896
weight: 0.000105409
eec: 153.774
weight: 7.73805e-06
eec: 1251.22
weight: 7.85017e-05
eec: 430.272
weight: 0.000154046
eec: 360.839
weight: 0.00016037
eec: 468.337
weight: 9.93526e-06
eec: 775.396
weight: 2.78409e-06
eec: 150.515
weight: 4.06197e-06
eec: 141.018
weight: 4.20073e-06
eec: 2400.02
weight: 2.6709e-05
eec: 1708.94
weight: 2.32466e-05
eec: 338.304
weight: 2.37002e-06
eec: 2137.48
Processing: 92.5 %weight: 1.98864e-05
eec: 153.002
weight: 4.45141e-07
eec: 126.614
weight: 0.00010957
eec: 132.532
weight: 9.25591e-05
eec: 1218.48
weight: 6.40749e-06
eec: 2191.2
weight: 0.000305632
eec: 1073.49
weight: 0.000124709
eec: 507.284
weight: 6.04483e-05
eec: 148.865
weight: 0.000211159
eec: 466.388
weight: 2.35819e-05
eec: 370.35
weight: 5.01844e-06
eec: 126.594
weight: 0.000292511
eec: 666.673
weight: 4.1208e-05
eec: 79.7622
weight: 1.49935e-05
eec: 291.531
weight: 3.33891e-05
eec: 302.563
weight: 5.5595e-06
eec: 581.378
weight: 0.00014399
eec: 588.075
weight: 1.87992e-05
eec: 116.731
weight: 3.03561e-05
eec: 118.582
weight: 1.15599e-05
eec: 775.642
weight: 0.000215929
eec: 333.309
weight: 3.56005e-05
eec: 78.5856
weight: 4.75141e-05
eec: 652.934
weight: 2.43524e-05
eec: 238.342
weight: 3.9705e-06
eec: 137.666
weight: 2.39167e-06
eec: 462.183
weight: 5.50732e-05
eec: 683.92
weight: 1.62669e-05
eec: 412.511
weight: 8.62859e-06
eec: 685.5
weight: 0.000107096
eec: 337.404
weight: 1.49383e-05
eec: 63.1909
weight: 1.4563e-05
eec: 549.999
weight: 2.70752e-06
eec: 465.928
weight: 9.68289e-05
eec: 113.912
weight: 5.69165e-05
eec: 50.6472
weight: 6.60705e-05
eec: 709.707
weight: 9.1123e-06
eec: 376.655
weight: 3.54586e-05
eec: 179.621
weight: 7.88849e-05
eec: 207.556
weight: 0.000134439
eec: 240.646
weight: 3.53028e-06
eec: 440.749
weight: 3.26063e-07
eec: 91.288
weight: 1.9103e-05
eec: 203.943
weight: 4.45576e-05
eec: 573.718
weight: 5.03069e-05
eec: 542.996
weight: 4.58607e-06
eec: 836.551
weight: 0.000102706
eec: 330.914
weight: 7.40044e-06
eec: 110.633
weight: 7.7897e-06
eec: 1596.93
weight: 2.87544e-07
eec: 442.119
weight: 0.000193907
eec: 1696.48
weight: 4.56129e-06
eec: 113.34
weight: 0.00012636
eec: 1771.78
weight: 1.52139e-06
eec: 1184.91
weight: 2.40902e-05
eec: 982.916
weight: 4.20877e-06
eec: 1581.83
weight: 0.000144108
eec: 1667.07
weight: 1.51983e-05
eec: 360.436
weight: 0.000235598
eec: 504.403
weight: 8.38558e-06
eec: 99.9448
weight: 1.61449e-05
eec: 2461.99
weight: 3.50665e-05
eec: 1038.58
weight: 0.000231648
eec: 388.438
weight: 1.1712e-05
eec: 933.219
weight: 0.000165394
eec: 285.453
weight: 2.17595e-06
eec: 1162.43
weight: 6.04447e-06
eec: 346.858
weight: 8.53556e-06
eec: 1422.53
weight: 5.76996e-06
eec: 294.492
weight: 4.30089e-05
eec: 217.078
weight: 5.25774e-05
eec: 560.806
weight: 0.000212651
eec: 359.997
weight: 0.00016645
eec: 41.3585
weight: 1.75453e-05
eec: 1969.62
weight: 1.77973e-05
eec: 100.278
weight: 0.000153834
eec: 519.019
weight: 0.000140861
eec: 582.904
weight: 5.57157e-05
eec: 362.837
weight: 1.84931e-06
eec: 187.934
weight: 2.7295e-05
eec: 119.532
weight: 2.31281e-05
eec: 375.293
weight: 7.25798e-06
eec: 650.989
weight: 0.000728834
eec: 263.558
weight: 0.00013615
eec: 807.598
weight: 1.66714e-05
eec: 143.749
weight: 0.000289162
eec: 436.761
weight: 9.00391e-07
eec: 91.8089
weight: 3.27048e-05
eec: 118.205
weight: 0.000132926
eec: 97.3205
weight: 0.000267152
eec: 621.678
weight: 4.30658e-05
eec: 177.783
weight: 9.1294e-05
eec: 762.776
weight: 2.6225e-05
eec: 115.822
weight: 1.54777e-05
eec: 83.9816
weight: 5.18863e-06
eec: 427.332
weight: 2.82375e-05
eec: 272.66
weight: 0.000165706
eec: 1399.54
weight: 9.73666e-05
eec: 727.268

ROOT exit code = 0
