gSystem->Load("run_condor_job_Run3_C.so");
run_condor_job_Run3(8, 100, 2,
                    80, 200,
                    1, 1, 1, 0);
.q

ENTERED run_condor_job_Run3()
JOBID = 8
  global job = 8  Job 8/100  events [479520, 539460)  total=5994000
Processing events [479520, 539460) of 5994000
weight: 0.00124035
eec: 179.686
weight: 1.98156e-05
eec: 327.535
weight: 1.52388e-05
eec: 205.762
weight: 1.78841e-07
eec: 725.909
weight: 6.27932e-05
eec: 611.452
weight: 1.74015e-06
eec: 85.6114
weight: 4.74173e-05
eec: 116.692
weight: 6.00549e-05
eec: 1022.97
weight: 0.000111623
eec: 1303.98
weight: 4.0681e-05
eec: 477.086
weight: 1.85965e-05
eec: 830.799
weight: 6.88633e-06
eec: 155.249
weight: 4.22787e-05
eec: 50.6612
weight: 0.000468361
eec: 398.334
weight: 3.04569e-06
eec: 504.475
weight: 8.21354e-06
eec: 571.704
weight: 0.00149301
eec: 231.457
weight: 1.27757e-05
eec: 896.187
weight: 0.000239393
eec: 262.607
weight: 0.000158928
eec: 48.4222
weight: 4.96981e-05
eec: 463.702
weight: 2.52986e-05
eec: 717.347
weight: 1.41486e-05
eec: 1663.32
weight: 3.50515e-06
eec: 349.686
weight: 1.11785e-05
eec: 1093.75
weight: 5.92434e-06
eec: 788.365
weight: 2.58956e-06
eec: 27.2023
weight: 0.000439499
eec: 392.319
weight: 1.09022e-05
eec: 297.626
weight: 4.79823e-07
eec: 186.677
weight: 1.33356e-05
eec: 715.48
weight: 0.000167231
eec: 395.857
weight: 1.16785e-05
eec: 323.562
weight: 0.000226635
eec: 26.0648
weight: 1.10128e-05
eec: 991.015
weight: 1.36554e-05
eec: 472.659
weight: 3.37486e-05
eec: 628.145
weight: 1.15483e-05
eec: 848.804
weight: 1.10655e-05
eec: 2002.79
weight: 5.04414e-06
eec: 740.79
weight: 4.26032e-06
eec: 88.5572
weight: 0.0003015
eec: 193.275
weight: 1.20487e-07
eec: 157.731
weight: 2.33776e-05
eec: 286.422
weight: 3.66132e-05
eec: 745.441
weight: 7.92701e-06
eec: 279.803
weight: 1.58602e-05
eec: 95.608
weight: 2.64282e-06
eec: 1028.44
weight: 3.31118e-05
eec: 47.9742
weight: 3.31118e-05
eec: 35.5191
weight: 1.2633e-05
eec: 190.353
weight: 5.45623e-05
eec: 408.889
weight: 0.000518296
eec: 386.504
weight: 9.76837e-05
eec: 1909.13
weight: 8.76461e-06
eec: 955.462
weight: 0.000384143
eec: 331.445
weight: 2.86262e-05
eec: 152.175
weight: 0.000420105
eec: 363.018
weight: 2.60811e-05
eec: 264.21
weight: 0.000144748
eec: 486.031
weight: 6.5889e-05
eec: 28.6437
weight: 7.82562e-06
eec: 4108.3
weight: 0.00020988
eec: 714.958
weight: 1.20868e-05
eec: 1211.6
weight: 2.53527e-07
eec: 512.885
weight: 9.69409e-07
eec: 1029.79
weight: 0.000235436
eec: 981.484
weight: 6.27625e-06
eec: 2768.25
weight: 4.71251e-06
eec: 335.002
weight: 6.20091e-05
eec: 313.614
weight: 5.54236e-05
eec: 257.877
weight: 7.01378e-05
eec: 91.2168
weight: 0.000227973
eec: 559.111
weight: 1.11375e-05
eec: 233.796
weight: 2.41816e-05
eec: 89.2822
Processing: 8.34168 %weight: 0.000404674
eec: 681.588
weight: 3.76663e-07
eec: 15.3159
weight: 8.77903e-05
eec: 582.754
weight: 0.00089005
eec: 1658
weight: 0.000338945
eec: 537.539
weight: 0.000383633
eec: 268.925
weight: 5.70619e-06
eec: 167.642
weight: 2.70926e-06
eec: 267.86
weight: 6.17513e-06
eec: 699.488
weight: 2.27903e-05
eec: 25.8935
weight: 9.43548e-06
eec: 101.614
weight: 2.48843e-05
eec: 382.887
weight: 5.03377e-07
eec: 4178.62
weight: 5.87753e-06
eec: 224.443
weight: 7.38899e-06
eec: 167.075
weight: 8.11313e-06
eec: 32.2141
weight: 0.000324484
eec: 632.201
weight: 3.41049e-05
eec: 1705.9
weight: 8.87317e-05
eec: 246.431
weight: 0.000163291
eec: 154.705
weight: 8.89273e-06
eec: 1008.04
weight: 7.76428e-06
eec: 1769.68
weight: 1.42771e-05
eec: 221.393
weight: 1.44605e-05
eec: 3700.05
weight: 4.58062e-05
eec: 602.567
weight: 0.000206862
eec: 27.0529
weight: 7.22255e-05
eec: 493.004
weight: 4.08948e-05
eec: 938.086
weight: 0.000136182
eec: 156.137
weight: 4.97012e-07
eec: 481.867
weight: 0.000180664
eec: 128.505
weight: 5.30472e-05
eec: 571.825
weight: 0.000213718
eec: 495.873
weight: 5.78674e-06
eec: 864.258
weight: 3.45708e-05
eec: 102.937
weight: 2.11657e-05
eec: 2851.82
weight: 0.00083905
eec: 167.572
weight: 3.18329e-05
eec: 1245
weight: 8.65419e-06
eec: 3304.25
weight: 7.0194e-05
eec: 397.929
weight: 0.000165893
eec: 1725.7
weight: 8.12732e-05
eec: 1916.45
weight: 7.22545e-05
eec: 853.135
weight: 2.34903e-05
eec: 851.128
weight: 4.98852e-05
eec: 563.271
weight: 3.53851e-05
eec: 739.132
weight: 0.000140307
eec: 471.375
weight: 1.31801e-05
eec: 84.7887
weight: 1.85712e-06
eec: 1149.23
weight: 2.33144e-05
eec: 1296.61
weight: 0.00017571
eec: 40.4988
weight: 0.000263887
eec: 1119.05
weight: 8.77572e-06
eec: 787.536
weight: 9.08968e-06
eec: 756.999
weight: 0.000749407
eec: 656.005
weight: 2.25715e-05
eec: 1177.34
weight: 0.000107077
eec: 58.0241
weight: 3.47577e-06
eec: 272.028
weight: 2.41577e-05
eec: 1125.16
weight: 5.92294e-05
eec: 143.919
weight: 3.76632e-06
eec: 395.068
weight: 3.35949e-06
eec: 1253.48
weight: 7.08334e-06
eec: 416.856
weight: 0.000259931
eec: 652.568
weight: 2.89927e-05
eec: 532.167
weight: 6.04112e-06
eec: 491.141
weight: 1.83627e-05
eec: 563.514
weight: 3.83216e-05
eec: 174.069
weight: 1.2559e-06
eec: 203.232
weight: 0.000210767
eec: 936.406
weight: 6.9243e-06
eec: 31.6319
weight: 7.28516e-05
eec: 48.6045
weight: 0.000122275
eec: 536.888
weight: 0.00015477
eec: 418.219
weight: 2.43718e-05
eec: 56.3241
weight: 0.000195637
eec: 360.895
weight: 2.78611e-05
eec: 223.752
weight: 0.000171831
eec: 152.421
weight: 7.74976e-06
eec: 160.203
weight: 1.80802e-05
eec: 343.358
weight: 1.59327e-06
eec: 2418.99
weight: 0.000293291
eec: 930.808
weight: 0.000454701
eec: 33.2586
weight: 1.3952e-05
eec: 148.933
weight: 7.85544e-06
eec: 1659.98
weight: 1.10786e-05
eec: 787.044
weight: 0.000520082
eec: 435.113
weight: 8.21056e-05
eec: 670.467
weight: 7.27871e-05
eec: 103.926
weight: 1.73962e-05
eec: 287.076
weight: 1.83909e-05
eec: 51.4254
weight: 5.39257e-05
eec: 393.045
weight: 1.03636e-05
eec: 840.353
weight: 6.90371e-06
eec: 1808.97
weight: 7.26704e-06
eec: 217.662
weight: 3.31218e-05
eec: 38.8697
weight: 1.15311e-06
eec: 418.577
weight: 3.98921e-07
eec: 40.4525
weight: 0.000229608
eec: 200.411
weight: 4.53266e-05
eec: 1811.9
weight: 3.17356e-05
eec: 374.256
weight: 3.04059e-07
eec: 151.937
weight: 2.40553e-05
eec: 1759.82
weight: 4.85376e-06
eec: 1046.07
weight: 3.08644e-05
eec: 80.8676
weight: 1.93141e-05
eec: 315.527
weight: 3.56307e-06
eec: 1323.77
weight: 6.39389e-05
eec: 331.792
weight: 2.71882e-05
eec: 469.642
weight: 9.94252e-06
eec: 317.214
weight: 2.28062e-05
eec: 533.833
weight: 0.000101249
eec: 71.4655
weight: 1.87399e-05
eec: 218.949
weight: 0.000103624
eec: 632.63
weight: 3.46796e-05
eec: 931.864
weight: 1.2458e-05
eec: 1002.03
weight: 2.92687e-05
eec: 436.499
weight: 6.00487e-06
eec: 256.737
weight: 1.13539e-05
eec: 1066.63
weight: 7.27783e-06
eec: 229.737
weight: 6.08551e-05
eec: 2042.78
weight: 3.58728e-05
eec: 617.563
weight: 2.67049e-05
eec: 37.0305
weight: 3.02706e-06
eec: 711.886
weight: 5.8159e-05
eec: 29.0678
weight: 2.07551e-06
eec: 1688.49
weight: 1.49787e-07
eec: 193.262
weight: 0.00131976
eec: 402.904
weight: 0.00123079
eec: 232.743
weight: 1.76564e-05
eec: 3929
weight: 6.65944e-05
eec: 222.204
weight: 8.14105e-06
eec: 1256.11
weight: 2.94564e-05
eec: 308.21
weight: 0.000281422
eec: 98.4039
weight: 8.37859e-06
eec: 2069.91
weight: 0.000173388
eec: 38.7449
weight: 8.1698e-07
eec: 887.162
weight: 0.000196999
eec: 145.895
weight: 4.36686e-07
eec: 43.3134
weight: 2.23144e-06
eec: 600.262
weight: 2.56153e-05
eec: 2270.25
weight: 4.36472e-05
eec: 632.238
weight: 3.68247e-06
eec: 865.319
weight: 1.29546e-05
eec: 607.289
weight: 1.2177e-05
eec: 860.757
weight: 5.78754e-06
eec: 1130.5
weight: 1.16442e-05
eec: 92.1632
weight: 2.63958e-05
eec: 315.997
weight: 3.44744e-07
eec: 688.894
weight: 2.78003e-05
eec: 593.447
weight: 5.92398e-05
eec: 228.029
weight: 4.48597e-05
eec: 17.1983
weight: 7.07493e-06
eec: 1531.86
weight: 3.36906e-05
eec: 236.193
weight: 1.118e-05
eec: 994.732
weight: 1.45303e-05
eec: 250.642
weight: 0.000191286
eec: 1541.21
weight: 0.000250737
eec: 412.249
weight: 2.03558e-05
eec: 147.648
weight: 9.79654e-06
eec: 99.4859
weight: 1.22761e-05
eec: 376.038
weight: 1.11177e-07
eec: 592.164
weight: 0.000130373
eec: 426.438
weight: 3.84818e-05
eec: 30.5826
weight: 5.35788e-05
eec: 712.412
weight: 0.000473967
eec: 1136.97

ROOT exit code = 0
