gSystem->Load("run_condor_job_Run3_C.so");
run_condor_job_Run3(469, 100, 2,
                    80, 200,
                    1, 1, 1, 4);
.q

ENTERED run_condor_job_Run3()
JOBID = 469
  global job = 469  Job 69/100  events [4069620, 4128600)  total=5898000
Processing events [4069620, 4128600) of 5898000
weight: 4.15453e-05
eec: 462.747
weight: 0.000344708
eec: 898.522
weight: 0.000811406
eec: 593.186
weight: 5.91646e-06
eec: 1154.06
weight: 0.000166258
eec: 822.674
weight: 0.000242581
eec: 828.699
weight: 1.85593e-06
eec: 1205.77
weight: 4.01859e-05
eec: 1313.93
weight: 1.14611e-05
eec: 689.764
weight: 8.62436e-05
eec: 575.752
weight: 5.78098e-05
eec: 48.4054
weight: 0.000104106
eec: 195.182
weight: 2.7694e-06
eec: 534.724
weight: 0.000206351
eec: 400.028
weight: 0.000821458
eec: 556.159
weight: 7.5459e-05
eec: 704.936
weight: 2.37791e-06
eec: 1423.33
weight: 1.11141e-05
eec: 885.544
weight: 0.000138046
eec: 412.557
weight: 0.000101786
eec: 112.222
weight: 0.000620255
eec: 77.555
weight: 4.94016e-06
eec: 709.305
weight: 0.000242907
eec: 567.341
weight: 4.06086e-05
eec: 3074.02
weight: 1.03509e-08
eec: 268.441
weight: 1.61613e-05
eec: 1545.08
weight: 3.73619e-06
eec: 725.08
weight: 1.52088e-06
eec: 72.3516
weight: 8.15237e-06
eec: 2551.34
weight: 1.0214e-05
eec: 420.616
weight: 1.31327e-06
eec: 167.011
weight: 5.05433e-05
eec: 237.442
weight: 5.85097e-05
eec: 7.74353
weight: 2.70821e-05
eec: 78.8701
weight: 5.59751e-05
eec: 575.184
weight: 5.59751e-05
eec: 250.637
weight: 0.000215702
eec: 215.46
weight: 2.47735e-05
eec: 253.458
weight: 9.69125e-05
eec: 76.5222
weight: 1.23735e-05
eec: 213.525
weight: 1.90679e-07
eec: 593.2
weight: 9.09765e-06
eec: 358.211
weight: 4.32355e-06
eec: 68.4029
weight: 1.03524e-05
eec: 330.546
weight: 2.06301e-06
eec: 246.516
weight: 7.55351e-06
eec: 629.708
weight: 8.89896e-06
eec: 773.565
weight: 3.73792e-05
eec: 370.304
weight: 1.39725e-06
eec: 414.25
weight: 0.000105895
eec: 94.3967
weight: 5.52211e-06
eec: 223.221
weight: 2.30063e-05
eec: 610.944
weight: 0.000180131
eec: 300.906
weight: 3.00882e-05
eec: 166.238
weight: 1.10068e-05
eec: 205.848
weight: 4.73151e-05
eec: 290.218
weight: 0.000304854
eec: 364.693
weight: 0.000181922
eec: 379.225
weight: 1.62275e-05
eec: 352.829
weight: 1.09859e-05
eec: 589.128
weight: 1.90455e-05
eec: 256.743
weight: 3.02265e-05
eec: 378.911
weight: 7.46798e-07
eec: 737.431
weight: 9.25078e-07
eec: 2545.44
weight: 2.14354e-05
eec: 496.319
weight: 0.000146025
eec: 58.2424
weight: 2.27775e-05
eec: 1512.29
weight: 6.36095e-06
eec: 213.184
weight: 0.000543946
eec: 566.628
weight: 1.56156e-05
eec: 42.7355
weight: 8.54389e-06
eec: 157.105
weight: 8.54389e-06
eec: 453.147
weight: 5.74132e-06
eec: 351.679
weight: 2.86346e-05
eec: 1402.34
weight: 6.33933e-08
eec: 531.213
weight: 2.73469e-07
eec: 181.664
weight: 5.43812e-07
eec: 1028.51
weight: 3.31305e-05
eec: 2185.2
weight: 1.15798e-06
eec: 20.7766
weight: 1.8491e-05
eec: 1803.17
weight: 0.000204873
eec: 215.748
weight: 0.000204873
eec: 763.452
weight: 0.000243682
eec: 109.44
weight: 1.67871e-05
eec: 96.2779
weight: 3.53658e-06
eec: 196.564
weight: 2.33983e-05
eec: 172.397
weight: 3.7872e-05
eec: 28.4584
weight: 1.11778e-06
eec: 324.986
weight: 0.000377887
eec: 245.081
weight: 3.08784e-05
eec: 89.4153
weight: 1.30434e-05
eec: 2011.9
weight: 1.9641e-05
eec: 1901.7
weight: 0.00010276
eec: 2259.9
weight: 8.12266e-06
eec: 76.7913
weight: 3.4115e-06
eec: 3094.75
weight: 4.59763e-05
eec: 1120.1
weight: 9.89046e-05
eec: 48.2484
weight: 6.44212e-06
eec: 1061.34
weight: 1.02476e-05
eec: 272.334
weight: 1.72601e-05
eec: 152.304
weight: 1.68084e-05
eec: 335.682
weight: 5.14998e-05
eec: 290.355
weight: 2.73236e-05
eec: 53.1219
weight: 2.60208e-06
eec: 30.9902
weight: 4.13046e-05
eec: 1141.72
weight: 2.4222e-05
eec: 1254.1
weight: 0.0027988
eec: 428.684
weight: 0.000131013
eec: 642.217
weight: 0.00143077
eec: 384.183
weight: 2.01421e-06
eec: 142.398
weight: 4.2205e-06
eec: 1799.77
weight: 4.1917e-06
eec: 263.639
weight: 3.43503e-06
eec: 358.915
weight: 0.000127574
eec: 464.882
Processing: 69.5151 %weight: 0.000127671
eec: 405.915
weight: 2.57298e-05
eec: 415.705
weight: 7.7338e-05
eec: 550.636
weight: 1.05228e-05
eec: 86.7591
weight: 7.16285e-05
eec: 1230.43
weight: 8.27495e-07
eec: 718.784
weight: 5.34274e-05
eec: 364.132
weight: 0.000234618
eec: 72.3999
weight: 1.26806e-05
eec: 835.661
weight: 5.10916e-05
eec: 580.348
weight: 5.25981e-06
eec: 938.317
weight: 0.000138446
eec: 233.034
weight: 7.2335e-06
eec: 540.853
weight: 0.000102994
eec: 512.485
weight: 1.15319e-05
eec: 975.722
weight: 4.78438e-06
eec: 671.981
weight: 0.000208337
eec: 217.361
weight: 0.000159604
eec: 565.712
weight: 2.79925e-05
eec: 63.9415
weight: 1.50953e-05
eec: 118.805
weight: 0.000731636
eec: 675.954
weight: 3.14226e-05
eec: 14.5389
weight: 2.42394e-05
eec: 424.478
weight: 0.000107468
eec: 1168.78
weight: 1.95542e-05
eec: 455.261
weight: 1.05148e-05
eec: 2208.66
weight: 8.21716e-08
eec: 1436.97
weight: 5.44554e-05
eec: 2123.09
weight: 0.000326775
eec: 433.584
weight: 0.000170965
eec: 459.321
weight: 0.000163714
eec: 37.6847
weight: 5.34636e-05
eec: 245.399
weight: 0.0012969
eec: 38.8989
weight: 4.53092e-06
eec: 1330.14
weight: 1.18648e-05
eec: 481.206
weight: 1.67368e-05
eec: 2038.72
weight: 4.17987e-08
eec: 330.273
weight: 0.00040571
eec: 162.68
weight: 2.11843e-05
eec: 490.59
weight: 1.02756e-05
eec: 745.941
weight: 3.36077e-06
eec: 143.633
weight: 3.5925e-06
eec: 2430.8
weight: 0.000137035
eec: 151.457
weight: 4.50914e-05
eec: 254.702
weight: 5.21722e-05
eec: 185.501
weight: 0.000110854
eec: 596.009
weight: 1.34176e-05
eec: 129.087
weight: 1.5322e-05
eec: 254.842
weight: 0.00017404
eec: 430.239
weight: 1.53869e-05
eec: 815.073
weight: 5.53166e-06
eec: 367.876
weight: 2.09171e-06
eec: 121.32
weight: 8.23107e-06
eec: 165.05
weight: 4.01305e-05
eec: 364.356
weight: 1.52818e-05
eec: 1946.3
weight: 0.00136767
eec: 759.551
weight: 1.52485e-05
eec: 94.829
weight: 1.04959e-05
eec: 143.087
weight: 0.00015645
eec: 141.492
weight: 6.21799e-06
eec: 1546.56
weight: 0.000150997
eec: 805.387
weight: 1.07132e-05
eec: 12.46
weight: 1.02284e-05
eec: 485.266
weight: 7.26718e-05
eec: 529.239
weight: 9.91269e-07
eec: 2331.53
weight: 0.000107805
eec: 550.539
weight: 0.00021205
eec: 1890.06
weight: 4.13466e-05
eec: 870.297
weight: 3.72378e-08
eec: 668.683
weight: 1.12093e-06
eec: 2114.42
weight: 6.40409e-05
eec: 330.4
weight: 1.0583e-05
eec: 38.857
weight: 4.35576e-07
eec: 2673.33
weight: 3.23095e-05
eec: 1229.44
weight: 8.07536e-05
eec: 1096.49
weight: 2.45177e-06
eec: 16.4628
weight: 1.09189e-05
eec: 178.69
weight: 0.000150591
eec: 529.548
weight: 0.000220389
eec: 1757.27
weight: 7.70285e-05
eec: 753.799
weight: 1.89599e-05
eec: 135.181
weight: 3.79705e-05
eec: 402.513
weight: 3.09988e-06
eec: 661.363
weight: 0.000145644
eec: 9.95243
weight: 1.89858e-06
eec: 95.6323
weight: 5.01187e-07
eec: 187.855
weight: 8.42665e-08
eec: 77.9479
weight: 0.000297254
eec: 327.734
weight: 9.97388e-07
eec: 238.191
weight: 9.97388e-07
eec: 369.666
weight: 4.25213e-05
eec: 719.366
weight: 8.74583e-05
eec: 154.371
weight: 1.83391e-05
eec: 104.229
weight: 4.38678e-05
eec: 937.545
weight: 2.77206e-05
eec: 82.2109
weight: 9.39767e-06
eec: 1296.68
weight: 1.88012e-05
eec: 542.508
weight: 7.47919e-05
eec: 273.698
weight: 0.00010145
eec: 157.268
weight: 6.18122e-06
eec: 257.762
weight: 2.02204e-05
eec: 295.665
weight: 4.30192e-06
eec: 1144.19
weight: 3.28085e-06
eec: 683.235
weight: 1.38489e-05
eec: 864.527
weight: 8.14128e-06
eec: 578.129
weight: 2.89842e-05
eec: 780.101
weight: 2.89842e-05
eec: 694.613
weight: 7.2132e-05
eec: 1768.34
weight: 0.000122402
eec: 342.646
weight: 5.0129e-05
eec: 89.6895
weight: 0.000192232
eec: 1107.53
weight: 3.45209e-05
eec: 221.389
weight: 0.000120931
eec: 217.449
weight: 3.53525e-05
eec: 137.262

ROOT exit code = 0
