gSystem->Load("run_condor_job_Run3_C.so");
run_condor_job_Run3(268, 100, 2,
                    80, 200,
                    1, 1, 1, 2);
.q

ENTERED run_condor_job_Run3()
JOBID = 268
  global job = 268  Job 68/100  events [4080000, 4140000)  total=6000000
Processing events [4080000, 4140000) of 6000000
weight: 0.00122574
eec: 490.086
weight: 8.96381e-05
eec: 1254.83
weight: 9.52805e-05
eec: 78.0576
weight: 1.96322e-05
eec: 734.148
weight: 4.64886e-06
eec: 505.983
weight: 8.16928e-05
eec: 788.094
weight: 0.0004053
eec: 346.487
weight: 0.000152798
eec: 998.297
weight: 1.58024e-08
eec: 282.487
weight: 0.000104274
eec: 512.692
weight: 0.000275814
eec: 358.277
weight: 1.78532e-05
eec: 117.941
weight: 2.68485e-05
eec: 499.456
weight: 1.53953e-06
eec: 829.895
weight: 1.2517e-05
eec: 120.328
weight: 1.90323e-05
eec: 100.353
weight: 3.8439e-05
eec: 36.3365
weight: 4.20555e-08
eec: 1150.07
weight: 2.46815e-06
eec: 221.147
weight: 5.09582e-07
eec: 156.23
weight: 2.01056e-07
eec: 192.485
weight: 0.000125526
eec: 682.039
weight: 3.90712e-05
eec: 625.488
weight: 8.95837e-05
eec: 759.4
weight: 3.20648e-06
eec: 98.1861
weight: 2.04426e-05
eec: 1895.34
weight: 2.85348e-06
eec: 686.316
weight: 9.93252e-06
eec: 233.293
weight: 1.73023e-05
eec: 751.88
weight: 2.17589e-06
eec: 145.935
weight: 2.17589e-06
eec: 209.513
weight: 3.95347e-05
eec: 76.2415
weight: 1.17983e-05
eec: 261.16
weight: 2.81346e-06
eec: 426.294
weight: 1.70377e-08
eec: 259.781
weight: 1.31728e-06
eec: 438.84
weight: 0.000116559
eec: 966.589
weight: 0.000163335
eec: 140.431
weight: 8.62275e-06
eec: 806.017
weight: 1.70911e-05
eec: 143.175
weight: 1.62264e-05
eec: 173.736
weight: 0.000102994
eec: 80.857
weight: 8.7868e-06
eec: 1460.11
weight: 7.78339e-05
eec: 256.041
weight: 6.34856e-05
eec: 32.6746
weight: 6.67096e-06
eec: 1447.18
weight: 3.74502e-05
eec: 915.456
weight: 1.60614e-05
eec: 51.623
weight: 8.55766e-06
eec: 26.8827
weight: 0.000661693
eec: 773.078
weight: 2.66363e-05
eec: 426.513
weight: 4.86161e-06
eec: 1508.75
weight: 2.22978e-05
eec: 89.1673
weight: 0.000776676
eec: 188.995
weight: 6.30172e-06
eec: 646.282
weight: 4.11844e-05
eec: 177.314
weight: 4.61575e-05
eec: 544.097
weight: 9.11302e-05
eec: 340.932
weight: 1.44911e-07
eec: 1019.41
weight: 9.1437e-05
eec: 156.672
weight: 3.97209e-05
eec: 59.5143
weight: 3.29033e-05
eec: 929.239
weight: 1.1482e-05
eec: 3861.02
weight: 0.000434843
eec: 89.2103
weight: 2.93322e-05
eec: 28.0661
weight: 7.50896e-06
eec: 575.147
weight: 3.35394e-05
eec: 246.769
weight: 0.000785872
eec: 68.2806
weight: 5.92708e-05
eec: 182.478
weight: 2.59009e-08
eec: 56.9316
weight: 8.80692e-05
eec: 241.646
weight: 6.67462e-05
eec: 430.26
weight: 1.32651e-05
eec: 504.716
weight: 1.19158e-05
eec: 16.3361
weight: 7.24795e-07
eec: 8.94336
weight: 0.000289976
eec: 103.864
weight: 4.42418e-06
eec: 35.0416
weight: 2.76767e-05
eec: 758.188
weight: 3.00103e-06
eec: 941.12
weight: 0.000135442
eec: 690.054
weight: 1.259e-06
eec: 147.027
weight: 5.05229e-05
eec: 576.944
Processing: 68.3333 %weight: 0.000105536
eec: 714.286
weight: 2.67547e-05
eec: 165.031
weight: 3.64633e-08
eec: 132.955
weight: 1.49954e-05
eec: 576.448
weight: 1.64377e-05
eec: 49.2309
weight: 0.000132318
eec: 910.981
weight: 4.46396e-05
eec: 1994.22
weight: 2.7377e-05
eec: 405.763
weight: 3.77534e-05
eec: 179.882
weight: 0.000213048
eec: 803.282
weight: 1.65381e-06
eec: 2695.2
weight: 2.48063e-05
eec: 253.61
weight: 8.70257e-05
eec: 1304.14
weight: 1.65392e-07
eec: 225.483
weight: 4.55939e-05
eec: 174.301
weight: 3.71008e-05
eec: 91.4618
weight: 5.05019e-05
eec: 39.2894
weight: 1.32137e-05
eec: 658.528
weight: 4.83637e-05
eec: 160.007
weight: 1.17373e-05
eec: 177.657
weight: 3.48081e-05
eec: 462.588
weight: 0.000141172
eec: 100.429
weight: 6.77729e-06
eec: 113.337
weight: 7.02877e-06
eec: 424.156
weight: 0.000504301
eec: 287.816
weight: 1.79667e-05
eec: 1868.55
weight: 1.63013e-06
eec: 1229.96
weight: 0.000360076
eec: 590.836
weight: 1.24973e-06
eec: 125.14
weight: 5.8026e-07
eec: 468.7
weight: 1.49694e-05
eec: 1840.77
weight: 1.15371e-05
eec: 376.438
weight: 2.19208e-05
eec: 674.38
weight: 6.55824e-06
eec: 232.032
weight: 0.000302784
eec: 66.0621
weight: 3.91477e-05
eec: 48.2076
weight: 1.21229e-05
eec: 1070.11
weight: 9.52346e-05
eec: 249.066
weight: 3.59401e-05
eec: 77.9045
weight: 0.000110663
eec: 329.104
weight: 8.18608e-05
eec: 661.454
weight: 4.22965e-05
eec: 49.3752
weight: 0.000139729
eec: 422.917
weight: 1.14116e-05
eec: 1647.27
weight: 9.07538e-05
eec: 393.55
weight: 7.42678e-05
eec: 327.881
weight: 4.57577e-05
eec: 546.84
weight: 4.11679e-07
eec: 113.808
weight: 5.57738e-05
eec: 834.558
weight: 1.49354e-05
eec: 763.723
weight: 9.20818e-05
eec: 1024.6
weight: 2.70148e-05
eec: 1216.13
weight: 0.000123301
eec: 545.085
weight: 3.12029e-05
eec: 22.0918
weight: 0.00139047
eec: 139.918
weight: 6.05218e-06
eec: 121.976
weight: 0.000109333
eec: 1750.6
weight: 1.65491e-05
eec: 282.719
weight: 0.000457461
eec: 54.6621
weight: 1.82834e-06
eec: 907.085
weight: 1.37787e-05
eec: 902.329
weight: 2.88996e-05
eec: 767.226
weight: 2.80117e-05
eec: 464.621
weight: 1.43669e-05
eec: 441.54
weight: 1.04215e-05
eec: 707.705
weight: 2.02816e-06
eec: 1158.69
weight: 1.38852e-05
eec: 98.693
weight: 9.19999e-05
eec: 396.882
weight: 7.90316e-06
eec: 9.65357
weight: 1.63824e-05
eec: 219.909
weight: 6.347e-06
eec: 602.555
weight: 2.98433e-05
eec: 2105.46
weight: 1.68151e-05
eec: 206.574
weight: 9.93602e-05
eec: 361.106
weight: 8.48235e-05
eec: 598.847
weight: 5.42544e-05
eec: 296.927
weight: 0.000287795
eec: 279.544
weight: 3.72499e-07
eec: 614.625
weight: 0.000141381
eec: 179.698
weight: 3.47765e-06
eec: 1069.04
weight: 1.12757e-05
eec: 1905.24
weight: 0.000558551
eec: 526.338
weight: 1.60109e-06
eec: 28.8763
weight: 0.000210228
eec: 781.836
weight: 1.1276e-05
eec: 601.69
weight: 0.00018887
eec: 265.397
weight: 0.000233204
eec: 560.767
weight: 5.66277e-06
eec: 125.671
weight: 0.000116347
eec: 102.758
weight: 0.000462809
eec: 203.342
weight: 6.68552e-06
eec: 304.017
weight: 0.000112857
eec: 286.045
weight: 1.71116e-05
eec: 1426.99
weight: 8.84889e-05
eec: 541.594
weight: 4.963e-05
eec: 830.65
weight: 2.61419e-06
eec: 586.708
weight: 8.91857e-06
eec: 212.126
weight: 5.5553e-06
eec: 2059.02
weight: 0.000146041
eec: 818.682
weight: 0.000185198
eec: 1407.68
weight: 0.000114039
eec: 59.2012
weight: 2.98588e-05
eec: 91.7702
weight: 4.71119e-05
eec: 246.76
weight: 1.60219e-06
eec: 614.438
weight: 1.53938e-05
eec: 101.306
weight: 1.45864e-05
eec: 127.713
weight: 4.43641e-05
eec: 1675.9
weight: 2.1241e-05
eec: 1324.76
weight: 6.16668e-05
eec: 1024.49
weight: 3.78109e-05
eec: 435.491
weight: 1.2512e-06
eec: 237.925
weight: 2.59107e-06
eec: 281.524
weight: 4.41097e-05
eec: 747.194
weight: 0.000213892
eec: 345.648
weight: 1.343e-05
eec: 1008.99
weight: 7.02092e-06
eec: 1613.79
weight: 4.08431e-05
eec: 688.891
weight: 0.000245116
eec: 445.996
weight: 1.46433e-05
eec: 1671.32
weight: 0.000106326
eec: 505.454
weight: 2.41053e-06
eec: 596.24
weight: 0.000166934
eec: 70.6452
weight: 1.4001e-05
eec: 910.802
weight: 0.000109986
eec: 150.776
weight: 6.39078e-05
eec: 124.176
weight: 6.42768e-06
eec: 111.265
weight: 8.78465e-06
eec: 135.761
weight: 8.3875e-06
eec: 194.582
weight: 1.78853e-05
eec: 469.934
weight: 6.66087e-06
eec: 102.039
weight: 2.04212e-06
eec: 463.892
weight: 0.000147467
eec: 127.828
weight: 5.81754e-06
eec: 322.332
weight: 0.000115276
eec: 64.0414
weight: 9.36459e-05
eec: 150.639
weight: 1.95902e-05
eec: 1193.24
weight: 2.88776e-06
eec: 863.898
weight: 3.68343e-05
eec: 89.1717
weight: 4.61913e-06
eec: 972.545
weight: 2.18499e-05
eec: 1238.4
weight: 5.54632e-05
eec: 371.455
weight: 2.16063e-05
eec: 982.997
weight: 6.26083e-05
eec: 141.939
weight: 9.59059e-06
eec: 294.974
weight: 5.73228e-05
eec: 77.276
weight: 0.00110279
eec: 294.126
weight: 3.62184e-06
eec: 53.5321
weight: 1.74759e-06
eec: 1212.79

ROOT exit code = 0
