gSystem->Load("run_condor_job_Run3_C.so");
run_condor_job_Run3(203, 100, 2,
                    80, 200,
                    1, 1, 1, 2);
.q

ENTERED run_condor_job_Run3()
JOBID = 203
  global job = 203  Job 3/100  events [180000, 240000)  total=6000000
Processing events [180000, 240000) of 6000000
weight: 1.28437e-05
eec: 3586.99
weight: 1.53072e-05
eec: 529.547
weight: 3.73467e-05
eec: 398.078
weight: 6.66772e-05
eec: 683.766
weight: 0.000309239
eec: 589.584
weight: 1.38816e-05
eec: 592.499
weight: 0.00154162
eec: 468.993
weight: 1.94249e-05
eec: 51.3983
weight: 1.91653e-05
eec: 80.081
weight: 5.51496e-05
eec: 1451.2
weight: 5.33406e-06
eec: 724.194
weight: 1.71185e-05
eec: 1820.51
weight: 5.86961e-05
eec: 186.783
weight: 5.5042e-06
eec: 217.693
weight: 1.21606e-07
eec: 113.032
weight: 4.23179e-05
eec: 165.452
weight: 0.000151959
eec: 178.477
weight: 0.000131219
eec: 180.486
weight: 3.60168e-06
eec: 512.221
weight: 1.32183e-05
eec: 77.1988
weight: 0.000118792
eec: 509.287
weight: 4.46373e-05
eec: 1394.7
weight: 1.10995e-06
eec: 131.682
weight: 4.19043e-06
eec: 543.458
weight: 5.58668e-06
eec: 883.386
weight: 5.64054e-05
eec: 614.036
weight: 2.1599e-05
eec: 486.669
weight: 3.2783e-05
eec: 682.61
weight: 3.2783e-05
eec: 86.322
weight: 1.84558e-05
eec: 301.537
weight: 0.000163988
eec: 41.6522
weight: 3.5369e-05
eec: 273.986
weight: 8.314e-05
eec: 1299.96
weight: 6.80036e-06
eec: 209.796
weight: 0.00016518
eec: 952.728
weight: 6.42264e-05
eec: 250.165
weight: 1.80778e-07
eec: 154.449
weight: 3.99579e-05
eec: 458.332
weight: 4.39887e-06
eec: 177.58
weight: 2.7956e-05
eec: 1191.13
weight: 2.47363e-06
eec: 3349.95
weight: 2.9538e-06
eec: 50.6946
weight: 1.73877e-05
eec: 547.789
weight: 3.5002e-05
eec: 259.056
weight: 3.81199e-05
eec: 631.537
weight: 1.44485e-07
eec: 1309.62
weight: 1.76375e-05
eec: 173.211
weight: 9.6466e-07
eec: 667.003
weight: 1.70971e-07
eec: 728.556
weight: 4.26988e-05
eec: 1140.73
weight: 2.77566e-05
eec: 457.36
weight: 3.63521e-06
eec: 800.107
weight: 5.39667e-06
eec: 647.993
weight: 2.30828e-06
eec: 501.961
weight: 3.87789e-05
eec: 11.6749
weight: 5.32412e-06
eec: 930.877
weight: 4.28336e-06
eec: 106.926
weight: 0.000120114
eec: 634.586
weight: 2.95551e-05
eec: 587.074
weight: 0.000440801
eec: 176.745
weight: 4.50333e-06
eec: 346.436
weight: 7.5989e-05
eec: 1004.91
weight: 0.000118355
eec: 1424.16
weight: 0.000103794
eec: 938.31
weight: 2.34295e-05
eec: 476.276
weight: 2.22868e-05
eec: 973.506
weight: 0.000151183
eec: 518.412
weight: 2.09687e-05
eec: 245.156
weight: 1.71259e-06
eec: 62.6442
weight: 2.47691e-05
eec: 247.378
weight: 1.93319e-05
eec: 318.976
weight: 0.00146458
eec: 44.1396
weight: 2.02046e-05
eec: 40.8741
weight: 1.66751e-05
eec: 355.809
weight: 4.1121e-05
eec: 647.455
weight: 8.53981e-05
eec: 307.597
weight: 5.36521e-05
eec: 182.347
weight: 2.30172e-05
eec: 270.983
weight: 4.54812e-05
eec: 399.769
weight: 1.21062e-06
eec: 299.019
weight: 4.58808e-05
eec: 235.382
weight: 5.55204e-06
eec: 1261.22
weight: 2.21405e-07
eec: 2217.87
weight: 1.80832e-05
eec: 47.606
Processing: 3.33333 %weight: 1.396e-06
eec: 263.392
weight: 2.31603e-05
eec: 4026.01
weight: 8.07729e-06
eec: 4292.04
weight: 7.23753e-06
eec: 251.522
weight: 1.93863e-05
eec: 842.47
weight: 5.22447e-06
eec: 137.144
weight: 2.56399e-06
eec: 102.038
weight: 3.37702e-06
eec: 372.051
weight: 8.66895e-05
eec: 145.872
weight: 0.000100336
eec: 1387.34
weight: 0.000166083
eec: 138.391
weight: 0.000252688
eec: 727.651
weight: 1.7843e-05
eec: 690.721
weight: 3.20173e-06
eec: 445.477
weight: 3.2611e-06
eec: 1713.42
weight: 0.000212464
eec: 814.626
weight: 3.67584e-07
eec: 2260.45
weight: 8.56438e-06
eec: 57.7071
weight: 2.10876e-05
eec: 23.2002
weight: 0.000137384
eec: 643.494
weight: 2.93802e-07
eec: 587.11
weight: 3.4034e-05
eec: 240.88
weight: 1.07987e-05
eec: 106.426
weight: 1.33581e-08
eec: 269.099
weight: 4.3977e-05
eec: 743.351
weight: 3.8828e-05
eec: 24.8922
weight: 3.95241e-05
eec: 300.315
weight: 9.98724e-06
eec: 135.279
weight: 4.73099e-05
eec: 187.613
weight: 0.000904751
eec: 440.781
weight: 4.77435e-08
eec: 923.576
weight: 1.93342e-05
eec: 883.83
weight: 1.60975e-05
eec: 566.508
weight: 1.10408e-07
eec: 17.4397
weight: 4.5775e-05
eec: 365.816
weight: 3.983e-06
eec: 633.851
weight: 2.22551e-06
eec: 2509.5
weight: 1.6402e-05
eec: 622.869
weight: 0.000329056
eec: 722.937
weight: 5.87134e-06
eec: 941.734
weight: 9.35711e-06
eec: 2701.69
weight: 1.08505e-05
eec: 764.336
weight: 0.000181985
eec: 131.933
weight: 1.61961e-05
eec: 84.4506
weight: 3.79467e-05
eec: 1448.68
weight: 1.27916e-05
eec: 821.183
weight: 1.31479e-05
eec: 470.085
weight: 0.000135495
eec: 303.858
weight: 2.16499e-07
eec: 269.724
weight: 8.2465e-06
eec: 881.217
weight: 2.29216e-05
eec: 648.249
weight: 5.96099e-05
eec: 259.96
weight: 0.000500227
eec: 1248.52
weight: 0.000331528
eec: 402.719
weight: 5.92367e-06
eec: 894.587
weight: 1.12769e-05
eec: 790.332
weight: 5.71159e-06
eec: 566.329
weight: 0.00156126
eec: 37.4037
weight: 4.55824e-05
eec: 557.341
weight: 5.80919e-06
eec: 1459.08
weight: 3.38584e-06
eec: 1189.31
weight: 3.6155e-05
eec: 438.221
weight: 1.94173e-05
eec: 1644.41
weight: 9.47765e-05
eec: 1598.85
weight: 2.61856e-05
eec: 61.6058
weight: 1.78712e-05
eec: 111.56
weight: 6.00719e-06
eec: 755.962
weight: 4.51032e-05
eec: 238.468
weight: 4.89204e-05
eec: 917.233
weight: 7.02431e-05
eec: 183.955
weight: 7.77461e-05
eec: 926.076
weight: 2.03793e-05
eec: 1859.99
weight: 1.58342e-05
eec: 529.436
weight: 4.39024e-06
eec: 484.887
weight: 1.15121e-05
eec: 190.537
weight: 3.77942e-05
eec: 178.016
weight: 0.000128909
eec: 127.904
weight: 8.75087e-05
eec: 1237.68
weight: 0.000138542
eec: 147.779
weight: 5.05288e-05
eec: 134.878
weight: 5.66631e-06
eec: 1544.61
weight: 6.52223e-06
eec: 1128.61
weight: 0.00012595
eec: 223.904
weight: 0.000190045
eec: 267.06
weight: 1.10044e-06
eec: 595.531
weight: 0.000629889
eec: 970.363
weight: 1.44678e-05
eec: 1624.45
weight: 1.56388e-05
eec: 1330.07
weight: 0.000336984
eec: 264.72
weight: 0.000255313
eec: 956.537
weight: 7.85408e-06
eec: 986.918
weight: 8.95682e-06
eec: 346.661
weight: 0.00012692
eec: 151.229
weight: 1.01064e-06
eec: 191.033
weight: 0.000380654
eec: 100.419
weight: 1.12249e-05
eec: 185.134
weight: 4.81915e-05
eec: 575.432
weight: 1.33454e-05
eec: 572.545
weight: 2.87034e-05
eec: 76.042
weight: 1.60558e-05
eec: 1300.01
weight: 4.28033e-06
eec: 2345.85
weight: 3.90806e-05
eec: 127.371
weight: 0.000170577
eec: 230.691
weight: 2.24162e-05
eec: 2409.21
weight: 2.66375e-06
eec: 1169.54
weight: 9.66055e-05
eec: 729.863
weight: 2.62453e-05
eec: 1628.09
weight: 3.86126e-05
eec: 124.655
weight: 0.000174348
eec: 365.006
weight: 1.03462e-05
eec: 195.07
weight: 1.07256e-05
eec: 57.5815
weight: 6.5224e-06
eec: 691.227
weight: 1.75618e-05
eec: 367.835
weight: 8.81263e-06
eec: 471.065
weight: 0.000117279
eec: 284.083
weight: 2.57391e-06
eec: 3048.51
weight: 5.61761e-05
eec: 203.715
weight: 1.7208e-07
eec: 1602.7
weight: 3.77397e-06
eec: 373.035
weight: 2.92145e-05
eec: 746.091
weight: 9.35243e-05
eec: 257.189
weight: 2.38495e-05
eec: 545.135
weight: 6.34257e-05
eec: 120.813
weight: 1.99779e-05
eec: 72.2101
weight: 1.17096e-05
eec: 1036.64
weight: 9.08957e-05
eec: 620.199
weight: 2.6217e-05
eec: 309.459
weight: 2.6217e-05
eec: 601.193
weight: 1.65702e-05
eec: 306.751
weight: 1.16829e-05
eec: 3984.59
weight: 4.51052e-06
eec: 735.614
weight: 6.7808e-05
eec: 19.4618
weight: 0.000199832
eec: 154.414
weight: 7.17674e-05
eec: 96.9629
weight: 6.73405e-05
eec: 201.533
weight: 0.000100964
eec: 285.762
weight: 0.000139938
eec: 690.767
weight: 0.000353144
eec: 384.192
weight: 6.15619e-06
eec: 283.899
weight: 1.92739e-05
eec: 523.432
weight: 0.000400578
eec: 86.2891
weight: 0.000254526
eec: 81.3236
weight: 3.23816e-05
eec: 666.128
weight: 2.20409e-06
eec: 78.632
weight: 4.48363e-07
eec: 97.5189
weight: 3.1542e-06
eec: 309.58
weight: 0.000391995
eec: 525.081
weight: 8.73778e-06
eec: 597.094
weight: 9.76902e-06
eec: 93.5243
weight: 2.21322e-06
eec: 1078.81
weight: 6.48301e-05
eec: 1227.15
weight: 2.00548e-05
eec: 240.369
weight: 2.28249e-05
eec: 128.303
weight: 7.25037e-05
eec: 1025.97
weight: 6.18041e-06
eec: 206.265
weight: 0.000538323
eec: 569.744
weight: 4.15475e-06
eec: 201.596
weight: 1.55098e-05
eec: 1577.93
weight: 4.07204e-05
eec: 685.669
weight: 6.45825e-06
eec: 462.985
weight: 0.000120837
eec: 1273.78
weight: 9.15038e-07
eec: 300.406
weight: 9.88693e-06
eec: 36.0844
weight: 0.000101582
eec: 128.095
weight: 0.000174539
eec: 60.0703
weight: 4.22719e-05
eec: 494.604
weight: 8.8732e-06
eec: 353.13
weight: 1.20854e-05
eec: 1992.71
weight: 1.70705e-08
eec: 423.701
weight: 5.33938e-05
eec: 93.2419
weight: 5.18444e-06
eec: 176.182
weight: 1.34299e-05
eec: 588.492

ROOT exit code = 0
