gSystem->Load("run_condor_job_Run3_C.so");
run_condor_job_Run3(776, 100, 2,
                    80, 200,
                    1, 1, 1, 7);
.q

ENTERED run_condor_job_Run3()
JOBID = 776
  global job = 776  Job 76/100  events [4327440, 4384380)  total=5694000
Processing events [4327440, 4384380) of 5694000
weight: 9.37689e-06
eec: 1210.3
weight: 1.13911e-06
eec: 146.677
weight: 9.14682e-06
eec: 28.6463
weight: 2.41536e-05
eec: 702.137
weight: 0.000397959
eec: 40.4598
weight: 7.59378e-08
eec: 352.348
weight: 3.08169e-07
eec: 1380.27
weight: 8.46914e-05
eec: 642.869
weight: 0.000131438
eec: 249.056
weight: 0.000388072
eec: 386.5
weight: 0.000127936
eec: 173.522
weight: 1.80128e-05
eec: 850.073
weight: 0.000149588
eec: 476.546
weight: 5.63425e-05
eec: 1129.19
weight: 1.36191e-06
eec: 1121.3
weight: 6.71727e-06
eec: 684.934
weight: 3.09727e-05
eec: 286.164
weight: 0.000725272
eec: 392.592
weight: 2.21112e-05
eec: 166.163
weight: 0.000215789
eec: 183.093
weight: 2.67845e-06
eec: 249.322
weight: 0.00162003
eec: 469.258
weight: 1.32949e-05
eec: 484.584
weight: 7.17409e-06
eec: 11.272
weight: 0.000148066
eec: 195.63
weight: 7.45008e-05
eec: 586.958
weight: 1.00324e-05
eec: 829.893
weight: 0.000462621
eec: 192.964
weight: 1.17361e-05
eec: 563.989
weight: 1.77762e-05
eec: 301.951
weight: 9.33461e-05
eec: 898.615
weight: 7.186e-06
eec: 16.824
weight: 6.46539e-05
eec: 96.6533
weight: 6.10881e-05
eec: 566.424
weight: 6.62576e-07
eec: 149.998
weight: 0.000145206
eec: 298.651
weight: 8.03243e-06
eec: 390.214
weight: 1.57114e-05
eec: 725.483
weight: 1.29422e-06
eec: 12.4184
weight: 3.75562e-05
eec: 1504.49
weight: 1.44136e-06
eec: 666.694
weight: 0.000103494
eec: 261.87
weight: 6.72248e-06
eec: 248.587
weight: 1.21581e-05
eec: 117.317
weight: 1.43295e-06
eec: 2549.5
weight: 0.000187373
eec: 201.885
weight: 1.85879e-05
eec: 937.669
weight: 9.42861e-07
eec: 52.2666
weight: 7.63541e-06
eec: 341.8
weight: 1.45363e-05
eec: 420.038
weight: 2.63544e-06
eec: 1616.94
weight: 0.000153362
eec: 475.99
weight: 0.000267087
eec: 40.8006
weight: 5.56116e-05
eec: 600.628
weight: 2.34039e-05
eec: 636.782
weight: 8.97315e-06
eec: 69.3608
weight: 0.000117267
eec: 857.504
weight: 6.55342e-05
eec: 1548.47
weight: 5.57921e-05
eec: 1292.05
weight: 4.4155e-05
eec: 401.466
weight: 9.91787e-06
eec: 268.848
weight: 3.35925e-06
eec: 291.939
weight: 6.10677e-05
eec: 40.3346
weight: 3.85574e-05
eec: 255.417
weight: 8.52839e-06
eec: 1455.54
weight: 8.09062e-06
eec: 972.525
weight: 5.56067e-05
eec: 184.45
weight: 7.79548e-06
eec: 341.154
weight: 0.000172288
eec: 977.443
weight: 0.0017613
eec: 18.7693
weight: 5.60605e-05
eec: 1349.6
weight: 5.62889e-05
eec: 226.877
weight: 8.88458e-05
eec: 260.886
weight: 0.000280948
eec: 206.007
weight: 5.15434e-06
eec: 220.368
weight: 0.000101212
eec: 324.956
weight: 0.000137586
eec: 832.015
weight: 7.94224e-05
eec: 30.2172
weight: 3.75307e-07
eec: 429.048
weight: 8.71437e-05
eec: 228.534
weight: 7.91308e-07
eec: 1634.05
weight: 1.19637e-06
eec: 40.3073
weight: 2.38783e-06
eec: 556.777
weight: 1.1775e-06
eec: 572.877
weight: 4.04509e-06
eec: 836.733
weight: 6.76269e-06
eec: 1221.59
weight: 9.30019e-05
eec: 610.638
weight: 6.25183e-06
eec: 307.572
weight: 8.96183e-05
eec: 505.982
weight: 9.043e-05
eec: 67.0196
weight: 1.12641e-05
eec: 861.794
weight: 1.45008e-05
eec: 1280.57
weight: 4.03282e-06
eec: 291.838
weight: 9.7278e-07
eec: 884.467
weight: 9.46734e-05
eec: 1386.32
weight: 0.000162531
eec: 423.123
weight: 7.62925e-05
eec: 871.545
weight: 0.00150511
eec: 295.528
weight: 0.00103252
eec: 116.08
weight: 1.97357e-05
eec: 588.18
weight: 0.000885898
eec: 516.676
weight: 0.000813487
eec: 17.7966
weight: 1.00253e-06
eec: 479.333
Processing: 76.3962 %weight: 2.40152e-05
eec: 20.3421
weight: 3.17657e-05
eec: 739.002
weight: 7.42736e-06
eec: 38.9392
weight: 0.00208755
eec: 131.777
weight: 1.56117e-06
eec: 54.3757
weight: 5.70211e-05
eec: 338.327
weight: 1.93199e-08
eec: 238.401
weight: 0.000200127
eec: 547.86
weight: 0.000143533
eec: 21.4388
weight: 3.75148e-05
eec: 373.027
weight: 1.53119e-05
eec: 344.995
weight: 1.14737e-06
eec: 856.313
weight: 0.000149664
eec: 85.0665
weight: 3.47012e-05
eec: 612.691
weight: 1.00258e-05
eec: 196.115
weight: 9.20067e-05
eec: 931.701
weight: 8.05234e-05
eec: 366.825
weight: 2.83365e-05
eec: 30.9411
weight: 3.62359e-05
eec: 471.431
weight: 1.75822e-05
eec: 138.577
weight: 0.000131815
eec: 42.8153
weight: 1.38847e-05
eec: 576.319
weight: 9.87949e-05
eec: 52.3716
weight: 0.000267343
eec: 371.491
weight: 2.28808e-05
eec: 2039.16
weight: 0.000125769
eec: 198.457
weight: 7.54605e-06
eec: 519.125
weight: 1.23318e-05
eec: 264.539
weight: 2.6609e-06
eec: 1449.82
weight: 7.66264e-05
eec: 461.508
weight: 7.11942e-05
eec: 79.6127
weight: 1.98552e-06
eec: 90.5449
weight: 3.62456e-05
eec: 719.315
weight: 4.87627e-05
eec: 88.3544
weight: 1.62168e-05
eec: 31.0622
weight: 4.82802e-05
eec: 79.1761
weight: 5.65382e-05
eec: 162.202
weight: 5.42379e-06
eec: 223.887
weight: 0.000181633
eec: 423.523
weight: 2.92861e-05
eec: 558.797
weight: 3.60888e-05
eec: 15.0205
weight: 5.29308e-05
eec: 385.522
weight: 1.30339e-05
eec: 348.386
weight: 0.000216266
eec: 185.804
weight: 3.11561e-05
eec: 607.518
weight: 4.97261e-06
eec: 1516.48
weight: 1.19893e-05
eec: 564.176
weight: 0.00013965
eec: 32.6856
weight: 1.02931e-06
eec: 1004.8
weight: 5.26779e-06
eec: 839.927
weight: 1.62258e-05
eec: 132.111
weight: 9.4614e-05
eec: 282.134
weight: 8.73753e-05
eec: 184.762
weight: 5.48303e-05
eec: 54.8564
weight: 8.93898e-05
eec: 110.51
weight: 1.88016e-05
eec: 1737.43
weight: 2.904e-05
eec: 1501.38
weight: 1.58634e-05
eec: 946.192
weight: 2.51651e-05
eec: 122.734
weight: 4.06157e-05
eec: 1236.59
weight: 1.23773e-06
eec: 89.4877
weight: 3.33564e-05
eec: 918.925
weight: 0.000402446
eec: 38.3383
weight: 7.64884e-06
eec: 352.92
weight: 8.66979e-06
eec: 109.891
weight: 1.45449e-05
eec: 167.377
weight: 6.58359e-05
eec: 97.2153
weight: 2.57304e-05
eec: 346.085
weight: 2.8732e-06
eec: 403.776
weight: 0.00013928
eec: 729.329
weight: 1.4563e-05
eec: 338.575
weight: 3.94885e-06
eec: 369.195
weight: 2.59548e-05
eec: 1378.64
weight: 0.000184399
eec: 418.411
weight: 2.12542e-05
eec: 10.7256
weight: 1.13035e-05
eec: 1111.16
weight: 1.13035e-05
eec: 1541.03
weight: 3.27621e-05
eec: 71.3108
weight: 0.000140288
eec: 312.614
weight: 8.54484e-05
eec: 389.756
weight: 2.75378e-07
eec: 544.961
weight: 5.60207e-05
eec: 367.011
weight: 1.45413e-05
eec: 288.882
weight: 3.12302e-06
eec: 85.1163
weight: 6.51033e-06
eec: 200.343
weight: 6.40251e-05
eec: 62.0662
weight: 1.5066e-06
eec: 170.458
weight: 1.18251e-05
eec: 169.581
weight: 5.53646e-06
eec: 506.466
weight: 1.66273e-06
eec: 88.8454
weight: 9.33901e-06
eec: 439.338
weight: 1.9975e-05
eec: 295.753
weight: 4.20924e-05
eec: 15.2729
weight: 9.46415e-07
eec: 1116.32
weight: 9.36988e-06
eec: 314.119
weight: 2.59917e-05
eec: 7.39071
weight: 6.98784e-06
eec: 33.8176
weight: 1.31155e-06
eec: 45.0479
weight: 2.39967e-05
eec: 1625.46
weight: 2.44333e-06
eec: 350.491
weight: 8.48854e-06
eec: 282.571
weight: 1.0614e-05
eec: 101.51
weight: 1.25942e-05
eec: 204.773
weight: 1.28399e-06
eec: 312.714
weight: 0.00275707
eec: 235.746
weight: 4.16262e-07
eec: 1790.16
weight: 1.10254e-05
eec: 479.701
weight: 3.63098e-06
eec: 243.426
weight: 0.00052576
eec: 693.234
weight: 6.68325e-06
eec: 145.615
weight: 1.74723e-06
eec: 13.2497
weight: 2.97099e-05
eec: 214.669
weight: 3.68899e-05
eec: 323.77
weight: 0.000180207
eec: 54.3341
weight: 4.28561e-07
eec: 176.876
weight: 3.63352e-05
eec: 724.851
weight: 3.12406e-05
eec: 78.0215
weight: 6.01438e-05
eec: 397.107
weight: 3.46714e-05
eec: 67.5357
weight: 1.31717e-05
eec: 808.9
weight: 4.86869e-05
eec: 180.528
weight: 4.66702e-06
eec: 260.71
weight: 3.21585e-06
eec: 73.233
weight: 8.65671e-05
eec: 539.683
weight: 0.000100775
eec: 225.789
weight: 1.37601e-05
eec: 291.03
weight: 0.000300668
eec: 278.172
weight: 2.99108e-05
eec: 6.37695
weight: 0.000350749
eec: 734.106

ROOT exit code = 0
