gSystem->Load("run_condor_job_Run3_C.so");
run_condor_job_Run3(933, 100, 2,
                    80, 200,
                    1, 1, 1, 9);
.q

ENTERED run_condor_job_Run3()
JOBID = 933
  global job = 933  Job 33/100  events [1962180, 2021640)  total=5946000
Processing events [1962180, 2021640) of 5946000
weight: 1.75822e-05
eec: 898.02
weight: 2.36992e-05
eec: 588.11
weight: 1.11527e-05
eec: 300.099
weight: 1.95887e-05
eec: 280.752
weight: 2.83102e-05
eec: 1134.62
weight: 2.14274e-06
eec: 1069.51
weight: 1.4367e-05
eec: 522.322
weight: 4.44242e-06
eec: 1109.57
weight: 8.80474e-07
eec: 74.5626
weight: 5.08024e-06
eec: 138.389
weight: 0.000224158
eec: 46.8693
weight: 2.24498e-06
eec: 700.789
weight: 4.24915e-05
eec: 67.7603
weight: 1.1013e-05
eec: 2554.85
weight: 3.98116e-05
eec: 616.454
weight: 4.2543e-05
eec: 2060.23
weight: 3.43839e-07
eec: 79.3271
weight: 0.000158422
eec: 180.737
weight: 1.392e-05
eec: 213.27
weight: 2.97274e-06
eec: 36.8029
weight: 0.000187004
eec: 345.931
weight: 3.1129e-06
eec: 1390.82
weight: 7.69348e-05
eec: 1007.71
weight: 1.16426e-05
eec: 169.75
weight: 7.29872e-06
eec: 130.387
weight: 3.46133e-06
eec: 33.729
weight: 1.87827e-06
eec: 897.537
weight: 0.000255908
eec: 215.144
weight: 8.52185e-06
eec: 2327.32
weight: 3.31272e-07
eec: 124.638
weight: 0.000147161
eec: 36.4702
weight: 3.0468e-06
eec: 182.416
weight: 3.41058e-06
eec: 1222.16
weight: 0.000102216
eec: 321.502
weight: 2.46343e-05
eec: 246.676
weight: 1.42519e-05
eec: 480.001
weight: 6.39358e-05
eec: 1107.85
weight: 8.20295e-06
eec: 1951.75
weight: 0.00171018
eec: 888.83
weight: 5.20925e-05
eec: 273.009
weight: 0.000793663
eec: 45.6515
weight: 2.50786e-05
eec: 1012.18
weight: 8.01856e-06
eec: 380.244
weight: 3.0617e-05
eec: 1852.67
weight: 9.72243e-05
eec: 234.711
weight: 2.37613e-05
eec: 469.119
weight: 6.3293e-05
eec: 94.182
weight: 1.53685e-05
eec: 208.268
weight: 0.000164582
eec: 104.781
weight: 1.17255e-05
eec: 3950.42
weight: 1.09426e-05
eec: 501.394
weight: 8.85397e-06
eec: 1214.7
weight: 3.88153e-05
eec: 330.105
weight: 5.0483e-05
eec: 635.692
weight: 1.40194e-05
eec: 55.8298
weight: 8.24043e-06
eec: 908.629
weight: 7.1303e-05
eec: 161.977
weight: 8.82758e-06
eec: 109.886
weight: 0.000373908
eec: 503.408
weight: 0.00011408
eec: 403.252
weight: 2.03212e-05
eec: 427.13
weight: 3.77851e-06
eec: 1221.96
weight: 1.65861e-05
eec: 564.206
weight: 5.68069e-05
eec: 106.423
weight: 4.03657e-05
eec: 617.672
weight: 2.77517e-05
eec: 117.617
weight: 2.70851e-05
eec: 117.619
weight: 5.87307e-06
eec: 2476.16
weight: 2.1572e-06
eec: 2403.27
weight: 7.22413e-06
eec: 247.092
weight: 1.71014e-05
eec: 2530
weight: 2.917e-06
eec: 3245.77
weight: 2.29692e-05
eec: 789.059
weight: 1.06181e-05
eec: 236.413
weight: 1.87257e-05
eec: 425.455
weight: 4.64269e-05
eec: 114.131
weight: 8.57999e-05
eec: 69.8886
weight: 5.13429e-05
eec: 692.071
weight: 0.000143778
eec: 166.61
weight: 2.69514e-05
eec: 1064.33
weight: 3.78592e-07
eec: 1210.4
weight: 3.18172e-05
eec: 2194.42
weight: 2.79943e-07
eec: 254.718
weight: 3.26382e-05
eec: 453.659
weight: 2.68606e-06
eec: 2543.87
weight: 5.97113e-05
eec: 413.443
weight: 0.0002552
eec: 1366.59
weight: 1.61774e-05
eec: 2371.41
weight: 5.29002e-06
eec: 56.2133
weight: 4.17866e-05
eec: 586.756
weight: 1.72728e-05
eec: 392.726
weight: 3.07691e-05
eec: 97.385
weight: 4.77692e-06
eec: 461.849
weight: 4.24135e-07
eec: 83.4033
weight: 4.60243e-05
eec: 2059.65
weight: 1.08836e-07
eec: 1340.81
weight: 3.57334e-05
eec: 100.887
weight: 6.75983e-06
eec: 216.19
weight: 0.00039572
eec: 147.869
weight: 7.90631e-07
eec: 1201.69
weight: 2.13665e-06
eec: 1595.34
weight: 1.36629e-06
eec: 1273.58
weight: 2.36038e-05
eec: 3083.42
weight: 6.64856e-07
eec: 222.158
weight: 4.90458e-05
eec: 408.137
weight: 4.80147e-05
eec: 452.394
weight: 5.30565e-08
eec: 299.867
weight: 0.000117088
eec: 1223.4
weight: 0.000161888
eec: 352.4
weight: 6.0632e-05
eec: 127.839
weight: 7.39047e-06
eec: 592.902
weight: 2.28533e-05
eec: 1684.07
weight: 0.000274031
eec: 485.971
weight: 0.000244971
eec: 147.557
weight: 0.000101942
eec: 87.4948
weight: 8.35159e-06
eec: 1489.97
weight: 0.000146053
eec: 246.589
weight: 1.15943e-05
eec: 230.49
weight: 9.41976e-07
eec: 147.868
weight: 0.000232086
eec: 111.264
weight: 9.12986e-05
eec: 635.079
weight: 1.85633e-05
eec: 3181.71
weight: 3.08053e-05
eec: 97.4872
weight: 3.94239e-05
eec: 803.007
weight: 2.51093e-06
eec: 101.937
weight: 4.35954e-06
eec: 2122.65
weight: 9.06725e-05
eec: 100.681
weight: 0.000161157
eec: 203.229
weight: 1.05305e-05
eec: 1348.08
weight: 6.58303e-05
eec: 512.569
weight: 7.97176e-05
eec: 168.23
weight: 8.23546e-05
eec: 110.476
weight: 6.32292e-06
eec: 32.8788
weight: 1.92384e-06
eec: 2748.59
weight: 0.000117906
eec: 129.779
weight: 8.74936e-05
eec: 174.336
weight: 1.46684e-05
eec: 315.559
weight: 6.3009e-05
eec: 1199.98
weight: 4.58491e-05
eec: 191.562
weight: 2.15469e-05
eec: 186.5
weight: 6.28301e-06
eec: 170.37
weight: 1.10658e-07
eec: 591.166
weight: 2.16737e-05
eec: 59.4315
weight: 6.73389e-05
eec: 1159.53
weight: 5.59003e-06
eec: 1678.46
weight: 0.000278026
eec: 692.093
weight: 4.18094e-05
eec: 845.395
weight: 1.26495e-05
eec: 556.775
weight: 0.000661562
eec: 220.768
weight: 0.000315916
eec: 311.266
weight: 9.00072e-06
eec: 700.418
weight: 3.41277e-05
eec: 358.398
weight: 6.5608e-06
eec: 608.715
weight: 0.000122697
eec: 1046.71
weight: 2.03962e-05
eec: 2620.6
weight: 0.000148388
eec: 35.7412
weight: 0.000159244
eec: 75.2798
weight: 0.000104668
eec: 742.813
weight: 1.41763e-05
eec: 310.519
weight: 1.7057e-06
eec: 281.362
weight: 9.72163e-05
eec: 259.645
weight: 2.70804e-06
eec: 622.534
Processing: 33.6361 %weight: 0.000557059
eec: 63.6376
weight: 4.57496e-05
eec: 536.462
weight: 1.23084e-05
eec: 179.31
weight: 2.80723e-05
eec: 637.655
weight: 1.09618e-05
eec: 286.74
weight: 7.46825e-06
eec: 310.875
weight: 1.55257e-06
eec: 1237.59
weight: 4.02313e-05
eec: 241.696
weight: 3.05592e-07
eec: 1311.21
weight: 9.69577e-07
eec: 108.922
weight: 5.87612e-06
eec: 395.353
weight: 1.16824e-05
eec: 280.045
weight: 0.000203899
eec: 547.346
weight: 7.06855e-07
eec: 610.988
weight: 5.03401e-05
eec: 554.074
weight: 1.41369e-06
eec: 466.535
weight: 0.000181157
eec: 226.296
weight: 2.6773e-06
eec: 174.189
weight: 6.50481e-05
eec: 1466.98
weight: 8.05917e-06
eec: 873.871
weight: 2.93862e-05
eec: 527.335
weight: 1.45484e-05
eec: 1426.12
weight: 2.48797e-05
eec: 173.557
weight: 2.98334e-06
eec: 2671.62
weight: 9.2988e-06
eec: 111.495
weight: 6.64656e-05
eec: 529.001
weight: 6.46648e-06
eec: 1210.26
weight: 3.65199e-07
eec: 370.768
weight: 4.60102e-06
eec: 510.367
weight: 2.20056e-06
eec: 2308.34
weight: 4.00178e-05
eec: 33.4077
weight: 4.64238e-06
eec: 430.685
weight: 9.24887e-05
eec: 830.629
weight: 4.25143e-05
eec: 681.893
weight: 4.25143e-05
eec: 1497.05
weight: 2.15329e-05
eec: 587.719
weight: 0.000101842
eec: 482.281
weight: 8.20024e-05
eec: 267.66
weight: 1.55321e-05
eec: 1648.37
weight: 3.25329e-06
eec: 52.555
weight: 1.8925e-05
eec: 867.775
weight: 1.32508e-05
eec: 594.058
weight: 0.000737335
eec: 107.291
weight: 0.000364698
eec: 519.884
weight: 1.60818e-05
eec: 81.6869
weight: 1.55443e-05
eec: 1790.95
weight: 9.83519e-06
eec: 117.319
weight: 0.000335416
eec: 119.589
weight: 2.05423e-05
eec: 490.574
weight: 9.77903e-05
eec: 98.0554
weight: 5.41455e-05
eec: 450.008
weight: 4.76076e-05
eec: 31.2853
weight: 2.46764e-05
eec: 79.2574
weight: 1.40611e-06
eec: 276.089
weight: 5.33062e-05
eec: 1424.16
weight: 1.01995e-05
eec: 621.557
weight: 3.56616e-06
eec: 718.062
weight: 6.07423e-06
eec: 13.4703
weight: 5.51232e-06
eec: 675.598
weight: 0.000415688
eec: 137.399
weight: 9.09144e-06
eec: 692.903
weight: 6.30738e-05
eec: 1232.31
weight: 2.49121e-06
eec: 1081.89
weight: 2.64364e-06
eec: 115.098
weight: 5.52051e-06
eec: 1041.87
weight: 7.80666e-08
eec: 1599.94
weight: 2.30809e-06
eec: 3182.53
weight: 2.30809e-06
eec: 427.212
weight: 0.000137194
eec: 93.0163
weight: 1.24841e-05
eec: 360.095
weight: 1.3339e-05
eec: 352.498
weight: 0.000119843
eec: 226.025
weight: 8.32901e-06
eec: 1031.54
weight: 3.56504e-05
eec: 567.743
weight: 4.85493e-05
eec: 1784.01
weight: 1.09776e-06
eec: 401.615
weight: 3.04712e-05
eec: 797.446
weight: 1.03206e-05
eec: 1057.74
weight: 3.36947e-07
eec: 134.731
weight: 1.14105e-05
eec: 755.928
weight: 6.76265e-06
eec: 121.02
weight: 6.30417e-05
eec: 261.601
weight: 9.67071e-05
eec: 162.605
weight: 0.000113226
eec: 656.865
weight: 5.68962e-05
eec: 258.464
weight: 1.46632e-05
eec: 45.946
weight: 8.62209e-05
eec: 63.6554
weight: 0.000765937
eec: 25.9131
weight: 0.000167795
eec: 334.114
weight: 2.2839e-05
eec: 370.493
weight: 1.08715e-05
eec: 906.281
weight: 1.10457e-05
eec: 79.7452
weight: 7.0657e-05
eec: 20.0122
weight: 3.61745e-05
eec: 962.875
weight: 2.30155e-07
eec: 2242.05
weight: 1.4012e-05
eec: 661.139
weight: 0.000156892
eec: 148.395
weight: 0.000111436
eec: 1481.37
weight: 1.31437e-05
eec: 326.579
weight: 3.97797e-05
eec: 287.488
weight: 6.09741e-05
eec: 282.325
weight: 1.33509e-05
eec: 418.832
weight: 5.65965e-05
eec: 244.316
weight: 2.94287e-05
eec: 972.506
weight: 3.95682e-06
eec: 68.9233
weight: 3.98542e-05
eec: 560.48
weight: 1.8223e-06
eec: 865.021
weight: 5.06994e-05
eec: 529.221
weight: 2.29597e-05
eec: 322.544

ROOT exit code = 0
