gSystem->Load("run_condor_job_Run3_C.so");
run_condor_job_Run3(107, 100, 2,
                    80, 200,
                    1, 1, 1, 1);
.q

ENTERED run_condor_job_Run3()
JOBID = 107
  global job = 107  Job 7/100  events [410340, 468960)  total=5862000
Processing events [410340, 468960) of 5862000
weight: 3.72671e-05
eec: 612.273
weight: 1.73271e-05
eec: 1279.92
weight: 2.00772e-05
eec: 203.278
weight: 1.12898e-05
eec: 1347.5
weight: 6.91426e-05
eec: 108.752
weight: 2.3407e-05
eec: 768.646
weight: 9.40887e-06
eec: 1456.84
weight: 1.49692e-05
eec: 235.311
weight: 3.29339e-05
eec: 279.548
weight: 1.86598e-05
eec: 4418.09
weight: 8.81069e-05
eec: 282.662
weight: 5.94368e-05
eec: 862.615
weight: 9.68483e-06
eec: 166.722
weight: 8.54758e-06
eec: 44.5137
weight: 0.000115427
eec: 432.792
weight: 0.000180554
eec: 587.69
weight: 2.24686e-05
eec: 1640.1
weight: 0.000113538
eec: 121.458
weight: 3.44305e-06
eec: 598.13
weight: 2.10996e-05
eec: 1426.72
weight: 5.44675e-06
eec: 309.227
weight: 1.07726e-07
eec: 120.911
weight: 4.25177e-05
eec: 490.764
weight: 8.09218e-06
eec: 355.343
weight: 4.27184e-05
eec: 552.284
weight: 3.89107e-05
eec: 535.647
weight: 8.16981e-07
eec: 195.562
weight: 4.75046e-06
eec: 1100.62
weight: 4.105e-06
eec: 145.854
weight: 1.33201e-05
eec: 253.473
weight: 4.21524e-05
eec: 1650.57
weight: 1.59854e-05
eec: 4283.7
weight: 6.26749e-06
eec: 326.542
weight: 4.1113e-05
eec: 1346.92
weight: 3.00693e-05
eec: 430.798
weight: 2.11134e-06
eec: 37.0008
weight: 2.11134e-06
eec: 294.927
weight: 0.00030846
eec: 248.132
weight: 6.39891e-05
eec: 123.161
weight: 0.000117847
eec: 375.482
weight: 9.56846e-07
eec: 884.176
weight: 3.45443e-05
eec: 439.554
weight: 3.01533e-05
eec: 148.304
weight: 9.384e-06
eec: 108.826
weight: 1.42321e-05
eec: 963.551
weight: 3.1908e-05
eec: 1259.21
weight: 0.000558103
eec: 161.35
weight: 1.79528e-05
eec: 994.552
weight: 1.12206e-07
eec: 236.469
weight: 5.12683e-06
eec: 1183.05
weight: 5.8964e-06
eec: 3317.89
weight: 5.91247e-06
eec: 1848.3
weight: 0.000106228
eec: 156.725
weight: 0.000212084
eec: 69.1947
weight: 6.55642e-05
eec: 313.628
weight: 4.20278e-05
eec: 237.008
weight: 1.42338e-05
eec: 43.2108
weight: 2.48775e-06
eec: 2724.03
weight: 1.86785e-05
eec: 164.649
weight: 4.85304e-07
eec: 127.305
weight: 3.60717e-05
eec: 74.8998
weight: 5.38303e-06
eec: 550.116
weight: 0.000323323
eec: 367.039
weight: 1.00245e-06
eec: 930.203
weight: 6.50835e-05
eec: 940.55
weight: 4.93813e-05
eec: 331.952
weight: 3.20827e-05
eec: 1796.72
weight: 1.70263e-05
eec: 823.682
weight: 6.4812e-07
eec: 480.068
weight: 1.36304e-05
eec: 680.074
weight: 6.65746e-05
eec: 119.237
weight: 8.22042e-05
eec: 71.2636
weight: 5.22572e-05
eec: 472.227
weight: 3.61184e-05
eec: 202.651
weight: 0.000829762
eec: 220.824
weight: 6.69659e-05
eec: 163.571
weight: 5.43195e-07
eec: 2118.69
weight: 5.75394e-06
eec: 427.317
weight: 0.000416656
eec: 433.864
weight: 2.0571e-05
eec: 168.252
weight: 2.96575e-06
eec: 207.887
weight: 1.20512e-06
eec: 1201.68
weight: 0.000182225
eec: 110.579
weight: 4.72023e-05
eec: 548.338
weight: 9.50954e-05
eec: 263.589
weight: 5.00169e-05
eec: 157.247
weight: 1.28886e-05
eec: 2156.67
weight: 2.58232e-05
eec: 394.643
weight: 0.000135276
eec: 210.145
weight: 1.39259e-05
eec: 156.944
weight: 2.2246e-06
eec: 489.514
weight: 2.18431e-05
eec: 266.142
weight: 4.81061e-05
eec: 17.4781
weight: 2.24386e-06
eec: 866.803
weight: 6.51495e-05
eec: 27.4563
weight: 9.39516e-06
eec: 2664.73
weight: 1.71491e-06
eec: 544.774
weight: 1.41538e-06
eec: 246.522
weight: 9.65747e-08
eec: 372.329
weight: 4.53348e-05
eec: 246.581
weight: 0.000344218
eec: 75.7528
weight: 0.000110641
eec: 1246.13
weight: 0.000136012
eec: 100.14
weight: 7.55139e-05
eec: 230.679
weight: 1.27032e-05
eec: 287.366
weight: 9.99366e-06
eec: 674.782
weight: 6.21472e-06
eec: 3154.3
weight: 0.000173938
eec: 106.932
weight: 7.66755e-07
eec: 642.506
weight: 1.75684e-05
eec: 83.902
weight: 7.35725e-05
eec: 511.987
weight: 6.24933e-05
eec: 1036.67
weight: 7.27917e-06
eec: 498.566
weight: 3.58186e-06
eec: 31.817
weight: 5.15519e-05
eec: 180.11
weight: 2.12389e-06
eec: 114.131
weight: 4.04446e-06
eec: 782.874
weight: 4.90424e-05
eec: 164.912
weight: 9.41231e-05
eec: 344.055
weight: 7.25069e-05
eec: 1069.46
weight: 0.000126222
eec: 384.301
weight: 4.61242e-06
eec: 92.5981
weight: 2.60953e-05
eec: 832.159
weight: 7.94577e-06
eec: 2829.04
weight: 3.46186e-06
eec: 314.361
weight: 5.37718e-05
eec: 2280.4
weight: 2.21236e-05
eec: 89.0446
weight: 6.33625e-05
eec: 656.01
weight: 1.11074e-06
eec: 506.994
weight: 1.11074e-06
eec: 680.124
weight: 6.57056e-06
eec: 347.005
weight: 0.000234453
eec: 122.067
weight: 1.39546e-05
eec: 1491.91
weight: 1.55093e-05
eec: 66.9947
weight: 1.57611e-05
eec: 2554.23
weight: 1.66664e-05
eec: 1509.87
weight: 1.80366e-07
eec: 538.965
weight: 0.000311945
eec: 166.809
weight: 2.98868e-05
eec: 916.944
weight: 2.09615e-06
eec: 856.57
weight: 2.09615e-06
eec: 6.78798
weight: 2.76284e-05
eec: 503.815
weight: 5.45134e-05
eec: 290.368
weight: 0.000222335
eec: 189.514
weight: 1.57504e-05
eec: 125.586
weight: 1.92074e-06
eec: 566.766
weight: 8.64062e-06
eec: 2180.06
weight: 2.59789e-05
eec: 850.885
weight: 5.5748e-06
eec: 440.269
weight: 0.000372849
eec: 136.624
weight: 2.69872e-05
eec: 1278.51
weight: 8.86276e-06
eec: 2119.95
weight: 2.01172e-05
eec: 341.344
weight: 1.45615e-05
eec: 558.335
weight: 3.53734e-05
eec: 1281.35
weight: 3.68706e-06
eec: 356.048
weight: 1.52049e-05
eec: 1055.32
weight: 1.52049e-05
eec: 612.914
weight: 2.68967e-07
eec: 415.395
weight: 0.000485174
eec: 68.3928
Processing: 7.67656 %weight: 1.46088e-05
eec: 172.531
weight: 0.000103319
eec: 218.071
weight: 2.84244e-06
eec: 70.6519
weight: 0.000165396
eec: 317.476
weight: 9.53795e-06
eec: 2211.69
weight: 0.000148006
eec: 372.308
weight: 1.17741e-07
eec: 513.07
weight: 3.56574e-05
eec: 119.826
weight: 7.00756e-05
eec: 1107.52
weight: 3.89693e-05
eec: 2640.13
weight: 0.000100869
eec: 328.45
weight: 0.000136683
eec: 334.39
weight: 9.86962e-06
eec: 1411.88
weight: 4.45693e-07
eec: 327.281
weight: 0.000168935
eec: 145.227
weight: 5.33412e-05
eec: 5.85794
weight: 0.000262673
eec: 122.61
weight: 5.43042e-06
eec: 420.848
weight: 8.84671e-06
eec: 226.186
weight: 1.15437e-05
eec: 552.759
weight: 6.51579e-05
eec: 1591.1
weight: 0.000287876
eec: 514.502
weight: 0.000192465
eec: 449.728
weight: 1.8513e-05
eec: 2085.44
weight: 4.34273e-05
eec: 302.85
weight: 1.29689e-05
eec: 41.8123
weight: 2.68532e-05
eec: 193.06
weight: 7.25024e-06
eec: 1489.04
weight: 4.42502e-05
eec: 727.498
weight: 7.06363e-05
eec: 319.302
weight: 0.000157589
eec: 117.569
weight: 0.000291271
eec: 458.683
weight: 1.22464e-05
eec: 411.423
weight: 8.53263e-07
eec: 733.443
weight: 4.83004e-06
eec: 1224.98
weight: 4.74782e-05
eec: 1375.01
weight: 1.53501e-06
eec: 246.102
weight: 3.19144e-05
eec: 1585.07
weight: 8.18139e-06
eec: 841.974
weight: 0.000151602
eec: 596.806
weight: 6.06771e-06
eec: 2704.54
weight: 1.84481e-05
eec: 359.818
weight: 1.0871e-05
eec: 272.678
weight: 1.84418e-05
eec: 1187.33
weight: 2.21796e-05
eec: 492.729
weight: 8.7892e-06
eec: 22.3175
weight: 7.05754e-06
eec: 106.443
weight: 7.88716e-07
eec: 1596.11
weight: 5.41388e-06
eec: 375.237
weight: 5.95884e-06
eec: 441.659
weight: 1.24798e-06
eec: 593.035
weight: 1.15792e-06
eec: 879.152
weight: 1.3751e-05
eec: 2768.98
weight: 3.34947e-05
eec: 623.017
weight: 1.17701e-06
eec: 257.091
weight: 0.000171997
eec: 300.043
weight: 4.52384e-05
eec: 1114.28
weight: 4.08902e-05
eec: 28.8196
weight: 1.74672e-05
eec: 74.6238
weight: 1.67212e-05
eec: 30.6641
weight: 6.79287e-06
eec: 691.643
weight: 7.69232e-06
eec: 402.238
weight: 2.64055e-06
eec: 1633.93
weight: 4.04589e-05
eec: 839.81
weight: 0.00370426
eec: 207.014
weight: 7.36093e-07
eec: 643.609
weight: 0.000195759
eec: 365.006
weight: 9.90441e-08
eec: 995.069
weight: 2.72066e-05
eec: 277.433
weight: 2.6237e-05
eec: 549.568
weight: 0.000595107
eec: 648.614
weight: 1.03071e-05
eec: 138.367
weight: 6.09502e-06
eec: 217.717
weight: 0.000170606
eec: 352.272
weight: 8.56033e-06
eec: 76.4681

ROOT exit code = 0
