gSystem->Load("run_condor_job_Run3_C.so");
run_condor_job_Run3(634, 100, 2,
                    80, 200,
                    1, 1, 1, 6);
.q

ENTERED run_condor_job_Run3()
JOBID = 634
  global job = 634  Job 34/100  events [2005320, 2064300)  total=5898000
Processing events [2005320, 2064300) of 5898000
weight: 0.000100312
eec: 1144.63
weight: 4.38174e-05
eec: 361.179
weight: 9.96137e-05
eec: 79.2532
weight: 6.61452e-05
eec: 802.73
weight: 0.00020682
eec: 177.232
weight: 3.79076e-05
eec: 302.02
weight: 2.60937e-05
eec: 1735.23
weight: 3.48584e-05
eec: 96.892
weight: 8.05389e-05
eec: 56.8141
weight: 2.03338e-06
eec: 740.698
weight: 1.07222e-05
eec: 259.179
weight: 1.33918e-05
eec: 106.175
weight: 2.73521e-05
eec: 1512.27
weight: 0.000107437
eec: 410.69
weight: 4.96174e-06
eec: 427.775
weight: 8.7877e-06
eec: 579.192
weight: 1.40141e-07
eec: 156.316
weight: 0.00014977
eec: 367.3
weight: 0.000203616
eec: 570.095
weight: 3.94504e-05
eec: 77.3931
weight: 1.74371e-06
eec: 736.297
weight: 1.2484e-05
eec: 140.133
weight: 1.87613e-05
eec: 201.788
weight: 0.000484957
eec: 655.723
weight: 4.51146e-05
eec: 1008.32
weight: 0.000413298
eec: 157.763
weight: 0.000145033
eec: 192.985
weight: 5.16241e-07
eec: 55.6171
weight: 1.69258e-06
eec: 2535.13
weight: 2.92848e-05
eec: 1254.78
weight: 1.24065e-05
eec: 502.873
weight: 3.64122e-07
eec: 260.583
weight: 7.72312e-05
eec: 385.136
weight: 7.72312e-05
eec: 144.946
weight: 4.90745e-05
eec: 203.61
weight: 3.49623e-05
eec: 1893.41
weight: 1.1263e-05
eec: 50.707
weight: 5.07031e-06
eec: 201.141
weight: 8.1438e-06
eec: 2166.16
weight: 0.00283849
eec: 230.887
weight: 1.35661e-05
eec: 1141.51
weight: 0.000946722
eec: 701.392
weight: 2.64164e-05
eec: 530.831
weight: 1.66166e-06
eec: 41.5675
weight: 1.05943e-05
eec: 201.228
weight: 9.44335e-06
eec: 1411.96
weight: 3.79885e-06
eec: 160.134
weight: 7.94329e-05
eec: 109.177
weight: 0.000144785
eec: 86.5813
weight: 0.000254389
eec: 1871.14
weight: 4.86237e-06
eec: 79.9851
weight: 1.92937e-05
eec: 4088.42
weight: 5.24679e-06
eec: 164.93
weight: 1.56194e-05
eec: 258.115
weight: 5.91954e-05
eec: 767.363
weight: 2.41176e-07
eec: 789.97
weight: 4.5345e-05
eec: 388.844
weight: 0.000317699
eec: 63.3799
weight: 4.62773e-06
eec: 808.489
weight: 3.91755e-05
eec: 195.518
weight: 5.57426e-05
eec: 105.196
weight: 9.3222e-05
eec: 326.855
weight: 1.94182e-05
eec: 573.154
weight: 9.74091e-07
eec: 28.0374
weight: 9.62397e-06
eec: 637.521
weight: 0.000514355
eec: 167.305
weight: 9.02693e-05
eec: 12.3676
weight: 8.75803e-05
eec: 24.22
weight: 6.67431e-05
eec: 445.572
weight: 0.000167915
eec: 130.827
weight: 4.57765e-05
eec: 722.371
weight: 2.55428e-05
eec: 105.95
weight: 0.00119123
eec: 27.9579
weight: 2.07106e-06
eec: 299.881
weight: 4.20686e-05
eec: 706.46
weight: 2.74004e-05
eec: 1952.22
weight: 7.33608e-06
eec: 789.875
weight: 0.000111485
eec: 307.538
weight: 1.74287e-06
eec: 53.4666
weight: 6.05252e-05
eec: 262.237
weight: 5.26017e-06
eec: 1078.59
weight: 4.07976e-06
eec: 187.462
weight: 4.07976e-06
eec: 81.579
weight: 3.4592e-05
eec: 302.012
weight: 4.39199e-05
eec: 162.043
weight: 9.41355e-05
eec: 214.719
weight: 0.000161372
eec: 96.1459
weight: 5.07713e-06
eec: 567.373
weight: 4.13229e-05
eec: 365.414
weight: 0.00136449
eec: 74.0922
weight: 1.24068e-05
eec: 425.355
weight: 8.9717e-06
eec: 246.443
weight: 0.000113939
eec: 131.345
weight: 1.41302e-05
eec: 1061.41
weight: 8.32999e-07
eec: 274.27
weight: 6.47041e-05
eec: 281.888
weight: 4.19829e-05
eec: 357.238
weight: 0.000219522
eec: 383.079
weight: 1.48436e-05
eec: 524.337
weight: 3.4159e-06
eec: 422.622
weight: 1.32442e-05
eec: 3062.53
weight: 1.7759e-05
eec: 106.44
weight: 1.67082e-05
eec: 1109.36
weight: 0.000131002
eec: 554.421
weight: 1.83046e-07
eec: 64.7616
weight: 4.16e-05
eec: 918.664
weight: 3.61306e-05
eec: 242.475
weight: 0.000245467
eec: 259.01
weight: 0.000133833
eec: 44.5807
weight: 3.13665e-05
eec: 519.772
weight: 2.07758e-06
eec: 504.127
weight: 2.63968e-05
eec: 86.9474
weight: 0.00061331
eec: 506.141
weight: 4.46283e-05
eec: 313.123
weight: 6.25893e-08
eec: 306.295
weight: 3.06269e-05
eec: 1032.17
weight: 2.69778e-06
eec: 114.579
weight: 7.73443e-05
eec: 989.785
weight: 2.25999e-05
eec: 178.782
weight: 5.67886e-05
eec: 187.785
weight: 0.000668199
eec: 510.76
weight: 1.36302e-05
eec: 128.899
weight: 2.10947e-05
eec: 2015.16
weight: 0.00043119
eec: 366.348
weight: 0.000102798
eec: 362.066
weight: 1.18793e-05
eec: 1481.63
weight: 1.75802e-07
eec: 265.058
weight: 2.10995e-05
eec: 376.994
weight: 6.58939e-06
eec: 2159.72
weight: 9.28946e-06
eec: 260.217
weight: 0.000156105
eec: 589.058
weight: 1.84819e-05
eec: 1585.27
weight: 2.1639e-05
eec: 1236.38
weight: 9.46833e-06
eec: 1122.58
weight: 0.000633421
eec: 54.1853
weight: 0.000291345
eec: 147.799
weight: 4.53287e-05
eec: 292.807
weight: 1.83322e-05
eec: 118.207
weight: 0.000616478
eec: 148.77
weight: 1.20907e-07
eec: 506.889
weight: 0.000102957
eec: 116.574
weight: 7.83227e-06
eec: 715.688
weight: 0.000150677
eec: 151.263
weight: 0.000340909
eec: 1004.76
weight: 2.38426e-07
eec: 267.572
weight: 7.21679e-05
eec: 59.4195
weight: 5.92683e-06
eec: 337.225
weight: 0.000248108
eec: 704.578
weight: 1.30795e-05
eec: 543.948
weight: 7.55727e-06
eec: 484.276
weight: 5.30878e-05
eec: 1328.39
weight: 7.80722e-05
eec: 22.981
weight: 2.74491e-08
eec: 457.209
weight: 3.0451e-06
eec: 1480.91
weight: 0.000279763
eec: 566.068
weight: 6.92097e-07
eec: 162.673
weight: 2.03916e-05
eec: 97.2162
weight: 0.000139019
eec: 102.375
weight: 4.47657e-05
eec: 381.395
weight: 2.46924e-06
eec: 1748.94
weight: 5.6842e-05
eec: 56.5284
weight: 0.000253691
eec: 66.252
weight: 4.5151e-05
eec: 90.0333
weight: 0.000339931
eec: 392.922
weight: 2.85397e-05
eec: 140.896
weight: 0.000404558
eec: 877.645
weight: 0.00025203
eec: 276.049
weight: 8.81892e-06
eec: 34.9486
weight: 6.89131e-06
eec: 2495.92
weight: 1.06695e-05
eec: 906.578
weight: 7.45823e-05
eec: 78.8046
weight: 0.000231744
eec: 735.942
weight: 6.38634e-05
eec: 494.161
weight: 1.67317e-05
eec: 737.68
weight: 5.36502e-05
eec: 212.725
weight: 8.23258e-06
eec: 172.891
weight: 4.91421e-06
eec: 1065.41
weight: 0.000468433
eec: 173.637
weight: 3.09447e-06
eec: 748.94
weight: 0.000463866
eec: 156.548
weight: 3.80782e-06
eec: 1026.28
weight: 0.000590385
eec: 35.5255
weight: 2.64492e-05
eec: 157.035
weight: 1.14955e-06
eec: 352.997
weight: 1.78713e-06
eec: 834.758
weight: 4.32967e-05
eec: 579.008
weight: 0.000168031
eec: 222.13
weight: 0.000302793
eec: 302.535
weight: 0.000111267
eec: 34.6326
weight: 2.67124e-05
eec: 2285.81
weight: 2.12473e-05
eec: 236.655
weight: 5.49761e-05
eec: 136.407
weight: 2.03645e-05
eec: 1080.07
weight: 0.000209673
eec: 844.427
weight: 1.31897e-05
eec: 104.662
weight: 9.81548e-05
eec: 91.5914
weight: 4.8892e-07
eec: 1363.21
weight: 0.000155475
eec: 136.554
weight: 0.000662824
eec: 264.815
weight: 2.72714e-05
eec: 1121.43
weight: 9.78845e-05
eec: 529.777
weight: 7.13653e-05
eec: 33.979
weight: 1.08089e-07
eec: 743.259
weight: 7.73212e-05
eec: 96.0373
Processing: 34.7575 %weight: 8.84308e-06
eec: 114.27
weight: 1.82969e-05
eec: 464.919
weight: 1.55274e-08
eec: 1114.29
weight: 3.62501e-06
eec: 185.031
weight: 2.07571e-05
eec: 206.157
weight: 8.86883e-07
eec: 403.871
weight: 1.3292e-05
eec: 124.26
weight: 3.18696e-05
eec: 1173.39
weight: 9.39387e-08
eec: 336.998
weight: 8.93373e-05
eec: 958.033
weight: 8.644e-06
eec: 120.28
weight: 1.76445e-05
eec: 311.805
weight: 1.2315e-05
eec: 15.3305
weight: 7.25729e-07
eec: 65.519
weight: 1.37471e-05
eec: 288.327
weight: 0.000100656
eec: 551.519
weight: 1.02438e-05
eec: 704.815
weight: 3.14667e-06
eec: 1162.18
weight: 9.09506e-05
eec: 385.418
weight: 3.03136e-06
eec: 847.201
weight: 3.22963e-05
eec: 301.348
weight: 2.99796e-05
eec: 511.331
weight: 1.04267e-05
eec: 258.84
weight: 8.71909e-06
eec: 519.89
weight: 2.19098e-05
eec: 90.0448
weight: 7.93028e-05
eec: 660.556
weight: 0.000203894
eec: 126.32
weight: 4.44874e-07
eec: 295.238
weight: 1.38934e-05
eec: 436.14
weight: 5.85711e-05
eec: 114.283
weight: 0.000149502
eec: 1140.66
weight: 7.34604e-05
eec: 352.665
weight: 3.2945e-05
eec: 44.9459
weight: 0.000120019
eec: 396.12
weight: 1.35624e-05
eec: 1008.21
weight: 1.36555e-05
eec: 1147.79
weight: 1.24334e-05
eec: 190.78
weight: 8.87932e-06
eec: 1160.69
weight: 4.04697e-05
eec: 1082.12
weight: 9.49941e-06
eec: 405.628
weight: 3.42246e-05
eec: 14.6235
weight: 1.37184e-05
eec: 3019.42
weight: 1.76589e-06
eec: 169.904
weight: 2.8533e-07
eec: 124.462
weight: 2.70997e-05
eec: 282.532
weight: 1.46039e-06
eec: 543.608
weight: 0.000273305
eec: 150.105
weight: 6.29975e-06
eec: 121.627
weight: 5.8503e-06
eec: 290.283
weight: 0.000129703
eec: 1821.54
weight: 1.13186e-06
eec: 682.883
weight: 1.80894e-05
eec: 1228.02
weight: 1.38444e-05
eec: 20.0826
weight: 0.000107488
eec: 296.679
weight: 0.000107488
eec: 577.113
weight: 1.40423e-06
eec: 759.262
weight: 1.79401e-05
eec: 910.878
weight: 2.42829e-06
eec: 1009.7
weight: 1.03558e-05
eec: 1613.83
weight: 2.12036e-05
eec: 824.204
weight: 6.6606e-06
eec: 176.056
weight: 6.36084e-07
eec: 921.96
weight: 0.000152389
eec: 1151.64
weight: 1.42807e-05
eec: 325.458
weight: 7.80604e-07
eec: 881.795
weight: 1.74211e-05
eec: 87.0159
weight: 1.63788e-05
eec: 2004.96
weight: 9.65971e-06
eec: 371.311
weight: 9.04822e-06
eec: 188.073
weight: 6.20086e-05
eec: 260.06

ROOT exit code = 0
