gSystem->Load("run_condor_job_Run3_C.so");
run_condor_job_Run3(563, 100, 2,
                    80, 200,
                    1, 1, 1, 5);
.q

ENTERED run_condor_job_Run3()
JOBID = 563
  global job = 563  Job 63/100  events [3780000, 3840000)  total=6000000
Processing events [3780000, 3840000) of 6000000
weight: 1.23187e-05
eec: 455.348
weight: 3.23838e-05
eec: 216.964
weight: 1.91528e-05
eec: 714.415
weight: 5.2189e-06
eec: 65.6403
weight: 7.02562e-05
eec: 412.965
weight: 1.27823e-06
eec: 121.81
weight: 3.64492e-06
eec: 168.915
weight: 1.98747e-05
eec: 138.093
weight: 4.07478e-06
eec: 239.928
weight: 3.07136e-05
eec: 554.161
weight: 8.74347e-05
eec: 573.57
weight: 5.0855e-06
eec: 831.805
weight: 4.08153e-05
eec: 36.3046
weight: 4.15635e-06
eec: 544.838
weight: 8.0933e-05
eec: 29.1129
weight: 0.000109659
eec: 303.226
weight: 8.46173e-06
eec: 95.9581
weight: 1.22584e-07
eec: 248.164
weight: 3.30502e-06
eec: 103.951
weight: 0.000109443
eec: 327.181
weight: 1.34021e-05
eec: 523.163
weight: 5.61952e-05
eec: 65.7953
weight: 0.000122351
eec: 425.04
weight: 4.1298e-06
eec: 348.293
weight: 1.49315e-05
eec: 1432.83
weight: 0.00043466
eec: 602.826
weight: 1.13016e-05
eec: 261.998
weight: 6.28112e-05
eec: 286.033
weight: 2.59626e-05
eec: 1863.92
weight: 0.000936606
eec: 107.066
weight: 1.27792e-05
eec: 812.405
weight: 1.7128e-05
eec: 1306.45
weight: 1.96752e-05
eec: 217.496
weight: 0.000337781
eec: 17.4521
weight: 0.00170506
eec: 29.106
weight: 2.4635e-05
eec: 29.4661
weight: 2.69004e-05
eec: 2283.36
weight: 2.69004e-05
eec: 185.467
weight: 4.08566e-06
eec: 473.59
weight: 1.12132e-05
eec: 149.135
weight: 1.25092e-06
eec: 338.061
weight: 1.79405e-05
eec: 223.888
weight: 5.80024e-05
eec: 648.585
weight: 4.30344e-07
eec: 121.146
weight: 8.87693e-06
eec: 64.6928
weight: 0.000233296
eec: 292.618
weight: 3.39542e-05
eec: 733.757
weight: 0.00080635
eec: 3.56251
weight: 6.74249e-06
eec: 103.517
weight: 4.98622e-06
eec: 522.229
weight: 8.14657e-05
eec: 83.2235
weight: 5.07927e-06
eec: 64.6542
weight: 1.33413e-06
eec: 831.304
weight: 7.19467e-06
eec: 78.9297
weight: 0.00050107
eec: 544.286
weight: 0.000399968
eec: 818.555
weight: 0.000468072
eec: 725.914
weight: 9.94513e-07
eec: 3143.07
weight: 3.43748e-06
eec: 620.03
weight: 8.65376e-06
eec: 110.946
weight: 3.79933e-05
eec: 618.802
weight: 6.89686e-05
eec: 938.495
weight: 0.000233427
eec: 110.157
weight: 5.61575e-06
eec: 1858.05
weight: 1.72424e-05
eec: 966.596
weight: 4.80487e-05
eec: 71.0654
weight: 4.38085e-06
eec: 37.9653
weight: 7.69634e-07
eec: 130.041
weight: 1.19634e-05
eec: 24.2052
weight: 5.69276e-06
eec: 673.053
weight: 6.78428e-07
eec: 176.206
weight: 4.95102e-05
eec: 1346.21
weight: 3.02114e-05
eec: 915.538
weight: 9.45741e-06
eec: 409.756
weight: 1.7633e-05
eec: 869.902
weight: 8.70422e-06
eec: 548.884
weight: 2.63454e-05
eec: 1237.96
weight: 3.87631e-05
eec: 1143.62
weight: 1.59076e-05
eec: 152
weight: 4.48697e-06
eec: 1905.4
weight: 8.28768e-06
eec: 1396.38
Processing: 63.3333 %weight: 2.17149e-05
eec: 1638.59
weight: 3.97381e-05
eec: 288.674
weight: 2.05968e-05
eec: 8.43104
weight: 0.000101298
eec: 248.752
weight: 5.20933e-05
eec: 224.259
weight: 2.2059e-06
eec: 310.957
weight: 8.31812e-06
eec: 130.146
weight: 4.11572e-06
eec: 1082.21
weight: 1.28415e-05
eec: 406.976
weight: 3.33642e-05
eec: 1205.05
weight: 2.39876e-05
eec: 286.905
weight: 0.00151645
eec: 1015.67
weight: 2.52411e-08
eec: 65.196
weight: 3.37966e-05
eec: 600.119
weight: 2.46379e-05
eec: 612.544
weight: 8.71513e-06
eec: 604.54
weight: 5.06493e-05
eec: 1715.19
weight: 3.37983e-05
eec: 284.628
weight: 2.83577e-06
eec: 133.885
weight: 7.78449e-06
eec: 1153.77
weight: 3.38675e-06
eec: 693.063
weight: 8.71417e-07
eec: 3295.96
weight: 6.4364e-06
eec: 410.513
weight: 1.93382e-05
eec: 1044.03
weight: 1.88479e-05
eec: 365.789
weight: 0.00100877
eec: 1112.99
weight: 6.19988e-06
eec: 2429.74
weight: 3.93641e-05
eec: 79.0017
weight: 5.63279e-05
eec: 501.02
weight: 0.000672981
eec: 269.416
weight: 1.34006e-05
eec: 662.604
weight: 8.73106e-07
eec: 371.67
weight: 2.75413e-05
eec: 330.08
weight: 2.5914e-06
eec: 545.998
weight: 6.81733e-08
eec: 850.398
weight: 3.61039e-06
eec: 248.298
weight: 2.38595e-05
eec: 252.647
weight: 7.04391e-06
eec: 597.684
weight: 6.4231e-06
eec: 960.529
weight: 4.37284e-06
eec: 121.922
weight: 7.38347e-06
eec: 1287.96
weight: 0.000243802
eec: 260.492
weight: 9.20752e-06
eec: 1836.33
weight: 6.68393e-05
eec: 307.421
weight: 1.92469e-05
eec: 60.0819
weight: 3.19278e-07
eec: 443.325
weight: 6.14223e-07
eec: 814.26
weight: 9.46042e-06
eec: 1335.36
weight: 0.000210888
eec: 482.136
weight: 1.52259e-06
eec: 743.798
weight: 0.000833352
eec: 356.192
weight: 0.000219335
eec: 299.758
weight: 2.15562e-05
eec: 257.108
weight: 9.66848e-05
eec: 789.049
weight: 5.06475e-06
eec: 767.254
weight: 2.99914e-05
eec: 344.649
weight: 1.24737e-05
eec: 128.709
weight: 4.96018e-06
eec: 247.975
weight: 8.88539e-06
eec: 408.227
weight: 9.22726e-05
eec: 548.94
weight: 6.95175e-07
eec: 1326.65
weight: 1.71682e-06
eec: 668.953
weight: 0.000170291
eec: 175.998
weight: 1.86243e-06
eec: 164.035
weight: 0.000112129
eec: 230.387
weight: 3.0625e-05
eec: 1798.16
weight: 2.98861e-05
eec: 132.759
weight: 0.000778721
eec: 237.04
weight: 1.16649e-05
eec: 73.6461
weight: 2.82767e-06
eec: 957.764
weight: 5.97272e-06
eec: 1065.12
weight: 0.0003143
eec: 46.0609
weight: 1.86156e-05
eec: 2978.54
weight: 3.91096e-05
eec: 1288.33
weight: 8.41566e-06
eec: 629.974
weight: 2.94353e-05
eec: 252.736
weight: 2.57122e-05
eec: 444.942
weight: 9.10467e-05
eec: 313.949
weight: 6.95129e-05
eec: 341.58
weight: 4.78763e-05
eec: 1130.37
weight: 1.19531e-05
eec: 882.904
weight: 4.49645e-06
eec: 485.224
weight: 0.000586436
eec: 68.8277
weight: 1.59058e-07
eec: 227.305
weight: 2.71182e-05
eec: 198.284
weight: 0.000368468
eec: 386.742
weight: 0.000114903
eec: 242.429
weight: 9.4198e-06
eec: 1659.04
weight: 1.09614e-05
eec: 157.449
weight: 3.45105e-05
eec: 2805.39
weight: 0.00191617
eec: 907.817
weight: 9.95873e-05
eec: 930.406
weight: 6.0637e-06
eec: 301.936
weight: 7.5296e-05
eec: 371.736
weight: 0.000265977
eec: 651.727
weight: 5.04836e-05
eec: 360.331
weight: 2.0087e-05
eec: 253.53
weight: 6.10415e-05
eec: 718.037
weight: 0.000150123
eec: 39.002
weight: 1.09597e-05
eec: 609.834
weight: 0.000369599
eec: 338.301
weight: 9.55532e-06
eec: 419.843
weight: 2.68584e-05
eec: 1128.5
weight: 0.000320737
eec: 513.324
weight: 3.96599e-05
eec: 676.531
weight: 0.000155806
eec: 163.465
weight: 2.34799e-05
eec: 984.393
weight: 2.00056e-05
eec: 1480.71
weight: 4.28896e-05
eec: 168.903
weight: 7.17336e-05
eec: 619.545
weight: 8.40932e-06
eec: 66.6127
weight: 0.000418017
eec: 152.128
weight: 1.02164e-05
eec: 538.587
weight: 1.99218e-06
eec: 556.351
weight: 3.73501e-06
eec: 1602.17
weight: 0.00016267
eec: 506.651
weight: 2.80798e-05
eec: 531.32
weight: 0.000105598
eec: 285.837
weight: 1.00824e-05
eec: 457.626
weight: 1.30162e-05
eec: 1818.26
weight: 1.18806e-06
eec: 1758.7
weight: 1.87523e-05
eec: 1099.74
weight: 0.00021145
eec: 58.1528
weight: 3.8424e-06
eec: 1391.02
weight: 0.000125282
eec: 756.471
weight: 0.000377077
eec: 501.09
weight: 1.52752e-05
eec: 438.484
weight: 8.39945e-07
eec: 2206.83
weight: 2.34644e-05
eec: 481.632
weight: 0.000498293
eec: 67.4416
weight: 5.58828e-05
eec: 464.63
weight: 3.0835e-06
eec: 111.134
weight: 0.000269736
eec: 341.667
weight: 0.000269736
eec: 55.1888
weight: 1.39644e-05
eec: 2304.88
weight: 9.74078e-07
eec: 354.565
weight: 0.000139039
eec: 249.765
weight: 1.72995e-06
eec: 340.515
weight: 6.40652e-05
eec: 356.238
weight: 4.38588e-06
eec: 1129.02
weight: 3.36112e-05
eec: 289.971
weight: 1.74013e-05
eec: 778.232
weight: 1.43989e-05
eec: 215.428
weight: 9.64713e-06
eec: 353.273
weight: 0.000175255
eec: 961.473
weight: 0.000146246
eec: 95.0155
weight: 2.95567e-05
eec: 909.599
weight: 1.10789e-05
eec: 612.8
weight: 6.928e-06
eec: 1480.45
weight: 6.93878e-07
eec: 1109.49
weight: 1.81148e-05
eec: 781.147
weight: 1.9047e-05
eec: 801.495
weight: 0.000147322
eec: 1259.35
weight: 0.000179741
eec: 1943.78
weight: 8.01265e-06
eec: 1641.67
weight: 1.4038e-06
eec: 492.778
weight: 1.68491e-05
eec: 254.547
weight: 6.17487e-06
eec: 893.411
weight: 2.83464e-05
eec: 1135.78
weight: 3.57242e-06
eec: 621.155
weight: 2.6467e-05
eec: 216.44
weight: 0.000257048
eec: 1012.9

ROOT exit code = 0
