gSystem->Load("run_condor_job_Run3_C.so");
run_condor_job_Run3(3, 100, 2,
                    80, 200,
                    1, 1, 1, 0);
.q

ENTERED run_condor_job_Run3()
JOBID = 3
  global job = 3  Job 3/100  events [179820, 239760)  total=5994000
Processing events [179820, 239760) of 5994000
weight: 0.00018059
eec: 45.0075
weight: 3.45218e-05
eec: 55.3352
weight: 1.95532e-05
eec: 513.995
weight: 3.89694e-06
eec: 857.291
weight: 4.638e-06
eec: 344.365
weight: 1.49919e-05
eec: 31.5945
weight: 0.000123553
eec: 2455.57
weight: 7.14364e-06
eec: 3308.48
weight: 0.000900349
eec: 570.245
weight: 2.05094e-05
eec: 529.1
weight: 3.79788e-06
eec: 181.225
weight: 1.35337e-05
eec: 513.714
weight: 0.00011973
eec: 39.7041
weight: 8.08798e-06
eec: 1244.62
weight: 0.000116115
eec: 371.174
weight: 5.46848e-05
eec: 805.355
weight: 9.36997e-06
eec: 158.164
weight: 3.91727e-05
eec: 114.858
weight: 0.000828853
eec: 427.399
weight: 2.68229e-05
eec: 288.932
weight: 3.59889e-05
eec: 1316.96
weight: 5.99686e-05
eec: 499.602
weight: 6.11267e-05
eec: 876.889
weight: 6.98499e-05
eec: 248.125
weight: 2.40003e-05
eec: 271.292
weight: 5.05086e-05
eec: 1272.6
weight: 1.39949e-05
eec: 1411.54
weight: 1.33306e-06
eec: 120.535
weight: 7.03803e-05
eec: 44.4733
weight: 1.42546e-05
eec: 742.532
weight: 4.71778e-05
eec: 190.862
weight: 9.97635e-05
eec: 431.436
weight: 7.83856e-06
eec: 1417.29
weight: 2.80132e-05
eec: 822.029
weight: 4.88474e-05
eec: 89.1782
weight: 0.000116799
eec: 717.819
weight: 2.38431e-05
eec: 502.276
weight: 0.000149604
eec: 219.722
weight: 5.81387e-06
eec: 300.314
weight: 4.18582e-06
eec: 1839.21
weight: 6.5325e-05
eec: 120.533
weight: 2.92885e-06
eec: 311.737
weight: 2.9352e-06
eec: 3773.13
weight: 0.000244656
eec: 707.089
weight: 0.00019376
eec: 447.188
weight: 2.43691e-05
eec: 353.04
weight: 0.00167199
eec: 53.9246
weight: 9.41561e-05
eec: 701.332
weight: 3.12908e-05
eec: 775.801
weight: 0.000157893
eec: 291.802
weight: 9.54128e-07
eec: 154.126
weight: 3.43226e-05
eec: 229.086
weight: 2.78225e-05
eec: 1214.36
weight: 3.39043e-05
eec: 146.618
weight: 7.29364e-05
eec: 198.279
weight: 1.50542e-05
eec: 143.854
weight: 1.62127e-05
eec: 538.485
weight: 1.55609e-05
eec: 768.932
weight: 7.84231e-06
eec: 494.125
weight: 8.55628e-05
eec: 259.007
weight: 1.20474e-05
eec: 98.6836
weight: 7.17011e-05
eec: 810.351
weight: 0.000211289
eec: 265.158
weight: 1.97156e-05
eec: 1400.25
weight: 1.96088e-05
eec: 174.938
weight: 0.000153184
eec: 114.305
weight: 4.17066e-06
eec: 52.4383
weight: 2.9831e-05
eec: 1276.95
weight: 6.9446e-05
eec: 1044.68
weight: 3.25205e-05
eec: 111.004
Processing: 3.33667 %weight: 5.23191e-05
eec: 216.051
weight: 1.79931e-05
eec: 565.191
weight: 9.77153e-06
eec: 338.851
weight: 6.07561e-05
eec: 687.141
weight: 1.42182e-05
eec: 238.538
weight: 5.80494e-06
eec: 252.519
weight: 0.000106414
eec: 545.838
weight: 2.36899e-05
eec: 225.501
weight: 1.6971e-05
eec: 1520.5
weight: 0.000123836
eec: 374.916
weight: 1.25983e-05
eec: 69.2883
weight: 3.22399e-05
eec: 535.521
weight: 1.08912e-07
eec: 295.422
weight: 5.26862e-07
eec: 1704.25
weight: 7.71116e-06
eec: 450.073
weight: 8.87141e-06
eec: 205.598
weight: 2.84759e-05
eec: 1486.68
weight: 1.66634e-06
eec: 551.518
weight: 8.99644e-06
eec: 1128.64
weight: 0.00010203
eec: 300.662
weight: 1.6067e-05
eec: 1463.38
weight: 4.51506e-05
eec: 61.749
weight: 7.98142e-06
eec: 546.602
weight: 7.34392e-06
eec: 1447.77
weight: 5.71769e-05
eec: 68.5007
weight: 9.51119e-07
eec: 35.5057
weight: 5.35577e-06
eec: 2250.42
weight: 3.23748e-05
eec: 76.5458
weight: 5.27366e-05
eec: 631.644
weight: 1.92101e-05
eec: 1090.08
weight: 7.68492e-05
eec: 209.31
weight: 2.19231e-06
eec: 103.089
weight: 4.69911e-05
eec: 86.1815
weight: 1.67617e-05
eec: 264.21
weight: 0.00019838
eec: 524.985
weight: 6.09263e-06
eec: 90.6944
weight: 8.1723e-05
eec: 39.0006
weight: 1.39412e-06
eec: 197.709
weight: 2.13022e-05
eec: 847.414
weight: 3.26363e-05
eec: 898.249
weight: 0.000218151
eec: 115.909
weight: 0.000749854
eec: 195.731
weight: 0.00101472
eec: 302.404
weight: 7.67068e-06
eec: 136.925
weight: 1.5081e-06
eec: 48.4098
weight: 4.73909e-05
eec: 74.1607
weight: 2.85292e-06
eec: 1300.49
weight: 4.59071e-05
eec: 575.055
weight: 2.32117e-06
eec: 214.933
weight: 0.000199932
eec: 250.548
weight: 0.000123898
eec: 1031.81
weight: 3.42923e-05
eec: 126.068
weight: 9.74614e-05
eec: 151.486
weight: 6.82884e-05
eec: 568.659
weight: 3.16866e-05
eec: 617.422
weight: 4.7449e-05
eec: 424.713
weight: 0.000191049
eec: 171.24
weight: 7.53307e-05
eec: 749.783
weight: 4.90258e-05
eec: 440.616
weight: 8.66897e-06
eec: 451.327
weight: 1.10585e-05
eec: 1620.29
weight: 5.88189e-05
eec: 895.083
weight: 0.000112158
eec: 242.681
weight: 6.54969e-05
eec: 79.1016
weight: 3.44949e-05
eec: 656.687
weight: 2.20828e-05
eec: 632.533
weight: 1.26604e-05
eec: 2000
weight: 9.24791e-07
eec: 627.71
weight: 0.000330754
eec: 379.974
weight: 5.76879e-06
eec: 128.57
weight: 2.28114e-05
eec: 143.133
weight: 7.44095e-05
eec: 174.197
weight: 0.000215322
eec: 202.014
weight: 5.09583e-05
eec: 135.656
weight: 3.26913e-05
eec: 2112.77
weight: 0.000237296
eec: 600.524
weight: 2.38893e-05
eec: 674.082
weight: 0.000122055
eec: 256.5
weight: 0.00014216
eec: 65.0083
weight: 3.72334e-05
eec: 443.435
weight: 4.35797e-05
eec: 176.874
weight: 6.43676e-06
eec: 196.641
weight: 2.49301e-05
eec: 14.8591
weight: 1.08185e-07
eec: 1806.65
weight: 5.01249e-06
eec: 1479.49
weight: 0.000500804
eec: 344.874
weight: 4.96736e-05
eec: 19.2364
weight: 4.15051e-05
eec: 499.187
weight: 0.000160835
eec: 122.727
weight: 9.45124e-05
eec: 121.618
weight: 7.09386e-06
eec: 1621.9
weight: 2.03994e-07
eec: 112.728
weight: 0.000537345
eec: 605.351
weight: 8.3126e-05
eec: 1422.86
weight: 7.51495e-05
eec: 565.509
weight: 0.000297056
eec: 84.7208
weight: 1.65802e-05
eec: 1097.74
weight: 7.77191e-05
eec: 290.818
weight: 6.13894e-06
eec: 465.922
weight: 0.000233571
eec: 1002.15
weight: 8.04723e-05
eec: 774.658
weight: 5.13193e-05
eec: 1395.63
weight: 4.10765e-05
eec: 333.615
weight: 7.28007e-07
eec: 389.167
weight: 5.52482e-06
eec: 2757.13
weight: 7.00258e-06
eec: 552.897
weight: 6.87106e-05
eec: 263.818
weight: 7.98716e-05
eec: 891.895
weight: 1.26482e-05
eec: 555.796
weight: 4.3228e-06
eec: 477.244
weight: 9.848e-06
eec: 374.444
weight: 7.04061e-06
eec: 1604.89
weight: 4.50173e-05
eec: 23.2821
weight: 8.52843e-05
eec: 201.991
weight: 2.78429e-06
eec: 40.4617
weight: 3.02637e-05
eec: 137.087
weight: 2.10697e-06
eec: 1664.62
weight: 5.66127e-05
eec: 133.062
weight: 4.57178e-05
eec: 36.5332
weight: 1.17572e-05
eec: 214.963
weight: 3.64646e-05
eec: 498.478
weight: 5.47524e-06
eec: 1653.11
weight: 1.42781e-05
eec: 166.421
weight: 0.00163328
eec: 409.094
weight: 0.000169202
eec: 150.074
weight: 1.58191e-05
eec: 863.395
weight: 7.08167e-06
eec: 1685.07
weight: 0.000254701
eec: 642.384
weight: 5.97295e-06
eec: 759.654
weight: 7.2166e-05
eec: 95.5474
weight: 0.000137016
eec: 952.471
weight: 9.59691e-06
eec: 386.552
weight: 2.10583e-07
eec: 137.648
weight: 0.000291053
eec: 249.054
weight: 0.000262024
eec: 636.166
weight: 0.00142088
eec: 597.405
weight: 7.43309e-06
eec: 106.996
weight: 3.87258e-06
eec: 252.264
weight: 8.41751e-06
eec: 397.783
weight: 1.58541e-06
eec: 296.258
weight: 3.56413e-06
eec: 1778.1
weight: 1.66881e-05
eec: 1246.76
weight: 8.07042e-07
eec: 1560.89
weight: 1.85099e-07
eec: 2614.56
weight: 1.90793e-07
eec: 344.441
weight: 7.30005e-06
eec: 1650.83
weight: 6.47002e-06
eec: 904.583
weight: 0.000188859
eec: 677.248
weight: 0.000393836
eec: 454.23
weight: 1.48903e-05
eec: 358.523
weight: 1.53674e-05
eec: 1085.67
weight: 5.61943e-05
eec: 215.87
weight: 1.88239e-05
eec: 1081.56
weight: 0.000107677
eec: 367.317
weight: 4.00682e-05
eec: 120.439
weight: 0.000720645
eec: 344.697
weight: 5.54919e-05
eec: 1467.3
weight: 0.00128475
eec: 163.675
weight: 0.000297406
eec: 671.806
weight: 1.19937e-05
eec: 281.076
weight: 2.12098e-05
eec: 300.082
weight: 1.62137e-05
eec: 1393.72
weight: 2.73375e-05
eec: 29.1338
weight: 4.57982e-05
eec: 1380.7
weight: 1.2184e-05
eec: 948.392
weight: 1.94846e-05
eec: 433.9
weight: 1.11032e-05
eec: 831.746

ROOT exit code = 0
