gSystem->Load("run_condor_job_Run3_C.so");
run_condor_job_Run3(202, 100, 2,
                    80, 200,
                    1, 1, 1, 2);
.q

ENTERED run_condor_job_Run3()
JOBID = 202
  global job = 202  Job 2/100  events [120000, 180000)  total=6000000
Processing events [120000, 180000) of 6000000
weight: 1.64621e-05
eec: 1003.28
weight: 7.04276e-06
eec: 430.986
weight: 8.63444e-07
eec: 393.483
weight: 6.60179e-05
eec: 77.2175
weight: 1.7499e-05
eec: 393.806
weight: 0.000222586
eec: 34.4787
weight: 0.0001717
eec: 125.192
weight: 2.12563e-05
eec: 213.448
weight: 3.89926e-05
eec: 737.242
weight: 0.000172636
eec: 55.6656
weight: 0.000215563
eec: 313.301
weight: 0.000312485
eec: 951.016
weight: 4.41811e-05
eec: 252.853
weight: 1.03501e-05
eec: 543.407
weight: 2.00722e-05
eec: 1576.25
weight: 0.000648353
eec: 304.001
weight: 9.12164e-05
eec: 549.934
weight: 1.19772e-06
eec: 1305.03
weight: 2.15798e-05
eec: 651.221
weight: 1.84697e-05
eec: 351.012
weight: 2.99309e-05
eec: 621.989
weight: 2.60263e-05
eec: 165.005
weight: 1.4735e-05
eec: 966.147
weight: 1.7674e-05
eec: 54.0963
weight: 2.26379e-05
eec: 587.148
weight: 2.77564e-05
eec: 75.747
weight: 8.22548e-05
eec: 1185.72
weight: 0.000151655
eec: 300.018
weight: 2.12779e-05
eec: 428.757
weight: 3.9285e-08
eec: 584.482
weight: 4.50708e-06
eec: 502.519
weight: 8.54646e-06
eec: 39.1347
weight: 7.27567e-05
eec: 542.294
weight: 1.99914e-05
eec: 160.136
weight: 0.000102567
eec: 135.466
weight: 7.65345e-06
eec: 1840.03
weight: 2.83345e-05
eec: 1435.5
weight: 2.86953e-05
eec: 390.099
weight: 7.06727e-07
eec: 343.571
weight: 8.47716e-06
eec: 2231.59
weight: 0.00016195
eec: 126.854
weight: 4.5302e-06
eec: 482.55
weight: 6.40676e-05
eec: 64.4237
weight: 2.31417e-05
eec: 165.263
weight: 6.94519e-06
eec: 226.106
weight: 3.23236e-05
eec: 167.295
weight: 8.12025e-06
eec: 84.2886
weight: 4.77271e-05
eec: 329.966
weight: 2.00612e-06
eec: 122.354
weight: 0.000154654
eec: 1563.85
weight: 5.57786e-06
eec: 434.217
weight: 3.12194e-05
eec: 91.073
weight: 0.00028344
eec: 26.8837
weight: 4.71902e-05
eec: 1041.59
weight: 5.71186e-05
eec: 1491.95
weight: 0.000221375
eec: 112.174
weight: 5.98766e-06
eec: 4753.92
weight: 0.000160189
eec: 178.819
weight: 3.25772e-05
eec: 143.507
weight: 0.000167836
eec: 826.014
weight: 0.00018991
eec: 464.771
weight: 0.000400965
eec: 204.421
weight: 0.000233465
eec: 645.506
weight: 2.32465e-06
eec: 825.029
weight: 4.96039e-06
eec: 1227.08
weight: 2.2843e-06
eec: 1596.37
weight: 0.000161904
eec: 153.16
weight: 1.9337e-07
eec: 482.58
weight: 4.18626e-05
eec: 173.609
weight: 1.69715e-05
eec: 840.276
weight: 2.87074e-05
eec: 517.951
weight: 5.55319e-05
eec: 813.857
weight: 1.31247e-05
eec: 159.209
weight: 0.000102901
eec: 462.723
weight: 1.01258e-07
eec: 38.6408
weight: 7.34965e-06
eec: 35.7513
weight: 3.96229e-05
eec: 239.025
weight: 4.17002e-06
eec: 3946.48
weight: 3.7268e-07
eec: 148.786
weight: 1.10798e-05
eec: 602.165
weight: 0.000210004
eec: 254.3
weight: 7.75828e-06
eec: 342.113
weight: 0.000298996
eec: 228.853
weight: 7.70654e-05
eec: 170.163
weight: 1.45894e-05
eec: 230.731
weight: 2.60652e-06
eec: 66.393
weight: 1.17407e-05
eec: 23.2157
weight: 7.76447e-06
eec: 2607.37
weight: 1.09083e-05
eec: 940.113
weight: 4.6545e-05
eec: 259.119
weight: 8.63257e-06
eec: 131.051
weight: 1.33894e-05
eec: 245.421
weight: 0.00036714
eec: 142.309
weight: 0.000365252
eec: 53.0743
weight: 1.41941e-05
eec: 997.129
weight: 6.85047e-05
eec: 178.79
weight: 6.72561e-07
eec: 100.318
weight: 1.73066e-05
eec: 2299.05
weight: 8.58608e-06
eec: 212.918
weight: 4.83354e-05
eec: 313.668
weight: 5.70792e-06
eec: 258.238
weight: 2.68442e-06
eec: 425.971
weight: 1.05297e-05
eec: 728.727
weight: 1.88612e-05
eec: 449.167
weight: 4.44057e-05
eec: 293.929
weight: 0.000331081
eec: 432.631
weight: 5.76024e-06
eec: 947.028
weight: 0.000150085
eec: 206.29
weight: 0.000302622
eec: 104.652
weight: 0.000163547
eec: 25.891
weight: 0.000217612
eec: 224.244
weight: 0.000327344
eec: 53.8322
weight: 2.0617e-05
eec: 638.135
weight: 1.0534e-05
eec: 921.649
weight: 2.99757e-05
eec: 224.152
weight: 0.000164585
eec: 767.064
weight: 9.44813e-06
eec: 76.5806
weight: 1.59833e-05
eec: 667.171
weight: 7.95326e-05
eec: 532.414
weight: 7.21371e-06
eec: 759.955
weight: 4.55826e-06
eec: 491.711
weight: 2.22181e-05
eec: 1662.07
weight: 0.000298099
eec: 58.2008
weight: 0.000341201
eec: 402.659
weight: 2.68404e-05
eec: 1204.24
Processing: 2.5 %weight: 5.16977e-08
eec: 1127.56
weight: 2.12655e-05
eec: 807.617
weight: 1.06124e-05
eec: 298.369
weight: 5.22202e-07
eec: 996.411
weight: 7.88513e-05
eec: 314.425
weight: 4.27754e-05
eec: 156.843
weight: 5.75224e-07
eec: 170.679
weight: 8.73551e-05
eec: 187.126
weight: 0.000140665
eec: 177.897
weight: 2.19203e-05
eec: 68.9283
weight: 5.32353e-05
eec: 639.635
weight: 0.000375974
eec: 161.034
weight: 2.78675e-05
eec: 329.785
weight: 2.74156e-05
eec: 1372.08
weight: 0.00012562
eec: 44.8979
weight: 1.37403e-06
eec: 1595.67
weight: 2.69003e-05
eec: 280.311
weight: 9.95749e-06
eec: 246.61
weight: 0.000122571
eec: 1140.03
weight: 0.000172919
eec: 44.7972
weight: 2.1261e-05
eec: 423.447
weight: 1.4939e-06
eec: 3512.23
weight: 2.22111e-05
eec: 139.815
weight: 1.79009e-05
eec: 500.06
weight: 0.00142606
eec: 500.466
weight: 0.00015924
eec: 636.507
weight: 2.71741e-06
eec: 565.438
weight: 8.27576e-06
eec: 441.335
weight: 0.000137632
eec: 167.143
weight: 0.00026613
eec: 412.231
weight: 1.12424e-05
eec: 34.7107
weight: 0.000110345
eec: 637.452
weight: 2.13975e-05
eec: 1318.09
weight: 0.000220688
eec: 223.514
weight: 2.73624e-05
eec: 230.574
weight: 2.93716e-05
eec: 1255.73
weight: 0.00057146
eec: 93.4265
weight: 3.15003e-05
eec: 258.767
weight: 0.000163312
eec: 17.6599
weight: 0.000170351
eec: 117.766
weight: 0.000155386
eec: 192.847
weight: 3.27643e-05
eec: 1025.99
weight: 3.21928e-07
eec: 719.533
weight: 5.90388e-06
eec: 871.674
weight: 4.51232e-05
eec: 60.0707
weight: 0.00010239
eec: 458.105
weight: 2.77438e-05
eec: 1038.86
weight: 0.000138632
eec: 787.706
weight: 5.1817e-05
eec: 966.801
weight: 1.27107e-05
eec: 407.342
weight: 0.000146053
eec: 378.267
weight: 0.000216385
eec: 336.605
weight: 0.000121623
eec: 131.22
weight: 1.79821e-07
eec: 553.906
weight: 1.98552e-05
eec: 1160.07
weight: 2.62119e-05
eec: 468.479
weight: 4.15837e-05
eec: 310.391
weight: 1.90629e-05
eec: 352.606
weight: 8.38837e-06
eec: 1729.38
weight: 5.02772e-06
eec: 1112.55
weight: 0.000113407
eec: 717.488
weight: 1.07662e-05
eec: 101.763
weight: 1.24986e-07
eec: 233.672
weight: 7.69169e-06
eec: 2205.54
weight: 2.13797e-05
eec: 888.835
weight: 4.49954e-06
eec: 112.411
weight: 4.98015e-05
eec: 1036.42
weight: 1.41908e-05
eec: 194.521
weight: 3.8426e-05
eec: 164.643
weight: 1.41318e-06
eec: 247.988
weight: 1.7426e-05
eec: 69.4771
weight: 6.58481e-06
eec: 290.155
weight: 9.20154e-06
eec: 134.553
weight: 4.96094e-05
eec: 480.999
weight: 6.29737e-07
eec: 1162.03
weight: 4.1042e-05
eec: 1750.69
weight: 2.27239e-05
eec: 1562.2
weight: 1.1398e-05
eec: 349.952
weight: 3.62656e-05
eec: 1228.57
weight: 5.41246e-05
eec: 211.446
weight: 8.03048e-06
eec: 332.925
weight: 0.000180212
eec: 129.914
weight: 7.43548e-05
eec: 581.604
weight: 6.12932e-07
eec: 1597.07
weight: 1.27262e-05
eec: 1124.78
weight: 3.47921e-06
eec: 3312.29
weight: 6.31872e-05
eec: 941.945
weight: 4.49747e-05
eec: 62.6468
weight: 8.99509e-06
eec: 222.876
weight: 1.85008e-06
eec: 1660.5
weight: 9.02621e-06
eec: 3391.33
weight: 2.15569e-06
eec: 112.472
weight: 1.25888e-05
eec: 2991.57
weight: 1.21672e-05
eec: 2771.87
weight: 0.000131242
eec: 1165.33
weight: 3.20732e-06
eec: 522.239
weight: 8.70681e-06
eec: 98.8317
weight: 6.78418e-05
eec: 1175.48
weight: 1.39271e-05
eec: 913.209
weight: 9.22853e-06
eec: 370.508
weight: 2.5986e-05
eec: 342.463
weight: 8.38008e-06
eec: 218.164
weight: 1.32044e-06
eec: 1089.82
weight: 5.4437e-06
eec: 625.099
weight: 5.5404e-06
eec: 521.181
weight: 1.55329e-05
eec: 142.952
weight: 0.000165807
eec: 617.847
weight: 5.05259e-05
eec: 145.469
weight: 6.74842e-06
eec: 1170.58
weight: 1.55369e-05
eec: 486.173
weight: 2.20353e-05
eec: 1449.21
weight: 2.2674e-05
eec: 466.261
weight: 8.15061e-05
eec: 179.858
weight: 4.26609e-05
eec: 352.923
weight: 1.84933e-05
eec: 306.671
weight: 4.54048e-05
eec: 40.3086
weight: 8.58535e-05
eec: 367.915
weight: 0.000717733
eec: 386.847
weight: 0.000230061
eec: 683.171
weight: 0.000182956
eec: 514.065
weight: 2.29052e-06
eec: 779.675
weight: 5.81387e-06
eec: 96.3081
weight: 1.7624e-08
eec: 1269.93
weight: 6.97976e-05
eec: 572.202
weight: 4.50897e-05
eec: 605.847
weight: 2.12338e-05
eec: 2175.21
weight: 1.43407e-05
eec: 118.261

ROOT exit code = 0
