gSystem->Load("run_condor_job_Run3_C.so");
run_condor_job_Run3(40, 100, 2,
                    80, 200,
                    1, 1, 1, 0);
.q

ENTERED run_condor_job_Run3()
JOBID = 40
  global job = 40  Job 40/100  events [2397600, 2457540)  total=5994000
Processing events [2397600, 2457540) of 5994000
weight: 0.000123153
eec: 830.408
weight: 4.43829e-05
eec: 1014.59
weight: 0.000633189
eec: 402.959
weight: 3.42226e-05
eec: 817.686
weight: 0.000201665
eec: 485.246
weight: 0.00035998
eec: 219.459
weight: 5.99625e-06
eec: 338.988
Processing: 40.04 %weight: 2.4912e-05
eec: 652.167
weight: 0.000134523
eec: 471.271
weight: 0.00032695
eec: 1765.88
weight: 1.19334e-05
eec: 734.221
weight: 0.000206516
eec: 671.217
weight: 1.27828e-06
eec: 1803.19
weight: 0.000117263
eec: 589.77
weight: 1.90448e-05
eec: 605.174
weight: 0.000110612
eec: 153.108
weight: 1.84867e-05
eec: 2002.07
weight: 1.84867e-05
eec: 1534.95
weight: 5.74751e-06
eec: 244.692
weight: 6.22156e-06
eec: 2804.03
weight: 8.39338e-05
eec: 452.583
weight: 5.91141e-07
eec: 694.893
weight: 0.000117521
eec: 927.277
weight: 6.75641e-07
eec: 1178.84
weight: 7.14052e-05
eec: 1044.97
weight: 1.84517e-05
eec: 2029.87
weight: 0.000162607
eec: 60.2131
weight: 7.80519e-05
eec: 1082.35
weight: 2.73793e-07
eec: 336.315
weight: 7.52921e-06
eec: 52.9489
weight: 0.000293229
eec: 162.692
weight: 0.000415733
eec: 179.538
weight: 4.4512e-05
eec: 402.688
weight: 5.00126e-06
eec: 842.074
weight: 0.00014168
eec: 639.713
weight: 3.26298e-05
eec: 816.193
weight: 8.57196e-05
eec: 105.265
weight: 0.00060162
eec: 288.053
weight: 0.000133035
eec: 856.665
weight: 1.11241e-06
eec: 399.259
weight: 1.95925e-05
eec: 1178.04
weight: 5.90063e-06
eec: 16.5099
weight: 1.17722e-05
eec: 446.769
weight: 0.000814305
eec: 22.1166
weight: 0.00011728
eec: 308.343
weight: 5.52498e-05
eec: 645.658
weight: 3.93605e-05
eec: 1079.72
weight: 1.56125e-05
eec: 1069.11
weight: 3.13543e-05
eec: 910.781
weight: 0.000199193
eec: 390.526
weight: 0.000304371
eec: 394.407
weight: 0.000208217
eec: 225.166
weight: 2.05224e-06
eec: 79.1769
weight: 9.49991e-06
eec: 293.586
weight: 9.76025e-06
eec: 429.36
weight: 1.98113e-05
eec: 200.44
weight: 0.000325643
eec: 259.608
weight: 1.60269e-05
eec: 220.407
weight: 1.86545e-06
eec: 572.396
weight: 3.57017e-05
eec: 106.274
weight: 3.44866e-05
eec: 61.6487
weight: 0.000174882
eec: 292.216
weight: 4.72751e-06
eec: 1234.46
weight: 3.74991e-06
eec: 200.941
weight: 3.10095e-05
eec: 195.461
weight: 8.93601e-06
eec: 144.445
weight: 8.95365e-07
eec: 308.804
weight: 0.000101836
eec: 344.535
weight: 0.000268634
eec: 165.416
weight: 9.28127e-06
eec: 920.165
weight: 6.90605e-05
eec: 213.655
weight: 5.44148e-05
eec: 217.149
weight: 1.48955e-05
eec: 874.332
weight: 0.000239861
eec: 486.638
weight: 7.12234e-06
eec: 1070.03
weight: 2.30248e-06
eec: 156.971
weight: 0.000255408
eec: 290.451
weight: 0.000168625
eec: 819.785
weight: 1.88318e-05
eec: 237.231
weight: 0.000140371
eec: 595.601
weight: 5.55074e-07
eec: 2333.5
weight: 7.79997e-05
eec: 43.7094
weight: 8.18841e-05
eec: 611.934
weight: 2.18609e-05
eec: 602.846
weight: 3.78764e-06
eec: 1635.97
weight: 1.10208e-06
eec: 144.874
weight: 3.35048e-05
eec: 2721.38
weight: 5.46633e-08
eec: 332.876
weight: 4.58204e-06
eec: 127.544
weight: 2.16918e-05
eec: 89.0439
weight: 3.94549e-06
eec: 949.907
weight: 1.88316e-05
eec: 1001.67
weight: 6.22939e-05
eec: 1334.45
weight: 0.000211937
eec: 253.105
weight: 7.3768e-06
eec: 3370.12
weight: 6.38805e-05
eec: 341.058
weight: 3.62202e-05
eec: 224.413
weight: 6.24149e-05
eec: 44.7744
weight: 6.20827e-05
eec: 66.6687
weight: 1.84708e-05
eec: 1334.48
weight: 0.000325225
eec: 513.312
weight: 0.000506396
eec: 244.758
weight: 3.82437e-06
eec: 203.641
weight: 7.10677e-05
eec: 549.303
weight: 0.00031651
eec: 394.229
weight: 1.62573e-07
eec: 3453.97
weight: 4.85652e-05
eec: 327.734
weight: 5.82796e-07
eec: 567.944
weight: 2.39652e-05
eec: 1155.42
weight: 3.86818e-05
eec: 136.801
weight: 0.000135088
eec: 847.061
weight: 5.48173e-06
eec: 153.226
weight: 4.62523e-05
eec: 504.416
weight: 9.60991e-05
eec: 102.352
weight: 1.86743e-05
eec: 135.052
weight: 2.60181e-06
eec: 178.928
weight: 2.68192e-06
eec: 682.836
weight: 1.23038e-05
eec: 1232.69
weight: 2.4184e-05
eec: 1465.92
weight: 3.82497e-05
eec: 1010.68
weight: 2.27006e-05
eec: 217.686
weight: 2.77522e-06
eec: 77.0456
weight: 1.93615e-05
eec: 176.122
weight: 0.000140622
eec: 191.528
weight: 2.14784e-05
eec: 45.3586
weight: 3.06135e-05
eec: 159.316
weight: 6.05683e-05
eec: 126.568
weight: 9.16615e-05
eec: 1627.36
weight: 1.08646e-05
eec: 1168.68
weight: 1.82046e-06
eec: 85.3415
weight: 8.02866e-05
eec: 52.415
weight: 3.32103e-05
eec: 74.3971
weight: 3.23184e-06
eec: 1414.06
weight: 1.9083e-05
eec: 160.249
weight: 6.2946e-06
eec: 359.549
weight: 1.42977e-05
eec: 392.307
weight: 0.000172866
eec: 772.115
weight: 3.0427e-06
eec: 610.601
weight: 4.64249e-06
eec: 862.374
weight: 4.64249e-06
eec: 155.752
weight: 4.20552e-05
eec: 302.662
weight: 2.84731e-06
eec: 1235.75
weight: 7.85233e-05
eec: 300.395
weight: 0.000117308
eec: 819.405
weight: 2.2068e-05
eec: 2718.36
weight: 0.000145534
eec: 239.888
weight: 2.30693e-05
eec: 422.556
weight: 0.000699566
eec: 45.9492
weight: 2.73554e-05
eec: 479.721
weight: 5.12662e-06
eec: 447.73
weight: 5.86892e-07
eec: 155.775
weight: 0.000171915
eec: 130.052
weight: 1.46941e-06
eec: 4031.74
weight: 0.000136589
eec: 213.894
weight: 7.08462e-05
eec: 757.074
weight: 1.08929e-05
eec: 842.246
weight: 5.82711e-06
eec: 845.484
weight: 0.000109503
eec: 484.575
weight: 0.000109503
eec: 108.59
weight: 3.13928e-05
eec: 21.4124
weight: 0.000102917
eec: 128.72
weight: 3.26743e-05
eec: 1136.29
weight: 0.000923586
eec: 268.793
weight: 4.12803e-05
eec: 121.64
weight: 0.00179482
eec: 161.362
weight: 3.83323e-05
eec: 67.2439
weight: 5.51513e-07
eec: 689.387
weight: 1.56404e-06
eec: 386.752
weight: 5.57986e-07
eec: 1282.34
weight: 2.27558e-06
eec: 445.139
weight: 0.000628422
eec: 331.307
weight: 2.71631e-06
eec: 1516.79
weight: 0.000132554
eec: 548.629
weight: 0.000233809
eec: 413.22
weight: 4.15844e-06
eec: 2512.1
weight: 6.56012e-06
eec: 218.283
weight: 5.44187e-06
eec: 1227.5
weight: 1.97145e-08
eec: 647.186
weight: 1.29594e-05
eec: 430.544
weight: 1.19854e-05
eec: 28.3296
weight: 1.02909e-05
eec: 92.3694
weight: 5.18773e-05
eec: 436.538
weight: 4.57402e-06
eec: 185.146
weight: 0.000217711
eec: 321.098
weight: 3.2017e-06
eec: 192.381
weight: 0.00012206
eec: 114.301
weight: 0.00017654
eec: 189.237
weight: 0.000297153
eec: 368.805
weight: 0.00146662
eec: 67.6523
weight: 4.67734e-05
eec: 213.556
weight: 4.99104e-06
eec: 139.225
weight: 3.63194e-05
eec: 1562.96
weight: 1.86064e-05
eec: 1024.66
weight: 3.41899e-05
eec: 334.89
weight: 5.09949e-05
eec: 111.304
weight: 1.59961e-05
eec: 330.246
weight: 0.000329361
eec: 923.018
weight: 0.00017315
eec: 513.265
weight: 2.99837e-05
eec: 254.152
weight: 6.03875e-05
eec: 64.8316
weight: 0.000313412
eec: 183.431
weight: 4.08703e-05
eec: 340.756
weight: 1.79597e-05
eec: 1930.21
weight: 3.01319e-07
eec: 517.427
weight: 9.82749e-06
eec: 669.361
weight: 2.79847e-06
eec: 261.449
weight: 3.48548e-07
eec: 465.662
weight: 6.83164e-07
eec: 4321.06
weight: 4.24562e-05
eec: 718.403
weight: 2.17398e-05
eec: 751.834
weight: 4.16898e-05
eec: 535.816
weight: 0.00115627
eec: 189.417
weight: 5.54527e-06
eec: 389.64
weight: 0.000409861
eec: 170.183
weight: 8.09812e-06
eec: 28.1563
weight: 9.31525e-05
eec: 53.1916
weight: 4.08947e-06
eec: 1905.1
weight: 3.70242e-05
eec: 366.849
weight: 7.57475e-06
eec: 100.523
weight: 1.88442e-08
eec: 408.276
weight: 7.73501e-05
eec: 744.582
weight: 1.98007e-05
eec: 430.199
weight: 0.000212119
eec: 728.187
weight: 1.78087e-05
eec: 703.662
weight: 9.45302e-05
eec: 173.454
weight: 5.81683e-06
eec: 128.869
weight: 1.51256e-07
eec: 420.329
weight: 2.28386e-05
eec: 1126.3
weight: 1.94123e-06
eec: 328.666
weight: 1.83421e-05
eec: 4562.58
weight: 0.000128261
eec: 368.169
weight: 3.60604e-06
eec: 241.244
weight: 6.66065e-05
eec: 544.801
Processing: 40.8742 %weight: 4.78739e-06
eec: 1261.53
weight: 6.00299e-06
eec: 908.498
weight: 1.10215e-07
eec: 797.924
weight: 9.35644e-06
eec: 591.358
weight: 1.89729e-05
eec: 448.443
weight: 4.4195e-05
eec: 333.322
weight: 9.87098e-06
eec: 310.337
weight: 4.5319e-06
eec: 136.261
weight: 0.000111697
eec: 101.388
weight: 7.51324e-05
eec: 126.761
weight: 7.3399e-06
eec: 1034.01
weight: 2.34588e-05
eec: 67.8079
weight: 6.25954e-05
eec: 419.929
weight: 1.17228e-05
eec: 3324.54
weight: 8.22539e-05
eec: 42.6492
weight: 2.82438e-05
eec: 1086.82
weight: 6.02922e-05
eec: 325.616
weight: 1.97454e-06
eec: 326.975
weight: 2.70686e-05
eec: 256.55
weight: 8.89584e-05
eec: 134.191
weight: 2.41654e-05
eec: 561.281
weight: 0.000104817
eec: 649.357
weight: 3.28615e-06
eec: 491.226
weight: 2.36582e-05
eec: 986.308
weight: 0.000117661
eec: 209.268
weight: 1.19716e-05
eec: 195.068
weight: 3.07524e-05
eec: 355.239
weight: 0.000934726
eec: 196.694
weight: 4.6726e-05
eec: 66.9807
weight: 2.55463e-05
eec: 232.55

ROOT exit code = 0
