gSystem->Load("run_condor_job_Run3_C.so");
run_condor_job_Run3(191, 100, 2,
                    80, 200,
                    1, 1, 1, 1);
.q

ENTERED run_condor_job_Run3()
JOBID = 191
  global job = 191  Job 91/100  events [5334420, 5393040)  total=5862000
Processing events [5334420, 5393040) of 5862000
weight: 2.80168e-06
eec: 831.968
weight: 3.90984e-06
eec: 372.048
weight: 0.000140512
eec: 174.061
weight: 1.05275e-05
eec: 329.78
weight: 1.57036e-05
eec: 1144.58
weight: 7.90413e-06
eec: 975.757
weight: 3.9338e-05
eec: 562.52
weight: 1.22137e-06
eec: 347.924
weight: 0.000194809
eec: 217.097
weight: 2.23468e-07
eec: 304.106
weight: 8.78009e-06
eec: 2290.97
weight: 0.00013293
eec: 340.789
weight: 2.2531e-05
eec: 905.757
weight: 0.000171606
eec: 625.516
weight: 9.94923e-07
eec: 1160.11
weight: 5.22162e-06
eec: 86.209
weight: 1.77394e-05
eec: 436.092
weight: 0.000104057
eec: 628.743
weight: 1.17979e-05
eec: 434.636
weight: 0.000128817
eec: 1455.67
weight: 2.66119e-06
eec: 785.491
weight: 0.000237467
eec: 130.993
weight: 1.708e-05
eec: 1668.96
weight: 7.87334e-06
eec: 483.009
weight: 3.79974e-05
eec: 1166.33
weight: 2.29533e-05
eec: 149.34
weight: 0.000119873
eec: 442.536
weight: 1.21049e-05
eec: 700.15
weight: 1.35305e-05
eec: 263.739
weight: 1.72178e-06
eec: 175.928
weight: 1.28569e-05
eec: 1715.58
weight: 4.81008e-05
eec: 565.541
weight: 3.37861e-05
eec: 1677.46
weight: 8.09826e-06
eec: 315.202
weight: 0.000156063
eec: 664.77
weight: 6.32428e-06
eec: 84.2839
weight: 1.75214e-05
eec: 450.708
weight: 2.4999e-06
eec: 209.002
weight: 6.85143e-06
eec: 69.0645
weight: 6.65972e-06
eec: 106.063
weight: 4.30654e-06
eec: 224.869
weight: 8.00168e-05
eec: 248.797
weight: 1.0253e-05
eec: 236.95
weight: 0.000170131
eec: 723.846
weight: 0.000145435
eec: 290.878
weight: 2.66117e-05
eec: 346.416
weight: 0.000135486
eec: 819.69
weight: 1.0685e-05
eec: 234.919
weight: 7.9129e-05
eec: 711.418
weight: 2.58978e-06
eec: 316.117
weight: 4.60003e-05
eec: 184.925
weight: 2.5833e-06
eec: 470.903
weight: 0.000110139
eec: 290.892
weight: 7.26724e-06
eec: 1514.04
weight: 3.71327e-07
eec: 194.596
weight: 0.000148734
eec: 153.924
weight: 7.71707e-06
eec: 551.799
weight: 1.71037e-05
eec: 1738.57
weight: 1.05949e-07
eec: 3304.34
weight: 1.05949e-07
eec: 132.083
weight: 1.93849e-07
eec: 190.504
weight: 4.39664e-07
eec: 262.344
weight: 3.04658e-05
eec: 565.751
weight: 3.34906e-05
eec: 1344.71
weight: 1.55964e-05
eec: 208.72
weight: 5.76174e-06
eec: 402.228
weight: 0.000373085
eec: 125.121
weight: 2.9467e-05
eec: 1335.09
weight: 4.29642e-05
eec: 737.571
weight: 2.1236e-05
eec: 572.178
weight: 0.000125038
eec: 527.282
weight: 8.8157e-06
eec: 943.303
Processing: 91.2658 %weight: 1.46679e-05
eec: 306.974
weight: 6.60992e-06
eec: 102.626
weight: 5.64901e-05
eec: 682.201
weight: 7.57928e-06
eec: 135.89
weight: 0.00010087
eec: 262.131
weight: 4.1878e-05
eec: 103.88
weight: 2.14867e-05
eec: 49.2646
weight: 0.00018946
eec: 742.986
weight: 2.93891e-05
eec: 1445.28
weight: 9.14613e-05
eec: 372.849
weight: 0.000201817
eec: 889.707
weight: 7.06115e-05
eec: 103.598
weight: 0.000119577
eec: 594.81
weight: 1.19924e-05
eec: 1212.87
weight: 7.82989e-07
eec: 1622.7
weight: 0.000136437
eec: 563.246
weight: 4.72775e-07
eec: 693.147
weight: 5.0182e-06
eec: 757.869
weight: 0.000245026
eec: 640.087
weight: 0.000271163
eec: 679.891
weight: 8.64533e-06
eec: 315.683
weight: 1.67965e-05
eec: 413.172
weight: 1.00006e-08
eec: 263.928
weight: 0.000267383
eec: 459.34
weight: 2.17279e-05
eec: 71.6948
weight: 2.83795e-06
eec: 130.398
weight: 8.29977e-06
eec: 361.304
weight: 1.19754e-05
eec: 2673.45
weight: 0.000415439
eec: 484.707
weight: 0.000376193
eec: 238.335
weight: 0.000262694
eec: 625.718
weight: 8.85029e-06
eec: 401.666
weight: 3.56504e-05
eec: 64.4731
weight: 8.18143e-05
eec: 541.204
weight: 9.47015e-06
eec: 125.716
weight: 7.6805e-05
eec: 193.507
weight: 8.5363e-06
eec: 463.828
weight: 8.92156e-06
eec: 1474.27
weight: 0.00359628
eec: 606.145
weight: 1.04418e-05
eec: 565.566
weight: 0.00217711
eec: 523.493
weight: 0.00013222
eec: 1000.36
weight: 4.2381e-05
eec: 882.238
weight: 8.77418e-06
eec: 68.5557
weight: 1.30693e-05
eec: 824.695
weight: 1.93093e-05
eec: 1280.84
weight: 9.25307e-06
eec: 708.575
weight: 9.63663e-05
eec: 807.247
weight: 0.000300266
eec: 103.073
weight: 1.35328e-05
eec: 1230.35
weight: 0.000180403
eec: 3624.3
weight: 0.000218772
eec: 1021.62
weight: 8.52231e-05
eec: 357.331
weight: 5.17787e-06
eec: 416.414
weight: 7.27574e-05
eec: 509.99
weight: 3.42858e-05
eec: 883.329
weight: 0.000118925
eec: 109.365
weight: 7.9192e-05
eec: 491.371
weight: 0.000183517
eec: 43.4236
weight: 0.000341827
eec: 498.513
weight: 0.00057872
eec: 189.897
weight: 1.41506e-08
eec: 897.725
weight: 6.91328e-05
eec: 12.1193
weight: 4.29942e-05
eec: 1387.61
weight: 7.93142e-06
eec: 807.914
weight: 5.37086e-06
eec: 111.364
weight: 0.000524876
eec: 547.057
weight: 2.08326e-05
eec: 921.961
weight: 0.000391182
eec: 308.725
weight: 5.8009e-07
eec: 427.968
weight: 1.89105e-05
eec: 43.5944
weight: 6.73228e-05
eec: 61.7213
weight: 4.28745e-06
eec: 605.712
weight: 2.32783e-05
eec: 480.1
weight: 0.000563688
eec: 703.739
weight: 4.20066e-06
eec: 286.327
weight: 1.49887e-05
eec: 1308.84
weight: 1.49887e-05
eec: 33.5413
weight: 5.61334e-05
eec: 1121.14
weight: 1.90114e-06
eec: 1379.86
weight: 0.000146967
eec: 319.102
weight: 3.41239e-08
eec: 1308.45
weight: 0.000232226
eec: 300.196
weight: 0.000351309
eec: 236.193
weight: 2.92499e-05
eec: 758.936
weight: 5.4463e-05
eec: 612.792
weight: 1.65973e-05
eec: 386.483
weight: 0.00012673
eec: 933.229
weight: 0.0002192
eec: 664.942
weight: 0.000125954
eec: 317.094
weight: 1.7585e-06
eec: 1363.84
weight: 1.82752e-05
eec: 102.3
weight: 0.000290839
eec: 903.143
weight: 0.000174156
eec: 171.869
weight: 7.57368e-06
eec: 38.2587
weight: 2.83169e-05
eec: 306.021
weight: 2.86728e-05
eec: 672.507
weight: 2.59667e-06
eec: 1561.09
weight: 1.25731e-05
eec: 557.963
weight: 5.08928e-05
eec: 265.268
weight: 0.000180826
eec: 529.623
weight: 2.8851e-05
eec: 3080.21
weight: 5.26851e-05
eec: 585.644
weight: 1.93634e-05
eec: 433.358
weight: 3.57943e-06
eec: 681.91
weight: 0.000289759
eec: 66.8625
weight: 0.000405426
eec: 765.297
weight: 5.98146e-06
eec: 221.99
weight: 3.23529e-05
eec: 375.984
weight: 2.15545e-05
eec: 274.514
weight: 4.27035e-07
eec: 721.002
weight: 1.0572e-05
eec: 1146.7
weight: 0.000235906
eec: 122.975
weight: 0.000114021
eec: 465.959
weight: 0.000101442
eec: 427.314
weight: 0.000110258
eec: 440.853
weight: 5.05498e-06
eec: 245.524
weight: 8.1534e-06
eec: 20.8829
weight: 1.98132e-05
eec: 331.781
weight: 2.96001e-07
eec: 69.4711
weight: 7.25042e-06
eec: 1494.2
weight: 4.35427e-05
eec: 320.82
weight: 1.64587e-06
eec: 1365.36
weight: 3.93291e-07
eec: 404.98
weight: 3.35054e-05
eec: 615.382
weight: 4.54249e-05
eec: 247.317
weight: 5.27799e-06
eec: 1513.02
weight: 4.92358e-05
eec: 48.3652
weight: 3.77687e-06
eec: 1559.79
weight: 9.65303e-06
eec: 244.911
weight: 8.43019e-05
eec: 455.273
weight: 0.000132217
eec: 576.937
weight: 0.000151138
eec: 331.058
weight: 3.96351e-05
eec: 69.5804
weight: 2.5361e-06
eec: 149.896
weight: 0.000437451
eec: 56.9424
weight: 0.000432438
eec: 747.505
weight: 2.57406e-05
eec: 3383.04
weight: 0.000169107
eec: 514.096
weight: 4.17378e-05
eec: 919.296
weight: 2.71765e-07
eec: 548.92
weight: 3.1125e-05
eec: 3.22061
weight: 2.88673e-06
eec: 523.503
weight: 3.81903e-05
eec: 140.998
weight: 1.89418e-06
eec: 728.923
weight: 2.16966e-07
eec: 544.587
weight: 5.25313e-06
eec: 292.435
weight: 8.45228e-05
eec: 990.196
weight: 4.01712e-06
eec: 444.29
weight: 8.55945e-06
eec: 29.9694
weight: 0.000130434
eec: 271.535
weight: 0.000137642
eec: 657.109
weight: 0.000313089
eec: 995.1
weight: 1.58892e-05
eec: 1882.62
weight: 1.11925e-06
eec: 267.035
weight: 2.371e-05
eec: 100.091
weight: 3.45943e-06
eec: 252.621
weight: 1.76968e-05
eec: 1078.84
weight: 3.50904e-05
eec: 310.745
weight: 1.20639e-05
eec: 195.274
weight: 0.00112004
eec: 82.4517
weight: 0.000119293
eec: 179.715
weight: 1.08024e-05
eec: 626.69
weight: 8.70709e-06
eec: 855.737
weight: 8.32245e-05
eec: 219.31
weight: 3.44442e-06
eec: 75.0367
weight: 9.27642e-07
eec: 135.305
weight: 2.6056e-05
eec: 470.693
weight: 4.55588e-05
eec: 408.957
weight: 8.80302e-08
eec: 372.785
weight: 3.46337e-05
eec: 846.765
weight: 1.83062e-08
eec: 400.164
weight: 2.86281e-05
eec: 589.93
weight: 5.05388e-07
eec: 923.509
weight: 5.05203e-05
eec: 73.8082
weight: 3.51484e-06
eec: 730.91
weight: 7.16211e-05
eec: 928.781
weight: 6.40592e-05
eec: 571.045
weight: 2.64486e-05
eec: 1074.92
weight: 1.29173e-05
eec: 1369.87
weight: 1.34572e-05
eec: 144.759
weight: 0.000100373
eec: 892.99
weight: 6.92204e-05
eec: 279.698
weight: 3.79809e-08
eec: 153.953
weight: 0.00146344
eec: 418.309
weight: 2.57707e-08
eec: 617.757
weight: 6.35195e-05
eec: 127.497
weight: 0.000608035
eec: 453.689
weight: 1.06112e-05
eec: 9.59653
weight: 1.83622e-05
eec: 236.603
weight: 1.05321e-06
eec: 136.749
weight: 3.15123e-06
eec: 853.982
weight: 2.53332e-06
eec: 190.298
weight: 4.30636e-05
eec: 159.957
weight: 6.70913e-06
eec: 30.6319
weight: 3.90864e-07
eec: 17.812
weight: 1.10926e-05
eec: 467.722
weight: 0.00684238
eec: 141.117
weight: 1.44811e-05
eec: 490.767
weight: 3.3043e-05
eec: 118.504
weight: 2.78158e-05
eec: 278.247
weight: 5.01402e-06
eec: 577.876
weight: 6.54347e-07
eec: 1067.29
weight: 1.89071e-05
eec: 222.478
weight: 6.19457e-06
eec: 4032.23
weight: 3.13914e-05
eec: 243.197
weight: 4.42004e-06
eec: 789.082
weight: 0.000115385
eec: 47.6345
weight: 0.000209969
eec: 23.6328
weight: 7.93436e-05
eec: 274.811
weight: 4.79793e-05
eec: 417.647
weight: 1.79978e-05
eec: 908.008
weight: 0.000120446
eec: 39.8211
weight: 7.80407e-05
eec: 570.538
weight: 3.17165e-05
eec: 880.878
weight: 1.41251e-05
eec: 1991.58
weight: 8.147e-05
eec: 223.249
weight: 2.56552e-05
eec: 786.217

ROOT exit code = 0
