gSystem->Load("run_condor_job_Run3_C.so");
run_condor_job_Run3(172, 100, 2,
                    80, 200,
                    1, 1, 1, 1);
.q

ENTERED run_condor_job_Run3()
JOBID = 172
  global job = 172  Job 72/100  events [4220640, 4279260)  total=5862000
Processing events [4220640, 4279260) of 5862000
weight: 4.17313e-05
eec: 363.987
weight: 1.89695e-05
eec: 149
weight: 1.27927e-05
eec: 231.456
weight: 4.37083e-05
eec: 297.404
weight: 0.000259156
eec: 204.392
weight: 1.65971e-05
eec: 222.749
weight: 7.21206e-05
eec: 44.004
weight: 2.66941e-06
eec: 148.805
weight: 3.22438e-05
eec: 230.572
weight: 8.86725e-05
eec: 336.388
weight: 1.07906e-06
eec: 425.604
weight: 1.22255e-05
eec: 93.7209
weight: 8.9071e-06
eec: 1168.19
weight: 1.86091e-05
eec: 700.878
weight: 1.93937e-05
eec: 169.476
weight: 0.000366403
eec: 137.696
weight: 7.82979e-05
eec: 508.073
weight: 7.05297e-05
eec: 836.804
weight: 3.00938e-05
eec: 179.743
weight: 6.27516e-06
eec: 1975.7
weight: 2.19395e-06
eec: 554.403
weight: 0.000102486
eec: 166.322
weight: 7.51164e-06
eec: 571.648
weight: 0.000135192
eec: 598.933
weight: 2.40863e-05
eec: 30.889
weight: 3.87639e-05
eec: 196.865
weight: 7.36895e-05
eec: 571.267
weight: 1.46196e-05
eec: 64.9228
weight: 2.61992e-05
eec: 1300.95
weight: 1.01341e-05
eec: 563.94
weight: 6.97056e-07
eec: 60.9077
weight: 7.12091e-06
eec: 61.8943
weight: 4.37209e-05
eec: 640.171
weight: 8.70579e-05
eec: 476.745
weight: 1.10994e-05
eec: 218.578
weight: 1.78674e-05
eec: 2031.85
weight: 6.1332e-05
eec: 111.476
weight: 7.75806e-05
eec: 84.3599
weight: 8.57767e-07
eec: 113.191
weight: 2.81716e-05
eec: 40.5516
weight: 3.62676e-05
eec: 1998.36
weight: 0.00753137
eec: 719.891
weight: 1.15913e-05
eec: 921.375
weight: 0.000317181
eec: 1363.42
weight: 9.64713e-05
eec: 278.521
weight: 0.000136112
eec: 738.211
weight: 0.000311091
eec: 123.096
weight: 1.10578e-05
eec: 1002.91
weight: 4.75865e-05
eec: 53.0754
weight: 2.75347e-05
eec: 100.352
weight: 6.6123e-06
eec: 629.005
weight: 2.13024e-06
eec: 964.882
weight: 5.72284e-06
eec: 1525.07
weight: 2.96838e-06
eec: 4825.59
weight: 1.3684e-05
eec: 1306.12
weight: 1.96995e-05
eec: 619.668
weight: 9.78947e-05
eec: 236.666
weight: 3.81364e-05
eec: 442.399
weight: 1.38615e-05
eec: 63.8951
weight: 2.10156e-05
eec: 182.228
weight: 8.68674e-06
eec: 282.792
weight: 5.13171e-06
eec: 536.889
weight: 2.46021e-06
eec: 319.674
weight: 9.20919e-05
eec: 93.1823
weight: 4.3931e-05
eec: 1336.05
weight: 1.24455e-05
eec: 1528.76
weight: 0.000168381
eec: 214.849
weight: 0.00012731
eec: 1572.93
weight: 0.000218107
eec: 168.339
weight: 4.02126e-07
eec: 2478.49
weight: 1.09689e-05
eec: 62.7985
weight: 8.37011e-05
eec: 742.046
weight: 1.0693e-05
eec: 386.317
weight: 1.66355e-07
eec: 767.693
weight: 5.5673e-07
eec: 71.3051
weight: 0.000123297
eec: 92.062
weight: 5.25836e-05
eec: 613.662
weight: 6.44331e-05
eec: 155.252
weight: 2.4766e-05
eec: 257.038
weight: 7.48152e-05
eec: 670.962
weight: 9.90741e-05
eec: 647.414
weight: 0.000117895
eec: 42.3073
weight: 4.57131e-06
eec: 157.285
weight: 2.41457e-07
eec: 79.5146
weight: 3.71942e-05
eec: 245.878
weight: 3.80978e-05
eec: 204.826
weight: 0.00011563
eec: 1919.67
weight: 3.74626e-05
eec: 615.522
weight: 9.8429e-06
eec: 1042.38
weight: 4.12977e-05
eec: 55.3706
weight: 3.63046e-05
eec: 1336.9
weight: 2.50068e-07
eec: 537.788
weight: 2.93669e-06
eec: 722.42
weight: 1.11854e-05
eec: 284.941
weight: 2.79204e-05
eec: 285.136
weight: 1.50956e-05
eec: 414.999
weight: 0.000187685
eec: 728.435
weight: 8.27346e-06
eec: 242.97
weight: 4.98116e-05
eec: 252.366
weight: 4.79637e-06
eec: 209.464
weight: 1.22568e-05
eec: 396.577
weight: 6.25599e-06
eec: 497.585
weight: 0.000101483
eec: 755.38
weight: 5.89554e-05
eec: 462.457
weight: 1.51004e-05
eec: 184.759
weight: 1.68345e-05
eec: 1208.49
weight: 0.000106706
eec: 63.7676
weight: 1.66691e-05
eec: 853.89
weight: 0.00010769
eec: 498.92
weight: 5.05222e-06
eec: 158.659
weight: 4.77787e-05
eec: 364.778
weight: 0.000239571
eec: 374.015
weight: 1.09085e-05
eec: 1386.75
weight: 1.96885e-05
eec: 120.111
weight: 1.56492e-05
eec: 132.978
Processing: 72.5009 %weight: 3.00197e-05
eec: 65.9479
weight: 0.000115306
eec: 161.725
weight: 3.74696e-05
eec: 265.266
weight: 0.00022198
eec: 355.692
weight: 8.8802e-05
eec: 149.988
weight: 2.7671e-05
eec: 857.854
weight: 3.4849e-07
eec: 125.187
weight: 0.000194525
eec: 77.1316
weight: 0.000836329
eec: 161.841
weight: 4.96742e-05
eec: 276.012
weight: 4.19884e-05
eec: 365.151
weight: 3.71573e-06
eec: 1630.46
weight: 5.2778e-05
eec: 754.251
weight: 4.78715e-05
eec: 1498.8
weight: 9.55036e-05
eec: 215.834
weight: 6.02349e-05
eec: 203.836
weight: 7.51814e-05
eec: 154.088
weight: 6.38875e-06
eec: 315.996
weight: 6.16968e-06
eec: 168.096
weight: 0.000119216
eec: 386.732
weight: 0.000231997
eec: 70.911
weight: 1.66788e-05
eec: 856.741
weight: 0.000199745
eec: 341.129
weight: 1.04076e-05
eec: 1477.57
weight: 8.94401e-05
eec: 729.617
weight: 2.03174e-05
eec: 3398.91
weight: 0.000127098
eec: 170.596
weight: 1.01938e-05
eec: 780.324
weight: 7.06225e-07
eec: 34.4248
weight: 3.45592e-05
eec: 1232.51
weight: 6.04515e-05
eec: 432.455
weight: 1.3459e-05
eec: 218.181
weight: 5.91106e-06
eec: 592.992
weight: 1.03743e-07
eec: 576.636
weight: 1.03743e-07
eec: 613.354
weight: 9.08318e-05
eec: 63.2188
weight: 3.65396e-06
eec: 423.132
weight: 4.30635e-06
eec: 67.1957
weight: 0.000831401
eec: 138.666
weight: 9.13083e-06
eec: 358.236
weight: 7.9103e-06
eec: 418.205
weight: 1.54179e-06
eec: 520.28
weight: 3.31518e-06
eec: 1362.59
weight: 0.000122844
eec: 102.463
weight: 1.61659e-05
eec: 201.898
weight: 0.000107367
eec: 444.888
weight: 0.000398218
eec: 69.5787
weight: 5.67721e-05
eec: 62.9638
weight: 6.33604e-06
eec: 1224.51
weight: 1.01097e-05
eec: 1327.99
weight: 5.47472e-05
eec: 28.711
weight: 8.6496e-05
eec: 58.7296
weight: 0.00018752
eec: 268.47
weight: 7.05571e-05
eec: 1500.53
weight: 9.50319e-06
eec: 56.9732
weight: 1.56285e-05
eec: 937.557
weight: 5.23779e-06
eec: 873.568
weight: 2.46314e-05
eec: 826.922
weight: 2.46314e-05
eec: 168.939
weight: 8.81748e-05
eec: 867.016
weight: 9.76737e-08
eec: 63.4599
weight: 1.21856e-07
eec: 272.72
weight: 8.25616e-05
eec: 243.538
weight: 0.000311603
eec: 409.83
weight: 1.93182e-05
eec: 721.063
weight: 1.10407e-05
eec: 1432.7
weight: 6.69788e-05
eec: 102.637
weight: 9.31176e-05
eec: 356.031
weight: 2.2177e-05
eec: 1004.45
weight: 2.4027e-05
eec: 337.851
weight: 2.59563e-05
eec: 337.074
weight: 7.36567e-06
eec: 88.9701
weight: 1.14478e-05
eec: 1673.21
weight: 1.44726e-05
eec: 194.535
weight: 1.92658e-05
eec: 593.625
weight: 2.46969e-06
eec: 334.304
weight: 5.94632e-05
eec: 370.665
weight: 3.89621e-06
eec: 598.62
weight: 0.000233323
eec: 247.54
weight: 2.72152e-05
eec: 259.403
weight: 4.0846e-05
eec: 462.455
weight: 1.02552e-05
eec: 75.9677
weight: 2.47911e-06
eec: 1624.9
weight: 4.66323e-06
eec: 394.85
weight: 3.0425e-05
eec: 867.473
weight: 5.93458e-06
eec: 60.2373
weight: 0.000162419
eec: 242.751
weight: 6.69509e-06
eec: 2234.38
weight: 9.84323e-06
eec: 1227.87
weight: 1.19265e-05
eec: 602.217
weight: 0.000328934
eec: 96.9122
weight: 1.92949e-05
eec: 1519.29
weight: 0.000526893
eec: 44.4745
weight: 0.000116626
eec: 62.4934
weight: 1.51876e-05
eec: 1307.34
weight: 6.14557e-06
eec: 44.3287
weight: 2.40221e-06
eec: 252.598
weight: 6.06512e-06
eec: 403.634
weight: 5.99989e-05
eec: 304.129
weight: 2.51898e-05
eec: 505.755
weight: 5.09939e-06
eec: 567.539
weight: 6.56361e-05
eec: 269.987
weight: 1.89711e-06
eec: 1147.39
weight: 0.00130053
eec: 860.341
weight: 3.94402e-06
eec: 173.52
weight: 8.21656e-05
eec: 409.695
weight: 0.000196729
eec: 438.722
weight: 2.8409e-06
eec: 24.5495
weight: 2.36421e-05
eec: 623.363
weight: 1.01364e-06
eec: 765.224
weight: 4.04403e-06
eec: 1152.6
weight: 1.39743e-05
eec: 492.678
weight: 7.70074e-06
eec: 512.089
weight: 8.35466e-05
eec: 684.431
weight: 5.50165e-07
eec: 1892.09
weight: 5.4918e-05
eec: 18.7419
weight: 6.4075e-05
eec: 329.049
weight: 6.95702e-05
eec: 302.062
weight: 1.57834e-05
eec: 358.065
weight: 0.00044635
eec: 459.61
weight: 6.56992e-05
eec: 1113.99
weight: 1.89336e-05
eec: 50.8411

ROOT exit code = 0
