gSystem->Load("run_condor_job_Run3_C.so");
run_condor_job_Run3(852, 100, 2,
                    80, 200,
                    1, 1, 1, 8);
.q

ENTERED run_condor_job_Run3()
JOBID = 852
  global job = 852  Job 52/100  events [3120000, 3180000)  total=6000000
Processing events [3120000, 3180000) of 6000000
weight: 3.12239e-05
eec: 1087.01
weight: 0.000126773
eec: 31.144
weight: 7.65762e-06
eec: 273.482
weight: 0.000173284
eec: 117.049
weight: 3.18469e-05
eec: 1208.51
weight: 1.27236e-05
eec: 769.711
weight: 0.00218303
eec: 61.609
weight: 2.78601e-05
eec: 2492.65
weight: 2.78601e-05
eec: 124.571
weight: 1.93065e-05
eec: 698.712
weight: 1.93065e-05
eec: 3228.94
weight: 5.73107e-05
eec: 208.774
weight: 9.42204e-07
eec: 497.675
weight: 0.000154797
eec: 77.3146
weight: 1.83183e-06
eec: 352.917
weight: 4.08359e-05
eec: 840.869
weight: 2.77693e-05
eec: 212.324
weight: 1.86054e-05
eec: 303.486
weight: 8.88667e-05
eec: 703.798
weight: 0.000102995
eec: 458.566
weight: 6.02222e-05
eec: 121.684
weight: 1.78706e-06
eec: 111.525
weight: 3.09696e-05
eec: 181.275
weight: 2.67089e-05
eec: 136.4
weight: 3.37837e-05
eec: 107.048
weight: 2.93694e-08
eec: 401.279
weight: 1.09746e-05
eec: 200.64
weight: 1.60374e-05
eec: 429.447
weight: 7.02173e-05
eec: 1032.45
weight: 1.01815e-05
eec: 273.904
weight: 4.09932e-06
eec: 1319.51
weight: 2.26868e-06
eec: 1089.16
weight: 0.0001007
eec: 310.497
weight: 1.12521e-05
eec: 172.397
weight: 5.16941e-08
eec: 983.356
weight: 3.56634e-07
eec: 528.54
weight: 0.000107246
eec: 1105.61
weight: 7.15119e-05
eec: 482.701
weight: 3.50407e-05
eec: 65.5698
weight: 0.000158558
eec: 774.42
weight: 9.3317e-05
eec: 855.117
weight: 1.98324e-07
eec: 142.934
weight: 1.61663e-05
eec: 236.523
weight: 6.86478e-05
eec: 546.649
weight: 0.000120091
eec: 380.55
weight: 1.81251e-05
eec: 22.2739
weight: 0.000362892
eec: 323.355
weight: 7.49776e-06
eec: 46.0678
weight: 2.84846e-05
eec: 431.523
weight: 2.52011e-05
eec: 107.643
weight: 7.68578e-05
eec: 904.914
weight: 3.98782e-05
eec: 384.28
weight: 9.79502e-05
eec: 101.077
weight: 8.88152e-07
eec: 708.684
weight: 2.0671e-05
eec: 745.635
weight: 7.11501e-05
eec: 130.296
weight: 4.30308e-06
eec: 305.965
weight: 9.90474e-05
eec: 57.539
weight: 3.38646e-06
eec: 269.62
weight: 1.98188e-05
eec: 926.261
weight: 4.42682e-07
eec: 425.537
weight: 1.18642e-06
eec: 385.643
weight: 2.44504e-07
eec: 1444.12
weight: 0.000334829
eec: 599.578
weight: 2.83519e-05
eec: 274.319
weight: 1.84095e-05
eec: 65.7703
weight: 0.000111871
eec: 138.074
weight: 3.08846e-05
eec: 194.931
weight: 1.61829e-05
eec: 1009.82
weight: 1.21579e-05
eec: 230.336
weight: 6.8697e-06
eec: 202.787
weight: 3.24593e-05
eec: 2778.54
weight: 0.000123142
eec: 72.8367
weight: 5.62439e-06
eec: 703.436
weight: 1.28906e-05
eec: 308.533
weight: 0.00012341
eec: 36.4265
weight: 8.3499e-06
eec: 1655.73
weight: 3.43035e-05
eec: 481.317
weight: 7.64286e-06
eec: 568.384
weight: 2.6219e-05
eec: 313.033
weight: 4.89274e-07
eec: 652.915
weight: 5.72101e-06
eec: 1609.42
weight: 0.000172273
eec: 185.932
weight: 2.24725e-05
eec: 2000.21
weight: 0.000337539
eec: 59.8817
weight: 1.76864e-05
eec: 1719.3
weight: 6.02394e-05
eec: 1918.85
weight: 5.42934e-05
eec: 518.744
weight: 4.8866e-05
eec: 1018.3
weight: 5.51638e-06
eec: 443.546
weight: 9.4771e-06
eec: 1214.02
weight: 6.69968e-07
eec: 659.724
weight: 7.70843e-05
eec: 795.649
weight: 1.86298e-06
eec: 376.842
weight: 1.86059e-06
eec: 610.844
weight: 2.65144e-05
eec: 878.845
weight: 1.55715e-05
eec: 498.955
weight: 5.46537e-06
eec: 1040.57
weight: 2.39708e-06
eec: 221.73
weight: 3.40121e-05
eec: 56.0042
weight: 1.47742e-05
eec: 951.102
weight: 0.000178877
eec: 272.519
weight: 1.02494e-05
eec: 1231.56
weight: 1.9621e-05
eec: 2321.98
weight: 4.86102e-05
eec: 315.238
weight: 2.34009e-05
eec: 88.3274
weight: 9.07952e-06
eec: 40.1275
weight: 4.24582e-05
eec: 577.841
weight: 2.36518e-05
eec: 38.3161
weight: 2.35456e-05
eec: 62.1369
weight: 0.000705829
eec: 152.214
weight: 1.43841e-05
eec: 650.523
weight: 3.44632e-05
eec: 205.53
weight: 0.000212328
eec: 542.393
weight: 8.00749e-06
eec: 1388.74
weight: 1.92158e-06
eec: 1568.03
weight: 4.17214e-05
eec: 189.359
weight: 3.06337e-07
eec: 51.766
weight: 2.22399e-05
eec: 113.414
weight: 0.000161928
eec: 150.279
weight: 0.000151288
eec: 1410.88
weight: 1.99952e-05
eec: 264.646
weight: 1.21996e-05
eec: 916.715
weight: 8.80255e-05
eec: 107.736
weight: 1.45228e-05
eec: 356.82
weight: 1.1659e-07
eec: 912.954
weight: 5.5735e-06
eec: 3284.83
weight: 6.65715e-05
eec: 1152.24
weight: 5.94387e-06
eec: 72.529
weight: 0.000510516
eec: 382.188
weight: 2.47959e-05
eec: 653.893
weight: 7.28672e-05
eec: 151.611
weight: 0.000234362
eec: 604.982
weight: 5.76225e-05
eec: 507.221
weight: 1.4031e-06
eec: 876.287
Processing: 52.5 %weight: 0.000345544
eec: 277.978
weight: 1.19362e-05
eec: 94.6066
weight: 1.49683e-05
eec: 71.0063
weight: 1.98037e-05
eec: 162.986
weight: 6.24685e-06
eec: 461.576
weight: 0.000348198
eec: 4.4832
weight: 7.82916e-05
eec: 1143.28
weight: 1.97298e-05
eec: 457.618
weight: 5.82871e-06
eec: 575.529
weight: 8.4416e-05
eec: 769.021
weight: 8.6703e-06
eec: 325.499
weight: 2.02328e-05
eec: 21.0441
weight: 2.92501e-05
eec: 471.496
weight: 1.67357e-05
eec: 100.806
weight: 4.3365e-05
eec: 183.84
weight: 1.85798e-06
eec: 95.2613
weight: 4.15722e-05
eec: 675.167
weight: 4.82749e-05
eec: 43.6424
weight: 3.2334e-05
eec: 322.301
weight: 9.2049e-06
eec: 248.004
weight: 3.03985e-05
eec: 495.875
weight: 4.36178e-05
eec: 350.754
weight: 8.8764e-06
eec: 92.6605
weight: 4.95643e-05
eec: 328.007
weight: 3.64714e-05
eec: 360.841
weight: 1.91585e-05
eec: 761.482
weight: 3.11822e-06
eec: 770.707
weight: 1.05255e-05
eec: 1755.49
weight: 8.46604e-05
eec: 534.144
weight: 2.07735e-05
eec: 235.164
weight: 0.000110853
eec: 697.985
weight: 0.00036572
eec: 297.548
weight: 6.51351e-07
eec: 377.387
weight: 0.000286574
eec: 248.784
weight: 5.51575e-06
eec: 592.721
weight: 3.6309e-05
eec: 941.912
weight: 1.89617e-06
eec: 31.3023
weight: 3.48144e-05
eec: 864.239
weight: 1.87088e-05
eec: 1819.73
weight: 6.21119e-05
eec: 1820.27
weight: 1.68845e-05
eec: 203.541
weight: 0.000436277
eec: 253.533
weight: 5.68235e-05
eec: 611.483
weight: 7.46164e-06
eec: 249.192
weight: 1.16118e-05
eec: 59.7275
weight: 7.66546e-06
eec: 48.5717
weight: 2.54723e-05
eec: 1354.6
weight: 2.54952e-05
eec: 73.9383
weight: 3.30833e-06
eec: 508.335
weight: 0.00029281
eec: 975.636
weight: 7.37127e-06
eec: 231.531
weight: 0.000189515
eec: 201.945
weight: 4.514e-05
eec: 180.095
weight: 1.20832e-05
eec: 1024.31
weight: 1.20832e-05
eec: 2024.31
weight: 1.59657e-05
eec: 2264.41
weight: 0.000107351
eec: 215.847
weight: 6.56967e-06
eec: 1310.5
weight: 2.75525e-05
eec: 190.335
weight: 0.00015237
eec: 82.3609
weight: 5.19477e-07
eec: 161.384
weight: 6.38634e-05
eec: 198.297
weight: 3.24981e-07
eec: 625.772
weight: 3.00202e-05
eec: 1356.06
weight: 4.27843e-05
eec: 432.836
weight: 3.08694e-07
eec: 498.994
weight: 3.22218e-06
eec: 144.455
weight: 3.27015e-06
eec: 789.985
weight: 5.07411e-05
eec: 514.596
weight: 0.000113713
eec: 474.07
weight: 2.36629e-05
eec: 221.367
weight: 4.32375e-05
eec: 91.436
weight: 3.84488e-05
eec: 765.489
weight: 0.00037347
eec: 452.496
weight: 3.82516e-05
eec: 1479.98
weight: 0.000182782
eec: 430.74
weight: 1.12814e-05
eec: 255.752
weight: 9.85446e-06
eec: 160.149
weight: 7.02215e-06
eec: 265.627
weight: 0.000123509
eec: 182.151
weight: 3.61958e-05
eec: 70.5299
weight: 4.51899e-06
eec: 517.234
weight: 6.10772e-06
eec: 922.31
weight: 7.41506e-06
eec: 2315.61
weight: 5.61866e-07
eec: 1176.09
weight: 5.61866e-07
eec: 292.323
weight: 0.000294146
eec: 581.866
weight: 4.86759e-07
eec: 808.956
weight: 1.80924e-05
eec: 1276.41
weight: 2.51747e-06
eec: 769.048
weight: 0.000149577
eec: 555.839
weight: 6.61379e-05
eec: 190.589
weight: 2.84048e-06
eec: 129.053
weight: 2.37021e-05
eec: 247.674
weight: 3.30368e-06
eec: 606.262
weight: 2.22635e-05
eec: 67.0173
weight: 3.27876e-06
eec: 408.616
weight: 1.71487e-05
eec: 993.384
weight: 0.000548727
eec: 451.037
weight: 5.36611e-06
eec: 3321.1
weight: 9.04668e-05
eec: 73.0652
weight: 1.14346e-07
eec: 95.9846
weight: 2.66862e-07
eec: 43.7867
weight: 4.76078e-06
eec: 2147.88
weight: 7.73091e-06
eec: 840.324
weight: 0.000220254
eec: 1673.79
weight: 6.17453e-08
eec: 216.878
weight: 0.000244066
eec: 24.994
weight: 0.000208769
eec: 564.666
weight: 0.000296249
eec: 267.937
weight: 7.02536e-06
eec: 223.884

ROOT exit code = 0
