gSystem->Load("run_condor_job_Run3_C.so");
run_condor_job_Run3(809, 100, 2,
                    80, 200,
                    1, 1, 1, 8);
.q

ENTERED run_condor_job_Run3()
JOBID = 809
  global job = 809  Job 9/100  events [540000, 600000)  total=6000000
Processing events [540000, 600000) of 6000000
weight: 1.65546e-05
eec: 1197.13
weight: 0.000386543
eec: 379.585
weight: 2.59203e-05
eec: 252.894
weight: 1.34621e-05
eec: 1251.21
weight: 1.10319e-05
eec: 1510.97
weight: 8.40026e-06
eec: 571.728
weight: 0.00131702
eec: 67.3137
weight: 9.91582e-06
eec: 524.376
weight: 0.000116646
eec: 322.916
weight: 1.18064e-05
eec: 560.159
weight: 9.69738e-05
eec: 251.741
weight: 2.40333e-05
eec: 76.0885
weight: 9.36826e-06
eec: 360.845
weight: 2.59478e-05
eec: 3878.57
weight: 1.5704e-06
eec: 396.003
weight: 1.5704e-06
eec: 308.446
weight: 8.68538e-06
eec: 376.36
weight: 0.00179536
eec: 30.0625
weight: 1.32001e-05
eec: 963.051
weight: 1.41939e-05
eec: 6.09827
weight: 2.48449e-05
eec: 1386.61
weight: 0.000167561
eec: 124.448
weight: 1.12914e-05
eec: 420.694
weight: 0.000400923
eec: 270.119
weight: 2.41694e-05
eec: 357.273
weight: 0.000128804
eec: 51.8262
weight: 0.000634118
eec: 687.473
weight: 6.22917e-05
eec: 1090.1
weight: 6.40946e-06
eec: 514.225
weight: 0.000105134
eec: 1886.58
weight: 0.000315796
eec: 479.31
weight: 0.000820192
eec: 43.6909
weight: 4.20843e-06
eec: 279.713
weight: 1.45359e-06
eec: 558.509
weight: 5.01811e-06
eec: 381.826
weight: 2.17343e-05
eec: 272.518
weight: 4.97863e-05
eec: 1994.32
weight: 3.22687e-05
eec: 808.645
weight: 0.000143713
eec: 331.409
weight: 4.80147e-05
eec: 316.718
weight: 4.5999e-07
eec: 581.903
weight: 2.04073e-06
eec: 116.416
weight: 1.22399e-05
eec: 110.518
weight: 0.00017549
eec: 44.8139
weight: 3.2093e-05
eec: 1734.37
weight: 8.06257e-05
eec: 118.587
Processing: 9.16667 %weight: 0.000157188
eec: 284.741
weight: 1.18442e-05
eec: 195.78
weight: 0.000131368
eec: 494.486
weight: 0.000584126
eec: 153.31
weight: 1.32039e-05
eec: 404.432
weight: 0.000300681
eec: 201.167
weight: 0.000339731
eec: 120.621
weight: 2.21296e-06
eec: 293.956
weight: 2.3776e-05
eec: 1363.18
weight: 5.36458e-05
eec: 191.137
weight: 0.000225695
eec: 707.774
weight: 4.91759e-05
eec: 495.598
weight: 7.77685e-05
eec: 38.4181
weight: 6.52787e-05
eec: 76.4615
weight: 8.98081e-05
eec: 2238.37
weight: 8.4843e-05
eec: 149.562
weight: 6.30845e-05
eec: 325.841
weight: 3.12797e-05
eec: 722.155
weight: 1.34407e-05
eec: 232.876
weight: 1.91088e-05
eec: 2.68163
weight: 1.04397e-05
eec: 623.93
weight: 4.8683e-07
eec: 433.385
weight: 1.8371e-06
eec: 837.925
weight: 1.43917e-05
eec: 2474.61
weight: 7.2923e-06
eec: 1564.53
weight: 5.8706e-05
eec: 1000.72
weight: 7.07892e-05
eec: 53.452
weight: 0.000168672
eec: 722.254
weight: 0.000592342
eec: 135.62
weight: 0.00012122
eec: 79.0025
weight: 0.00461756
eec: 261.558
weight: 6.16652e-06
eec: 133.527
weight: 4.01308e-05
eec: 110.706
weight: 1.91018e-05
eec: 3522.17
weight: 0.000311334
eec: 115.369
weight: 6.38091e-05
eec: 1141.38
weight: 4.39357e-05
eec: 546.048
weight: 0.000225244
eec: 352.36
weight: 6.34396e-05
eec: 608.82
weight: 8.4629e-07
eec: 239.043
weight: 7.61225e-06
eec: 2873.49
weight: 0.000337186
eec: 122.698
weight: 3.85256e-06
eec: 1167.94
weight: 5.81755e-05
eec: 901.772
weight: 7.20267e-07
eec: 1029.59
weight: 8.89084e-05
eec: 449.573
weight: 8.33336e-07
eec: 79.488
weight: 1.72613e-05
eec: 3255.55
weight: 0.000490517
eec: 147.696
weight: 5.36077e-07
eec: 384.376
weight: 2.99348e-05
eec: 160.757
weight: 2.62294e-05
eec: 803.28
weight: 9.83559e-07
eec: 290.283
weight: 0.000418963
eec: 300.297
weight: 8.69169e-06
eec: 60.0233
weight: 0.000188472
eec: 882.376
weight: 1.64802e-05
eec: 199.36
weight: 3.97231e-05
eec: 1315.85
weight: 7.44684e-06
eec: 1123.56
weight: 1.33911e-06
eec: 447.366
weight: 1.15551e-05
eec: 1795.66
weight: 0.00015567
eec: 209.467
weight: 3.06595e-06
eec: 102.068
weight: 1.44903e-05
eec: 270.567
weight: 3.07098e-07
eec: 353.612
weight: 1.43209e-05
eec: 199.243
weight: 5.9493e-05
eec: 2159.31
weight: 1.55533e-05
eec: 45.1798
weight: 9.97373e-05
eec: 33.3144
weight: 0.000481173
eec: 474.614
weight: 8.46817e-08
eec: 1120.75
weight: 0.00025192
eec: 78.9797
weight: 2.78653e-05
eec: 28.7368
weight: 3.43947e-07
eec: 40.2932
weight: 0.000545939
eec: 294.339
weight: 6.49842e-05
eec: 161.42
weight: 4.21922e-05
eec: 663.007
weight: 6.47818e-06
eec: 432.867
weight: 8.0544e-07
eec: 4857.62
weight: 4.49268e-05
eec: 145.713
weight: 0.000642442
eec: 505.123
weight: 2.23008e-05
eec: 691.907
weight: 1.36962e-05
eec: 281.073
weight: 3.35692e-05
eec: 102.431
weight: 1.86043e-05
eec: 367.27
weight: 2.003e-05
eec: 2383.76
weight: 0.000182635
eec: 251.569
weight: 1.14773e-05
eec: 246.526
weight: 1.33964e-05
eec: 284.019
weight: 1.2769e-05
eec: 1961.14
weight: 1.36435e-05
eec: 2497.45
weight: 2.99601e-05
eec: 407.047
weight: 9.1712e-05
eec: 481.187
weight: 8.70751e-06
eec: 117.265
weight: 7.02982e-05
eec: 664.948
weight: 7.45898e-05
eec: 130.902
weight: 3.33985e-06
eec: 66.5721
weight: 0.000107359
eec: 108.391
weight: 9.29814e-05
eec: 758.126
weight: 0.000277508
eec: 380.734
weight: 0.000608992
eec: 225.547
weight: 1.52494e-07
eec: 82.7445
weight: 4.91657e-05
eec: 765.82
weight: 6.03934e-07
eec: 1801.02
weight: 8.03497e-06
eec: 1588.73
weight: 4.76824e-05
eec: 49.5256
weight: 5.94127e-05
eec: 776.176
weight: 0.000131123
eec: 716.091
weight: 9.82971e-06
eec: 87.3387
weight: 5.57421e-06
eec: 951.101
weight: 1.23547e-05
eec: 626.465
weight: 1.00149e-05
eec: 392.695
weight: 6.75848e-05
eec: 863.636
weight: 1.77621e-05
eec: 98.6046
weight: 7.07193e-05
eec: 289.73
weight: 0.000346302
eec: 130.537
weight: 3.34197e-05
eec: 216.689
weight: 5.32153e-06
eec: 721.719
weight: 0.000399886
eec: 913.373
weight: 0.000101741
eec: 491.449
weight: 5.64035e-08
eec: 326.304
weight: 2.8457e-05
eec: 265.221
weight: 3.35403e-06
eec: 37.5129
weight: 1.83438e-06
eec: 234.026
weight: 1.21836e-07
eec: 760.409
weight: 2.17865e-05
eec: 60.84
weight: 9.48109e-06
eec: 634.046
weight: 1.62027e-05
eec: 220.752
weight: 4.82067e-06
eec: 59.4852
weight: 0.000117252
eec: 965.912
weight: 0.000231464
eec: 742.669
weight: 2.7026e-05
eec: 1085.88
weight: 8.5e-07
eec: 1664.46
weight: 1.78671e-05
eec: 3207.79
weight: 5.34046e-06
eec: 171.337
weight: 5.65587e-05
eec: 269.659
weight: 5.68728e-06
eec: 1771.64
weight: 1.55083e-05
eec: 63.8172
weight: 7.59409e-06
eec: 474.99
weight: 5.82399e-05
eec: 312.386
weight: 1.20784e-05
eec: 78.5841
weight: 6.13154e-06
eec: 396.352
weight: 0.000199207
eec: 43.6553
weight: 3.52741e-06
eec: 169.366
weight: 2.42498e-05
eec: 554.945
weight: 1.16695e-05
eec: 1256.49
weight: 9.86322e-06
eec: 894.24
weight: 0.000127734
eec: 681.9
weight: 4.61791e-05
eec: 461.216
weight: 4.61791e-05
eec: 1130.84
weight: 9.99102e-05
eec: 249.967
weight: 0.000143011
eec: 787.204
weight: 4.81612e-05
eec: 815.633
weight: 6.31295e-05
eec: 379.418
weight: 7.12953e-06
eec: 171.734
weight: 0.000129991
eec: 230.465
weight: 0.00014546
eec: 429.649
weight: 4.76663e-06
eec: 233.239
weight: 1.16888e-05
eec: 603.456
weight: 3.02801e-06
eec: 604.227
weight: 1.3449e-05
eec: 222.028
weight: 7.64202e-06
eec: 178.971
weight: 9.87226e-05
eec: 467.905
weight: 6.65405e-06
eec: 2992.75
weight: 0.000516207
eec: 51.4714
weight: 5.00166e-05
eec: 839.073
weight: 3.95489e-06
eec: 55.116
weight: 0.000166453
eec: 33.1445
weight: 5.84559e-05
eec: 283.141
weight: 0.000136254
eec: 817.198
weight: 0.000590254
eec: 474.266
weight: 1.86158e-05
eec: 193.786
weight: 2.28662e-06
eec: 381.485
weight: 1.39507e-05
eec: 376.635
weight: 1.38562e-06
eec: 451.042
weight: 2.08193e-05
eec: 248.514
weight: 0.000264176
eec: 7.52674
weight: 5.53023e-06
eec: 2167.26
weight: 7.13791e-05
eec: 936.698
weight: 5.94611e-05
eec: 138.521
weight: 8.35552e-05
eec: 846.464
weight: 5.867e-05
eec: 79.3313

ROOT exit code = 0
