gSystem->Load("run_condor_job_Run3_C.so");
run_condor_job_Run3(92, 100, 2,
                    80, 200,
                    1, 1, 1, 0);
.q

ENTERED run_condor_job_Run3()
JOBID = 92
  global job = 92  Job 92/100  events [5514480, 5574420)  total=5994000
Processing events [5514480, 5574420) of 5994000
weight: 6.16193e-05
eec: 646.905
weight: 3.85675e-05
eec: 482.008
weight: 2.46235e-06
eec: 377.724
weight: 7.59451e-06
eec: 179.646
weight: 0.000240886
eec: 298.912
weight: 1.08146e-07
eec: 1600.74
weight: 2.09086e-05
eec: 259.908
weight: 5.79186e-05
eec: 654.745
weight: 0.000800885
eec: 601.911
weight: 0.000243613
eec: 422.88
weight: 0.000105057
eec: 101.357
weight: 5.29768e-05
eec: 764.425
weight: 1.76249e-06
eec: 188.456
weight: 1.63723e-05
eec: 341.621
weight: 6.31694e-06
eec: 281.161
weight: 8.26839e-06
eec: 174.671
weight: 3.34283e-05
eec: 974.19
weight: 9.58743e-05
eec: 1766.15
weight: 6.3787e-05
eec: 513.184
weight: 0.000893729
eec: 1219.62
weight: 8.10612e-06
eec: 2288.99
weight: 6.54198e-06
eec: 1246.95
weight: 0.00042324
eec: 62.223
weight: 0.000209392
eec: 335.566
weight: 9.37797e-06
eec: 293.258
weight: 2.03595e-05
eec: 1530.02
weight: 3.34412e-06
eec: 179.741
weight: 9.96344e-05
eec: 972.328
weight: 9.75298e-05
eec: 625.591
weight: 8.87813e-05
eec: 839.049
weight: 5.77619e-05
eec: 112.857
weight: 1.69769e-06
eec: 861.646
weight: 0.000164926
eec: 127.668
weight: 5.45971e-06
eec: 796.722
weight: 3.71635e-05
eec: 1509.92
weight: 0.000103711
eec: 500.582
weight: 1.93967e-05
eec: 324.431
weight: 2.41801e-06
eec: 1542.6
weight: 0.000117371
eec: 239.386
weight: 9.03364e-06
eec: 49.3039
weight: 2.3505e-05
eec: 646.36
weight: 2.68557e-05
eec: 770.351
weight: 9.23209e-06
eec: 524.638
weight: 4.76911e-07
eec: 688.863
weight: 2.03488e-05
eec: 129.008
weight: 2.03001e-05
eec: 506.873
weight: 1.06303e-06
eec: 1359.17
weight: 0.000105551
eec: 706.073
weight: 3.766e-06
eec: 871.801
weight: 1.28326e-05
eec: 1599.73
weight: 8.24736e-05
eec: 176.94
weight: 2.97322e-06
eec: 156.015
weight: 7.95514e-06
eec: 1016.67
weight: 8.08513e-06
eec: 573.361
weight: 3.02116e-06
eec: 2270.06
weight: 1.41201e-05
eec: 1590.1
weight: 1.9495e-05
eec: 1997.63
weight: 9.85501e-05
eec: 13.9175
weight: 9.3853e-05
eec: 144.877
weight: 3.96595e-05
eec: 702.897
weight: 3.01189e-06
eec: 699.33
weight: 1.15861e-06
eec: 319.97
weight: 2.20661e-05
eec: 266.557
weight: 6.57558e-06
eec: 273.451
weight: 7.49286e-06
eec: 9.966
weight: 6.29336e-05
eec: 33.0079
weight: 4.71813e-05
eec: 227.131
weight: 1.72893e-05
eec: 57.0207
weight: 4.93062e-05
eec: 716.752
weight: 7.48926e-06
eec: 216.146
weight: 0.00310391
eec: 600.079
weight: 0.000161777
eec: 218.967
weight: 7.05823e-05
eec: 409.231
weight: 9.24087e-05
eec: 405.614
weight: 5.26392e-06
eec: 2562.47
weight: 7.78175e-05
eec: 176.472
weight: 3.39255e-05
eec: 749.971
weight: 9.52349e-05
eec: 602.919
weight: 5.95765e-05
eec: 330.005
weight: 0.000210423
eec: 359.604
weight: 1.89626e-05
eec: 277.374
weight: 8.83049e-06
eec: 360.522
weight: 7.01813e-06
eec: 333.273
weight: 1.24542e-05
eec: 746.34
weight: 5.24688e-05
eec: 555.77
weight: 1.64691e-05
eec: 432.149
weight: 8.37024e-07
eec: 856.852
weight: 8.88667e-05
eec: 24.4872
weight: 7.25961e-05
eec: 1141.84
weight: 5.09398e-06
eec: 1579.58
weight: 6.52116e-05
eec: 317.104
weight: 0.000559866
eec: 881.926
weight: 4.00721e-05
eec: 2040.36
weight: 0.000112508
eec: 997.87
weight: 1.42411e-05
eec: 421.183
weight: 1.04935e-06
eec: 2446.43
weight: 8.90251e-05
eec: 373.185
weight: 8.11825e-06
eec: 231.553
weight: 7.65615e-06
eec: 25.0944
weight: 0.00400794
eec: 1341.34
weight: 3.60317e-05
eec: 90.1118
weight: 1.66574e-05
eec: 970.28
weight: 4.84717e-05
eec: 925.536
weight: 5.75692e-06
eec: 121.695
weight: 1.03745e-05
eec: 705.641
weight: 0.000210838
eec: 65.3443
weight: 7.00246e-05
eec: 284.844
weight: 9.61363e-06
eec: 188.648
weight: 1.42773e-06
eec: 372.344
weight: 0.000179184
eec: 560.148
weight: 3.48086e-07
eec: 314.45
weight: 3.76216e-06
eec: 450.234
weight: 1.05128e-05
eec: 694.582
weight: 0.000104582
eec: 268.685
weight: 4.10691e-06
eec: 1255.29
weight: 0.000168555
eec: 1094.99
weight: 8.03509e-05
eec: 1714.35
weight: 0.00102455
eec: 339.469
weight: 5.72177e-05
eec: 559.896
weight: 1.77717e-05
eec: 1110.8
weight: 1.21715e-05
eec: 92.9612
weight: 5.56235e-06
eec: 1223.61
weight: 6.14748e-06
eec: 912.296
weight: 0.000333517
eec: 699.804
weight: 2.43981e-05
eec: 858.884
weight: 4.98744e-05
eec: 92.857
weight: 6.14213e-05
eec: 17.1435
weight: 0.000128037
eec: 1123.3
weight: 7.06407e-06
eec: 151.353
weight: 0.000136594
eec: 313.214
weight: 0.000357899
eec: 198.884
weight: 1.51605e-06
eec: 2894.06
weight: 0.00035443
eec: 121.142
weight: 3.73813e-06
eec: 811.92
weight: 3.12132e-05
eec: 2663.44
weight: 1.63098e-06
eec: 2019.51
weight: 3.00883e-06
eec: 2922.32
weight: 8.33693e-06
eec: 29.6796
weight: 6.29344e-06
eec: 811.132
weight: 9.64641e-05
eec: 760.298
weight: 5.45168e-06
eec: 18.5144
weight: 5.23276e-06
eec: 234.483
weight: 6.21322e-05
eec: 300.611
weight: 2.31142e-05
eec: 437.232
weight: 9.03132e-06
eec: 216.252
weight: 0.000134999
eec: 207.749
weight: 2.14066e-05
eec: 292.455
weight: 9.72676e-06
eec: 3625.73
weight: 0.000206422
eec: 445.627
weight: 7.0789e-07
eec: 479.515
weight: 1.75904e-05
eec: 566.94
weight: 9.01598e-06
eec: 561.723
weight: 1.83557e-05
eec: 1302.43
weight: 1.60186e-05
eec: 307.701
weight: 9.80506e-06
eec: 264.44
weight: 3.5312e-05
eec: 322.36
weight: 1.36539e-05
eec: 1097.86
weight: 1.20063e-05
eec: 1561.45
weight: 0.000110963
eec: 589.55
weight: 0.000202234
eec: 492.497
Processing: 92.5926 %weight: 5.62368e-06
eec: 490.192
weight: 4.21852e-06
eec: 1862.43
weight: 0.000139818
eec: 956.121
weight: 0.000122667
eec: 377.415
weight: 3.79836e-06
eec: 1298.94
weight: 1.47528e-06
eec: 512.138
weight: 1.65767e-05
eec: 486.24
weight: 9.06403e-07
eec: 355.001
weight: 1.29852e-05
eec: 463.815
weight: 6.90343e-06
eec: 881.756
weight: 2.66543e-06
eec: 262.57
weight: 2.04388e-05
eec: 1154.9
weight: 0.000154509
eec: 206.575
weight: 2.22463e-06
eec: 236.723
weight: 0.000841505
eec: 493.216
weight: 2.78949e-05
eec: 124.367
weight: 9.16304e-05
eec: 1502.93
weight: 9.16304e-05
eec: 758.89
weight: 0.000543834
eec: 207.311
weight: 1.52516e-06
eec: 3386.29
weight: 7.08481e-05
eec: 1331.6
weight: 1.35883e-05
eec: 3002.77
weight: 5.659e-05
eec: 562.73
weight: 1.50102e-05
eec: 599.393
weight: 2.31e-05
eec: 1034.61
weight: 1.21605e-05
eec: 166.656
weight: 6.96993e-06
eec: 389.922
weight: 1.01293e-05
eec: 468.756
weight: 0.000124587
eec: 756.389
weight: 1.68874e-05
eec: 209.441
weight: 8.88018e-06
eec: 977.075
weight: 0.000259147
eec: 337.598
weight: 3.20856e-05
eec: 48.1626
weight: 0.000225551
eec: 110.29
weight: 7.44018e-06
eec: 215.997
weight: 1.08457e-05
eec: 3333.84
weight: 2.46699e-05
eec: 181.095
weight: 5.97656e-05
eec: 217.386
weight: 9.75221e-05
eec: 103.999
weight: 1.06665e-05
eec: 1475.76
weight: 0.000300671
eec: 36.2833
weight: 1.61504e-05
eec: 488.036
weight: 4.33876e-05
eec: 1255.33
weight: 5.74418e-05
eec: 475.093
weight: 4.90208e-05
eec: 107.521
weight: 1.57465e-05
eec: 599.061
weight: 0.00019175
eec: 128.521
weight: 1.19266e-05
eec: 285.697
weight: 5.96198e-05
eec: 325.561
weight: 2.35507e-05
eec: 2397.29
weight: 6.01156e-05
eec: 477.534
weight: 2.55369e-05
eec: 607.63
weight: 8.23721e-06
eec: 1093.42
weight: 0.000751211
eec: 846.444
weight: 7.02306e-06
eec: 142.827
weight: 0.00121369
eec: 171.109
weight: 5.4623e-07
eec: 308.486
weight: 8.99392e-06
eec: 775.728
weight: 0.000350103
eec: 531.186
weight: 7.20447e-05
eec: 615.516
weight: 6.94043e-09
eec: 349.255
weight: 1.3073e-05
eec: 785.122
weight: 0.000262
eec: 50.5001
weight: 2.62799e-05
eec: 178.772
weight: 1.11642e-05
eec: 328.826
weight: 5.58328e-05
eec: 208.928
weight: 9.05671e-05
eec: 858.39
weight: 0.000123921
eec: 1305.96
weight: 8.41225e-06
eec: 1424.72
weight: 4.29709e-05
eec: 304.971
weight: 2.52593e-05
eec: 823.364
weight: 4.70137e-05
eec: 1277.12
weight: 3.73924e-05
eec: 443.228
weight: 6.54162e-05
eec: 342.649
weight: 9.90801e-06
eec: 2346.99
weight: 7.30042e-08
eec: 254.559
weight: 2.81749e-05
eec: 848.42
weight: 3.90894e-05
eec: 253.496
weight: 3.06352e-06
eec: 202.195
weight: 6.00334e-05
eec: 1394.25
weight: 0.000610512
eec: 128.873
weight: 1.7106e-05
eec: 3348
weight: 2.25244e-05
eec: 212.013
weight: 2.04795e-07
eec: 776.381
weight: 2.76398e-05
eec: 1314.4
weight: 5.37729e-07
eec: 59.1602
weight: 2.78892e-05
eec: 390.083
weight: 2.14882e-05
eec: 1488.21
weight: 4.33127e-07
eec: 193.656
weight: 3.63554e-05
eec: 569.316
weight: 8.3734e-05
eec: 35.6835
weight: 2.01344e-05
eec: 223.963
weight: 0.00012496
eec: 974.628
weight: 0.00011872
eec: 280.555
weight: 4.28075e-05
eec: 182.307
weight: 1.49554e-05
eec: 991.366
weight: 6.26629e-06
eec: 336.859
weight: 0.000142921
eec: 235.603
weight: 2.07292e-05
eec: 1399.6
weight: 1.36334e-05
eec: 38.3574
weight: 1.21429e-05
eec: 657.879

ROOT exit code = 0
