gSystem->Load("run_condor_job_Run3_C.so");
run_condor_job_Run3(331, 100, 2,
                    80, 200,
                    1, 1, 1, 3);
.q

ENTERED run_condor_job_Run3()
JOBID = 331
  global job = 331  Job 31/100  events [1860000, 1920000)  total=6000000
Processing events [1860000, 1920000) of 6000000
weight: 6.65472e-09
eec: 1108.64
weight: 5.77689e-05
eec: 655.825
weight: 0.000344619
eec: 867.932
weight: 0.000217501
eec: 336.814
weight: 3.03541e-05
eec: 1007.13
weight: 3.15001e-05
eec: 401.996
weight: 5.33839e-05
eec: 367
weight: 6.2046e-05
eec: 1127.04
weight: 0.000160558
eec: 243.335
weight: 1.60556e-05
eec: 612.355
weight: 1.54421e-05
eec: 493.349
weight: 1.04261e-05
eec: 374.053
weight: 4.9229e-05
eec: 69.0658
weight: 6.48869e-05
eec: 2065.57
weight: 7.15034e-06
eec: 239.69
weight: 3.44101e-05
eec: 270.548
weight: 8.97544e-06
eec: 2504.59
weight: 9.21928e-05
eec: 226.5
weight: 4.35934e-06
eec: 348.869
weight: 1.14041e-06
eec: 600.852
weight: 3.50422e-05
eec: 514.682
weight: 0.000531812
eec: 173.857
weight: 3.57048e-05
eec: 119.061
weight: 1.68702e-05
eec: 332.283
weight: 0.000861908
eec: 202.657
weight: 3.73454e-05
eec: 402.237
weight: 2.74412e-06
eec: 10.2321
weight: 8.78537e-05
eec: 223.604
weight: 2.29235e-05
eec: 1888.2
weight: 2.08339e-05
eec: 1182.18
weight: 3.88324e-07
eec: 1884.22
weight: 0.000160393
eec: 1958.55
weight: 9.98716e-05
eec: 99.4266
weight: 8.96689e-05
eec: 3683.14
weight: 1.63371e-06
eec: 883.898
weight: 2.54759e-05
eec: 1032.76
weight: 0.000198545
eec: 221.628
weight: 1.19401e-05
eec: 992.847
weight: 2.09731e-05
eec: 919.279
weight: 4.65444e-05
eec: 646.382
weight: 3.1953e-05
eec: 1350.07
weight: 4.67771e-07
eec: 1068.9
weight: 1.90522e-07
eec: 739.42
weight: 4.18246e-05
eec: 605.507
weight: 0.000712506
eec: 493.871
weight: 0.00102886
eec: 456.672
weight: 9.56972e-07
eec: 440.314
weight: 1.14918e-05
eec: 364.337
weight: 6.23951e-06
eec: 1167.9
weight: 3.2327e-06
eec: 560.172
weight: 1.73984e-06
eec: 1039.32
weight: 1.05285e-05
eec: 1571.82
weight: 2.359e-06
eec: 335.453
weight: 1.08395e-06
eec: 49.8884
weight: 0.0001695
eec: 89.2864
weight: 1.60247e-05
eec: 638.639
weight: 3.90219e-05
eec: 976.994
weight: 6.84948e-05
eec: 202.376
weight: 0.000212644
eec: 160.143
weight: 1.33386e-05
eec: 133.722
weight: 0.000307897
eec: 407.805
weight: 3.059e-05
eec: 100.78
weight: 2.70054e-05
eec: 455.955
weight: 1.19259e-05
eec: 2071.07
weight: 9.24027e-06
eec: 1123.34
weight: 0.000268518
eec: 1092.28
weight: 0.000228981
eec: 334.38
weight: 0.00103997
eec: 671.26
weight: 6.87405e-05
eec: 646.298
weight: 0.000343374
eec: 154.688
weight: 1.06797e-05
eec: 1824.64
weight: 8.33621e-06
eec: 390.709
weight: 0.000122995
eec: 228.741
weight: 1.65591e-05
eec: 841.015
weight: 9.19709e-07
eec: 1816.32
weight: 4.17256e-05
eec: 105.196
weight: 4.93079e-05
eec: 366.866
weight: 0.000101942
eec: 1422.2
weight: 3.76168e-05
eec: 2497.9
weight: 0.000115109
eec: 257.214
weight: 1.79432e-06
eec: 713.813
weight: 2.7087e-05
eec: 598.501
weight: 3.15212e-05
eec: 106.056
weight: 2.86362e-05
eec: 396.717
weight: 4.57317e-05
eec: 332.92
weight: 7.33246e-06
eec: 174.932
weight: 7.45288e-05
eec: 265.964
weight: 3.945e-05
eec: 49.3038
weight: 8.6007e-06
eec: 517.835
weight: 2.15059e-06
eec: 213.361
weight: 0.00014881
eec: 59.029
weight: 1.40206e-05
eec: 309.995
weight: 9.22628e-05
eec: 143.334
weight: 1.90915e-05
eec: 659.444
weight: 4.40633e-05
eec: 891.81
weight: 2.02452e-06
eec: 900.739
weight: 4.38115e-06
eec: 164.662
weight: 0.000124948
eec: 172.803
weight: 3.53617e-05
eec: 813.305
weight: 0.00338634
eec: 544.004
weight: 1.37502e-05
eec: 76.9451
weight: 0.000133246
eec: 140.003
weight: 1.89194e-06
eec: 80.4245
weight: 7.28498e-05
eec: 256.385
weight: 4.04115e-05
eec: 250.639
weight: 5.76855e-05
eec: 356.046
weight: 8.11682e-05
eec: 99.1884
weight: 3.4549e-05
eec: 355.812
weight: 7.77822e-05
eec: 403.284
weight: 1.8676e-05
eec: 1554.92
weight: 3.09536e-05
eec: 638.868
weight: 0.000135518
eec: 427.433
weight: 2.02973e-06
eec: 275.261
weight: 2.10409e-05
eec: 251.107
weight: 1.32501e-05
eec: 27.4899
weight: 0.000116467
eec: 366.796
weight: 3.53654e-05
eec: 196.166
weight: 2.04238e-05
eec: 1212.3
weight: 0.000271668
eec: 294.554
weight: 3.75962e-05
eec: 229.877
weight: 2.53444e-05
eec: 667.555
weight: 2.43025e-05
eec: 195.623
weight: 2.69144e-05
eec: 380.582
weight: 2.64125e-05
eec: 29.0885
weight: 0.0002848
eec: 67.1581
weight: 1.81399e-05
eec: 200.982
weight: 2.41783e-05
eec: 2060.52
weight: 6.56473e-07
eec: 879.494
weight: 0.000260371
eec: 231.839
weight: 2.1019e-06
eec: 334.578
weight: 0.000231255
eec: 113.099
weight: 6.33854e-05
eec: 96.0375
weight: 2.87788e-05
eec: 435.226
weight: 0.00017433
eec: 101.122
weight: 0.000101405
eec: 765.069
weight: 1.49663e-05
eec: 163.69
weight: 0.000104085
eec: 917.679
weight: 0.000171505
eec: 690.654
weight: 5.30723e-05
eec: 503.977
weight: 1.9961e-06
eec: 128.933
weight: 0.000753144
eec: 18.4273
weight: 1.73916e-05
eec: 156.648
weight: 0.000481919
eec: 31.1116
weight: 8.99224e-05
eec: 237.067
weight: 1.79005e-05
eec: 321.909
weight: 9.87153e-06
eec: 394.6
weight: 1.84091e-05
eec: 633.862
weight: 7.02395e-05
eec: 1248.81
weight: 1.891e-05
eec: 783.781
weight: 9.49143e-05
eec: 211.928
weight: 3.23474e-05
eec: 615.932
weight: 2.62444e-05
eec: 210.557
weight: 5.5776e-07
eec: 363.545
weight: 0.000117833
eec: 812.872
weight: 6.86202e-06
eec: 94.762
weight: 1.09704e-05
eec: 4841.8
weight: 5.62808e-06
eec: 365.872
weight: 5.93377e-05
eec: 275.162
weight: 5.11783e-06
eec: 1687.85
Processing: 31.6667 %weight: 7.03694e-05
eec: 803.819
weight: 5.67571e-05
eec: 832.368
weight: 1.57262e-05
eec: 683.589
weight: 7.78186e-07
eec: 158.758
weight: 5.42374e-05
eec: 126.391
weight: 1.00879e-05
eec: 286.769
weight: 2.26829e-05
eec: 1514.32
weight: 3.36854e-06
eec: 238.425
weight: 9.92669e-06
eec: 3763.1
weight: 6.0915e-05
eec: 361.313
weight: 0.00015744
eec: 532.626
weight: 1.7869e-05
eec: 498.16
weight: 1.08034e-05
eec: 268.917
weight: 5.13593e-06
eec: 444.655
weight: 1.29794e-05
eec: 1718.32
weight: 2.77105e-05
eec: 230.196
weight: 7.58961e-05
eec: 392.244
weight: 1.20437e-05
eec: 98.8075
weight: 7.13728e-05
eec: 1111.49
weight: 3.04588e-06
eec: 808.045
weight: 2.443e-05
eec: 89.4847
weight: 2.37423e-06
eec: 442.013
weight: 4.22815e-05
eec: 103.959
weight: 2.40805e-05
eec: 871.939
weight: 3.25028e-05
eec: 583.364
weight: 5.55291e-06
eec: 1508.18
weight: 6.24369e-05
eec: 174.969
weight: 1.55005e-06
eec: 729.586
weight: 5.6586e-07
eec: 7.35276
weight: 3.7014e-05
eec: 168.292
weight: 8.44614e-06
eec: 86.1243
weight: 7.22826e-06
eec: 1300.25
weight: 0.000297918
eec: 107.293
weight: 5.84894e-05
eec: 289.995
weight: 0.000377196
eec: 215.292
weight: 2.4664e-05
eec: 764.803
weight: 8.09219e-05
eec: 508.251
weight: 7.27556e-05
eec: 2213.71
weight: 2.83057e-06
eec: 732.215
weight: 2.58843e-06
eec: 367.456
weight: 5.86422e-05
eec: 1669.18
weight: 0.000167016
eec: 200.549
weight: 6.20183e-05
eec: 373.154
weight: 7.53275e-06
eec: 33.6005
weight: 8.06763e-05
eec: 59.1369
weight: 2.52399e-05
eec: 80.4589
weight: 1.62175e-05
eec: 1029.45
weight: 8.667e-06
eec: 63.4263
weight: 1.07139e-06
eec: 87.0738
weight: 2.35185e-05
eec: 88.432
weight: 0.000152147
eec: 816.591
weight: 4.3371e-06
eec: 1089.98
weight: 3.92924e-05
eec: 2307.8
weight: 4.12925e-05
eec: 806.817
weight: 0.000392668
eec: 32.3621
weight: 3.33607e-07
eec: 247.94
weight: 3.48983e-05
eec: 213.955
weight: 5.74506e-05
eec: 2002.46
weight: 2.28484e-05
eec: 108.944
weight: 9.19971e-05
eec: 933.99
weight: 4.51678e-06
eec: 2031.46
weight: 1.51526e-05
eec: 3869.95
weight: 1.89437e-05
eec: 453.622
weight: 8.57222e-06
eec: 466.509
weight: 4.56522e-05
eec: 1394.47
weight: 6.59305e-05
eec: 464.083
weight: 4.09512e-06
eec: 922.316
weight: 0.00062871
eec: 784.274
weight: 0.000125936
eec: 350.767
weight: 0.000299412
eec: 403.18
weight: 2.3371e-05
eec: 899.906
weight: 6.72196e-06
eec: 905.681
weight: 0.000162838
eec: 532.95
weight: 0.000174395
eec: 487.794
weight: 0.000166744
eec: 369.353
weight: 8.05646e-06
eec: 1339.03
weight: 7.60981e-07
eec: 575.37
weight: 3.9766e-06
eec: 776.308
weight: 3.1234e-05
eec: 2146.68
weight: 1.1241e-05
eec: 69.3442
weight: 1.70433e-05
eec: 71.3282
weight: 1.70433e-05
eec: 91.0412
weight: 3.16587e-05
eec: 900.042
weight: 3.61516e-06
eec: 52.2556

ROOT exit code = 0
