gSystem->Load("run_condor_job_Run3_C.so");
run_condor_job_Run3(655, 100, 2,
                    80, 200,
                    1, 1, 1, 6);
.q

ENTERED run_condor_job_Run3()
JOBID = 655
  global job = 655  Job 55/100  events [3243900, 3302880)  total=5898000
Processing events [3243900, 3302880) of 5898000
weight: 5.88154e-06
eec: 802.093
weight: 3.748e-06
eec: 155.123
weight: 9.92362e-06
eec: 58.1656
weight: 4.29498e-06
eec: 99.4711
weight: 0.000151513
eec: 1023.2
weight: 9.89258e-05
eec: 177.511
weight: 0.000108305
eec: 1190.59
weight: 6.20601e-07
eec: 412.78
weight: 0.000100852
eec: 398.548
weight: 0.000308639
eec: 154.322
weight: 4.95302e-06
eec: 48.8135
weight: 4.17118e-05
eec: 171.455
weight: 1.4052e-06
eec: 551.71
weight: 0.000106222
eec: 1143.59
weight: 6.17233e-06
eec: 380.956
weight: 8.63748e-06
eec: 1540.48
weight: 5.27935e-07
eec: 3.62426
weight: 2.02042e-05
eec: 419.171
weight: 7.74041e-06
eec: 77.6548
weight: 3.09865e-05
eec: 2400.76
weight: 8.79182e-05
eec: 1081.94
weight: 1.8932e-05
eec: 1313.49
weight: 0.000197357
eec: 524.78
weight: 0.000105689
eec: 731.42
Processing: 55.1034 %weight: 4.38598e-05
eec: 193.372
weight: 6.29827e-05
eec: 53.5066
weight: 6.29827e-05
eec: 61.1369
weight: 6.34299e-06
eec: 5428.95
weight: 1.59816e-05
eec: 864.97
weight: 3.28434e-05
eec: 182.689
weight: 2.16887e-06
eec: 631.318
weight: 4.94181e-05
eec: 2872.95
weight: 0.000151135
eec: 78.3138
weight: 0.000302597
eec: 624.089
weight: 0.000127508
eec: 401.285
weight: 2.36724e-06
eec: 932.54
weight: 7.12069e-05
eec: 1019.57
weight: 3.00031e-05
eec: 544.422
weight: 5.83847e-05
eec: 320.147
weight: 1.11363e-05
eec: 2378.46
weight: 8.08775e-06
eec: 27.6605
weight: 0.000126181
eec: 391.699
weight: 0.000157546
eec: 1010.07
weight: 3.44164e-06
eec: 1109.04
weight: 5.13966e-05
eec: 655.957
weight: 0.00148119
eec: 564.4
weight: 0.000150039
eec: 568.47
weight: 3.36555e-05
eec: 774.266
weight: 0.000170259
eec: 62.1465
weight: 0.00230593
eec: 325.186
weight: 2.06319e-05
eec: 15.7496
weight: 4.97922e-06
eec: 251.583
weight: 4.57232e-05
eec: 878.184
weight: 6.42048e-06
eec: 237.865
weight: 0.000304945
eec: 510.362
weight: 3.56266e-06
eec: 3678.61
weight: 1.47949e-05
eec: 1608.91
weight: 3.42597e-06
eec: 590.235
weight: 1.32077e-05
eec: 555.329
weight: 2.04164e-05
eec: 122.2
weight: 1.75756e-06
eec: 2825.15
weight: 0.000185132
eec: 218.815
weight: 3.80867e-06
eec: 2826.15
weight: 0.000322739
eec: 350.233
weight: 0.000255072
eec: 58.4101
weight: 8.73784e-06
eec: 323.033
weight: 0.000150456
eec: 84.5523
weight: 8.34411e-05
eec: 1036.36
weight: 2.06761e-06
eec: 1271.49
weight: 0.000134534
eec: 665.251
weight: 1.31617e-05
eec: 150.041
weight: 3.38728e-06
eec: 113.534
weight: 1.87043e-06
eec: 3307.9
weight: 5.39128e-05
eec: 547.559
weight: 1.70769e-05
eec: 1324.85
weight: 1.48398e-05
eec: 462.956
weight: 9.87732e-05
eec: 100.789
weight: 0.000260445
eec: 670.954
weight: 7.2925e-06
eec: 369.799
weight: 1.02219e-07
eec: 146.789
weight: 5.99684e-07
eec: 181.083
weight: 6.74731e-06
eec: 116.736
weight: 1.80844e-05
eec: 817.477
weight: 1.54416e-06
eec: 760.179
weight: 5.31524e-06
eec: 163.077
weight: 1.55886e-05
eec: 222.22
weight: 0.000331668
eec: 181.061
weight: 7.58722e-07
eec: 160.994
weight: 9.14868e-05
eec: 537.742
weight: 1.45831e-05
eec: 45.6551
weight: 0.000207166
eec: 513.35
weight: 6.34349e-07
eec: 265.81
weight: 1.58885e-05
eec: 34.4609
weight: 9.39716e-06
eec: 598.429
weight: 4.07748e-05
eec: 366.688
weight: 2.42676e-07
eec: 100.721
weight: 1.12063e-06
eec: 220.644
weight: 5.44584e-07
eec: 37.4909
weight: 5.17917e-05
eec: 1221.72
weight: 1.66579e-05
eec: 36.9237
weight: 2.2139e-05
eec: 239.735
weight: 7.79466e-06
eec: 432.219
weight: 4.40597e-05
eec: 538.955
weight: 4.64199e-05
eec: 65.3967
weight: 0.00221447
eec: 730.418
weight: 0.000148832
eec: 147.502
weight: 9.9735e-06
eec: 638.612
weight: 5.96398e-06
eec: 456.409
weight: 1.51718e-05
eec: 484.82
weight: 0.000114576
eec: 37.2729
weight: 1.64234e-05
eec: 1667.03
weight: 3.14886e-05
eec: 318.384
weight: 2.19839e-05
eec: 670.137
weight: 4.59053e-06
eec: 1183.75
weight: 2.17917e-05
eec: 486.02
weight: 1.9146e-06
eec: 541.089
weight: 1.7851e-05
eec: 284.226
weight: 1.95758e-05
eec: 212
weight: 1.14355e-05
eec: 51.7772
weight: 5.23628e-05
eec: 113.381
weight: 1.20985e-06
eec: 562.737
weight: 0.000144219
eec: 880.799
weight: 1.28249e-05
eec: 283.382
weight: 8.24223e-06
eec: 232.109
weight: 0.000150199
eec: 449.703
weight: 0.000277364
eec: 290.83
weight: 9.82588e-05
eec: 1317.8
weight: 5.07195e-05
eec: 252.88
weight: 0.000608705
eec: 769.844
weight: 0.000164338
eec: 206.439
weight: 1.65585e-05
eec: 677.48
weight: 8.94426e-06
eec: 1397.27
weight: 5.68302e-05
eec: 53.8799
weight: 5.31504e-05
eec: 131.329
weight: 0.000234276
eec: 197.327
weight: 8.37365e-06
eec: 223.419
weight: 1.07341e-05
eec: 545.594
weight: 0.000185385
eec: 166.1
weight: 1.30014e-05
eec: 1783.43
weight: 3.40942e-06
eec: 1025.64
weight: 5.78219e-05
eec: 249.329
weight: 9.0291e-05
eec: 212.066
weight: 1.37146e-05
eec: 946.313
weight: 3.0073e-05
eec: 254.509
weight: 1.86017e-05
eec: 152.464
weight: 3.03081e-05
eec: 1293.15
weight: 6.87847e-05
eec: 502.553
weight: 2.2866e-08
eec: 563.784
weight: 2.13909e-05
eec: 156.292
weight: 9.47251e-05
eec: 154.763
weight: 0.000107044
eec: 282.062
weight: 2.42364e-05
eec: 201.484
weight: 8.91996e-06
eec: 770.372
weight: 2.14189e-05
eec: 143.41
weight: 1.17627e-05
eec: 562.498
weight: 0.000181396
eec: 159.725
weight: 1.92288e-06
eec: 775.814
weight: 0.00012068
eec: 17.0165
weight: 7.1891e-06
eec: 91.9578
weight: 3.92852e-05
eec: 760.92
weight: 0.000233928
eec: 743.489
weight: 0.000755047
eec: 664.414
weight: 2.9684e-05
eec: 441.496
weight: 6.20645e-06
eec: 1769.19
weight: 2.7309e-05
eec: 896.958
weight: 9.95825e-06
eec: 2082.51
weight: 3.42346e-05
eec: 720.788
weight: 1.99453e-05
eec: 498.658
weight: 2.66817e-06
eec: 531.99
weight: 2.55605e-05
eec: 1097.62
weight: 2.27775e-05
eec: 324.616
weight: 5.1425e-05
eec: 865.756
weight: 7.18322e-07
eec: 304.72
weight: 1.14848e-05
eec: 354.838
weight: 3.63246e-05
eec: 167.654
weight: 0.00014055
eec: 501.121
weight: 9.76073e-05
eec: 71.5963
weight: 6.00706e-06
eec: 124.705
weight: 9.78532e-06
eec: 286.849
weight: 2.06595e-05
eec: 438.836
weight: 1.16921e-05
eec: 989.496
weight: 1.28889e-05
eec: 787.545
weight: 2.2207e-05
eec: 243.031
weight: 1.9401e-05
eec: 693.267
weight: 0.000158993
eec: 383.613
weight: 9.85897e-07
eec: 1880.77
weight: 9.13243e-06
eec: 172.111
weight: 0.000326444
eec: 525.378
weight: 0.00016337
eec: 575.627
weight: 0.000330915
eec: 84.0767
weight: 7.96283e-05
eec: 940.15
weight: 0.000132948
eec: 235.165
weight: 6.93726e-07
eec: 129.839
weight: 2.59678e-05
eec: 393.497
weight: 4.33833e-05
eec: 447.094
weight: 5.26632e-05
eec: 137.183
weight: 0.000154488
eec: 861.037
weight: 0.000151785
eec: 108.571
weight: 1.79853e-05
eec: 1447.27
weight: 0.000399089
eec: 302.399
weight: 2.52405e-05
eec: 1254.81
weight: 7.09215e-06
eec: 104.176
weight: 6.57795e-06
eec: 328.802
weight: 9.94779e-06
eec: 112.476
weight: 5.36978e-05
eec: 64.4551
weight: 1.69327e-05
eec: 915.74
weight: 1.18548e-05
eec: 498.91
weight: 3.38083e-06
eec: 164.004
weight: 3.04945e-06
eec: 1694.56
weight: 6.36163e-05
eec: 539.341
weight: 3.17051e-06
eec: 627.726
weight: 4.12169e-06
eec: 530.537
weight: 1.13582e-05
eec: 2643.94
weight: 1.57823e-06
eec: 21.6634
weight: 4.70492e-07
eec: 256.847
weight: 4.33912e-06
eec: 45.9449
weight: 0.000528624
eec: 75.6274
weight: 4.3745e-05
eec: 1260.17
weight: 2.12128e-06
eec: 104.407
weight: 4.31084e-05
eec: 1347.43
weight: 0.000784643
eec: 109.302
weight: 1.90866e-05
eec: 441.906
weight: 0.000253908
eec: 304.446
weight: 3.69721e-05
eec: 127.833
weight: 8.54542e-06
eec: 397.077
weight: 4.15684e-05
eec: 774.019
weight: 1.50955e-05
eec: 160.508
weight: 5.03058e-06
eec: 952.721
weight: 1.62064e-06
eec: 2563.55
weight: 0.000178511
eec: 20.615
weight: 0.000196724
eec: 410.108
weight: 8.97948e-05
eec: 186.892
weight: 4.79336e-06
eec: 769.988
Processing: 55.9512 %weight: 1.17182e-07
eec: 309.494
weight: 4.62705e-07
eec: 154.006
weight: 1.00569e-05
eec: 1793.82
weight: 0.000289647
eec: 565.527
weight: 0.000147887
eec: 1912.59
weight: 7.53563e-06
eec: 1167.96
weight: 1.29994e-07
eec: 314.249
weight: 2.91012e-09
eec: 275.158
weight: 0.00014172
eec: 184.093
weight: 6.18547e-07
eec: 142.719
weight: 9.58321e-06
eec: 1832.78
weight: 9.05356e-05
eec: 116.851

ROOT exit code = 0
