gSystem->Load("run_condor_job_Run3_C.so");
run_condor_job_Run3(109, 100, 2,
                    80, 200,
                    1, 1, 1, 1);
.q

ENTERED run_condor_job_Run3()
JOBID = 109
  global job = 109  Job 9/100  events [527580, 586200)  total=5862000
Processing events [527580, 586200) of 5862000
weight: 9.51834e-06
eec: 455.019
weight: 0.00174514
eec: 77.6515
weight: 7.62678e-06
eec: 1669.57
weight: 1.31229e-06
eec: 1596.22
weight: 3.326e-06
eec: 233.334
weight: 4.19714e-05
eec: 271.549
weight: 0.000822234
eec: 105.456
weight: 6.87215e-07
eec: 31.5267
weight: 4.59574e-07
eec: 1389.89
weight: 1.22337e-07
eec: 255.116
weight: 3.31285e-05
eec: 1031.27
weight: 0.000138175
eec: 539.659
weight: 7.72849e-05
eec: 238.458
weight: 6.75643e-06
eec: 98.2438
weight: 0.000146614
eec: 300.918
weight: 3.25304e-07
eec: 464.101
weight: 2.80319e-05
eec: 447.528
weight: 8.78041e-08
eec: 20.7249
weight: 1.16361e-05
eec: 543.575
weight: 3.53222e-06
eec: 1402.26
weight: 3.47875e-06
eec: 253.233
weight: 0.000327004
eec: 23.3535
weight: 1.4192e-05
eec: 685.404
weight: 2.40597e-06
eec: 324.363
weight: 4.24198e-06
eec: 1112.55
weight: 3.71381e-06
eec: 1210.04
weight: 6.95238e-06
eec: 349.256
weight: 1.14467e-06
eec: 675.91
weight: 1.59538e-06
eec: 1001.62
weight: 3.81966e-05
eec: 30.3322
weight: 2.19547e-08
eec: 358.644
weight: 3.06455e-06
eec: 175.906
weight: 0.00019657
eec: 1055.85
weight: 0.000272213
eec: 938.453
weight: 3.67922e-05
eec: 1631.7
weight: 0.000143962
eec: 94.721
weight: 0.000778292
eec: 212.74
weight: 2.93565e-05
eec: 128.84
weight: 0.00191302
eec: 381.297
weight: 2.58125e-05
eec: 651.731
weight: 4.61407e-06
eec: 856.263
weight: 3.95061e-05
eec: 1528.74
weight: 9.39295e-05
eec: 260.119
weight: 3.25989e-05
eec: 551.069
weight: 1.50689e-06
eec: 439.322
weight: 0.000917439
eec: 605.646
weight: 0.000132222
eec: 277.91
weight: 1.06386e-05
eec: 193.106
weight: 5.214e-05
eec: 94.7466
weight: 5.74073e-06
eec: 1405.05
weight: 8.87055e-05
eec: 1995.1
weight: 3.88803e-06
eec: 32.5894
weight: 0.000128994
eec: 646.934
weight: 0.00028105
eec: 269.495
weight: 1.60007e-06
eec: 50.67
weight: 0.000351022
eec: 148.61
weight: 3.93037e-05
eec: 615.72
weight: 0.000170242
eec: 64.8484
weight: 0.000626092
eec: 627.929
weight: 0.000172223
eec: 85.497
weight: 1.56018e-05
eec: 103.165
weight: 5.43479e-06
eec: 231.372
weight: 1.59018e-06
eec: 600.094
weight: 4.35801e-06
eec: 139.571
weight: 1.58355e-05
eec: 1255.64
weight: 1.25803e-05
eec: 81.2906
weight: 4.14973e-06
eec: 1236.68
weight: 2.84886e-05
eec: 1049.91
weight: 1.92854e-05
eec: 900.69
weight: 2.87815e-05
eec: 457.758
weight: 2.75115e-06
eec: 2086
weight: 0.000889669
eec: 195.177
weight: 7.44729e-05
eec: 476.481
weight: 2.71731e-05
eec: 515.265
weight: 0.000155587
eec: 14.1442
weight: 9.74952e-06
eec: 75.2842
weight: 2.60296e-05
eec: 54.826
weight: 0.000120404
eec: 168.919
weight: 0.000176837
eec: 1238.57
weight: 3.00121e-06
eec: 278.916
weight: 1.99251e-05
eec: 473.623
weight: 0.00248827
eec: 768.991
weight: 3.54353e-06
eec: 868.828
weight: 0.000372942
eec: 692.031
weight: 3.82689e-05
eec: 691.986
weight: 5.14671e-06
eec: 44.3071
weight: 1.58766e-05
eec: 353.359
weight: 4.89161e-06
eec: 425.094
weight: 2.6693e-05
eec: 1205.75
Processing: 9.38246 %weight: 2.01872e-05
eec: 145.626
weight: 0.00011865
eec: 160.395
weight: 4.37385e-06
eec: 1956.28
weight: 1.78687e-05
eec: 696.942
weight: 6.36241e-05
eec: 141.97
weight: 0.000271989
eec: 83.8181
weight: 0.000188698
eec: 1144.82
weight: 0.000883006
eec: 881.289
weight: 9.6233e-06
eec: 557.984
weight: 3.11443e-06
eec: 82.3083
weight: 3.71568e-05
eec: 1190.06
weight: 9.7995e-05
eec: 201.422
weight: 1.1772e-05
eec: 128.527
weight: 0.000225179
eec: 773.608
weight: 0.000437632
eec: 553.45
weight: 9.11711e-06
eec: 630.909
weight: 2.19604e-05
eec: 518.004
weight: 3.22639e-05
eec: 527.941
weight: 0.000308603
eec: 1313.72
weight: 1.8475e-05
eec: 370.517
weight: 2.88274e-05
eec: 517.904
weight: 2.85559e-06
eec: 649.147
weight: 4.919e-05
eec: 106.859
weight: 0.000325971
eec: 52.9365
weight: 7.53627e-06
eec: 1934.1
weight: 4.79699e-05
eec: 964.516
weight: 1.57123e-05
eec: 167.142
weight: 2.42434e-05
eec: 1282.07
weight: 0.000297742
eec: 114.07
weight: 1.71749e-05
eec: 275.329
weight: 0.000345116
eec: 58.4266
weight: 1.73516e-06
eec: 426.977
weight: 7.86888e-06
eec: 150.79
weight: 0.000112159
eec: 264.6
weight: 5.61824e-05
eec: 155.955
weight: 7.07272e-07
eec: 1936.48
weight: 2.98896e-05
eec: 304.236
weight: 4.19272e-05
eec: 481.905
weight: 3.14399e-05
eec: 114.073
weight: 0.000158017
eec: 175.865
weight: 0.0001073
eec: 318.29
weight: 1.19914e-05
eec: 299.564
weight: 0.000141952
eec: 1507.77
weight: 3.8992e-06
eec: 66.2881
weight: 4.12105e-06
eec: 813.822
weight: 6.53701e-06
eec: 495.119
weight: 3.66993e-06
eec: 363.372
weight: 3.5205e-06
eec: 2310.13
weight: 0.000425159
eec: 127.814
weight: 4.35478e-05
eec: 303.232
weight: 6.8082e-05
eec: 423.147
weight: 1.73385e-05
eec: 2121.01
weight: 5.1447e-05
eec: 162.838
weight: 4.35132e-05
eec: 238.356
weight: 2.90113e-06
eec: 224.731
weight: 0.000126597
eec: 1399.74
weight: 0.000223857
eec: 771.213
weight: 1.25882e-05
eec: 194.427
weight: 5.20013e-06
eec: 1497.64
weight: 6.63313e-05
eec: 107.134
weight: 3.14522e-06
eec: 1696.7
weight: 4.87681e-06
eec: 871.628
weight: 2.90283e-05
eec: 836.082
weight: 8.46118e-06
eec: 95.8032
weight: 6.85581e-05
eec: 1906.9
weight: 1.68193e-05
eec: 3640.44
weight: 1.25661e-05
eec: 480.077
weight: 2.01024e-05
eec: 1822.15
weight: 2.99263e-05
eec: 325.717
weight: 4.01732e-06
eec: 1485.77
weight: 8.51851e-05
eec: 959.194
weight: 1.70937e-05
eec: 114.374
weight: 5.78853e-05
eec: 630.728
weight: 0.000113713
eec: 98.9419
weight: 4.99167e-05
eec: 354.785
weight: 0.000582954
eec: 659.113
weight: 0.000176335
eec: 690.307
weight: 6.11086e-07
eec: 100.295
weight: 3.74701e-06
eec: 1335.59
weight: 1.68132e-05
eec: 89.8378
weight: 0.000250591
eec: 120.176
weight: 1.04436e-05
eec: 497.703
weight: 1.02774e-05
eec: 222.308
weight: 7.05563e-06
eec: 1300.41
weight: 8.45291e-06
eec: 1749.07
weight: 6.79177e-06
eec: 567.793
weight: 3.45571e-06
eec: 93.8663
weight: 4.49292e-06
eec: 2202.52
weight: 7.23705e-06
eec: 52.7242
weight: 1.79412e-05
eec: 536.519
weight: 2.35795e-05
eec: 2066.91
weight: 6.41121e-07
eec: 45.9652
weight: 0.000105621
eec: 794.411
weight: 4.19882e-05
eec: 308.251
weight: 5.33171e-07
eec: 773.966
weight: 2.71768e-05
eec: 156.137
weight: 0.000179661
eec: 80.892
weight: 0.000269108
eec: 306.768
weight: 4.36576e-05
eec: 179.376
weight: 2.17041e-06
eec: 2870.86
weight: 2.81177e-05
eec: 131.593
weight: 0.000380779
eec: 218.83
weight: 1.98719e-05
eec: 333.465
weight: 1.24828e-06
eec: 114.876
weight: 3.85133e-05
eec: 240.624
weight: 5.03883e-05
eec: 211.165
weight: 1.4682e-05
eec: 627.268
weight: 0.000271722
eec: 434.99
weight: 0.000119444
eec: 1121.57
weight: 6.18758e-05
eec: 478.139
weight: 6.18758e-05
eec: 569.225
weight: 8.14751e-06
eec: 363.55
weight: 1.3652e-05
eec: 474.074
weight: 6.99647e-05
eec: 200.876
weight: 5.43108e-05
eec: 975.958
weight: 4.38147e-05
eec: 76.7771
weight: 3.43603e-05
eec: 540.056
weight: 3.01097e-05
eec: 129.716
weight: 3.10186e-05
eec: 38.231
weight: 6.08126e-06
eec: 188.559
weight: 3.34347e-07
eec: 31.3663
weight: 3.10414e-05
eec: 109.427
weight: 1.89502e-05
eec: 2746.84
weight: 1.87576e-05
eec: 733.903
weight: 1.85954e-05
eec: 998.219
weight: 1.18106e-06
eec: 234.856
weight: 1.50822e-05
eec: 374.94
weight: 7.8358e-06
eec: 539.766
weight: 4.8624e-07
eec: 98.7445
weight: 0.000241477
eec: 79.413
weight: 6.73311e-06
eec: 1668.22
weight: 0.000278627
eec: 428.09

ROOT exit code = 0
