gSystem->Load("run_condor_job_Run3_C.so");
run_condor_job_Run3(341, 100, 2,
                    80, 200,
                    1, 1, 1, 3);
.q

ENTERED run_condor_job_Run3()
JOBID = 341
  global job = 341  Job 41/100  events [2460000, 2520000)  total=6000000
Processing events [2460000, 2520000) of 6000000
weight: 1.62302e-05
eec: 1232.91
weight: 7.33427e-05
eec: 175.422
weight: 1.9966e-05
eec: 678.425
weight: 1.17611e-06
eec: 101.511
weight: 0.000257154
eec: 391.777
weight: 7.98722e-05
eec: 127.899
weight: 3.89715e-05
eec: 332.739
weight: 1.09607e-07
eec: 160.04
weight: 4.08513e-06
eec: 779.952
weight: 3.69034e-05
eec: 621.194
weight: 2.0689e-05
eec: 135.623
weight: 3.14883e-05
eec: 19.5783
weight: 5.50482e-06
eec: 2945.53
weight: 0.000115048
eec: 523.319
weight: 3.14637e-05
eec: 296.913
weight: 1.75967e-05
eec: 986.871
weight: 7.35582e-06
eec: 215.473
weight: 3.60271e-05
eec: 987.343
weight: 9.57031e-05
eec: 763.533
weight: 1.592e-06
eec: 516.571
weight: 2.40076e-08
eec: 730.154
weight: 3.32291e-05
eec: 66.9607
weight: 0.000199794
eec: 267.579
weight: 1.41966e-05
eec: 238.823
weight: 2.45281e-05
eec: 644.293
weight: 1.89085e-05
eec: 114.042
weight: 1.23064e-07
eec: 805.438
weight: 1.19614e-05
eec: 1262.43
weight: 1.64692e-05
eec: 191.891
weight: 1.26463e-05
eec: 527.026
weight: 2.85711e-06
eec: 1646.63
weight: 6.50948e-05
eec: 692.77
weight: 0.000369646
eec: 70.2954
weight: 7.64596e-06
eec: 81.9178
weight: 6.72669e-05
eec: 544.265
weight: 0.000640571
eec: 286.692
weight: 1.39898e-06
eec: 213.727
weight: 8.06266e-06
eec: 508.092
weight: 6.87773e-07
eec: 21.1393
weight: 0.000296652
eec: 230.504
weight: 5.38246e-06
eec: 122.59
weight: 3.36883e-05
eec: 90.3728
weight: 1.63659e-05
eec: 17.9384
weight: 5.43359e-05
eec: 589.654
weight: 4.82721e-05
eec: 307.967
weight: 1.03364e-05
eec: 382.756
weight: 0.000491793
eec: 499.984
weight: 0.000210088
eec: 958.5
weight: 4.07907e-05
eec: 617.131
weight: 3.90225e-05
eec: 419.852
weight: 2.57897e-05
eec: 1347.95
weight: 2.23043e-06
eec: 309.872
weight: 0.000201432
eec: 54.448
weight: 3.36314e-05
eec: 291.719
weight: 2.0646e-06
eec: 505.241
weight: 2.30011e-05
eec: 114.04
weight: 3.17253e-05
eec: 169.759
weight: 1.81606e-05
eec: 94.1808
weight: 0.000308182
eec: 397.792
weight: 2.82213e-05
eec: 329.32
weight: 7.08381e-06
eec: 840.879
weight: 0.000166589
eec: 1166.97
weight: 9.85886e-06
eec: 1231.4
weight: 1.79253e-05
eec: 1323.31
weight: 3.93994e-06
eec: 1059.15
weight: 4.82774e-05
eec: 301.698
weight: 3.08679e-05
eec: 238.916
weight: 5.82183e-05
eec: 1527.5
weight: 5.82183e-05
eec: 1378.48
weight: 2.72512e-05
eec: 449.901
weight: 1.03058e-06
eec: 1508.76
weight: 7.32328e-05
eec: 270.666
weight: 5.19642e-05
eec: 945.556
weight: 9.29014e-05
eec: 1129.08
weight: 2.90792e-06
eec: 788.589
weight: 1.54163e-05
eec: 352.714
weight: 7.86965e-06
eec: 371.757
weight: 1.12408e-05
eec: 9.79519
weight: 2.21988e-06
eec: 194.424
weight: 6.07322e-05
eec: 126.245
weight: 0.000210684
eec: 62.5024
weight: 9.92566e-06
eec: 957.024
weight: 0.000162211
eec: 1070.14
weight: 5.92136e-06
eec: 252.884
weight: 2.74916e-05
eec: 33.3559
weight: 3.26035e-06
eec: 1447.28
weight: 0.000136866
eec: 29.1121
weight: 2.82883e-08
eec: 683.553
weight: 9.52548e-06
eec: 739.663
weight: 2.07402e-07
eec: 442.062
weight: 1.25763e-05
eec: 73.4716
weight: 5.18953e-05
eec: 565.044
weight: 4.91977e-06
eec: 438.758
weight: 1.87113e-05
eec: 554.389
weight: 1.55892e-05
eec: 165.828
weight: 5.57313e-05
eec: 69.9879
weight: 3.24717e-05
eec: 119.236
weight: 0.000179039
eec: 1533.55
weight: 2.5723e-06
eec: 469.06
weight: 7.39897e-05
eec: 1507.99
weight: 2.22218e-05
eec: 609.751
weight: 4.04907e-05
eec: 87.3378
weight: 9.46148e-06
eec: 596.859
weight: 9.90395e-06
eec: 14.8643
weight: 8.69195e-05
eec: 396.318
weight: 1.72601e-05
eec: 2675.79
weight: 6.93009e-05
eec: 326.931
weight: 2.7099e-06
eec: 180.211
weight: 1.22312e-05
eec: 1097.62
weight: 6.64356e-05
eec: 95.229
weight: 2.51697e-06
eec: 768.694
weight: 2.80388e-05
eec: 20.5469
weight: 1.65745e-05
eec: 667.129
weight: 5.77686e-08
eec: 643.705
weight: 3.48744e-06
eec: 467.443
weight: 4.48463e-05
eec: 725.942
weight: 9.44358e-06
eec: 2206.74
weight: 7.68105e-05
eec: 977.153
weight: 2.28111e-05
eec: 894.153
weight: 1.56736e-05
eec: 1671.59
weight: 2.22232e-05
eec: 63.724
weight: 5.1641e-05
eec: 1925.03
weight: 6.70442e-07
eec: 172.211
weight: 6.16995e-06
eec: 106.085
weight: 5.41954e-05
eec: 888.398
weight: 5.31326e-06
eec: 1488.21
weight: 2.30177e-05
eec: 175.57
weight: 8.25837e-05
eec: 223.98
weight: 8.54918e-05
eec: 421.022
weight: 9.81815e-05
eec: 497.344
weight: 4.69783e-05
eec: 219.188
weight: 8.31709e-06
eec: 1484.65
weight: 0.000111396
eec: 101.853
weight: 2.67054e-05
eec: 525.251
weight: 0.000173287
eec: 209.197
weight: 1.46014e-05
eec: 200.512
weight: 0.000143626
eec: 720.867
weight: 1.779e-06
eec: 1123.2
Processing: 41.6667 %weight: 1.36156e-05
eec: 11.0668
weight: 2.43056e-05
eec: 921.258
weight: 6.79498e-05
eec: 112.809
weight: 0.000184458
eec: 502.025
weight: 5.51673e-05
eec: 366.266
weight: 5.44238e-06
eec: 114.733
weight: 4.14305e-07
eec: 217.591
weight: 3.94889e-05
eec: 1895.51
weight: 2.06483e-05
eec: 1065.5
weight: 1.6543e-05
eec: 1829.82
weight: 2.7495e-06
eec: 522.786
weight: 0.000140648
eec: 258.008
weight: 2.75855e-06
eec: 717.595
weight: 1.54902e-05
eec: 314.031
weight: 1.31591e-05
eec: 3546.52
weight: 1.46069e-05
eec: 2565.16
weight: 4.00089e-06
eec: 280.87
weight: 5.80014e-05
eec: 322.984
weight: 0.000216633
eec: 60.9284
weight: 0.000139431
eec: 66.154
weight: 4.03769e-05
eec: 59.6694
weight: 2.27498e-05
eec: 559.845
weight: 2.28941e-08
eec: 1469.53
weight: 1.10987e-07
eec: 241.347
weight: 0.000830759
eec: 216.151
weight: 6.0942e-06
eec: 50.3665
weight: 2.1494e-05
eec: 484.526
weight: 4.45147e-05
eec: 891.558
weight: 1.95437e-05
eec: 422.103
weight: 0.000219012
eec: 92.9271
weight: 1.3572e-05
eec: 401.59
weight: 6.30615e-05
eec: 679.258
weight: 0.000193905
eec: 766.074
weight: 5.2064e-05
eec: 1077.59
weight: 3.04949e-05
eec: 426.9
weight: 1.22402e-05
eec: 278.883
weight: 5.64266e-05
eec: 144.802
weight: 1.87608e-05
eec: 247.178
weight: 1.24801e-05
eec: 70.956
weight: 3.53503e-06
eec: 6347.81
weight: 1.54918e-05
eec: 491.555
weight: 2.72361e-05
eec: 332.84
weight: 1.68844e-06
eec: 1156.01
weight: 0.000247673
eec: 69.4723
weight: 0.000168673
eec: 1213.28
weight: 0.000123447
eec: 730.584
weight: 0.000140879
eec: 467.716
weight: 6.3539e-07
eec: 653.653
weight: 9.91257e-05
eec: 71.2617
weight: 2.32678e-05
eec: 969.397
weight: 0.000154201
eec: 129.71
weight: 0.000280662
eec: 122.687
weight: 3.37095e-07
eec: 187.973
weight: 4.20226e-06
eec: 387.262
weight: 2.11778e-05
eec: 131.231
weight: 0.000172774
eec: 731.162
weight: 5.71961e-06
eec: 75.1654
weight: 1.56382e-06
eec: 247.335
weight: 2.70577e-05
eec: 167.967
weight: 6.67748e-06
eec: 764.713
weight: 0.000124138
eec: 281.965
weight: 3.03071e-05
eec: 1173.63
weight: 5.47142e-05
eec: 141.478
weight: 1.28643e-06
eec: 1172.23
weight: 6.28674e-06
eec: 81.9211
weight: 5.45336e-05
eec: 705.504
weight: 0.000279061
eec: 163.72
weight: 0.000316673
eec: 477.475
weight: 0.000274272
eec: 70.6538
weight: 1.74748e-06
eec: 1072.21
weight: 9.55108e-05
eec: 106.755
weight: 4.96489e-06
eec: 109.155
weight: 1.21437e-05
eec: 2064.73
weight: 3.91243e-05
eec: 417.3
weight: 9.54923e-06
eec: 429.59
weight: 1.43155e-05
eec: 29.7915

ROOT exit code = 0
