gSystem->Load("run_condor_job_Run3_C.so");
run_condor_job_Run3(824, 100, 2,
                    80, 200,
                    1, 1, 1, 8);
.q

ENTERED run_condor_job_Run3()
JOBID = 824
  global job = 824  Job 24/100  events [1440000, 1500000)  total=6000000
Processing events [1440000, 1500000) of 6000000
weight: 2.725e-05
eec: 588.52
weight: 4.10295e-05
eec: 376.547
weight: 2.79148e-05
eec: 975.363
weight: 1.61996e-05
eec: 116.676
weight: 3.91503e-07
eec: 1204.89
weight: 9.3713e-09
eec: 456.584
weight: 9.855e-06
eec: 223.291
weight: 5.73233e-05
eec: 144.767
weight: 1.24505e-05
eec: 969.937
weight: 1.03565e-05
eec: 662.908
weight: 0.000158974
eec: 542.284
weight: 2.30506e-06
eec: 843.694
weight: 5.06611e-06
eec: 1557.09
weight: 7.40398e-06
eec: 1082.53
weight: 4.45469e-05
eec: 833.903
weight: 3.66712e-06
eec: 644.362
weight: 3.36352e-05
eec: 254.897
weight: 0.000148134
eec: 141.591
weight: 1.15428e-05
eec: 689.96
weight: 2.58151e-05
eec: 519.075
weight: 2.16355e-05
eec: 913.728
weight: 3.72947e-08
eec: 252.186
weight: 1.99782e-05
eec: 1785.88
weight: 2.28632e-07
eec: 72.6296
weight: 2.28632e-07
eec: 1090.52
weight: 4.34346e-06
eec: 1678.41
weight: 0.000186203
eec: 249.747
weight: 0.000265964
eec: 141.072
weight: 6.17522e-06
eec: 3782.27
weight: 2.71748e-05
eec: 531.747
weight: 2.50024e-06
eec: 668.008
weight: 1.0522e-05
eec: 343.798
weight: 0.000234772
eec: 135.2
weight: 2.08312e-05
eec: 144.269
weight: 9.99381e-06
eec: 566.345
weight: 7.80982e-05
eec: 876.204
weight: 1.38509e-05
eec: 1805.45
weight: 1.74093e-05
eec: 306.937
weight: 2.91883e-05
eec: 654.485
weight: 6.84382e-06
eec: 663.122
weight: 0.000115966
eec: 88.6677
weight: 0.000109455
eec: 918.02
weight: 4.24468e-05
eec: 193.875
weight: 0.000174198
eec: 363.648
weight: 2.68288e-05
eec: 465.151
Processing: 24.1667 %weight: 8.98496e-06
eec: 981.662
weight: 2.47992e-05
eec: 1005.74
weight: 2.97508e-05
eec: 2325.15
weight: 0.00018553
eec: 133.569
weight: 2.84483e-05
eec: 192.753
weight: 0.000241213
eec: 742.644
weight: 4.0013e-05
eec: 519.003
weight: 6.80883e-06
eec: 414.095
weight: 0.000275592
eec: 107.341
weight: 9.99502e-06
eec: 1229.16
weight: 3.41161e-06
eec: 2261.73
weight: 8.6445e-05
eec: 528.321
weight: 8.94463e-05
eec: 153.718
weight: 8.8335e-05
eec: 523.929
weight: 0.000174374
eec: 903.515
weight: 1.86119e-05
eec: 359.535
weight: 4.18923e-05
eec: 486.538
weight: 2.86174e-05
eec: 144.388
weight: 0.00031346
eec: 236.917
weight: 0.000196542
eec: 264.407
weight: 6.82745e-05
eec: 1061.05
weight: 3.32364e-05
eec: 1169.65
weight: 6.12786e-05
eec: 1163.46
weight: 6.94408e-05
eec: 550.998
weight: 8.02711e-05
eec: 484.6
weight: 5.41245e-06
eec: 120.337
weight: 3.65259e-05
eec: 885.085
weight: 4.13203e-05
eec: 192.153
weight: 5.9788e-05
eec: 19.0023
weight: 6.00937e-05
eec: 438.735
weight: 1.71041e-05
eec: 99.9614
weight: 1.3079e-05
eec: 1099.48
weight: 5.33818e-05
eec: 1663.99
weight: 0.000977871
eec: 455.915
weight: 2.83757e-06
eec: 119.817
weight: 3.17904e-05
eec: 1165.53
weight: 9.95313e-06
eec: 821.043
weight: 0.000164329
eec: 281.321
weight: 3.61211e-05
eec: 60.1523
weight: 9.04489e-06
eec: 1517.1
weight: 3.59163e-05
eec: 997.548
weight: 2.35574e-05
eec: 3139.72
weight: 7.79001e-06
eec: 68.5646
weight: 7.60769e-05
eec: 162.244
weight: 1.45753e-05
eec: 718.594
weight: 1.26383e-06
eec: 1978.28
weight: 1.11616e-05
eec: 284.494
weight: 1.29678e-06
eec: 24.1334
weight: 4.90075e-05
eec: 190.431
weight: 2.5134e-05
eec: 149.93
weight: 7.59677e-05
eec: 54.9326
weight: 1.72531e-05
eec: 168.482
weight: 0.000237002
eec: 136.104
weight: 3.42449e-05
eec: 1860.74
weight: 2.31936e-05
eec: 430.177
weight: 1.19768e-05
eec: 692.372
weight: 8.59089e-05
eec: 32.4828
weight: 1.95035e-05
eec: 29.3443
weight: 0.000571111
eec: 1056.11
weight: 7.81495e-06
eec: 3312.96
weight: 1.91469e-05
eec: 142.987
weight: 5.38073e-06
eec: 332.879
weight: 6.12979e-06
eec: 622.029
weight: 1.56453e-05
eec: 959.582
weight: 3.36151e-05
eec: 1474.02
weight: 5.16306e-05
eec: 1366.82
weight: 0.000108174
eec: 318.797
weight: 1.04022e-05
eec: 279.576
weight: 0.000128662
eec: 136.677
weight: 8.33413e-06
eec: 247.14
weight: 3.0597e-05
eec: 213.071
weight: 1.88054e-05
eec: 255.257
weight: 0.000201104
eec: 328.048
weight: 7.30306e-06
eec: 78.947
weight: 3.77252e-05
eec: 72.1982
weight: 2.83981e-07
eec: 367.237
weight: 1.12177e-05
eec: 129.73
weight: 5.0117e-05
eec: 387.755
weight: 5.94667e-06
eec: 1419.23
weight: 7.78383e-05
eec: 509.518
weight: 1.01145e-05
eec: 2421.13
weight: 4.70182e-05
eec: 363.656
weight: 3.30945e-06
eec: 2877.47
weight: 6.92599e-07
eec: 1393.59
weight: 3.90621e-06
eec: 334.688
weight: 6.49642e-06
eec: 749.184
weight: 3.45581e-05
eec: 74.3419
weight: 6.74942e-05
eec: 26.0118
weight: 2.92946e-05
eec: 118.339
weight: 0.000197309
eec: 1268.19
weight: 9.7026e-05
eec: 257.134
weight: 7.18152e-05
eec: 438.996
weight: 2.15888e-05
eec: 599.131
weight: 0.000109068
eec: 86.9252
weight: 1.23253e-05
eec: 943.994
weight: 1.43595e-05
eec: 749.957
weight: 0.000101535
eec: 305.777
weight: 0.000127398
eec: 835.174
weight: 1.12722e-05
eec: 175.613
weight: 8.95466e-06
eec: 282.271
weight: 0.00018927
eec: 515.293
weight: 1.55746e-05
eec: 978.872
weight: 0.000773216
eec: 959.624
weight: 0.000110518
eec: 117.456
weight: 1.51345e-05
eec: 19.8515
weight: 0.000231219
eec: 104.941
weight: 6.77225e-06
eec: 657.146
weight: 6.76006e-06
eec: 811.665
weight: 1.26436e-06
eec: 517.312
weight: 0.000119694
eec: 114.495
weight: 4.15329e-05
eec: 288.738
weight: 4.7147e-06
eec: 373.324
weight: 3.24679e-05
eec: 23.3331
weight: 2.88885e-05
eec: 2520.13
weight: 5.16077e-06
eec: 1062.83
weight: 2.12361e-05
eec: 472.452
weight: 6.65597e-05
eec: 1495.25
weight: 3.25484e-06
eec: 387.977
weight: 0.000115494
eec: 558.312
weight: 0.000202328
eec: 73.0996
weight: 0.000340687
eec: 399.626
weight: 0.000117747
eec: 880.332
weight: 6.21323e-05
eec: 658.711
weight: 0.000294264
eec: 120.114
weight: 9.73323e-06
eec: 2176.99
weight: 0.000151243
eec: 823.969
weight: 6.89204e-06
eec: 357.642
weight: 0.000205357
eec: 564.02
weight: 3.07678e-05
eec: 1751.96
weight: 4.37924e-06
eec: 375.656
weight: 1.8447e-05
eec: 149.048
weight: 7.89745e-05
eec: 336.755
weight: 7.01687e-06
eec: 304.251
weight: 9.74795e-05
eec: 16.2678
weight: 2.02656e-07
eec: 373.781
weight: 6.94298e-06
eec: 236.227
weight: 4.76252e-06
eec: 1407.24
weight: 4.20946e-05
eec: 350.416
weight: 7.89196e-06
eec: 88.8331
weight: 1.47987e-07
eec: 1042.12
weight: 0.00028836
eec: 84.7107
weight: 2.47248e-06
eec: 267.987
weight: 2.86886e-07
eec: 300.264
weight: 7.33681e-06
eec: 1090.49
weight: 1.14027e-05
eec: 569.802
weight: 1.23516e-06
eec: 214.277
weight: 2.46844e-08
eec: 1718.58
weight: 5.13963e-06
eec: 2396.9
weight: 9.36117e-05
eec: 417.42
weight: 9.33773e-07
eec: 75.7507
weight: 6.3836e-05
eec: 45.1567
weight: 9.14835e-05
eec: 88.4226
weight: 2.94418e-07
eec: 21.7818
weight: 8.5845e-05
eec: 135.367
weight: 3.60094e-05
eec: 1037.11
weight: 2.52079e-05
eec: 279.328
weight: 5.38228e-05
eec: 16.1332
weight: 0.000163303
eec: 1005.34
weight: 1.03412e-05
eec: 74.2508
weight: 6.67513e-05
eec: 170.211
weight: 1.69436e-05
eec: 353.539
weight: 7.79719e-06
eec: 519.617
weight: 3.73846e-05
eec: 126.124
weight: 4.3677e-05
eec: 1065.7
weight: 0.000224668
eec: 57.8248
weight: 1.16866e-05
eec: 290.873
weight: 2.12967e-05
eec: 636.991
weight: 0.00119493
eec: 43.577
weight: 1.1567e-05
eec: 201.398
weight: 0.000331365
eec: 312.58
weight: 2.45615e-06
eec: 1233.34
weight: 4.32388e-06
eec: 2377.32
weight: 9.64287e-08
eec: 1726.92
weight: 2.74991e-06
eec: 1415.39
weight: 2.37747e-05
eec: 79.5657
weight: 1.03602e-05
eec: 1903.08
weight: 3.97961e-05
eec: 640.661
weight: 3.81049e-05
eec: 2404.61
weight: 7.25542e-05
eec: 1043.59
weight: 6.29255e-06
eec: 776.272
weight: 0.000190908
eec: 867.29
weight: 2.7039e-05
eec: 1070.67
weight: 1.37171e-05
eec: 644.147
weight: 3.19083e-05
eec: 413.291
weight: 0.000282631
eec: 212.085
weight: 8.1425e-05
eec: 759.1
weight: 2.92e-06
eec: 455.344
weight: 0.000131054
eec: 141.665
weight: 4.26846e-06
eec: 764.995
weight: 1.9789e-05
eec: 1745.79
weight: 5.36681e-05
eec: 870.952
weight: 8.07605e-05
eec: 177.672
weight: 0.000575922
eec: 69.4272
weight: 2.1569e-05
eec: 262.462
weight: 3.16263e-06
eec: 85.6755
weight: 0.00019906
eec: 539.453
weight: 3.16244e-05
eec: 63.1003
weight: 7.02953e-06
eec: 70.0777
weight: 1.36905e-05
eec: 243.78
weight: 0.000152105
eec: 66.2227
weight: 0.000104334
eec: 426.841
weight: 6.68754e-05
eec: 218.127
weight: 2.31653e-06
eec: 234.606
weight: 5.95388e-05
eec: 1489.53
weight: 1.038e-07
eec: 349.101
weight: 2.13906e-05
eec: 784.557
weight: 2.00556e-06
eec: 779.022
weight: 6.04211e-05
eec: 307.691
weight: 3.89604e-05
eec: 845.89
weight: 4.25503e-06
eec: 209.157
weight: 0.000239269
eec: 518.824
weight: 0.0010633
eec: 779.441
weight: 4.04178e-05
eec: 483.707
weight: 0.00016168
eec: 18.0274
weight: 9.54754e-06
eec: 487.793
weight: 1.72788e-05
eec: 1977.62
weight: 0.000107378
eec: 53.7367
weight: 1.18079e-05
eec: 731.544
weight: 0.000196109
eec: 282.03
weight: 1.50221e-05
eec: 19.5223
weight: 1.74638e-05
eec: 280.56

ROOT exit code = 0
