gSystem->Load("run_condor_job_Run3_C.so");
run_condor_job_Run3(329, 100, 2,
                    80, 200,
                    1, 1, 1, 3);
.q

ENTERED run_condor_job_Run3()
JOBID = 329
  global job = 329  Job 29/100  events [1740000, 1800000)  total=6000000
Processing events [1740000, 1800000) of 6000000
weight: 5.7732e-06
eec: 815.621
weight: 3.27004e-06
eec: 141.851
weight: 1.30128e-06
eec: 223.299
weight: 1.30128e-06
eec: 1295.03
weight: 9.33749e-06
eec: 1094.31
weight: 1.97406e-05
eec: 209.991
weight: 2.52799e-05
eec: 439.492
weight: 3.62064e-05
eec: 180.094
weight: 1.67943e-05
eec: 177.956
weight: 7.25579e-05
eec: 1176.2
weight: 1.79656e-05
eec: 133.97
weight: 2.00431e-05
eec: 676.099
weight: 0.000313255
eec: 69.2376
weight: 0.000122571
eec: 102.582
weight: 1.47902e-05
eec: 723.663
weight: 9.88988e-07
eec: 76.1272
weight: 1.90507e-05
eec: 249.904
weight: 1.29531e-06
eec: 1501.55
weight: 1.03789e-05
eec: 643.765
weight: 4.30331e-05
eec: 114.046
weight: 0.000106225
eec: 1416.38
weight: 6.6216e-05
eec: 418.089
weight: 0.00066462
eec: 459.416
weight: 0.000466897
eec: 545.646
weight: 1.58241e-05
eec: 1819.08
weight: 5.96231e-06
eec: 68.4165
weight: 1.11479e-05
eec: 1481.09
weight: 7.19162e-05
eec: 1118.63
Processing: 29.1667 %weight: 5.18517e-05
eec: 606.296
weight: 0.000276885
eec: 33.3404
weight: 0.000167878
eec: 1343.16
weight: 8.33785e-05
eec: 175.552
weight: 2.89246e-05
eec: 121.233
weight: 9.11387e-07
eec: 867.059
weight: 2.20651e-05
eec: 768.043
weight: 0.000113838
eec: 50.3906
weight: 1.59639e-05
eec: 1621.6
weight: 5.87093e-06
eec: 711.99
weight: 1.7546e-06
eec: 1791.14
weight: 1.06493e-05
eec: 1804.12
weight: 9.37137e-05
eec: 100.931
weight: 0.000466797
eec: 91.4408
weight: 0.000512522
eec: 564.795
weight: 0.000300592
eec: 440.352
weight: 3.01797e-05
eec: 1682.97
weight: 0.000111356
eec: 207.654
weight: 2.00664e-05
eec: 237.434
weight: 2.4792e-06
eec: 510.885
weight: 1.25085e-05
eec: 404.966
weight: 2.97346e-06
eec: 797.613
weight: 5.78263e-05
eec: 292.076
weight: 0.000111555
eec: 479.129
weight: 7.49557e-06
eec: 523.108
weight: 9.07182e-06
eec: 1694.1
weight: 2.00182e-05
eec: 191.832
weight: 1.0701e-06
eec: 81.4867
weight: 1.74285e-05
eec: 1620.76
weight: 0.000150073
eec: 217.786
weight: 9.65808e-06
eec: 637.532
weight: 1.03609e-05
eec: 2992.92
weight: 7.74806e-06
eec: 359.527
weight: 2.49123e-06
eec: 790.922
weight: 5.20536e-06
eec: 6409.92
weight: 5.91076e-05
eec: 481.848
weight: 6.814e-07
eec: 2164.86
weight: 2.19394e-05
eec: 1716.23
weight: 5.78784e-05
eec: 262.968
weight: 0.000190459
eec: 226.39
weight: 1.59346e-05
eec: 600.979
weight: 0.000392225
eec: 448.446
weight: 1.57315e-05
eec: 179.097
weight: 6.91833e-06
eec: 149.083
weight: 0.000720017
eec: 273.532
weight: 6.13105e-05
eec: 209.485
weight: 2.83817e-06
eec: 628.485
weight: 7.6956e-05
eec: 214.351
weight: 1.60996e-05
eec: 2107.15
weight: 5.01893e-05
eec: 1998.78
weight: 3.32231e-05
eec: 57.7447
weight: 2.70253e-06
eec: 281.318
weight: 0.000174796
eec: 1045.72
weight: 7.26239e-06
eec: 145.876
weight: 3.8228e-05
eec: 2009.1
weight: 2.86347e-05
eec: 782.991
weight: 8.15181e-05
eec: 672.293
weight: 6.04328e-08
eec: 101.191
weight: 5.93105e-05
eec: 873.645
weight: 8.82297e-05
eec: 49.153
weight: 0.000351302
eec: 151.028
weight: 2.73579e-06
eec: 253.985
weight: 7.13799e-05
eec: 1056.7
weight: 5.25103e-06
eec: 22.7199
weight: 1.52996e-05
eec: 821.779
weight: 0.000112782
eec: 130.87
weight: 9.25217e-05
eec: 113.199
weight: 6.8052e-07
eec: 49.9686
weight: 8.52742e-06
eec: 1159.18
weight: 2.24389e-06
eec: 611.339
weight: 4.47647e-05
eec: 541.93
weight: 0.000134478
eec: 129.336
weight: 2.56717e-06
eec: 590.291
weight: 5.72661e-06
eec: 55.9081
weight: 1.88271e-05
eec: 902.326
weight: 2.86617e-05
eec: 35.7606
weight: 9.05275e-07
eec: 272.017
weight: 1.41996e-05
eec: 213.959
weight: 2.24814e-05
eec: 102.558
weight: 9.68349e-05
eec: 1394.1
weight: 0.00152796
eec: 160.136
weight: 3.19225e-07
eec: 161.84
weight: 3.91112e-05
eec: 82.396
weight: 8.82834e-05
eec: 655.654
weight: 1.91364e-06
eec: 923.784
weight: 5.97545e-06
eec: 648.406
weight: 4.04467e-05
eec: 56.953
weight: 1.45396e-05
eec: 1267.99
weight: 1.07324e-06
eec: 800.525
weight: 0.000444351
eec: 102.03
weight: 0.000191343
eec: 1163.01
weight: 0.000154414
eec: 340.153
weight: 7.18115e-05
eec: 343.545
weight: 3.43771e-05
eec: 1203.88
weight: 9.71253e-06
eec: 1163.5
weight: 1.66523e-06
eec: 68.096
weight: 9.82689e-06
eec: 961.439
weight: 4.82615e-05
eec: 609.726
weight: 0.000141448
eec: 108.915
weight: 3.36601e-07
eec: 170.219
weight: 1.50887e-05
eec: 78.5369
weight: 4.42954e-05
eec: 109.621
weight: 7.54653e-06
eec: 5127.33
weight: 6.15121e-06
eec: 85.332
weight: 5.93699e-06
eec: 753.935
weight: 0.000630587
eec: 413.784
weight: 3.05507e-06
eec: 1596.54
weight: 3.34422e-06
eec: 903.822
weight: 1.12425e-05
eec: 241.862
weight: 0.000325038
eec: 257.311
weight: 5.86758e-06
eec: 877.339
weight: 5.18429e-05
eec: 204.799
weight: 0.000126956
eec: 933.085
weight: 1.93554e-05
eec: 465.405
weight: 0.000563218
eec: 287.87
weight: 5.18783e-05
eec: 135.438
weight: 2.48159e-05
eec: 1046.25
weight: 1.46272e-05
eec: 79.7922
weight: 4.90757e-06
eec: 81.4007
weight: 7.54908e-05
eec: 1309
weight: 0.000271383
eec: 160.645
weight: 5.34145e-06
eec: 204.413
weight: 4.02014e-05
eec: 1794.09
weight: 4.32097e-06
eec: 113.749
weight: 1.85305e-05
eec: 3442.54
weight: 0.000114437
eec: 135.382
weight: 3.55385e-06
eec: 669.866
weight: 6.13602e-06
eec: 2632.76
weight: 5.64593e-05
eec: 201.397
weight: 1.10934e-05
eec: 300.349
weight: 1.84321e-06
eec: 3253.63
weight: 2.2532e-05
eec: 1060.55
weight: 6.80931e-06
eec: 809.417
weight: 6.63828e-06
eec: 288.322
weight: 1.95973e-05
eec: 314.254
weight: 2.64448e-05
eec: 1903.76
weight: 4.9065e-05
eec: 199.117
weight: 1.73534e-05
eec: 173.704
weight: 0.00054165
eec: 237.837
weight: 1.46067e-05
eec: 2048.78
weight: 0.000290724
eec: 217.343
weight: 0.000227968
eec: 444.165
weight: 4.60466e-05
eec: 640.333
weight: 4.99242e-06
eec: 363.791
weight: 0.000162119
eec: 338.827
weight: 9.53019e-06
eec: 778.428
weight: 2.02116e-05
eec: 369.429
weight: 7.97532e-06
eec: 413.526
weight: 2.89388e-05
eec: 990.178
weight: 3.14485e-05
eec: 1205.16
weight: 1.48576e-07
eec: 1379.12
weight: 9.37099e-07
eec: 1139.11
weight: 9.55724e-06
eec: 100.619
weight: 0.000102537
eec: 3345.47
weight: 1.54776e-05
eec: 1917.25
weight: 6.84169e-05
eec: 840.5
weight: 1.70922e-07
eec: 263.853
weight: 4.07274e-06
eec: 135.743
weight: 4.07741e-05
eec: 1262.15
weight: 0.000408622
eec: 795.326
weight: 0.000121029
eec: 323.759
weight: 1.83991e-05
eec: 5589.25
weight: 0.000139137
eec: 543.531
weight: 0.000257205
eec: 557.79
weight: 5.32189e-05
eec: 58.968
weight: 2.92259e-06
eec: 165.17
weight: 7.11141e-06
eec: 406.973
weight: 2.2178e-05
eec: 96.5394
weight: 5.93263e-06
eec: 1140.94
weight: 1.07331e-05
eec: 1529.99
weight: 0.000323206
eec: 579.35
weight: 4.44229e-05
eec: 381.353
weight: 2.79839e-05
eec: 925.238
weight: 8.26996e-05
eec: 33.0166
weight: 5.73248e-05
eec: 296.931
weight: 0.000282014
eec: 388.261
weight: 4.67066e-05
eec: 566.573
weight: 3.3946e-05
eec: 790.294
weight: 0.000146423
eec: 170.688
weight: 5.61941e-05
eec: 2081.01
weight: 2.53263e-07
eec: 29.4824
weight: 3.99233e-05
eec: 1066.98
weight: 1.68213e-05
eec: 44.329
weight: 3.09186e-05
eec: 885.058
weight: 1.12357e-05
eec: 573.465
weight: 3.87988e-05
eec: 39.6182
weight: 6.09347e-06
eec: 252.617
weight: 2.25801e-05
eec: 380.318
weight: 0.000206265
eec: 288.597
weight: 1.51741e-05
eec: 1222.77
weight: 1.94997e-05
eec: 653.528
weight: 0.000893074
eec: 92.2515
weight: 2.28046e-05
eec: 390.362
weight: 0.000244249
eec: 526.969
weight: 1.28381e-05
eec: 291.291
weight: 1.34692e-05
eec: 234.165
weight: 0.000372068
eec: 895.918
weight: 0.000150264
eec: 1107.14

ROOT exit code = 0
