gSystem->Load("run_condor_job_Run3_C.so");
run_condor_job_Run3(917, 100, 2,
                    80, 200,
                    1, 1, 1, 9);
.q

ENTERED run_condor_job_Run3()
JOBID = 917
  global job = 917  Job 17/100  events [1010820, 1070280)  total=5946000
Processing events [1010820, 1070280) of 5946000
weight: 1.74602e-05
eec: 1142.43
weight: 4.13237e-05
eec: 196.319
weight: 2.7253e-06
eec: 1202.99
weight: 7.24763e-06
eec: 234.41
weight: 0.000126565
eec: 504.234
weight: 0.000206921
eec: 197.386
weight: 1.87181e-05
eec: 114.797
weight: 1.99877e-05
eec: 1903.35
weight: 3.58469e-05
eec: 276.995
weight: 1.10399e-05
eec: 392.486
weight: 0.00112236
eec: 1094.61
weight: 1.92389e-05
eec: 852.592
weight: 3.18132e-05
eec: 96.5628
weight: 6.27664e-06
eec: 1136.89
weight: 7.61625e-06
eec: 2004.61
weight: 1.12106e-05
eec: 287.565
weight: 2.57976e-05
eec: 197.049
weight: 2.77754e-06
eec: 504.615
weight: 2.77754e-06
eec: 124.789
weight: 2.83285e-05
eec: 56.7673
weight: 8.65659e-08
eec: 736.57
weight: 3.23984e-06
eec: 2887.2
weight: 3.38803e-05
eec: 586.228
weight: 0.000345248
eec: 313.36
weight: 1.20583e-05
eec: 1635.75
weight: 1.89926e-05
eec: 67.9967
weight: 0.000147314
eec: 180.248
weight: 8.48042e-06
eec: 1114.75
weight: 1.27043e-06
eec: 131.806
weight: 2.05618e-05
eec: 639.524
weight: 3.55693e-06
eec: 167.776
weight: 0.000153958
eec: 303.941
weight: 5.68444e-05
eec: 370.777
weight: 9.99232e-05
eec: 523.291
weight: 6.84078e-05
eec: 115.736
weight: 0.000195988
eec: 76.6766
weight: 2.3234e-07
eec: 132.929
weight: 7.91203e-06
eec: 564.015
weight: 1.47803e-05
eec: 614.132
weight: 8.44301e-06
eec: 2029.57
weight: 2.64737e-08
eec: 226.993
weight: 0.000217956
eec: 40.9396
weight: 1.2944e-05
eec: 865.711
weight: 0.00012494
eec: 366.103
weight: 3.05405e-05
eec: 1119.7
weight: 1.68095e-05
eec: 910.247
weight: 0.000415922
eec: 68.0756
weight: 3.32495e-05
eec: 715.269
weight: 0.000103161
eec: 356.733
weight: 4.13339e-06
eec: 2084.43
weight: 5.9918e-06
eec: 415.892
weight: 1.95117e-06
eec: 361.548
weight: 6.89913e-05
eec: 64.9627
weight: 0.000448415
eec: 45.3174
weight: 0.000115258
eec: 333.942
weight: 0.000295491
eec: 402.758
weight: 0.000402858
eec: 428.14
weight: 5.57775e-05
eec: 189.171
weight: 5.1105e-05
eec: 758.712
weight: 4.39409e-05
eec: 53.2626
weight: 1.00194e-06
eec: 320.107
weight: 2.54719e-05
eec: 154.054
weight: 9.8927e-06
eec: 2474.22
weight: 1.43324e-06
eec: 13.8628
weight: 0.000179976
eec: 215.576
weight: 6.24211e-05
eec: 1588.27
weight: 4.27997e-06
eec: 1747.87
weight: 9.09935e-05
eec: 662.65
weight: 1.05785e-05
eec: 274.972
weight: 5.20102e-06
eec: 1298.42
weight: 1.53202e-05
eec: 1000.88
weight: 0.00011599
eec: 339.735
weight: 0.000199261
eec: 312.303
weight: 0.000291215
eec: 1310.08
weight: 7.32663e-05
eec: 112.992
weight: 1.75382e-05
eec: 171.841
weight: 8.15239e-06
eec: 3262.65
weight: 1.53537e-05
eec: 2860.27
weight: 2.48482e-05
eec: 120.128
weight: 3.49371e-06
eec: 463.655
weight: 8.70288e-06
eec: 661.712
weight: 3.22809e-05
eec: 88.645
weight: 0.000103999
eec: 605.101
weight: 3.61349e-05
eec: 199.595
weight: 0.000115375
eec: 350.31
weight: 0.000131093
eec: 358.528
weight: 1.95258e-05
eec: 347.991
weight: 2.79692e-05
eec: 1118.83
weight: 3.47586e-06
eec: 226.959
weight: 0.00041521
eec: 245.762
weight: 6.51625e-08
eec: 101.955
weight: 4.53268e-05
eec: 2199.99
weight: 3.08302e-05
eec: 631.436
weight: 0.000190299
eec: 651.111
weight: 2.03404e-05
eec: 812.322
weight: 5.69979e-07
eec: 145.124
weight: 3.22538e-06
eec: 1066.25
weight: 1.97649e-05
eec: 274.046
weight: 6.26623e-06
eec: 262.157
weight: 0.000893179
eec: 138.04
weight: 3.49214e-06
eec: 315.854
weight: 1.85515e-05
eec: 160.59
weight: 3.58082e-07
eec: 69.7951
weight: 9.99139e-05
eec: 730.734
weight: 7.98964e-05
eec: 714.875
weight: 5.64409e-06
eec: 521.53
weight: 2.00827e-05
eec: 483.543
weight: 5.57561e-05
eec: 2583.1
weight: 5.57561e-05
eec: 17.2123
weight: 9.2211e-07
eec: 127.111
weight: 9.82286e-05
eec: 339.124
weight: 6.44507e-05
eec: 1174.71
weight: 0.000191095
eec: 171.338
weight: 0.000162939
eec: 638.816
weight: 0.000103873
eec: 422.459
weight: 0.000140614
eec: 985.191
weight: 2.42309e-05
eec: 93.9588
weight: 1.19229e-06
eec: 1256.49
weight: 1.88742e-05
eec: 2099.2
weight: 4.61934e-05
eec: 75.2324
weight: 1.32565e-05
eec: 1387.91
weight: 0.000137852
eec: 358.37
weight: 8.13609e-05
eec: 231.51
weight: 1.24123e-05
eec: 89.9168
weight: 6.48223e-05
eec: 76.8773
weight: 2.55182e-06
eec: 183.549
weight: 3.38821e-05
eec: 501.997
weight: 9.98867e-07
eec: 48.2291
weight: 1.3411e-05
eec: 222.652
weight: 5.63936e-05
eec: 1239.76
weight: 3.28352e-05
eec: 169.299
weight: 6.18679e-05
eec: 415.984
weight: 0.000167881
eec: 155.195
weight: 5.02885e-05
eec: 496.547
weight: 4.96146e-06
eec: 2525.16
weight: 2.61318e-05
eec: 201.097
weight: 1.24729e-05
eec: 78.6741
weight: 0.000394847
eec: 635.058
weight: 1.65783e-05
eec: 352.152
weight: 0.000499867
eec: 355.722
weight: 0.000432314
eec: 109.234
weight: 1.01537e-05
eec: 584.218
weight: 2.38231e-05
eec: 348.842
weight: 0.000238745
eec: 73.6433
weight: 8.25625e-05
eec: 674.278
weight: 2.74234e-05
eec: 370.936
weight: 1.12332e-05
eec: 322.631
weight: 0.000898899
eec: 271.65
weight: 2.13401e-06
eec: 913.702
weight: 1.13434e-05
eec: 56.2584
weight: 0.00027686
eec: 356.031
weight: 0.000960493
eec: 47.5505
weight: 2.4421e-05
eec: 578.245
weight: 1.97438e-05
eec: 1193.71
weight: 3.15694e-05
eec: 708.006
weight: 1.21509e-05
eec: 156.289
weight: 5.492e-07
eec: 2653.6
weight: 6.85755e-05
eec: 236.904
weight: 9.76578e-05
eec: 169.23
weight: 1.55145e-05
eec: 210.238
weight: 0.00017911
eec: 349.355
weight: 1.52775e-05
eec: 1284.61
weight: 1.59667e-05
eec: 226.883
weight: 8.53722e-05
eec: 129.457
weight: 0.000655445
eec: 415.924
weight: 0.000193492
eec: 248.482
weight: 6.81948e-06
eec: 396.239
weight: 7.14614e-06
eec: 1049.58
weight: 9.25439e-06
eec: 51.1031
Processing: 17.6589 %weight: 2.82195e-05
eec: 204.633
weight: 4.62824e-05
eec: 44.0322
weight: 0.000362117
eec: 185.287
weight: 3.91074e-05
eec: 387.167
weight: 0.00011806
eec: 415.821
weight: 7.12731e-07
eec: 78.5556
weight: 7.58825e-06
eec: 110.472
weight: 1.77395e-05
eec: 340.884
weight: 2.99901e-05
eec: 1638.96
weight: 1.8797e-05
eec: 1123.97
weight: 2.56516e-06
eec: 18.3919
weight: 0.000328611
eec: 537.694
weight: 0.000112276
eec: 99.8613
weight: 1.69161e-06
eec: 145.898
weight: 1.5486e-05
eec: 2083.38
weight: 7.22846e-06
eec: 961.716
weight: 1.69954e-05
eec: 1715.6
weight: 3.99681e-05
eec: 1017.02
weight: 6.22204e-06
eec: 746.101
weight: 1.44886e-05
eec: 948.648
weight: 1.8014e-08
eec: 551.666
weight: 9.5713e-05
eec: 646.402
weight: 2.91014e-05
eec: 675.249
weight: 6.41181e-06
eec: 316.083
weight: 2.32163e-07
eec: 221.179
weight: 2.38235e-05
eec: 631.807
weight: 4.49447e-06
eec: 1354.7
weight: 3.28365e-05
eec: 166.988
weight: 8.24229e-06
eec: 965.13
weight: 1.43325e-06
eec: 135.531
weight: 3.2937e-09
eec: 468.359
weight: 0.000919465
eec: 312.366
weight: 0.000101505
eec: 198.054
weight: 1.739e-08
eec: 153.434
weight: 5.00752e-06
eec: 2701.28
weight: 1.16204e-05
eec: 224.35
weight: 4.33976e-05
eec: 72.5498
weight: 1.58655e-05
eec: 740.283
weight: 3.45559e-05
eec: 102.949
weight: 7.1262e-06
eec: 2450.88
weight: 6.74455e-05
eec: 1174.61
weight: 1.92245e-05
eec: 128.062
weight: 4.4456e-05
eec: 237.184
weight: 0.000269034
eec: 669.679
weight: 8.41764e-06
eec: 828.254
weight: 2.9643e-06
eec: 2216.62
weight: 2.9227e-05
eec: 308.006
weight: 8.63656e-05
eec: 446.757
weight: 5.96044e-05
eec: 989.374
weight: 0.000182221
eec: 79.6135
weight: 0.00010031
eec: 522.031
weight: 1.83657e-05
eec: 885.482
weight: 1.7293e-07
eec: 124.061
weight: 1.94716e-05
eec: 247.126
weight: 0.000140764
eec: 99.5505
weight: 2.23087e-05
eec: 899.79
weight: 2.56979e-05
eec: 2542.09
weight: 3.65862e-05
eec: 126.799
weight: 0.000362318
eec: 380.248
weight: 9.58763e-08
eec: 143.893
weight: 0.000137507
eec: 370.012
weight: 3.80017e-05
eec: 78.8516
weight: 3.36764e-05
eec: 746.505
weight: 5.94296e-05
eec: 49.9761
weight: 4.63889e-05
eec: 47.437
weight: 6.24257e-06
eec: 46.7468
weight: 3.94343e-05
eec: 2494.57
weight: 0.00015739
eec: 147.292
weight: 8.80865e-06
eec: 145.607
weight: 5.14339e-06
eec: 321.662
weight: 5.36641e-05
eec: 1088.66
weight: 2.63984e-05
eec: 745.638
weight: 8.57083e-05
eec: 1001.84
weight: 0.000342204
eec: 154.73
weight: 6.33342e-07
eec: 242.784
weight: 1.76365e-05
eec: 1089.48
weight: 5.90076e-07
eec: 276.494
weight: 1.54665e-05
eec: 530.085
weight: 1.70391e-05
eec: 56.8952
weight: 3.73683e-05
eec: 1605.92
weight: 3.30707e-06
eec: 1026.05

ROOT exit code = 0
