gSystem->Load("run_condor_job_Run3_C.so");
run_condor_job_Run3(980, 100, 2,
                    80, 200,
                    1, 1, 1, 9);
.q

ENTERED run_condor_job_Run3()
JOBID = 980
  global job = 980  Job 80/100  events [4756800, 4816260)  total=5946000
Processing events [4756800, 4816260) of 5946000
weight: 1.72652e-06
eec: 1230.8
weight: 7.86185e-05
eec: 3184.02
weight: 6.73105e-06
eec: 150.72
weight: 0.000201158
eec: 137.074
weight: 3.9949e-05
eec: 1968.89
weight: 0.000192355
eec: 400.395
weight: 1.35206e-05
eec: 851.959
weight: 2.98566e-05
eec: 1298.68
weight: 4.93203e-06
eec: 162.722
weight: 0.000394799
eec: 122.091
weight: 9.19061e-05
eec: 873.594
weight: 4.49138e-06
eec: 148.183
weight: 8.64049e-05
eec: 552.74
weight: 7.40528e-07
eec: 257.296
weight: 9.93049e-06
eec: 366.669
weight: 4.3482e-08
eec: 145.809
weight: 1.7849e-05
eec: 436.753
weight: 5.40413e-05
eec: 723.104
weight: 0.000106213
eec: 48.9886
weight: 5.56792e-06
eec: 2086.3
weight: 2.95905e-05
eec: 361.7
weight: 1.33001e-05
eec: 472.664
weight: 2.45292e-06
eec: 1579.87
weight: 0.000932898
eec: 75.5258
weight: 4.63595e-05
eec: 27.7489
weight: 0.000109079
eec: 836.37
weight: 3.16516e-05
eec: 713.881
weight: 2.14244e-06
eec: 1759.87
weight: 3.70164e-06
eec: 499.523
weight: 9.75073e-05
eec: 242.297
weight: 2.94843e-05
eec: 1160.18
weight: 0.000103079
eec: 278.526
weight: 3.5649e-07
eec: 119.751
weight: 6.50305e-05
eec: 1152.78
weight: 3.10803e-05
eec: 2535.25
weight: 1.44523e-05
eec: 102.847
weight: 0.000135911
eec: 195.684
weight: 1.60034e-05
eec: 744.61
weight: 8.97044e-05
eec: 25.5988
weight: 0.000101508
eec: 404.825
weight: 0.000249796
eec: 267.527
weight: 0.00010422
eec: 502.593
weight: 4.15783e-05
eec: 3689.29
weight: 3.15634e-05
eec: 1150.69
weight: 4.17476e-05
eec: 104.351
weight: 0.000160375
eec: 55.5694
weight: 1.16514e-05
eec: 314.398
weight: 0.000295259
eec: 44.1235
weight: 8.42606e-05
eec: 153.584
weight: 4.12521e-05
eec: 178.338
weight: 1.94593e-06
eec: 561.547
weight: 1.40202e-07
eec: 349.372
weight: 6.55442e-05
eec: 825.766
weight: 8.51041e-06
eec: 53.3205
weight: 9.99147e-05
eec: 200.409
weight: 7.87716e-06
eec: 17.8257
weight: 2.1042e-06
eec: 1913.04
weight: 5.68843e-07
eec: 976.404
weight: 0.000211681
eec: 65.2684
weight: 0.000333704
eec: 247.938
weight: 8.62479e-06
eec: 1295.14
weight: 0.000433839
eec: 354.243
weight: 8.03891e-06
eec: 89.6409
weight: 0.000303348
eec: 71.2529
weight: 3.6614e-06
eec: 1267.45
weight: 3.91455e-05
eec: 430.536
weight: 8.05503e-05
eec: 965.401
weight: 1.15907e-05
eec: 1465.91
weight: 1.97067e-05
eec: 309.826
weight: 2.06626e-05
eec: 131.521
weight: 2.47922e-05
eec: 627.677
weight: 4.82896e-06
eec: 676.874
weight: 1.52955e-05
eec: 370.027
weight: 0.000154199
eec: 383.481
weight: 5.82045e-05
eec: 753.827
weight: 0.000301244
eec: 464.386
weight: 7.48271e-05
eec: 1124.18
weight: 1.71247e-05
eec: 2618.97
weight: 1.19117e-05
eec: 146.108
weight: 0.000611249
eec: 207.077
weight: 6.15637e-05
eec: 1283.3
weight: 0.000217414
eec: 862.06
weight: 0.000344938
eec: 246.405
weight: 3.06131e-06
eec: 190.63
weight: 4.18345e-06
eec: 1941.78
weight: 1.41601e-05
eec: 258.846
weight: 0.000232336
eec: 189.272
weight: 6.69964e-06
eec: 1009.51
weight: 1.49603e-06
eec: 809.009
weight: 2.45506e-05
eec: 695.998
weight: 0.000300865
eec: 280.258
weight: 2.72385e-05
eec: 864.652
weight: 1.16428e-05
eec: 2312.79
weight: 1.06272e-05
eec: 898.23
weight: 8.6956e-05
eec: 225.349
weight: 3.61469e-05
eec: 1375.27
weight: 0.000344342
eec: 649.287
weight: 0.000266545
eec: 442.224
weight: 1.58905e-05
eec: 1614.32
weight: 8.59961e-06
eec: 925.264
weight: 1.46645e-05
eec: 732.671
weight: 0.000203927
eec: 1044.71
weight: 0.000166333
eec: 678.605
weight: 1.9199e-06
eec: 195.233
weight: 9.02582e-06
eec: 40.0548
weight: 5.04064e-06
eec: 172.77
weight: 1.8929e-05
eec: 3493.54
weight: 9.77652e-06
eec: 1297.01
weight: 1.31997e-05
eec: 3831.73
weight: 2.68429e-05
eec: 3713.29
weight: 0.000271915
eec: 1279.29
weight: 0.000888992
eec: 681.033
weight: 0.000734159
eec: 793.511
weight: 4.17044e-06
eec: 227.072
weight: 8.22943e-07
eec: 1382.66
weight: 1.44455e-05
eec: 436.971
weight: 7.18793e-07
eec: 780.309
weight: 3.04487e-05
eec: 365.901
weight: 8.07778e-07
eec: 314.053
weight: 0.000240646
eec: 857.339
weight: 2.37273e-05
eec: 587.144
weight: 0.000426549
eec: 103.46
weight: 3.55487e-05
eec: 606.991
weight: 2.23196e-06
eec: 1430.79
weight: 2.92615e-05
eec: 438.219
weight: 0.000135292
eec: 309.466
weight: 9.47093e-06
eec: 1881.59
weight: 1.80121e-05
eec: 875.317
weight: 0.000119981
eec: 265.278
weight: 1.47092e-05
eec: 998.953
weight: 8.17117e-06
eec: 3140.54
weight: 1.14474e-05
eec: 316.385
weight: 1.16642e-06
eec: 473.823
weight: 0.000136401
eec: 227.869
weight: 8.47431e-05
eec: 643.339
weight: 1.2991e-05
eec: 3578.06
weight: 1.57914e-07
eec: 4178.23
weight: 9.43581e-05
eec: 510.472
weight: 4.84352e-05
eec: 36.8607
weight: 4.351e-05
eec: 1311.08
weight: 2.91728e-05
eec: 314.334
weight: 7.85598e-05
eec: 146.615
weight: 4.09874e-05
eec: 1912.05
weight: 0.000214952
eec: 661.937
weight: 0.00013951
eec: 301.277
weight: 1.85367e-05
eec: 383.637
weight: 2.24866e-05
eec: 88.2033
weight: 3.94604e-05
eec: 1121.9
weight: 3.99225e-05
eec: 339.724
weight: 1.57302e-05
eec: 649.389
weight: 5.01127e-06
eec: 377.984
weight: 2.63314e-05
eec: 228.067
weight: 0.000331237
eec: 469.286
weight: 9.23705e-06
eec: 1508.93
weight: 3.95308e-06
eec: 645.371
weight: 5.24053e-06
eec: 739.891
weight: 7.49236e-05
eec: 453.018
weight: 1.74601e-05
eec: 1855.58
weight: 7.89676e-05
eec: 506.793
weight: 5.93996e-05
eec: 1683.46
weight: 3.68258e-06
eec: 950.998
weight: 6.93639e-05
eec: 268.832
weight: 6.36589e-06
eec: 7.38593
weight: 1.46121e-05
eec: 1232.54
weight: 2.70013e-05
eec: 1801.76
weight: 3.01057e-05
eec: 59.6277
Processing: 80.7265 %weight: 1.73409e-06
eec: 384.145
weight: 0.000183787
eec: 1070.16
weight: 6.81654e-08
eec: 112.05
weight: 4.7735e-07
eec: 594.439
weight: 0.000125937
eec: 604.401
weight: 2.35732e-07
eec: 239.707
weight: 2.02393e-05
eec: 1802.67
weight: 0.00038012
eec: 458.119
weight: 0.000107832
eec: 77.8864
weight: 1.878e-06
eec: 169.85
weight: 3.38935e-05
eec: 539.921
weight: 1.22061e-05
eec: 537.016
weight: 3.44451e-05
eec: 1090.41
weight: 9.56395e-06
eec: 655.953
weight: 3.27908e-05
eec: 95.7476
weight: 1.15028e-07
eec: 234.842
weight: 0.000123956
eec: 534.518
weight: 4.32877e-05
eec: 668.648
weight: 4.18135e-05
eec: 244.784
weight: 0.000142351
eec: 24.2053
weight: 1.5452e-05
eec: 11.6602
weight: 6.169e-05
eec: 847.303
weight: 5.16465e-05
eec: 713.115
weight: 3.3145e-05
eec: 1161.13
weight: 8.86352e-06
eec: 252.749
weight: 2.35193e-05
eec: 254.777
weight: 0.000227185
eec: 2485.92
weight: 8.53792e-06
eec: 1043.46
weight: 5.4154e-06
eec: 2977.08
weight: 4.39446e-06
eec: 1908.58
weight: 7.25132e-05
eec: 160.031
weight: 4.90672e-06
eec: 545.593
weight: 5.92593e-05
eec: 133.128
weight: 7.33111e-05
eec: 145.216
weight: 4.43321e-08
eec: 158.463
weight: 1.59771e-05
eec: 352.765
weight: 1.56672e-05
eec: 337.642
weight: 1.64174e-05
eec: 743.171
weight: 2.80099e-07
eec: 475.313
weight: 2.46947e-06
eec: 1784.83
weight: 6.04811e-06
eec: 2157.65
weight: 3.16015e-05
eec: 97.7708
weight: 2.7582e-05
eec: 60.5921
weight: 1.37408e-05
eec: 144.379
weight: 3.58566e-05
eec: 268.737
weight: 0.000134872
eec: 19.987
weight: 8.00445e-06
eec: 2316.76
weight: 6.59073e-05
eec: 472.673
weight: 2.03285e-05
eec: 1295.34
weight: 8.72748e-05
eec: 208.396
weight: 4.89273e-06
eec: 130.882
weight: 0.00074775
eec: 99.5474
weight: 0.000104055
eec: 98.4016
weight: 4.89839e-06
eec: 93.0346
weight: 6.87769e-06
eec: 2660.51
weight: 1.96095e-05
eec: 457.424
weight: 4.01594e-06
eec: 2804.46
weight: 3.49927e-05
eec: 30.6467
weight: 2.12044e-05
eec: 3.0021
weight: 0.000192218
eec: 570.125
weight: 1.10775e-05
eec: 342.55
weight: 1.10775e-05
eec: 112.948
weight: 0.000360535
eec: 710.368
weight: 1.96739e-05
eec: 398.489
weight: 7.55531e-06
eec: 1048.47
weight: 6.08431e-05
eec: 46.7403
weight: 1.08252e-05
eec: 993.05
weight: 0.000126346
eec: 862.35
weight: 2.34885e-05
eec: 1484.42

ROOT exit code = 0
