gSystem->Load("run_condor_job_Run3_C.so");
run_condor_job_Run3(542, 100, 2,
                    80, 200,
                    1, 1, 1, 5);
.q

ENTERED run_condor_job_Run3()
JOBID = 542
  global job = 542  Job 42/100  events [2520000, 2580000)  total=6000000
Processing events [2520000, 2580000) of 6000000
weight: 4.54915e-05
eec: 483.355
weight: 1.87406e-07
eec: 94.5134
weight: 3.28445e-06
eec: 1517.43
weight: 3.11432e-05
eec: 425.895
weight: 7.78247e-06
eec: 201.931
weight: 2.0895e-06
eec: 301.168
weight: 0.000489554
eec: 553.201
weight: 2.80347e-05
eec: 1183.97
weight: 2.7799e-05
eec: 1059
weight: 8.03848e-05
eec: 411.593
weight: 3.39381e-05
eec: 509.624
weight: 1.08953e-06
eec: 2883.93
weight: 1.017e-05
eec: 199.806
weight: 1.93666e-05
eec: 129.26
weight: 0.000194256
eec: 311.642
weight: 0.00011581
eec: 1159.17
weight: 1.00025e-05
eec: 273.06
weight: 3.6868e-05
eec: 63.9808
weight: 1.22969e-06
eec: 157.072
weight: 1.26924e-07
eec: 177.834
weight: 5.92825e-05
eec: 2212.83
weight: 0.000597472
eec: 71.2629
weight: 5.07177e-06
eec: 176.63
weight: 8.8976e-05
eec: 486.922
weight: 3.37122e-05
eec: 276.859
weight: 5.70611e-07
eec: 413.568
weight: 2.24235e-05
eec: 405.598
weight: 3.90663e-05
eec: 167.682
weight: 0.000146646
eec: 585.671
weight: 6.50281e-06
eec: 2361.89
weight: 7.76568e-05
eec: 232.65
weight: 0.000470449
eec: 662.465
weight: 9.59175e-06
eec: 2074.51
weight: 0.000170516
eec: 477.943
weight: 2.3786e-05
eec: 867.822
weight: 1.39243e-05
eec: 1258.64
weight: 3.36162e-05
eec: 553.126
weight: 4.22191e-05
eec: 310.975
weight: 2.32877e-05
eec: 89.3385
weight: 0.000123318
eec: 158.321
weight: 0.000104235
eec: 164.361
weight: 1.1735e-05
eec: 206.616
weight: 1.01403e-05
eec: 1266.24
weight: 9.20522e-06
eec: 1111.44
weight: 1.42513e-06
eec: 351.149
weight: 0.000125735
eec: 31.5474
weight: 2.07971e-05
eec: 398.337
weight: 0.000500159
eec: 634.573
weight: 2.94595e-06
eec: 63.7879
weight: 9.20788e-05
eec: 89.4771
weight: 0.000143119
eec: 95.5447
weight: 4.71458e-05
eec: 60.5697
weight: 6.57787e-06
eec: 507.634
weight: 9.91341e-06
eec: 605.534
weight: 8.03909e-05
eec: 269.478
weight: 4.77231e-06
eec: 3662.29
weight: 4.54693e-05
eec: 221.235
weight: 1.47781e-05
eec: 168.435
weight: 0.000317015
eec: 157.904
weight: 3.13957e-05
eec: 233.748
weight: 1.63394e-05
eec: 676.37
weight: 6.69764e-05
eec: 205.717
weight: 3.71938e-05
eec: 1084.26
weight: 2.87379e-05
eec: 118.634
weight: 1.38876e-05
eec: 2325.94
weight: 2.78187e-06
eec: 1199.14
weight: 1.50695e-05
eec: 1988.69
weight: 0.00405533
eec: 39.0037
weight: 1.38264e-05
eec: 586.122
weight: 1.64371e-05
eec: 73.9796
weight: 0.000561251
eec: 31.7476
weight: 7.56783e-08
eec: 49.9304
weight: 0.000179202
eec: 684.047
weight: 0.000229952
eec: 498.719
weight: 1.92731e-05
eec: 341.153
weight: 1.24663e-05
eec: 160.897
weight: 0.000256172
eec: 270.977
weight: 3.46047e-06
eec: 3974.19
weight: 6.39553e-05
eec: 1331.11
weight: 2.53805e-06
eec: 2607.8
weight: 5.27233e-05
eec: 894.239
weight: 1.07308e-05
eec: 104.297
weight: 3.16076e-06
eec: 1009.96
weight: 2.73555e-07
eec: 1412.77
weight: 5.47032e-05
eec: 720.832
weight: 0.000112281
eec: 164.106
weight: 0.00103637
eec: 985.582
weight: 3.64227e-05
eec: 1644.44
weight: 3.64227e-05
eec: 100.618
weight: 2.26907e-06
eec: 4424.63
weight: 1.87131e-05
eec: 1044.66
weight: 6.20542e-05
eec: 147.04
weight: 8.20492e-05
eec: 495.126
weight: 3.61689e-05
eec: 479.945
weight: 2.03922e-05
eec: 91.8023
weight: 0.000114045
eec: 284.782
weight: 0.000114045
eec: 204.205
weight: 0.000178344
eec: 1290.43
weight: 1.39931e-05
eec: 381.885
weight: 3.21503e-05
eec: 97.3738
weight: 0.000157164
eec: 83.4525
weight: 5.40347e-06
eec: 1244.8
weight: 4.9044e-05
eec: 356.472
weight: 0.000129219
eec: 19.0332
weight: 6.73879e-06
eec: 95.2117
weight: 2.81455e-05
eec: 624.213
weight: 4.51201e-07
eec: 136.339
weight: 5.90122e-05
eec: 564.827
weight: 0.000367178
eec: 110.128
weight: 2.08724e-05
eec: 1445.08
weight: 1.28145e-05
eec: 323.691
weight: 0.000137343
eec: 82.7781
weight: 1.96456e-05
eec: 508.97
weight: 0.000405587
eec: 216.316
weight: 1.69211e-05
eec: 1991.59
weight: 0.000138
eec: 77.746
weight: 6.09642e-05
eec: 368.309
weight: 6.86958e-06
eec: 1559.73
weight: 7.84185e-05
eec: 1625.21
weight: 1.46182e-05
eec: 635.541
weight: 6.88514e-05
eec: 428.655
weight: 4.46299e-06
eec: 1450.3
weight: 8.83237e-06
eec: 288.855
weight: 7.33805e-05
eec: 369.89
weight: 7.50359e-05
eec: 585.772
weight: 6.80468e-05
eec: 96.7279
weight: 0.000210652
eec: 528.338
weight: 9.156e-06
eec: 175.794
Processing: 42.5 %weight: 7.70061e-06
eec: 1236.64
weight: 9.31572e-07
eec: 1440.47
weight: 1.00211e-05
eec: 780.925
weight: 4.25167e-05
eec: 20.8454
weight: 6.4575e-05
eec: 244.185
weight: 0.000132264
eec: 489.368
weight: 1.29949e-05
eec: 237.15
weight: 7.35743e-08
eec: 257.084
weight: 6.88754e-05
eec: 124.673
weight: 0.00186112
eec: 320.582
weight: 1.75658e-05
eec: 1456.56
weight: 1.6817e-05
eec: 345.528
weight: 4.44844e-06
eec: 134.968
weight: 2.52577e-05
eec: 10.2522
weight: 0.000168306
eec: 839.091
weight: 3.18358e-05
eec: 884.551
weight: 4.12924e-06
eec: 240.716
weight: 7.90571e-06
eec: 2319.18
weight: 2.5201e-05
eec: 116.58
weight: 0.000199266
eec: 31.8793
weight: 6.84582e-05
eec: 107.357
weight: 1.32603e-05
eec: 922.545
weight: 8.77769e-06
eec: 210.338
weight: 3.60782e-07
eec: 103.194
weight: 4.61585e-05
eec: 23.0531
weight: 1.03997e-05
eec: 387.446
weight: 4.35124e-05
eec: 1023.8
weight: 1.25249e-05
eec: 743.536
weight: 9.69614e-05
eec: 36.396
weight: 5.07891e-05
eec: 1011.91
weight: 8.04921e-05
eec: 346.61
weight: 4.94215e-05
eec: 900.164
weight: 1.22658e-06
eec: 163.702
weight: 3.67484e-05
eec: 906.131
weight: 9.58803e-07
eec: 267.139
weight: 1.60467e-08
eec: 140.881
weight: 5.25826e-05
eec: 132.055
weight: 0.000157716
eec: 445.979
weight: 0.0012625
eec: 411.851
weight: 5.94404e-07
eec: 146.681
weight: 3.75119e-05
eec: 1262.7
weight: 0.000316167
eec: 300.176
weight: 6.26113e-06
eec: 707.941
weight: 7.19442e-06
eec: 485.7
weight: 0.000224207
eec: 464.144
weight: 0.000523622
eec: 57.7043
weight: 3.77535e-05
eec: 639.191
weight: 0.000207143
eec: 946.313
weight: 2.81514e-05
eec: 84.6224
weight: 4.41917e-06
eec: 38.6181
weight: 0.000107315
eec: 295.733
weight: 2.56131e-05
eec: 34.0739
weight: 7.01315e-05
eec: 251.498
weight: 1.19027e-06
eec: 1450.4
weight: 8.11877e-05
eec: 511.624
weight: 6.37594e-05
eec: 270.868
weight: 1.52023e-05
eec: 90.0476
weight: 3.59669e-05
eec: 520.107
weight: 2.90783e-05
eec: 216.689
weight: 3.48061e-06
eec: 973.208
weight: 9.62337e-05
eec: 816.869
weight: 7.06219e-05
eec: 165.307
weight: 0.00016116
eec: 469.732
weight: 0.000137038
eec: 111.008
weight: 9.25553e-05
eec: 466.177
weight: 0.000161002
eec: 86.6288
weight: 6.02493e-05
eec: 468.417
weight: 3.32512e-05
eec: 496.771
weight: 0.000198524
eec: 403.729
weight: 6.10724e-06
eec: 416.843
weight: 7.52748e-06
eec: 717.532
weight: 5.8868e-06
eec: 331.171
weight: 6.82198e-05
eec: 650.773
weight: 3.34773e-05
eec: 1221.85
weight: 0.000331496
eec: 96.7944
weight: 2.32257e-05
eec: 426.984
weight: 0.000123284
eec: 1087.13
weight: 2.63684e-05
eec: 682.806
weight: 0.000104725
eec: 526.471
weight: 3.41218e-06
eec: 811.464
weight: 8.53965e-05
eec: 1162.24
weight: 4.14338e-05
eec: 657.674
weight: 0.000134345
eec: 104.487
weight: 0.000376125
eec: 402.911
weight: 0.000132747
eec: 38.6974
weight: 0.000146681
eec: 230.567
weight: 2.61746e-05
eec: 240.907
weight: 4.85621e-05
eec: 296.742
weight: 1.37093e-05
eec: 142.913
weight: 1.06345e-05
eec: 201.532
weight: 7.84383e-06
eec: 629.424
weight: 1.57816e-05
eec: 238.56
weight: 7.58027e-06
eec: 517.049
weight: 2.19758e-07
eec: 787.379
weight: 4.26591e-06
eec: 2276.31
weight: 3.73452e-05
eec: 421.787
weight: 2.7957e-05
eec: 1501.44
weight: 5.13161e-06
eec: 463.086
weight: 2.3434e-05
eec: 278.832
weight: 7.13083e-07
eec: 366.019
weight: 0.000128181
eec: 148.755
weight: 1.06471e-06
eec: 130.626
weight: 9.53437e-06
eec: 1476.59
weight: 3.92949e-05
eec: 1546.66
weight: 1.44138e-05
eec: 430.714
weight: 2.4403e-05
eec: 31.4232
weight: 1.67512e-05
eec: 1488.94
weight: 1.08611e-05
eec: 25.705
weight: 4.69292e-05
eec: 163.915
weight: 6.45505e-05
eec: 305.108
weight: 9.40086e-05
eec: 157.39
weight: 9.65052e-06
eec: 718.598
weight: 1.53192e-05
eec: 211.797
weight: 0.000204389
eec: 556.923
weight: 1.99666e-05
eec: 72.8733
weight: 9.06056e-06
eec: 901.096
weight: 1.67885e-05
eec: 835.194
weight: 1.2198e-06
eec: 663.717
weight: 4.72644e-07
eec: 771.078
weight: 7.5418e-05
eec: 1371.93
weight: 6.84526e-05
eec: 745.321

ROOT exit code = 0
