gSystem->Load("run_condor_job_Run3_C.so");
run_condor_job_Run3(358, 100, 2,
                    80, 200,
                    1, 1, 1, 3);
.q

ENTERED run_condor_job_Run3()
JOBID = 358
  global job = 358  Job 58/100  events [3480000, 3540000)  total=6000000
Processing events [3480000, 3540000) of 6000000
weight: 4.79206e-05
eec: 281.146
weight: 0.000136069
eec: 176.834
weight: 2.82722e-07
eec: 663.899
weight: 0.00101826
eec: 497.027
weight: 0.00041877
eec: 115.78
weight: 3.48852e-05
eec: 260.325
weight: 1.28361e-05
eec: 976.55
weight: 0.00016336
eec: 173.247
weight: 2.39574e-06
eec: 1218.13
weight: 2.97417e-05
eec: 613.365
weight: 2.43709e-05
eec: 285.006
weight: 4.10525e-05
eec: 281.962
weight: 3.14987e-07
eec: 895.877
weight: 8.18943e-05
eec: 890.535
weight: 7.8313e-07
eec: 52.0194
weight: 1.19769e-05
eec: 1897.59
weight: 9.01447e-05
eec: 143.409
weight: 8.29822e-07
eec: 632.937
weight: 1.55381e-06
eec: 812.784
weight: 2.66765e-06
eec: 500.184
weight: 3.25215e-05
eec: 943.178
weight: 3.2892e-05
eec: 746.377
weight: 3.00979e-06
eec: 41.2055
weight: 1.06722e-06
eec: 38.664
weight: 2.06667e-06
eec: 1175.06
weight: 5.88222e-06
eec: 1025.72
weight: 0.000112647
eec: 2601.59
weight: 0.000119916
eec: 472.791
weight: 5.796e-07
eec: 1636.53
weight: 0.000215933
eec: 553.695
weight: 5.71435e-05
eec: 860.949
weight: 0.00029293
eec: 495.947
weight: 1.16094e-05
eec: 850.008
weight: 2.4073e-05
eec: 193.983
weight: 4.40024e-05
eec: 87.0457
weight: 1.13136e-05
eec: 566.056
weight: 3.03855e-05
eec: 621.63
weight: 2.22601e-05
eec: 654.992
weight: 0.000677156
eec: 174.148
weight: 2.00752e-05
eec: 377.567
weight: 8.99047e-05
eec: 305.596
weight: 1.62973e-08
eec: 1793.9
weight: 3.13478e-06
eec: 27.2085
weight: 0.000616781
eec: 35.8315
weight: 4.62117e-05
eec: 408.369
weight: 7.82761e-07
eec: 2559.16
weight: 1.02379e-06
eec: 226.76
weight: 5.92196e-06
eec: 120.019
weight: 0.000126508
eec: 66.6863
weight: 3.27737e-06
eec: 4.35409
weight: 1.81011e-08
eec: 510.948
weight: 1.80162e-05
eec: 550.504
weight: 6.028e-06
eec: 1124.46
weight: 5.70288e-05
eec: 465.283
weight: 0.000459874
eec: 465.024
weight: 1.52515e-06
eec: 33.4249
weight: 1.59129e-05
eec: 176.371
weight: 0.000132608
eec: 152.99
weight: 4.30739e-06
eec: 5401.92
weight: 4.30739e-06
eec: 80.436
weight: 3.49605e-08
eec: 68.3154
weight: 6.6752e-06
eec: 22.5533
weight: 4.36502e-05
eec: 53.7262
weight: 0.000401627
eec: 223.649
weight: 1.80501e-06
eec: 563.501
weight: 2.76402e-06
eec: 100.332
weight: 2.16619e-05
eec: 1582.25
weight: 7.05536e-05
eec: 779.381
weight: 1.73745e-05
eec: 680.652
weight: 8.01551e-05
eec: 272.23
weight: 1.98509e-06
eec: 293.12
weight: 5.20283e-05
eec: 855.286
weight: 0.000634452
eec: 343.208
weight: 5.94478e-06
eec: 524.507
weight: 1.13956e-06
eec: 1579.59
weight: 0.000485205
eec: 435.252
weight: 1.21201e-05
eec: 442.607
weight: 2.17058e-06
eec: 1467.72
weight: 3.2452e-06
eec: 2876.43
weight: 2.12347e-05
eec: 28.7376
weight: 0.000164614
eec: 348.278
Processing: 58.3333 %weight: 2.80561e-06
eec: 497.581
weight: 7.96242e-06
eec: 691.652
weight: 2.0947e-05
eec: 278.74
weight: 1.22896e-05
eec: 1833.3
weight: 0.000566821
eec: 58.7566
weight: 1.28249e-05
eec: 116.753
weight: 0.000114545
eec: 266.696
weight: 1.17728e-05
eec: 65.1037
weight: 0.000172626
eec: 159.802
weight: 5.22577e-05
eec: 590.773
weight: 1.01266e-05
eec: 134.328
weight: 9.70074e-06
eec: 587.404
weight: 7.28695e-05
eec: 162.923
weight: 2.8439e-05
eec: 70.6797
weight: 4.75874e-05
eec: 1130.57
weight: 0.000133078
eec: 498.28
weight: 4.17749e-05
eec: 2615.18
weight: 3.21179e-05
eec: 477.786
weight: 8.29221e-05
eec: 66.3258
weight: 9.00343e-06
eec: 281.513
weight: 1.41303e-06
eec: 4222.2
weight: 4.35494e-06
eec: 658.123
weight: 7.43979e-05
eec: 50.4251
weight: 3.33864e-05
eec: 202.884
weight: 1.52707e-05
eec: 1476.6
weight: 0.000150176
eec: 511.05
weight: 0.00038268
eec: 1203.2
weight: 1.69373e-06
eec: 195.68
weight: 2.80522e-05
eec: 64.2799
weight: 0.000197198
eec: 575.734
weight: 7.65182e-07
eec: 1076.52
weight: 0.0015559
eec: 937.253
weight: 4.9605e-05
eec: 177.956
weight: 0.000158989
eec: 391.134
weight: 9.4727e-06
eec: 114.232
weight: 4.33325e-06
eec: 592.484
weight: 1.83507e-05
eec: 267.785
weight: 0.000204098
eec: 78.8601
weight: 7.28861e-06
eec: 963.292
weight: 0.000116464
eec: 1098.54
weight: 9.83744e-05
eec: 1508.75
weight: 1.14293e-05
eec: 2463.17
weight: 2.38197e-05
eec: 600.417
weight: 6.96585e-05
eec: 50.5026
weight: 3.39499e-05
eec: 564.17
weight: 2.91347e-05
eec: 1392.87
weight: 2.64767e-05
eec: 374.975
weight: 1.37542e-05
eec: 538.177
weight: 4.88984e-05
eec: 160.729
weight: 1.13244e-05
eec: 522.769
weight: 5.58748e-06
eec: 425.705
weight: 1.29023e-05
eec: 96.8055
weight: 2.07556e-05
eec: 596.029
weight: 0.000510493
eec: 88.6343
weight: 0.000101745
eec: 493.88
weight: 4.43794e-06
eec: 565.357
weight: 4.02539e-06
eec: 1958.96
weight: 2.14283e-05
eec: 612.971
weight: 1.30471e-07
eec: 258.936
weight: 0.00120264
eec: 715.64
weight: 3.3904e-05
eec: 1562.3
weight: 2.41161e-05
eec: 529.712
weight: 4.62963e-05
eec: 450.746
weight: 6.80255e-05
eec: 619.866
weight: 6.88602e-06
eec: 408.521
weight: 4.09888e-08
eec: 1482.22
weight: 7.62524e-06
eec: 881.597
weight: 0.000212406
eec: 145.395
weight: 0.000173708
eec: 455.676
weight: 2.70306e-05
eec: 1090.86
weight: 4.62428e-06
eec: 522.197
weight: 0.000154637
eec: 965.006
weight: 1.29149e-06
eec: 1662.27
weight: 2.18992e-05
eec: 1878.16
weight: 0.000636272
eec: 1006.28
weight: 4.06794e-07
eec: 240.1
weight: 0.000145595
eec: 2005.5
weight: 1.44515e-05
eec: 202.645
weight: 0.000256566
eec: 1262.16
weight: 2.57979e-05
eec: 796.996
weight: 1.16069e-06
eec: 169.011
weight: 2.09059e-05
eec: 197.83
weight: 2.02892e-05
eec: 518.917
weight: 5.24239e-05
eec: 179.761
weight: 1.83649e-05
eec: 627.652
weight: 1.72204e-06
eec: 300.096
weight: 9.68229e-06
eec: 712.032
weight: 0.000113189
eec: 329.377
weight: 4.7529e-07
eec: 103.033
weight: 2.19017e-05
eec: 720.681
weight: 3.15944e-05
eec: 1008.95
weight: 3.08276e-05
eec: 203.77
weight: 6.17952e-05
eec: 88.3504
weight: 0.000116321
eec: 165.258
weight: 1.43162e-05
eec: 302.648
weight: 0.000186938
eec: 894.733
weight: 1.14869e-05
eec: 597.423
weight: 0.000296272
eec: 354.145
weight: 5.70725e-05
eec: 1116.21
weight: 2.88495e-06
eec: 884.065
weight: 0.000363983
eec: 207.65
weight: 5.4997e-06
eec: 356.119
weight: 0.000643837
eec: 535.473
weight: 1.6672e-08
eec: 1563.35
weight: 2.12719e-06
eec: 427.141
weight: 0.000468357
eec: 26.3056
weight: 1.23607e-05
eec: 807.571
weight: 1.95729e-05
eec: 53.8309
weight: 1.3956e-07
eec: 660.352
weight: 2.28475e-05
eec: 1913.06
weight: 6.5779e-06
eec: 95.3638
weight: 8.11466e-06
eec: 3569.28
weight: 3.64713e-06
eec: 123.335
weight: 3.10757e-05
eec: 1679.46
weight: 3.36856e-06
eec: 841.684
weight: 0.000311733
eec: 212.454
weight: 1.09462e-05
eec: 337.884
weight: 1.51527e-05
eec: 334.08
weight: 2.64075e-05
eec: 120.779
weight: 1.01791e-05
eec: 441.183
weight: 0.00031047
eec: 539.595
weight: 9.16483e-06
eec: 1700.73
weight: 1.87673e-05
eec: 361.454
weight: 1.81033e-05
eec: 2941.17
weight: 1.77977e-06
eec: 909.579
weight: 0.00032596
eec: 618.758
weight: 0.000139786
eec: 22.9877
weight: 9.32414e-05
eec: 400.645
weight: 6.06003e-05
eec: 742.088
weight: 1.74873e-06
eec: 344.091
weight: 4.19517e-06
eec: 373.993
weight: 2.23314e-05
eec: 957.019
weight: 1.73036e-05
eec: 339.559
weight: 0.000687375
eec: 236.953
weight: 1.42704e-05
eec: 132.253
weight: 6.23998e-05
eec: 427.723
weight: 1.49212e-05
eec: 3944.9
weight: 1.04922e-05
eec: 2194.45
weight: 7.46852e-05
eec: 189.466
weight: 0.000125523
eec: 591.153
weight: 9.62947e-05
eec: 281.422
weight: 4.25277e-05
eec: 273.66
weight: 0.000421852
eec: 65.5514
weight: 2.466e-05
eec: 767.067
weight: 1.55858e-05
eec: 781.819
weight: 3.73677e-05
eec: 110.398
weight: 1.19607e-05
eec: 1042.28
weight: 3.00493e-05
eec: 610.177
weight: 7.30044e-06
eec: 1120.95
weight: 6.52217e-07
eec: 598.415
weight: 0.000124362
eec: 514.984
weight: 0.000341166
eec: 40.9968
weight: 1.10157e-05
eec: 367.8
weight: 2.38806e-05
eec: 343.28
weight: 2.19453e-05
eec: 133.533
weight: 2.37925e-06
eec: 782.184
weight: 8.59143e-06
eec: 278.296
weight: 5.01738e-06
eec: 3506.37
weight: 0.000703658
eec: 327.159
weight: 3.43269e-05
eec: 47.0203
weight: 3.80635e-05
eec: 611.889
weight: 0.00172547
eec: 190.432
weight: 5.23771e-07
eec: 1516.93
weight: 2.25187e-05
eec: 1847.77
weight: 6.32301e-07
eec: 29.0948
weight: 3.91243e-06
eec: 105.917
weight: 3.88532e-05
eec: 53.5899
weight: 0.000100356
eec: 263.972
weight: 5.13602e-05
eec: 585.294
weight: 0.000305068
eec: 504.508
weight: 9.05885e-06
eec: 706.642
weight: 5.2541e-09
eec: 343.861
weight: 1.69149e-05
eec: 17.6636
weight: 4.43479e-05
eec: 231.46
weight: 4.45404e-06
eec: 31.6346
weight: 0.000498507
eec: 308.266
weight: 8.07699e-06
eec: 2798.26
weight: 3.31581e-05
eec: 450.687

ROOT exit code = 0
