gSystem->Load("run_condor_job_Run3_C.so");
run_condor_job_Run3(33, 100, 2,
                    80, 200,
                    1, 1, 1, 0);
.q

ENTERED run_condor_job_Run3()
JOBID = 33
  global job = 33  Job 33/100  events [1978020, 2037960)  total=5994000
Processing events [1978020, 2037960) of 5994000
weight: 9.53948e-07
eec: 94.519
weight: 3.10947e-05
eec: 1968.11
weight: 1.51071e-06
eec: 652.647
weight: 6.12411e-06
eec: 737.996
weight: 4.2035e-05
eec: 72.124
weight: 4.05494e-07
eec: 123.292
weight: 0.00194418
eec: 195.477
weight: 1.23257e-05
eec: 215.546
weight: 3.66847e-07
eec: 1775.01
weight: 0.00013554
eec: 407.937
weight: 5.523e-05
eec: 91.6097
weight: 2.32252e-05
eec: 415.057
weight: 1.22992e-07
eec: 69.5094
weight: 2.32761e-05
eec: 1385.18
weight: 5.16695e-05
eec: 102.732
weight: 3.92555e-06
eec: 185.466
weight: 0.000145345
eec: 220.691
weight: 5.94747e-05
eec: 602.989
weight: 0.00139748
eec: 553.445
weight: 0.000392921
eec: 209.662
weight: 2.53963e-05
eec: 163.659
weight: 0.000122731
eec: 448.086
weight: 5.05337e-05
eec: 717.972
weight: 0.000207965
eec: 81.2643
weight: 0.000104069
eec: 598.022
weight: 0.000238649
eec: 1306.8
weight: 8.07832e-05
eec: 36.9459
weight: 4.43434e-05
eec: 57.7504
weight: 2.48279e-05
eec: 262.48
weight: 7.73294e-06
eec: 331.348
weight: 4.18775e-06
eec: 991.791
weight: 5.3869e-05
eec: 302.247
weight: 3.2176e-05
eec: 1327.72
weight: 0.000110598
eec: 155.831
weight: 0.000141
eec: 23.3365
weight: 0.000984431
eec: 221.483
weight: 5.97176e-06
eec: 409.096
weight: 1.01235e-05
eec: 175.079
weight: 1.94454e-05
eec: 760.033
weight: 0.00011239
eec: 1458.76
weight: 5.36899e-05
eec: 781.661
weight: 9.59343e-05
eec: 187.287
weight: 7.41995e-05
eec: 602.868
weight: 0.000119296
eec: 292.085
weight: 0.000145936
eec: 22.6837
weight: 3.06792e-05
eec: 1283.17
weight: 0.000127802
eec: 1459.23
weight: 1.22165e-05
eec: 156.852
weight: 1.12462e-05
eec: 110.897
weight: 1.22274e-06
eec: 275.232
weight: 8.60564e-06
eec: 649.233
weight: 8.16306e-05
eec: 170.404
weight: 5.94938e-06
eec: 1463.53
weight: 0.000135621
eec: 65.9256
weight: 6.21939e-06
eec: 215.29
weight: 6.07868e-06
eec: 293.124
weight: 0.000142552
eec: 280.159
weight: 0.000124121
eec: 417.297
weight: 3.58717e-06
eec: 638.618
weight: 0.000290258
eec: 159.574
weight: 1.13897e-06
eec: 441.143
weight: 3.21433e-05
eec: 50.4467
weight: 0.0006022
eec: 434.893
weight: 0.000162972
eec: 660.627
weight: 1.57188e-06
eec: 388.861
weight: 1.93201e-05
eec: 216.687
weight: 2.82984e-05
eec: 1156.68
weight: 3.11494e-05
eec: 1028.04
weight: 3.82343e-06
eec: 285.89
weight: 5.86323e-05
eec: 532.89
weight: 1.99866e-05
eec: 2519.94
weight: 0.000120977
eec: 387.828
weight: 0.000440636
eec: 91.2013
weight: 6.35866e-07
eec: 1132.03
weight: 1.25479e-06
eec: 150.404
weight: 1.19483e-06
eec: 328.397
weight: 0.000121984
eec: 488.307
weight: 0.000162155
eec: 305.41
weight: 0.000121337
eec: 360.665
weight: 0.000134321
eec: 970.111
weight: 4.68134e-07
eec: 694.997
weight: 5.52677e-05
eec: 193.844
weight: 3.34036e-05
eec: 117.458
weight: 1.3872e-05
eec: 2336.76
weight: 2.53374e-05
eec: 513.189
weight: 2.03032e-06
eec: 561.937
weight: 1.76089e-05
eec: 146.662
weight: 6.72091e-06
eec: 90.9099
weight: 0.000197679
eec: 300.024
weight: 3.32821e-07
eec: 144.902
weight: 5.62777e-06
eec: 1008.62
weight: 2.247e-05
eec: 783.741
weight: 8.22171e-05
eec: 496.194
weight: 0.000123137
eec: 411.762
weight: 7.27908e-07
eec: 802.389
weight: 3.83689e-06
eec: 114.569
weight: 6.68124e-06
eec: 958.607
weight: 4.92808e-05
eec: 384.002
weight: 1.46509e-05
eec: 4021.67
weight: 1.38111e-05
eec: 1295.48
weight: 1.19279e-05
eec: 1841.11
weight: 0.000320904
eec: 218.722
Processing: 33.3667 %weight: 2.19478e-05
eec: 345.653
weight: 5.32449e-07
eec: 416.648
weight: 2.11291e-05
eec: 1331.08
weight: 5.71853e-05
eec: 408.913
weight: 1.37089e-06
eec: 715.923
weight: 4.22268e-06
eec: 464.08
weight: 2.0455e-05
eec: 521.433
weight: 2.21962e-05
eec: 98.1156
weight: 0.000121342
eec: 213.225
weight: 2.66494e-05
eec: 130.213
weight: 0.000192983
eec: 307.547
weight: 3.78477e-05
eec: 344.062
weight: 1.32179e-05
eec: 165.991
weight: 2.75047e-05
eec: 1012.17
weight: 1.83854e-06
eec: 258.835
weight: 2.58648e-05
eec: 334.254
weight: 2.12555e-05
eec: 105.207
weight: 8.13459e-06
eec: 593.57
weight: 9.29712e-06
eec: 490.626
weight: 4.43857e-06
eec: 51.4796
weight: 1.12305e-05
eec: 3219.08
weight: 5.46538e-05
eec: 463.751
weight: 9.0737e-06
eec: 69.642
weight: 6.08183e-06
eec: 979.619
weight: 8.96111e-05
eec: 281.963
weight: 0.001014
eec: 730.284
weight: 4.20031e-07
eec: 2624.71
weight: 1.14223e-05
eec: 450.486
weight: 0.000120014
eec: 2250.02
weight: 5.83469e-05
eec: 401.269
weight: 2.23903e-05
eec: 103.792
weight: 0.000288568
eec: 225.733
weight: 4.63239e-05
eec: 357.828
weight: 4.05151e-06
eec: 1638.16
weight: 0.000263339
eec: 247.815
weight: 0.000105335
eec: 2202
weight: 1.27425e-05
eec: 2901.34
weight: 1.05045e-05
eec: 134.48
weight: 6.79532e-06
eec: 632.236
weight: 6.61011e-06
eec: 978.327
weight: 0.00016737
eec: 140.378
weight: 1.92667e-05
eec: 122.454
weight: 2.92984e-05
eec: 1924.98
weight: 1.08207e-06
eec: 137.421
weight: 1.16507e-05
eec: 486.498
weight: 3.05741e-06
eec: 846.045
weight: 1.83965e-06
eec: 278.114
weight: 7.25098e-06
eec: 883.563
weight: 1.13604e-05
eec: 82.7563
weight: 0.000124218
eec: 707.788
weight: 4.52885e-06
eec: 669.633
weight: 0.00026231
eec: 814.285
weight: 2.64466e-07
eec: 209.806
weight: 7.04051e-05
eec: 589.71
weight: 7.04051e-05
eec: 304.586
weight: 2.51719e-05
eec: 1521.34
weight: 3.54608e-08
eec: 65.3235
weight: 2.22136e-06
eec: 67.0233
weight: 0.000131717
eec: 484.961
weight: 9.75732e-06
eec: 671.679
weight: 6.55837e-07
eec: 60.3109
weight: 2.16205e-06
eec: 753.159
weight: 9.155e-06
eec: 123.601
weight: 0.000292898
eec: 28.1746
weight: 0.000700855
eec: 266.881
weight: 8.02975e-06
eec: 2727.72
weight: 0.000108916
eec: 580.851
weight: 4.65522e-06
eec: 813.926
weight: 6.21255e-06
eec: 76.0762
weight: 1.83022e-06
eec: 1846.93
weight: 5.75022e-06
eec: 586.118
weight: 1.75349e-05
eec: 350.521
weight: 3.63494e-05
eec: 553.329
weight: 4.28385e-05
eec: 146.837
weight: 1.80101e-05
eec: 511.194
weight: 4.80082e-07
eec: 477.671
weight: 7.64499e-06
eec: 336.077
weight: 2.95456e-05
eec: 169.33
weight: 4.96065e-05
eec: 429.596
weight: 4.96065e-05
eec: 205.335
weight: 1.28188e-05
eec: 859.673
weight: 0.000271197
eec: 193.775
weight: 3.91032e-06
eec: 434.394
weight: 2.19795e-05
eec: 1403.35
weight: 3.88966e-06
eec: 547.695
weight: 3.88966e-06
eec: 663.276
weight: 3.19655e-05
eec: 852.994
weight: 8.97513e-05
eec: 914.934
weight: 1.58513e-05
eec: 82.3118
weight: 1.6231e-05
eec: 858.603
weight: 6.22059e-06
eec: 651.695
weight: 0.000217424
eec: 1404.65
weight: 1.55069e-05
eec: 109.155
weight: 0.000100053
eec: 57.3658
weight: 0.000198611
eec: 736.215
weight: 3.20781e-05
eec: 426.437
weight: 3.11107e-05
eec: 258.525
weight: 5.37823e-07
eec: 767.005
weight: 0.000437087
eec: 608.463
weight: 7.04844e-08
eec: 339.206
weight: 3.2057e-05
eec: 540.868
weight: 4.31843e-05
eec: 2183.94
weight: 0.000262627
eec: 99.706
weight: 1.34053e-06
eec: 571.702
weight: 2.63176e-07
eec: 1222.35
weight: 4.24703e-07
eec: 732.875
weight: 9.35692e-05
eec: 108.502
weight: 2.02383e-06
eec: 325.869
weight: 2.26777e-05
eec: 1193.06
weight: 4.65068e-05
eec: 506.57
weight: 1.1776e-06
eec: 82.0669
weight: 2.58142e-06
eec: 248.63
weight: 5.31831e-06
eec: 642.996
weight: 0.000310962
eec: 380.823
weight: 2.12232e-05
eec: 537.141
weight: 3.24949e-05
eec: 115.662
weight: 0.000119387
eec: 168.411
weight: 1.37014e-05
eec: 576.327
weight: 0.000459282
eec: 157.948
weight: 4.03668e-06
eec: 52.2632
weight: 9.46917e-05
eec: 715.234
weight: 0.000139508
eec: 187.178
weight: 0.000164826
eec: 434.087
weight: 0.000464034
eec: 764.096
weight: 2.55339e-05
eec: 13.4034
weight: 4.90004e-05
eec: 2556.89
weight: 9.55123e-05
eec: 425.613
weight: 3.68117e-07
eec: 727.925
weight: 8.11365e-05
eec: 33.8923
weight: 0.000164251
eec: 783.106
weight: 0.0003086
eec: 174.411
weight: 1.99029e-07
eec: 461.458
weight: 1.79689e-05
eec: 203.301
weight: 3.70639e-05
eec: 1583.54
weight: 5.78775e-07
eec: 1383.48
weight: 5.12288e-06
eec: 274.272
weight: 6.08334e-06
eec: 662.588
weight: 2.38231e-06
eec: 2258.35
weight: 2.38231e-06
eec: 788.035
weight: 9.55618e-06
eec: 297.657
weight: 0.000286705
eec: 243.36
weight: 0.000159767
eec: 105.479
weight: 0.000163478
eec: 329.325
weight: 9.62799e-06
eec: 1471.88
weight: 9.36096e-05
eec: 865.911
weight: 3.00358e-05
eec: 271.404
weight: 4.52156e-05
eec: 250.327
weight: 0.000241553
eec: 1126.61
weight: 0.000104284
eec: 461.25
weight: 1.42548e-05
eec: 209.733

ROOT exit code = 0
