gSystem->Load("run_condor_job_Run3_C.so");
run_condor_job_Run3(132, 100, 2,
                    80, 200,
                    1, 1, 1, 1);
.q

ENTERED run_condor_job_Run3()
JOBID = 132
  global job = 132  Job 32/100  events [1875840, 1934460)  total=5862000
Processing events [1875840, 1934460) of 5862000
weight: 8.44895e-06
eec: 1611.95
weight: 1.56114e-07
eec: 1533.91
weight: 1.46834e-06
eec: 513.653
weight: 1.64881e-06
eec: 1462.85
weight: 3.71717e-05
eec: 661.962
weight: 1.3113e-05
eec: 954.91
weight: 0.000240161
eec: 208.699
weight: 7.76754e-06
eec: 1025.72
weight: 2.16718e-05
eec: 2214.42
weight: 7.65105e-05
eec: 500.947
weight: 1.47534e-05
eec: 848.677
weight: 7.24607e-05
eec: 905.919
weight: 0.000110004
eec: 265.614
weight: 9.69109e-05
eec: 163.256
weight: 0.000144792
eec: 343.405
weight: 0.000107721
eec: 721.603
weight: 1.91637e-06
eec: 1092.48
weight: 6.51191e-07
eec: 3558.86
weight: 8.71038e-05
eec: 227.705
weight: 1.61139e-05
eec: 62.1555
weight: 2.46417e-05
eec: 215.583
weight: 1.70955e-05
eec: 2766.95
weight: 7.2117e-06
eec: 1441.29
weight: 7.98017e-05
eec: 1525.72
weight: 1.56313e-05
eec: 149.463
weight: 3.15004e-05
eec: 1279.52
weight: 1.44106e-05
eec: 1239.13
weight: 1.92014e-06
eec: 471.172
weight: 6.91194e-06
eec: 352.787
weight: 1.47397e-05
eec: 132.747
weight: 3.68988e-05
eec: 562.439
weight: 9.95292e-05
eec: 360.573
weight: 0.000134151
eec: 248.657
weight: 0.00015863
eec: 205.635
weight: 6.33174e-05
eec: 1065.4
weight: 5.79928e-06
eec: 1118.19
weight: 4.82753e-05
eec: 670.331
weight: 2.48951e-05
eec: 567.461
weight: 9.92641e-06
eec: 1112.13
weight: 4.77925e-05
eec: 45.9039
weight: 3.39251e-05
eec: 425.475
weight: 4.2642e-05
eec: 832.446
weight: 8.98862e-05
eec: 80.5343
weight: 1.79281e-05
eec: 154.088
weight: 8.862e-05
eec: 648.514
weight: 0.000275776
eec: 736.792
weight: 1.06058e-05
eec: 1226.03
weight: 0.000146969
eec: 338.095
weight: 2.27123e-05
eec: 584.85
weight: 2.67758e-06
eec: 16.1858
weight: 3.13177e-05
eec: 2929.21
weight: 0.000110595
eec: 337.768
weight: 5.24315e-06
eec: 28.6114
weight: 9.9276e-08
eec: 1295.93
weight: 4.51822e-06
eec: 140.562
weight: 4.36351e-06
eec: 181.366
weight: 0.000211682
eec: 411.121
weight: 1.26136e-05
eec: 642.103
weight: 8.69356e-06
eec: 945.554
weight: 6.50083e-05
eec: 584.513
weight: 1.38662e-06
eec: 923.276
weight: 2.57146e-06
eec: 1532.73
weight: 3.04361e-06
eec: 162.606
weight: 0.00136176
eec: 531.313
weight: 1.45965e-05
eec: 1540.53
weight: 5.17789e-06
eec: 324.999
weight: 0.000104691
eec: 385.33
weight: 1.33409e-05
eec: 514.619
weight: 6.11538e-05
eec: 564.519
weight: 0.000290014
eec: 62.6076
weight: 0.000272439
eec: 167.309
weight: 9.98378e-06
eec: 498.896
weight: 0.000980384
eec: 364.288
weight: 2.3022e-05
eec: 271.156
weight: 0.000249612
eec: 552.1
weight: 0.000122099
eec: 245.694
weight: 1.95087e-06
eec: 1298.35
weight: 7.59647e-05
eec: 98.2669
weight: 5.51143e-05
eec: 455.639
weight: 6.58154e-06
eec: 606.839
weight: 0.000260476
eec: 37.7624
weight: 5.79903e-06
eec: 753.523
weight: 0.000205742
eec: 295.214
weight: 8.5085e-06
eec: 429.177
weight: 1.80737e-05
eec: 171.644
weight: 4.78738e-05
eec: 429.549
weight: 0.000624473
eec: 68.6851
weight: 0.000305024
eec: 631.893
weight: 2.42768e-06
eec: 853.074
weight: 3.5361e-07
eec: 339.643
weight: 3.8466e-05
eec: 284.714
weight: 4.56312e-05
eec: 690.8
Processing: 32.4121 %weight: 1.91213e-06
eec: 124.37
weight: 9.0424e-07
eec: 774.621
weight: 7.3205e-06
eec: 667.179
weight: 0.000245106
eec: 307.17
weight: 6.05897e-06
eec: 1031.13
weight: 6.71894e-09
eec: 41.1083
weight: 1.54971e-06
eec: 92.9749
weight: 4.17306e-05
eec: 181.898
weight: 0.000267351
eec: 160.921
weight: 5.28646e-06
eec: 157.056
weight: 1.23566e-06
eec: 452.6
weight: 7.27992e-06
eec: 174.878
weight: 4.85178e-06
eec: 1817.98
weight: 3.69197e-06
eec: 535.815
weight: 1.08806e-05
eec: 344.704
weight: 1.09821e-06
eec: 737.76
weight: 2.12731e-05
eec: 101.892
weight: 2.41668e-05
eec: 639.4
weight: 9.23303e-06
eec: 849.654
weight: 2.39919e-05
eec: 332.057
weight: 3.31914e-08
eec: 125.204
weight: 1.47887e-05
eec: 799.749
weight: 1.66711e-05
eec: 1895.83
weight: 0.000165249
eec: 750.226
weight: 7.52545e-07
eec: 51.8087
weight: 1.10455e-05
eec: 75.659
weight: 3.0557e-05
eec: 301.186
weight: 7.50615e-05
eec: 489.254
weight: 5.4093e-06
eec: 44.6587
weight: 4.12191e-05
eec: 512.474
weight: 0.000177033
eec: 23.0612
weight: 2.65022e-05
eec: 576.987
weight: 4.49024e-05
eec: 277.294
weight: 7.04322e-05
eec: 817.077
weight: 0.000723952
eec: 129.682
weight: 1.07542e-05
eec: 904.956
weight: 0.000126274
eec: 86.0704
weight: 3.90361e-05
eec: 63.5545
weight: 0.0002736
eec: 141.355
weight: 0.000186425
eec: 145.067
weight: 2.49607e-05
eec: 914.21
weight: 2.02958e-05
eec: 983.165
weight: 0.000256763
eec: 715.224
weight: 0.00014845
eec: 368.531
weight: 0.000672161
eec: 745.476
weight: 4.64224e-05
eec: 631.527
weight: 0.00145236
eec: 179.782
weight: 6.26075e-06
eec: 3894.33
weight: 2.53001e-05
eec: 1596.73
weight: 2.14029e-05
eec: 1839.01
weight: 2.85117e-05
eec: 98.3789
weight: 4.37056e-07
eec: 36.0853
weight: 3.81859e-05
eec: 657.715
weight: 8.51204e-05
eec: 365.036
weight: 9.06198e-05
eec: 333.06
weight: 7.07523e-06
eec: 38.106
weight: 2.71288e-05
eec: 459.45
weight: 2.79397e-05
eec: 186.231
weight: 3.11081e-06
eec: 181.431
weight: 5.25324e-05
eec: 452.894
weight: 3.04272e-07
eec: 581.853
weight: 1.21725e-05
eec: 235.514
weight: 1.42828e-05
eec: 1342.25
weight: 0.000137998
eec: 221.345
weight: 0.00181882
eec: 203.176
weight: 4.03576e-06
eec: 258.717
weight: 1.54457e-05
eec: 65.5706
weight: 0.000101626
eec: 546.663
weight: 2.46787e-05
eec: 512.931
weight: 1.15681e-05
eec: 1163.72
weight: 8.47223e-06
eec: 102.614
weight: 9.32449e-05
eec: 126.159
weight: 3.96143e-05
eec: 2211.34
weight: 0.000144046
eec: 553.079
weight: 1.91263e-05
eec: 111.648
weight: 2.55412e-05
eec: 1738.61
weight: 0.000178022
eec: 320.574
weight: 1.47946e-05
eec: 291.767
weight: 0.000106911
eec: 176.162
weight: 0.000126437
eec: 647.754
weight: 4.81718e-05
eec: 1561.34
weight: 0.0019083
eec: 364.984
weight: 3.67921e-06
eec: 3749.97
weight: 1.23385e-05
eec: 862.853
weight: 1.89764e-05
eec: 590.483
weight: 5.77778e-05
eec: 647.368
weight: 5.6516e-08
eec: 255.501
weight: 1.36991e-05
eec: 840.256
weight: 1.75466e-06
eec: 1592.7
weight: 8.95549e-06
eec: 119.897
weight: 6.48695e-06
eec: 686.154
weight: 7.66728e-05
eec: 105.898
weight: 3.25424e-05
eec: 281.911
weight: 6.63349e-06
eec: 372.527
weight: 2.47617e-06
eec: 64.435
weight: 3.73214e-05
eec: 30.8851
weight: 5.70874e-06
eec: 479.13
weight: 0.000280648
eec: 313.73
weight: 1.92809e-05
eec: 376.859
weight: 1.78428e-05
eec: 290.019
weight: 0.000390311
eec: 317.812
weight: 0.000156345
eec: 73.0204
weight: 7.69892e-06
eec: 1034.63
weight: 9.10505e-06
eec: 415.13
weight: 0.00025006
eec: 425.253
weight: 5.99638e-06
eec: 1925.51
weight: 7.93539e-06
eec: 46.2491
weight: 1.43791e-05
eec: 3061.16
weight: 0.000115705
eec: 13.3827
weight: 1.70825e-05
eec: 2226.8
weight: 5.59556e-05
eec: 116.625
weight: 0.000195377
eec: 816.593
weight: 0.000404224
eec: 141.377
weight: 0.000559451
eec: 132.933
weight: 9.07665e-05
eec: 2176.13
weight: 3.48816e-06
eec: 120.792
weight: 3.45102e-06
eec: 731.007
weight: 2.87269e-05
eec: 154.167
weight: 2.98193e-05
eec: 1801.85
weight: 2.61591e-05
eec: 224.175
weight: 2.01525e-05
eec: 82.4598
weight: 3.31499e-07
eec: 336.07
weight: 1.02152e-05
eec: 311.393
weight: 5.18103e-06
eec: 120.495
weight: 7.26072e-05
eec: 401.714
weight: 4.53718e-06
eec: 756.788
weight: 0.000299794
eec: 211.72
weight: 4.57533e-05
eec: 138.093
weight: 0.000103752
eec: 46.4245
weight: 4.42785e-05
eec: 402.06
weight: 0.000290182
eec: 466.138
weight: 4.04652e-05
eec: 312.47
weight: 0.000217165
eec: 947.67
weight: 0.0001185
eec: 219.532
weight: 0.00119426
eec: 22.8826
weight: 2.61557e-05
eec: 188.94
weight: 1.13738e-05
eec: 1141.89
weight: 0.000720047
eec: 64.6074
weight: 1.9743e-05
eec: 1625.38
weight: 1.50261e-06
eec: 935.588
weight: 1.93956e-05
eec: 906.566
weight: 0.000100713
eec: 490.86
weight: 6.34407e-06
eec: 815.107
weight: 1.05539e-05
eec: 173.079
weight: 0.000529501
eec: 231.358

ROOT exit code = 0
