gSystem->Load("run_condor_job_Run3_C.so");
run_condor_job_Run3(957, 100, 2,
                    80, 200,
                    1, 1, 1, 9);
.q

ENTERED run_condor_job_Run3()
JOBID = 957
  global job = 957  Job 57/100  events [3389220, 3448680)  total=5946000
Processing events [3389220, 3448680) of 5946000
weight: 0.000171421
eec: 200.012
weight: 4.65258e-06
eec: 2034.62
weight: 1.65648e-05
eec: 1101.91
weight: 8.23965e-05
eec: 239.494
weight: 3.14058e-05
eec: 24.0271
weight: 0.00011826
eec: 685.78
weight: 8.68459e-06
eec: 583.503
weight: 5.70279e-07
eec: 883.243
weight: 6.3235e-05
eec: 71.5354
weight: 9.30035e-05
eec: 390.249
weight: 8.60884e-05
eec: 972.499
weight: 5.59075e-06
eec: 4541.22
weight: 1.26156e-05
eec: 958.447
weight: 0.000166822
eec: 260.833
weight: 1.94661e-05
eec: 372.366
weight: 8.55109e-07
eec: 600.521
weight: 2.29594e-06
eec: 27.3685
weight: 8.43759e-05
eec: 82.5773
weight: 3.29384e-05
eec: 1251.99
weight: 2.60615e-05
eec: 111.823
weight: 6.58775e-07
eec: 507.539
weight: 2.68596e-05
eec: 104.245
weight: 0.00199428
eec: 576.029
weight: 1.65472e-05
eec: 1032.52
weight: 0.000464667
eec: 225.557
weight: 3.47614e-05
eec: 656.332
weight: 1.62319e-05
eec: 703.461
weight: 9.61457e-05
eec: 978.098
weight: 9.61457e-05
eec: 615.58
weight: 0.000236917
eec: 342.593
weight: 2.94895e-05
eec: 101.848
weight: 4.04348e-06
eec: 863.405
weight: 3.64557e-05
eec: 299.637
weight: 4.56901e-05
eec: 322.499
weight: 3.20014e-07
eec: 591.767
weight: 2.27251e-05
eec: 120.9
weight: 2.03857e-05
eec: 537.812
weight: 2.79859e-05
eec: 1987.67
weight: 9.76576e-06
eec: 87.5214
weight: 4.90183e-05
eec: 472.885
weight: 4.408e-05
eec: 23.3062
weight: 4.84789e-06
eec: 69.6377
weight: 3.00286e-06
eec: 142.269
weight: 1.99373e-05
eec: 374.857
weight: 1.86857e-07
eec: 1877.74
Processing: 57.1813 %weight: 0.00125861
eec: 449.98
weight: 4.04678e-05
eec: 1222.45
weight: 3.73827e-05
eec: 94.1117
weight: 1.03751e-05
eec: 367.176
weight: 0.000270407
eec: 99.2299
weight: 5.29312e-05
eec: 396.076
weight: 0.000334335
eec: 739.851
weight: 0.000210619
eec: 181.041
weight: 6.49178e-06
eec: 337.683
weight: 0.000224677
eec: 207.865
weight: 0.000344177
eec: 270.624
weight: 2.79351e-05
eec: 1044.74
weight: 1.204e-05
eec: 656.51
weight: 6.5382e-05
eec: 751.37
weight: 0.000171031
eec: 215.284
weight: 0.00024736
eec: 495.182
weight: 4.28614e-06
eec: 1538.16
weight: 0.000744106
eec: 423.759
weight: 1.44947e-05
eec: 1149.99
weight: 4.56095e-05
eec: 1157.38
weight: 0.000198431
eec: 837.589
weight: 4.92779e-07
eec: 124.689
weight: 0.000115571
eec: 303.448
weight: 1.94184e-05
eec: 1099.79
weight: 7.22466e-06
eec: 1703.02
weight: 1.95816e-05
eec: 1662.81
weight: 1.89554e-05
eec: 1039.75
weight: 0.000134032
eec: 661.013
weight: 1.53886e-05
eec: 1576.15
weight: 0.000767223
eec: 774.184
weight: 7.4423e-06
eec: 34.608
weight: 1.21466e-05
eec: 129.403
weight: 4.89821e-05
eec: 95.8583
weight: 2.26319e-05
eec: 972.644
weight: 0.000398484
eec: 1210.01
weight: 8.9916e-06
eec: 212.907
weight: 1.09796e-06
eec: 1889.76
weight: 0.000733437
eec: 148.582
weight: 0.00041072
eec: 126.862
weight: 1.03043e-06
eec: 18.5518
weight: 5.27189e-06
eec: 863.905
weight: 0.000723497
eec: 6.15749
weight: 5.04667e-06
eec: 32.5895
weight: 6.82771e-06
eec: 2932.6
weight: 2.14386e-05
eec: 322.463
weight: 1.45189e-06
eec: 137.621
weight: 2.93649e-05
eec: 383.171
weight: 0.000236633
eec: 267.259
weight: 2.90561e-06
eec: 279.376
weight: 7.67461e-05
eec: 499.021
weight: 5.55113e-05
eec: 188.366
weight: 1.90508e-05
eec: 473.742
weight: 4.25987e-06
eec: 582.056
weight: 0.000110184
eec: 147.423
weight: 1.80932e-08
eec: 50.1041
weight: 6.28065e-06
eec: 745.418
weight: 0.000257605
eec: 87.9491
weight: 1.02552e-05
eec: 245.775
weight: 0.000981333
eec: 803.927
weight: 3.13622e-05
eec: 1877.61
weight: 1.23451e-05
eec: 547.43
weight: 1.92672e-05
eec: 1427.82
weight: 2.60077e-05
eec: 287.556
weight: 1.57176e-05
eec: 1130.51
weight: 5.29342e-05
eec: 238.943
weight: 7.64953e-06
eec: 3373.37
weight: 0.000148336
eec: 521.934
weight: 1.85691e-05
eec: 1314.06
weight: 0.000252754
eec: 221.717
weight: 4.43226e-06
eec: 1192.65
weight: 4.43226e-06
eec: 316.924
weight: 4.13441e-05
eec: 795.528
weight: 0.000975325
eec: 25.4084
weight: 6.29171e-06
eec: 60.8865
weight: 0.000230357
eec: 478.655
weight: 3.0439e-06
eec: 464.741
weight: 2.30574e-08
eec: 421.697
weight: 0.000298269
eec: 623.758
weight: 5.60982e-05
eec: 477.184
weight: 4.19442e-06
eec: 164.039
weight: 0.000124641
eec: 257.384
weight: 8.50392e-06
eec: 766.134
weight: 8.50392e-06
eec: 736.58
weight: 6.78526e-07
eec: 317.923
weight: 1.40936e-06
eec: 1321.4
weight: 4.31403e-05
eec: 130.449
weight: 1.12886e-05
eec: 2300
weight: 1.02262e-05
eec: 203.38
weight: 0.000128104
eec: 180.618
weight: 5.07884e-05
eec: 450.551
weight: 8.62606e-05
eec: 974.636
weight: 4.16519e-05
eec: 73.7877
weight: 0.000118534
eec: 116.642
weight: 2.06593e-05
eec: 1143.77
weight: 2.88545e-05
eec: 216.882
weight: 4.32539e-05
eec: 150.832
weight: 1.88115e-05
eec: 623.544
weight: 0.000108646
eec: 311.449
weight: 0.000474988
eec: 246.444
weight: 2.8164e-05
eec: 629.664
weight: 4.07967e-06
eec: 201.391
weight: 0.000163662
eec: 641.096
weight: 7.67598e-06
eec: 18.2295
weight: 8.77489e-05
eec: 61.3006
weight: 0.000181163
eec: 251.358
weight: 2.31331e-05
eec: 950.965
weight: 3.49373e-05
eec: 1692.99
weight: 3.79475e-06
eec: 227.841
weight: 5.46156e-05
eec: 792.757
weight: 0.000211599
eec: 99.1064
weight: 1.51139e-05
eec: 2034.62
weight: 3.51887e-05
eec: 1712.87
weight: 0.000188638
eec: 1046.96
weight: 2.33091e-05
eec: 1.81281
weight: 4.15558e-05
eec: 1115.24
weight: 0.000615806
eec: 916.849
weight: 0.000128803
eec: 28.6194
weight: 0.000100111
eec: 340.464
weight: 1.62628e-05
eec: 745.913
weight: 1.90234e-08
eec: 118.908
weight: 1.96888e-05
eec: 1856.9
weight: 1.61546e-05
eec: 285.229
weight: 3.35503e-05
eec: 374.99
weight: 2.41438e-05
eec: 77.2716
weight: 0.000148807
eec: 161.189
weight: 3.63855e-06
eec: 1028.77
weight: 6.89719e-05
eec: 291.087
weight: 1.38688e-06
eec: 812.101
weight: 3.67354e-05
eec: 410.143
weight: 3.66176e-05
eec: 556.799
weight: 3.57152e-05
eec: 481.863
weight: 3.83636e-05
eec: 398.697
weight: 1.01106e-05
eec: 311.664
weight: 9.35285e-07
eec: 886.048
weight: 8.1485e-06
eec: 3702.34
weight: 8.89102e-05
eec: 186.542
weight: 5.81375e-05
eec: 14.6878
weight: 5.8491e-05
eec: 266.233
weight: 9.29456e-05
eec: 1399.47
weight: 3.8958e-06
eec: 378.595
weight: 9.65738e-07
eec: 2233.93
weight: 2.06307e-05
eec: 153.905
weight: 0.000103075
eec: 948.043
weight: 0.000324297
eec: 357.952
weight: 8.33814e-05
eec: 61.3167
weight: 1.8796e-05
eec: 1100.31
weight: 5.06671e-06
eec: 2088.56
weight: 6.5195e-05
eec: 68.3317
weight: 1.90902e-05
eec: 270.802
weight: 3.40748e-06
eec: 54.4183
weight: 4.60729e-05
eec: 799.46
weight: 6.53295e-06
eec: 107.251
weight: 3.63274e-05
eec: 311.245
weight: 1.80045e-07
eec: 59.2484
weight: 7.85077e-07
eec: 4335.68
weight: 7.47191e-06
eec: 217.742
weight: 1.22448e-05
eec: 696.747
weight: 3.75649e-06
eec: 179.949
weight: 6.27858e-05
eec: 175.76
weight: 4.14325e-05
eec: 799.98
weight: 6.7869e-06
eec: 51.5995
weight: 6.99878e-05
eec: 173.955
weight: 2.5872e-06
eec: 22.8431
weight: 2.28603e-05
eec: 100.104
weight: 5.56061e-06
eec: 1596.57
weight: 5.70645e-05
eec: 177.518
weight: 1.35421e-05
eec: 233.882
weight: 2.30037e-07
eec: 2543.2
weight: 1.60747e-05
eec: 997.669
weight: 1.21553e-05
eec: 1409.59
weight: 4.07076e-06
eec: 237.866
weight: 5.14898e-06
eec: 41.8166
weight: 7.2133e-05
eec: 466.715
weight: 3.23447e-05
eec: 43.8352
weight: 3.81916e-06
eec: 2986.8
weight: 0.000345613
eec: 1414.67
weight: 1.39395e-05
eec: 152.922
weight: 2.0756e-05
eec: 85.5798
weight: 3.59273e-05
eec: 191.64
weight: 0.000248084
eec: 206.314
weight: 9.4239e-06
eec: 56.9217
weight: 4.18725e-06
eec: 601.23
weight: 1.7254e-05
eec: 780.876
weight: 1.78879e-05
eec: 168.473
weight: 0.000501654
eec: 812.939
weight: 2.39257e-05
eec: 2045.78
weight: 2.65588e-06
eec: 206.194
weight: 8.34192e-07
eec: 161.805
weight: 9.2843e-05
eec: 82.0555
weight: 3.77915e-06
eec: 201.461
weight: 0.000282144
eec: 61.2535
weight: 7.14432e-06
eec: 633.877
weight: 6.98782e-06
eec: 97.1116
weight: 1.66218e-05
eec: 100.719
weight: 0.000308459
eec: 57.6136
weight: 0.000450934
eec: 415.636
weight: 0.000130689
eec: 132.897
weight: 4.27518e-07
eec: 249.736
weight: 0.000119565
eec: 289.468
weight: 5.47515e-06
eec: 135.237
weight: 4.29316e-06
eec: 174.318
weight: 1.76002e-05
eec: 292.95
weight: 2.58221e-08
eec: 410.676
weight: 1.19336e-07
eec: 101.452
weight: 3.41726e-07
eec: 242.346

ROOT exit code = 0
