gSystem->Load("run_condor_job_Run3_C.so");
run_condor_job_Run3(795, 100, 2,
                    80, 200,
                    1, 1, 1, 7);
.q

ENTERED run_condor_job_Run3()
JOBID = 795
  global job = 795  Job 95/100  events [5409300, 5466240)  total=5694000
Processing events [5409300, 5466240) of 5694000
weight: 7.60408e-06
eec: 517.468
weight: 1.62926e-06
eec: 219.95
weight: 3.51044e-07
eec: 127.248
weight: 5.24353e-06
eec: 2615.1
weight: 2.98823e-06
eec: 814.577
weight: 6.39552e-06
eec: 682.757
weight: 0.000232039
eec: 720.054
weight: 0.000128029
eec: 338.583
weight: 3.30179e-05
eec: 2658.3
weight: 2.06721e-05
eec: 2175.56
weight: 4.62351e-05
eec: 120.088
weight: 3.41198e-05
eec: 5075.19
weight: 5.07258e-06
eec: 214.388
weight: 0.000167425
eec: 760.379
weight: 7.89344e-06
eec: 634.826
weight: 5.46446e-05
eec: 1023.58
weight: 2.2997e-05
eec: 7.47134
weight: 3.42569e-06
eec: 266.957
weight: 7.15445e-06
eec: 90.6095
weight: 5.50845e-05
eec: 501.359
weight: 0.00017492
eec: 968.115
weight: 6.57174e-08
eec: 142.848
weight: 6.01308e-06
eec: 308.496
weight: 8.55415e-06
eec: 1306.86
weight: 1.91616e-05
eec: 364.338
weight: 1.67877e-05
eec: 92.5414
weight: 6.2267e-06
eec: 1643.13
weight: 1.66842e-06
eec: 2366.54
weight: 1.02309e-08
eec: 44.5263
weight: 4.02467e-05
eec: 154.194
weight: 0.000105766
eec: 271.135
weight: 4.3123e-05
eec: 12.6625
weight: 2.98703e-07
eec: 2028.34
weight: 3.41797e-05
eec: 546.27
weight: 1.88631e-05
eec: 908.069
weight: 0.000373997
eec: 429.433
weight: 4.5682e-06
eec: 1059.88
weight: 2.30169e-05
eec: 318.752
weight: 0.000112781
eec: 289.885
weight: 8.09842e-05
eec: 281.398
weight: 0.000131908
eec: 1533.64
weight: 4.91603e-05
eec: 180.063
weight: 3.91649e-06
eec: 383.561
weight: 2.50318e-05
eec: 302.302
weight: 0.000120849
eec: 961.073
weight: 0.000143157
eec: 264.178
weight: 1.69618e-05
eec: 283.646
weight: 0.000443882
eec: 202.822
weight: 2.5063e-05
eec: 552.176
weight: 2.04429e-05
eec: 391.632
weight: 5.12885e-05
eec: 157.784
weight: 4.80776e-05
eec: 686.398
weight: 1.36945e-05
eec: 83.5747
weight: 6.35916e-05
eec: 567.34
weight: 2.05273e-05
eec: 875.474
weight: 0.000482287
eec: 599.797
weight: 0.00012527
eec: 1246.22
weight: 0.000290374
eec: 193.149
weight: 8.88404e-06
eec: 125.367
weight: 2.52146e-05
eec: 61.417
weight: 0.000113204
eec: 514.753
weight: 3.38299e-05
eec: 622.974
weight: 1.53491e-05
eec: 452.089
weight: 6.56854e-05
eec: 14.4322
weight: 7.63601e-06
eec: 874.288
weight: 2.24779e-05
eec: 215.43
weight: 0.00065924
eec: 187.879
weight: 0.000103431
eec: 152.523
weight: 3.88786e-05
eec: 230.197
weight: 1.82772e-05
eec: 1579.87
weight: 1.08125e-05
eec: 1771.79
weight: 7.35737e-05
eec: 761.419
weight: 3.58776e-05
eec: 1371.56
weight: 3.75696e-05
eec: 1216.99
weight: 0.000316297
eec: 500.022
weight: 3.90251e-05
eec: 394.236
weight: 5.23137e-06
eec: 1783.65
weight: 2.0168e-05
eec: 266.927
weight: 0.000414523
eec: 677.138
weight: 3.81376e-06
eec: 1588.25
weight: 2.93478e-05
eec: 39.7531
weight: 1.21722e-05
eec: 190.219
weight: 5.26664e-05
eec: 1060.29
weight: 0.000122728
eec: 65.085
weight: 1.3712e-05
eec: 855.442
weight: 1.9978e-06
eec: 225.59
weight: 2.00718e-05
eec: 171.493
weight: 2.16034e-05
eec: 2506.21
weight: 4.32429e-05
eec: 1875.57
weight: 7.63957e-06
eec: 325.937
weight: 8.1435e-06
eec: 225.913
weight: 7.891e-05
eec: 338.913
weight: 2.9694e-05
eec: 317.093
weight: 2.53929e-06
eec: 942.555
weight: 0.000268997
eec: 332.99
weight: 2.82123e-06
eec: 650.25
weight: 0.000173394
eec: 500.995
weight: 3.79391e-05
eec: 782.596
weight: 1.353e-05
eec: 452.509
weight: 3.11775e-06
eec: 1220.89
weight: 2.17519e-05
eec: 418.416
weight: 1.29214e-05
eec: 1814.42
weight: 2.64885e-06
eec: 243.497
weight: 6.10529e-06
eec: 1960.67
weight: 1.27774e-05
eec: 696.045
weight: 0.000426344
eec: 118.054
weight: 5.14366e-05
eec: 1534.24
weight: 0.000135686
eec: 309.322
weight: 3.65503e-05
eec: 1229.36
weight: 0.000177086
eec: 59.6031
weight: 1.63527e-05
eec: 148.246
weight: 3.80028e-06
eec: 628.422
weight: 4.63012e-05
eec: 768.919
weight: 2.11644e-05
eec: 603.13
weight: 2.21131e-07
eec: 652.279
weight: 6.27566e-05
eec: 68.9432
weight: 4.68626e-05
eec: 549.422
weight: 6.05335e-07
eec: 990.732
weight: 0.000143421
eec: 230.034
weight: 0.000195178
eec: 107.888
weight: 2.165e-05
eec: 446.461
weight: 2.89337e-05
eec: 372.705
weight: 6.63347e-06
eec: 130.952
weight: 0.000112279
eec: 302.56
weight: 0.00122178
eec: 467.312
weight: 3.23513e-05
eec: 568.114
weight: 7.75791e-06
eec: 1899.02
weight: 1.20747e-05
eec: 125.309
weight: 2.95276e-05
eec: 329.403
weight: 3.28317e-05
eec: 191.942
weight: 0.000215859
eec: 57.7542
weight: 0.000411278
eec: 154.693
weight: 5.03948e-05
eec: 122.644
weight: 6.49086e-05
eec: 349.531
weight: 5.99239e-05
eec: 136.498
weight: 1.50193e-05
eec: 314.921
weight: 6.07492e-06
eec: 216.466
weight: 2.89984e-05
eec: 536.709
weight: 0.000229451
eec: 79.9322
weight: 1.8778e-06
eec: 476.35
weight: 6.75171e-06
eec: 156.083
weight: 1.10713e-06
eec: 136.308
weight: 1.96615e-06
eec: 127.336
weight: 8.99591e-06
eec: 1447.04
weight: 0.000279217
eec: 57.78
weight: 5.54452e-05
eec: 554.503
weight: 3.90562e-05
eec: 458.639
weight: 6.57038e-06
eec: 649.445
weight: 0.00023136
eec: 537.697
weight: 5.64663e-05
eec: 785.543
weight: 7.8678e-05
eec: 574.602
weight: 3.17155e-06
eec: 2113.18
weight: 6.59652e-06
eec: 94.185
weight: 0.000181612
eec: 674.234
weight: 7.87467e-06
eec: 144.661
weight: 9.35629e-06
eec: 1549.28
weight: 9.42746e-06
eec: 1129.58
weight: 3.66209e-05
eec: 402.328
weight: 6.50059e-05
eec: 677.2
weight: 6.08262e-05
eec: 125.645
weight: 8.08166e-06
eec: 711.113
weight: 3.77138e-06
eec: 197.539
weight: 3.01136e-05
eec: 424.947
weight: 1.24018e-05
eec: 2045.31
weight: 0.000105838
eec: 166.197
weight: 6.12599e-05
eec: 116.257
weight: 9.97495e-06
eec: 242.995
weight: 2.52331e-05
eec: 920.368
weight: 0.000130181
eec: 973.561
Processing: 95.7148 %weight: 3.37887e-06
eec: 267.215
weight: 2.73469e-05
eec: 415.111
weight: 6.73629e-06
eec: 357.824
weight: 4.84409e-06
eec: 785.438
weight: 1.30253e-05
eec: 140.147
weight: 1.75725e-05
eec: 153.333
weight: 3.83589e-05
eec: 116.692
weight: 1.20633e-05
eec: 861.112
weight: 1.45561e-05
eec: 806.581
weight: 0.000234705
eec: 97.9281
weight: 1.12573e-05
eec: 77.9339
weight: 5.78699e-06
eec: 242.478
weight: 0.000141463
eec: 186.729
weight: 4.90124e-05
eec: 727.128
weight: 1.12256e-06
eec: 1820.99
weight: 0.000640312
eec: 158.746
weight: 2.73757e-05
eec: 1685.68
weight: 4.31164e-05
eec: 174.961
weight: 1.05016e-05
eec: 1447.68
weight: 9.03012e-06
eec: 134.928
weight: 1.40564e-05
eec: 762.688
weight: 8.97936e-06
eec: 204.873
weight: 3.52097e-05
eec: 372.395
weight: 0.000188655
eec: 505.9
weight: 3.40508e-05
eec: 1052.04
weight: 3.77724e-06
eec: 739.691
weight: 3.64671e-06
eec: 805.817
weight: 1.37913e-05
eec: 811.499
weight: 6.37015e-07
eec: 645.107
weight: 2.28089e-05
eec: 1743
weight: 8.12525e-05
eec: 231.724
weight: 8.02894e-05
eec: 603.78
weight: 8.34798e-05
eec: 68.482
weight: 6.69043e-06
eec: 1505.92
weight: 5.61917e-05
eec: 36.38
weight: 0.000101228
eec: 198.658
weight: 0.000168312
eec: 176.3
weight: 2.43167e-05
eec: 288.995
weight: 0.00141777
eec: 154.974
weight: 0.000201219
eec: 63.1832
weight: 5.98426e-05
eec: 521.425
weight: 4.03449e-05
eec: 375.402
weight: 1.80205e-05
eec: 28.23
weight: 0.000454817
eec: 122.454
weight: 2.94941e-05
eec: 208.431
weight: 0.000127094
eec: 916.478
weight: 2.00932e-05
eec: 115.387
weight: 1.50887e-05
eec: 23.6723
weight: 0.00034088
eec: 911.109
weight: 1.15002e-05
eec: 414.051
weight: 2.28554e-05
eec: 3242.71
weight: 0.00122514
eec: 97.1985
weight: 2.07787e-05
eec: 449.649
weight: 0.000251628
eec: 1365.65
weight: 6.26043e-05
eec: 340.957
weight: 2.21515e-06
eec: 18.5123
weight: 8.40279e-06
eec: 164.817
weight: 3.93274e-05
eec: 202.421
weight: 1.51544e-05
eec: 1689.44

ROOT exit code = 0
