gSystem->Load("run_condor_job_Run3_C.so");
run_condor_job_Run3(945, 100, 2,
                    80, 200,
                    1, 1, 1, 9);
.q

ENTERED run_condor_job_Run3()
JOBID = 945
  global job = 945  Job 45/100  events [2675700, 2735160)  total=5946000
Processing events [2675700, 2735160) of 5946000
weight: 7.54525e-06
eec: 11.2571
weight: 1.91609e-05
eec: 66.6406
weight: 3.72509e-06
eec: 1209.78
weight: 2.33885e-07
eec: 53.7623
weight: 1.50772e-05
eec: 299.282
weight: 1.03012e-05
eec: 478.443
weight: 9.07767e-06
eec: 882.743
weight: 1.04542e-05
eec: 385.402
weight: 1.42292e-07
eec: 936.438
weight: 1.77002e-06
eec: 284.259
weight: 1.0813e-05
eec: 1354.92
weight: 9.15948e-05
eec: 85.0685
weight: 1.70183e-05
eec: 50.3381
weight: 2.15478e-05
eec: 644.245
weight: 7.89237e-06
eec: 138.768
weight: 9.86397e-07
eec: 2227.45
weight: 1.66594e-06
eec: 1359.84
weight: 0.000132324
eec: 245.29
weight: 0.000156931
eec: 1180.73
weight: 1.54896e-06
eec: 218.122
weight: 1.62768e-06
eec: 178.655
weight: 0.000160832
eec: 122.036
weight: 2.58754e-05
eec: 328.489
weight: 4.36679e-05
eec: 70.2887
weight: 4.82123e-05
eec: 69.7558
weight: 8.30615e-06
eec: 87.0124
weight: 9.55312e-05
eec: 458.554
weight: 4.2391e-06
eec: 53.494
weight: 3.46561e-05
eec: 21.7159
weight: 6.31186e-05
eec: 34.3987
weight: 4.43518e-07
eec: 425.322
weight: 8.35632e-06
eec: 343.395
weight: 3.3991e-06
eec: 345.513
weight: 0.000111186
eec: 1067.89
weight: 3.08047e-05
eec: 84.9466
weight: 8.34745e-06
eec: 756.347
weight: 2.10468e-05
eec: 2000.82
weight: 2.10434e-05
eec: 239.249
weight: 0.000131449
eec: 411.739
weight: 4.78934e-08
eec: 468.841
weight: 0.000282016
eec: 1230.34
weight: 6.833e-06
eec: 591.558
weight: 1.11661e-05
eec: 131.507
weight: 3.55964e-06
eec: 533.394
weight: 5.00644e-06
eec: 326.987
weight: 0.000107709
eec: 473.588
weight: 2.02541e-06
eec: 174.729
weight: 4.38866e-05
eec: 159.282
weight: 5.46049e-05
eec: 323.309
weight: 1.22145e-06
eec: 547.278
weight: 6.44851e-06
eec: 914.374
weight: 0.000573775
eec: 551.235
weight: 6.69602e-06
eec: 2423.01
weight: 2.01555e-05
eec: 128.127
weight: 1.20841e-05
eec: 172.906
weight: 4.34285e-06
eec: 1776.85
weight: 2.90218e-05
eec: 348.708
weight: 0.000131146
eec: 325.983
weight: 1.33065e-06
eec: 261.409
weight: 0.0004495
eec: 30.9951
weight: 9.18145e-05
eec: 72.9927
weight: 0.000183225
eec: 471.15
weight: 1.00554e-05
eec: 264.783
weight: 4.24855e-05
eec: 855.221
weight: 5.06902e-07
eec: 115.824
weight: 1.63763e-05
eec: 714.745
weight: 1.15822e-05
eec: 99.8518
weight: 0.000240202
eec: 769.024
weight: 0.000428151
eec: 78.3418
weight: 0.000428151
eec: 445.95
weight: 1.28472e-05
eec: 2627.31
weight: 1.41457e-07
eec: 223.722
weight: 1.27824e-05
eec: 25.5448
weight: 1.30141e-05
eec: 181.56
weight: 1.07426e-05
eec: 794.711
weight: 7.11091e-05
eec: 2067.39
weight: 5.87219e-06
eec: 96.8814
weight: 7.85059e-06
eec: 738.432
weight: 0.000107285
eec: 339.1
weight: 3.00349e-06
eec: 1345.05
weight: 4.42056e-06
eec: 749.939
weight: 1.70704e-05
eec: 924.045
weight: 6.90228e-05
eec: 985.467
weight: 3.34796e-05
eec: 414.03
weight: 7.56134e-08
eec: 187.515
weight: 8.74336e-05
eec: 181.789
weight: 0.000218882
eec: 82.8475
weight: 2.84879e-05
eec: 171.684
weight: 0.000164829
eec: 602.09
weight: 9.07554e-06
eec: 2444.15
weight: 7.28444e-05
eec: 3036.53
weight: 0.000542211
eec: 1401.73
weight: 3.35503e-05
eec: 165.045
weight: 3.42484e-06
eec: 2068.13
Processing: 45.4087 %weight: 7.80532e-05
eec: 1659.86
weight: 1.43837e-05
eec: 10.6207
weight: 3.6295e-06
eec: 24.2213
weight: 1.58468e-05
eec: 255.186
weight: 1.95856e-05
eec: 41.7669
weight: 8.39587e-06
eec: 753.056
weight: 9.0278e-05
eec: 733.151
weight: 1.10149e-05
eec: 755.527
weight: 1.76774e-05
eec: 190.676
weight: 1.3829e-05
eec: 996.777
weight: 3.65242e-06
eec: 2457.43
weight: 0.000121236
eec: 590.479
weight: 2.513e-05
eec: 528.503
weight: 1.85026e-05
eec: 389.243
weight: 5.78478e-05
eec: 1098.02
weight: 4.86761e-05
eec: 2077.52
weight: 1.47728e-05
eec: 165.94
weight: 2.2112e-07
eec: 42.4786
weight: 8.17313e-06
eec: 195.779
weight: 2.92989e-06
eec: 197.862
weight: 2.92989e-06
eec: 2324.5
weight: 1.30082e-05
eec: 953.429
weight: 0.000128714
eec: 72.16
weight: 5.88226e-05
eec: 899.688
weight: 9.00949e-07
eec: 506.389
weight: 2.95426e-06
eec: 121.558
weight: 9.34191e-06
eec: 553.404
weight: 1.39211e-05
eec: 691.024
weight: 2.18671e-06
eec: 1891.31
weight: 1.97527e-05
eec: 1524.76
weight: 5.13119e-07
eec: 801.157
weight: 4.31163e-05
eec: 663.823
weight: 1.87201e-05
eec: 1031.69
weight: 8.99294e-06
eec: 200.732
weight: 3.41274e-05
eec: 841.617
weight: 1.07122e-05
eec: 946.606
weight: 4.55542e-06
eec: 596.992
weight: 1.08365e-06
eec: 634.392
weight: 4.44399e-05
eec: 37.8718
weight: 7.06832e-06
eec: 497.567
weight: 5.86467e-05
eec: 532.496
weight: 2.67925e-05
eec: 69.6232
weight: 3.94855e-07
eec: 1401.9
weight: 2.80637e-05
eec: 927.32
weight: 1.20785e-05
eec: 427.971
weight: 3.69811e-06
eec: 789.429
weight: 1.54941e-06
eec: 47.9266
weight: 2.14869e-05
eec: 694.558
weight: 9.79267e-06
eec: 530.133
weight: 1.06358e-05
eec: 37.1393
weight: 0.0001816
eec: 43.4142
weight: 1.35367e-05
eec: 145.204
weight: 7.85708e-06
eec: 236.223
weight: 9.74826e-06
eec: 87.9061
weight: 6.8138e-07
eec: 420.119
weight: 0.0002444
eec: 571.528
weight: 0.000184285
eec: 93.1527
weight: 0.000108612
eec: 49.9983
weight: 5.42109e-06
eec: 1424.93
weight: 0.000149554
eec: 670.851
weight: 1.43633e-05
eec: 83.8246
weight: 8.91368e-05
eec: 55.4919
weight: 8.70157e-05
eec: 56.2216
weight: 2.2929e-06
eec: 113.07
weight: 3.04449e-05
eec: 1113.15
weight: 4.82765e-05
eec: 2388.04
weight: 0.000131066
eec: 543.206
weight: 0.000124879
eec: 7.48056
weight: 1.21798e-06
eec: 224.351
weight: 0.000148896
eec: 111.289
weight: 1.29975e-05
eec: 261.683
weight: 8.72833e-05
eec: 267.276
weight: 5.26981e-05
eec: 497.162
weight: 6.18581e-06
eec: 217.484
weight: 1.55731e-05
eec: 403.947
weight: 5.5725e-05
eec: 123.266
weight: 3.87664e-05
eec: 66.0539
weight: 1.01179e-05
eec: 775.976
weight: 1.01179e-05
eec: 410.764
weight: 0.000218256
eec: 1623.99
weight: 1.14304e-05
eec: 333.809
weight: 7.13984e-05
eec: 383.404
weight: 4.0999e-05
eec: 2097.02
weight: 2.04822e-05
eec: 337.781
weight: 1.1446e-05
eec: 91.6478
weight: 0.000158853
eec: 385.688
weight: 7.72609e-06
eec: 616.147
weight: 9.5081e-07
eec: 811.202
weight: 2.1242e-05
eec: 1043.83
weight: 0.000146538
eec: 198.711
weight: 4.73688e-05
eec: 411.559
weight: 1.76991e-05
eec: 132.422
weight: 1.63293e-05
eec: 521.373
weight: 0.000725144
eec: 50.9581
weight: 4.29395e-05
eec: 103.851
weight: 1.89057e-05
eec: 128.489
weight: 2.46809e-05
eec: 204.396
weight: 3.82508e-05
eec: 1083.62
weight: 6.47778e-06
eec: 766.308
weight: 1.34158e-05
eec: 1677.16
weight: 5.77815e-08
eec: 348.677
weight: 7.27062e-05
eec: 71.9079
weight: 1.89048e-05
eec: 432.577
weight: 3.46429e-05
eec: 65.7222
weight: 1.28572e-05
eec: 465.656
weight: 5.48388e-06
eec: 46.9907
weight: 1.45386e-05
eec: 1356.91
weight: 0.000158658
eec: 177.9
weight: 9.06936e-06
eec: 440.666
weight: 2.79099e-05
eec: 436.594
weight: 3.29801e-05
eec: 300.433
weight: 2.24172e-05
eec: 384.975
weight: 6.19043e-06
eec: 1035.61
weight: 1.32164e-05
eec: 751.526
weight: 0.000531957
eec: 43.2474
weight: 3.59721e-05
eec: 70.6724
weight: 6.15868e-07
eec: 256.41
weight: 6.15868e-07
eec: 38.8447
weight: 8.77926e-05
eec: 240.514
weight: 7.52459e-06
eec: 50.9059
weight: 7.13133e-05
eec: 1392.77
weight: 0.000659098
eec: 413.279
weight: 1.50184e-05
eec: 283.888
weight: 0.000171722
eec: 275.195
weight: 3.38192e-05
eec: 1343.04
weight: 6.42239e-06
eec: 320.981
weight: 2.47286e-05
eec: 606.732
weight: 0.000161393
eec: 1291.84
weight: 0.000122096
eec: 223.305
weight: 2.70565e-06
eec: 210.526
weight: 3.38272e-05
eec: 41.2696
weight: 0.000279188
eec: 99.017
weight: 1.28232e-05
eec: 261.729
weight: 1.06032e-07
eec: 239.29
weight: 1.81483e-05
eec: 1809.73
weight: 1.74606e-05
eec: 832.021
weight: 0.00034763
eec: 74.8841
weight: 1.12878e-05
eec: 443.904
weight: 0.000203528
eec: 41.7673
weight: 1.66015e-05
eec: 1780.61
weight: 0.000431163
eec: 62.8169
weight: 3.09676e-06
eec: 770.928
weight: 7.03244e-05
eec: 37.5613
weight: 1.28145e-05
eec: 213.773
weight: 0.000142541
eec: 603.278
weight: 8.78207e-06
eec: 385.607
weight: 4.52365e-05
eec: 109.535
weight: 7.08077e-05
eec: 428.46

ROOT exit code = 0
