gSystem->Load("run_condor_job_Run3_C.so");
run_condor_job_Run3(169, 100, 2,
                    80, 200,
                    1, 1, 1, 1);
.q

ENTERED run_condor_job_Run3()
JOBID = 169
  global job = 169  Job 69/100  events [4044780, 4103400)  total=5862000
Processing events [4044780, 4103400) of 5862000
weight: 0.000105326
eec: 535.31
weight: 1.24129e-06
eec: 1405.31
weight: 1.1608e-07
eec: 379.94
weight: 0.000216108
eec: 248.162
weight: 2.38978e-06
eec: 150.717
weight: 6.06766e-06
eec: 2230.58
weight: 0.000534522
eec: 280.025
weight: 1.92675e-05
eec: 735.212
weight: 7.92994e-05
eec: 33.8351
weight: 1.04572e-05
eec: 46.9298
weight: 7.69981e-05
eec: 221.091
weight: 4.45939e-05
eec: 226.413
weight: 3.75992e-05
eec: 86.7338
weight: 5.724e-07
eec: 314.517
weight: 1.02585e-05
eec: 487.267
weight: 1.1554e-05
eec: 454.236
weight: 5.3314e-05
eec: 109.584
Processing: 69.089 %weight: 3.87391e-05
eec: 333.82
weight: 2.2107e-05
eec: 542.933
weight: 8.44776e-05
eec: 137.817
weight: 3.51243e-05
eec: 1461.64
weight: 5.40371e-05
eec: 436.11
weight: 2.18251e-05
eec: 58.4715
weight: 5.53182e-05
eec: 1723.07
weight: 1.3306e-06
eec: 644.449
weight: 0.00050945
eec: 552.288
weight: 5.37642e-06
eec: 23.1447
weight: 4.3099e-05
eec: 1588.29
weight: 8.95207e-06
eec: 1390.94
weight: 0.000161497
eec: 1758.17
weight: 1.02167e-06
eec: 187.766
weight: 2.66144e-05
eec: 394.724
weight: 2.36942e-05
eec: 176.869
weight: 8.07448e-06
eec: 1035.17
weight: 1.65396e-05
eec: 216.061
weight: 1.12053e-05
eec: 1149.44
weight: 3.50109e-05
eec: 253.895
weight: 0.000115717
eec: 391.867
weight: 2.53772e-05
eec: 370.238
weight: 9.06247e-06
eec: 144.097
weight: 0.000139241
eec: 458.729
weight: 0.000285543
eec: 34.0823
weight: 4.23237e-05
eec: 221.466
weight: 1.36945e-05
eec: 2474.65
weight: 4.94029e-07
eec: 278.715
weight: 1.7895e-05
eec: 491.188
weight: 6.35828e-05
eec: 148.894
weight: 2.6865e-05
eec: 257.135
weight: 1.23763e-07
eec: 448.63
weight: 0.000116909
eec: 88.5043
weight: 0.000168515
eec: 1121.38
weight: 5.64172e-06
eec: 709.582
weight: 0.00053491
eec: 45.2484
weight: 3.2402e-05
eec: 2041.09
weight: 0.000454552
eec: 1081.79
weight: 8.73197e-06
eec: 1968.92
weight: 1.21715e-05
eec: 760.356
weight: 5.461e-06
eec: 895.046
weight: 0.000326439
eec: 623.753
weight: 4.71383e-05
eec: 353.372
weight: 2.43107e-08
eec: 543.242
weight: 1.69906e-05
eec: 784.123
weight: 2.44788e-06
eec: 592.7
weight: 4.19842e-07
eec: 138.545
weight: 0.00016424
eec: 375.784
weight: 0.000376296
eec: 192.378
weight: 0.00038147
eec: 399.298
weight: 0.000436915
eec: 251.769
weight: 4.92392e-06
eec: 968.69
weight: 0.000119903
eec: 55.1761
weight: 1.01983e-05
eec: 326.61
weight: 5.3202e-05
eec: 613.443
weight: 4.45888e-05
eec: 65.7442
weight: 0.000497269
eec: 1919.83
weight: 2.1508e-05
eec: 1826.67
weight: 2.5873e-05
eec: 196.552
weight: 2.5873e-05
eec: 1154.49
weight: 8.48101e-06
eec: 3224.05
weight: 6.53225e-06
eec: 97.4064
weight: 1.45821e-05
eec: 14.78
weight: 0.000408901
eec: 196.704
weight: 3.84224e-06
eec: 529.822
weight: 7.0914e-05
eec: 102.844
weight: 6.66016e-06
eec: 479.665
weight: 4.78072e-06
eec: 1469.76
weight: 1.85882e-06
eec: 225.457
weight: 2.08782e-05
eec: 539.75
weight: 2.76672e-05
eec: 357.318
weight: 6.52707e-05
eec: 480.536
weight: 3.05146e-08
eec: 39.5571
weight: 9.04507e-06
eec: 381.506
weight: 5.189e-06
eec: 675.523
weight: 1.66705e-06
eec: 184.738
weight: 2.68487e-05
eec: 327.004
weight: 8.86393e-07
eec: 226.095
weight: 1.24785e-06
eec: 185.397
weight: 3.96539e-06
eec: 59.8163
weight: 1.58485e-05
eec: 510.675
weight: 0.000162572
eec: 381.469
weight: 2.09465e-06
eec: 318.862
weight: 0.000137519
eec: 555.073
weight: 1.1767e-05
eec: 463.605
weight: 1.4917e-05
eec: 512.115
weight: 0.000271065
eec: 357.827
weight: 3.93621e-06
eec: 4382.45
weight: 3.23593e-07
eec: 1026.14
weight: 1.27578e-05
eec: 158.977
weight: 0.000107286
eec: 2081.12
weight: 0.000167166
eec: 215.817
weight: 0.000304568
eec: 374.143
weight: 2.61819e-06
eec: 122.655
weight: 6.31499e-05
eec: 890.643
weight: 0.000160496
eec: 395.027
weight: 3.94918e-07
eec: 132.119
weight: 0.000430891
eec: 96.63
weight: 2.53015e-05
eec: 1110.97
weight: 5.021e-07
eec: 1189.79
weight: 3.99245e-06
eec: 556.256
weight: 9.15701e-06
eec: 1913.18
weight: 5.64702e-05
eec: 204.303
weight: 0.000340472
eec: 65.9923
weight: 4.6289e-05
eec: 1024.49
weight: 8.43662e-05
eec: 848.543
weight: 7.49324e-05
eec: 125.055
weight: 5.22869e-05
eec: 155.222
weight: 0.000116896
eec: 468.596
weight: 1.6724e-05
eec: 585.355
weight: 1.15151e-05
eec: 121.247
weight: 8.48797e-07
eec: 196.249
weight: 4.35689e-05
eec: 293.631
weight: 1.78783e-07
eec: 953.047
weight: 5.72603e-07
eec: 436.589
weight: 1.12741e-05
eec: 153.202
weight: 0.000386894
eec: 626.796
weight: 1.39977e-05
eec: 63.7693
weight: 4.98185e-06
eec: 543.664
weight: 5.97762e-05
eec: 334.602
weight: 4.29665e-05
eec: 247.553
weight: 2.00408e-05
eec: 503.034
weight: 4.18745e-08
eec: 806.71
weight: 4.91719e-05
eec: 381.567
weight: 0.000632626
eec: 488.684
weight: 5.76685e-06
eec: 1453.98
weight: 4.17759e-06
eec: 234.203
weight: 1.30469e-07
eec: 1680.74
weight: 0.000267323
eec: 158.078
weight: 0.000168678
eec: 115.365
weight: 0.000151948
eec: 576.237
weight: 9.27449e-06
eec: 66.6618
weight: 4.19316e-06
eec: 151.402
weight: 1.9329e-07
eec: 987.556
weight: 1.35234e-05
eec: 386.152
weight: 3.13824e-05
eec: 991.175
weight: 1.89679e-05
eec: 418.862
weight: 5.33552e-05
eec: 70.6361
weight: 5.12084e-05
eec: 1173.63
weight: 4.78266e-06
eec: 495.831
weight: 8.70428e-05
eec: 1389.46
weight: 3.52816e-05
eec: 681.351
weight: 1.20106e-05
eec: 1323.73
weight: 1.75393e-05
eec: 333.359
weight: 2.23025e-05
eec: 524.45
weight: 0.00028197
eec: 389.317
weight: 4.34239e-06
eec: 280.541
weight: 1.01104e-05
eec: 3176.2
weight: 0.000132667
eec: 280.005
weight: 6.48194e-06
eec: 1231.92
weight: 0.00016231
eec: 452.358
weight: 1.16552e-05
eec: 4174.49
weight: 0.000341402
eec: 23.6155
weight: 1.2013e-05
eec: 2157.62
weight: 4.32989e-05
eec: 161.23
weight: 1.09252e-06
eec: 329.636
weight: 4.75722e-06
eec: 402
weight: 8.74085e-06
eec: 240.444
weight: 0.00410011
eec: 20.9131
weight: 7.85989e-05
eec: 783.264
weight: 1.75972e-05
eec: 327.611
weight: 1.41921e-05
eec: 195.261
weight: 2.28445e-05
eec: 2100.76
weight: 8.05575e-05
eec: 862.758
weight: 6.57426e-06
eec: 552.64
weight: 7.01497e-05
eec: 895.064
weight: 2.83978e-05
eec: 243.255
weight: 1.4735e-05
eec: 52.0206
weight: 1.30859e-05
eec: 3597.62
weight: 1.87366e-05
eec: 3678.61
weight: 2.21948e-06
eec: 179.406
weight: 5.08908e-06
eec: 1996.69
weight: 1.79272e-06
eec: 1478.56
weight: 3.24129e-06
eec: 190.305
weight: 6.48727e-05
eec: 175.691
weight: 2.85778e-05
eec: 889.636
weight: 7.16912e-05
eec: 717.961
weight: 3.37475e-05
eec: 1136.16
weight: 1.83147e-05
eec: 679.228
weight: 3.26665e-05
eec: 95.8769
weight: 0.000105923
eec: 403.561
weight: 2.65712e-06
eec: 75.7548
weight: 5.38616e-05
eec: 911.902
weight: 3.05501e-06
eec: 11.1095
weight: 0.000303448
eec: 227.286
weight: 7.96193e-06
eec: 138.14
weight: 9.90439e-06
eec: 600.748
weight: 7.34091e-05
eec: 150.641
weight: 2.91045e-07
eec: 1078.39
weight: 0.000181704
eec: 516.301
weight: 0.0012506
eec: 207.237
weight: 8.24372e-05
eec: 245.006
weight: 5.78362e-06
eec: 406.495
weight: 3.78e-05
eec: 93.263
weight: 0.000257663
eec: 445.286
weight: 1.39895e-06
eec: 1212.65
weight: 1.46921e-05
eec: 1273.85
weight: 0.000106459
eec: 277.759
weight: 1.23217e-06
eec: 527.148
weight: 5.00199e-06
eec: 1172.71
weight: 2.9706e-05
eec: 264.777
weight: 2.62409e-05
eec: 1305.08
weight: 1.41876e-05
eec: 1936.63
weight: 0.000321545
eec: 698.055
weight: 0.000138428
eec: 184.831
weight: 3.3551e-05
eec: 173.435
weight: 1.44279e-05
eec: 824.001
weight: 3.79653e-05
eec: 326.371
weight: 0.00011903
eec: 30.0007
Processing: 69.942 %weight: 0.000121382
eec: 581.136
weight: 5.83522e-05
eec: 6.79295
weight: 6.44499e-05
eec: 195.826
weight: 0.000848761
eec: 734.741
weight: 8.83968e-06
eec: 1777.55
weight: 0.000158095
eec: 806.961
weight: 2.75596e-05
eec: 229.47
weight: 1.84944e-05
eec: 510.204
weight: 4.9277e-05
eec: 82.7949
weight: 8.25213e-05
eec: 286.105
weight: 8.49206e-05
eec: 293.882
weight: 5.33751e-06
eec: 258.589
weight: 7.67298e-06
eec: 4149.16
weight: 3.66714e-05
eec: 675.565
weight: 3.93656e-06
eec: 60.0139
weight: 8.25644e-06
eec: 135.175
weight: 1.87049e-05
eec: 1089.8
weight: 1.87049e-05
eec: 889.398
weight: 0.000192863
eec: 821.402

ROOT exit code = 0
