gSystem->Load("run_condor_job_Run3_C.so");
run_condor_job_Run3(778, 100, 2,
                    80, 200,
                    1, 1, 1, 7);
.q

ENTERED run_condor_job_Run3()
JOBID = 778
  global job = 778  Job 78/100  events [4441320, 4498260)  total=5694000
Processing events [4441320, 4498260) of 5694000
weight: 9.61019e-05
eec: 785.795
weight: 0.000192528
eec: 814.643
weight: 7.65801e-05
eec: 367.685
weight: 7.65801e-05
eec: 525.478
weight: 5.01685e-05
eec: 620.673
weight: 1.22413e-05
eec: 286.612
weight: 0.000536462
eec: 87.2211
weight: 1.5193e-05
eec: 1786.51
weight: 3.12636e-05
eec: 84.0197
weight: 0.000419677
eec: 58.6947
weight: 5.23752e-05
eec: 907.669
weight: 1.01803e-05
eec: 1418.33
weight: 8.57235e-06
eec: 438.608
weight: 6.53202e-06
eec: 480.096
weight: 2.12356e-05
eec: 277.847
weight: 2.85043e-05
eec: 1413.91
weight: 5.37105e-06
eec: 1501.92
weight: 7.28075e-06
eec: 951.537
weight: 1.13759e-06
eec: 240.762
weight: 4.8521e-05
eec: 182.362
weight: 9.45304e-07
eec: 102.036
weight: 3.10427e-06
eec: 1124.37
weight: 6.47988e-05
eec: 257.36
weight: 0.000392864
eec: 240.883
weight: 5.11741e-05
eec: 308.851
weight: 7.13523e-06
eec: 3499.42
weight: 0.0026732
eec: 131.256
weight: 1.06364e-06
eec: 1556.34
weight: 1.06364e-06
eec: 217.729
weight: 2.02499e-06
eec: 194.144
weight: 3.09625e-05
eec: 13.292
weight: 6.24635e-07
eec: 545.823
weight: 1.01836e-05
eec: 343.063
weight: 5.43603e-05
eec: 189.319
Processing: 78.1524 %weight: 2.75103e-05
eec: 63.9141
weight: 8.79474e-06
eec: 1231.73
weight: 3.62401e-06
eec: 615.077
weight: 0.000244925
eec: 310.021
weight: 7.82132e-06
eec: 146.602
weight: 3.42098e-05
eec: 225.874
weight: 3.61975e-07
eec: 416.601
weight: 0.000144884
eec: 61.9504
weight: 8.68389e-08
eec: 195.204
weight: 3.5233e-05
eec: 874.96
weight: 3.32876e-05
eec: 100.35
weight: 6.72204e-05
eec: 1709.28
weight: 4.15119e-06
eec: 1890.88
weight: 3.61513e-06
eec: 55.1557
weight: 0.000114028
eec: 361.452
weight: 7.08645e-05
eec: 752.109
weight: 1.03045e-05
eec: 1527.04
weight: 4.54303e-06
eec: 62.9633
weight: 6.9932e-06
eec: 207.475
weight: 5.85111e-06
eec: 337.821
weight: 0.000263469
eec: 655.854
weight: 6.44382e-06
eec: 1288.71
weight: 0.000332053
eec: 812.698
weight: 4.52819e-06
eec: 646.833
weight: 1.10923e-05
eec: 5111.62
weight: 0.000128312
eec: 145.871
weight: 0.000143779
eec: 394.401
weight: 1.99409e-05
eec: 1506.11
weight: 0.000170961
eec: 1529.1
weight: 0.000178793
eec: 411.471
weight: 6.12587e-06
eec: 665.136
weight: 6.12587e-06
eec: 24.0595
weight: 0.000216606
eec: 438.965
weight: 7.56572e-05
eec: 1007.72
weight: 3.41916e-05
eec: 513.466
weight: 1.74515e-06
eec: 351.48
weight: 0.000116122
eec: 111.14
weight: 4.99656e-05
eec: 270.757
weight: 0.000124469
eec: 739.416
weight: 0.000128798
eec: 366.771
weight: 2.70838e-05
eec: 285.139
weight: 0.000148621
eec: 66.5181
weight: 7.55879e-05
eec: 2148.63
weight: 3.41295e-06
eec: 107.561
weight: 1.0886e-06
eec: 89.4105
weight: 6.22615e-05
eec: 219.021
weight: 4.00227e-06
eec: 2006.38
weight: 0.000557431
eec: 48.1757
weight: 0.00017012
eec: 756.188
weight: 1.73787e-05
eec: 446.308
weight: 1.26255e-05
eec: 593.343
weight: 4.53015e-05
eec: 871.17
weight: 1.77168e-05
eec: 148.415
weight: 2.00704e-05
eec: 1592.16
weight: 0.000290251
eec: 411.891
weight: 4.48909e-05
eec: 95.5497
weight: 1.43844e-05
eec: 34.6686
weight: 3.25962e-06
eec: 448.233
weight: 2.5588e-05
eec: 1022.26
weight: 2.5588e-05
eec: 70.9341
weight: 2.06401e-05
eec: 129.552
weight: 2.03173e-05
eec: 1769.69
weight: 3.49648e-07
eec: 1873.4
weight: 4.36726e-05
eec: 37.7881
weight: 1.06337e-05
eec: 286.102
weight: 1.20937e-05
eec: 153.653
weight: 6.97887e-05
eec: 208.661
weight: 0.00120126
eec: 359.96
weight: 3.7364e-07
eec: 242.693
weight: 1.77511e-05
eec: 20.7736
weight: 4.28562e-05
eec: 42.4378
weight: 1.34288e-06
eec: 645.802
weight: 3.12273e-05
eec: 63.2923
weight: 2.05066e-05
eec: 76.2129
weight: 1.7705e-06
eec: 100.527
weight: 8.03508e-05
eec: 141.769
weight: 3.41915e-06
eec: 44.0824
weight: 6.01089e-05
eec: 133.517
weight: 5.05966e-05
eec: 163.893
weight: 9.54392e-06
eec: 1376.15
weight: 0.000119362
eec: 297.394
weight: 9.02429e-06
eec: 111.651
weight: 9.87651e-05
eec: 360.639
weight: 9.85118e-05
eec: 369.171
weight: 0.000369387
eec: 213.937
weight: 4.26228e-05
eec: 1054.71
weight: 1.36539e-05
eec: 790.976
weight: 1.76545e-05
eec: 340.125
weight: 1.97377e-05
eec: 85.0395
weight: 2.5581e-05
eec: 222.085
weight: 0.000132619
eec: 630.517
weight: 1.2714e-05
eec: 734.065
weight: 7.71492e-06
eec: 1311.94
weight: 1.4981e-05
eec: 457.11
weight: 6.28749e-06
eec: 298.288
weight: 1.42853e-05
eec: 646.84
weight: 6.21431e-06
eec: 509.935
weight: 1.34176e-05
eec: 90.4943
weight: 0.000163209
eec: 218.781
weight: 8.38653e-06
eec: 955.95
weight: 4.77783e-05
eec: 308.075
weight: 0.000170036
eec: 487.84
weight: 2.49511e-05
eec: 210.258
weight: 1.84721e-05
eec: 777.428
weight: 9.03085e-06
eec: 832.766
weight: 2.88886e-05
eec: 147.382
weight: 2.86242e-05
eec: 616.819
weight: 2.79767e-05
eec: 331.442
weight: 1.46968e-05
eec: 204.027
weight: 2.90873e-05
eec: 144.902
weight: 0.00023877
eec: 290.535
weight: 9.87856e-06
eec: 387.748
weight: 9.82529e-05
eec: 189.876
weight: 1.43185e-05
eec: 58.8677
weight: 1.18912e-05
eec: 1493.83
weight: 6.6857e-05
eec: 395.401
weight: 0.00029852
eec: 390.48
weight: 1.52088e-05
eec: 418.363
weight: 6.95924e-05
eec: 850.934
weight: 5.07612e-05
eec: 1164.94
weight: 4.11663e-06
eec: 1656.61
weight: 2.6696e-05
eec: 168.104
weight: 8.56225e-06
eec: 406.176
weight: 3.10288e-05
eec: 2328.02
weight: 7.50412e-05
eec: 288.2
weight: 0.00225331
eec: 61.3956
weight: 7.88227e-06
eec: 246.819
weight: 0.000152634
eec: 495.013
weight: 8.33582e-05
eec: 401.282
weight: 1.20529e-06
eec: 1366.39
weight: 2.89076e-05
eec: 1120.43
weight: 2.00155e-05
eec: 1579.98
weight: 1.36293e-05
eec: 1083.7
weight: 4.6107e-06
eec: 260.415
weight: 0.000112296
eec: 394.975
weight: 1.57452e-06
eec: 845.538
weight: 1.21232e-05
eec: 965.451
weight: 2.28804e-06
eec: 340.671
weight: 8.51197e-05
eec: 227.389
weight: 5.58014e-07
eec: 1186.95
weight: 0.000388052
eec: 9.05609
weight: 0.000206629
eec: 614.707
weight: 0.000133964
eec: 449.499
weight: 9.14392e-06
eec: 684.875
weight: 1.78387e-05
eec: 1106.81
weight: 5.76569e-05
eec: 838.019
weight: 8.87325e-07
eec: 4740.46
weight: 0.000454275
eec: 325.704
weight: 1.94292e-06
eec: 113.525
weight: 2.0719e-05
eec: 848.071
weight: 5.148e-06
eec: 41.7489
weight: 1.71494e-06
eec: 136.407
weight: 2.63433e-05
eec: 104.818
weight: 7.53157e-06
eec: 235.729
weight: 2.87643e-05
eec: 1064.19
weight: 2.59914e-06
eec: 866.947
weight: 4.69097e-05
eec: 18.1563
weight: 1.49337e-05
eec: 566.258
weight: 2.63072e-05
eec: 147.526
weight: 3.55752e-06
eec: 2874.28
weight: 2.57585e-05
eec: 582.754
weight: 8.52144e-06
eec: 359.129
weight: 8.03439e-06
eec: 73.7838
weight: 8.35005e-05
eec: 15.6683
weight: 3.24921e-06
eec: 181.669
weight: 3.31211e-06
eec: 83.0537
weight: 0.000130733
eec: 86.6664
weight: 0.000105964
eec: 845.524
weight: 2.43051e-05
eec: 168.198
weight: 2.03642e-05
eec: 424.078
weight: 2.04107e-05
eec: 293.604
weight: 5.63573e-06
eec: 925.447
weight: 1.88765e-05
eec: 230.416
weight: 3.71393e-08
eec: 712.58
weight: 0.000112658
eec: 457.435
weight: 1.83866e-05
eec: 719.836
weight: 0.000725899
eec: 310.512
weight: 1.19307e-05
eec: 147
weight: 9.34634e-06
eec: 74.0786
weight: 7.05356e-06
eec: 197.719
weight: 0.000161708
eec: 811.68
weight: 2.06545e-07
eec: 958.479
weight: 1.76174e-05
eec: 113.3

ROOT exit code = 0
