gSystem->Load("run_condor_job_Run3_C.so");
run_condor_job_Run3(561, 100, 2,
                    80, 200,
                    1, 1, 1, 5);
.q

ENTERED run_condor_job_Run3()
JOBID = 561
  global job = 561  Job 61/100  events [3660000, 3720000)  total=6000000
Processing events [3660000, 3720000) of 6000000
weight: 3.67713e-05
eec: 545.774
weight: 1.49916e-05
eec: 740.564
weight: 5.58468e-05
eec: 262.835
weight: 0.000566444
eec: 764.987
weight: 0.000797524
eec: 623.986
weight: 3.77288e-05
eec: 75.958
weight: 0.000944305
eec: 445.376
weight: 4.22071e-05
eec: 1291.91
weight: 0.000278563
eec: 292.573
weight: 4.87951e-08
eec: 1320.09
weight: 1.22404e-05
eec: 386.511
weight: 0.000178315
eec: 217.387
weight: 7.16031e-05
eec: 140.87
weight: 4.95305e-05
eec: 196.992
weight: 3.73246e-05
eec: 119.758
weight: 2.47744e-05
eec: 1587.79
weight: 4.4401e-06
eec: 481.97
weight: 2.62922e-06
eec: 767.162
weight: 2.17156e-06
eec: 1156.78
weight: 7.13298e-06
eec: 500.344
weight: 0.000122573
eec: 345.959
weight: 0.000902808
eec: 772.691
weight: 5.13678e-05
eec: 74.4021
weight: 5.41706e-06
eec: 113.425
weight: 1.64796e-06
eec: 792.331
weight: 0.000108906
eec: 463.301
weight: 1.17363e-05
eec: 42.2934
weight: 8.60428e-06
eec: 545.865
weight: 2.22723e-05
eec: 150.788
weight: 4.39765e-06
eec: 1123.53
weight: 6.98134e-06
eec: 92.2979
weight: 1.88041e-05
eec: 1948.63
weight: 1.43871e-05
eec: 153.092
weight: 0.000142961
eec: 474.676
weight: 0.00141696
eec: 177.823
weight: 1.69356e-05
eec: 434.289
weight: 7.65003e-05
eec: 1014.64
weight: 7.65003e-05
eec: 128.125
weight: 6.98933e-05
eec: 79.9891
weight: 7.97661e-05
eec: 174.88
weight: 0.000284365
eec: 11.7385
weight: 1.17695e-05
eec: 1896.51
weight: 1.4927e-05
eec: 238.643
weight: 5.93633e-05
eec: 298.966
weight: 3.62048e-06
eec: 435.165
weight: 8.4302e-05
eec: 462.171
weight: 0.000135713
eec: 19.4876
weight: 1.59332e-05
eec: 112.888
weight: 1.62484e-05
eec: 1900.05
weight: 0.000142455
eec: 2360.38
weight: 7.1013e-05
eec: 545.93
weight: 1.25287e-06
eec: 72.3662
weight: 2.88994e-05
eec: 27.1202
weight: 9.93602e-05
eec: 133.354
weight: 5.44315e-07
eec: 671.835
weight: 0.000210763
eec: 181.993
weight: 0.000238204
eec: 838.363
weight: 2.50493e-05
eec: 1555.01
weight: 8.99266e-05
eec: 1020.26
weight: 9.0717e-06
eec: 22.2125
weight: 5.60287e-06
eec: 315.813
weight: 0.000242266
eec: 41.8544
weight: 2.16144e-05
eec: 404.587
weight: 2.2974e-05
eec: 506.615
weight: 8.67593e-06
eec: 122.621
weight: 2.22329e-06
eec: 529.482
weight: 1.78573e-06
eec: 59.5246
weight: 1.52431e-05
eec: 786.418
weight: 1.90843e-05
eec: 662.02
weight: 1.81324e-05
eec: 472.485
weight: 9.70021e-06
eec: 219.531
weight: 4.31978e-06
eec: 1633.7
weight: 0.000249908
eec: 203.148
weight: 2.97741e-05
eec: 1254.17
weight: 2.8698e-06
eec: 438.684
weight: 2.52473e-06
eec: 1392.67
weight: 1.76192e-05
eec: 1118.21
weight: 1.58979e-05
eec: 655.717
weight: 5.48684e-05
eec: 224.494
weight: 8.13424e-06
eec: 232.102
weight: 2.395e-06
eec: 111.834
weight: 4.89394e-05
eec: 798.272
weight: 8.78896e-06
eec: 280.684
weight: 6.24548e-05
eec: 142.565
weight: 0.00048995
eec: 10.2128
weight: 1.45596e-06
eec: 466.709
weight: 1.16532e-05
eec: 55.6617
weight: 3.24478e-05
eec: 994.643
weight: 1.72839e-05
eec: 364.155
weight: 9.97164e-05
eec: 296.037
weight: 6.15579e-05
eec: 49.0801
weight: 0.000106979
eec: 131.448
weight: 4.39434e-05
eec: 36.6986
weight: 6.67139e-08
eec: 495.491
weight: 1.30494e-07
eec: 108.497
weight: 6.16906e-05
eec: 2835.18
weight: 6.16906e-05
eec: 352.606
weight: 3.97679e-05
eec: 162.048
weight: 5.44724e-06
eec: 1174.87
weight: 0.000196344
eec: 1237.1
weight: 3.87782e-05
eec: 1368
weight: 4.77203e-05
eec: 1348.98
weight: 2.14393e-05
eec: 746.673
weight: 1.17616e-06
eec: 464.279
weight: 6.013e-05
eec: 87.3949
weight: 4.56057e-06
eec: 128.453
weight: 8.20397e-05
eec: 245.935
weight: 0.000430988
eec: 133.157
weight: 1.21429e-05
eec: 587.499
weight: 5.40299e-07
eec: 1855.57
weight: 1.10424e-05
eec: 182.057
weight: 1.27339e-05
eec: 3942.65
weight: 1.30842e-05
eec: 318.156
weight: 8.45299e-05
eec: 2177.74
weight: 2.82163e-06
eec: 865.453
weight: 0.000258886
eec: 231.532
weight: 0.000766535
eec: 152.519
weight: 1.40376e-07
eec: 43.1738
weight: 1.35445e-06
eec: 955.2
weight: 1.6531e-05
eec: 725.397
weight: 1.45778e-05
eec: 949.514
weight: 2.11543e-05
eec: 365.571
weight: 1.67716e-05
eec: 483.864
weight: 1.67716e-05
eec: 57.3543
weight: 5.24213e-05
eec: 335.346
weight: 0.000119142
eec: 141.93
weight: 7.41187e-05
eec: 956.138
weight: 4.83594e-05
eec: 498.347
weight: 3.40416e-05
eec: 139.389
weight: 3.40416e-05
eec: 1454.25
weight: 2.88077e-05
eec: 92.466
weight: 1.13e-05
eec: 1338.9
weight: 0.000101073
eec: 174.953
weight: 5.48988e-06
eec: 757.227
weight: 4.89271e-06
eec: 659.384
weight: 9.40137e-07
eec: 493.217
weight: 2.66529e-05
eec: 562.084
weight: 0.000150219
eec: 159.766
weight: 1.98555e-05
eec: 329.29
weight: 1.03862e-06
eec: 411.408
weight: 6.35684e-06
eec: 1056.12
weight: 3.27832e-06
eec: 442.052
weight: 6.05051e-05
eec: 1836.12
weight: 5.31663e-08
eec: 233.013
weight: 0.000285723
eec: 696.407
weight: 8.1031e-05
eec: 420.626
weight: 9.65729e-09
eec: 671.632
weight: 0.000151261
eec: 251.975
weight: 0.000510747
eec: 92.7328
weight: 9.98674e-05
eec: 88.2782
weight: 1.71075e-05
eec: 82.7917
weight: 1.85611e-05
eec: 723.24
weight: 1.35411e-05
eec: 95.6639
weight: 0.000798001
eec: 231.278
weight: 0.000130555
eec: 269.922
weight: 6.09121e-07
eec: 689.543
weight: 0.000445207
eec: 427.358
weight: 2.46948e-05
eec: 329.072
weight: 9.07429e-05
eec: 1158.63
weight: 0.000249044
eec: 731.497
weight: 1.39805e-06
eec: 81.4506
weight: 4.56705e-05
eec: 566.506
weight: 0.000170074
eec: 1136.66
weight: 4.44712e-05
eec: 117.531
weight: 0.000262688
eec: 32.3249
weight: 6.94309e-07
eec: 79.3186
weight: 4.44456e-05
eec: 677.925
weight: 0.000350599
eec: 230.394
weight: 0.000209961
eec: 189.849
weight: 0.000314799
eec: 162.031
weight: 4.57811e-06
eec: 76.7876
weight: 4.4796e-06
eec: 51.8308
Processing: 61.6667 %weight: 1.82501e-06
eec: 444.537
weight: 5.595e-06
eec: 261.888
weight: 6.23792e-06
eec: 384.55
weight: 0.000148051
eec: 501.895
weight: 8.79778e-06
eec: 305.102
weight: 3.7978e-06
eec: 65.5303
weight: 1.38826e-05
eec: 96.6072
weight: 6.06915e-06
eec: 720.473
weight: 3.40992e-05
eec: 834.886
weight: 5.64701e-06
eec: 141.21
weight: 3.8716e-05
eec: 1001.32
weight: 3.75673e-05
eec: 555.291
weight: 0.000209438
eec: 79.0551
weight: 2.63249e-05
eec: 464.756
weight: 0.000295881
eec: 258.387
weight: 0.000284917
eec: 1552.12
weight: 7.76518e-06
eec: 66.7389
weight: 4.95976e-06
eec: 60.278
weight: 1.30114e-05
eec: 539.785
weight: 3.51898e-05
eec: 227.153
weight: 9.53372e-05
eec: 28.1201
weight: 1.04635e-05
eec: 898.65
weight: 1.07307e-07
eec: 149.229
weight: 4.29391e-05
eec: 365.717
weight: 3.68459e-06
eec: 808.202
weight: 0.000173186
eec: 735.653
weight: 5.95463e-06
eec: 229.272
weight: 0.000238929
eec: 117.026
weight: 0.000141178
eec: 366.11
weight: 0.000168453
eec: 276.599
weight: 7.22808e-05
eec: 1368.02
weight: 8.09651e-06
eec: 451.477
weight: 5.63281e-07
eec: 510.234
weight: 1.11056e-05
eec: 1091.72
weight: 1.51878e-05
eec: 4805.53
weight: 6.89119e-05
eec: 843.982
weight: 0.000112897
eec: 304.212
weight: 9.12162e-06
eec: 196.728
weight: 0.000517041
eec: 559.187
weight: 3.94161e-05
eec: 255.109
weight: 5.90299e-06
eec: 870.352
weight: 2.73499e-06
eec: 913.657
weight: 5.66492e-05
eec: 916.942
weight: 3.58111e-06
eec: 298.181
weight: 2.70622e-05
eec: 345.107
weight: 1.26266e-05
eec: 103.396
weight: 1.07602e-05
eec: 967.942
weight: 1.57494e-06
eec: 75.7452
weight: 8.57343e-05
eec: 1429.18
weight: 0.00019855
eec: 664.087
weight: 2.4765e-05
eec: 33.4911
weight: 2.16519e-06
eec: 55.8864
weight: 0.000142878
eec: 164.643
weight: 2.93664e-07
eec: 1123.88
weight: 5.31489e-06
eec: 195.826
weight: 6.60075e-05
eec: 384.258
weight: 6.945e-06
eec: 495.295
weight: 2.21834e-06
eec: 136.744
weight: 4.4478e-05
eec: 2881.31
weight: 0.000189441
eec: 390.067
weight: 0.000612207
eec: 237.045
weight: 7.73288e-06
eec: 120.842
weight: 4.51219e-05
eec: 978.882
weight: 2.83964e-05
eec: 1377.7
weight: 6.7196e-06
eec: 392.495
weight: 5.98385e-06
eec: 339.26
weight: 2.83261e-05
eec: 415.094
weight: 6.39742e-05
eec: 165.011
weight: 1.55542e-07
eec: 206.842
weight: 2.02806e-06
eec: 473.332
weight: 2.29489e-05
eec: 233.048
weight: 3.40485e-05
eec: 1098.56
weight: 4.9024e-06
eec: 1765.53
weight: 1.14129e-05
eec: 328.873
weight: 1.30887e-05
eec: 1189.35
weight: 4.5108e-06
eec: 930.983
weight: 1.9413e-05
eec: 666.016
weight: 6.20697e-05
eec: 122.891
weight: 5.41493e-05
eec: 243.405
weight: 6.00043e-05
eec: 664.012
weight: 2.01154e-05
eec: 297.02
weight: 1.81417e-05
eec: 201.421

ROOT exit code = 0
