gSystem->Load("run_condor_job_Run3_C.so");
run_condor_job_Run3(581, 100, 2,
                    80, 200,
                    1, 1, 1, 5);
.q

ENTERED run_condor_job_Run3()
JOBID = 581
  global job = 581  Job 81/100  events [4860000, 4920000)  total=6000000
Processing events [4860000, 4920000) of 6000000
weight: 4.2768e-06
eec: 1309.87
weight: 1.70627e-07
eec: 303.548
weight: 3.72148e-05
eec: 472.623
weight: 1.31115e-05
eec: 223.588
weight: 1.01938e-06
eec: 101.96
weight: 1.2315e-05
eec: 196.583
weight: 5.27556e-05
eec: 109.303
weight: 0.000152311
eec: 299.027
weight: 8.50498e-05
eec: 68.598
weight: 1.93067e-06
eec: 109.67
weight: 9.22533e-05
eec: 418.122
weight: 9.01904e-08
eec: 209.892
weight: 2.33809e-05
eec: 306.619
weight: 3.41343e-05
eec: 251.602
weight: 0.000474522
eec: 449.189
weight: 2.25634e-06
eec: 1327.91
weight: 7.3126e-06
eec: 51.348
weight: 3.84869e-05
eec: 169.429
weight: 1.22153e-05
eec: 42.0614
weight: 0.000146722
eec: 143.528
weight: 4.86172e-08
eec: 1002.83
weight: 3.06567e-05
eec: 1039.34
weight: 2.8001e-05
eec: 348.836
weight: 1.81523e-06
eec: 550.693
weight: 0.000263709
eec: 114.937
weight: 9.86656e-05
eec: 1054.14
weight: 2.54601e-05
eec: 265.681
weight: 2.30718e-05
eec: 203.057
weight: 0.000110394
eec: 235.97
weight: 6.69773e-06
eec: 219.983
weight: 7.92894e-06
eec: 374.122
weight: 3.31964e-05
eec: 939.399
weight: 7.62674e-05
eec: 582.886
weight: 5.79949e-05
eec: 188.313
weight: 1.95873e-05
eec: 1387.85
weight: 2.93228e-05
eec: 197.986
weight: 7.55118e-07
eec: 218.53
weight: 4.51462e-06
eec: 359.104
weight: 3.8641e-06
eec: 1001.33
weight: 1.42644e-05
eec: 1883.16
weight: 1.1609e-06
eec: 1357.74
weight: 9.12426e-05
eec: 476.753
weight: 0.00018206
eec: 1452.6
weight: 0.000189626
eec: 75.5599
weight: 0.000650962
eec: 155.6
weight: 6.37916e-06
eec: 516.54
weight: 3.23983e-05
eec: 1729.52
weight: 3.07331e-06
eec: 313.29
weight: 6.6167e-05
eec: 886.947
weight: 0.00040403
eec: 267.077
weight: 5.23997e-06
eec: 806.148
weight: 5.08003e-05
eec: 550.089
weight: 7.20429e-05
eec: 725.071
weight: 1.21081e-06
eec: 114.189
weight: 1.13495e-05
eec: 442.677
weight: 9.27952e-05
eec: 21.9411
weight: 0.000262245
eec: 233.041
weight: 0.000212806
eec: 353.588
weight: 2.69054e-06
eec: 1865.15
weight: 2.36148e-07
eec: 369.166
weight: 8.58632e-06
eec: 351.291
weight: 1.11223e-05
eec: 151.798
weight: 4.44634e-05
eec: 1760.38
weight: 5.48455e-05
eec: 1096.24
weight: 4.98421e-05
eec: 669.438
weight: 2.90647e-06
eec: 88.2758
weight: 2.76008e-06
eec: 1225.72
weight: 9.01795e-06
eec: 879.461
weight: 2.09681e-05
eec: 586.016
weight: 0.000240651
eec: 99.0161
weight: 4.00062e-05
eec: 1516.66
weight: 1.73183e-06
eec: 406.022
weight: 1.2651e-06
eec: 1407.61
weight: 8.16792e-06
eec: 76.0778
weight: 4.51785e-05
eec: 268.477
weight: 5.97827e-06
eec: 736.416
weight: 8.3424e-05
eec: 498.218
weight: 0.000512575
eec: 300.145
weight: 0.000106912
eec: 286.697
weight: 5.09038e-05
eec: 425.262
weight: 5.85968e-05
eec: 1195.12
weight: 1.00249e-05
eec: 213.13
weight: 0.000413893
eec: 43.3357
weight: 0.000106934
eec: 46.0498
weight: 1.31027e-05
eec: 59.5185
weight: 1.60564e-08
eec: 431.648
weight: 1.40342e-05
eec: 1956.88
weight: 0.000137092
eec: 983.762
weight: 9.5493e-06
eec: 2166.85
weight: 0.000544182
eec: 47.31
weight: 1.90656e-05
eec: 384.645
weight: 8.43387e-06
eec: 894.451
weight: 3.60366e-05
eec: 359.944
weight: 2.85596e-05
eec: 1388.32
weight: 3.13149e-06
eec: 575.579
weight: 3.11303e-06
eec: 862.692
weight: 4.82933e-05
eec: 377.451
weight: 3.73109e-06
eec: 622.343
weight: 5.01265e-05
eec: 138.661
weight: 9.43271e-06
eec: 1204.63
weight: 1.14901e-06
eec: 42.1039
weight: 5.37686e-05
eec: 2094.94
weight: 0.000381545
eec: 386.704
weight: 0.000237236
eec: 1069.35
weight: 0.000189971
eec: 29.8098
weight: 9.41466e-07
eec: 362.042
weight: 1.3198e-05
eec: 1837.74
weight: 2.48577e-05
eec: 561.148
weight: 0.000652738
eec: 147.548
weight: 8.72249e-09
eec: 1530.52
weight: 4.58816e-05
eec: 137.708
weight: 1.96009e-05
eec: 791.94
weight: 1.28182e-06
eec: 320.895
weight: 3.61959e-05
eec: 130.894
weight: 1.28096e-05
eec: 37.3886
weight: 8.53652e-06
eec: 89.5411
weight: 3.11422e-05
eec: 975.072
weight: 0.000557167
eec: 74.7401
weight: 6.8395e-05
eec: 2305.82
weight: 1.99114e-06
eec: 600.103
weight: 3.09268e-06
eec: 372.424
weight: 9.52992e-05
eec: 381.754
weight: 0.000425777
eec: 753.052
weight: 2.11783e-06
eec: 627.176
weight: 1.02785e-05
eec: 752.467
weight: 8.57355e-06
eec: 236.736
weight: 3.42766e-05
eec: 632.254
weight: 6.88105e-05
eec: 567.55
weight: 1.38421e-05
eec: 908.615
weight: 0.000266353
eec: 67.0213
weight: 4.64973e-06
eec: 458.927
weight: 2.66138e-06
eec: 379.146
weight: 1.21959e-05
eec: 99.5864
weight: 5.12398e-06
eec: 97.9401
weight: 1.57421e-05
eec: 48.4264
Processing: 81.6667 %weight: 3.52483e-05
eec: 695.532
weight: 0.000239056
eec: 196.385
weight: 2.75171e-05
eec: 1027.51
weight: 6.52506e-06
eec: 110.895
weight: 8.50825e-05
eec: 428.364
weight: 5.05416e-05
eec: 175.38
weight: 1.56723e-06
eec: 1060.13
weight: 9.62883e-05
eec: 106.652
weight: 0.000116364
eec: 563.942
weight: 6.83933e-05
eec: 47.9048
weight: 6.35262e-05
eec: 454.924
weight: 9.17917e-06
eec: 198.818
weight: 1.8883e-06
eec: 102.675
weight: 9.39104e-06
eec: 691.313
weight: 1.32156e-06
eec: 204.403
weight: 0.000254635
eec: 250.765
weight: 1.93312e-05
eec: 1688.68
weight: 2.78712e-05
eec: 822.16
weight: 1.38716e-05
eec: 674.352
weight: 3.66849e-05
eec: 561.893
weight: 2.59245e-05
eec: 267.453
weight: 0.000153233
eec: 24.7011
weight: 2.33725e-05
eec: 540.279
weight: 8.1133e-05
eec: 539.966
weight: 0.000229597
eec: 317.478
weight: 1.10666e-05
eec: 1689.28
weight: 2.26557e-07
eec: 29.0487
weight: 5.36124e-08
eec: 316.938
weight: 0.000129983
eec: 365.221
weight: 0.000164547
eec: 105.246
weight: 1.75459e-05
eec: 26.9237
weight: 1.83443e-05
eec: 177.123
weight: 0.000119599
eec: 34.9778
weight: 1.84961e-05
eec: 1457.46
weight: 0.000400017
eec: 262.123
weight: 1.70998e-06
eec: 59.8664
weight: 3.63056e-06
eec: 397.531
weight: 1.00248e-06
eec: 381.867
weight: 9.65825e-06
eec: 465.715
weight: 4.87226e-05
eec: 136.839
weight: 1.01247e-05
eec: 315.303
weight: 6.14162e-05
eec: 233.64
weight: 1.11998e-05
eec: 1089.92
weight: 3.39939e-06
eec: 483.475
weight: 2.85274e-05
eec: 331.751
weight: 0.00072406
eec: 36.8731
weight: 0.00114209
eec: 285.909
weight: 4.57273e-05
eec: 538.639
weight: 0.000127316
eec: 32.136
weight: 2.15239e-05
eec: 303.257
weight: 0.000373669
eec: 409.642
weight: 2.88653e-05
eec: 260.012
weight: 1.59998e-05
eec: 320.244
weight: 7.80651e-06
eec: 535.381
weight: 0.00200484
eec: 207.226
weight: 8.27154e-07
eec: 463.429
weight: 6.58959e-06
eec: 998.735
weight: 2.01723e-05
eec: 420.972
weight: 3.13558e-06
eec: 397.272
weight: 6.49833e-06
eec: 1582.52
weight: 1.74735e-05
eec: 806.797
weight: 4.57708e-05
eec: 699.64
weight: 1.71353e-06
eec: 425.33
weight: 1.58187e-05
eec: 21.9635
weight: 1.21021e-06
eec: 1389.5

ROOT exit code = 0
