gSystem->Load("run_condor_job_Run3_C.so");
run_condor_job_Run3(170, 100, 2,
                    80, 200,
                    1, 1, 1, 1);
.q

ENTERED run_condor_job_Run3()
JOBID = 170
  global job = 170  Job 70/100  events [4103400, 4162020)  total=5862000
Processing events [4103400, 4162020) of 5862000
weight: 8.31907e-05
eec: 161.649
weight: 1.4326e-05
eec: 617.067
weight: 8.16796e-06
eec: 562.421
weight: 9.15923e-05
eec: 247.842
weight: 9.22242e-05
eec: 192.501
weight: 1.88164e-05
eec: 2222.22
weight: 3.00134e-06
eec: 116.435
weight: 3.21107e-06
eec: 178.046
weight: 5.1708e-05
eec: 755.851
weight: 0.000421239
eec: 10.486
weight: 0.000102709
eec: 495.273
weight: 1.01893e-08
eec: 937.17
weight: 6.31197e-05
eec: 394.094
weight: 3.76529e-05
eec: 337.712
weight: 0.000128114
eec: 162.091
weight: 3.6778e-05
eec: 113.7
weight: 6.04921e-05
eec: 653.595
weight: 4.45986e-05
eec: 92.1112
weight: 3.85347e-05
eec: 122.375
weight: 0.000391192
eec: 69.9072
weight: 1.31956e-05
eec: 837.875
weight: 3.40244e-05
eec: 1065.88
weight: 0.000149888
eec: 1822.62
weight: 4.87478e-05
eec: 297.428
weight: 6.13018e-06
eec: 382.251
weight: 3.35862e-06
eec: 1811.95
weight: 2.37381e-05
eec: 525.129
weight: 0.000259743
eec: 340.373
weight: 4.22214e-06
eec: 1591.66
weight: 6.02841e-06
eec: 4261.25
weight: 3.64241e-05
eec: 689.086
weight: 0.000373822
eec: 371.556
weight: 5.75311e-06
eec: 592.269
weight: 4.71463e-05
eec: 191.041
weight: 4.04971e-05
eec: 1568.93
weight: 2.66346e-06
eec: 1584.57
weight: 7.53557e-06
eec: 625.47
weight: 3.35923e-05
eec: 1491.02
weight: 5.64153e-05
eec: 84.5738
weight: 4.05688e-06
eec: 157.641
weight: 4.70633e-06
eec: 475.296
weight: 0.000323701
eec: 111.834
weight: 1.59534e-06
eec: 609.436
weight: 2.87577e-05
eec: 287.734
weight: 5.7394e-06
eec: 474.269
weight: 4.0435e-05
eec: 845.523
weight: 2.50118e-05
eec: 543.012
weight: 8.30154e-08
eec: 140.021
weight: 8.62492e-06
eec: 229.952
weight: 7.15562e-05
eec: 165.867
weight: 2.08771e-06
eec: 632.937
weight: 0.000216255
eec: 379.595
weight: 0.000567459
eec: 513.894
weight: 8.21966e-06
eec: 1012.98
weight: 4.09528e-05
eec: 1759.69
weight: 4.83119e-05
eec: 963.174
weight: 2.87966e-06
eec: 413.25
weight: 2.32352e-05
eec: 652.142
weight: 0.000139719
eec: 132.232
weight: 4.9759e-05
eec: 377.695
weight: 2.69253e-06
eec: 155.752
weight: 9.94293e-06
eec: 401.396
weight: 1.41393e-05
eec: 762.592
weight: 2.53718e-06
eec: 99.4779
weight: 0.000256726
eec: 378.477
weight: 0.000106228
eec: 184.085
weight: 7.65903e-06
eec: 604.816
weight: 4.82652e-05
eec: 1128.51
weight: 5.67262e-06
eec: 42.2348
weight: 2.2356e-05
eec: 571.359
weight: 0.00016664
eec: 1311.05
weight: 2.08511e-05
eec: 1915.38
weight: 2.32471e-06
eec: 522.073
weight: 0.000162701
eec: 73.7957
weight: 4.72457e-05
eec: 403.653
weight: 2.5621e-05
eec: 858.204
weight: 0.000109675
eec: 1212.28
weight: 1.04526e-05
eec: 2204.81
weight: 4.35255e-05
eec: 353.642
weight: 3.33368e-05
eec: 1368.45
weight: 3.33368e-05
eec: 645.795
weight: 1.28915e-05
eec: 820.736
weight: 1.88446e-05
eec: 641.408
weight: 3.92185e-05
eec: 569.124
weight: 0.000198917
eec: 39.7696
weight: 1.46668e-05
eec: 4329.08
weight: 4.58147e-05
eec: 273.578
weight: 2.06172e-06
eec: 1592.38
weight: 0.000465993
eec: 645.648
weight: 1.79786e-06
eec: 1676.87
weight: 4.13169e-05
eec: 1894.6
weight: 1.2342e-06
eec: 292.895
weight: 0.000414046
eec: 1129.05
weight: 9.7689e-06
eec: 312.657
weight: 5.78609e-06
eec: 2124.11
weight: 4.40828e-07
eec: 140.913
weight: 8.12597e-06
eec: 909.178
weight: 2.4339e-05
eec: 629.227
weight: 3.87142e-05
eec: 172.088
weight: 4.21649e-05
eec: 1587.83
weight: 7.56147e-06
eec: 2291.39
weight: 1.5296e-05
eec: 367.397
weight: 6.96099e-07
eec: 1673.6
weight: 1.60979e-07
eec: 469.748
weight: 9.30861e-05
eec: 148.603
weight: 0.000405396
eec: 20.7685
weight: 3.91345e-05
eec: 152.353
weight: 6.16081e-06
eec: 813.328
weight: 0.000175672
eec: 195.955
weight: 5.82277e-05
eec: 166.805
weight: 2.9245e-05
eec: 206.676
weight: 1.9368e-05
eec: 680.258
weight: 4.95437e-07
eec: 1375.96
weight: 1.03513e-05
eec: 1019.35
weight: 4.16055e-06
eec: 29.3874
weight: 3.63775e-06
eec: 3100.67
weight: 2.9987e-05
eec: 160.336
weight: 5.31221e-06
eec: 779.067
weight: 5.31221e-06
eec: 279.184
weight: 1.13603e-07
eec: 476.16
weight: 1.20235e-05
eec: 475.553
weight: 7.62162e-05
eec: 85.7905
weight: 2.07316e-05
eec: 117.318
weight: 0.00013251
eec: 368.461
weight: 1.1034e-05
eec: 12.061
weight: 0.000395627
eec: 164.918
weight: 7.84811e-06
eec: 2435.9
weight: 1.28224e-06
eec: 37.9217
weight: 6.06612e-05
eec: 680.509
weight: 1.10909e-05
eec: 697.514
weight: 6.77119e-06
eec: 660.704
weight: 0.000139869
eec: 273.925
weight: 1.4969e-05
eec: 519.577
weight: 3.18574e-05
eec: 798.803
weight: 1.24282e-05
eec: 31.4148
weight: 7.47193e-06
eec: 88.0541
weight: 3.41446e-05
eec: 1298.41
weight: 6.6056e-05
eec: 241.878
weight: 5.61837e-05
eec: 1342.59
weight: 1.81619e-05
eec: 11.9888
weight: 4.53907e-05
eec: 76.2443
weight: 2.66729e-05
eec: 1134.79
weight: 7.25529e-06
eec: 143.601
weight: 5.07957e-06
eec: 748.475
weight: 2.60187e-05
eec: 231.337
weight: 3.95167e-05
eec: 237.452
weight: 0.00120419
eec: 482.487
weight: 1.41044e-05
eec: 451.694
weight: 5.43109e-05
eec: 552.044
weight: 1.53451e-06
eec: 606.266
weight: 2.5058e-06
eec: 302.463
weight: 5.45449e-08
eec: 173.269
weight: 3.55699e-05
eec: 742.544
weight: 1.38794e-05
eec: 267.2
weight: 0.000415414
eec: 433.158
weight: 3.08358e-05
eec: 127.133
weight: 5.133e-05
eec: 511.981
weight: 9.22866e-06
eec: 273.525
weight: 1.65592e-05
eec: 83.7083
weight: 0.000149682
eec: 347.43
weight: 0.000337268
eec: 532.35
weight: 3.64887e-05
eec: 422.541
weight: 1.856e-06
eec: 881.467
weight: 1.79782e-05
eec: 904.296
weight: 3.57167e-07
eec: 955.776
weight: 0.000168046
eec: 289.047
weight: 9.56291e-06
eec: 24.714
weight: 8.97993e-05
eec: 863.98
weight: 0.00023588
eec: 251.823
weight: 2.35322e-05
eec: 503.454
weight: 4.56415e-07
eec: 1362.88
weight: 0.000119699
eec: 380.854
weight: 0.000124183
eec: 386.629
weight: 9.95258e-05
eec: 844.579
weight: 2.47021e-06
eec: 114.177
weight: 3.61397e-05
eec: 639.254
weight: 1.3757e-05
eec: 56.2272
weight: 1.42612e-05
eec: 1189.64
weight: 1.36708e-05
eec: 101.894
weight: 2.09416e-05
eec: 1382.87
weight: 0.000265557
eec: 353.682
weight: 2.56341e-06
eec: 1524.29
weight: 2.63019e-06
eec: 229.476
weight: 1.84498e-05
eec: 327.391
weight: 8.00276e-06
eec: 1007.11
weight: 1.86223e-05
eec: 698.929
weight: 2.76979e-05
eec: 234.265
weight: 0.000205274
eec: 427.781
weight: 1.21541e-06
eec: 1352.17
weight: 3.46419e-06
eec: 1210.55
weight: 2.71336e-06
eec: 328.772
weight: 1.44998e-05
eec: 602.324
weight: 3.86653e-06
eec: 346.278
weight: 2.13633e-05
eec: 452.802
weight: 6.59556e-06
eec: 163.998
weight: 7.75456e-05
eec: 1521.69
weight: 0.000951611
eec: 825.68
weight: 4.17238e-05
eec: 195.205
weight: 2.89609e-05
eec: 342.257
weight: 2.64863e-05
eec: 393.01
weight: 1.23061e-07
eec: 1070.27
weight: 5.46791e-07
eec: 240.314
weight: 1.53018e-06
eec: 38.7775
weight: 3.24227e-08
eec: 660.944
weight: 0.000361309
eec: 88.0192
weight: 0.000451296
eec: 135.055
weight: 9.09458e-05
eec: 7.38617
weight: 1.8865e-06
eec: 789.113
weight: 7.03449e-05
eec: 559.666
weight: 2.03313e-05
eec: 1032.58
weight: 8.3774e-06
eec: 1677.65
weight: 2.46922e-06
eec: 461.349
weight: 0.00077442
eec: 42.9177
weight: 0.000153093
eec: 112.707
weight: 0.000359352
eec: 92.3401
weight: 1.94518e-06
eec: 212.007
weight: 2.10067e-07
eec: 3197.65
weight: 4.90618e-05
eec: 750.183
Processing: 70.795 %weight: 7.09969e-07
eec: 1272.95
weight: 1.89147e-07
eec: 1254.73
weight: 9.07985e-05
eec: 456.546
weight: 5.86841e-05
eec: 847.05
weight: 1.78322e-05
eec: 587.48
weight: 4.70758e-05
eec: 794.85
weight: 4.92355e-06
eec: 523.837
weight: 0.000109584
eec: 129.466
weight: 0.00010186
eec: 16.3636
weight: 0.00085853
eec: 189.057
weight: 0.000308954
eec: 16.1494
weight: 0.000108161
eec: 20.422
weight: 3.53803e-05
eec: 396.349
weight: 0.000150449
eec: 785.516
weight: 5.68302e-05
eec: 42.7213
weight: 0.000201828
eec: 398.477
weight: 1.86183e-08
eec: 442.047
weight: 8.43314e-05
eec: 105.378
weight: 7.44169e-05
eec: 304.317
weight: 6.78038e-06
eec: 98.9052
weight: 5.83856e-05
eec: 547.494
weight: 1.05696e-05
eec: 224.087
weight: 0.000463605
eec: 525.471
weight: 0.000106353
eec: 1518.49
weight: 0.000158578
eec: 1604.36
weight: 2.97222e-05
eec: 212.851
weight: 4.63756e-06
eec: 270.399
weight: 9.70053e-06
eec: 428.908
weight: 7.19162e-05
eec: 406.705
weight: 3.30154e-05
eec: 1111.2
weight: 9.05199e-06
eec: 647.101
weight: 3.15773e-05
eec: 1010.01
weight: 0.000104949
eec: 383.111
weight: 4.90593e-05
eec: 76.5859
weight: 4.12097e-05
eec: 890.98
weight: 1.1228e-05
eec: 58.5785
weight: 0.00015331
eec: 332.534
weight: 0.000492301
eec: 168.662
weight: 0.000216205
eec: 316.276
weight: 1.48532e-06
eec: 837.126
weight: 0.000526733
eec: 604.59
weight: 8.07357e-05
eec: 488.677
weight: 1.96742e-05
eec: 1329.14
weight: 0.000782228
eec: 575.878
weight: 1.07439e-05
eec: 66.0615
weight: 9.1493e-06
eec: 1661.48
weight: 0.000137246
eec: 525.741
weight: 1.17801e-05
eec: 1157.99
weight: 4.9714e-06
eec: 75.574
weight: 4.56998e-06
eec: 54.8173
weight: 1.00798e-05
eec: 892.699
weight: 4.14072e-05
eec: 369.52
weight: 2.9103e-06
eec: 558.437

ROOT exit code = 0
