gSystem->Load("run_condor_job_Run3_C.so");
run_condor_job_Run3(505, 100, 2,
                    80, 200,
                    1, 1, 1, 5);
.q

ENTERED run_condor_job_Run3()
JOBID = 505
  global job = 505  Job 5/100  events [300000, 360000)  total=6000000
Processing events [300000, 360000) of 6000000
Processing: 5 %weight: 4.28695e-05
eec: 937.88
weight: 3.07954e-08
eec: 1122.39
weight: 3.67506e-06
eec: 363.652
weight: 7.42747e-07
eec: 164.49
weight: 7.41009e-05
eec: 52.532
weight: 2.88528e-05
eec: 753.766
weight: 3.21581e-06
eec: 1222.41
weight: 3.29476e-06
eec: 46.6059
weight: 2.85944e-05
eec: 76.0737
weight: 2.76869e-05
eec: 1427.99
weight: 2.57521e-05
eec: 435.538
weight: 0.000304888
eec: 523.224
weight: 1.70969e-05
eec: 2797.83
weight: 4.00745e-06
eec: 201.045
weight: 1.9766e-07
eec: 50.2936
weight: 1.95764e-05
eec: 1899.3
weight: 6.10796e-05
eec: 302.281
weight: 7.08253e-05
eec: 468.379
weight: 7.10762e-06
eec: 690.676
weight: 1.72731e-05
eec: 238.196
weight: 4.58373e-06
eec: 742.206
weight: 0.000103399
eec: 105.328
weight: 2.27522e-06
eec: 970.224
weight: 3.805e-06
eec: 1176.99
weight: 3.26952e-05
eec: 499.036
weight: 2.4666e-06
eec: 6545.85
weight: 9.96167e-06
eec: 3063.51
weight: 2.29121e-06
eec: 77.0846
weight: 1.05439e-05
eec: 2642.4
weight: 9.85584e-05
eec: 379.559
weight: 1.42193e-05
eec: 330.462
weight: 3.81426e-05
eec: 290.69
weight: 2.41023e-05
eec: 468.591
weight: 2.29697e-05
eec: 277.797
weight: 4.92952e-05
eec: 60.895
weight: 5.25302e-06
eec: 659.943
weight: 7.71414e-06
eec: 2719.33
weight: 3.69828e-05
eec: 210.059
weight: 1.02122e-05
eec: 42.1342
weight: 1.44161e-05
eec: 3187.45
weight: 0.000113792
eec: 372.034
weight: 2.59839e-05
eec: 127.615
weight: 2.42532e-07
eec: 883.149
weight: 2.0919e-06
eec: 3274.38
weight: 8.91363e-05
eec: 296.974
weight: 5.06488e-05
eec: 644.475
weight: 3.65616e-05
eec: 2055.75
weight: 6.81672e-05
eec: 470.165
weight: 1.10334e-05
eec: 508.573
weight: 5.05158e-07
eec: 410.73
weight: 0.000525382
eec: 189.148
weight: 3.13422e-05
eec: 1716.44
weight: 1.04408e-05
eec: 1391.42
weight: 0.000103994
eec: 338.523
weight: 3.18098e-06
eec: 54.6173
weight: 4.41374e-06
eec: 164.528
weight: 1.04782e-05
eec: 786.679
weight: 8.64508e-05
eec: 221.632
weight: 0.000105313
eec: 952.08
weight: 1.3534e-07
eec: 411.807
weight: 5.72238e-06
eec: 1808.57
weight: 6.151e-05
eec: 33.6093
weight: 1.91495e-05
eec: 281.673
weight: 1.79953e-05
eec: 219.718
weight: 8.97054e-06
eec: 406.793
weight: 7.55694e-05
eec: 88.0217
weight: 4.69027e-06
eec: 462.148
weight: 0.00140886
eec: 278.163
weight: 0.000401208
eec: 266.845
weight: 5.50797e-05
eec: 75.9425
weight: 2.95465e-05
eec: 1506.31
weight: 8.42515e-05
eec: 353.537
weight: 3.78002e-06
eec: 1363.94
weight: 5.33656e-07
eec: 1307.19
weight: 1.88948e-05
eec: 517.296
weight: 3.30814e-06
eec: 160.423
weight: 7.58593e-06
eec: 17.2927
weight: 0.000215907
eec: 137.59
weight: 0.000150799
eec: 499.19
weight: 5.83887e-05
eec: 368.602
weight: 0.000179905
eec: 181.282
weight: 7.02043e-05
eec: 639.091
weight: 7.72481e-06
eec: 596.338
weight: 9.9848e-05
eec: 735.05
weight: 1.43599e-05
eec: 642.487
weight: 1.71182e-05
eec: 1195
weight: 5.32086e-05
eec: 110.282
weight: 5.06989e-05
eec: 185.689
weight: 1.80042e-06
eec: 146.372
weight: 7.07587e-05
eec: 613.3
weight: 3.43182e-05
eec: 1633.8
weight: 5.32749e-05
eec: 417.604
weight: 2.78361e-05
eec: 144.822
weight: 1.66202e-05
eec: 938.515
weight: 0.00330377
eec: 79.5049
weight: 1.23741e-05
eec: 67.4807
weight: 0.000507092
eec: 191.378
weight: 4.39767e-06
eec: 2362.88
weight: 0.000155989
eec: 709.503
weight: 1.28949e-05
eec: 409.168
weight: 4.6832e-07
eec: 317.45
weight: 1.19314e-05
eec: 119.254
weight: 3.19168e-05
eec: 1383.48
weight: 0.000347755
eec: 248.29
weight: 4.59282e-05
eec: 2603.95
weight: 0.000208478
eec: 191.429
weight: 4.27032e-05
eec: 3405.08
weight: 0.000553677
eec: 310.126
weight: 0.000518156
eec: 79.2447
weight: 0.000209267
eec: 937.304
weight: 1.33252e-05
eec: 269.29
weight: 3.3772e-05
eec: 448.356
weight: 8.74486e-05
eec: 876.581
weight: 6.44702e-06
eec: 1075.01
weight: 5.4334e-05
eec: 531.18
weight: 0.000732952
eec: 1059.82
weight: 3.77068e-05
eec: 509.165
weight: 1.0871e-05
eec: 39.0952
weight: 2.72782e-06
eec: 104.6
weight: 0.000142787
eec: 573.234
weight: 0.00017274
eec: 687.5
weight: 1.11953e-06
eec: 472.223
weight: 0.000278652
eec: 130.897
weight: 7.96551e-05
eec: 79.712
weight: 3.16917e-06
eec: 2011.61
weight: 6.66298e-06
eec: 299.68
weight: 5.24104e-05
eec: 1731.98
weight: 6.91572e-06
eec: 3830.83
weight: 7.36427e-06
eec: 69.3158
weight: 7.88942e-06
eec: 227.583
weight: 1.48648e-05
eec: 960.404
weight: 0.000213578
eec: 357.665
weight: 8.91671e-06
eec: 311.237
weight: 1.52708e-05
eec: 307.665
weight: 3.2264e-05
eec: 738.735
weight: 3.45059e-05
eec: 248.445
weight: 0.000135406
eec: 344.88
weight: 0.000141698
eec: 890.363
weight: 2.91299e-05
eec: 111.813
weight: 6.59236e-06
eec: 49.9296
weight: 2.49787e-06
eec: 285.791
weight: 2.31417e-08
eec: 60.135
weight: 3.80526e-05
eec: 302.261
weight: 5.0329e-06
eec: 102.726
weight: 7.05799e-05
eec: 41.1626
weight: 1.0528e-05
eec: 518.737
weight: 1.4009e-06
eec: 424.883
weight: 0.000221251
eec: 303.293
weight: 1.07584e-05
eec: 171.403
weight: 7.97766e-06
eec: 660.561
weight: 5.89314e-05
eec: 138.03
weight: 2.39166e-06
eec: 94.5642
weight: 5.81725e-07
eec: 1601.24
weight: 5.81725e-07
eec: 1159.69
weight: 7.62646e-06
eec: 115.807
weight: 9.63926e-06
eec: 107.359
weight: 4.71859e-05
eec: 391.463
weight: 7.41721e-06
eec: 1668.37
weight: 0.000203158
eec: 221.392
weight: 3.20535e-06
eec: 386.919
weight: 1.68151e-05
eec: 269.595
weight: 8.47971e-06
eec: 403.298
weight: 1.96661e-05
eec: 120.123
weight: 0.000579805
eec: 335.709
weight: 5.18255e-07
eec: 2149.89
weight: 8.39214e-05
eec: 535.675
weight: 8.19512e-05
eec: 754.728
weight: 5.22105e-05
eec: 77.8337
weight: 1.24678e-06
eec: 118.644
weight: 3.84617e-06
eec: 3096.53
weight: 1.4727e-05
eec: 2111.33
weight: 3.22278e-05
eec: 133.6
weight: 1.21881e-05
eec: 77.0587
weight: 0.000158252
eec: 220.595
Processing: 5.83333 %weight: 0.000394381
eec: 198.892
weight: 0.000408472
eec: 556.718
weight: 1.84413e-06
eec: 1114.8
weight: 4.63715e-06
eec: 776.666
weight: 1.26534e-06
eec: 74.4711
weight: 6.13987e-07
eec: 2127.21
weight: 4.01511e-05
eec: 37.0156
weight: 0.000599807
eec: 99.9757
weight: 9.40582e-08
eec: 379.183
weight: 6.21033e-05
eec: 1169.91
weight: 2.74624e-07
eec: 896.125
weight: 2.57597e-05
eec: 751.605
weight: 2.57597e-05
eec: 73.7423
weight: 8.4201e-05
eec: 1072.48
weight: 3.89125e-05
eec: 201.287
weight: 1.02476e-06
eec: 275.705
weight: 6.74815e-06
eec: 1465.83
weight: 8.73287e-06
eec: 556.252
weight: 8.43252e-06
eec: 1645.91
weight: 2.64299e-05
eec: 237.98
weight: 0.000202901
eec: 143.752
weight: 3.19491e-05
eec: 1319.1
weight: 0.000146858
eec: 145.876
weight: 7.42939e-05
eec: 50.7179
weight: 6.55907e-05
eec: 85.155
weight: 2.65e-07
eec: 527.986
weight: 6.25095e-05
eec: 35.8021
weight: 2.18858e-05
eec: 411.56
weight: 7.04159e-07
eec: 427.336
weight: 2.74174e-05
eec: 183.863
weight: 3.66546e-07
eec: 168.01
weight: 2.99308e-06
eec: 282.418
weight: 3.93691e-06
eec: 954.477
weight: 7.94976e-06
eec: 32.3032
weight: 5.12745e-05
eec: 822.267
weight: 5.55596e-06
eec: 2221.66
weight: 2.39823e-06
eec: 492.799
weight: 0.000271718
eec: 83.9381
weight: 3.87006e-05
eec: 1887.19

ROOT exit code = 0
