gSystem->Load("run_condor_job_Run3_C.so");
run_condor_job_Run3(53, 100, 2,
                    80, 200,
                    1, 1, 1, 0);
.q

ENTERED run_condor_job_Run3()
JOBID = 53
  global job = 53  Job 53/100  events [3176820, 3236760)  total=5994000
Processing events [3176820, 3236760) of 5994000
weight: 9.84422e-05
eec: 460.733
weight: 3.4585e-06
eec: 472.694
weight: 2.92404e-05
eec: 10.7988
weight: 1.62478e-05
eec: 498.822
weight: 3.52221e-06
eec: 321.316
weight: 5.96758e-06
eec: 115.361
weight: 8.44223e-07
eec: 1939.66
weight: 8.15281e-05
eec: 493.141
weight: 1.10691e-05
eec: 27.7352
weight: 7.56856e-06
eec: 70.9306
weight: 7.01982e-06
eec: 374.536
weight: 0.000104334
eec: 8.45926
weight: 1.32723e-06
eec: 83.7942
weight: 1.04958e-05
eec: 209.706
weight: 0.00108372
eec: 90.2165
weight: 9.21764e-05
eec: 167.126
weight: 2.97898e-05
eec: 690.664
weight: 0.000105938
eec: 171.481
weight: 5.72982e-06
eec: 971.613
weight: 3.51621e-05
eec: 108.565
weight: 3.63095e-07
eec: 608.463
weight: 6.39529e-05
eec: 1898.28
weight: 3.25213e-05
eec: 1570.11
weight: 3.74993e-05
eec: 90.2021
weight: 6.31762e-06
eec: 108.412
weight: 6.83911e-05
eec: 202.052
weight: 0.000732941
eec: 41.4466
weight: 3.92197e-06
eec: 277.291
weight: 1.87005e-05
eec: 549.045
weight: 8.326e-06
eec: 675.276
weight: 8.52021e-05
eec: 507.843
weight: 1.60144e-05
eec: 775.281
weight: 1.59531e-05
eec: 73.0485
weight: 5.34088e-06
eec: 241.225
weight: 1.08687e-05
eec: 113.337
weight: 3.84191e-05
eec: 2327.11
weight: 5.38438e-05
eec: 110.086
weight: 2.0734e-05
eec: 36.6232
weight: 5.98218e-06
eec: 634.937
weight: 4.34882e-05
eec: 400.635
weight: 1.46437e-05
eec: 2426.91
weight: 3.08859e-05
eec: 143.433
weight: 8.39007e-06
eec: 757.887
weight: 3.15438e-06
eec: 240.143
weight: 3.99641e-06
eec: 486.363
weight: 2.04113e-05
eec: 252.395
weight: 1.13355e-05
eec: 447.299
weight: 4.73858e-05
eec: 496.376
weight: 2.31249e-05
eec: 1070.29
weight: 2.56173e-05
eec: 425.457
weight: 0.000404222
eec: 173.788
weight: 4.14768e-08
eec: 208.539
weight: 3.26935e-05
eec: 1462.6
weight: 8.94894e-06
eec: 5413.42
weight: 9.64666e-06
eec: 763.411
weight: 1.57075e-05
eec: 596.143
weight: 5.71803e-05
eec: 39.1362
weight: 4.61114e-05
eec: 518.324
weight: 1.7026e-05
eec: 147.119
weight: 8.8543e-05
eec: 166.983
weight: 1.76326e-06
eec: 614.274
weight: 2.44237e-06
eec: 46.1359
weight: 0.000315698
eec: 533.061
weight: 3.68145e-05
eec: 519.51
weight: 0.000115097
eec: 1733.25
weight: 0.000554327
eec: 235.918
weight: 0.000172229
eec: 1181.17
weight: 8.31044e-05
eec: 664.41
weight: 1.60579e-06
eec: 157.502
weight: 1.11037e-05
eec: 187.512
weight: 4.24839e-06
eec: 85.4951
weight: 2.09602e-05
eec: 407.387
weight: 1.43675e-06
eec: 733.669
weight: 1.43675e-06
eec: 1122.65
weight: 1.43217e-07
eec: 386.231
weight: 1.16536e-06
eec: 86.3226
weight: 2.23904e-05
eec: 303.504
weight: 1.7352e-05
eec: 631.1
weight: 2.26208e-05
eec: 830.168
weight: 9.40823e-06
eec: 130.893
weight: 4.46027e-06
eec: 225.613
weight: 2.20389e-05
eec: 3297.24
weight: 2.94731e-05
eec: 188.563
weight: 5.43199e-05
eec: 132.994
weight: 4.84073e-06
eec: 1876.49
weight: 0.000100355
eec: 429.233
weight: 3.8783e-05
eec: 407.866
weight: 3.00394e-05
eec: 97.2136
weight: 1.47742e-05
eec: 336.277
weight: 2.96818e-05
eec: 1400.89
weight: 6.20097e-06
eec: 393.193
weight: 0.000389619
eec: 56.0105
weight: 6.63236e-05
eec: 20.4214
weight: 2.01055e-05
eec: 69.1347
weight: 4.81954e-06
eec: 152.779
weight: 0.000147518
eec: 79.0536
weight: 6.54695e-05
eec: 267.729
weight: 0.000278053
eec: 243.908
weight: 0.000102183
eec: 904.727
weight: 4.0563e-05
eec: 912.528
weight: 2.03635e-05
eec: 510.099
weight: 3.86626e-05
eec: 76.0339
weight: 2.80074e-05
eec: 729.972
weight: 2.43386e-07
eec: 1859.69
weight: 9.91572e-05
eec: 872.164
Processing: 53.3867 %weight: 2.77562e-05
eec: 740.103
weight: 3.25457e-05
eec: 1268.3
weight: 6.55448e-05
eec: 207.611
weight: 9.55085e-06
eec: 989.716
weight: 1.50183e-05
eec: 1986.5
weight: 7.48861e-05
eec: 413.338
weight: 3.34438e-06
eec: 525.449
weight: 0.000335692
eec: 122.216
weight: 6.81079e-06
eec: 110.47
weight: 3.94215e-06
eec: 49.8122
weight: 1.49749e-05
eec: 951.798
weight: 4.0387e-05
eec: 51.4137
weight: 0.000341058
eec: 382.322
weight: 6.30611e-06
eec: 727.33
weight: 9.40169e-06
eec: 874.117
weight: 6.70349e-06
eec: 1816.71
weight: 4.28971e-06
eec: 2533.63
weight: 7.43863e-06
eec: 260.502
weight: 8.56765e-08
eec: 344.587
weight: 0.000222558
eec: 292.737
weight: 8.65428e-05
eec: 92.58
weight: 7.25464e-06
eec: 469.926
weight: 4.56087e-05
eec: 528.544
weight: 5.93427e-05
eec: 972.474
weight: 5.66514e-06
eec: 836.788
weight: 1.62629e-05
eec: 232.451
weight: 1.06306e-05
eec: 1001.09
weight: 6.86908e-06
eec: 620.601
weight: 5.14847e-05
eec: 293.77
weight: 6.00198e-06
eec: 864.79
weight: 1.01091e-05
eec: 2359.77
weight: 3.27517e-05
eec: 560.959
weight: 1.1049e-07
eec: 108.513
weight: 4.30254e-06
eec: 1959.74
weight: 3.19129e-05
eec: 1847.29
weight: 3.22192e-06
eec: 1280.09
weight: 5.26804e-07
eec: 501.036
weight: 2.87717e-05
eec: 73.0057
weight: 2.03202e-06
eec: 1316.76
weight: 6.78085e-05
eec: 397.876
weight: 9.12757e-06
eec: 147.065
weight: 0.000300705
eec: 74.8383
weight: 1.84767e-05
eec: 204.855
weight: 0.00018995
eec: 250.085
weight: 8.13773e-05
eec: 753.637
weight: 5.81789e-05
eec: 2056.74
weight: 1.31528e-05
eec: 186.022
weight: 9.30895e-05
eec: 144.255
weight: 6.02969e-05
eec: 474.042
weight: 1.84655e-07
eec: 1107.25
weight: 3.48056e-06
eec: 778.038
weight: 4.11309e-06
eec: 431.286
weight: 2.17846e-05
eec: 1089.12
weight: 7.6443e-06
eec: 761.988
weight: 3.9522e-06
eec: 105.718
weight: 1.78188e-05
eec: 842.145
weight: 0.000296877
eec: 604.582
weight: 0.000102888
eec: 851.551
weight: 7.82812e-06
eec: 825.487
weight: 5.01499e-05
eec: 164.143
weight: 6.91837e-05
eec: 209.387
weight: 7.02069e-05
eec: 497.785
weight: 3.39379e-06
eec: 272.807
weight: 0.0011904
eec: 106.62
weight: 2.45629e-05
eec: 1032.79
weight: 3.07147e-06
eec: 951.716
weight: 0.0005199
eec: 639.896
weight: 8.21758e-05
eec: 274.96
weight: 4.62578e-05
eec: 928.069
weight: 8.84094e-05
eec: 114.862
weight: 3.9694e-06
eec: 295.502
weight: 7.17971e-06
eec: 4516.02
weight: 7.64171e-06
eec: 1784.93
weight: 4.23663e-05
eec: 365.438
weight: 1.67816e-06
eec: 99.3008
weight: 0.000740076
eec: 473.615
weight: 6.97599e-05
eec: 49.6484
weight: 3.0249e-05
eec: 163.762
weight: 0.000180191
eec: 611.652
weight: 2.52308e-05
eec: 1038.41
weight: 1.23768e-06
eec: 128.98
weight: 2.7677e-05
eec: 288.056
weight: 5.40917e-05
eec: 556.04
weight: 2.04967e-05
eec: 1432.03
weight: 2.25498e-06
eec: 1091.02
weight: 7.6322e-05
eec: 122.171
weight: 3.75948e-05
eec: 565.875
weight: 2.36848e-06
eec: 2592.58
weight: 1.08451e-05
eec: 171.449
weight: 2.74389e-06
eec: 160.775
weight: 1.12446e-05
eec: 1413.05
weight: 1.37692e-05
eec: 374.093
weight: 3.60732e-05
eec: 178.551
weight: 3.57695e-05
eec: 458.035
weight: 5.6313e-07
eec: 843.123
weight: 1.26903e-05
eec: 1917.96
weight: 0.000299218
eec: 298.778
weight: 0.00019432
eec: 645.431
weight: 3.13272e-06
eec: 328.578
weight: 1.56589e-05
eec: 164.18
weight: 0.000122727
eec: 354.527
weight: 1.16744e-06
eec: 1427.47
weight: 3.9573e-05
eec: 1580.14
weight: 3.43037e-05
eec: 134.124
weight: 1.94995e-05
eec: 434.78
weight: 1.50583e-05
eec: 515.586
weight: 0.000164275
eec: 79.7108
weight: 1.53015e-05
eec: 772.474
weight: 1.35163e-05
eec: 1201.97
weight: 0.000402696
eec: 295.953
weight: 8.4164e-05
eec: 509.126
weight: 2.72514e-05
eec: 629.395
weight: 2.12208e-06
eec: 326.022
weight: 0.000488214
eec: 212.73
weight: 8.93614e-05
eec: 838.993
weight: 2.06567e-05
eec: 372.359
weight: 4.74885e-06
eec: 28.1602
weight: 0.00010065
eec: 147.649
weight: 1.37476e-05
eec: 680.915
weight: 3.87333e-05
eec: 882.628
weight: 0.000372756
eec: 313.289
weight: 6.30652e-06
eec: 893.009
weight: 3.44513e-05
eec: 1677.84
weight: 1.62905e-05
eec: 332.135
weight: 1.62905e-05
eec: 279.83
weight: 0.000175781
eec: 1210.14
weight: 6.33161e-05
eec: 380.005
weight: 0.000282325
eec: 80.5676
weight: 4.61405e-06
eec: 3178.02
weight: 9.79621e-06
eec: 900.055
weight: 1.43212e-05
eec: 921.316
weight: 1.52698e-06
eec: 34.3535
weight: 1.16066e-05
eec: 1053.77
weight: 4.12316e-06
eec: 132.754
weight: 1.91591e-07
eec: 246.119
weight: 4.37798e-05
eec: 647.648
weight: 0.000534655
eec: 396.409
weight: 6.61746e-05
eec: 135.128
weight: 8.30378e-06
eec: 466.744
weight: 3.22094e-06
eec: 209.86
weight: 6.03038e-06
eec: 1342.21
weight: 0.000446723
eec: 507.784
weight: 0.000535743
eec: 1039.18
weight: 8.19666e-05
eec: 136.3
weight: 1.10099e-06
eec: 39.1596
weight: 3.7188e-05
eec: 189.3
weight: 7.54034e-06
eec: 123.24
weight: 7.21231e-06
eec: 212.965
weight: 8.34297e-05
eec: 550.805
weight: 0.000115714
eec: 679.684
weight: 2.17696e-05
eec: 692.02
weight: 1.36683e-05
eec: 26.6642

ROOT exit code = 0
