gSystem->Load("run_condor_job_Run3_C.so");
run_condor_job_Run3(901, 100, 2,
                    80, 200,
                    1, 1, 1, 9);
.q

ENTERED run_condor_job_Run3()
JOBID = 901
  global job = 901  Job 1/100  events [59460, 118920)  total=5946000
Processing events [59460, 118920) of 5946000
weight: 1.14447e-07
eec: 205.593
weight: 1.73086e-05
eec: 600.668
weight: 2.05933e-05
eec: 995.733
weight: 3.63745e-05
eec: 526.382
weight: 1.97486e-05
eec: 80.2614
weight: 0.000493466
eec: 82.2214
weight: 1.72848e-05
eec: 662.886
weight: 4.71144e-06
eec: 1183
weight: 2.68477e-05
eec: 1202.21
weight: 0.000131292
eec: 158.728
weight: 1.07204e-05
eec: 490.917
weight: 5.54015e-06
eec: 569.271
weight: 1.08469e-05
eec: 148.957
weight: 9.09838e-05
eec: 480.919
weight: 1.68134e-05
eec: 133.015
weight: 6.25281e-06
eec: 1741.87
weight: 0.000162559
eec: 99.1614
weight: 1.27235e-06
eec: 103.472
weight: 3.29726e-05
eec: 2052.49
weight: 2.80649e-07
eec: 515.715
weight: 0.00014553
eec: 610.8
weight: 7.55554e-05
eec: 1205.63
weight: 2.31705e-05
eec: 38.9891
weight: 5.24293e-06
eec: 600.63
weight: 9.38619e-05
eec: 865.334
weight: 3.99055e-05
eec: 2228.09
weight: 0.000265265
eec: 371.368
weight: 1.27346e-06
eec: 948.422
weight: 0.000372366
eec: 276.851
weight: 1.54884e-05
eec: 62.7181
weight: 0.000185452
eec: 163.758
weight: 0.000185452
eec: 396.468
weight: 0.000101114
eec: 90.072
weight: 7.50643e-06
eec: 779.189
weight: 1.33254e-05
eec: 300.878
weight: 1.11996e-05
eec: 153.019
weight: 2.93139e-05
eec: 1905.84
weight: 1.06237e-05
eec: 153.732
weight: 0.000251863
eec: 744.614
weight: 3.57839e-05
eec: 3120.57
weight: 0.000315981
eec: 119.385
weight: 0.00010907
eec: 705.073
weight: 6.18698e-06
eec: 163.381
weight: 2.14478e-05
eec: 1097.73
weight: 1.77385e-05
eec: 259.28
weight: 1.64307e-07
eec: 3787.77
weight: 5.33723e-05
eec: 10.9783
weight: 0.000179858
eec: 32.8188
weight: 0.000999279
eec: 60.3368
weight: 0.000303564
eec: 299.577
weight: 0.000273357
eec: 543.772
weight: 3.24888e-05
eec: 693.352
weight: 2.20499e-05
eec: 117.613
weight: 8.97956e-06
eec: 1233.16
weight: 0.000198023
eec: 42.638
weight: 1.55028e-05
eec: 527.274
weight: 5.2058e-05
eec: 1171.11
weight: 0.000131514
eec: 308.369
weight: 1.24481e-05
eec: 198.949
weight: 2.62424e-06
eec: 816.646
weight: 0.000100426
eec: 529.158
weight: 7.04542e-06
eec: 361.873
weight: 1.93971e-05
eec: 69.4093
weight: 8.8495e-05
eec: 92.3518
weight: 3.88615e-06
eec: 159.058
weight: 3.7608e-05
eec: 1167.98
weight: 0.000255077
eec: 110.202
weight: 3.11638e-07
eec: 24.5912
weight: 5.33538e-06
eec: 228.645
weight: 1.36334e-05
eec: 1140.97
weight: 9.97364e-06
eec: 461.448
weight: 4.31342e-05
eec: 279.87
weight: 5.46225e-06
eec: 373.681
weight: 0.000131767
eec: 444.324
weight: 4.17912e-05
eec: 950.249
weight: 1.48644e-06
eec: 86.5104
weight: 1.54109e-05
eec: 164.702
weight: 0.000269034
eec: 50.3871
weight: 4.77571e-05
eec: 1778.92
weight: 5.93887e-06
eec: 24.8521
weight: 0.00108465
eec: 366.158
weight: 0.000120437
eec: 127.231
weight: 0.000120437
eec: 113.193
weight: 1.23389e-07
eec: 26.4993
weight: 0.000120256
eec: 804.785
weight: 1.18929e-05
eec: 3095.22
weight: 9.34832e-06
eec: 500.003
weight: 8.57812e-05
eec: 505.505
weight: 3.35543e-05
eec: 717.283
weight: 0.000135574
eec: 13.5601
weight: 2.05398e-05
eec: 305.251
weight: 6.38494e-07
eec: 267.306
weight: 5.64277e-06
eec: 258.368
weight: 2.91121e-05
eec: 75.6922
weight: 6.52687e-05
eec: 114.281
weight: 4.06998e-05
eec: 1515.44
weight: 5.60813e-05
eec: 755.152
weight: 2.89245e-05
eec: 2582.34
weight: 9.70257e-06
eec: 273.727
weight: 2.70751e-06
eec: 114.083
weight: 1.68132e-06
eec: 166.987
weight: 4.00641e-05
eec: 144.456
weight: 4.52264e-05
eec: 307.514
weight: 9.35761e-06
eec: 2141.62
weight: 2.25854e-06
eec: 4878.52
weight: 2.73778e-05
eec: 1238.98
weight: 1.15909e-05
eec: 4031.12
weight: 7.18235e-06
eec: 27.5506
weight: 1.07914e-05
eec: 102.744
weight: 0.000384321
eec: 852.505
weight: 0.000315753
eec: 263.288
weight: 4.92389e-06
eec: 50.5759
weight: 2.29597e-05
eec: 385.04
weight: 0.00013605
eec: 98.3058
weight: 3.22785e-05
eec: 110.324
weight: 6.51619e-05
eec: 70.5574
weight: 8.11236e-05
eec: 42.0822
weight: 4.38987e-06
eec: 164.991
weight: 3.86112e-06
eec: 3195.17
weight: 3.9255e-05
eec: 139.358
weight: 1.65598e-05
eec: 1116.35
weight: 9.18004e-06
eec: 1480.18
weight: 1.40601e-07
eec: 786.481
weight: 9.70838e-07
eec: 201.668
weight: 7.3101e-06
eec: 143.44
weight: 7.04495e-06
eec: 263.491
weight: 4.83933e-05
eec: 331.185
weight: 2.23466e-06
eec: 604.596
weight: 2.52437e-05
eec: 1208.71
weight: 2.41443e-05
eec: 600.214
weight: 3.78114e-05
eec: 188.546
weight: 1.46935e-05
eec: 255.173
weight: 0.00116855
eec: 310.674
weight: 2.78076e-05
eec: 1145.02
weight: 1.35227e-05
eec: 372.539
weight: 0.000221022
eec: 66.1526
weight: 0.00270788
eec: 51.4612
weight: 6.88643e-06
eec: 49.3736
weight: 1.07444e-05
eec: 83.1648
weight: 5.79525e-06
eec: 1184.55
weight: 0.000479445
eec: 465.151
weight: 7.27512e-06
eec: 5.45786
weight: 0.000112082
eec: 83.0782
weight: 4.52679e-06
eec: 398.141
weight: 1.08791e-06
eec: 287.318
weight: 0.000614255
eec: 266.11
weight: 1.27421e-05
eec: 570.202
weight: 6.65768e-06
eec: 2040.53
weight: 0.000350753
eec: 59.9562
weight: 6.7383e-06
eec: 1186.36
weight: 1.62716e-05
eec: 1249.38
weight: 1.17414e-05
eec: 175.578
weight: 8.72609e-06
eec: 544.975
weight: 3.34512e-09
eec: 1002.52
weight: 5.03292e-05
eec: 308.354
weight: 4.48291e-05
eec: 1366.78
weight: 0.000554624
eec: 534.459
weight: 1.40775e-05
eec: 559.826
weight: 1.75382e-06
eec: 2284.62
weight: 2.46982e-05
eec: 282.16
weight: 1.44205e-07
eec: 174.51
weight: 3.01086e-05
eec: 914.389
weight: 0.000171219
eec: 198.94
weight: 3.24276e-05
eec: 1390.49
weight: 6.41462e-05
eec: 176.281
weight: 8.21702e-06
eec: 1094.14
weight: 2.17235e-05
eec: 145.738
Processing: 1.6818 %weight: 1.60599e-05
eec: 56.5986
weight: 6.74394e-07
eec: 2759.45
weight: 2.28897e-05
eec: 1808.29
weight: 3.3536e-05
eec: 184.229
weight: 3.5654e-05
eec: 236.034
weight: 3.73772e-05
eec: 19.2101
weight: 0.000138518
eec: 2848.89
weight: 0.0010759
eec: 179.661
weight: 4.08103e-05
eec: 74.2346
weight: 0.000182631
eec: 493.109
weight: 9.17667e-06
eec: 249.412
weight: 1.12163e-06
eec: 696.136
weight: 3.8638e-05
eec: 157.066
weight: 0.000162273
eec: 245.969
weight: 8.34905e-06
eec: 23.9766
weight: 2.1175e-05
eec: 401.054
weight: 2.8909e-05
eec: 165.718
weight: 2.32834e-06
eec: 414.082
weight: 2.75714e-05
eec: 874.557
weight: 0.000123295
eec: 129.681
weight: 4.13363e-05
eec: 69.8027
weight: 3.26597e-05
eec: 272.968
weight: 4.42156e-05
eec: 595.156
weight: 4.48691e-05
eec: 736.328
weight: 1.74677e-06
eec: 208.901
weight: 1.95014e-05
eec: 119.842
weight: 8.43849e-07
eec: 192.153
weight: 2.65481e-06
eec: 462.918
weight: 1.25223e-05
eec: 2101.11
weight: 9.99298e-06
eec: 1184.66
weight: 1.94778e-05
eec: 1047.37
weight: 0.000123101
eec: 676.139
weight: 1.09979e-05
eec: 363.098
weight: 0.000215956
eec: 381.49
weight: 1.19676e-05
eec: 770.412
weight: 1.14941e-05
eec: 673.528
weight: 0.000294453
eec: 36.2589
weight: 2.02473e-05
eec: 108.327
weight: 4.03054e-07
eec: 728.743
weight: 8.09837e-05
eec: 612.289
weight: 0.000614669
eec: 621.653
weight: 0.000127194
eec: 47.773
weight: 0.000164734
eec: 929.793
weight: 0.000234455
eec: 1092.59
weight: 4.5516e-05
eec: 288.228
weight: 6.73106e-06
eec: 810.056
weight: 9.72166e-07
eec: 676.565
weight: 0.000147235
eec: 99.5596
weight: 0.000108396
eec: 218.613
weight: 0.00017876
eec: 78.989
weight: 0.000455043
eec: 1699.96
weight: 2.04705e-05
eec: 79.3339
weight: 2.12849e-06
eec: 487.536
weight: 7.38386e-06
eec: 553.605
weight: 9.34561e-05
eec: 985.65
weight: 7.99669e-05
eec: 154.658
weight: 2.06765e-05
eec: 1088.66
weight: 9.11896e-06
eec: 242.938
weight: 0.000120556
eec: 189.644
weight: 3.36679e-06
eec: 717.274
weight: 9.71954e-06
eec: 120.67
weight: 0.000130458
eec: 273.31
weight: 2.02318e-05
eec: 310.79
weight: 4.43944e-05
eec: 100.365
weight: 7.21369e-08
eec: 57.627
weight: 0.000272757
eec: 393.902
weight: 2.22357e-05
eec: 1043.79
weight: 2.3173e-05
eec: 255.306
weight: 3.85794e-05
eec: 1044.65
weight: 1.33874e-05
eec: 457.836
weight: 0.000137306
eec: 973.639
weight: 2.39724e-06
eec: 34.506
weight: 0.000311583
eec: 279.797
weight: 1.82624e-05
eec: 87.7214
weight: 0.00023938
eec: 469.993
weight: 0.00023938
eec: 100.3
weight: 3.69497e-05
eec: 63.4768
weight: 4.70573e-05
eec: 1501.07

ROOT exit code = 0
