gSystem->Load("run_condor_job_Run3_C.so");
run_condor_job_Run3(412, 100, 2,
                    80, 200,
                    1, 1, 1, 4);
.q

ENTERED run_condor_job_Run3()
JOBID = 412
  global job = 412  Job 12/100  events [707760, 766740)  total=5898000
Processing events [707760, 766740) of 5898000
weight: 7.87622e-06
eec: 162.855
weight: 1.29149e-05
eec: 156.066
weight: 1.78732e-05
eec: 893.621
weight: 4.55695e-05
eec: 174.791
weight: 2.15734e-05
eec: 78.2794
weight: 2.15734e-05
eec: 940.463
weight: 6.65896e-06
eec: 345.319
weight: 7.49993e-05
eec: 364.51
weight: 0.000114524
eec: 369.757
weight: 9.44999e-06
eec: 46.9873
weight: 4.56679e-05
eec: 202.103
weight: 1.13176e-05
eec: 853.401
weight: 1.0334e-05
eec: 168.887
weight: 7.77334e-06
eec: 453.469
weight: 9.62285e-07
eec: 100.232
weight: 4.74586e-05
eec: 338.396
weight: 1.18557e-06
eec: 2148.46
weight: 8.49857e-06
eec: 438.444
weight: 1.6205e-05
eec: 110.585
weight: 5.14875e-06
eec: 589.275
weight: 3.68813e-06
eec: 165.802
weight: 6.91588e-06
eec: 569.718
weight: 1.96899e-06
eec: 1475.3
weight: 1.08576e-05
eec: 96.9614
weight: 5.33361e-05
eec: 485.233
weight: 2.64363e-05
eec: 1746.1
weight: 1.56797e-05
eec: 2023.15
weight: 6.71153e-05
eec: 42.3755
weight: 2.37798e-05
eec: 232.45
weight: 4.9142e-06
eec: 950.977
weight: 2.12306e-05
eec: 62.3758
weight: 4.14586e-05
eec: 2297.97
weight: 5.15274e-05
eec: 2227.73
weight: 0.000177325
eec: 286.492
weight: 3.69565e-06
eec: 662.185
weight: 2.07478e-05
eec: 230.968
weight: 0.000756117
eec: 491.266
weight: 3.05025e-06
eec: 268.277
weight: 3.05025e-06
eec: 981.091
weight: 0.00097436
eec: 156.467
weight: 4.11226e-05
eec: 90.3309
weight: 3.02514e-05
eec: 73.6205
weight: 2.49159e-05
eec: 609.357
weight: 3.10413e-06
eec: 920.812
weight: 8.38518e-06
eec: 482.999
weight: 1.35732e-05
eec: 1901.74
weight: 5.20759e-06
eec: 1140.45
weight: 8.06274e-06
eec: 106.839
weight: 4.74103e-05
eec: 191.181
weight: 5.91707e-05
eec: 111.893
weight: 6.00932e-05
eec: 358.997
weight: 3.02135e-05
eec: 63.9834
weight: 5.01169e-05
eec: 644.935
weight: 1.34709e-05
eec: 403.158
weight: 0.000224676
eec: 68.7629
weight: 1.29925e-05
eec: 581.533
weight: 4.06362e-05
eec: 1172.4
weight: 0.000244499
eec: 873.36
weight: 4.50616e-05
eec: 512.807
weight: 0.000289554
eec: 113.333
weight: 1.95729e-05
eec: 465.405
weight: 7.30352e-06
eec: 29.5414
weight: 2.6535e-06
eec: 372.346
weight: 3.39418e-05
eec: 158.277
weight: 5.46046e-06
eec: 102.372
weight: 1.0844e-05
eec: 169.134
weight: 5.01912e-05
eec: 190.593
weight: 0.000179814
eec: 1300.71
weight: 5.87828e-06
eec: 895.021
weight: 5.59946e-06
eec: 1017.31
weight: 0.000183002
eec: 333.411
weight: 1.22686e-06
eec: 388.768
weight: 0.000134468
eec: 241.085
weight: 0.000390103
eec: 669.727
weight: 5.42504e-06
eec: 109.035
weight: 7.3614e-05
eec: 93.5384
weight: 7.94532e-05
eec: 1604.79
weight: 4.8822e-07
eec: 460.167
weight: 0.000213456
eec: 353.117
weight: 0.000697341
eec: 511.427
weight: 5.21254e-05
eec: 110.225
weight: 2.38172e-05
eec: 116.497
weight: 3.36544e-05
eec: 323.756
weight: 5.03259e-05
eec: 762.036
weight: 0.000160762
eec: 128.13
weight: 5.47573e-05
eec: 63.2858
weight: 3.18629e-06
eec: 259.882
weight: 0.00082515
eec: 558.401
weight: 9.10931e-05
eec: 506.56
weight: 9.66296e-06
eec: 297.433
weight: 1.48378e-05
eec: 1027.27
weight: 5.3168e-05
eec: 375.816
weight: 8.25866e-05
eec: 120.223
weight: 1.91718e-05
eec: 309.93
weight: 1.97948e-06
eec: 947.314
weight: 2.70762e-05
eec: 466.231
weight: 4.43734e-05
eec: 550.057
weight: 0.000213284
eec: 25.1973
weight: 2.05384e-07
eec: 767.682
weight: 0.00025218
eec: 162.729
weight: 5.89959e-05
eec: 3293.35
weight: 1.11031e-05
eec: 188.814
weight: 1.59015e-06
eec: 240.644
weight: 5.82205e-06
eec: 992.869
weight: 2.64604e-05
eec: 80.114
weight: 7.01962e-05
eec: 893.461
weight: 4.63375e-06
eec: 237.042
weight: 1.51105e-05
eec: 1266.28
weight: 1.88373e-06
eec: 114.099
weight: 4.47048e-05
eec: 117.063
weight: 3.08385e-06
eec: 662.948
weight: 0.000442924
eec: 354.207
weight: 8.395e-06
eec: 1976.49
weight: 0.000164945
eec: 406.475
weight: 1.15276e-05
eec: 1866.14
weight: 4.32942e-05
eec: 325.707
weight: 0.00016082
eec: 248.016
weight: 2.70138e-06
eec: 277.247
weight: 1.24149e-05
eec: 678.105
weight: 1.96153e-05
eec: 343.397
weight: 1.72263e-07
eec: 35.595
weight: 0.000349075
eec: 176.236
weight: 2.52412e-07
eec: 540.875
weight: 7.74307e-05
eec: 420.685
weight: 3.79343e-05
eec: 1914.93
weight: 3.28555e-05
eec: 1299.67
weight: 6.73302e-05
eec: 106.864
weight: 3.59001e-05
eec: 1093.64
weight: 0.000104564
eec: 322.198
weight: 1.13324e-05
eec: 160.779
weight: 1.50172e-05
eec: 666.376
weight: 4.95796e-05
eec: 300.371
weight: 4.66169e-06
eec: 59.1571
weight: 1.18608e-06
eec: 123.843
weight: 6.57909e-05
eec: 316.498
weight: 0.000140146
eec: 383.467
weight: 1.60146e-05
eec: 380.003
weight: 0.00114958
eec: 296.354
weight: 3.73045e-05
eec: 1007.89
weight: 3.78646e-05
eec: 642.854
weight: 4.63082e-05
eec: 506.869
weight: 4.24513e-06
eec: 255.614
weight: 3.56358e-07
eec: 46.9176
weight: 0.000154067
eec: 112.785
weight: 0.00013171
eec: 287.578
weight: 4.30898e-05
eec: 545.424
weight: 0.000134931
eec: 453.261
weight: 2.63392e-05
eec: 2378.42
weight: 2.50776e-05
eec: 229.9
weight: 3.2348e-05
eec: 127.038
weight: 3.48503e-05
eec: 463.391
weight: 0.000171868
eec: 581.552
weight: 6.46243e-05
eec: 763.639
weight: 7.70511e-05
eec: 1086.9
weight: 5.96762e-05
eec: 164.049
weight: 4.73779e-06
eec: 228.179
weight: 0.000176515
eec: 720.491
weight: 4.31577e-06
eec: 892.025
weight: 0.00011981
eec: 550.569
weight: 5.0824e-05
eec: 195.569
weight: 0.000141102
eec: 596.605
weight: 1.64858e-05
eec: 152.489
weight: 2.65206e-07
eec: 87.6771
weight: 2.02856e-05
eec: 863.772
weight: 0.000815554
eec: 505.819
weight: 1.43929e-06
eec: 1286.41
weight: 3.72518e-05
eec: 494.201
weight: 0.000141407
eec: 140.954
weight: 0.000335987
eec: 127.866
weight: 3.89714e-05
eec: 654.173
weight: 0.000118425
eec: 268.327
weight: 7.07309e-05
eec: 103.64
weight: 9.01889e-05
eec: 136.897
weight: 8.02016e-06
eec: 1164.41
weight: 8.51474e-07
eec: 110.698
weight: 3.98874e-06
eec: 557.162
weight: 2.81526e-05
eec: 504.599
weight: 4.27474e-06
eec: 1640.92
weight: 3.63412e-06
eec: 26.7796
weight: 1.04088e-05
eec: 158.206
weight: 5.19781e-06
eec: 107.149
weight: 2.88417e-05
eec: 83.1602
weight: 3.75754e-06
eec: 972.942
weight: 1.59875e-07
eec: 506.536
weight: 0.000155031
eec: 418.552
weight: 2.43698e-06
eec: 404.134
weight: 0.00123712
eec: 157.715
Processing: 12.7162 %weight: 0.000169644
eec: 171.796
weight: 5.892e-06
eec: 577.011
weight: 2.28684e-05
eec: 102.167
weight: 2.09114e-05
eec: 1597.95
weight: 3.46907e-05
eec: 32.7882
weight: 1.67912e-06
eec: 298.586
weight: 4.80744e-06
eec: 791.578
weight: 4.50503e-05
eec: 294.839
weight: 2.41719e-05
eec: 195.329
weight: 5.85747e-05
eec: 961.747
weight: 1.00703e-05
eec: 98.7102
weight: 0.000292206
eec: 440.152
weight: 7.43048e-05
eec: 756.519
weight: 1.82674e-05
eec: 505.339
weight: 5.50988e-05
eec: 949.582
weight: 1.76426e-05
eec: 916.762
weight: 6.75928e-05
eec: 2440.57
weight: 1.92718e-05
eec: 123.259
weight: 0.000178403
eec: 592.893
weight: 3.83858e-05
eec: 846.356
weight: 1.85421e-05
eec: 173.843
weight: 5.57654e-05
eec: 1100.61
weight: 1.68612e-05
eec: 369.028
weight: 7.59322e-07
eec: 79.2869
weight: 0.000152854
eec: 150.706
weight: 5.13416e-08
eec: 2160.41
weight: 0.000165372
eec: 375.065
weight: 1.26092e-05
eec: 68.7808
weight: 1.2292e-05
eec: 604.762
weight: 2.52165e-05
eec: 575.722
weight: 1.76988e-05
eec: 534.68
weight: 3.5762e-05
eec: 933.064
weight: 0.000264176
eec: 1419.4
weight: 9.91845e-07
eec: 522.935
weight: 7.96024e-05
eec: 903.01
weight: 0.000404232
eec: 249.192
weight: 0.000305732
eec: 721.897
weight: 5.92967e-06
eec: 528.367
weight: 3.82458e-05
eec: 206.796
weight: 2.68151e-05
eec: 102.574
weight: 0.00011464
eec: 12.7238
weight: 2.09446e-05
eec: 275.527
weight: 1.3889e-05
eec: 1683.47
weight: 2.08171e-05
eec: 135.821
weight: 0.000460547
eec: 75.6941
weight: 0.000336725
eec: 417.03
weight: 1.71891e-05
eec: 44.411
weight: 2.91442e-05
eec: 325.157
weight: 3.02416e-05
eec: 950.521
weight: 5.43294e-05
eec: 460.073
weight: 0.000101685
eec: 305.555
weight: 8.96168e-05
eec: 38.0441
weight: 0.000238492
eec: 228.456
weight: 1.68038e-05
eec: 13.0805
weight: 3.02188e-05
eec: 71.788
weight: 6.53301e-06
eec: 143.163
weight: 2.48994e-06
eec: 589.532
weight: 0.000115555
eec: 204.659
weight: 0.000237374
eec: 154.356
weight: 0.000109219
eec: 1052.15
weight: 1.04364e-06
eec: 60.1401
weight: 6.84476e-05
eec: 261.195
weight: 7.16983e-05
eec: 120.396
weight: 0.000150475
eec: 897.771
weight: 0.000150475
eec: 505.183
weight: 9.96668e-05
eec: 359.848
weight: 4.14482e-05
eec: 35.6755
weight: 9.22001e-05
eec: 334.49
weight: 1.66636e-05
eec: 1475.68
weight: 6.83428e-05
eec: 958.216
weight: 1.25865e-05
eec: 468.55
weight: 7.68229e-06
eec: 166.432
weight: 0.000329981
eec: 87.5949
weight: 9.74647e-06
eec: 6439.16
weight: 4.72698e-06
eec: 638.178
weight: 1.21798e-05
eec: 1533.65
weight: 4.32158e-05
eec: 163.486
weight: 4.08976e-06
eec: 633.833
weight: 4.73973e-05
eec: 259.212
weight: 1.08838e-05
eec: 37.8853
weight: 0.000392856
eec: 70.2313
weight: 3.32666e-05
eec: 366.184
weight: 4.68391e-07
eec: 159.453
weight: 1.17701e-05
eec: 139.464
weight: 0.000157092
eec: 78.0521
weight: 1.94791e-06
eec: 69.1838
weight: 1.07924e-05
eec: 159.277

ROOT exit code = 0
