gSystem->Load("run_condor_job_Run3_C.so");
run_condor_job_Run3(908, 100, 2,
                    80, 200,
                    1, 1, 1, 9);
.q

ENTERED run_condor_job_Run3()
JOBID = 908
  global job = 908  Job 8/100  events [475680, 535140)  total=5946000
Processing events [475680, 535140) of 5946000
weight: 1.04585e-05
eec: 786.086
weight: 2.63327e-05
eec: 915.216
weight: 2.76947e-06
eec: 97.2967
weight: 3.24881e-05
eec: 258.168
weight: 1.35128e-05
eec: 813.411
weight: 1.74344e-05
eec: 381.329
weight: 5.57735e-05
eec: 1327.52
weight: 1.28272e-05
eec: 1754.46
weight: 1.00278e-05
eec: 1217.88
weight: 1.12551e-05
eec: 382.381
weight: 7.74555e-06
eec: 49.8036
weight: 2.85478e-05
eec: 1913.66
weight: 0.000254687
eec: 645.816
weight: 3.99589e-05
eec: 403.023
weight: 6.91454e-05
eec: 139.535
weight: 7.44939e-07
eec: 62.4219
weight: 0.000291725
eec: 176.511
weight: 1.24199e-05
eec: 108.401
weight: 2.91352e-05
eec: 300.796
weight: 1.03125e-06
eec: 403.148
weight: 0.000996939
eec: 567.548
weight: 0.000225171
eec: 79.2362
weight: 1.34249e-05
eec: 987.718
weight: 2.58755e-05
eec: 1239.27
weight: 3.51129e-05
eec: 599.504
weight: 8.68378e-05
eec: 921.858
weight: 4.34767e-05
eec: 565.331
weight: 0.000142963
eec: 166.656
weight: 8.68895e-07
eec: 166.431
weight: 1.56349e-06
eec: 728.283
weight: 5.29005e-06
eec: 2715.93
weight: 3.9477e-05
eec: 1288.49
weight: 0.000279858
eec: 744.084
weight: 2.18306e-06
eec: 1302.56
weight: 6.82751e-06
eec: 280.116
weight: 3.8007e-06
eec: 1681.02
weight: 0.000460641
eec: 276.611
weight: 2.20719e-05
eec: 4.36161
weight: 7.8066e-05
eec: 262.024
weight: 9.63585e-05
eec: 1809.79
weight: 7.42711e-06
eec: 544.549
weight: 0.000474819
eec: 264.644
weight: 4.9802e-05
eec: 17.1821
weight: 2.55275e-05
eec: 850.416
weight: 9.77663e-08
eec: 49.1269
weight: 0.000140332
eec: 33.3603
weight: 0.000229882
eec: 409.469
weight: 1.02734e-05
eec: 129.375
weight: 4.84945e-06
eec: 286.521
weight: 2.17334e-05
eec: 746.294
weight: 1.71875e-05
eec: 352.966
weight: 2.71016e-06
eec: 79.2267
weight: 0.000202999
eec: 893.888
weight: 0.000506709
eec: 107.659
weight: 0.00012379
eec: 594.342
weight: 0.000467351
eec: 345.577
weight: 5.63259e-05
eec: 93.9747
weight: 0.000316904
eec: 84.6592
weight: 1.29072e-06
eec: 562.083
weight: 6.27712e-06
eec: 118.066
weight: 2.3833e-05
eec: 47.6068
weight: 1.13566e-05
eec: 163.332
weight: 6.40655e-06
eec: 524.705
weight: 3.15652e-05
eec: 141.839
weight: 1.12288e-05
eec: 1610.77
weight: 0.00015265
eec: 66.201
weight: 1.29102e-05
eec: 1068.07
weight: 1.449e-05
eec: 1404.63
weight: 9.25817e-05
eec: 196.688
weight: 9.73728e-05
eec: 177.87
weight: 4.11168e-05
eec: 1928.15
weight: 0.000141696
eec: 456.734
weight: 9.30427e-06
eec: 894.795
weight: 1.05105e-05
eec: 278.06
weight: 9.16675e-05
eec: 104.573
weight: 6.69872e-05
eec: 1383.53
weight: 8.84298e-06
eec: 1171.96
weight: 2.45306e-06
eec: 1855.62
weight: 5.26675e-06
eec: 152.204
weight: 9.19203e-05
eec: 823.314
weight: 9.33714e-06
eec: 1840.1
weight: 9.51829e-06
eec: 1302.96
weight: 8.2876e-06
eec: 286.364
weight: 1.02225e-05
eec: 580.875
weight: 3.22817e-07
eec: 150.717
weight: 1.44137e-06
eec: 155.096
weight: 8.37294e-07
eec: 136.611
weight: 9.26977e-05
eec: 1317.45
weight: 3.83007e-06
eec: 1587.27
weight: 4.80537e-06
eec: 347.175
weight: 2.03182e-05
eec: 699.508
Processing: 8.40901 %weight: 1.04721e-05
eec: 140.579
weight: 4.37681e-05
eec: 882.77
weight: 0.000118658
eec: 58.1442
weight: 5.55372e-07
eec: 307.325
weight: 0.000139886
eec: 244.815
weight: 6.12634e-06
eec: 428.798
weight: 1.59843e-05
eec: 1922.08
weight: 5.75748e-06
eec: 1229.82
weight: 5.46021e-06
eec: 321.803
weight: 0.00014158
eec: 451.727
weight: 0.00112456
eec: 221.632
weight: 0.000797595
eec: 120.861
weight: 4.32215e-05
eec: 81.9283
weight: 1.12496e-05
eec: 132.582
weight: 0.00102384
eec: 517.952
weight: 9.65764e-05
eec: 321.728
weight: 6.62478e-06
eec: 614.555
weight: 1.024e-05
eec: 3543.19
weight: 2.57713e-05
eec: 1761.11
weight: 2.70314e-05
eec: 946.1
weight: 1.15288e-05
eec: 401.376
weight: 7.07111e-05
eec: 64.4493
weight: 3.70794e-05
eec: 401.075
weight: 1.05996e-05
eec: 273.016
weight: 0.000596718
eec: 385.781
weight: 7.8115e-05
eec: 246.626
weight: 1.13116e-05
eec: 223.257
weight: 4.23101e-06
eec: 118.091
weight: 2.90928e-05
eec: 478.855
weight: 3.84812e-07
eec: 804.66
weight: 5.22516e-05
eec: 1212.43
weight: 8.72806e-07
eec: 174.327
weight: 6.4246e-06
eec: 344.131
weight: 0.000179866
eec: 88.1724
weight: 2.70157e-06
eec: 112.003
weight: 1.40434e-06
eec: 609.005
weight: 1.45227e-05
eec: 2145.98
weight: 2.55469e-05
eec: 266.193
weight: 5.35895e-06
eec: 505.52
weight: 3.33913e-05
eec: 103.855
weight: 6.9458e-05
eec: 214.772
weight: 1.35278e-05
eec: 573.759
weight: 3.30299e-05
eec: 109.507
weight: 8.02964e-05
eec: 418.316
weight: 1.71934e-05
eec: 4289.27
weight: 5.48887e-05
eec: 1081.77
weight: 5.51803e-05
eec: 1450.44
weight: 0.000129322
eec: 194.006
weight: 0.000117066
eec: 511.284
weight: 2.85222e-07
eec: 813.917
weight: 0.000264107
eec: 106.798
weight: 2.95665e-05
eec: 745.111
weight: 6.7071e-06
eec: 486.196
weight: 6.52433e-06
eec: 904.497
weight: 4.36043e-06
eec: 379.569
weight: 8.04904e-06
eec: 150.439
weight: 1.84065e-05
eec: 168.631
weight: 2.4576e-05
eec: 899.752
weight: 2.19768e-05
eec: 84.1252
weight: 1.29404e-06
eec: 479.153
weight: 1.25497e-05
eec: 313.341
weight: 1.02181e-05
eec: 1428.81
weight: 4.04141e-07
eec: 198.587
weight: 4.61253e-06
eec: 114.746
weight: 3.20817e-05
eec: 994.182
weight: 1.89421e-06
eec: 1355.24
weight: 0.000389787
eec: 594.881
weight: 1.86824e-06
eec: 347.103
weight: 1.80043e-07
eec: 1422.65
weight: 8.76101e-05
eec: 775.158
weight: 1.12149e-05
eec: 782.285
weight: 1.47432e-05
eec: 63.6748
weight: 0.000279338
eec: 252.997
weight: 4.3067e-05
eec: 326.629
weight: 1.50882e-06
eec: 643.291
weight: 0.000104431
eec: 549.929
weight: 1.77307e-05
eec: 249.552
weight: 4.26263e-05
eec: 459.982
weight: 0.000248093
eec: 903.25
weight: 1.14902e-05
eec: 338.959
weight: 3.04248e-05
eec: 369.653
weight: 6.38398e-05
eec: 162.62
weight: 0.000119195
eec: 39.1805
weight: 0.000617432
eec: 472.139
weight: 1.39551e-05
eec: 159.995
weight: 0.000293709
eec: 786.441
weight: 7.04703e-07
eec: 22.1074
weight: 4.16406e-05
eec: 194.817
weight: 0.000204119
eec: 303.079
weight: 2.79689e-05
eec: 2109.94
weight: 0.000436351
eec: 228.518
weight: 2.28526e-05
eec: 128.191
weight: 0.000306614
eec: 659.235
weight: 0.000127556
eec: 515.802
weight: 0.000221395
eec: 141.999
weight: 2.53984e-05
eec: 235.714
weight: 3.0489e-05
eec: 668.958
weight: 2.47246e-05
eec: 1813.1
weight: 1.26507e-07
eec: 65.142
weight: 2.12484e-07
eec: 64.6172
weight: 8.24079e-06
eec: 1350.57
weight: 1.57484e-05
eec: 25.6334
weight: 1.8221e-05
eec: 277.11
weight: 3.26387e-05
eec: 271.825
weight: 0.000458406
eec: 487.316
weight: 6.42676e-09
eec: 259.995
weight: 0.000281044
eec: 184.787
weight: 1.16044e-07
eec: 420.536
weight: 1.09349e-05
eec: 288.92
weight: 9.10413e-06
eec: 815.464
weight: 0.000175575
eec: 94.7091
weight: 1.84677e-05
eec: 312.875
weight: 8.43173e-05
eec: 603.245
weight: 7.80756e-05
eec: 492.079
weight: 5.50082e-06
eec: 1028.88
weight: 2.49699e-05
eec: 1931.83
weight: 3.62273e-05
eec: 1412.49
weight: 0.000163132
eec: 137.518
weight: 7.31399e-05
eec: 1210.2
weight: 0.000244127
eec: 150.551
weight: 3.28403e-05
eec: 218.431
weight: 2.05543e-05
eec: 697.566
weight: 4.06265e-07
eec: 546.099
weight: 1.05925e-05
eec: 267.499
weight: 6.7414e-06
eec: 346.326
weight: 6.13349e-06
eec: 805.412
weight: 3.79126e-08
eec: 174.514
weight: 1.98879e-06
eec: 871.533
weight: 0.000100612
eec: 1380.06
weight: 3.23694e-05
eec: 184.31
weight: 4.7965e-05
eec: 504.923
weight: 3.71409e-05
eec: 306.272
weight: 0.000778172
eec: 63.1793
weight: 7.79117e-06
eec: 2130.29
weight: 2.00777e-06
eec: 287.489
weight: 6.13523e-05
eec: 139.057
weight: 0.00061788
eec: 390.028
weight: 8.07682e-05
eec: 504.195
weight: 2.24643e-06
eec: 82.8955
weight: 8.23885e-05
eec: 335.202
weight: 1.83735e-05
eec: 1423.27
weight: 0.00021449
eec: 44.2805

ROOT exit code = 0
