gSystem->Load("run_condor_job_Run3_C.so");
run_condor_job_Run3(873, 100, 2,
                    80, 200,
                    1, 1, 1, 8);
.q

ENTERED run_condor_job_Run3()
JOBID = 873
  global job = 873  Job 73/100  events [4380000, 4440000)  total=6000000
Processing events [4380000, 4440000) of 6000000
weight: 0.000259405
eec: 297.777
weight: 7.38709e-06
eec: 1290.47
weight: 7.93598e-06
eec: 85.9397
weight: 9.92614e-06
eec: 943.605
weight: 0.000159037
eec: 489.189
weight: 1.4655e-05
eec: 218.683
weight: 9.86959e-07
eec: 62.2679
weight: 8.58044e-06
eec: 71.4448
weight: 1.27358e-05
eec: 264.321
weight: 3.81321e-08
eec: 158.686
weight: 4.11393e-05
eec: 198.154
weight: 7.87811e-06
eec: 52.922
weight: 5.05693e-05
eec: 203.175
weight: 1.02311e-05
eec: 452.798
weight: 2.02044e-05
eec: 54.1548
weight: 1.46537e-05
eec: 20.1935
weight: 0.00023545
eec: 163.02
weight: 1.05795e-05
eec: 96.393
weight: 0.000357187
eec: 896.501
weight: 0.000117555
eec: 893.154
weight: 1.64792e-05
eec: 465.113
weight: 1.26611e-06
eec: 267.38
weight: 0.000824197
eec: 576.707
weight: 0.000102619
eec: 523.825
weight: 1.59185e-05
eec: 722.451
weight: 2.77122e-06
eec: 90.4705
weight: 4.40612e-05
eec: 379
weight: 4.02758e-05
eec: 932.719
weight: 3.7703e-05
eec: 42.0485
weight: 5.80411e-05
eec: 1511.85
weight: 3.97454e-05
eec: 128.906
weight: 0.000229265
eec: 128.459
weight: 0.000132954
eec: 158.021
weight: 6.90997e-05
eec: 1048.15
weight: 6.31711e-07
eec: 1315.52
weight: 0.000232904
eec: 727.17
weight: 5.4304e-05
eec: 163.639
weight: 2.08518e-06
eec: 55.8035
weight: 1.06182e-05
eec: 67.5641
weight: 1.98985e-05
eec: 132.951
weight: 7.74405e-06
eec: 859.269
weight: 1.61687e-05
eec: 1532.87
weight: 5.91747e-05
eec: 933.261
weight: 8.73391e-06
eec: 1484.01
weight: 0.000114889
eec: 45.8887
weight: 0.000240111
eec: 805.923
weight: 3.13665e-05
eec: 249.036
weight: 0.000278246
eec: 277.684
weight: 1.71869e-05
eec: 547.491
weight: 7.24003e-06
eec: 2021.85
weight: 0.000107555
eec: 378.068
weight: 1.79616e-05
eec: 234.375
weight: 0.000226859
eec: 209
weight: 2.47863e-06
eec: 271.385
weight: 1.06042e-06
eec: 1530.25
weight: 3.10662e-05
eec: 254.759
weight: 2.78688e-05
eec: 626.14
weight: 1.5579e-05
eec: 732.051
weight: 2.29725e-05
eec: 164.887
weight: 5.81627e-06
eec: 1317.8
weight: 0.000117151
eec: 262.257
weight: 0.00092926
eec: 611.276
weight: 0.000126456
eec: 500.433
weight: 0.00055556
eec: 40.1513
weight: 1.98068e-05
eec: 749.12
weight: 1.94678e-06
eec: 1932.76
weight: 7.06775e-05
eec: 361.108
weight: 4.39252e-06
eec: 473.15
weight: 6.15186e-06
eec: 170.656
weight: 1.91561e-05
eec: 831.687
weight: 0.00117874
eec: 721.181
weight: 5.64244e-08
eec: 471.393
weight: 0.00132367
eec: 174.755
weight: 2.1681e-05
eec: 1526.42
weight: 2.53576e-05
eec: 204.205
weight: 3.8215e-05
eec: 258.812
weight: 7.83524e-05
eec: 527.293
weight: 3.39992e-05
eec: 302.901
weight: 0.000145663
eec: 379.813
weight: 8.78675e-06
eec: 892.39
weight: 4.96557e-06
eec: 1328.59
weight: 6.75635e-05
eec: 260.032
Processing: 73.3333 %weight: 0.000468589
eec: 382.109
weight: 0.000542303
eec: 357.247
weight: 0.000191738
eec: 224.091
weight: 0.000193047
eec: 356.873
weight: 2.6887e-06
eec: 1868.25
weight: 5.09592e-06
eec: 2098.14
weight: 0.000202653
eec: 278.249
weight: 6.24758e-06
eec: 144.338
weight: 0.000105419
eec: 467.966
weight: 3.44686e-05
eec: 718.969
weight: 6.33645e-05
eec: 240.814
weight: 5.06666e-07
eec: 292.196
weight: 1.73201e-05
eec: 181.882
weight: 2.2307e-06
eec: 1481.58
weight: 8.14163e-06
eec: 3505.63
weight: 9.36315e-06
eec: 59.7968
weight: 0.000138435
eec: 435.83
weight: 5.46327e-06
eec: 100.816
weight: 1.28677e-05
eec: 408.633
weight: 0.000316897
eec: 718.13
weight: 4.81606e-05
eec: 740.321
weight: 3.16349e-05
eec: 981.157
weight: 1.91134e-05
eec: 1087.73
weight: 9.28475e-05
eec: 98.9779
weight: 1.85258e-05
eec: 4730.42
weight: 0.000115613
eec: 332.201
weight: 2.63503e-05
eec: 53.4983
weight: 4.79736e-06
eec: 170.946
weight: 4.94796e-06
eec: 214.277
weight: 1.18626e-05
eec: 955.195
weight: 2.97329e-05
eec: 148.737
weight: 4.74834e-05
eec: 584.723
weight: 1.28939e-05
eec: 1797.44
weight: 2.09924e-05
eec: 809.819
weight: 1.37058e-05
eec: 212.649
weight: 0.00105212
eec: 942.163
weight: 3.30296e-06
eec: 217.223
weight: 3.59696e-05
eec: 230.25
weight: 2.82501e-06
eec: 248.583
weight: 4.91782e-05
eec: 601.801
weight: 7.30858e-06
eec: 639.762
weight: 2.73221e-05
eec: 1402.16
weight: 1.94672e-05
eec: 134.344
weight: 5.17204e-06
eec: 572.126
weight: 1.45193e-05
eec: 3802.79
weight: 9.84668e-05
eec: 327.074
weight: 1.91609e-05
eec: 791.503
weight: 0.000323561
eec: 89.9367
weight: 7.20432e-06
eec: 304.388
weight: 5.06745e-07
eec: 71.8288
weight: 0.000108688
eec: 119.035
weight: 4.9117e-06
eec: 270.795
weight: 1.48891e-05
eec: 330.397
weight: 1.06776e-05
eec: 445.576
weight: 0.000378849
eec: 310.126
weight: 1.45749e-05
eec: 3177.88
weight: 9.76256e-07
eec: 109.308
weight: 9.39975e-06
eec: 228.954
weight: 5.41522e-06
eec: 469.863
weight: 8.3583e-05
eec: 531.463
weight: 0.000125707
eec: 1688.1
weight: 3.32735e-05
eec: 792.729
weight: 0.000145689
eec: 430.996
weight: 0.000142989
eec: 820.089
weight: 5.7786e-06
eec: 1139.41
weight: 1.11395e-06
eec: 546.779
weight: 1.84903e-05
eec: 1227.1
weight: 7.35763e-05
eec: 127.516
weight: 2.86358e-05
eec: 373.545
weight: 0.000305414
eec: 59.8901
weight: 1.12686e-05
eec: 284.74
weight: 2.18605e-05
eec: 137.506
weight: 1.34773e-07
eec: 137.858
weight: 1.0876e-05
eec: 399.999
weight: 2.98124e-05
eec: 1408.47
weight: 7.82176e-07
eec: 1447.02
weight: 5.27121e-05
eec: 2788.39
weight: 8.37187e-07
eec: 1043.69
weight: 2.51881e-05
eec: 118.982
weight: 0.000366814
eec: 243.791
weight: 1.69467e-06
eec: 101.139
weight: 3.73114e-05
eec: 300.767
weight: 1.92106e-05
eec: 184.139
weight: 3.93973e-06
eec: 689.486
weight: 6.18861e-06
eec: 944.506
weight: 0.000128633
eec: 129.056
weight: 1.67553e-06
eec: 1409.48
weight: 6.81698e-05
eec: 216.135
weight: 0.00167323
eec: 99.3271
weight: 0.000384957
eec: 456.465
weight: 1.82284e-05
eec: 85.9981
weight: 4.63982e-06
eec: 542.593
weight: 0.000207875
eec: 762.066
weight: 4.89934e-07
eec: 1646.05
weight: 0.000140361
eec: 37.9627
weight: 1.13866e-05
eec: 622.354
weight: 0.000505728
eec: 1073.15
weight: 2.69401e-05
eec: 1230.86
weight: 3.2329e-05
eec: 1980.87
weight: 9.35807e-06
eec: 690.952
weight: 0.000177818
eec: 252.948
weight: 1.06385e-06
eec: 1686.02
weight: 1.41905e-05
eec: 393.901
weight: 2.14104e-05
eec: 197.166
weight: 5.52069e-07
eec: 126.049
weight: 1.99651e-05
eec: 33.4265
weight: 1.77934e-06
eec: 1004.86
weight: 3.15553e-05
eec: 93.4999
weight: 2.69616e-06
eec: 1293.37
weight: 9.15511e-06
eec: 368.398
weight: 3.42904e-05
eec: 1745.16
weight: 2.57542e-05
eec: 95.3008
weight: 1.55557e-06
eec: 481.463
weight: 8.52245e-05
eec: 504.592
weight: 5.06461e-05
eec: 592.697
weight: 1.47011e-05
eec: 926.519
weight: 1.69941e-05
eec: 436.918
weight: 1.2367e-05
eec: 368.768
weight: 0.000580375
eec: 180.241
weight: 8.82034e-06
eec: 217.868
weight: 0.000503918
eec: 214.689
weight: 5.72732e-06
eec: 2048.78
weight: 0.000466946
eec: 127.831
weight: 0.000155011
eec: 552.912
weight: 1.90454e-05
eec: 308.472
weight: 4.31889e-06
eec: 1622.21
weight: 1.87806e-05
eec: 101.698
weight: 8.69106e-06
eec: 3102.64
weight: 3.14477e-05
eec: 98.3225
weight: 4.72213e-05
eec: 89.3361
weight: 3.1796e-06
eec: 1902.33
weight: 0.000217644
eec: 557.312
weight: 9.4746e-05
eec: 738.182
weight: 3.9854e-06
eec: 353.734
weight: 2.6141e-05
eec: 313.779
weight: 2.81058e-05
eec: 214.126
weight: 1.14441e-06
eec: 160.116
weight: 3.04458e-05
eec: 732.729
weight: 3.4067e-05
eec: 2788.3
weight: 1.39805e-05
eec: 486.862
weight: 0.000389043
eec: 372.3
weight: 6.60918e-05
eec: 281.539
weight: 3.30179e-05
eec: 1226.54
weight: 3.25148e-05
eec: 1064.84
weight: 7.81125e-08
eec: 362.996
weight: 3.86008e-05
eec: 237.087
weight: 9.62522e-06
eec: 59.9841
weight: 0.000303165
eec: 176.514
weight: 1.06378e-05
eec: 1901.09
weight: 1.06378e-05
eec: 661.203
weight: 7.13533e-06
eec: 166.297
weight: 4.97567e-07
eec: 375.155
weight: 1.35029e-05
eec: 1486.96
weight: 0.000171571
eec: 415.182
weight: 1.54172e-05
eec: 84.5955
weight: 1.34849e-06
eec: 88.8456
weight: 1.29135e-06
eec: 228.64
weight: 0.000137686
eec: 1317
weight: 3.30136e-05
eec: 557.375
weight: 0.000887766
eec: 184.431
weight: 2.00459e-05
eec: 929.773
weight: 1.96514e-05
eec: 711.598
weight: 1.10823e-05
eec: 272.842
weight: 5.16015e-05
eec: 266.216
weight: 0.000415922
eec: 549.918
weight: 0.000192397
eec: 425.531
weight: 1.00522e-05
eec: 84.2174
weight: 1.67884e-06
eec: 875.513
weight: 0.000242002
eec: 231.219
weight: 0.000307704
eec: 56.9088

ROOT exit code = 0
