gSystem->Load("run_condor_job_Run3_C.so");
run_condor_job_Run3(151, 100, 2,
                    80, 200,
                    1, 1, 1, 1);
.q

ENTERED run_condor_job_Run3()
JOBID = 151
  global job = 151  Job 51/100  events [2989620, 3048240)  total=5862000
Processing events [2989620, 3048240) of 5862000
weight: 4.49016e-05
eec: 262.92
weight: 1.39312e-06
eec: 1999.78
weight: 0.00014994
eec: 99.5714
weight: 3.46358e-05
eec: 313.85
weight: 7.67925e-07
eec: 20.6434
weight: 3.14973e-05
eec: 946.848
weight: 3.89366e-05
eec: 235.403
weight: 3.02705e-05
eec: 1035.55
weight: 1.99522e-07
eec: 162.394
weight: 2.91303e-05
eec: 367.364
weight: 2.89252e-06
eec: 891.295
weight: 3.01987e-05
eec: 561.548
weight: 8.94847e-05
eec: 59.5414
weight: 2.64287e-05
eec: 332.424
weight: 0.00101522
eec: 134.867
weight: 0.000122693
eec: 594.067
weight: 9.38547e-07
eec: 2340.48
weight: 8.38656e-08
eec: 259.345
weight: 3.5326e-06
eec: 224.157
weight: 1.07109e-05
eec: 464.249
weight: 0.000159186
eec: 53.8668
weight: 6.63649e-05
eec: 1072.3
weight: 5.51161e-06
eec: 198.478
weight: 0.00036165
eec: 529.709
weight: 0.000531019
eec: 113.386
weight: 0.000142294
eec: 83.0768
weight: 0.000158798
eec: 4.14385
weight: 0.000820276
eec: 202.647
weight: 3.76068e-06
eec: 662.692
weight: 3.16402e-06
eec: 300.26
weight: 0.000105246
eec: 154.142
weight: 6.36331e-05
eec: 145.387
weight: 0.000280998
eec: 115.2
weight: 0.000270719
eec: 720.661
weight: 0.000104223
eec: 65.4527
weight: 1.36547e-06
eec: 2254.96
weight: 0.000398069
eec: 124.396
weight: 1.53147e-07
eec: 897.748
weight: 1.53147e-07
eec: 253.205
weight: 0.000332995
eec: 1270.26
weight: 1.76175e-05
eec: 293.722
weight: 0.00010438
eec: 34.2573
Processing: 51.1771 %weight: 1.31621e-05
eec: 409.792
weight: 0.000157438
eec: 490.737
weight: 2.77692e-06
eec: 532.746
weight: 7.51251e-05
eec: 167.227
weight: 8.83507e-05
eec: 10.5157
weight: 4.60038e-05
eec: 51.2573
weight: 1.2379e-05
eec: 842.834
weight: 9.56518e-07
eec: 945.798
weight: 7.76286e-06
eec: 15.2127
weight: 7.50574e-06
eec: 636.963
weight: 2.69541e-05
eec: 218.367
weight: 1.93051e-05
eec: 650.873
weight: 0.000652985
eec: 1029.66
weight: 3.62104e-06
eec: 2338.09
weight: 1.04482e-05
eec: 177.459
weight: 9.43129e-05
eec: 298.49
weight: 6.91326e-06
eec: 746.25
weight: 6.91326e-06
eec: 240.637
weight: 3.58478e-05
eec: 362.495
weight: 2.94739e-06
eec: 152.665
weight: 7.91983e-06
eec: 3943.59
weight: 0.00011032
eec: 283.112
weight: 1.23009e-05
eec: 858.491
weight: 6.54696e-05
eec: 873.466
weight: 7.37128e-07
eec: 236.233
weight: 1.01293e-05
eec: 347.193
weight: 1.25669e-05
eec: 131.661
weight: 0.000249242
eec: 92.3224
weight: 2.1783e-06
eec: 1964.55
weight: 1.34788e-05
eec: 213.962
weight: 0.000185822
eec: 358.274
weight: 2.29929e-05
eec: 705.052
weight: 1.00864e-05
eec: 86.5606
weight: 3.22776e-05
eec: 537.459
weight: 5.09972e-06
eec: 674.756
weight: 6.73271e-05
eec: 22.5731
weight: 5.22637e-05
eec: 216.585
weight: 8.14492e-06
eec: 409.545
weight: 1.21672e-05
eec: 631.03
weight: 4.10632e-05
eec: 154.106
weight: 0.000585386
eec: 1427.13
weight: 2.80387e-06
eec: 716.541
weight: 1.16649e-05
eec: 278.39
weight: 0.000181671
eec: 175.302
weight: 3.20158e-05
eec: 175.909
weight: 7.72218e-06
eec: 814.673
weight: 0.000150169
eec: 957.487
weight: 1.43699e-05
eec: 829.353
weight: 1.06252e-05
eec: 696.513
weight: 2.00472e-05
eec: 37.3731
weight: 5.91897e-05
eec: 138.634
weight: 8.81087e-08
eec: 236.649
weight: 2.58889e-06
eec: 173.323
weight: 4.27472e-06
eec: 250.811
weight: 1.28843e-05
eec: 77.8177
weight: 3.96624e-07
eec: 860.59
weight: 0.000392826
eec: 485.774
weight: 0.000781749
eec: 640.732
weight: 2.46118e-05
eec: 501.871
weight: 2.73063e-05
eec: 566.011
weight: 1.68646e-05
eec: 444.359
weight: 1.81067e-05
eec: 2304.21
weight: 4.63406e-06
eec: 180.629
weight: 3.1151e-05
eec: 580.656
weight: 0.000163787
eec: 150.77
weight: 9.96329e-05
eec: 595.469
weight: 3.71812e-05
eec: 2287.19
weight: 6.98335e-06
eec: 220.792
weight: 1.80044e-05
eec: 1816.65
weight: 8.10692e-06
eec: 1954.57
weight: 0.000158545
eec: 439.858
weight: 0.000198316
eec: 33.9949
weight: 2.25743e-07
eec: 231.506
weight: 2.08658e-05
eec: 1033.04
weight: 1.40742e-05
eec: 1527.98
weight: 2.93425e-05
eec: 122.019
weight: 2.94469e-05
eec: 1001.62
weight: 0.000151834
eec: 587.908
weight: 2.57231e-05
eec: 100.195
weight: 6.29707e-05
eec: 2108.98
weight: 1.32879e-05
eec: 175.238
weight: 4.97628e-05
eec: 481.454
weight: 0.000593261
eec: 286.493
weight: 3.75724e-06
eec: 201.115
weight: 0.000135511
eec: 401.896
weight: 3.19747e-05
eec: 171.306
weight: 3.31653e-05
eec: 1301.09
weight: 1.23063e-06
eec: 1288.19
weight: 0.000159659
eec: 630.754
weight: 4.48568e-05
eec: 1181.1
weight: 9.90215e-06
eec: 721.198
weight: 4.06456e-06
eec: 392.184
weight: 0.000100549
eec: 1735.73
weight: 8.06101e-05
eec: 181.825
weight: 4.42986e-05
eec: 173.981
weight: 3.06702e-06
eec: 218.522
weight: 5.49557e-06
eec: 284.463
weight: 1.79264e-06
eec: 271.647
weight: 3.42294e-05
eec: 128.558
weight: 2.02444e-05
eec: 297.082
weight: 6.64255e-06
eec: 768.851
weight: 0.000104327
eec: 389.808
weight: 9.27475e-05
eec: 41.1752
weight: 1.76854e-07
eec: 376.1
weight: 1.58797e-05
eec: 830.007
weight: 1.22182e-05
eec: 281.216
weight: 2.03016e-05
eec: 288.291
weight: 4.40532e-05
eec: 173.361
weight: 0.000156163
eec: 39.6942
weight: 1.90016e-05
eec: 173.352
weight: 2.51179e-05
eec: 1906.62
weight: 7.84366e-05
eec: 1033
weight: 4.41054e-05
eec: 44.1583
weight: 3.01781e-05
eec: 474.062
weight: 6.73155e-06
eec: 372.066
weight: 4.39391e-05
eec: 80.4287
weight: 1.04835e-05
eec: 984.96
weight: 2.86481e-05
eec: 190.419
weight: 0.000433079
eec: 387.266
weight: 0.00133683
eec: 402.087
weight: 2.23362e-05
eec: 21.2412
weight: 1.70946e-06
eec: 579.83
weight: 6.96888e-05
eec: 132.157
weight: 7.65226e-06
eec: 206.493
weight: 9.70932e-06
eec: 123.142
weight: 1.71093e-05
eec: 162.011
weight: 1.3233e-07
eec: 297.771
weight: 0.000200439
eec: 698.865
weight: 0.000165983
eec: 758.39
weight: 0.000160521
eec: 210.089
weight: 0.000432026
eec: 212.792
weight: 2.67758e-05
eec: 628.909
weight: 0.000605429
eec: 291.826
weight: 1.0154e-05
eec: 271.842
weight: 3.87663e-05
eec: 185.913
weight: 3.59962e-05
eec: 31.5908
weight: 2.58495e-05
eec: 38.4135
weight: 4.67732e-07
eec: 584.237
weight: 3.22447e-05
eec: 275.243
weight: 2.39965e-06
eec: 1016.93
weight: 1.38531e-05
eec: 1476.83
weight: 8.48488e-05
eec: 133.877
weight: 6.3306e-05
eec: 354.762
weight: 2.18504e-05
eec: 433.329
weight: 4.74654e-06
eec: 317.161
weight: 0.000354597
eec: 735.501
weight: 8.52397e-05
eec: 852.761
weight: 3.34608e-05
eec: 466.927
weight: 3.72496e-05
eec: 405.633
weight: 4.76891e-05
eec: 1663.87
weight: 2.11982e-05
eec: 122.486
weight: 3.67191e-05
eec: 843.488
weight: 3.24383e-05
eec: 193.796
weight: 2.00155e-05
eec: 982.808
weight: 5.36756e-06
eec: 5402.57
weight: 6.97055e-07
eec: 338.577
weight: 8.98751e-06
eec: 774.264
weight: 1.16836e-05
eec: 37.867
weight: 6.84857e-05
eec: 215.455
weight: 6.01362e-08
eec: 26.5128
weight: 3.09633e-05
eec: 419.765
weight: 1.60647e-05
eec: 302.956
weight: 7.29575e-05
eec: 251.805
weight: 9.84588e-06
eec: 536.657
weight: 0.00148144
eec: 482.41
weight: 3.08244e-06
eec: 1229.35
weight: 7.0382e-06
eec: 136.153
weight: 1.26204e-05
eec: 221.661
weight: 9.57809e-06
eec: 228.539
weight: 0.000241666
eec: 350.215
weight: 0.000175188
eec: 62.5944
weight: 3.47223e-05
eec: 15.4586
weight: 1.2583e-05
eec: 201.661
weight: 1.02011e-05
eec: 777.028
weight: 3.64416e-05
eec: 194.398
weight: 8.31038e-05
eec: 11.1242
weight: 0.000125315
eec: 103.627
weight: 1.06725e-05
eec: 590.102
weight: 0.000353925
eec: 349.323
weight: 7.83152e-06
eec: 2987.67
weight: 9.77653e-06
eec: 166.085
weight: 2.54422e-05
eec: 249.157
weight: 0.000983975
eec: 78.635
weight: 3.22953e-05
eec: 1551.66
weight: 5.51096e-05
eec: 238.353
weight: 9.25166e-06
eec: 115.801
weight: 9.85168e-05
eec: 395.11
weight: 2.0388e-05
eec: 178.893
weight: 1.65238e-05
eec: 2194.94
weight: 8.74589e-05
eec: 35.1059
weight: 0.000214165
eec: 220.219
weight: 1.51614e-05
eec: 111.614
weight: 1.3659e-05
eec: 621.771

ROOT exit code = 0
