gSystem->Load("run_condor_job_Run3_C.so");
run_condor_job_Run3(640, 100, 2,
                    80, 200,
                    1, 1, 1, 6);
.q

ENTERED run_condor_job_Run3()
JOBID = 640
  global job = 640  Job 40/100  events [2359200, 2418180)  total=5898000
Processing events [2359200, 2418180) of 5898000
weight: 5.474e-05
eec: 139.932
weight: 7.12109e-06
eec: 2005.9
weight: 8.35575e-06
eec: 343.47
weight: 1.31298e-06
eec: 836.265
weight: 1.15851e-05
eec: 83.7394
weight: 5.8384e-05
eec: 2268.53
weight: 6.78138e-07
eec: 53.0888
weight: 4.62307e-05
eec: 675.139
weight: 0.000113095
eec: 169.834
weight: 3.66985e-05
eec: 231.936
weight: 0.000434831
eec: 571.333
weight: 3.12771e-05
eec: 98.8468
weight: 0.000748776
eec: 72.9346
weight: 4.50355e-05
eec: 960.465
weight: 2.91317e-07
eec: 16.0425
weight: 1.53815e-05
eec: 1000.02
weight: 5.57795e-05
eec: 44.745
weight: 2.51044e-06
eec: 1303.81
weight: 0.000324777
eec: 675.33
weight: 3.33344e-06
eec: 428.45
weight: 0.000317834
eec: 121.862
weight: 0.000514037
eec: 518.5
weight: 7.51584e-06
eec: 415.392
weight: 1.92256e-06
eec: 2754.37
weight: 1.37618e-05
eec: 200.304
weight: 3.05154e-05
eec: 298.055
weight: 0.000170462
eec: 98.4855
weight: 8.84314e-07
eec: 1811.01
weight: 1.47317e-05
eec: 50.8394
weight: 1.28182e-05
eec: 513.854
weight: 6.14634e-06
eec: 3793.25
weight: 0.000554547
eec: 489.355
weight: 1.53473e-05
eec: 1548.64
weight: 1.21353e-05
eec: 559.953
weight: 5.1295e-06
eec: 240.619
weight: 3.99907e-05
eec: 2053.89
weight: 0.000102
eec: 90.7615
weight: 2.20387e-05
eec: 1955.88
weight: 0.000202443
eec: 56.5346
weight: 1.27925e-05
eec: 334.109
weight: 8.43255e-06
eec: 149.752
weight: 1.84244e-05
eec: 1010.9
weight: 8.56873e-05
eec: 148.733
weight: 1.68514e-05
eec: 1309.34
weight: 1.96147e-06
eec: 2551.32
weight: 1.40441e-06
eec: 3108.79
weight: 2.74157e-05
eec: 634.086
weight: 2.60517e-06
eec: 313.01
weight: 4.32115e-05
eec: 558.653
weight: 3.92465e-06
eec: 458.316
weight: 7.32855e-05
eec: 478.073
weight: 7.06897e-06
eec: 421.396
weight: 1.85788e-06
eec: 160.448
weight: 0.00020512
eec: 268.282
weight: 2.88025e-06
eec: 112.213
weight: 2.67297e-06
eec: 362.062
weight: 0.00010478
eec: 52.3841
weight: 0.00042101
eec: 18.7961
weight: 4.66217e-06
eec: 976.214
weight: 1.0369e-06
eec: 309.571
weight: 0.000200789
eec: 115.046
weight: 3.15506e-05
eec: 578.912
weight: 2.44994e-05
eec: 1105.08
weight: 0.000191874
eec: 533.294
weight: 6.80456e-06
eec: 1209.15
weight: 6.81758e-06
eec: 613.252
weight: 2.15048e-05
eec: 4281.24
weight: 0.000107849
eec: 413.887
weight: 1.29407e-05
eec: 950.067
weight: 0.00035396
eec: 384.705
weight: 1.19861e-05
eec: 463.587
weight: 2.38919e-05
eec: 538.689
weight: 1.17615e-05
eec: 136.687
weight: 1.17615e-05
eec: 782.55
weight: 1.11415e-05
eec: 2247.39
weight: 0.000211591
eec: 586.297
weight: 0.00023146
eec: 1139.34
weight: 3.85373e-05
eec: 441.478
weight: 3.79462e-06
eec: 249.202
weight: 7.42063e-05
eec: 106.974
weight: 7.97576e-05
eec: 80.4019
weight: 5.79499e-07
eec: 1487.94
weight: 0.000337673
eec: 407.738
weight: 0.000117232
eec: 670.543
weight: 0.000150517
eec: 237.932
weight: 1.9773e-05
eec: 800.47
weight: 2.74845e-06
eec: 278.602
weight: 2.49485e-05
eec: 112.149
weight: 1.52282e-05
eec: 80.3387
weight: 9.46021e-05
eec: 98.2163
weight: 9.35377e-06
eec: 96.6235
weight: 7.3661e-06
eec: 156.32
weight: 4.69661e-06
eec: 645.78
weight: 4.27803e-05
eec: 247.137
weight: 8.8652e-05
eec: 383.774
weight: 1.96859e-06
eec: 5175.32
weight: 0.000114117
eec: 415.974
weight: 2.37442e-05
eec: 246.584
weight: 1.69972e-05
eec: 756.681
weight: 1.82159e-06
eec: 138.118
weight: 1.08688e-05
eec: 139.767
weight: 3.7198e-06
eec: 2233.13
weight: 3.7198e-06
eec: 1106.05
weight: 1.57192e-06
eec: 646.855
weight: 1.28447e-05
eec: 739.774
weight: 1.28447e-05
eec: 212.765
weight: 0.000154892
eec: 385.649
weight: 6.77578e-06
eec: 371.903
weight: 7.65401e-05
eec: 250.871
weight: 3.6592e-05
eec: 946.347
weight: 0.000158992
eec: 236.165
weight: 2.96449e-05
eec: 297.013
weight: 2.31855e-05
eec: 454.709
weight: 0.000100055
eec: 593.373
weight: 1.84342e-05
eec: 57.277
weight: 2.56343e-05
eec: 2204.42
weight: 1.00352e-05
eec: 408.089
weight: 9.56419e-05
eec: 306.403
weight: 0.000114792
eec: 523.245
weight: 8.56284e-06
eec: 2091.19
weight: 2.16476e-05
eec: 137.723
weight: 0.000123256
eec: 155.532
weight: 2.07725e-06
eec: 906.919
weight: 9.96103e-05
eec: 596.511
weight: 5.76325e-05
eec: 269.658
weight: 4.89258e-07
eec: 2063.53
weight: 0.000106181
eec: 607.651
weight: 0.00157499
eec: 290.083
weight: 0.000115585
eec: 48.5242
weight: 7.0152e-05
eec: 97.2624
weight: 3.5683e-05
eec: 94.9605
weight: 1.4867e-05
eec: 77.6871
weight: 9.17877e-07
eec: 636.535
weight: 5.25677e-06
eec: 2630.1
weight: 6.35169e-06
eec: 2554.79
weight: 0.000433214
eec: 122.251
weight: 2.24176e-05
eec: 420.105
weight: 3.62323e-06
eec: 1917.9
weight: 1.47631e-05
eec: 405.34
weight: 3.11979e-06
eec: 798.957
weight: 0.00015185
eec: 1060.35
weight: 1.90151e-06
eec: 148.24
weight: 1.00185e-07
eec: 298.032
weight: 0.000181454
eec: 304.416
weight: 1.75811e-05
eec: 83.108
weight: 6.32135e-05
eec: 344.943
weight: 1.89293e-05
eec: 39.2278
weight: 3.51806e-05
eec: 375.897
weight: 0.000131315
eec: 325.429
weight: 8.29415e-08
eec: 536.437
weight: 1.02188e-05
eec: 255.782
weight: 2.10644e-05
eec: 2859.42
weight: 0.000195353
eec: 237.611
weight: 4.67167e-05
eec: 146.668
weight: 1.51119e-05
eec: 98.0591
weight: 0.000531605
eec: 108.416
weight: 3.55098e-06
eec: 4156.35
weight: 1.08848e-05
eec: 605.922
weight: 9.53725e-07
eec: 354.161
weight: 3.01186e-06
eec: 110.305
weight: 0.000118474
eec: 107.334
Processing: 40.6918 %weight: 9.17242e-05
eec: 259.983
weight: 9.60809e-05
eec: 1573.97
weight: 9.54633e-06
eec: 594.443
weight: 9.54633e-06
eec: 179.947
weight: 2.01947e-05
eec: 574.92
weight: 1.20199e-05
eec: 856.346
weight: 2.69051e-06
eec: 328.121
weight: 5.64145e-06
eec: 1572.49
weight: 1.69321e-05
eec: 1196.47
weight: 1.87276e-05
eec: 109.254
weight: 4.19395e-05
eec: 146.256
weight: 1.10604e-06
eec: 141.572
weight: 3.66417e-07
eec: 1746.09
weight: 8.16363e-05
eec: 47.4908
weight: 8.19626e-06
eec: 681.042
weight: 0.000280086
eec: 68.8667
weight: 1.17965e-06
eec: 356.091
weight: 2.38113e-06
eec: 158.338
weight: 2.38113e-06
eec: 152.057
weight: 2.62529e-06
eec: 135.188
weight: 6.05407e-05
eec: 223.151
weight: 2.99193e-05
eec: 428.622
weight: 2.70976e-06
eec: 306.5
weight: 2.32392e-05
eec: 731.989
weight: 2.46999e-05
eec: 240.596
weight: 7.38352e-07
eec: 989.81
weight: 1.18156e-05
eec: 453.81
weight: 5.1782e-05
eec: 530.884
weight: 1.64089e-06
eec: 2262.53
weight: 4.71008e-05
eec: 306.329
weight: 4.02725e-05
eec: 590.099
weight: 6.64193e-06
eec: 1036.68
weight: 0.00010369
eec: 654.41
weight: 0.000220594
eec: 2266
weight: 2.82596e-05
eec: 24.3979
weight: 0.00133508
eec: 275.795
weight: 3.83007e-05
eec: 273.699
weight: 0.000638547
eec: 177.634
weight: 2.48815e-05
eec: 933.17
weight: 1.38893e-05
eec: 3425.54
weight: 3.18391e-05
eec: 57.6916
weight: 2.16609e-05
eec: 234.986
weight: 0.000320221
eec: 330.487
weight: 1.28455e-06
eec: 710.088
weight: 2.44104e-05
eec: 159.175
weight: 2.65221e-05
eec: 937.361
weight: 1.58806e-05
eec: 2235.21
weight: 5.02121e-08
eec: 35.03
weight: 2.36298e-05
eec: 537.964
weight: 0.000115177
eec: 24.8324
weight: 0.000230492
eec: 1509.94
weight: 5.62196e-06
eec: 1474.14
weight: 5.24683e-05
eec: 315.348
weight: 1.44265e-05
eec: 163.915
weight: 7.07543e-05
eec: 595.443
weight: 3.90638e-05
eec: 478.809
weight: 3.42e-07
eec: 2940.69
weight: 6.97721e-06
eec: 850.321
weight: 2.083e-05
eec: 282.84
weight: 9.71233e-06
eec: 166.699
weight: 9.67514e-05
eec: 1403.68
weight: 8.16913e-05
eec: 36.1294
weight: 6.0002e-05
eec: 1162.01
weight: 4.07705e-05
eec: 794.51
weight: 0.00031834
eec: 165.605
weight: 9.93264e-05
eec: 670.112
weight: 6.07132e-05
eec: 290.846
weight: 3.3399e-06
eec: 276.578
weight: 1.72301e-05
eec: 254.897
weight: 6.26107e-05
eec: 295.884
weight: 5.84829e-06
eec: 167.078
weight: 2.3098e-05
eec: 1612.13
weight: 6.39197e-06
eec: 235.567
weight: 9.19483e-06
eec: 974.856
weight: 7.50098e-05
eec: 114.264
weight: 1.00526e-07
eec: 444.091
weight: 3.00459e-06
eec: 646.226
weight: 3.52502e-06
eec: 201.248
weight: 1.87649e-05
eec: 346.881
weight: 7.65975e-05
eec: 342.178
weight: 4.1852e-05
eec: 549.68
weight: 0.000250943
eec: 232.602
weight: 1.5594e-06
eec: 892.825
weight: 5.44494e-06
eec: 173.661
weight: 1.34454e-06
eec: 1735.93
weight: 7.5799e-05
eec: 54.6915
weight: 1.32821e-05
eec: 654.801
weight: 1.35555e-05
eec: 442.186
weight: 3.03009e-05
eec: 265.175
weight: 1.08045e-05
eec: 41.4182

ROOT exit code = 0
