gSystem->Load("run_condor_job_Run3_C.so");
run_condor_job_Run3(291, 100, 2,
                    80, 200,
                    1, 1, 1, 2);
.q

ENTERED run_condor_job_Run3()
JOBID = 291
  global job = 291  Job 91/100  events [5460000, 5520000)  total=6000000
Processing events [5460000, 5520000) of 6000000
weight: 0.000779288
eec: 555.516
weight: 3.46353e-06
eec: 629.693
weight: 1.81162e-05
eec: 383.828
weight: 8.02179e-06
eec: 204.688
weight: 0.000250452
eec: 615.847
weight: 8.72046e-06
eec: 917.733
weight: 0.000167751
eec: 230.943
weight: 0.000100049
eec: 523.474
weight: 1.83427e-05
eec: 151.873
weight: 0.000140038
eec: 505.509
weight: 1.1732e-05
eec: 680.089
weight: 8.63978e-05
eec: 166.674
weight: 6.31589e-05
eec: 389.935
weight: 3.04364e-05
eec: 567.108
weight: 4.34805e-05
eec: 645.315
weight: 5.04494e-05
eec: 638.399
weight: 1.06501e-05
eec: 85.2118
weight: 6.75661e-06
eec: 105.315
weight: 9.85645e-07
eec: 145.254
weight: 3.78601e-05
eec: 1364.64
weight: 0.000332939
eec: 1151.4
weight: 8.32579e-06
eec: 480.258
weight: 1.37138e-05
eec: 256.725
weight: 3.07558e-05
eec: 757.339
weight: 3.47074e-05
eec: 151.175
weight: 6.84038e-06
eec: 65.1069
weight: 9.64523e-06
eec: 663.144
weight: 0.000924347
eec: 737.895
weight: 7.03753e-05
eec: 504.437
weight: 1.77652e-05
eec: 165.38
weight: 1.07544e-05
eec: 1328.14
weight: 3.18844e-05
eec: 530.68
weight: 2.09572e-05
eec: 562.628
weight: 0.000502131
eec: 20.6961
weight: 5.95737e-05
eec: 141.557
weight: 1.69262e-07
eec: 670.982
weight: 2.95306e-05
eec: 44.1085
weight: 3.9847e-05
eec: 669.512
weight: 0.000222431
eec: 645.922
weight: 5.40214e-05
eec: 166.531
weight: 8.96437e-05
eec: 1088.7
weight: 1.21942e-05
eec: 772.226
weight: 3.24151e-06
eec: 479.683
weight: 6.19535e-05
eec: 441.501
weight: 6.13412e-05
eec: 807.171
weight: 3.65516e-06
eec: 92.7364
weight: 3.5218e-06
eec: 310.584
weight: 1.0801e-06
eec: 84.0144
weight: 9.58234e-06
eec: 400.72
weight: 8.62543e-07
eec: 411.177
weight: 6.48089e-06
eec: 83.0406
weight: 1.08237e-05
eec: 1897.51
weight: 9.08069e-05
eec: 117.684
weight: 2.59198e-06
eec: 55.6014
weight: 6.14548e-06
eec: 1258.6
weight: 0.000268258
eec: 528.386
weight: 1.27116e-05
eec: 884.643
weight: 8.57281e-05
eec: 515.049
weight: 1.96299e-05
eec: 1539.61
weight: 5.92751e-05
eec: 292.736
weight: 0.00015036
eec: 1927.8
weight: 0.000210067
eec: 1870.82
weight: 0.000801025
eec: 283.227
weight: 7.68376e-05
eec: 58.2761
weight: 0.000140869
eec: 121.632
weight: 7.50917e-05
eec: 135.667
weight: 8.8478e-05
eec: 852.849
weight: 1.33541e-05
eec: 675.204
weight: 0.000131859
eec: 308.377
weight: 4.80136e-06
eec: 361.417
weight: 7.14047e-05
eec: 189.911
weight: 5.53386e-05
eec: 77.3981
weight: 5.39083e-06
eec: 7.14752
weight: 1.29594e-05
eec: 97.7472
weight: 7.20102e-05
eec: 258.115
weight: 3.67085e-07
eec: 355.152
weight: 1.60583e-07
eec: 1192.53
weight: 2.65148e-05
eec: 791.436
weight: 4.89857e-05
eec: 717.548
weight: 0.000297836
eec: 37.8664
weight: 1.91564e-05
eec: 1196.25
weight: 0.000306106
eec: 490.183
weight: 0.000116914
eec: 112.965
weight: 6.39399e-06
eec: 1049.97
weight: 9.43364e-05
eec: 474.317
weight: 0.00010993
eec: 251.255
weight: 2.63049e-06
eec: 744.488
weight: 1.8514e-05
eec: 176.814
weight: 6.72983e-06
eec: 478.479
weight: 8.00218e-06
eec: 753.296
weight: 0.000131534
eec: 213.962
weight: 1.95423e-05
eec: 1427.26
weight: 1.96145e-05
eec: 166.018
weight: 3.48627e-05
eec: 375.056
weight: 8.76999e-05
eec: 233.349
weight: 0.000131969
eec: 810.554
weight: 5.54942e-05
eec: 360.711
weight: 6.90018e-05
eec: 2402.64
weight: 6.80414e-06
eec: 1913.47
weight: 1.15255e-05
eec: 1420.91
weight: 4.73694e-06
eec: 281.386
weight: 5.28218e-06
eec: 144.169
weight: 3.74885e-07
eec: 426.519
weight: 0.000105556
eec: 171.71
weight: 3.57215e-06
eec: 935.559
weight: 1.34663e-05
eec: 115.521
weight: 0.00118229
eec: 502.381
weight: 7.52861e-05
eec: 35.9703
weight: 6.77613e-06
eec: 112.519
weight: 1.53663e-05
eec: 749.178
weight: 1.31224e-07
eec: 683.471
weight: 0.00039099
eec: 1242.16
weight: 1.67172e-05
eec: 649.092
weight: 1.5e-05
eec: 2756.73
weight: 0.000119859
eec: 36.3633
weight: 4.45071e-05
eec: 354.184
weight: 0.000658496
eec: 138.507
weight: 0.000442212
eec: 494.113
weight: 0.000151585
eec: 342.759
weight: 4.75175e-05
eec: 1634.83
weight: 6.90569e-05
eec: 379.525
weight: 0.000242424
eec: 772.892
weight: 1.22876e-05
eec: 805.965
weight: 2.04655e-05
eec: 664.223
weight: 5.63274e-06
eec: 540.832
weight: 0.000358134
eec: 206.139
weight: 2.72415e-05
eec: 1226.49
weight: 1.98159e-05
eec: 54.1876
weight: 7.21019e-05
eec: 852.699
weight: 3.45298e-05
eec: 161.493
weight: 2.76012e-05
eec: 623.084
weight: 2.75544e-05
eec: 447.183
weight: 0.000543922
eec: 490.406
weight: 3.82531e-06
eec: 1019.57
weight: 3.26746e-05
eec: 182.765
weight: 6.31593e-05
eec: 395.158
weight: 9.98554e-06
eec: 436.529
weight: 9.37701e-05
eec: 196.853
weight: 3.86053e-06
eec: 90.0743
weight: 0.000259953
eec: 124.112
weight: 2.00506e-05
eec: 509.435
weight: 3.61428e-06
eec: 251.815
weight: 4.66798e-05
eec: 386.303
weight: 7.77181e-06
eec: 2294.58
weight: 2.89697e-05
eec: 106.257
weight: 1.45729e-05
eec: 78.6628
weight: 0.000109607
eec: 453.723
weight: 3.0857e-05
eec: 555.864
weight: 0.000145303
eec: 425.911
weight: 1.13349e-06
eec: 32.8477
weight: 9.10626e-06
eec: 114.981
weight: 8.72957e-05
eec: 476.589
weight: 1.1046e-05
eec: 499.621
weight: 0.000521768
eec: 4.1173
weight: 4.48329e-06
eec: 1456.15
weight: 4.62305e-06
eec: 198.572
weight: 1.43375e-05
eec: 222.343
weight: 0.000156947
eec: 122.723
weight: 2.02264e-05
eec: 336.951
weight: 4.66824e-05
eec: 343.414
weight: 8.9065e-05
eec: 103.313
Processing: 91.6667 %weight: 7.88258e-06
eec: 325.274
weight: 0.000113077
eec: 32.8056
weight: 1.51108e-05
eec: 646.82
weight: 6.20998e-06
eec: 366.866
weight: 5.54594e-07
eec: 414.624
weight: 2.42047e-05
eec: 827.458
weight: 1.16365e-05
eec: 902.366
weight: 3.4468e-05
eec: 989.913
weight: 6.98198e-05
eec: 107.926
weight: 4.97992e-06
eec: 1045.62
weight: 2.72561e-05
eec: 316.483
weight: 1.33616e-05
eec: 250.895
weight: 5.4934e-06
eec: 4336.7
weight: 2.74885e-06
eec: 86.8139
weight: 3.03019e-05
eec: 541.319
weight: 2.4218e-06
eec: 507.766
weight: 1.8004e-06
eec: 711.325
weight: 3.43967e-05
eec: 70.0017
weight: 6.12294e-06
eec: 96.1326
weight: 1.05709e-05
eec: 632.949
weight: 6.10931e-05
eec: 800.462
weight: 4.88933e-05
eec: 715.634
weight: 1.46749e-05
eec: 979.664
weight: 6.83829e-06
eec: 87.1896
weight: 1.95561e-05
eec: 375.05
weight: 0.000125692
eec: 104.33
weight: 2.80941e-05
eec: 525.365
weight: 0.000146394
eec: 429.906
weight: 0.000100237
eec: 528.666
weight: 0.000120657
eec: 1323.57
weight: 2.07269e-05
eec: 215.916
weight: 1.36697e-05
eec: 1622.97
weight: 8.51649e-06
eec: 271.941
weight: 0.000305061
eec: 231.512
weight: 8.73076e-06
eec: 63.1931
weight: 0.000312671
eec: 224.079
weight: 3.49364e-05
eec: 25.6115
weight: 0.000198972
eec: 556.502
weight: 8.97473e-07
eec: 3171.03
weight: 2.46024e-07
eec: 341.308
weight: 2.44024e-05
eec: 5285.55
weight: 1.08977e-05
eec: 2253.39
weight: 5.62e-06
eec: 649.078
weight: 0.000153135
eec: 184.684
weight: 1.88923e-05
eec: 395.589
weight: 5.99131e-05
eec: 145.784
weight: 1.17754e-05
eec: 338.871
weight: 0.000224697
eec: 162.945
weight: 6.13251e-05
eec: 265.435
weight: 8.94565e-06
eec: 943.875
weight: 8.52663e-07
eec: 630.597
weight: 5.87749e-05
eec: 419.9
weight: 2.16559e-05
eec: 212.874
weight: 2.79694e-05
eec: 214.93
weight: 0.000196379
eec: 742.588
weight: 0.000195289
eec: 742.804
weight: 1.56023e-06
eec: 2980.58
weight: 1.4167e-05
eec: 92.6286
weight: 2.45289e-05
eec: 157.705
weight: 7.53821e-08
eec: 7.07027
weight: 5.16094e-06
eec: 1044.09
weight: 1.72378e-05
eec: 1158.49
weight: 0.000127973
eec: 195.509
weight: 3.00875e-05
eec: 590.783
weight: 2.24434e-06
eec: 111.242
weight: 2.89878e-05
eec: 333.012
weight: 6.23082e-07
eec: 71.1533
weight: 2.67244e-05
eec: 42.3902
weight: 1.59381e-05
eec: 1352.1
weight: 0.000175505
eec: 80.4594
weight: 7.61186e-06
eec: 1698.12
weight: 6.20667e-05
eec: 108.667
weight: 8.65801e-05
eec: 506.286
weight: 0.000351447
eec: 67.0406

ROOT exit code = 0
