gSystem->Load("run_condor_job_Run3_C.so");
run_condor_job_Run3(628, 100, 2,
                    80, 200,
                    1, 1, 1, 6);
.q

ENTERED run_condor_job_Run3()
JOBID = 628
  global job = 628  Job 28/100  events [1651440, 1710420)  total=5898000
Processing events [1651440, 1710420) of 5898000
weight: 9.57844e-05
eec: 665.837
weight: 2.44046e-05
eec: 140.475
weight: 3.174e-05
eec: 689.192
weight: 2.9144e-05
eec: 326.063
weight: 0.00321122
eec: 218.268
weight: 7.42749e-05
eec: 426.134
weight: 0.000420811
eec: 544.364
weight: 6.12536e-05
eec: 781.581
weight: 1.58752e-05
eec: 502.044
weight: 3.1384e-06
eec: 112.919
weight: 0.000106801
eec: 36.7915
weight: 8.6499e-06
eec: 2134.97
weight: 2.3333e-05
eec: 181.224
weight: 8.62019e-05
eec: 765.898
weight: 1.22597e-05
eec: 1195.61
weight: 7.13936e-05
eec: 76.8495
weight: 9.28638e-06
eec: 1946.74
weight: 6.10919e-06
eec: 37.774
weight: 9.93531e-05
eec: 1071.52
weight: 2.33352e-06
eec: 36.8339
weight: 2.36605e-05
eec: 1360.18
weight: 5.56165e-07
eec: 432.161
weight: 0.000123389
eec: 1157.45
weight: 0.000195089
eec: 71.0892
weight: 2.62427e-05
eec: 884.183
weight: 2.76549e-05
eec: 77.8912
weight: 3.42329e-06
eec: 2230.96
weight: 7.83894e-05
eec: 619.954
weight: 1.82951e-05
eec: 613.047
weight: 0.000102279
eec: 119.096
weight: 1.25995e-05
eec: 388.132
weight: 7.04476e-06
eec: 4581.42
weight: 6.21311e-07
eec: 281.221
weight: 5.52102e-06
eec: 178.962
weight: 0.000182108
eec: 1006.82
weight: 0.000160139
eec: 65.6551
weight: 2.08399e-05
eec: 51.7157
weight: 5.73533e-05
eec: 47.479
weight: 0.000146946
eec: 802.5
weight: 0.000274415
eec: 56.8449
weight: 3.91816e-05
eec: 1430.15
weight: 4.15955e-06
eec: 91.807
weight: 2.3924e-05
eec: 1162.63
weight: 1.33233e-05
eec: 217.077
weight: 0.000224147
eec: 759.619
weight: 7.61718e-06
eec: 20.3627
weight: 0.000157929
eec: 173.244
weight: 7.11455e-06
eec: 1249.16
weight: 2.81668e-06
eec: 697.838
weight: 1.18843e-06
eec: 151.506
weight: 4.87178e-05
eec: 484.142
weight: 4.73174e-06
eec: 549.935
weight: 8.40268e-07
eec: 340.928
weight: 2.39978e-06
eec: 1650.65
weight: 3.97193e-06
eec: 534.384
weight: 6.06586e-06
eec: 277.736
weight: 6.00872e-06
eec: 84.8424
weight: 0.000102033
eec: 115.938
weight: 0.000934498
eec: 47.4464
weight: 1.9656e-05
eec: 1237.74
weight: 0.000222744
eec: 86.7039
weight: 5.90002e-05
eec: 642.217
weight: 0.000721275
eec: 275.286
weight: 3.79276e-05
eec: 514.7
weight: 6.97204e-05
eec: 151.597
weight: 6.93771e-06
eec: 84.8316
weight: 8.4509e-05
eec: 832.919
weight: 1.40432e-06
eec: 197.438
weight: 0.00111305
eec: 858.327
weight: 6.40012e-05
eec: 1215.06
weight: 2.98872e-05
eec: 1511.54
weight: 0.000809745
eec: 413.678
weight: 0.000183331
eec: 1990.38
weight: 8.1861e-05
eec: 285.09
weight: 7.07598e-05
eec: 500.858
weight: 4.81881e-06
eec: 637.984
weight: 0.000906781
eec: 287.033
weight: 4.77672e-06
eec: 345.266
weight: 1.38454e-06
eec: 2580.13
weight: 0.000116277
eec: 83.8282
weight: 6.85971e-05
eec: 210.98
weight: 1.91408e-08
eec: 830.522
weight: 4.12771e-05
eec: 631.165
weight: 0.000829183
eec: 53.2373
weight: 6.29205e-05
eec: 761.845
weight: 1.4583e-05
eec: 113.29
weight: 0.000252597
eec: 77.2938
weight: 1.28988e-05
eec: 3672.35
weight: 4.12467e-06
eec: 4046.23
weight: 1.33614e-05
eec: 750.316
weight: 1.32909e-05
eec: 901.201
weight: 4.42601e-06
eec: 165.826
weight: 3.71031e-06
eec: 699.897
weight: 9.83139e-05
eec: 613.373
weight: 4.56101e-06
eec: 548.294
weight: 8.07734e-05
eec: 94.6168
weight: 0.00071516
eec: 82.3686
weight: 1.40853e-05
eec: 2832.01
weight: 0.000117802
eec: 144.516
weight: 3.20112e-05
eec: 1361.36
weight: 7.46175e-06
eec: 3241.96
weight: 0.00116088
eec: 254.876
weight: 7.61072e-06
eec: 423.962
weight: 2.90625e-07
eec: 501.198
weight: 0.000135287
eec: 673.985
weight: 6.57596e-05
eec: 168.27
weight: 1.01562e-05
eec: 1092.97
weight: 2.07521e-05
eec: 1069.46
weight: 5.07042e-05
eec: 1580.85
weight: 0.000124487
eec: 165.558
weight: 2.4692e-05
eec: 1329.66
weight: 0.000288372
eec: 323.58
weight: 2.50609e-05
eec: 432.865
weight: 0.000283263
eec: 76.3622
weight: 0.000764446
eec: 594.662
weight: 2.00087e-05
eec: 1098.94
weight: 0.000137876
eec: 48.0099
weight: 6.43612e-06
eec: 258.795
weight: 3.36087e-05
eec: 529.082
weight: 2.52541e-06
eec: 758.173
weight: 6.26743e-05
eec: 776.999
weight: 1.32983e-05
eec: 582.61
weight: 3.98017e-05
eec: 752.298
weight: 0.000170871
eec: 188.435
weight: 2.30249e-07
eec: 380.217
weight: 4.26635e-05
eec: 52.7903
weight: 8.15568e-05
eec: 336.575
weight: 0.000139075
eec: 226.302
weight: 7.84559e-06
eec: 586.241
weight: 5.80728e-05
eec: 120.887
weight: 0.000583807
eec: 105.674
weight: 1.94533e-07
eec: 307.847
weight: 9.86635e-05
eec: 850.6
weight: 2.27652e-05
eec: 117.205
weight: 4.2281e-05
eec: 137.979
weight: 3.26729e-05
eec: 917.5
weight: 1.17703e-05
eec: 22.7901
weight: 0.000291232
eec: 105.311
weight: 5.73642e-06
eec: 97.9805
weight: 2.88191e-05
eec: 792.401
weight: 1.79484e-06
eec: 53.1049
weight: 0.000125404
eec: 3013.44
weight: 6.90445e-05
eec: 602.136
weight: 1.30845e-06
eec: 29.832
weight: 8.84471e-05
eec: 162.889
weight: 1.13954e-05
eec: 218.8
weight: 9.2804e-05
eec: 46.343
weight: 0.000196256
eec: 792.891
weight: 1.75131e-07
eec: 163.252
weight: 0.000134258
eec: 1329.67
weight: 1.874e-05
eec: 99.0553
weight: 0.000137864
eec: 64.3249
weight: 9.47775e-05
eec: 133.881
weight: 3.20352e-05
eec: 381.714
weight: 3.31688e-05
eec: 608.707
weight: 3.01869e-06
eec: 689.074
weight: 1.48041e-05
eec: 517.99
weight: 4.34467e-06
eec: 311.324
weight: 4.34467e-06
eec: 437.78
weight: 1.42771e-06
eec: 583.219
weight: 1.32385e-05
eec: 42.2628
weight: 0.000167456
eec: 236.993
weight: 3.61138e-05
eec: 243.115
weight: 9.23326e-08
eec: 1327.54
weight: 0.000200873
eec: 188.659
weight: 0.000189431
eec: 54.9636
weight: 2.22393e-05
eec: 412.373
weight: 2.4655e-05
eec: 303.022
weight: 6.59326e-06
eec: 163.787
weight: 1.82841e-05
eec: 553.078
weight: 4.59572e-06
eec: 171.424
weight: 0.000127554
eec: 268.194
weight: 1.67472e-05
eec: 944.982
weight: 2.58345e-05
eec: 263.13
weight: 2.02925e-06
eec: 404.379
weight: 3.47368e-05
eec: 177.53
weight: 0.00033231
eec: 729.141
weight: 6.22378e-05
eec: 117.504
weight: 3.30916e-05
eec: 43.1142
weight: 2.67438e-05
eec: 1100.25
weight: 4.42516e-05
eec: 225.076
weight: 1.75865e-05
eec: 25.2151
weight: 1.73087e-05
eec: 3988.99
weight: 6.87331e-05
eec: 2549.42
weight: 2.75557e-05
eec: 324.236
weight: 0.000635623
eec: 138.056
weight: 0.000295534
eec: 597.253
weight: 4.06696e-05
eec: 28.941
weight: 1.43191e-05
eec: 452.856
weight: 2.09321e-05
eec: 48.858
weight: 1.30763e-05
eec: 131.837
weight: 7.05817e-05
eec: 697.803
weight: 1.37469e-06
eec: 570.832
weight: 4.95206e-05
eec: 2403.02
weight: 2.80208e-05
eec: 963.523
weight: 3.68012e-05
eec: 663.369
weight: 6.61534e-05
eec: 104.809
weight: 1.09115e-05
eec: 328.396
weight: 1.07027e-05
eec: 997.824
weight: 1.45965e-05
eec: 1514.17
weight: 1.4971e-05
eec: 47.0657
weight: 0.00010226
eec: 409.255
weight: 7.81133e-05
eec: 1230.55
weight: 9.13975e-06
eec: 141.14
weight: 4.43765e-06
eec: 977.032
weight: 2.96184e-05
eec: 2173.12
weight: 8.08542e-06
eec: 3093.7
weight: 0.000284219
eec: 69.007
weight: 2.28027e-05
eec: 54.0043
weight: 0.000272211
eec: 45.7655
weight: 1.15364e-05
eec: 531.742
weight: 2.06004e-06
eec: 35.3409
weight: 0.000107732
eec: 203.51
Processing: 28.8233 %weight: 0.000292213
eec: 105.39
weight: 4.50217e-06
eec: 1304.39
weight: 0.000263356
eec: 375.156
weight: 3.91153e-07
eec: 342.528
weight: 2.07129e-05
eec: 286.948
weight: 1.56771e-05
eec: 1002.19
weight: 3.65836e-07
eec: 131.418
weight: 2.22339e-05
eec: 598.627
weight: 1.19574e-05
eec: 197.482
weight: 0.00017846
eec: 277.363
weight: 1.77017e-08
eec: 42.0144
weight: 6.01389e-05
eec: 1095.14
weight: 4.20874e-05
eec: 81.4988
weight: 0.000476261
eec: 297.929
weight: 1.2563e-06
eec: 790.352
weight: 0.000286881
eec: 365.791
weight: 0.00109396
eec: 425.306
weight: 1.91534e-05
eec: 32.5794
weight: 1.68264e-05
eec: 544.759
weight: 2.76082e-05
eec: 414.14
weight: 5.66111e-07
eec: 1068.66
weight: 2.7452e-05
eec: 325.673
weight: 2.32962e-05
eec: 267.006
weight: 5.20807e-06
eec: 1829.75
weight: 8.28242e-05
eec: 618.315
weight: 0.000148325
eec: 121.411
weight: 3.8651e-06
eec: 311.539
weight: 9.60835e-05
eec: 1185.73
weight: 1.4136e-05
eec: 534.379
weight: 1.60644e-05
eec: 367.274
weight: 0.000140389
eec: 454.105
weight: 0.000162158
eec: 1247.43
weight: 3.44594e-05
eec: 1678.93
weight: 2.70211e-05
eec: 235.619
weight: 3.78749e-05
eec: 840.423
weight: 7.77433e-05
eec: 167.931
weight: 5.05178e-06
eec: 164.213
weight: 2.90122e-07
eec: 622.949
weight: 3.33892e-06
eec: 200.595
weight: 4.33623e-05
eec: 268.52

ROOT exit code = 0
