gSystem->Load("run_condor_job_Run3_C.so");
run_condor_job_Run3(148, 100, 2,
                    80, 200,
                    1, 1, 1, 1);
.q

ENTERED run_condor_job_Run3()
JOBID = 148
  global job = 148  Job 48/100  events [2813760, 2872380)  total=5862000
Processing events [2813760, 2872380) of 5862000
weight: 4.02437e-05
eec: 346.035
weight: 2.09543e-05
eec: 934.498
weight: 2.05265e-05
eec: 14.1497
weight: 6.07023e-05
eec: 204.568
weight: 1.99662e-05
eec: 136.371
weight: 5.39648e-06
eec: 505.522
weight: 0.000255132
eec: 334.276
weight: 8.35028e-06
eec: 66.2416
weight: 3.73715e-05
eec: 281.483
weight: 1.62074e-05
eec: 513.889
weight: 2.47687e-05
eec: 202.537
weight: 1.13062e-06
eec: 232.435
weight: 0.000190204
eec: 966.537
weight: 1.99182e-05
eec: 288.342
weight: 0.000101986
eec: 172.053
weight: 2.94761e-06
eec: 1294.75
weight: 5.52426e-06
eec: 147.681
weight: 5.38791e-05
eec: 720.157
weight: 0.000548151
eec: 1186.12
weight: 5.37357e-07
eec: 633.897
weight: 0.000477238
eec: 182.713
weight: 3.72908e-06
eec: 157.084
weight: 7.76771e-05
eec: 60.9528
weight: 5.48061e-06
eec: 242.861
weight: 6.90372e-06
eec: 283.915
weight: 5.79663e-05
eec: 186.672
weight: 9.73702e-05
eec: 143.217
weight: 2.46511e-05
eec: 912.512
weight: 2.39723e-05
eec: 65.2631
weight: 3.07555e-06
eec: 2495.51
weight: 1.97198e-06
eec: 448.565
weight: 0.000140487
eec: 224.874
weight: 0.000178402
eec: 92.9675
weight: 4.43609e-06
eec: 1397.88
weight: 0.000204158
eec: 288.416
weight: 1.56495e-07
eec: 27.0188
weight: 2.31612e-05
eec: 1112.76
weight: 6.43121e-05
eec: 757.429
weight: 3.49788e-06
eec: 72.8784
weight: 1.54379e-05
eec: 1624.13
weight: 8.84222e-06
eec: 36.022
weight: 2.09881e-05
eec: 1487.96
weight: 5.73082e-06
eec: 222.76
weight: 0.000188553
eec: 160.066
weight: 1.69401e-05
eec: 832.26
weight: 1.32288e-05
eec: 223.667
weight: 2.93223e-05
eec: 22.5825
weight: 2.20339e-05
eec: 867.766
weight: 0.000614195
eec: 103.257
weight: 3.04214e-05
eec: 989.569
weight: 1.16288e-05
eec: 142.284
weight: 2.37895e-05
eec: 165.762
weight: 2.8642e-05
eec: 10.5978
weight: 1.26772e-05
eec: 526.967
weight: 6.34637e-07
eec: 336.137
weight: 8.15195e-05
eec: 129.029
weight: 2.97871e-05
eec: 1742.74
weight: 5.61182e-05
eec: 1146.99
weight: 3.0318e-07
eec: 33.3947
weight: 4.29484e-05
eec: 155.156
weight: 5.56288e-05
eec: 371.462
weight: 0.000270143
eec: 164.061
weight: 5.03584e-05
eec: 1221.39
weight: 4.56198e-06
eec: 897.151
weight: 7.11798e-06
eec: 632.959
weight: 5.96984e-05
eec: 164.39
weight: 1.28669e-05
eec: 1196.74
weight: 8.67546e-05
eec: 267.84
weight: 9.58468e-05
eec: 68.407
weight: 0.000317242
eec: 115.484
weight: 1.33083e-06
eec: 203.227
weight: 3.83352e-05
eec: 174.008
weight: 6.63742e-06
eec: 1055.42
weight: 0.000262986
eec: 115.561
weight: 2.12674e-05
eec: 1418.99
weight: 1.20169e-05
eec: 260.188
weight: 4.01385e-05
eec: 185.973
weight: 5.20871e-05
eec: 156.931
weight: 8.65686e-06
eec: 144.006
weight: 0.000120545
eec: 495.449
weight: 7.08545e-06
eec: 886.332
weight: 1.12438e-05
eec: 1069.9
weight: 0.000126108
eec: 63.7718
weight: 1.17998e-05
eec: 1870.7
weight: 3.54662e-05
eec: 36.8417
weight: 6.03703e-06
eec: 93.2494
weight: 1.0493e-05
eec: 237.031
weight: 3.92168e-06
eec: 1278.93
weight: 6.31811e-05
eec: 1128.54
weight: 6.49814e-05
eec: 60.985
weight: 4.79355e-05
eec: 1552.48
weight: 7.70044e-06
eec: 303.88
weight: 2.72569e-05
eec: 640.551
weight: 0.00010911
eec: 386.919
weight: 2.15879e-07
eec: 1599.97
weight: 0.000419339
eec: 1016.88
weight: 0.000560616
eec: 54.4607
weight: 7.26448e-05
eec: 323.829
weight: 0.000335093
eec: 139.763
weight: 5.26104e-06
eec: 169.083
weight: 1.85379e-05
eec: 1170.17
weight: 5.7021e-06
eec: 225.115
weight: 3.72833e-05
eec: 576.737
weight: 1.59961e-05
eec: 1349.88
weight: 5.92511e-06
eec: 1044.62
weight: 3.7132e-05
eec: 277.31
weight: 5.06609e-05
eec: 63.6823
weight: 8.34148e-06
eec: 154.668
weight: 2.81543e-05
eec: 351.765
weight: 1.29024e-05
eec: 163.761
weight: 2.21466e-05
eec: 170.134
weight: 1.81534e-05
eec: 3352.5
weight: 0.000119461
eec: 448.685
weight: 2.28385e-05
eec: 1340.86
weight: 0.000134329
eec: 304.911
weight: 6.9002e-06
eec: 801.722
weight: 1.75247e-05
eec: 704.933
weight: 5.68872e-06
eec: 149.457
weight: 5.74252e-06
eec: 131.592
weight: 0.000486847
eec: 338.124
weight: 4.79442e-06
eec: 190.45
weight: 0.000192337
eec: 72.2716
weight: 0.000436126
eec: 1276.15
weight: 0.000129086
eec: 11.8431
weight: 1.94727e-05
eec: 3957.7
weight: 6.488e-05
eec: 515.804
weight: 3.93852e-06
eec: 63.815
weight: 9.22416e-06
eec: 113.494
weight: 6.8083e-06
eec: 866.718
weight: 8.94921e-06
eec: 51.48
weight: 3.05422e-05
eec: 588.55
weight: 1.58103e-05
eec: 1223.53
weight: 1.29032e-05
eec: 2128.41
weight: 2.84215e-05
eec: 551.602
weight: 1.9557e-06
eec: 74.2224
weight: 1.60819e-07
eec: 138.824
weight: 2.97903e-05
eec: 585.093
weight: 2.48575e-05
eec: 789.83
weight: 4.08795e-05
eec: 501.686
weight: 2.47014e-06
eec: 45.7777
weight: 1.05091e-05
eec: 1364.02
weight: 5.32859e-05
eec: 41.409
weight: 5.26429e-07
eec: 967.988
weight: 1.16329e-05
eec: 308.747
weight: 4.25829e-05
eec: 131.563
weight: 5.0198e-07
eec: 113.127
weight: 2.2255e-05
eec: 307.917
Processing: 48.6182 %weight: 1.42145e-05
eec: 156.867
weight: 0.000253847
eec: 48.2804
weight: 0.000100889
eec: 592.784
weight: 3.77258e-05
eec: 1184.83
weight: 0.000246022
eec: 101.052
weight: 4.6271e-06
eec: 770.245
weight: 1.1113e-06
eec: 206.641
weight: 1.02777e-05
eec: 1783.03
weight: 5.79292e-06
eec: 690.157
weight: 0.000231063
eec: 61.2937
weight: 1.46011e-05
eec: 369.364
weight: 3.26545e-06
eec: 23.578
weight: 3.7042e-06
eec: 267.283
weight: 7.40522e-06
eec: 63.6866
weight: 8.97283e-05
eec: 468.218
weight: 1.89635e-05
eec: 679.469
weight: 9.40675e-05
eec: 210.053
weight: 3.68271e-06
eec: 410.829
weight: 1.99746e-06
eec: 124.828
weight: 7.41262e-05
eec: 296.186
weight: 5.68661e-06
eec: 3336.91
weight: 2.40524e-05
eec: 13.4815
weight: 0.000153842
eec: 31.8651
weight: 8.1392e-06
eec: 35.5188
weight: 4.41288e-05
eec: 221.497
weight: 7.54104e-06
eec: 4258.25
weight: 5.21752e-06
eec: 55.5605
weight: 3.31112e-06
eec: 677.837
weight: 6.13614e-06
eec: 84.4704
weight: 0.000352575
eec: 1078.1
weight: 0.000137988
eec: 1684.85
weight: 8.49762e-06
eec: 316.14
weight: 3.39183e-06
eec: 25.2665
weight: 4.95216e-06
eec: 728.914
weight: 3.78899e-06
eec: 98.2676
weight: 1.34311e-05
eec: 2110.4
weight: 6.54315e-06
eec: 1596.08
weight: 0.000426479
eec: 522.334
weight: 6.82791e-05
eec: 543.08
weight: 3.65097e-06
eec: 1768.08
weight: 1.76221e-06
eec: 538.714
weight: 1.19124e-05
eec: 1263.85
weight: 0.000215432
eec: 6.057
weight: 0.000113807
eec: 565.78
weight: 2.47109e-05
eec: 159.731
weight: 0.0001043
eec: 183.632
weight: 1.13323e-06
eec: 34.9095
weight: 3.34945e-07
eec: 1591.81
weight: 4.6121e-05
eec: 619.197
weight: 6.51172e-06
eec: 142.77
weight: 0.000130056
eec: 189.05
weight: 3.77897e-05
eec: 71.4581
weight: 6.66141e-05
eec: 546.453
weight: 0.000108376
eec: 56.1303
weight: 1.56608e-05
eec: 881.169
weight: 1.27908e-05
eec: 420.136
weight: 0.000370845
eec: 1495.47
weight: 1.39046e-05
eec: 741.545
weight: 2.71764e-05
eec: 138.093
weight: 1.38964e-05
eec: 403.043
weight: 1.45828e-05
eec: 495.417
weight: 8.24951e-06
eec: 275.256
weight: 2.31574e-05
eec: 2353.7
weight: 5.96277e-05
eec: 112.378
weight: 6.24333e-06
eec: 197.938
weight: 2.78267e-05
eec: 2050.61
weight: 7.77365e-06
eec: 883.245
weight: 2.1224e-07
eec: 1840.78
weight: 0.000115056
eec: 516.754
weight: 9.72301e-06
eec: 3263.95
weight: 2.53983e-06
eec: 513.064
weight: 2.54748e-05
eec: 1232.28
weight: 4.57351e-06
eec: 852.288
weight: 7.39238e-06
eec: 2469.4
weight: 0.000492308
eec: 178.344
weight: 9.40186e-06
eec: 734.206
weight: 1.04621e-05
eec: 667.302
weight: 1.27249e-05
eec: 845.215
weight: 2.55287e-06
eec: 527.713
weight: 3.15026e-05
eec: 554.932
weight: 3.2118e-05
eec: 199.18
weight: 3.0315e-05
eec: 59.0314

ROOT exit code = 0
