gSystem->Load("run_condor_job_Run3_C.so");
run_condor_job_Run3(388, 100, 2,
                    80, 200,
                    1, 1, 1, 3);
.q

ENTERED run_condor_job_Run3()
JOBID = 388
  global job = 388  Job 88/100  events [5280000, 5340000)  total=6000000
Processing events [5280000, 5340000) of 6000000
weight: 7.36962e-06
eec: 3676.34
weight: 4.59422e-05
eec: 384.078
weight: 2.76568e-05
eec: 223.096
weight: 1.60265e-05
eec: 570.615
weight: 1.39282e-05
eec: 660.408
weight: 0.000195972
eec: 33.5886
weight: 6.27548e-05
eec: 56.1151
weight: 3.21081e-05
eec: 446.909
weight: 2.6813e-07
eec: 578.184
weight: 2.46537e-05
eec: 51.2523
weight: 0.000118838
eec: 112.208
weight: 7.39592e-05
eec: 214.176
weight: 0.000114589
eec: 851.106
weight: 4.00808e-05
eec: 288.58
weight: 0.000123205
eec: 777.625
weight: 4.8849e-05
eec: 2216.79
weight: 2.245e-05
eec: 195.284
weight: 5.48634e-05
eec: 93.9137
weight: 7.41017e-05
eec: 665.144
weight: 5.7137e-05
eec: 40.7678
weight: 5.0383e-05
eec: 148.366
weight: 5.41419e-05
eec: 1399.64
weight: 8.89669e-06
eec: 409.523
weight: 4.61525e-05
eec: 851.526
weight: 9.27696e-05
eec: 1227.33
weight: 3.99399e-07
eec: 205.522
weight: 2.98952e-05
eec: 648.147
weight: 9.71761e-06
eec: 2228.11
weight: 0.000141766
eec: 306.004
weight: 7.85496e-06
eec: 419.215
weight: 6.42373e-07
eec: 77.778
weight: 6.20672e-07
eec: 103.4
weight: 0.00044792
eec: 1043.17
weight: 6.91707e-06
eec: 598.64
weight: 1.68209e-05
eec: 1247.75
weight: 0.000534238
eec: 752.15
weight: 4.9647e-05
eec: 111.751
weight: 1.88727e-05
eec: 265.297
weight: 0.000215693
eec: 208.753
weight: 0.000215693
eec: 149.189
weight: 5.32406e-05
eec: 339.95
weight: 4.16215e-05
eec: 894.756
weight: 2.34954e-05
eec: 1175.05
weight: 0.000122472
eec: 199.346
weight: 2.18917e-06
eec: 609.946
weight: 2.961e-07
eec: 121.069
weight: 9.74798e-08
eec: 152.238
weight: 8.71246e-06
eec: 125.444
weight: 1.57103e-06
eec: 1072.88
weight: 0.00035735
eec: 92.2828
weight: 3.29347e-05
eec: 437.761
weight: 0.00046433
eec: 220.184
weight: 1.95278e-05
eec: 1644.92
weight: 1.2952e-05
eec: 832.166
weight: 8.41112e-05
eec: 997.325
weight: 2.56672e-06
eec: 650.792
weight: 2.60939e-05
eec: 327.691
weight: 2.05008e-05
eec: 153.046
weight: 5.47951e-05
eec: 88.934
weight: 0.000252091
eec: 236.117
weight: 0.000184297
eec: 57.3647
weight: 0.000106611
eec: 353.195
weight: 0.000106611
eec: 172.939
weight: 1.27173e-05
eec: 2018.67
weight: 5.57433e-05
eec: 272.305
weight: 4.17342e-06
eec: 654.83
weight: 4.07779e-06
eec: 349.476
weight: 4.07779e-06
eec: 264.079
weight: 3.45049e-06
eec: 92.753
weight: 2.32886e-05
eec: 673.033
weight: 2.44646e-05
eec: 1298.37
weight: 9.79378e-06
eec: 3092.35
weight: 1.99177e-05
eec: 446.073
weight: 1.07156e-05
eec: 211.295
weight: 0.000152624
eec: 842.412
weight: 1.75608e-06
eec: 157.855
weight: 5.28739e-06
eec: 732.336
weight: 3.21044e-06
eec: 3054.18
weight: 6.49218e-05
eec: 467.355
weight: 1.4982e-07
eec: 73.229
weight: 8.16151e-05
eec: 2123.12
weight: 1.00266e-05
eec: 296.468
weight: 0.000119226
eec: 49.9875
weight: 9.94676e-06
eec: 448.319
weight: 1.13227e-06
eec: 788.722
Processing: 88.3333 %weight: 4.28069e-05
eec: 395.486
weight: 0.00189627
eec: 130.698
weight: 5.20541e-07
eec: 251.014
weight: 3.38703e-06
eec: 251.926
weight: 6.12212e-06
eec: 293.599
weight: 3.41736e-05
eec: 117.315
weight: 0.000393882
eec: 244.41
weight: 9.1148e-07
eec: 2657.02
weight: 1.61798e-05
eec: 584.245
weight: 8.47824e-05
eec: 26.036
weight: 1.615e-05
eec: 1312.43
weight: 0.000201736
eec: 190.669
weight: 4.98533e-05
eec: 977.175
weight: 0.000113318
eec: 156.124
weight: 8.3151e-06
eec: 264.375
weight: 0.000236491
eec: 236.759
weight: 2.46967e-05
eec: 811.354
weight: 3.07711e-05
eec: 196.395
weight: 4.17479e-07
eec: 69.4944
weight: 8.83724e-05
eec: 420.679
weight: 0.000198944
eec: 261.719
weight: 3.13863e-05
eec: 658.323
weight: 0.000205106
eec: 524.926
weight: 4.26927e-07
eec: 136.14
weight: 0.000259913
eec: 645.317
weight: 4.62853e-06
eec: 1774.54
weight: 6.49652e-06
eec: 3656.41
weight: 3.88212e-05
eec: 228.858
weight: 8.81228e-05
eec: 166.785
weight: 5.45118e-05
eec: 341.016
weight: 4.21217e-06
eec: 814.866
weight: 1.44934e-05
eec: 363.771
weight: 0.000112776
eec: 17.5127
weight: 3.08773e-05
eec: 175.626
weight: 6.46586e-06
eec: 756.691
weight: 5.90035e-05
eec: 67.401
weight: 8.60565e-05
eec: 535.851
weight: 5.67174e-06
eec: 128.867
weight: 1.92914e-05
eec: 1028.08
weight: 0.000320872
eec: 713.199
weight: 2.45824e-07
eec: 2120.67
weight: 2.20494e-06
eec: 1066.08
weight: 1.64258e-05
eec: 74.6669
weight: 9.36051e-05
eec: 999.006
weight: 0.000310511
eec: 51.7349
weight: 2.52427e-06
eec: 200.637
weight: 0.00075076
eec: 153.855
weight: 7.91783e-05
eec: 28.6831
weight: 2.05632e-05
eec: 73.3751
weight: 6.27573e-05
eec: 802.167
weight: 0.000611511
eec: 1061.87
weight: 1.4386e-05
eec: 1882.45
weight: 6.19361e-05
eec: 209.636
weight: 3.20013e-05
eec: 92.3456
weight: 2.866e-05
eec: 296.127
weight: 1.1504e-05
eec: 547.783
weight: 8.25186e-06
eec: 262.05
weight: 1.84681e-05
eec: 1463.33
weight: 3.98973e-05
eec: 919.646
weight: 3.98973e-05
eec: 169.854
weight: 7.14521e-05
eec: 81.2743
weight: 5.26188e-06
eec: 496.778
weight: 1.23491e-05
eec: 678.457
weight: 5.00329e-06
eec: 1974.18
weight: 1.14884e-05
eec: 233.111
weight: 4.41013e-05
eec: 285.017
weight: 1.30139e-05
eec: 776.301
weight: 4.72676e-06
eec: 682.619
weight: 8.59998e-06
eec: 48.6532
weight: 4.73962e-05
eec: 451.429
weight: 2.18196e-05
eec: 311.674
weight: 2.37447e-06
eec: 397.92
weight: 7.30433e-07
eec: 644.682
weight: 0.000556415
eec: 18.8174
weight: 1.51993e-06
eec: 22.2026
weight: 2.45225e-05
eec: 32.4694
weight: 1.14896e-07
eec: 81.9518
weight: 2.55083e-05
eec: 278.95
weight: 9.16422e-06
eec: 290.2
weight: 1.34502e-05
eec: 201.152
weight: 2.64792e-05
eec: 233.527
weight: 6.70184e-06
eec: 108.693
weight: 0.000197335
eec: 223.089
weight: 7.74708e-05
eec: 130.364
weight: 6.0709e-05
eec: 154.496
weight: 1.18963e-05
eec: 1475.96
weight: 0.000196797
eec: 961.674
weight: 4.37114e-05
eec: 286.461
weight: 4.40483e-05
eec: 100.946
weight: 4.88308e-05
eec: 13.8266
weight: 4.45315e-06
eec: 1181.25
weight: 6.39108e-05
eec: 187.646
weight: 5.77444e-05
eec: 717.322
weight: 6.68253e-06
eec: 498.497
weight: 4.05732e-06
eec: 2484.77
weight: 8.63083e-06
eec: 424.81
weight: 0.000109786
eec: 12.2948
weight: 3.17184e-07
eec: 1107.82
weight: 0.00017386
eec: 449.768
weight: 4.4734e-07
eec: 2699.94
weight: 1.88436e-05
eec: 379.902
weight: 2.85979e-05
eec: 114.085
weight: 0.000105168
eec: 480.22
weight: 1.4728e-06
eec: 1026.9
weight: 6.26968e-08
eec: 294.855
weight: 1.72631e-05
eec: 858.251
weight: 8.02977e-06
eec: 235.894
weight: 2.02842e-05
eec: 1328.73
weight: 2.08001e-05
eec: 358.829
weight: 4.50359e-05
eec: 152.788
weight: 4.80066e-06
eec: 590.726
weight: 2.37915e-06
eec: 684.969
weight: 5.8944e-05
eec: 784.184
weight: 8.73457e-06
eec: 2139.01
weight: 2.07067e-05
eec: 504.864
weight: 2.33991e-05
eec: 522.795
weight: 6.27067e-05
eec: 991.619
weight: 0.000109129
eec: 821.697
weight: 0.000180314
eec: 213.129
weight: 6.43794e-05
eec: 660.803
weight: 0.000122702
eec: 114.206
weight: 2.56198e-05
eec: 35.6815
weight: 0.000511157
eec: 63.0395
weight: 0.000693535
eec: 392.205
weight: 2.49777e-05
eec: 800.91
weight: 2.03181e-05
eec: 46.0094
weight: 0.000309943
eec: 75.6436
weight: 0.000145109
eec: 487.349

ROOT exit code = 0
