gSystem->Load("run_condor_job_Run3_C.so");
run_condor_job_Run3(361, 100, 2,
                    80, 200,
                    1, 1, 1, 3);
.q

ENTERED run_condor_job_Run3()
JOBID = 361
  global job = 361  Job 61/100  events [3660000, 3720000)  total=6000000
Processing events [3660000, 3720000) of 6000000
weight: 2.71811e-06
eec: 255.862
weight: 8.31181e-05
eec: 943.538
weight: 4.20228e-06
eec: 3820.31
weight: 2.99859e-05
eec: 502.806
weight: 1.83553e-05
eec: 1429.1
weight: 4.70046e-05
eec: 234.726
weight: 0.000528187
eec: 120.303
weight: 1.38262e-08
eec: 2473.38
weight: 0.000130227
eec: 367.091
weight: 0.000482464
eec: 112.366
weight: 4.80629e-05
eec: 597.303
weight: 0.00105831
eec: 394.271
weight: 7.23157e-05
eec: 223.3
weight: 7.16749e-06
eec: 133.17
weight: 1.4246e-05
eec: 340.49
weight: 3.55934e-06
eec: 1028.5
weight: 1.4331e-05
eec: 100.185
weight: 2.25626e-06
eec: 2563.23
weight: 3.92541e-05
eec: 572.004
weight: 3.12652e-05
eec: 460.894
weight: 7.93222e-06
eec: 1890.41
weight: 1.33334e-05
eec: 19.4967
weight: 0.000309267
eec: 33.5268
weight: 6.53858e-06
eec: 273.092
weight: 3.40038e-05
eec: 131.083
weight: 3.11115e-05
eec: 103.93
weight: 3.31993e-06
eec: 47.6624
weight: 7.66062e-06
eec: 465.104
weight: 0.000183052
eec: 431.232
weight: 0.000584128
eec: 659.834
weight: 1.183e-05
eec: 154.481
weight: 0.0001099
eec: 316.041
weight: 1.54779e-05
eec: 32.6124
weight: 0.000427539
eec: 218.547
weight: 3.83682e-06
eec: 79.1207
weight: 2.97089e-05
eec: 1501.11
weight: 0.000329472
eec: 145.918
weight: 0.000567191
eec: 742.127
weight: 5.6821e-05
eec: 317.2
weight: 2.72978e-06
eec: 62.0977
weight: 1.97163e-06
eec: 102.563
weight: 3.4065e-05
eec: 247.04
weight: 7.21922e-06
eec: 26.4094
weight: 1.37854e-05
eec: 194.659
weight: 3.17414e-05
eec: 144.792
weight: 6.16873e-09
eec: 765.174
weight: 4.56422e-05
eec: 133.257
weight: 1.19487e-07
eec: 282.661
weight: 1.7081e-06
eec: 495.794
weight: 0.000386444
eec: 492.08
weight: 7.10981e-05
eec: 933.836
weight: 3.41414e-05
eec: 476.591
weight: 2.51605e-05
eec: 13.7007
weight: 3.26518e-05
eec: 272.159
weight: 2.21743e-05
eec: 2497.3
weight: 1.62403e-05
eec: 96.9668
weight: 3.56313e-05
eec: 2713.3
weight: 2.79853e-05
eec: 1070.38
weight: 0.000371671
eec: 1072.94
weight: 7.25763e-05
eec: 977.361
weight: 5.95889e-06
eec: 326.019
weight: 2.97893e-05
eec: 1030.3
weight: 8.35994e-06
eec: 921.004
weight: 1.36699e-06
eec: 980.393
weight: 6.74488e-05
eec: 1083.25
weight: 6.3788e-05
eec: 1347.62
weight: 1.04061e-06
eec: 204.347
weight: 8.68713e-06
eec: 156.411
weight: 2.9547e-06
eec: 376.391
weight: 2.6254e-05
eec: 132.615
weight: 3.06237e-05
eec: 592.389
weight: 7.38374e-05
eec: 378.303
weight: 5.04267e-05
eec: 239.476
weight: 2.15328e-06
eec: 1261.77
weight: 9.30735e-05
eec: 39.3049
weight: 0.000407659
eec: 291.474
weight: 1.73993e-05
eec: 431.745
weight: 3.64457e-07
eec: 160.195
weight: 0.000118216
eec: 16.5583
weight: 6.12478e-07
eec: 152.553
weight: 1.16658e-05
eec: 92.8908
weight: 3.50877e-05
eec: 1558.46
weight: 9.25765e-08
eec: 130.597
weight: 3.10452e-06
eec: 599.135
weight: 0.000102815
eec: 346.217
weight: 0.000104677
eec: 427.276
weight: 1.9799e-05
eec: 81.7301
weight: 0.000328546
eec: 246.009
weight: 0.000429727
eec: 59.5087
weight: 0.000491841
eec: 156.599
weight: 0.000108017
eec: 604.114
weight: 1.24005e-07
eec: 731.679
weight: 5.03494e-08
eec: 742.832
weight: 9.5171e-06
eec: 367.103
weight: 8.8178e-05
eec: 457.744
weight: 1.1764e-05
eec: 359.89
weight: 0.000104085
eec: 75.3791
weight: 1.72115e-05
eec: 257.676
weight: 0.000183885
eec: 106.727
weight: 3.57275e-05
eec: 342.689
weight: 7.33799e-05
eec: 21.6328
weight: 1.18802e-06
eec: 241.311
weight: 8.69056e-06
eec: 609.916
weight: 0.000878071
eec: 295.166
weight: 2.90548e-05
eec: 115.079
weight: 4.69796e-06
eec: 254.458
weight: 1.53071e-05
eec: 914.465
weight: 0.000157294
eec: 80.5001
weight: 1.51275e-05
eec: 150.095
weight: 0.000328151
eec: 327.075
weight: 3.12512e-06
eec: 229.485
weight: 3.69233e-06
eec: 74.9121
weight: 2.32874e-05
eec: 1781.02
weight: 9.44138e-06
eec: 657.119
weight: 7.40519e-05
eec: 194.13
weight: 6.47374e-05
eec: 1145.17
weight: 2.44547e-05
eec: 688.441
weight: 4.1858e-07
eec: 525.671
weight: 0.000261468
eec: 15.1061
weight: 0.000139951
eec: 248.346
weight: 1.53113e-06
eec: 399.238
weight: 3.01237e-05
eec: 1395.16
weight: 1.75092e-05
eec: 654.762
weight: 4.95965e-05
eec: 1525.6
weight: 1.39346e-05
eec: 890.919
weight: 2.16373e-05
eec: 570.221
weight: 2.49607e-05
eec: 172.243
weight: 6.62863e-06
eec: 1202.46
weight: 2.32358e-06
eec: 2866.57
weight: 8.59772e-06
eec: 929.924
weight: 2.69189e-05
eec: 1199.84
weight: 5.06457e-05
eec: 553.693
weight: 6.16866e-05
eec: 193.33
weight: 2.48611e-06
eec: 352.168
weight: 4.93265e-05
eec: 368.058
weight: 0.000245417
eec: 225.077
weight: 1.12959e-05
eec: 22.546
weight: 2.36926e-06
eec: 237.812
weight: 5.24525e-06
eec: 621.574
weight: 0.000179866
eec: 180.811
weight: 0.00014001
eec: 772.17
weight: 1.45217e-05
eec: 810.056
weight: 7.37868e-05
eec: 571.606
weight: 1.40733e-06
eec: 470.555
weight: 6.89453e-06
eec: 457.272
weight: 7.23268e-06
eec: 414.981
weight: 1.08438e-07
eec: 491.539
weight: 6.28775e-06
eec: 717.024
weight: 0.000117697
eec: 435.506
weight: 6.47945e-06
eec: 8.12037
weight: 3.82831e-07
eec: 1126.51
weight: 0.00113391
eec: 255.528
weight: 0.000285491
eec: 160.057
weight: 2.60313e-06
eec: 170.565
weight: 9.67095e-05
eec: 20.0871
weight: 0.000265904
eec: 36.6068
weight: 1.16793e-07
eec: 266.717
weight: 1.17047e-05
eec: 657.153
weight: 0.000147707
eec: 328.925
weight: 5.95586e-06
eec: 382.368
weight: 4.45772e-05
eec: 501.268
weight: 1.43076e-05
eec: 3190.84
weight: 3.68073e-05
eec: 2272.54
weight: 2.31331e-05
eec: 1250.68
weight: 0.000725846
eec: 447.688
weight: 0.00022295
eec: 679.606
weight: 3.09426e-06
eec: 1017.08
weight: 1.05326e-05
eec: 254.689
weight: 7.50051e-05
eec: 20.0243
weight: 0.000146924
eec: 259.991
weight: 0.000250335
eec: 404.008
Processing: 61.6667 %weight: 4.28374e-06
eec: 63.9984
weight: 9.72681e-07
eec: 462.622
weight: 2.14524e-05
eec: 228.434
weight: 0.000112316
eec: 279.371
weight: 0.000262939
eec: 225.168
weight: 0.000136801
eec: 1687.94
weight: 1.37849e-05
eec: 384.201
weight: 0.000570537
eec: 477.74
weight: 5.9057e-05
eec: 778.155
weight: 0.000123032
eec: 220.307
weight: 1.48186e-05
eec: 821.897
weight: 2.05354e-05
eec: 195.062
weight: 3.49157e-05
eec: 213.563
weight: 9.97632e-07
eec: 389.237
weight: 6.31457e-06
eec: 2010.17
weight: 3.72215e-05
eec: 530.15
weight: 2.01342e-05
eec: 271.078
weight: 0.00063653
eec: 610.31
weight: 0.000104011
eec: 486.578
weight: 3.9276e-05
eec: 1062.88
weight: 3.70292e-07
eec: 713.016
weight: 2.70211e-05
eec: 357.409
weight: 4.54893e-05
eec: 1150.9
weight: 6.75225e-06
eec: 339.586
weight: 1.23016e-05
eec: 1077.06
weight: 1.74517e-05
eec: 152.248
weight: 6.40162e-05
eec: 176.979
weight: 9.31306e-05
eec: 1146.12
weight: 1.741e-05
eec: 55.4375
weight: 4.42711e-06
eec: 103.925
weight: 8.06556e-06
eec: 350.059
weight: 8.30814e-06
eec: 1812.41
weight: 0.000251543
eec: 1048.76
weight: 0.00103295
eec: 601.948
weight: 8.77112e-05
eec: 214.969
weight: 3.64675e-06
eec: 2336.52
weight: 6.65478e-06
eec: 1068.43
weight: 3.69863e-05
eec: 460.069
weight: 1.13489e-05
eec: 103.042
weight: 8.8368e-05
eec: 545.638
weight: 6.82782e-05
eec: 212.089
weight: 3.67705e-06
eec: 1992.06
weight: 4.10683e-05
eec: 259.481
weight: 2.56453e-05
eec: 188.842
weight: 1.40977e-05
eec: 609.706
weight: 9.55872e-07
eec: 805.935
weight: 5.17519e-07
eec: 127.156
weight: 5.9815e-05
eec: 795.879
weight: 0.000315131
eec: 286.234
weight: 1.5773e-05
eec: 1158.39
weight: 0.00198818
eec: 71.4187
weight: 0.000292057
eec: 363.923
weight: 2.30436e-06
eec: 1434.72
weight: 3.85167e-06
eec: 522.55
weight: 1.46421e-05
eec: 795.929
weight: 1.93815e-05
eec: 288.11
weight: 2.01157e-07
eec: 909.996
weight: 3.89108e-07
eec: 239.387
weight: 8.43569e-06
eec: 64.7627
weight: 4.78283e-05
eec: 605.263
weight: 7.186e-06
eec: 26.2552
weight: 3.00318e-05
eec: 721.161
weight: 2.43675e-05
eec: 898.674
weight: 1.34183e-05
eec: 1998.91
weight: 3.75776e-05
eec: 543.784

ROOT exit code = 0
