gSystem->Load("run_condor_job_Run3_C.so");
run_condor_job_Run3(410, 100, 2,
                    80, 200,
                    1, 1, 1, 4);
.q

ENTERED run_condor_job_Run3()
JOBID = 410
  global job = 410  Job 10/100  events [589800, 648780)  total=5898000
Processing events [589800, 648780) of 5898000
weight: 3.1449e-05
eec: 426.237
weight: 7.45726e-05
eec: 39.6512
weight: 4.08109e-05
eec: 465.14
weight: 0.000120732
eec: 142.799
weight: 9.18985e-06
eec: 601.482
weight: 0.000282786
eec: 1010.66
weight: 6.39933e-06
eec: 114.336
weight: 7.8745e-06
eec: 371.65
weight: 8.65865e-06
eec: 868.956
weight: 3.25568e-06
eec: 720.166
weight: 0.000969983
eec: 283.747
weight: 4.55641e-05
eec: 495.479
weight: 2.02641e-05
eec: 1730.38
weight: 2.29147e-06
eec: 360.233
weight: 0.000100785
eec: 76.8812
weight: 4.33833e-05
eec: 169.241
weight: 7.71783e-06
eec: 388.519
weight: 3.02857e-05
eec: 255.332
weight: 5.36636e-06
eec: 407.591
weight: 5.30807e-05
eec: 173.932
weight: 8.89358e-05
eec: 635.099
weight: 9.18107e-06
eec: 424.416
weight: 1.96119e-05
eec: 544.42
weight: 1.53701e-05
eec: 55.2201
weight: 3.22794e-06
eec: 92.8871
weight: 0.000104045
eec: 761.191
weight: 0.000293295
eec: 443.781
weight: 1.30261e-05
eec: 430.766
weight: 2.55439e-05
eec: 960.23
weight: 8.69072e-06
eec: 881.865
weight: 2.09909e-05
eec: 297.981
weight: 1.27665e-05
eec: 2244.71
weight: 1.82299e-06
eec: 509.961
weight: 1.82299e-06
eec: 21.3168
weight: 4.86292e-06
eec: 415.739
Processing: 10.1729 %weight: 0.000221861
eec: 263.639
weight: 6.69012e-05
eec: 353.469
weight: 1.30708e-05
eec: 1721.01
weight: 2.20076e-05
eec: 470.471
weight: 6.31617e-07
eec: 147.917
weight: 0.000299016
eec: 357.585
weight: 0.000126783
eec: 236.695
weight: 7.49994e-05
eec: 255.114
weight: 4.9661e-06
eec: 464.32
weight: 9.20469e-07
eec: 274.367
weight: 3.32592e-06
eec: 196.436
weight: 4.41568e-05
eec: 101.36
weight: 3.04045e-06
eec: 41.5678
weight: 5.96401e-07
eec: 423.489
weight: 8.84956e-06
eec: 82.8169
weight: 2.38196e-05
eec: 221.246
weight: 8.173e-05
eec: 544.826
weight: 6.71497e-06
eec: 112.53
weight: 1.14917e-06
eec: 274.392
weight: 8.52115e-07
eec: 842.751
weight: 1.62705e-07
eec: 91.488
weight: 1.20513e-06
eec: 95.9843
weight: 6.73665e-06
eec: 335.632
weight: 3.542e-05
eec: 141.953
weight: 2.47512e-06
eec: 945.1
weight: 0.000146365
eec: 277.906
weight: 9.45373e-06
eec: 422.721
weight: 7.87335e-06
eec: 195.006
weight: 8.07449e-05
eec: 101.492
weight: 3.0654e-05
eec: 438.051
weight: 1.14887e-05
eec: 211.845
weight: 9.24794e-07
eec: 212.061
weight: 6.39908e-06
eec: 381.267
weight: 4.56993e-05
eec: 146.207
weight: 2.95057e-06
eec: 299.299
weight: 0.000165305
eec: 230.36
weight: 5.45018e-07
eec: 1346.08
weight: 1.22187e-05
eec: 1663.54
weight: 4.86426e-06
eec: 3837.97
weight: 9.93026e-05
eec: 694.978
weight: 6.70086e-06
eec: 1492.35
weight: 6.00193e-06
eec: 3784.59
weight: 7.66323e-06
eec: 64.3185
weight: 2.8477e-05
eec: 799.587
weight: 0.000136391
eec: 341.065
weight: 3.45632e-06
eec: 1314.23
weight: 0.000251074
eec: 375.269
weight: 0.000103492
eec: 716.729
weight: 1.41834e-05
eec: 108.681
weight: 0.00133945
eec: 63.7199
weight: 1.02664e-05
eec: 351.57
weight: 0.000119882
eec: 65.8084
weight: 3.79491e-05
eec: 565.523
weight: 2.12673e-06
eec: 99.6857
weight: 4.34136e-05
eec: 629.247
weight: 1.80437e-05
eec: 85.304
weight: 2.57005e-05
eec: 2392
weight: 3.86257e-06
eec: 978.672
weight: 1.95234e-05
eec: 1555.57
weight: 2.21632e-05
eec: 1055.89
weight: 7.32276e-08
eec: 75.48
weight: 4.67426e-06
eec: 534.314
weight: 2.60786e-05
eec: 413.044
weight: 2.6367e-05
eec: 1433.2
weight: 2.6367e-05
eec: 1449.1
weight: 0.000240692
eec: 344.222
weight: 0.00039611
eec: 289.538
weight: 1.37769e-06
eec: 1445.58
weight: 5.26881e-05
eec: 44.5116
weight: 5.83704e-06
eec: 86.7329
weight: 3.6866e-05
eec: 199.363
weight: 1.57885e-05
eec: 1532.86
weight: 0.000196182
eec: 250.96
weight: 0.000177794
eec: 231.952
weight: 7.37639e-06
eec: 179.943
weight: 1.6469e-06
eec: 106.377
weight: 1.36294e-05
eec: 16.0328
weight: 1.55964e-07
eec: 468.213
weight: 2.0767e-07
eec: 97.121
weight: 4.47151e-05
eec: 41.086
weight: 3.02092e-05
eec: 367.272
weight: 9.8256e-06
eec: 216.629
weight: 9.73806e-05
eec: 119.143
weight: 1.80832e-05
eec: 627.763
weight: 0.000246514
eec: 441.596
weight: 1.80193e-05
eec: 367.852
weight: 3.0717e-06
eec: 989.57
weight: 3.0717e-06
eec: 659.726
weight: 1.02419e-05
eec: 2862.9
weight: 1.086e-05
eec: 181.673
weight: 6.61237e-06
eec: 348.172
weight: 5.84126e-06
eec: 209.071
weight: 2.16724e-05
eec: 578.832
weight: 7.54854e-06
eec: 984.242
weight: 3.88918e-06
eec: 911.919
weight: 1.33336e-05
eec: 1260.7
weight: 1.24189e-06
eec: 160.43
weight: 2.67125e-05
eec: 191.018
weight: 1.37645e-05
eec: 503.334
weight: 1.19638e-05
eec: 319.695
weight: 2.37029e-07
eec: 1161.8
weight: 1.44512e-06
eec: 1193.12
weight: 0.000599498
eec: 142.089
weight: 0.000152948
eec: 33.2469
weight: 0.000204807
eec: 1331.7
weight: 1.1368e-05
eec: 784.983
weight: 0.000151007
eec: 47.8101
weight: 0.000123476
eec: 505.111
weight: 6.71946e-05
eec: 342.697
weight: 1.23287e-05
eec: 570.155
weight: 6.05156e-06
eec: 97.2775
weight: 2.45662e-05
eec: 1037.99
weight: 0.000174602
eec: 232.004
weight: 6.85564e-06
eec: 1587.3
weight: 8.86251e-08
eec: 214.042
weight: 7.03768e-05
eec: 594.148
weight: 1.78426e-06
eec: 36.494
weight: 1.87754e-06
eec: 127.799
weight: 2.06801e-05
eec: 79.6815
weight: 8.03179e-05
eec: 507.575
weight: 4.32181e-06
eec: 249.431
weight: 4.89954e-06
eec: 651.415
weight: 4.89954e-06
eec: 241.336
weight: 1.22748e-05
eec: 34.8145
weight: 2.65434e-05
eec: 39.1202
weight: 6.59444e-05
eec: 98.0419
weight: 1.9286e-05
eec: 416.565
weight: 1.69395e-05
eec: 493.409
weight: 0.000233924
eec: 197.084
weight: 7.86247e-07
eec: 1725.75
weight: 4.78359e-05
eec: 608.614
weight: 0.000291002
eec: 33.2304
weight: 0.000220153
eec: 162.152
weight: 2.20971e-05
eec: 148.707
weight: 5.31819e-05
eec: 195.525
weight: 6.78816e-06
eec: 265.847
weight: 0.000100057
eec: 121.212
weight: 4.62791e-06
eec: 2485.16
weight: 2.23178e-06
eec: 180.183
weight: 3.58308e-05
eec: 363.113
weight: 1.26772e-05
eec: 228.293
weight: 0.000106055
eec: 168.747
weight: 0.000284702
eec: 29.8025
weight: 7.20996e-07
eec: 775.889
weight: 1.57585e-05
eec: 1459.62
weight: 8.25518e-06
eec: 369.382
weight: 1.30671e-05
eec: 763.704
weight: 3.37403e-05
eec: 255.926
weight: 3.78837e-06
eec: 559.982
weight: 4.64653e-05
eec: 47.7917
weight: 1.1493e-05
eec: 1080.99
weight: 2.5607e-05
eec: 886.38
weight: 0.00014647
eec: 31.5615
weight: 4.77597e-05
eec: 496.447
weight: 0.000173009
eec: 543.837
weight: 7.22735e-06
eec: 631.271
weight: 7.77885e-06
eec: 1730.32
weight: 1.31983e-05
eec: 751.867
weight: 1.73426e-06
eec: 39.1416
weight: 7.43746e-06
eec: 269.769
weight: 0.000115451
eec: 1128.23
weight: 0.000188955
eec: 1289.5
weight: 0.000117378
eec: 113.919
weight: 3.17397e-05
eec: 734.926
weight: 9.3879e-06
eec: 1064.36
weight: 3.82474e-06
eec: 126.983
weight: 0.000174072
eec: 1101.49
weight: 6.7608e-08
eec: 848.563
weight: 1.5156e-05
eec: 474.83
weight: 2.40743e-05
eec: 269.908
weight: 1.56465e-06
eec: 167.658
weight: 4.08829e-06
eec: 2430.58
weight: 0.000171087
eec: 239.697
weight: 3.15701e-05
eec: 341.995
weight: 1.90286e-05
eec: 471.001
weight: 0.000292991
eec: 247.181
weight: 1.16624e-05
eec: 2791.76
weight: 1.06847e-05
eec: 689.668
weight: 1.87015e-07
eec: 561.545
weight: 3.08334e-05
eec: 261.847
weight: 1.04636e-06
eec: 905.529
weight: 0.000237602
eec: 965.49
weight: 7.39906e-06
eec: 394.668
weight: 1.85595e-05
eec: 858.525
weight: 2.33682e-05
eec: 70.1695
weight: 3.12109e-05
eec: 1046.26
weight: 3.63674e-06
eec: 1003.64
weight: 8.4083e-05
eec: 23.7344
weight: 3.5794e-06
eec: 536.389
weight: 1.11495e-05
eec: 1089.87
weight: 1.18775e-07
eec: 539.475
weight: 2.02488e-05
eec: 348.206
weight: 8.38145e-06
eec: 911.46
weight: 5.40207e-06
eec: 2212.43
weight: 0.000168033
eec: 760.58

ROOT exit code = 0
