gSystem->Load("run_condor_job_Run3_C.so");
run_condor_job_Run3(76, 100, 2,
                    80, 200,
                    1, 1, 1, 0);
.q

ENTERED run_condor_job_Run3()
JOBID = 76
  global job = 76  Job 76/100  events [4555440, 4615380)  total=5994000
Processing events [4555440, 4615380) of 5994000
weight: 6.07649e-06
eec: 1307.85
weight: 4.46176e-05
eec: 959.304
weight: 2.98229e-05
eec: 631.525
weight: 2.64104e-05
eec: 549.683
weight: 1.7859e-05
eec: 2476.38
weight: 8.08742e-06
eec: 480.956
weight: 1.26458e-05
eec: 104.066
weight: 9.89837e-05
eec: 1055.53
weight: 0.000210665
eec: 136.391
weight: 0.000113324
eec: 144.904
weight: 2.23687e-05
eec: 272.822
weight: 1.64958e-05
eec: 1570.36
weight: 4.07231e-07
eec: 569.888
weight: 8.99873e-06
eec: 4991.69
weight: 0.000310057
eec: 227.047
weight: 0.000167571
eec: 291.491
weight: 8.98243e-05
eec: 102.166
weight: 5.668e-05
eec: 248.639
weight: 4.7224e-06
eec: 57.958
weight: 2.4206e-05
eec: 1304.18
weight: 2.76626e-06
eec: 1259.47
weight: 7.01122e-06
eec: 179.353
weight: 7.99576e-05
eec: 300.137
weight: 2.53018e-05
eec: 209.347
weight: 6.89899e-05
eec: 281.48
weight: 3.41939e-05
eec: 591.782
weight: 4.53476e-05
eec: 642.95
weight: 0.00015671
eec: 95.0583
weight: 1.09273e-05
eec: 841.124
weight: 0.000178973
eec: 78.328
weight: 3.99697e-05
eec: 51.0461
weight: 6.50858e-05
eec: 1217.24
weight: 5.70983e-05
eec: 239.749
weight: 4.56116e-05
eec: 248.601
weight: 2.61495e-05
eec: 88.4934
weight: 0.000643319
eec: 402.892
weight: 0.000190961
eec: 34.4393
weight: 5.59035e-05
eec: 578.195
weight: 9.20196e-05
eec: 292.38
weight: 6.10504e-06
eec: 674.009
weight: 0.00029335
eec: 52.7824
weight: 3.50222e-05
eec: 71.1821
weight: 7.27977e-05
eec: 272.009
weight: 6.30528e-05
eec: 807.003
weight: 0.000196075
eec: 887.617
weight: 0.000126527
eec: 1211.11
weight: 1.71836e-05
eec: 444.795
weight: 6.8116e-05
eec: 56.8868
weight: 1.10246e-07
eec: 330.255
weight: 1.36929e-05
eec: 951.29
weight: 1.61454e-06
eec: 1161.69
weight: 6.4813e-06
eec: 340.946
weight: 1.33329e-05
eec: 3711.73
weight: 3.17438e-07
eec: 1831.9
weight: 3.58358e-05
eec: 428.626
weight: 0.000488166
eec: 466.033
weight: 2.14344e-06
eec: 97.1908
weight: 0.000159855
eec: 853.82
weight: 1.52603e-05
eec: 276.983
weight: 0.000118833
eec: 69.3709
weight: 5.838e-05
eec: 384.539
weight: 1.3488e-05
eec: 3315.03
weight: 0.000195503
eec: 175.414
weight: 0.000128043
eec: 110.059
weight: 1.30823e-05
eec: 1486.78
weight: 8.41368e-05
eec: 781.716
weight: 2.14633e-06
eec: 27.8079
weight: 7.90645e-06
eec: 899.881
weight: 1.46435e-05
eec: 1276.16
weight: 2.78791e-05
eec: 676.369
weight: 7.65953e-05
eec: 129.03
weight: 2.06222e-05
eec: 29.4768
weight: 0.000153365
eec: 848.539
weight: 1.82249e-05
eec: 192.241
weight: 7.59765e-08
eec: 65.6466
weight: 3.4412e-05
eec: 1337.65
weight: 3.15675e-05
eec: 126.875
weight: 3.4946e-05
eec: 1325.2
weight: 1.68061e-05
eec: 459.89
weight: 4.96821e-07
eec: 706.016
weight: 1.32064e-07
eec: 30.2621
weight: 0.000263701
eec: 355.362
weight: 1.40093e-05
eec: 2991.13
weight: 6.00863e-06
eec: 1687.43
weight: 1.54346e-05
eec: 1355.96
weight: 4.43138e-06
eec: 1035.93
weight: 0.000134272
eec: 1004.89
weight: 0.00133372
eec: 222.767
weight: 7.71768e-05
eec: 2617.25
weight: 0.00023037
eec: 467.951
weight: 3.99603e-05
eec: 49.2353
weight: 0.00143495
eec: 941.341
weight: 1.72029e-05
eec: 481.077
weight: 7.33091e-06
eec: 1107.04
weight: 0.000114865
eec: 67.5629
weight: 0.000283774
eec: 365.793
weight: 7.90356e-05
eec: 400.63
weight: 1.8999e-05
eec: 306.23
weight: 2.56931e-05
eec: 728.49
weight: 4.57805e-05
eec: 116.714
weight: 2.64761e-05
eec: 690.588
weight: 6.44256e-05
eec: 201.412
weight: 1.31587e-05
eec: 276.085
weight: 0.000348392
eec: 178.556
weight: 1.84142e-05
eec: 891.575
weight: 5.3206e-05
eec: 183.36
weight: 7.17247e-05
eec: 1294.22
weight: 5.42183e-07
eec: 1552.9
weight: 2.22046e-05
eec: 1891.09
weight: 0.000323779
eec: 1222.6
weight: 2.99173e-05
eec: 28.1529
weight: 0.000133717
eec: 913.944
weight: 4.81068e-06
eec: 964.608
weight: 4.48396e-05
eec: 1400.12
weight: 1.25514e-05
eec: 212.734
weight: 0.000940452
eec: 230.608
weight: 1.1227e-05
eec: 213.444
weight: 1.16104e-05
eec: 437.333
weight: 0.000196647
eec: 580.425
weight: 0.000205859
eec: 472.476
weight: 6.81181e-05
eec: 1524.73
weight: 1.1259e-05
eec: 1017.55
weight: 0.000445271
eec: 608.331
weight: 0.000152224
eec: 215.865
weight: 1.49164e-05
eec: 308.777
weight: 3.85619e-08
eec: 55.4063
weight: 0.000116761
eec: 364.046
weight: 1.94484e-06
eec: 22.5946
weight: 0.000197584
eec: 718.973
weight: 1.73065e-05
eec: 282.045
weight: 4.25167e-06
eec: 123.626
weight: 1.15309e-06
eec: 2046.11
weight: 7.20042e-05
eec: 102.159
weight: 0.000108193
eec: 1100.95
weight: 0.000104851
eec: 292.866
weight: 3.90512e-05
eec: 1257.46
weight: 8.30473e-05
eec: 669.608
weight: 1.4693e-05
eec: 847.244
weight: 0.00035542
eec: 844.501
weight: 5.77876e-05
eec: 351.865
weight: 8.16616e-05
eec: 561.508
weight: 1.08052e-06
eec: 2752.72
weight: 7.1337e-05
eec: 94.5436
weight: 3.04328e-05
eec: 899.252
weight: 3.47822e-05
eec: 74.3138
weight: 1.84373e-05
eec: 21.1604
weight: 6.47619e-05
eec: 638.347
weight: 9.02301e-05
eec: 18.2443
weight: 0.000109465
eec: 426.602
weight: 1.88088e-06
eec: 410.675
weight: 5.21577e-06
eec: 32.7898
weight: 1.52211e-05
eec: 902.525
weight: 3.18715e-06
eec: 56.9137
weight: 7.72119e-05
eec: 182.091
weight: 4.47026e-05
eec: 1807.99
weight: 2.27066e-05
eec: 606.371
weight: 2.2714e-05
eec: 318.589
weight: 0.000251612
eec: 422.517
weight: 0.000309969
eec: 504.208
weight: 9.20638e-06
eec: 259.849
weight: 1.21545e-05
eec: 166.497
weight: 7.16765e-06
eec: 1306.66
weight: 1.74065e-06
eec: 221.625
weight: 3.00828e-06
eec: 31.4205
weight: 9.45783e-05
eec: 274.748
weight: 5.23444e-05
eec: 332.367
weight: 7.48834e-06
eec: 285.629
weight: 1.88411e-05
eec: 1393.4
weight: 9.67002e-05
eec: 804.859
weight: 8.72502e-06
eec: 112.515
weight: 3.29456e-06
eec: 1278.92
weight: 8.43715e-07
eec: 22.1392
weight: 1.91354e-06
eec: 1056.68
weight: 3.52942e-05
eec: 820.066
weight: 3.27283e-06
eec: 62.3375
weight: 5.92128e-06
eec: 1303.18
weight: 0.00011904
eec: 449.374
weight: 4.63094e-06
eec: 134.284
weight: 6.49832e-06
eec: 147.802
Processing: 76.7434 %weight: 3.03117e-06
eec: 30.8123
weight: 5.596e-05
eec: 763.616
weight: 2.01148e-05
eec: 140.77
weight: 2.09998e-06
eec: 380.038
weight: 4.9894e-05
eec: 65.3745
weight: 0.000103396
eec: 323.881
weight: 4.26632e-06
eec: 143.068
weight: 5.48407e-05
eec: 78.1635
weight: 0.000887871
eec: 935.486
weight: 2.22835e-05
eec: 877.539
weight: 4.60414e-05
eec: 867.376
weight: 6.49243e-05
eec: 498.908
weight: 1.01044e-05
eec: 367.026
weight: 2.96525e-05
eec: 1805.16
weight: 1.01075e-05
eec: 2338.28
weight: 1.23022e-05
eec: 866.708
weight: 3.09091e-05
eec: 1346.93
weight: 4.42e-05
eec: 211.74
weight: 2.793e-05
eec: 1852.03
weight: 4.39768e-06
eec: 265.144
weight: 0.000538942
eec: 335.072
weight: 2.57521e-07
eec: 821.086
weight: 8.6316e-05
eec: 322.085
weight: 0.000220183
eec: 7.14231
weight: 1.5875e-06
eec: 499.466
weight: 5.85545e-06
eec: 2551.39
weight: 0.000177851
eec: 609.225
weight: 3.47053e-05
eec: 926.637
weight: 3.27723e-05
eec: 530.427
weight: 7.67594e-07
eec: 1216.47
weight: 4.185e-05
eec: 381.597
weight: 3.07101e-05
eec: 388.888
weight: 2.32679e-05
eec: 161.906
weight: 2.16862e-05
eec: 708.946
weight: 2.51037e-05
eec: 102.324
weight: 4.56365e-05
eec: 237.548
weight: 2.85255e-07
eec: 293.591
weight: 9.27293e-06
eec: 169.231
weight: 2.85667e-05
eec: 791.825
weight: 0.000111692
eec: 297.394
weight: 0.000789392
eec: 158.929
weight: 4.0378e-05
eec: 247.77
weight: 2.44653e-05
eec: 778.92
weight: 0.000310526
eec: 519.346
weight: 0.00024159
eec: 487.227
weight: 7.81302e-05
eec: 644.641
weight: 0.00117731
eec: 216.323
weight: 1.01821e-05
eec: 157.738
weight: 2.28787e-05
eec: 293.87
weight: 5.89893e-05
eec: 284.368
weight: 5.34543e-05
eec: 402.876
weight: 4.84892e-05
eec: 335.405
weight: 6.82046e-08
eec: 187.861
weight: 3.76298e-05
eec: 678.681
weight: 7.01632e-06
eec: 565.55

ROOT exit code = 0
