gSystem->Load("run_condor_job_Run3_C.so");
run_condor_job_Run3(691, 100, 2,
                    80, 200,
                    1, 1, 1, 6);
.q

ENTERED run_condor_job_Run3()
JOBID = 691
  global job = 691  Job 91/100  events [5367180, 5426160)  total=5898000
Processing events [5367180, 5426160) of 5898000
weight: 2.73155e-06
eec: 2492.94
weight: 1.28111e-05
eec: 422.478
weight: 2.68802e-05
eec: 96.9141
weight: 1.76859e-07
eec: 213.492
weight: 0.000112889
eec: 141.196
weight: 0.000118417
eec: 177.975
weight: 0.00015263
eec: 369.892
weight: 1.04243e-05
eec: 28
weight: 4.42593e-05
eec: 1647
weight: 3.65976e-06
eec: 220.684
weight: 2.98877e-07
eec: 1429.7
weight: 2.00517e-05
eec: 217.325
weight: 2.2144e-06
eec: 136.461
weight: 0.000165277
eec: 804.049
weight: 1.24844e-06
eec: 107.371
weight: 4.9345e-06
eec: 1362.95
weight: 5.75328e-06
eec: 1069.27
weight: 1.33267e-05
eec: 858.876
weight: 3.48651e-05
eec: 74.1681
weight: 5.98652e-05
eec: 840.289
weight: 1.18942e-05
eec: 95.3465
weight: 1.25835e-05
eec: 1912.72
weight: 7.90007e-06
eec: 241.194
weight: 0.000137835
eec: 491.951
weight: 1.06002e-05
eec: 2385.28
weight: 8.85047e-06
eec: 3689.7
weight: 2.87573e-05
eec: 519.698
weight: 9.76086e-05
eec: 139.611
weight: 4.93833e-06
eec: 1145.07
weight: 2.95782e-05
eec: 56.8477
weight: 5.37238e-07
eec: 710.327
weight: 3.17069e-05
eec: 38.3674
weight: 0.000223564
eec: 137.877
weight: 0.00014771
eec: 1000.43
weight: 0.000287636
eec: 325.898
weight: 3.53295e-05
eec: 1146.45
weight: 3.1788e-05
eec: 534.019
weight: 3.90326e-05
eec: 179.268
weight: 6.34911e-05
eec: 99.886
weight: 0.000107121
eec: 57.3769
weight: 8.22817e-06
eec: 512.872
weight: 8.96069e-06
eec: 998.096
weight: 1.43891e-06
eec: 51.2436
weight: 1.43891e-06
eec: 514.507
weight: 7.484e-06
eec: 214.323
weight: 6.10403e-06
eec: 628.03
weight: 3.58516e-05
eec: 17.9421
weight: 3.64659e-06
eec: 72.4383
weight: 0.000680077
eec: 577.136
weight: 5.02237e-06
eec: 217.696
weight: 4.49622e-05
eec: 53.7911
weight: 8.83911e-05
eec: 16.9511
weight: 6.18487e-05
eec: 183.13
weight: 5.06104e-06
eec: 403.91
weight: 9.51534e-06
eec: 667.89
weight: 0.0001045
eec: 50.6199
weight: 0.00040571
eec: 106.544
weight: 0.000125711
eec: 561.721
weight: 2.28006e-06
eec: 458.621
weight: 1.15136e-05
eec: 339.246
weight: 2.59601e-08
eec: 626.979
weight: 1.25385e-05
eec: 61.9513
weight: 2.66307e-05
eec: 591.654
weight: 2.7108e-05
eec: 606.333
weight: 3.34816e-05
eec: 980.24
weight: 1.43862e-05
eec: 523.589
weight: 5.95006e-06
eec: 389.261
weight: 4.7091e-06
eec: 500.987
weight: 1.67123e-06
eec: 306.782
weight: 6.47507e-05
eec: 275.693
weight: 5.45596e-05
eec: 477.419
weight: 5.70105e-06
eec: 1999.49
weight: 2.17622e-06
eec: 254.959
weight: 3.98868e-05
eec: 292.18
weight: 7.83255e-06
eec: 585.695
weight: 4.73733e-06
eec: 202.294
weight: 5.95247e-05
eec: 760.862
weight: 6.57765e-05
eec: 1138.61
weight: 7.29593e-06
eec: 3070.47
weight: 0.000154615
eec: 768.408
weight: 8.22814e-06
eec: 628.43
weight: 8.01267e-06
eec: 332.058
weight: 5.34163e-06
eec: 95.2817
weight: 0.000201126
eec: 869.221
weight: 2.11374e-05
eec: 247.774
weight: 9.84451e-06
eec: 449.139
weight: 2.38208e-05
eec: 642.231
weight: 1.72063e-05
eec: 1659.86
weight: 1.91422e-05
eec: 722.612
weight: 1.14456e-06
eec: 161.487
weight: 0.00010586
eec: 1340.58
weight: 4.11685e-07
eec: 179.406
weight: 0.000173936
eec: 107.061
weight: 1.03893e-07
eec: 636.943
weight: 0.000429547
eec: 562.182
weight: 0.000196903
eec: 572.283
weight: 6.62375e-05
eec: 469.758
weight: 2.88816e-05
eec: 870.922
weight: 0.000538477
eec: 463.67
weight: 6.94639e-06
eec: 387.28
weight: 6.94639e-06
eec: 689.144
weight: 0.000174163
eec: 433.905
weight: 1.22327e-05
eec: 2116.52
weight: 0.000186666
eec: 234.443
weight: 2.15621e-05
eec: 610.713
weight: 1.34282e-05
eec: 745.238
weight: 7.72051e-05
eec: 76.5253
weight: 1.71195e-06
eec: 574.849
weight: 2.68397e-06
eec: 2332.66
weight: 0.000120497
eec: 370.066
weight: 0.000131791
eec: 867.958
weight: 2.44893e-05
eec: 1034.03
weight: 1.4618e-06
eec: 316.043
weight: 4.59968e-05
eec: 853.36
weight: 5.74173e-05
eec: 3216.46
weight: 7.34568e-06
eec: 148.402
weight: 1.54544e-06
eec: 391.533
weight: 2.62454e-05
eec: 459.402
weight: 3.63057e-05
eec: 509.932
weight: 1.88838e-05
eec: 1190.49
weight: 4.05141e-05
eec: 717.023
weight: 4.42745e-05
eec: 29.5072
weight: 2.18129e-05
eec: 611.543
weight: 5.65299e-07
eec: 98.5936
weight: 1.59698e-05
eec: 29.668
weight: 9.04651e-05
eec: 251.672
weight: 0.000270783
eec: 515.811
weight: 5.78089e-07
eec: 2426.77
weight: 1.60779e-05
eec: 333.492
weight: 2.77281e-05
eec: 108.196
weight: 3.85578e-05
eec: 87.8823
weight: 3.66658e-05
eec: 715.152
weight: 8.13534e-05
eec: 376.728
weight: 8.10555e-05
eec: 23.9002
weight: 7.71572e-05
eec: 394.982
weight: 1.41254e-05
eec: 116.332
weight: 5.77187e-05
eec: 941.786
weight: 1.04213e-05
eec: 76.7714
weight: 1.58372e-07
eec: 720.716
weight: 4.79837e-07
eec: 165.705
weight: 0.000137014
eec: 292.994
weight: 0.000344793
eec: 62.0985
weight: 1.23867e-05
eec: 269.716
Processing: 91.5565 %weight: 0.000141232
eec: 257.825
weight: 2.37922e-05
eec: 860.994
weight: 2.5024e-05
eec: 846.358
weight: 4.59636e-05
eec: 216.303
weight: 0.000702001
eec: 422.853
weight: 3.40018e-06
eec: 232.54
weight: 7.63039e-05
eec: 643.086
weight: 1.95764e-06
eec: 670.187
weight: 1.25202e-05
eec: 751.671
weight: 8.54702e-05
eec: 890.456
weight: 9.32115e-05
eec: 1382.27
weight: 9.29673e-06
eec: 538.257
weight: 1.62875e-05
eec: 184.052
weight: 1.89694e-05
eec: 33.7785
weight: 0.000383925
eec: 694.698
weight: 0.000133297
eec: 1079.22
weight: 1.38583e-06
eec: 805.031
weight: 8.29714e-05
eec: 99.6134
weight: 2.00455e-05
eec: 165.446
weight: 5.26656e-06
eec: 548.229
weight: 2.10266e-05
eec: 177.911
weight: 8.54549e-07
eec: 842.855
weight: 5.17609e-05
eec: 505.861
weight: 2.0116e-06
eec: 1111.65
weight: 0.00226367
eec: 105.091
weight: 9.11895e-06
eec: 200.86
weight: 0.000109315
eec: 259.513
weight: 0.00224677
eec: 327.516
weight: 0.000292966
eec: 74.938
weight: 5.38716e-05
eec: 126.514
weight: 1.19122e-05
eec: 295.023
weight: 5.39455e-05
eec: 599.151
weight: 0.000124604
eec: 209.922
weight: 2.38093e-05
eec: 2006.02
weight: 1.45997e-05
eec: 894.289
weight: 0.000175377
eec: 137.651
weight: 1.96875e-05
eec: 1275.78
weight: 1.96713e-05
eec: 319.125
weight: 7.82948e-05
eec: 87.8686
weight: 0.000849548
eec: 1473.53
weight: 2.32802e-05
eec: 100.783
weight: 0.000147623
eec: 19.6251
weight: 9.29945e-06
eec: 737.969
weight: 0.00014946
eec: 52.3753
weight: 0.000593122
eec: 157.611
weight: 2.12248e-05
eec: 50.6979
weight: 1.29052e-05
eec: 867.378
weight: 0.000280198
eec: 1030.86
weight: 0.000817745
eec: 22.1856
weight: 1.17437e-05
eec: 274.751
weight: 1.87739e-06
eec: 343.699
weight: 0.000122201
eec: 467.645
weight: 2.23376e-05
eec: 119.91
weight: 4.43661e-07
eec: 1471.34
weight: 4.22086e-06
eec: 255.264
weight: 2.06867e-05
eec: 235.311
weight: 0.000369148
eec: 62.4836
weight: 2.89033e-05
eec: 114.93
weight: 2.07431e-05
eec: 35.1981
weight: 0.000869386
eec: 66.4725
weight: 7.12726e-05
eec: 722.722
weight: 9.85772e-06
eec: 185.02
weight: 0.000182731
eec: 275.108
weight: 7.88993e-06
eec: 767.991
weight: 8.4837e-05
eec: 310.01
weight: 1.49578e-05
eec: 618.672
weight: 1.48315e-05
eec: 190.736
weight: 2.01327e-05
eec: 75.7594
weight: 3.66398e-05
eec: 2364.93
weight: 0.000150603
eec: 355.554
weight: 2.96526e-06
eec: 618.208
weight: 1.29526e-05
eec: 550.562
weight: 1.50031e-05
eec: 982.253
weight: 9.26147e-07
eec: 874.332
weight: 0.00013019
eec: 302.921
weight: 0.000175394
eec: 140.219
weight: 1.03429e-05
eec: 825.055
weight: 0.000148487
eec: 187.1
weight: 5.41958e-05
eec: 1374.41
weight: 1.45369e-06
eec: 294.644
weight: 0.000130156
eec: 454.613
weight: 1.69489e-06
eec: 1928.11
weight: 2.64837e-05
eec: 737.43
weight: 1.95765e-06
eec: 1951.54
weight: 3.88292e-05
eec: 255.133
weight: 4.57542e-06
eec: 254.853
weight: 3.20901e-06
eec: 146.759
weight: 4.14351e-06
eec: 203.24
weight: 1.93922e-05
eec: 1179.87
weight: 1.06241e-05
eec: 390.974
weight: 7.76018e-05
eec: 1036.24
weight: 4.32369e-06
eec: 1756.89
weight: 3.86974e-05
eec: 1888.59
weight: 1.75314e-05
eec: 28.7473
weight: 1.20567e-05
eec: 1053.14
weight: 1.56022e-05
eec: 1835.75
weight: 1.26398e-05
eec: 2085.36
weight: 1.35871e-05
eec: 116.232
weight: 8.6465e-08
eec: 540.372
weight: 2.4816e-05
eec: 735.843
weight: 7.65473e-05
eec: 194.11
weight: 5.89005e-06
eec: 583.25
weight: 1.57732e-05
eec: 1699.46
weight: 1.15974e-05
eec: 363.776
weight: 2.00089e-05
eec: 176.161
weight: 0.000372814
eec: 29.274
weight: 0.000237954
eec: 52.7017
weight: 1.97986e-06
eec: 489.353
weight: 9.6196e-06
eec: 524.402
weight: 7.81591e-05
eec: 960.285
weight: 0.000254857
eec: 200.602
weight: 1.81305e-05
eec: 702.864
weight: 1.4128e-05
eec: 2082.42
weight: 1.08416e-05
eec: 319.795

ROOT exit code = 0
