gSystem->Load("run_condor_job_Run3_C.so");
run_condor_job_Run3(66, 100, 2,
                    80, 200,
                    1, 1, 1, 0);
.q

ENTERED run_condor_job_Run3()
JOBID = 66
  global job = 66  Job 66/100  events [3956040, 4015980)  total=5994000
Processing events [3956040, 4015980) of 5994000
weight: 2.51024e-05
eec: 1603.96
weight: 0.00019725
eec: 1342.83
weight: 4.35747e-07
eec: 274.651
weight: 0.000336561
eec: 48.8976
weight: 3.68018e-05
eec: 54.0724
weight: 3.85599e-05
eec: 701.131
weight: 0.000134135
eec: 829.376
weight: 2.76183e-06
eec: 213.566
weight: 6.0782e-06
eec: 290.192
weight: 0.00018626
eec: 123.952
weight: 1.88634e-06
eec: 79.1059
weight: 5.43189e-06
eec: 132.035
weight: 7.54892e-05
eec: 541.251
weight: 0.00015395
eec: 15.7732
weight: 0.000304935
eec: 58.0037
weight: 9.73801e-07
eec: 1060.55
weight: 8.68965e-06
eec: 435.337
weight: 0.000170017
eec: 99.6805
weight: 4.79483e-05
eec: 332.772
weight: 2.47366e-05
eec: 1402.84
weight: 4.30523e-05
eec: 1700.39
weight: 9.12039e-06
eec: 2172.8
weight: 3.97471e-07
eec: 166.916
weight: 0.000333401
eec: 85.0505
weight: 3.64233e-05
eec: 1667.24
weight: 0.000397898
eec: 617.015
weight: 1.54407e-05
eec: 2103.15
weight: 0.000198907
eec: 146.052
weight: 3.14143e-05
eec: 1571.93
weight: 0.000339698
eec: 226.384
weight: 1.54775e-05
eec: 1376.62
weight: 1.15354e-05
eec: 1076.64
weight: 4.335e-07
eec: 284.065
weight: 4.17833e-06
eec: 2861.7
weight: 2.07569e-05
eec: 793.303
weight: 0.000113464
eec: 128.701
weight: 2.36486e-05
eec: 2228.38
weight: 1.45382e-05
eec: 330.185
weight: 7.9811e-05
eec: 262.488
weight: 7.25675e-05
eec: 673.247
weight: 0.0014114
eec: 914.538
weight: 0.000226111
eec: 256.311
weight: 2.3994e-07
eec: 165.634
weight: 5.09052e-05
eec: 1417.04
weight: 0.000380864
eec: 192.64
weight: 7.14682e-06
eec: 647.217
weight: 7.10493e-06
eec: 283.705
weight: 1.62287e-05
eec: 488.252
weight: 5.31836e-05
eec: 1248.06
weight: 4.56676e-05
eec: 596.922
weight: 8.95823e-06
eec: 290.701
weight: 0.000109078
eec: 70.997
weight: 0.00022756
eec: 116.864
weight: 0.000283199
eec: 356.472
weight: 1.35039e-05
eec: 1715.59
weight: 0.000451157
eec: 1248.69
weight: 6.82543e-05
eec: 748.398
weight: 4.81892e-06
eec: 69.1137
weight: 4.57331e-06
eec: 167.57
weight: 6.99635e-05
eec: 663.617
weight: 2.38414e-05
eec: 1195.62
weight: 7.07686e-07
eec: 169.338
weight: 9.42303e-06
eec: 792.827
weight: 1.32001e-08
eec: 116.765
weight: 0.00011853
eec: 818.701
weight: 0.00010415
eec: 444.843
weight: 3.1107e-05
eec: 486.289
weight: 4.45533e-06
eec: 552.747
weight: 6.89747e-05
eec: 313.51
weight: 2.15596e-06
eec: 368.157
weight: 1.76808e-05
eec: 178.798
weight: 0.000148087
eec: 474.067
weight: 1.54429e-05
eec: 2432.45
weight: 0.000246207
eec: 393.548
weight: 5.34585e-05
eec: 557.636
weight: 5.34585e-05
eec: 1966.75
weight: 5.25146e-06
eec: 1629.51
weight: 0.00145342
eec: 222.531
weight: 0.000124786
eec: 8.54922
weight: 1.22386e-06
eec: 1512.04
weight: 6.30931e-07
eec: 1777.07
weight: 2.17739e-06
eec: 63.8374
weight: 3.67262e-05
eec: 350.334
weight: 0.000111585
eec: 318.794
weight: 2.52413e-05
eec: 259.972
weight: 1.81113e-05
eec: 1735.34
weight: 1.76111e-05
eec: 977.377
weight: 0.000406447
eec: 414.911
weight: 0.000162485
eec: 130.047
weight: 0.000212485
eec: 47.8914
weight: 0.000162422
eec: 768.044
weight: 6.93676e-07
eec: 728.779
weight: 3.14225e-05
eec: 1987.79
weight: 8.68428e-06
eec: 20.8852
weight: 1.0368e-05
eec: 407.597
weight: 9.43132e-05
eec: 1386
weight: 3.62708e-05
eec: 91.6767
weight: 1.74069e-05
eec: 366.451
weight: 8.69848e-05
eec: 1947.52
weight: 3.55075e-05
eec: 51.8626
weight: 6.75202e-06
eec: 257.513
weight: 1.17791e-05
eec: 1935.15
weight: 2.19677e-05
eec: 679.598
weight: 3.5916e-05
eec: 116.365
weight: 0.000138665
eec: 962.136
weight: 2.79436e-05
eec: 425.228
weight: 6.07636e-05
eec: 67.3847
weight: 0.000603404
eec: 233.2
weight: 0.00058643
eec: 616.213
weight: 7.0061e-05
eec: 47.573
weight: 0.000385181
eec: 548.564
weight: 9.71293e-06
eec: 210.347
weight: 3.86512e-05
eec: 483.652
weight: 8.90216e-05
eec: 242.334
weight: 1.33547e-05
eec: 2212.58
weight: 8.31564e-06
eec: 2.01087
weight: 8.83642e-06
eec: 1783.81
weight: 8.38143e-05
eec: 350.743
weight: 2.90206e-05
eec: 796.138
weight: 3.28982e-05
eec: 823.929
weight: 4.55993e-05
eec: 1081.36
weight: 5.25421e-05
eec: 251.779
weight: 3.40916e-05
eec: 146.896
weight: 0.00010057
eec: 559.804
weight: 0.000104428
eec: 326.084
weight: 0.00012809
eec: 535.447
weight: 0.000696068
eec: 659.252
weight: 3.27581e-05
eec: 174.212
weight: 0.000238203
eec: 54.5063
weight: 0.00155072
eec: 423.372
weight: 2.03221e-05
eec: 1624.53
weight: 0.000211257
eec: 285.227
weight: 1.62493e-05
eec: 332.382
weight: 4.82127e-06
eec: 1342.7
weight: 6.38498e-05
eec: 134.58
weight: 5.76729e-05
eec: 780.999
weight: 1.53869e-05
eec: 639.22
weight: 4.52353e-05
eec: 208.95
weight: 3.56771e-05
eec: 1043.4
weight: 6.3192e-06
eec: 20.9518
weight: 0.000408688
eec: 52.5645
weight: 4.98192e-05
eec: 338.904
weight: 1.17895e-05
eec: 31.8969
weight: 1.1134e-06
eec: 519.509
weight: 5.7296e-05
eec: 20.4612
weight: 5.58807e-05
eec: 319.483
weight: 2.82717e-05
eec: 1688.62
weight: 0.000124538
eec: 307.725
weight: 2.73932e-05
eec: 254.57
weight: 7.84737e-06
eec: 615.686
weight: 5.59212e-06
eec: 352.132
weight: 0.000110151
eec: 706.369
weight: 3.16409e-05
eec: 698.517
weight: 8.03865e-05
eec: 272.412
weight: 7.48101e-06
eec: 339.796
weight: 6.75931e-06
eec: 112.903
weight: 1.12851e-05
eec: 2403.84
weight: 0.000134896
eec: 1532.68
weight: 0.000380446
eec: 397.323
weight: 2.49694e-05
eec: 400.011
weight: 5.91182e-06
eec: 143.496
weight: 0.000408508
eec: 648.04
weight: 7.41469e-05
eec: 122.333
weight: 4.26749e-06
eec: 1174.69
weight: 0.000260891
eec: 294.878
weight: 4.33252e-06
eec: 468.647
weight: 0.000276602
eec: 177.848
weight: 0.000189484
eec: 98.3089
weight: 6.71993e-05
eec: 1594.2
weight: 2.79353e-05
eec: 2331.43
weight: 6.74661e-05
eec: 329.101
weight: 6.61394e-06
eec: 298.291
weight: 1.12771e-05
eec: 1040.37
weight: 8.96924e-05
eec: 113.033
weight: 2.00592e-05
eec: 1907.12
weight: 0.000127309
eec: 203.379
weight: 2.80239e-05
eec: 1901.24
weight: 0.000184185
eec: 41.8263
weight: 1.39095e-05
eec: 1819.28
weight: 7.56288e-05
eec: 444.859
Processing: 66.7334 %weight: 5.37356e-07
eec: 115.559
weight: 1.42379e-05
eec: 84.8149
weight: 3.03233e-06
eec: 318.963
weight: 1.23311e-05
eec: 549.43
weight: 9.95221e-05
eec: 87.497
weight: 0.000703152
eec: 191.91
weight: 8.23104e-06
eec: 377.091
weight: 2.26489e-05
eec: 77.9249
weight: 7.15606e-05
eec: 2341.58
weight: 9.60945e-05
eec: 39.7239
weight: 9.76076e-06
eec: 93.4821
weight: 1.24447e-06
eec: 2224.32
weight: 0.000314408
eec: 306.874
weight: 2.44835e-05
eec: 434.784
weight: 1.30732e-05
eec: 422.629
weight: 1.02593e-05
eec: 200.134
weight: 1.02593e-05
eec: 406.667
weight: 3.34504e-07
eec: 67.2177
weight: 4.87478e-05
eec: 1532.3
weight: 4.4899e-05
eec: 216.672
weight: 1.16675e-05
eec: 60.1635
weight: 9.35102e-05
eec: 170.604
weight: 6.98004e-06
eec: 734.755
weight: 1.91068e-06
eec: 826.467
weight: 0.000341418
eec: 596.504
weight: 6.28181e-05
eec: 181.621
weight: 9.50739e-07
eec: 1821.36
weight: 6.82793e-05
eec: 1309.18
weight: 3.70558e-05
eec: 484.397
weight: 4.66082e-05
eec: 635.983
weight: 4.08304e-06
eec: 55.5181
weight: 1.82079e-05
eec: 629.538
weight: 4.35809e-05
eec: 1986.25
weight: 2.64354e-06
eec: 555.477
weight: 0.000131391
eec: 365.926
weight: 2.75761e-05
eec: 336.482
weight: 4.49746e-05
eec: 390.484
weight: 2.30185e-05
eec: 521.5
weight: 3.82239e-05
eec: 768.191
weight: 5.60909e-05
eec: 793.43
weight: 0.000393454
eec: 733.855
weight: 6.42282e-05
eec: 317.304
weight: 1.21371e-05
eec: 1530.56
weight: 0.000439809
eec: 31.2021
weight: 1.91062e-06
eec: 451.931
weight: 8.37683e-06
eec: 257.475
weight: 5.91046e-06
eec: 248.827
weight: 9.02852e-05
eec: 217.136
weight: 0.000148309
eec: 149.77
weight: 4.17319e-05
eec: 784.88
weight: 3.27685e-06
eec: 1806.48
weight: 1.49788e-07
eec: 79.0832
weight: 3.02274e-05
eec: 2757.71
weight: 2.29928e-05
eec: 1721.67
weight: 8.92826e-05
eec: 532.583
weight: 5.59147e-06
eec: 151.614
weight: 8.2145e-06
eec: 919.546
weight: 1.44092e-05
eec: 1760.57
weight: 1.2782e-05
eec: 457.312
weight: 2.65498e-06
eec: 324.839
weight: 2.8303e-07
eec: 3111.97
weight: 9.45176e-05
eec: 296.932
weight: 1.12915e-05
eec: 1342.49
weight: 5.0179e-06
eec: 355.612
weight: 7.79971e-05
eec: 416.831
weight: 1.94684e-05
eec: 226.049
weight: 1.6187e-05
eec: 241.894
weight: 1.0481e-05
eec: 806.929
weight: 1.06454e-05
eec: 154.913
weight: 0.000137076
eec: 468.878
weight: 0.000100507
eec: 87.0166
weight: 3.62043e-06
eec: 216.966
weight: 6.82122e-06
eec: 1432.12
weight: 6.15436e-05
eec: 1232.99

ROOT exit code = 0
