gSystem->Load("run_condor_job_Run3_C.so");
run_condor_job_Run3(96, 100, 2,
                    80, 200,
                    1, 1, 1, 0);
.q

ENTERED run_condor_job_Run3()
JOBID = 96
  global job = 96  Job 96/100  events [5754240, 5814180)  total=5994000
Processing events [5754240, 5814180) of 5994000
weight: 1.15384e-05
eec: 1022.26
weight: 0.000239056
eec: 653.4
weight: 2.0085e-05
eec: 344.597
weight: 4.68416e-05
eec: 249.957
weight: 4.85521e-05
eec: 3306.14
weight: 8.791e-06
eec: 1047.33
weight: 3.41522e-05
eec: 792.906
weight: 5.12153e-06
eec: 37.4866
weight: 2.26372e-05
eec: 1888.28
weight: 0.000109324
eec: 230.496
weight: 3.8072e-06
eec: 100.074
weight: 1.00043e-05
eec: 397.441
weight: 0.000654442
eec: 681.507
weight: 0.000109132
eec: 142.515
weight: 1.49804e-05
eec: 227.535
weight: 5.80992e-05
eec: 160.615
weight: 1.59058e-05
eec: 129.483
weight: 6.33742e-07
eec: 5378.92
weight: 8.72746e-05
eec: 297.22
weight: 3.38927e-06
eec: 2536.76
weight: 0.00023153
eec: 505.408
weight: 2.80408e-05
eec: 649.302
weight: 2.12734e-05
eec: 429.46
weight: 4.22598e-06
eec: 368.207
weight: 5.68119e-05
eec: 319.587
weight: 8.20018e-05
eec: 1370.94
weight: 2.65088e-05
eec: 198.402
weight: 2.96101e-05
eec: 99.2472
weight: 0.000176374
eec: 559.681
weight: 7.13143e-06
eec: 508.769
weight: 3.85686e-07
eec: 501.386
weight: 0.000394748
eec: 114.387
weight: 6.9947e-06
eec: 1380.42
weight: 1.12652e-07
eec: 260.528
weight: 0.000674002
eec: 631.352
weight: 9.00024e-06
eec: 118.107
weight: 1.5817e-06
eec: 1042.47
weight: 1.84856e-05
eec: 801.267
weight: 1.52706e-05
eec: 84.933
weight: 3.1739e-06
eec: 909.905
weight: 1.21117e-06
eec: 998.305
weight: 0.000178864
eec: 491.563
weight: 2.64307e-05
eec: 658.828
weight: 3.88034e-05
eec: 206.146
weight: 7.38555e-06
eec: 3396.07
weight: 1.07509e-05
eec: 560.642
weight: 9.69524e-05
eec: 873.174
weight: 1.26781e-07
eec: 590.831
weight: 3.25999e-05
eec: 528.015
weight: 0.000231101
eec: 307.523
weight: 3.45783e-05
eec: 742.493
weight: 4.52616e-05
eec: 1491.26
weight: 1.00133e-05
eec: 233.319
weight: 3.31887e-06
eec: 1059.2
weight: 3.10254e-07
eec: 541.33
weight: 0.000150108
eec: 597.118
weight: 4.55215e-05
eec: 301.593
weight: 3.52537e-05
eec: 73.6167
weight: 6.97835e-05
eec: 838.892
weight: 7.29118e-05
eec: 1624.37
weight: 9.84545e-06
eec: 1390.9
weight: 2.98553e-07
eec: 437.514
weight: 3.4714e-05
eec: 32.2324
weight: 1.81632e-05
eec: 1783.86
weight: 2.33105e-05
eec: 184.932
weight: 0.000174792
eec: 405.265
weight: 0.000308898
eec: 380.53
weight: 0.000183966
eec: 580.036
weight: 2.88415e-05
eec: 282.021
weight: 0.000199351
eec: 655.185
weight: 9.40767e-07
eec: 1224.25
weight: 8.90351e-05
eec: 58.3195
weight: 1.88887e-06
eec: 2332.06
weight: 7.07299e-06
eec: 268.462
weight: 3.76708e-05
eec: 659.354
weight: 5.6522e-05
eec: 1445.83
weight: 5.52987e-06
eec: 133.714
weight: 5.52987e-06
eec: 169.795
weight: 7.12745e-05
eec: 1149.48
weight: 3.28078e-06
eec: 209.85
weight: 2.98358e-06
eec: 406.924
weight: 2.58342e-05
eec: 149.205
weight: 8.65824e-05
eec: 330.65
weight: 6.99317e-05
eec: 780.742
weight: 8.35737e-05
eec: 1365.3
weight: 0.000150365
eec: 418.768
weight: 1.69e-05
eec: 37.4231
weight: 9.07927e-06
eec: 54.764
weight: 0.000556422
eec: 374.454
weight: 3.87083e-05
eec: 1077.52
weight: 1.79055e-06
eec: 1489.03
weight: 0.0004178
eec: 277.084
weight: 3.62466e-05
eec: 34.3737
weight: 0.000366127
eec: 667.389
weight: 1.05058e-05
eec: 395.06
weight: 2.23076e-05
eec: 323.931
weight: 0.000197796
eec: 67.5576
weight: 8.91663e-05
eec: 2660.47
weight: 1.115e-07
eec: 596.79
weight: 5.32206e-05
eec: 501.418
weight: 0.000137245
eec: 25.1528
weight: 1.38544e-05
eec: 2437.55
weight: 0.000311686
eec: 228.633
weight: 1.63606e-05
eec: 305.714
weight: 2.17804e-05
eec: 1299.13
weight: 6.4801e-05
eec: 181.69
weight: 0.00011528
eec: 534.023
weight: 3.63025e-05
eec: 1569.87
weight: 1.96427e-05
eec: 112.388
weight: 9.63396e-06
eec: 615.29
weight: 9.37143e-07
eec: 102.965
weight: 5.81507e-05
eec: 925.181
weight: 7.55774e-05
eec: 332.811
weight: 1.58142e-05
eec: 64.2339
weight: 8.17279e-05
eec: 539.622
weight: 6.17586e-05
eec: 72.4298
weight: 2.95086e-05
eec: 978.274
weight: 0.000104841
eec: 755.635
weight: 5.22343e-05
eec: 293.997
weight: 1.01976e-05
eec: 25.8997
weight: 0.000338169
eec: 182.208
weight: 3.76925e-05
eec: 403.59
weight: 0.000184688
eec: 291.249
weight: 4.26822e-06
eec: 628.899
weight: 6.44691e-05
eec: 323.048
weight: 3.96415e-05
eec: 557.401
weight: 7.36246e-05
eec: 411.846
weight: 5.42716e-05
eec: 104.696
weight: 8.81429e-06
eec: 391.042
weight: 1.91564e-05
eec: 636.225
weight: 7.61947e-05
eec: 973.247
weight: 3.22664e-05
eec: 62.5447
weight: 3.36459e-06
eec: 24.9302
weight: 0.000156061
eec: 192.514
weight: 0.000105705
eec: 3042.42
weight: 6.18909e-06
eec: 199.706
weight: 3.86486e-05
eec: 1088
weight: 1.17864e-05
eec: 130.657
weight: 5.61453e-05
eec: 773.306
weight: 0.000125957
eec: 857.247
weight: 1.89461e-05
eec: 1717.58
weight: 0.000149404
eec: 106.905
weight: 2.881e-05
eec: 287.799
weight: 1.51787e-05
eec: 776.442
weight: 1.53482e-05
eec: 939.45
weight: 3.59819e-05
eec: 283.017
weight: 7.3669e-05
eec: 1156.95
weight: 3.05451e-05
eec: 63.7004
weight: 1.89254e-05
eec: 43.5809
weight: 0.000714343
eec: 62.0262
weight: 2.44396e-05
eec: 1447.26
weight: 0.000318309
eec: 69.1084
weight: 0.0010904
eec: 1410.02
weight: 3.12824e-05
eec: 256.453
weight: 8.9681e-06
eec: 2865.39
weight: 5.94857e-06
eec: 1100.2
weight: 3.17968e-07
eec: 1084.2
weight: 2.84104e-06
eec: 1878.22
weight: 4.67362e-05
eec: 260.774
weight: 3.91472e-06
eec: 97.9232
weight: 4.6812e-06
eec: 1106.22
weight: 2.78522e-05
eec: 1089.88
weight: 0.000142112
eec: 1367.25
weight: 3.32683e-05
eec: 1996.88
weight: 2.26347e-06
eec: 559.989
weight: 0.000140388
eec: 465.072
weight: 1.74356e-05
eec: 53.8036
weight: 0.000122811
eec: 733.899
weight: 5.32438e-05
eec: 146.303
weight: 2.91788e-06
eec: 370.245
weight: 8.12076e-06
eec: 780.699
weight: 5.37838e-05
eec: 339.27
weight: 6.45745e-08
eec: 130.883
weight: 6.23271e-06
eec: 768.845
weight: 6.68327e-05
eec: 593.896
weight: 7.9817e-08
eec: 2396.12
weight: 0.000107461
eec: 111.904
weight: 2.42097e-07
eec: 127.813
weight: 1.52928e-06
eec: 1148.99
weight: 6.90591e-05
eec: 1937.71
weight: 0.000193305
eec: 40.6465
weight: 4.34705e-06
eec: 962.943
weight: 9.61894e-05
eec: 109.2
weight: 9.61863e-07
eec: 925.388
weight: 3.69685e-05
eec: 428.971
weight: 1.98499e-06
eec: 56.6057
Processing: 96.7634 %weight: 1.17653e-05
eec: 92.1922
weight: 2.42527e-05
eec: 314.241
weight: 2.42328e-05
eec: 1063.64
weight: 1.36046e-05
eec: 812.117
weight: 0.000351561
eec: 156.112
weight: 0.000233969
eec: 52.5469
weight: 0.000200992
eec: 375.703
weight: 0.000103633
eec: 80.1021
weight: 9.29943e-06
eec: 614.041
weight: 9.40512e-06
eec: 1541.72
weight: 0.000111024
eec: 110.555
weight: 0.000117497
eec: 22.3067
weight: 1.2499e-05
eec: 207.5
weight: 8.03192e-07
eec: 360.378
weight: 2.91147e-05
eec: 388.183
weight: 1.31621e-05
eec: 162.674
weight: 1.55489e-07
eec: 2351
weight: 0.000180294
eec: 1216.08
weight: 3.77239e-05
eec: 77.5087
weight: 6.5379e-07
eec: 133.571
weight: 2.80369e-05
eec: 147.258
weight: 7.1214e-07
eec: 158.467
weight: 7.56326e-06
eec: 51.7425
weight: 2.65042e-05
eec: 279.245
weight: 7.58674e-05
eec: 1157.52
weight: 3.90602e-06
eec: 931.967
weight: 8.13589e-05
eec: 109.906
weight: 4.88776e-06
eec: 122.366
weight: 4.66559e-05
eec: 268.69
weight: 3.55836e-06
eec: 159.382
weight: 1.83977e-05
eec: 103.402
weight: 3.32264e-05
eec: 572.163
weight: 7.0701e-06
eec: 507.788
weight: 3.60531e-06
eec: 675.588
weight: 4.22925e-07
eec: 297.529
weight: 2.23643e-07
eec: 1065.43
weight: 1.42699e-06
eec: 106.472
weight: 1.68778e-05
eec: 64.4506
weight: 0.000156652
eec: 1274.39
weight: 4.42282e-06
eec: 643.469
weight: 0.000199948
eec: 322.94
weight: 6.87115e-05
eec: 127.306
weight: 7.59835e-05
eec: 64.9484
weight: 8.05279e-08
eec: 228.179
weight: 3.92482e-06
eec: 471.572
weight: 3.69673e-05
eec: 913.458
weight: 1.32218e-05
eec: 2084.78
weight: 0.000575821
eec: 105.228
weight: 2.9791e-05
eec: 369.174
weight: 1.31017e-05
eec: 3384.6
weight: 5.89715e-07
eec: 976.846
weight: 8.73357e-08
eec: 196.279
weight: 8.27258e-06
eec: 75.756
weight: 2.59766e-05
eec: 45.8741
weight: 1.69537e-05
eec: 804.239
weight: 2.75294e-05
eec: 118.65
weight: 3.26121e-05
eec: 521.85
weight: 2.11119e-05
eec: 1624.75
weight: 2.85919e-05
eec: 1729.67
weight: 2.36084e-06
eec: 23.87
weight: 4.51862e-06
eec: 219.642
weight: 4.83367e-06
eec: 326.045
weight: 1.89233e-05
eec: 348.161
weight: 5.12722e-05
eec: 79.9538
weight: 4.10289e-05
eec: 26.1569
weight: 0.000182939
eec: 1916.33
weight: 6.68998e-06
eec: 782.761
weight: 2.19867e-05
eec: 893.831
weight: 2.57884e-06
eec: 490.28
weight: 0.00141143
eec: 552.696
weight: 0.000225323
eec: 613.824

ROOT exit code = 0
