gSystem->Load("run_condor_job_Run3_C.so");
run_condor_job_Run3(102, 100, 2,
                    80, 200,
                    1, 1, 1, 1);
.q

ENTERED run_condor_job_Run3()
JOBID = 102
  global job = 102  Job 2/100  events [117240, 175860)  total=5862000
Processing events [117240, 175860) of 5862000
weight: 0.000154529
eec: 331.333
weight: 6.41805e-06
eec: 1017.17
weight: 4.8634e-06
eec: 696.287
weight: 4.40525e-06
eec: 1163.08
weight: 0.000394883
eec: 172.457
weight: 5.18394e-05
eec: 621.034
weight: 0.000110476
eec: 87.2015
weight: 1.16817e-05
eec: 65.2379
weight: 5.75643e-05
eec: 957.191
weight: 5.58244e-06
eec: 245.666
weight: 4.31526e-05
eec: 624.646
weight: 1.27844e-06
eec: 612.229
weight: 7.73895e-05
eec: 289.19
weight: 1.31613e-05
eec: 290.984
weight: 0.00038073
eec: 329.619
weight: 3.1821e-06
eec: 598.507
weight: 2.67932e-06
eec: 3332.39
weight: 1.14842e-05
eec: 432.971
weight: 2.07248e-06
eec: 124.121
weight: 2.14554e-06
eec: 388.621
weight: 4.54487e-06
eec: 1339.2
weight: 4.42089e-05
eec: 1086.52
weight: 6.59699e-05
eec: 446.312
weight: 4.35e-05
eec: 366.788
weight: 2.27616e-05
eec: 315.753
weight: 1.06415e-05
eec: 156.871
weight: 0.000264697
eec: 393.671
weight: 0.000871646
eec: 540.128
weight: 3.72872e-05
eec: 15.7576
weight: 1.75294e-06
eec: 90.2614
weight: 8.11366e-05
eec: 426.43
weight: 0.000654513
eec: 165.081
weight: 5.02494e-06
eec: 377.623
weight: 2.43114e-05
eec: 802.984
weight: 7.63688e-05
eec: 364.768
weight: 3.57081e-06
eec: 60.2846
weight: 3.09407e-05
eec: 35.8584
weight: 2.82466e-05
eec: 2312.45
weight: 1.6489e-05
eec: 52.6283
weight: 1.18665e-05
eec: 640.391
weight: 1.89027e-05
eec: 222.328
weight: 9.72323e-07
eec: 749.937
weight: 9.84998e-07
eec: 132.669
weight: 1.2745e-05
eec: 2986.71
weight: 9.3856e-05
eec: 344.893
weight: 4.26181e-05
eec: 486.284
weight: 2.41946e-05
eec: 1361.4
weight: 4.75167e-06
eec: 852.588
weight: 0.000290952
eec: 904.303
weight: 1.02257e-05
eec: 150.447
weight: 2.40972e-05
eec: 3196.64
weight: 5.54301e-06
eec: 697.207
weight: 0.000173633
eec: 133.578
weight: 3.54992e-05
eec: 698.462
weight: 4.71751e-08
eec: 788.482
weight: 4.99911e-05
eec: 12.0874
weight: 7.61365e-06
eec: 1121.99
weight: 2.73822e-05
eec: 169.835
weight: 2.37166e-05
eec: 171.211
weight: 1.92418e-05
eec: 315.183
weight: 1.5645e-05
eec: 731.134
weight: 1.73223e-05
eec: 577.635
weight: 3.45216e-06
eec: 227.956
weight: 3.58454e-05
eec: 570.985
weight: 0.00015177
eec: 193.146
weight: 0.000195304
eec: 493.576
weight: 4.26318e-05
eec: 1240.76
weight: 2.42787e-05
eec: 28.0621
weight: 0.000218249
eec: 345.532
weight: 2.86453e-05
eec: 431.943
weight: 0.000101503
eec: 16.4604
weight: 3.37435e-06
eec: 306.338
weight: 0.00014174
eec: 107.806
weight: 1.07391e-05
eec: 1826.64
weight: 1.1364e-05
eec: 420.813
weight: 4.746e-06
eec: 143.458
weight: 8.18311e-05
eec: 2537.72
weight: 0.000176198
eec: 328.287
weight: 3.88453e-05
eec: 380.41
weight: 0.000592109
eec: 88.3764
weight: 5.09579e-06
eec: 448.788
weight: 0.000147564
eec: 110.227
weight: 3.05047e-06
eec: 313.176
weight: 0.00012465
eec: 22.7054
weight: 0.000304871
eec: 106.476
weight: 2.30293e-05
eec: 221.406
weight: 4.43651e-06
eec: 176.753
weight: 6.38456e-05
eec: 720.364
weight: 1.82515e-05
eec: 87.9678
weight: 2.77131e-05
eec: 110.442
weight: 8.22992e-05
eec: 196.052
weight: 3.30561e-05
eec: 1071.21
weight: 5.03547e-06
eec: 1490.03
weight: 0.00165306
eec: 992.42
weight: 4.73597e-05
eec: 348.16
weight: 5.91319e-05
eec: 444.276
weight: 1.21125e-05
eec: 268.695
weight: 8.51827e-06
eec: 1955.99
weight: 1.46847e-06
eec: 62.7553
weight: 6.91214e-06
eec: 246.649
weight: 1.06013e-05
eec: 412.03
weight: 1.89591e-06
eec: 35.003
weight: 0.000385655
eec: 832.523
weight: 0.000229656
eec: 358.609
weight: 2.0429e-06
eec: 1336.98
weight: 3.57344e-05
eec: 425.223
weight: 8.413e-06
eec: 347.999
weight: 3.19975e-05
eec: 1321.61
weight: 6.16089e-07
eec: 380.121
weight: 1.32873e-05
eec: 119.666
weight: 6.05093e-06
eec: 2612.95
weight: 0.000437186
eec: 150.418
weight: 4.28683e-05
eec: 1437.61
weight: 2.04421e-06
eec: 394.908
weight: 9.69517e-06
eec: 400.814
weight: 2.27727e-05
eec: 1172.33
weight: 1.2539e-05
eec: 528.099
weight: 2.75137e-05
eec: 80.3527
weight: 0.000379911
eec: 39.0547
weight: 0.000183262
eec: 51.4788
weight: 8.35852e-05
eec: 49.3542
weight: 2.53497e-05
eec: 1503.6
weight: 0.000317621
eec: 60.0708
weight: 4.43507e-06
eec: 738.332
weight: 5.36264e-05
eec: 502.831
weight: 4.77312e-05
eec: 117.346
weight: 4.09504e-06
eec: 7.71171
weight: 6.16137e-05
eec: 1344.51
weight: 6.16137e-05
eec: 7.47636
weight: 6.03934e-05
eec: 510.043
weight: 3.2408e-06
eec: 1158.1
weight: 4.39686e-06
eec: 187.093
weight: 5.32396e-06
eec: 725.162
weight: 1.40181e-05
eec: 302.517
weight: 5.14551e-06
eec: 767.114
weight: 5.93394e-07
eec: 431.128
weight: 2.5224e-05
eec: 410.069
weight: 6.93732e-05
eec: 133.967
weight: 0.000638294
eec: 604.702
weight: 0.000125321
eec: 235.566
weight: 0.000168019
eec: 446.225
Processing: 2.55885 %weight: 9.98198e-06
eec: 102.925
weight: 5.25992e-07
eec: 226.985
weight: 7.64017e-06
eec: 104.944
weight: 0.000185432
eec: 1130.16
weight: 5.15045e-06
eec: 3743.03
weight: 3.15269e-05
eec: 51.7738
weight: 9.13901e-05
eec: 75.3247
weight: 4.35472e-05
eec: 509.643
weight: 2.12685e-05
eec: 623.848
weight: 4.26318e-06
eec: 774.61
weight: 2.11091e-05
eec: 322.895
weight: 1.96345e-05
eec: 489.951
weight: 8.42612e-06
eec: 129.414
weight: 0.000114713
eec: 832.832
weight: 6.40833e-06
eec: 10.8926
weight: 0.000142163
eec: 350.815
weight: 7.03067e-05
eec: 3864.58
weight: 2.11944e-05
eec: 203.463
weight: 1.56395e-05
eec: 443.892
weight: 1.83072e-05
eec: 310.248
weight: 9.22888e-06
eec: 121.549
weight: 4.20664e-06
eec: 485.669
weight: 7.94654e-08
eec: 184.11
weight: 0.000191238
eec: 601.606
weight: 0.000135745
eec: 430.069
weight: 5.42928e-05
eec: 473.737
weight: 3.57965e-06
eec: 5373.09
weight: 0.00113123
eec: 385.197
weight: 9.91759e-06
eec: 1033.01
weight: 1.19562e-07
eec: 116.285
weight: 3.82342e-06
eec: 103.298
weight: 5.74057e-05
eec: 511.744
weight: 1.65912e-05
eec: 2497.8
weight: 7.62165e-06
eec: 467.08
weight: 0.000410445
eec: 231.384
weight: 3.34258e-05
eec: 738.933
weight: 4.14276e-05
eec: 129.962
weight: 0.000305669
eec: 257.344
weight: 0.000334405
eec: 725.391
weight: 4.123e-06
eec: 231.05
weight: 5.54846e-05
eec: 327.635
weight: 9.45707e-05
eec: 27.742
weight: 5.11939e-05
eec: 61.4651
weight: 0.000297269
eec: 249.289
weight: 5.88527e-07
eec: 1085.92
weight: 1.61014e-06
eec: 681.091
weight: 6.18609e-05
eec: 468.528
weight: 6.61949e-05
eec: 312.504
weight: 0.000215787
eec: 474.394
weight: 1.04867e-05
eec: 4015.27
weight: 9.72053e-06
eec: 915.574
weight: 4.02528e-05
eec: 89.7975
weight: 1.85741e-05
eec: 87.2868
weight: 1.18407e-05
eec: 182.756
weight: 6.50095e-07
eec: 198.86
weight: 0.000119032
eec: 37.2937
weight: 6.46244e-06
eec: 96.055
weight: 9.80347e-08
eec: 1383.07
weight: 9.79325e-06
eec: 344.065
weight: 0.00010225
eec: 695.531
weight: 0.000299222
eec: 603.676
weight: 1.03776e-05
eec: 291.061
weight: 0.000464078
eec: 186.535
weight: 1.80637e-05
eec: 1033.32
weight: 6.39262e-05
eec: 86.8296
weight: 9.01477e-06
eec: 1476.05
weight: 1.19547e-05
eec: 1673.99
weight: 4.55077e-05
eec: 400.686
weight: 1.73541e-05
eec: 3744.57
weight: 4.78117e-05
eec: 214.407
weight: 2.18809e-05
eec: 698.999
weight: 0.000299012
eec: 113.56
weight: 7.25868e-06
eec: 803.708
weight: 7.67233e-06
eec: 270.182
weight: 1.35508e-05
eec: 152.807
weight: 8.79775e-05
eec: 364.314
weight: 0.00303396
eec: 139.753
weight: 7.7121e-05
eec: 307.108
weight: 6.83947e-06
eec: 1598.6
weight: 0.000159114
eec: 303.948
weight: 9.83861e-06
eec: 2282.19
weight: 1.97898e-05
eec: 1266.56
weight: 3.61382e-05
eec: 1704.14
weight: 1.10769e-05
eec: 446.902
weight: 0.000192363
eec: 337.289
weight: 9.36427e-05
eec: 60.0249
weight: 0.000125047
eec: 1006.12
weight: 4.66013e-06
eec: 129.124
weight: 1.02293e-05
eec: 167.914
weight: 5.85441e-06
eec: 344.075
weight: 2.96975e-06
eec: 230.919
weight: 0.000224259
eec: 46.9752
weight: 1.99672e-05
eec: 392.744
weight: 0.000124474
eec: 55.8466
weight: 0.000166023
eec: 27.7928
weight: 5.33791e-07
eec: 206.284
weight: 1.19335e-05
eec: 18.7406
weight: 7.11072e-07
eec: 206.497
weight: 0.000274099
eec: 638.308

ROOT exit code = 0
