gSystem->Load("run_condor_job_Run3_C.so");
run_condor_job_Run3(766, 100, 2,
                    80, 200,
                    1, 1, 1, 7);
.q

ENTERED run_condor_job_Run3()
JOBID = 766
  global job = 766  Job 66/100  events [3758040, 3814980)  total=5694000
Processing events [3758040, 3814980) of 5694000
weight: 4.98127e-06
eec: 127.925
weight: 8.26934e-06
eec: 396.83
weight: 3.75958e-07
eec: 2067.09
weight: 2.99365e-05
eec: 403.766
weight: 5.71148e-06
eec: 845.51
weight: 1.06477e-05
eec: 525.885
weight: 0.00010133
eec: 917.541
weight: 8.66415e-06
eec: 475.498
weight: 0.00043686
eec: 929.967
weight: 8.91887e-05
eec: 280.958
weight: 3.08541e-07
eec: 746.188
weight: 2.69303e-05
eec: 1881.52
weight: 1.86581e-05
eec: 164.716
weight: 0.00033628
eec: 600.062
weight: 2.79516e-05
eec: 1556.51
weight: 0.000271293
eec: 727.008
weight: 3.21953e-05
eec: 110.749
weight: 0.000128004
eec: 251.907
weight: 3.1429e-05
eec: 3041.63
weight: 1.69468e-05
eec: 849.876
weight: 1.19252e-05
eec: 416.295
weight: 4.75184e-05
eec: 66.3235
weight: 3.46412e-06
eec: 912.429
weight: 1.36873e-05
eec: 1358.65
weight: 1.35332e-05
eec: 352.02
weight: 6.73881e-05
eec: 356.632
weight: 2.90359e-05
eec: 202.703
weight: 4.56528e-05
eec: 147.129
weight: 1.32311e-05
eec: 764.755
weight: 2.09094e-06
eec: 617.331
weight: 2.41525e-05
eec: 770.743
weight: 0.000159093
eec: 246.999
weight: 2.67022e-05
eec: 173.001
weight: 4.60184e-06
eec: 40.1206
weight: 0.000144896
eec: 223.651
weight: 2.87799e-05
eec: 109.013
weight: 0.000203027
eec: 257.099
weight: 9.12202e-05
eec: 404.838
weight: 2.24875e-06
eec: 290.238
weight: 2.54527e-05
eec: 299.137
weight: 4.8337e-05
eec: 591.333
weight: 2.46658e-05
eec: 1437.51
weight: 2.76313e-05
eec: 131.154
weight: 1.44969e-05
eec: 839.17
weight: 2.46893e-06
eec: 935.64
weight: 0.000292353
eec: 702.891
weight: 1.61957e-05
eec: 710.353
weight: 3.70556e-05
eec: 606.327
weight: 0.000281647
eec: 1093.65
weight: 0.000491514
eec: 87.0161
weight: 1.05397e-06
eec: 1220.79
weight: 9.61651e-06
eec: 51.7298
weight: 6.26343e-05
eec: 736.714
weight: 3.68643e-05
eec: 114.274
weight: 5.29705e-05
eec: 140.859
weight: 8.72422e-05
eec: 409.867
weight: 2.53001e-05
eec: 16.05
weight: 6.93403e-06
eec: 643.503
weight: 3.17888e-06
eec: 298.283
weight: 3.06822e-05
eec: 58.7425
weight: 2.48213e-06
eec: 89.901
weight: 7.55478e-05
eec: 421.738
weight: 7.35865e-05
eec: 277.55
weight: 1.60509e-05
eec: 35.0485
weight: 0.000658447
eec: 166.437
weight: 0.000796689
eec: 585.323
weight: 1.68963e-05
eec: 299.51
weight: 0.000194598
eec: 237.346
weight: 4.08705e-05
eec: 43.1746
weight: 9.5774e-05
eec: 37.2302
weight: 1.44891e-05
eec: 576.679
weight: 4.18694e-05
eec: 125.83
weight: 5.7746e-05
eec: 1052.91
weight: 9.03359e-08
eec: 923.119
weight: 1.0449e-05
eec: 937.798
weight: 1.09541e-05
eec: 1246.46
weight: 2.22106e-05
eec: 278.009
weight: 7.76484e-06
eec: 521.93
weight: 6.7709e-05
eec: 157.979
weight: 9.64307e-07
eec: 1131.83
weight: 2.86663e-05
eec: 685.038
weight: 1.27088e-05
eec: 76.6818
weight: 0.000301302
eec: 561.817
weight: 4.26712e-05
eec: 2310.17
weight: 3.94154e-05
eec: 218.457
weight: 2.60097e-08
eec: 354.248
weight: 0.000127421
eec: 242.46
weight: 0.000124776
eec: 387.425
weight: 7.28216e-05
eec: 247.088
weight: 0.000486625
eec: 83.3246
weight: 2.45889e-05
eec: 257.844
weight: 6.71115e-05
eec: 613.683
weight: 1.95052e-05
eec: 35.0017
weight: 0.000116902
eec: 87.8014
weight: 0.000100917
eec: 189.638
weight: 6.44942e-06
eec: 2716.19
weight: 0.000136476
eec: 310.401
weight: 8.12248e-05
eec: 137.201
weight: 3.74386e-05
eec: 924.35
weight: 1.74011e-05
eec: 275.45
weight: 3.35654e-06
eec: 1946.94
weight: 0.000289544
eec: 27.1042
weight: 0.000185048
eec: 167.221
weight: 4.58532e-05
eec: 621.02
weight: 8.996e-05
eec: 601.658
weight: 2.44483e-05
eec: 227.332
weight: 0.000257202
eec: 536.609
weight: 0.000144511
eec: 960.998
weight: 3.3883e-06
eec: 869.667
weight: 6.94307e-05
eec: 1292.74
weight: 8.37086e-06
eec: 435.138
weight: 2.24245e-07
eec: 1217.65
weight: 0.000496421
eec: 106.488
weight: 0.000240348
eec: 268.382
weight: 2.94339e-05
eec: 731.377
weight: 5.04299e-05
eec: 1079.52
weight: 2.40848e-05
eec: 90.0535
weight: 3.23274e-05
eec: 144.993
weight: 0.000286213
eec: 323.647
weight: 2.76372e-07
eec: 522.691
weight: 1.34025e-05
eec: 674.863
weight: 0.000310097
eec: 99.8652
weight: 1.41724e-05
eec: 420.587
weight: 5.04445e-05
eec: 341.248
weight: 2.80857e-05
eec: 164.411
weight: 2.93717e-06
eec: 161.038
weight: 4.92972e-06
eec: 262.687
weight: 1.57285e-05
eec: 603.783
weight: 5.83902e-05
eec: 61.983
weight: 3.55738e-05
eec: 233.866
weight: 7.07033e-06
eec: 819.843
weight: 1.76296e-05
eec: 337.417
weight: 5.42203e-05
eec: 24.3682
weight: 0.000166927
eec: 39.9177
weight: 1.39439e-05
eec: 894.696
weight: 2.99062e-05
eec: 438.315
weight: 5.02336e-05
eec: 139.615
weight: 7.65127e-05
eec: 45.4628
weight: 0.000211547
eec: 400.201
weight: 2.09029e-05
eec: 531.62
weight: 2.3749e-06
eec: 481.868
weight: 9.26948e-05
eec: 113.764
weight: 7.64322e-05
eec: 1210.25
weight: 2.31203e-05
eec: 1069.47
weight: 3.1317e-05
eec: 534.989
weight: 5.2655e-05
eec: 656.023
weight: 0.000341852
eec: 186.218
weight: 2.11982e-05
eec: 558.207
weight: 3.84598e-06
eec: 204.785
weight: 1.1754e-05
eec: 1411.31
weight: 1.1754e-05
eec: 2892.15
weight: 4.90452e-07
eec: 470.913
weight: 7.28882e-05
eec: 266.08
weight: 1.24979e-05
eec: 416.128
weight: 5.32418e-05
eec: 633.967
weight: 2.10523e-05
eec: 1992.85
weight: 3.8533e-05
eec: 203.371
weight: 1.30037e-06
eec: 2054.37
weight: 6.12521e-06
eec: 96.6451
weight: 1.06666e-05
eec: 284.897
weight: 3.97559e-06
eec: 686.782
weight: 4.40727e-06
eec: 397.658
weight: 0.000546743
eec: 166.343
weight: 5.37385e-06
eec: 414.474
weight: 2.44673e-05
eec: 98.1916
weight: 8.71965e-06
eec: 2205.24
weight: 2.32702e-05
eec: 1365.46
weight: 2.93092e-07
eec: 622.529
weight: 2.96188e-05
eec: 1355.1
weight: 9.16613e-06
eec: 668.931
weight: 9.2115e-05
eec: 869.665
weight: 5.71315e-06
eec: 84.0232
weight: 5.71315e-06
eec: 474.946
weight: 3.13809e-05
eec: 27.7435
weight: 5.81954e-05
eec: 933.311
weight: 0.000104809
eec: 129.496
weight: 1.17517e-05
eec: 1276.9
weight: 2.00789e-07
eec: 1094.69
weight: 4.14654e-05
eec: 401.623
weight: 0.000372374
eec: 488.63
weight: 3.50768e-05
eec: 1039.86
weight: 0.000104227
eec: 61.1831
weight: 0.000104732
eec: 653.477
weight: 1.03061e-06
eec: 397.84
Processing: 66.7369 %weight: 7.95493e-06
eec: 257.515
weight: 9.90583e-07
eec: 225.643
weight: 8.13558e-06
eec: 568.872
weight: 7.24003e-05
eec: 297.877
weight: 2.58469e-05
eec: 584.72
weight: 1.04115e-06
eec: 484.645
weight: 9.8164e-05
eec: 1962.76
weight: 2.37491e-05
eec: 253.546
weight: 5.51703e-05
eec: 438.325
weight: 5.34091e-06
eec: 623.254
weight: 1.18061e-05
eec: 64.9018
weight: 6.71613e-06
eec: 646.135
weight: 0.000275779
eec: 72.3429
weight: 1.95076e-05
eec: 321.613
weight: 1.82912e-06
eec: 105.244
weight: 1.29055e-05
eec: 183.79
weight: 1.93356e-05
eec: 107.558
weight: 1.51508e-05
eec: 858.212
weight: 8.94488e-06
eec: 881.852
weight: 8.25966e-07
eec: 316.633
weight: 3.45349e-05
eec: 149.387
weight: 0.000111337
eec: 525.046
weight: 3.84514e-05
eec: 797.107
weight: 9.42316e-06
eec: 412.403
weight: 3.91072e-05
eec: 250.969
weight: 1.3349e-05
eec: 132.463
weight: 0.000538771
eec: 444.879
weight: 2.00602e-05
eec: 1105.5
weight: 0.000306157
eec: 126.13
weight: 3.36207e-05
eec: 12.0902
weight: 4.86187e-05
eec: 1097.21
weight: 2.53189e-05
eec: 175.389
weight: 5.6124e-05
eec: 29.6159
weight: 1.26837e-05
eec: 604.47
weight: 0.0013237
eec: 484.93
weight: 5.24008e-05
eec: 696.415
weight: 5.62226e-06
eec: 970.332
weight: 0.000538487
eec: 122.2
weight: 3.74833e-05
eec: 129.307
weight: 8.08505e-05
eec: 11.262
weight: 8.92426e-05
eec: 996.091
weight: 2.42453e-05
eec: 167.313
weight: 6.26046e-06
eec: 1536.18
weight: 8.57538e-06
eec: 741.894
weight: 6.68616e-05
eec: 85.3255
weight: 1.56422e-06
eec: 24.5728
weight: 3.28339e-05
eec: 664.499
weight: 1.87367e-05
eec: 706.954
weight: 8.88433e-06
eec: 952.967
weight: 1.07132e-05
eec: 1941.6
weight: 1.59162e-05
eec: 27.8826
weight: 1.01923e-05
eec: 2278.01
weight: 0.000209469
eec: 201.261
weight: 5.99777e-05
eec: 441.819
weight: 6.23114e-06
eec: 1155.12
weight: 5.48401e-05
eec: 176.595
weight: 2.08585e-05
eec: 2698.05

ROOT exit code = 0
