gSystem->Load("run_condor_job_Run3_C.so");
run_condor_job_Run3(805, 100, 2,
                    80, 200,
                    1, 1, 1, 8);
.q

ENTERED run_condor_job_Run3()
JOBID = 805
  global job = 805  Job 5/100  events [300000, 360000)  total=6000000
Processing events [300000, 360000) of 6000000
Processing: 5 %weight: 0.000160982
eec: 134.668
weight: 5.82599e-05
eec: 530.25
weight: 5.91479e-06
eec: 143.08
weight: 1.23803e-05
eec: 986.107
weight: 5.80366e-06
eec: 212.151
weight: 0.000278028
eec: 37.4419
weight: 2.0912e-06
eec: 127.191
weight: 5.25539e-06
eec: 934.37
weight: 0.000176389
eec: 2273.82
weight: 7.13802e-06
eec: 957.202
weight: 7.80605e-07
eec: 348.551
weight: 5.38756e-06
eec: 244.124
weight: 2.06213e-05
eec: 913.129
weight: 4.20089e-06
eec: 82.4562
weight: 1.25093e-05
eec: 305.942
weight: 0.000247259
eec: 522.659
weight: 8.0344e-05
eec: 380.598
weight: 2.71905e-08
eec: 614.445
weight: 0.000175959
eec: 277.223
weight: 2.13014e-05
eec: 702.339
weight: 0.000162089
eec: 564.382
weight: 1.73318e-06
eec: 1461.69
weight: 3.46025e-06
eec: 15.6729
weight: 4.47663e-06
eec: 429.969
weight: 0.000311857
eec: 76.0802
weight: 0.000212737
eec: 1247.22
weight: 0.000226388
eec: 342.218
weight: 9.87318e-08
eec: 40.7467
weight: 2.42396e-06
eec: 177.218
weight: 8.96969e-06
eec: 246.544
weight: 4.21649e-06
eec: 94.673
weight: 2.24853e-05
eec: 135.484
weight: 5.43398e-05
eec: 126.257
weight: 5.66486e-06
eec: 973.449
weight: 0.000112397
eec: 827.327
weight: 1.58961e-05
eec: 2571.14
weight: 0.000234526
eec: 1281.89
weight: 8.55402e-05
eec: 1315.04
weight: 1.01951e-05
eec: 465.404
weight: 6.26196e-05
eec: 106.462
weight: 0.000167306
eec: 61.5515
weight: 7.48932e-06
eec: 531.579
weight: 1.93037e-06
eec: 123.945
weight: 1.63174e-05
eec: 676.431
weight: 2.49977e-06
eec: 772.473
weight: 7.5682e-06
eec: 859.712
weight: 8.67532e-06
eec: 71.9043
weight: 5.09028e-05
eec: 734.071
weight: 0.000136769
eec: 699.174
weight: 1.72224e-05
eec: 417.743
weight: 4.40524e-05
eec: 264.978
weight: 2.75586e-05
eec: 262.308
weight: 3.30987e-05
eec: 678.612
weight: 3.01854e-05
eec: 135.382
weight: 0.0011049
eec: 374.023
weight: 8.95057e-05
eec: 441.266
weight: 5.09296e-06
eec: 1917.22
weight: 0.000143691
eec: 29.2793
weight: 3.2064e-05
eec: 131.541
weight: 3.64334e-05
eec: 384.064
weight: 0.000628786
eec: 647.608
weight: 1.93376e-05
eec: 218.333
weight: 1.3402e-05
eec: 790.122
weight: 4.99879e-07
eec: 168.172
weight: 2.08765e-05
eec: 281.092
weight: 9.10277e-06
eec: 582.598
weight: 3.49484e-06
eec: 30.7635
weight: 9.25799e-05
eec: 509.17
weight: 4.22281e-07
eec: 705.098
weight: 4.01594e-05
eec: 166.618
weight: 1.42526e-05
eec: 416.398
weight: 1.0303e-05
eec: 154.918
weight: 2.77238e-05
eec: 967.654
weight: 2.69208e-05
eec: 47.831
weight: 5.29271e-05
eec: 1319.76
weight: 8.41815e-06
eec: 1730.05
weight: 9.55058e-07
eec: 87.9918
weight: 0.00039273
eec: 808.94
weight: 5.39878e-05
eec: 256.378
weight: 4.33468e-06
eec: 495.64
weight: 2.37682e-05
eec: 152.651
weight: 1.99048e-05
eec: 1021.07
weight: 2.24795e-05
eec: 125.226
weight: 4.6369e-05
eec: 1307.69
weight: 6.3022e-05
eec: 1208.41
weight: 1.11388e-06
eec: 612.278
weight: 6.69652e-06
eec: 405.005
weight: 3.87002e-05
eec: 541.249
weight: 1.20989e-05
eec: 1287.83
weight: 0.000435422
eec: 576.457
weight: 0.000181226
eec: 1125.43
weight: 0.000166368
eec: 446.939
weight: 0.000115517
eec: 56.8028
weight: 5.32036e-06
eec: 477.577
weight: 2.35952e-05
eec: 572.11
weight: 2.10659e-05
eec: 553.087
weight: 0.000616652
eec: 62.6465
weight: 1.1904e-05
eec: 431.165
weight: 6.56273e-06
eec: 1904.5
weight: 5.59773e-06
eec: 103.921
weight: 1.21145e-05
eec: 1256.24
weight: 5.42032e-05
eec: 28.0137
weight: 0.000197072
eec: 147.687
weight: 7.27439e-05
eec: 127.531
weight: 2.00847e-07
eec: 297.268
weight: 3.93507e-05
eec: 390.225
weight: 0.000160844
eec: 389.698
weight: 4.4706e-05
eec: 834.638
weight: 1.9004e-08
eec: 3516.55
weight: 5.98368e-05
eec: 368.045
weight: 3.25384e-07
eec: 437.078
weight: 7.5594e-05
eec: 550.382
weight: 2.22433e-05
eec: 223.942
weight: 0.000678483
eec: 383.511
weight: 3.29033e-06
eec: 111.277
weight: 6.09547e-06
eec: 875.829
weight: 1.62576e-05
eec: 213.604
weight: 0.00151554
eec: 604.029
weight: 0.000361876
eec: 665.128
weight: 0.000171949
eec: 506.874
weight: 3.52744e-05
eec: 96.5509
weight: 7.16126e-07
eec: 552.43
weight: 3.87306e-05
eec: 169.414
weight: 0.000330808
eec: 40.5685
weight: 4.76132e-06
eec: 90.3076
weight: 4.59245e-05
eec: 701.958
weight: 6.29331e-06
eec: 421.024
weight: 2.86311e-05
eec: 164.033
weight: 0.000146846
eec: 103.537
weight: 3.85705e-08
eec: 2075.61
weight: 0.000140958
eec: 908.347
weight: 2.21681e-06
eec: 100.605
weight: 5.83902e-05
eec: 330.269
weight: 6.34759e-08
eec: 447.916
weight: 9.21014e-06
eec: 167.648
weight: 5.69959e-06
eec: 256.172
weight: 0.000144624
eec: 1281.5
weight: 4.28689e-06
eec: 378.751
weight: 2.52555e-05
eec: 1029.4
weight: 0.000327949
eec: 57.7546
weight: 7.38655e-06
eec: 770.124
weight: 4.30406e-06
eec: 2884.22
weight: 0.000504113
eec: 946.763
weight: 8.62909e-05
eec: 2020.17
weight: 2.15961e-05
eec: 254.45
weight: 0.0013896
eec: 419.257
weight: 0.00164081
eec: 89.7405
weight: 7.17645e-05
eec: 548.515
weight: 0.000149651
eec: 169.424
weight: 7.45572e-05
eec: 525.733
weight: 8.79349e-05
eec: 242.835
weight: 5.52731e-05
eec: 1507.52
weight: 6.24762e-05
eec: 629.685
weight: 1.89535e-07
eec: 329.158
weight: 4.01544e-06
eec: 578.306
weight: 3.85828e-05
eec: 3588.69
weight: 4.96145e-06
eec: 436.459
weight: 6.01619e-05
eec: 45.0584
weight: 2.13019e-05
eec: 500.792
weight: 2.18798e-05
eec: 2176.62
weight: 2.73076e-05
eec: 117.885
weight: 2.35636e-05
eec: 1761.6
weight: 0.000177483
eec: 376.018
weight: 3.22719e-06
eec: 1417.84
weight: 0.00011063
eec: 132.127
weight: 8.32639e-05
eec: 1269.72
weight: 3.80608e-05
eec: 166.904
weight: 9.48885e-05
eec: 45.4553
weight: 1.32956e-05
eec: 573.654
weight: 0.000118015
eec: 9.24723
weight: 0.000175568
eec: 89.743
weight: 0.000185747
eec: 23.6375
weight: 5.09023e-06
eec: 243.382
weight: 4.27863e-05
eec: 1408.44
weight: 5.11062e-05
eec: 29.996
weight: 2.57369e-05
eec: 444.992
weight: 5.36147e-06
eec: 11.8879
weight: 0.000117072
eec: 84.2557
weight: 0.00041326
eec: 124.849
weight: 4.66547e-05
eec: 266.968
weight: 1.21627e-05
eec: 342.347
weight: 2.84349e-06
eec: 556.266
weight: 5.69594e-05
eec: 62.4214
weight: 7.47167e-05
eec: 2053.93
weight: 1.00476e-06
eec: 362.904
weight: 7.27205e-06
eec: 709.636
weight: 0.000130258
eec: 266.293
weight: 1.58839e-05
eec: 412.487
weight: 5.59612e-06
eec: 1714.09
weight: 3.44561e-05
eec: 615.17
weight: 1.54126e-05
eec: 606.092
weight: 6.48123e-06
eec: 1721.61
weight: 4.2426e-05
eec: 60.1033
weight: 7.45946e-07
eec: 76.2912
weight: 4.55189e-05
eec: 951.297
weight: 7.38667e-05
eec: 479.363
weight: 1.44777e-05
eec: 165.845
weight: 6.40178e-06
eec: 620.846
weight: 0.000125097
eec: 389.962
weight: 2.18055e-05
eec: 245.205
weight: 7.09522e-06
eec: 1819.26
Processing: 5.83333 %weight: 5.96911e-06
eec: 298.479
weight: 1.94169e-05
eec: 1075.2
weight: 0.00150524
eec: 405.083
weight: 0.000742711
eec: 163.855
weight: 0.000181732
eec: 1088.96
weight: 3.28623e-06
eec: 35.566
weight: 0.000336737
eec: 391.404
weight: 1.42815e-05
eec: 593.153
weight: 3.19829e-05
eec: 95.8817
weight: 4.20693e-07
eec: 337.436
weight: 5.43733e-05
eec: 1966.32
weight: 4.3288e-05
eec: 773.367
weight: 9.87024e-06
eec: 294.044
weight: 3.31289e-05
eec: 306.583
weight: 0.000301808
eec: 1202.63
weight: 2.59878e-06
eec: 615.062
weight: 2.79794e-05
eec: 1149.82
weight: 2.19939e-06
eec: 291.208
weight: 0.000170486
eec: 115.165
weight: 0.000945918
eec: 32.8464
weight: 0.000122224
eec: 242.511
weight: 9.8762e-05
eec: 385.748
weight: 1.63686e-05
eec: 422.474
weight: 0.000103818
eec: 716.89
weight: 1.48051e-05
eec: 95.48
weight: 8.40818e-05
eec: 1190.54
weight: 0.000115714
eec: 767.062
weight: 1.46311e-05
eec: 222.505
weight: 4.59333e-06
eec: 391.029
weight: 2.06194e-05
eec: 1652.05
weight: 0.000135701
eec: 70.769
weight: 2.7949e-06
eec: 250.439
weight: 0.000143644
eec: 746.061
weight: 0.000308287
eec: 183.401
weight: 7.91044e-05
eec: 137.021
weight: 0.000185487
eec: 190.616
weight: 2.41745e-06
eec: 296.103
weight: 0.000343235
eec: 1778.53
weight: 0.000470987
eec: 509.245
weight: 8.09281e-05
eec: 849.253
weight: 1.23722e-05
eec: 262.745
weight: 3.7159e-05
eec: 292.955
weight: 0.000534278
eec: 217.362
weight: 0.000557304
eec: 70.8677
weight: 8.29139e-05
eec: 87.3049
weight: 7.73996e-05
eec: 239.786
weight: 2.9333e-06
eec: 750.879
weight: 2.9333e-06
eec: 836.631
weight: 8.12638e-06
eec: 71.9791
weight: 8.12638e-06
eec: 959.867
weight: 0.000415288
eec: 667.322
weight: 0.000807361
eec: 837.164
weight: 0.000199869
eec: 859.496
weight: 1.42542e-05
eec: 1646.12
weight: 4.35691e-05
eec: 309.564
weight: 5.90359e-05
eec: 410.227

ROOT exit code = 0
