gSystem->Load("run_condor_job_Run3_C.so");
run_condor_job_Run3(874, 100, 2,
                    80, 200,
                    1, 1, 1, 8);
.q

ENTERED run_condor_job_Run3()
JOBID = 874
  global job = 874  Job 74/100  events [4440000, 4500000)  total=6000000
Processing events [4440000, 4500000) of 6000000
weight: 9.12959e-05
eec: 243.126
weight: 3.14578e-06
eec: 920.172
weight: 0.000106302
eec: 465.144
weight: 1.84035e-07
eec: 389.23
weight: 7.19112e-05
eec: 663.466
weight: 4.66618e-06
eec: 611.208
weight: 4.18505e-05
eec: 1522.05
weight: 5.77682e-05
eec: 74.4926
weight: 1.97399e-07
eec: 651.983
weight: 9.04248e-06
eec: 925.627
weight: 1.88182e-05
eec: 258.016
weight: 0.000491371
eec: 290.616
weight: 7.96357e-05
eec: 279.085
weight: 1.80894e-05
eec: 1057.33
weight: 7.22874e-05
eec: 630.07
weight: 4.89927e-05
eec: 1434.6
weight: 7.99533e-05
eec: 1231.5
weight: 9.50537e-05
eec: 122.565
weight: 1.53007e-07
eec: 1097.07
weight: 9.48502e-05
eec: 359.789
weight: 0.000128898
eec: 171.153
weight: 2.65327e-05
eec: 261.416
weight: 7.73282e-05
eec: 149.392
weight: 0.000239823
eec: 350.556
weight: 5.12834e-05
eec: 211.159
weight: 8.65901e-06
eec: 251.873
weight: 8.82407e-05
eec: 559.948
weight: 3.53863e-05
eec: 201.328
weight: 5.62625e-05
eec: 870.704
weight: 7.39146e-06
eec: 968.786
weight: 2.50919e-06
eec: 701.075
weight: 0.000398301
eec: 95.2501
weight: 2.8768e-07
eec: 38.4226
weight: 0.000155699
eec: 485.081
weight: 1.01981e-05
eec: 70.6864
weight: 9.91209e-06
eec: 515.577
weight: 8.89052e-06
eec: 417.837
weight: 7.77579e-06
eec: 147.411
weight: 2.68186e-06
eec: 19.9909
weight: 2.98908e-05
eec: 204.774
weight: 1.18339e-07
eec: 699.305
weight: 1.63918e-05
eec: 216.143
weight: 1.61947e-05
eec: 297.577
weight: 1.64187e-06
eec: 242.005
weight: 2.58012e-05
eec: 76.434
weight: 0.000445582
eec: 1028.03
weight: 1.10662e-05
eec: 209.483
weight: 0.00481583
eec: 522.386
weight: 5.83765e-06
eec: 1092.47
weight: 1.30037e-05
eec: 297.872
weight: 1.45819e-06
eec: 2174.18
weight: 3.768e-06
eec: 696.995
weight: 2.60975e-05
eec: 510.422
Processing: 74.1667 %weight: 1.92338e-05
eec: 231.978
weight: 7.1998e-05
eec: 196.226
weight: 1.09188e-05
eec: 940.519
weight: 2.19149e-06
eec: 55.8863
weight: 0.000247816
eec: 1306.8
weight: 1.6025e-05
eec: 11.4551
weight: 0.000110132
eec: 67.9121
weight: 4.18252e-06
eec: 346.484
weight: 4.18252e-06
eec: 923.813
weight: 1.29145e-05
eec: 453.143
weight: 3.7558e-05
eec: 2057.02
weight: 7.36803e-05
eec: 2567.92
weight: 3.55217e-06
eec: 85.4065
weight: 1.77407e-05
eec: 353.223
weight: 2.80556e-06
eec: 2454.61
weight: 0.000329401
eec: 630.817
weight: 8.08699e-06
eec: 52.3272
weight: 0.000304976
eec: 878.498
weight: 6.73634e-05
eec: 83.606
weight: 0.000126502
eec: 945.404
weight: 0.0003632
eec: 403.564
weight: 4.48466e-05
eec: 50.9747
weight: 3.78886e-05
eec: 1045.18
weight: 7.48283e-05
eec: 410.864
weight: 0.000264505
eec: 278.288
weight: 7.73851e-05
eec: 836.668
weight: 0.000524258
eec: 70.8409
weight: 9.27152e-06
eec: 383.929
weight: 4.82725e-06
eec: 1275.84
weight: 8.74372e-05
eec: 72.1847
weight: 0.000241187
eec: 365.586
weight: 1.5652e-06
eec: 666.744
weight: 6.75698e-06
eec: 1271
weight: 5.33217e-05
eec: 416.577
weight: 5.37643e-06
eec: 452.63
weight: 5.35038e-05
eec: 875.801
weight: 0.000258138
eec: 720.598
weight: 7.63607e-06
eec: 2979.83
weight: 5.17144e-05
eec: 1670.2
weight: 6.33532e-05
eec: 148.498
weight: 1.55669e-06
eec: 228.862
weight: 4.46668e-05
eec: 728.621
weight: 0.000152169
eec: 43.6191
weight: 0.000328562
eec: 163.933
weight: 2.29721e-05
eec: 725.123
weight: 3.4506e-05
eec: 510.958
weight: 1.69318e-05
eec: 315.966
weight: 8.22063e-07
eec: 807.211
weight: 7.72379e-05
eec: 368.34
weight: 1.31296e-05
eec: 651.675
weight: 0.000126849
eec: 581.19
weight: 4.26888e-05
eec: 706.339
weight: 0.000218341
eec: 204.436
weight: 1.58952e-06
eec: 504.338
weight: 2.60325e-05
eec: 131.683
weight: 7.21621e-05
eec: 94.0601
weight: 2.44492e-05
eec: 296.58
weight: 5.10383e-05
eec: 1360.35
weight: 2.56461e-05
eec: 645.203
weight: 0.000120969
eec: 1143.51
weight: 8.73627e-05
eec: 1247.45
weight: 1.48917e-05
eec: 151.203
weight: 3.69204e-07
eec: 240.598
weight: 6.95749e-05
eec: 76.3397
weight: 8.63232e-07
eec: 3370.38
weight: 3.59538e-05
eec: 267.988
weight: 1.88845e-07
eec: 454.607
weight: 6.19365e-06
eec: 714.473
weight: 0.000208252
eec: 862.667
weight: 2.4836e-06
eec: 269.779
weight: 4.89989e-05
eec: 362.363
weight: 4.89989e-05
eec: 1147.58
weight: 5.3954e-05
eec: 155.465
weight: 2.01551e-05
eec: 133.796
weight: 9.18796e-05
eec: 410.991
weight: 8.77019e-07
eec: 73.0119
weight: 1.70869e-05
eec: 118.834
weight: 3.96475e-05
eec: 544.86
weight: 1.1973e-05
eec: 42.9516
weight: 0.000128632
eec: 1393.19
weight: 5.33068e-05
eec: 260.731
weight: 6.36137e-05
eec: 217.656
weight: 1.68123e-06
eec: 177.516
weight: 1.93947e-05
eec: 64.3155
weight: 1.47933e-05
eec: 141.269
weight: 3.44401e-05
eec: 902.66
weight: 5.04292e-05
eec: 273.125
weight: 0.000472082
eec: 855.716
weight: 4.18251e-06
eec: 280.863
weight: 5.56054e-07
eec: 2246.71
weight: 2.81669e-05
eec: 2055.16
weight: 0.000175253
eec: 747.234
weight: 3.20087e-05
eec: 634.286
weight: 5.31681e-06
eec: 9.63559
weight: 1.83765e-06
eec: 187.337
weight: 2.00511e-05
eec: 548.083
weight: 7.7122e-06
eec: 687.224
weight: 7.29397e-05
eec: 564.095
weight: 0.000269931
eec: 255.501
weight: 0.000189658
eec: 114.492
weight: 6.49914e-05
eec: 1061.2
weight: 3.78892e-06
eec: 3372.7
weight: 0.000495399
eec: 17.536
weight: 0.000200526
eec: 715.839
weight: 9.89251e-07
eec: 20.4607
weight: 1.05636e-05
eec: 1390.87
weight: 4.52794e-05
eec: 28.27
weight: 0.000105652
eec: 72.2374
weight: 7.51968e-05
eec: 981.081
weight: 2.17753e-05
eec: 426.814
weight: 3.05137e-07
eec: 39.993
weight: 3.47337e-05
eec: 308.868
weight: 8.58361e-06
eec: 832.361
weight: 0.000121919
eec: 754.882
weight: 5.00325e-08
eec: 1447.43
weight: 1.40449e-05
eec: 1933.98
weight: 5.02542e-06
eec: 195.694
weight: 1.32086e-05
eec: 336.164
weight: 3.44913e-05
eec: 152.294
weight: 1.27073e-05
eec: 1032.97
weight: 0.000403788
eec: 551.675
weight: 1.67639e-07
eec: 428.263
weight: 0.00023926
eec: 182.495
weight: 1.97091e-05
eec: 95.8931
weight: 3.86774e-06
eec: 284.132
weight: 9.73116e-06
eec: 104.403
weight: 0.000656481
eec: 874.719
weight: 0.000114175
eec: 406.376
weight: 2.03724e-07
eec: 228.699
weight: 2.33533e-05
eec: 324.948
weight: 5.19824e-05
eec: 179.852
weight: 3.56768e-05
eec: 248.302
weight: 2.57532e-05
eec: 994.375
weight: 2.47369e-05
eec: 530.177
weight: 5.67843e-06
eec: 1067.14
weight: 0.000241315
eec: 247.041
weight: 1.96159e-06
eec: 92.9051
weight: 8.87071e-05
eec: 617.372
weight: 4.69336e-05
eec: 85.3958
weight: 1.03576e-05
eec: 247.188
weight: 5.06242e-06
eec: 213.028
weight: 0.00240658
eec: 482.117
weight: 0.000127052
eec: 269.008
weight: 0.000284272
eec: 818.571
weight: 4.01014e-09
eec: 406.066
weight: 1.40753e-05
eec: 588.041
weight: 7.54597e-05
eec: 479.188
weight: 1.91665e-05
eec: 1754.86
weight: 1.06138e-05
eec: 251.146
weight: 1.23912e-05
eec: 23.8897
weight: 4.11378e-05
eec: 1436.33
weight: 5.57197e-06
eec: 2802.26
weight: 9.22143e-06
eec: 168.135
weight: 2.38375e-05
eec: 740.109
weight: 0.000277955
eec: 1120.93
weight: 3.504e-06
eec: 965.266
weight: 2.69183e-06
eec: 573.068
weight: 2.33043e-05
eec: 749.37
weight: 3.14568e-05
eec: 648.442
weight: 0.000111845
eec: 204.74
weight: 6.50885e-06
eec: 217.276
weight: 1.40695e-06
eec: 1399.88
weight: 7.23208e-05
eec: 341.165
weight: 1.13398e-06
eec: 1062.38
weight: 0.000548629
eec: 104.907
weight: 9.26045e-06
eec: 788.98
weight: 6.97121e-06
eec: 352.026
weight: 2.85592e-05
eec: 1161.38
weight: 1.9462e-05
eec: 213.814
weight: 3.416e-08
eec: 111.256
weight: 2.25698e-05
eec: 2616
weight: 9.80635e-06
eec: 1156.83
weight: 0.000108026
eec: 190.702
weight: 7.72993e-05
eec: 89.1106
weight: 1.50046e-06
eec: 446.82
weight: 6.85249e-05
eec: 437.899
weight: 2.78299e-05
eec: 197.938
weight: 3.91193e-06
eec: 39.9116
weight: 9.26938e-06
eec: 133.996
weight: 0.000413061
eec: 460.758
weight: 9.69334e-06
eec: 456.992
weight: 1.57225e-06
eec: 290.503
weight: 7.30391e-05
eec: 182.065
weight: 0.000533408
eec: 552.288
weight: 4.38987e-07
eec: 781.125
weight: 2.57988e-06
eec: 88.3113
weight: 8.88146e-07
eec: 348.066
weight: 1.07738e-05
eec: 24.5395
weight: 8.14376e-05
eec: 602.206
weight: 0.000136577
eec: 403.719
weight: 0.000188239
eec: 205.95
weight: 1.61052e-05
eec: 181.179
weight: 3.84297e-05
eec: 46.263
weight: 3.79271e-05
eec: 729.974

ROOT exit code = 0
