gSystem->Load("run_condor_job_Run3_C.so");
run_condor_job_Run3(224, 100, 2,
                    80, 200,
                    1, 1, 1, 2);
.q

ENTERED run_condor_job_Run3()
JOBID = 224
  global job = 224  Job 24/100  events [1440000, 1500000)  total=6000000
Processing events [1440000, 1500000) of 6000000
weight: 4.54981e-06
eec: 1023.96
weight: 2.82388e-06
eec: 541.831
weight: 1.64444e-05
eec: 642.729
weight: 2.5583e-08
eec: 136.426
weight: 2.90528e-05
eec: 683.29
weight: 2.90059e-05
eec: 1032.94
weight: 2.25713e-07
eec: 448.473
weight: 2.57106e-06
eec: 226.254
weight: 8.88353e-05
eec: 143.668
weight: 6.30524e-06
eec: 282.663
weight: 1.8579e-05
eec: 282.432
weight: 1.11864e-05
eec: 663.083
weight: 9.09176e-06
eec: 805.866
weight: 4.8365e-05
eec: 892.11
weight: 4.45833e-05
eec: 199.888
weight: 1.58922e-06
eec: 165.705
weight: 1.25537e-05
eec: 940.051
weight: 5.56104e-06
eec: 378.93
weight: 2.08997e-05
eec: 335.021
weight: 4.97857e-05
eec: 68.2533
weight: 6.62347e-05
eec: 170.731
weight: 9.54819e-06
eec: 348.747
weight: 0.00011319
eec: 730.889
weight: 4.55767e-05
eec: 28.3977
weight: 5.35908e-05
eec: 77.4798
weight: 4.58225e-06
eec: 291.573
weight: 1.37649e-06
eec: 732.222
weight: 2.57085e-06
eec: 242.657
weight: 2.63237e-05
eec: 303.966
weight: 2.49827e-05
eec: 269.82
weight: 5.75133e-05
eec: 934.434
weight: 0.000136947
eec: 253.889
weight: 8.61519e-05
eec: 804.183
weight: 9.66262e-06
eec: 219.896
weight: 2.93898e-06
eec: 504.421
weight: 0.000150354
eec: 24.7501
weight: 0.000221465
eec: 1193.87
weight: 8.76182e-05
eec: 288.186
weight: 9.90801e-05
eec: 93.0079
weight: 0.000203963
eec: 25.9315
weight: 1.7917e-06
eec: 1279.17
weight: 4.65332e-05
eec: 128.022
weight: 1.00392e-05
eec: 1097.74
Processing: 24.1667 %weight: 6.0739e-06
eec: 170.852
weight: 0.00100586
eec: 292.305
weight: 1.15577e-05
eec: 744.817
weight: 0.000413445
eec: 97.5821
weight: 0.00021098
eec: 141.622
weight: 1.37365e-05
eec: 60.823
weight: 0.000191839
eec: 1343.16
weight: 3.96116e-05
eec: 211.084
weight: 0.00071871
eec: 1609.54
weight: 8.35838e-07
eec: 52.0149
weight: 3.43231e-05
eec: 387.379
weight: 6.57736e-05
eec: 51.1467
weight: 5.99157e-05
eec: 395.025
weight: 1.88061e-05
eec: 135.845
weight: 1.58809e-06
eec: 3819.25
weight: 0.000150197
eec: 596.823
weight: 2.15073e-06
eec: 457.651
weight: 1.45452e-07
eec: 254.586
weight: 1.36581e-05
eec: 121.268
weight: 4.75801e-05
eec: 626.582
weight: 3.39458e-05
eec: 107.031
weight: 3.15896e-06
eec: 185.129
weight: 5.94445e-06
eec: 1828.29
weight: 1.3946e-05
eec: 597.441
weight: 1.36885e-05
eec: 1286
weight: 9.97078e-07
eec: 214.021
weight: 4.35114e-07
eec: 114.503
weight: 2.79041e-06
eec: 219.474
weight: 2.18009e-05
eec: 264.862
weight: 2.01704e-05
eec: 215.51
weight: 7.74954e-06
eec: 166.083
weight: 4.7182e-05
eec: 213.281
weight: 2.46276e-05
eec: 148.917
weight: 0.000431222
eec: 292.347
weight: 0.000136214
eec: 276.818
weight: 2.50018e-05
eec: 14.2063
weight: 3.74413e-05
eec: 470.685
weight: 1.15466e-05
eec: 34.4023
weight: 4.30537e-06
eec: 1550.32
weight: 4.43154e-05
eec: 275.869
weight: 3.15538e-08
eec: 417.119
weight: 4.10017e-05
eec: 48.6912
weight: 3.35691e-07
eec: 372.985
weight: 1.12042e-05
eec: 146.07
weight: 3.43857e-05
eec: 420.883
weight: 8.6488e-05
eec: 369.608
weight: 3.22093e-06
eec: 36.9066
weight: 2.21873e-05
eec: 414.519
weight: 0.000110011
eec: 237.47
weight: 0.000270098
eec: 843.477
weight: 2.95329e-05
eec: 312.716
weight: 9.4478e-05
eec: 319.628
weight: 4.57048e-06
eec: 1327.83
weight: 0.000356309
eec: 94.4255
weight: 4.63377e-07
eec: 588.08
weight: 8.09406e-06
eec: 1132.55
weight: 0.00010504
eec: 134.053
weight: 6.99557e-06
eec: 534.024
weight: 0.000107415
eec: 59.4631
weight: 2.2113e-06
eec: 1157.65
weight: 0.000288233
eec: 72.422
weight: 2.20433e-05
eec: 3103.21
weight: 7.70373e-06
eec: 55.1358
weight: 2.94078e-05
eec: 149.442
weight: 2.28696e-06
eec: 13.0557
weight: 1.21409e-05
eec: 186.03
weight: 6.51314e-06
eec: 102.357
weight: 2.69396e-06
eec: 154.614
weight: 0.000182421
eec: 380.403
weight: 9.31152e-06
eec: 53.681
weight: 1.15713e-05
eec: 154.029
weight: 5.89378e-05
eec: 46.7018
weight: 3.98236e-06
eec: 796.905
weight: 0.00021019
eec: 440.147
weight: 4.82335e-05
eec: 170.184
weight: 2.87176e-05
eec: 292.17
weight: 6.85449e-06
eec: 149.088
weight: 4.86535e-05
eec: 964.153
weight: 1.20961e-06
eec: 160.561
weight: 0.000294511
eec: 427.693
weight: 0.000551733
eec: 1075.61
weight: 1.05036e-05
eec: 180.631
weight: 1.05036e-05
eec: 179.507
weight: 4.29492e-06
eec: 912.413
weight: 2.8558e-05
eec: 145.066
weight: 8.91671e-06
eec: 139.172
weight: 0.000164952
eec: 673.338
weight: 3.08352e-05
eec: 861.606
weight: 1.07215e-05
eec: 651.896
weight: 6.96046e-05
eec: 150.781
weight: 1.14576e-05
eec: 964.45
weight: 4.05622e-05
eec: 314.332
weight: 2.54195e-06
eec: 1084.56
weight: 6.87704e-06
eec: 72.2073
weight: 4.31566e-06
eec: 1094.07
weight: 2.92062e-06
eec: 50.8505
weight: 0.000235936
eec: 299.061
weight: 0.000297449
eec: 774.328
weight: 0.000200305
eec: 84.4528
weight: 1.04847e-05
eec: 567.715
weight: 0.000284821
eec: 412.868
weight: 0.000108962
eec: 334.856
weight: 9.0173e-05
eec: 147.053
weight: 3.22626e-05
eec: 627.978
weight: 1.31118e-05
eec: 27.3516
weight: 1.0638e-05
eec: 1532.9
weight: 1.67948e-05
eec: 289.1
weight: 7.55464e-06
eec: 2373.29
weight: 1.11862e-06
eec: 31.4256
weight: 8.87131e-06
eec: 1656.58
weight: 0.000118322
eec: 108.142
weight: 2.44007e-05
eec: 738.085
weight: 2.27577e-07
eec: 136.325
weight: 0.000324798
eec: 361.606
weight: 8.02367e-05
eec: 912.071
weight: 3.49375e-06
eec: 442.75
weight: 8.48961e-06
eec: 382.569
weight: 7.26052e-06
eec: 123.064
weight: 0.000175559
eec: 1163.97
weight: 2.05253e-06
eec: 477.706
weight: 1.80845e-05
eec: 89.4524
weight: 0.000103564
eec: 344.971
weight: 7.90208e-06
eec: 750.859
weight: 8.0079e-06
eec: 105.898
weight: 0.000137401
eec: 228.61
weight: 4.0461e-05
eec: 419.011
weight: 1.8897e-05
eec: 423.34
weight: 4.6016e-05
eec: 1328.06
weight: 4.16151e-08
eec: 3335.38
weight: 7.4467e-05
eec: 184.166
weight: 1.55608e-08
eec: 706.066
weight: 0.000523055
eec: 644.104
weight: 6.38291e-06
eec: 596.808
weight: 8.62262e-05
eec: 2023.39
weight: 1.52067e-05
eec: 2159.05
weight: 2.78131e-05
eec: 46.3886
weight: 8.44217e-06
eec: 150.666
weight: 0.000147289
eec: 356.128
weight: 4.23494e-05
eec: 72.0618
weight: 8.16115e-06
eec: 248.308
weight: 8.63077e-06
eec: 769.998
weight: 4.7294e-05
eec: 208.694
weight: 1.71265e-05
eec: 1396.37
weight: 1.83607e-05
eec: 1787.25
weight: 2.04849e-05
eec: 341.133
weight: 2.46192e-05
eec: 777.243
weight: 2.25068e-06
eec: 3780.01
weight: 5.03161e-05
eec: 141.787
weight: 1.47348e-05
eec: 181.024
weight: 8.30354e-08
eec: 1067.1
weight: 1.33226e-05
eec: 326.189
weight: 1.09777e-05
eec: 771.308
weight: 1.52768e-05
eec: 91.8109
weight: 1.11164e-05
eec: 55.4332
weight: 1.96795e-05
eec: 974.746
weight: 1.11509e-05
eec: 1435.5
weight: 1.41673e-06
eec: 255.644
weight: 6.0986e-05
eec: 42.7516
weight: 1.50945e-05
eec: 554.367
weight: 4.29741e-05
eec: 1616.05
weight: 8.77965e-06
eec: 426.05
weight: 0.00113474
eec: 45.092
weight: 6.2974e-06
eec: 773.906
weight: 2.1225e-05
eec: 392.431
weight: 5.13449e-05
eec: 1561.39
weight: 0.00020444
eec: 66.0718
weight: 0.00075349
eec: 854.378
weight: 4.2894e-05
eec: 145.063
weight: 8.26684e-08
eec: 960.297
weight: 1.35409e-05
eec: 2003.73
weight: 3.68742e-06
eec: 882.865
weight: 6.3368e-05
eec: 137.889
weight: 1.76022e-05
eec: 195.444
weight: 3.071e-06
eec: 145.907
weight: 5.18781e-06
eec: 30.8779
weight: 1.32571e-07
eec: 201.826
weight: 4.91208e-07
eec: 144.331
weight: 0.000131799
eec: 971.388
weight: 9.68836e-05
eec: 129.647
weight: 1.0224e-05
eec: 207.683
weight: 6.0071e-06
eec: 355.346
weight: 9.03495e-05
eec: 743.153
weight: 0.000497719
eec: 228.877
weight: 5.94656e-06
eec: 344.725
weight: 0.000211015
eec: 829.229
weight: 7.6805e-05
eec: 163.269
weight: 0.000125239
eec: 1064.67
weight: 2.57384e-05
eec: 100.35
weight: 0.000288952
eec: 711.519
weight: 2.67348e-05
eec: 45.0776
weight: 3.38685e-05
eec: 2574.61
weight: 0.0001027
eec: 158.717
weight: 6.98119e-05
eec: 1565.53
weight: 1.44548e-05
eec: 225.244
weight: 0.000101876
eec: 606.589
weight: 8.20775e-05
eec: 1267.37
weight: 0.000132892
eec: 153.988
weight: 0.000114858
eec: 83.1617
weight: 4.48988e-06
eec: 2000.27
weight: 0.000503018
eec: 177.329
weight: 0.00015366
eec: 478.953
weight: 1.4394e-05
eec: 432.298
weight: 0.000150783
eec: 321.241
weight: 1.5032e-05
eec: 1021.6
weight: 7.45768e-05
eec: 552.043
weight: 5.46231e-06
eec: 764.796

ROOT exit code = 0
