gSystem->Load("run_condor_job_Run3_C.so");
run_condor_job_Run3(129, 100, 2,
                    80, 200,
                    1, 1, 1, 1);
.q

ENTERED run_condor_job_Run3()
JOBID = 129
  global job = 129  Job 29/100  events [1699980, 1758600)  total=5862000
Processing events [1699980, 1758600) of 5862000
Processing: 29.0003 %weight: 0.000135462
eec: 188.882
weight: 1.18993e-08
eec: 447.254
weight: 0.00012637
eec: 196.848
weight: 5.92264e-05
eec: 173.502
weight: 2.62704e-05
eec: 1168.03
weight: 2.69961e-05
eec: 143.268
weight: 6.22095e-06
eec: 140.706
weight: 1.05581e-05
eec: 133.81
weight: 4.68418e-06
eec: 428.583
weight: 0.000249628
eec: 114.751
weight: 2.4861e-05
eec: 1266.33
weight: 0.000138356
eec: 442.607
weight: 3.05171e-06
eec: 313.139
weight: 1.00832e-05
eec: 502.598
weight: 4.80429e-06
eec: 2518.39
weight: 6.15926e-06
eec: 356.457
weight: 1.70563e-05
eec: 65.7331
weight: 2.08209e-05
eec: 434.915
weight: 1.37829e-05
eec: 1394.45
weight: 1.59105e-08
eec: 353.044
weight: 0.000168581
eec: 91.1142
weight: 2.31522e-05
eec: 163.311
weight: 0.000340559
eec: 46.0878
weight: 3.93587e-05
eec: 545.32
weight: 6.37211e-06
eec: 230.424
weight: 0.000370855
eec: 835.656
weight: 0.000425509
eec: 108.825
weight: 1.93802e-06
eec: 299.217
weight: 0.000117877
eec: 381.819
weight: 8.55019e-06
eec: 75.8141
weight: 4.72217e-06
eec: 461.684
weight: 2.62311e-05
eec: 113.08
weight: 1.76534e-05
eec: 273.822
weight: 1.4645e-05
eec: 261.931
weight: 5.16285e-05
eec: 271.787
weight: 4.62787e-06
eec: 2959.93
weight: 0.00031423
eec: 350.907
weight: 0.000202189
eec: 17.3576
weight: 1.60207e-05
eec: 1443.95
weight: 5.74441e-06
eec: 769.785
weight: 4.90975e-07
eec: 438.976
weight: 8.62844e-05
eec: 226.5
weight: 7.817e-05
eec: 90.3576
weight: 6.87656e-06
eec: 92.0185
weight: 2.52566e-05
eec: 314.607
weight: 0.000101982
eec: 2113.66
weight: 1.07819e-05
eec: 93.2718
weight: 0.000157236
eec: 444.137
weight: 4.57293e-06
eec: 511.299
weight: 2.7583e-06
eec: 3220.86
weight: 4.37255e-05
eec: 22.7102
weight: 4.69577e-06
eec: 154.34
weight: 5.28511e-05
eec: 697.497
weight: 1.14659e-05
eec: 203.112
weight: 5.54731e-06
eec: 8.10961
weight: 7.75471e-05
eec: 980.281
weight: 0.000616344
eec: 77.6598
weight: 1.30099e-05
eec: 863.493
weight: 7.54212e-06
eec: 932.049
weight: 1.05484e-05
eec: 1407.32
weight: 2.12524e-05
eec: 461.241
weight: 2.08784e-05
eec: 145.164
weight: 2.53053e-05
eec: 454.467
weight: 5.11113e-06
eec: 183.047
weight: 3.43315e-05
eec: 394.314
weight: 1.69309e-05
eec: 1350.05
weight: 3.235e-05
eec: 328.465
weight: 1.69934e-05
eec: 642.743
weight: 1.39187e-05
eec: 826.401
weight: 7.64699e-05
eec: 228.448
weight: 1.14755e-07
eec: 613.828
weight: 0.000749225
eec: 101.851
weight: 3.7703e-05
eec: 2054.48
weight: 8.9082e-05
eec: 303.653
weight: 1.77844e-05
eec: 324.141
weight: 5.18305e-05
eec: 109.479
weight: 3.07132e-06
eec: 119.906
weight: 2.27238e-05
eec: 881.757
weight: 2.11516e-05
eec: 55.1978
weight: 8.35027e-07
eec: 39.8759
weight: 1.81038e-05
eec: 1656.58
weight: 1.26663e-05
eec: 121.689
weight: 1.31725e-05
eec: 162.502
weight: 8.15631e-05
eec: 285.363
weight: 0.000106107
eec: 22.2047
weight: 5.14235e-08
eec: 308.685
weight: 1.95595e-05
eec: 78.1066
weight: 3.31955e-06
eec: 194.251
weight: 0.000711236
eec: 609.81
weight: 0.000121953
eec: 1454.06
weight: 2.6058e-07
eec: 9.06906
weight: 2.54037e-05
eec: 1516.54
weight: 3.35961e-05
eec: 21.7266
weight: 2.04316e-05
eec: 2386.5
weight: 5.47787e-06
eec: 581.745
weight: 3.80309e-06
eec: 75.2656
weight: 0.000207994
eec: 99.7467
weight: 4.19325e-05
eec: 759.516
weight: 1.56153e-07
eec: 1722.34
weight: 5.93844e-05
eec: 1054.22
weight: 6.61087e-05
eec: 574.864
weight: 0.000145392
eec: 154.081
weight: 4.25509e-05
eec: 241.286
weight: 0.00083316
eec: 554.258
weight: 2.1469e-06
eec: 72.5295
weight: 4.17021e-05
eec: 628.703
weight: 5.00481e-05
eec: 175.025
weight: 9.61553e-06
eec: 401.263
weight: 4.62316e-06
eec: 1831.17
weight: 7.42245e-05
eec: 1002.26
weight: 8.12575e-06
eec: 294.201
weight: 0.000115504
eec: 374.773
weight: 2.88784e-05
eec: 462.381
weight: 0.00016996
eec: 837.982
weight: 1.09668e-07
eec: 954.264
weight: 1.91967e-05
eec: 1176.51
weight: 7.82578e-06
eec: 840.819
weight: 1.33766e-05
eec: 1250.84
weight: 2.19091e-05
eec: 606.801
weight: 1.44472e-05
eec: 1650.51
weight: 6.42855e-05
eec: 216.956
weight: 0.000191156
eec: 371.634
weight: 4.0005e-05
eec: 401.741
weight: 1.61741e-05
eec: 1069.71
weight: 0.000306467
eec: 40.8747
weight: 4.40966e-06
eec: 2225.73
weight: 4.21213e-05
eec: 611.072
weight: 5.17359e-05
eec: 62.0145
weight: 1.56617e-05
eec: 2094.65
weight: 7.97597e-06
eec: 1309.05
weight: 3.03355e-05
eec: 251.93
weight: 1.32897e-05
eec: 404.23
weight: 9.46028e-06
eec: 95.6719
weight: 2.65109e-06
eec: 731.794
weight: 5.7699e-06
eec: 130.286
weight: 3.63215e-05
eec: 935.823
weight: 2.06305e-05
eec: 1194.59
weight: 0.000118055
eec: 581.902
weight: 3.18906e-06
eec: 974.651
weight: 1.4013e-05
eec: 2449.41
weight: 2.95818e-06
eec: 800.092
weight: 1.42451e-05
eec: 1501.1
weight: 0.000211599
eec: 226.989
weight: 7.33262e-06
eec: 726.35
weight: 7.10819e-06
eec: 238.971
weight: 8.88858e-05
eec: 421.023
weight: 3.12891e-06
eec: 695.813
weight: 5.33328e-06
eec: 780.71
weight: 0.000176203
eec: 358.269
weight: 6.24568e-05
eec: 116.079
weight: 3.56023e-05
eec: 261.607
weight: 0.000488641
eec: 1570.47
weight: 2.06487e-06
eec: 124.624
weight: 0.000173565
eec: 822.31
weight: 7.02438e-05
eec: 198.095
weight: 0.000241669
eec: 180.757
weight: 8.52534e-07
eec: 548.813
weight: 7.39643e-05
eec: 368.883
weight: 0.000169256
eec: 527.085
weight: 4.06579e-06
eec: 39.9585
weight: 0.00028808
eec: 54.0967
weight: 1.06877e-05
eec: 704.079
weight: 4.49684e-05
eec: 439.015
weight: 4.69807e-06
eec: 647.173
weight: 6.23266e-07
eec: 2524.45
weight: 2.06366e-05
eec: 587.024
weight: 0.000107157
eec: 478.147
weight: 5.58587e-05
eec: 1903.83
weight: 0.000111532
eec: 36.0677
weight: 0.000134693
eec: 547.618
weight: 5.30588e-05
eec: 489.821
weight: 8.25443e-05
eec: 169.052
weight: 1.7105e-05
eec: 476.641
weight: 1.7105e-05
eec: 1166.47
weight: 2.20013e-05
eec: 31.4202
weight: 0.000141923
eec: 276.013
weight: 0.000186966
eec: 775.884
weight: 1.6407e-06
eec: 1381.63
weight: 2.33343e-05
eec: 238.517
weight: 0.00142146
eec: 31.3893
weight: 0.000148608
eec: 177.083
weight: 1.41712e-05
eec: 1315.63
weight: 2.49008e-05
eec: 718.861
weight: 3.42088e-06
eec: 923.051
weight: 0.000193479
eec: 20.8009
weight: 0.000277981
eec: 91.6618
weight: 7.52957e-06
eec: 294.978
weight: 9.51647e-06
eec: 2427.9
weight: 2.37212e-05
eec: 230.878
weight: 0.000197438
eec: 66.9358
weight: 1.11621e-05
eec: 826.021
weight: 9.11633e-05
eec: 1079.59
weight: 5.44582e-05
eec: 1483.34
weight: 0.00018378
eec: 294.153
weight: 2.55679e-05
eec: 678.323
weight: 6.91393e-05
eec: 258.001
weight: 4.6841e-05
eec: 333.888
weight: 1.6705e-06
eec: 682.476
weight: 0.000187186
eec: 158.829
weight: 9.33742e-06
eec: 24.0676
weight: 0.000117664
eec: 1165.03
weight: 3.55797e-05
eec: 407.803
weight: 4.03418e-05
eec: 1433.12
weight: 0.00107163
eec: 372.287
Processing: 29.8533 %weight: 4.89001e-06
eec: 836.32
weight: 3.02068e-06
eec: 91.0835
weight: 0.000162946
eec: 413.636
weight: 2.65326e-05
eec: 292.98
weight: 0.000115993
eec: 250.005
weight: 0.000320481
eec: 194.869
weight: 0.000103511
eec: 620.148
weight: 0.000217768
eec: 827.03
weight: 5.71453e-05
eec: 956.392
weight: 0.000406958
eec: 263.336
weight: 2.5007e-05
eec: 612.031
weight: 8.81747e-06
eec: 115.507
weight: 7.51901e-05
eec: 69.8861
weight: 0.000599912
eec: 320.045
weight: 1.75473e-05
eec: 296.547
weight: 9.02267e-06
eec: 1225.56
weight: 5.61954e-08
eec: 201.653
weight: 4.34386e-07
eec: 488.232
weight: 0.000170143
eec: 856.126
weight: 2.21827e-05
eec: 598.291
weight: 8.8479e-06
eec: 2963.59
weight: 7.79084e-06
eec: 328.165
weight: 7.25691e-05
eec: 225.508
weight: 9.97407e-05
eec: 126.839
weight: 0.000241682
eec: 888.452
weight: 3.10133e-06
eec: 3.76177
weight: 4.57333e-05
eec: 1034.66
weight: 4.70969e-06
eec: 720.103
weight: 0.000127865
eec: 150.363
weight: 3.99641e-05
eec: 1100.49

ROOT exit code = 0
