gSystem->Load("run_condor_job_Run3_C.so");
run_condor_job_Run3(420, 100, 2,
                    80, 200,
                    1, 1, 1, 4);
.q

ENTERED run_condor_job_Run3()
JOBID = 420
  global job = 420  Job 20/100  events [1179600, 1238580)  total=5898000
Processing events [1179600, 1238580) of 5898000
weight: 8.62827e-06
eec: 69.7043
weight: 0.000110618
eec: 58.441
weight: 1.18531e-05
eec: 227.14
weight: 2.40162e-05
eec: 383.796
weight: 7.52539e-06
eec: 207.19
weight: 3.69886e-05
eec: 393.199
weight: 9.48826e-05
eec: 298.795
weight: 2.01719e-06
eec: 1226.97
weight: 0.000176446
eec: 23.6049
weight: 1.11934e-05
eec: 349.081
weight: 0.000176261
eec: 303.954
weight: 0.00025144
eec: 30.1246
weight: 1.93165e-05
eec: 105.508
weight: 1.16667e-05
eec: 738.798
weight: 1.63123e-05
eec: 1525.76
weight: 0.000884396
eec: 870.008
weight: 1.29026e-05
eec: 737.047
weight: 1.47562e-05
eec: 2295.76
weight: 2.86284e-05
eec: 334.609
weight: 4.71922e-05
eec: 311.868
weight: 0.00041187
eec: 1127.28
weight: 1.30021e-05
eec: 946.95
weight: 0.000264694
eec: 161.142
weight: 3.66507e-05
eec: 1371.89
weight: 1.89658e-05
eec: 56.0181
weight: 4.69492e-06
eec: 2800.12
weight: 2.53947e-06
eec: 515.241
weight: 1.64867e-05
eec: 1297.39
weight: 5.71134e-06
eec: 699.147
weight: 0.00123697
eec: 243.086
weight: 3.22675e-05
eec: 1491.72
weight: 1.14645e-06
eec: 1340.37
weight: 5.92215e-05
eec: 998.728
weight: 8.50196e-09
eec: 212.454
weight: 2.48574e-05
eec: 374.381
weight: 0.000144733
eec: 371.96
weight: 1.06675e-06
eec: 414.891
weight: 0.000253242
eec: 309.368
weight: 1.26242e-06
eec: 475.986
weight: 8.98068e-06
eec: 754.111
weight: 4.06357e-05
eec: 417.693
weight: 2.48917e-05
eec: 254.349
weight: 3.46069e-06
eec: 126.658
weight: 2.16159e-05
eec: 1015.55
weight: 1.5378e-05
eec: 773.041
weight: 1.55966e-06
eec: 611.061
weight: 1.30453e-05
eec: 3104.23
weight: 7.88776e-06
eec: 322.115
weight: 3.75698e-05
eec: 145.511
weight: 0.000241112
eec: 169.803
weight: 1.39707e-06
eec: 197.437
weight: 9.20912e-07
eec: 782.279
weight: 6.04257e-05
eec: 332.007
weight: 3.69233e-06
eec: 29.5013
weight: 6.01811e-06
eec: 281.179
weight: 0.000179944
eec: 176.934
weight: 1.96096e-05
eec: 245.812
weight: 1.43858e-05
eec: 322.875
weight: 2.92498e-06
eec: 135.428
weight: 0.000245079
eec: 6.06094
weight: 2.52428e-05
eec: 813.102
weight: 2.29831e-05
eec: 388.972
weight: 3.81001e-05
eec: 1986.86
weight: 0.00121521
eec: 277.965
weight: 2.84759e-05
eec: 727.303
weight: 5.91117e-06
eec: 3583.96
weight: 0.00157848
eec: 29.7363
weight: 6.90911e-05
eec: 718.2
weight: 2.25125e-05
eec: 1214.35
weight: 0.00035666
eec: 634.501
weight: 1.39795e-05
eec: 2446.53
weight: 2.17951e-05
eec: 162.924
weight: 0.000198295
eec: 62.7851
weight: 2.03718e-05
eec: 1119.12
weight: 1.33083e-05
eec: 3927.18
weight: 4.93691e-06
eec: 1496.75
weight: 2.02902e-05
eec: 338.987
weight: 6.27175e-06
eec: 196.384
weight: 2.76003e-05
eec: 26.1597
weight: 4.80471e-06
eec: 744.247
weight: 2.9281e-05
eec: 542.942
weight: 6.55839e-06
eec: 471.736
weight: 0.000125316
eec: 466.926
weight: 3.50623e-05
eec: 488.328
weight: 9.00908e-05
eec: 338.704
weight: 2.77497e-05
eec: 34.4274
weight: 7.04132e-06
eec: 801.189
Processing: 20.3459 %weight: 7.88741e-06
eec: 242.264
weight: 1.19763e-05
eec: 957.483
weight: 4.57112e-05
eec: 207.201
weight: 2.09046e-05
eec: 511.873
weight: 7.92723e-07
eec: 33.4253
weight: 0.000447438
eec: 214.454
weight: 3.11635e-05
eec: 984.426
weight: 3.20948e-05
eec: 1803.43
weight: 1.59495e-06
eec: 777.187
weight: 1.2929e-05
eec: 48.416
weight: 3.13402e-06
eec: 1117.94
weight: 0.000454114
eec: 132.324
weight: 2.59191e-05
eec: 712.936
weight: 1.02024e-05
eec: 1265.62
weight: 0.000136035
eec: 369.618
weight: 0.000452786
eec: 453.407
weight: 8.98653e-06
eec: 230.969
weight: 6.48074e-06
eec: 40.8002
weight: 3.06217e-05
eec: 328.794
weight: 5.71283e-06
eec: 581.664
weight: 1.29781e-05
eec: 281.715
weight: 3.23382e-05
eec: 68.0773
weight: 3.92479e-05
eec: 83.9685
weight: 5.1661e-05
eec: 1887.75
weight: 5.8369e-05
eec: 327.838
weight: 2.43128e-05
eec: 374.856
weight: 9.82307e-06
eec: 844.572
weight: 7.04707e-06
eec: 1484.69
weight: 0.000931319
eec: 202.401
weight: 3.99112e-05
eec: 1857.93
weight: 0.000358502
eec: 89.5212
weight: 5.78314e-06
eec: 308.621
weight: 1.01985e-06
eec: 1771.44
weight: 2.68105e-05
eec: 142.97
weight: 9.97029e-07
eec: 547.048
weight: 7.42694e-06
eec: 930.915
weight: 5.53599e-05
eec: 377.817
weight: 9.93127e-05
eec: 76.2605
weight: 3.44222e-05
eec: 296.472
weight: 1.89653e-06
eec: 222.413
weight: 1.89653e-06
eec: 1937.59
weight: 4.25018e-05
eec: 30.3628
weight: 5.52331e-05
eec: 687.644
weight: 1.32529e-05
eec: 531.71
weight: 6.06988e-05
eec: 31.3052
weight: 2.75743e-05
eec: 890.124
weight: 2.03227e-05
eec: 48.5611
weight: 1.09055e-05
eec: 532.256
weight: 0.000324982
eec: 568.861
weight: 4.39787e-06
eec: 447.502
weight: 2.53312e-05
eec: 2000.52
weight: 3.28055e-05
eec: 930.263
weight: 2.04323e-05
eec: 1565.33
weight: 1.68112e-05
eec: 930.89
weight: 3.01764e-05
eec: 5065.75
weight: 2.05802e-06
eec: 341.636
weight: 7.47347e-06
eec: 1049.99
weight: 0.000212363
eec: 392.308
weight: 9.31576e-05
eec: 565.959
weight: 1.14812e-05
eec: 284.711
weight: 5.04143e-05
eec: 93.7596
weight: 0.00019366
eec: 244.362
weight: 2.11458e-05
eec: 297.389
weight: 4.5862e-06
eec: 1346.68
weight: 0.000481201
eec: 674.932
weight: 4.68239e-05
eec: 561.252
weight: 0.000214889
eec: 468.123
weight: 1.14314e-06
eec: 243.769
weight: 8.68757e-06
eec: 332.865
weight: 2.31712e-05
eec: 221.57
weight: 8.32696e-05
eec: 1327.69
weight: 1.10727e-05
eec: 3831.95
weight: 0.000104395
eec: 64.393
weight: 2.26027e-05
eec: 1387.51
weight: 3.92882e-06
eec: 1446.02
weight: 6.1073e-05
eec: 563.867
weight: 1.13215e-05
eec: 905.087
weight: 2.98217e-07
eec: 258.687
weight: 0.000146172
eec: 1122.07
weight: 2.92832e-05
eec: 145.307
weight: 2.32601e-05
eec: 312.317
weight: 3.54387e-05
eec: 628.668
weight: 7.29448e-06
eec: 890.145
weight: 7.14019e-05
eec: 85.7298
weight: 4.05346e-05
eec: 656.363
weight: 9.11744e-06
eec: 152.906
weight: 3.08835e-05
eec: 877.475
weight: 0.000102213
eec: 265.384
weight: 6.24028e-06
eec: 447.865
weight: 0.000167126
eec: 450.011
weight: 0.000107654
eec: 1878.78
weight: 2.11271e-05
eec: 849.161
weight: 1.14929e-06
eec: 237.929
weight: 5.1925e-05
eec: 1366.49
weight: 1.9833e-05
eec: 432.376
weight: 2.01987e-05
eec: 1557.25
weight: 7.91733e-07
eec: 477.266
weight: 0.000260042
eec: 567.03
weight: 7.24763e-05
eec: 482.869
weight: 0.000222504
eec: 79.9203
weight: 9.86903e-06
eec: 67.7879
weight: 0.000113429
eec: 2260.01
weight: 3.5192e-05
eec: 758.544
weight: 7.89669e-05
eec: 110.092
weight: 5.43296e-05
eec: 390.836
weight: 0.00023142
eec: 1610.53
weight: 2.95031e-08
eec: 1130.53
weight: 6.41771e-06
eec: 638.745
weight: 0.000267331
eec: 419.856
weight: 0.000182844
eec: 63.6485
weight: 1.72394e-05
eec: 617.767
weight: 0.0006117
eec: 32.6705
weight: 0.000148435
eec: 706.252
weight: 1.11893e-06
eec: 356.006
weight: 6.83365e-06
eec: 478.992
weight: 1.96565e-06
eec: 31.6903
weight: 8.48705e-06
eec: 447.863
weight: 0.000144541
eec: 174.333
weight: 8.01619e-06
eec: 546.391
weight: 1.69932e-05
eec: 508.824
weight: 6.3536e-06
eec: 97.9385
weight: 7.56418e-08
eec: 191.015
weight: 2.90826e-05
eec: 2427.31
weight: 6.828e-05
eec: 120.97
weight: 0.000101783
eec: 677.445
weight: 7.28384e-05
eec: 330.773
weight: 9.18361e-06
eec: 359.233
weight: 2.44887e-06
eec: 574.324
weight: 0.000287662
eec: 171.558
weight: 6.66578e-06
eec: 370.278
weight: 0.000113349
eec: 7.82281
weight: 4.10707e-06
eec: 145.481
weight: 0.000201416
eec: 219.105
weight: 1.33513e-05
eec: 1255.62
weight: 0.000118508
eec: 663.575
weight: 0.000230382
eec: 401.664
weight: 2.28665e-05
eec: 68.9231
weight: 0.00330843
eec: 370.67
weight: 0.000238267
eec: 281.901
weight: 2.31301e-05
eec: 302.556
weight: 2.07151e-05
eec: 551.953
weight: 1.36934e-05
eec: 1183.43
weight: 7.17536e-06
eec: 1592.67
weight: 0.00101102
eec: 779.984
weight: 8.6324e-05
eec: 568.804
weight: 9.21207e-06
eec: 11.02
weight: 2.44706e-05
eec: 1427.71

ROOT exit code = 0
