gSystem->Load("run_condor_job_Run3_C.so");
run_condor_job_Run3(496, 100, 2,
                    80, 200,
                    1, 1, 1, 4);
.q

ENTERED run_condor_job_Run3()
JOBID = 496
  global job = 496  Job 96/100  events [5662080, 5721060)  total=5898000
Processing events [5662080, 5721060) of 5898000
weight: 0.000142094
eec: 301.131
weight: 4.76429e-05
eec: 308.843
weight: 0.00149649
eec: 63.5012
weight: 2.81243e-06
eec: 523.049
weight: 1.46239e-05
eec: 51.4336
weight: 3.83141e-06
eec: 862.115
weight: 4.77004e-05
eec: 177.504
weight: 1.5392e-05
eec: 1275.83
weight: 5.45078e-06
eec: 681.439
weight: 0.000251119
eec: 51.1358
weight: 7.90806e-06
eec: 101.49
weight: 1.19999e-05
eec: 464.295
weight: 1.25963e-05
eec: 137.724
weight: 4.48919e-05
eec: 611.43
weight: 2.45685e-06
eec: 1207.44
weight: 6.91547e-06
eec: 666.742
weight: 5.35503e-05
eec: 273.985
weight: 1.61122e-05
eec: 281.438
weight: 0.000238821
eec: 268.556
weight: 4.71846e-06
eec: 678.923
weight: 9.09499e-06
eec: 129.353
weight: 4.4577e-05
eec: 271.066
weight: 6.19244e-05
eec: 2347.42
weight: 1.32807e-05
eec: 354.162
weight: 1.32341e-05
eec: 231.953
weight: 3.68655e-05
eec: 2517.22
weight: 5.68319e-05
eec: 113.024
weight: 9.72058e-05
eec: 1107.18
weight: 6.24943e-06
eec: 893.027
weight: 2.67603e-05
eec: 361.284
weight: 4.61998e-06
eec: 82.2808
weight: 9.30221e-05
eec: 583.635
weight: 6.86596e-05
eec: 1989.13
weight: 4.05176e-05
eec: 182.402
weight: 7.77195e-06
eec: 856.105
weight: 3.47524e-05
eec: 469.646
weight: 9.92443e-06
eec: 32.6619
weight: 3.96475e-05
eec: 1165.62
weight: 1.49218e-05
eec: 348.612
weight: 5.04501e-05
eec: 812.392
weight: 1.19693e-05
eec: 53.9826
weight: 5.60538e-05
eec: 175.757
weight: 0.000271249
eec: 299.238
weight: 6.82347e-06
eec: 895.484
weight: 9.50575e-05
eec: 111.309
weight: 7.69635e-06
eec: 4138.84
weight: 4.73476e-06
eec: 868.533
weight: 2.76686e-07
eec: 130.166
weight: 3.85939e-05
eec: 1885.52
weight: 0.000467602
eec: 130.897
weight: 1.01696e-05
eec: 2984.6
weight: 8.24478e-06
eec: 575.805
weight: 2.36235e-05
eec: 741.024
weight: 4.63176e-06
eec: 904.658
weight: 6.18288e-06
eec: 1013.42
weight: 4.37574e-06
eec: 4927.64
weight: 4.33193e-05
eec: 918.107
weight: 5.50997e-06
eec: 55.0794
weight: 0.000461551
eec: 250.854
weight: 2.89899e-05
eec: 52.0217
weight: 4.01898e-05
eec: 169.508
weight: 3.22946e-05
eec: 287.875
weight: 2.78567e-06
eec: 561.997
weight: 1.21116e-05
eec: 617.648
weight: 5.24295e-05
eec: 1153.63
weight: 2.51756e-05
eec: 1083.85
weight: 2.73693e-05
eec: 214.607
weight: 7.74605e-05
eec: 391.295
weight: 2.81375e-05
eec: 2197.64
weight: 1.22619e-05
eec: 360.498
weight: 1.43969e-05
eec: 2235.46
weight: 5.15837e-05
eec: 1095.76
weight: 2.41246e-05
eec: 139.974
weight: 0.00601964
eec: 49.8963
weight: 1.00579e-05
eec: 347.034
weight: 3.14381e-06
eec: 2050.81
weight: 3.33037e-05
eec: 133.865
weight: 1.25773e-06
eec: 588.769
weight: 4.00912e-06
eec: 92.6062
weight: 7.62442e-06
eec: 68.1089
weight: 7.62442e-06
eec: 343.076
weight: 1.63331e-06
eec: 370.086
weight: 6.61443e-07
eec: 449.469
weight: 2.02993e-05
eec: 2265.3
weight: 1.41369e-06
eec: 128.46
weight: 6.18657e-05
eec: 148.439
weight: 1.4436e-06
eec: 482.55
weight: 2.76829e-05
eec: 1263.84
weight: 3.61343e-06
eec: 339.596
weight: 0.000497426
eec: 494.307
weight: 2.73731e-05
eec: 732.778
weight: 0.000142659
eec: 1025.24
weight: 3.99163e-06
eec: 87.399
weight: 1.09041e-05
eec: 525.489
weight: 0.000886987
eec: 208.821
weight: 1.28451e-05
eec: 548.267
weight: 1.59224e-05
eec: 1102.36
weight: 2.19386e-05
eec: 77.4461
weight: 1.37084e-05
eec: 569.118
weight: 0.000234948
eec: 69.5529
weight: 5.13187e-06
eec: 1822.39
weight: 8.00481e-07
eec: 294.872
weight: 0.000302695
eec: 37.0242
weight: 3.5481e-06
eec: 135.668
weight: 1.96603e-06
eec: 35.2852
weight: 2.81179e-07
eec: 1930.53
weight: 4.4687e-05
eec: 200.748
weight: 2.79288e-05
eec: 456.208
weight: 5.89458e-06
eec: 629.008
weight: 2.07771e-07
eec: 1612.24
weight: 9.45494e-06
eec: 641.594
weight: 0.000351107
eec: 307.471
weight: 0.000123796
eec: 25.8569
weight: 3.513e-06
eec: 202.537
weight: 7.03576e-06
eec: 73.0397
weight: 7.08995e-06
eec: 23.4141
weight: 2.36437e-06
eec: 185.122
weight: 3.28823e-05
eec: 194.299
weight: 9.81815e-05
eec: 708.667
weight: 2.16903e-05
eec: 275.194
weight: 1.03858e-05
eec: 549.838
weight: 5.32831e-06
eec: 711.641
weight: 7.49146e-06
eec: 110.905
weight: 2.67507e-05
eec: 294.411
weight: 0.00011299
eec: 846.238
weight: 0.000106204
eec: 77.4297
weight: 0.000208479
eec: 141.494
weight: 1.15106e-05
eec: 207.814
weight: 4.83455e-06
eec: 441.375
weight: 1.67544e-05
eec: 49.0684
weight: 2.77834e-05
eec: 430.672
weight: 6.35384e-08
eec: 975.817
weight: 5.54457e-05
eec: 196.753
weight: 7.60025e-08
eec: 110.247
weight: 3.6237e-06
eec: 660.291
weight: 0.000110982
eec: 882.671
weight: 2.65698e-05
eec: 1874.32
weight: 2.43546e-05
eec: 2159.7
weight: 4.64611e-06
eec: 667.171
weight: 0.000267705
eec: 360.94
weight: 2.64862e-05
eec: 167.146
weight: 2.04078e-07
eec: 160.416
Processing: 96.6429 %weight: 3.87757e-05
eec: 1192.66
weight: 0.000216856
eec: 735.125
weight: 6.071e-05
eec: 457.257
weight: 0.000132768
eec: 507.492
weight: 3.33522e-05
eec: 1395
weight: 0.000167866
eec: 235.732
weight: 0.000126654
eec: 731.536
weight: 6.00912e-05
eec: 43.5901
weight: 1.60769e-05
eec: 624.596
weight: 2.56368e-05
eec: 1098.91
weight: 0.000372887
eec: 199.465
weight: 3.39943e-05
eec: 109.887
weight: 1.43358e-06
eec: 378.792
weight: 1.13896e-05
eec: 470.183
weight: 1.25751e-06
eec: 64.9827
weight: 1.41107e-05
eec: 192.944
weight: 6.12716e-05
eec: 296.072
weight: 2.49874e-06
eec: 121.715
weight: 1.98035e-05
eec: 348.702
weight: 8.05146e-05
eec: 220.584
weight: 0.000246869
eec: 197.271
weight: 2.17538e-06
eec: 435.401
weight: 2.37488e-05
eec: 976.662
weight: 2.95661e-05
eec: 163.129
weight: 1.47794e-06
eec: 99.3988
weight: 0.000114583
eec: 223.742
weight: 0.000133696
eec: 162.938
weight: 3.51572e-05
eec: 413.266
weight: 7.75944e-05
eec: 38.2106
weight: 3.15561e-06
eec: 155.797
weight: 3.31607e-06
eec: 101.61
weight: 9.59626e-05
eec: 562.307
weight: 4.56706e-05
eec: 669.089
weight: 6.36103e-06
eec: 438.985
weight: 3.98669e-06
eec: 166.502
weight: 7.63256e-05
eec: 1401.16
weight: 1.9634e-05
eec: 912.201
weight: 3.09839e-05
eec: 457.68
weight: 2.48167e-06
eec: 766.175
weight: 4.47045e-06
eec: 2104.69
weight: 4.19881e-06
eec: 701.397
weight: 0.000180759
eec: 494.414
weight: 0.000300743
eec: 279.456
weight: 1.21409e-05
eec: 317.072
weight: 1.33766e-05
eec: 242.589
weight: 0.00100702
eec: 128.482
weight: 2.44494e-05
eec: 973.476
weight: 4.63027e-05
eec: 795.858
weight: 3.43405e-05
eec: 339.819
weight: 9.41834e-06
eec: 1000.3
weight: 3.98248e-06
eec: 866.51
weight: 0.000346882
eec: 523.521
weight: 4.66316e-06
eec: 303.864
weight: 7.74769e-05
eec: 385.373
weight: 7.77862e-05
eec: 1220.22
weight: 0.000100361
eec: 241.477
weight: 1.62338e-05
eec: 758.939
weight: 3.27381e-05
eec: 335.511
weight: 6.70984e-06
eec: 318.215
weight: 6.70984e-06
eec: 1113.95
weight: 1.5455e-05
eec: 734.778
weight: 4.75448e-05
eec: 1582.09
weight: 6.12522e-06
eec: 132.633
weight: 4.12061e-05
eec: 633.261
weight: 3.75813e-06
eec: 20.016
weight: 1.58044e-05
eec: 500.624
weight: 5.18012e-05
eec: 119.483
weight: 1.5817e-05
eec: 2921.06
weight: 7.49473e-07
eec: 1250.76
weight: 1.77083e-06
eec: 899.31
weight: 8.86813e-05
eec: 736.937
weight: 4.04326e-05
eec: 2699.52
weight: 6.15757e-06
eec: 758.094
weight: 2.86519e-05
eec: 387.24
weight: 9.1336e-05
eec: 273.171
weight: 2.59267e-05
eec: 35.5515
weight: 7.41492e-05
eec: 251.532
weight: 0.000270454
eec: 663.549
weight: 1.23948e-05
eec: 178.105
weight: 2.51686e-05
eec: 111.882
weight: 0.000128135
eec: 579.359
weight: 2.0454e-05
eec: 298.159
weight: 1.39925e-05
eec: 928.384
weight: 2.41364e-05
eec: 1071.27

ROOT exit code = 0
