gSystem->Load("run_condor_job_Run3_C.so");
run_condor_job_Run3(290, 100, 2,
                    80, 200,
                    1, 1, 1, 2);
.q

ENTERED run_condor_job_Run3()
JOBID = 290
  global job = 290  Job 90/100  events [5400000, 5460000)  total=6000000
Processing events [5400000, 5460000) of 6000000
Processing: 90 %weight: 0.000156913
eec: 649.7
weight: 2.25659e-05
eec: 281.987
weight: 0.000289876
eec: 270.947
weight: 3.47193e-05
eec: 390.359
weight: 6.90821e-06
eec: 197.255
weight: 4.25986e-05
eec: 80.4794
weight: 9.15762e-06
eec: 524.441
weight: 4.17662e-05
eec: 654.201
weight: 4.65548e-06
eec: 1347.86
weight: 3.45352e-05
eec: 1021.58
weight: 1.15475e-05
eec: 212.478
weight: 1.42076e-05
eec: 133.115
weight: 0.000190359
eec: 334.865
weight: 1.30965e-06
eec: 1230.75
weight: 2.28355e-05
eec: 65.1068
weight: 4.1813e-07
eec: 1886.68
weight: 0.000943325
eec: 760.749
weight: 6.04614e-05
eec: 269.099
weight: 2.1723e-05
eec: 632.804
weight: 1.14109e-06
eec: 2751.44
weight: 1.59396e-05
eec: 308.564
weight: 4.79527e-06
eec: 23.2522
weight: 0.000148092
eec: 200.225
weight: 1.71504e-06
eec: 174.395
weight: 8.44972e-06
eec: 73.3319
weight: 1.0554e-05
eec: 1047.1
weight: 5.35539e-05
eec: 876.029
weight: 1.41041e-05
eec: 250.526
weight: 6.27131e-05
eec: 94.1042
weight: 2.20924e-06
eec: 443.883
weight: 1.70113e-07
eec: 1111.32
weight: 9.46384e-05
eec: 149.149
weight: 0.000127841
eec: 555.45
weight: 1.0782e-05
eec: 830.788
weight: 1.37218e-05
eec: 1352.47
weight: 5.67594e-05
eec: 488.865
weight: 8.67343e-06
eec: 1901.7
weight: 9.87701e-06
eec: 283.469
weight: 1.37993e-06
eec: 521.688
weight: 4.92809e-06
eec: 524.963
weight: 2.60074e-05
eec: 12.113
weight: 2.15919e-05
eec: 1451.63
weight: 3.02393e-06
eec: 182.738
weight: 4.19021e-05
eec: 1987.58
weight: 6.4406e-06
eec: 414.558
weight: 0.000405933
eec: 368.767
weight: 3.72106e-05
eec: 314.613
weight: 2.89579e-05
eec: 723.535
weight: 9.38072e-06
eec: 810.749
weight: 0.000321952
eec: 1181.86
weight: 8.23034e-05
eec: 439.527
weight: 3.84412e-05
eec: 314.076
weight: 3.22628e-06
eec: 116.675
weight: 2.4877e-07
eec: 197.233
weight: 1.64434e-06
eec: 1060.87
weight: 2.75675e-05
eec: 725.811
weight: 1.21032e-05
eec: 1517.71
weight: 1.82444e-05
eec: 1601.61
weight: 5.11735e-06
eec: 287.063
weight: 0.000183918
eec: 254.193
weight: 0.000177405
eec: 81.6356
weight: 7.74854e-07
eec: 279.362
weight: 1.61643e-05
eec: 670.558
weight: 7.39399e-06
eec: 672.428
weight: 0.000110777
eec: 232.283
weight: 0.000106539
eec: 345.498
weight: 2.51091e-05
eec: 1363.71
weight: 1.03537e-05
eec: 52.3753
weight: 1.09956e-05
eec: 198.126
weight: 0.000127062
eec: 33.968
weight: 2.18592e-05
eec: 578.478
weight: 2.05826e-05
eec: 314.188
weight: 2.9715e-06
eec: 1378.18
weight: 2.08431e-05
eec: 61.9797
weight: 6.10901e-06
eec: 302.5
weight: 6.08503e-06
eec: 152.065
weight: 3.33797e-05
eec: 135.319
weight: 2.66513e-05
eec: 658.154
weight: 6.74669e-05
eec: 678.458
weight: 5.20332e-05
eec: 36.1484
weight: 6.60834e-06
eec: 646.536
weight: 7.14623e-06
eec: 2991.73
weight: 0.000330419
eec: 101.216
weight: 4.55011e-06
eec: 537.108
weight: 2.68205e-05
eec: 37.3443
weight: 0.000508336
eec: 121.941
weight: 1.16074e-05
eec: 1148.21
weight: 1.75618e-05
eec: 180.518
weight: 7.22364e-06
eec: 95.4984
weight: 8.87682e-06
eec: 197.497
weight: 1.18918e-05
eec: 326.729
weight: 9.28353e-06
eec: 348.443
weight: 6.89172e-06
eec: 289.546
weight: 6.89172e-06
eec: 181.716
weight: 7.70888e-06
eec: 4552.03
weight: 0.000630919
eec: 1476.61
weight: 0.000567838
eec: 654.969
weight: 6.85653e-05
eec: 333.633
weight: 4.67444e-05
eec: 138.186
weight: 0.000458166
eec: 53.0358
weight: 6.08308e-05
eec: 958.431
weight: 8.77758e-05
eec: 202.636
weight: 4.52653e-05
eec: 1869.62
weight: 4.49232e-05
eec: 149.68
weight: 1.31625e-05
eec: 1074.59
weight: 4.1961e-05
eec: 141.07
weight: 4.91258e-05
eec: 1458.93
weight: 6.81637e-06
eec: 1171.23
weight: 3.01045e-07
eec: 49.0533
weight: 1.47248e-05
eec: 541.447
weight: 2.32624e-05
eec: 994.605
weight: 1.64656e-06
eec: 106.852
weight: 4.59618e-05
eec: 204.661
weight: 2.15499e-08
eec: 4061.35
weight: 9.15083e-05
eec: 605.503
weight: 2.87663e-05
eec: 96.1076
weight: 1.66171e-07
eec: 346.197
weight: 2.59127e-05
eec: 3397.28
weight: 2.97459e-05
eec: 1106.56
weight: 2.47301e-05
eec: 119.713
weight: 2.4607e-08
eec: 1755.11
weight: 4.9445e-05
eec: 197.288
weight: 9.94579e-05
eec: 158.324
weight: 2.30425e-05
eec: 443.259
weight: 7.84353e-06
eec: 291.32
weight: 5.89592e-07
eec: 1056.06
weight: 0.000211216
eec: 446.994
weight: 1.62414e-05
eec: 93.2683
weight: 5.86436e-05
eec: 50.9936
weight: 1.91616e-05
eec: 170.06
weight: 1.88123e-05
eec: 109.901
weight: 2.88124e-05
eec: 789.307
weight: 5.3174e-05
eec: 857.609
weight: 7.39962e-06
eec: 273.288
weight: 1.95047e-05
eec: 3999.76
weight: 2.9843e-05
eec: 435.005
weight: 5.54546e-06
eec: 190.365
weight: 1.93005e-05
eec: 1313.36
weight: 1.83383e-05
eec: 959.202
weight: 8.66487e-06
eec: 382.65
weight: 1.04042e-06
eec: 2644.98
weight: 0.000546653
eec: 173.731
weight: 9.79266e-05
eec: 157.359
weight: 1.24626e-05
eec: 1634.65
weight: 2.06859e-05
eec: 492.124
weight: 0.000204984
eec: 1305.24
weight: 4.7928e-06
eec: 599.861
weight: 9.03539e-05
eec: 379.554
weight: 2.97737e-05
eec: 106.097
weight: 1.00617e-05
eec: 164.483
weight: 0.00022734
eec: 799.657
weight: 6.26909e-06
eec: 134.229
weight: 0.000207722
eec: 246.115
weight: 0.000338319
eec: 270.824
weight: 2.0896e-07
eec: 73.3127
weight: 5.12887e-07
eec: 1139.45
weight: 8.27393e-05
eec: 1721.97
weight: 1.38034e-06
eec: 2658.18
weight: 6.68365e-05
eec: 575.349
weight: 6.90291e-06
eec: 19.4283
weight: 0.000220989
eec: 227.91
weight: 6.90834e-06
eec: 2841.29
weight: 2.69133e-05
eec: 333.194
weight: 6.48736e-06
eec: 2859.27
weight: 0.000111372
eec: 504.728
weight: 1.8268e-05
eec: 256.438
weight: 2.64227e-05
eec: 127.911
weight: 3.40412e-05
eec: 411.748
weight: 2.45931e-05
eec: 307.271
weight: 0.000384408
eec: 227.374
weight: 2.82409e-06
eec: 491.082
weight: 3.79859e-05
eec: 2831.31
weight: 8.05338e-05
eec: 358.811
weight: 9.50072e-07
eec: 288.288
weight: 1.0586e-05
eec: 82.8726
weight: 5.84104e-05
eec: 864.451
weight: 0.000618814
eec: 118.674
weight: 0.00049086
eec: 118.326
weight: 6.23801e-05
eec: 99.2591
weight: 5.74055e-06
eec: 931.812
weight: 0.000506013
eec: 485.893
weight: 6.39854e-06
eec: 175.027
weight: 8.52025e-05
eec: 338.379
weight: 3.50003e-05
eec: 634.904
weight: 1.9534e-05
eec: 240.201
weight: 7.25678e-05
eec: 688.054
weight: 0.000615454
eec: 354.999
weight: 5.33953e-06
eec: 515.367
weight: 2.26676e-05
eec: 194.9
weight: 2.37157e-05
eec: 349.788
weight: 4.16434e-05
eec: 3564.79
weight: 0.000465055
eec: 222.417
weight: 6.74908e-05
eec: 579.515
weight: 2.89718e-05
eec: 218.523
weight: 1.30015e-05
eec: 59.168
weight: 3.08723e-07
eec: 94.2776
weight: 2.98866e-06
eec: 97.0942
weight: 0.000127999
eec: 254.921
weight: 6.19457e-05
eec: 199.701
weight: 4.8251e-05
eec: 764.412
weight: 6.42646e-06
eec: 225.29
weight: 1.33361e-05
eec: 367.263
weight: 1.69064e-05
eec: 46.9722
weight: 0.000131544
eec: 433.354
weight: 7.98652e-05
eec: 264.208
weight: 1.30684e-05
eec: 166.456
weight: 1.30684e-05
eec: 537.017
weight: 1.45394e-05
eec: 311.446
weight: 1.58102e-05
eec: 4129.79
Processing: 90.8333 %weight: 1.61026e-05
eec: 1908.08
weight: 0.000192266
eec: 339.617
weight: 8.4056e-05
eec: 299.981
weight: 0.000116132
eec: 487.218
weight: 7.59402e-05
eec: 1495.92
weight: 0.000227852
eec: 124.152
weight: 7.25718e-06
eec: 2606.58
weight: 3.51901e-05
eec: 152.309
weight: 2.01424e-05
eec: 609.177
weight: 1.83668e-06
eec: 621.517
weight: 3.73905e-05
eec: 306.345
weight: 0.00074779
eec: 140.465
weight: 0.000813946
eec: 81.273
weight: 1.21257e-05
eec: 80.3398
weight: 0.000137515
eec: 656.104
weight: 8.43864e-05
eec: 78.722
weight: 3.2628e-05
eec: 1104.7
weight: 2.27791e-05
eec: 560.265
weight: 4.34593e-05
eec: 509.549
weight: 7.52528e-06
eec: 2314.38
weight: 0.000207139
eec: 109.969
weight: 3.8118e-05
eec: 329.506
weight: 5.85042e-05
eec: 1711.61
weight: 7.16914e-05
eec: 307.608
weight: 7.16914e-05
eec: 262.791
weight: 1.05142e-05
eec: 43.9233
weight: 0.000920379
eec: 187.575
weight: 1.95269e-05
eec: 1303.07
weight: 5.49981e-05
eec: 613.807
weight: 4.44976e-05
eec: 220.528
weight: 2.14727e-05
eec: 484.375
weight: 2.23256e-05
eec: 835.825
weight: 0.000197381
eec: 141.465
weight: 3.5007e-05
eec: 521.82
weight: 1.79446e-07
eec: 70.3749
weight: 0.000153322
eec: 610.166

ROOT exit code = 0
