gSystem->Load("run_condor_job_Run3_C.so");
run_condor_job_Run3(64, 100, 2,
                    80, 200,
                    1, 1, 1, 0);
.q

ENTERED run_condor_job_Run3()
JOBID = 64
  global job = 64  Job 64/100  events [3836160, 3896100)  total=5994000
Processing events [3836160, 3896100) of 5994000
weight: 5.74854e-06
eec: 717.101
weight: 6.59921e-05
eec: 407.212
weight: 4.24472e-06
eec: 43.251
weight: 2.56782e-06
eec: 33.0267
weight: 8.0342e-06
eec: 252.461
weight: 1.08542e-06
eec: 2855.8
weight: 0.000266652
eec: 472.226
weight: 0.000246339
eec: 403.615
weight: 7.94871e-05
eec: 202.294
weight: 3.82438e-06
eec: 475.787
weight: 4.17614e-05
eec: 513.914
weight: 0.000333923
eec: 799.94
weight: 2.21105e-05
eec: 937.751
weight: 3.05566e-06
eec: 414.837
weight: 2.50878e-05
eec: 32.8192
weight: 4.20688e-05
eec: 529.606
weight: 0.00316927
eec: 140.14
weight: 0.000223268
eec: 1075.41
weight: 3.91674e-06
eec: 103.089
weight: 0.000144257
eec: 59.148
weight: 6.64111e-05
eec: 62.198
weight: 1.85589e-05
eec: 69.6283
weight: 3.73681e-06
eec: 560.853
weight: 7.17323e-05
eec: 1416.1
weight: 2.74375e-05
eec: 74.3806
weight: 7.5377e-05
eec: 966.784
weight: 5.22585e-05
eec: 443.915
weight: 5.86917e-06
eec: 295.089
weight: 4.56644e-05
eec: 71.3258
weight: 2.21524e-05
eec: 59.5725
weight: 9.49528e-05
eec: 485.396
weight: 2.72548e-05
eec: 60.9112
weight: 1.54616e-05
eec: 743.214
weight: 1.96396e-05
eec: 316.187
weight: 1.69338e-05
eec: 766.719
weight: 0.00011248
eec: 454.129
weight: 5.24926e-05
eec: 912.21
weight: 0.000248722
eec: 1198.09
weight: 4.0969e-06
eec: 133.476
weight: 5.54391e-07
eec: 402.542
weight: 0.000469603
eec: 813.044
weight: 4.14147e-06
eec: 79.5066
weight: 3.39423e-05
eec: 162.84
weight: 3.61638e-06
eec: 275.133
weight: 4.33917e-05
eec: 1257.18
weight: 8.52594e-05
eec: 667.678
weight: 3.54448e-05
eec: 181.07
Processing: 64.2309 %weight: 9.86137e-06
eec: 467.829
weight: 3.71485e-05
eec: 49.9361
weight: 6.22726e-05
eec: 1334.72
weight: 0.00283766
eec: 162.133
weight: 7.82961e-06
eec: 2387.23
weight: 5.4983e-05
eec: 35.3988
weight: 1.96448e-05
eec: 329.379
weight: 2.80634e-05
eec: 574.89
weight: 1.41333e-05
eec: 1059.22
weight: 2.21101e-06
eec: 185.076
weight: 2.59128e-05
eec: 234.97
weight: 3.19439e-05
eec: 415.842
weight: 2.00923e-05
eec: 2835
weight: 7.14923e-05
eec: 56.7919
weight: 5.46694e-07
eec: 1127.76
weight: 0.000393477
eec: 428.074
weight: 2.6284e-07
eec: 378.846
weight: 4.56671e-05
eec: 443.748
weight: 8.79538e-06
eec: 115.947
weight: 0.000328285
eec: 508.172
weight: 6.04242e-05
eec: 798.602
weight: 0.000222379
eec: 1012.34
weight: 5.7384e-05
eec: 783.612
weight: 5.32193e-05
eec: 136.246
weight: 2.43414e-07
eec: 54.5775
weight: 0.00010036
eec: 636.77
weight: 0.000130941
eec: 226.667
weight: 5.36412e-05
eec: 2187.31
weight: 5.88862e-06
eec: 318.179
weight: 2.68125e-06
eec: 64.7486
weight: 8.44664e-05
eec: 146.183
weight: 0.000167134
eec: 74.2884
weight: 0.000167575
eec: 461.875
weight: 2.98192e-06
eec: 391.58
weight: 5.75928e-09
eec: 4128.46
weight: 2.71692e-06
eec: 157.199
weight: 0.000193637
eec: 776.696
weight: 8.75381e-05
eec: 251.062
weight: 6.76742e-05
eec: 210.059
weight: 0.000123847
eec: 664.425
weight: 9.2495e-06
eec: 2003.09
weight: 3.64564e-06
eec: 551.091
weight: 9.44454e-06
eec: 103.78
weight: 5.82907e-05
eec: 109.338
weight: 2.19905e-05
eec: 415.893
weight: 2.36604e-05
eec: 196.248
weight: 0.000158638
eec: 169.911
weight: 6.5144e-05
eec: 547.355
weight: 7.01672e-08
eec: 138.535
weight: 0.000193351
eec: 432.958
weight: 8.18279e-06
eec: 820.321
weight: 1.19968e-05
eec: 895.893
weight: 4.47059e-05
eec: 787.61
weight: 6.16136e-08
eec: 427.831
weight: 7.0684e-07
eec: 107.298
weight: 2.71589e-06
eec: 2193.39
weight: 0.000137378
eec: 483.832
weight: 4.29292e-06
eec: 303.368
weight: 2.44542e-05
eec: 1714.91
weight: 0.000169627
eec: 37.4131
weight: 4.04125e-05
eec: 473.069
weight: 7.66076e-06
eec: 18.8397
weight: 7.72797e-05
eec: 92.5162
weight: 5.50562e-07
eec: 606.831
weight: 3.22076e-05
eec: 24.6529
weight: 3.6376e-05
eec: 1043.45
weight: 9.98003e-05
eec: 248.564
weight: 3.34013e-06
eec: 1176.7
weight: 3.12684e-05
eec: 325.289
weight: 0.000318521
eec: 666.111
weight: 0.00106463
eec: 168.399
weight: 0.000125854
eec: 1371.38
weight: 7.68646e-05
eec: 382.078
weight: 1.43086e-08
eec: 1621.35
weight: 7.8574e-05
eec: 225.23
weight: 9.8653e-07
eec: 1085.47
weight: 9.098e-06
eec: 1461.18
weight: 1.07393e-05
eec: 129.965
weight: 2.34781e-06
eec: 585.859
weight: 1.13963e-05
eec: 104.533
weight: 6.64195e-05
eec: 360.802
weight: 9.1603e-06
eec: 923.953
weight: 0.000103877
eec: 115.005
weight: 2.19559e-05
eec: 120.327
weight: 4.3823e-06
eec: 126.563
weight: 8.35991e-07
eec: 1894.6
weight: 0.000133153
eec: 14.602
weight: 5.1477e-07
eec: 1063.62
weight: 1.52478e-08
eec: 105.145
weight: 3.95462e-06
eec: 944.18
weight: 0.000117732
eec: 681.182
weight: 6.33944e-05
eec: 79.1317
weight: 6.80391e-05
eec: 1091
weight: 4.54953e-06
eec: 113.91
weight: 7.95697e-06
eec: 9.12389
weight: 0.00036234
eec: 320.32
weight: 2.868e-05
eec: 328.843
weight: 2.4556e-05
eec: 263.519
weight: 0.000461463
eec: 116.177
weight: 4.05143e-06
eec: 480.19
weight: 0.000364773
eec: 235.695
weight: 4.3191e-05
eec: 1914.1
weight: 1.81426e-05
eec: 1507.79
weight: 4.86111e-06
eec: 80.2358
weight: 2.15753e-05
eec: 27.2204
weight: 0.000191942
eec: 930.858
weight: 2.23299e-05
eec: 1347.92
weight: 1.23132e-05
eec: 314.803
weight: 3.8239e-05
eec: 26.5275
weight: 2.57121e-05
eec: 275.505
weight: 2.64201e-05
eec: 171.28
weight: 2.44382e-05
eec: 47.0691
weight: 3.28064e-05
eec: 112.744
weight: 4.545e-06
eec: 1025.14
weight: 4.12445e-06
eec: 497.116
weight: 6.36955e-06
eec: 214.879
weight: 8.67514e-05
eec: 2095.83
weight: 9.90066e-06
eec: 1607.35
weight: 8.26644e-06
eec: 306.245
weight: 2.19564e-06
eec: 803.353
weight: 0.000139237
eec: 997.736
weight: 1.58296e-05
eec: 119.832
weight: 3.69054e-05
eec: 82.1581
weight: 1.43208e-05
eec: 106.458
weight: 8.34289e-06
eec: 271.726
weight: 3.39717e-06
eec: 544.628
weight: 5.09955e-05
eec: 650.262
weight: 6.78075e-06
eec: 738.446
weight: 5.19144e-05
eec: 143.009
weight: 8.8285e-06
eec: 646.347
weight: 5.55685e-05
eec: 120.917
weight: 4.50354e-07
eec: 167.243
weight: 4.61212e-06
eec: 159.194
weight: 6.65142e-07
eec: 1041.71
weight: 6.80863e-05
eec: 1026.27
weight: 0.000498103
eec: 548.526
weight: 0.00046641
eec: 250.124
weight: 5.93699e-05
eec: 93.4295
weight: 0.000107456
eec: 66.2459
weight: 7.45296e-05
eec: 1066.1
weight: 6.05116e-05
eec: 1510.82
weight: 2.54773e-06
eec: 8.32663
weight: 4.71451e-06
eec: 1245.46
weight: 8.61083e-06
eec: 297.286
weight: 1.45366e-06
eec: 399.696
weight: 1.00988e-05
eec: 497.435
weight: 4.58549e-05
eec: 709.912
weight: 4.44726e-06
eec: 565.937
weight: 3.51871e-05
eec: 300.072
weight: 0.000352791
eec: 616.052
weight: 3.89079e-05
eec: 300.965
weight: 1.66525e-06
eec: 441.038
weight: 1.73065e-05
eec: 231.923
weight: 3.97183e-05
eec: 254.982
weight: 0.000147302
eec: 141.404
weight: 1.45229e-05
eec: 235.423
weight: 1.70734e-05
eec: 2085.38
weight: 0.000138808
eec: 740.273
weight: 3.4277e-05
eec: 104.611
weight: 3.0682e-06
eec: 2499.94
weight: 3.5578e-05
eec: 462.198
weight: 0.00010861
eec: 320.924
weight: 3.79656e-05
eec: 1151.18
weight: 0.000714395
eec: 249.015
weight: 0.000161647
eec: 1052.66
weight: 6.64743e-05
eec: 565.062
weight: 1.27799e-05
eec: 747.784
weight: 1.08408e-05
eec: 58.0103
weight: 7.61243e-06
eec: 371.265
weight: 0.000250179
eec: 171.35
weight: 1.06601e-06
eec: 244.335
weight: 1.82114e-05
eec: 508.004
weight: 2.68811e-06
eec: 184.54
weight: 2.775e-07
eec: 108.652
weight: 5.93377e-06
eec: 918.496
weight: 0.000200392
eec: 243.036
weight: 0.000165064
eec: 321.588
weight: 2.78991e-05
eec: 185.668
weight: 4.45053e-06
eec: 316.533
weight: 1.56659e-06
eec: 181.323

ROOT exit code = 0
