gSystem->Load("run_condor_job_Run3_C.so");
run_condor_job_Run3(620, 100, 2,
                    80, 200,
                    1, 1, 1, 6);
.q

ENTERED run_condor_job_Run3()
JOBID = 620
  global job = 620  Job 20/100  events [1179600, 1238580)  total=5898000
Processing events [1179600, 1238580) of 5898000
weight: 2.80766e-05
eec: 1661.21
weight: 3.27311e-06
eec: 902.151
weight: 1.74477e-05
eec: 227.882
weight: 4.33034e-08
eec: 311.785
weight: 7.6214e-05
eec: 675.564
weight: 0.000242302
eec: 138.85
weight: 5.5251e-05
eec: 234.04
weight: 1.03458e-05
eec: 985.92
weight: 0.000142035
eec: 169.786
weight: 6.01355e-06
eec: 1804.67
weight: 6.00178e-05
eec: 13.3722
weight: 3.56814e-06
eec: 400.155
weight: 4.76959e-05
eec: 399.976
weight: 5.4243e-05
eec: 138.643
weight: 6.48767e-07
eec: 340.848
weight: 7.07235e-06
eec: 1012.1
weight: 8.53414e-06
eec: 1857.15
weight: 3.12902e-05
eec: 434.129
weight: 4.70036e-05
eec: 580.337
weight: 5.57856e-07
eec: 210.068
weight: 5.57856e-07
eec: 1124.88
weight: 8.36285e-05
eec: 754.524
weight: 0.000110991
eec: 709.935
weight: 0.000168714
eec: 425.45
weight: 3.01974e-05
eec: 282.635
weight: 2.91965e-06
eec: 352.57
weight: 3.0707e-05
eec: 9.42706
weight: 3.44786e-05
eec: 389.532
weight: 0.000108153
eec: 1008.4
weight: 1.11043e-05
eec: 962.751
weight: 0.000160523
eec: 203.017
weight: 1.64844e-07
eec: 172.077
weight: 5.15695e-05
eec: 631.078
weight: 3.19529e-06
eec: 2209.69
weight: 2.5845e-05
eec: 384.108
weight: 8.14438e-05
eec: 1074.16
weight: 2.04918e-05
eec: 323.246
weight: 1.44076e-05
eec: 565.135
weight: 1.84029e-06
eec: 2095.88
weight: 0.000130066
eec: 173.108
weight: 1.06485e-06
eec: 914.626
weight: 7.81368e-05
eec: 80.2974
weight: 9.05514e-06
eec: 523.311
weight: 8.35578e-07
eec: 2308.48
weight: 7.00018e-06
eec: 143.76
weight: 5.28663e-06
eec: 496.742
weight: 2.56478e-05
eec: 675.624
weight: 0.000347078
eec: 42.6305
weight: 3.94476e-06
eec: 40.6052
weight: 6.3397e-05
eec: 134.695
weight: 1.84914e-05
eec: 571.509
weight: 0.000104246
eec: 732.113
weight: 0.00010051
eec: 368.152
weight: 2.83625e-06
eec: 1381.05
weight: 1.79644e-05
eec: 30.1165
weight: 1.24761e-05
eec: 922.903
weight: 2.96344e-05
eec: 11.5373
weight: 2.91898e-05
eec: 37.8512
weight: 1.83614e-05
eec: 1111.2
weight: 2.87334e-05
eec: 456.486
weight: 9.54259e-05
eec: 731.582
weight: 8.85275e-06
eec: 1203.72
weight: 1.65631e-06
eec: 887.207
weight: 2.59123e-05
eec: 604.537
weight: 5.89392e-07
eec: 2263.46
weight: 0.00289063
eec: 121.381
weight: 0.000249519
eec: 331.339
weight: 0.000284534
eec: 36.3599
weight: 8.2266e-05
eec: 973.014
weight: 7.28264e-05
eec: 297.652
weight: 3.01211e-06
eec: 133.735
weight: 0.000378197
eec: 264.842
weight: 8.74787e-08
eec: 211.17
weight: 6.48559e-06
eec: 266.746
weight: 5.43817e-06
eec: 135.316
weight: 7.19679e-06
eec: 37.2484
weight: 1.89567e-05
eec: 514.572
weight: 0.000225339
eec: 48.2549
weight: 6.667e-05
eec: 378.698
weight: 7.53918e-06
eec: 292.159
weight: 2.39262e-05
eec: 322.891
weight: 0.000167492
eec: 1028.25
weight: 0.000127385
eec: 150.621
weight: 3.98835e-06
eec: 109.373
weight: 1.46837e-07
eec: 699.654
weight: 0.000203535
eec: 869.093
weight: 6.0255e-05
eec: 125.946
weight: 3.58147e-05
eec: 111.624
weight: 3.69789e-06
eec: 446.048
weight: 1.60277e-05
eec: 426.873
weight: 1.60277e-05
eec: 1178.14
weight: 0.000222175
eec: 1902.99
weight: 1.79862e-05
eec: 2247.88
weight: 1.01425e-05
eec: 741.167
weight: 6.03252e-06
eec: 532.837
weight: 7.51364e-06
eec: 275.678
weight: 0.000226493
eec: 519.99
weight: 0.00043479
eec: 212.669
Processing: 20.3459 %weight: 4.18114e-05
eec: 125.098
weight: 1.12862e-05
eec: 712.399
weight: 2.66162e-05
eec: 246.943
weight: 1.01508e-05
eec: 94.1478
weight: 6.33279e-05
eec: 783.888
weight: 9.4538e-05
eec: 872.185
weight: 6.76751e-05
eec: 367.231
weight: 3.4095e-05
eec: 1282.34
weight: 4.4011e-05
eec: 750.782
weight: 4.17314e-06
eec: 186.137
weight: 2.59632e-05
eec: 225.957
weight: 1.06572e-05
eec: 698.918
weight: 4.0148e-05
eec: 227.299
weight: 3.22992e-05
eec: 239.707
weight: 4.13796e-05
eec: 859.662
weight: 7.81617e-06
eec: 925.152
weight: 6.52866e-06
eec: 1995.08
weight: 4.69845e-05
eec: 306.461
weight: 9.15889e-06
eec: 140.506
weight: 2.9947e-05
eec: 1159.68
weight: 7.46664e-06
eec: 119.371
weight: 1.37339e-05
eec: 802.117
weight: 0.000597849
eec: 38.6149
weight: 3.11177e-05
eec: 482.239
weight: 1.83979e-05
eec: 819.502
weight: 9.106e-07
eec: 615.322
weight: 0.000839391
eec: 29.2159
weight: 8.38259e-06
eec: 1128.78
weight: 5.92062e-06
eec: 1039.41
weight: 4.28715e-05
eec: 49.2284
weight: 3.73849e-05
eec: 111.931
weight: 3.65868e-05
eec: 1187.33
weight: 5.12572e-05
eec: 839.615
weight: 8.60781e-06
eec: 1246.04
weight: 0.000525408
eec: 31.2348
weight: 0.000144321
eec: 724.129
weight: 1.4318e-05
eec: 320.089
weight: 0.000444222
eec: 175.652
weight: 3.73075e-06
eec: 1077.61
weight: 1.52906e-06
eec: 563.235
weight: 1.46809e-05
eec: 1777.95
weight: 1.46537e-05
eec: 743.672
weight: 2.46149e-06
eec: 526.351
weight: 2.98829e-05
eec: 82.1761
weight: 1.26401e-05
eec: 605.163
weight: 0.000129247
eec: 566.157
weight: 9.60897e-05
eec: 304.266
weight: 1.75724e-06
eec: 226.625
weight: 1.21285e-05
eec: 155.759
weight: 1.41466e-06
eec: 814.717
weight: 0.000150107
eec: 23.503
weight: 3.96467e-06
eec: 272.519
weight: 1.13597e-05
eec: 583.819
weight: 2.18849e-06
eec: 269.762
weight: 5.61352e-06
eec: 1595.08
weight: 3.51272e-05
eec: 285.572
weight: 7.63074e-06
eec: 558.113
weight: 0.000197281
eec: 304.249
weight: 0.000128381
eec: 435.664
weight: 7.58528e-05
eec: 255.547
weight: 5.25451e-05
eec: 404.171
weight: 2.32227e-05
eec: 102.402
weight: 9.2646e-05
eec: 464.024
weight: 1.43212e-05
eec: 749.436
weight: 0.00011772
eec: 153.299
weight: 7.1544e-05
eec: 949.539
weight: 6.64637e-05
eec: 36.1041
weight: 0.000124888
eec: 89.7884
weight: 0.000105725
eec: 200.745
weight: 5.24142e-05
eec: 319.64
weight: 3.86686e-07
eec: 486.055
weight: 7.93113e-05
eec: 665.334
weight: 0.000317143
eec: 313.282
weight: 6.70844e-05
eec: 254.633
weight: 1.9732e-05
eec: 34.7316
weight: 3.93849e-05
eec: 48.0507
weight: 6.73663e-06
eec: 246.262
weight: 1.55772e-05
eec: 173.107
weight: 2.85137e-06
eec: 167.223
weight: 1.27932e-07
eec: 599.766
weight: 5.65513e-06
eec: 443.642
weight: 1.41854e-05
eec: 494.291
weight: 1.95624e-05
eec: 42.1786
weight: 0.00025904
eec: 228.198
weight: 2.42854e-05
eec: 7.75975
weight: 7.31427e-06
eec: 82.2909
weight: 3.71099e-05
eec: 353.982
weight: 6.01744e-05
eec: 155.387
weight: 0.000392
eec: 617.143
weight: 0.000107396
eec: 569.253
weight: 7.33131e-07
eec: 741.43
weight: 2.86611e-06
eec: 466.654
weight: 1.73539e-06
eec: 46.0706
weight: 2.4604e-05
eec: 1336.2
weight: 4.52571e-05
eec: 414.941
weight: 6.08994e-05
eec: 337.307
weight: 2.58862e-05
eec: 325.212
weight: 2.12194e-05
eec: 83.3681
weight: 2.04281e-06
eec: 559.639
weight: 1.05715e-05
eec: 2766.74
weight: 4.01727e-05
eec: 558.928
weight: 1.27787e-05
eec: 392.549
weight: 7.09345e-06
eec: 133.107
weight: 6.21368e-07
eec: 782.407
weight: 4.85447e-05
eec: 292.918
weight: 2.34115e-05
eec: 528.008
weight: 4.16869e-06
eec: 953.373
weight: 0.000116679
eec: 168.885
weight: 4.0131e-05
eec: 687.618
weight: 4.0131e-05
eec: 234.591
weight: 0.000270842
eec: 733.19
weight: 2.60303e-06
eec: 621.425
weight: 4.7021e-06
eec: 92.8302
weight: 0.000125239
eec: 1345.71
weight: 5.55629e-07
eec: 1588.16
weight: 0.000135156
eec: 290.903
weight: 0.000348575
eec: 233.582
weight: 1.3141e-05
eec: 237.939
weight: 8.91249e-06
eec: 2616.22
weight: 2.20577e-06
eec: 145.152
weight: 2.10435e-05
eec: 63.8243
weight: 1.72317e-07
eec: 1113.44
weight: 1.41591e-06
eec: 774.226
weight: 0.000107165
eec: 248.648
weight: 7.53448e-06
eec: 65.5135
weight: 8.23699e-07
eec: 75.1698
weight: 2.63303e-05
eec: 85.3114
weight: 0.000488302
eec: 177.163
weight: 0.000200985
eec: 848.96
weight: 1.20893e-05
eec: 551.544
weight: 6.71518e-06
eec: 195.281
weight: 2.19806e-08
eec: 236.835
weight: 8.64314e-05
eec: 238.118
weight: 2.26277e-05
eec: 420.729
weight: 0.00311104
eec: 788.905
weight: 5.23005e-05
eec: 163.308
weight: 1.43164e-05
eec: 177.485
weight: 0.00104504
eec: 228.746
weight: 1.34489e-05
eec: 448.811
weight: 3.15894e-06
eec: 565.307
weight: 1.49938e-05
eec: 61.4999
weight: 2.81642e-05
eec: 1645.6
weight: 4.17625e-05
eec: 222.859
weight: 1.37505e-05
eec: 1744.97
weight: 2.5677e-08
eec: 892.16
weight: 6.26762e-05
eec: 211.088
weight: 7.79241e-05
eec: 242.883
weight: 6.48004e-06
eec: 1209.66
weight: 3.34308e-05
eec: 333.394
weight: 0.000845112
eec: 1090.19
weight: 8.32369e-06
eec: 363.966
weight: 4.49427e-06
eec: 125.224
weight: 1.56515e-05
eec: 3502.96
weight: 3.0422e-05
eec: 1214.42
weight: 2.45207e-05
eec: 2239
weight: 3.39e-06
eec: 164.395
weight: 1.2293e-05
eec: 5312.72
weight: 7.27318e-05
eec: 365.123
weight: 5.91928e-05
eec: 374.092
weight: 6.42997e-06
eec: 243.843
weight: 0.000213936
eec: 56.3277
weight: 1.46962e-06
eec: 662.834
weight: 2.34027e-05
eec: 1742.55
weight: 6.83456e-05
eec: 644.789
weight: 5.73542e-06
eec: 131.674
weight: 2.07313e-05
eec: 999.775
weight: 8.11598e-06
eec: 375.882
weight: 1.33908e-05
eec: 240.418
weight: 6.3755e-06
eec: 535.876

ROOT exit code = 0
