gSystem->Load("run_condor_job_Run3_C.so");
run_condor_job_Run3(950, 100, 2,
                    80, 200,
                    1, 1, 1, 9);
.q

ENTERED run_condor_job_Run3()
JOBID = 950
  global job = 950  Job 50/100  events [2973000, 3032460)  total=5946000
Processing events [2973000, 3032460) of 5946000
weight: 2.86063e-05
eec: 105.511
weight: 4.74598e-05
eec: 123.538
weight: 5.84937e-06
eec: 1417.11
weight: 3.05936e-05
eec: 41.4766
weight: 2.39756e-05
eec: 395.644
weight: 4.18946e-06
eec: 684.863
weight: 1.73261e-07
eec: 535.457
weight: 2.13363e-05
eec: 177.117
weight: 6.60385e-05
eec: 419.087
weight: 1.82065e-06
eec: 269.034
weight: 4.01079e-05
eec: 225.04
weight: 3.56602e-05
eec: 54.7962
weight: 1.56454e-05
eec: 728.776
weight: 2.70781e-05
eec: 112.264
weight: 2.97792e-05
eec: 395.226
weight: 9.60248e-06
eec: 438.921
weight: 9.70359e-07
eec: 93.8554
weight: 1.0254e-08
eec: 233.79
weight: 4.81889e-05
eec: 1297.43
weight: 4.0086e-05
eec: 1581.5
weight: 4.41577e-05
eec: 147.583
weight: 9.2129e-05
eec: 357.82
weight: 4.70918e-05
eec: 527.768
weight: 7.71405e-05
eec: 1394.56
weight: 1.22794e-05
eec: 1406.43
weight: 0.000116285
eec: 671.109
weight: 0.000102854
eec: 513.129
weight: 5.48033e-05
eec: 76.3357
weight: 0.000239737
eec: 162.336
weight: 1.44091e-05
eec: 601.812
weight: 2.09442e-05
eec: 966.492
weight: 4.89764e-06
eec: 1026.77
weight: 9.44169e-06
eec: 38.6519
weight: 3.00347e-06
eec: 770.863
weight: 5.55368e-05
eec: 832.703
weight: 0.000201006
eec: 137.4
weight: 1.56526e-05
eec: 528.618
weight: 3.97378e-06
eec: 379.629
weight: 9.86569e-06
eec: 754.974
weight: 1.82343e-05
eec: 735.942
weight: 3.98543e-05
eec: 404.768
weight: 8.74055e-08
eec: 1427.61
weight: 9.83313e-08
eec: 486.91
weight: 2.48827e-05
eec: 944.719
weight: 1.43298e-07
eec: 33.826
weight: 0.000691119
eec: 966.711
weight: 1.77541e-05
eec: 2294.18
weight: 0.000112454
eec: 58.8046
weight: 9.1988e-07
eec: 249.768
weight: 8.16831e-06
eec: 834.607
weight: 6.60041e-05
eec: 324.529
weight: 1.68075e-06
eec: 983.042
weight: 2.9316e-05
eec: 2323.55
weight: 1.66504e-05
eec: 745.843
weight: 1.84436e-05
eec: 2531.65
weight: 1.6194e-05
eec: 46.5078
weight: 1.51349e-05
eec: 247.685
weight: 4.11047e-06
eec: 672.682
weight: 5.30124e-05
eec: 291.31
weight: 6.24257e-06
eec: 508.007
weight: 0.000134459
eec: 51.0813
weight: 7.16705e-06
eec: 111.944
weight: 8.96771e-06
eec: 835.76
weight: 0.000172415
eec: 115.476
weight: 7.21833e-05
eec: 1467.36
weight: 1.15786e-05
eec: 1272.87
weight: 3.48333e-05
eec: 36.4301
weight: 1.61404e-05
eec: 87.0254
weight: 1.08851e-06
eec: 33.6177
weight: 0.000123402
eec: 400.335
weight: 0.000500779
eec: 73.9725
weight: 1.08629e-05
eec: 57.4207
weight: 1.38485e-05
eec: 267.676
weight: 0.000268609
eec: 159.063
weight: 0.000641883
eec: 177.282
weight: 3.30282e-05
eec: 184.926
weight: 0.000559445
eec: 721.068
weight: 1.49145e-05
eec: 85.9662
weight: 0.00013301
eec: 1177.12
weight: 7.62269e-06
eec: 1121.2
weight: 9.70732e-06
eec: 423.991
weight: 3.1764e-05
eec: 43.2885
weight: 0.000118857
eec: 132.035
weight: 3.06703e-05
eec: 267.084
weight: 9.6784e-05
eec: 864.102
weight: 3.02611e-05
eec: 2571.87
weight: 2.32129e-05
eec: 436.031
weight: 3.04248e-06
eec: 1004.43
weight: 0.000109103
eec: 308.9
weight: 2.9417e-05
eec: 1169.47
weight: 7.09521e-05
eec: 2114.87
weight: 8.63046e-05
eec: 448.177
weight: 7.5232e-05
eec: 761.583
weight: 7.96283e-06
eec: 1655.84
weight: 1.7901e-05
eec: 418.069
weight: 1.27115e-05
eec: 3088.28
weight: 2.88575e-05
eec: 108.22
weight: 1.12551e-05
eec: 428.479
weight: 3.19922e-06
eec: 209.91
weight: 2.08878e-05
eec: 71.4197
weight: 0.000116497
eec: 81.474
weight: 5.90991e-06
eec: 2553.08
weight: 0.00131341
eec: 759.476
weight: 2.04715e-05
eec: 272.049
weight: 1.02673e-05
eec: 756.572
weight: 2.0798e-05
eec: 1204.13
weight: 3.95774e-05
eec: 472.175
weight: 1.10447e-05
eec: 588.883
weight: 1.15771e-07
eec: 450.411
weight: 4.06334e-05
eec: 83.088
weight: 3.06645e-05
eec: 2031.63
weight: 1.54985e-05
eec: 128.927
weight: 2.07804e-05
eec: 1004.31
Processing: 50.4541 %weight: 6.41257e-05
eec: 250.746
weight: 1.75326e-06
eec: 105.928
weight: 2.84817e-05
eec: 738.219
weight: 1.13582e-05
eec: 1106.15
weight: 6.40055e-06
eec: 253.187
weight: 4.50376e-06
eec: 148.235
weight: 4.89023e-05
eec: 177.473
weight: 0.000661389
eec: 573.552
weight: 0.000282264
eec: 12.9994
weight: 6.88198e-06
eec: 626.268
weight: 5.3445e-06
eec: 1198.34
weight: 6.24664e-05
eec: 33.7231
weight: 1.38195e-06
eec: 790.233
weight: 1.40645e-05
eec: 935.921
weight: 2.6513e-06
eec: 266.713
weight: 1.72389e-05
eec: 950.322
weight: 0.0001517
eec: 97.5531
weight: 4.76934e-07
eec: 407.21
weight: 6.13141e-05
eec: 1824.6
weight: 1.39615e-07
eec: 384.938
weight: 1.56352e-05
eec: 703.829
weight: 6.51831e-05
eec: 328.429
weight: 0.000102496
eec: 11.6711
weight: 1.47359e-05
eec: 144.985
weight: 1.54036e-05
eec: 182.918
weight: 0.000108691
eec: 1035.58
weight: 3.95065e-05
eec: 382.23
weight: 8.29605e-05
eec: 38.2755
weight: 1.2834e-05
eec: 117.211
weight: 1.59988e-06
eec: 267.085
weight: 1.51841e-05
eec: 2458.47
weight: 1.30411e-06
eec: 377.058
weight: 0.000234695
eec: 293.466
weight: 1.94608e-07
eec: 609.462
weight: 8.50908e-05
eec: 1821.38
weight: 6.92886e-07
eec: 872.512
weight: 2.15463e-07
eec: 76.9893
weight: 9.24929e-06
eec: 2918.8
weight: 2.85454e-05
eec: 87.3047
weight: 2.55332e-06
eec: 921.954
weight: 3.78674e-07
eec: 45.9395
weight: 9.8685e-07
eec: 275.896
weight: 0.000407252
eec: 80.3103
weight: 1.43599e-06
eec: 498.617
weight: 1.30136e-05
eec: 2234.08
weight: 2.4836e-06
eec: 35.9897
weight: 3.21016e-07
eec: 405.637
weight: 1.98859e-05
eec: 378.012
weight: 1.76923e-05
eec: 419.635
weight: 2.61667e-06
eec: 40.0631
weight: 3.30731e-06
eec: 740.573
weight: 2.98802e-06
eec: 1372.8
weight: 2.51937e-06
eec: 1285.5
weight: 6.6288e-06
eec: 560.078
weight: 1.43763e-05
eec: 1375.02
weight: 3.276e-06
eec: 347.653
weight: 3.18669e-05
eec: 752.165
weight: 2.51161e-05
eec: 46.141
weight: 1.79424e-05
eec: 292.401
weight: 5.66177e-05
eec: 471.252
weight: 9.11297e-05
eec: 40.4927
weight: 6.18362e-06
eec: 1714.82
weight: 2.12485e-05
eec: 160.208
weight: 7.12477e-06
eec: 1360.61
weight: 0.000178191
eec: 1252.16
weight: 0.000238387
eec: 800.574
weight: 6.80829e-05
eec: 163.202
weight: 4.02703e-06
eec: 819.677
weight: 6.95652e-05
eec: 542.857
weight: 2.43684e-06
eec: 630.367
weight: 0.000151941
eec: 238.244
weight: 2.53756e-05
eec: 202.579
weight: 5.52206e-05
eec: 235.28
weight: 4.94436e-06
eec: 275.277
weight: 3.04804e-05
eec: 763.79
weight: 3.01937e-05
eec: 102.246
weight: 3.81499e-05
eec: 127.228
weight: 1.36688e-05
eec: 145.448
weight: 0.000173066
eec: 576.76
weight: 9.34977e-05
eec: 133.272
weight: 1.83552e-05
eec: 208.125
weight: 3.14513e-05
eec: 172.649
weight: 5.66928e-06
eec: 580.673
weight: 5.94497e-05
eec: 955.619
weight: 9.05549e-05
eec: 438.983
weight: 1.4842e-05
eec: 407.837
weight: 6.11002e-05
eec: 325.788
weight: 6.17508e-05
eec: 101.161
weight: 8.94469e-06
eec: 1024.98
weight: 0.000148918
eec: 72.0081
weight: 0.000160617
eec: 62.7175
weight: 1.06688e-05
eec: 448.591
weight: 8.72585e-05
eec: 105.79
weight: 2.5521e-05
eec: 2835.21
weight: 1.21281e-05
eec: 23.0318
weight: 0.000483558
eec: 70.3493
weight: 0.000187061
eec: 268.781
weight: 6.29153e-07
eec: 2561.34
weight: 0.000210651
eec: 623.381
weight: 9.07111e-06
eec: 507.337
weight: 0.00019399
eec: 518.714
weight: 0.000514204
eec: 21.8578
weight: 1.20416e-05
eec: 1193.13
weight: 5.85632e-05
eec: 344.072
weight: 6.75029e-07
eec: 387.454
weight: 0.000118157
eec: 1742.41
weight: 0.000345453
eec: 473.566
weight: 0.000175898
eec: 105.177
weight: 0.000193825
eec: 760.873
weight: 0.000719556
eec: 35.6937
weight: 6.16026e-05
eec: 275.808
weight: 2.23554e-06
eec: 343.072
weight: 2.83012e-05
eec: 717.048
weight: 8.70028e-07
eec: 2011.52
weight: 8.50015e-06
eec: 505.468
weight: 6.62605e-05
eec: 277.457
weight: 7.27219e-05
eec: 128.818
weight: 2.10003e-05
eec: 231.63
weight: 7.3187e-05
eec: 520.445
weight: 1.42235e-07
eec: 910.792
weight: 7.5165e-05
eec: 612.685
weight: 6.6984e-05
eec: 316.823
weight: 1.97645e-05
eec: 2457.36
weight: 6.75023e-05
eec: 764.625
weight: 1.54811e-05
eec: 616.824
weight: 2.75934e-05
eec: 1544.77
weight: 0.000119449
eec: 116.442
weight: 3.45649e-05
eec: 1009.6
weight: 3.52301e-07
eec: 313.087
weight: 0.000100045
eec: 397.105
weight: 6.24182e-06
eec: 429.904
weight: 2.60963e-05
eec: 2345.72
weight: 7.66723e-06
eec: 371.458
weight: 5.59813e-05
eec: 2181.35
weight: 8.79681e-05
eec: 682.199
weight: 0.000384296
eec: 1106.28
weight: 4.42308e-05
eec: 143.166
weight: 5.32935e-05
eec: 56.9447
weight: 1.74575e-05
eec: 109.76
weight: 7.51783e-06
eec: 1264.18
weight: 5.88304e-06
eec: 355.276
weight: 8.3195e-06
eec: 848.566
weight: 7.85288e-07
eec: 1707.49

ROOT exit code = 0
