gSystem->Load("run_condor_job_Run3_C.so");
run_condor_job_Run3(302, 100, 2,
                    80, 200,
                    1, 1, 1, 3);
.q

ENTERED run_condor_job_Run3()
JOBID = 302
  global job = 302  Job 2/100  events [120000, 180000)  total=6000000
Processing events [120000, 180000) of 6000000
weight: 1.43638e-06
eec: 833.979
weight: 4.10979e-05
eec: 89.0181
weight: 0.00400224
eec: 177.304
weight: 7.98944e-07
eec: 515.59
weight: 5.61352e-05
eec: 496.538
weight: 1.05819e-05
eec: 33.0141
weight: 8.3466e-05
eec: 274.726
weight: 7.2461e-05
eec: 365.385
weight: 2.15191e-06
eec: 216.913
weight: 6.17279e-05
eec: 71.0085
weight: 1.92582e-06
eec: 2018.53
weight: 0.0014575
eec: 32.3145
weight: 5.45261e-05
eec: 1500.54
weight: 0.000115239
eec: 491.001
weight: 0.000479535
eec: 512.645
weight: 0.00199198
eec: 69.1723
weight: 2.22973e-05
eec: 288.46
weight: 7.87637e-05
eec: 172.874
weight: 0.00012809
eec: 1135.71
weight: 1.0637e-05
eec: 666.291
weight: 3.06856e-05
eec: 59.0777
weight: 0.000435068
eec: 45.3186
weight: 1.05086e-06
eec: 644.403
weight: 5.83927e-05
eec: 70.3189
weight: 1.46011e-06
eec: 241.213
weight: 5.41731e-05
eec: 561.433
weight: 9.3481e-07
eec: 1472.89
weight: 5.71741e-05
eec: 589.266
weight: 2.45104e-05
eec: 419.793
weight: 1.1753e-05
eec: 776.693
weight: 6.70005e-05
eec: 306.199
weight: 3.38889e-05
eec: 921.722
weight: 7.58821e-07
eec: 311.684
weight: 8.46887e-06
eec: 453.507
weight: 0.000388583
eec: 101.76
weight: 3.4406e-05
eec: 166.451
weight: 3.31531e-06
eec: 209.193
weight: 3.41061e-05
eec: 16.5909
weight: 1.35835e-06
eec: 150.606
weight: 0.000802938
eec: 149.11
weight: 2.91352e-05
eec: 941.171
weight: 1.56361e-05
eec: 301.54
weight: 0.000370505
eec: 182.393
weight: 6.43572e-05
eec: 864.253
weight: 7.79919e-06
eec: 1294.98
weight: 2.29406e-05
eec: 494.486
weight: 9.56243e-06
eec: 38.6472
weight: 5.35027e-06
eec: 1205.29
weight: 3.46813e-05
eec: 1445.57
weight: 0.000121745
eec: 255.749
weight: 1.03035e-05
eec: 430.876
weight: 0.000507353
eec: 613.964
weight: 0.000174449
eec: 118.898
weight: 0.000328292
eec: 767.506
weight: 3.62936e-06
eec: 320.731
weight: 1.16138e-05
eec: 478.719
weight: 3.61503e-05
eec: 40.8283
weight: 6.8849e-05
eec: 409.604
weight: 2.03243e-05
eec: 209.313
weight: 0.000153844
eec: 523.657
weight: 5.0487e-05
eec: 177.673
weight: 1.54773e-05
eec: 184.374
weight: 1.9116e-05
eec: 93.333
weight: 0.000293444
eec: 270.315
weight: 5.3996e-05
eec: 523.514
weight: 2.31183e-05
eec: 669.196
weight: 4.88174e-05
eec: 295.749
weight: 2.38606e-05
eec: 216.969
weight: 3.37084e-06
eec: 1667.36
weight: 2.05879e-05
eec: 214.527
weight: 7.89503e-05
eec: 268.588
weight: 2.71879e-05
eec: 61.3995
weight: 8.14361e-05
eec: 1529.49
weight: 9.00112e-06
eec: 709.983
weight: 9.64239e-06
eec: 62.8235
weight: 7.89284e-06
eec: 37.6312
weight: 3.57369e-06
eec: 169.646
weight: 1.35416e-06
eec: 778.605
weight: 9.02438e-06
eec: 328.543
weight: 1.18944e-06
eec: 842.706
weight: 2.50546e-05
eec: 1051.99
weight: 0.000192592
eec: 316.21
weight: 2.17727e-05
eec: 228.263
weight: 6.80887e-05
eec: 484.246
weight: 0.000140435
eec: 99.8954
weight: 1.78084e-05
eec: 2149.57
weight: 0.000644361
eec: 462.241
weight: 1.82758e-05
eec: 84.149
weight: 4.05167e-05
eec: 901.871
weight: 0.000526089
eec: 805.095
weight: 4.16104e-06
eec: 3346.01
weight: 2.68191e-06
eec: 294.24
weight: 1.94314e-05
eec: 29.1144
weight: 1.63522e-06
eec: 176.532
weight: 1.45522e-05
eec: 158.704
weight: 6.77597e-05
eec: 245.83
weight: 3.05395e-06
eec: 596.513
weight: 1.55756e-05
eec: 446.178
weight: 4.3738e-05
eec: 54.2396
weight: 3.79013e-05
eec: 25.0011
weight: 6.28449e-06
eec: 20.7148
weight: 5.40031e-05
eec: 1311.02
weight: 9.72535e-06
eec: 325.189
weight: 1.334e-06
eec: 318.05
weight: 0.000392977
eec: 321.737
weight: 0.000758816
eec: 168.916
weight: 0.000163034
eec: 1207.08
weight: 1.89374e-05
eec: 1096.69
weight: 2.57182e-05
eec: 130.075
weight: 0.000384238
eec: 468.981
weight: 3.57392e-06
eec: 2132.82
weight: 1.23184e-05
eec: 182.43
weight: 3.46245e-05
eec: 517.709
weight: 6.67557e-06
eec: 270.048
weight: 1.02153e-05
eec: 311.293
weight: 1.02725e-05
eec: 1003.23
weight: 5.05156e-05
eec: 329.176
weight: 9.03959e-06
eec: 383.255
weight: 9.16191e-06
eec: 229.793
weight: 6.30527e-06
eec: 1900.84
weight: 5.81863e-05
eec: 617.07
weight: 4.18651e-07
eec: 1471.73
weight: 2.99824e-06
eec: 263.973
weight: 1.47834e-05
eec: 2416.15
weight: 1.48339e-06
eec: 99.3457
weight: 1.29209e-05
eec: 922.016
weight: 9.6315e-07
eec: 178.928
weight: 2.8673e-07
eec: 774.21
weight: 0.000250783
eec: 1455.41
Processing: 2.5 %weight: 0.000145713
eec: 816.605
weight: 2.18685e-06
eec: 157.186
weight: 4.81889e-08
eec: 162.978
weight: 9.38921e-05
eec: 1085.51
weight: 6.55521e-07
eec: 432.803
weight: 5.55406e-05
eec: 299.071
weight: 2.215e-06
eec: 228.871
weight: 1.62897e-08
eec: 765.25
weight: 6.50017e-06
eec: 364.191
weight: 2.29756e-05
eec: 104.723
weight: 5.12723e-06
eec: 167.371
weight: 0.000111738
eec: 472.967
weight: 0.00020213
eec: 231.265
weight: 4.43978e-06
eec: 94.209
weight: 0.000242312
eec: 801.632
weight: 1.83151e-06
eec: 349.582
weight: 2.29587e-05
eec: 663.499
weight: 1.38135e-05
eec: 286.461
weight: 0.000207654
eec: 402.794
weight: 0.0015373
eec: 202.529
weight: 9.10737e-05
eec: 575.317
weight: 0.000132261
eec: 29.9129
weight: 1.82545e-05
eec: 1526.61
weight: 1.82545e-05
eec: 330.938
weight: 5.87811e-06
eec: 880.257
weight: 4.30911e-06
eec: 420.684
weight: 1.15194e-05
eec: 1880.36
weight: 0.000147465
eec: 47.9041
weight: 3.44242e-05
eec: 30.5538
weight: 0.000105472
eec: 1310.65
weight: 1.85893e-06
eec: 503.922
weight: 1.60449e-05
eec: 748.077
weight: 6.54634e-05
eec: 1397.96
weight: 8.61665e-06
eec: 825.064
weight: 1.87678e-06
eec: 96.5697
weight: 9.10188e-06
eec: 104.684
weight: 0.000769015
eec: 203.128
weight: 1.03181e-05
eec: 128.095
weight: 1.41365e-05
eec: 714.589
weight: 4.18312e-07
eec: 640.487
weight: 1.795e-05
eec: 1136.4
weight: 4.35977e-05
eec: 175.09
weight: 5.70345e-06
eec: 338.685
weight: 8.7801e-06
eec: 1401.21
weight: 4.55747e-06
eec: 276.891
weight: 3.43885e-05
eec: 249.964
weight: 4.09288e-05
eec: 624.147
weight: 8.38436e-05
eec: 231.432
weight: 3.92567e-05
eec: 465.185
weight: 1.57975e-05
eec: 624.182
weight: 3.34097e-06
eec: 403.395
weight: 0.000119269
eec: 384.313
weight: 4.19917e-05
eec: 613.872
weight: 0.000112271
eec: 71.8916
weight: 3.12879e-05
eec: 1080.89
weight: 8.43302e-06
eec: 15.7914
weight: 2.70192e-08
eec: 385.949
weight: 5.26721e-05
eec: 567.622
weight: 8.81677e-06
eec: 87.6056
weight: 0.000281873
eec: 72.9801
weight: 2.03858e-06
eec: 183.132
weight: 0.00170988
eec: 299.624
weight: 2.8241e-05
eec: 1265.84
weight: 2.27377e-05
eec: 166.144
weight: 3.99514e-05
eec: 1787.18
weight: 6.37249e-05
eec: 1685.46
weight: 7.20858e-06
eec: 933.757
weight: 3.81807e-06
eec: 1132.42
weight: 0.000139926
eec: 504.227
weight: 0.000276834
eec: 211.636
weight: 0.000159905
eec: 248.57
weight: 2.67126e-05
eec: 392.259
weight: 1.2912e-05
eec: 188.646
weight: 4.74549e-07
eec: 355.924
weight: 8.42715e-06
eec: 471.4
weight: 2.81633e-05
eec: 957.409
weight: 9.22749e-05
eec: 973.612
weight: 0.000128637
eec: 1067.93
weight: 0.00110279
eec: 297.177
weight: 1.1173e-05
eec: 586.472
weight: 1.04357e-05
eec: 1004.66
weight: 5.9169e-06
eec: 1240.32
weight: 0.000116936
eec: 1120.7
weight: 1.01307e-05
eec: 2572.61
weight: 0.000180257
eec: 399.872
weight: 3.4906e-05
eec: 1919.37
weight: 1.95859e-05
eec: 319.48
weight: 0.00011062
eec: 694.357
weight: 5.45771e-05
eec: 318.687
weight: 7.96438e-06
eec: 340.118
weight: 0.000126585
eec: 179.511
weight: 1.60827e-06
eec: 376.653
weight: 0.00020586
eec: 575.161
weight: 0.000207285
eec: 67.8091
weight: 3.84588e-05
eec: 356.554
weight: 2.46789e-05
eec: 176.487
weight: 3.3075e-05
eec: 407.177
weight: 3.3075e-05
eec: 494.785
weight: 4.12691e-06
eec: 609.816
weight: 0.000109011
eec: 675.478
weight: 0.000134441
eec: 983.855
weight: 8.23854e-06
eec: 94.743
weight: 2.07038e-06
eec: 124.917
weight: 2.49143e-06
eec: 51.1219
weight: 3.606e-05
eec: 1026.61
weight: 3.92205e-06
eec: 990.942
weight: 1.72899e-05
eec: 297.574
weight: 2.87226e-05
eec: 626.5
weight: 6.29779e-05
eec: 71.7122

ROOT exit code = 0
