gSystem->Load("run_condor_job_Run3_C.so");
run_condor_job_Run3(447, 100, 2,
                    80, 200,
                    1, 1, 1, 4);
.q

ENTERED run_condor_job_Run3()
JOBID = 447
  global job = 447  Job 47/100  events [2772060, 2831040)  total=5898000
Processing events [2772060, 2831040) of 5898000
weight: 4.12159e-05
eec: 1041.81
weight: 0.000115742
eec: 118.285
weight: 2.14735e-05
eec: 757.133
weight: 1.98431e-06
eec: 536.529
weight: 1.96281e-06
eec: 266.26
weight: 1.29711e-05
eec: 63.7019
weight: 2.02433e-05
eec: 981.699
weight: 0.000223807
eec: 788.524
weight: 0.000112252
eec: 502.183
weight: 7.89442e-05
eec: 382.915
weight: 7.59657e-05
eec: 49.2213
weight: 2.68399e-05
eec: 859.526
weight: 6.56633e-06
eec: 73.3108
weight: 4.64966e-05
eec: 63.4927
weight: 4.48989e-06
eec: 76.4367
weight: 4.48989e-06
eec: 2178.53
weight: 4.91239e-06
eec: 424.442
weight: 0.000199954
eec: 143.598
weight: 4.31527e-05
eec: 37.8004
weight: 9.79067e-06
eec: 248.436
weight: 5.14769e-05
eec: 401.233
weight: 0.000190783
eec: 427.618
weight: 0.000111979
eec: 488.7
weight: 4.34513e-06
eec: 1378.96
weight: 1.08593e-05
eec: 40.1894
weight: 0.000102311
eec: 389.483
weight: 0.000798997
eec: 305.157
weight: 0.000135997
eec: 557.45
weight: 3.46434e-05
eec: 707.718
weight: 9.84094e-07
eec: 70.0686
weight: 3.8444e-07
eec: 500.129
weight: 1.15368e-06
eec: 1965.4
weight: 0.000670532
eec: 718.463
weight: 1.32883e-06
eec: 412.214
weight: 8.32271e-07
eec: 1505.58
weight: 5.86912e-05
eec: 45.3307
weight: 1.06117e-05
eec: 694.94
weight: 1.07057e-05
eec: 587.335
weight: 3.4085e-05
eec: 1479.32
weight: 2.57105e-06
eec: 871.924
weight: 5.65552e-05
eec: 94.9456
weight: 3.82071e-05
eec: 193.367
weight: 0.000218068
eec: 685.974
weight: 1.13304e-05
eec: 468.211
weight: 3.01222e-06
eec: 2009.94
weight: 8.88722e-06
eec: 276.076
weight: 7.86045e-05
eec: 142.959
weight: 1.94918e-05
eec: 638.543
weight: 2.18821e-05
eec: 282.043
weight: 1.59967e-05
eec: 152.892
weight: 0.000426567
eec: 18.2372
weight: 3.41413e-05
eec: 720.494
weight: 0.000292569
eec: 592.734
weight: 9.37381e-06
eec: 234.476
weight: 9.25987e-05
eec: 526.8
weight: 1.0574e-05
eec: 293.186
weight: 5.86061e-06
eec: 882.37
weight: 3.54951e-05
eec: 676.762
weight: 8.91519e-07
eec: 128.194
weight: 4.07744e-05
eec: 29.7052
weight: 0.00018653
eec: 264.083
weight: 2.54898e-05
eec: 882.146
weight: 7.40109e-05
eec: 343.983
weight: 0.000113569
eec: 826.25
weight: 0.000150908
eec: 824.305
weight: 0.000120646
eec: 273.388
weight: 0.000131338
eec: 53.4479
weight: 9.2037e-06
eec: 248.109
weight: 2.15108e-05
eec: 41.4918
weight: 8.65087e-07
eec: 229.342
weight: 3.39666e-05
eec: 892.638
weight: 1.18475e-06
eec: 447.651
weight: 7.40404e-06
eec: 1255.35
weight: 5.17538e-05
eec: 92.5635
weight: 5.28762e-08
eec: 25.0585
weight: 3.70181e-05
eec: 1717.97
weight: 7.50882e-06
eec: 58.2247
weight: 0.000170247
eec: 135.438
weight: 0.000170247
eec: 262.805
weight: 2.49254e-05
eec: 1452.06
weight: 1.20714e-05
eec: 1918.03
weight: 4.22821e-07
eec: 194.014
weight: 9.31969e-05
eec: 424.959
weight: 6.2798e-06
eec: 65.5286
weight: 5.07027e-06
eec: 724.596
weight: 1.02045e-06
eec: 400.883
weight: 3.14595e-05
eec: 69.5694
weight: 2.75951e-05
eec: 362.047
weight: 3.08374e-06
eec: 620.207
weight: 2.02037e-05
eec: 38.0197
weight: 8.41582e-06
eec: 385.038
weight: 6.4485e-07
eec: 75.5383
weight: 1.4281e-05
eec: 1181.4
weight: 0.000346891
eec: 85.7711
weight: 0.000151249
eec: 190.881
weight: 2.4938e-05
eec: 367.536
weight: 2.93632e-06
eec: 1989.12
weight: 1.2232e-05
eec: 2457.76
weight: 6.04356e-05
eec: 259.682
weight: 1.61506e-06
eec: 1284.74
weight: 6.95911e-06
eec: 1873.09
weight: 1.12023e-05
eec: 87.7736
weight: 8.44551e-06
eec: 124.004
weight: 1.74034e-05
eec: 510.162
weight: 3.70401e-06
eec: 401.251
weight: 1.77827e-05
eec: 21.0329
weight: 1.45217e-05
eec: 78.9324
weight: 0.000282095
eec: 99.5878
weight: 3.44331e-06
eec: 704.23
weight: 1.09956e-08
eec: 211.69
weight: 6.69477e-05
eec: 146.496
Processing: 47.4737 %weight: 1.05077e-05
eec: 313.805
weight: 0.000415078
eec: 71.2554
weight: 6.4978e-05
eec: 192.62
weight: 3.73795e-05
eec: 287.853
weight: 7.78467e-06
eec: 148.508
weight: 3.24893e-05
eec: 29.0881
weight: 0.000408453
eec: 90.955
weight: 1.63376e-05
eec: 425.234
weight: 9.39913e-05
eec: 381.827
weight: 4.08941e-05
eec: 824.99
weight: 8.75664e-05
eec: 779.636
weight: 8.24965e-06
eec: 668.159
weight: 1.54278e-06
eec: 1548.06
weight: 1.26077e-05
eec: 1024
weight: 6.70206e-05
eec: 111.487
weight: 8.17058e-05
eec: 1329.68
weight: 0.000190479
eec: 1658.44
weight: 2.2425e-06
eec: 1844.47
weight: 4.67762e-05
eec: 21.829
weight: 0.000199215
eec: 83.1305
weight: 0.000125271
eec: 136.848
weight: 3.89986e-05
eec: 226.951
weight: 3.98878e-05
eec: 309.823
weight: 6.61663e-06
eec: 100.715
weight: 9.7583e-06
eec: 774.039
weight: 1.84237e-05
eec: 49.9221
weight: 1.9963e-05
eec: 74.9402
weight: 5.25912e-05
eec: 615.277
weight: 0.00027288
eec: 548.283
weight: 2.50292e-07
eec: 884.52
weight: 4.78926e-05
eec: 536.689
weight: 9.59782e-05
eec: 50.7633
weight: 4.36104e-05
eec: 44.5348
weight: 2.03202e-06
eec: 89.1076
weight: 0.00198964
eec: 384.269
weight: 2.02144e-05
eec: 158.965
weight: 1.93025e-05
eec: 182.911
weight: 4.43736e-06
eec: 65.9622
weight: 4.06916e-06
eec: 438.977
weight: 3.20401e-05
eec: 1039.53
weight: 1.70637e-05
eec: 498.477
weight: 2.06036e-05
eec: 130.454
weight: 0.000180186
eec: 1218.13
weight: 0.000336229
eec: 308.802
weight: 1.27779e-06
eec: 1133.6
weight: 0.000126332
eec: 106.967
weight: 0.000250704
eec: 723.191
weight: 0.000420059
eec: 57.9257
weight: 4.45612e-05
eec: 140.462
weight: 0.000331593
eec: 441.729
weight: 7.50352e-06
eec: 198.655
weight: 7.44273e-06
eec: 164.623
weight: 0.00163362
eec: 707.24
weight: 3.35812e-05
eec: 372.411
weight: 1.73756e-05
eec: 1708.58
weight: 7.78031e-06
eec: 2600.53
weight: 2.11666e-05
eec: 1765.93
weight: 0.000482705
eec: 416.598
weight: 0.000152164
eec: 314.954
weight: 1.79057e-07
eec: 123.56
weight: 3.7669e-05
eec: 179.278
weight: 1.25231e-06
eec: 741.929
weight: 0.000129049
eec: 406.909
weight: 0.000151452
eec: 623.139
weight: 0.000439565
eec: 187.29
weight: 7.61593e-05
eec: 212.069
weight: 9.12539e-06
eec: 916.34
weight: 1.66982e-05
eec: 36.9737
weight: 3.81005e-05
eec: 155.548
weight: 7.81994e-06
eec: 49.734
weight: 1.28066e-05
eec: 2573.69
weight: 0.00014534
eec: 1124.55
weight: 3.9815e-05
eec: 132.968
weight: 6.33705e-05
eec: 781.545
weight: 1.26616e-05
eec: 198.324
weight: 2.93081e-05
eec: 3149.6
weight: 2.93081e-05
eec: 393.498
weight: 2.97675e-05
eec: 317.63
weight: 1.53729e-06
eec: 567.922
weight: 0.00032066
eec: 553.045
weight: 1.78001e-05
eec: 975.171
weight: 6.62924e-06
eec: 459.813
weight: 4.626e-05
eec: 719.643
weight: 0.000745821
eec: 178.348
weight: 7.41773e-05
eec: 231.696
weight: 5.44845e-05
eec: 870.877
weight: 1.39501e-05
eec: 658.839
weight: 6.09259e-05
eec: 273.898
weight: 5.29802e-06
eec: 1794.34
weight: 7.62852e-06
eec: 1815.96
weight: 1.85801e-05
eec: 130.221
weight: 2.89319e-06
eec: 280.465
weight: 0.00023911
eec: 1031.08
weight: 1.75442e-05
eec: 1440.61
weight: 3.34379e-06
eec: 1014.74
weight: 7.18022e-06
eec: 950.336
weight: 8.49929e-06
eec: 79.8042
weight: 6.59696e-05
eec: 38.4441
weight: 0.000112986
eec: 413.072
weight: 1.72126e-05
eec: 195.572
weight: 4.61292e-05
eec: 593.491
weight: 0.00024371
eec: 924.498
weight: 0.000239331
eec: 54.2301
weight: 2.63913e-05
eec: 425.029
weight: 4.14229e-06
eec: 699.292
weight: 2.38023e-08
eec: 837.216

ROOT exit code = 0
