gSystem->Load("run_condor_job_Run3_C.so");
run_condor_job_Run3(526, 100, 2,
                    80, 200,
                    1, 1, 1, 5);
.q

ENTERED run_condor_job_Run3()
JOBID = 526
  global job = 526  Job 26/100  events [1560000, 1620000)  total=6000000
Processing events [1560000, 1620000) of 6000000
weight: 0.000107947
eec: 668.369
weight: 3.22362e-05
eec: 473.74
weight: 1.0446e-05
eec: 49.6514
weight: 1.34238e-05
eec: 795.662
weight: 0.000106671
eec: 496.805
weight: 1.46355e-05
eec: 133.402
weight: 8.77071e-06
eec: 80.5529
weight: 7.05209e-05
eec: 949.05
weight: 1.91491e-08
eec: 268.386
weight: 2.99514e-05
eec: 13.6228
weight: 0.000110157
eec: 680.474
weight: 7.33269e-06
eec: 2309.15
weight: 4.73278e-05
eec: 294.412
weight: 1.54892e-06
eec: 1599.47
weight: 1.54892e-06
eec: 209.42
weight: 2.03149e-05
eec: 466.293
weight: 0.000221225
eec: 227.54
weight: 4.1022e-05
eec: 427.12
weight: 5.37046e-05
eec: 281.105
weight: 5.60761e-05
eec: 47.1414
weight: 7.00914e-06
eec: 300.111
weight: 0.000117832
eec: 98.2455
weight: 2.95728e-06
eec: 392.345
weight: 5.74161e-05
eec: 796.851
weight: 7.55961e-05
eec: 513.624
weight: 4.8075e-05
eec: 259.848
weight: 0.000408516
eec: 316.209
weight: 8.86931e-06
eec: 236.989
weight: 4.34101e-06
eec: 466.919
weight: 1.09496e-06
eec: 295.899
weight: 7.82306e-05
eec: 204.46
weight: 2.08343e-06
eec: 220.635
weight: 7.15388e-05
eec: 548.151
weight: 0.000119282
eec: 501.336
weight: 1.19348e-05
eec: 37.4687
weight: 1.19348e-05
eec: 32.9716
weight: 1.8153e-05
eec: 1062.92
weight: 3.95745e-05
eec: 1837.45
weight: 7.74796e-06
eec: 457.091
weight: 3.52828e-05
eec: 215.972
weight: 4.11646e-05
eec: 793.366
weight: 1.84215e-05
eec: 97.6684
weight: 7.41242e-06
eec: 2365.18
weight: 0.000207225
eec: 333.765
weight: 2.39607e-05
eec: 189.07
weight: 1.45404e-05
eec: 2984.14
weight: 0.000136971
eec: 896.648
weight: 0.000482485
eec: 1117.41
weight: 2.5681e-05
eec: 876.484
weight: 0.000131498
eec: 689.67
weight: 7.95669e-06
eec: 399.299
weight: 1.23388e-08
eec: 429.091
weight: 1.86973e-05
eec: 1028.3
weight: 1.21811e-05
eec: 154.333
weight: 1.04816e-05
eec: 610.351
weight: 0.000285544
eec: 229.603
weight: 7.05544e-06
eec: 167.348
weight: 1.96426e-05
eec: 133.663
weight: 5.35767e-05
eec: 288.549
weight: 1.01547e-06
eec: 494.833
weight: 5.73063e-05
eec: 983.553
weight: 5.809e-06
eec: 389.331
weight: 1.30526e-05
eec: 329.954
weight: 7.83126e-06
eec: 1828.65
weight: 6.65039e-05
eec: 1176.76
weight: 2.7006e-06
eec: 36.4929
weight: 2.29348e-05
eec: 1633.28
weight: 0.000604689
eec: 15.8634
weight: 1.77722e-05
eec: 267.951
weight: 0.0002212
eec: 559.857
weight: 4.17112e-06
eec: 1876.52
weight: 4.43083e-05
eec: 124.191
weight: 2.25372e-05
eec: 476.547
weight: 1.09405e-05
eec: 804.247
weight: 7.53069e-06
eec: 3035.93
weight: 1.05411e-05
eec: 487.512
weight: 8.38724e-06
eec: 967.62
weight: 3.55682e-05
eec: 2711.15
weight: 8.12695e-06
eec: 375.489
weight: 0.000611073
eec: 203.037
weight: 6.31208e-06
eec: 213.436
weight: 2.15709e-05
eec: 536.417
weight: 1.60164e-05
eec: 556.593
weight: 7.24989e-07
eec: 147.231
weight: 9.32471e-06
eec: 505.888
weight: 0.00011386
eec: 89.6977
weight: 3.20126e-05
eec: 769.758
weight: 0.000137311
eec: 235.032
weight: 8.27709e-05
eec: 2362.3
weight: 4.5956e-06
eec: 239.979
weight: 4.89209e-05
eec: 715.149
weight: 3.81748e-06
eec: 174.478
weight: 6.98234e-06
eec: 458.802
weight: 2.2744e-05
eec: 128.177
weight: 0.000239097
eec: 255.465
weight: 0.000241705
eec: 1487.87
weight: 2.74611e-06
eec: 71.1429
weight: 1.4745e-05
eec: 44.257
weight: 9.19895e-05
eec: 1340.12
weight: 1.64061e-05
eec: 1447.79
weight: 2.41501e-05
eec: 674.216
weight: 3.18584e-06
eec: 1286.11
weight: 5.69559e-06
eec: 103.212
weight: 8.31394e-06
eec: 157.131
weight: 0.000201906
eec: 429.415
weight: 4.66693e-05
eec: 151.61
weight: 2.74526e-06
eec: 808.34
weight: 1.98054e-08
eec: 344.886
weight: 3.14856e-05
eec: 81.9129
weight: 0.000664635
eec: 904.638
weight: 5.66599e-05
eec: 1244.02
weight: 1.97779e-05
eec: 89.7836
weight: 2.1503e-06
eec: 1856.79
weight: 0.000146787
eec: 1153.81
weight: 1.38353e-05
eec: 524.766
weight: 1.11802e-05
eec: 911.752
weight: 0.000202009
eec: 332.236
weight: 3.30116e-06
eec: 437.863
weight: 6.38266e-06
eec: 108.464
weight: 6.69598e-06
eec: 759.056
weight: 6.15375e-06
eec: 471.735
weight: 6.21423e-05
eec: 229.337
weight: 8.81399e-05
eec: 57.8601
weight: 4.61009e-06
eec: 812.995
weight: 1.79673e-05
eec: 82.5449
weight: 4.17727e-05
eec: 110.245
weight: 6.71119e-08
eec: 223.104
weight: 7.86212e-05
eec: 14.946
weight: 1.60621e-06
eec: 71.8332
weight: 1.42365e-05
eec: 1028.28
weight: 1.60961e-05
eec: 435.811
weight: 1.50777e-05
eec: 2800.54
weight: 4.53155e-06
eec: 108.219
weight: 1.77681e-05
eec: 1260.54
weight: 7.11115e-05
eec: 936.14
weight: 0.000121561
eec: 75.7996
weight: 0.000156229
eec: 438.074
weight: 3.4636e-05
eec: 361.808
weight: 4.61409e-05
eec: 151.511
weight: 1.30948e-06
eec: 2978.82
weight: 6.20677e-06
eec: 177.501
weight: 1.45987e-05
eec: 622.25
weight: 1.71041e-05
eec: 360.029
weight: 1.10503e-05
eec: 46.5863
weight: 3.22074e-06
eec: 60.8963
weight: 0.000175318
eec: 315.96
weight: 2.49663e-05
eec: 1460.25
weight: 4.23436e-07
eec: 2358.22
weight: 9.3522e-05
eec: 267.206
weight: 1.20444e-05
eec: 78.3186
weight: 2.11314e-06
eec: 118.305
weight: 4.19508e-06
eec: 103.383
weight: 0.000215427
eec: 1472.2
weight: 0.000210275
eec: 50.3555
weight: 2.00968e-05
eec: 684.931
weight: 0.00135954
eec: 937.193
weight: 3.70445e-05
eec: 149.698
weight: 5.38433e-05
eec: 121.387
Processing: 26.6667 %weight: 0.000130749
eec: 683.784
weight: 0.000598295
eec: 110.87
weight: 4.01959e-05
eec: 605.941
weight: 6.24078e-05
eec: 101.854
weight: 2.35436e-05
eec: 86.2562
weight: 3.4723e-05
eec: 1240.39
weight: 5.16878e-05
eec: 551.947
weight: 5.37024e-06
eec: 3129.41
weight: 2.81923e-05
eec: 705.743
weight: 0.000192344
eec: 1164.57
weight: 4.08602e-05
eec: 1289.83
weight: 1.75879e-05
eec: 472.256
weight: 0.000188111
eec: 214.182
weight: 0.000408074
eec: 433.758
weight: 0.000761499
eec: 611.788
weight: 0.000536631
eec: 231.55
weight: 7.13331e-05
eec: 63.1934
weight: 1.10558e-05
eec: 498.002
weight: 3.74821e-06
eec: 2288.02
weight: 3.9586e-05
eec: 211.967
weight: 4.2752e-06
eec: 450.4
weight: 8.18289e-06
eec: 37.7296
weight: 8.06802e-06
eec: 144.356
weight: 0.000229347
eec: 1135.28
weight: 0.000454443
eec: 100.825
weight: 7.25308e-06
eec: 1487.8
weight: 7.25308e-06
eec: 201.216
weight: 8.33145e-05
eec: 823.312
weight: 3.38092e-05
eec: 303.253
weight: 1.77491e-05
eec: 248.83
weight: 5.53037e-05
eec: 789.974
weight: 0.000143221
eec: 57.8091
weight: 7.40432e-05
eec: 93.8444
weight: 5.14349e-05
eec: 189.782
weight: 2.57448e-05
eec: 99.383
weight: 5.70142e-06
eec: 1679.93
weight: 6.11565e-06
eec: 498.824
weight: 1.51654e-07
eec: 270.681
weight: 5.96456e-06
eec: 702.625
weight: 6.65436e-05
eec: 76.4918
weight: 0.000149063
eec: 167.533
weight: 0.000123922
eec: 360.117
weight: 5.82823e-06
eec: 747.702
weight: 5.93249e-05
eec: 227.52
weight: 1.09293e-05
eec: 265.131
weight: 6.3352e-05
eec: 436.846
weight: 9.07047e-05
eec: 513.58
weight: 5.2178e-05
eec: 240.006
weight: 6.97108e-05
eec: 36.2261
weight: 2.05938e-05
eec: 328.629
weight: 0.000418462
eec: 191.737
weight: 9.0152e-05
eec: 105.79
weight: 2.26589e-05
eec: 44.8859
weight: 4.77443e-08
eec: 225.062
weight: 1.14007e-05
eec: 132.292
weight: 2.04836e-05
eec: 170.345
weight: 2.11722e-07
eec: 322.194
weight: 3.50639e-07
eec: 415.906
weight: 0.000124043
eec: 430.12
weight: 0.00017489
eec: 552.594
weight: 1.16203e-06
eec: 525.951
weight: 0.000316213
eec: 370.516
weight: 7.34073e-05
eec: 107.317
weight: 5.40057e-05
eec: 747.456
weight: 1.06486e-05
eec: 292.496
weight: 8.19584e-07
eec: 309.263
weight: 1.03925e-05
eec: 422.872
weight: 8.17189e-05
eec: 323.029
weight: 0.000335879
eec: 81.4862
weight: 1.30534e-07
eec: 276.649
weight: 2.01905e-05
eec: 306.899
weight: 2.41374e-05
eec: 553.925
weight: 0.0015113
eec: 21.3507
weight: 2.2196e-07
eec: 1464.78
weight: 4.78088e-08
eec: 495.501
weight: 5.97312e-05
eec: 452.614
weight: 2.61117e-05
eec: 148.932
weight: 7.88492e-05
eec: 175.487
weight: 2.64236e-06
eec: 230.034
weight: 8.10769e-07
eec: 1116.93
weight: 6.80992e-06
eec: 2213.76
weight: 6.3701e-05
eec: 197.178
weight: 0.000479073
eec: 653.161

ROOT exit code = 0
