gSystem->Load("run_condor_job_Run3_C.so");
run_condor_job_Run3(706, 100, 2,
                    80, 200,
                    1, 1, 1, 7);
.q

ENTERED run_condor_job_Run3()
JOBID = 706
  global job = 706  Job 6/100  events [341640, 398580)  total=5694000
Processing events [341640, 398580) of 5694000
weight: 2.31161e-05
eec: 2488.64
weight: 8.80995e-06
eec: 1664.97
weight: 8.55535e-07
eec: 187.056
weight: 1.40036e-05
eec: 988.164
weight: 8.01821e-05
eec: 47.7173
weight: 3.05248e-06
eec: 125.489
weight: 9.2469e-05
eec: 707.24
weight: 1.12196e-06
eec: 173.902
weight: 6.04394e-07
eec: 1125.85
weight: 7.15197e-07
eec: 2952.55
weight: 1.07869e-06
eec: 844.457
weight: 7.9106e-06
eec: 774.464
weight: 0.000602273
eec: 107.574
weight: 2.35987e-05
eec: 234.109
weight: 0.000183703
eec: 108.463
weight: 2.13016e-05
eec: 1411.7
weight: 1.28644e-05
eec: 87.496
weight: 7.02508e-06
eec: 530.048
weight: 7.88955e-06
eec: 578.832
weight: 3.13703e-05
eec: 291.523
weight: 3.44483e-05
eec: 140.271
weight: 0.000418342
eec: 378.385
weight: 8.07548e-05
eec: 378.356
weight: 0.000182484
eec: 216.323
weight: 0.000168433
eec: 318.805
Processing: 6.14682 %weight: 1.53102e-05
eec: 889.669
weight: 0.000116622
eec: 147.852
weight: 0.000143443
eec: 447.29
weight: 0.000161139
eec: 278.572
weight: 1.08786e-06
eec: 426.092
weight: 3.55063e-05
eec: 330.182
weight: 5.37353e-05
eec: 523.053
weight: 4.38762e-05
eec: 216.461
weight: 4.55306e-06
eec: 187.448
weight: 0.000167289
eec: 563.253
weight: 2.63157e-05
eec: 394.247
weight: 0.000105389
eec: 242.596
weight: 5.51348e-05
eec: 1915.68
weight: 2.21267e-05
eec: 38.1159
weight: 2.21267e-05
eec: 256.559
weight: 5.89544e-06
eec: 78.8338
weight: 3.11164e-05
eec: 549.593
weight: 3.2026e-06
eec: 2599.15
weight: 4.29267e-06
eec: 100.565
weight: 0.000185028
eec: 391.053
weight: 6.85766e-08
eec: 2063.08
weight: 1.42698e-05
eec: 476.363
weight: 5.02456e-05
eec: 1151.24
weight: 8.63184e-06
eec: 727.08
weight: 0.000767183
eec: 854.955
weight: 8.26891e-05
eec: 428.781
weight: 3.48552e-05
eec: 1369.17
weight: 0.000311304
eec: 49.0871
weight: 0.000141223
eec: 18.9592
weight: 3.94087e-06
eec: 679.76
weight: 0.000144357
eec: 154.026
weight: 5.78804e-05
eec: 728.936
weight: 0.001583
eec: 363.241
weight: 3.01574e-05
eec: 532.506
weight: 2.56253e-05
eec: 486.502
weight: 3.07787e-06
eec: 39.8279
weight: 8.7462e-05
eec: 78.4677
weight: 2.44938e-05
eec: 543.61
weight: 0.000211807
eec: 59.1859
weight: 4.51449e-05
eec: 43.2332
weight: 5.5243e-05
eec: 404.714
weight: 0.000305768
eec: 952.075
weight: 6.49965e-07
eec: 793.389
weight: 2.29486e-05
eec: 248.92
weight: 5.52836e-09
eec: 336.278
weight: 2.58367e-05
eec: 3333.61
weight: 2.58367e-05
eec: 215.722
weight: 0.00020528
eec: 2005.67
weight: 0.000130279
eec: 207.905
weight: 4.09325e-06
eec: 307.954
weight: 8.14255e-06
eec: 225.128
weight: 2.32104e-06
eec: 1983.46
weight: 3.69277e-07
eec: 1668.82
weight: 2.90438e-05
eec: 229.826
weight: 8.78054e-06
eec: 2497.38
weight: 1.40573e-05
eec: 351.133
weight: 9.00091e-06
eec: 285.998
weight: 0.000148585
eec: 286.585
weight: 1.38207e-05
eec: 104.919
weight: 1.04558e-05
eec: 145.243
weight: 3.81538e-06
eec: 638.742
weight: 3.0873e-05
eec: 823.863
weight: 2.24365e-05
eec: 202.328
weight: 1.18765e-05
eec: 1155.55
weight: 1.55396e-05
eec: 1913.52
weight: 0.000555663
eec: 619.394
weight: 1.36249e-05
eec: 293.844
weight: 5.91838e-06
eec: 63.6875
weight: 6.74558e-05
eec: 651.75
weight: 4.50563e-06
eec: 1768.07
weight: 4.45737e-06
eec: 1301.95
weight: 1.41528e-06
eec: 168.145
weight: 0.000127595
eec: 1727.14
weight: 0.000127595
eec: 452.992
weight: 8.23545e-05
eec: 158.755
weight: 2.72254e-05
eec: 1844.18
weight: 8.65557e-06
eec: 315.132
weight: 4.46391e-05
eec: 106.482
weight: 7.63745e-06
eec: 2991
weight: 1.59141e-05
eec: 303.149
weight: 6.20195e-05
eec: 77.6009
weight: 1.92745e-05
eec: 495.348
weight: 0.000402301
eec: 547.765
weight: 2.40264e-05
eec: 306.536
weight: 2.66789e-05
eec: 145.67
weight: 1.58614e-05
eec: 333.416
weight: 6.71602e-05
eec: 292.191
weight: 0.000647213
eec: 161.453
weight: 0.000182128
eec: 35.1984
weight: 0.000915042
eec: 140.054
weight: 2.98138e-05
eec: 870.152
weight: 2.98195e-05
eec: 508.49
weight: 2.36061e-05
eec: 432.144
weight: 0.000316786
eec: 401.909
weight: 8.37358e-06
eec: 50.6411
weight: 1.9166e-08
eec: 211.492
weight: 4.13167e-06
eec: 769.687
weight: 5.28855e-05
eec: 306.284
weight: 1.61083e-05
eec: 1536.45
weight: 1.65526e-07
eec: 1017.95
weight: 7.25078e-05
eec: 29.6889
weight: 7.34307e-06
eec: 466.968
weight: 6.06324e-05
eec: 242.874
weight: 0.00252631
eec: 160.086
weight: 8.1873e-05
eec: 310.761
weight: 0.000256113
eec: 222.971
weight: 1.00656e-05
eec: 1472.65
weight: 4.1731e-05
eec: 570.305
weight: 7.53964e-05
eec: 336.783
weight: 2.75019e-05
eec: 1075.35
weight: 1.67527e-06
eec: 714.233
weight: 0.000559024
eec: 139.713
weight: 0.000134719
eec: 738.789
weight: 5.12424e-05
eec: 653.264
weight: 2.37329e-05
eec: 1146.37
weight: 3.70472e-05
eec: 84.5139
weight: 3.1846e-05
eec: 328.925
weight: 0.000250056
eec: 642.713
weight: 0.000126394
eec: 52.9164
weight: 5.25414e-05
eec: 410.403
weight: 7.94477e-06
eec: 412.343
weight: 4.39558e-05
eec: 107.534
weight: 2.39185e-05
eec: 77.2131
weight: 3.00407e-06
eec: 276.129
weight: 0.000172398
eec: 478.462
weight: 8.21591e-05
eec: 51.3602
weight: 5.51175e-05
eec: 661.241
weight: 0.000124137
eec: 1715.54
weight: 2.85844e-05
eec: 392.277
weight: 7.62974e-05
eec: 971.347
weight: 0.000102748
eec: 151.177
weight: 0.0001473
eec: 604.394
weight: 1.84194e-05
eec: 631.907
weight: 1.32836e-05
eec: 350.724
weight: 1.09839e-05
eec: 309.599
weight: 6.23573e-06
eec: 411.527
weight: 1.36935e-05
eec: 3845.77
weight: 0.000202343
eec: 1245.54
weight: 5.85732e-05
eec: 403.099
weight: 0.000179657
eec: 606.493
weight: 4.68672e-05
eec: 76.3789
weight: 9.3411e-06
eec: 1096.93
weight: 3.81148e-05
eec: 301.591
weight: 6.08186e-05
eec: 587.781
weight: 5.47497e-06
eec: 430.135
weight: 1.01278e-05
eec: 1168.96
weight: 6.56623e-06
eec: 103.573
weight: 3.19246e-06
eec: 159.144
weight: 2.43125e-06
eec: 349.585
weight: 1.29076e-06
eec: 2485.36
weight: 2.08815e-06
eec: 46.0907
weight: 9.19268e-05
eec: 527.82
weight: 9.49031e-06
eec: 329.421
weight: 1.87317e-08
eec: 481.779
weight: 9.1762e-06
eec: 121.837
weight: 1.244e-05
eec: 750.083
weight: 0.000122879
eec: 957.577
weight: 3.1546e-05
eec: 2750.08
weight: 2.5137e-06
eec: 508.293
weight: 3.02382e-05
eec: 463.121
weight: 0.000470915
eec: 436.582
weight: 3.27654e-06
eec: 660.028

ROOT exit code = 0
