gSystem->Load("run_condor_job_Run3_C.so");
run_condor_job_Run3(610, 100, 2,
                    80, 200,
                    1, 1, 1, 6);
.q

ENTERED run_condor_job_Run3()
JOBID = 610
  global job = 610  Job 10/100  events [589800, 648780)  total=5898000
Processing events [589800, 648780) of 5898000
weight: 0.000153917
eec: 247.785
weight: 0.000196916
eec: 160.294
weight: 0.000161148
eec: 170.063
weight: 2.75297e-05
eec: 831.174
weight: 7.33968e-06
eec: 2511.33
weight: 0.000297351
eec: 534.226
weight: 1.40211e-05
eec: 48.3207
weight: 4.5072e-05
eec: 186.065
weight: 1.24826e-05
eec: 843.798
weight: 8.26226e-05
eec: 1452.25
weight: 1.29101e-05
eec: 438.121
weight: 0.00011631
eec: 851.972
weight: 3.01099e-06
eec: 1045.24
weight: 6.11032e-05
eec: 635.738
weight: 8.82365e-06
eec: 132.279
weight: 1.1341e-05
eec: 58.519
weight: 0.000389724
eec: 331.349
weight: 1.26393e-05
eec: 1311.61
weight: 7.59159e-06
eec: 199.471
weight: 5.18992e-06
eec: 263.141
weight: 8.54727e-06
eec: 154.326
weight: 2.57013e-05
eec: 180.85
weight: 0.000496368
eec: 72.9711
weight: 2.85003e-05
eec: 119.135
weight: 8.07825e-06
eec: 21.352
weight: 4.88291e-08
eec: 3055.82
weight: 3.33925e-05
eec: 78.4891
weight: 1.10061e-05
eec: 70.9907
weight: 7.11176e-06
eec: 2940.75
weight: 2.37711e-05
eec: 190.317
weight: 9.33325e-06
eec: 1348.31
weight: 0.00013465
eec: 62.9887
weight: 2.2513e-05
eec: 410.881
weight: 1.6883e-06
eec: 76.7468
weight: 0.000462144
eec: 220.192
weight: 3.42248e-05
eec: 1742.64
weight: 0.000342726
eec: 70.0222
weight: 9.66474e-07
eec: 1194.47
weight: 1.07133e-05
eec: 679.781
weight: 3.48505e-05
eec: 37.9186
weight: 0.000173334
eec: 142.569
weight: 5.56189e-05
eec: 95.9462
weight: 1.0179e-05
eec: 1999.41
weight: 7.86752e-05
eec: 254.902
weight: 0.000292693
eec: 500.231
weight: 0.000155277
eec: 216.886
weight: 1.12608e-05
eec: 346.531
weight: 7.83215e-07
eec: 457.206
Processing: 10.1729 %weight: 1.30434e-06
eec: 906.035
weight: 6.54049e-08
eec: 1023.44
weight: 0.000500144
eec: 409.896
weight: 4.07764e-05
eec: 85.6017
weight: 1.3224e-06
eec: 322.139
weight: 7.58721e-05
eec: 576.359
weight: 0.000185927
eec: 69.869
weight: 3.19634e-05
eec: 1787.73
weight: 3.19634e-05
eec: 112.806
weight: 1.34577e-05
eec: 1094.57
weight: 0.000203485
eec: 205.613
weight: 5.42363e-07
eec: 214.36
weight: 3.30756e-05
eec: 145.23
weight: 6.92963e-07
eec: 1587.67
weight: 2.34287e-05
eec: 952.132
weight: 6.83522e-06
eec: 118.53
weight: 2.76334e-05
eec: 134.094
weight: 4.90112e-06
eec: 208.088
weight: 0.000185938
eec: 935.117
weight: 7.17622e-05
eec: 264.152
weight: 0.000239024
eec: 607.642
weight: 0.000114624
eec: 336.602
weight: 7.565e-05
eec: 1201.12
weight: 0.000273112
eec: 726.176
weight: 1.93173e-05
eec: 307.651
weight: 3.61771e-05
eec: 2516.55
weight: 1.2387e-05
eec: 801.237
weight: 1.08427e-05
eec: 820.289
weight: 8.68155e-06
eec: 1175.97
weight: 1.31338e-05
eec: 302.078
weight: 0.000111825
eec: 760.625
weight: 5.91499e-05
eec: 128.279
weight: 0.000152775
eec: 205.6
weight: 2.3581e-05
eec: 591.407
weight: 9.438e-05
eec: 256.834
weight: 2.27476e-05
eec: 105.812
weight: 7.16233e-06
eec: 1479.53
weight: 1.87864e-05
eec: 415.972
weight: 3.4224e-06
eec: 174.016
weight: 6.79558e-05
eec: 365.053
weight: 2.82161e-05
eec: 273.114
weight: 6.26669e-06
eec: 648.899
weight: 8.4692e-05
eec: 180.372
weight: 5.64469e-05
eec: 50.5212
weight: 5.60875e-06
eec: 100.802
weight: 3.15194e-05
eec: 920.875
weight: 9.53181e-06
eec: 2434.26
weight: 1.94553e-05
eec: 1643.07
weight: 7.28347e-05
eec: 510.207
weight: 4.44971e-06
eec: 50.4738
weight: 8.76607e-06
eec: 1922.28
weight: 7.23698e-06
eec: 446.887
weight: 1.13852e-05
eec: 2672.23
weight: 8.75421e-06
eec: 49.2053
weight: 1.78102e-05
eec: 1762.02
weight: 0.000276494
eec: 115.557
weight: 5.02171e-07
eec: 78.1568
weight: 2.84813e-05
eec: 1374.61
weight: 3.42067e-05
eec: 1735.72
weight: 1.67069e-05
eec: 289.67
weight: 2.66123e-05
eec: 59.8753
weight: 3.141e-05
eec: 1132.62
weight: 9.82056e-05
eec: 1540.78
weight: 7.53514e-06
eec: 433.959
weight: 1.03194e-05
eec: 274.676
weight: 0.000100659
eec: 705.918
weight: 2.66581e-06
eec: 1078.76
weight: 7.42384e-05
eec: 126.746
weight: 2.89267e-06
eec: 965.524
weight: 5.98812e-06
eec: 63.2356
weight: 6.4017e-06
eec: 89.412
weight: 2.73965e-06
eec: 670.718
weight: 2.73965e-06
eec: 1556.57
weight: 8.22264e-05
eec: 543.214
weight: 6.71043e-05
eec: 239.947
weight: 3.25513e-05
eec: 471.337
weight: 2.99342e-06
eec: 821.66
weight: 5.43522e-05
eec: 361.68
weight: 6.72445e-05
eec: 823.107
weight: 8.38328e-05
eec: 88.9867
weight: 2.02766e-06
eec: 2484.29
weight: 7.39486e-05
eec: 479.116
weight: 2.66964e-05
eec: 280.462
weight: 9.01093e-05
eec: 145.517
weight: 8.50245e-05
eec: 132.535
weight: 6.0044e-06
eec: 274.479
weight: 7.36429e-05
eec: 88.274
weight: 2.30858e-05
eec: 1123.06
weight: 1.13208e-05
eec: 389.387
weight: 9.43208e-06
eec: 56.0045
weight: 6.14079e-05
eec: 34.0611
weight: 8.46179e-05
eec: 700.517
weight: 2.93674e-07
eec: 842.072
weight: 4.30138e-06
eec: 193.712
weight: 4.80525e-06
eec: 1986.98
weight: 1.68211e-05
eec: 715.145
weight: 4.67077e-07
eec: 444.381
weight: 3.47963e-05
eec: 445.227
weight: 2.32111e-05
eec: 147.117
weight: 5.87074e-08
eec: 127.602
weight: 1.55399e-05
eec: 13.2692
weight: 1.98671e-06
eec: 924.1
weight: 5.12858e-06
eec: 1433.99
weight: 2.23982e-05
eec: 1295.65
weight: 1.73819e-05
eec: 310.768
weight: 0.00382679
eec: 120.442
weight: 1.81803e-05
eec: 42.8539
weight: 6.15616e-05
eec: 1057.99
weight: 2.9338e-05
eec: 731.569
weight: 1.93121e-06
eec: 1196.49
weight: 3.48059e-05
eec: 1071.78
weight: 9.61222e-06
eec: 259.005
weight: 0.00143058
eec: 822.363
weight: 1.02829e-05
eec: 698.819
weight: 1.54096e-05
eec: 326.572
weight: 4.90536e-05
eec: 101.829
weight: 3.56557e-06
eec: 587.694
weight: 2.92202e-05
eec: 1494.67
weight: 5.11822e-05
eec: 7.4379
weight: 0.000443532
eec: 505.134
weight: 1.06357e-05
eec: 237.659
weight: 0.000114088
eec: 650.518
weight: 1.29151e-05
eec: 471.412
weight: 9.1252e-05
eec: 269.821
weight: 5.44219e-06
eec: 29.8013
weight: 3.17706e-05
eec: 112.919
weight: 8.97773e-06
eec: 3318.37
weight: 6.95851e-06
eec: 2295.68
weight: 0.000180554
eec: 635.04
weight: 2.84589e-05
eec: 226.924
weight: 0.000170585
eec: 1638.88
weight: 2.06344e-05
eec: 1334.01
weight: 3.94273e-05
eec: 312.049
weight: 0.00127159
eec: 334.778
weight: 3.96528e-05
eec: 105.598
weight: 1.21636e-05
eec: 1301.43
weight: 4.37688e-05
eec: 391.53
weight: 6.63271e-05
eec: 1093.47
weight: 6.52625e-06
eec: 333.43
weight: 5.50942e-05
eec: 240.057
weight: 5.50942e-05
eec: 179.654
weight: 0.000705196
eec: 111.938
weight: 1.66731e-05
eec: 431.921
weight: 0.000104971
eec: 206.537
weight: 1.9864e-05
eec: 38.4988
weight: 1.1962e-05
eec: 409.695
weight: 0.000593403
eec: 140.134
weight: 2.06281e-06
eec: 70.3826
weight: 0.000290428
eec: 165.326
weight: 2.31752e-06
eec: 1291.45
weight: 4.59807e-06
eec: 187.224
weight: 6.10648e-06
eec: 39.182
weight: 1.55286e-05
eec: 83.3331
weight: 3.13549e-06
eec: 547.438
weight: 1.01581e-05
eec: 440.058
weight: 8.5768e-05
eec: 142.612
weight: 8.57244e-05
eec: 161.075
weight: 0.000200238
eec: 26.1183
weight: 3.61763e-05
eec: 372.163
weight: 2.30015e-05
eec: 113.048
weight: 2.04452e-06
eec: 182.753
weight: 2.16477e-07
eec: 1103.92
weight: 0.000309872
eec: 292.991
weight: 0.000145282
eec: 724.131
weight: 0.000153116
eec: 93.8745
weight: 8.44644e-06
eec: 336.229
weight: 0.000523739
eec: 121.469
weight: 2.98025e-06
eec: 219.019
weight: 1.50715e-06
eec: 199.47
weight: 1.55757e-05
eec: 942.614
weight: 1.69278e-05
eec: 1474.16
weight: 4.2153e-05
eec: 63.9102
weight: 0.000113219
eec: 150.759
weight: 2.66723e-05
eec: 239.263
weight: 1.32468e-05
eec: 61.318
weight: 5.62048e-06
eec: 179.157
weight: 8.67526e-05
eec: 802.104
weight: 0.000100692
eec: 59.5643
weight: 3.53665e-07
eec: 357.516
weight: 1.76064e-06
eec: 80.1714
weight: 0.000168197
eec: 282.167
weight: 2.13867e-05
eec: 79.8019
weight: 5.03309e-05
eec: 195.932
weight: 0.000301922
eec: 112.518
weight: 8.91155e-06
eec: 2357.33
weight: 4.47983e-05
eec: 1266.42
weight: 0.000195883
eec: 330.657
weight: 1.08139e-05
eec: 2367.25
weight: 0.000462478
eec: 107.995
weight: 1.29963e-05
eec: 561.152
weight: 1.72684e-05
eec: 487.795
weight: 0.000416029
eec: 1105.97
weight: 0.000122113
eec: 286.301
weight: 7.73483e-05
eec: 125.342
weight: 1.76584e-05
eec: 756.893
weight: 5.69953e-06
eec: 1507.53
weight: 2.05549e-05
eec: 2006.79
weight: 1.33093e-05
eec: 400.763
weight: 1.0248e-05
eec: 91.8769
weight: 1.0248e-05
eec: 247.195
weight: 0.000554394
eec: 304.995
weight: 3.54667e-05
eec: 928.844
weight: 7.49913e-05
eec: 666.366
weight: 3.71977e-06
eec: 230.655
weight: 8.99151e-05
eec: 102.328
weight: 3.5307e-06
eec: 76.7314
weight: 1.828e-05
eec: 2486.45
weight: 0.000139449
eec: 216.238
weight: 0.000287194
eec: 78.8371
weight: 0.000123666
eec: 921.888
weight: 5.20452e-07
eec: 338.176
weight: 2.02949e-05
eec: 330.668
weight: 0.000466766
eec: 54.8244
weight: 1.24442e-05
eec: 662.116
weight: 0.000338675
eec: 74.0945
weight: 4.50587e-05
eec: 566.133
weight: 9.33092e-05
eec: 24.451
weight: 3.75786e-05
eec: 270.31
weight: 2.37447e-06
eec: 145.391

ROOT exit code = 0
