gSystem->Load("run_condor_job_Run3_C.so");
run_condor_job_Run3(448, 100, 2,
                    80, 200,
                    1, 1, 1, 4);
.q

ENTERED run_condor_job_Run3()
JOBID = 448
  global job = 448  Job 48/100  events [2831040, 2890020)  total=5898000
Processing events [2831040, 2890020) of 5898000
weight: 3.3393e-05
eec: 1044.83
weight: 6.5479e-05
eec: 241.227
weight: 9.49124e-06
eec: 84.1245
weight: 8.1614e-06
eec: 2789.65
weight: 5.15262e-06
eec: 369.359
weight: 1.56045e-05
eec: 209.666
weight: 3.73453e-05
eec: 398.32
weight: 1.51284e-06
eec: 241.828
weight: 8.24085e-06
eec: 262.649
weight: 8.83736e-06
eec: 243.82
weight: 0.000208295
eec: 112.754
weight: 3.91299e-05
eec: 100.915
weight: 6.33014e-05
eec: 223.077
weight: 0.000106727
eec: 171.516
weight: 1.21715e-05
eec: 805.757
weight: 6.26774e-06
eec: 263.253
weight: 6.89995e-05
eec: 349.305
weight: 2.21663e-06
eec: 478.56
weight: 0.00010265
eec: 319.37
weight: 0.000445455
eec: 373.95
weight: 7.11665e-05
eec: 154.187
weight: 1.57665e-05
eec: 148.759
weight: 1.87004e-06
eec: 269.074
weight: 4.81784e-06
eec: 438.794
weight: 2.40534e-05
eec: 1923.43
weight: 2.24132e-05
eec: 365.97
weight: 1.67424e-05
eec: 664.091
weight: 4.86736e-05
eec: 755.723
weight: 0.000118845
eec: 83.9851
weight: 3.36938e-05
eec: 122.923
weight: 1.04971e-05
eec: 620.127
weight: 1.12173e-06
eec: 1156.59
weight: 2.7331e-05
eec: 880.621
weight: 5.02711e-07
eec: 2386.45
weight: 0.000327184
eec: 145.384
weight: 6.75006e-06
eec: 269.05
weight: 1.30875e-05
eec: 67.0063
weight: 8.496e-05
eec: 495.773
weight: 7.36667e-05
eec: 279.349
weight: 3.74804e-06
eec: 145.91
weight: 0.000100596
eec: 194.048
weight: 1.04084e-05
eec: 531.445
weight: 2.34437e-06
eec: 360.775
weight: 1.64093e-06
eec: 115.702
weight: 4.69879e-05
eec: 386.355
weight: 8.95015e-07
eec: 472.993
weight: 2.48563e-07
eec: 740.585
weight: 4.92666e-05
eec: 411.943
weight: 0.000274033
eec: 881.023
weight: 0.00021598
eec: 286.477
weight: 1.93041e-05
eec: 418.115
weight: 0.000161299
eec: 186.39
weight: 4.9099e-05
eec: 157.704
weight: 4.49112e-07
eec: 947.3
weight: 7.11364e-07
eec: 155.032
weight: 5.47868e-05
eec: 1407.42
weight: 3.57473e-05
eec: 781.272
weight: 9.65105e-07
eec: 422.479
weight: 3.11681e-06
eec: 440.072
weight: 5.92815e-05
eec: 602.527
weight: 0.000249407
eec: 46.3134
weight: 0.0002331
eec: 295.107
weight: 1.19401e-05
eec: 301.821
weight: 1.26982e-07
eec: 274.051
weight: 2.70469e-05
eec: 1230.88
weight: 2.70469e-05
eec: 136.43
weight: 6.96404e-05
eec: 356.535
weight: 3.27938e-06
eec: 92.0272
weight: 2.26303e-05
eec: 303.832
weight: 1.26664e-06
eec: 4365.39
weight: 5.66684e-05
eec: 99.531
weight: 1.53572e-05
eec: 1678.16
weight: 7.40521e-06
eec: 1885.23
weight: 3.81166e-05
eec: 827.634
weight: 3.10144e-05
eec: 1001.27
weight: 8.42924e-05
eec: 45.7886
weight: 0.000142419
eec: 266.889
weight: 1.15896e-05
eec: 1119.39
Processing: 48.3215 %weight: 4.74406e-05
eec: 179.685
weight: 6.4538e-05
eec: 386.345
weight: 6.17935e-05
eec: 19.698
weight: 6.56624e-05
eec: 135.693
weight: 2.93488e-06
eec: 188.373
weight: 1.87989e-05
eec: 407.491
weight: 3.28597e-05
eec: 494.742
weight: 0.000101843
eec: 155.134
weight: 1.40958e-05
eec: 493.858
weight: 1.03103e-05
eec: 276.324
weight: 1.20998e-05
eec: 314.037
weight: 4.08376e-05
eec: 471.438
weight: 0.000165851
eec: 1480.12
weight: 6.11376e-06
eec: 775.229
weight: 1.76297e-06
eec: 4452.67
weight: 1.41489e-05
eec: 50.5437
weight: 7.01434e-05
eec: 598.797
weight: 3.71639e-05
eec: 209.002
weight: 1.11869e-05
eec: 2326.5
weight: 1.61452e-07
eec: 454.488
weight: 1.18375e-05
eec: 1193.62
weight: 5.95855e-06
eec: 304.908
weight: 0.000954595
eec: 280.869
weight: 1.01456e-05
eec: 378.059
weight: 5.83387e-05
eec: 43.5889
weight: 1.58135e-05
eec: 161.552
weight: 6.42668e-05
eec: 1089.79
weight: 4.24716e-05
eec: 1141.28
weight: 1.3276e-05
eec: 1519.67
weight: 0.000426042
eec: 1869.97
weight: 4.96729e-07
eec: 87.9145
weight: 2.42569e-06
eec: 779.979
weight: 1.13723e-05
eec: 251.813
weight: 9.14463e-05
eec: 271.26
weight: 1.89705e-05
eec: 1241.99
weight: 5.04206e-07
eec: 718.57
weight: 0.000292006
eec: 538.314
weight: 0.000172484
eec: 519.358
weight: 1.49575e-07
eec: 367.522
weight: 7.16577e-07
eec: 1899.23
weight: 5.85356e-07
eec: 60.6877
weight: 0.000180778
eec: 160.962
weight: 9.57999e-06
eec: 472.258
weight: 5.04651e-05
eec: 56.9281
weight: 1.96113e-05
eec: 1247.93
weight: 7.72989e-06
eec: 149.541
weight: 0.000117456
eec: 276.951
weight: 1.35094e-05
eec: 631.476
weight: 6.55622e-05
eec: 752.894
weight: 8.07471e-05
eec: 172.844
weight: 1.35207e-05
eec: 2621.65
weight: 0.000112809
eec: 536.755
weight: 4.19953e-05
eec: 18.3955
weight: 1.88224e-05
eec: 2156.45
weight: 2.38906e-05
eec: 1640.58
weight: 0.000157383
eec: 142.577
weight: 0.000172896
eec: 527.629
weight: 1.39727e-05
eec: 889.614
weight: 2.20814e-05
eec: 496.036
weight: 4.11172e-06
eec: 730.88
weight: 7.20373e-05
eec: 127.724
weight: 9.1999e-05
eec: 261.298
weight: 3.656e-05
eec: 795.605
weight: 2.91391e-06
eec: 160.862
weight: 3.52659e-05
eec: 1377.36
weight: 4.62305e-05
eec: 740.192
weight: 0.000105554
eec: 392.466
weight: 5.22621e-06
eec: 320.537
weight: 0.000281446
eec: 925.797
weight: 1.75046e-05
eec: 1428.38
weight: 1.11736e-06
eec: 284.906
weight: 5.27523e-07
eec: 583.496
weight: 1.06092e-05
eec: 240.697
weight: 0.000183518
eec: 83.5367
weight: 2.02705e-05
eec: 94.9213
weight: 1.25682e-06
eec: 430.878
weight: 7.38935e-05
eec: 139.868
weight: 0.000270294
eec: 153.267
weight: 6.15942e-05
eec: 897.915
weight: 1.76626e-05
eec: 417.804
weight: 7.1903e-05
eec: 95.5643
weight: 2.07897e-05
eec: 36.659
weight: 9.01194e-05
eec: 774.513
weight: 3.63676e-05
eec: 773.465
weight: 3.17654e-05
eec: 961.786
weight: 5.42161e-05
eec: 322.311
weight: 1.72142e-05
eec: 774.962
weight: 7.98602e-06
eec: 1498.35
weight: 0.000118309
eec: 426.09
weight: 7.1717e-05
eec: 2050.38
weight: 1.63848e-05
eec: 761.923
weight: 6.8297e-07
eec: 171.321
weight: 8.44354e-06
eec: 893.252
weight: 3.30588e-05
eec: 370.528
weight: 4.52644e-05
eec: 254.917
weight: 3.69584e-05
eec: 487.843
weight: 0.000198571
eec: 498.351
weight: 3.07632e-08
eec: 172.47
weight: 5.75213e-05
eec: 1552.4
weight: 4.6258e-05
eec: 1149.55
weight: 1.42019e-05
eec: 2000.28
weight: 0.000249541
eec: 48.8528
weight: 7.82928e-05
eec: 1799.82
weight: 2.87989e-06
eec: 2771.08
weight: 1.42127e-05
eec: 1028.72
weight: 4.81019e-05
eec: 379.331
weight: 1.39594e-05
eec: 274.666
weight: 0.000100888
eec: 559.867
weight: 1.51947e-05
eec: 228.66
weight: 0.000276947
eec: 157.871
weight: 1.09967e-05
eec: 935.23
weight: 4.67767e-06
eec: 40.0658
weight: 7.35787e-05
eec: 677.301
weight: 2.28776e-05
eec: 795.822
weight: 6.4519e-05
eec: 671.735
weight: 1.67971e-05
eec: 411.411
weight: 1.21858e-05
eec: 1217.6
weight: 7.6573e-05
eec: 596.83
weight: 2.68992e-05
eec: 399.651
weight: 1.72216e-07
eec: 1223.3
weight: 4.53839e-05
eec: 208.18
weight: 1.09122e-05
eec: 276.895
weight: 0.000328312
eec: 650.771
weight: 5.39448e-06
eec: 559.903
weight: 3.50362e-06
eec: 227.139
weight: 4.07006e-05
eec: 50.697
weight: 1.62349e-05
eec: 23.3823
weight: 5.92661e-05
eec: 364.992
weight: 1.28351e-05
eec: 1389.23
weight: 1.72935e-05
eec: 714.208
weight: 7.11258e-06
eec: 218.713
weight: 3.07083e-06
eec: 241.125
weight: 2.77244e-05
eec: 90.6474
weight: 4.59301e-06
eec: 181.265
weight: 2.82234e-05
eec: 116.231
weight: 1.38598e-05
eec: 304.553
weight: 8.67691e-05
eec: 92.8463
weight: 8.02286e-06
eec: 1112.34
weight: 0.000146317
eec: 783.418
weight: 0.000292861
eec: 475.959
weight: 0.00022781
eec: 69.7395
weight: 1.03841e-05
eec: 2477.02
weight: 7.21007e-06
eec: 5163.77
weight: 0.000546665
eec: 90.28
weight: 3.66557e-05
eec: 632.298
weight: 1.31518e-05
eec: 1049.46
weight: 3.29005e-06
eec: 612.034
weight: 1.57393e-05
eec: 257.507
weight: 3.71589e-07
eec: 3090.07
weight: 3.99241e-06
eec: 534.72
weight: 7.9368e-05
eec: 124.51
weight: 0.00010392
eec: 60.6698
weight: 0.00010392
eec: 350.356
weight: 3.76019e-05
eec: 1043.67
weight: 1.50478e-05
eec: 1427.45
weight: 7.88459e-06
eec: 1465.14
weight: 4.88725e-06
eec: 1094.66
weight: 6.51565e-06
eec: 1504.29
weight: 6.51565e-06
eec: 747.405
weight: 3.08567e-05
eec: 37.4842
weight: 0.000141328
eec: 992.833
weight: 1.28509e-06
eec: 768.349
weight: 8.71582e-06
eec: 555.449
weight: 2.66214e-05
eec: 2601.75
weight: 8.47383e-08
eec: 150.915
weight: 0.000904123
eec: 545.29
weight: 1.15057e-06
eec: 26.8065
weight: 0.000244511
eec: 841.767
weight: 8.36877e-06
eec: 220.007
weight: 0.000613062
eec: 416.68
weight: 0.000304548
eec: 402.365
weight: 4.97241e-06
eec: 1316.99
weight: 6.65873e-06
eec: 554.544
weight: 0.000347238
eec: 565.879
weight: 1.33544e-05
eec: 385.018
weight: 7.58137e-06
eec: 1914.62
weight: 0.000139566
eec: 147.374
weight: 4.23219e-06
eec: 48.7914
weight: 1.31755e-06
eec: 239.518
weight: 0.000177124
eec: 185.397

ROOT exit code = 0
