gSystem->Load("run_condor_job_Run3_C.so");
run_condor_job_Run3(254, 100, 2,
                    80, 200,
                    1, 1, 1, 2);
.q

ENTERED run_condor_job_Run3()
JOBID = 254
  global job = 254  Job 54/100  events [3240000, 3300000)  total=6000000
Processing events [3240000, 3300000) of 6000000
weight: 7.12785e-06
eec: 1195.65
weight: 1.03463e-05
eec: 320.274
weight: 1.99057e-05
eec: 198.854
weight: 0.000266689
eec: 432.503
weight: 0.000133914
eec: 64.7353
weight: 0.000917242
eec: 413.909
weight: 4.91712e-05
eec: 432.77
weight: 6.14015e-07
eec: 195.173
weight: 7.49301e-06
eec: 634.948
weight: 2.95398e-05
eec: 1185.72
weight: 1.58313e-05
eec: 16.3441
weight: 0.000212326
eec: 68.2488
weight: 5.44026e-05
eec: 48.7816
weight: 0.00150875
eec: 154.153
weight: 4.86198e-06
eec: 70.0594
weight: 0.000261285
eec: 795.217
weight: 0.000162457
eec: 734.835
weight: 0.000950515
eec: 907.636
weight: 9.76699e-05
eec: 219.861
weight: 3.19604e-05
eec: 1695.79
weight: 3.34124e-05
eec: 232.113
weight: 2.82131e-05
eec: 1246.6
weight: 2.25354e-05
eec: 786.024
weight: 3.09212e-05
eec: 436.891
weight: 0.000113674
eec: 1274.17
weight: 1.22761e-05
eec: 2419.05
weight: 9.01758e-06
eec: 365.878
weight: 1.22153e-05
eec: 558.703
weight: 9.9627e-06
eec: 262.448
weight: 0.000160828
eec: 942.601
weight: 9.1478e-06
eec: 475.167
weight: 1.41659e-05
eec: 479.052
weight: 0.000156325
eec: 335.04
weight: 5.23443e-06
eec: 1466.94
weight: 2.07392e-05
eec: 88.6961
weight: 7.67786e-07
eec: 524.86
weight: 4.07709e-05
eec: 14.2648
weight: 1.11208e-05
eec: 350.15
weight: 0.000151828
eec: 286.137
weight: 0.000133857
eec: 425.584
Processing: 54.1667 %weight: 1.23898e-05
eec: 535.944
weight: 3.25578e-05
eec: 189.121
weight: 0.000522487
eec: 335.795
weight: 4.24663e-05
eec: 154.562
weight: 0.000194733
eec: 423.338
weight: 1.57623e-05
eec: 548.089
weight: 3.94901e-05
eec: 773.178
weight: 1.63968e-06
eec: 189.079
weight: 1.2e-06
eec: 680.409
weight: 7.94094e-06
eec: 1769.62
weight: 1.56535e-05
eec: 158.15
weight: 0.000846075
eec: 295.319
weight: 8.02327e-05
eec: 119.24
weight: 4.62528e-06
eec: 326.016
weight: 9.23643e-06
eec: 463.505
weight: 2.22374e-05
eec: 1041.33
weight: 0.000306249
eec: 911.458
weight: 1.24296e-05
eec: 476.555
weight: 2.1218e-06
eec: 186.419
weight: 8.3084e-05
eec: 1093.34
weight: 1.63848e-05
eec: 816.843
weight: 2.86034e-06
eec: 339.453
weight: 2.41277e-05
eec: 851.486
weight: 5.90924e-05
eec: 30.2233
weight: 1.17459e-05
eec: 11.5496
weight: 4.28986e-07
eec: 12.0402
weight: 1.22418e-05
eec: 221.299
weight: 9.88701e-05
eec: 604.566
weight: 4.62445e-05
eec: 286.469
weight: 7.13833e-06
eec: 247.559
weight: 0.000218555
eec: 94.6581
weight: 0.0011004
eec: 978.041
weight: 1.57505e-05
eec: 46.2621
weight: 8.27723e-05
eec: 821.311
weight: 0.000511596
eec: 1112.84
weight: 5.37211e-05
eec: 59.2697
weight: 1.51585e-06
eec: 640.052
weight: 2.27147e-05
eec: 521.17
weight: 4.96855e-05
eec: 79.0364
weight: 6.97024e-05
eec: 576.164
weight: 5.72896e-05
eec: 512.669
weight: 4.03271e-05
eec: 382.337
weight: 0.000155197
eec: 7.54111
weight: 6.27412e-06
eec: 2872.7
weight: 0.000239803
eec: 942.467
weight: 4.66626e-06
eec: 1857.81
weight: 3.69528e-05
eec: 151.44
weight: 0.000252191
eec: 701.11
weight: 6.91179e-05
eec: 138.065
weight: 4.17208e-05
eec: 143.352
weight: 1.21301e-05
eec: 1009.48
weight: 1.7963e-05
eec: 1506.8
weight: 3.06822e-06
eec: 446.478
weight: 6.96738e-06
eec: 1743.99
weight: 9.84214e-05
eec: 146.348
weight: 0.000196386
eec: 67.0958
weight: 6.15298e-05
eec: 1152.99
weight: 9.48703e-06
eec: 23.4367
weight: 0.000159454
eec: 68.8446
weight: 1.82567e-05
eec: 226.488
weight: 2.64328e-06
eec: 845.848
weight: 9.89982e-05
eec: 69.4287
weight: 1.39706e-07
eec: 1160.56
weight: 1.74281e-05
eec: 291.882
weight: 7.03797e-07
eec: 415.297
weight: 0.000250381
eec: 477.013
weight: 0.000201084
eec: 93.3303
weight: 0.000433077
eec: 54.8794
weight: 9.86095e-05
eec: 12.289
weight: 7.86812e-05
eec: 13.9096
weight: 1.43016e-05
eec: 2416.09
weight: 1.09725e-06
eec: 190.221
weight: 8.06588e-06
eec: 362.624
weight: 3.15638e-06
eec: 552.65
weight: 4.23518e-06
eec: 46.3691
weight: 7.46542e-06
eec: 1915.31
weight: 2.16607e-05
eec: 796.115
weight: 7.64529e-05
eec: 563.378
weight: 0.000347403
eec: 451.585
weight: 0.000114655
eec: 537.405
weight: 2.39423e-05
eec: 448.813
weight: 0.000143616
eec: 67.3705
weight: 1.8227e-05
eec: 526.442
weight: 4.18835e-05
eec: 1205.03
weight: 2.87517e-05
eec: 597.141
weight: 3.05378e-05
eec: 4773.21
weight: 5.4634e-05
eec: 598.17
weight: 2.05401e-06
eec: 568.639
weight: 1.68283e-05
eec: 15.9893
weight: 4.56297e-07
eec: 363.186
weight: 2.14928e-05
eec: 417.929
weight: 2.36312e-05
eec: 713.402
weight: 1.01057e-05
eec: 902.986
weight: 8.11669e-05
eec: 162.186
weight: 3.69772e-05
eec: 199.771
weight: 0.000951137
eec: 76.6247
weight: 4.9186e-05
eec: 702.416
weight: 1.40117e-05
eec: 284.877
weight: 3.20801e-06
eec: 878.11
weight: 3.16653e-05
eec: 793.907
weight: 0.000241933
eec: 158.676
weight: 8.8208e-06
eec: 212.661
weight: 0.000224025
eec: 14.1029
weight: 0.000452052
eec: 483.224
weight: 8.65731e-05
eec: 265.289
weight: 0.0007899
eec: 110.227
weight: 0.00014783
eec: 739.726
weight: 0.00014783
eec: 120.502
weight: 4.0355e-05
eec: 878.375
weight: 7.34568e-05
eec: 235.284
weight: 1.48755e-05
eec: 480.751
weight: 0.000222023
eec: 507.596
weight: 8.98568e-06
eec: 1571.37
weight: 2.26541e-07
eec: 146.349
weight: 0.000164012
eec: 139.3
weight: 3.12188e-06
eec: 490.686
weight: 1.06264e-06
eec: 363.847
weight: 2.83408e-05
eec: 245.115
weight: 0.000427498
eec: 499.832
weight: 2.22711e-05
eec: 153.358
weight: 7.78483e-06
eec: 277.655
weight: 7.067e-06
eec: 487.072
weight: 5.3662e-06
eec: 499.338
weight: 5.47318e-06
eec: 66.6777
weight: 9.9341e-05
eec: 465.925
weight: 2.85397e-06
eec: 342.938
weight: 5.94168e-06
eec: 425.155
weight: 5.37402e-06
eec: 470.395
weight: 1.41313e-05
eec: 1724.34
weight: 5.71543e-06
eec: 1449.05
weight: 4.44367e-05
eec: 19.9007
weight: 3.27933e-05
eec: 898.241
weight: 1.65418e-06
eec: 359.641
weight: 3.05859e-05
eec: 1553.23
weight: 2.74487e-08
eec: 383.784
weight: 1.83062e-05
eec: 100.299
weight: 4.49884e-06
eec: 140.869
weight: 2.00204e-05
eec: 116.636
weight: 3.0703e-05
eec: 224.811
weight: 1.02575e-05
eec: 1462.98
weight: 7.81229e-05
eec: 296.573
weight: 6.03845e-05
eec: 751.584
weight: 0.000106708
eec: 312.514
weight: 0.000237183
eec: 245.705
weight: 0.00143945
eec: 144.67
weight: 3.18522e-05
eec: 1180.69
weight: 0.000192627
eec: 647.795
weight: 1.45015e-05
eec: 512.385
weight: 7.48624e-07
eec: 131.936
weight: 4.13923e-05
eec: 123.673
weight: 1.40894e-05
eec: 949.206
weight: 0.000400153
eec: 171.029
weight: 9.48339e-05
eec: 33.0495
weight: 4.31974e-06
eec: 329.021
weight: 8.0187e-07
eec: 2286.76
weight: 2.34112e-05
eec: 212.878
weight: 3.33769e-05
eec: 89.162
weight: 1.14205e-06
eec: 579.402
weight: 9.03288e-06
eec: 2363.23
weight: 1.6014e-05
eec: 977.616
weight: 5.93396e-06
eec: 150.323
weight: 1.36259e-05
eec: 2377.48
weight: 3.94838e-06
eec: 798.865
weight: 5.94311e-05
eec: 1246.91
weight: 1.88502e-06
eec: 454.677
weight: 3.49882e-05
eec: 326.332
weight: 0.000522944
eec: 149.13
weight: 3.77391e-06
eec: 1351.97
weight: 0.000329247
eec: 573.434
weight: 5.7487e-05
eec: 1175.12
weight: 0.000182679
eec: 691.998
weight: 7.87526e-05
eec: 317.223
weight: 2.16805e-06
eec: 557.9
weight: 0.000101112
eec: 432.803
weight: 1.25729e-05
eec: 125.362
weight: 2.84768e-05
eec: 182.227
weight: 1.1004e-05
eec: 240.934
weight: 1.31051e-05
eec: 291.029
weight: 1.78246e-05
eec: 338.848
weight: 4.71408e-05
eec: 1013
weight: 0.000104872
eec: 1051.7
weight: 0.000133146
eec: 772.526
weight: 1.19155e-05
eec: 242.149
weight: 3.64443e-05
eec: 759.829
weight: 2.10286e-05
eec: 43.6807
weight: 0.000389013
eec: 550.578
weight: 7.41834e-06
eec: 668.372
weight: 2.432e-05
eec: 1331.81
weight: 5.20179e-06
eec: 75.1726
weight: 1.03023e-07
eec: 98.5547
weight: 1.8784e-06
eec: 49.667
weight: 4.74245e-05
eec: 644.55
weight: 0.000108073
eec: 755.468
weight: 1.30251e-05
eec: 777.857
weight: 3.592e-05
eec: 576.758
weight: 9.67664e-05
eec: 306.278
weight: 1.7571e-05
eec: 78.3586

ROOT exit code = 0
