gSystem->Load("run_condor_job_Run3_C.so");
run_condor_job_Run3(459, 100, 2,
                    80, 200,
                    1, 1, 1, 4);
.q

ENTERED run_condor_job_Run3()
JOBID = 459
  global job = 459  Job 59/100  events [3479820, 3538800)  total=5898000
Processing events [3479820, 3538800) of 5898000
weight: 1.57505e-05
eec: 68.353
weight: 1.28313e-05
eec: 1335.08
weight: 1.28313e-05
eec: 52.756
weight: 6.67385e-08
eec: 539.595
weight: 2.35537e-06
eec: 98.8652
weight: 0.000174984
eec: 157.418
weight: 7.42725e-05
eec: 69.6998
weight: 0.00047427
eec: 256.278
weight: 1.46905e-05
eec: 86.6975
weight: 1.41908e-05
eec: 233.64
weight: 8.50759e-05
eec: 1190.66
weight: 0.000249695
eec: 135.368
weight: 6.6993e-05
eec: 1133.4
weight: 4.50764e-05
eec: 218.886
weight: 4.65548e-06
eec: 11.5601
weight: 4.68961e-05
eec: 2613.15
weight: 6.52058e-06
eec: 1195.64
weight: 2.0101e-05
eec: 264.371
weight: 2.98496e-05
eec: 354.169
weight: 0.000129693
eec: 1194.49
weight: 0.000143595
eec: 5.80563
weight: 1.0378e-05
eec: 222.498
weight: 4.87491e-05
eec: 77.5325
weight: 1.83937e-05
eec: 2254.9
weight: 1.90643e-06
eec: 998.221
weight: 0.000418236
eec: 126.149
weight: 1.11571e-05
eec: 22.691
weight: 9.73988e-05
eec: 246.041
weight: 3.13179e-05
eec: 334.567
weight: 9.41953e-05
eec: 1110.08
weight: 3.9976e-07
eec: 6.07326
weight: 4.9482e-06
eec: 1587.48
weight: 8.69981e-06
eec: 464.615
weight: 8.69981e-06
eec: 113.036
weight: 7.93601e-06
eec: 67.1181
weight: 4.58589e-05
eec: 139.549
weight: 4.82394e-05
eec: 946.383
weight: 6.00476e-05
eec: 55.0061
weight: 0.000307396
eec: 223.746
weight: 2.60206e-05
eec: 166.239
weight: 3.71387e-06
eec: 787.732
weight: 9.68344e-05
eec: 32.3575
weight: 0.000122025
eec: 647.525
weight: 8.35106e-06
eec: 132.362
weight: 6.91991e-07
eec: 537.74
weight: 3.26144e-05
eec: 443.096
weight: 7.90074e-05
eec: 1224.65
weight: 0.000153045
eec: 901.126
weight: 0.000298039
eec: 406.576
weight: 0.000715914
eec: 62.7742
weight: 1.2916e-05
eec: 1472.58
weight: 2.97398e-05
eec: 136.412
weight: 1.87459e-06
eec: 1325.48
weight: 5.08165e-05
eec: 157.066
weight: 0.000134216
eec: 55.0954
weight: 1.25014e-05
eec: 614.035
weight: 2.66177e-05
eec: 246.647
weight: 3.22258e-05
eec: 1468.09
weight: 0.000195444
eec: 134.191
weight: 4.04876e-05
eec: 210.101
weight: 1.67611e-05
eec: 37.4275
weight: 1.59496e-06
eec: 87.3204
weight: 2.21053e-06
eec: 472.818
weight: 1.49474e-07
eec: 641.954
weight: 3.59003e-05
eec: 418.929
weight: 1.85909e-06
eec: 643.781
weight: 0.000202826
eec: 281.409
weight: 9.03671e-05
eec: 121.587
weight: 6.69011e-06
eec: 829.442
Processing: 59.3421 %weight: 2.23181e-05
eec: 1576.7
weight: 2.65548e-05
eec: 134.4
weight: 3.4046e-06
eec: 52.3631
weight: 4.79053e-08
eec: 755.478
weight: 0.000455486
eec: 180.965
weight: 1.88593e-06
eec: 2363.71
weight: 0.000577502
eec: 398.053
weight: 7.63684e-05
eec: 88.1654
weight: 8.38738e-05
eec: 636.856
weight: 1.53027e-05
eec: 724.593
weight: 1.87164e-05
eec: 85.8414
weight: 6.81358e-06
eec: 493.669
weight: 5.68229e-08
eec: 291.286
weight: 8.95824e-06
eec: 878.067
weight: 0.000104232
eec: 342.157
weight: 1.19873e-05
eec: 166.308
weight: 1.3024e-05
eec: 1277.58
weight: 2.04891e-05
eec: 2096.79
weight: 0.000122364
eec: 1187.51
weight: 4.57697e-05
eec: 3450.6
weight: 1.12359e-06
eec: 189.599
weight: 4.21257e-05
eec: 164.962
weight: 5.10859e-06
eec: 267.06
weight: 2.79835e-05
eec: 855.382
weight: 2.02469e-05
eec: 634.845
weight: 0.000116636
eec: 114.605
weight: 4.12286e-05
eec: 189.601
weight: 1.03519e-07
eec: 293.409
weight: 2.40004e-05
eec: 1224.19
weight: 0.000176058
eec: 307.658
weight: 1.29854e-05
eec: 40.6829
weight: 1.97358e-05
eec: 294.841
weight: 1.11488e-05
eec: 140.661
weight: 0.000158296
eec: 932.8
weight: 5.07202e-05
eec: 158.813
weight: 0.000192181
eec: 62.8439
weight: 2.26414e-05
eec: 31.7017
weight: 7.82386e-06
eec: 1276.88
weight: 3.68249e-05
eec: 112.158
weight: 0.000205799
eec: 1054.69
weight: 0.00022762
eec: 252.198
weight: 1.47346e-05
eec: 1356.17
weight: 7.55314e-05
eec: 341.449
weight: 3.73415e-07
eec: 115.481
weight: 7.76722e-06
eec: 427.731
weight: 1.2304e-05
eec: 284.386
weight: 2.00061e-06
eec: 660.935
weight: 1.16092e-05
eec: 145.037
weight: 0.000323971
eec: 157.041
weight: 6.19829e-07
eec: 936.39
weight: 1.67169e-05
eec: 909.267
weight: 3.14373e-05
eec: 730.14
weight: 2.9278e-05
eec: 348.877
weight: 8.79993e-05
eec: 624.044
weight: 2.71928e-05
eec: 73.3881
weight: 6.61193e-05
eec: 108.521
weight: 4.12897e-05
eec: 76.6757
weight: 0.000438668
eec: 401.846
weight: 8.97368e-05
eec: 520.523
weight: 9.65386e-06
eec: 490.969
weight: 2.17773e-05
eec: 356.241
weight: 4.61924e-06
eec: 893.05
weight: 0.000231765
eec: 96.7547
weight: 0.000400462
eec: 252.289
weight: 1.54285e-05
eec: 2134.62
weight: 1.93815e-05
eec: 210.953
weight: 3.01122e-05
eec: 64.8924
weight: 6.69555e-06
eec: 208.855
weight: 9.37263e-06
eec: 1558.78
weight: 3.49253e-05
eec: 217.904
weight: 1.27534e-05
eec: 38.6552
weight: 1.04698e-05
eec: 3318.47
weight: 2.62733e-05
eec: 126.667
weight: 0.000256999
eec: 224.715
weight: 9.28025e-06
eec: 228.807
weight: 2.42039e-05
eec: 1035.33
weight: 3.86199e-05
eec: 1570.36
weight: 0.000246637
eec: 509.802
weight: 1.20732e-05
eec: 1211.87
weight: 0.000140226
eec: 156.514
weight: 4.36694e-05
eec: 165.7
weight: 2.65189e-05
eec: 529.489
weight: 8.57367e-05
eec: 641.945
weight: 3.98465e-05
eec: 147.372
weight: 4.03792e-05
eec: 1474.98
weight: 1.50824e-05
eec: 94.7611
weight: 0.000256647
eec: 60.7379
weight: 1.93861e-06
eec: 589.57
weight: 0.000114489
eec: 22.767
weight: 2.44066e-05
eec: 312.718
weight: 7.37946e-05
eec: 1713.89
weight: 2.96074e-05
eec: 157.198
weight: 8.18985e-05
eec: 275.607
weight: 9.83621e-06
eec: 327.298
weight: 0.000124297
eec: 938.812
weight: 5.77114e-05
eec: 22.1343
weight: 5.22785e-05
eec: 2661.88
weight: 0.000236776
eec: 310.763
weight: 1.75655e-05
eec: 589.795
weight: 1.48984e-05
eec: 1816.28
weight: 4.92832e-06
eec: 274.788
weight: 1.78692e-05
eec: 1329.16
weight: 4.82327e-05
eec: 281.057
weight: 9.42636e-05
eec: 734.245
weight: 4.42209e-06
eec: 729.683
weight: 1.92361e-05
eec: 97.1612
weight: 3.13627e-05
eec: 17.8559
weight: 5.91004e-06
eec: 239.53
weight: 5.06135e-05
eec: 137.162
weight: 0.000272519
eec: 296.931
weight: 3.40342e-06
eec: 2372.41
weight: 1.79821e-05
eec: 402.065
weight: 0.000255045
eec: 838.286
weight: 2.67134e-05
eec: 425.915
weight: 2.69692e-07
eec: 336.574
weight: 0.000354766
eec: 278.893
weight: 0.000122208
eec: 821.664
weight: 0.000454055
eec: 175.827
weight: 6.93129e-05
eec: 7.5186
weight: 5.66239e-07
eec: 187.601
weight: 0.00012584
eec: 310.532
weight: 1.22123e-05
eec: 27.7617
weight: 0.000207272
eec: 310.103
weight: 1.80993e-05
eec: 128.494
weight: 1.74631e-05
eec: 780.596
weight: 4.23769e-05
eec: 732.979
weight: 1.37161e-06
eec: 775.508
weight: 2.5421e-05
eec: 780.512
weight: 3.47379e-05
eec: 119.551
weight: 0.000156534
eec: 599.471
weight: 3.07335e-08
eec: 955.677
weight: 8.57367e-05
eec: 244.908
weight: 7.24611e-06
eec: 908.937
weight: 2.25759e-05
eec: 104.321
weight: 7.25226e-06
eec: 90.359
weight: 7.39756e-06
eec: 115.384
weight: 0.00010267
eec: 771.508
weight: 2.41018e-05
eec: 1445.8
weight: 6.99775e-05
eec: 113.27
weight: 9.4513e-05
eec: 383.762
weight: 6.73338e-06
eec: 90.1049
weight: 2.60142e-05
eec: 1270.84
weight: 3.21195e-06
eec: 342.942
weight: 4.39339e-05
eec: 3460.08
weight: 5.52012e-05
eec: 412.618
weight: 0.00010571
eec: 53.1311
weight: 2.00901e-05
eec: 520.138
weight: 2.51628e-05
eec: 846.61
weight: 7.80045e-06
eec: 560.287
weight: 0.000133319
eec: 402.467
weight: 1.49898e-05
eec: 496.792
weight: 5.16519e-06
eec: 20.8751
weight: 1.42714e-06
eec: 266.644
weight: 1.01658e-05
eec: 198.336
weight: 0.00107411
eec: 868.764
weight: 9.72012e-06
eec: 907.048
weight: 7.74251e-06
eec: 102.977
weight: 1.76001e-07
eec: 289.766
weight: 7.76958e-07
eec: 330.157
weight: 0.000561622
eec: 178.29
weight: 3.38154e-06
eec: 1975.76
weight: 0.000286687
eec: 71.475

ROOT exit code = 0
