gSystem->Load("run_condor_job_Run3_C.so");
run_condor_job_Run3(834, 100, 2,
                    80, 200,
                    1, 1, 1, 8);
.q

ENTERED run_condor_job_Run3()
JOBID = 834
  global job = 834  Job 34/100  events [2040000, 2100000)  total=6000000
Processing events [2040000, 2100000) of 6000000
weight: 0.000292974
eec: 284.025
weight: 0.000271208
eec: 105.52
weight: 2.33209e-06
eec: 178.466
weight: 3.93809e-06
eec: 654.996
weight: 0.00014807
eec: 144.716
weight: 2.14202e-05
eec: 712.292
weight: 1.10947e-05
eec: 411.236
weight: 0.000141936
eec: 114.87
weight: 6.30677e-05
eec: 105.965
weight: 5.06344e-06
eec: 86.7873
weight: 7.87025e-05
eec: 1139.52
weight: 4.16524e-05
eec: 54.4572
weight: 0.000240059
eec: 333.768
weight: 4.80651e-06
eec: 523.165
weight: 4.79616e-06
eec: 1459.9
weight: 9.33609e-06
eec: 2261.37
weight: 9.50438e-05
eec: 158.259
weight: 0.000125452
eec: 121.742
weight: 2.63192e-05
eec: 32.609
weight: 8.26232e-07
eec: 402.332
weight: 2.76767e-05
eec: 687.848
weight: 1.60473e-05
eec: 50.691
weight: 1.58399e-05
eec: 1799.02
weight: 5.31144e-05
eec: 185.47
weight: 5.18447e-05
eec: 241.983
weight: 2.25228e-05
eec: 2570.94
weight: 6.07109e-05
eec: 406.683
weight: 7.41102e-05
eec: 887.072
weight: 2.16709e-05
eec: 177.966
weight: 5.49762e-05
eec: 429.74
weight: 1.42339e-05
eec: 292.037
weight: 6.85909e-05
eec: 1221.65
weight: 1.20104e-06
eec: 197.714
weight: 8.32989e-05
eec: 183.491
weight: 4.64843e-05
eec: 1828.99
weight: 6.84062e-05
eec: 147.793
weight: 5.03462e-06
eec: 106.644
weight: 0.000160569
eec: 79.0618
weight: 5.92801e-05
eec: 353.483
weight: 5.32194e-06
eec: 263.231
Processing: 34.1667 %weight: 1.27338e-05
eec: 267.29
weight: 3.03423e-06
eec: 32.1673
weight: 6.05202e-06
eec: 601.408
weight: 6.26863e-05
eec: 819.98
weight: 1.10701e-05
eec: 99.3341
weight: 1.47823e-05
eec: 887.775
weight: 7.40703e-06
eec: 263.104
weight: 0.000206386
eec: 253.157
weight: 4.98409e-05
eec: 223.347
weight: 1.41757e-05
eec: 583.58
weight: 9.24531e-06
eec: 186.721
weight: 4.46372e-05
eec: 223.148
weight: 8.81546e-06
eec: 1210.41
weight: 2.44404e-05
eec: 1089.81
weight: 3.01456e-06
eec: 3228.73
weight: 7.83307e-05
eec: 185.452
weight: 3.50839e-05
eec: 1689.7
weight: 6.92275e-06
eec: 59.1337
weight: 4.38271e-06
eec: 2373.32
weight: 9.78596e-05
eec: 189.632
weight: 0.000363577
eec: 42.0115
weight: 1.32965e-06
eec: 379.291
weight: 1.49521e-07
eec: 51.2186
weight: 8.28154e-07
eec: 161.522
weight: 1.79479e-05
eec: 945.228
weight: 0.000127931
eec: 154.331
weight: 0.000239438
eec: 202.227
weight: 9.36799e-06
eec: 1016.53
weight: 4.36307e-06
eec: 1917.73
weight: 0.00016788
eec: 277.507
weight: 2.43061e-05
eec: 791.374
weight: 5.26439e-06
eec: 1187.01
weight: 7.86158e-06
eec: 125.66
weight: 0.000186101
eec: 526.101
weight: 1.70924e-06
eec: 854.524
weight: 0.000103303
eec: 723.967
weight: 1.9088e-05
eec: 821.473
weight: 9.6179e-06
eec: 138.096
weight: 8.73652e-08
eec: 771.23
weight: 5.60944e-08
eec: 2204.71
weight: 3.74191e-06
eec: 285.679
weight: 3.55958e-05
eec: 320.611
weight: 2.43336e-06
eec: 459.633
weight: 2.43336e-06
eec: 195.318
weight: 0.00059285
eec: 859.773
weight: 1.96185e-05
eec: 260.204
weight: 5.52627e-05
eec: 406.073
weight: 1.13242e-05
eec: 661.939
weight: 6.84979e-06
eec: 555.905
weight: 0.000717809
eec: 145.047
weight: 9.23623e-06
eec: 250.334
weight: 1.44931e-05
eec: 1539.38
weight: 0.00092699
eec: 401.853
weight: 3.0199e-05
eec: 2849.62
weight: 1.06443e-05
eec: 68.8379
weight: 5.46123e-06
eec: 896.88
weight: 3.90288e-06
eec: 3912.3
weight: 7.54884e-05
eec: 298.792
weight: 4.88983e-06
eec: 225.227
weight: 1.41524e-05
eec: 28.4712
weight: 1.91968e-07
eec: 267.086
weight: 3.97074e-05
eec: 993.059
weight: 8.1206e-06
eec: 2477.38
weight: 1.60861e-06
eec: 1525.88
weight: 4.10657e-06
eec: 66.465
weight: 0.000182262
eec: 62.8045
weight: 1.3271e-05
eec: 563.461
weight: 0.000104072
eec: 108.298
weight: 0.000841132
eec: 58.4826
weight: 1.59972e-05
eec: 254.96
weight: 3.94171e-05
eec: 272.669
weight: 1.94663e-05
eec: 2122.84
weight: 8.90567e-06
eec: 33.7368
weight: 2.50454e-05
eec: 728.446
weight: 1.41721e-05
eec: 1154.24
weight: 9.04645e-06
eec: 1184.02
weight: 9.79796e-06
eec: 1017.11
weight: 2.24494e-05
eec: 624.997
weight: 4.52071e-06
eec: 254.249
weight: 5.13022e-06
eec: 746.068
weight: 0.000735858
eec: 860.793
weight: 0.000617713
eec: 290.598
weight: 1.40416e-05
eec: 1748.42
weight: 6.51516e-07
eec: 1006.9
weight: 0.000504312
eec: 303.004
weight: 9.08774e-06
eec: 791.982
weight: 4.23449e-05
eec: 741.596
weight: 3.465e-07
eec: 24.5542
weight: 1.4361e-05
eec: 1380.25
weight: 2.47004e-07
eec: 411.698
weight: 0.000216357
eec: 623.779
weight: 8.97298e-06
eec: 397.913
weight: 4.10027e-06
eec: 288.401
weight: 1.51916e-05
eec: 183.955
weight: 1.15693e-05
eec: 45.5545
weight: 7.27923e-05
eec: 622.214
weight: 2.72385e-05
eec: 595.474
weight: 2.18861e-06
eec: 809.394
weight: 2.57717e-05
eec: 80.917
weight: 2.03068e-07
eec: 1173.66
weight: 6.0276e-06
eec: 1148.75
weight: 3.85295e-05
eec: 148.571
weight: 9.82782e-05
eec: 402.688
weight: 8.7145e-06
eec: 443.155
weight: 4.57833e-05
eec: 643.973
weight: 0.000171457
eec: 157.34
weight: 6.16107e-06
eec: 24.2575
weight: 9.67544e-05
eec: 23.571
weight: 3.35001e-06
eec: 1409.53
weight: 1.41557e-05
eec: 1265.59
weight: 2.8765e-05
eec: 23.4675
weight: 0.000318747
eec: 186.558
weight: 2.10489e-05
eec: 536.299
weight: 0.0001486
eec: 269.653
weight: 3.44383e-08
eec: 334.03
weight: 2.70989e-07
eec: 458.677
weight: 1.65806e-07
eec: 491.398
weight: 0.000178217
eec: 21.2727
weight: 2.47786e-05
eec: 235.339
weight: 7.35241e-06
eec: 1535.42
weight: 2.35837e-05
eec: 2167.61
weight: 1.60681e-05
eec: 302.704
weight: 1.40346e-05
eec: 421.292
weight: 1.87247e-05
eec: 46.7015
weight: 1.02192e-05
eec: 1813.9
weight: 4.72805e-05
eec: 20.295
weight: 1.34787e-05
eec: 28.0731
weight: 6.33119e-06
eec: 105.845
weight: 3.26897e-05
eec: 150.596
weight: 6.87872e-06
eec: 604.776
weight: 8.11519e-06
eec: 126.296
weight: 1.81956e-05
eec: 245.233
weight: 4.8761e-05
eec: 995.565
weight: 9.12893e-06
eec: 1168
weight: 3.08788e-05
eec: 600.385
weight: 8.46769e-06
eec: 158.744
weight: 3.9861e-06
eec: 212.002
weight: 2.58159e-06
eec: 99.4996
weight: 5.64118e-05
eec: 477.618
weight: 2.40597e-05
eec: 52.3899
weight: 4.46339e-06
eec: 85.9192
weight: 0.000910428
eec: 652.989
weight: 2.60661e-05
eec: 115.187
weight: 0.000129977
eec: 849.202
weight: 5.40826e-06
eec: 321.452
weight: 0.00105549
eec: 404.489
weight: 3.56208e-06
eec: 1307.98
weight: 5.94756e-06
eec: 148.213
weight: 3.95728e-08
eec: 480.429
weight: 1.05063e-07
eec: 311.665
weight: 1.77492e-05
eec: 1305.51
weight: 0.000141414
eec: 331.675
weight: 0.000104576
eec: 258.797
weight: 5.31576e-07
eec: 1190.1
weight: 5.89524e-07
eec: 1071.91
weight: 0.00149944
eec: 469.693
weight: 6.84515e-06
eec: 268.76
weight: 3.38339e-05
eec: 301.274
weight: 5.54646e-05
eec: 282.321
weight: 0.000155029
eec: 736.992
weight: 2.9309e-05
eec: 353.961
weight: 5.72887e-05
eec: 970.836
weight: 9.34475e-06
eec: 111.267
weight: 0.000495784
eec: 471.786
weight: 0.000173514
eec: 26.5622
weight: 0.000105384
eec: 7.01477
weight: 2.91521e-06
eec: 1018.59
weight: 2.27492e-05
eec: 64.6267
weight: 5.44308e-07
eec: 152.943
weight: 0.000554048
eec: 422.014
weight: 1.99912e-05
eec: 249.897
weight: 0.000106699
eec: 519.509
weight: 1.7269e-05
eec: 879.449
weight: 2.11038e-06
eec: 629.302
weight: 2.51446e-05
eec: 104.534
weight: 4.42573e-05
eec: 311.871
weight: 1.05522e-05
eec: 289.6
weight: 2.80162e-06
eec: 159.045
weight: 0.000264812
eec: 272.973
weight: 1.0062e-06
eec: 428.914
weight: 5.28777e-06
eec: 986.675
weight: 1.80861e-05
eec: 114.364
weight: 2.0942e-05
eec: 241.967
weight: 9.28272e-06
eec: 39.3254
weight: 5.90465e-05
eec: 219.749
weight: 0.000388365
eec: 36.8122
weight: 1.40016e-06
eec: 375.075
weight: 2.50257e-06
eec: 214.261
weight: 1.33347e-05
eec: 2277.94
weight: 1.84884e-05
eec: 494.026
weight: 5.61944e-06
eec: 1684.21
weight: 3.86375e-07
eec: 2387.76
weight: 0.000198296
eec: 679.814
weight: 6.743e-06
eec: 173.678
weight: 5.01279e-05
eec: 1608.87
weight: 4.1755e-05
eec: 239.564
weight: 9.99762e-05
eec: 39.0104
weight: 1.28676e-06
eec: 104.039
weight: 0.000225931
eec: 51.0172
weight: 4.24901e-06
eec: 1251.26
weight: 4.15118e-06
eec: 654.547
weight: 3.6763e-06
eec: 1639.83
weight: 6.68206e-05
eec: 284.114
weight: 0.00017193
eec: 128.204
weight: 1.09274e-05
eec: 717.443
weight: 0.000245239
eec: 169.975
weight: 2.47278e-05
eec: 88.9084
weight: 1.919e-05
eec: 1725.4
weight: 1.00433e-07
eec: 30.794
weight: 8.66103e-06
eec: 707.308
weight: 3.16181e-07
eec: 768.577
weight: 2.7037e-06
eec: 151.611
weight: 3.0705e-06
eec: 406.638
weight: 3.0784e-07
eec: 92.3488

ROOT exit code = 0
