gSystem->Load("run_condor_job_Run3_C.so");
run_condor_job_Run3(860, 100, 2,
                    80, 200,
                    1, 1, 1, 8);
.q

ENTERED run_condor_job_Run3()
JOBID = 860
  global job = 860  Job 60/100  events [3600000, 3660000)  total=6000000
Processing events [3600000, 3660000) of 6000000
Processing: 60 %weight: 3.22647e-05
eec: 1311.58
weight: 0.000369975
eec: 218.21
weight: 2.15427e-06
eec: 79.3107
weight: 2.06408e-06
eec: 81.4096
weight: 5.06767e-05
eec: 191.357
weight: 1.15692e-05
eec: 371.696
weight: 5.70907e-07
eec: 116.042
weight: 1.52912e-05
eec: 102.957
weight: 4.65012e-06
eec: 95.5936
weight: 8.05539e-06
eec: 1483.28
weight: 2.03098e-07
eec: 666.491
weight: 2.62461e-05
eec: 579.203
weight: 9.78801e-07
eec: 1016.06
weight: 3.84612e-07
eec: 575.475
weight: 5.62484e-05
eec: 21.4046
weight: 2.61285e-05
eec: 1470.48
weight: 1.2019e-05
eec: 546.857
weight: 5.53258e-05
eec: 335.706
weight: 1.33745e-05
eec: 385.202
weight: 6.65787e-05
eec: 371.638
weight: 7.23967e-06
eec: 488.697
weight: 0.000264777
eec: 1264.81
weight: 2.28644e-05
eec: 157.864
weight: 1.80388e-05
eec: 84.9669
weight: 2.63711e-06
eec: 805.906
weight: 0.000236422
eec: 235.185
weight: 7.47208e-05
eec: 366.961
weight: 3.67385e-05
eec: 139.579
weight: 6.97622e-06
eec: 2136.91
weight: 3.78203e-06
eec: 48.2351
weight: 2.09259e-05
eec: 1175.69
weight: 2.51875e-05
eec: 487.419
weight: 7.02403e-05
eec: 310.822
weight: 2.59707e-05
eec: 967.827
weight: 1.70144e-06
eec: 203.139
weight: 4.39269e-06
eec: 673.022
weight: 0.000407142
eec: 231.397
weight: 7.26166e-05
eec: 89.4649
weight: 8.71096e-06
eec: 873.959
weight: 0.000201461
eec: 147.26
weight: 3.08789e-05
eec: 1335.79
weight: 6.81472e-06
eec: 628.823
weight: 3.16176e-06
eec: 132.992
weight: 1.31784e-06
eec: 630.421
weight: 5.93186e-05
eec: 585.31
weight: 5.34615e-06
eec: 904.369
weight: 7.79207e-05
eec: 925.772
weight: 6.98168e-05
eec: 93.7679
weight: 3.97028e-05
eec: 28.7765
weight: 4.01436e-06
eec: 1067.72
weight: 0.000111882
eec: 148.536
weight: 9.94054e-06
eec: 435.255
weight: 0.000143716
eec: 21.6833
weight: 7.62849e-06
eec: 72.4515
weight: 2.79485e-05
eec: 38.0682
weight: 1.48738e-05
eec: 104.454
weight: 4.87989e-06
eec: 187.096
weight: 1.32665e-05
eec: 1224.2
weight: 9.40766e-05
eec: 309.644
weight: 4.25612e-06
eec: 2570.88
weight: 0.000219353
eec: 71.9054
weight: 3.03667e-05
eec: 127.159
weight: 3.84122e-05
eec: 529.737
weight: 5.02051e-06
eec: 15.9888
weight: 0.000137791
eec: 296.353
weight: 7.66089e-05
eec: 616.216
weight: 9.65277e-06
eec: 1167.52
weight: 0.000286599
eec: 575.66
weight: 1.67404e-05
eec: 1791.63
weight: 2.7082e-05
eec: 768.01
weight: 2.87856e-07
eec: 661.338
weight: 5.43539e-05
eec: 16.0614
weight: 3.74082e-05
eec: 372.331
weight: 8.2651e-06
eec: 490.588
weight: 0.00011658
eec: 784.101
weight: 4.20122e-05
eec: 474.79
weight: 1.11134e-05
eec: 987.806
weight: 3.31573e-06
eec: 1493.84
weight: 5.92624e-06
eec: 909.535
weight: 0.000347154
eec: 382.24
weight: 8.19459e-05
eec: 65.7479
weight: 0.000481276
eec: 52.8507
weight: 8.73268e-05
eec: 241.723
weight: 2.86793e-05
eec: 533.124
weight: 2.55541e-05
eec: 338.77
weight: 0.000105164
eec: 86.6438
weight: 3.06367e-06
eec: 179.987
weight: 2.73437e-05
eec: 525.475
weight: 7.35052e-06
eec: 59.5134
weight: 8.16267e-05
eec: 138.997
weight: 3.20621e-06
eec: 225.258
weight: 0.000406032
eec: 833.246
weight: 5.61299e-06
eec: 548.982
weight: 6.19959e-05
eec: 63.5175
weight: 3.04346e-05
eec: 155.667
weight: 9.18494e-07
eec: 111.629
weight: 0.000106628
eec: 231.971
weight: 0.000504933
eec: 528.202
weight: 9.44794e-05
eec: 39.38
weight: 4.51026e-06
eec: 312.682
weight: 0.000626033
eec: 759.371
weight: 3.76854e-05
eec: 483.562
weight: 8.65138e-05
eec: 515.068
weight: 0.000402231
eec: 198.203
weight: 8.86801e-05
eec: 1316.34
weight: 0.000125231
eec: 1270.26
weight: 6.56348e-06
eec: 600.016
weight: 1.77099e-05
eec: 416.411
weight: 4.63191e-05
eec: 800.031
weight: 1.32588e-06
eec: 477.075
weight: 0.000612692
eec: 1529.49
weight: 0.000316307
eec: 946.991
weight: 2.83695e-05
eec: 2020.83
weight: 9.80406e-05
eec: 627.027
weight: 8.51323e-05
eec: 284.566
weight: 1.84219e-05
eec: 896.655
weight: 0.00026873
eec: 277.857
weight: 1.16104e-05
eec: 832.616
weight: 8.81876e-07
eec: 228.313
weight: 8.82814e-06
eec: 1728.47
weight: 3.69622e-05
eec: 1569.78
weight: 0.000169181
eec: 370.011
weight: 1.26464e-06
eec: 999.996
weight: 6.05096e-05
eec: 774.264
weight: 1.79368e-06
eec: 383.852
weight: 6.95606e-05
eec: 132.928
weight: 2.43051e-07
eec: 401.469
weight: 2.63367e-05
eec: 114.399
weight: 3.04598e-05
eec: 795.293
weight: 1.85695e-05
eec: 875.848
weight: 2.75543e-05
eec: 344.988
weight: 3.63216e-05
eec: 701.958
weight: 6.85075e-07
eec: 124.984
weight: 2.20469e-05
eec: 259.243
weight: 1.20251e-05
eec: 543.107
weight: 2.79215e-06
eec: 379.768
weight: 4.9637e-06
eec: 290.729
weight: 9.07817e-06
eec: 473.824
weight: 1.58375e-06
eec: 317.647
weight: 0.000237178
eec: 502.372
weight: 0.000194421
eec: 671.176
weight: 0.000135829
eec: 1116.65
weight: 1.78052e-05
eec: 172.746
weight: 6.45872e-05
eec: 250.446
weight: 6.45872e-05
eec: 71.1051
weight: 8.00133e-05
eec: 440.215
weight: 0.00033648
eec: 576.798
weight: 6.13231e-05
eec: 416.66
weight: 0.00104753
eec: 70.1698
weight: 0.000117025
eec: 621.993
weight: 0.000189645
eec: 39.865
weight: 0.000621064
eec: 969.803
weight: 1.31967e-06
eec: 229.82
weight: 6.18404e-06
eec: 319.133
weight: 3.63182e-05
eec: 1123.74
weight: 1.18879e-06
eec: 1637.44
weight: 0.000677251
eec: 353.32
weight: 3.40463e-05
eec: 821.246
weight: 0.000990369
eec: 72.7473
weight: 7.51357e-06
eec: 901.357
weight: 1.93924e-07
eec: 65.4502
weight: 5.77669e-06
eec: 365.365
weight: 8.66709e-07
eec: 93.3912
weight: 0.000405453
eec: 163.942
weight: 7.40775e-06
eec: 465.157
weight: 8.22966e-06
eec: 1367.66
weight: 3.19132e-05
eec: 21.473
weight: 7.11196e-06
eec: 1385.82
weight: 0.000268129
eec: 312.311
weight: 5.60225e-05
eec: 67.7177
weight: 2.29241e-05
eec: 455.921
weight: 0.000186298
eec: 216.404
weight: 6.57093e-06
eec: 358.346
weight: 7.54552e-05
eec: 1614.78
weight: 6.99568e-05
eec: 222.51
weight: 7.77518e-06
eec: 1205.99
weight: 9.68559e-06
eec: 517.185
weight: 9.33069e-07
eec: 193.838
weight: 5.82857e-06
eec: 1639.27
weight: 0.000135013
eec: 307.775
weight: 1.17552e-05
eec: 2040.03
weight: 3.57599e-06
eec: 113.779
weight: 2.54011e-05
eec: 1548.08
weight: 1.29481e-05
eec: 1507.32
weight: 6.75933e-06
eec: 823.065
weight: 1.90728e-06
eec: 664.257
weight: 1.69e-05
eec: 1182.02
weight: 0.000220554
eec: 136.154
weight: 0.000284537
eec: 250.497
weight: 9.23293e-06
eec: 307.682
weight: 2.78581e-07
eec: 687.744
weight: 2.50561e-05
eec: 1204.6
weight: 2.24413e-06
eec: 174.44
weight: 1.29745e-06
eec: 55.4038
weight: 7.27993e-08
eec: 1310.8
weight: 6.41162e-08
eec: 920.481
weight: 3.83438e-06
eec: 111.331
weight: 0.00021918
eec: 474.964
weight: 6.31166e-06
eec: 598.467
weight: 4.25542e-06
eec: 2020.08
weight: 7.4012e-05
eec: 17.2072
weight: 2.42121e-05
eec: 184.328
weight: 8.06171e-05
eec: 172.505
weight: 2.6124e-05
eec: 233.257
weight: 2.65594e-05
eec: 371.756
weight: 1.12479e-05
eec: 539.789
weight: 1.23831e-05
eec: 81.5965
weight: 8.1372e-05
eec: 519.382
Processing: 60.8333 %weight: 5.92422e-06
eec: 1891.78
weight: 2.59182e-05
eec: 1993.26
weight: 2.63841e-05
eec: 122.66
weight: 2.544e-05
eec: 208.383
weight: 0.000474229
eec: 193.684
weight: 6.42222e-05
eec: 135.743
weight: 3.90345e-05
eec: 45.8687
weight: 3.68089e-05
eec: 229.107
weight: 1.91243e-05
eec: 967.39
weight: 5.15593e-06
eec: 501.205
weight: 2.33915e-05
eec: 622.117
weight: 6.35364e-05
eec: 1072.25
weight: 1.28697e-05
eec: 101.153
weight: 1.40293e-05
eec: 265.247
weight: 4.94078e-05
eec: 1114.07
weight: 2.45897e-05
eec: 215.715
weight: 0.000167864
eec: 984.859
weight: 9.55688e-05
eec: 309.273
weight: 0.000120869
eec: 1053.55
weight: 7.43375e-06
eec: 112.337
weight: 2.6185e-05
eec: 1376.25
weight: 8.69932e-05
eec: 1069.36
weight: 0.000140639
eec: 117.447
weight: 7.63703e-06
eec: 241.046
weight: 8.05648e-06
eec: 1808.91
weight: 9.36078e-05
eec: 373.995
weight: 3.95597e-05
eec: 1126.08
weight: 5.23445e-06
eec: 1650.54
weight: 2.84136e-05
eec: 1568.76
weight: 6.07253e-05
eec: 1431.01
weight: 1.54118e-06
eec: 224.795
weight: 2.17037e-06
eec: 894.991
weight: 2.16358e-06
eec: 236.897
weight: 1.52763e-05
eec: 574.322
weight: 1.90674e-05
eec: 333.471
weight: 8.75933e-07
eec: 44.9946
weight: 4.44186e-05
eec: 489.724
weight: 3.37311e-06
eec: 2315.8
weight: 1.041e-05
eec: 332.478
weight: 1.26331e-05
eec: 267.867
weight: 2.07121e-05
eec: 145.419
weight: 0.000167209
eec: 169.374
weight: 1.94377e-05
eec: 1470.49
weight: 6.93636e-05
eec: 790.833

ROOT exit code = 0
