gSystem->Load("run_condor_job_Run3_C.so");
run_condor_job_Run3(294, 100, 2,
                    80, 200,
                    1, 1, 1, 2);
.q

ENTERED run_condor_job_Run3()
JOBID = 294
  global job = 294  Job 94/100  events [5640000, 5700000)  total=6000000
Processing events [5640000, 5700000) of 6000000
weight: 6.66214e-06
eec: 48.489
weight: 0.000152343
eec: 890.754
weight: 8.90821e-05
eec: 50.2997
weight: 0.000138446
eec: 72.6189
weight: 2.97999e-06
eec: 654.493
weight: 3.75194e-06
eec: 1358.67
weight: 6.07734e-07
eec: 480.312
weight: 3.18276e-07
eec: 1513.22
weight: 2.78788e-05
eec: 331.959
weight: 4.24411e-05
eec: 926.474
weight: 0.000230836
eec: 287.288
weight: 4.78746e-06
eec: 1092.23
weight: 3.98682e-06
eec: 284.913
weight: 0.000144442
eec: 487.195
weight: 3.71476e-07
eec: 1702.14
weight: 4.76368e-07
eec: 531.059
weight: 0.000890959
eec: 161.826
weight: 0.000171565
eec: 83.6234
weight: 2.63402e-06
eec: 574.008
weight: 4.00288e-05
eec: 151.569
weight: 1.69172e-05
eec: 295.567
weight: 0.000304427
eec: 583.164
weight: 3.70121e-05
eec: 453.547
weight: 0.00010162
eec: 345.895
weight: 2.69966e-05
eec: 231.686
weight: 2.65204e-06
eec: 2280.8
weight: 4.85089e-05
eec: 106.864
weight: 0.000109227
eec: 618.855
weight: 3.56045e-05
eec: 89.1074
weight: 7.1343e-06
eec: 551.705
weight: 1.45282e-05
eec: 395.569
weight: 2.99695e-06
eec: 92.0931
weight: 4.37553e-06
eec: 351.219
weight: 1.40367e-05
eec: 646.97
weight: 4.5447e-06
eec: 19.38
weight: 1.36761e-05
eec: 2867.85
weight: 3.76455e-05
eec: 261.832
weight: 3.64408e-06
eec: 1803.06
weight: 4.13256e-06
eec: 719.373
weight: 0.000205751
eec: 160.943
weight: 2.389e-05
eec: 604.893
weight: 5.5718e-07
eec: 835.634
weight: 9.43549e-05
eec: 80.9519
Processing: 94.1667 %weight: 2.93186e-05
eec: 148.306
weight: 0.000519836
eec: 166.097
weight: 1.24406e-05
eec: 594.027
weight: 2.28146e-05
eec: 1431.59
weight: 8.99591e-05
eec: 413.899
weight: 7.13292e-07
eec: 323.509
weight: 0.000371333
eec: 689.142
weight: 3.92167e-05
eec: 2528.28
weight: 4.77384e-05
eec: 100.631
weight: 0.000167752
eec: 204.758
weight: 9.13758e-06
eec: 2055.85
weight: 1.01479e-05
eec: 2267.47
weight: 3.55089e-06
eec: 1551.08
weight: 0.000145201
eec: 189.286
weight: 0.000101262
eec: 598.402
weight: 1.52319e-05
eec: 296.211
weight: 4.2973e-05
eec: 755.524
weight: 0.000455478
eec: 301.53
weight: 0.000236147
eec: 348.406
weight: 1.10317e-05
eec: 227.834
weight: 4.23007e-05
eec: 884.905
weight: 3.41922e-06
eec: 1971.36
weight: 0.000669618
eec: 433.076
weight: 5.256e-05
eec: 208.741
weight: 0.00010515
eec: 467.749
weight: 0.000140514
eec: 605.709
weight: 1.42102e-05
eec: 303.233
weight: 2.76006e-06
eec: 89.9429
weight: 0.00265524
eec: 302.22
weight: 1.8195e-05
eec: 361.685
weight: 4.05141e-05
eec: 1321.55
weight: 6.79718e-08
eec: 313.577
weight: 9.26618e-06
eec: 410.317
weight: 5.91153e-06
eec: 505.223
weight: 2.98076e-05
eec: 88.4585
weight: 2.67546e-06
eec: 580.027
weight: 6.24303e-05
eec: 543.749
weight: 3.58099e-05
eec: 1479.22
weight: 3.79319e-05
eec: 229.883
weight: 0.000186947
eec: 29.6616
weight: 4.44491e-05
eec: 319.553
weight: 2.83116e-05
eec: 7.11095
weight: 6.64056e-05
eec: 570.311
weight: 1.31981e-06
eec: 130.617
weight: 5.55508e-05
eec: 1412.98
weight: 1.06385e-05
eec: 415.127
weight: 6.14802e-06
eec: 355.652
weight: 1.27796e-05
eec: 16.2725
weight: 4.77485e-05
eec: 1760.86
weight: 9.73141e-05
eec: 64.1667
weight: 0.000175098
eec: 371.444
weight: 0.000173975
eec: 214.047
weight: 6.09793e-06
eec: 189.894
weight: 2.96242e-05
eec: 95.8877
weight: 1.26706e-07
eec: 1023.9
weight: 1.93814e-05
eec: 521.524
weight: 0.000256316
eec: 57.3433
weight: 2.85263e-06
eec: 914.849
weight: 4.07949e-05
eec: 1469.84
weight: 8.92214e-05
eec: 178.934
weight: 8.42198e-05
eec: 374.534
weight: 6.10101e-06
eec: 215.858
weight: 1.93117e-05
eec: 1605.25
weight: 4.02532e-05
eec: 453.937
weight: 4.30872e-05
eec: 232.572
weight: 0.000208014
eec: 921.992
weight: 0.000311094
eec: 401.348
weight: 6.50699e-06
eec: 1137.23
weight: 4.92656e-05
eec: 257.795
weight: 0.000207128
eec: 805.975
weight: 8.24488e-05
eec: 226.402
weight: 1.66106e-05
eec: 1855.42
weight: 0.00040498
eec: 208.596
weight: 1.55537e-05
eec: 713.939
weight: 9.6606e-05
eec: 44.9646
weight: 0.000665025
eec: 1589.62
weight: 0.000287365
eec: 1541.22
weight: 5.74386e-05
eec: 732.572
weight: 0.000217677
eec: 365.269
weight: 1.13265e-05
eec: 778.937
weight: 2.85726e-06
eec: 28.1764
weight: 6.18643e-06
eec: 651.542
weight: 0.000662765
eec: 644.627
weight: 8.55694e-06
eec: 951.34
weight: 4.8137e-06
eec: 762.283
weight: 0.000116123
eec: 152.947
weight: 2.42068e-05
eec: 750.6
weight: 6.00142e-05
eec: 788.634
weight: 0.000869501
eec: 60.8217
weight: 3.19221e-05
eec: 846.634
weight: 7.37787e-05
eec: 474.172
weight: 7.37787e-05
eec: 137.745
weight: 9.19611e-06
eec: 898.794
weight: 0.000530047
eec: 524.696
weight: 1.55461e-05
eec: 165.971
weight: 2.94116e-05
eec: 877.963
weight: 3.34279e-06
eec: 1337.89
weight: 0.000226957
eec: 200.158
weight: 0.00042
eec: 600.491
weight: 2.1224e-06
eec: 424.306
weight: 5.41783e-05
eec: 1939.15
weight: 3.45803e-05
eec: 219.987
weight: 0.000421245
eec: 166.639
weight: 5.56226e-05
eec: 125.59
weight: 4.29113e-06
eec: 383.769
weight: 2.19301e-05
eec: 179.163
weight: 1.3887e-07
eec: 254.331
weight: 2.24486e-05
eec: 37.9138
weight: 8.772e-05
eec: 131.313
weight: 5.28632e-06
eec: 962.953
weight: 4.18892e-05
eec: 511.133
weight: 1.28584e-06
eec: 691.224
weight: 2.44791e-05
eec: 147.133
weight: 6.5158e-05
eec: 219.423
weight: 6.57525e-06
eec: 1989.94
weight: 9.62159e-06
eec: 568.039
weight: 5.7954e-06
eec: 95.6357
weight: 8.28534e-05
eec: 651.65
weight: 1.0938e-06
eec: 425.621
weight: 1.1578e-05
eec: 463.373
weight: 0.000269338
eec: 30.3663
weight: 1.70934e-05
eec: 214.223
weight: 3.80711e-06
eec: 2916.53
weight: 3.80622e-06
eec: 110.066
weight: 2.5601e-05
eec: 1993.24
weight: 0.000116418
eec: 250.855
weight: 7.96979e-05
eec: 155.608
weight: 2.57824e-05
eec: 909.197
weight: 2.04882e-05
eec: 919.787
weight: 2.27318e-06
eec: 222.032
weight: 4.64621e-05
eec: 444.416
weight: 6.67351e-06
eec: 321.555
weight: 9.43404e-07
eec: 45.8222
weight: 2.0288e-05
eec: 1483.27
weight: 9.97563e-05
eec: 198.206
weight: 9.44079e-06
eec: 39.714
weight: 3.12143e-05
eec: 782.103
weight: 4.24601e-05
eec: 540.386
weight: 2.93028e-05
eec: 567.421
weight: 2.62923e-05
eec: 2751.67
weight: 1.67604e-05
eec: 2659.4
weight: 3.12644e-06
eec: 175.439
weight: 1.61303e-05
eec: 887.42
weight: 0.00101656
eec: 430.341
weight: 1.90085e-05
eec: 94.6755
weight: 1.84231e-05
eec: 541.713
weight: 0.000220826
eec: 91.6407
weight: 6.83447e-06
eec: 406.296
weight: 1.27249e-07
eec: 748.998
weight: 7.55827e-06
eec: 140.512
weight: 1.74072e-06
eec: 581.756
weight: 1.65095e-05
eec: 263.645
weight: 1.0927e-05
eec: 160.575
weight: 0.00010464
eec: 372.935
weight: 1.84121e-05
eec: 314.167
weight: 9.72789e-05
eec: 1456.41
weight: 4.01388e-05
eec: 1088.73
weight: 0.000225178
eec: 870.014
weight: 4.56907e-06
eec: 124.424
weight: 8.79291e-06
eec: 209.512
weight: 0.00013435
eec: 285.183
weight: 0.000236781
eec: 77.1184
weight: 5.24794e-05
eec: 190.179
weight: 6.28227e-06
eec: 433.089
weight: 3.04984e-05
eec: 1137.72
weight: 9.00635e-06
eec: 376.556
weight: 1.02074e-05
eec: 134.923
weight: 4.9251e-05
eec: 173.31
weight: 2.63193e-05
eec: 204.35
weight: 2.80876e-05
eec: 442.012
weight: 0.00012318
eec: 30.4737
weight: 7.18942e-05
eec: 121.871
weight: 1.2058e-05
eec: 149.109
weight: 2.12642e-05
eec: 52.1231
weight: 8.26509e-05
eec: 655.075
weight: 7.92924e-06
eec: 630.013
weight: 8.28582e-05
eec: 166.908
weight: 2.62463e-05
eec: 550.161
weight: 0.000195252
eec: 343.61
weight: 3.43132e-05
eec: 1120.78
weight: 3.43132e-05
eec: 723.358
weight: 0.000139292
eec: 888.79
weight: 8.28621e-06
eec: 482.291
weight: 5.5193e-05
eec: 202.88
weight: 5.82071e-05
eec: 3309.6
weight: 3.31345e-05
eec: 725.057
weight: 0.000547511
eec: 645.032
weight: 6.1378e-05
eec: 145.035
weight: 0.000162177
eec: 977.035
weight: 3.6312e-05
eec: 1098.05
weight: 1.64983e-05
eec: 1060.35
weight: 0.0001764
eec: 108.299
weight: 3.05143e-06
eec: 1896.39
weight: 4.58499e-05
eec: 1121.7
weight: 2.65217e-06
eec: 368.778
weight: 1.2585e-05
eec: 558.784
weight: 6.43038e-05
eec: 544.083
weight: 6.11867e-05
eec: 870.101
weight: 7.91936e-05
eec: 24.143
weight: 5.52203e-05
eec: 1370.42
weight: 7.44427e-06
eec: 301.065
weight: 5.92873e-05
eec: 909.51
weight: 0.000226888
eec: 144.273
weight: 1.91181e-05
eec: 2216.98
weight: 1.17988e-05
eec: 208.085

ROOT exit code = 0
