gSystem->Load("run_condor_job_Run3_C.so");
run_condor_job_Run3(688, 100, 2,
                    80, 200,
                    1, 1, 1, 6);
.q

ENTERED run_condor_job_Run3()
JOBID = 688
  global job = 688  Job 88/100  events [5190240, 5249220)  total=5898000
Processing events [5190240, 5249220) of 5898000
weight: 7.56871e-06
eec: 1027.56
weight: 9.01511e-06
eec: 96.2879
weight: 3.74053e-05
eec: 606.296
weight: 1.60637e-07
eec: 367.935
weight: 6.67859e-05
eec: 2354.6
weight: 3.88529e-06
eec: 2353.79
weight: 3.47577e-05
eec: 366.702
weight: 0.000192386
eec: 190.281
weight: 5.68504e-05
eec: 744.408
weight: 2.15231e-05
eec: 115.769
weight: 1.00035e-05
eec: 523.467
weight: 2.81482e-05
eec: 365.08
weight: 1.3266e-05
eec: 267.197
weight: 8.4489e-08
eec: 211.357
weight: 5.55846e-05
eec: 1467.59
weight: 0.000399148
eec: 23.4742
weight: 6.34918e-05
eec: 697.028
weight: 2.86398e-05
eec: 1695.75
weight: 1.57106e-05
eec: 89.4088
weight: 0.00044608
eec: 590.057
weight: 0.000217133
eec: 1152.17
weight: 1.70728e-05
eec: 505.953
weight: 0.000345828
eec: 58.2357
weight: 0.000495441
eec: 400.972
weight: 5.09708e-05
eec: 112.73
weight: 3.74327e-06
eec: 144.726
weight: 3.83951e-05
eec: 376.184
weight: 0.000189159
eec: 644.76
weight: 3.08876e-05
eec: 238.366
weight: 4.4223e-05
eec: 684.11
weight: 4.11702e-05
eec: 717.867
weight: 0.000103287
eec: 783.227
weight: 2.19029e-05
eec: 702.614
weight: 8.96007e-06
eec: 311.712
weight: 2.31411e-06
eec: 1826.75
weight: 6.18202e-05
eec: 147.071
weight: 6.22159e-07
eec: 138.534
weight: 8.22816e-06
eec: 541.831
weight: 0.000652129
eec: 62.8548
weight: 9.03448e-06
eec: 942.784
weight: 0.000813583
eec: 262.085
weight: 0.000293074
eec: 439.424
weight: 1.53212e-06
eec: 142.706
weight: 1.78495e-05
eec: 470.165
weight: 5.73074e-06
eec: 252.373
weight: 0.000107065
eec: 545.523
weight: 9.88054e-05
eec: 132.229
weight: 6.05698e-05
eec: 152.213
weight: 3.29539e-05
eec: 544.58
weight: 3.28004e-05
eec: 268.906
Processing: 88.1655 %weight: 8.96997e-05
eec: 195.458
weight: 5.06569e-05
eec: 259.603
weight: 7.88177e-07
eec: 4506.78
weight: 6.77888e-05
eec: 1199.52
weight: 0.000122276
eec: 786.603
weight: 9.71862e-07
eec: 3256.15
weight: 6.54272e-06
eec: 335.434
weight: 3.12784e-07
eec: 1281.26
weight: 0.00047355
eec: 172.128
weight: 1.19198e-05
eec: 985.272
weight: 6.0041e-05
eec: 242.138
weight: 1.02056e-05
eec: 184.08
weight: 2.69352e-05
eec: 425.972
weight: 1.83268e-06
eec: 526.081
weight: 3.72999e-05
eec: 1467.73
weight: 6.61078e-06
eec: 752.682
weight: 1.0098e-05
eec: 989.153
weight: 3.83561e-07
eec: 616.577
weight: 0.000419089
eec: 49.527
weight: 1.17316e-05
eec: 3555.68
weight: 5.15466e-07
eec: 52.3139
weight: 0.000153732
eec: 256.39
weight: 2.03252e-07
eec: 112.697
weight: 7.46546e-05
eec: 298.68
weight: 3.99087e-06
eec: 105.124
weight: 0.00012816
eec: 1058.2
weight: 7.5673e-06
eec: 123.497
weight: 9.14376e-05
eec: 45.9704
weight: 0.000170936
eec: 133.217
weight: 0.000242873
eec: 36.7058
weight: 6.39488e-05
eec: 183.43
weight: 0.000993062
eec: 48.7072
weight: 8.95285e-05
eec: 226.356
weight: 5.33177e-05
eec: 41.8211
weight: 0.000183285
eec: 48.8407
weight: 2.73533e-05
eec: 35.682
weight: 2.4063e-05
eec: 590.199
weight: 0.000149185
eec: 465.297
weight: 0.000111142
eec: 133.195
weight: 0.000582828
eec: 82.4999
weight: 1.11255e-06
eec: 835.991
weight: 3.91421e-05
eec: 1189.19
weight: 6.60063e-06
eec: 406.674
weight: 3.24279e-05
eec: 383.705
weight: 5.90674e-06
eec: 1025.1
weight: 0.000420238
eec: 39.6696
weight: 1.69267e-05
eec: 191.144
weight: 5.42438e-05
eec: 90.513
weight: 4.22517e-07
eec: 73.9997
weight: 0.000116159
eec: 153.354
weight: 1.28833e-06
eec: 960.895
weight: 3.77918e-05
eec: 409.625
weight: 1.5341e-05
eec: 719.577
weight: 3.81701e-05
eec: 149.273
weight: 8.17764e-06
eec: 1604.55
weight: 7.92583e-05
eec: 843.151
weight: 5.50177e-06
eec: 620.883
weight: 1.25028e-05
eec: 90.4234
weight: 2.06423e-05
eec: 883.057
weight: 8.56448e-06
eec: 222.927
weight: 7.15328e-05
eec: 859.871
weight: 6.07779e-06
eec: 1710.57
weight: 6.02479e-06
eec: 1065.02
weight: 2.86293e-05
eec: 795.758
weight: 1.67623e-05
eec: 796.809
weight: 4.22337e-06
eec: 840.849
weight: 5.23577e-05
eec: 391.108
weight: 4.7793e-06
eec: 45.1483
weight: 9.77185e-06
eec: 167.732
weight: 0.000157425
eec: 68.4108
weight: 3.50475e-06
eec: 2268.25
weight: 0.00013009
eec: 661.192
weight: 2.82817e-05
eec: 769.174
weight: 0.000204594
eec: 860.709
weight: 0.000163565
eec: 102.68
weight: 3.0509e-05
eec: 176.31
weight: 4.07339e-05
eec: 128.544
weight: 0.000120364
eec: 512.488
weight: 7.79606e-05
eec: 87.3099
weight: 7.43447e-07
eec: 933.246
weight: 1.92103e-07
eec: 217.633
weight: 5.58547e-05
eec: 195.706
weight: 3.06825e-06
eec: 178.791
weight: 0.000318191
eec: 1452.5
weight: 1.15773e-06
eec: 253.641
weight: 3.95197e-05
eec: 326.069
weight: 1.70304e-05
eec: 148.417
weight: 2.4969e-06
eec: 28.2909
weight: 7.58598e-06
eec: 190.512
weight: 7.43276e-06
eec: 352.281
weight: 1.51083e-05
eec: 47.1621
weight: 1.71021e-05
eec: 57.3275
weight: 1.73986e-05
eec: 58.9978
weight: 1.09839e-05
eec: 349.261
weight: 3.50189e-05
eec: 1535.05
weight: 0.000543295
eec: 39.4152
weight: 0.00144603
eec: 825.661
weight: 1.81773e-05
eec: 1686.5
weight: 1.43265e-05
eec: 982.27
weight: 1.43265e-05
eec: 266.848
weight: 6.87355e-05
eec: 355.935
weight: 0.00016569
eec: 165.276
weight: 4.6756e-05
eec: 135.003
weight: 1.24664e-05
eec: 1509.34
weight: 0.000227964
eec: 987.701
weight: 1.00145e-05
eec: 794.997
weight: 6.3955e-05
eec: 122.945
weight: 5.28002e-05
eec: 170.25
weight: 3.50811e-06
eec: 115.481
weight: 4.9942e-06
eec: 238.605
weight: 3.21632e-05
eec: 614.799
weight: 1.36558e-06
eec: 2068.92
weight: 3.64619e-05
eec: 877.746
weight: 6.37682e-05
eec: 637.19
weight: 3.73282e-05
eec: 144.456
weight: 3.73282e-05
eec: 647.206
weight: 8.95599e-05
eec: 762.8
weight: 5.07633e-06
eec: 89.6011
weight: 3.10899e-05
eec: 1082.26
weight: 1.73803e-05
eec: 1829.74
weight: 0.000104321
eec: 1177.92
weight: 1.06583e-07
eec: 1357.41
weight: 1.67134e-06
eec: 459.537
weight: 5.70082e-05
eec: 593.032
weight: 3.47554e-05
eec: 507.505
weight: 5.80183e-06
eec: 241.344
weight: 1.57039e-05
eec: 1804.97
weight: 4.69422e-05
eec: 85.0411
weight: 2.41843e-05
eec: 274.344
weight: 5.197e-05
eec: 471.294
weight: 1.51815e-05
eec: 29.0049
weight: 3.25478e-05
eec: 497.337
weight: 0.000277357
eec: 195.271
weight: 1.16226e-05
eec: 355.198
weight: 1.75193e-05
eec: 530.109
weight: 2.90353e-05
eec: 585.408
weight: 9.93016e-06
eec: 477.808
weight: 2.64177e-05
eec: 1226.33
weight: 4.54444e-07
eec: 26.2507
weight: 1.23933e-05
eec: 137.381
weight: 2.41529e-05
eec: 728.711
weight: 2.26444e-06
eec: 163.848
weight: 4.9996e-06
eec: 673.128
weight: 5.62177e-06
eec: 2457.39
weight: 0.000107704
eec: 329.532
weight: 3.57365e-05
eec: 516.152
weight: 3.64629e-05
eec: 358.529
weight: 5.46495e-06
eec: 1248.45
weight: 5.17841e-08
eec: 173.121
weight: 4.73927e-06
eec: 986.433
weight: 4.00688e-07
eec: 580.897
weight: 6.14294e-06
eec: 1335.94
weight: 7.82962e-05
eec: 519.155
weight: 7.32132e-05
eec: 251.527
weight: 0.000142803
eec: 1083.17
weight: 4.90178e-05
eec: 1138.33
weight: 1.89619e-05
eec: 175.307
weight: 2.95716e-05
eec: 843.28
weight: 1.53416e-05
eec: 115.722
weight: 4.18603e-05
eec: 56.9132
weight: 4.35495e-05
eec: 396.572
weight: 8.54563e-05
eec: 790.236
weight: 5.09536e-06
eec: 180.472
weight: 2.652e-06
eec: 225.183
weight: 3.76063e-05
eec: 492.535
weight: 5.63682e-06
eec: 75.7502
weight: 1.39822e-08
eec: 238.084
weight: 0.000246236
eec: 127.159
weight: 7.4507e-06
eec: 168.416
weight: 1.59061e-06
eec: 1758.82
weight: 5.38053e-08
eec: 54.3519
weight: 8.56893e-05
eec: 380.91
weight: 2.66519e-05
eec: 32.2657
weight: 2.42431e-05
eec: 1013.07
weight: 2.99076e-05
eec: 372.996
weight: 6.81633e-05
eec: 1065.99
weight: 1.51017e-06
eec: 1174.94
weight: 3.29278e-05
eec: 194.071
weight: 3.9444e-07
eec: 2426.72
weight: 3.79074e-05
eec: 933.159
weight: 1.0204e-05
eec: 127.3
weight: 1.14862e-06
eec: 827.813
weight: 0.000203802
eec: 121.336
weight: 3.48729e-05
eec: 524.413
weight: 1.05845e-07
eec: 106.174
weight: 0.000104582
eec: 372.356
weight: 7.21352e-07
eec: 54.9739
weight: 0.000116774
eec: 410.987
weight: 0.00103907
eec: 552.139
weight: 7.37455e-06
eec: 66.3121
weight: 2.97683e-05
eec: 250.99
weight: 3.85786e-05
eec: 341.966
weight: 4.10082e-06
eec: 1585.63
weight: 3.16639e-06
eec: 990.887
weight: 2.2898e-05
eec: 147.746
weight: 1.75593e-05
eec: 248.68
weight: 1.75593e-05
eec: 1257.49
weight: 3.49821e-05
eec: 261.371
weight: 0.000435047
eec: 196.281
weight: 3.39889e-06
eec: 392.537
weight: 7.82984e-09
eec: 445.908
weight: 2.55847e-06
eec: 1622.37
weight: 3.28498e-05
eec: 748.316

ROOT exit code = 0
