gSystem->Load("run_condor_job_Run3_C.so");
run_condor_job_Run3(300, 100, 2,
                    80, 200,
                    1, 1, 1, 3);
.q

ENTERED run_condor_job_Run3()
JOBID = 300
  global job = 300  Job 0/100  events [0, 60000)  total=6000000
Processing events [0, 60000) of 6000000
Processing: 0 %weight: 3.04943e-05
eec: 2633.55
weight: 2.8014e-05
eec: 774.297
weight: 0.000133756
eec: 377.508
weight: 3.43019e-06
eec: 2974.42
weight: 0.000149714
eec: 497.269
weight: 4.54689e-06
eec: 1187.66
weight: 0.000228977
eec: 223.526
weight: 1.41596e-05
eec: 146.004
weight: 0.000430868
eec: 1013.88
weight: 4.15648e-05
eec: 499.847
weight: 9.18529e-05
eec: 59.9623
weight: 3.12144e-06
eec: 186.708
weight: 7.76493e-06
eec: 727.852
weight: 0.000100166
eec: 261.866
weight: 0.00133091
eec: 24.4496
weight: 6.67447e-06
eec: 972.61
weight: 1.56971e-05
eec: 1311.84
weight: 0.000130963
eec: 886.971
weight: 0.000821489
eec: 6.60445
weight: 5.78712e-06
eec: 752.322
weight: 0.000162002
eec: 549.24
weight: 0.000155632
eec: 1501.1
weight: 9.7613e-08
eec: 457.23
weight: 4.51267e-05
eec: 308.246
weight: 0.000633668
eec: 19.0156
weight: 7.35133e-05
eec: 38.4052
weight: 1.24712e-06
eec: 1857.57
weight: 3.70595e-07
eec: 685.648
weight: 8.1052e-06
eec: 10.1883
weight: 5.63294e-06
eec: 55.0169
weight: 0.000182947
eec: 501.888
weight: 3.55179e-05
eec: 352.841
weight: 1.26708e-06
eec: 1180.41
weight: 0.000244241
eec: 384.927
weight: 4.39952e-05
eec: 1260
weight: 6.19682e-06
eec: 770.494
weight: 1.64513e-05
eec: 132.682
weight: 4.41669e-05
eec: 388.27
weight: 1.02147e-05
eec: 399.713
weight: 6.24778e-05
eec: 45.9805
weight: 2.89188e-05
eec: 245.619
weight: 4.86662e-07
eec: 174.072
weight: 1.3634e-06
eec: 388.294
weight: 2.49297e-06
eec: 541.934
weight: 1.87417e-05
eec: 466.16
weight: 0.000114727
eec: 255.092
weight: 8.47327e-05
eec: 222.171
weight: 5.96121e-05
eec: 317.539
weight: 1.60168e-06
eec: 143.406
weight: 0.000338819
eec: 458.574
weight: 7.85739e-06
eec: 112.571
weight: 3.97164e-05
eec: 24.107
weight: 5.36142e-05
eec: 512.937
weight: 0.000258324
eec: 171.438
weight: 3.18921e-05
eec: 1224.75
weight: 0.000202412
eec: 321.397
weight: 1.12305e-05
eec: 1106.91
weight: 1.50518e-05
eec: 82.8326
weight: 7.80692e-06
eec: 99.7585
weight: 7.80692e-06
eec: 45.9994
weight: 6.32167e-07
eec: 248.391
weight: 2.08671e-05
eec: 198.353
weight: 6.28051e-06
eec: 171.589
weight: 4.72379e-05
eec: 221.292
weight: 0.000252419
eec: 115.229
weight: 0.000174333
eec: 340.082
weight: 8.33798e-06
eec: 352.166
weight: 8.12471e-06
eec: 294.334
weight: 3.34162e-05
eec: 3764.96
weight: 6.26405e-06
eec: 38.9967
weight: 1.08375e-05
eec: 1911.09
weight: 6.076e-06
eec: 900.709
weight: 0.000207413
eec: 139.358
weight: 1.18852e-05
eec: 2440.81
weight: 5.83105e-08
eec: 2316.69
weight: 2.76885e-06
eec: 170.697
weight: 8.07247e-05
eec: 805.266
weight: 6.03868e-06
eec: 268.732
weight: 0.000160693
eec: 4.66027
weight: 6.12532e-05
eec: 291.733
weight: 7.17454e-06
eec: 102.201
weight: 1.66757e-05
eec: 282.81
weight: 3.14613e-06
eec: 890.692
weight: 9.13077e-05
eec: 604.876
weight: 5.0088e-06
eec: 104.688
weight: 7.36548e-06
eec: 1058.97
weight: 3.32739e-05
eec: 231.859
weight: 0.000121934
eec: 809.613
weight: 6.89248e-06
eec: 508.867
weight: 1.96951e-05
eec: 363.438
weight: 1.7818e-05
eec: 552.383
weight: 2.18258e-06
eec: 552.823
weight: 6.73225e-05
eec: 318.446
weight: 4.37081e-05
eec: 176.543
weight: 1.48816e-05
eec: 1367.51
weight: 6.47142e-07
eec: 1285.98
weight: 2.95159e-07
eec: 620.484
weight: 1.16591e-07
eec: 598.64
weight: 6.03287e-05
eec: 953.742
weight: 0.000359896
eec: 363.357
weight: 0.000258237
eec: 57.0093
weight: 1.02538e-06
eec: 734.531
weight: 8.99388e-06
eec: 248.977
weight: 7.8137e-06
eec: 111.742
weight: 6.90914e-07
eec: 800.231
weight: 2.84245e-05
eec: 461.689
weight: 1.44884e-05
eec: 1035.93
weight: 9.17465e-06
eec: 496.252
weight: 0.000390883
eec: 153.351
weight: 4.84087e-06
eec: 549.459
weight: 0.000280923
eec: 20.4211
weight: 2.34455e-05
eec: 381.923
weight: 5.07205e-05
eec: 593.923
weight: 0.000355414
eec: 275.765
weight: 5.33894e-06
eec: 611.914
weight: 2.43287e-05
eec: 577.077
weight: 8.05684e-07
eec: 435.071
weight: 2.81608e-05
eec: 167.419
weight: 5.31178e-06
eec: 329.338
weight: 4.81541e-05
eec: 158.903
weight: 4.24087e-05
eec: 33.9065
weight: 3.33096e-05
eec: 416.912
weight: 8.93828e-06
eec: 31.7539
weight: 5.84139e-06
eec: 159.632
weight: 2.47729e-05
eec: 712.508
weight: 8.15776e-05
eec: 154.645
weight: 3.63974e-05
eec: 231.33
weight: 5.36935e-05
eec: 310.532
weight: 5.12055e-05
eec: 2905.74
weight: 2.71875e-05
eec: 1664.38
weight: 8.64749e-05
eec: 1520.71
weight: 1.50323e-05
eec: 820.757
weight: 7.83909e-05
eec: 165.718
weight: 6.57314e-06
eec: 19.1645
weight: 3.0198e-06
eec: 77.7714
weight: 5.85837e-05
eec: 283.566
weight: 8.51516e-06
eec: 229.619
weight: 1.07045e-05
eec: 40.3978
weight: 4.70447e-06
eec: 844.435
weight: 3.38201e-05
eec: 411.381
weight: 3.09133e-06
eec: 770.371
weight: 6.48926e-05
eec: 905.216
weight: 2.53518e-06
eec: 323.502
weight: 3.60808e-05
eec: 972.623
weight: 1.89637e-06
eec: 180.061
weight: 2.65609e-05
eec: 592.305
weight: 1.04292e-05
eec: 110.256
weight: 1.37341e-05
eec: 698.849
weight: 2.62067e-05
eec: 161.339
weight: 8.13298e-08
eec: 409.398
weight: 5.61521e-05
eec: 123.971
weight: 0.000591376
eec: 159.294
weight: 6.53279e-05
eec: 547.167
weight: 2.81195e-05
eec: 1481.03
weight: 8.88094e-06
eec: 910.864
weight: 2.01315e-05
eec: 688.103
weight: 6.07665e-06
eec: 1252.16
weight: 8.06104e-07
eec: 260.565
weight: 5.37623e-08
eec: 464.94
weight: 0.000405014
eec: 645.404
weight: 0.000106059
eec: 109.899
weight: 4.22838e-06
eec: 284.34
weight: 4.98733e-06
eec: 754.297
weight: 2.83939e-05
eec: 1054.69
weight: 1.02364e-07
eec: 49.3513
weight: 2.18869e-05
eec: 1205.14
weight: 0.000579011
eec: 121.225
weight: 1.26212e-06
eec: 1010.29
weight: 3.34883e-05
eec: 886.108
weight: 1.12907e-06
eec: 530.242
weight: 0.000137247
eec: 208.168
weight: 3.52381e-06
eec: 684.192
weight: 9.78665e-06
eec: 385.633
weight: 5.78205e-06
eec: 2101.66
weight: 3.00298e-05
eec: 663.063
weight: 0.000214957
eec: 21.6524
weight: 0.00058914
eec: 58.3677
weight: 4.68153e-05
eec: 1015.61
weight: 3.94188e-06
eec: 859.326
weight: 2.03693e-05
eec: 248.239
weight: 1.20519e-05
eec: 1140.25
weight: 9.99382e-06
eec: 1458.97
weight: 0.000102457
eec: 381.546
weight: 7.03976e-05
eec: 484.029
weight: 4.63002e-05
eec: 235.488
weight: 4.20451e-05
eec: 954.481
weight: 3.5205e-05
eec: 508.371
weight: 4.0325e-06
eec: 245.624
weight: 2.70684e-05
eec: 79.874
weight: 9.70457e-06
eec: 362.318
weight: 1.53616e-05
eec: 59.7153
weight: 1.87316e-05
eec: 124.267
weight: 0.000217522
eec: 640.481
weight: 1.04514e-06
eec: 260.257
weight: 0.00022366
eec: 30.3007
weight: 4.36041e-06
eec: 150.907
weight: 9.23155e-05
eec: 88.7825
weight: 5.71467e-06
eec: 2021.44
weight: 1.98655e-05
eec: 1242.5
weight: 5.89581e-05
eec: 35.9041
weight: 7.06356e-06
eec: 1229.5
weight: 6.37572e-06
eec: 202.635
weight: 0.000286149
eec: 288.479
weight: 2.36539e-05
eec: 78.8162
weight: 8.91536e-05
eec: 235.647
weight: 1.549e-06
eec: 1246.87
weight: 5.57998e-05
eec: 143.833
Processing: 0.833333 %weight: 3.79708e-06
eec: 694.227
weight: 2.33987e-05
eec: 95.1214
weight: 0.000104234
eec: 23.4848
weight: 4.9438e-05
eec: 694.241
weight: 0.000125592
eec: 29.0199
weight: 1.96615e-06
eec: 1471.29
weight: 0.00125983
eec: 936.789
weight: 2.82753e-05
eec: 132.523
weight: 2.7699e-05
eec: 301.732
weight: 1.17736e-05
eec: 1067.59
weight: 4.18292e-05
eec: 26.0593
weight: 4.18292e-05
eec: 372.983
weight: 6.77812e-06
eec: 73.5578
weight: 3.35478e-05
eec: 51.7902
weight: 1.37266e-05
eec: 917.621
weight: 1.93864e-05
eec: 377.688
weight: 9.13752e-07
eec: 314.111
weight: 6.55402e-06
eec: 141.323
weight: 4.77695e-06
eec: 565.955
weight: 1.54275e-05
eec: 843.269
weight: 4.90163e-05
eec: 1108.03
weight: 0.000155084
eec: 297.411
weight: 8.94029e-05
eec: 331.12
weight: 4.26364e-06
eec: 279.815
weight: 6.51766e-06
eec: 1883.74
weight: 0.00031657
eec: 120.276
weight: 7.44378e-05
eec: 316.147
weight: 2.08055e-05
eec: 58.4672
weight: 2.21836e-05
eec: 1723.39
weight: 0.00106098
eec: 702.935
weight: 1.02781e-05
eec: 1861.42
weight: 1.13177e-05
eec: 158.945
weight: 1.76561e-05
eec: 704.834
weight: 0.000431436
eec: 674.644
weight: 1.40444e-05
eec: 147.912
weight: 0.000107459
eec: 745.328
weight: 8.11836e-07
eec: 43.6219
weight: 7.07511e-05
eec: 496.92
weight: 8.989e-05
eec: 828.442
weight: 4.77043e-06
eec: 3383.79
weight: 0.000258114
eec: 259.566
weight: 0.000113156
eec: 927.686
weight: 1.95809e-05
eec: 1123.55
weight: 3.68414e-05
eec: 185.479

ROOT exit code = 0
