gSystem->Load("run_condor_job_Run3_C.so");
run_condor_job_Run3(401, 100, 2,
                    80, 200,
                    1, 1, 1, 4);
.q

ENTERED run_condor_job_Run3()
JOBID = 401
  global job = 401  Job 1/100  events [58980, 117960)  total=5898000
Processing events [58980, 117960) of 5898000
weight: 6.50772e-06
eec: 751.531
weight: 0.000372381
eec: 869.117
weight: 0.00122525
eec: 189.152
weight: 2.89856e-08
eec: 830.629
weight: 7.2808e-05
eec: 1206.71
weight: 4.21921e-05
eec: 28.0584
weight: 2.88788e-05
eec: 229.997
weight: 0.000115736
eec: 69.8763
weight: 0.00116072
eec: 44.474
weight: 8.53169e-06
eec: 391.48
weight: 1.24422e-05
eec: 902.485
weight: 0.000174596
eec: 556.954
weight: 4.5277e-06
eec: 700.776
weight: 1.5825e-05
eec: 517.688
weight: 5.80338e-05
eec: 1385.78
weight: 9.95415e-05
eec: 62.1609
weight: 0.000421245
eec: 88.8604
weight: 5.93948e-05
eec: 1395.1
weight: 0.000251806
eec: 248.313
weight: 4.30654e-05
eec: 628.955
weight: 5.0903e-05
eec: 196.241
weight: 7.1829e-05
eec: 158.875
weight: 4.42771e-06
eec: 165.172
weight: 0.000140552
eec: 174.184
weight: 2.27599e-06
eec: 27.7959
weight: 8.15178e-06
eec: 67.1824
weight: 0.00014544
eec: 1220.92
weight: 5.53647e-06
eec: 1439.43
weight: 1.04414e-05
eec: 860.981
weight: 3.36231e-06
eec: 517.771
weight: 9.84067e-06
eec: 84.326
weight: 3.70295e-05
eec: 783.446
weight: 2.55703e-05
eec: 245.391
weight: 0.000133232
eec: 914.236
weight: 6.23106e-06
eec: 152.895
weight: 4.75451e-05
eec: 287.612
weight: 1.03341e-05
eec: 1.46809
weight: 1.69311e-06
eec: 375.636
weight: 1.46988e-06
eec: 1219.14
weight: 8.75159e-06
eec: 752.988
weight: 7.75577e-06
eec: 2927.39
weight: 4.60708e-08
eec: 534.257
weight: 1.25876e-05
eec: 263.718
weight: 8.06452e-06
eec: 419.533
weight: 7.90555e-05
eec: 406.873
weight: 1.19449e-07
eec: 196.314
weight: 3.86646e-05
eec: 38.3128
weight: 5.6538e-05
eec: 259.175
weight: 0.000257076
eec: 98.1517
weight: 1.95057e-06
eec: 375.984
weight: 2.23897e-05
eec: 850.597
weight: 1.1354e-05
eec: 222.409
weight: 5.37688e-05
eec: 772.458
weight: 4.99447e-05
eec: 95.3855
weight: 0.000212096
eec: 239.261
weight: 9.62256e-06
eec: 347.47
weight: 0.000618357
eec: 225.229
weight: 7.27593e-07
eec: 88.3604
weight: 1.25974e-05
eec: 116.979
weight: 5.11888e-05
eec: 156.574
weight: 8.55884e-05
eec: 598.4
weight: 4.86665e-06
eec: 951.552
weight: 0.00212589
eec: 594.013
weight: 0.00023286
eec: 600.924
weight: 8.41593e-07
eec: 1434.9
weight: 5.70713e-06
eec: 236.5
weight: 3.90862e-05
eec: 752.343
weight: 1.29569e-06
eec: 780.746
weight: 1.13425e-05
eec: 91.3744
weight: 6.74738e-06
eec: 1182.13
weight: 6.05169e-07
eec: 221.235
weight: 0.000135045
eec: 80.054
weight: 4.9419e-05
eec: 920.752
weight: 1.73597e-05
eec: 41.4716
weight: 0.000106787
eec: 27.2464
weight: 3.61039e-06
eec: 1495.83
weight: 0.000126999
eec: 428.499
weight: 0.000126534
eec: 209.009
weight: 4.48101e-06
eec: 117.796
weight: 6.63122e-05
eec: 114.551
weight: 0.000370998
eec: 832.89
weight: 1.53869e-05
eec: 46.8509
weight: 2.52039e-05
eec: 268.155
weight: 3.17521e-05
eec: 606.524
weight: 5.52054e-06
eec: 2766.44
weight: 2.35092e-05
eec: 1138.71
weight: 1.39512e-05
eec: 3480.58
weight: 1.39512e-05
eec: 119.31
weight: 0.000184334
eec: 220.929
weight: 4.54749e-05
eec: 1357.43
weight: 2.29412e-05
eec: 626.699
weight: 0.000346307
eec: 257.45
weight: 0.000186169
eec: 271.993
weight: 9.35206e-06
eec: 433.798
weight: 0.000209009
eec: 641.7
weight: 9.82072e-07
eec: 187.401
weight: 7.63288e-06
eec: 773.535
weight: 1.60393e-05
eec: 243.008
weight: 3.47448e-05
eec: 691.092
weight: 7.44033e-06
eec: 1851.75
weight: 5.41189e-06
eec: 1379.21
weight: 0.000615704
eec: 413.287
weight: 4.31088e-05
eec: 971.131
weight: 2.9297e-05
eec: 417.069
weight: 0.000200741
eec: 313.142
weight: 4.50188e-05
eec: 360.606
weight: 1.04542e-05
eec: 154.141
weight: 3.28913e-05
eec: 106.991
weight: 0.000127394
eec: 252.138
weight: 4.35432e-05
eec: 359.319
weight: 0.00070257
eec: 146.868
weight: 1.34953e-05
eec: 452.606
weight: 0.000151326
eec: 685.873
weight: 5.28216e-06
eec: 4818.76
weight: 5.71087e-06
eec: 126.747
weight: 3.89608e-05
eec: 98.2055
weight: 8.19117e-05
eec: 367.768
weight: 2.35304e-05
eec: 112.185
weight: 2.20001e-05
eec: 185.716
weight: 3.81558e-05
eec: 667.327
weight: 0.000427478
eec: 316.135
weight: 1.7684e-07
eec: 46.0212
weight: 0.000208809
eec: 252.957
weight: 3.27316e-05
eec: 1215.55
weight: 1.2125e-07
eec: 145.917
weight: 5.13525e-05
eec: 574.865
weight: 1.23336e-05
eec: 502.581
weight: 0.000335044
eec: 154.038
weight: 0.00576349
eec: 726.787
weight: 6.74035e-05
eec: 286.415
weight: 9.32312e-05
eec: 105.814
weight: 6.51901e-05
eec: 325.261
weight: 7.27712e-09
eec: 195.525
weight: 3.87789e-06
eec: 1140.91
weight: 5.00176e-06
eec: 460.144
weight: 4.35605e-05
eec: 33.6965
weight: 3.80515e-05
eec: 32.8196
weight: 3.79001e-05
eec: 161.65
weight: 4.41754e-07
eec: 470.851
weight: 1.13264e-05
eec: 206.779
weight: 0.000203274
eec: 55.8444
weight: 1.99711e-05
eec: 1033.28
weight: 1.87966e-05
eec: 49.5059
weight: 2.4349e-05
eec: 453.674
weight: 3.8e-05
eec: 234.388
weight: 0.000150575
eec: 12.7407
weight: 4.11874e-06
eec: 2451.37
weight: 0.00215703
eec: 703.937
weight: 1.00293e-05
eec: 886.56
weight: 0.000140338
eec: 203.36
weight: 6.99056e-05
eec: 755.601
weight: 5.73231e-06
eec: 323.351
weight: 2.07807e-05
eec: 938.501
weight: 5.7127e-06
eec: 225.009
weight: 3.48086e-05
eec: 509.985
weight: 8.60461e-07
eec: 416.591
weight: 7.27118e-05
eec: 258.212
weight: 8.36481e-05
eec: 107.039
weight: 0.000161323
eec: 581.358
weight: 4.2431e-05
eec: 271.806
weight: 2.17121e-05
eec: 141.59
weight: 2.21887e-05
eec: 172.39
weight: 0.000140164
eec: 339.356
weight: 7.41158e-05
eec: 423.207
weight: 4.21443e-05
eec: 163.818
weight: 6.61136e-06
eec: 578.713
weight: 8.5992e-05
eec: 1001.04
weight: 8.32989e-06
eec: 858.154
weight: 2.65535e-05
eec: 1756.3
weight: 4.40332e-06
eec: 1982.97
weight: 3.05756e-05
eec: 789.879
weight: 1.80483e-05
eec: 506.627
weight: 0.000174437
eec: 343.929
weight: 1.51266e-07
eec: 9.82933
weight: 6.90389e-06
eec: 148.28
weight: 0.000159412
eec: 81.2533
weight: 1.26867e-06
eec: 26.9727
weight: 0.000941956
eec: 525.448
weight: 2.78006e-05
eec: 616.624
weight: 0.000133601
eec: 57.6196
weight: 2.56143e-05
eec: 103.438
weight: 1.34879e-05
eec: 78.9905
weight: 5.42186e-05
eec: 75.1543
weight: 4.07425e-05
eec: 67.1535
Processing: 1.69549 %weight: 0.000280758
eec: 888.941
weight: 2.45762e-05
eec: 660.225
weight: 3.04244e-05
eec: 107.463
weight: 1.83655e-05
eec: 663.246
weight: 0.00010152
eec: 625.854
weight: 0.00017489
eec: 754.797
weight: 0.000128555
eec: 260.624
weight: 5.81958e-06
eec: 645.117
weight: 9.38619e-05
eec: 189.226
weight: 3.4726e-05
eec: 625.987
weight: 1.80022e-05
eec: 106.489
weight: 5.69123e-05
eec: 1640.26
weight: 0.000152481
eec: 1362.23
weight: 1.08351e-05
eec: 2924.38
weight: 3.14922e-05
eec: 37.3699
weight: 6.19716e-05
eec: 49.7558
weight: 8.27001e-05
eec: 140.952
weight: 2.26498e-06
eec: 555.27
weight: 6.21749e-06
eec: 2257.79
weight: 6.03459e-05
eec: 386.173
weight: 4.97328e-05
eec: 50.4598
weight: 0.00288458
eec: 581.682
weight: 9.69943e-06
eec: 1285.86
weight: 0.000771782
eec: 985.581
weight: 1.45083e-05
eec: 484.301
weight: 0.00055341
eec: 342.654
weight: 3.4269e-05
eec: 351.421
weight: 4.41229e-05
eec: 1093.77
weight: 3.70706e-05
eec: 295.696
weight: 0.000131031
eec: 253.113
weight: 5.82456e-06
eec: 2015.33
weight: 2.37242e-05
eec: 307.369
weight: 0.000100593
eec: 463.089
weight: 6.31109e-05
eec: 129.481
weight: 1.78627e-05
eec: 307.839
weight: 3.68525e-05
eec: 255.209
weight: 3.0189e-05
eec: 332.993
weight: 1.95159e-07
eec: 664.761
weight: 2.65945e-05
eec: 564.82
weight: 5.80893e-06
eec: 398.51
weight: 0.000373436
eec: 290.3
weight: 3.57253e-05
eec: 1040.54
weight: 6.78085e-06
eec: 149.159
weight: 1.50021e-05
eec: 863.742
weight: 7.20294e-06
eec: 101.889
weight: 2.20233e-06
eec: 90.0722
weight: 7.32343e-06
eec: 315.387
weight: 0.000360623
eec: 163.29
weight: 1.18316e-05
eec: 233.467
weight: 2.52738e-05
eec: 110.099
weight: 0.000284037
eec: 89.4574
weight: 3.37135e-06
eec: 59.2432
weight: 9.19248e-05
eec: 203.351
weight: 0.000125997
eec: 447.166
weight: 2.52553e-05
eec: 904.438
weight: 3.14652e-05
eec: 456.719
weight: 5.09306e-05
eec: 329.122
weight: 4.34797e-05
eec: 433.176
weight: 0.00221676
eec: 279.918
weight: 2.61437e-05
eec: 1774.13
weight: 0.000295888
eec: 305.235
weight: 4.32418e-05
eec: 955.656
weight: 5.00714e-05
eec: 491.565
weight: 6.35805e-06
eec: 1036.84
weight: 2.04143e-06
eec: 331.74
weight: 5.54311e-06
eec: 270.178
weight: 0.000142647
eec: 25.3304
weight: 1.03548e-05
eec: 188.607
weight: 9.89805e-05
eec: 949.831
weight: 4.58299e-05
eec: 971.389
weight: 1.85562e-05
eec: 1066.92
weight: 0.00022836
eec: 118.126
weight: 9.17957e-05
eec: 636.465
weight: 0.000269758
eec: 330.365
weight: 1.80105e-05
eec: 181.093
weight: 0.00014359
eec: 339.582

ROOT exit code = 0
