gSystem->Load("run_condor_job_Run3_C.so");
run_condor_job_Run3(589, 100, 2,
                    80, 200,
                    1, 1, 1, 5);
.q

ENTERED run_condor_job_Run3()
JOBID = 589
  global job = 589  Job 89/100  events [5340000, 5400000)  total=6000000
Processing events [5340000, 5400000) of 6000000
weight: 7.60436e-06
eec: 106.796
weight: 2.22509e-05
eec: 11.9574
weight: 4.52002e-06
eec: 113.913
weight: 0.000155813
eec: 113.138
weight: 1.79504e-05
eec: 1492.16
weight: 4.96746e-05
eec: 956.001
weight: 0.000133357
eec: 712.58
weight: 2.13687e-06
eec: 672.558
weight: 5.76537e-06
eec: 170.45
weight: 6.25776e-06
eec: 493.514
weight: 2.20511e-05
eec: 128.764
weight: 3.06867e-05
eec: 1822.85
weight: 3.83372e-07
eec: 936.431
weight: 7.78408e-05
eec: 59.6264
weight: 6.06991e-06
eec: 1417.55
weight: 0.000260915
eec: 223.071
weight: 2.76261e-05
eec: 70.633
weight: 1.03106e-05
eec: 120.16
weight: 4.15017e-05
eec: 36.6989
weight: 9.09119e-06
eec: 226.85
weight: 7.37626e-05
eec: 37.3071
weight: 2.16977e-05
eec: 494.567
weight: 0.000169668
eec: 261.628
weight: 1.40814e-07
eec: 127.557
weight: 5.50232e-05
eec: 2835.16
weight: 2.66083e-06
eec: 75.3098
weight: 3.0069e-05
eec: 337.228
weight: 0.000212584
eec: 309.829
weight: 0.000100774
eec: 717.827
weight: 6.14051e-06
eec: 33.1467
weight: 3.87785e-06
eec: 351.758
weight: 7.07859e-07
eec: 2607.43
weight: 4.91194e-05
eec: 1384.86
weight: 4.143e-05
eec: 1119.59
weight: 1.53541e-05
eec: 1156.91
weight: 3.21057e-05
eec: 3136.76
weight: 8.58514e-07
eec: 124.855
weight: 7.43541e-05
eec: 111.157
weight: 4.217e-06
eec: 1505.05
weight: 7.89502e-06
eec: 827.637
weight: 9.57923e-08
eec: 300.566
weight: 0.000237423
eec: 828.98
weight: 3.41194e-05
eec: 327.049
weight: 7.97687e-06
eec: 360.877
Processing: 89.1667 %weight: 7.35624e-05
eec: 176.603
weight: 2.18556e-05
eec: 86.3325
weight: 9.73339e-05
eec: 120.635
weight: 3.60416e-07
eec: 29.2654
weight: 3.44877e-06
eec: 1064.34
weight: 1.00174e-05
eec: 1038.26
weight: 1.52494e-05
eec: 59.1818
weight: 8.57088e-05
eec: 187.448
weight: 4.70121e-06
eec: 540.041
weight: 6.17214e-05
eec: 207.205
weight: 1.40167e-05
eec: 4628.86
weight: 2.57529e-05
eec: 252.137
weight: 2.61506e-05
eec: 536.045
weight: 1.38761e-05
eec: 1053.36
weight: 2.35771e-05
eec: 740.042
weight: 1.01146e-05
eec: 1662.33
weight: 1.576e-05
eec: 1246.37
weight: 0.0010545
eec: 24.5779
weight: 2.6496e-05
eec: 51.0774
weight: 1.01514e-05
eec: 404.446
weight: 7.55648e-05
eec: 1126.92
weight: 0.000201436
eec: 1033.39
weight: 4.31444e-06
eec: 4122.26
weight: 0.000394045
eec: 301.61
weight: 5.78885e-05
eec: 762.846
weight: 3.07859e-05
eec: 206.74
weight: 2.64327e-05
eec: 2187.11
weight: 2.46641e-05
eec: 2118.04
weight: 8.80372e-06
eec: 992.074
weight: 1.31575e-07
eec: 233.331
weight: 1.48904e-06
eec: 1276.92
weight: 1.72698e-05
eec: 203.767
weight: 3.55188e-06
eec: 1802.92
weight: 3.20415e-05
eec: 1220.12
weight: 7.78515e-05
eec: 251.888
weight: 2.99974e-05
eec: 468.78
weight: 0.000420109
eec: 51.8322
weight: 1.77998e-05
eec: 752.21
weight: 8.25714e-06
eec: 483.82
weight: 2.69143e-06
eec: 228.666
weight: 0.000153755
eec: 370.85
weight: 0.000343204
eec: 125.07
weight: 4.83853e-05
eec: 549.225
weight: 1.62749e-05
eec: 35.0908
weight: 2.32347e-07
eec: 116.793
weight: 4.79086e-05
eec: 2163.78
weight: 1.23574e-05
eec: 53.4836
weight: 1.30254e-05
eec: 1303.79
weight: 8.74602e-05
eec: 833.998
weight: 2.20445e-05
eec: 2876.66
weight: 1.92807e-05
eec: 792.001
weight: 0.000133055
eec: 136.167
weight: 0.00018617
eec: 19.505
weight: 4.94533e-07
eec: 42.6385
weight: 0.00016477
eec: 1105.19
weight: 1.20145e-05
eec: 208.508
weight: 4.6208e-05
eec: 1052.51
weight: 0.000116711
eec: 660.607
weight: 3.19692e-05
eec: 659.139
weight: 2.73496e-06
eec: 3303.65
weight: 3.57604e-05
eec: 204.906
weight: 1.80133e-05
eec: 935.381
weight: 1.02238e-05
eec: 759.133
weight: 4.95403e-05
eec: 92.3331
weight: 0.000213376
eec: 400.411
weight: 7.62103e-06
eec: 370.099
weight: 2.39011e-07
eec: 204.385
weight: 2.96809e-05
eec: 815.959
weight: 0.00017235
eec: 141.281
weight: 2.06223e-05
eec: 213.925
weight: 1.3625e-05
eec: 1696.32
weight: 9.4038e-06
eec: 3408.99
weight: 9.32489e-05
eec: 346.491
weight: 8.61601e-06
eec: 85.3406
weight: 2.57809e-05
eec: 320.238
weight: 0.000183725
eec: 852.193
weight: 0.000136333
eec: 777.442
weight: 3.71461e-06
eec: 945.081
weight: 3.48841e-05
eec: 389.758
weight: 1.94353e-05
eec: 340.737
weight: 0.000248125
eec: 76.4165
weight: 4.17933e-06
eec: 2066.08
weight: 0.00010428
eec: 1444.86
weight: 2.91399e-05
eec: 90.505
weight: 9.35899e-06
eec: 724.27
weight: 7.7451e-06
eec: 1078.98
weight: 4.07544e-05
eec: 569.448
weight: 4.49168e-06
eec: 1056.83
weight: 0.000129321
eec: 1265.69
weight: 1.4006e-05
eec: 2139.79
weight: 1.22322e-05
eec: 165.835
weight: 8.28212e-06
eec: 122.012
weight: 2.9527e-05
eec: 108.093
weight: 1.79112e-05
eec: 665.962
weight: 6.36433e-05
eec: 50.6113
weight: 3.41975e-05
eec: 1686.42
weight: 0.000320848
eec: 152.398
weight: 2.79019e-05
eec: 805.153
weight: 1.91576e-05
eec: 618.41
weight: 2.67095e-06
eec: 247.314
weight: 1.48234e-05
eec: 1257.37
weight: 0.00133145
eec: 31.0381
weight: 0.000324921
eec: 355.853
weight: 7.08423e-06
eec: 404.509
weight: 2.81474e-05
eec: 248.061
weight: 7.33287e-06
eec: 345.989
weight: 7.00034e-06
eec: 40.7673
weight: 8.97392e-07
eec: 681.69
weight: 0.000150517
eec: 217.378
weight: 0.00019669
eec: 312.842
weight: 0.000125993
eec: 23.2981
weight: 1.87662e-06
eec: 789.108
weight: 2.58644e-05
eec: 182.484
weight: 9.09854e-06
eec: 101.568
weight: 3.31656e-05
eec: 1004.55
weight: 1.62398e-05
eec: 1567.92
weight: 9.62047e-05
eec: 1650.33
weight: 0.000106075
eec: 197.933
weight: 7.88243e-07
eec: 388.583
weight: 1.01763e-05
eec: 1934.72
weight: 0.000228993
eec: 390.455
weight: 5.28188e-07
eec: 572.242
weight: 7.73147e-06
eec: 931.941
weight: 1.39665e-05
eec: 166.085
weight: 0.000148504
eec: 96.1841
weight: 0.000105116
eec: 686.454
weight: 6.43416e-06
eec: 770.538
weight: 0.00272253
eec: 167.416
weight: 0.000257676
eec: 592.201
weight: 3.53003e-05
eec: 244.198
weight: 0.000625619
eec: 193.706
weight: 3.34027e-07
eec: 229.176
weight: 0.000295934
eec: 305.874
weight: 1.50978e-06
eec: 130.668
weight: 5.57488e-07
eec: 242.151
weight: 2.5286e-05
eec: 1008.49
weight: 0.000160521
eec: 294.992
weight: 6.0959e-06
eec: 206.373
weight: 2.19729e-06
eec: 191.402
weight: 6.56439e-05
eec: 675.293
weight: 4.64374e-07
eec: 115.407
weight: 2.89258e-05
eec: 225.171
weight: 0.000259478
eec: 567.667
weight: 1.24968e-05
eec: 1324.74
weight: 3.05222e-05
eec: 896.715
weight: 6.55168e-06
eec: 562.235
weight: 0.000334741
eec: 1211.86
weight: 3.82579e-05
eec: 357.858
weight: 5.98579e-05
eec: 360.661
weight: 6.83096e-05
eec: 325.479
weight: 9.63266e-07
eec: 120.505
weight: 6.36315e-05
eec: 295.028
weight: 0.000144744
eec: 379.475
weight: 4.64813e-06
eec: 2850.49
weight: 1.76202e-05
eec: 957.618
weight: 3.79942e-05
eec: 1072.79
weight: 6.79574e-06
eec: 616.21
weight: 1.97863e-05
eec: 2361.33
weight: 4.09094e-05
eec: 93.4568
weight: 3.50702e-05
eec: 535.105
weight: 0.00233579
eec: 61.4421
weight: 3.21019e-06
eec: 321.705
weight: 2.76255e-07
eec: 403.273
weight: 0.000274156
eec: 966.444
weight: 3.15614e-06
eec: 1413.76
weight: 3.60562e-05
eec: 577.971
weight: 8.43092e-05
eec: 177.41
weight: 5.13698e-06
eec: 33.7796
weight: 0.000260733
eec: 588.419
weight: 3.58023e-05
eec: 555.869
weight: 1.05419e-06
eec: 386.638
weight: 1.11383e-05
eec: 1418.6
weight: 0.00127182
eec: 128.608
weight: 1.90207e-05
eec: 44.5388
weight: 0.000139574
eec: 73.9209
weight: 1.54299e-05
eec: 500.825
weight: 4.07944e-06
eec: 1568.76
weight: 4.07944e-06
eec: 971.725
weight: 9.86687e-06
eec: 113.107
weight: 9.51435e-05
eec: 257.382
weight: 8.15747e-05
eec: 295.011
weight: 5.49628e-05
eec: 460.827
weight: 4.85547e-07
eec: 64.039
weight: 4.85547e-07
eec: 753.771
weight: 7.15795e-05
eec: 923.107
weight: 3.31486e-06
eec: 943.548
weight: 4.88858e-06
eec: 947.764
weight: 7.73049e-05
eec: 162.565
weight: 1.15067e-05
eec: 290.757
weight: 8.96339e-05
eec: 201.433
weight: 6.20373e-06
eec: 422.032
weight: 1.63674e-05
eec: 136.679
weight: 2.08833e-05
eec: 570.384
weight: 0.000124282
eec: 134.707
weight: 1.0087e-06
eec: 898.227
weight: 1.82499e-05
eec: 302.478
weight: 5.41605e-05
eec: 59.2071
weight: 5.03979e-05
eec: 338.44
weight: 5.84821e-06
eec: 656.462
weight: 3.74489e-05
eec: 918.501
weight: 4.5461e-06
eec: 602.586
weight: 3.17449e-05
eec: 163.01

ROOT exit code = 0
