gSystem->Load("run_condor_job_Run3_C.so");
run_condor_job_Run3(227, 100, 2,
                    80, 200,
                    1, 1, 1, 2);
.q

ENTERED run_condor_job_Run3()
JOBID = 227
  global job = 227  Job 27/100  events [1620000, 1680000)  total=6000000
Processing events [1620000, 1680000) of 6000000
weight: 9.38215e-05
eec: 850.62
weight: 6.83859e-05
eec: 1370.54
weight: 4.55303e-05
eec: 638.519
weight: 3.57069e-07
eec: 95.6768
weight: 3.54696e-06
eec: 93.5616
weight: 0.00131385
eec: 235.674
weight: 1.14613e-05
eec: 122.064
weight: 6.53363e-05
eec: 374.245
weight: 5.92959e-05
eec: 848.375
weight: 3.4376e-05
eec: 120.655
weight: 3.52014e-05
eec: 430.311
weight: 1.91558e-05
eec: 284.92
weight: 1.01563e-05
eec: 81.7256
weight: 3.14414e-05
eec: 512.457
weight: 0.00011953
eec: 399.583
weight: 5.99056e-06
eec: 175.798
weight: 9.38192e-05
eec: 325.726
weight: 0.00016717
eec: 769.391
weight: 1.01001e-05
eec: 216.205
weight: 1.16826e-05
eec: 451.904
weight: 0.000275781
eec: 574.671
weight: 1.85947e-05
eec: 94.6334
weight: 6.161e-08
eec: 214.817
weight: 4.43536e-06
eec: 294.141
weight: 7.91458e-05
eec: 113.215
weight: 1.03523e-05
eec: 1337.67
weight: 3.07003e-06
eec: 207.133
weight: 0.000175838
eec: 225.757
weight: 3.59837e-05
eec: 1825.79
weight: 2.34955e-06
eec: 746.631
weight: 4.05505e-06
eec: 623.764
weight: 3.66068e-06
eec: 11.1018
weight: 2.31512e-05
eec: 988.826
weight: 2.70024e-07
eec: 258.878
weight: 2.14329e-05
eec: 391.053
weight: 8.22916e-06
eec: 169.652
weight: 7.21514e-06
eec: 3248.37
weight: 9.00291e-06
eec: 181.907
weight: 1.91155e-05
eec: 159.53
weight: 1.10285e-05
eec: 43.1684
weight: 0.000271474
eec: 487.013
weight: 3.33262e-06
eec: 1646.81
weight: 1.67871e-05
eec: 26.3322
weight: 4.77591e-06
eec: 352.88
weight: 0.000343068
eec: 69.2677
weight: 9.95139e-06
eec: 291.963
weight: 0.000105215
eec: 548.167
weight: 0.000111016
eec: 200.711
weight: 8.78258e-05
eec: 184.855
weight: 0.000143572
eec: 535.017
weight: 1.90767e-05
eec: 77.3171
weight: 0.000307308
eec: 869.261
weight: 1.92552e-05
eec: 920.649
weight: 0.000898327
eec: 211.71
weight: 1.31709e-05
eec: 621.502
weight: 3.74718e-05
eec: 20.0988
weight: 3.81079e-07
eec: 111.124
weight: 3.85943e-05
eec: 257.193
weight: 8.05555e-06
eec: 329.675
weight: 4.8479e-05
eec: 192.424
weight: 6.08495e-06
eec: 1195.26
weight: 0.000504212
eec: 281.12
weight: 1.16461e-05
eec: 293.546
weight: 2.93103e-05
eec: 105.159
weight: 2.10205e-05
eec: 993.896
weight: 1.88649e-05
eec: 580.717
weight: 6.26262e-05
eec: 575.494
weight: 0.000338203
eec: 256.595
weight: 1.28413e-05
eec: 1241.55
weight: 3.46117e-06
eec: 413.777
weight: 0.000171845
eec: 804.578
weight: 3.02747e-05
eec: 365.573
weight: 6.12889e-05
eec: 665.053
weight: 9.84348e-05
eec: 151.095
weight: 3.65401e-05
eec: 517.343
weight: 1.09074e-05
eec: 896.975
weight: 2.11847e-05
eec: 72.1732
weight: 5.04954e-06
eec: 25.4436
weight: 3.44961e-05
eec: 252.951
weight: 2.57713e-05
eec: 489.183
weight: 9.39872e-06
eec: 822.635
weight: 0.000116214
eec: 549.275
weight: 4.23528e-06
eec: 625.137
weight: 7.51045e-05
eec: 63.9797
weight: 3.41025e-06
eec: 155.7
weight: 0.000483965
eec: 522.158
weight: 4.43491e-06
eec: 258.417
weight: 0.000153143
eec: 807.464
weight: 2.54941e-05
eec: 441.333
weight: 9.01914e-06
eec: 1161.1
weight: 1.25962e-05
eec: 3993.64
weight: 5.54392e-06
eec: 3276.82
weight: 3.33409e-06
eec: 509.023
weight: 0.000183775
eec: 54.7463
weight: 5.57006e-05
eec: 525.51
weight: 9.83477e-05
eec: 754.83
weight: 1.36629e-05
eec: 1556.28
weight: 1.67211e-05
eec: 2430.34
weight: 0.000358727
eec: 119.739
weight: 4.75101e-05
eec: 45.7703
weight: 9.84676e-05
eec: 151.73
weight: 3.0811e-05
eec: 175.251
weight: 9.29265e-05
eec: 584.89
weight: 2.19804e-05
eec: 8.02275
weight: 6.64381e-05
eec: 1139.03
weight: 3.87384e-06
eec: 1385.97
weight: 7.45006e-06
eec: 555.294
weight: 0.000377857
eec: 513.135
weight: 0.000404832
eec: 918.012
weight: 2.48191e-05
eec: 1559.94
weight: 2.19478e-05
eec: 505.461
weight: 1.85169e-05
eec: 1352.44
weight: 4.23344e-05
eec: 14.7327
weight: 5.72281e-05
eec: 254.642
weight: 0.000201365
eec: 330.413
weight: 1.18258e-05
eec: 147.567
weight: 1.28683e-05
eec: 726.134
weight: 1.82386e-05
eec: 627.527
weight: 4.69861e-06
eec: 147.292
weight: 8.3396e-05
eec: 365.595
weight: 3.75051e-05
eec: 205.928
weight: 1.09027e-06
eec: 797.992
weight: 0.000322911
eec: 192.645
weight: 1.75503e-05
eec: 235.334
Processing: 27.5 %weight: 3.96612e-06
eec: 1435.19
weight: 3.96612e-06
eec: 106.018
weight: 1.00179e-05
eec: 543
weight: 0.000360714
eec: 418.338
weight: 6.8978e-06
eec: 1665.15
weight: 8.8931e-06
eec: 202.991
weight: 0.000527813
eec: 25.1122
weight: 2.54846e-06
eec: 17.1205
weight: 7.16993e-07
eec: 202.179
weight: 0.00021973
eec: 301.281
weight: 4.38433e-06
eec: 418.104
weight: 4.83001e-06
eec: 256.689
weight: 2.56203e-05
eec: 1312.9
weight: 1.30982e-05
eec: 923.735
weight: 8.66384e-05
eec: 765.014
weight: 2.14337e-05
eec: 1420.02
weight: 0.000149164
eec: 147.304
weight: 4.35138e-05
eec: 507.157
weight: 2.42648e-05
eec: 184.708
weight: 8.80162e-05
eec: 228.953
weight: 4.30925e-05
eec: 51.234
weight: 0.000725709
eec: 170.013
weight: 3.18701e-05
eec: 350.09
weight: 3.7283e-07
eec: 271.504
weight: 0.000181241
eec: 329.147
weight: 0.000119926
eec: 136.848
weight: 4.08803e-05
eec: 1146.64
weight: 1.18141e-05
eec: 71.6615
weight: 9.10807e-07
eec: 64.7099
weight: 2.7382e-05
eec: 91.1944
weight: 3.63682e-05
eec: 286.35
weight: 9.66404e-05
eec: 11.3995
weight: 1.37267e-05
eec: 438.594
weight: 2.16532e-05
eec: 70.421
weight: 1.25692e-05
eec: 411.43
weight: 2.94752e-05
eec: 1807.55
weight: 0.000863139
eec: 237.992
weight: 0.000122422
eec: 8.07983
weight: 1.54673e-06
eec: 771.38
weight: 7.27077e-06
eec: 94.7295
weight: 2.09997e-06
eec: 193.086
weight: 0.000108406
eec: 223.801
weight: 0.000292812
eec: 81.1414
weight: 3.6014e-05
eec: 89.9739
weight: 0.000178618
eec: 872.264
weight: 1.66845e-05
eec: 1977.48
weight: 0.000160339
eec: 141.867
weight: 9.48544e-05
eec: 288.737
weight: 0.000100485
eec: 806.112
weight: 9.14566e-07
eec: 127.866
weight: 1.77118e-06
eec: 1512.5
weight: 0.00051379
eec: 99.7039
weight: 7.84538e-06
eec: 1392.34
weight: 0.000809695
eec: 236.189
weight: 2.78674e-05
eec: 316.663
weight: 0.00032669
eec: 394.795
weight: 0.000255272
eec: 368.162
weight: 0.000175083
eec: 99.8977
weight: 1.57948e-05
eec: 1567.92
weight: 6.84637e-06
eec: 228.846
weight: 7.62835e-05
eec: 487.61
weight: 4.87781e-05
eec: 493.313
weight: 8.82688e-05
eec: 732.775
weight: 9.73133e-06
eec: 136.062
weight: 6.60245e-05
eec: 677.493
weight: 4.10647e-05
eec: 1091.6
weight: 9.6771e-06
eec: 240.951
weight: 1.2313e-05
eec: 28.7646
weight: 2.39722e-05
eec: 483.324
weight: 0.000139008
eec: 491.408
weight: 2.99115e-05
eec: 501.183
weight: 0.000225248
eec: 117.877
weight: 2.53266e-05
eec: 746.216
weight: 1.01261e-05
eec: 140.375
weight: 2.66122e-05
eec: 435.281
weight: 0.000225313
eec: 374.227
weight: 2.57395e-06
eec: 265.99
weight: 5.57687e-05
eec: 166.721
weight: 7.06529e-05
eec: 811.467
weight: 4.76495e-08
eec: 884.614
weight: 2.80545e-05
eec: 552.421
weight: 5.9245e-05
eec: 132.167
weight: 2.57778e-05
eec: 79.9916
weight: 0.000322572
eec: 97.0419
weight: 2.00344e-05
eec: 224.753
weight: 4.91174e-06
eec: 707.159
weight: 0.000103928
eec: 39.7991
weight: 1.06865e-05
eec: 328.282
weight: 7.71437e-06
eec: 2000.84
weight: 4.28584e-05
eec: 41.3398
weight: 0.000382644
eec: 467.291
weight: 3.75055e-06
eec: 112.38
weight: 2.27551e-08
eec: 678.758
weight: 4.14508e-05
eec: 343.392
weight: 0.000474211
eec: 1419.46
weight: 0.000474211
eec: 1218.8
weight: 2.0156e-06
eec: 314.14
weight: 6.87913e-05
eec: 303.786
weight: 2.1999e-06
eec: 1632.38
weight: 2.07514e-05
eec: 173.502
weight: 9.24338e-06
eec: 344.582
weight: 8.1798e-06
eec: 467.531
weight: 0.000243731
eec: 459.45
weight: 9.22891e-05
eec: 214.873
weight: 1.3778e-05
eec: 1970.73
weight: 7.84611e-07
eec: 73.5335
weight: 4.59741e-05
eec: 279.655
weight: 4.48089e-05
eec: 526.61
weight: 2.15635e-05
eec: 1744.18
weight: 6.67554e-07
eec: 234.148
weight: 2.04902e-05
eec: 243.852
weight: 1.42782e-05
eec: 1140.34
weight: 0.000188723
eec: 214.14
weight: 8.99491e-06
eec: 361.012
weight: 0.000219679
eec: 24.6746
weight: 2.24739e-05
eec: 486.545
weight: 1.53715e-05
eec: 195.517
weight: 1.53715e-05
eec: 78.9773
weight: 9.02443e-05
eec: 146.616
weight: 2.02955e-06
eec: 137.145
weight: 1.23257e-05
eec: 2059.7
weight: 2.31937e-05
eec: 543.098
weight: 2.36982e-05
eec: 254.596
weight: 1.8488e-07
eec: 443.825
weight: 3.97178e-07
eec: 370.111

ROOT exit code = 0
