gSystem->Load("run_condor_job_Run3_C.so");
run_condor_job_Run3(65, 100, 2,
                    80, 200,
                    1, 1, 1, 0);
.q

ENTERED run_condor_job_Run3()
JOBID = 65
  global job = 65  Job 65/100  events [3896100, 3956040)  total=5994000
Processing events [3896100, 3956040) of 5994000
weight: 1.88807e-05
eec: 850.471
weight: 8.20408e-05
eec: 45.7869
weight: 5.50086e-07
eec: 727.225
weight: 4.63868e-05
eec: 346.034
weight: 1.78703e-08
eec: 186.733
weight: 1.38578e-05
eec: 170.049
weight: 1.34928e-05
eec: 2474.72
weight: 0.00072707
eec: 40.7142
weight: 7.91802e-05
eec: 95.9372
weight: 4.52612e-05
eec: 560.291
weight: 4.19775e-05
eec: 787.279
weight: 9.96696e-06
eec: 989.451
weight: 2.2054e-05
eec: 11.9063
Processing: 65.0651 %weight: 1.04751e-05
eec: 1713.19
weight: 8.32999e-05
eec: 263.657
weight: 1.8532e-06
eec: 233.896
weight: 6.74838e-06
eec: 73.2389
weight: 6.51529e-06
eec: 216.954
weight: 1.28304e-07
eec: 353.84
weight: 0.000133687
eec: 1088.05
weight: 3.58597e-05
eec: 165.354
weight: 1.92187e-05
eec: 252.899
weight: 9.7959e-05
eec: 867.359
weight: 2.34266e-07
eec: 309.826
weight: 1.67062e-05
eec: 433.68
weight: 5.14067e-06
eec: 212.308
weight: 6.42722e-08
eec: 1035.37
weight: 7.52636e-06
eec: 508.007
weight: 1.28554e-05
eec: 115.195
weight: 1.2692e-06
eec: 2330.17
weight: 3.37108e-05
eec: 2686.14
weight: 1.51344e-05
eec: 80.7965
weight: 4.39259e-05
eec: 320.861
weight: 9.86204e-05
eec: 726.19
weight: 1.14295e-05
eec: 66.3089
weight: 3.03466e-08
eec: 377.111
weight: 8.54488e-06
eec: 211.64
weight: 8.53382e-06
eec: 826.392
weight: 0.000165868
eec: 1062.95
weight: 9.18163e-06
eec: 3295.49
weight: 2.51496e-05
eec: 534.087
weight: 4.22056e-05
eec: 1361.66
weight: 2.11419e-05
eec: 497.166
weight: 0.00013277
eec: 2989.03
weight: 7.95163e-05
eec: 474.985
weight: 2.5213e-05
eec: 152.656
weight: 7.4793e-06
eec: 382.62
weight: 0.00336692
eec: 21.4983
weight: 0.00029424
eec: 190.105
weight: 2.15415e-05
eec: 198.307
weight: 0.000159777
eec: 361.433
weight: 1.32549e-05
eec: 395.504
weight: 2.96468e-05
eec: 325.372
weight: 8.18444e-06
eec: 1039.45
weight: 3.48085e-05
eec: 755.175
weight: 7.03337e-06
eec: 430.143
weight: 9.53086e-05
eec: 1340.61
weight: 0.000152971
eec: 294.611
weight: 5.28788e-05
eec: 504.569
weight: 1.40122e-05
eec: 902.246
weight: 1.90033e-05
eec: 2456.49
weight: 0.000163665
eec: 183.61
weight: 4.07285e-06
eec: 2193.03
weight: 8.16862e-06
eec: 256.195
weight: 1.5828e-06
eec: 222.057
weight: 0.000128274
eec: 28.8496
weight: 3.45818e-06
eec: 3032.99
weight: 6.49619e-06
eec: 94.4575
weight: 3.83895e-05
eec: 898.605
weight: 1.61576e-05
eec: 437.006
weight: 4.41615e-05
eec: 2309.11
weight: 7.13251e-07
eec: 156.34
weight: 7.13251e-07
eec: 44.5091
weight: 3.97489e-06
eec: 89.0769
weight: 2.59387e-05
eec: 39.6409
weight: 9.17229e-06
eec: 947.387
weight: 0.000235686
eec: 348.024
weight: 0.000279687
eec: 354.045
weight: 8.00565e-05
eec: 890.678
weight: 3.88525e-06
eec: 1418.42
weight: 9.92132e-05
eec: 154.354
weight: 1.79386e-05
eec: 275.424
weight: 0.000333585
eec: 62.4155
weight: 0.000249653
eec: 853.093
weight: 0.000180806
eec: 321.118
weight: 2.91011e-06
eec: 1439.15
weight: 0.000109422
eec: 97.9663
weight: 0.000278205
eec: 541.69
weight: 4.76594e-05
eec: 549.566
weight: 2.84131e-06
eec: 419.554
weight: 0.000136141
eec: 1463.81
weight: 1.31899e-05
eec: 604.456
weight: 1.09594e-06
eec: 1247.65
weight: 2.98837e-06
eec: 3095.47
weight: 0.000729804
eec: 357.85
weight: 0.000211181
eec: 544.059
weight: 4.79799e-06
eec: 685.835
weight: 1.32117e-05
eec: 127.525
weight: 1.38854e-05
eec: 57.9998
weight: 9.82603e-05
eec: 114.518
weight: 0.000155777
eec: 45.0292
weight: 0.000155777
eec: 76.3247
weight: 9.90842e-05
eec: 487.593
weight: 5.45761e-05
eec: 332.081
weight: 0.00128532
eec: 186.882
weight: 5.69052e-05
eec: 36.8449
weight: 1.21861e-05
eec: 751.187
weight: 3.04532e-05
eec: 1126.04
weight: 4.09934e-05
eec: 482.699
weight: 6.36241e-06
eec: 329.364
weight: 9.69246e-05
eec: 389.106
weight: 1.38116e-06
eec: 337.851
weight: 6.01615e-06
eec: 44.2127
weight: 4.4614e-05
eec: 554.965
weight: 0.000324425
eec: 378.341
weight: 5.9765e-06
eec: 757.874
weight: 1.06289e-05
eec: 695.14
weight: 3.79995e-06
eec: 2391.32
weight: 1.39996e-07
eec: 281.574
weight: 1.18837e-05
eec: 731.056
weight: 0.000214156
eec: 403.272
weight: 0.000147194
eec: 45.0609
weight: 1.58228e-06
eec: 3345.75
weight: 0.000233779
eec: 119.93
weight: 7.37845e-06
eec: 1171.04
weight: 2.95613e-06
eec: 149.128
weight: 9.39415e-05
eec: 769.27
weight: 2.39152e-05
eec: 717.909
weight: 0.000493274
eec: 266.357
weight: 4.93461e-06
eec: 27.7663
weight: 6.60542e-06
eec: 273.997
weight: 1.80081e-08
eec: 95.8056
weight: 7.53806e-06
eec: 165.146
weight: 8.64776e-06
eec: 946.95
weight: 4.40942e-05
eec: 392.165
weight: 5.92696e-05
eec: 158.941
weight: 1.35923e-05
eec: 847.495
weight: 0.000216316
eec: 414.183
weight: 0.000277868
eec: 534.171
weight: 4.058e-05
eec: 244.561
weight: 2.93853e-06
eec: 98.4417
weight: 5.93513e-06
eec: 1106.53
weight: 1.073e-05
eec: 158.014
weight: 9.18e-07
eec: 215.638
weight: 0.000178932
eec: 1410.55
weight: 0.000315143
eec: 767.474
weight: 7.82931e-06
eec: 193.437
weight: 1.55552e-06
eec: 292.379
weight: 6.02673e-05
eec: 354.985
weight: 1.90068e-05
eec: 711.691
weight: 4.81976e-07
eec: 701.658
weight: 3.93771e-05
eec: 144.502
weight: 4.97616e-09
eec: 703.464
weight: 1.16276e-05
eec: 60.1847
weight: 3.30951e-05
eec: 250.58
weight: 1.22403e-06
eec: 1187.93
weight: 0.000330575
eec: 519.155
weight: 0.000120421
eec: 234.604
weight: 1.89296e-05
eec: 11.8437
weight: 3.3868e-05
eec: 920.919
weight: 0.00024052
eec: 582.73
weight: 1.17395e-05
eec: 202.336
weight: 2.60927e-05
eec: 41.3891
weight: 0.000132163
eec: 216.292
weight: 3.62714e-05
eec: 336.68
weight: 7.22589e-06
eec: 210.599
weight: 5.10158e-06
eec: 242.349
weight: 1.32738e-05
eec: 135.97
weight: 0.000790891
eec: 193.634
weight: 2.50802e-05
eec: 744.702
weight: 3.25647e-06
eec: 139.748
weight: 2.28559e-05
eec: 87.626
weight: 3.31073e-05
eec: 2498.07
weight: 1.81714e-05
eec: 244.197
weight: 2.76175e-05
eec: 662.589
weight: 3.65297e-05
eec: 1819.06
weight: 6.07429e-05
eec: 51.6528
weight: 2.99864e-06
eec: 355.12
weight: 0.000280629
eec: 826.627
weight: 0.000280629
eec: 391.737
weight: 3.95191e-06
eec: 567.194
weight: 3.57012e-05
eec: 963.341
weight: 4.17457e-07
eec: 91.1679
weight: 0.000152847
eec: 37.6092
weight: 7.11864e-06
eec: 732.474
weight: 4.86724e-05
eec: 21.6161
weight: 5.32721e-05
eec: 613.569
weight: 2.68769e-05
eec: 27.6909
weight: 1.4348e-05
eec: 144.942
weight: 2.47373e-05
eec: 352.715
weight: 1.41443e-05
eec: 1444.91
weight: 2.53791e-06
eec: 108.892
weight: 1.81006e-06
eec: 515.225
weight: 1.27663e-05
eec: 619.655
weight: 5.72875e-07
eec: 52.078
weight: 0.00025079
eec: 309.106
weight: 9.06989e-06
eec: 501.854
weight: 1.15947e-05
eec: 125.511
weight: 0.00024617
eec: 715.406
weight: 0.000202786
eec: 161.124
weight: 3.82355e-06
eec: 516.343
weight: 8.88154e-06
eec: 475.381
weight: 4.14084e-05
eec: 480.574
weight: 9.73789e-05
eec: 148.01
weight: 0.000241023
eec: 80.2934
weight: 2.03629e-05
eec: 801.64
weight: 5.26486e-06
eec: 192.283
weight: 8.46672e-06
eec: 19.3361
weight: 2.32027e-06
eec: 141.604
weight: 7.0538e-05
eec: 541.858
weight: 2.90382e-05
eec: 477.258
weight: 2.90382e-05
eec: 1127.16
weight: 5.62578e-05
eec: 205.497
weight: 5.10685e-05
eec: 520.511
weight: 1.82336e-06
eec: 143.507
weight: 0.000463218
eec: 152.209
weight: 0.000252129
eec: 954.346
weight: 5.52797e-05
eec: 838.317
weight: 1.39847e-05
eec: 1133.51
weight: 2.64633e-06
eec: 3282.86
weight: 6.04698e-05
eec: 700.748
weight: 7.81299e-05
eec: 1139.49
weight: 7.50832e-06
eec: 965.148
weight: 1.21218e-05
eec: 917.354
weight: 6.41355e-05
eec: 212.084
weight: 6.93393e-05
eec: 55.7914
weight: 7.25374e-05
eec: 568.428
weight: 5.26057e-05
eec: 334.029
weight: 0.000106246
eec: 1131.2
weight: 0.000212315
eec: 1204.29
Processing: 65.8992 %weight: 9.58572e-06
eec: 1836.4
weight: 8.30758e-06
eec: 285.149
weight: 7.28009e-06
eec: 732.334
weight: 7.21784e-06
eec: 29.6912
weight: 0.000131495
eec: 298.637
weight: 8.3037e-05
eec: 158.281
weight: 5.71478e-05
eec: 299.456
weight: 2.27527e-05
eec: 723.041
weight: 4.4317e-06
eec: 2900.8
weight: 8.26912e-05
eec: 492.254
weight: 4.78721e-05
eec: 57.6421
weight: 1.83888e-05
eec: 2531.78
weight: 4.32595e-07
eec: 2915.84
weight: 7.76059e-06
eec: 507.375
weight: 0.000391606
eec: 2924.1
weight: 6.30125e-05
eec: 1359.64
weight: 3.14667e-07
eec: 1055.67
weight: 8.99098e-05
eec: 318.865
weight: 8.14283e-06
eec: 654.796
weight: 2.02364e-07
eec: 333.589
weight: 0.000104082
eec: 244.151
weight: 1.22417e-06
eec: 1433.81
weight: 2.22174e-05
eec: 221.562
weight: 8.79124e-05
eec: 123.599
weight: 0.000534946
eec: 690.248
weight: 4.68231e-05
eec: 260.523
weight: 2.19252e-07
eec: 610.92

ROOT exit code = 0
