gSystem->Load("run_condor_job_Run3_C.so");
run_condor_job_Run3(823, 100, 2,
                    80, 200,
                    1, 1, 1, 8);
.q

ENTERED run_condor_job_Run3()
JOBID = 823
  global job = 823  Job 23/100  events [1380000, 1440000)  total=6000000
Processing events [1380000, 1440000) of 6000000
weight: 3.48626e-05
eec: 146.317
weight: 2.62021e-06
eec: 31.7764
weight: 0.000622125
eec: 651.46
weight: 7.47281e-05
eec: 336.25
weight: 9.35236e-06
eec: 93.5312
weight: 6.27717e-05
eec: 534.386
weight: 2.33169e-06
eec: 317.043
weight: 2.1132e-05
eec: 183.917
weight: 0.000122661
eec: 477.535
weight: 9.23844e-07
eec: 239.855
weight: 3.35335e-05
eec: 145.06
weight: 0.00015073
eec: 268.031
weight: 2.42425e-05
eec: 77.6686
weight: 0.000113195
eec: 1184.12
weight: 2.1474e-05
eec: 497.828
weight: 1.88941e-05
eec: 1917.86
weight: 1.67965e-05
eec: 307.173
weight: 5.15935e-06
eec: 676.555
weight: 2.70984e-06
eec: 634.027
weight: 3.31423e-06
eec: 14.6445
weight: 4.11925e-05
eec: 1782.63
weight: 7.48755e-06
eec: 1697.4
weight: 0.000134352
eec: 1104.78
weight: 0.000115972
eec: 983.533
weight: 5.65027e-05
eec: 360.696
weight: 2.6403e-05
eec: 739.124
weight: 0.000112861
eec: 290.316
weight: 1.51364e-05
eec: 242.422
weight: 0.000143436
eec: 185.081
weight: 1.0133e-05
eec: 538.833
weight: 1.26935e-05
eec: 878.606
weight: 1.40674e-05
eec: 210.984
weight: 4.83044e-07
eec: 4037.13
weight: 1.69828e-05
eec: 1547.5
weight: 1.08117e-05
eec: 179.984
weight: 0.00010663
eec: 1880.71
weight: 5.08278e-05
eec: 1969.95
weight: 4.71105e-05
eec: 210.251
weight: 9.6655e-06
eec: 391.095
weight: 8.70637e-05
eec: 20.6656
weight: 1.43468e-05
eec: 272.96
weight: 1.68964e-06
eec: 37.43
weight: 1.81365e-05
eec: 14.4004
weight: 3.01855e-06
eec: 779.416
weight: 0.000154926
eec: 246.356
weight: 0.000677297
eec: 200.934
weight: 7.47181e-06
eec: 179.632
weight: 9.31502e-05
eec: 334.077
weight: 2.08824e-06
eec: 228.818
weight: 0.000162909
eec: 159.668
weight: 1.30469e-06
eec: 130.716
weight: 0.000170949
eec: 370.455
weight: 0.000370457
eec: 141.632
weight: 2.2849e-05
eec: 516.963
weight: 1.23909e-05
eec: 21.3132
weight: 4.34966e-05
eec: 1912.13
weight: 9.82064e-06
eec: 168.196
weight: 6.71661e-05
eec: 354.439
weight: 6.02975e-05
eec: 347.626
weight: 5.57146e-05
eec: 1519
weight: 9.00125e-06
eec: 227.565
weight: 4.56302e-07
eec: 2396.83
weight: 4.47741e-05
eec: 156.532
weight: 4.06776e-06
eec: 40.2093
weight: 0.000133035
eec: 200.107
weight: 3.2729e-05
eec: 331.634
weight: 0.000272874
eec: 204.642
weight: 0.00106026
eec: 178.303
weight: 1.93343e-05
eec: 56.4972
weight: 7.8258e-06
eec: 161.907
weight: 0.000182349
eec: 535.457
Processing: 23.3333 %weight: 1.03117e-05
eec: 973.271
weight: 1.3371e-06
eec: 1437.51
weight: 0.000104389
eec: 615.973
weight: 4.27128e-05
eec: 870.32
weight: 3.85257e-05
eec: 119.847
weight: 2.45659e-05
eec: 251.166
weight: 3.60265e-06
eec: 255.999
weight: 3.67769e-07
eec: 248.392
weight: 0.00011661
eec: 133.802
weight: 7.24505e-07
eec: 107.837
weight: 4.13331e-05
eec: 152.369
weight: 1.17157e-05
eec: 174.17
weight: 1.08208e-07
eec: 212.26
weight: 8.26991e-06
eec: 36.3068
weight: 5.29961e-07
eec: 548.983
weight: 0.00190427
eec: 184.34
weight: 0.000171435
eec: 439.401
weight: 2.00533e-06
eec: 237.858
weight: 4.12053e-05
eec: 87.3684
weight: 2.62706e-06
eec: 668.132
weight: 0.000155506
eec: 626.651
weight: 0.000245116
eec: 603.81
weight: 4.6293e-05
eec: 1089.67
weight: 1.99003e-05
eec: 635.333
weight: 5.26194e-05
eec: 1565.69
weight: 5.92884e-07
eec: 280.85
weight: 9.09866e-05
eec: 58.6085
weight: 0.000332414
eec: 73.8848
weight: 0.000588502
eec: 124.239
weight: 1.59656e-06
eec: 642.938
weight: 7.9948e-06
eec: 493.298
weight: 1.99058e-08
eec: 1146.69
weight: 1.12719e-05
eec: 36.6919
weight: 6.16998e-05
eec: 1478.38
weight: 1.50835e-05
eec: 65.3754
weight: 7.22798e-05
eec: 932.892
weight: 3.95455e-05
eec: 584.818
weight: 9.09811e-05
eec: 609.947
weight: 8.98657e-06
eec: 838.254
weight: 0.000308817
eec: 1165.52
weight: 7.12707e-05
eec: 37.2973
weight: 0.000226928
eec: 101.147
weight: 6.80391e-05
eec: 2908.49
weight: 4.70771e-05
eec: 460.603
weight: 1.86258e-05
eec: 467.799
weight: 2.93228e-05
eec: 394.52
weight: 1.99604e-06
eec: 529.301
weight: 2.21637e-06
eec: 72.6091
weight: 0.000295004
eec: 390.106
weight: 7.34417e-06
eec: 355.054
weight: 0.000217189
eec: 218.827
weight: 0.000543931
eec: 659.346
weight: 0.000323692
eec: 1894.18
weight: 1.64261e-05
eec: 1618.1
weight: 0.000331333
eec: 455.993
weight: 0.000240506
eec: 246.933
weight: 5.37958e-05
eec: 411.869
weight: 0.000199073
eec: 317.685
weight: 9.70429e-05
eec: 4.67578
weight: 8.90277e-06
eec: 32.9598
weight: 3.50388e-05
eec: 278.829
weight: 0.000264382
eec: 755.07
weight: 8.20568e-06
eec: 501.524
weight: 8.84644e-05
eec: 36.5387
weight: 4.47304e-06
eec: 197.445
weight: 1.56514e-06
eec: 1149.13
weight: 0.000147545
eec: 314.622
weight: 4.30296e-05
eec: 223.905
weight: 5.07965e-05
eec: 67.7286
weight: 5.95033e-06
eec: 1579.13
weight: 4.86632e-05
eec: 314.364
weight: 8.84921e-06
eec: 2204.41
weight: 4.19872e-06
eec: 191.69
weight: 4.46337e-05
eec: 161.394
weight: 0.000193638
eec: 423.148
weight: 3.11856e-05
eec: 76.4399
weight: 0.00020637
eec: 1186.06
weight: 0.000184165
eec: 120.06
weight: 0.000207837
eec: 113.903
weight: 2.16839e-07
eec: 432.495
weight: 1.37372e-05
eec: 455.169
weight: 6.08051e-06
eec: 521.027
weight: 0.000104055
eec: 271.805
weight: 6.7946e-05
eec: 530.435
weight: 1.22071e-06
eec: 455.52
weight: 4.69092e-05
eec: 62.6532
weight: 8.41685e-06
eec: 45.3291
weight: 2.03336e-06
eec: 2320.99
weight: 2.09616e-05
eec: 534.575
weight: 1.97933e-05
eec: 207.833
weight: 1.63938e-06
eec: 1992.36
weight: 0.000107971
eec: 148.422
weight: 1.93456e-05
eec: 642.589
weight: 2.30536e-05
eec: 792.944
weight: 4.80611e-06
eec: 342.947
weight: 7.12589e-05
eec: 202.561
weight: 0.000141328
eec: 377.91
weight: 1.71137e-05
eec: 270.209
weight: 2.50037e-05
eec: 929.159
weight: 2.19767e-05
eec: 283.001
weight: 8.558e-06
eec: 847.556
weight: 2.1718e-05
eec: 626.783
weight: 7.0117e-05
eec: 751.365
weight: 6.89256e-05
eec: 223.03
weight: 2.33132e-05
eec: 92.0476
weight: 4.77962e-06
eec: 249.932
weight: 2.05706e-06
eec: 222.534
weight: 6.42689e-05
eec: 520.318
weight: 9.66156e-07
eec: 1453.42
weight: 2.32762e-06
eec: 1138.34
weight: 2.91048e-05
eec: 557.072
weight: 4.91271e-06
eec: 893.665
weight: 1.70173e-06
eec: 2250.19
weight: 2.00371e-05
eec: 96.3903
weight: 2.6067e-05
eec: 1424.05
weight: 2.12318e-05
eec: 224.215
weight: 2.14328e-06
eec: 211.643
weight: 2.00577e-07
eec: 920.261
weight: 7.35408e-06
eec: 101.437
weight: 1.57265e-05
eec: 679.433
weight: 1.55925e-05
eec: 474.519
weight: 1.79163e-06
eec: 185.527
weight: 4.22552e-06
eec: 646.527
weight: 0.000125819
eec: 177.896
weight: 1.04988e-05
eec: 1227.04
weight: 0.000860224
eec: 505.982
weight: 4.03662e-06
eec: 722.344
weight: 7.11697e-07
eec: 158.584
weight: 2.54499e-05
eec: 209.933
weight: 3.74205e-05
eec: 1817.11
weight: 0.000164451
eec: 35.2048
weight: 5.35481e-05
eec: 148.519
weight: 6.3995e-05
eec: 1073.66
weight: 0.000760884
eec: 41.4792
weight: 5.43336e-05
eec: 201.529
weight: 4.26789e-05
eec: 475.722
weight: 1.15131e-05
eec: 814.086
weight: 8.79668e-06
eec: 1259.47
weight: 6.72179e-05
eec: 701.508
weight: 1.16645e-06
eec: 1064.42
weight: 1.93108e-05
eec: 111.546
weight: 0.000444571
eec: 65.1978
weight: 3.80085e-07
eec: 2047.25
weight: 4.95261e-05
eec: 847.07
weight: 1.09582e-07
eec: 840.097
weight: 0.000470431
eec: 294.478
weight: 1.38054e-05
eec: 965.582
weight: 1.63351e-06
eec: 970.749
weight: 5.97922e-06
eec: 211.056

ROOT exit code = 0
