gSystem->Load("run_condor_job_Run3_C.so");
run_condor_job_Run3(846, 100, 2,
                    80, 200,
                    1, 1, 1, 8);
.q

ENTERED run_condor_job_Run3()
JOBID = 846
  global job = 846  Job 46/100  events [2760000, 2820000)  total=6000000
Processing events [2760000, 2820000) of 6000000
weight: 0.0001861
eec: 1190.71
weight: 0.000251269
eec: 144.045
weight: 6.99759e-05
eec: 11.2294
weight: 1.4863e-05
eec: 1330.5
weight: 3.1203e-05
eec: 571.031
weight: 7.82969e-08
eec: 118.503
weight: 0.000327144
eec: 559.971
weight: 1.79368e-05
eec: 38.2381
weight: 2.49699e-05
eec: 475.255
weight: 5.23496e-05
eec: 216.833
weight: 0.000193403
eec: 362.648
weight: 6.02368e-05
eec: 646.496
weight: 5.67612e-06
eec: 827.246
weight: 5.24484e-06
eec: 760.201
weight: 1.83775e-06
eec: 516.339
weight: 5.4079e-06
eec: 1382.27
weight: 8.82604e-06
eec: 255.555
weight: 9.93051e-05
eec: 98.4004
weight: 0.000609863
eec: 36.2999
weight: 3.26189e-05
eec: 108.058
weight: 0.000118455
eec: 397.84
weight: 2.19535e-06
eec: 38.3985
weight: 2.05945e-05
eec: 200.54
weight: 4.42399e-05
eec: 1192.41
weight: 8.15046e-06
eec: 814.504
weight: 2.99954e-05
eec: 743.356
weight: 0.000522338
eec: 609.83
weight: 4.97058e-05
eec: 690.278
weight: 6.68196e-05
eec: 180.445
weight: 1.21634e-07
eec: 116.243
weight: 2.86289e-05
eec: 1640.29
weight: 8.14383e-05
eec: 29.7181
weight: 5.83525e-06
eec: 1800.77
weight: 2.83016e-05
eec: 650.359
weight: 8.07488e-05
eec: 99.8398
weight: 5.17552e-06
eec: 775.096
weight: 1.44093e-06
eec: 183.805
weight: 3.90186e-06
eec: 192.075
weight: 1.04654e-05
eec: 993.14
weight: 0.000674083
eec: 277.042
weight: 1.31278e-05
eec: 2246.12
weight: 2.43913e-06
eec: 136.587
weight: 0.000183831
eec: 373.979
weight: 9.87471e-07
eec: 450.323
weight: 1.22674e-05
eec: 32.4495
weight: 7.50218e-05
eec: 184.317
weight: 0.000167711
eec: 306.607
weight: 2.17255e-05
eec: 248.884
weight: 1.17697e-06
eec: 118.962
weight: 3.09433e-05
eec: 811.267
weight: 4.84669e-07
eec: 928.831
weight: 2.44317e-05
eec: 1419.28
weight: 2.74693e-05
eec: 224.109
weight: 9.75001e-05
eec: 621.314
weight: 1.22057e-07
eec: 86.4615
weight: 1.22057e-07
eec: 607.689
weight: 3.30287e-05
eec: 245.82
weight: 6.21982e-05
eec: 202.246
weight: 9.41459e-06
eec: 1125.48
weight: 0.000123465
eec: 81.5676
weight: 1.33705e-05
eec: 101.186
weight: 3.90377e-05
eec: 1301.92
weight: 6.64351e-05
eec: 531.704
weight: 9.76165e-05
eec: 849.932
weight: 5.22277e-06
eec: 880.736
weight: 0.000189286
eec: 265.872
weight: 7.45049e-06
eec: 1476.5
weight: 2.11409e-06
eec: 380.169
weight: 6.66809e-05
eec: 237.9
weight: 3.41911e-06
eec: 153.671
weight: 9.32186e-08
eec: 474.215
weight: 0.00022797
eec: 209.021
weight: 5.351e-06
eec: 189.188
weight: 0.00019061
eec: 120.755
weight: 5.39312e-05
eec: 131.923
weight: 8.62788e-06
eec: 106.821
weight: 1.97384e-05
eec: 798.822
weight: 1.22029e-05
eec: 3363.3
weight: 4.77542e-08
eec: 97.5885
weight: 0.000103984
eec: 61.6613
weight: 0.000109327
eec: 131.535
weight: 7.2916e-05
eec: 41.6164
weight: 5.74437e-06
eec: 582.443
weight: 4.65929e-05
eec: 1652.91
weight: 5.59445e-05
eec: 1982.85
weight: 3.53156e-06
eec: 207.126
weight: 1.54715e-06
eec: 1674.97
weight: 3.38846e-05
eec: 127.616
weight: 0.000194399
eec: 440.928
weight: 4.19546e-05
eec: 1767.17
weight: 3.24004e-06
eec: 349.626
weight: 6.39726e-05
eec: 150.654
weight: 0.000497131
eec: 207.98
weight: 9.21766e-05
eec: 376.865
weight: 0.000150629
eec: 412.238
weight: 5.57245e-05
eec: 328.339
weight: 1.5078e-05
eec: 1255.49
weight: 2.59712e-05
eec: 180.718
weight: 2.76173e-05
eec: 703.232
weight: 2.52799e-05
eec: 72.1247
weight: 1.44985e-05
eec: 1467.84
weight: 1.73542e-06
eec: 148.722
weight: 1.69308e-05
eec: 283.23
weight: 2.11689e-05
eec: 280.089
weight: 7.36272e-06
eec: 207.79
weight: 6.08849e-06
eec: 244.492
weight: 0.000170403
eec: 143.228
weight: 2.37643e-05
eec: 494.906
weight: 3.34862e-05
eec: 47.4378
weight: 1.07414e-05
eec: 1469.69
weight: 4.95354e-05
eec: 155.371
weight: 3.34617e-05
eec: 780.12
weight: 0.000598736
eec: 485.899
weight: 2.28279e-05
eec: 356.45
weight: 1.60609e-06
eec: 767.615
weight: 1.72228e-05
eec: 1231.6
weight: 0.000287149
eec: 309.777
weight: 5.0065e-05
eec: 263.456
weight: 6.63372e-06
eec: 1613.8
weight: 0.000139408
eec: 285.31
weight: 1.23443e-05
eec: 870.124
weight: 9.73011e-05
eec: 750.541
weight: 2.68814e-05
eec: 47.9684
weight: 6.57214e-05
eec: 507.924
weight: 1.58444e-05
eec: 291.537
weight: 0.000224245
eec: 270.686
weight: 1.10646e-05
eec: 1190.99
weight: 9.66746e-05
eec: 538.694
weight: 0.000121676
eec: 207.98
weight: 8.12028e-05
eec: 711.841
weight: 6.03175e-06
eec: 705.617
weight: 5.45595e-05
eec: 274.808
weight: 0.000111244
eec: 142.884
weight: 1.65048e-05
eec: 3708.76
weight: 1.46838e-05
eec: 843.289
weight: 1.72689e-05
eec: 327.925
weight: 5.87871e-05
eec: 1082.44
weight: 1.04169e-06
eec: 194.01
weight: 1.50989e-05
eec: 144.489
weight: 9.16618e-06
eec: 255.343
weight: 1.63464e-07
eec: 57.3633
weight: 1.81161e-05
eec: 595.604
weight: 1.13832e-06
eec: 608.477
weight: 9.14559e-07
eec: 1494.14
weight: 0.000264238
eec: 38.6148
weight: 2.2137e-06
eec: 1717.67
weight: 1.64638e-05
eec: 245.697
weight: 4.90632e-05
eec: 39.8814
weight: 8.04351e-06
eec: 263.284
weight: 8.14753e-05
eec: 531.125
weight: 2.31347e-05
eec: 208.219
weight: 0.000213595
eec: 929.802
weight: 1.29578e-05
eec: 681.028
weight: 2.92794e-06
eec: 356.265
weight: 3.5297e-05
eec: 11.3804
weight: 1.16586e-05
eec: 1040.26
weight: 0.000646918
eec: 619.7
weight: 7.62444e-06
eec: 3321.43
weight: 7.58334e-08
eec: 351.193
weight: 1.97173e-05
eec: 435.025
weight: 4.59416e-05
eec: 499.771
weight: 2.94299e-05
eec: 575.297
weight: 3.38393e-05
eec: 373.998
weight: 0.000126525
eec: 58.8049
weight: 4.52373e-05
eec: 403.271
weight: 2.15363e-05
eec: 20.7894
weight: 9.84654e-06
eec: 134.751
weight: 2.04639e-05
eec: 60.7562
weight: 9.81627e-06
eec: 124.287
weight: 1.78352e-05
eec: 1626
weight: 3.37396e-06
eec: 148.155
Processing: 46.6667 %weight: 9.83188e-05
eec: 423.028
weight: 0.00033402
eec: 75.2308
weight: 1.24215e-05
eec: 220.823
weight: 0.000179191
eec: 414.631
weight: 8.24106e-06
eec: 417.202
weight: 9.92789e-06
eec: 1543.8
weight: 1.72408e-05
eec: 603.929
weight: 3.39325e-07
eec: 1097.34
weight: 0.000760413
eec: 483.838
weight: 2.8957e-05
eec: 305.093
weight: 7.17517e-07
eec: 318.911
weight: 2.15908e-05
eec: 566.312
weight: 1.43343e-05
eec: 322.189
weight: 6.3698e-07
eec: 893.224
weight: 8.84472e-06
eec: 187.358
weight: 1.61545e-05
eec: 68.0583
weight: 0.000357232
eec: 173.712
weight: 0.000537325
eec: 314.333
weight: 5.6411e-07
eec: 1570.29
weight: 1.50278e-05
eec: 82.3924
weight: 4.00078e-05
eec: 1122.45
weight: 1.36347e-05
eec: 227.451
weight: 9.42418e-06
eec: 468.228
weight: 7.52984e-06
eec: 148.928
weight: 0.000208695
eec: 980.87
weight: 8.01844e-06
eec: 20.1128
weight: 0.000334065
eec: 173.291
weight: 0.000106334
eec: 293.84
weight: 2.23585e-05
eec: 135.868
weight: 8.40579e-05
eec: 57.0508
weight: 2.26724e-06
eec: 204.608
weight: 3.47267e-06
eec: 601.836
weight: 8.41437e-06
eec: 673.268
weight: 1.49316e-06
eec: 614.427
weight: 8.85808e-05
eec: 82.9033
weight: 6.4012e-05
eec: 161.405
weight: 9.25029e-07
eec: 728.507
weight: 0.000151321
eec: 339.377
weight: 4.52285e-05
eec: 1368.28
weight: 1.2676e-06
eec: 16.4645
weight: 3.20788e-05
eec: 1264.05
weight: 0.000104724
eec: 12.3116
weight: 3.47485e-05
eec: 382.874
weight: 6.69023e-06
eec: 803.78
weight: 0.000671157
eec: 443.09
weight: 6.2316e-05
eec: 449.026
weight: 0.000289178
eec: 429.997
weight: 2.25074e-05
eec: 1218.86
weight: 4.6044e-07
eec: 69.1999
weight: 1.06104e-05
eec: 405.808
weight: 1.78519e-05
eec: 213.181
weight: 7.56434e-06
eec: 1517.37
weight: 2.79633e-06
eec: 236.288
weight: 0.000201054
eec: 204.077
weight: 8.40799e-05
eec: 115.545
weight: 0.000141827
eec: 464.765
weight: 0.000437856
eec: 144.265
weight: 1.73653e-05
eec: 882.634
weight: 2.95762e-07
eec: 501.316
weight: 0.000178405
eec: 281.184
weight: 0.000192406
eec: 1469.07
weight: 1.31147e-05
eec: 33.5543
weight: 2.74185e-05
eec: 295.988
weight: 2.80855e-05
eec: 359.26
weight: 0.000207871
eec: 126.048
weight: 1.44686e-05
eec: 1071.12
weight: 1.19684e-05
eec: 385.091
weight: 8.92634e-05
eec: 211.976
weight: 3.32769e-05
eec: 10.2996
weight: 1.51561e-05
eec: 1238.57
weight: 3.32847e-05
eec: 666.672
weight: 0.000121222
eec: 94.3753
weight: 2.00778e-05
eec: 895.636
weight: 2.28059e-05
eec: 1464.81
weight: 0.000129746
eec: 161.241
weight: 4.3681e-05
eec: 165.741
weight: 1.72408e-05
eec: 641.362
weight: 0.000239997
eec: 27.7142
weight: 9.49743e-05
eec: 52.0567
weight: 5.61527e-05
eec: 701.158
weight: 3.63756e-05
eec: 192.008
weight: 7.21975e-06
eec: 112.57
weight: 4.30031e-06
eec: 713.397
weight: 1.45765e-05
eec: 2910.32
weight: 2.13052e-05
eec: 1549.84
weight: 5.29905e-06
eec: 1245.53
weight: 1.83869e-05
eec: 206.699
weight: 0.000277342
eec: 788.061
weight: 3.63343e-05
eec: 399.15
weight: 9.02968e-05
eec: 40.5414
weight: 1.37251e-05
eec: 514.907
weight: 8.61908e-05
eec: 348.721
weight: 0.000178874
eec: 722.15
weight: 3.43079e-05
eec: 662.197
weight: 3.08204e-05
eec: 2100.24
weight: 1.97449e-05
eec: 263.385
weight: 4.98887e-06
eec: 198.557
weight: 6.91079e-05
eec: 248.638
weight: 2.66913e-06
eec: 1803.42
weight: 6.07222e-05
eec: 153.88
weight: 8.5195e-06
eec: 437.935
weight: 2.61702e-05
eec: 633.069
weight: 0.00012621
eec: 209.113
weight: 8.2836e-06
eec: 1101.73
weight: 6.03239e-07
eec: 312.256
weight: 2.09414e-07
eec: 763.087

ROOT exit code = 0
