gSystem->Load("run_condor_job_Run3_C.so");
run_condor_job_Run3(343, 100, 2,
                    80, 200,
                    1, 1, 1, 3);
.q

ENTERED run_condor_job_Run3()
JOBID = 343
  global job = 343  Job 43/100  events [2580000, 2640000)  total=6000000
Processing events [2580000, 2640000) of 6000000
weight: 6.79623e-05
eec: 390.503
weight: 5.4065e-05
eec: 189.291
weight: 9.25302e-06
eec: 497.637
weight: 0.000142487
eec: 143.981
weight: 4.63591e-06
eec: 245.205
weight: 9.23915e-05
eec: 326.53
weight: 1.31389e-05
eec: 446.735
weight: 1.65948e-05
eec: 180.965
weight: 3.47409e-05
eec: 399.436
weight: 0.00259011
eec: 457.271
weight: 9.08519e-06
eec: 335.524
weight: 1.06229e-05
eec: 340.183
weight: 3.3301e-06
eec: 112.443
weight: 7.63548e-05
eec: 334.928
weight: 3.00011e-05
eec: 45.2953
weight: 8.21783e-05
eec: 300.029
weight: 2.61823e-05
eec: 441.388
weight: 3.28751e-06
eec: 206.535
weight: 1.44871e-05
eec: 202.478
weight: 3.39931e-05
eec: 1208.48
weight: 3.23489e-05
eec: 21.7611
weight: 0.000104135
eec: 107.482
weight: 3.65283e-06
eec: 1054.18
weight: 4.20205e-06
eec: 256.356
weight: 1.74793e-05
eec: 59.3994
weight: 1.30079e-05
eec: 1381.1
weight: 6.39291e-06
eec: 2015.84
weight: 3.52764e-06
eec: 912.475
weight: 0.000120697
eec: 47.6571
weight: 0.000283568
eec: 547.34
weight: 4.77698e-06
eec: 288.953
weight: 0.000179167
eec: 29.7078
weight: 8.34235e-06
eec: 1098.47
weight: 1.48978e-06
eec: 238.855
weight: 2.07902e-05
eec: 854.265
weight: 0.000106068
eec: 599.469
weight: 0.00014846
eec: 742.029
weight: 0.000654215
eec: 1442.14
weight: 7.73227e-06
eec: 182.58
weight: 2.6634e-05
eec: 96.4464
weight: 3.55953e-05
eec: 843.367
weight: 3.01803e-05
eec: 187.87
weight: 6.35845e-08
eec: 411.606
weight: 0.000203273
eec: 98.8243
weight: 9.30981e-06
eec: 689.558
weight: 2.0614e-05
eec: 1072.3
weight: 7.63025e-06
eec: 82.2037
weight: 8.86827e-06
eec: 101.628
weight: 1.23146e-05
eec: 206.084
weight: 1.60122e-06
eec: 309.401
weight: 2.02241e-06
eec: 278.026
weight: 5.49577e-05
eec: 843.514
weight: 1.52065e-05
eec: 364.999
weight: 4.90447e-05
eec: 89.7399
weight: 5.28868e-05
eec: 267.614
weight: 9.2362e-07
eec: 790.382
weight: 3.66019e-05
eec: 265.472
weight: 2.4859e-05
eec: 594.04
weight: 6.65137e-06
eec: 150.882
weight: 7.55275e-05
eec: 110.086
weight: 3.56249e-05
eec: 25.3369
weight: 2.44337e-05
eec: 1481.84
weight: 5.93849e-05
eec: 757.9
weight: 4.13367e-06
eec: 608.443
weight: 4.09671e-07
eec: 687.438
weight: 0.00452004
eec: 174.2
weight: 0.000721197
eec: 226.381
weight: 3.31542e-05
eec: 15.321
weight: 2.01789e-05
eec: 543.131
weight: 0.000411481
eec: 509.086
weight: 1.76421e-05
eec: 187.892
Processing: 43.3333 %weight: 4.63453e-05
eec: 465.35
weight: 8.71062e-07
eec: 14.8803
weight: 0.000222884
eec: 242.673
weight: 2.44338e-08
eec: 1425.67
weight: 0.000100043
eec: 861.683
weight: 1.2464e-05
eec: 121.288
weight: 9.1579e-06
eec: 30.9376
weight: 4.75892e-05
eec: 124.445
weight: 0.00031432
eec: 455.935
weight: 3.17332e-05
eec: 1241.18
weight: 6.04044e-05
eec: 362.188
weight: 7.19804e-06
eec: 1212.71
weight: 9.03752e-06
eec: 992.332
weight: 0.000397648
eec: 731.216
weight: 0.000459315
eec: 53.8307
weight: 0.000910536
eec: 190.209
weight: 0.000204971
eec: 45.3499
weight: 0.000140794
eec: 27.5208
weight: 1.91347e-05
eec: 504.062
weight: 1.24679e-06
eec: 1160.79
weight: 6.49607e-05
eec: 669.996
weight: 7.22203e-05
eec: 624.298
weight: 4.6074e-06
eec: 97.4013
weight: 3.73929e-05
eec: 99.8956
weight: 1.66645e-05
eec: 145.97
weight: 0.000123953
eec: 404.614
weight: 8.38618e-06
eec: 178.245
weight: 2.54411e-05
eec: 220.699
weight: 2.82657e-06
eec: 1064.91
weight: 9.09802e-06
eec: 702.293
weight: 1.33944e-05
eec: 1548.64
weight: 3.99536e-05
eec: 418.92
weight: 1.33061e-05
eec: 348.23
weight: 5.17743e-06
eec: 2218.7
weight: 1.08135e-06
eec: 32.1617
weight: 7.22775e-06
eec: 577.118
weight: 3.70989e-05
eec: 413.095
weight: 1.33413e-05
eec: 418.591
weight: 8.06212e-05
eec: 286.973
weight: 2.1247e-05
eec: 3157.48
weight: 0.000105434
eec: 830.045
weight: 1.78085e-06
eec: 77.4569
weight: 5.54247e-05
eec: 51.8656
weight: 1.8282e-05
eec: 2852.64
weight: 4.32053e-08
eec: 84.8731
weight: 1.94252e-05
eec: 106.689
weight: 2.3708e-05
eec: 1764.23
weight: 7.03194e-06
eec: 59.3803
weight: 1.78231e-05
eec: 238.492
weight: 6.89261e-05
eec: 10.4483
weight: 1.00146e-05
eec: 71.5568
weight: 0.000189516
eec: 228.833
weight: 0.000751768
eec: 198.033
weight: 6.39611e-05
eec: 294.431
weight: 0.000106897
eec: 1023.79
weight: 4.43867e-05
eec: 1772.22
weight: 0.000108482
eec: 310.108
weight: 2.55213e-05
eec: 382.35
weight: 1.25208e-06
eec: 1249.35
weight: 0.000145719
eec: 671.213
weight: 4.50013e-05
eec: 100.659
weight: 0.000502257
eec: 734.158
weight: 9.91943e-07
eec: 349.786
weight: 3.36751e-05
eec: 66.2767
weight: 3.72447e-05
eec: 291.377
weight: 3.59922e-06
eec: 329.541
weight: 1.05929e-05
eec: 168.912
weight: 0.000189198
eec: 37.3298
weight: 2.4703e-06
eec: 1324.59
weight: 9.37122e-06
eec: 383.108
weight: 0.000164981
eec: 77.8586
weight: 0.000427388
eec: 628.824
weight: 7.13669e-07
eec: 350.019
weight: 2.95177e-05
eec: 557.4
weight: 7.10259e-07
eec: 1062.88
weight: 5.98196e-05
eec: 769.641
weight: 5.13631e-05
eec: 76.2344
weight: 5.77972e-06
eec: 415.913
weight: 9.57255e-05
eec: 103.532
weight: 0.000186484
eec: 144.516
weight: 2.45943e-05
eec: 655.603
weight: 2.45943e-05
eec: 331.375
weight: 0.000101054
eec: 1064.24
weight: 5.59373e-05
eec: 605.688
weight: 8.5093e-05
eec: 942.112
weight: 8.94814e-06
eec: 488.417
weight: 9.51534e-05
eec: 149.135
weight: 7.86534e-06
eec: 265.017
weight: 1.07826e-05
eec: 175.706
weight: 6.50941e-06
eec: 213.041
weight: 3.27593e-06
eec: 834.083
weight: 1.36908e-05
eec: 20.8275
weight: 0.000106584
eec: 1288.77
weight: 2.1747e-06
eec: 1927.24
weight: 0.00119697
eec: 45.278
weight: 5.55284e-06
eec: 186.143
weight: 0.000261866
eec: 125.209
weight: 6.26486e-05
eec: 174.783
weight: 6.26486e-05
eec: 1039.07
weight: 1.47826e-08
eec: 1829.51
weight: 9.20355e-06
eec: 31.8001
weight: 3.34838e-06
eec: 2090.22
weight: 0.000144594
eec: 147.597
weight: 2.36535e-06
eec: 88.6226
weight: 4.75969e-06
eec: 735.68
weight: 1.92441e-05
eec: 254.867
weight: 3.36479e-06
eec: 1316.71
weight: 0.000200657
eec: 333.714
weight: 6.39697e-06
eec: 3965.21
weight: 4.121e-05
eec: 211.317
weight: 6.96076e-05
eec: 400.249
weight: 7.6639e-05
eec: 236.003
weight: 7.93919e-05
eec: 472.023
weight: 1.63703e-05
eec: 162.861
weight: 0.00019423
eec: 255.157
weight: 2.16965e-07
eec: 81.7574
weight: 2.01547e-05
eec: 238.79
weight: 1.97325e-05
eec: 155.539
weight: 4.11633e-05
eec: 560.688
weight: 3.47387e-06
eec: 806.356
weight: 4.38323e-05
eec: 691.439
weight: 0.000165278
eec: 115.822
weight: 8.01251e-07
eec: 80.8696
weight: 3.92585e-05
eec: 765.191
weight: 6.88889e-09
eec: 1034.91
weight: 0.000132672
eec: 928.437
weight: 1.10445e-05
eec: 563.949
weight: 1.79351e-06
eec: 2514.74
weight: 0.000117775
eec: 217.416
weight: 1.11943e-05
eec: 1425.66
weight: 1.89012e-05
eec: 89.5085
weight: 1.70688e-05
eec: 204.908
weight: 5.28321e-05
eec: 633.336
weight: 4.18752e-05
eec: 692.661
weight: 4.65094e-05
eec: 467.793
weight: 1.10113e-05
eec: 1194.39
weight: 6.3265e-05
eec: 344.038
weight: 7.86969e-05
eec: 553.552
weight: 8.85657e-05
eec: 2253.32
weight: 1.85149e-05
eec: 4049.51
weight: 1.31786e-05
eec: 1879.52
weight: 1.88487e-07
eec: 537.555
weight: 2.32761e-06
eec: 1365.47
weight: 3.86121e-06
eec: 92.9507
weight: 3.00568e-06
eec: 485.84
weight: 2.61862e-05
eec: 611.02
weight: 2.20622e-05
eec: 2690.57
weight: 0.000136888
eec: 1033.29
weight: 1.66718e-05
eec: 304.938
weight: 0.000174873
eec: 199.247
weight: 3.13249e-06
eec: 1176.57
weight: 5.84913e-06
eec: 161.322
weight: 0.00241518
eec: 19.5837
weight: 6.98248e-06
eec: 1108.28
weight: 5.01704e-05
eec: 111.461
weight: 8.93065e-05
eec: 985.879
weight: 4.75104e-05
eec: 259.879
weight: 3.92121e-05
eec: 562.131
weight: 2.79658e-06
eec: 475.026
weight: 6.467e-05
eec: 324.928
weight: 1.03379e-06
eec: 353.12
weight: 3.48127e-05
eec: 1229.8
weight: 2.24216e-05
eec: 751.69
weight: 1.11548e-05
eec: 141.353

ROOT exit code = 0
