gSystem->Load("run_condor_job_Run3_C.so");
run_condor_job_Run3(774, 100, 2,
                    80, 200,
                    1, 1, 1, 7);
.q

ENTERED run_condor_job_Run3()
JOBID = 774
  global job = 774  Job 74/100  events [4213560, 4270500)  total=5694000
Processing events [4213560, 4270500) of 5694000
weight: 1.17647e-05
eec: 1710.65
weight: 3.71101e-07
eec: 63.1082
weight: 1.83097e-06
eec: 312.817
weight: 0.000549405
eec: 1728.3
weight: 5.00679e-05
eec: 414.718
weight: 6.04408e-07
eec: 1211.9
weight: 2.18231e-06
eec: 115.665
weight: 2.98144e-05
eec: 1335.23
weight: 8.94628e-06
eec: 1627.1
weight: 0.000169341
eec: 1621.6
weight: 0.00317505
eec: 184.924
weight: 6.5368e-06
eec: 2124.22
weight: 0.000175753
eec: 210.435
weight: 0.000142457
eec: 309.319
weight: 3.64697e-06
eec: 724.327
weight: 3.12915e-07
eec: 73.6734
weight: 0.000225354
eec: 32.8363
weight: 0.000158415
eec: 143.147
weight: 3.12058e-05
eec: 1355.62
weight: 5.05186e-06
eec: 321.031
weight: 8.29933e-05
eec: 375.319
weight: 5.48355e-05
eec: 1385.17
weight: 1.94534e-05
eec: 2922.36
weight: 1.02976e-05
eec: 500.627
weight: 0.000445944
eec: 570.997
weight: 8.65116e-05
eec: 131.645
weight: 0.000340567
eec: 560.364
weight: 1.80053e-05
eec: 26.4552
weight: 7.11346e-06
eec: 42.147
weight: 0.000201815
eec: 915.066
weight: 2.51603e-07
eec: 379.185
weight: 2.18978e-06
eec: 1551.29
weight: 2.41371e-05
eec: 1634.94
weight: 3.1185e-05
eec: 1271.37
weight: 6.14387e-06
eec: 300.955
weight: 0.000353805
eec: 1115.79
weight: 4.47558e-05
eec: 488.285
weight: 6.26406e-05
eec: 40.8876
weight: 5.75148e-05
eec: 275.1
weight: 0.000436618
eec: 199.991
weight: 8.95385e-05
eec: 176.282
weight: 4.93512e-05
eec: 257.745
weight: 5.11556e-05
eec: 194.144
weight: 4.32537e-05
eec: 210.811
weight: 1.78439e-05
eec: 522.336
weight: 0.000337053
eec: 468.265
weight: 1.36952e-05
eec: 17.6723
weight: 3.49237e-08
eec: 868.478
weight: 8.67688e-05
eec: 69.7285
weight: 0.000176228
eec: 616.96
weight: 3.01077e-05
eec: 90.6849
weight: 3.32373e-06
eec: 609.433
weight: 3.32373e-06
eec: 175.039
weight: 0.000823485
eec: 416.237
weight: 9.41176e-07
eec: 177.104
weight: 9.05261e-05
eec: 1462.8
weight: 9.2112e-05
eec: 494.735
weight: 1.63892e-05
eec: 1961.29
weight: 0.00031084
eec: 131.105
weight: 8.52156e-05
eec: 640.441
weight: 5.51701e-05
eec: 857.578
weight: 0.000322447
eec: 125.69
weight: 7.10605e-05
eec: 414.858
weight: 4.99428e-05
eec: 819.023
weight: 0.000108422
eec: 1431.28
weight: 6.18123e-05
eec: 343.234
weight: 6.32817e-08
eec: 132.989
weight: 0.000690603
eec: 806.344
weight: 0.000182838
eec: 380.009
weight: 2.94213e-07
eec: 1417.37
weight: 7.33063e-05
eec: 1045.52
weight: 8.71124e-05
eec: 1184.28
weight: 7.12468e-06
eec: 551.583
weight: 2.94757e-05
eec: 559.541
weight: 9.05696e-06
eec: 2004.29
weight: 2.1151e-05
eec: 399.456
weight: 3.40169e-05
eec: 151.705
weight: 5.61671e-06
eec: 759.78
weight: 2.70889e-05
eec: 1670.79
weight: 4.77492e-05
eec: 162.637
weight: 9.32135e-06
eec: 79.3978
weight: 4.51481e-05
eec: 478.276
weight: 4.98719e-05
eec: 292.003
weight: 1.32351e-05
eec: 1931.99
weight: 5.14058e-05
eec: 130.117
weight: 0.000156509
eec: 69.0398
weight: 2.07156e-06
eec: 348.97
weight: 1.09118e-05
eec: 238.32
weight: 0.0028471
eec: 75.2082
weight: 1.20004e-05
eec: 268.262
weight: 6.60654e-07
eec: 114.271
weight: 1.45649e-05
eec: 351.939
weight: 2.17637e-05
eec: 355.668
weight: 3.47754e-06
eec: 1199.98
weight: 2.86335e-05
eec: 2841.16
weight: 1.95393e-05
eec: 670.946
weight: 1.01381e-05
eec: 266.771
weight: 2.50825e-06
eec: 1725.56
weight: 2.85435e-05
eec: 248.957
weight: 3.10143e-05
eec: 29.6241
weight: 7.93477e-05
eec: 896.431
weight: 7.55553e-06
eec: 923.928
weight: 9.78405e-06
eec: 310.239
weight: 4.0562e-06
eec: 1346.23
weight: 3.62206e-05
eec: 88.5655
weight: 2.65081e-05
eec: 222.751
weight: 2.64927e-06
eec: 1258.1
weight: 3.00507e-06
eec: 1175.23
weight: 3.92168e-05
eec: 809.048
weight: 1.3184e-06
eec: 1546.72
weight: 1.3963e-05
eec: 1256.29
weight: 3.70383e-06
eec: 60.4729
weight: 5.24142e-06
eec: 177.405
weight: 3.01357e-05
eec: 148.695
weight: 4.94635e-06
eec: 4144.68
weight: 0.000104615
eec: 538.882
weight: 1.11613e-05
eec: 248.859
weight: 9.66226e-05
eec: 135.869
weight: 1.81952e-05
eec: 232.038
weight: 0.000151463
eec: 68.2482
weight: 4.71153e-05
eec: 1835.64
weight: 0.000121272
eec: 587.847
weight: 5.74023e-05
eec: 217.378
weight: 0.000105415
eec: 502.612
weight: 3.52608e-05
eec: 3.8104
weight: 3.63209e-06
eec: 1647.42
weight: 2.01035e-06
eec: 1683.4
weight: 5.42243e-06
eec: 2505.55
weight: 0.000197117
eec: 200.483
weight: 2.21312e-06
eec: 106.962
weight: 0.000102282
eec: 550.358
weight: 1.9281e-05
eec: 534.978
weight: 5.72421e-05
eec: 35.5822
weight: 9.72081e-05
eec: 505.239
weight: 8.28576e-06
eec: 166.111
weight: 0.000177523
eec: 1365.53
weight: 0.000135333
eec: 183.775
weight: 1.52747e-05
eec: 1996.38
weight: 1.95302e-05
eec: 147.394
weight: 7.87636e-05
eec: 185.136
weight: 1.90949e-06
eec: 75.2596
weight: 5.75924e-06
eec: 393.782
weight: 3.1638e-06
eec: 194.751
weight: 0.000546156
eec: 318.925
weight: 9.40659e-06
eec: 791.655
weight: 1.82146e-05
eec: 165.937
weight: 6.85337e-05
eec: 262.91
weight: 3.99251e-05
eec: 118.922
weight: 0.000233495
eec: 96.3825
weight: 3.69205e-07
eec: 2707.83
Processing: 74.64 %weight: 4.90841e-05
eec: 561.954
weight: 1.54507e-05
eec: 22.7738
weight: 6.67386e-06
eec: 807.079
weight: 1.16038e-05
eec: 777.446
weight: 4.6493e-05
eec: 861.458
weight: 0.000373452
eec: 112.971
weight: 6.79578e-06
eec: 271.681
weight: 5.04959e-05
eec: 127.957
weight: 4.97626e-05
eec: 1068.82
weight: 2.69458e-06
eec: 137.424
weight: 2.53979e-05
eec: 224.941
weight: 3.76294e-06
eec: 109.815
weight: 0.000187988
eec: 357.646
weight: 1.19873e-05
eec: 133.721
weight: 2.63479e-05
eec: 20.8948
weight: 1.77344e-06
eec: 814.169
weight: 4.33662e-06
eec: 21.7743
weight: 1.99785e-05
eec: 10.4572
weight: 0.000181173
eec: 77.035
weight: 3.97857e-05
eec: 688.82
weight: 3.65269e-05
eec: 63.2644
weight: 0.000345344
eec: 348.202
weight: 5.9077e-06
eec: 790.493
weight: 4.08637e-05
eec: 1209.1
weight: 1.16474e-05
eec: 645.234
weight: 3.59084e-06
eec: 1755.56
weight: 4.39461e-05
eec: 171.031
weight: 0.000274012
eec: 117.506
weight: 3.35936e-06
eec: 258.973
weight: 0.000199161
eec: 1066.25
weight: 7.88387e-05
eec: 327.727
weight: 5.69282e-06
eec: 196.72
weight: 0.00017921
eec: 80.658
weight: 9.89219e-06
eec: 1564.72
weight: 3.86438e-08
eec: 31.8336
weight: 8.86998e-05
eec: 1055.34
weight: 2.62668e-05
eec: 120.631
weight: 6.6406e-06
eec: 1079.86
weight: 4.11595e-05
eec: 893.263
weight: 0.000129022
eec: 119.323
weight: 0.000642785
eec: 667.02
weight: 5.35787e-06
eec: 40.3263
weight: 6.80945e-05
eec: 902.389
weight: 3.47151e-05
eec: 2541.53
weight: 5.9231e-05
eec: 1075.79
weight: 0.000333587
eec: 35.1027
weight: 5.42213e-05
eec: 497.523
weight: 1.23746e-05
eec: 845.689
weight: 6.04016e-05
eec: 365.639
weight: 9.65009e-06
eec: 896.478
weight: 3.80426e-07
eec: 318.161
weight: 7.77737e-06
eec: 1618.18
weight: 8.81157e-06
eec: 196.533
weight: 0.000176985
eec: 481.849
weight: 0.000334061
eec: 1468.4
weight: 9.58556e-06
eec: 980.904
weight: 1.31985e-05
eec: 711.686
weight: 2.69466e-05
eec: 54.2768
weight: 2.73961e-05
eec: 2492.33
weight: 2.24551e-05
eec: 214.359
weight: 7.34792e-06
eec: 682.5
weight: 7.49752e-05
eec: 205.476
weight: 1.76059e-05
eec: 404.04
weight: 8.8818e-05
eec: 148.445
weight: 2.70114e-05
eec: 3586.1
weight: 0.000126076
eec: 963.404
weight: 4.32426e-05
eec: 845.146
weight: 1.68957e-05
eec: 766.172
weight: 0.000167454
eec: 30.6919
weight: 0.000251494
eec: 27.3514

ROOT exit code = 0
