gSystem->Load("run_condor_job_Run3_C.so");
run_condor_job_Run3(673, 100, 2,
                    80, 200,
                    1, 1, 1, 6);
.q

ENTERED run_condor_job_Run3()
JOBID = 673
  global job = 673  Job 73/100  events [4305540, 4364520)  total=5898000
Processing events [4305540, 4364520) of 5898000
weight: 0.000238889
eec: 1152.15
weight: 1.52838e-05
eec: 564.221
weight: 2.95732e-05
eec: 135.423
weight: 5.84958e-05
eec: 1042.19
weight: 4.44151e-06
eec: 928.048
weight: 3.58705e-06
eec: 63.4353
weight: 4.29498e-05
eec: 124.202
weight: 2.32816e-05
eec: 496.947
weight: 5.69257e-07
eec: 50.3544
weight: 0.000106712
eec: 221.583
weight: 7.18988e-05
eec: 442.273
weight: 1.18052e-05
eec: 426.848
weight: 5.79425e-06
eec: 139.875
weight: 5.02736e-05
eec: 55.9157
weight: 4.76187e-05
eec: 576.727
weight: 0.000278377
eec: 630.486
weight: 4.63299e-05
eec: 1046.87
weight: 9.51999e-05
eec: 38.6262
weight: 2.49123e-05
eec: 604.233
weight: 2.38989e-06
eec: 95.401
weight: 2.13636e-05
eec: 2555.97
weight: 1.00382e-05
eec: 311.593
weight: 0.000108776
eec: 216.091
weight: 5.67349e-05
eec: 92.5258
weight: 1.35067e-05
eec: 1161.57
weight: 9.1997e-08
eec: 963.947
weight: 8.95608e-06
eec: 29.2335
weight: 5.75407e-05
eec: 1427.1
weight: 3.18062e-06
eec: 131.666
weight: 9.50018e-05
eec: 802.631
weight: 0.000546722
eec: 84.6999
weight: 0.00086753
eec: 440.445
weight: 7.35874e-05
eec: 160.984
weight: 4.38074e-06
eec: 211.144
weight: 1.15633e-05
eec: 1459.35
weight: 2.31297e-05
eec: 44.649
weight: 2.01639e-07
eec: 1947.22
weight: 0.000134578
eec: 43.3995
weight: 6.72856e-05
eec: 470.741
weight: 1.88902e-05
eec: 508.98
weight: 7.47463e-05
eec: 909.995
weight: 6.3764e-05
eec: 54.8295
weight: 1.12741e-05
eec: 872.71
weight: 1.57712e-06
eec: 1192.62
weight: 9.65119e-06
eec: 1032.24
weight: 2.62699e-06
eec: 805.418
weight: 1.84205e-05
eec: 424.28
weight: 6.34324e-05
eec: 26.6973
weight: 0.000306935
eec: 1004.82
weight: 6.21217e-06
eec: 342.52
weight: 1.48029e-05
eec: 260.72
weight: 4.12189e-06
eec: 1340.74
weight: 5.68121e-06
eec: 1021.74
weight: 1.72898e-05
eec: 171.194
weight: 5.57812e-05
eec: 341.458
weight: 0.000549779
eec: 1002.01
weight: 3.25099e-05
eec: 298.258
weight: 1.4551e-05
eec: 316.432
weight: 3.21441e-06
eec: 189.087
weight: 2.05812e-05
eec: 273.766
weight: 9.87675e-06
eec: 633.155
weight: 1.68064e-07
eec: 1517.49
weight: 3.23991e-05
eec: 1071.51
weight: 3.17999e-06
eec: 432.187
weight: 5.08923e-05
eec: 714.185
weight: 6.85194e-06
eec: 161.704
weight: 1.65145e-05
eec: 928.28
weight: 1.12366e-05
eec: 1456.04
weight: 3.56561e-05
eec: 1153.81
weight: 1.41128e-06
eec: 86.365
weight: 1.4382e-05
eec: 91.0851
weight: 4.96568e-05
eec: 315.695
weight: 9.85498e-06
eec: 1635.35
weight: 5.79417e-05
eec: 800.41
weight: 2.21271e-06
eec: 1056.19
weight: 0.000275999
eec: 600.369
weight: 4.64796e-07
eec: 483.015
weight: 2.49237e-07
eec: 1237.58
weight: 0.000208055
eec: 76.6993
weight: 1.39164e-05
eec: 85.2036
weight: 7.28169e-07
eec: 2638.68
weight: 2.34217e-05
eec: 1213.35
weight: 2.55676e-05
eec: 1115.79
weight: 5.75994e-05
eec: 906.577
weight: 1.35176e-05
eec: 646.102
weight: 1.44459e-05
eec: 241.649
weight: 2.25688e-05
eec: 104.318
weight: 8.90332e-06
eec: 703.194
weight: 5.93482e-05
eec: 52.9272
weight: 0.000360434
eec: 624.03
weight: 8.81215e-05
eec: 367.993
weight: 3.51483e-05
eec: 291.387
weight: 1.39612e-05
eec: 633.976
weight: 8.50946e-06
eec: 2261.25
weight: 4.48562e-08
eec: 385.216
weight: 3.12346e-05
eec: 142.612
weight: 0.000309994
eec: 220.578
weight: 1.2772e-06
eec: 1682.52
weight: 0.000121876
eec: 239.945
weight: 9.79718e-09
eec: 652.928
weight: 1.12762e-05
eec: 1940.61
weight: 4.50228e-05
eec: 71.5993
weight: 0.000144605
eec: 85.3248
weight: 1.35389e-06
eec: 834.543
weight: 6.60711e-05
eec: 18.9693
weight: 0.000132569
eec: 384.521
weight: 7.27664e-05
eec: 511.517
weight: 7.91551e-06
eec: 422.11
weight: 7.8898e-06
eec: 720.149
weight: 2.80424e-05
eec: 275.266
weight: 2.50313e-05
eec: 280.919
weight: 5.39579e-05
eec: 2290.37
weight: 2.10053e-05
eec: 672.002
weight: 4.57951e-05
eec: 1431.44
weight: 2.47064e-06
eec: 131.75
weight: 2.47064e-06
eec: 296.313
weight: 1.47271e-05
eec: 268.264
weight: 2.88468e-05
eec: 515.207
weight: 4.84359e-06
eec: 229.139
weight: 0.0001294
eec: 185.171
weight: 1.18874e-05
eec: 275.164
weight: 5.59219e-05
eec: 96.4682
weight: 5.59531e-05
eec: 715.505
weight: 0.000138331
eec: 111.825
weight: 2.28098e-05
eec: 1536.12
weight: 1.3955e-05
eec: 169.839
weight: 5.00222e-05
eec: 179.752
weight: 1.05362e-05
eec: 262.059
weight: 9.20269e-06
eec: 379.81
weight: 1.77545e-05
eec: 275.639
weight: 5.01676e-05
eec: 124.2
weight: 8.10157e-06
eec: 742.511
weight: 0.000184046
eec: 175.885
weight: 2.68415e-05
eec: 1681.51
weight: 1.45923e-05
eec: 999.644
weight: 2.35426e-06
eec: 1018.8
weight: 2.4689e-05
eec: 109.106
weight: 8.82929e-05
eec: 190.808
weight: 0.000629337
eec: 138.894
weight: 2.22616e-05
eec: 142.274
weight: 0.000586518
eec: 392.016
weight: 7.71673e-06
eec: 312.512
weight: 0.000106799
eec: 709.922
weight: 0.000887722
eec: 519.849
weight: 0.000559314
eec: 764.419
weight: 1.958e-05
eec: 68.3699
weight: 7.74644e-06
eec: 104.58
weight: 0.000217533
eec: 33.8846
weight: 6.15247e-05
eec: 329.548
weight: 6.70051e-05
eec: 241.668
weight: 1.82147e-06
eec: 514.545
weight: 2.8559e-05
eec: 267.281
weight: 5.19539e-06
eec: 195.999
weight: 8.01738e-05
eec: 375.304
weight: 0.00163303
eec: 313.591
weight: 1.80896e-05
eec: 971.991
weight: 1.81922e-05
eec: 173.968
weight: 0.000153304
eec: 498.291
weight: 1.42488e-05
eec: 239.901
weight: 2.85834e-05
eec: 1397.44
weight: 2.30416e-05
eec: 1762.44
weight: 5.57215e-06
eec: 240.356
weight: 1.2337e-07
eec: 889.773
weight: 3.7977e-05
eec: 96.7168
weight: 2.0853e-06
eec: 2364.05
weight: 2.96981e-05
eec: 550.31
weight: 8.57668e-06
eec: 2287.43
weight: 1.04711e-07
eec: 268.773
weight: 5.68213e-05
eec: 421.339
weight: 4.08942e-07
eec: 1196.49
weight: 0.00143216
eec: 138.985
weight: 5.51345e-05
eec: 385.696
weight: 5.91208e-05
eec: 439.126
weight: 2.26385e-06
eec: 1004.97
weight: 1.90343e-05
eec: 440.861
weight: 8.81581e-06
eec: 265.116
weight: 0.000214434
eec: 552.94
weight: 0.00012232
eec: 643.332
weight: 3.18775e-06
eec: 64.5114
weight: 8.22785e-07
eec: 2961
weight: 1.24735e-06
eec: 453.545
weight: 0.00029979
eec: 41.2906
weight: 2.75193e-05
eec: 334.359
weight: 2.91421e-05
eec: 139.712
weight: 1.04381e-05
eec: 388.923
weight: 7.81201e-05
eec: 553.531
weight: 2.41275e-07
eec: 181.361
weight: 1.00422e-05
eec: 6.88919
weight: 2.73247e-06
eec: 939.882
Processing: 73.7538 %weight: 0.000198348
eec: 606.906
weight: 6.25702e-07
eec: 513.687
weight: 8.86457e-06
eec: 3461.29
weight: 9.93956e-07
eec: 545.22
weight: 1.2432e-05
eec: 2066.42
weight: 1.62282e-05
eec: 1483.99
weight: 8.27105e-05
eec: 2948.59
weight: 7.65413e-06
eec: 182.676
weight: 8.32518e-05
eec: 273.681
weight: 5.38803e-05
eec: 2152
weight: 4.27918e-05
eec: 401.432
weight: 2.20796e-05
eec: 2466.36
weight: 1.5102e-05
eec: 161.73
weight: 0.000121126
eec: 1879.7
weight: 2.97638e-06
eec: 22.7711
weight: 3.60409e-07
eec: 1416.19
weight: 5.15707e-05
eec: 858.891
weight: 7.24038e-06
eec: 836.041
weight: 7.24038e-06
eec: 134.152
weight: 1.15714e-05
eec: 924.146
weight: 9.868e-06
eec: 980.81
weight: 4.98287e-05
eec: 177.704
weight: 0.000343932
eec: 241.653
weight: 1.6197e-05
eec: 1365.37
weight: 7.58398e-06
eec: 2191.78
weight: 3.79498e-05
eec: 22.9982
weight: 1.20899e-07
eec: 1415.51
weight: 3.10828e-05
eec: 903.804
weight: 3.22947e-06
eec: 358.868
weight: 8.50613e-06
eec: 172.469
weight: 9.00938e-05
eec: 502.556
weight: 3.81126e-08
eec: 194.236
weight: 1.09174e-05
eec: 174.917
weight: 2.78084e-05
eec: 388.344
weight: 9.25023e-06
eec: 207.289
weight: 4.06756e-06
eec: 11.256
weight: 2.18162e-05
eec: 777.213
weight: 3.21608e-05
eec: 932.7
weight: 3.40556e-06
eec: 552.089
weight: 6.19537e-06
eec: 941.447
weight: 1.16482e-06
eec: 300.104
weight: 0.000266671
eec: 291.362
weight: 7.59796e-07
eec: 254.893
weight: 9.55959e-05
eec: 360.56
weight: 2.44958e-05
eec: 32.2687
weight: 3.42219e-05
eec: 802.491
weight: 4.82319e-06
eec: 178.991
weight: 4.22101e-05
eec: 899.144
weight: 9.5244e-06
eec: 1197.48
weight: 3.65792e-05
eec: 393.379
weight: 5.61562e-07
eec: 172.033
weight: 6.99969e-08
eec: 87.7013
weight: 0.000100422
eec: 664.998
weight: 4.01438e-05
eec: 430.015
weight: 5.46996e-05
eec: 898.55
weight: 4.86818e-05
eec: 207.337
weight: 0.000861743
eec: 729.545
weight: 2.18103e-06
eec: 200.931
weight: 4.72075e-05
eec: 172.533
weight: 4.10982e-06
eec: 949.836
weight: 9.39764e-05
eec: 169.103
weight: 6.63166e-05
eec: 445.715
weight: 1.2212e-05
eec: 2301.98
weight: 1.10765e-05
eec: 430.415
weight: 1.286e-05
eec: 711.428
weight: 6.76291e-05
eec: 423.123
weight: 4.02594e-05
eec: 450.02
weight: 6.67079e-06
eec: 1820.8
weight: 5.67007e-06
eec: 1301.46
weight: 6.25996e-06
eec: 1069.39
weight: 1.45178e-05
eec: 242.783
weight: 0.000257123
eec: 563.795
weight: 1.63542e-06
eec: 760.504
weight: 4.39719e-06
eec: 101.44
weight: 1.45647e-06
eec: 25.0992
weight: 4.98344e-05
eec: 990.396
weight: 2.50172e-05
eec: 61.3306
weight: 1.80269e-05
eec: 354.811
weight: 4.6987e-06
eec: 522.073

ROOT exit code = 0
