gSystem->Load("run_condor_job_Run3_C.so");
run_condor_job_Run3(695, 100, 2,
                    80, 200,
                    1, 1, 1, 6);
.q

ENTERED run_condor_job_Run3()
JOBID = 695
  global job = 695  Job 95/100  events [5603100, 5662080)  total=5898000
Processing events [5603100, 5662080) of 5898000
weight: 4.98687e-05
eec: 222.81
weight: 0.000136004
eec: 47.0255
weight: 1.56573e-05
eec: 426.943
weight: 6.12677e-05
eec: 372.421
weight: 1.17749e-05
eec: 137.715
weight: 0.00015702
eec: 373.42
weight: 1.48981e-07
eec: 499.776
weight: 2.45209e-05
eec: 119.223
weight: 1.61571e-05
eec: 1012.36
weight: 3.26304e-05
eec: 787.306
weight: 0.000272696
eec: 128.302
weight: 6.30203e-05
eec: 382.859
weight: 5.99065e-06
eec: 805.091
weight: 9.19601e-05
eec: 194.627
weight: 7.86787e-05
eec: 466.837
weight: 2.47507e-05
eec: 512.673
weight: 4.92896e-05
eec: 688.728
weight: 0.000113671
eec: 97.0536
weight: 2.74768e-05
eec: 329.036
weight: 1.52349e-07
eec: 267.842
weight: 0.00023363
eec: 860.84
weight: 0.000142156
eec: 252.655
weight: 0.000110066
eec: 718.308
weight: 2.9005e-05
eec: 629.449
weight: 0.000256072
eec: 832.741
weight: 2.21083e-05
eec: 1153.05
weight: 1.98721e-05
eec: 308.743
weight: 7.07588e-05
eec: 418.273
weight: 1.10281e-05
eec: 447.953
weight: 9.64894e-08
eec: 1655.53
weight: 3.27243e-06
eec: 36.4994
weight: 0.000266341
eec: 397.247
weight: 5.66633e-05
eec: 109.647
weight: 1.08355e-05
eec: 51.721
weight: 0.000515658
eec: 191.545
weight: 3.40996e-05
eec: 319.311
weight: 6.58851e-06
eec: 329.46
weight: 4.36076e-06
eec: 950.47
weight: 4.26922e-06
eec: 23.9004
weight: 4.26922e-06
eec: 380.306
weight: 0.00014335
eec: 251.891
weight: 2.86265e-08
eec: 320.982
weight: 2.81113e-05
eec: 655.691
weight: 0.000700367
eec: 529.28
weight: 8.91216e-06
eec: 573.642
weight: 2.20653e-05
eec: 1504.07
weight: 6.77258e-05
eec: 342.557
weight: 1.18344e-05
eec: 521.535
weight: 5.42365e-05
eec: 1083.11
weight: 0.000153551
eec: 240.924
weight: 4.37179e-06
eec: 1312.81
weight: 0.000248041
eec: 181.778
weight: 3.33767e-05
eec: 1490
weight: 0.000500308
eec: 520.668
weight: 5.00431e-06
eec: 559.694
weight: 0.000174279
eec: 1263.67
weight: 0.000165666
eec: 250.385
weight: 0.000145645
eec: 95.3185
weight: 7.86719e-06
eec: 748.907
weight: 0.000549525
eec: 214.401
weight: 1.60493e-05
eec: 295.049
weight: 0.000103361
eec: 768.36
weight: 1.79208e-05
eec: 205.54
weight: 4.95459e-07
eec: 511.421
weight: 0.000110212
eec: 702.25
weight: 0.000102774
eec: 353.49
weight: 1.56776e-05
eec: 103.411
weight: 1.08831e-05
eec: 1208.4
weight: 0.000149105
eec: 410.481
weight: 9.71311e-06
eec: 1339.52
weight: 3.69682e-06
eec: 40.0425
weight: 3.262e-06
eec: 361.253
weight: 4.1222e-05
eec: 290.729
weight: 8.84764e-05
eec: 843.562
weight: 4.4299e-05
eec: 2124.78
weight: 0.00017447
eec: 392.113
weight: 2.71707e-05
eec: 672.23
weight: 4.17141e-07
eec: 34.2019
weight: 0.00030816
eec: 645.104
weight: 0.000215438
eec: 230.609
weight: 4.7665e-05
eec: 2500.15
weight: 1.7132e-05
eec: 718.38
weight: 0.000169573
eec: 45.1737
weight: 4.21206e-06
eec: 249.132
weight: 3.402e-05
eec: 851.202
weight: 8.81674e-06
eec: 359.551
weight: 6.29404e-05
eec: 733.357
weight: 5.47611e-05
eec: 1108.72
weight: 5.14147e-05
eec: 159.015
weight: 0.000212844
eec: 66.6477
weight: 1.38756e-05
eec: 174.665
weight: 0.000131813
eec: 154.54
weight: 3.09534e-06
eec: 479.067
weight: 7.57512e-06
eec: 34.3192
weight: 2.80619e-06
eec: 3180.35
weight: 0.000178789
eec: 761.107
weight: 4.98768e-06
eec: 129.809
weight: 2.98232e-06
eec: 1031.01
weight: 6.93188e-07
eec: 127.777
weight: 3.93279e-05
eec: 289.103
weight: 3.48143e-05
eec: 268.018
weight: 1.34261e-05
eec: 178.893
weight: 5.49616e-08
eec: 134.993
weight: 0.000339051
eec: 435.805
weight: 0.00019846
eec: 128.38
weight: 5.44597e-05
eec: 41.3416
weight: 5.01463e-05
eec: 381.657
weight: 2.24822e-05
eec: 769.296
weight: 6.78757e-06
eec: 1807.31
weight: 3.87076e-05
eec: 816.772
weight: 5.74535e-07
eec: 102.533
weight: 0.000213857
eec: 784.179
weight: 4.5733e-07
eec: 175.709
weight: 3.92233e-05
eec: 265.038
weight: 8.17921e-06
eec: 3.9856
weight: 5.96708e-06
eec: 522.504
weight: 7.59854e-05
eec: 720.936
weight: 5.77139e-06
eec: 222.974
weight: 5.25362e-06
eec: 42.7529
weight: 5.95291e-05
eec: 927.867
weight: 0.00105737
eec: 435.133
weight: 7.07981e-06
eec: 271.365
weight: 2.44526e-05
eec: 16.2022
weight: 3.02683e-06
eec: 680.054
weight: 2.49986e-06
eec: 651.535
weight: 7.06334e-05
eec: 39.8088
weight: 4.00245e-05
eec: 225.905
weight: 7.29731e-05
eec: 935.231
weight: 1.57069e-05
eec: 1420.19
weight: 2.26733e-05
eec: 121.957
weight: 2.84818e-05
eec: 104.96
weight: 0.000255943
eec: 19.5646
weight: 1.06126e-05
eec: 276.545
weight: 1.86103e-05
eec: 424.749
weight: 3.46962e-06
eec: 1274.76
weight: 6.27573e-06
eec: 268.083
weight: 3.67509e-06
eec: 307.482
weight: 2.34408e-06
eec: 122.106
weight: 8.52073e-07
eec: 641.753
weight: 0.000213175
eec: 41.3613
weight: 9.13716e-06
eec: 494.855
weight: 4.78708e-06
eec: 149.053
weight: 1.57814e-05
eec: 830.33
weight: 0.000475416
eec: 54.8624
weight: 1.92065e-06
eec: 834.545
weight: 2.54362e-05
eec: 505.589
weight: 1.91318e-06
eec: 2488.26
weight: 6.61075e-06
eec: 3123.45
weight: 1.27781e-05
eec: 1276.87
weight: 6.23981e-05
eec: 993.977
weight: 2.89634e-05
eec: 911.57
weight: 0.000367535
eec: 305.789
weight: 4.55955e-06
eec: 1299.17
weight: 6.538e-06
eec: 959.65
weight: 7.29673e-05
eec: 369.966
weight: 4.69962e-05
eec: 716.606
weight: 4.94962e-07
eec: 592.685
weight: 0.000167641
eec: 203.784
weight: 7.15265e-05
eec: 773.945
weight: 0.000208941
eec: 377.558
weight: 2.11706e-05
eec: 319.708
weight: 5.56151e-05
eec: 1049.15
weight: 2.38358e-05
eec: 750.634
weight: 5.47696e-06
eec: 112.709
weight: 6.63716e-05
eec: 116.8
weight: 0.000299733
eec: 211.789
weight: 2.33785e-05
eec: 1051.92
weight: 1.97527e-05
eec: 2130.24
weight: 0.00013476
eec: 106.434
weight: 1.46546e-05
eec: 1795.53
weight: 2.90213e-06
eec: 235.658
weight: 7.47046e-07
eec: 85.7003
weight: 7.74206e-05
eec: 663.234
weight: 1.63687e-06
eec: 466.244
weight: 5.06597e-05
eec: 15.6952
weight: 4.95701e-05
eec: 38.2935
weight: 1.23664e-06
eec: 39.5863
weight: 0.00010142
eec: 198.532
weight: 6.17746e-07
eec: 1262.43
Processing: 95.7952 %weight: 1.09032e-05
eec: 556.421
weight: 5.15436e-05
eec: 21.776
weight: 5.65198e-05
eec: 117.575
weight: 1.18954e-05
eec: 3816.95
weight: 0.000120918
eec: 516.006
weight: 9.81148e-06
eec: 216.641
weight: 1.91831e-05
eec: 2714.18
weight: 9.49267e-05
eec: 253.408
weight: 9.91633e-05
eec: 192.281
weight: 1.60097e-05
eec: 706.487
weight: 0.000203611
eec: 866.234
weight: 1.74837e-05
eec: 233.822
weight: 4.52732e-05
eec: 451.3
weight: 1.74713e-05
eec: 967.86
weight: 3.6999e-05
eec: 200.032
weight: 4.57008e-06
eec: 1285.68
weight: 1.13897e-07
eec: 476.969
weight: 5.81064e-05
eec: 578.045
weight: 3.23192e-06
eec: 139.645
weight: 2.08431e-05
eec: 39.5968
weight: 3.2751e-06
eec: 57.9986
weight: 4.28699e-06
eec: 378.054
weight: 2.64133e-05
eec: 1484.75
weight: 5.53203e-06
eec: 883.674
weight: 4.03124e-06
eec: 692.008
weight: 2.70641e-05
eec: 478.21
weight: 0.000372593
eec: 405.442
weight: 0.000326748
eec: 481.473
weight: 0.00251344
eec: 583.492
weight: 0.000107395
eec: 100.079
weight: 5.74719e-05
eec: 54.1063
weight: 0.000785651
eec: 610.936
weight: 3.91676e-07
eec: 600.083
weight: 1.45762e-05
eec: 2175.23
weight: 1.29191e-05
eec: 13.6615
weight: 1.43304e-06
eec: 89.6817
weight: 3.42063e-06
eec: 48.168
weight: 7.09577e-05
eec: 53.2684
weight: 3.51243e-05
eec: 1290.57
weight: 2.2199e-05
eec: 2999.38
weight: 6.08351e-05
eec: 30.0016
weight: 1.8592e-05
eec: 79.2437
weight: 9.59795e-06
eec: 2724.5
weight: 0.000615006
eec: 65.6292
weight: 3.53983e-06
eec: 165.356
weight: 9.16717e-05
eec: 373.231
weight: 5.61205e-05
eec: 386.753
weight: 0.000356564
eec: 499.527
weight: 0.00070146
eec: 304.406
weight: 2.56081e-07
eec: 137.887

ROOT exit code = 0
