gSystem->Load("run_condor_job_Run3_C.so");
run_condor_job_Run3(121, 100, 2,
                    80, 200,
                    1, 1, 1, 1);
.q

ENTERED run_condor_job_Run3()
JOBID = 121
  global job = 121  Job 21/100  events [1231020, 1289640)  total=5862000
Processing events [1231020, 1289640) of 5862000
weight: 5.27854e-05
eec: 967.783
weight: 7.14729e-05
eec: 593.271
weight: 2.33867e-05
eec: 113.988
weight: 1.96906e-05
eec: 235.256
weight: 5.41192e-05
eec: 170.245
weight: 7.82966e-05
eec: 983.944
weight: 1.87175e-05
eec: 295.637
weight: 5.7394e-05
eec: 96.923
weight: 0.000273421
eec: 833.541
weight: 1.02247e-05
eec: 1673.36
weight: 8.69736e-06
eec: 33.6582
weight: 1.65497e-07
eec: 431.832
weight: 0.000119037
eec: 471.927
weight: 0.000147873
eec: 1334.73
weight: 4.30156e-05
eec: 235.029
weight: 5.00513e-05
eec: 95.7721
weight: 8.55973e-07
eec: 415.06
weight: 2.05461e-05
eec: 232.246
weight: 2.99633e-05
eec: 572.451
weight: 0.000368237
eec: 228.728
weight: 8.16708e-05
eec: 143.276
weight: 0.000106054
eec: 31.8235
weight: 3.06875e-05
eec: 88.6992
weight: 0.00104128
eec: 575.185
weight: 9.28377e-06
eec: 121.629
weight: 3.11083e-05
eec: 2183.46
weight: 1.27844e-06
eec: 925.277
weight: 0.000107909
eec: 771.978
weight: 7.19807e-05
eec: 177.017
weight: 7.30369e-05
eec: 412.213
weight: 0.000110592
eec: 165.349
weight: 2.42938e-05
eec: 14.7234
weight: 1.04258e-05
eec: 159.436
weight: 2.88611e-05
eec: 300.444
weight: 6.26193e-06
eec: 69.5205
weight: 9.46597e-07
eec: 679.542
weight: 2.85268e-07
eec: 29.7604
weight: 5.13931e-07
eec: 115.563
weight: 0.000213742
eec: 373.332
weight: 9.5488e-05
eec: 612.159
weight: 4.98525e-07
eec: 340.224
weight: 0.000111388
eec: 1446.02
weight: 2.10558e-05
eec: 294.386
weight: 0.000171611
eec: 370.01
weight: 5.30878e-05
eec: 387.8
weight: 9.23318e-06
eec: 1926.63
weight: 0.00034375
eec: 813.005
weight: 1.55252e-05
eec: 2057.09
weight: 0.000113496
eec: 76.3241
weight: 2.08144e-05
eec: 39.4623
weight: 1.40433e-05
eec: 151.224
weight: 1.28499e-06
eec: 1030.01
weight: 3.58956e-06
eec: 772.346
weight: 7.89858e-08
eec: 1499.44
weight: 2.31953e-05
eec: 219.048
weight: 0.000225335
eec: 719.715
weight: 0.000552501
eec: 92.6519
weight: 6.46481e-05
eec: 545.616
weight: 3.76619e-07
eec: 949.941
weight: 2.20567e-05
eec: 164.788
weight: 5.84491e-06
eec: 1621.01
weight: 7.13679e-06
eec: 3006.73
weight: 0.000460304
eec: 569.56
weight: 2.08058e-05
eec: 1037.83
weight: 2.65314e-08
eec: 348.954
weight: 4.37944e-06
eec: 449.682
weight: 1.07072e-05
eec: 1326.86
weight: 4.88703e-05
eec: 62.0306
weight: 0.000190488
eec: 524.472
weight: 7.98176e-05
eec: 134.582
weight: 0.000252414
eec: 89.2627
weight: 0.000161649
eec: 353.149
weight: 5.40014e-05
eec: 98.4324
weight: 1.9269e-05
eec: 1150.1
weight: 2.06092e-05
eec: 142.394
weight: 0.000207321
eec: 193.485
Processing: 21.3238 %weight: 1.11073e-06
eec: 425.27
weight: 4.26598e-05
eec: 881.348
weight: 2.25293e-05
eec: 229.183
weight: 1.96865e-05
eec: 279.251
weight: 7.94939e-06
eec: 449.109
weight: 5.39936e-05
eec: 347.225
weight: 6.08539e-05
eec: 332.502
weight: 4.08314e-06
eec: 302.987
weight: 0.000120096
eec: 356.169
weight: 8.14749e-05
eec: 862.183
weight: 2.2653e-05
eec: 198.323
weight: 0.00011537
eec: 1544.05
weight: 2.65034e-06
eec: 2607.88
weight: 2.84611e-05
eec: 282.742
weight: 0.000159598
eec: 537.504
weight: 3.96991e-05
eec: 255.516
weight: 7.38206e-06
eec: 500.864
weight: 2.52472e-06
eec: 972.537
weight: 2.81604e-05
eec: 997.481
weight: 0.000356786
eec: 51.7085
weight: 2.90764e-08
eec: 732.407
weight: 1.99317e-05
eec: 348.835
weight: 0.00135404
eec: 165.764
weight: 8.66604e-05
eec: 653.678
weight: 0.000175993
eec: 289.839
weight: 3.41305e-05
eec: 620.56
weight: 3.41305e-05
eec: 1292.72
weight: 1.32845e-05
eec: 1241.45
weight: 1.65594e-05
eec: 95.8003
weight: 2.49273e-07
eec: 121.069
weight: 3.06742e-06
eec: 364.896
weight: 0.000331329
eec: 163.206
weight: 0.000237814
eec: 314.63
weight: 3.38382e-06
eec: 1688.27
weight: 0.000102383
eec: 175.971
weight: 5.19077e-05
eec: 509.391
weight: 3.87773e-05
eec: 399.486
weight: 4.72557e-05
eec: 157.293
weight: 0.000358982
eec: 29.8541
weight: 1.25062e-05
eec: 671.434
weight: 9.01301e-07
eec: 628.128
weight: 1.21777e-05
eec: 2193.55
weight: 7.8477e-06
eec: 1554.55
weight: 2.35053e-05
eec: 609.153
weight: 0.000365712
eec: 495.134
weight: 8.52812e-06
eec: 152.091
weight: 8.89568e-06
eec: 1377.2
weight: 1.08952e-06
eec: 230.977
weight: 0.00124751
eec: 1278.35
weight: 9.70624e-05
eec: 604.921
weight: 0.00081528
eec: 176.328
weight: 2.71868e-06
eec: 633.662
weight: 0.000131301
eec: 151.139
weight: 0.000343941
eec: 534.713
weight: 1.01351e-05
eec: 939.295
weight: 1.66385e-05
eec: 1034.88
weight: 1.98202e-05
eec: 518.73
weight: 3.70181e-06
eec: 768.346
weight: 2.17672e-05
eec: 416.356
weight: 2.98401e-05
eec: 265.132
weight: 2.92803e-06
eec: 467.082
weight: 5.73683e-05
eec: 1774.78
weight: 0.000162137
eec: 518.638
weight: 5.46868e-05
eec: 1271.72
weight: 3.13307e-05
eec: 384.433
weight: 1.91194e-05
eec: 1115.75
weight: 8.27819e-06
eec: 500.246
weight: 1.94e-06
eec: 328.909
weight: 4.41287e-06
eec: 158.202
weight: 0.000861401
eec: 636.202
weight: 2.26982e-05
eec: 7.41267
weight: 2.9335e-05
eec: 195.988
weight: 0.000587962
eec: 22.6729
weight: 1.53998e-05
eec: 841.945
weight: 0.000106991
eec: 253.1
weight: 1.11526e-05
eec: 129.723
weight: 4.95836e-05
eec: 878.421
weight: 2.09669e-05
eec: 135.579
weight: 1.17691e-05
eec: 191.21
weight: 4.88341e-05
eec: 277.333
weight: 1.03321e-05
eec: 713.007
weight: 7.2068e-06
eec: 3141.66
weight: 2.67843e-06
eec: 884.913
weight: 6.28649e-06
eec: 234.02
weight: 2.04527e-06
eec: 387.693
weight: 0.000136227
eec: 75.425
weight: 0.000126875
eec: 198.54
weight: 3.79692e-06
eec: 4262.64
weight: 6.8001e-07
eec: 832.283
weight: 4.22617e-05
eec: 1174.35
weight: 7.33961e-05
eec: 168.23
weight: 1.08946e-05
eec: 333.305
weight: 1.57215e-05
eec: 760.89
weight: 0.000328114
eec: 750.281
weight: 1.55884e-05
eec: 131.819
weight: 2.8267e-05
eec: 342.292
weight: 3.25531e-05
eec: 826.757
weight: 0.000194208
eec: 932.326
weight: 2.79771e-07
eec: 306.119
weight: 2.43959e-06
eec: 273.505
weight: 5.66052e-07
eec: 941.5
weight: 1.5091e-06
eec: 497.548
weight: 9.95504e-06
eec: 449.759
weight: 3.34641e-06
eec: 877.052
weight: 0.000151603
eec: 106.983
weight: 7.4237e-05
eec: 1464.75
weight: 2.52295e-05
eec: 334.118
weight: 2.80173e-05
eec: 348.378
weight: 1.46146e-05
eec: 525.836
weight: 2.39746e-05
eec: 1030.83
weight: 4.18534e-06
eec: 1084.6
weight: 6.22312e-05
eec: 57.1375
weight: 1.4188e-05
eec: 1223.68
weight: 9.09905e-07
eec: 3091.65
weight: 1.5356e-05
eec: 3827.67
weight: 5.86844e-07
eec: 242.231
weight: 6.4437e-05
eec: 583.828
weight: 7.81741e-05
eec: 60.1713
weight: 7.99681e-06
eec: 260.272
weight: 1.45081e-05
eec: 136.748
weight: 0.000173151
eec: 274.758
weight: 0.000123446
eec: 261.137
weight: 0.000273954
eec: 301.232
weight: 0.00165779
eec: 969.384
weight: 0.000423987
eec: 85.6425
weight: 5.68051e-05
eec: 264.464
weight: 3.53582e-05
eec: 178.932
weight: 3.121e-05
eec: 70.3773
weight: 6.84215e-05
eec: 621.099
weight: 2.02075e-05
eec: 1616.37
weight: 5.38421e-06
eec: 115.687
weight: 6.60457e-06
eec: 60.2805
weight: 0.000125626
eec: 221.516
weight: 2.90244e-07
eec: 605.311
weight: 4.20957e-05
eec: 503.232
weight: 2.27479e-05
eec: 80.9727
weight: 1.51753e-06
eec: 251.984
weight: 1.58428e-05
eec: 2540.53
weight: 2.13507e-05
eec: 533.367
weight: 1.50262e-07
eec: 683.598
weight: 1.57308e-05
eec: 538.943
weight: 7.72818e-07
eec: 151.466
weight: 2.53923e-05
eec: 522.74
weight: 8.73912e-06
eec: 8.59512
weight: 4.55131e-07
eec: 1038.06
weight: 2.36104e-06
eec: 179.356
weight: 2.59696e-05
eec: 56.812
weight: 0.00033975
eec: 403.06
weight: 0.000222794
eec: 1606.2
weight: 1.39445e-06
eec: 1597.11
weight: 0.001099
eec: 234.508
weight: 5.48137e-06
eec: 218.71
weight: 5.0818e-08
eec: 2878.04
weight: 4.26666e-05
eec: 534.637
weight: 1.16716e-05
eec: 96.0481
weight: 0.000153427
eec: 238.055
weight: 6.12335e-06
eec: 348.601
weight: 9.735e-05
eec: 500.454
weight: 2.37327e-05
eec: 1460.28
weight: 3.16737e-07
eec: 54.971
weight: 9.79115e-06
eec: 80.6284
weight: 2.15997e-05
eec: 443.378
weight: 0.000104522
eec: 59.3161
weight: 1.33793e-05
eec: 786.054
weight: 1.29172e-05
eec: 213.52

ROOT exit code = 0
