gSystem->Load("run_condor_job_Run3_C.so");
run_condor_job_Run3(721, 100, 2,
                    80, 200,
                    1, 1, 1, 7);
.q

ENTERED run_condor_job_Run3()
JOBID = 721
  global job = 721  Job 21/100  events [1195740, 1252680)  total=5694000
Processing events [1195740, 1252680) of 5694000
weight: 6.66502e-08
eec: 235.592
weight: 1.6881e-06
eec: 2083.02
weight: 6.8513e-05
eec: 142.298
weight: 5.28153e-05
eec: 99.5984
weight: 1.0292e-05
eec: 305.771
weight: 0.000190303
eec: 181.32
weight: 9.47079e-05
eec: 237.098
weight: 7.03132e-06
eec: 816.55
weight: 4.94702e-05
eec: 391.374
weight: 2.01796e-05
eec: 227.045
weight: 0.000127166
eec: 346.364
weight: 2.48634e-05
eec: 48.2038
weight: 0.000474578
eec: 1071.06
weight: 0.000330698
eec: 765.012
weight: 0.000891827
eec: 181.509
Processing: 21.0748 %weight: 1.12972e-05
eec: 1951.67
weight: 8.7804e-06
eec: 1211.8
weight: 1.03804e-05
eec: 116.992
weight: 7.23449e-06
eec: 1127.53
weight: 8.02563e-05
eec: 1388.23
weight: 7.26515e-05
eec: 822.358
weight: 0.000112963
eec: 101.692
weight: 3.68857e-05
eec: 667.315
weight: 1.796e-05
eec: 34.0605
weight: 3.29071e-05
eec: 41.025
weight: 7.18614e-06
eec: 281.254
weight: 0.000205463
eec: 33.8957
weight: 6.03146e-05
eec: 1377.12
weight: 1.66714e-05
eec: 107.83
weight: 1.80379e-05
eec: 240.792
weight: 1.49105e-06
eec: 568.364
weight: 3.17468e-06
eec: 118.074
weight: 4.20847e-07
eec: 1702.64
weight: 0.000123103
eec: 1047.11
weight: 3.00637e-05
eec: 1148.35
weight: 1.64603e-05
eec: 272.814
weight: 7.37633e-05
eec: 573.794
weight: 5.11893e-07
eec: 259.408
weight: 2.17352e-06
eec: 131.73
weight: 8.92255e-05
eec: 1075.21
weight: 5.23318e-06
eec: 469.266
weight: 1.08847e-05
eec: 108.264
weight: 1.02281e-05
eec: 1012.26
weight: 3.93739e-06
eec: 610.903
weight: 6.15641e-05
eec: 1636.35
weight: 3.50503e-05
eec: 1173.34
weight: 0.000115685
eec: 261.319
weight: 3.33532e-05
eec: 83.1911
weight: 1.60094e-06
eec: 432.11
weight: 4.1195e-05
eec: 507.653
weight: 6.41108e-05
eec: 169.206
weight: 7.95359e-06
eec: 2087.85
weight: 7.8864e-05
eec: 253.848
weight: 0.000159099
eec: 61.2274
weight: 8.79035e-06
eec: 1685.81
weight: 8.95074e-06
eec: 1314
weight: 2.91567e-06
eec: 60.8536
weight: 7.22807e-05
eec: 183.159
weight: 3.45429e-06
eec: 42.2758
weight: 9.91101e-05
eec: 903.719
weight: 6.51444e-06
eec: 347.259
weight: 3.09443e-05
eec: 14.2211
weight: 2.91295e-06
eec: 1748.47
weight: 6.86418e-05
eec: 337.682
weight: 5.21824e-05
eec: 249.933
weight: 3.64954e-07
eec: 1885.59
weight: 3.24728e-06
eec: 826.615
weight: 5.06023e-05
eec: 95.4748
weight: 1.78251e-06
eec: 322.225
weight: 0.000448251
eec: 120.438
weight: 4.47583e-06
eec: 550.355
weight: 8.29581e-06
eec: 2645.34
weight: 2.57487e-05
eec: 732.441
weight: 1.52655e-05
eec: 256.706
weight: 5.57687e-06
eec: 284.992
weight: 2.02083e-05
eec: 833.192
weight: 2.89983e-05
eec: 1452.85
weight: 3.51163e-05
eec: 634.929
weight: 1.5381e-05
eec: 1714.56
weight: 4.98315e-05
eec: 52.1385
weight: 6.90426e-05
eec: 380.846
weight: 4.22152e-06
eec: 1458.89
weight: 1.46076e-05
eec: 2811.53
weight: 2.74349e-06
eec: 196.337
weight: 2.27555e-07
eec: 132.948
weight: 5.53692e-05
eec: 426.164
weight: 5.96164e-05
eec: 922.487
weight: 6.28463e-05
eec: 195.732
weight: 1.003e-05
eec: 3624.59
weight: 6.14317e-06
eec: 289.011
weight: 2.01088e-07
eec: 929.691
weight: 0.000368177
eec: 515.733
weight: 0.000153272
eec: 194.271
weight: 7.74372e-06
eec: 307.68
weight: 3.35246e-06
eec: 1144.1
weight: 0.000160688
eec: 439.535
weight: 1.30796e-05
eec: 818.476
weight: 1.59793e-05
eec: 228.709
weight: 0.000326274
eec: 248.033
weight: 2.36994e-05
eec: 1387.28
weight: 2.80855e-07
eec: 647.762
weight: 3.27362e-07
eec: 281.381
weight: 2.74938e-05
eec: 857.64
weight: 0.000179122
eec: 335.234
weight: 3.13746e-06
eec: 1987.03
weight: 2.06904e-05
eec: 639.95
weight: 0.000332386
eec: 773.109
weight: 5.86816e-06
eec: 322.395
weight: 1.10297e-05
eec: 90.6283
weight: 1.60132e-05
eec: 159.219
weight: 1.62551e-06
eec: 79.4401
weight: 1.4451e-05
eec: 689.176
weight: 0.00092094
eec: 90.6027
weight: 4.76317e-06
eec: 909.595
weight: 1.65452e-05
eec: 2411.41
weight: 0.000825765
eec: 141.692
weight: 1.3379e-05
eec: 555.903
weight: 0.000462211
eec: 300.175
weight: 2.8028e-05
eec: 219.264
weight: 8.73571e-05
eec: 245.847
weight: 0.000179489
eec: 49.2747
weight: 2.7609e-05
eec: 551.945
weight: 4.17366e-05
eec: 544.213
weight: 8.69869e-05
eec: 156.362
weight: 6.25002e-05
eec: 769.588
weight: 2.5703e-05
eec: 69.4177
weight: 4.95921e-07
eec: 4506.99
weight: 4.27574e-05
eec: 440.998
weight: 3.07511e-05
eec: 40.3486
weight: 0.000247731
eec: 884.589
weight: 2.45643e-05
eec: 500.039
weight: 5.05706e-05
eec: 408.455
weight: 4.39316e-05
eec: 103.361
weight: 1.14167e-05
eec: 281.778
weight: 6.18447e-05
eec: 247.297
weight: 0.00017086
eec: 173.357
weight: 2.9993e-05
eec: 237.793
weight: 4.40894e-06
eec: 1718.92
weight: 3.00236e-05
eec: 1811.09
weight: 0.000273914
eec: 364.276
weight: 4.8382e-06
eec: 284.641
weight: 3.13766e-05
eec: 610.102
weight: 4.2086e-07
eec: 432.512
weight: 5.55351e-05
eec: 834.628
weight: 0.000163725
eec: 356.707
weight: 1.22756e-05
eec: 362.593
weight: 2.76687e-08
eec: 361.958
weight: 0.000184739
eec: 431.679
weight: 0.000688332
eec: 884.653
weight: 1.4324e-06
eec: 154.966
weight: 1.41914e-05
eec: 2748.53
weight: 7.67632e-05
eec: 499.336
weight: 0.000120889
eec: 206.721
weight: 0.000149656
eec: 156.553
weight: 1.64438e-05
eec: 735.328
weight: 2.98559e-05
eec: 2480.65
weight: 1.45027e-05
eec: 608.761
weight: 0.000260277
eec: 84.3733
weight: 0.000946471
eec: 193.836
weight: 7.71345e-06
eec: 826.598
weight: 8.1109e-05
eec: 234.654
weight: 1.1241e-05
eec: 2082.03
weight: 1.0659e-06
eec: 557.364
weight: 1.44415e-05
eec: 721.664
weight: 2.41444e-05
eec: 1362.03
weight: 6.2319e-07
eec: 278.716
weight: 1.27072e-05
eec: 24.7296
weight: 1.16446e-05
eec: 624.672
weight: 6.81016e-05
eec: 345.818
weight: 0.000167523
eec: 82.5643
weight: 3.90612e-06
eec: 286.684
weight: 1.45697e-05
eec: 865.439
weight: 0.000149395
eec: 338.955
weight: 1.81118e-07
eec: 87.177
weight: 4.77393e-06
eec: 1214.32
weight: 0.000224704
eec: 518.759
weight: 0.000117052
eec: 214.971
weight: 0.000100647
eec: 360.203
weight: 4.81495e-06
eec: 176.376
weight: 3.82674e-05
eec: 1155.15
weight: 7.19612e-06
eec: 512.17
weight: 6.63242e-06
eec: 224.195
weight: 1.02859e-06
eec: 250.939
weight: 0.000565286
eec: 48.8314
weight: 4.35262e-06
eec: 113.042
weight: 8.20278e-06
eec: 1089.71
weight: 4.40534e-05
eec: 664.642
weight: 0.000136781
eec: 199.685
weight: 2.52956e-05
eec: 389.686
weight: 8.84216e-05
eec: 267.163
weight: 1.42212e-06
eec: 282.219
weight: 2.76319e-06
eec: 530.74
weight: 6.38691e-07
eec: 178.726
weight: 2.50063e-08
eec: 2668.22
weight: 4.29577e-06
eec: 36.4716
weight: 2.83428e-05
eec: 180.597
weight: 1.90419e-05
eec: 158.135
weight: 6.53589e-06
eec: 209.994
weight: 0.000336899
eec: 430.503
weight: 5.11303e-06
eec: 85.2493
Processing: 21.9529 %weight: 3.21143e-05
eec: 73.0129
weight: 5.26526e-05
eec: 135.488
weight: 4.16056e-05
eec: 131.906
weight: 6.07594e-05
eec: 1286.25
weight: 7.99532e-06
eec: 467.623
weight: 5.13102e-06
eec: 1524.92
weight: 4.14989e-07
eec: 631.351
weight: 0.000470854
eec: 278.537
weight: 0.000134044
eec: 1384.1

ROOT exit code = 0
