gSystem->Load("run_condor_job_Run3_C.so");
run_condor_job_Run3(236, 100, 2,
                    80, 200,
                    1, 1, 1, 2);
.q

ENTERED run_condor_job_Run3()
JOBID = 236
  global job = 236  Job 36/100  events [2160000, 2220000)  total=6000000
Processing events [2160000, 2220000) of 6000000
weight: 8.17553e-05
eec: 230.996
weight: 4.38769e-06
eec: 2919.53
weight: 9.06068e-06
eec: 1546.94
weight: 2.01918e-05
eec: 1211.8
weight: 1.46982e-05
eec: 751.141
weight: 1.5475e-06
eec: 390.372
weight: 5.03993e-05
eec: 984.342
weight: 0.000771178
eec: 658.625
weight: 9.13231e-06
eec: 792.693
weight: 1.50548e-05
eec: 390.437
weight: 0.000106035
eec: 461.194
weight: 3.44116e-05
eec: 186.756
weight: 5.54964e-05
eec: 284.119
weight: 0.000282238
eec: 63.18
weight: 0.000724322
eec: 132.519
weight: 2.26927e-05
eec: 240.026
weight: 4.26661e-05
eec: 1774
weight: 3.60966e-06
eec: 57.6564
weight: 1.2101e-05
eec: 475.913
weight: 1.07406e-05
eec: 450.438
weight: 0.000159256
eec: 251.144
weight: 1.39805e-05
eec: 641.833
weight: 1.26453e-05
eec: 1674.95
weight: 3.88473e-06
eec: 630.626
weight: 2.2999e-05
eec: 139.4
weight: 4.19593e-06
eec: 896.83
weight: 1.91444e-06
eec: 621.41
weight: 1.76007e-05
eec: 42.3306
weight: 1.78979e-05
eec: 139.488
weight: 2.64049e-05
eec: 1231.23
weight: 4.09072e-06
eec: 65.8737
weight: 8.78782e-06
eec: 239.769
weight: 6.37904e-06
eec: 687.174
weight: 4.1384e-05
eec: 10.9761
weight: 3.18976e-05
eec: 97.3353
weight: 7.04152e-06
eec: 664.439
weight: 0.000601822
eec: 220.557
weight: 2.21711e-05
eec: 1866.53
weight: 2.58404e-05
eec: 757.479
weight: 1.08241e-06
eec: 309.413
weight: 6.90805e-06
eec: 385.621
weight: 4.37554e-06
eec: 1406.45
weight: 2.44853e-05
eec: 587.246
weight: 8.70375e-05
eec: 222.939
weight: 9.50598e-05
eec: 426.074
weight: 0.000258371
eec: 785.625
weight: 0.000274436
eec: 196.506
weight: 3.64213e-05
eec: 125.142
weight: 5.14849e-05
eec: 53.2102
weight: 4.43095e-06
eec: 217.805
weight: 1.54273e-05
eec: 117.132
weight: 4.04057e-05
eec: 2227.34
weight: 2.05453e-05
eec: 218.635
weight: 1.54701e-05
eec: 1891.69
weight: 7.31294e-06
eec: 2225.32
weight: 1.57399e-05
eec: 193.718
weight: 1.26443e-05
eec: 2507.87
weight: 4.24508e-05
eec: 839.682
weight: 0.00010577
eec: 102.603
weight: 0.000223574
eec: 583.169
weight: 0.00125579
eec: 136.878
weight: 0.000101755
eec: 311.669
weight: 9.56445e-06
eec: 89.3542
weight: 9.52198e-05
eec: 195.09
weight: 1.40296e-05
eec: 51.5692
weight: 3.64956e-08
eec: 39.1093
weight: 3.63791e-05
eec: 871.327
weight: 8.23339e-06
eec: 869.549
weight: 8.09874e-06
eec: 1684.32
weight: 2.5551e-05
eec: 463.785
weight: 0.00118552
eec: 685.377
weight: 2.26219e-06
eec: 249.676
weight: 1.47434e-05
eec: 422.836
weight: 0.000362784
eec: 41.9845
weight: 8.75505e-05
eec: 250.866
weight: 7.06954e-07
eec: 133.818
weight: 4.56159e-06
eec: 1115.4
weight: 6.18701e-05
eec: 104.609
weight: 4.9937e-05
eec: 292.816
weight: 1.84802e-06
eec: 1688.04
weight: 1.35189e-05
eec: 68.8502
weight: 1.1566e-05
eec: 194.924
weight: 7.44414e-08
eec: 897.466
weight: 4.60281e-05
eec: 214.237
weight: 7.58361e-05
eec: 316.334
weight: 3.92997e-05
eec: 322.374
weight: 2.52135e-05
eec: 496.053
weight: 8.67537e-05
eec: 313.706
weight: 1.13214e-06
eec: 608.807
weight: 0.000185249
eec: 385.493
weight: 5.75804e-05
eec: 108.968
weight: 9.12632e-05
eec: 1993.85
weight: 2.37943e-05
eec: 360.5
weight: 9.30081e-06
eec: 407.928
weight: 1.7623e-05
eec: 522.93
weight: 6.01392e-05
eec: 160.24
weight: 2.19663e-06
eec: 290.096
weight: 0.000104787
eec: 55.5545
weight: 0.000277418
eec: 138.318
weight: 4.46143e-07
eec: 224.741
weight: 6.00361e-06
eec: 148.172
weight: 3.1326e-05
eec: 107.361
weight: 1.34125e-05
eec: 104.299
weight: 0.000101052
eec: 590.576
weight: 3.31856e-05
eec: 1963.57
weight: 0.000768206
eec: 130.903
weight: 4.25764e-05
eec: 942.343
weight: 4.26987e-06
eec: 972.856
weight: 6.08948e-06
eec: 1586.71
weight: 3.05388e-05
eec: 902.369
weight: 3.54055e-06
eec: 769.128
weight: 2.69563e-05
eec: 554.553
weight: 0.000168555
eec: 250.392
weight: 0.000176553
eec: 266.088
weight: 1.5674e-05
eec: 1843.89
weight: 8.74831e-06
eec: 2062.02
weight: 3.22476e-07
eec: 438.9
weight: 2.53084e-06
eec: 196.318
weight: 6.71577e-06
eec: 758.922
weight: 0.000125836
eec: 949.142
weight: 9.95949e-06
eec: 34.3813
weight: 0.000266211
eec: 855.457
weight: 1.17276e-06
eec: 97.9151
weight: 0.00043677
eec: 250.502
weight: 2.2015e-07
eec: 219.855
weight: 4.5285e-05
eec: 125.513
weight: 2.90579e-05
eec: 81.6102
weight: 0.000256053
eec: 163.927
weight: 3.69391e-05
eec: 384.293
weight: 6.41563e-05
eec: 485.566
weight: 0.000164197
eec: 478.93
weight: 0.00011432
eec: 598.333
weight: 4.18458e-05
eec: 1191.05
weight: 0.000274909
eec: 815.822
weight: 3.02052e-05
eec: 501.408
weight: 0.000130792
eec: 450.256
weight: 0.000590625
eec: 549.516
weight: 8.64571e-06
eec: 292.688
weight: 0.000647994
eec: 206.848
weight: 0.000234916
eec: 354.151
weight: 0.000164262
eec: 941.772
weight: 8.32311e-05
eec: 46.7827
weight: 7.17461e-05
eec: 287.884
weight: 6.11276e-05
eec: 71.6592
weight: 6.0015e-08
eec: 253.708
weight: 7.1861e-05
eec: 184.099
weight: 0.000349799
eec: 896.575
weight: 2.70557e-05
eec: 95.8604
weight: 0.000217348
eec: 473.481
weight: 2.07741e-05
eec: 1133.85
weight: 5.01298e-05
eec: 646.4
weight: 5.94863e-06
eec: 1223.88
weight: 1.02458e-05
eec: 71.0978
weight: 2.1636e-05
eec: 66.1586
weight: 2.2679e-05
eec: 269.354
weight: 2.76596e-05
eec: 1604.5
weight: 4.63386e-05
eec: 450.236
weight: 3.88828e-06
eec: 1908.3
weight: 3.31832e-05
eec: 489.124
weight: 0.000323692
eec: 376.109
weight: 1.46886e-07
eec: 273.583
weight: 0.00104086
eec: 1232.35
weight: 4.78107e-06
eec: 1786.18
weight: 9.32684e-06
eec: 2378.4
weight: 3.34433e-05
eec: 831.51
weight: 4.8561e-05
eec: 162.725
weight: 1.1401e-05
eec: 491.327
weight: 0.000114404
eec: 155.651
weight: 2.67228e-05
eec: 395.04
weight: 7.63818e-07
eec: 191.857
weight: 1.08648e-05
eec: 83.8765
weight: 1.83018e-05
eec: 194.905
weight: 5.61304e-05
eec: 200.882
weight: 2.91499e-05
eec: 1332.07
weight: 0.000480918
eec: 1389.02
weight: 0.000167431
eec: 793.97
weight: 2.92991e-05
eec: 350.571
Processing: 36.6667 %weight: 1.45026e-06
eec: 4385.63
weight: 1.63321e-05
eec: 1314.16
weight: 2.74341e-05
eec: 582.918
weight: 2.57177e-05
eec: 419.256
weight: 4.73434e-05
eec: 1138.09
weight: 6.85287e-05
eec: 56.9944
weight: 6.83139e-06
eec: 393.37
weight: 4.60519e-06
eec: 88.8912
weight: 1.55715e-06
eec: 85.7043
weight: 3.91513e-05
eec: 314.775
weight: 7.0116e-05
eec: 319.634
weight: 7.74651e-07
eec: 494.171
weight: 0.000411639
eec: 331.594
weight: 6.35288e-06
eec: 1208.36
weight: 2.6416e-05
eec: 84.5959
weight: 2.75819e-06
eec: 393.888
weight: 1.36784e-05
eec: 29.8189
weight: 2.18893e-07
eec: 95.8654
weight: 9.48876e-06
eec: 137.702
weight: 0.000317538
eec: 595.148
weight: 1.61623e-05
eec: 230.662
weight: 5.44654e-05
eec: 280.776
weight: 5.51002e-05
eec: 746.244
weight: 2.70265e-05
eec: 831.787
weight: 6.18849e-06
eec: 455.143
weight: 4.46456e-05
eec: 222.808
weight: 1.61285e-05
eec: 38.2679
weight: 3.16704e-07
eec: 103.003
weight: 0.000234873
eec: 813.567
weight: 7.18506e-05
eec: 1671.38
weight: 1.06967e-05
eec: 337.44
weight: 7.74927e-05
eec: 77.2059
weight: 0.000185418
eec: 383.04
weight: 2.53908e-05
eec: 525.185
weight: 2.79413e-05
eec: 78.4311
weight: 0.000254729
eec: 29.1507
weight: 1.5658e-05
eec: 181.042
weight: 4.88152e-06
eec: 1410.78
weight: 3.90876e-06
eec: 253.623
weight: 0.000392564
eec: 181.149
weight: 4.51657e-07
eec: 790.049
weight: 2.73771e-06
eec: 559.366
weight: 5.68337e-05
eec: 357.024
weight: 7.88804e-05
eec: 220.689
weight: 2.84857e-05
eec: 523.412
weight: 1.18316e-05
eec: 783.536
weight: 1.65181e-05
eec: 209.345
weight: 1.09633e-05
eec: 285.48
weight: 9.27486e-05
eec: 1800.8
weight: 2.63795e-06
eec: 206.304
weight: 8.96978e-07
eec: 1089.12
weight: 4.87959e-07
eec: 16.8948
weight: 2.36192e-06
eec: 287.286
weight: 2.13201e-05
eec: 123.063
weight: 1.60086e-05
eec: 2343.04
weight: 0.000555089
eec: 356.908
weight: 3.43451e-05
eec: 567.18
weight: 9.46415e-06
eec: 205.838
weight: 4.31322e-07
eec: 744.962
weight: 0.000149664
eec: 82.7896
weight: 1.5918e-05
eec: 462.875
weight: 3.99142e-05
eec: 356.302
weight: 2.10368e-05
eec: 961.032
weight: 0.000737839
eec: 133.47
weight: 3.19882e-08
eec: 4021.55
weight: 7.58587e-06
eec: 646.6
weight: 0.000404511
eec: 183.156
weight: 4.40806e-06
eec: 1374.78
weight: 6.83604e-05
eec: 761.648
weight: 3.9357e-05
eec: 513.919
weight: 6.07682e-05
eec: 34.3098
weight: 4.9158e-05
eec: 1260.02
weight: 5.57064e-07
eec: 269.858
weight: 1.38075e-06
eec: 1267.07
weight: 0.000305501
eec: 35.7624
weight: 1.54331e-05
eec: 21.7118
weight: 1.72679e-05
eec: 124.981
weight: 1.22729e-05
eec: 62.2537
weight: 0.00015223
eec: 312.703
weight: 3.15534e-05
eec: 917.418

ROOT exit code = 0
