gSystem->Load("run_condor_job_Run3_C.so");
run_condor_job_Run3(350, 100, 2,
                    80, 200,
                    1, 1, 1, 3);
.q

ENTERED run_condor_job_Run3()
JOBID = 350
  global job = 350  Job 50/100  events [3000000, 3060000)  total=6000000
Processing events [3000000, 3060000) of 6000000
Processing: 50 %weight: 7.68693e-07
eec: 111.67
weight: 9.75496e-07
eec: 361.382
weight: 3.4758e-05
eec: 176.483
weight: 2.97018e-06
eec: 832.206
weight: 4.29572e-05
eec: 172.974
weight: 1.73319e-05
eec: 498.124
weight: 2.019e-06
eec: 1592.92
weight: 0.000245468
eec: 1244.56
weight: 1.35128e-07
eec: 855.753
weight: 5.09838e-05
eec: 1876.66
weight: 9.60953e-06
eec: 826.189
weight: 0.000247341
eec: 672.085
weight: 3.1121e-06
eec: 483.598
weight: 3.55897e-06
eec: 252.178
weight: 1.51771e-05
eec: 2904.19
weight: 6.27706e-06
eec: 592.914
weight: 1.85209e-05
eec: 573.744
weight: 1.68636e-06
eec: 611.455
weight: 3.41018e-05
eec: 92.1761
weight: 3.70975e-05
eec: 229.543
weight: 0.000121368
eec: 202.917
weight: 6.67232e-05
eec: 107.511
weight: 2.02421e-05
eec: 1378
weight: 0.00010777
eec: 596.934
weight: 6.05897e-05
eec: 169.628
weight: 0.000140832
eec: 168.713
weight: 4.8283e-06
eec: 267.606
weight: 7.08176e-07
eec: 135.868
weight: 9.07889e-05
eec: 996.554
weight: 6.31159e-07
eec: 784.952
weight: 6.64773e-06
eec: 661.829
weight: 2.17591e-05
eec: 382.532
weight: 5.93983e-05
eec: 323.459
weight: 1.24521e-05
eec: 227.287
weight: 0.000381454
eec: 246.843
weight: 2.61621e-07
eec: 184.287
weight: 0.000219184
eec: 354.295
weight: 1.8361e-05
eec: 642.976
weight: 1.19945e-05
eec: 36.2349
weight: 2.61515e-05
eec: 299.346
weight: 2.61515e-05
eec: 460.956
weight: 9.5387e-06
eec: 183.343
weight: 1.24612e-07
eec: 267.36
weight: 1.17317e-05
eec: 721.612
weight: 1.25462e-05
eec: 502.6
weight: 7.5199e-05
eec: 1191.09
weight: 0.000626636
eec: 463.407
weight: 5.48075e-06
eec: 48.0516
weight: 3.15488e-06
eec: 1664.59
weight: 3.76554e-06
eec: 251.855
weight: 2.67138e-05
eec: 1657.48
weight: 1.99414e-05
eec: 1021.42
weight: 6.74311e-06
eec: 72.0733
weight: 2.50053e-05
eec: 1049.58
weight: 1.16733e-05
eec: 93.8947
weight: 8.94932e-09
eec: 117.521
weight: 3.02217e-06
eec: 246.488
weight: 4.47483e-06
eec: 80.2852
weight: 3.09725e-07
eec: 707.229
weight: 1.35987e-06
eec: 113.505
weight: 6.57937e-07
eec: 336.223
weight: 2.59117e-06
eec: 918.482
weight: 6.38561e-05
eec: 385.604
weight: 2.98894e-05
eec: 816.997
weight: 4.15689e-06
eec: 268.553
weight: 3.16716e-05
eec: 958.343
weight: 0.000198852
eec: 853.552
weight: 1.54725e-05
eec: 48.9682
weight: 0.000157536
eec: 32.7485
weight: 0.000157606
eec: 354.538
weight: 9.31033e-06
eec: 1085.87
weight: 2.10554e-05
eec: 1576.42
weight: 1.71606e-05
eec: 903.367
weight: 8.56855e-08
eec: 225.801
weight: 2.29682e-06
eec: 238.096
weight: 7.82726e-05
eec: 316.653
weight: 9.14716e-06
eec: 69.7986
weight: 2.08387e-06
eec: 1984.31
weight: 0.000348833
eec: 302.457
weight: 0.00366919
eec: 647.721
weight: 2.77251e-05
eec: 263.951
weight: 1.14521e-05
eec: 1278.84
weight: 0.000276908
eec: 294.235
weight: 8.4678e-05
eec: 853.386
weight: 2.76131e-06
eec: 1509.82
weight: 1.18365e-07
eec: 287.373
weight: 1.08905e-06
eec: 790.048
weight: 9.87129e-06
eec: 1912.21
weight: 5.80775e-06
eec: 80.0642
weight: 0.000104393
eec: 123.875
weight: 1.62972e-05
eec: 168.165
weight: 5.57356e-06
eec: 996.897
weight: 3.66335e-05
eec: 438.332
weight: 2.92045e-06
eec: 107.442
weight: 2.68626e-06
eec: 301.07
weight: 4.95994e-05
eec: 45.0323
weight: 3.33429e-06
eec: 51.1992
weight: 3.22215e-05
eec: 34.2388
weight: 0.000189959
eec: 789.33
weight: 1.64958e-05
eec: 241.585
weight: 0.000405818
eec: 142.628
weight: 6.86636e-05
eec: 495.868
weight: 4.36766e-05
eec: 647.466
weight: 8.80823e-05
eec: 556.363
weight: 1.61107e-06
eec: 41.828
weight: 7.24875e-08
eec: 286.128
weight: 3.05541e-05
eec: 369.332
weight: 4.08444e-05
eec: 1650.38
weight: 1.10466e-07
eec: 899.958
weight: 2.59966e-06
eec: 301.725
weight: 8.66536e-06
eec: 959.717
weight: 6.12908e-06
eec: 1013.56
weight: 9.61451e-05
eec: 70.3348
weight: 6.98831e-05
eec: 152.935
weight: 3.36077e-05
eec: 1779.94
weight: 5.0879e-06
eec: 584.225
weight: 0.000296763
eec: 218.703
weight: 1.40965e-05
eec: 91.9224
weight: 7.28671e-06
eec: 630.138
weight: 3.05797e-06
eec: 1372.25
weight: 0.000126276
eec: 678.598
weight: 6.22198e-06
eec: 184.711
weight: 1.66294e-05
eec: 530.825
weight: 2.16862e-05
eec: 826.598
weight: 1.72632e-06
eec: 304.147
weight: 3.8802e-05
eec: 131.992
weight: 2.64678e-05
eec: 169.834
weight: 0.000422849
eec: 106.157
weight: 6.52267e-07
eec: 374.286
weight: 7.85213e-05
eec: 566.664
weight: 0.000100444
eec: 1058.26
weight: 1.99894e-05
eec: 349.784
weight: 9.67384e-06
eec: 33.5614
weight: 1.51972e-05
eec: 2755.69
weight: 5.06158e-05
eec: 147.712
weight: 4.45521e-06
eec: 597.457
weight: 0.000119571
eec: 68.0452
weight: 3.79261e-05
eec: 44.673
weight: 1.29058e-05
eec: 1498.68
weight: 0.000140399
eec: 644.759
weight: 1.82307e-06
eec: 457.51
weight: 2.51431e-05
eec: 893.509
weight: 9.55316e-05
eec: 426.315
weight: 2.609e-05
eec: 777.831
weight: 0.00014162
eec: 198.193
weight: 0.000182543
eec: 129.621
weight: 4.3405e-06
eec: 140.489
weight: 8.2395e-06
eec: 280.215
weight: 9.28703e-07
eec: 2169.3
weight: 6.32194e-05
eec: 256.977
weight: 5.93094e-05
eec: 176.558
weight: 1.13583e-06
eec: 969.486
weight: 8.10472e-05
eec: 195.446
weight: 3.64923e-05
eec: 665.366
weight: 3.81495e-06
eec: 10.6441
weight: 2.08722e-07
eec: 676.435
weight: 2.91213e-05
eec: 197.537
weight: 9.29748e-06
eec: 81.2749
weight: 5.19582e-05
eec: 310.64
weight: 6.32357e-07
eec: 1476.22
weight: 1.33453e-05
eec: 1752.93
weight: 5.72056e-05
eec: 815.238
weight: 0.000216555
eec: 798.436
weight: 1.63989e-05
eec: 171.542
weight: 1.56347e-05
eec: 28.9837
weight: 3.91218e-06
eec: 641.196
weight: 1.6295e-05
eec: 623.288
weight: 0.000126035
eec: 398.033
weight: 5.76753e-05
eec: 145.623
weight: 0.00010693
eec: 98.5256
weight: 0.000144845
eec: 170.6
weight: 3.32607e-05
eec: 479.788
weight: 1.34526e-05
eec: 574.409
weight: 0.000826159
eec: 370.975
weight: 2.22048e-05
eec: 89.8759
weight: 8.61773e-05
eec: 694.937
weight: 5.0608e-07
eec: 1266.28
Processing: 50.8333 %weight: 1.37289e-05
eec: 460.909
weight: 7.10814e-06
eec: 835.241
weight: 1.54546e-06
eec: 476.922
weight: 2.81232e-05
eec: 128.851
weight: 4.99192e-06
eec: 447.25
weight: 2.581e-05
eec: 89.4945
weight: 1.35205e-05
eec: 2296.22
weight: 1.72869e-05
eec: 368.047
weight: 8.25128e-06
eec: 1128.21
weight: 7.47874e-05
eec: 599.392
weight: 1.8133e-05
eec: 1998.87
weight: 6.59284e-06
eec: 144.848
weight: 5.11385e-07
eec: 902.137
weight: 4.67666e-05
eec: 71.2243
weight: 6.82928e-05
eec: 897.923
weight: 1.25998e-05
eec: 396.286
weight: 5.6556e-07
eec: 72.3928
weight: 5.19402e-05
eec: 1434.33
weight: 5.58871e-05
eec: 47.3927
weight: 3.41742e-05
eec: 76.0718
weight: 8.61779e-06
eec: 102.856
weight: 1.46149e-05
eec: 655.942
weight: 0.000317468
eec: 180.72
weight: 0.000106372
eec: 509.584
weight: 8.20791e-05
eec: 481.788
weight: 3.98612e-07
eec: 353.77
weight: 2.01396e-05
eec: 2145.69
weight: 0.00039065
eec: 34.8173
weight: 0.000189797
eec: 307.666
weight: 1.39922e-05
eec: 771.924
weight: 1.00532e-05
eec: 418.871
weight: 9.96847e-06
eec: 338.226
weight: 1.48247e-05
eec: 941.946
weight: 3.51832e-07
eec: 2474.41
weight: 1.08551e-05
eec: 212.619
weight: 1.56133e-05
eec: 308.692
weight: 3.17781e-05
eec: 383.697

ROOT exit code = 0
