gSystem->Load("run_condor_job_Run3_C.so");
run_condor_job_Run3(189, 100, 2,
                    80, 200,
                    1, 1, 1, 1);
.q

ENTERED run_condor_job_Run3()
JOBID = 189
  global job = 189  Job 89/100  events [5217180, 5275800)  total=5862000
Processing events [5217180, 5275800) of 5862000
weight: 3.05458e-05
eec: 2092.01
weight: 7.10301e-05
eec: 300.145
weight: 0.000659895
eec: 413.476
weight: 0.000753691
eec: 680.354
weight: 0.000241147
eec: 415.04
weight: 0.000843584
eec: 265.729
weight: 1.13219e-05
eec: 2083.38
weight: 2.30979e-06
eec: 303.926
weight: 0.000258817
eec: 154.009
weight: 2.15964e-05
eec: 356.149
weight: 9.05469e-05
eec: 445.918
weight: 5.47403e-06
eec: 788.214
weight: 4.29038e-06
eec: 1505.34
weight: 9.15244e-05
eec: 86.7826
weight: 1.77723e-06
eec: 1472.46
weight: 3.7219e-05
eec: 475.744
weight: 0.000133658
eec: 881.373
weight: 5.38602e-06
eec: 1828.75
weight: 3.32144e-06
eec: 140.325
weight: 0.000191579
eec: 282.171
weight: 1.97732e-05
eec: 289.618
weight: 2.82034e-05
eec: 703.678
weight: 1.42946e-05
eec: 770.002
weight: 4.30686e-05
eec: 1083.31
weight: 0.000353004
eec: 44.2097
weight: 6.66497e-06
eec: 540.143
weight: 4.33529e-05
eec: 775.705
weight: 0.000191412
eec: 338.467
weight: 0.000193191
eec: 18.3658
weight: 3.64193e-05
eec: 728.444
weight: 4.81621e-05
eec: 128.883
weight: 1.12774e-05
eec: 486.49
weight: 3.45179e-06
eec: 347.146
weight: 3.17072e-05
eec: 630.202
weight: 2.70175e-06
eec: 54.5802
weight: 3.25468e-05
eec: 134.571
weight: 2.39706e-05
eec: 1261.73
weight: 2.04866e-06
eec: 243.476
weight: 7.88802e-06
eec: 20.5598
weight: 0.000146444
eec: 362.559
weight: 4.29587e-06
eec: 166.426
weight: 5.24603e-05
eec: 1326.99
weight: 0.00257861
eec: 26.1197
weight: 5.66773e-06
eec: 205.437
weight: 1.65413e-05
eec: 1822.72
weight: 2.6365e-05
eec: 856.825
weight: 2.89619e-07
eec: 930.187
weight: 0.000115949
eec: 917.562
weight: 0.000173078
eec: 548.346
weight: 3.63619e-05
eec: 668.375
weight: 0.000259515
eec: 522.804
weight: 1.83945e-05
eec: 160.115
weight: 6.42165e-06
eec: 752.59
weight: 2.36964e-05
eec: 1293.55
weight: 2.46561e-07
eec: 203.674
weight: 8.49785e-07
eec: 1052.01
weight: 0.000236816
eec: 40.7642
weight: 4.62959e-05
eec: 631.17
weight: 0.000235942
eec: 537.88
weight: 0.000563225
eec: 422.316
weight: 9.87616e-05
eec: 216.379
weight: 1.8494e-05
eec: 492.244
weight: 0.00010896
eec: 373.319
weight: 0.000183805
eec: 274.429
weight: 3.81992e-07
eec: 954.644
weight: 0.000134345
eec: 601.335
weight: 2.66873e-05
eec: 2304.1
weight: 3.81281e-05
eec: 897.792
weight: 4.20741e-06
eec: 321.451
weight: 0.000252799
eec: 1060.71
weight: 1.51799e-05
eec: 207.375
weight: 3.57564e-05
eec: 952.623
weight: 1.48234e-05
eec: 766.328
weight: 6.35152e-06
eec: 441.351
weight: 3.37107e-07
eec: 949.75
weight: 5.65252e-05
eec: 15.647
weight: 6.77315e-05
eec: 411.669
weight: 2.73503e-05
eec: 95.0031
weight: 9.38847e-05
eec: 391.744
weight: 5.59067e-07
eec: 623.101
weight: 1.56829e-06
eec: 182.944
weight: 0.0001477
eec: 843.144
weight: 0.000260461
eec: 62.0902
weight: 0.000459953
eec: 184.579
weight: 3.35988e-05
eec: 2046.08
weight: 2.7871e-05
eec: 788.836
weight: 2.55972e-07
eec: 880.024
weight: 6.50351e-06
eec: 79.2791
weight: 5.70072e-05
eec: 249.451
weight: 7.3476e-05
eec: 951.841
weight: 9.09964e-06
eec: 902.812
weight: 4.46823e-05
eec: 222.977
weight: 0.000170146
eec: 578.608
weight: 3.24116e-05
eec: 209.864
weight: 1.29926e-05
eec: 127.845
weight: 7.48233e-06
eec: 439.359
weight: 0.00028858
eec: 54.0912
weight: 6.23044e-06
eec: 241.757
weight: 4.79298e-07
eec: 526.363
weight: 0.000262731
eec: 80.077
weight: 9.63962e-05
eec: 444.305
weight: 0.000111363
eec: 1160.52
weight: 7.48875e-05
eec: 1161.17
weight: 8.33757e-06
eec: 484.062
weight: 0.000357575
eec: 185.582
weight: 0.000198424
eec: 241.502
weight: 2.07808e-05
eec: 700.337
weight: 1.73419e-05
eec: 904.081
weight: 0.000106996
eec: 29.459
weight: 1.20751e-05
eec: 700.637
weight: 5.35719e-05
eec: 23.5342
weight: 1.6468e-05
eec: 1399.29
weight: 0.000364074
eec: 233.405
weight: 5.82982e-06
eec: 223.921
weight: 5.49484e-05
eec: 778.217
weight: 6.43693e-05
eec: 60.9474
weight: 8.06693e-05
eec: 869.158
weight: 2.97152e-05
eec: 1106.31
weight: 7.59303e-06
eec: 1085.84
weight: 0.000643992
eec: 39.0812
weight: 4.94309e-05
eec: 380.149
weight: 0.000140579
eec: 164.81
weight: 3.46755e-05
eec: 1845.84
weight: 6.77438e-09
eec: 605.543
weight: 0.00101523
eec: 113.636
weight: 4.41325e-07
eec: 1438.74
weight: 0.000151922
eec: 705.772
weight: 0.000132006
eec: 669.11
weight: 5.77096e-06
eec: 2235.74
weight: 6.25947e-06
eec: 183.967
weight: 8.76541e-06
eec: 1820.41
weight: 6.9082e-07
eec: 472.436
weight: 0.000126861
eec: 179.261
weight: 6.48838e-05
eec: 363.051
weight: 0.000114659
eec: 603.514
weight: 2.86414e-06
eec: 850.991
weight: 0.000409189
eec: 1176.7
weight: 1.01495e-05
eec: 278.784
weight: 1.0519e-05
eec: 1488.91
weight: 7.28753e-06
eec: 253.615
weight: 4.63816e-06
eec: 413.07
weight: 0.000231416
eec: 127.991
weight: 0.000266531
eec: 959.515
weight: 5.49085e-05
eec: 335.703
weight: 1.55646e-06
eec: 186.61
weight: 7.72767e-05
eec: 243.604
Processing: 89.5599 %weight: 7.27614e-05
eec: 2616.04
weight: 4.92347e-06
eec: 723.564
weight: 6.78751e-06
eec: 485.86
weight: 5.19809e-05
eec: 247.746
weight: 8.77871e-06
eec: 112.847
weight: 2.58067e-06
eec: 3143.55
weight: 1.83737e-06
eec: 1112.6
weight: 1.62014e-05
eec: 580.468
weight: 2.48566e-05
eec: 400.6
weight: 4.95356e-05
eec: 187.458
weight: 2.58472e-05
eec: 464.871
weight: 3.57778e-05
eec: 593.354
weight: 5.44872e-05
eec: 754.621
weight: 6.51102e-05
eec: 1153.41
weight: 9.05986e-05
eec: 38.0727
weight: 2.55989e-07
eec: 22.6862
weight: 1.2259e-06
eec: 2435.55
weight: 1.68161e-05
eec: 112.58
weight: 4.15538e-05
eec: 568.272
weight: 2.71907e-07
eec: 60.5502
weight: 2.26835e-05
eec: 653.875
weight: 2.24068e-05
eec: 112.272
weight: 0.000210666
eec: 106.276
weight: 1.08705e-05
eec: 643.568
weight: 2.5759e-05
eec: 153.072
weight: 0.000386552
eec: 163.516
weight: 9.58361e-05
eec: 139.683
weight: 0.000196682
eec: 111.475
weight: 2.71972e-05
eec: 119.169
weight: 1.1342e-05
eec: 243.654
weight: 8.05577e-06
eec: 108.819
weight: 1.00478e-05
eec: 592.778
weight: 0.000568448
eec: 193.02
weight: 5.37117e-05
eec: 289.873
weight: 1.02171e-05
eec: 567.541
weight: 0.00033884
eec: 123.329
weight: 0.000130963
eec: 634.184
weight: 5.95792e-05
eec: 270.861
weight: 0.000100721
eec: 472.863
weight: 0.000423103
eec: 57.7259
weight: 0.000272149
eec: 153.246
weight: 1.79567e-05
eec: 405.716
weight: 2.24347e-05
eec: 347.939
weight: 8.17962e-06
eec: 299.505
weight: 7.25525e-06
eec: 25.1406
weight: 3.8477e-06
eec: 529.323
weight: 6.15232e-05
eec: 443.156
weight: 1.00474e-06
eec: 530.575
weight: 1.79744e-05
eec: 3235.82
weight: 1.82635e-06
eec: 77.683
weight: 1.66888e-05
eec: 622.504
weight: 1.403e-06
eec: 584.699
weight: 2.77792e-07
eec: 1535.46
weight: 3.75951e-06
eec: 2767.74
weight: 6.65595e-05
eec: 3250.81
weight: 1.52611e-05
eec: 879.223
weight: 3.6502e-05
eec: 300.204
weight: 0.000106916
eec: 259.295
weight: 4.41458e-05
eec: 661.42
weight: 0.000152232
eec: 758.044
weight: 0.000231921
eec: 661.173
weight: 3.02005e-07
eec: 932.509
weight: 3.30002e-06
eec: 249.697
weight: 2.2052e-05
eec: 365.173
weight: 1.98658e-05
eec: 1035.4
weight: 1.1665e-05
eec: 1441.41
weight: 4.66316e-05
eec: 887.336
weight: 4.56279e-05
eec: 584.574
weight: 4.4939e-06
eec: 457.427
weight: 3.311e-06
eec: 516.816
weight: 0.00010349
eec: 476.594
weight: 1.55971e-06
eec: 294.682
weight: 7.39667e-06
eec: 921.475
weight: 0.000219919
eec: 158.382
weight: 2.53372e-07
eec: 352.268
weight: 7.21125e-05
eec: 1549.91
weight: 3.56121e-06
eec: 1286.4
weight: 5.59978e-05
eec: 1584.94
weight: 6.5053e-06
eec: 200.95
weight: 1.84019e-05
eec: 1841.48
weight: 7.57145e-06
eec: 1056.97
weight: 1.03977e-05
eec: 690.62
weight: 0.000218487
eec: 422.007
weight: 2.86742e-05
eec: 162.337
weight: 2.48561e-05
eec: 229.246
weight: 0.000309891
eec: 282.138
weight: 2.61272e-05
eec: 190.241
weight: 2.51954e-05
eec: 175.519
weight: 9.37661e-06
eec: 1416.24
weight: 2.75226e-06
eec: 390.332
weight: 8.23713e-06
eec: 141.933
weight: 7.93259e-06
eec: 2753.51
weight: 2.13062e-05
eec: 54.5016
weight: 2.43011e-07
eec: 1627.23
weight: 2.57402e-05
eec: 144.372
weight: 2.29738e-06
eec: 690.307
weight: 2.82506e-05
eec: 690.043
weight: 2.79571e-05
eec: 473.191
weight: 5.06169e-06
eec: 332.114
weight: 3.23577e-06
eec: 1611.96

ROOT exit code = 0
