gSystem->Load("run_condor_job_Run3_C.so");
run_condor_job_Run3(393, 100, 2,
                    80, 200,
                    1, 1, 1, 3);
.q

ENTERED run_condor_job_Run3()
JOBID = 393
  global job = 393  Job 93/100  events [5580000, 5640000)  total=6000000
Processing events [5580000, 5640000) of 6000000
weight: 3.09706e-06
eec: 1057.28
weight: 1.77419e-05
eec: 1064.02
weight: 0.000207676
eec: 224.801
weight: 2.43062e-05
eec: 131.471
weight: 3.56555e-07
eec: 1348.22
weight: 0.000310529
eec: 404.734
weight: 1.19195e-06
eec: 1120.64
weight: 2.08508e-05
eec: 121.062
weight: 9.50404e-07
eec: 1871.06
weight: 0.00015544
eec: 475.812
weight: 7.72699e-05
eec: 76.691
weight: 3.14459e-05
eec: 992.972
weight: 1.42858e-05
eec: 161.061
weight: 4.15958e-05
eec: 498.575
weight: 0.00026896
eec: 822.687
weight: 6.66869e-06
eec: 283.265
weight: 0.000491848
eec: 308.353
weight: 4.41129e-07
eec: 1658.23
weight: 0.000127987
eec: 312.003
weight: 7.60849e-05
eec: 822.445
weight: 2.6992e-05
eec: 150.861
weight: 3.05573e-05
eec: 17.3308
weight: 0.000104704
eec: 93.1893
weight: 0.000195462
eec: 75.6758
weight: 6.81139e-06
eec: 1132.27
weight: 6.70626e-06
eec: 1279.71
weight: 1.60496e-05
eec: 2324.37
weight: 1.84424e-05
eec: 614.319
weight: 4.93349e-05
eec: 406.972
weight: 4.93349e-05
eec: 397.771
weight: 0.00134769
eec: 468.538
weight: 1.10334e-05
eec: 326.318
weight: 5.958e-05
eec: 55.8922
weight: 1.20517e-05
eec: 4113.51
weight: 4.64939e-05
eec: 580.593
weight: 3.61216e-05
eec: 532.571
weight: 7.38204e-06
eec: 2332.65
weight: 1.53285e-05
eec: 325.593
weight: 8.63663e-05
eec: 280.941
weight: 0.000153707
eec: 64.1746
weight: 7.06914e-05
eec: 942.23
weight: 9.8014e-05
eec: 142.339
weight: 0.000866151
eec: 776.306
weight: 0.000114287
eec: 84.8118
weight: 7.56827e-07
eec: 847.484
weight: 1.85216e-06
eec: 76.9429
weight: 1.58346e-06
eec: 1416
weight: 6.65672e-05
eec: 238.915
weight: 2.17867e-06
eec: 85.3216
weight: 5.96918e-06
eec: 145.671
weight: 9.67019e-06
eec: 397.746
weight: 8.22839e-05
eec: 656.741
weight: 6.42786e-05
eec: 211.907
weight: 0.000330777
eec: 541.9
weight: 6.4363e-05
eec: 903.62
weight: 8.91734e-06
eec: 385.961
weight: 5.51235e-05
eec: 56.2525
weight: 2.13069e-05
eec: 369.149
weight: 4.33704e-06
eec: 1493.03
weight: 8.40998e-06
eec: 121.508
weight: 1.43465e-05
eec: 391.495
weight: 4.02568e-05
eec: 370.276
weight: 0.000161765
eec: 35.7183
weight: 9.47735e-05
eec: 741.77
weight: 8.28542e-05
eec: 854.798
weight: 1.48284e-05
eec: 65.1456
weight: 6.44383e-05
eec: 829.229
weight: 8.82566e-05
eec: 134.532
weight: 9.59627e-05
eec: 366.187
weight: 0.000284662
eec: 131.157
weight: 7.55152e-07
eec: 1186.13
weight: 0.000476138
eec: 70.4934
Processing: 93.3333 %weight: 2.08319e-05
eec: 778.161
weight: 0.000147494
eec: 580.564
weight: 2.82373e-05
eec: 1373.23
weight: 3.54163e-06
eec: 197.617
weight: 4.5193e-07
eec: 30.0038
weight: 1.14275e-05
eec: 176.128
weight: 4.52849e-06
eec: 919.828
weight: 1.77394e-05
eec: 682.313
weight: 9.20919e-05
eec: 126.785
weight: 2.96463e-05
eec: 821.745
weight: 6.84711e-05
eec: 318.423
weight: 9.72271e-05
eec: 712.454
weight: 0.000109705
eec: 377.696
weight: 9.16699e-05
eec: 102.499
weight: 1.3764e-05
eec: 1239.21
weight: 5.69084e-05
eec: 675.323
weight: 4.49565e-06
eec: 596.87
weight: 1.69511e-05
eec: 1359.35
weight: 0.000227622
eec: 148.988
weight: 4.53576e-06
eec: 175.971
weight: 2.3031e-07
eec: 538.527
weight: 7.80055e-05
eec: 301.316
weight: 0.000174569
eec: 127.246
weight: 1.70583e-07
eec: 11.655
weight: 7.51115e-05
eec: 173.675
weight: 0.000186197
eec: 746.503
weight: 9.31004e-05
eec: 383.655
weight: 1.32326e-05
eec: 981.52
weight: 5.22981e-06
eec: 375.756
weight: 8.37657e-06
eec: 1166.63
weight: 0.000276063
eec: 165.233
weight: 1.49052e-05
eec: 814.308
weight: 5.38572e-06
eec: 3822.27
weight: 4.4107e-05
eec: 870.62
weight: 3.0676e-05
eec: 207.04
weight: 1.24886e-05
eec: 261.918
weight: 5.19873e-05
eec: 140.136
weight: 0.000135122
eec: 63.3813
weight: 2.55421e-05
eec: 112.202
weight: 8.85054e-05
eec: 188.541
weight: 4.20244e-06
eec: 1978.4
weight: 2.15161e-05
eec: 51.5336
weight: 6.02283e-06
eec: 442.039
weight: 5.65671e-06
eec: 50.4211
weight: 2.56278e-05
eec: 565.811
weight: 2.58096e-08
eec: 94.2338
weight: 7.23472e-05
eec: 255.353
weight: 9.19934e-05
eec: 463.653
weight: 7.15074e-05
eec: 1139.88
weight: 1.72883e-05
eec: 571.463
weight: 4.54684e-05
eec: 917.192
weight: 0.000272316
eec: 945.231
weight: 0.000131355
eec: 413.993
weight: 4.11026e-05
eec: 2586.6
weight: 1.55497e-05
eec: 762.368
weight: 1.18285e-05
eec: 570.31
weight: 1.00969e-08
eec: 68.3281
weight: 0.000180471
eec: 287.498
weight: 2.13013e-05
eec: 440.979
weight: 1.2059e-05
eec: 537.625
weight: 0.000138847
eec: 565.797
weight: 7.42038e-05
eec: 185.492
weight: 8.12713e-05
eec: 491.626
weight: 2.45912e-05
eec: 594.66
weight: 1.06161e-05
eec: 302.636
weight: 1.4419e-05
eec: 923.928
weight: 5.48347e-05
eec: 28.6782
weight: 0.000423457
eec: 198.376
weight: 5.12227e-05
eec: 89.0199
weight: 3.66033e-06
eec: 449.809
weight: 0.000317932
eec: 165.42
weight: 3.85378e-05
eec: 445.865
weight: 0.000421866
eec: 235.925
weight: 9.82608e-06
eec: 1787.59
weight: 4.27864e-05
eec: 1230.87
weight: 0.000256692
eec: 25.5513
weight: 8.34877e-06
eec: 246.819
weight: 0.00031628
eec: 763.846
weight: 0.00071971
eec: 502.607
weight: 4.76223e-06
eec: 1520.32
weight: 2.72235e-06
eec: 701.667
weight: 7.46449e-05
eec: 2176.68
weight: 0.000381559
eec: 755.881
weight: 6.59132e-05
eec: 1507.41
weight: 6.32126e-05
eec: 117.244
weight: 7.68151e-05
eec: 41.6006
weight: 4.51067e-06
eec: 79.9182
weight: 1.03669e-05
eec: 529.703
weight: 2.54771e-06
eec: 963.796
weight: 4.50373e-07
eec: 72.0697
weight: 0.000444917
eec: 190.136
weight: 0.00066131
eec: 232.459
weight: 1.17295e-05
eec: 411.157
weight: 1.20478e-06
eec: 127.668
weight: 0.000222325
eec: 415.209
weight: 0.00059101
eec: 317.96
weight: 8.08735e-06
eec: 787.564
weight: 0.000260183
eec: 681.841
weight: 0.000568375
eec: 69.6552
weight: 0.000165211
eec: 1257.06
weight: 0.000179275
eec: 75.2512
weight: 1.48173e-06
eec: 292.727
weight: 6.59501e-06
eec: 594.128
weight: 2.90721e-06
eec: 1766.3
weight: 0.000108401
eec: 389.419
weight: 9.86642e-05
eec: 66.4742
weight: 0.0033293
eec: 218.632
weight: 8.94747e-06
eec: 1583.75
weight: 4.14651e-05
eec: 102.093
weight: 0.00011542
eec: 665.496
weight: 1.01156e-05
eec: 57.9403
weight: 4.59612e-06
eec: 556.12
weight: 3.77049e-05
eec: 140.412
weight: 0.000241428
eec: 345.142
weight: 6.68835e-06
eec: 363.974
weight: 1.05318e-05
eec: 383.838
weight: 2.11943e-05
eec: 1163.53
weight: 3.6559e-05
eec: 472.63
weight: 9.69235e-05
eec: 384.632
weight: 1.28492e-05
eec: 1435.77
weight: 6.45157e-05
eec: 98.9904
weight: 1.98749e-05
eec: 1667.17
weight: 3.66259e-07
eec: 911.04
weight: 5.98068e-07
eec: 2826
weight: 2.98315e-06
eec: 40.3203
weight: 0.000224667
eec: 80.17
weight: 2.65692e-06
eec: 42.9737
weight: 4.1159e-05
eec: 841.268
weight: 4.73553e-07
eec: 122.229
weight: 4.3554e-05
eec: 945.859
weight: 9.70993e-05
eec: 1163.75
weight: 0.000234106
eec: 570.09
weight: 0.000181143
eec: 377.905
weight: 1.52596e-05
eec: 286.532
weight: 0.000123074
eec: 408.16
weight: 5.47625e-06
eec: 1420.15
weight: 4.65724e-06
eec: 1409.78
weight: 9.76819e-07
eec: 1561.44
weight: 0.000448408
eec: 193.354
weight: 1.84456e-05
eec: 961.413
weight: 3.05912e-05
eec: 319.588
weight: 2.29529e-06
eec: 666.922
weight: 5.09467e-05
eec: 234.538
weight: 3.00426e-06
eec: 150.423
weight: 1.57287e-05
eec: 394.217
weight: 9.83357e-05
eec: 198.282
weight: 8.31254e-05
eec: 705.517
weight: 5.85158e-05
eec: 326.631
weight: 1.31844e-06
eec: 485.809
weight: 2.21664e-06
eec: 204.591
weight: 6.71985e-06
eec: 21.5377
weight: 4.11224e-06
eec: 343.968
weight: 9.70002e-06
eec: 411.791
weight: 3.24477e-05
eec: 1163.35
weight: 0.000162001
eec: 112.049
weight: 1.83376e-05
eec: 541.215
weight: 2.16158e-06
eec: 367.24
weight: 9.00317e-07
eec: 345.613
weight: 9.27771e-05
eec: 725.557
weight: 0.000307746
eec: 412.744
weight: 1.97285e-05
eec: 201.51
weight: 0.000594232
eec: 42.0334
weight: 3.63183e-05
eec: 79.7159
weight: 7.24261e-05
eec: 123.996
weight: 0.000135641
eec: 856.939
weight: 4.75294e-05
eec: 401.666
weight: 5.78072e-06
eec: 1235.99
weight: 0.000290342
eec: 335.924
weight: 0.000162864
eec: 330.391

ROOT exit code = 0
