gSystem->Load("run_condor_job_Run3_C.so");
run_condor_job_Run3(239, 100, 2,
                    80, 200,
                    1, 1, 1, 2);
.q

ENTERED run_condor_job_Run3()
JOBID = 239
  global job = 239  Job 39/100  events [2340000, 2400000)  total=6000000
Processing events [2340000, 2400000) of 6000000
weight: 3.11041e-06
eec: 147.699
weight: 6.3129e-05
eec: 315.993
weight: 2.59327e-05
eec: 112.387
weight: 3.22211e-05
eec: 1106.67
weight: 1.10369e-05
eec: 3563.15
weight: 0.000218031
eec: 145.12
weight: 0.000176376
eec: 111.566
weight: 1.08658e-06
eec: 787.572
weight: 5.16157e-05
eec: 750.698
weight: 2.12791e-06
eec: 390.161
weight: 4.98872e-06
eec: 499
weight: 2.8383e-05
eec: 1871.14
weight: 0.000622287
eec: 634.608
weight: 1.15946e-05
eec: 1401.32
weight: 0.000213772
eec: 501.615
weight: 0.000386432
eec: 240.728
weight: 2.23571e-05
eec: 832.542
weight: 2.55126e-05
eec: 1403.89
weight: 9.70127e-07
eec: 78.8736
weight: 1.56998e-05
eec: 3413.87
weight: 2.89362e-05
eec: 257.371
weight: 7.08366e-06
eec: 229.864
weight: 6.55098e-06
eec: 990.168
weight: 2.88828e-05
eec: 355.046
weight: 5.37892e-05
eec: 34.6094
weight: 1.40096e-05
eec: 684.298
weight: 0.00042763
eec: 424.545
weight: 5.56575e-06
eec: 493.01
weight: 2.48982e-05
eec: 32.369
weight: 0.00018489
eec: 881.454
weight: 0.00216438
eec: 32.0682
weight: 0.00139442
eec: 16.5625
weight: 5.19352e-05
eec: 153.655
weight: 4.25965e-06
eec: 181.611
weight: 1.49451e-05
eec: 106.331
weight: 1.92301e-06
eec: 1453.97
weight: 2.48496e-06
eec: 1073.58
weight: 3.70094e-05
eec: 225.538
weight: 6.94839e-08
eec: 504.794
weight: 1.02526e-05
eec: 917.726
weight: 1.42855e-05
eec: 1270.26
weight: 2.06756e-07
eec: 424.416
Processing: 39.1667 %weight: 0.00030975
eec: 60.2476
weight: 1.31573e-05
eec: 1068.52
weight: 0.000255545
eec: 195.094
weight: 3.40939e-07
eec: 358.074
weight: 5.37112e-06
eec: 36.24
weight: 0.000114307
eec: 78.6438
weight: 7.39893e-05
eec: 1096.41
weight: 9.97762e-06
eec: 1035.77
weight: 0.000327127
eec: 545.312
weight: 0.000888481
eec: 100.121
weight: 2.02291e-05
eec: 518.141
weight: 0.000108703
eec: 41.0642
weight: 3.17191e-05
eec: 146.54
weight: 0.000417641
eec: 1049.56
weight: 0.000259111
eec: 396.789
weight: 4.21075e-07
eec: 56.5682
weight: 3.16774e-07
eec: 669.171
weight: 6.69926e-05
eec: 1371.79
weight: 5.60926e-09
eec: 1254.6
weight: 0.000142014
eec: 176.163
weight: 0.000189863
eec: 122.592
weight: 7.83491e-08
eec: 343.608
weight: 1.88643e-06
eec: 1446.59
weight: 0.000166319
eec: 93.8809
weight: 0.000521942
eec: 304.492
weight: 0.000176762
eec: 58.4071
weight: 1.80532e-05
eec: 58.5138
weight: 0.0022394
eec: 516.499
weight: 9.20331e-05
eec: 834.166
weight: 9.69647e-06
eec: 649.136
weight: 2.95084e-06
eec: 1403.76
weight: 4.60254e-06
eec: 1239.16
weight: 3.33323e-05
eec: 557.68
weight: 2.0135e-05
eec: 158.827
weight: 1.11504e-05
eec: 654.202
weight: 1.45432e-05
eec: 252.902
weight: 1.69976e-05
eec: 771.507
weight: 0.000155184
eec: 109.91
weight: 1.08801e-05
eec: 195.144
weight: 0.000121977
eec: 298.178
weight: 0.000115593
eec: 158.043
weight: 3.35513e-05
eec: 802.101
weight: 0.000149972
eec: 1186.47
weight: 8.66615e-06
eec: 256.331
weight: 0.000188792
eec: 42.6382
weight: 6.89204e-06
eec: 756.017
weight: 1.02461e-05
eec: 949.302
weight: 2.48079e-05
eec: 889.407
weight: 0.000151162
eec: 21.006
weight: 1.52642e-05
eec: 155.537
weight: 6.15996e-06
eec: 132.594
weight: 2.63568e-06
eec: 853.331
weight: 8.26177e-07
eec: 1568.91
weight: 6.2513e-07
eec: 438.648
weight: 0.000225837
eec: 37.1782
weight: 1.4253e-05
eec: 545.757
weight: 2.93972e-06
eec: 208.391
weight: 7.44093e-08
eec: 238.164
weight: 5.08206e-06
eec: 1167.11
weight: 7.97934e-06
eec: 1906.79
weight: 7.02172e-05
eec: 1505.93
weight: 1.80724e-05
eec: 55.7665
weight: 7.14901e-05
eec: 73.7426
weight: 5.7551e-06
eec: 461.268
weight: 5.58212e-05
eec: 25.2799
weight: 0.000364423
eec: 19.0679
weight: 9.8768e-06
eec: 76.2114
weight: 2.9818e-06
eec: 838.017
weight: 0.000172921
eec: 284.697
weight: 1.17854e-05
eec: 3184.49
weight: 7.97231e-06
eec: 465.282
weight: 7.68535e-05
eec: 1844.38
weight: 9.63196e-05
eec: 197.356
weight: 1.24448e-06
eec: 645.524
weight: 1.00405e-05
eec: 223.843
weight: 2.29853e-05
eec: 418.223
weight: 1.73144e-05
eec: 1067
weight: 4.29268e-06
eec: 14.9056
weight: 5.20389e-05
eec: 1678.6
weight: 7.84481e-06
eec: 373.792
weight: 3.04407e-05
eec: 1378.23
weight: 3.81476e-07
eec: 561.351
weight: 1.59492e-05
eec: 183.042
weight: 0.000118379
eec: 278.869
weight: 1.37745e-05
eec: 751.328
weight: 2.78569e-06
eec: 1093.83
weight: 1.35049e-05
eec: 811.793
weight: 1.46016e-05
eec: 745.954
weight: 1.25849e-06
eec: 284.062
weight: 2.40672e-07
eec: 757.306
weight: 0.00016414
eec: 112.363
weight: 1.30972e-05
eec: 248.501
weight: 8.20459e-05
eec: 1495.94
weight: 5.1576e-06
eec: 1067.37
weight: 3.12303e-05
eec: 1272.74
weight: 0.000141955
eec: 29.6313
weight: 0.000110815
eec: 907.09
weight: 3.08729e-05
eec: 436.804
weight: 0.000143852
eec: 58.937
weight: 0.000566386
eec: 281.01
weight: 2.1238e-05
eec: 2174.31
weight: 1.77584e-05
eec: 758.169
weight: 1.77584e-05
eec: 504.077
weight: 5.92982e-06
eec: 1021.57
weight: 3.8404e-05
eec: 90.5233
weight: 1.50392e-06
eec: 353.367
weight: 2.07139e-05
eec: 517.354
weight: 1.92278e-05
eec: 222.279
weight: 7.88664e-06
eec: 102.621
weight: 4.5173e-06
eec: 210.483
weight: 0.000195151
eec: 340.439
weight: 1.64336e-05
eec: 80.371
weight: 0.000298847
eec: 323.815
weight: 2.61932e-06
eec: 608.345
weight: 2.13169e-07
eec: 417.591
weight: 0.000119612
eec: 31.4192
weight: 6.65784e-05
eec: 324.108
weight: 9.08308e-07
eec: 928.004
weight: 7.40335e-05
eec: 1113.49
weight: 4.87854e-06
eec: 457.512
weight: 0.000360791
eec: 25.5418
weight: 9.45759e-05
eec: 69.2299
weight: 6.76063e-05
eec: 949.91
weight: 3.68482e-06
eec: 343.305
weight: 3.26382e-06
eec: 174.074
weight: 1.92771e-05
eec: 761.212
weight: 5.80797e-05
eec: 105.218
weight: 0.000384984
eec: 163.114
weight: 3.5917e-07
eec: 1191.99
weight: 5.18825e-05
eec: 462.877
weight: 8.67307e-05
eec: 1549.96
weight: 6.10924e-06
eec: 897.147
weight: 6.10924e-06
eec: 1048.47
weight: 9.76361e-05
eec: 1171.56
weight: 7.29664e-07
eec: 1613.08
weight: 9.5331e-06
eec: 344.331
weight: 1.76352e-05
eec: 7.5685
weight: 5.66746e-05
eec: 38.3992
weight: 6.99925e-06
eec: 450.904
weight: 5.61806e-06
eec: 273.689
weight: 0.000236511
eec: 1113.46
weight: 1.8807e-06
eec: 613.897
weight: 1.04996e-05
eec: 595.371
weight: 0.000268736
eec: 907.09
weight: 8.53612e-07
eec: 180.236
weight: 8.68628e-06
eec: 1089.29
weight: 1.78883e-05
eec: 1.90336
weight: 3.58406e-05
eec: 468.798
weight: 4.04114e-05
eec: 720.879
weight: 8.77131e-06
eec: 1161.16
weight: 0.000167029
eec: 261.212
weight: 8.29609e-05
eec: 138.664
weight: 0.000261708
eec: 238.895
weight: 0.000272642
eec: 437.296
weight: 3.33035e-05
eec: 1050.4
weight: 0.000753506
eec: 2.19831
weight: 4.77976e-05
eec: 157.016
weight: 1.74325e-05
eec: 502.03
weight: 4.82505e-06
eec: 1910.3
weight: 5.66894e-05
eec: 152.024
weight: 1.55403e-06
eec: 643.146
weight: 0.000106729
eec: 77.6961
weight: 9.1709e-06
eec: 29.5383
weight: 0.000113344
eec: 41.9513
weight: 5.98646e-05
eec: 340.612
weight: 0.000128929
eec: 216.938
weight: 0.000272342
eec: 648.846
weight: 3.30598e-05
eec: 301.969
weight: 1.79605e-05
eec: 149.55
weight: 4.17121e-06
eec: 2606.68
weight: 9.4151e-06
eec: 189.99
weight: 4.40073e-05
eec: 782.114
weight: 9.65597e-05
eec: 205.949
weight: 0.00046473
eec: 316.644
weight: 6.07275e-05
eec: 382.631
weight: 0.000208287
eec: 1175.47
weight: 1.22987e-05
eec: 183.441
weight: 0.00017129
eec: 1858.63
weight: 8.0634e-06
eec: 108.121
weight: 1.27462e-05
eec: 383.287
weight: 0.000113783
eec: 539.785
weight: 6.48396e-08
eec: 219.217
weight: 0.00031502
eec: 328.862
weight: 2.151e-06
eec: 151.111
weight: 2.7099e-05
eec: 935.331
weight: 2.98978e-06
eec: 1734.41
weight: 2.88794e-05
eec: 224.575
weight: 8.5394e-05
eec: 563.74
weight: 4.84627e-05
eec: 501.011
weight: 2.02127e-05
eec: 224.062
weight: 0.000781614
eec: 76.7594
weight: 3.97569e-06
eec: 471.74
weight: 8.6241e-06
eec: 241.431
weight: 4.01356e-05
eec: 519.453
weight: 0.000480758
eec: 52.1894
weight: 1.51251e-06
eec: 154.797
weight: 1.48361e-05
eec: 397.275
weight: 2.88426e-06
eec: 701.483
weight: 2.34887e-05
eec: 2356.11
weight: 1.20949e-05
eec: 281.154
weight: 5.75728e-05
eec: 316.89
weight: 1.42847e-06
eec: 232.052
weight: 7.26998e-06
eec: 1018.27
weight: 9.36401e-07
eec: 302.087
weight: 1.60803e-05
eec: 1997.54
weight: 3.18792e-05
eec: 36.5312
weight: 1.84248e-05
eec: 349.586
weight: 3.56733e-05
eec: 1067.53
weight: 7.92272e-05
eec: 342.798
weight: 8.68254e-05
eec: 707.467
weight: 1.69646e-05
eec: 167.282
weight: 3.9269e-05
eec: 47.9452
weight: 0.000489806
eec: 78.1225
weight: 1.88214e-05
eec: 79.3176
weight: 6.72845e-05
eec: 553.083
weight: 0.000215264
eec: 313.822
weight: 5.07216e-06
eec: 772.803
weight: 0.000167952
eec: 351.499
weight: 5.86999e-05
eec: 157.159
weight: 1.24689e-05
eec: 1257.59
weight: 3.60359e-05
eec: 830.912
weight: 4.44409e-05
eec: 156.548
weight: 6.81487e-05
eec: 22.4646
weight: 1.83837e-05
eec: 1082.29

ROOT exit code = 0
