gSystem->Load("run_condor_job_Run3_C.so");
run_condor_job_Run3(783, 100, 2,
                    80, 200,
                    1, 1, 1, 7);
.q

ENTERED run_condor_job_Run3()
JOBID = 783
  global job = 783  Job 83/100  events [4726020, 4782960)  total=5694000
Processing events [4726020, 4782960) of 5694000
weight: 7.25994e-06
eec: 835.393
weight: 2.00042e-06
eec: 418.439
weight: 1.37288e-05
eec: 747.642
weight: 0.000506169
eec: 88.0046
weight: 2.72107e-05
eec: 953.518
weight: 7.33739e-06
eec: 56.8179
weight: 9.50105e-05
eec: 702.818
weight: 3.81046e-05
eec: 185.259
weight: 5.83681e-06
eec: 584.812
weight: 2.88934e-05
eec: 252.085
weight: 1.87706e-05
eec: 95.1297
weight: 0.000243198
eec: 595.964
weight: 6.69659e-06
eec: 761.57
weight: 9.85182e-05
eec: 672.824
weight: 8.3018e-07
eec: 729.426
weight: 1.54779e-05
eec: 570.929
weight: 1.54779e-05
eec: 1199.34
weight: 2.25758e-05
eec: 101.89
weight: 1.00885e-05
eec: 1016.38
weight: 0.000121387
eec: 116.361
weight: 5.57112e-05
eec: 753.644
weight: 4.95188e-05
eec: 1032.51
weight: 6.0593e-05
eec: 1000.75
weight: 0.000163592
eec: 273.484
weight: 6.91006e-05
eec: 43.1959
weight: 9.78897e-06
eec: 719.219
weight: 3.40051e-05
eec: 111.458
weight: 0.000132523
eec: 548.126
weight: 4.38805e-05
eec: 88.2964
weight: 1.13247e-06
eec: 334.101
weight: 1.28454e-05
eec: 128.754
weight: 7.89341e-06
eec: 408.321
weight: 5.04354e-05
eec: 189.726
weight: 4.13754e-05
eec: 241.075
weight: 2.55451e-06
eec: 61.6381
weight: 2.2355e-05
eec: 247.293
weight: 2.29992e-06
eec: 116.697
weight: 7.50347e-05
eec: 687.077
weight: 1.75302e-05
eec: 1685.32
weight: 6.99064e-06
eec: 801.25
weight: 2.90158e-05
eec: 394.463
weight: 5.31836e-05
eec: 605.134
weight: 2.10628e-05
eec: 2507.24
weight: 8.31153e-06
eec: 724.679
weight: 4.32126e-05
eec: 33.2245
weight: 0.000276335
eec: 414.913
weight: 2.21231e-05
eec: 2360.2
weight: 1.72672e-05
eec: 375.011
weight: 5.04891e-05
eec: 61.2457
weight: 8.41635e-06
eec: 77.3491
weight: 1.58694e-06
eec: 376.354
weight: 1.58694e-06
eec: 125.598
weight: 8.3298e-07
eec: 24.4279
weight: 4.23006e-05
eec: 446.861
weight: 0.000263902
eec: 696.64
weight: 0.000115207
eec: 46.0565
weight: 2.41211e-05
eec: 504.518
weight: 1.06595e-06
eec: 43.2264
weight: 1.31278e-05
eec: 748.212
weight: 7.78852e-08
eec: 946.399
weight: 3.20158e-07
eec: 206.068
weight: 1.35453e-05
eec: 723.053
weight: 4.66059e-05
eec: 260.675
weight: 0.000279017
eec: 517.59
weight: 1.44566e-05
eec: 129.029
weight: 0.000187011
eec: 300.211
weight: 6.7442e-06
eec: 81.8071
weight: 0.00016491
eec: 73.4936
weight: 3.29442e-05
eec: 245.389
weight: 0.000103397
eec: 226.431
weight: 1.41657e-06
eec: 2276.41
weight: 9.43535e-06
eec: 1721.93
weight: 8.9089e-05
eec: 613.863
weight: 1.35685e-05
eec: 704.351
weight: 2.77186e-06
eec: 324.184
weight: 6.18047e-06
eec: 153.548
weight: 6.78204e-06
eec: 3126.8
weight: 6.98652e-05
eec: 622.171
weight: 1.60299e-05
eec: 1846.48
weight: 2.44168e-05
eec: 4.27514
weight: 2.84074e-06
eec: 326.408
weight: 0.000100336
eec: 372.564
weight: 3.95055e-05
eec: 861.457
weight: 4.8209e-05
eec: 466.274
weight: 2.26324e-05
eec: 3701.39
weight: 1.56023e-05
eec: 364.18
weight: 7.00297e-08
eec: 1162.46
weight: 2.56133e-05
eec: 564.854
weight: 1.56672e-06
eec: 539.05
weight: 7.72521e-05
eec: 154.721
weight: 1.90292e-05
eec: 84.8958
weight: 5.43811e-05
eec: 95.33
weight: 3.8135e-05
eec: 530.523
weight: 3.3756e-05
eec: 1269.76
weight: 8.76514e-05
eec: 201.757
weight: 0.000132895
eec: 67.5518
weight: 1.15313e-07
eec: 829.374
weight: 2.96436e-05
eec: 89.1873
weight: 1.07568e-05
eec: 1568.52
weight: 8.17389e-05
eec: 14.4363
weight: 1.34616e-05
eec: 1142.12
weight: 8.76384e-05
eec: 835.984
weight: 8.39095e-06
eec: 65.1743
weight: 7.50197e-05
eec: 347.53
weight: 9.81082e-05
eec: 794.521
weight: 4.09609e-05
eec: 232.739
weight: 8.50836e-06
eec: 1022.79
weight: 8.91487e-06
eec: 593.484
weight: 3.7164e-05
eec: 374.476
weight: 0.000127626
eec: 254.653
weight: 0.000197138
eec: 307.299
weight: 1.61356e-05
eec: 1940.79
weight: 1.61356e-05
eec: 560.582
weight: 8.74249e-08
eec: 1017.26
weight: 2.9954e-05
eec: 198.998
weight: 0.000922278
eec: 951.721
Processing: 83.4211 %weight: 5.73929e-06
eec: 858.185
weight: 0.000156762
eec: 112.351
weight: 3.43943e-05
eec: 2119.86
weight: 2.25345e-05
eec: 372.401
weight: 3.45511e-06
eec: 489.483
weight: 0.000129145
eec: 911.301
weight: 3.64883e-06
eec: 43.4986
weight: 2.35009e-05
eec: 601.189
weight: 2.01957e-05
eec: 1013.22
weight: 1.45448e-05
eec: 229.77
weight: 7.1279e-05
eec: 246.643
weight: 1.22435e-07
eec: 33.124
weight: 9.78719e-06
eec: 200.606
weight: 9.78719e-06
eec: 601.797
weight: 7.1363e-06
eec: 704.153
weight: 0.000110307
eec: 509.552
weight: 8.76124e-07
eec: 68.5093
weight: 0.000118436
eec: 40.8176
weight: 4.09066e-05
eec: 421.513
weight: 1.61933e-05
eec: 324.333
weight: 2.9975e-05
eec: 421.924
weight: 1.78288e-05
eec: 708.775
weight: 1.24775e-05
eec: 690.13
weight: 2.25218e-06
eec: 262.212
weight: 0.000133479
eec: 417.719
weight: 2.83596e-06
eec: 441.906
weight: 0.000217354
eec: 155.179
weight: 2.39967e-05
eec: 36.0465
weight: 1.98941e-06
eec: 1454.98
weight: 6.65108e-06
eec: 983.471
weight: 6.04672e-06
eec: 130.74
weight: 1.17916e-05
eec: 516.188
weight: 8.60237e-05
eec: 548.502
weight: 2.10891e-06
eec: 201.521
weight: 2.38677e-05
eec: 137.343
weight: 1.08078e-05
eec: 396.432
weight: 9.55962e-06
eec: 372.287
weight: 3.37276e-05
eec: 1727.8
weight: 4.04009e-05
eec: 24.8552
weight: 6.48449e-06
eec: 5272.35
weight: 5.28423e-05
eec: 102.976
weight: 7.31307e-05
eec: 53.9297
weight: 8.40101e-06
eec: 2601.99
weight: 0.000307901
eec: 1028.07
weight: 4.2322e-06
eec: 3213.37
weight: 1.28673e-05
eec: 3750.53
weight: 1.44982e-05
eec: 1182.49
weight: 3.27824e-05
eec: 562.476
weight: 8.13531e-06
eec: 395.69
weight: 2.49055e-05
eec: 5.25102
weight: 9.83723e-06
eec: 2231.29
weight: 5.83747e-05
eec: 100.395
weight: 2.38668e-05
eec: 1201.84
weight: 0.000139137
eec: 542.502
weight: 2.58306e-05
eec: 718.13
weight: 0.000163217
eec: 159.727
weight: 9.26778e-05
eec: 305.507
weight: 1.30892e-05
eec: 105.746
weight: 0.000124303
eec: 611.627
weight: 0.00164908
eec: 229.406
weight: 2.52586e-06
eec: 596.895
weight: 2.06555e-05
eec: 752.159
weight: 1.22484e-05
eec: 915.69
weight: 3.80629e-05
eec: 1836.02
weight: 1.60796e-05
eec: 1241.09
weight: 4.44202e-05
eec: 24.6799
weight: 0.00118749
eec: 88.3972
weight: 6.80398e-06
eec: 328.147
weight: 1.47405e-05
eec: 39.2633
weight: 9.85775e-05
eec: 359.151
weight: 6.10239e-06
eec: 189.387
weight: 5.42586e-06
eec: 408.828
weight: 1.21866e-05
eec: 2069.08
weight: 1.41381e-06
eec: 223.039
weight: 1.56025e-05
eec: 657.709
weight: 8.5899e-05
eec: 50.3211
weight: 0.00014078
eec: 59.2149
weight: 2.52219e-05
eec: 833.321
weight: 2.07547e-05
eec: 122.849
weight: 4.85374e-06
eec: 1396.14
weight: 1.229e-06
eec: 177.624
weight: 2.97493e-05
eec: 440.014
weight: 0.000116466
eec: 144.965
weight: 2.04589e-05
eec: 61.1626
weight: 0.000160091
eec: 187.493
weight: 0.000854437
eec: 204.211
weight: 1.28272e-05
eec: 226.574
weight: 0.000136268
eec: 1381.08
weight: 0.000197461
eec: 334.73
weight: 5.49794e-07
eec: 435.765
weight: 5.94719e-05
eec: 366.287
weight: 0.000916402
eec: 196.408
weight: 1.74575e-06
eec: 901.212
weight: 2.98772e-07
eec: 444.469
weight: 3.7786e-06
eec: 123.71
weight: 3.61103e-06
eec: 62.1825
weight: 6.95136e-06
eec: 1470.92
weight: 9.13648e-05
eec: 992.784
weight: 4.59994e-05
eec: 1100.59
weight: 0.000217912
eec: 962.438
weight: 1.81117e-05
eec: 1098.33
weight: 5.04687e-06
eec: 126.434
weight: 3.20619e-05
eec: 1676.6
weight: 0.00425463
eec: 220.494
weight: 2.65781e-05
eec: 171.334
weight: 2.70148e-05
eec: 82.6668
weight: 2.62509e-06
eec: 201.2
weight: 1.41261e-05
eec: 1075.79
weight: 0.000344519
eec: 209.171
weight: 7.21868e-05
eec: 43.8559
weight: 1.67173e-05
eec: 1440.86
weight: 0.00181227
eec: 568.838
weight: 3.49475e-05
eec: 25.6579
weight: 4.04029e-06
eec: 1485.7
weight: 1.89672e-07
eec: 1549.31
weight: 1.37798e-05
eec: 251.876
weight: 1.4544e-05
eec: 2031.33
weight: 7.98379e-05
eec: 489.68
weight: 3.60638e-05
eec: 440.089
weight: 1.21248e-05
eec: 276.362
weight: 3.20776e-05
eec: 430.41
weight: 0.000128386
eec: 798.352
weight: 1.06748e-05
eec: 441.437
weight: 0.00013361
eec: 265.671
weight: 0.00207924
eec: 787.982
weight: 1.02447e-07
eec: 663.071
weight: 0.000149324
eec: 292.493
weight: 1.0121e-05
eec: 1528.54

ROOT exit code = 0
