gSystem->Load("run_condor_job_Run3_C.so");
run_condor_job_Run3(569, 100, 2,
                    80, 200,
                    1, 1, 1, 5);
.q

ENTERED run_condor_job_Run3()
JOBID = 569
  global job = 569  Job 69/100  events [4140000, 4200000)  total=6000000
Processing events [4140000, 4200000) of 6000000
weight: 9.08507e-06
eec: 199.689
weight: 0.000130335
eec: 137.359
weight: 2.30639e-05
eec: 321.098
weight: 9.62278e-05
eec: 103.298
weight: 0.00165432
eec: 532.579
weight: 0.000136169
eec: 1675.67
weight: 1.46156e-05
eec: 1279.78
weight: 0.000313079
eec: 440.773
weight: 2.823e-05
eec: 163.86
weight: 0.000141445
eec: 106.096
weight: 1.72145e-05
eec: 96.9376
weight: 2.84967e-05
eec: 1059.1
weight: 2.49504e-05
eec: 1776.3
weight: 7.94645e-05
eec: 538.533
weight: 1.949e-05
eec: 962.474
weight: 4.42877e-08
eec: 253.597
weight: 1.05369e-07
eec: 385.183
weight: 2.07414e-07
eec: 1444.97
weight: 1.89736e-07
eec: 70.995
weight: 1.08744e-05
eec: 867.078
weight: 1.08549e-06
eec: 392.147
weight: 2.49761e-05
eec: 345.879
weight: 7.7872e-06
eec: 255.988
weight: 1.09968e-05
eec: 2360.09
weight: 0.000409492
eec: 478.577
weight: 7.72083e-06
eec: 706.167
weight: 0.000204929
eec: 618.193
weight: 3.00626e-05
eec: 39.9678
weight: 1.83982e-05
eec: 87.0778
weight: 4.77261e-05
eec: 1059.17
weight: 1.55821e-05
eec: 782.978
weight: 0.000208376
eec: 1110.05
weight: 9.76538e-06
eec: 2014.51
weight: 7.38582e-06
eec: 682.088
weight: 3.13707e-05
eec: 1214.43
weight: 1.32e-05
eec: 433.467
weight: 2.655e-06
eec: 1020.19
weight: 4.55342e-06
eec: 1827.3
weight: 9.2534e-05
eec: 239.174
weight: 2.72137e-06
eec: 691.002
weight: 4.37437e-05
eec: 341.285
weight: 5.19404e-06
eec: 2569.51
weight: 3.1462e-06
eec: 166.969
Processing: 69.1667 %weight: 5.8088e-05
eec: 606.943
weight: 8.59971e-05
eec: 462.249
weight: 7.15628e-05
eec: 362.51
weight: 4.929e-05
eec: 164.399
weight: 0.000101407
eec: 60.9389
weight: 1.54165e-05
eec: 923.368
weight: 0.000367646
eec: 284.009
weight: 0.00092517
eec: 274.568
weight: 0.000236644
eec: 279.557
weight: 2.27615e-06
eec: 391.689
weight: 1.06612e-08
eec: 386.435
weight: 0.000612264
eec: 28.5281
weight: 5.88241e-07
eec: 917.591
weight: 3.86673e-05
eec: 16.6081
weight: 3.83429e-05
eec: 709.559
weight: 4.5753e-07
eec: 987.429
weight: 3.13579e-05
eec: 3852.36
weight: 0.000279639
eec: 410.937
weight: 7.65196e-06
eec: 277.467
weight: 1.84094e-06
eec: 424.265
weight: 2.79872e-05
eec: 1423.39
weight: 0.000243759
eec: 346.582
weight: 9.87736e-05
eec: 321.723
weight: 2.90433e-05
eec: 1444.52
weight: 2.49944e-05
eec: 671.057
weight: 8.36314e-06
eec: 306.606
weight: 2.12234e-06
eec: 63.3806
weight: 3.02708e-05
eec: 389.304
weight: 0.000222026
eec: 101.533
weight: 3.80719e-05
eec: 719.083
weight: 1.64437e-05
eec: 693.733
weight: 0.000360694
eec: 457.885
weight: 2.02328e-05
eec: 83.7746
weight: 0.000396383
eec: 204.424
weight: 2.62281e-06
eec: 3969.31
weight: 9.79421e-05
eec: 161.963
weight: 2.89761e-05
eec: 38.2517
weight: 0.000177194
eec: 53.1518
weight: 6.77007e-05
eec: 379.465
weight: 2.05757e-07
eec: 117.293
weight: 5.02086e-05
eec: 62.3153
weight: 2.43409e-05
eec: 574.88
weight: 1.08468e-05
eec: 1138.84
weight: 1.16372e-05
eec: 2766.38
weight: 2.93458e-05
eec: 425.992
weight: 1.53923e-05
eec: 2600.5
weight: 7.99003e-06
eec: 2048.19
weight: 6.64479e-05
eec: 355.542
weight: 6.65612e-05
eec: 210.346
weight: 0.000112048
eec: 765.212
weight: 0.000140563
eec: 398.267
weight: 2.2384e-05
eec: 547.062
weight: 0.000122731
eec: 158.454
weight: 0.000210748
eec: 676.786
weight: 5.55069e-07
eec: 2645.51
weight: 4.30338e-06
eec: 230.53
weight: 6.94773e-06
eec: 173.963
weight: 2.07367e-05
eec: 99.6695
weight: 2.369e-06
eec: 57.9023
weight: 1.38958e-05
eec: 143.175
weight: 7.4294e-06
eec: 946.948
weight: 6.18296e-06
eec: 85.2491
weight: 2.28016e-05
eec: 47.1703
weight: 1.22831e-05
eec: 609.019
weight: 9.86287e-06
eec: 70.5079
weight: 3.38412e-05
eec: 843.634
weight: 8.8147e-06
eec: 389.675
weight: 0.000543695
eec: 158.856
weight: 1.10889e-05
eec: 88.1997
weight: 2.30858e-05
eec: 1824.85
weight: 9.76292e-05
eec: 29.3194
weight: 0.000110269
eec: 117.432
weight: 9.68842e-05
eec: 48.8076
weight: 2.08018e-06
eec: 85.7262
weight: 0.00014027
eec: 689.04
weight: 0.000297624
eec: 335.894
weight: 8.37129e-06
eec: 891.27
weight: 4.3147e-05
eec: 142.039
weight: 1.07299e-05
eec: 506.408
weight: 0.00027568
eec: 1358.36
weight: 3.55066e-05
eec: 887.401
weight: 3.44076e-05
eec: 1028.46
weight: 1.75709e-05
eec: 4329.51
weight: 0.000168698
eec: 113.289
weight: 6.74869e-06
eec: 564.259
weight: 2.73683e-05
eec: 423.787
weight: 3.21872e-06
eec: 2322.37
weight: 1.50157e-05
eec: 2017.32
weight: 2.14316e-06
eec: 536.272
weight: 4.52827e-05
eec: 14.0257
weight: 4.79441e-05
eec: 416.165
weight: 6.17346e-06
eec: 68.9599
weight: 2.10946e-05
eec: 263.18
weight: 1.22758e-05
eec: 556.776
weight: 4.12777e-05
eec: 394.763
weight: 7.84315e-05
eec: 399.072
weight: 0.000280681
eec: 225.367
weight: 2.42827e-05
eec: 435.467
weight: 0.000387871
eec: 285.016
weight: 1.00747e-06
eec: 1909.02
weight: 3.42244e-06
eec: 532.783
weight: 0.000146303
eec: 646.38
weight: 1.261e-05
eec: 184.083
weight: 7.38666e-05
eec: 577.706
weight: 7.02186e-06
eec: 1211.09
weight: 2.1815e-06
eec: 2257.37
weight: 1.18733e-05
eec: 81.4967
weight: 2.30747e-06
eec: 2431
weight: 2.28608e-05
eec: 1496.99
weight: 0.00020247
eec: 1342.93
weight: 2.9092e-06
eec: 590.279
weight: 4.1708e-06
eec: 478.204
weight: 3.20304e-05
eec: 103.788
weight: 4.25076e-06
eec: 712.543
weight: 4.28017e-07
eec: 1200.74
weight: 1.31146e-05
eec: 164.499
weight: 0.000101563
eec: 305.174
weight: 1.02367e-05
eec: 308.064
weight: 5.32134e-05
eec: 1042.37
weight: 0.000221898
eec: 1674.4
weight: 7.11189e-05
eec: 535.035
weight: 5.15441e-08
eec: 374.818
weight: 8.02449e-05
eec: 109.38
weight: 9.67471e-06
eec: 742.023
weight: 5.70592e-05
eec: 605.483
weight: 0.000199709
eec: 21.8423
weight: 4.48491e-05
eec: 1396.61
weight: 5.30011e-05
eec: 50.3234
weight: 2.49495e-05
eec: 405.211
weight: 6.86288e-05
eec: 287.788
weight: 0.000332724
eec: 911.828
weight: 9.7323e-05
eec: 1329.99
weight: 1.45172e-05
eec: 607.045
weight: 0.000432166
eec: 72.4889
weight: 5.61974e-05
eec: 1046.08
weight: 3.03931e-06
eec: 49.8154
weight: 6.11423e-05
eec: 39.8034
weight: 9.24527e-05
eec: 943.01
weight: 4.37019e-07
eec: 107.623
weight: 7.40435e-07
eec: 626.623
weight: 1.82123e-06
eec: 1621.16
weight: 0.000705127
eec: 449.639
weight: 6.81019e-06
eec: 1293.81
weight: 3.77726e-05
eec: 831.311
weight: 5.92423e-05
eec: 543.223
weight: 7.88689e-05
eec: 89.9148
weight: 2.11027e-05
eec: 460.315
weight: 2.0267e-05
eec: 1086.97
weight: 3.57684e-06
eec: 2748.43
weight: 1.88754e-05
eec: 11.7661
weight: 4.7426e-05
eec: 184.334
weight: 5.45552e-05
eec: 216.073
weight: 0.000223285
eec: 271.531
weight: 1.13925e-05
eec: 2786.9
weight: 0.000119734
eec: 551.935
weight: 6.14623e-06
eec: 695.293
weight: 2.40509e-05
eec: 383.368
weight: 4.55117e-05
eec: 2542.26
weight: 0.000198796
eec: 163.236
weight: 1.75359e-05
eec: 899.603
weight: 0.000262372
eec: 601.844
weight: 1.90105e-05
eec: 21.7294
weight: 4.85946e-06
eec: 49.047
weight: 2.88566e-05
eec: 217.035
weight: 6.35634e-06
eec: 180.609
weight: 2.7875e-05
eec: 257.355
weight: 6.04818e-05
eec: 228.045
weight: 2.8948e-05
eec: 63.274
weight: 5.02982e-06
eec: 1312.4
weight: 7.67888e-06
eec: 364.801
weight: 4.9555e-06
eec: 2519.31
weight: 0.000164104
eec: 638.014
weight: 2.87821e-06
eec: 305.607
weight: 9.24782e-05
eec: 52.2341
weight: 4.7603e-06
eec: 1121.84
weight: 3.3352e-05
eec: 573.44
weight: 4.62155e-06
eec: 294.077
weight: 0.000147376
eec: 236.166
weight: 0.000120031
eec: 138.968
weight: 0.00010492
eec: 231.922
weight: 0.000467295
eec: 16.3986
weight: 0.000175759
eec: 371.44
weight: 1.98673e-06
eec: 454.467
weight: 0.000206956
eec: 103.044
weight: 9.40352e-05
eec: 933.221
weight: 4.76059e-05
eec: 779.891
weight: 1.36393e-08
eec: 788.421
weight: 6.16912e-05
eec: 305.304
weight: 6.17633e-06
eec: 1480.9
weight: 3.53298e-05
eec: 826.607
weight: 3.94546e-06
eec: 774.203
weight: 6.77651e-06
eec: 78.5306
weight: 0.000243875
eec: 335.299
weight: 1.54504e-06
eec: 2244.29
weight: 3.54231e-05
eec: 368.184
weight: 6.09859e-06
eec: 55.2374
weight: 0.000177858
eec: 303.947
weight: 0.000379893
eec: 60.9411
weight: 4.14071e-05
eec: 1116.22
weight: 4.54137e-05
eec: 170.059
weight: 1.4013e-06
eec: 1125.78
weight: 1.02644e-07
eec: 2719.73
weight: 1.10743e-05
eec: 346.593
weight: 9.00606e-06
eec: 878.362
weight: 0.000268221
eec: 125.015
weight: 8.76163e-06
eec: 73.676
weight: 4.78807e-05
eec: 147.174
weight: 6.58208e-05
eec: 218.904
weight: 6.86153e-05
eec: 292.76
weight: 8.82965e-06
eec: 103.09
weight: 9.67696e-05
eec: 1448.83
weight: 2.47815e-05
eec: 116.432

ROOT exit code = 0
