gSystem->Load("run_condor_job_Run3_C.so");
run_condor_job_Run3(782, 100, 2,
                    80, 200,
                    1, 1, 1, 7);
.q

ENTERED run_condor_job_Run3()
JOBID = 782
  global job = 782  Job 82/100  events [4669080, 4726020)  total=5694000
Processing events [4669080, 4726020) of 5694000
weight: 2.46114e-05
eec: 145.601
weight: 2.59541e-05
eec: 946.485
weight: 2.10609e-05
eec: 244.26
weight: 6.62063e-05
eec: 344.065
weight: 2.63438e-06
eec: 81.1675
weight: 6.55618e-06
eec: 328.777
weight: 2.79977e-05
eec: 317.99
weight: 3.91066e-05
eec: 1002.65
weight: 0.000104663
eec: 315.395
weight: 2.59345e-06
eec: 741.87
weight: 4.98957e-05
eec: 525.061
weight: 2.4264e-05
eec: 2827.58
weight: 0.000167224
eec: 267.597
weight: 4.19204e-05
eec: 123.958
weight: 3.54145e-05
eec: 2077.77
weight: 4.29875e-05
eec: 106.017
weight: 0.000159237
eec: 24.7807
weight: 2.55062e-05
eec: 228.487
weight: 0.000113899
eec: 526.775
weight: 4.81617e-05
eec: 845.978
weight: 1.00016e-05
eec: 27.2034
weight: 4.0425e-05
eec: 883.244
weight: 3.9571e-05
eec: 32.6176
weight: 6.13549e-05
eec: 208.071
weight: 3.13703e-05
eec: 19.3794
weight: 1.58819e-05
eec: 1678.22
weight: 5.31173e-06
eec: 3547.47
weight: 1.59709e-05
eec: 54.5875
weight: 5.31965e-05
eec: 334.017
weight: 1.75558e-05
eec: 418.242
weight: 1.67464e-06
eec: 90.8821
weight: 1.01098e-05
eec: 246.339
weight: 2.59449e-06
eec: 983.112
weight: 7.16549e-07
eec: 566.765
weight: 2.95659e-05
eec: 1536.74
weight: 0.000182883
eec: 60.757
weight: 2.52306e-07
eec: 740.468
weight: 0.000251578
eec: 564.903
weight: 0.000251578
eec: 800.277
weight: 0.00015266
eec: 42.6797
weight: 1.83795e-05
eec: 1300.2
weight: 4.1844e-06
eec: 403.867
weight: 6.75236e-06
eec: 1213.84
weight: 7.39224e-06
eec: 1160.12
weight: 6.10326e-05
eec: 525.723
weight: 5.69554e-06
eec: 282.208
weight: 0.000120565
eec: 542.67
weight: 9.31629e-06
eec: 2524.12
weight: 9.57689e-05
eec: 657.672
weight: 3.17342e-05
eec: 832.479
weight: 0.000478262
eec: 642.534
weight: 9.98396e-06
eec: 35.3291
weight: 5.28791e-05
eec: 229.27
weight: 2.18993e-05
eec: 679.08
weight: 0.00011238
eec: 91.2028
weight: 4.99943e-05
eec: 154.371
weight: 3.68992e-06
eec: 137.097
weight: 2.93344e-05
eec: 302.515
weight: 1.74408e-05
eec: 867.518
weight: 1.10407e-05
eec: 1219.11
weight: 6.55577e-05
eec: 205.756
weight: 3.68009e-06
eec: 141.278
weight: 2.48749e-05
eec: 280.34
weight: 1.70033e-05
eec: 738.502
weight: 3.15151e-05
eec: 2602.53
weight: 5.4762e-06
eec: 3109.82
weight: 2.06521e-05
eec: 933.392
weight: 1.71015e-05
eec: 138.352
weight: 1.71015e-05
eec: 644.851
weight: 9.09418e-06
eec: 142.736
weight: 3.10739e-06
eec: 413.79
weight: 2.0368e-05
eec: 688.441
weight: 2.17573e-06
eec: 813.201
weight: 6.36313e-06
eec: 407.675
weight: 6.84041e-06
eec: 1026.42
weight: 1.04839e-05
eec: 87.4183
weight: 2.82779e-05
eec: 127.378
weight: 7.17051e-06
eec: 93.3426
weight: 0.000178477
eec: 182.164
weight: 2.64188e-05
eec: 422.371
weight: 2.78721e-05
eec: 64.1575
weight: 4.56424e-06
eec: 705.196
weight: 6.21081e-06
eec: 1435.36
weight: 9.55186e-06
eec: 420.875
weight: 0.000127561
eec: 149.654
weight: 1.0097e-05
eec: 45.1887
weight: 3.53292e-05
eec: 55.3684
weight: 1.32031e-05
eec: 115.554
weight: 0.000189973
eec: 886.171
weight: 0.000150689
eec: 269.76
weight: 4.38523e-05
eec: 446.201
weight: 4.07237e-05
eec: 63.1909
weight: 5.16585e-05
eec: 2129.38
weight: 7.5137e-07
eec: 872.25
weight: 0.000152786
eec: 257.648
weight: 1.72771e-05
eec: 409.626
weight: 3.18213e-05
eec: 68.9233
weight: 1.16282e-06
eec: 852.855
weight: 0.000174413
eec: 47.6112
weight: 1.9803e-05
eec: 249.172
weight: 1.52214e-05
eec: 116.066
weight: 1.7877e-05
eec: 35.5334
weight: 4.08921e-05
eec: 220.904
weight: 1.39252e-05
eec: 154.418
weight: 1.16571e-05
eec: 533.599
weight: 1.16571e-05
eec: 213.708
weight: 5.40613e-07
eec: 170.27
weight: 0.000119019
eec: 227.079
weight: 6.2227e-06
eec: 473.586
weight: 0.000155428
eec: 51.911
weight: 0.000789894
eec: 154.175
weight: 8.88871e-06
eec: 154.735
weight: 1.074e-05
eec: 456.509
weight: 9.72203e-06
eec: 72.6024
weight: 1.60446e-05
eec: 503.248
weight: 1.78016e-05
eec: 512.616
weight: 0.000197353
eec: 752.257
weight: 1.4632e-06
eec: 710.56
weight: 0.000576412
eec: 20.0332
weight: 4.55852e-05
eec: 425.515
weight: 1.93642e-07
eec: 1385.2
weight: 2.76213e-05
eec: 3066.77
weight: 6.66778e-07
eec: 8.65967
weight: 0.000382771
eec: 672.912
weight: 6.22143e-06
eec: 859.652
Processing: 82.543 %weight: 6.44665e-06
eec: 115.427
weight: 1.01768e-05
eec: 144.897
weight: 1.53427e-05
eec: 112.774
weight: 2.4075e-05
eec: 151.436
weight: 4.17896e-05
eec: 1273.96
weight: 6.66494e-07
eec: 442.725
weight: 5.2154e-06
eec: 433.423
weight: 9.96901e-05
eec: 142.663
weight: 2.30531e-05
eec: 226.757
weight: 1.21551e-06
eec: 3754.38
weight: 0.000322016
eec: 373.304
weight: 0.000133668
eec: 489.819
weight: 5.09631e-05
eec: 722.853
weight: 6.76622e-06
eec: 496.754
weight: 1.22208e-06
eec: 914.591
weight: 0.00012387
eec: 77.2127
weight: 4.72916e-05
eec: 697.093
weight: 3.43142e-05
eec: 875.408
weight: 1.3746e-06
eec: 262.401
weight: 0.000137871
eec: 846.129
weight: 0.000430996
eec: 606.618
weight: 5.86945e-07
eec: 1595.41
weight: 0.000111547
eec: 377.728
weight: 4.88392e-05
eec: 429.245
weight: 0.000324705
eec: 530.008
weight: 1.09922e-05
eec: 250.427
weight: 0.000214002
eec: 238.868
weight: 0.000118253
eec: 123.976
weight: 1.22242e-05
eec: 1043.4
weight: 0.000273994
eec: 97.6051
weight: 0.000122217
eec: 164.316
weight: 0.000214639
eec: 213.162
weight: 1.28235e-05
eec: 332.395
weight: 0.00015395
eec: 343.599
weight: 9.33925e-06
eec: 135.051
weight: 2.99248e-06
eec: 878.573
weight: 6.50886e-06
eec: 196.421
weight: 0.000151828
eec: 487.104
weight: 0.00010762
eec: 391.106
weight: 2.69885e-05
eec: 1333.32
weight: 1.25067e-05
eec: 1270.28
weight: 2.15742e-05
eec: 217.491
weight: 0.00117788
eec: 524.208
weight: 5.60552e-06
eec: 1162.98
weight: 2.85121e-05
eec: 604.931
weight: 0.00011537
eec: 593.24
weight: 1.63238e-05
eec: 173.48
weight: 0.000106874
eec: 120.848
weight: 4.16981e-05
eec: 222.406
weight: 1.98086e-06
eec: 95.5837
weight: 2.77806e-05
eec: 326.889
weight: 4.00756e-05
eec: 180.232
weight: 1.29603e-05
eec: 953.866
weight: 4.31253e-06
eec: 784.595
weight: 0.000490367
eec: 169.107
weight: 3.16468e-06
eec: 511.432
weight: 1.06627e-05
eec: 94.0594
weight: 7.21296e-06
eec: 570.164
weight: 2.53892e-05
eec: 37.5489
weight: 0.000111178
eec: 636.519
weight: 3.17386e-07
eec: 242.686
weight: 5.07088e-05
eec: 1243.57
weight: 0.000205179
eec: 97.3871
weight: 0.000161167
eec: 299.386
weight: 1.38136e-06
eec: 527.184
weight: 1.75436e-06
eec: 770.435
weight: 0.000183374
eec: 95.3492
weight: 1.12261e-06
eec: 1639.64
weight: 1.23815e-05
eec: 518.448
weight: 3.32834e-05
eec: 200.576
weight: 2.68132e-05
eec: 133.606
weight: 7.07829e-05
eec: 2061.36
weight: 1.01977e-05
eec: 954.865
weight: 5.53832e-05
eec: 805.685
weight: 5.28694e-08
eec: 1458.97
weight: 4.49546e-05
eec: 200.915
weight: 2.14078e-05
eec: 623.454
weight: 2.51906e-05
eec: 366.293
weight: 0.000171031
eec: 59.7285
weight: 8.29072e-06
eec: 248.02
weight: 1.43872e-05
eec: 100.993
weight: 1.86052e-05
eec: 60.0916
weight: 2.68897e-06
eec: 230.472
weight: 0.000280471
eec: 103.038
weight: 1.90763e-05
eec: 758.217
weight: 1.83043e-05
eec: 1037.52
weight: 2.91499e-06
eec: 511.087
weight: 2.90953e-05
eec: 1051.3
weight: 6.18285e-05
eec: 824.604
weight: 2.66282e-05
eec: 1039.65
weight: 1.2705e-06
eec: 1932.69
weight: 0.000483352
eec: 424.091
weight: 0.000151568
eec: 746.472
weight: 1.10194e-07
eec: 872.888
weight: 5.84648e-06
eec: 336.656
weight: 1.66433e-06
eec: 823.984
weight: 0.000334054
eec: 706.266
weight: 0.000147073
eec: 330.725
weight: 1.41046e-05
eec: 2575.54
weight: 5.95827e-06
eec: 380.208
weight: 4.52598e-07
eec: 234.311
weight: 2.80423e-06
eec: 201.591
weight: 4.7469e-07
eec: 1742.14

ROOT exit code = 0
