gSystem->Load("run_condor_job_Run3_C.so");
run_condor_job_Run3(930, 100, 2,
                    80, 200,
                    1, 1, 1, 9);
.q

ENTERED run_condor_job_Run3()
JOBID = 930
  global job = 930  Job 30/100  events [1783800, 1843260)  total=5946000
Processing events [1783800, 1843260) of 5946000
weight: 8.95606e-06
eec: 242.562
weight: 6.95403e-05
eec: 407.979
weight: 5.20647e-05
eec: 370.362
weight: 3.31158e-05
eec: 137.294
weight: 1.24203e-06
eec: 946.446
weight: 1.21402e-06
eec: 151.873
weight: 3.73554e-05
eec: 256.62
weight: 1.6939e-06
eec: 997.871
weight: 1.51757e-05
eec: 228.144
weight: 1.8455e-05
eec: 328.04
weight: 1.2177e-05
eec: 166.714
weight: 6.1272e-06
eec: 605.635
weight: 1.17499e-07
eec: 190.306
weight: 7.80795e-05
eec: 175.274
weight: 6.56206e-05
eec: 440.58
weight: 4.44735e-07
eec: 147.326
weight: 1.67446e-05
eec: 412.334
weight: 0.000110981
eec: 2315.32
weight: 1.0547e-05
eec: 65.9188
weight: 5.06424e-06
eec: 778.768
weight: 0.000133706
eec: 69.9395
weight: 8.93888e-05
eec: 191.639
weight: 0.000292419
eec: 254.605
weight: 6.38689e-07
eec: 599.789
weight: 0.000520475
eec: 441.52
weight: 7.61987e-06
eec: 281.577
weight: 0.000323289
eec: 224.785
weight: 3.33516e-05
eec: 1575.87
weight: 6.47798e-05
eec: 231.101
weight: 0.000138054
eec: 691.66
weight: 0.000599845
eec: 870.261
weight: 1.98989e-05
eec: 1224.79
weight: 0.00029004
eec: 244.476
weight: 0.000247684
eec: 51.6658
weight: 0.000506222
eec: 127.14
weight: 0.000102633
eec: 146.316
weight: 9.49297e-06
eec: 1101.69
weight: 0.0001556
eec: 194.052
weight: 9.46215e-06
eec: 663.526
weight: 1.764e-05
eec: 132.474
weight: 9.03223e-06
eec: 151.813
weight: 6.24063e-06
eec: 536.732
weight: 9.78136e-06
eec: 126.775
weight: 1.68533e-05
eec: 173.517
weight: 1.18444e-05
eec: 155.401
weight: 3.62731e-05
eec: 225.553
weight: 3.226e-06
eec: 1331.92
weight: 2.46775e-05
eec: 143.429
weight: 0.000179953
eec: 463.494
weight: 3.10388e-06
eec: 1315.15
weight: 6.39975e-06
eec: 1922.18
weight: 0.000157031
eec: 70.8117
weight: 1.83323e-05
eec: 1417.07
weight: 3.51715e-06
eec: 333.305
weight: 8.981e-05
eec: 500.964
weight: 0.000165911
eec: 1188.35
weight: 0.000110275
eec: 1154.81
weight: 5.60563e-05
eec: 566.242
weight: 6.24977e-06
eec: 710.255
weight: 5.16564e-05
eec: 567.274
weight: 0.000679085
eec: 313.049
weight: 1.18785e-05
eec: 297.145
weight: 7.09383e-05
eec: 265.48
weight: 1.20081e-06
eec: 693.333
weight: 8.73082e-06
eec: 1379.12
weight: 1.24481e-05
eec: 1198.84
weight: 7.90909e-07
eec: 617.69
weight: 0.000461035
eec: 938.947
weight: 2.85206e-05
eec: 728.968
Processing: 30.2725 %weight: 2.22118e-06
eec: 11.61
weight: 0.000182523
eec: 334.741
weight: 0.000233079
eec: 338.307
weight: 4.82481e-06
eec: 318.721
weight: 0.000223077
eec: 510.135
weight: 0.000213862
eec: 85.9628
weight: 0.000162696
eec: 187.434
weight: 1.91104e-05
eec: 94.6785
weight: 1.84661e-05
eec: 510.547
weight: 7.58191e-06
eec: 223.709
weight: 6.00017e-05
eec: 328.509
weight: 3.32725e-06
eec: 1223.94
weight: 3.477e-05
eec: 202.182
weight: 4.94994e-05
eec: 164.7
weight: 7.81997e-06
eec: 207.13
weight: 1.84113e-06
eec: 1287.36
weight: 2.31309e-05
eec: 1145.69
weight: 3.01963e-05
eec: 742.368
weight: 0.000118121
eec: 455.11
weight: 0.000151964
eec: 605.293
weight: 0.000190903
eec: 162.757
weight: 1.95857e-05
eec: 164.318
weight: 0.000101611
eec: 387.997
weight: 5.44034e-06
eec: 58.2463
weight: 0.000970982
eec: 590.873
weight: 0.000955781
eec: 47.0226
weight: 6.09603e-05
eec: 207.632
weight: 1.60716e-05
eec: 592.243
weight: 2.05088e-05
eec: 190.942
weight: 8.45742e-06
eec: 1013.13
weight: 2.41129e-05
eec: 852.441
weight: 0.00108526
eec: 603.947
weight: 2.01625e-05
eec: 944.537
weight: 0.000133613
eec: 196.699
weight: 2.66763e-06
eec: 359.427
weight: 7.96249e-05
eec: 791.09
weight: 2.12642e-07
eec: 583.082
weight: 4.61827e-07
eec: 630.626
weight: 7.07126e-05
eec: 1223.26
weight: 1.54097e-05
eec: 2075.11
weight: 1.98261e-05
eec: 494.269
weight: 0.000306083
eec: 682.405
weight: 0.000107994
eec: 466.988
weight: 4.52444e-05
eec: 55.7321
weight: 3.16903e-05
eec: 498.006
weight: 3.16903e-05
eec: 439.886
weight: 3.1412e-05
eec: 187.012
weight: 2.50442e-06
eec: 729.25
weight: 2.30072e-07
eec: 209.31
weight: 1.4254e-05
eec: 92.6424
weight: 1.3294e-05
eec: 583.195
weight: 0.000126877
eec: 435.09
weight: 2.41473e-05
eec: 819.666
weight: 7.94651e-05
eec: 271.301
weight: 1.98388e-05
eec: 112.88
weight: 4.46806e-06
eec: 597.104
weight: 2.95864e-05
eec: 1891.4
weight: 0.000496965
eec: 178.837
weight: 3.25324e-05
eec: 222.743
weight: 2.1771e-05
eec: 223.471
weight: 3.14394e-05
eec: 1266.89
weight: 1.84123e-05
eec: 1134.33
weight: 2.60055e-05
eec: 1232.73
weight: 1.09939e-05
eec: 1515.73
weight: 8.35439e-07
eec: 34.0906
weight: 9.14337e-05
eec: 546.649
weight: 1.24147e-05
eec: 275.98
weight: 8.37557e-06
eec: 2343.29
weight: 1.66433e-05
eec: 310.276
weight: 1.75318e-05
eec: 246.985
weight: 2.38018e-05
eec: 156.308
weight: 1.89107e-05
eec: 1772.97
weight: 4.33755e-07
eec: 1879.47
weight: 2.27193e-06
eec: 1836.16
weight: 3.24094e-05
eec: 614.618
weight: 0.000107378
eec: 192.609
weight: 1.2624e-05
eec: 769.61
weight: 0.000123958
eec: 173.878
weight: 4.45641e-05
eec: 170.405
weight: 9.49544e-05
eec: 148.97
weight: 1.92638e-06
eec: 564.356
weight: 3.94846e-07
eec: 1027.88
weight: 1.50579e-05
eec: 129.265
weight: 3.64096e-06
eec: 274.56
weight: 3.22549e-06
eec: 936.389
weight: 0.00016792
eec: 565.707
weight: 0.000182208
eec: 190.789
weight: 0.000186886
eec: 1490.92
weight: 1.26529e-05
eec: 484.243
weight: 8.87174e-07
eec: 880.589
weight: 0.000216844
eec: 233.754
weight: 6.9931e-06
eec: 935.55
weight: 3.42535e-05
eec: 1228.49
weight: 0.000107332
eec: 530.701
weight: 7.16982e-05
eec: 335.712
weight: 1.87082e-05
eec: 1956.28
weight: 1.0958e-05
eec: 1663.69
weight: 6.29229e-06
eec: 719.559
weight: 1.74243e-05
eec: 808.495
weight: 7.5714e-06
eec: 828.086
weight: 9.04885e-05
eec: 1214.75
weight: 0.000155724
eec: 986.092
weight: 6.31414e-05
eec: 367.5
weight: 0.000337231
eec: 878.291
weight: 1.99746e-05
eec: 388.761
weight: 2.42608e-07
eec: 141.057
weight: 0.000126097
eec: 312.794
weight: 0.000123347
eec: 437.405
weight: 3.88862e-05
eec: 1313.37
weight: 8.51666e-05
eec: 1127.85
weight: 2.32593e-06
eec: 322.357
weight: 5.57079e-06
eec: 104.016
weight: 2.82961e-05
eec: 1207.4
weight: 9.92078e-05
eec: 334.728
weight: 1.95436e-05
eec: 99.6319
weight: 8.29963e-05
eec: 90.1079
weight: 1.09412e-06
eec: 458.235
weight: 0.000859306
eec: 928.032
weight: 0.000140977
eec: 253.111
weight: 0.000140977
eec: 868.048
weight: 4.77045e-05
eec: 578.712
weight: 7.29659e-05
eec: 562.941
weight: 2.83635e-05
eec: 142.394
weight: 6.45209e-06
eec: 1542.27
weight: 1.15214e-05
eec: 346.019
weight: 1.16775e-07
eec: 436.702
weight: 5.81139e-05
eec: 882.891
weight: 3.60994e-05
eec: 231.913
weight: 4.204e-05
eec: 331.3
weight: 6.38041e-07
eec: 244.553
weight: 0.000205564
eec: 925.978
weight: 0.00327559
eec: 239.547
weight: 8.33465e-08
eec: 439.328
weight: 2.66337e-06
eec: 1029.89
weight: 4.07617e-05
eec: 428.133
weight: 4.53422e-06
eec: 189.244
weight: 0.000615586
eec: 535.383
weight: 1.9157e-05
eec: 371.231
weight: 3.37987e-05
eec: 24.1154
weight: 2.28623e-06
eec: 1451.6
weight: 1.86893e-05
eec: 988.311
weight: 1.38175e-05
eec: 1121.64
weight: 2.05962e-05
eec: 603.685
weight: 1.64562e-05
eec: 345.162
weight: 6.96767e-05
eec: 576.189
weight: 1.76666e-06
eec: 923.391
weight: 0.000201339
eec: 230.004
weight: 0.000157892
eec: 323.341
weight: 3.62257e-06
eec: 474.358
weight: 3.54583e-05
eec: 444.904
weight: 1.5256e-05
eec: 1508.48
weight: 1.35047e-07
eec: 101.653
weight: 0.000125394
eec: 85.5141
weight: 7.08392e-05
eec: 589.15
weight: 0.00049624
eec: 573.955
weight: 0.000559533
eec: 349.763
weight: 1.71257e-05
eec: 1070.36
weight: 2.82003e-06
eec: 384.587
weight: 7.79307e-07
eec: 547.269
weight: 9.23852e-06
eec: 990.522
weight: 3.79756e-05
eec: 973.056
weight: 2.78594e-05
eec: 1537.88
weight: 1.70775e-05
eec: 1609.59
weight: 1.70775e-05
eec: 79.8378
weight: 1.03734e-05
eec: 406.769
weight: 3.18422e-05
eec: 141.651
weight: 8.74816e-06
eec: 639.976
weight: 6.49703e-05
eec: 466.09
weight: 7.81112e-05
eec: 851.117
weight: 5.69871e-05
eec: 488.001
weight: 1.67018e-05
eec: 1021.6
weight: 0.000117921
eec: 552.154
weight: 7.744e-05
eec: 175.724
weight: 1.93185e-06
eec: 417.576
weight: 7.00154e-07
eec: 668.602
weight: 7.55468e-06
eec: 113.711
weight: 7.92722e-05
eec: 372.042
weight: 0.000136837
eec: 303.909
weight: 2.68172e-06
eec: 1199.73
weight: 0.000184771
eec: 264.714
weight: 8.53698e-05
eec: 776.754
weight: 0.000188676
eec: 95.7252
weight: 6.23144e-06
eec: 1938.11
weight: 0.000205669
eec: 68.9276
weight: 1.30474e-05
eec: 4030.86
weight: 0.000113387
eec: 400.472
weight: 6.11827e-07
eec: 1651.55
weight: 5.24995e-05
eec: 147.576

ROOT exit code = 0
