gSystem->Load("run_condor_job_Run3_C.so");
run_condor_job_Run3(374, 100, 2,
                    80, 200,
                    1, 1, 1, 3);
.q

ENTERED run_condor_job_Run3()
JOBID = 374
  global job = 374  Job 74/100  events [4440000, 4500000)  total=6000000
Processing events [4440000, 4500000) of 6000000
weight: 1.10982e-05
eec: 740.087
weight: 4.34168e-05
eec: 329.881
weight: 5.7597e-05
eec: 619.113
weight: 5.31438e-06
eec: 3017.35
weight: 0.000213465
eec: 48.1197
weight: 2.51296e-05
eec: 193.734
weight: 1.99529e-05
eec: 699.391
weight: 0.000210152
eec: 206.499
weight: 5.14722e-05
eec: 2513.58
weight: 7.49978e-07
eec: 3868.48
weight: 5.47001e-06
eec: 54.9035
weight: 2.18741e-05
eec: 246.428
weight: 1.27838e-05
eec: 200.052
weight: 0.000168091
eec: 753.908
weight: 0.000209396
eec: 798.273
weight: 0.000182067
eec: 261.337
weight: 0.000123796
eec: 127.608
weight: 6.6942e-05
eec: 194.33
weight: 0.000116485
eec: 154.092
weight: 0.000122248
eec: 877.935
weight: 4.12178e-05
eec: 536.411
weight: 2.25722e-05
eec: 809.604
weight: 1.32441e-05
eec: 766.304
weight: 7.51807e-07
eec: 78.2292
weight: 2.87629e-05
eec: 131.53
weight: 3.71811e-05
eec: 804.811
weight: 9.60809e-06
eec: 912.413
weight: 4.70116e-06
eec: 619.444
weight: 1.65564e-05
eec: 1246.41
weight: 2.42623e-06
eec: 416.659
weight: 2.59162e-05
eec: 207.947
weight: 1.25174e-05
eec: 335.196
weight: 4.22479e-06
eec: 741.973
weight: 3.68597e-05
eec: 1746.54
weight: 1.87774e-07
eec: 474.081
weight: 6.08315e-05
eec: 18.7481
weight: 9.87135e-05
eec: 636.027
weight: 1.47429e-05
eec: 873.823
weight: 1.74067e-08
eec: 59.8185
weight: 4.41859e-06
eec: 204.057
weight: 2.94342e-06
eec: 715.215
weight: 8.68696e-05
eec: 358.597
weight: 5.95443e-05
eec: 114.283
weight: 1.75321e-05
eec: 363.783
weight: 1.40997e-05
eec: 892.169
Processing: 74.1667 %weight: 6.4513e-06
eec: 639.381
weight: 6.52947e-05
eec: 67.2578
weight: 1.0062e-05
eec: 82.0013
weight: 3.06072e-05
eec: 420.611
weight: 5.25267e-06
eec: 794.373
weight: 7.49896e-05
eec: 522.58
weight: 7.43445e-06
eec: 1096.65
weight: 9.93447e-06
eec: 198.676
weight: 4.50322e-05
eec: 3131.4
weight: 2.57183e-05
eec: 471.979
weight: 0.000138755
eec: 642.039
weight: 1.10877e-05
eec: 598.951
weight: 2.27391e-08
eec: 1176.23
weight: 9.43071e-05
eec: 228.395
weight: 8.40554e-05
eec: 55.5258
weight: 9.63396e-05
eec: 2526.76
weight: 2.03239e-05
eec: 1003.89
weight: 0.000688229
eec: 425.117
weight: 3.40233e-05
eec: 120.112
weight: 0.000257964
eec: 318.592
weight: 6.81267e-05
eec: 864.741
weight: 7.25529e-05
eec: 356.351
weight: 6.12086e-05
eec: 144.253
weight: 4.73258e-07
eec: 528.021
weight: 6.42843e-05
eec: 1103.5
weight: 1.30587e-05
eec: 1717.96
weight: 1.62621e-05
eec: 125.179
weight: 1.73282e-05
eec: 860.5
weight: 6.11246e-05
eec: 434.283
weight: 2.31802e-06
eec: 345.359
weight: 1.94043e-06
eec: 3607.21
weight: 4.30918e-06
eec: 262.387
weight: 1.60363e-05
eec: 455.715
weight: 8.03312e-06
eec: 241.576
weight: 8.7256e-06
eec: 860.808
weight: 5.11772e-05
eec: 120.62
weight: 0.000107467
eec: 263.673
weight: 0.000110118
eec: 1890.85
weight: 3.35481e-06
eec: 567.898
weight: 0.000125824
eec: 336.373
weight: 1.32021e-05
eec: 2583.18
weight: 0.000108608
eec: 995.811
weight: 1.88859e-05
eec: 2170.39
weight: 1.55366e-05
eec: 4101.85
weight: 0.00016984
eec: 809.891
weight: 5.40493e-06
eec: 207.87
weight: 3.99216e-06
eec: 598.563
weight: 0.000133786
eec: 389.864
weight: 3.71509e-05
eec: 2190.97
weight: 6.88634e-05
eec: 2098.33
weight: 8.47945e-06
eec: 155.658
weight: 3.31691e-05
eec: 906.359
weight: 3.05525e-06
eec: 755.71
weight: 4.37671e-05
eec: 1048
weight: 1.70546e-05
eec: 2232.2
weight: 6.20844e-05
eec: 108.157
weight: 0.000155973
eec: 1802.68
weight: 1.68554e-05
eec: 1185.96
weight: 3.7534e-06
eec: 167.781
weight: 0.000104288
eec: 2405.42
weight: 0.000159286
eec: 433.317
weight: 1.58271e-05
eec: 36.0291
weight: 2.23572e-05
eec: 841.106
weight: 1.67296e-05
eec: 1758.27
weight: 1.81048e-05
eec: 738.531
weight: 1.14468e-05
eec: 1286.9
weight: 1.35294e-05
eec: 685.108
weight: 0.000466011
eec: 714.782
weight: 1.83505e-05
eec: 825.593
weight: 2.47203e-05
eec: 1856.98
weight: 2.81349e-08
eec: 283.441
weight: 1.58932e-05
eec: 1737.75
weight: 3.5727e-06
eec: 635.987
weight: 1.18659e-05
eec: 194.084
weight: 1.34286e-05
eec: 1911.89
weight: 1.4702e-05
eec: 1290.85
weight: 2.54486e-05
eec: 754.022
weight: 1.07015e-05
eec: 207.815
weight: 3.91341e-07
eec: 335.268
weight: 5.09453e-06
eec: 2882.24
weight: 4.93718e-05
eec: 559.536
weight: 3.77142e-05
eec: 55.6185
weight: 3.9434e-05
eec: 419.92
weight: 8.73075e-05
eec: 627.541
weight: 4.59028e-07
eec: 23.3696
weight: 5.40919e-05
eec: 181.905
weight: 8.33039e-05
eec: 649.801
weight: 8.33039e-05
eec: 87.4292
weight: 1.02279e-05
eec: 1757.15
weight: 3.7904e-05
eec: 34.6519
weight: 0.000232336
eec: 357.163
weight: 0.00016249
eec: 1237.44
weight: 9.04383e-07
eec: 365.469
weight: 0.000538998
eec: 476.721
weight: 9.94951e-05
eec: 421.792
weight: 2.84022e-05
eec: 143.4
weight: 5.44574e-06
eec: 1994.02
weight: 1.61665e-05
eec: 75.4558
weight: 2.93579e-05
eec: 354.768
weight: 1.61295e-05
eec: 250.801
weight: 3.82607e-06
eec: 245.292
weight: 4.38471e-05
eec: 883.403
weight: 4.99995e-05
eec: 1481.88
weight: 1.27113e-05
eec: 649.927
weight: 4.26189e-05
eec: 31.715
weight: 4.8753e-07
eec: 2070.36
weight: 9.41263e-06
eec: 1617.7
weight: 5.04409e-05
eec: 224.869
weight: 2.81662e-05
eec: 584.254
weight: 3.19388e-05
eec: 834.777
weight: 5.12425e-06
eec: 1608.04
weight: 9.45587e-06
eec: 2015.75
weight: 6.37771e-06
eec: 532.401
weight: 4.87537e-08
eec: 59.1024
weight: 1.89101e-06
eec: 81.5278
weight: 1.12105e-05
eec: 344.996
weight: 1.87701e-05
eec: 287.521
weight: 9.71305e-06
eec: 267.294
weight: 9.19569e-06
eec: 1371.86
weight: 4.80908e-05
eec: 252.086
weight: 1.02489e-05
eec: 54.7641
weight: 4.61418e-06
eec: 1143.31
weight: 0.000584088
eec: 1032.52
weight: 2.44419e-05
eec: 35.7461
weight: 0.000104937
eec: 317.574
weight: 2.94913e-06
eec: 188.079
weight: 6.32861e-06
eec: 150.419
weight: 2.0646e-05
eec: 3341.24
weight: 5.01417e-05
eec: 597.467
weight: 1.75371e-05
eec: 162.474
weight: 0.000110388
eec: 305.704
weight: 1.74372e-05
eec: 1684.22
weight: 3.25979e-05
eec: 299.73
weight: 0.000451784
eec: 173.766
weight: 4.68852e-05
eec: 92.528
weight: 2.90696e-05
eec: 790.355
weight: 3.29157e-05
eec: 289.606
weight: 5.91266e-05
eec: 279.094
weight: 0.000393644
eec: 7.01047
weight: 7.91385e-05
eec: 1114.12
weight: 1.38907e-05
eec: 52.7374
weight: 9.67885e-05
eec: 849.161
weight: 5.5707e-05
eec: 494.885
weight: 4.91559e-05
eec: 785.701
weight: 7.58747e-05
eec: 27.7971
weight: 2.32682e-05
eec: 267.11
weight: 1.02307e-05
eec: 490.215
weight: 7.84021e-05
eec: 645.15
weight: 1.73727e-05
eec: 1228.14
weight: 2.94086e-05
eec: 170.527
weight: 1.35257e-05
eec: 7.68292
weight: 1.29697e-05
eec: 146.768
weight: 7.05332e-06
eec: 718.117
weight: 2.53309e-05
eec: 126.109
weight: 0.000386228
eec: 78.4993
weight: 2.73042e-05
eec: 119.279
weight: 3.22913e-05
eec: 229.084
weight: 3.13553e-05
eec: 24.9236
weight: 0.000615418
eec: 152.45
weight: 8.15498e-05
eec: 1276.92
weight: 2.95004e-06
eec: 804.054
weight: 4.4486e-06
eec: 2822.14
weight: 1.48409e-05
eec: 228.013
weight: 1.66067e-05
eec: 2240.11
weight: 9.25951e-06
eec: 31.594
weight: 0.000194673
eec: 192.318
weight: 0.000117109
eec: 708.554
weight: 4.03361e-05
eec: 489.478
weight: 0.000170802
eec: 65.3385
weight: 5.64762e-06
eec: 518.612
weight: 3.52305e-05
eec: 1067.08
weight: 0.00013037
eec: 472.213
weight: 2.26137e-05
eec: 708.747
weight: 1.64523e-05
eec: 2132.13
weight: 2.8031e-05
eec: 293.098
weight: 0.000911883
eec: 223.663
weight: 1.48653e-05
eec: 1684.05
weight: 9.50756e-05
eec: 347.596
weight: 9.34132e-05
eec: 197.023
weight: 1.28919e-05
eec: 472.684
weight: 0.000287093
eec: 184.726
weight: 2.19011e-05
eec: 111.47
weight: 8.71195e-05
eec: 1418.46
weight: 1.44108e-07
eec: 562.575
weight: 1.99186e-06
eec: 1400.58
weight: 3.09302e-05
eec: 627.016
weight: 3.43296e-05
eec: 305.203
weight: 0.000141444
eec: 34.9094
weight: 1.73081e-05
eec: 164.264
weight: 0.000129961
eec: 223.453
weight: 9.33698e-07
eec: 106.895
weight: 2.73537e-05
eec: 880.317
weight: 0.000208778
eec: 414.18
weight: 0.000506101
eec: 453.257
weight: 0.000170852
eec: 1284.69
weight: 1.16518e-05
eec: 68.7648
weight: 0.000154847
eec: 266.395
weight: 2.10439e-05
eec: 141.989
weight: 3.97237e-05
eec: 412.344
weight: 0.00048995
eec: 242.275
weight: 4.25736e-05
eec: 799.897
weight: 5.453e-05
eec: 393.469
weight: 1.06564e-05
eec: 953.389
weight: 9.33845e-05
eec: 145.436

ROOT exit code = 0
