gSystem->Load("run_condor_job_Run3_C.so");
run_condor_job_Run3(90, 100, 2,
                    80, 200,
                    1, 1, 1, 0);
.q

ENTERED run_condor_job_Run3()
JOBID = 90
  global job = 90  Job 90/100  events [5394600, 5454540)  total=5994000
Processing events [5394600, 5454540) of 5994000
weight: 3.31491e-05
eec: 215.517
weight: 9.73559e-05
eec: 457.232
weight: 1.60082e-05
eec: 24.1456
weight: 6.33096e-05
eec: 42.95
weight: 1.05796e-06
eec: 353.734
weight: 5.7024e-06
eec: 578.966
weight: 5.00984e-05
eec: 72.795
weight: 0.000207001
eec: 631.506
weight: 0.000428865
eec: 108.647
weight: 0.000196168
eec: 346.594
weight: 1.83993e-05
eec: 301.106
weight: 2.94982e-05
eec: 902.282
weight: 1.33075e-05
eec: 264.815
weight: 7.78025e-05
eec: 1233.66
weight: 0.000123799
eec: 432.648
weight: 0.00012692
eec: 394.841
weight: 7.96681e-06
eec: 1506.78
weight: 0.000117957
eec: 66.1631
Processing: 90.0901 %weight: 2.37597e-05
eec: 661.472
weight: 1.80964e-05
eec: 52.1377
weight: 3.44078e-05
eec: 480.412
weight: 5.94182e-05
eec: 574.238
weight: 5.26979e-08
eec: 759.809
weight: 4.1751e-05
eec: 35.4767
weight: 6.22349e-07
eec: 1017.02
weight: 2.59115e-05
eec: 756.976
weight: 8.53104e-05
eec: 77.5889
weight: 0.000610803
eec: 312.116
weight: 0.000226366
eec: 147.376
weight: 1.51688e-05
eec: 1176.05
weight: 0.000143488
eec: 277.497
weight: 4.68001e-05
eec: 2299.88
weight: 2.46839e-06
eec: 264.033
weight: 1.56927e-06
eec: 1300.21
weight: 1.95778e-06
eec: 40.3837
weight: 4.22005e-06
eec: 595.35
weight: 5.52642e-06
eec: 591.175
weight: 1.00035e-05
eec: 1676.43
weight: 3.57104e-05
eec: 704.626
weight: 0.000127122
eec: 169.748
weight: 7.92584e-06
eec: 530.075
weight: 0.000206937
eec: 1020.87
weight: 3.61584e-05
eec: 194.964
weight: 0.000391497
eec: 694.704
weight: 1.92614e-05
eec: 29.8886
weight: 1.51897e-05
eec: 41.9649
weight: 5.13218e-06
eec: 1274.85
weight: 0.00057132
eec: 106.203
weight: 3.28078e-06
eec: 141.836
weight: 1.98233e-05
eec: 968.784
weight: 1.26104e-05
eec: 3709.55
weight: 1.26104e-05
eec: 571.711
weight: 0.00014185
eec: 222.677
weight: 8.70828e-06
eec: 484.851
weight: 0.000113529
eec: 413.241
weight: 3.24016e-07
eec: 773.96
weight: 3.31005e-06
eec: 1296.21
weight: 1.74282e-05
eec: 373.543
weight: 2.345e-05
eec: 202.84
weight: 2.77544e-05
eec: 1070.81
weight: 3.09134e-05
eec: 542.375
weight: 2.11247e-05
eec: 739.681
weight: 4.64395e-06
eec: 227.408
weight: 1.25305e-05
eec: 407.554
weight: 1.99992e-06
eec: 1400.4
weight: 2.38273e-05
eec: 843.313
weight: 8.86118e-07
eec: 558.716
weight: 1.43149e-05
eec: 745.31
weight: 2.32286e-06
eec: 2714.37
weight: 1.92961e-05
eec: 260.558
weight: 3.12879e-05
eec: 70.5704
weight: 8.63402e-05
eec: 56.8697
weight: 8.83595e-06
eec: 396.933
weight: 1.79464e-05
eec: 633.607
weight: 2.02816e-05
eec: 146.367
weight: 2.97366e-05
eec: 597.56
weight: 6.46973e-05
eec: 557.914
weight: 1.95306e-07
eec: 127.699
weight: 5.19983e-06
eec: 1113.32
weight: 6.73999e-05
eec: 1266.66
weight: 1.20836e-06
eec: 806.68
weight: 4.03254e-05
eec: 523.128
weight: 7.50726e-06
eec: 175.553
weight: 7.08116e-07
eec: 761.011
weight: 7.08116e-07
eec: 1099.45
weight: 1.16069e-05
eec: 1327.64
weight: 1.4947e-05
eec: 195.18
weight: 3.09347e-07
eec: 33.4741
weight: 0.000284848
eec: 254.56
weight: 5.65543e-06
eec: 1063.84
weight: 9.74036e-05
eec: 836.768
weight: 4.54031e-06
eec: 881.238
weight: 3.40587e-05
eec: 27.4902
weight: 1.07799e-05
eec: 435.772
weight: 1.34997e-05
eec: 86.0236
weight: 5.81056e-05
eec: 99.3974
weight: 1.81984e-05
eec: 439.923
weight: 8.4178e-05
eec: 145.235
weight: 1.40444e-05
eec: 458.105
weight: 6.18002e-05
eec: 885.667
weight: 4.02443e-06
eec: 835.687
weight: 9.53044e-05
eec: 28.9474
weight: 4.61048e-06
eec: 1094.28
weight: 1.18551e-05
eec: 138.617
weight: 2.51193e-06
eec: 432.947
weight: 9.45773e-08
eec: 112.03
weight: 2.90197e-05
eec: 402.132
weight: 5.48694e-05
eec: 716.358
weight: 1.45357e-05
eec: 1194.93
weight: 4.30069e-07
eec: 182.966
weight: 1.22338e-05
eec: 1082.99
weight: 1.80799e-05
eec: 32.0091
weight: 3.81929e-05
eec: 787.531
weight: 0.00017632
eec: 408.726
weight: 0.000156512
eec: 415.462
weight: 5.73112e-05
eec: 84.0719
weight: 1.60604e-05
eec: 323.917
weight: 4.07645e-06
eec: 84.6956
weight: 5.64958e-05
eec: 520.117
weight: 3.08286e-05
eec: 548.655
weight: 2.07438e-05
eec: 2358.26
weight: 1.86322e-05
eec: 132.341
weight: 0.000794669
eec: 510.112
weight: 4.37479e-07
eec: 745.656
weight: 1.85139e-06
eec: 1643.93
weight: 5.52478e-05
eec: 957.339
weight: 3.07279e-05
eec: 814.164
weight: 8.39611e-06
eec: 1534.18
weight: 9.24396e-05
eec: 150.377
weight: 6.06769e-06
eec: 2592.29
weight: 0.000787095
eec: 123.004
weight: 0.000441402
eec: 99.0532
weight: 1.22662e-05
eec: 75.275
weight: 2.49793e-05
eec: 155.989
weight: 0.000279807
eec: 880.614
weight: 6.90352e-08
eec: 540.193
weight: 0.000535281
eec: 153.174
weight: 0.00011936
eec: 375.931
weight: 8.9787e-06
eec: 210.619
weight: 5.28472e-06
eec: 467.482
weight: 0.000145689
eec: 74.6329
weight: 0.000150661
eec: 519.058
weight: 4.24874e-05
eec: 449.874
weight: 0.000110211
eec: 240.332
weight: 5.64028e-05
eec: 15.4004
weight: 0.000113804
eec: 207.186
weight: 0.000113804
eec: 241.653
weight: 7.47931e-05
eec: 222.324
weight: 3.00301e-05
eec: 245.069
weight: 0.00027967
eec: 1280.03
weight: 1.45488e-06
eec: 471.628
weight: 0.000131023
eec: 251.983
weight: 0.000105539
eec: 32.3471
weight: 0.000278931
eec: 545.889
weight: 1.41701e-05
eec: 802.346
weight: 8.96011e-07
eec: 608.234
weight: 1.89108e-05
eec: 58.1691
weight: 6.49133e-06
eec: 501.737
weight: 1.93682e-06
eec: 338.991
weight: 0.000868827
eec: 263.145
weight: 4.19889e-06
eec: 409.23
weight: 1.64879e-05
eec: 1086.46
weight: 0.000236344
eec: 398.058
weight: 9.70513e-06
eec: 837.624
weight: 0.000212721
eec: 223.606
weight: 8.52871e-06
eec: 447.634
weight: 5.16246e-05
eec: 427.804
weight: 4.30174e-05
eec: 622.981
weight: 0.000103025
eec: 240.851
weight: 9.23012e-06
eec: 884.132
weight: 5.31782e-05
eec: 808.353
weight: 2.52595e-06
eec: 191.156
weight: 3.35963e-05
eec: 186.34
weight: 0.000297388
eec: 1611.88
weight: 0.000135563
eec: 14.9472
weight: 0.000264127
eec: 364.879
weight: 8.09744e-06
eec: 2289.89
weight: 6.84078e-05
eec: 582.498
weight: 5.29316e-05
eec: 191.656
weight: 8.56133e-06
eec: 1187.07
weight: 5.39233e-05
eec: 505.237
weight: 5.26963e-06
eec: 973.269
weight: 4.8158e-05
eec: 52.0478
weight: 1.36638e-05
eec: 37.1406
weight: 0.00024191
eec: 462.575
weight: 1.0614e-05
eec: 483.486
weight: 3.56047e-05
eec: 116.271
weight: 1.32637e-07
eec: 517.677
weight: 1.48631e-05
eec: 395.286
weight: 2.13228e-05
eec: 542.965
weight: 0.000352101
eec: 938.07
weight: 4.03777e-05
eec: 1331.75
weight: 9.15756e-05
eec: 358.226
weight: 6.62607e-06
eec: 528.602
weight: 2.87302e-05
eec: 295.696
weight: 8.08106e-06
eec: 558.901
weight: 9.3459e-07
eec: 2080.69
weight: 0.000578861
eec: 654.782
weight: 1.14102e-07
eec: 185.512
weight: 8.15082e-06
eec: 196.779
weight: 0.000249015
eec: 231.208
weight: 3.48714e-05
eec: 359.357
weight: 3.30065e-05
eec: 89.1967
weight: 9.13554e-05
eec: 23.942
weight: 2.80764e-05
eec: 221.681
weight: 1.04878e-05
eec: 309.881
weight: 7.26086e-06
eec: 1018.53
weight: 4.60521e-06
eec: 4029.44
weight: 8.89908e-06
eec: 1756.87
weight: 3.20985e-05
eec: 1375.34
weight: 6.20331e-06
eec: 982.274
weight: 0.000104953
eec: 305.446
weight: 1.01039e-05
eec: 943.453
weight: 3.13356e-05
eec: 2760.7
weight: 7.60434e-07
eec: 64.4206
weight: 2.78983e-06
eec: 1921.84
weight: 5.37352e-05
eec: 1361.65
weight: 3.14135e-05
eec: 602.246
weight: 1.70448e-05
eec: 392.214
weight: 1.47869e-06
eec: 688.879
weight: 0.000528646
eec: 559.335
Processing: 90.9243 %weight: 0.000251794
eec: 108.816
weight: 2.80091e-05
eec: 1305.64
weight: 1.43173e-05
eec: 341.002
weight: 1.81669e-05
eec: 612.578
weight: 5.67295e-07
eec: 695.181
weight: 0.0001114
eec: 474.108
weight: 2.32392e-06
eec: 3181.62
weight: 1.21664e-05
eec: 654.997
weight: 9.50923e-07
eec: 198.533
weight: 0.000249386
eec: 187.105
weight: 4.64596e-06
eec: 371.036
weight: 2.60249e-06
eec: 604.32
weight: 6.91219e-05
eec: 25.2274
weight: 1.40933e-05
eec: 724.242
weight: 0.000122187
eec: 768.74
weight: 2.24021e-05
eec: 371.534
weight: 9.78334e-06
eec: 448.176
weight: 0.000304149
eec: 171.635
weight: 2.81153e-07
eec: 737.757
weight: 2.5412e-05
eec: 74.2707
weight: 8.34638e-05
eec: 1414.62
weight: 0.000181664
eec: 348.903
weight: 5.91598e-05
eec: 83.9401

ROOT exit code = 0
