gSystem->Load("run_condor_job_Run3_C.so");
run_condor_job_Run3(528, 100, 2,
                    80, 200,
                    1, 1, 1, 5);
.q

ENTERED run_condor_job_Run3()
JOBID = 528
  global job = 528  Job 28/100  events [1680000, 1740000)  total=6000000
Processing events [1680000, 1740000) of 6000000
weight: 1.35081e-05
eec: 761.354
weight: 3.6478e-05
eec: 87.2227
weight: 3.68619e-05
eec: 67.3822
weight: 0.000127034
eec: 1075.37
weight: 0.00124126
eec: 427.531
weight: 0.000227143
eec: 163.796
weight: 3.49673e-06
eec: 746.329
weight: 4.43829e-05
eec: 59.4727
weight: 2.7676e-05
eec: 133.793
weight: 0.00017193
eec: 66.8892
weight: 4.1051e-05
eec: 792.383
weight: 1.4809e-05
eec: 79.3198
weight: 0.000140078
eec: 446.602
weight: 3.8005e-05
eec: 550.151
weight: 5.91549e-08
eec: 108.371
weight: 2.14085e-05
eec: 414.076
weight: 1.00389e-05
eec: 1309.63
weight: 6.73786e-06
eec: 372.151
weight: 0.000153641
eec: 1026.5
weight: 1.10462e-05
eec: 474.886
weight: 1.4203e-06
eec: 685.3
weight: 9.77847e-05
eec: 155.653
weight: 9.92839e-05
eec: 1747.8
weight: 1.078e-05
eec: 89.6362
weight: 0.000525217
eec: 866.372
weight: 6.37701e-05
eec: 982.104
weight: 0.000274988
eec: 567.487
weight: 2.49423e-06
eec: 1044.1
weight: 9.74095e-06
eec: 664.513
weight: 2.82094e-06
eec: 976.725
weight: 0.00015595
eec: 96.2097
weight: 0.000137479
eec: 111.474
weight: 6.80541e-06
eec: 2879.24
weight: 3.12982e-05
eec: 604.52
weight: 3.92738e-05
eec: 56.9276
weight: 7.66906e-06
eec: 1452.33
weight: 2.62572e-06
eec: 774.281
weight: 0.000104938
eec: 12.8699
weight: 2.8435e-05
eec: 294.018
weight: 0.000178968
eec: 287.392
weight: 0.000145004
eec: 112.406
weight: 0.000193034
eec: 225.822
weight: 0.0002513
eec: 392.563
weight: 0.000100381
eec: 104.89
weight: 7.53953e-05
eec: 182.997
weight: 7.20159e-06
eec: 273.925
weight: 0.000126086
eec: 39.7321
weight: 3.46581e-05
eec: 391.286
weight: 1.60804e-05
eec: 117.98
weight: 8.83561e-05
eec: 267.761
weight: 7.70079e-06
eec: 222.224
weight: 8.06477e-07
eec: 939.874
weight: 5.5161e-05
eec: 126.109
weight: 5.46521e-06
eec: 157.432
weight: 2.82737e-05
eec: 251.56
weight: 1.38777e-05
eec: 562.149
weight: 2.41032e-06
eec: 401.636
weight: 0.000105509
eec: 494.008
weight: 0.00015881
eec: 1224.62
weight: 0.000364309
eec: 285.129
weight: 4.46365e-05
eec: 554.348
weight: 5.62293e-06
eec: 5059.98
weight: 1.76323e-05
eec: 350.671
weight: 5.55992e-06
eec: 1964.64
weight: 8.97122e-05
eec: 904.174
weight: 0.000160101
eec: 459.48
weight: 3.50483e-05
eec: 958.097
weight: 5.85949e-05
eec: 750.793
weight: 1.18936e-05
eec: 1511.07
weight: 5.22161e-05
eec: 102.228
weight: 3.69694e-06
eec: 346.161
weight: 4.16316e-05
eec: 1052.18
weight: 5.36632e-06
eec: 1017.91
weight: 2.69162e-05
eec: 411.993
weight: 1.95174e-05
eec: 248.524
weight: 1.02479e-05
eec: 544.555
weight: 0.000211268
eec: 370.525
weight: 2.47186e-05
eec: 880.087
Processing: 28.3333 %weight: 9.27654e-05
eec: 64.2638
weight: 7.8461e-05
eec: 233.115
weight: 4.06633e-06
eec: 250.236
weight: 1.37509e-05
eec: 625.767
weight: 1.37509e-05
eec: 780.955
weight: 0.000285133
eec: 44.2361
weight: 8.83176e-06
eec: 925.261
weight: 0.000144609
eec: 996.028
weight: 5.76442e-05
eec: 128.963
weight: 6.14365e-05
eec: 224.924
weight: 5.06332e-05
eec: 179.153
weight: 7.86737e-05
eec: 103.455
weight: 7.70508e-05
eec: 248.686
weight: 0.00203402
eec: 196.886
weight: 0.00017393
eec: 1107.32
weight: 5.12058e-05
eec: 878.208
weight: 5.66565e-05
eec: 623.606
weight: 7.76138e-06
eec: 433.118
weight: 0.000110097
eec: 1135.79
weight: 0.000219138
eec: 593.285
weight: 7.04085e-05
eec: 193.166
weight: 3.8223e-06
eec: 2739.3
weight: 1.21045e-05
eec: 878.594
weight: 0.000840347
eec: 398.489
weight: 1.39332e-05
eec: 645.358
weight: 8.09469e-05
eec: 100.126
weight: 0.000140732
eec: 394.641
weight: 1.03706e-05
eec: 3398.97
weight: 4.63275e-06
eec: 1437.84
weight: 6.46763e-05
eec: 1092.24
weight: 1.63358e-05
eec: 16.4939
weight: 5.29778e-05
eec: 75.0358
weight: 0.000238663
eec: 474.236
weight: 0.000238663
eec: 890.469
weight: 0.00067472
eec: 436.982
weight: 1.98056e-06
eec: 1017.92
weight: 0.000409318
eec: 269.262
weight: 1.95671e-05
eec: 877.234
weight: 0.000227547
eec: 172.587
weight: 0.000102988
eec: 278.701
weight: 1.11769e-05
eec: 1510.39
weight: 4.43434e-06
eec: 487.325
weight: 4.19742e-05
eec: 58.9566
weight: 4.49842e-05
eec: 115.077
weight: 7.56543e-05
eec: 613.023
weight: 1.62444e-05
eec: 858.465
weight: 0.000229004
eec: 656.296
weight: 3.88652e-06
eec: 145.134
weight: 0.000150285
eec: 350.965
weight: 0.000383668
eec: 613.085
weight: 8.49639e-06
eec: 1259.28
weight: 1.62321e-05
eec: 304.577
weight: 0.000179283
eec: 349.593
weight: 9.82874e-06
eec: 2349.64
weight: 2.13656e-06
eec: 144.277
weight: 3.485e-06
eec: 702.735
weight: 1.6958e-06
eec: 26.0427
weight: 8.40095e-06
eec: 699.609
weight: 5.99171e-07
eec: 320.55
weight: 4.6707e-05
eec: 513.053
weight: 6.42727e-05
eec: 313.902
weight: 1.98665e-05
eec: 907.452
weight: 1.21873e-05
eec: 370.533
weight: 2.37314e-05
eec: 127.583
weight: 0.000210841
eec: 181.978
weight: 7.9282e-07
eec: 564.512
weight: 2.22391e-05
eec: 1169.35
weight: 1.38465e-05
eec: 305.766
weight: 2.46243e-06
eec: 989.132
weight: 4.36154e-05
eec: 201.952
weight: 0.000339776
eec: 215.275
weight: 1.52253e-06
eec: 722.318
weight: 3.16206e-05
eec: 876.803
weight: 0.00016532
eec: 373.26
weight: 3.19272e-05
eec: 59.051
weight: 1.96703e-06
eec: 380.086
weight: 0.000249842
eec: 55.03
weight: 9.7107e-05
eec: 134.094
weight: 4.20523e-05
eec: 43.6879
weight: 2.57288e-05
eec: 245.965
weight: 1.37853e-05
eec: 239.153
weight: 3.54172e-07
eec: 222.748
weight: 6.22232e-07
eec: 776.344
weight: 5.96815e-06
eec: 1588.97
weight: 0.000249611
eec: 69.9162
weight: 5.73766e-05
eec: 241.141
weight: 2.53999e-06
eec: 76.492
weight: 0.000189462
eec: 505.101
weight: 1.28826e-05
eec: 225.606
weight: 1.35298e-05
eec: 967.685
weight: 1.22671e-05
eec: 376.246
weight: 1.31133e-05
eec: 607.353
weight: 0.000319316
eec: 149.805
weight: 0.000412962
eec: 105.039
weight: 9.72194e-05
eec: 2232.3
weight: 2.87306e-05
eec: 817.443
weight: 0.000152913
eec: 419.839
weight: 3.98798e-06
eec: 129.87
weight: 1.94349e-05
eec: 221.234
weight: 5.00327e-05
eec: 38.8634
weight: 8.62949e-06
eec: 197.896
weight: 7.12411e-05
eec: 59.6607
weight: 0.000104691
eec: 18.2233
weight: 9.30051e-05
eec: 242.809
weight: 0.000157056
eec: 287.994
weight: 3.13839e-05
eec: 122.413
weight: 0.000220735
eec: 158.616
weight: 3.75279e-06
eec: 1220.9
weight: 1.87286e-05
eec: 1171.29
weight: 1.04544e-06
eec: 60.2611
weight: 8.73668e-06
eec: 97.6406
weight: 4.92909e-05
eec: 1652.48
weight: 0.000207596
eec: 129.117
weight: 3.82598e-05
eec: 116.077
weight: 1.34161e-05
eec: 904.458
weight: 1.86656e-07
eec: 111.761
weight: 1.23531e-06
eec: 2414.83
weight: 0.000546124
eec: 135.89
weight: 8.67173e-06
eec: 439.859
weight: 2.34248e-05
eec: 80.0073
weight: 1.22124e-05
eec: 358.275
weight: 1.7316e-05
eec: 1608.02
weight: 6.37514e-06
eec: 350.371
weight: 2.94525e-06
eec: 582.589
weight: 1.58984e-06
eec: 1081.77
weight: 3.2586e-05
eec: 165.186
weight: 6.36409e-05
eec: 264.638
weight: 3.53155e-07
eec: 425.947
weight: 0.000128516
eec: 416.053
weight: 8.63574e-05
eec: 230.462
weight: 0.000144889
eec: 227.77
weight: 0.000608373
eec: 24.461
weight: 2.80009e-05
eec: 250.798
weight: 4.20032e-06
eec: 2016.62
weight: 0.000237272
eec: 447.747
weight: 9.17041e-06
eec: 375.702
weight: 0.000114582
eec: 74.7055
weight: 7.9357e-06
eec: 245.242
weight: 0.000175336
eec: 221.367
weight: 0.00105897
eec: 549.933
weight: 0.000567979
eec: 385.951
weight: 8.299e-05
eec: 1279.79
weight: 8.81196e-06
eec: 44.5969
weight: 0.000130092
eec: 187.094
weight: 2.86459e-08
eec: 152.535
weight: 5.68939e-06
eec: 348.87
weight: 0.000124265
eec: 297.919
weight: 4.35848e-05
eec: 591.768
weight: 3.5582e-06
eec: 1426.38
weight: 0.000263515
eec: 513.557
weight: 8.81775e-06
eec: 2109.85
weight: 8.81775e-06
eec: 119.222
weight: 1.18604e-06
eec: 173.587

ROOT exit code = 0
