gSystem->Load("run_condor_job_Run3_C.so");
run_condor_job_Run3(973, 100, 2,
                    80, 200,
                    1, 1, 1, 9);
.q

ENTERED run_condor_job_Run3()
JOBID = 973
  global job = 973  Job 73/100  events [4340580, 4400040)  total=5946000
Processing events [4340580, 4400040) of 5946000
weight: 0.000131011
eec: 297.228
weight: 9.43466e-06
eec: 204.526
weight: 1.53158e-05
eec: 2434.25
weight: 3.33246e-05
eec: 1894.57
weight: 1.06791e-06
eec: 845.67
weight: 7.71323e-06
eec: 200.269
weight: 2.48678e-05
eec: 471.245
weight: 7.86104e-07
eec: 1479.99
weight: 6.04608e-05
eec: 641.027
weight: 4.185e-05
eec: 640.783
weight: 1.04427e-05
eec: 935.811
weight: 3.33783e-05
eec: 260.289
weight: 1.17774e-05
eec: 549.974
weight: 1.8353e-06
eec: 1176.57
weight: 5.35522e-05
eec: 1852.12
weight: 0.000439158
eec: 230.14
weight: 4.38992e-05
eec: 1147.67
weight: 1.46842e-05
eec: 2728.7
weight: 6.45179e-05
eec: 729.148
weight: 4.69089e-05
eec: 478.028
weight: 7.97451e-06
eec: 294.42
weight: 8.41068e-07
eec: 78.4912
weight: 9.41098e-06
eec: 231.851
weight: 1.63068e-05
eec: 1730.23
weight: 0.000109132
eec: 79.3317
weight: 2.14747e-06
eec: 987.294
weight: 6.23824e-05
eec: 361.196
weight: 8.20531e-06
eec: 2388.61
weight: 1.73272e-05
eec: 907.732
weight: 6.43093e-06
eec: 2018.94
weight: 8.42225e-05
eec: 911.344
weight: 6.06281e-05
eec: 374.098
weight: 6.03457e-07
eec: 416.304
weight: 4.87724e-06
eec: 3250.5
weight: 4.4107e-06
eec: 3171.79
weight: 9.43755e-06
eec: 437.253
weight: 3.08006e-06
eec: 840.955
weight: 1.62031e-07
eec: 589.46
Processing: 73.1584 %weight: 0.000204375
eec: 646.058
weight: 2.88162e-06
eec: 1018.53
weight: 1.52652e-05
eec: 1702.36
weight: 0.00014093
eec: 81.6395
weight: 0.000135374
eec: 109.133
weight: 1.77073e-05
eec: 226.178
weight: 0.000122025
eec: 294.051
weight: 1.07681e-06
eec: 521.777
weight: 4.07395e-05
eec: 341.495
weight: 1.60197e-05
eec: 519.14
weight: 3.56622e-06
eec: 163.433
weight: 0.000463645
eec: 221.013
weight: 4.52546e-05
eec: 348.759
weight: 0.00042375
eec: 767.171
weight: 5.8234e-05
eec: 349.049
weight: 4.06517e-06
eec: 117.467
weight: 0.000309863
eec: 748.649
weight: 5.74137e-05
eec: 316.438
weight: 5.35712e-05
eec: 1062.96
weight: 5.84645e-05
eec: 1772.74
weight: 0.000141026
eec: 50.1409
weight: 1.12915e-05
eec: 259.485
weight: 0.000314497
eec: 642.944
weight: 0.000163572
eec: 163.21
weight: 0.000248127
eec: 758.642
weight: 1.54187e-05
eec: 1613.56
weight: 0.000123181
eec: 418.209
weight: 2.28278e-05
eec: 964.463
weight: 6.25118e-05
eec: 46.9734
weight: 1.1952e-05
eec: 1096.6
weight: 7.55319e-06
eec: 430.187
weight: 9.429e-06
eec: 281.536
weight: 2.27075e-05
eec: 254.523
weight: 0.000106006
eec: 410.259
weight: 6.78132e-06
eec: 832.124
weight: 0.000177455
eec: 259.293
weight: 1.02643e-05
eec: 485.995
weight: 5.17426e-05
eec: 302.028
weight: 2.40637e-06
eec: 303.048
weight: 1.60404e-05
eec: 231.783
weight: 2.90091e-05
eec: 540.09
weight: 0.000158106
eec: 610.018
weight: 3.2458e-05
eec: 171.227
weight: 3.7262e-05
eec: 265.818
weight: 1.78632e-05
eec: 873.112
weight: 1.83412e-05
eec: 947.42
weight: 0.000330603
eec: 62.9379
weight: 7.20362e-05
eec: 224.389
weight: 8.9345e-05
eec: 185.012
weight: 0.000125538
eec: 762.274
weight: 2.29721e-05
eec: 1112.61
weight: 1.8485e-05
eec: 469.988
weight: 5.93339e-06
eec: 4803.51
weight: 2.74487e-05
eec: 192.212
weight: 1.00729e-05
eec: 281.664
weight: 9.6182e-06
eec: 460.465
weight: 1.36136e-05
eec: 987.652
weight: 3.3358e-05
eec: 972.57
weight: 9.81496e-06
eec: 114.572
weight: 8.82441e-05
eec: 332.009
weight: 1.0676e-05
eec: 3157.9
weight: 1.69336e-05
eec: 790.44
weight: 5.04273e-06
eec: 175.658
weight: 5.04273e-06
eec: 514.586
weight: 8.04749e-05
eec: 173.173
weight: 9.49142e-06
eec: 143.554
weight: 4.0987e-05
eec: 131.865
weight: 0.000163317
eec: 401.352
weight: 5.02688e-05
eec: 778.444
weight: 5.0363e-06
eec: 2089.93
weight: 0.000659017
eec: 249.08
weight: 1.04133e-06
eec: 651.343
weight: 4.96471e-06
eec: 704.888
weight: 5.34017e-06
eec: 847.354
weight: 1.66103e-05
eec: 842.803
weight: 7.26606e-05
eec: 174.142
weight: 0.000321323
eec: 714.371
weight: 0.00229854
eec: 817.344
weight: 0.000260591
eec: 252.063
weight: 1.47005e-05
eec: 170.135
weight: 9.41777e-07
eec: 321.313
weight: 6.39308e-06
eec: 417.242
weight: 2.53047e-05
eec: 512.051
weight: 2.352e-06
eec: 2276.73
weight: 5.65664e-05
eec: 650.526
weight: 1.83266e-05
eec: 556.717
weight: 0.000130559
eec: 937.634
weight: 2.98656e-05
eec: 131.05
weight: 6.65129e-06
eec: 1777.59
weight: 3.63811e-05
eec: 635.682
weight: 3.92385e-06
eec: 692.663
weight: 3.30503e-05
eec: 158.877
weight: 3.52387e-06
eec: 788.653
weight: 1.25262e-05
eec: 86.6952
weight: 3.42239e-05
eec: 2015.32
weight: 6.3634e-05
eec: 347.758
weight: 0.000159514
eec: 738.16
weight: 4.14691e-07
eec: 1867.99
weight: 3.87593e-06
eec: 2464.7
weight: 2.86715e-05
eec: 402.067
weight: 0.00012712
eec: 191.677
weight: 2.72805e-05
eec: 230.774
weight: 0.000363641
eec: 333.105
weight: 0.0022374
eec: 59.0154
weight: 3.35528e-06
eec: 479.555
weight: 4.75853e-09
eec: 666.292
weight: 0.000115578
eec: 186.854
weight: 0.000140427
eec: 201.865
weight: 3.69063e-06
eec: 379.903
weight: 1.12279e-07
eec: 615.434
weight: 4.03315e-05
eec: 375.538
weight: 8.62089e-06
eec: 473.652
weight: 4.79338e-06
eec: 2730.82
weight: 2.16017e-05
eec: 981.732
weight: 9.30343e-06
eec: 573.211
weight: 5.17929e-05
eec: 24.187
weight: 1.8831e-05
eec: 531.793
weight: 0.000625619
eec: 256.117
weight: 1.03894e-05
eec: 72.0316
weight: 1.41984e-05
eec: 278.95
weight: 0.000126693
eec: 122.246
weight: 2.28535e-05
eec: 11.6298
weight: 4.3715e-06
eec: 195.734
weight: 2.75601e-06
eec: 98.5577
weight: 0.000417931
eec: 41.2292
weight: 0.000190147
eec: 50.0086
weight: 0.00104093
eec: 183.683
weight: 0.00011377
eec: 379.681
weight: 1.39523e-05
eec: 1059.3
weight: 5.49311e-06
eec: 387.958
weight: 0.00054161
eec: 919.806
weight: 2.02748e-05
eec: 386.39
weight: 0.00011418
eec: 657.597
weight: 0.00126417
eec: 383.929
weight: 7.62947e-07
eec: 26.205
weight: 9.56586e-07
eec: 168.738
weight: 9.1191e-05
eec: 125.187
weight: 3.2851e-06
eec: 834.182
weight: 0.000999561
eec: 19.4734
weight: 2.22406e-05
eec: 247.62
weight: 0.000357552
eec: 526.881
weight: 0.000492915
eec: 248.22
weight: 1.47093e-05
eec: 834.13
weight: 1.26738e-05
eec: 602.502
weight: 7.66287e-06
eec: 1666.38
weight: 2.48868e-05
eec: 1000.25
weight: 2.74971e-05
eec: 187.402
weight: 1.83225e-05
eec: 697.971
weight: 5.81999e-05
eec: 641.689
weight: 7.23759e-07
eec: 301.206
weight: 7.25989e-06
eec: 55.2808
weight: 2.61677e-05
eec: 11.5141
weight: 8.64543e-06
eec: 424.511
weight: 4.54281e-05
eec: 237.145
weight: 2.33487e-05
eec: 153.524
weight: 6.0934e-05
eec: 371.973
weight: 3.5595e-06
eec: 1304.18
weight: 3.31747e-05
eec: 92.8551
weight: 0.000213513
eec: 96.8883
weight: 5.00832e-05
eec: 456.712
weight: 6.08931e-05
eec: 352.018
weight: 4.48436e-05
eec: 218.22
weight: 0.000144127
eec: 1149.32
weight: 2.7175e-05
eec: 403.335
weight: 3.93972e-08
eec: 1125.69
weight: 7.65122e-05
eec: 758.955
weight: 2.63882e-05
eec: 95.0497
weight: 7.59791e-06
eec: 152.369
weight: 0.000373207
eec: 717.383
weight: 5.04735e-05
eec: 524.715
weight: 0.000167887
eec: 30.8584
weight: 2.51386e-05
eec: 86.2049
weight: 2.51386e-05
eec: 345.113
weight: 1.89064e-05
eec: 700.671
weight: 3.49285e-05
eec: 583.706
weight: 2.03853e-05
eec: 94.5475
weight: 0.000113245
eec: 574.464
weight: 3.11768e-05
eec: 151.167
weight: 1.36145e-05
eec: 897.927
weight: 0.00120832
eec: 421.588
weight: 9.49989e-05
eec: 234.984
weight: 2.93487e-06
eec: 668.893
weight: 1.01553e-05
eec: 2871.35
weight: 2.87948e-05
eec: 136.529
weight: 8.31985e-05
eec: 1149.02
weight: 8.28696e-07
eec: 28.1741
weight: 0.000347533
eec: 665.005
weight: 2.72424e-05
eec: 671.973
weight: 3.12311e-06
eec: 784.416
weight: 2.22573e-07
eec: 842.301
weight: 1.10232e-05
eec: 119.602
weight: 1.10232e-05
eec: 59.8982
weight: 6.81471e-06
eec: 906.632
weight: 2.36835e-06
eec: 41.9286
weight: 2.72357e-06
eec: 728.748
weight: 1.63114e-05
eec: 259.671
weight: 3.8206e-05
eec: 803.741
weight: 3.41498e-05
eec: 638.82
weight: 7.22491e-05
eec: 1579.59
weight: 5.36209e-05
eec: 1099.01
weight: 0.000174469
eec: 913.414
weight: 8.79638e-07
eec: 461.377
weight: 1.27046e-05
eec: 1808.81
weight: 9.99063e-06
eec: 2909.8
weight: 1.35947e-05
eec: 376.251
weight: 0.000134533
eec: 1006.49
weight: 4.27344e-07
eec: 1894.16
weight: 1.5698e-05
eec: 783.045
Processing: 73.9993 %
ROOT exit code = 0
