gSystem->Load("run_condor_job_Run3_C.so");
run_condor_job_Run3(108, 100, 2,
                    80, 200,
                    1, 1, 1, 1);
.q

ENTERED run_condor_job_Run3()
JOBID = 108
  global job = 108  Job 8/100  events [468960, 527580)  total=5862000
Processing events [468960, 527580) of 5862000
weight: 7.91389e-06
eec: 1059.03
weight: 8.42444e-05
eec: 1239.54
weight: 8.61569e-05
eec: 107.591
weight: 0.000126226
eec: 225.036
weight: 3.02943e-05
eec: 216.834
weight: 0.000236428
eec: 969.264
weight: 9.16745e-07
eec: 594.564
weight: 9.52731e-05
eec: 166.028
weight: 8.7617e-05
eec: 35.7363
weight: 3.78177e-05
eec: 166.913
weight: 6.43908e-06
eec: 441.643
weight: 7.75339e-06
eec: 857.561
weight: 8.33625e-05
eec: 245.235
weight: 2.98448e-06
eec: 235.998
weight: 3.51704e-05
eec: 920.942
weight: 2.19422e-06
eec: 1028.64
weight: 8.58333e-06
eec: 138.727
weight: 1.33494e-05
eec: 510.666
weight: 1.34185e-05
eec: 471.25
weight: 4.46176e-06
eec: 274.684
weight: 2.29246e-07
eec: 112.238
weight: 2.74054e-06
eec: 567.461
weight: 2.60926e-05
eec: 993.008
weight: 1.67173e-05
eec: 724.357
weight: 0.000337219
eec: 295.428
weight: 1.32381e-05
eec: 360.172
weight: 0.000235354
eec: 619.722
weight: 1.95652e-05
eec: 62.3837
weight: 1.3529e-05
eec: 163.049
weight: 0.00108564
eec: 617.621
weight: 0.000874263
eec: 188.997
weight: 3.99393e-05
eec: 836.162
weight: 1.10443e-05
eec: 455.156
weight: 0.000351904
eec: 278.617
weight: 5.79449e-05
eec: 156.644
weight: 4.96396e-06
eec: 1423.64
weight: 2.91353e-07
eec: 308.659
weight: 1.38732e-05
eec: 1065.02
weight: 2.56448e-05
eec: 276.335
weight: 1.0597e-05
eec: 2830.71
weight: 2.27062e-07
eec: 320.972
weight: 7.36762e-07
eec: 702.919
weight: 3.45729e-05
eec: 189.635
weight: 5.95826e-05
eec: 407.408
weight: 5.89109e-05
eec: 558.931
weight: 0.00030774
eec: 41.9568
weight: 2.88063e-05
eec: 132.272
weight: 0.000119609
eec: 530.169
weight: 2.79719e-05
eec: 426.291
weight: 1.48992e-05
eec: 174.532
weight: 1.13914e-05
eec: 370.579
weight: 1.21672e-05
eec: 868.982
weight: 0.000173109
eec: 369.007
weight: 1.78437e-05
eec: 453.83
weight: 7.34586e-05
eec: 356.143
weight: 7.64623e-06
eec: 201.865
weight: 2.29058e-05
eec: 622.432
weight: 3.51067e-06
eec: 1964.28
weight: 3.51067e-06
eec: 8.21812
weight: 2.13532e-06
eec: 1145.54
weight: 6.98895e-06
eec: 1236.14
weight: 6.73425e-05
eec: 358.089
weight: 2.77687e-05
eec: 692.832
weight: 1.96066e-06
eec: 150.722
weight: 1.51439e-06
eec: 510.371
weight: 1.10914e-06
eec: 838.425
weight: 6.81449e-05
eec: 1669.88
weight: 0.000164542
eec: 1085.3
weight: 7.53591e-05
eec: 537.768
weight: 0.000106928
eec: 72.9944
weight: 1.91521e-05
eec: 615.165
weight: 0.000272143
eec: 23.0548
weight: 7.25724e-05
eec: 80.6987
weight: 3.33988e-05
eec: 992.177
weight: 1.53374e-05
eec: 545.232
weight: 0.000123618
eec: 110.854
weight: 2.25009e-05
eec: 898.321
weight: 8.18491e-05
eec: 138.71
weight: 2.98461e-06
eec: 1662.19
weight: 2.08641e-05
eec: 1040.23
weight: 7.0154e-05
eec: 221.339
weight: 6.73828e-05
eec: 54.1035
weight: 3.93959e-05
eec: 385.667
weight: 8.9691e-05
eec: 551.748
weight: 1.14117e-05
eec: 66.0997
weight: 4.35597e-05
eec: 1383.17
weight: 0.000142232
eec: 33.0813
weight: 2.61766e-05
eec: 1553.83
weight: 1.76087e-05
eec: 225.511
weight: 0.000245615
eec: 251.393
weight: 5.54909e-08
eec: 2133.57
weight: 8.89596e-05
eec: 133.37
weight: 1.00707e-06
eec: 595.117
weight: 1.1356e-07
eec: 33.0513
weight: 5.04816e-06
eec: 538.095
weight: 1.18071e-05
eec: 406.85
weight: 0.000113745
eec: 780.95
weight: 0.000232175
eec: 294.186
weight: 3.69778e-05
eec: 76.3747
weight: 7.27521e-05
eec: 450.736
weight: 0.00205746
eec: 592.176
weight: 6.88622e-05
eec: 607.299
weight: 1.03948e-06
eec: 156.906
weight: 4.16712e-05
eec: 76.5382
weight: 1.11566e-05
eec: 283.573
weight: 1.11566e-05
eec: 1168.44
weight: 0.000316285
eec: 307.438
weight: 7.36735e-05
eec: 140.809
weight: 4.69542e-05
eec: 180.155
weight: 0.000148254
eec: 28.3273
weight: 3.46579e-05
eec: 827.025
weight: 7.84978e-06
eec: 1247.63
weight: 2.54695e-05
eec: 599.805
weight: 1.5593e-05
eec: 372.098
weight: 2.45352e-05
eec: 118.146
weight: 7.75139e-06
eec: 337.872
weight: 2.78464e-06
eec: 312.338
weight: 1.36636e-05
eec: 723.585
weight: 6.4659e-06
eec: 2227.91
weight: 4.67025e-07
eec: 737.656
weight: 0.000112288
eec: 573.552
weight: 1.18501e-05
eec: 1895.32
weight: 5.83025e-06
eec: 449.042
weight: 3.91505e-06
eec: 267.125
weight: 0.000115237
eec: 548.006
weight: 1.01393e-05
eec: 284.673
weight: 7.63308e-07
eec: 90.5828
weight: 0.000110661
eec: 854.018
weight: 0.000548186
eec: 296.107
Processing: 8.52951 %weight: 1.17986e-06
eec: 1157.94
weight: 4.26217e-05
eec: 632.429
weight: 2.18237e-06
eec: 400.725
weight: 0.000341487
eec: 628.451
weight: 0.000341487
eec: 129.164
weight: 1.1088e-06
eec: 304.261
weight: 5.53274e-05
eec: 475.129
weight: 1.06169e-05
eec: 393.4
weight: 1.49977e-05
eec: 1139.15
weight: 3.40605e-06
eec: 449.317
weight: 8.28775e-06
eec: 1073.13
weight: 0.000393431
eec: 824.376
weight: 8.13943e-06
eec: 1430.06
weight: 3.05435e-07
eec: 1777.76
weight: 5.40003e-08
eec: 479.138
weight: 3.9615e-05
eec: 213.448
weight: 1.65407e-06
eec: 875.926
weight: 3.65257e-05
eec: 321.335
weight: 1.15235e-05
eec: 40.0324
weight: 0.000810973
eec: 742.139
weight: 0.000149662
eec: 549.84
weight: 8.18324e-08
eec: 174.037
weight: 7.46142e-07
eec: 701.822
weight: 8.21482e-06
eec: 613.651
weight: 0.000289291
eec: 357.859
weight: 8.81508e-05
eec: 124.634
weight: 0.000240032
eec: 263.329
weight: 0.000187341
eec: 86.7981
weight: 8.82024e-05
eec: 795.832
weight: 2.39797e-06
eec: 3071.99
weight: 1.45907e-05
eec: 683.598
weight: 8.46495e-06
eec: 174.177
weight: 2.04312e-06
eec: 109.762
weight: 4.15836e-05
eec: 1116.58
weight: 5.26594e-05
eec: 302.891
weight: 2.68987e-05
eec: 1961.03
weight: 2.3695e-06
eec: 814.201
weight: 8.2559e-06
eec: 164.247
weight: 2.35352e-06
eec: 156.518
weight: 6.49469e-05
eec: 209.224
weight: 0.000278444
eec: 211.424
weight: 8.79939e-05
eec: 1666.07
weight: 4.67116e-05
eec: 113.176
weight: 9.60663e-05
eec: 136.844
weight: 6.58402e-05
eec: 1040.86
weight: 4.24845e-06
eec: 120.656
weight: 2.16575e-06
eec: 284.775
weight: 0.000167571
eec: 896.614
weight: 1.13621e-06
eec: 260.515
weight: 4.56903e-05
eec: 75.3637
weight: 0.000377757
eec: 160.698
weight: 1.69635e-05
eec: 345.086
weight: 0.001834
eec: 35.979
weight: 1.14959e-05
eec: 241.916
weight: 6.17963e-05
eec: 676.636
weight: 3.48656e-05
eec: 96.0843
weight: 1.26886e-05
eec: 115.225
weight: 2.77674e-05
eec: 105.013
weight: 6.15034e-05
eec: 1142.82
weight: 1.77181e-05
eec: 566.756
weight: 1.54412e-05
eec: 1729.25
weight: 1.54059e-05
eec: 1273.85
weight: 6.21252e-07
eec: 418.626
weight: 8.86238e-06
eec: 217.928
weight: 7.14637e-05
eec: 258.254
weight: 5.30803e-07
eec: 68.9021
weight: 0.000139036
eec: 387.421
weight: 0.0003805
eec: 510.953
weight: 4.26715e-05
eec: 281.773
weight: 0.000148028
eec: 98.287
weight: 2.34125e-06
eec: 247.829
weight: 1.20745e-05
eec: 469.074
weight: 1.34592e-05
eec: 264.849
weight: 5.55188e-06
eec: 319.145
weight: 9.40394e-05
eec: 389.566
weight: 1.76939e-05
eec: 236.252
weight: 0.000841993
eec: 604.541
weight: 2.37167e-05
eec: 299.5
weight: 1.4045e-05
eec: 194.1
weight: 8.29562e-05
eec: 157.998
weight: 0.000306586
eec: 464.405
weight: 3.26089e-05
eec: 264.837
weight: 5.34425e-06
eec: 930.429
weight: 0.000165423
eec: 673.24
weight: 0.000131531
eec: 36.22
weight: 0.000278073
eec: 136.948
weight: 1.69217e-06
eec: 1820.99
weight: 1.69217e-06
eec: 557.532
weight: 4.18422e-06
eec: 39.5688
weight: 7.12554e-06
eec: 1804.54
weight: 1.75396e-05
eec: 1388.14
weight: 5.19799e-06
eec: 404.609
weight: 2.92536e-05
eec: 3707.41
weight: 2.23539e-06
eec: 128.494
weight: 5.69681e-05
eec: 2160.69

ROOT exit code = 0
