gSystem->Load("run_condor_job_Run3_C.so");
run_condor_job_Run3(235, 100, 2,
                    80, 200,
                    1, 1, 1, 2);
.q

ENTERED run_condor_job_Run3()
JOBID = 235
  global job = 235  Job 35/100  events [2100000, 2160000)  total=6000000
Processing events [2100000, 2160000) of 6000000
Processing: 35 %weight: 0.000509469
eec: 357.759
weight: 5.34116e-06
eec: 123.988
weight: 2.5891e-05
eec: 85.6592
weight: 1.10543e-06
eec: 107.51
weight: 7.67629e-05
eec: 204.46
weight: 1.51954e-05
eec: 1842.99
weight: 1.28923e-05
eec: 3777.85
weight: 4.1834e-05
eec: 931.152
weight: 0.000197268
eec: 705.306
weight: 3.96709e-06
eec: 456.551
weight: 0.000180189
eec: 699.933
weight: 0.00117295
eec: 870.473
weight: 4.0314e-05
eec: 321.411
weight: 7.07205e-06
eec: 651.585
weight: 1.46668e-07
eec: 760.935
weight: 4.80544e-06
eec: 381.256
weight: 0.000378639
eec: 397.404
weight: 7.13448e-07
eec: 1110.66
weight: 1.98566e-05
eec: 23.3915
weight: 1.18058e-06
eec: 434.652
weight: 1.66487e-05
eec: 710.356
weight: 0.00017642
eec: 175.52
weight: 2.67894e-05
eec: 544.859
weight: 0.000140535
eec: 868.14
weight: 0.00023895
eec: 225.612
weight: 1.24185e-05
eec: 24.1301
weight: 1.14202e-06
eec: 9.08546
weight: 6.03244e-05
eec: 1052.85
weight: 5.32395e-06
eec: 2887.26
weight: 0.000193698
eec: 230.758
weight: 6.41713e-05
eec: 226.791
weight: 1.24934e-05
eec: 229.755
weight: 0.00086853
eec: 45.4006
weight: 9.81242e-06
eec: 321.594
weight: 1.76653e-05
eec: 533.104
weight: 1.75805e-06
eec: 2384.24
weight: 0.000159356
eec: 89.4974
weight: 1.57768e-05
eec: 75.826
weight: 1.4902e-05
eec: 739.446
weight: 9.75139e-08
eec: 351.089
weight: 8.23522e-05
eec: 653.302
weight: 6.76093e-07
eec: 2639.94
weight: 0.000136725
eec: 349.73
weight: 5.10185e-05
eec: 33.2053
weight: 0.000401415
eec: 191.465
weight: 2.9841e-05
eec: 314.357
weight: 5.91406e-05
eec: 116.089
weight: 0.000129536
eec: 116.494
weight: 0.00013468
eec: 230.222
weight: 4.00167e-05
eec: 336.657
weight: 4.81222e-05
eec: 142.847
weight: 0.00103605
eec: 785.337
weight: 9.02806e-05
eec: 1118.4
weight: 0.000413134
eec: 73.5485
weight: 1.68636e-05
eec: 250.185
weight: 1.22636e-08
eec: 285.879
weight: 5.18898e-05
eec: 158.295
weight: 3.68743e-05
eec: 708.211
weight: 7.81739e-05
eec: 113.878
weight: 3.30851e-05
eec: 743.001
weight: 0.000966444
eec: 173.503
weight: 8.08178e-05
eec: 367.367
weight: 1.58541e-05
eec: 252.131
weight: 2.58162e-05
eec: 266.247
weight: 2.75706e-05
eec: 52.1912
weight: 0.00023245
eec: 311.168
weight: 3.97506e-07
eec: 643.964
weight: 4.15394e-05
eec: 1330.84
weight: 0.000281518
eec: 472.332
weight: 0.000144845
eec: 173.942
weight: 5.06518e-06
eec: 142.95
weight: 4.71246e-06
eec: 754.849
weight: 3.07155e-06
eec: 465.769
weight: 0.000129988
eec: 376.909
weight: 9.07277e-07
eec: 243.683
weight: 3.68547e-06
eec: 202.965
weight: 8.70107e-08
eec: 216.39
weight: 8.65479e-06
eec: 985.917
weight: 1.1688e-05
eec: 944.534
weight: 2.16848e-05
eec: 1476.51
weight: 1.40068e-05
eec: 389.241
weight: 2.74477e-06
eec: 1271.38
weight: 7.4132e-06
eec: 209.351
weight: 0.000307404
eec: 1114.22
weight: 5.02313e-06
eec: 1011.27
weight: 8.34761e-05
eec: 288.21
weight: 5.89936e-06
eec: 1350.29
weight: 0.000122293
eec: 474.373
weight: 1.61329e-05
eec: 1002.97
weight: 1.82654e-05
eec: 1509.47
weight: 1.40161e-06
eec: 252.205
weight: 8.29335e-06
eec: 74.9534
weight: 0.000107771
eec: 263.68
weight: 7.15778e-06
eec: 305.423
weight: 2.99509e-05
eec: 598.718
weight: 9.82293e-07
eec: 1716.62
weight: 8.97609e-06
eec: 701.819
weight: 1.66752e-06
eec: 98.3816
weight: 4.35994e-06
eec: 440.414
weight: 2.70176e-07
eec: 536.428
weight: 9.41649e-06
eec: 527.724
weight: 1.86968e-06
eec: 152.824
weight: 7.16464e-06
eec: 223.435
weight: 0.000260114
eec: 45.9081
weight: 7.6996e-06
eec: 1845.58
weight: 6.53268e-06
eec: 620.794
weight: 8.54725e-06
eec: 2753.41
weight: 0.000236686
eec: 239.623
weight: 2.81696e-05
eec: 142.273
weight: 5.16043e-06
eec: 238.454
weight: 4.1298e-05
eec: 1388.6
weight: 6.21112e-05
eec: 232.674
weight: 3.29771e-05
eec: 368.894
weight: 1.18407e-05
eec: 500.126
weight: 9.14753e-05
eec: 212.599
weight: 2.62674e-05
eec: 466.197
weight: 2.87366e-06
eec: 403.402
weight: 0.000337709
eec: 80.1519
weight: 1.8195e-05
eec: 577.995
weight: 6.02681e-05
eec: 28.3054
weight: 2.93201e-05
eec: 1167.14
weight: 7.50482e-06
eec: 197.267
weight: 2.22944e-05
eec: 265.215
weight: 0.000263271
eec: 619.7
weight: 2.70097e-06
eec: 672.785
weight: 5.20874e-06
eec: 625.274
weight: 1.20227e-05
eec: 121.845
weight: 2.38398e-05
eec: 1762.73
weight: 4.69383e-06
eec: 24.598
weight: 5.19118e-06
eec: 662.799
weight: 1.73672e-06
eec: 81.0247
weight: 2.09563e-06
eec: 415.813
weight: 5.88453e-06
eec: 1031.24
weight: 1.46853e-05
eec: 606.761
weight: 1.46853e-05
eec: 244.333
weight: 9.60758e-05
eec: 86.4563
weight: 1.00344e-06
eec: 192.494
weight: 2.43897e-05
eec: 929.676
weight: 0.000172841
eec: 712.949
weight: 2.53177e-05
eec: 1122.5
weight: 9.96239e-05
eec: 576.4
weight: 1.4216e-05
eec: 295.269
weight: 3.77756e-05
eec: 177.907
weight: 5.36997e-07
eec: 75.4204
weight: 3.41179e-05
eec: 1960.64
weight: 2.62335e-05
eec: 780.072
weight: 8.41048e-05
eec: 705.218
weight: 6.46396e-06
eec: 81.7618
weight: 5.94083e-05
eec: 126.371
weight: 0.000365656
eec: 91.2912
weight: 6.91744e-05
eec: 2127.95
weight: 1.43275e-05
eec: 50.9641
weight: 5.32876e-05
eec: 495.796
weight: 0.000340427
eec: 143.276
weight: 1.2384e-05
eec: 118.013
weight: 2.48943e-05
eec: 220.243
weight: 0.000402106
eec: 149.081
weight: 0.000168387
eec: 120.727
weight: 2.44855e-05
eec: 713.476
weight: 7.3832e-05
eec: 97.6844
weight: 4.04109e-05
eec: 1631
weight: 0.000457587
eec: 1201.99
weight: 1.10114e-05
eec: 106.901
weight: 1.59045e-05
eec: 34.205
weight: 2.58299e-06
eec: 1525.04
weight: 0.000109264
eec: 540.335
weight: 0.00022738
eec: 971.725
weight: 1.62336e-05
eec: 1774.72
weight: 0.000234912
eec: 283.887
weight: 4.07947e-06
eec: 221.991
weight: 6.60241e-05
eec: 324.907
weight: 7.40883e-05
eec: 155.205
weight: 4.2426e-05
eec: 504.982
weight: 7.32099e-06
eec: 53.0517
weight: 4.74459e-05
eec: 754.767
weight: 4.39269e-06
eec: 1904.89
weight: 4.39793e-05
eec: 454.23
weight: 9.99662e-05
eec: 37.8576
weight: 0.00110341
eec: 921.134
weight: 1.7731e-05
eec: 2570.48
weight: 0.000813823
eec: 1492.7
weight: 2.0533e-05
eec: 594.278
weight: 6.75556e-06
eec: 980.645
weight: 0.000182284
eec: 834.717
weight: 0.000349337
eec: 660.466
weight: 9.37272e-05
eec: 183.061
weight: 8.87842e-05
eec: 588.883
weight: 5.2301e-07
eec: 347.554
weight: 9.65151e-05
eec: 521.537
weight: 8.33308e-06
eec: 831.862
weight: 1.75053e-05
eec: 2970.82
Processing: 35.8333 %weight: 5.5121e-05
eec: 154.695
weight: 2.37511e-05
eec: 107.374
weight: 0.000157545
eec: 53.0794
weight: 1.29331e-06
eec: 1054.75
weight: 8.31263e-06
eec: 1058.65
weight: 3.79189e-05
eec: 1062.01
weight: 1.03951e-05
eec: 549.243
weight: 3.17037e-06
eec: 2769.02
weight: 1.83693e-05
eec: 135.74
weight: 2.19373e-07
eec: 768.282
weight: 4.07608e-05
eec: 1499.03
weight: 7.15772e-05
eec: 177.694
weight: 7.60518e-05
eec: 541.19
weight: 0.000195451
eec: 543.364
weight: 3.09722e-07
eec: 394.772
weight: 1.12044e-05
eec: 297.145
weight: 3.38576e-05
eec: 583.397
weight: 4.1049e-05
eec: 339.118
weight: 3.90222e-05
eec: 541.46
weight: 1.81786e-05
eec: 566.127
weight: 5.02966e-07
eec: 203.007
weight: 2.39671e-06
eec: 494.061
weight: 0.000318413
eec: 1002.55
weight: 6.24048e-05
eec: 166.948
weight: 3.79334e-06
eec: 186.11
weight: 3.71748e-05
eec: 194.876
weight: 1.79946e-05
eec: 305.215
weight: 0.000340719
eec: 324.552
weight: 9.34107e-08
eec: 201.966
weight: 6.20443e-05
eec: 390.284
weight: 3.79271e-05
eec: 53.26
weight: 2.59254e-06
eec: 925.924
weight: 4.19857e-05
eec: 64.9303
weight: 4.33014e-05
eec: 119.283
weight: 1.47567e-05
eec: 219.226
weight: 0.000169124
eec: 44.1598
weight: 2.29878e-05
eec: 400.241
weight: 7.53322e-06
eec: 1688.45
weight: 0.000142798
eec: 443.239
weight: 6.32913e-06
eec: 338.838
weight: 0.000267604
eec: 180.086

ROOT exit code = 0
