gSystem->Load("run_condor_job_Run3_C.so");
run_condor_job_Run3(781, 100, 2,
                    80, 200,
                    1, 1, 1, 7);
.q

ENTERED run_condor_job_Run3()
JOBID = 781
  global job = 781  Job 81/100  events [4612140, 4669080)  total=5694000
Processing events [4612140, 4669080) of 5694000
weight: 3.74149e-05
eec: 1710.51
weight: 0.000181571
eec: 288.765
weight: 3.10814e-05
eec: 1912.31
weight: 1.23154e-05
eec: 1027.88
weight: 1.42375e-05
eec: 473.296
weight: 1.79391e-06
eec: 134.522
weight: 4.52667e-05
eec: 302.059
weight: 1.1282e-05
eec: 743.857
weight: 3.28679e-05
eec: 1414.66
weight: 1.96182e-05
eec: 3449.51
weight: 2.77258e-05
eec: 1028.83
weight: 2.48994e-05
eec: 471.167
weight: 6.07391e-05
eec: 379.079
weight: 6.67085e-06
eec: 59.0723
weight: 2.71585e-05
eec: 1346.03
weight: 4.46173e-06
eec: 731.328
weight: 4.46225e-05
eec: 1406.53
weight: 0.000399595
eec: 52.7455
weight: 0.00137893
eec: 189.362
weight: 3.07706e-06
eec: 365.631
weight: 0.000174963
eec: 201.096
weight: 0.000114151
eec: 26.407
weight: 3.15982e-06
eec: 88.3768
weight: 6.26617e-05
eec: 132.515
weight: 0.000183821
eec: 173.467
weight: 3.50961e-05
eec: 53.0228
weight: 5.48706e-06
eec: 518.931
weight: 0.000342603
eec: 167.466
weight: 4.69356e-05
eec: 1600.47
weight: 0.000248661
eec: 484.073
weight: 3.8577e-06
eec: 642.991
weight: 1.78333e-05
eec: 196.36
weight: 0.000151032
eec: 528.226
weight: 2.45694e-05
eec: 325.831
weight: 0.000164573
eec: 350.297
weight: 5.19244e-05
eec: 28.7343
weight: 2.23176e-05
eec: 1049.27
weight: 2.23543e-05
eec: 59.2501
weight: 0.000202614
eec: 55.0495
weight: 9.83294e-06
eec: 867.965
weight: 4.41692e-06
eec: 130.053
weight: 3.98586e-05
eec: 497.775
weight: 5.62697e-05
eec: 627.299
weight: 7.87124e-05
eec: 288.443
weight: 2.42317e-06
eec: 79.9405
weight: 0.000379343
eec: 1366.71
weight: 3.77345e-05
eec: 161.246
weight: 0.000202946
eec: 161.608
weight: 4.0993e-06
eec: 1037.28
weight: 2.47701e-06
eec: 63.2129
weight: 0.000131998
eec: 604.849
weight: 0.000131998
eec: 149.001
weight: 1.37969e-05
eec: 140.419
weight: 2.58558e-05
eec: 650.901
weight: 7.65944e-05
eec: 653.67
weight: 0.00101538
eec: 28.5363
weight: 1.47435e-06
eec: 555.676
weight: 0.000131914
eec: 154.907
weight: 3.58862e-06
eec: 750.707
weight: 1.32213e-05
eec: 2291.84
weight: 0.000339796
eec: 190.15
weight: 8.25829e-05
eec: 255.67
weight: 1.28511e-07
eec: 836.235
weight: 0.000176384
eec: 659.754
weight: 4.09508e-05
eec: 274.524
weight: 2.69983e-05
eec: 70.4478
weight: 5.77773e-05
eec: 311.034
weight: 0.000289493
eec: 141.832
weight: 1.96191e-05
eec: 147.286
weight: 3.02528e-06
eec: 571.695
weight: 8.49352e-06
eec: 280.726
weight: 6.41115e-05
eec: 53.0944
weight: 1.22738e-05
eec: 215.125
weight: 2.21184e-07
eec: 408.237
weight: 2.47216e-06
eec: 56.8705
weight: 1.99625e-06
eec: 92.3626
weight: 6.45302e-05
eec: 497.739
weight: 0.000137369
eec: 8.77532
weight: 0.000113715
eec: 506.864
weight: 0.000249731
eec: 877.428
weight: 8.92189e-06
eec: 441.807
weight: 2.45443e-06
eec: 14.4119
weight: 3.45199e-05
eec: 681.474
weight: 0.000206419
eec: 349.878
weight: 0.000100855
eec: 192.15
weight: 3.62091e-05
eec: 746.467
weight: 3.66515e-05
eec: 493.764
weight: 2.3935e-06
eec: 1284.09
weight: 1.70859e-05
eec: 1964.89
weight: 6.98202e-06
eec: 3955.22
weight: 1.50617e-06
eec: 221.46
weight: 2.44438e-05
eec: 81.2708
weight: 0.000152773
eec: 279.236
weight: 4.59843e-06
eec: 710.911
weight: 6.00941e-07
eec: 1340.94
weight: 6.24048e-06
eec: 361.712
weight: 4.66083e-05
eec: 109.483
weight: 6.63179e-09
eec: 194.761
weight: 2.08719e-06
eec: 1274.22
weight: 8.28434e-05
eec: 1020.93
weight: 8.56266e-05
eec: 323.891
weight: 8.06291e-05
eec: 326.721
weight: 0.000175999
eec: 441.357
weight: 3.2749e-05
eec: 1329.42
weight: 8.69087e-06
eec: 823.727
weight: 5.19573e-06
eec: 323.049
weight: 1.15886e-05
eec: 36.9592
weight: 2.17879e-05
eec: 16.2487
weight: 0.000111374
eec: 12.2697
weight: 1.28886e-06
eec: 261.466
weight: 1.12512e-05
eec: 4654.9
weight: 6.1005e-06
eec: 121.342
weight: 2.23453e-05
eec: 24.5024
weight: 5.9589e-05
eec: 1960.72
weight: 1.06996e-05
eec: 145.573
weight: 5.82473e-08
eec: 1139.27
weight: 3.06764e-05
eec: 442.46
weight: 6.10438e-05
eec: 154.987
weight: 6.06838e-06
eec: 400.355
weight: 8.87068e-08
eec: 119.339
weight: 7.66068e-06
eec: 115.059
weight: 4.36482e-05
eec: 428.562
weight: 7.09652e-06
eec: 507.359
weight: 2.46045e-05
eec: 133.927
weight: 6.43568e-06
eec: 97.345
weight: 0.00023054
eec: 2011.17
weight: 5.99957e-06
eec: 553.84
weight: 2.5905e-05
eec: 341.567
weight: 1.84015e-05
eec: 488.832
weight: 1.1862e-05
eec: 140.253
weight: 9.70938e-06
eec: 418.425
weight: 3.39178e-05
eec: 189.483
weight: 1.88113e-06
eec: 68.5623
weight: 1.84277e-06
eec: 2548.45
weight: 0.000182632
eec: 518.772
weight: 1.88544e-05
eec: 33.5221
weight: 8.30854e-05
eec: 933.353
weight: 2.2565e-07
eec: 117.291
weight: 1.22376e-05
eec: 19.9709
weight: 8.04657e-05
eec: 266.839
weight: 1.01267e-07
eec: 1144.68
weight: 8.71926e-05
eec: 1006.79
weight: 1.77707e-05
eec: 234.008
weight: 3.04241e-05
eec: 541.396
weight: 1.787e-05
eec: 664.526
weight: 0.000868636
eec: 219.562
weight: 5.02223e-05
eec: 123.193
weight: 0.000139514
eec: 820.93
weight: 9.34604e-06
eec: 385.263
weight: 3.04411e-07
eec: 413.359
weight: 7.4807e-05
eec: 529.915
weight: 0.000195124
eec: 331.447
weight: 5.6666e-06
eec: 157.919
weight: 0.000173562
eec: 817.106
weight: 6.28705e-06
eec: 156.435
weight: 0.000508764
eec: 240.043
weight: 1.96024e-06
eec: 1021.65
weight: 5.57716e-06
eec: 879.011
weight: 2.52628e-05
eec: 206.492
weight: 0.000364563
eec: 216.06
weight: 4.39144e-05
eec: 91.0811
Processing: 81.6649 %weight: 3.83589e-05
eec: 2028.9
weight: 0.000227915
eec: 234.132
weight: 9.3922e-06
eec: 335.497
weight: 7.62523e-05
eec: 744.357
weight: 2.06295e-06
eec: 18.4469
weight: 2.93521e-05
eec: 785.481
weight: 0.000109006
eec: 12.1665
weight: 2.47783e-06
eec: 60.3503
weight: 2.35003e-05
eec: 68.1586
weight: 2.00577e-05
eec: 37.0908
weight: 4.36167e-06
eec: 52.1661
weight: 1.43029e-05
eec: 7.55264
weight: 2.23538e-05
eec: 153.777
weight: 0.000102166
eec: 390.379
weight: 0.000182527
eec: 261.912
weight: 6.32092e-06
eec: 910.389
weight: 2.3861e-05
eec: 95.2455
weight: 0.000396578
eec: 55.3409
weight: 2.22796e-06
eec: 34.5628
weight: 8.09553e-07
eec: 207.02
weight: 1.731e-05
eec: 379.962
weight: 3.81702e-05
eec: 144.002
weight: 4.05205e-05
eec: 1275.81
weight: 4.50833e-05
eec: 15.0543
weight: 0.00020241
eec: 66.8163
weight: 7.88405e-05
eec: 344.121
weight: 1.52429e-05
eec: 206.482
weight: 2.95431e-05
eec: 7.38631
weight: 2.37041e-05
eec: 766.71
weight: 7.95589e-06
eec: 730.77
weight: 3.91762e-05
eec: 1757.79
weight: 1.17127e-06
eec: 123.274
weight: 6.42428e-05
eec: 146.298
weight: 1.36999e-05
eec: 1360.1
weight: 2.65339e-06
eec: 623.974
weight: 2.3134e-05
eec: 209.418
weight: 1.32568e-05
eec: 158.912
weight: 1.85601e-07
eec: 498.549
weight: 4.81094e-05
eec: 959.772
weight: 0.00012695
eec: 334.848
weight: 2.28457e-05
eec: 800.643
weight: 3.38912e-05
eec: 83.5493
weight: 0.000204467
eec: 445.911
weight: 9.64381e-06
eec: 499.564
weight: 1.4278e-05
eec: 1438.49
weight: 5.57332e-05
eec: 3.84089
weight: 2.46261e-05
eec: 139.524
weight: 7.87426e-05
eec: 112.93
weight: 1.24745e-05
eec: 1003.42
weight: 2.94521e-05
eec: 250.977
weight: 2.36506e-05
eec: 491.503
weight: 0.000175567
eec: 820.162
weight: 7.41899e-05
eec: 1462.13
weight: 4.69479e-05
eec: 130.304
weight: 0.000197377
eec: 240.121
weight: 5.35269e-06
eec: 1023.12
weight: 7.98549e-05
eec: 1827.71
weight: 5.37458e-05
eec: 149.245
weight: 5.69734e-06
eec: 62.9698
weight: 0.000251845
eec: 271.741
weight: 4.26998e-05
eec: 175.327
weight: 1.10641e-05
eec: 958.306
weight: 0.000180892
eec: 304.239
weight: 2.28151e-06
eec: 316.258
weight: 0.000251333
eec: 420.863
weight: 3.92715e-05
eec: 131.932
weight: 1.21794e-05
eec: 72.195
weight: 7.41862e-06
eec: 119.669
weight: 1.72786e-06
eec: 431.417
weight: 0.000121017
eec: 348.109
weight: 9.29351e-06
eec: 2423.92
weight: 2.27153e-06
eec: 678.573
weight: 8.90511e-06
eec: 181.239
weight: 9.94362e-05
eec: 329.925
weight: 4.11492e-05
eec: 1507.45
weight: 6.96739e-05
eec: 218.29
weight: 2.82522e-05
eec: 38.8164
weight: 8.39272e-05
eec: 176.104
weight: 5.81205e-05
eec: 314.689
weight: 0.000533662
eec: 367.606
weight: 2.38683e-05
eec: 1244.17
weight: 0.000340505
eec: 205.426
weight: 0.000110169
eec: 152.556
weight: 3.46078e-05
eec: 187.532
weight: 0.000262749
eec: 502.311
weight: 3.25581e-07
eec: 915.044
weight: 3.07817e-05
eec: 305.032
weight: 6.7342e-06
eec: 530.377
weight: 1.55094e-05
eec: 1166.35
weight: 1.32464e-05
eec: 267.383
weight: 6.53765e-05
eec: 1745
weight: 9.67102e-05
eec: 103.53
weight: 1.66338e-06
eec: 626.051

ROOT exit code = 0
