gSystem->Load("run_condor_job_Run3_C.so");
run_condor_job_Run3(159, 100, 2,
                    80, 200,
                    1, 1, 1, 1);
.q

ENTERED run_condor_job_Run3()
JOBID = 159
  global job = 159  Job 59/100  events [3458580, 3517200)  total=5862000
Processing events [3458580, 3517200) of 5862000
weight: 3.8488e-06
eec: 622.234
weight: 2.82347e-05
eec: 858.573
weight: 3.02149e-05
eec: 276.002
weight: 2.30055e-05
eec: 77.6405
weight: 5.14293e-05
eec: 290.545
weight: 5.38389e-06
eec: 997.928
weight: 4.13363e-05
eec: 1168.57
weight: 8.13765e-05
eec: 519.116
weight: 0.000104139
eec: 563.845
weight: 0.000355789
eec: 31.0442
weight: 2.6196e-06
eec: 284.144
weight: 1.86668e-05
eec: 504.09
weight: 6.11281e-05
eec: 504.166
weight: 0.000324726
eec: 349.554
weight: 1.63615e-05
eec: 892.936
weight: 1.5209e-05
eec: 2115.89
weight: 1.6283e-05
eec: 464.177
weight: 9.21181e-06
eec: 1571.03
weight: 0.00110477
eec: 578.135
weight: 0.000109962
eec: 48.9458
weight: 4.57372e-06
eec: 92.3657
weight: 4.01732e-05
eec: 63.8591
weight: 0.000144751
eec: 321.427
weight: 3.64744e-06
eec: 1915.31
weight: 9.18136e-06
eec: 854.988
weight: 1.05505e-06
eec: 355.367
weight: 2.12619e-06
eec: 2046.8
weight: 6.99447e-06
eec: 1000.68
weight: 7.65509e-06
eec: 1099.52
weight: 1.69444e-05
eec: 125.303
weight: 0.00850028
eec: 51.5061
weight: 1.16644e-05
eec: 605.455
weight: 2.60419e-05
eec: 1267.36
weight: 0.000137453
eec: 1109.34
weight: 2.05349e-05
eec: 273.688
weight: 1.35982e-05
eec: 634.916
weight: 1.64926e-05
eec: 60.7198
weight: 3.91005e-05
eec: 116.711
weight: 0.000450803
eec: 133.785
weight: 1.43883e-05
eec: 512.536
weight: 6.3726e-05
eec: 255.396
weight: 0.000177091
eec: 101.093
weight: 6.82827e-06
eec: 473.703
weight: 0.00013584
eec: 349.744
weight: 4.72458e-05
eec: 201.051
weight: 0.00020402
eec: 24.3112
weight: 5.87786e-06
eec: 277.709
weight: 6.72902e-07
eec: 218.67
weight: 2.56629e-05
eec: 111.01
weight: 0.000269555
eec: 337.026
weight: 1.13853e-06
eec: 698
weight: 1.05497e-07
eec: 178.384
weight: 0.000133688
eec: 726.207
weight: 2.54437e-05
eec: 314.786
weight: 6.3035e-06
eec: 386.363
weight: 1.99495e-05
eec: 423.383
weight: 0.000156774
eec: 64.9135
weight: 5.97231e-06
eec: 823.201
weight: 1.7289e-05
eec: 947.684
weight: 4.28746e-05
eec: 519.894
weight: 3.1951e-06
eec: 109.209
weight: 7.41071e-06
eec: 2700.03
weight: 5.11381e-05
eec: 57.3192
weight: 1.78159e-05
eec: 556.737
weight: 1.83693e-05
eec: 334.595
weight: 0.000155211
eec: 191.737
weight: 8.89653e-05
eec: 483.112
weight: 2.98891e-05
eec: 116.763
weight: 1.97979e-05
eec: 657.424
weight: 0.000209164
eec: 185.486
weight: 7.93734e-06
eec: 1586.45
weight: 8.60155e-06
eec: 456.961
weight: 5.80551e-07
eec: 544.945
weight: 8.53548e-06
eec: 906.427
weight: 4.36161e-05
eec: 11.7267
weight: 9.92032e-06
eec: 93.8462
weight: 0.000130503
eec: 489.607
weight: 4.86522e-05
eec: 243.006
weight: 9.40936e-05
eec: 694.041
weight: 1.60169e-05
eec: 566.622
weight: 0.000688817
eec: 386.449
weight: 4.48799e-07
eec: 80.9651
weight: 6.91541e-06
eec: 2395.5
weight: 3.22201e-05
eec: 72.2568
weight: 0.000158339
eec: 630.602
weight: 4.21097e-05
eec: 50.4961
weight: 2.23754e-07
eec: 548.107
weight: 0.000174317
eec: 223.547
weight: 6.95989e-05
eec: 57.4109
weight: 0.000156294
eec: 306.633
weight: 1.03204e-05
eec: 748.871
weight: 2.23459e-05
eec: 492.805
weight: 5.20828e-05
eec: 393.425
weight: 4.44125e-06
eec: 2708.48
weight: 7.31618e-06
eec: 637.938
weight: 3.41262e-06
eec: 457.915
weight: 0.000367345
eec: 553.802
weight: 0.000103504
eec: 104.496
weight: 4.39457e-05
eec: 23.7067
weight: 0.00029419
eec: 534.793
weight: 5.58107e-06
eec: 107.538
weight: 9.80685e-06
eec: 358.36
weight: 1.92031e-05
eec: 1226.35
weight: 1.13937e-05
eec: 203.78
weight: 3.30044e-06
eec: 86.4339
weight: 5.19395e-05
eec: 21.7822
weight: 0.000112192
eec: 66.8085
weight: 1.87669e-06
eec: 1039.1
weight: 5.0866e-05
eec: 98.1111
weight: 5.67807e-07
eec: 216.151
weight: 2.13557e-05
eec: 215.878
weight: 1.3006e-05
eec: 5032.36
weight: 2.39982e-05
eec: 2346.95
weight: 2.1811e-05
eec: 1717.06
weight: 5.14808e-05
eec: 470.282
weight: 2.73973e-06
eec: 129.492
weight: 3.46179e-06
eec: 151.865
weight: 1.91414e-05
eec: 417.9
weight: 3.01208e-05
eec: 289.705
weight: 9.87316e-06
eec: 776.391
weight: 8.02769e-05
eec: 416.348
weight: 8.36298e-06
eec: 951.364
weight: 4.80121e-07
eec: 1809.17
weight: 0.000147152
eec: 563.58
weight: 2.52722e-06
eec: 1989.72
weight: 5.33043e-05
eec: 370.747
weight: 4.65318e-06
eec: 73.1871
weight: 1.88e-06
eec: 372.656
weight: 0.00011736
eec: 213.487
weight: 0.000169845
eec: 5.46468
weight: 1.37194e-07
eec: 916.886
weight: 2.18622e-06
eec: 906.644
weight: 2.08357e-05
eec: 224.779
weight: 9.32668e-05
eec: 207.601
weight: 1.02639e-05
eec: 47.1522
weight: 0.000101165
eec: 86.4832
weight: 9.63344e-06
eec: 138.267
weight: 4.97006e-05
eec: 134.375
weight: 7.25135e-08
eec: 1701.57
weight: 0.000262731
eec: 273.843
weight: 7.90265e-05
eec: 1646.8
weight: 8.71053e-06
eec: 262.877
weight: 6.12947e-05
eec: 165.019
weight: 6.68308e-06
eec: 1232.88
weight: 8.16697e-07
eec: 411.082
weight: 1.81421e-05
eec: 496.713
weight: 4.64735e-07
eec: 767.338
weight: 2.20863e-05
eec: 591.552
weight: 1.56981e-05
eec: 225.715
weight: 0.000178946
eec: 188.827
Processing: 59.7066 %weight: 8.19156e-05
eec: 518.679
weight: 5.57553e-06
eec: 50.7144
weight: 0.000402362
eec: 234.498
weight: 0.000416763
eec: 105.333
weight: 0.000127692
eec: 389.901
weight: 1.23721e-05
eec: 219.438
weight: 4.23904e-08
eec: 21.7892
weight: 2.18653e-05
eec: 147.482
weight: 1.7627e-06
eec: 99.3478
weight: 0.000632683
eec: 609.837
weight: 2.22899e-05
eec: 2933.6
weight: 0.00012209
eec: 206.547
weight: 2.15732e-05
eec: 2809.57
weight: 2.2418e-05
eec: 1285.16
weight: 9.90182e-08
eec: 988.482
weight: 3.90343e-05
eec: 128.948
weight: 1.23081e-05
eec: 40.027
weight: 4.08108e-05
eec: 492.983
weight: 7.07553e-05
eec: 300.193
weight: 1.30244e-05
eec: 98.0038
weight: 7.2906e-06
eec: 1288.06
weight: 2.69464e-05
eec: 220.718
weight: 0.000111302
eec: 305.865
weight: 4.7372e-06
eec: 922.938
weight: 4.7372e-06
eec: 140.181
weight: 0.000776666
eec: 525.181
weight: 0.000136819
eec: 196.039
weight: 1.12994e-05
eec: 135.729
weight: 5.28052e-05
eec: 348.472
weight: 0.00113049
eec: 565.634
weight: 1.93214e-05
eec: 145.337
weight: 3.80046e-06
eec: 1778.39
weight: 1.33569e-05
eec: 577.035
weight: 0.000217414
eec: 318.057
weight: 0.000260706
eec: 362.566
weight: 4.5945e-05
eec: 341.494
weight: 1.83005e-06
eec: 280.569
weight: 5.46392e-06
eec: 1012.4
weight: 6.21401e-05
eec: 594.629
weight: 5.54915e-08
eec: 361.969
weight: 1.42431e-05
eec: 341.951
weight: 0.00045189
eec: 839.095
weight: 2.40014e-05
eec: 51.1456
weight: 1.25932e-05
eec: 291.99
weight: 0.000124264
eec: 92.0174
weight: 7.61446e-06
eec: 100.459
weight: 0.000117091
eec: 501.752
weight: 6.69218e-05
eec: 169.465
weight: 8.11627e-06
eec: 52.401
weight: 0.000183625
eec: 745.544
weight: 0.000132062
eec: 403.412
weight: 2.14713e-06
eec: 305.517
weight: 1.21054e-05
eec: 101.21
weight: 6.0022e-06
eec: 809.418
weight: 1.36568e-05
eec: 26.8891
weight: 8.33417e-05
eec: 141.862
weight: 0.00011173
eec: 258.96
weight: 6.63328e-05
eec: 462.938
weight: 5.31866e-05
eec: 624.375
weight: 1.62278e-06
eec: 1740.4
weight: 0.000103462
eec: 2157.53
weight: 0.000120033
eec: 202.248
weight: 0.000128249
eec: 254.973
weight: 0.000282352
eec: 309.45
weight: 0.000236451
eec: 322.908
weight: 0.000137502
eec: 38.0892
weight: 2.0886e-06
eec: 268.636

ROOT exit code = 0
