gSystem->Load("run_condor_job_Run3_C.so");
run_condor_job_Run3(699, 100, 2,
                    80, 200,
                    1, 1, 1, 6);
.q

ENTERED run_condor_job_Run3()
JOBID = 699
  global job = 699  Job 99/100  events [5839020, 5898000)  total=5898000
Processing events [5839020, 5898000) of 5898000
weight: 9.71353e-05
eec: 310.203
weight: 1.11463e-05
eec: 122.432
weight: 1.42912e-05
eec: 2469.06
weight: 6.78794e-06
eec: 32.1209
weight: 9.5697e-06
eec: 437.219
weight: 1.18903e-07
eec: 229.551
weight: 2.86726e-05
eec: 135.694
weight: 6.98429e-05
eec: 114.33
weight: 0.00026832
eec: 1097.98
weight: 1.18186e-06
eec: 498.346
weight: 0.00029753
eec: 441.295
weight: 1.85126e-05
eec: 828.815
weight: 0.000264881
eec: 201.463
weight: 1.79191e-06
eec: 167.243
weight: 0.000123162
eec: 41.8578
weight: 3.47552e-06
eec: 3328.77
weight: 7.23809e-05
eec: 1755.5
weight: 1.23314e-05
eec: 2219.04
weight: 8.02465e-06
eec: 1966.49
weight: 3.80146e-05
eec: 396.807
weight: 3.80146e-05
eec: 67.0128
weight: 3.90652e-06
eec: 145.819
weight: 4.19755e-06
eec: 442.182
weight: 2.51673e-05
eec: 271.33
weight: 1.42423e-05
eec: 3278.16
weight: 6.02858e-05
eec: 143.968
weight: 6.02858e-05
eec: 114.718
weight: 1.44984e-06
eec: 41.3531
weight: 3.32337e-05
eec: 294.578
weight: 4.71084e-05
eec: 1437.24
weight: 2.29533e-05
eec: 1472.32
weight: 0.000226565
eec: 12.4042
weight: 2.07165e-05
eec: 1191.74
weight: 3.65981e-05
eec: 82.2549
weight: 3.58545e-05
eec: 189.776
weight: 6.73728e-05
eec: 1752.4
weight: 3.62295e-06
eec: 840.109
weight: 8.3379e-06
eec: 518.334
weight: 3.75017e-05
eec: 116.89
weight: 6.36056e-06
eec: 939.523
weight: 4.14505e-06
eec: 135.793
weight: 2.97041e-05
eec: 251.405
weight: 0.000140029
eec: 303.062
weight: 1.14062e-05
eec: 1047.93
weight: 6.27881e-05
eec: 420.1
weight: 7.54392e-05
eec: 430.98
weight: 3.52746e-05
eec: 454.023
weight: 1.43704e-05
eec: 521.178
weight: 4.92294e-05
eec: 719.046
weight: 0.000517542
eec: 48.5413
weight: 0.000246173
eec: 268.99
weight: 9.16016e-06
eec: 399.812
weight: 9.8656e-06
eec: 383.812
weight: 9.85035e-06
eec: 1579.87
weight: 5.7734e-06
eec: 9.74904
weight: 2.77209e-07
eec: 196.998
weight: 0.000371805
eec: 15.3413
weight: 1.51931e-05
eec: 54.9639
weight: 1.02938e-05
eec: 324.821
weight: 3.22544e-05
eec: 79.368
Processing: 99.1862 %weight: 2.73221e-06
eec: 436.137
weight: 9.86648e-06
eec: 578.491
weight: 3.84961e-05
eec: 734.494
weight: 3.48411e-06
eec: 1115.56
weight: 4.04262e-06
eec: 740.721
weight: 5.36489e-05
eec: 2046.57
weight: 0.000105913
eec: 477.33
weight: 3.3568e-05
eec: 75.3683
weight: 5.21159e-07
eec: 1253.51
weight: 1.16602e-06
eec: 2429.48
weight: 3.66104e-05
eec: 1098.76
weight: 6.91839e-06
eec: 101.872
weight: 1.91069e-05
eec: 1335.78
weight: 1.91069e-05
eec: 721.335
weight: 1.47143e-05
eec: 135.086
weight: 6.10749e-05
eec: 819.367
weight: 6.77534e-06
eec: 133.859
weight: 6.03701e-07
eec: 3468.52
weight: 0.000170492
eec: 977.86
weight: 8.92025e-05
eec: 690.414
weight: 9.83401e-05
eec: 636.591
weight: 6.0027e-05
eec: 344.034
weight: 3.1477e-06
eec: 279.471
weight: 1.46302e-05
eec: 213.734
weight: 2.0632e-05
eec: 346.278
weight: 2.22155e-06
eec: 37.7397
weight: 2.01161e-06
eec: 5939.02
weight: 0.000355494
eec: 59.2072
weight: 6.2501e-05
eec: 2029.26
weight: 3.70726e-05
eec: 668.762
weight: 1.27544e-05
eec: 1853.23
weight: 0.000485616
eec: 961.067
weight: 0.000113051
eec: 245.657
weight: 0.000103558
eec: 721.783
weight: 3.81e-05
eec: 1406.37
weight: 1.63046e-05
eec: 49.6584
weight: 5.85315e-06
eec: 72.5598
weight: 3.23175e-05
eec: 1324.62
weight: 5.0115e-05
eec: 1326.27
weight: 2.21857e-05
eec: 1271.5
weight: 2.49487e-05
eec: 599.358
weight: 3.20228e-05
eec: 86.1271
weight: 1.55032e-05
eec: 1060.84
weight: 8.54028e-05
eec: 669.487
weight: 2.73126e-05
eec: 187.089
weight: 6.36984e-06
eec: 406.689
weight: 0.000400619
eec: 169.412
weight: 0.000157267
eec: 53.7246
weight: 1.34043e-06
eec: 2175.06
weight: 8.33883e-06
eec: 631.765
weight: 1.57929e-05
eec: 1720.41
weight: 2.56881e-05
eec: 1773.96
weight: 6.72919e-05
eec: 1142.23
weight: 4.39913e-05
eec: 102.865
weight: 0.000203045
eec: 984.295
weight: 1.2589e-05
eec: 12.2603
weight: 7.03853e-07
eec: 1081.02
weight: 9.09636e-05
eec: 116.808
weight: 0.000118775
eec: 2216.15
weight: 5.04442e-06
eec: 1554.19
weight: 1.49171e-07
eec: 887.439
weight: 4.63649e-06
eec: 482.519
weight: 2.94781e-05
eec: 377.321
weight: 2.15231e-05
eec: 258.681
weight: 4.9376e-05
eec: 64.6036
weight: 1.09981e-05
eec: 51.664
weight: 2.13792e-05
eec: 375.336
weight: 0.000249815
eec: 352.574
weight: 1.29028e-05
eec: 850.972
weight: 3.23588e-05
eec: 1592.6
weight: 4.48088e-05
eec: 1088.08
weight: 8.47215e-06
eec: 3294.76
weight: 0.000266024
eec: 70.6536
weight: 4.78007e-06
eec: 580.37
weight: 9.90401e-05
eec: 1847.21
weight: 1.50814e-07
eec: 138.398
weight: 4.80493e-05
eec: 1175.14
weight: 3.78299e-06
eec: 115.684
weight: 5.1285e-05
eec: 1706.55
weight: 8.86861e-07
eec: 1119.23
weight: 0.000120228
eec: 848.228
weight: 0.000106439
eec: 1850.83
weight: 4.39376e-05
eec: 499.376
weight: 1.40321e-05
eec: 143.493
weight: 4.5156e-06
eec: 437.239
weight: 4.37679e-05
eec: 286.615
weight: 6.09033e-06
eec: 203.428
weight: 7.79034e-05
eec: 672.384
weight: 2.89999e-06
eec: 215.873
weight: 5.31203e-05
eec: 60.6068
weight: 3.96129e-07
eec: 704.567
weight: 3.41703e-05
eec: 20.0356
weight: 0.000350946
eec: 226.413
weight: 2.40621e-05
eec: 188.94
weight: 4.96364e-06
eec: 521.197
weight: 2.27632e-05
eec: 275.621
weight: 3.18412e-05
eec: 689.48
weight: 3.76626e-05
eec: 158.448
weight: 0.00139506
eec: 96.1839
weight: 9.67707e-06
eec: 3707.99
weight: 0.00010813
eec: 110.762
weight: 0.000136138
eec: 246.347
weight: 4.1103e-06
eec: 16.4231
weight: 3.89936e-06
eec: 174.859
weight: 9.05227e-06
eec: 515.309
weight: 8.60859e-05
eec: 1403.51
weight: 4.04041e-06
eec: 110.309
weight: 1.09372e-05
eec: 641.902
weight: 3.52815e-05
eec: 220.695
weight: 9.60812e-07
eec: 902.703
weight: 3.70848e-06
eec: 757.601
weight: 4.36024e-05
eec: 193.439
weight: 3.38724e-05
eec: 364.425
weight: 9.42998e-06
eec: 203.056
weight: 0.000115202
eec: 484.264
weight: 1.24079e-07
eec: 1115.4
weight: 8.51689e-06
eec: 63.5139
weight: 4.32758e-06
eec: 417.22
weight: 4.30262e-05
eec: 246.459
weight: 3.27518e-06
eec: 308.355
weight: 1.42293e-05
eec: 928.723
weight: 1.54485e-05
eec: 477.471
weight: 3.91076e-05
eec: 84.7835
weight: 0.000226311
eec: 228.671
weight: 2.47802e-05
eec: 88.0996
weight: 3.34225e-05
eec: 95.9317
weight: 2.86482e-05
eec: 624.961
weight: 0.000170755
eec: 311.511
weight: 2.73825e-05
eec: 190.973
weight: 6.13531e-05
eec: 742.321
weight: 1.68188e-05
eec: 91.1771
weight: 2.81526e-06
eec: 1490.13
weight: 3.41371e-05
eec: 1953.82
weight: 1.35194e-06
eec: 411.179
weight: 2.48555e-05
eec: 123.388
weight: 7.39544e-05
eec: 133.951
weight: 4.98636e-05
eec: 79.8046
weight: 0.000161593
eec: 344.91
weight: 3.16504e-05
eec: 102.525
weight: 1.13039e-05
eec: 624.659
weight: 5.06389e-05
eec: 924.52
weight: 7.14696e-05
eec: 480.298
weight: 5.51863e-06
eec: 986.644
weight: 1.77681e-05
eec: 44.3452
weight: 0.000122961
eec: 1682.47
weight: 2.36881e-06
eec: 721.152
weight: 2.34344e-07
eec: 463.333
weight: 5.29698e-05
eec: 170.955
weight: 1.65952e-08
eec: 135.24
weight: 4.68689e-05
eec: 5.59836
weight: 4.71559e-06
eec: 145.811
weight: 5.50558e-05
eec: 2471.53
weight: 2.42808e-05
eec: 85.4952
weight: 0.000223633
eec: 170.62
weight: 4.11084e-06
eec: 346.384
weight: 2.04131e-05
eec: 765.565
weight: 0.000119411
eec: 90.0003
weight: 1.36831e-05
eec: 156.024
weight: 2.28208e-05
eec: 798.817
weight: 1.90312e-07
eec: 948.654
weight: 2.36764e-05
eec: 423.369
weight: 1.18129e-05
eec: 834.672
weight: 2.95279e-06
eec: 1091.84
weight: 3.57881e-05
eec: 45.9088
weight: 0.00012707
eec: 19.487
weight: 6.24262e-06
eec: 764.938
weight: 7.72732e-05
eec: 405.079
weight: 4.55323e-06
eec: 196.242
weight: 0.000575823
eec: 532.455
weight: 3.42635e-05
eec: 384.443
weight: 6.69326e-06
eec: 898.368
weight: 6.48057e-06
eec: 38.5213
weight: 2.20545e-05
eec: 170.303
weight: 9.93184e-05
eec: 287.585
weight: 5.1291e-06
eec: 927.545
weight: 5.28187e-05
eec: 31.6467
weight: 2.12025e-05
eec: 55.2284
weight: 7.26223e-06
eec: 1949.06
weight: 8.73379e-06
eec: 199.264
weight: 0.000113384
eec: 772.163
weight: 1.86652e-07
eec: 2745.66
weight: 1.06742e-05
eec: 269.01
weight: 5.74346e-05
eec: 151.448
weight: 0.000132374
eec: 945.823
weight: 0.00135067
eec: 460.878
weight: 6.09812e-06
eec: 1639.38
weight: 7.38795e-06
eec: 45.8295
weight: 5.35856e-05
eec: 268.168
weight: 3.48564e-05
eec: 1130.44
weight: 0.000161544
eec: 622.264
weight: 3.99982e-06
eec: 379.74
weight: 2.17207e-05
eec: 395.647
weight: 7.92464e-06
eec: 85.4239
weight: 7.36445e-05
eec: 56.2811
weight: 4.61734e-05
eec: 1682.46
weight: 1.64643e-05
eec: 398.71
weight: 3.06003e-06
eec: 2752.85
weight: 1.18843e-05
eec: 510.003
weight: 1.4685e-05
eec: 1336.62
weight: 1.25342e-05
eec: 2033.89
weight: 0.000185308
eec: 667.86
weight: 8.56046e-06
eec: 186.758
weight: 8.81923e-05
eec: 205.909
weight: 6.65886e-05
eec: 85.1655
weight: 0.000186631
eec: 197.304
weight: 7.25282e-05
eec: 381.848
weight: 3.5683e-05
eec: 359.688
weight: 7.54972e-05
eec: 544.171
weight: 8.03637e-05
eec: 1744.95
weight: 7.2394e-05
eec: 232.432
weight: 7.3687e-06
eec: 22.4562
weight: 8.66767e-05
eec: 30.4865
weight: 1.48496e-05
eec: 25.1787
weight: 4.37657e-05
eec: 53.5422

ROOT exit code = 0
