gSystem->Load("run_condor_job_Run3_C.so");
run_condor_job_Run3(284, 100, 2,
                    80, 200,
                    1, 1, 1, 2);
.q

ENTERED run_condor_job_Run3()
JOBID = 284
  global job = 284  Job 84/100  events [5040000, 5100000)  total=6000000
Processing events [5040000, 5100000) of 6000000
weight: 6.26384e-05
eec: 371.581
weight: 1.5277e-05
eec: 699.866
weight: 1.9313e-05
eec: 228.156
weight: 9.16243e-05
eec: 500.564
weight: 0.000261331
eec: 1162.75
weight: 3.332e-05
eec: 128.769
weight: 1.69149e-05
eec: 516.433
weight: 1.69149e-05
eec: 123.207
weight: 3.52883e-05
eec: 736.494
weight: 2.37373e-06
eec: 927.901
weight: 1.31643e-05
eec: 1772.17
weight: 9.79884e-06
eec: 239.299
weight: 1.82321e-05
eec: 999.704
weight: 0.000129399
eec: 193.822
weight: 3.39473e-05
eec: 239.702
weight: 7.10387e-06
eec: 426.587
weight: 2.06163e-05
eec: 736.09
weight: 4.42432e-06
eec: 306.346
weight: 1.08662e-05
eec: 331.804
weight: 1.43971e-05
eec: 24.7273
weight: 2.60262e-05
eec: 1820.34
weight: 1.15307e-05
eec: 958.519
weight: 8.94949e-06
eec: 413.492
weight: 4.03577e-06
eec: 149.2
weight: 4.23914e-05
eec: 563.813
weight: 0.000249716
eec: 687.6
weight: 5.00818e-07
eec: 1230.99
weight: 0.000298556
eec: 64.1728
weight: 0.000418507
eec: 516.757
weight: 9.31694e-05
eec: 528.257
weight: 4.8059e-06
eec: 460.547
weight: 7.74402e-07
eec: 135.25
weight: 1.82191e-06
eec: 306.995
weight: 4.95065e-06
eec: 1297.99
weight: 3.72217e-05
eec: 858.456
weight: 0.000355657
eec: 281.438
weight: 2.10507e-05
eec: 346.015
weight: 1.8044e-05
eec: 1008.37
weight: 2.82676e-05
eec: 120.462
weight: 3.61611e-06
eec: 130.068
weight: 1.70282e-05
eec: 60.1692
Processing: 84.1667 %weight: 6.42465e-06
eec: 184.937
weight: 0.000414496
eec: 385.34
weight: 3.05701e-05
eec: 251.949
weight: 0.000143849
eec: 90.1355
weight: 7.06391e-05
eec: 74.0088
weight: 1.18331e-06
eec: 170.6
weight: 0.000182764
eec: 121.354
weight: 7.24591e-05
eec: 64.7173
weight: 7.59495e-05
eec: 112.117
weight: 1.8478e-05
eec: 125.647
weight: 2.66852e-05
eec: 184.964
weight: 9.81614e-05
eec: 555.243
weight: 4.0847e-05
eec: 676.642
weight: 0.000175504
eec: 892.551
weight: 2.0988e-05
eec: 43.0472
weight: 3.2636e-05
eec: 26.3558
weight: 1.77078e-06
eec: 742.219
weight: 1.64751e-05
eec: 39.8537
weight: 3.28058e-05
eec: 1566.14
weight: 0.00021242
eec: 37.9854
weight: 8.18814e-06
eec: 796.964
weight: 4.10827e-05
eec: 1518.2
weight: 3.70708e-06
eec: 311.619
weight: 0.000794668
eec: 167.093
weight: 3.25959e-06
eec: 23.706
weight: 1.11743e-05
eec: 1940.14
weight: 0.000180276
eec: 160.143
weight: 2.92888e-07
eec: 1550.44
weight: 1.89326e-06
eec: 726.072
weight: 3.65832e-05
eec: 407.951
weight: 5.46721e-05
eec: 487.554
weight: 6.3515e-06
eec: 384.131
weight: 1.9432e-06
eec: 151.839
weight: 0.000411427
eec: 562.132
weight: 6.98459e-05
eec: 454.898
weight: 0.000292076
eec: 878.354
weight: 6.48221e-05
eec: 278.663
weight: 3.75697e-06
eec: 1260.23
weight: 9.3218e-05
eec: 195.193
weight: 1.62548e-05
eec: 126.88
weight: 0.000675869
eec: 758.053
weight: 6.81128e-06
eec: 618.562
weight: 0.000249547
eec: 136.878
weight: 6.49577e-05
eec: 278.579
weight: 6.28693e-05
eec: 376.9
weight: 0.000464203
eec: 108.856
weight: 0.0001754
eec: 626.811
weight: 2.96233e-05
eec: 192.345
weight: 2.03407e-05
eec: 127.003
weight: 0.000262459
eec: 156.775
weight: 1.80012e-05
eec: 438.642
weight: 4.81692e-05
eec: 318.847
weight: 2.79152e-06
eec: 270.228
weight: 5.78091e-05
eec: 172.53
weight: 7.43071e-05
eec: 126.552
weight: 2.16701e-05
eec: 420.328
weight: 7.30374e-06
eec: 1503.37
weight: 6.33016e-05
eec: 24.7105
weight: 9.7951e-06
eec: 858.9
weight: 1.07506e-05
eec: 139.924
weight: 7.16985e-05
eec: 132.715
weight: 6.72769e-05
eec: 98.052
weight: 0.000120373
eec: 125.11
weight: 0.000211542
eec: 795.174
weight: 8.97291e-06
eec: 1179.56
weight: 8.27303e-05
eec: 1134.75
weight: 4.91018e-05
eec: 194.158
weight: 0.000358145
eec: 228.173
weight: 1.91022e-05
eec: 241.254
weight: 1.56173e-05
eec: 1688.59
weight: 1.96898e-06
eec: 273.851
weight: 0.00017424
eec: 228.67
weight: 0.000131445
eec: 69.0831
weight: 2.71728e-06
eec: 223.671
weight: 1.27423e-05
eec: 346.533
weight: 3.65468e-05
eec: 316.299
weight: 1.15483e-05
eec: 241.063
weight: 6.1434e-06
eec: 1707.53
weight: 5.06056e-06
eec: 60.2195
weight: 0.000194132
eec: 45.3565
weight: 1.88565e-05
eec: 798.177
weight: 5.05548e-05
eec: 744.073
weight: 5.71759e-06
eec: 577.032
weight: 1.10221e-05
eec: 344.199
weight: 0.000358983
eec: 907.37
weight: 0.000108906
eec: 580.425
weight: 0.000157921
eec: 1149.26
weight: 5.19359e-07
eec: 1020.16
weight: 3.83504e-05
eec: 597.032
weight: 3.75375e-05
eec: 577.24
weight: 4.26378e-06
eec: 1495.36
weight: 2.6505e-05
eec: 119.986
weight: 0.000167857
eec: 487.205
weight: 0.00011292
eec: 633.878
weight: 8.88418e-07
eec: 2230.45
weight: 7.63253e-06
eec: 655.896
weight: 1.53763e-05
eec: 731.87
weight: 5.28331e-06
eec: 355.121
weight: 2.22962e-06
eec: 804.645
weight: 5.56314e-05
eec: 1540.17
weight: 1.29999e-05
eec: 149.79
weight: 7.1368e-05
eec: 665.379
weight: 1.66529e-05
eec: 161.491
weight: 7.54154e-06
eec: 289.416
weight: 2.03581e-05
eec: 1202.61
weight: 1.76825e-05
eec: 306.873
weight: 6.95145e-05
eec: 55.1275
weight: 1.02215e-07
eec: 119.398
weight: 1.6015e-05
eec: 158.522
weight: 7.82111e-06
eec: 2525.62
weight: 1.11351e-05
eec: 597.139
weight: 1.61754e-05
eec: 2577.49
weight: 6.57134e-05
eec: 362.687
weight: 1.17792e-05
eec: 176.654
weight: 1.92617e-05
eec: 439.752
weight: 5.15864e-05
eec: 349.466
weight: 2.85429e-07
eec: 565.293
weight: 9.68687e-05
eec: 527.144
weight: 1.23774e-05
eec: 1915.36
weight: 3.4821e-05
eec: 864.571
weight: 6.88483e-05
eec: 90.493
weight: 7.19679e-05
eec: 568.902
weight: 3.67823e-06
eec: 276.004
weight: 5.59435e-06
eec: 127.511
weight: 0.000481608
eec: 950.131
weight: 0.000482
eec: 338.532
weight: 2.78942e-06
eec: 778.547
weight: 2.59307e-05
eec: 252.388
weight: 4.4189e-06
eec: 534.558
weight: 3.9662e-05
eec: 3115.08
weight: 1.63631e-05
eec: 205.982
weight: 5.41664e-05
eec: 819.799
weight: 0.000120006
eec: 112.931
weight: 9.48097e-06
eec: 85.6451
weight: 2.55983e-06
eec: 828.194
weight: 8.49004e-05
eec: 617.783
weight: 0.00025557
eec: 71.7393
weight: 8.26306e-05
eec: 665.887
weight: 1.05375e-06
eec: 1070.89
weight: 2.66995e-06
eec: 388.954
weight: 2.76851e-07
eec: 290.342
weight: 0.000125427
eec: 378.039
weight: 0.000383831
eec: 113.619
weight: 8.2284e-05
eec: 190.523
weight: 4.0765e-06
eec: 180.265
weight: 3.92783e-05
eec: 155.597
weight: 1.0613e-05
eec: 154.241
weight: 4.9887e-05
eec: 798.447
weight: 1.76485e-05
eec: 50.6539
weight: 1.60532e-05
eec: 1225.37
weight: 0.000503928
eec: 270.787
weight: 1.26726e-05
eec: 339.833
weight: 1.33051e-05
eec: 58.6637
weight: 3.66229e-05
eec: 3259.26
weight: 0.000258114
eec: 417.078
weight: 3.49483e-05
eec: 197.931
weight: 1.04152e-05
eec: 657.214
weight: 2.28977e-05
eec: 444.925
weight: 1.56585e-05
eec: 31.5508
weight: 1.99634e-05
eec: 994.426
weight: 9.38218e-05
eec: 426.148
weight: 7.33531e-06
eec: 51.3625
weight: 3.41063e-07
eec: 385.307
weight: 2.30463e-06
eec: 41.6219
weight: 3.0074e-06
eec: 469.456
weight: 3.74576e-06
eec: 192.035
weight: 5.34898e-07
eec: 777.404
weight: 2.80602e-06
eec: 1691.59
weight: 1.50283e-05
eec: 279.578
weight: 4.80568e-06
eec: 659.701
weight: 6.64926e-05
eec: 640.8
weight: 2.10562e-05
eec: 88.091
weight: 1.23362e-05
eec: 255.152
weight: 5.80147e-05
eec: 746.24
weight: 5.50328e-05
eec: 24.636
weight: 1.49435e-05
eec: 175.672
weight: 0.000176791
eec: 83.2882
weight: 1.39118e-06
eec: 604.613
weight: 6.03346e-05
eec: 468.509
weight: 2.17156e-05
eec: 335.292
weight: 6.66497e-05
eec: 52.6859
weight: 1.07138e-05
eec: 2625.86
weight: 9.74666e-06
eec: 88.8201
weight: 0.00119315
eec: 350.419
weight: 3.74356e-05
eec: 571.311
weight: 2.02466e-05
eec: 1175.02
weight: 1.68097e-05
eec: 1205.05
weight: 0.000135921
eec: 68.1055
weight: 1.33085e-05
eec: 258.824
weight: 1.78005e-05
eec: 180.568
weight: 6.10405e-05
eec: 602.634
weight: 0.00018158
eec: 574.453
weight: 9.30841e-06
eec: 405.35
weight: 7.66499e-05
eec: 267.402
weight: 0.000622327
eec: 993.187
weight: 1.85786e-05
eec: 378.81
weight: 7.84607e-05
eec: 101.124
weight: 5.92074e-06
eec: 405.697
weight: 4.15489e-07
eec: 1152.24
weight: 1.63425e-06
eec: 403.808
weight: 1.76649e-06
eec: 199.86
weight: 4.34951e-06
eec: 72.6617
weight: 1.03639e-05
eec: 1688.86
weight: 1.83427e-06
eec: 618.177
weight: 0.000255698
eec: 49.9788
weight: 3.10318e-07
eec: 124.103
weight: 2.76727e-06
eec: 442.212
weight: 0.00020792
eec: 314.475
weight: 0.000111933
eec: 1227.06
weight: 0.000152681
eec: 190.236
weight: 3.1155e-05
eec: 1346.42
weight: 0.00017116
eec: 675.526
weight: 0.000233098
eec: 1596.36
weight: 0.000123355
eec: 523.334
weight: 5.69638e-05
eec: 657.47
weight: 5.43773e-07
eec: 77.3708
weight: 7.45244e-06
eec: 1571.39
weight: 1.37284e-05
eec: 523.884
weight: 0.000114398
eec: 469.996
weight: 5.96056e-05
eec: 194.578
weight: 0.000188278
eec: 298.968
weight: 3.13014e-05
eec: 332.077
weight: 3.9646e-05
eec: 1133.84
weight: 0.000428549
eec: 600.555
weight: 0.00055749
eec: 176.184
weight: 7.24027e-05
eec: 94.5785
weight: 0.000237544
eec: 233.53
weight: 1.94202e-05
eec: 560.58

ROOT exit code = 0
