gSystem->Load("run_condor_job_Run3_C.so");
run_condor_job_Run3(756, 100, 2,
                    80, 200,
                    1, 1, 1, 7);
.q

ENTERED run_condor_job_Run3()
JOBID = 756
  global job = 756  Job 56/100  events [3188640, 3245580)  total=5694000
Processing events [3188640, 3245580) of 5694000
weight: 0.000207773
eec: 189.969
weight: 4.90247e-05
eec: 572.333
weight: 7.5011e-05
eec: 822.537
weight: 1.63107e-05
eec: 473.935
weight: 4.87942e-07
eec: 63.2268
weight: 2.90064e-05
eec: 1223.76
weight: 6.68651e-07
eec: 384.218
weight: 0.000252521
eec: 129.877
weight: 1.17285e-06
eec: 118.993
weight: 3.84905e-05
eec: 313.322
weight: 2.19732e-06
eec: 690.36
weight: 8.57432e-07
eec: 777.366
weight: 1.4892e-06
eec: 369.118
weight: 3.80158e-05
eec: 647.599
weight: 1.21791e-05
eec: 437.728
weight: 8.63872e-05
eec: 479.01
weight: 1.5946e-07
eec: 151.035
weight: 8.04328e-06
eec: 385.841
weight: 9.57612e-05
eec: 249.808
weight: 0.00016274
eec: 251.531
weight: 6.09501e-07
eec: 396.589
weight: 1.52153e-05
eec: 1997.51
weight: 1.54085e-06
eec: 300.385
weight: 7.40958e-06
eec: 2301.26
weight: 9.91551e-05
eec: 488.912
weight: 8.44463e-05
eec: 125.866
weight: 5.68299e-05
eec: 1214.72
weight: 2.30662e-06
eec: 873.105
weight: 1.70192e-05
eec: 32.1747
weight: 1.29376e-07
eec: 597.674
weight: 3.5722e-05
eec: 810.912
weight: 4.7469e-05
eec: 285.176
weight: 2.86105e-05
eec: 50.455
weight: 1.63644e-05
eec: 655.369
weight: 3.81565e-05
eec: 964.491
weight: 7.49853e-05
eec: 142.403
weight: 9.84816e-06
eec: 151.603
weight: 1.47597e-05
eec: 189.208
weight: 4.58959e-05
eec: 2203.21
weight: 5.23459e-06
eec: 149.935
weight: 0.000567226
eec: 65.0655
weight: 1.08019e-05
eec: 756.452
weight: 3.1808e-05
eec: 282.332
weight: 3.9983e-06
eec: 715.859
Processing: 56.1995 %weight: 2.67601e-05
eec: 62.7217
weight: 0.000534663
eec: 83.3885
weight: 6.56277e-07
eec: 817.361
weight: 0.000211744
eec: 504.042
weight: 3.15428e-06
eec: 133.283
weight: 2.47172e-05
eec: 197.18
weight: 7.56042e-06
eec: 516.372
weight: 1.75244e-06
eec: 378.376
weight: 2.27933e-06
eec: 1080.05
weight: 4.90741e-05
eec: 18.1427
weight: 3.59682e-06
eec: 533.833
weight: 0.000248782
eec: 561.88
weight: 1.39222e-06
eec: 222.857
weight: 0.000112811
eec: 881.319
weight: 0.000375417
eec: 407.695
weight: 3.6131e-05
eec: 2956.96
weight: 1.36137e-05
eec: 1650.58
weight: 4.89281e-05
eec: 88.9818
weight: 0.000143159
eec: 323.382
weight: 1.26962e-07
eec: 3261.8
weight: 4.94002e-05
eec: 157.787
weight: 3.1575e-06
eec: 33.3123
weight: 8.11881e-05
eec: 125.862
weight: 0.00032115
eec: 197.49
weight: 6.95647e-06
eec: 66.1462
weight: 1.5881e-05
eec: 1564.12
weight: 1.43647e-05
eec: 372.06
weight: 3.89049e-05
eec: 729.025
weight: 5.17743e-05
eec: 744.371
weight: 7.40469e-05
eec: 866.191
weight: 9.7538e-07
eec: 435.005
weight: 0.000501912
eec: 51.7621
weight: 1.18545e-06
eec: 210.117
weight: 0.000113647
eec: 106.322
weight: 1.37632e-05
eec: 3966.6
weight: 3.14961e-05
eec: 280.586
weight: 4.44697e-06
eec: 274.382
weight: 2.07658e-05
eec: 1567.82
weight: 4.9163e-05
eec: 666.539
weight: 0.000676431
eec: 537.279
weight: 0.000110469
eec: 23.0783
weight: 4.10182e-05
eec: 802.75
weight: 6.22834e-06
eec: 635.06
weight: 2.1689e-05
eec: 416.742
weight: 9.26093e-06
eec: 54.7463
weight: 0.00159661
eec: 80.3901
weight: 0.000309555
eec: 131.263
weight: 0.000118206
eec: 255.141
weight: 5.4077e-06
eec: 651.826
weight: 0.000112349
eec: 546.388
weight: 4.69435e-06
eec: 389.597
weight: 0.000490028
eec: 368.932
weight: 4.15691e-07
eec: 1933.44
weight: 1.5805e-05
eec: 147.167
weight: 5.25931e-05
eec: 374.246
weight: 7.73823e-06
eec: 350.775
weight: 3.48347e-06
eec: 82.4188
weight: 0.00026501
eec: 355.969
weight: 5.55018e-06
eec: 542.062
weight: 1.08465e-05
eec: 1575.18
weight: 7.79877e-05
eec: 234.786
weight: 1.77496e-05
eec: 93.8304
weight: 1.34715e-05
eec: 2354.46
weight: 0.000208903
eec: 998.886
weight: 0.000132517
eec: 2541.43
weight: 0.000867869
eec: 165.02
weight: 7.74154e-06
eec: 251.597
weight: 6.59238e-05
eec: 180.935
weight: 1.19049e-05
eec: 1449.59
weight: 2.41958e-06
eec: 152.136
weight: 1.21215e-05
eec: 2769.85
weight: 3.2903e-06
eec: 139.635
weight: 7.36803e-06
eec: 76.7687
weight: 4.04062e-06
eec: 2271.63
weight: 5.37749e-05
eec: 426.687
weight: 6.91558e-06
eec: 298.349
weight: 7.93821e-06
eec: 629.031
weight: 6.97937e-05
eec: 320.196
weight: 3.87879e-09
eec: 55.6966
weight: 2.55995e-08
eec: 1892.4
weight: 0.000442279
eec: 396.416
weight: 0.000152741
eec: 162.933
weight: 3.41696e-06
eec: 300.517
weight: 4.93949e-06
eec: 379.034
weight: 4.93949e-06
eec: 677.93
weight: 9.73674e-05
eec: 61.3508
weight: 0.00011232
eec: 251.363
weight: 1.24691e-07
eec: 441.194
weight: 7.18469e-05
eec: 1206.63
weight: 1.2674e-06
eec: 817.427
weight: 0.00018041
eec: 442.753
weight: 9.1646e-06
eec: 123.581
weight: 7.35361e-06
eec: 2857.39
weight: 0.000140152
eec: 910.418
weight: 0.000207702
eec: 246.768
weight: 0.000495445
eec: 706.845
weight: 0.000181553
eec: 408.062
weight: 1.48395e-05
eec: 123.685
weight: 6.9298e-08
eec: 124.463
weight: 1.82449e-05
eec: 1811.59
weight: 7.33015e-05
eec: 757.421
weight: 3.98268e-05
eec: 87.4272
weight: 5.85765e-05
eec: 528.163
weight: 0.000406155
eec: 1033.62
weight: 4.61181e-05
eec: 215.911
weight: 0.000125787
eec: 309.52
weight: 4.53475e-06
eec: 43.0176
weight: 5.21339e-05
eec: 1255.92
weight: 2.62948e-06
eec: 2159.64
weight: 5.36393e-06
eec: 2564.21
weight: 7.43119e-06
eec: 329.425
weight: 2.62949e-05
eec: 2029.84
weight: 6.25495e-05
eec: 55.8734
weight: 1.34975e-06
eec: 91.1993
weight: 8.09037e-05
eec: 426.328
weight: 4.91551e-05
eec: 550.81
weight: 2.14229e-05
eec: 2503.12
weight: 7.05216e-06
eec: 988.248
weight: 4.21847e-05
eec: 858.35
weight: 1.16549e-05
eec: 507.622
weight: 4.15401e-06
eec: 866.572
weight: 8.16986e-06
eec: 152.437
weight: 0.00021901
eec: 569.142
weight: 1.76624e-05
eec: 752.626
weight: 9.12349e-06
eec: 658.059
weight: 0.000110896
eec: 225.627
weight: 0.00080138
eec: 333.424
weight: 8.53943e-06
eec: 965.739
weight: 1.67222e-05
eec: 215.695
weight: 3.1108e-05
eec: 62.2764
weight: 0.00065468
eec: 583.728
weight: 0.00010475
eec: 68.1786
weight: 0.000208859
eec: 638.315
weight: 7.40155e-05
eec: 474.506
weight: 9.35967e-06
eec: 776.048
weight: 1.19532e-05
eec: 879.294
weight: 1.19532e-05
eec: 712.482
weight: 0.000112487
eec: 1269.31
weight: 4.16961e-06
eec: 670.763
weight: 4.16961e-06
eec: 682.307
weight: 9.67521e-06
eec: 3775.74
weight: 6.15845e-05
eec: 713.586
weight: 1.59003e-05
eec: 431.336
weight: 5.74485e-07
eec: 340.551
weight: 1.80998e-05
eec: 717.696
weight: 9.71759e-06
eec: 383.203
weight: 2.85311e-05
eec: 574.586
weight: 0.000173633
eec: 756.525
weight: 1.34681e-06
eec: 687.082
weight: 8.28012e-05
eec: 844.39
weight: 4.37693e-05
eec: 154.046
weight: 0.000265973
eec: 569.755
weight: 1.54896e-07
eec: 56.6268
weight: 3.32323e-05
eec: 307.995
weight: 5.43964e-06
eec: 41.4459
weight: 9.60119e-06
eec: 317.496
weight: 8.48702e-06
eec: 66.5376
weight: 4.62456e-05
eec: 562.214
weight: 0.000298963
eec: 233.187
weight: 1.48155e-06
eec: 171.551
weight: 3.00176e-06
eec: 12.5075
weight: 1.4132e-05
eec: 224.965
weight: 0.000108028
eec: 265.549
weight: 2.02456e-06
eec: 226.19
weight: 6.82648e-05
eec: 821.129
weight: 0.000367337
eec: 1016.59
weight: 1.90318e-06
eec: 1028.76
weight: 0.000191956
eec: 599.817
weight: 1.24427e-05
eec: 48.3363
weight: 3.20079e-06
eec: 293.622
weight: 0.000132161
eec: 226.064
weight: 5.80271e-05
eec: 268.599
weight: 5.8828e-06
eec: 1659.27
weight: 3.89629e-05
eec: 452.639
weight: 0.000174833
eec: 236.129
weight: 7.72529e-06
eec: 547.99
weight: 1.01922e-05
eec: 584.239
weight: 9.44681e-06
eec: 898.588
weight: 1.42643e-05
eec: 36.9661
weight: 1.60994e-05
eec: 1579.98
weight: 7.41951e-06
eec: 816.808
weight: 0.00051532
eec: 849.709
weight: 9.27216e-05
eec: 1040.93
weight: 2.26195e-05
eec: 1716.21
weight: 8.64844e-07
eec: 773.457
weight: 8.04544e-05
eec: 2693.12
weight: 5.49868e-06
eec: 1103.46
weight: 4.24762e-06
eec: 48.0556
weight: 1.47226e-05
eec: 592.674
weight: 8.04212e-05
eec: 221.63
weight: 8.91527e-06
eec: 564.518
weight: 3.41363e-05
eec: 30.6358
weight: 6.6209e-06
eec: 903.353
weight: 0.000545192
eec: 289.096
weight: 5.56057e-05
eec: 513.985
weight: 0.000355843
eec: 474.635

ROOT exit code = 0
