gSystem->Load("run_condor_job_Run3_C.so");
run_condor_job_Run3(458, 100, 2,
                    80, 200,
                    1, 1, 1, 4);
.q

ENTERED run_condor_job_Run3()
JOBID = 458
  global job = 458  Job 58/100  events [3420840, 3479820)  total=5898000
Processing events [3420840, 3479820) of 5898000
weight: 0.000358515
eec: 296.885
weight: 0.000333299
eec: 706.661
weight: 7.35087e-07
eec: 102.947
weight: 2.80903e-05
eec: 243.216
weight: 2.59508e-05
eec: 279.767
weight: 1.18487e-05
eec: 724.85
weight: 6.9954e-06
eec: 210.844
weight: 1.17205e-05
eec: 619.334
weight: 5.2199e-07
eec: 135.59
weight: 0.00018189
eec: 255.469
weight: 2.49207e-05
eec: 395.213
weight: 2.02263e-05
eec: 470.231
weight: 9.36395e-06
eec: 129.846
weight: 8.64697e-05
eec: 221.462
weight: 3.91265e-05
eec: 196.603
weight: 1.42496e-05
eec: 1340.84
weight: 1.62289e-06
eec: 1182.01
weight: 9.00741e-06
eec: 1127.05
weight: 0.000104971
eec: 62.7581
weight: 4.38116e-06
eec: 185.28
weight: 4.49979e-05
eec: 572.176
weight: 2.6881e-05
eec: 240.293
weight: 0.000181013
eec: 947.589
weight: 3.16933e-06
eec: 2606.67
weight: 0.000836285
eec: 858.955
weight: 3.52754e-05
eec: 397.608
weight: 1.01971e-07
eec: 1828.16
weight: 0.000257934
eec: 389.062
weight: 1.15934e-05
eec: 267.838
weight: 8.24014e-05
eec: 176.767
weight: 3.87699e-05
eec: 86.1393
weight: 4.11178e-05
eec: 195.779
weight: 4.6684e-07
eec: 286.211
weight: 0.000175518
eec: 620.317
weight: 9.70258e-05
eec: 229.565
weight: 4.25167e-06
eec: 316.718
weight: 3.76337e-05
eec: 934.041
weight: 0.000158156
eec: 681.14
weight: 6.48985e-05
eec: 71.2343
weight: 8.63904e-05
eec: 193.711
weight: 5.20575e-05
eec: 112.009
weight: 1.50262e-05
eec: 2121.99
weight: 3.29255e-05
eec: 1099.99
weight: 1.94397e-06
eec: 4178.01
weight: 5.57821e-05
eec: 763.453
weight: 7.87436e-06
eec: 2045.67
weight: 1.15768e-05
eec: 313.343
weight: 0.00029907
eec: 251.548
weight: 2.96326e-05
eec: 1353.88
weight: 4.78868e-06
eec: 139.24
weight: 7.30526e-07
eec: 1069.27
weight: 6.26448e-05
eec: 452.191
weight: 3.70301e-05
eec: 134.052
weight: 0.000280899
eec: 535.514
weight: 8.57164e-05
eec: 100.78
weight: 6.01375e-05
eec: 497.353
weight: 1.91152e-05
eec: 1042.62
weight: 7.96984e-06
eec: 128.737
weight: 5.34723e-05
eec: 182.953
weight: 4.83066e-05
eec: 678.281
weight: 0.000700298
eec: 463.992
weight: 5.22057e-08
eec: 111.64
weight: 0.000219154
eec: 232.287
weight: 6.78263e-05
eec: 797.941
weight: 2.94907e-05
eec: 31.6467
weight: 5.61146e-07
eec: 1956.89
weight: 1.21132e-05
eec: 267.761
weight: 0.000293636
eec: 56.3112
weight: 8.57777e-05
eec: 253.458
weight: 5.49072e-06
eec: 657.592
weight: 8.07703e-05
eec: 1311.97
weight: 1.73832e-05
eec: 1399.71
weight: 1.88457e-05
eec: 1191.8
weight: 0.00032909
eec: 319.764
weight: 9.82608e-06
eec: 434.604
weight: 0.000195135
eec: 23.885
weight: 0.000136189
eec: 1099.94
weight: 9.705e-09
eec: 465.237
weight: 0.00240287
eec: 1016.3
weight: 6.60708e-05
eec: 380.237
weight: 6.13895e-06
eec: 260.528
weight: 2.78707e-07
eec: 62.619
weight: 1.13541e-05
eec: 384.397
weight: 8.85549e-05
eec: 293.446
weight: 1.70588e-05
eec: 383.128
weight: 4.78365e-06
eec: 960.21
weight: 4.58831e-05
eec: 369.426
weight: 0.000202311
eec: 575.643
weight: 1.34286e-05
eec: 357.014
weight: 3.08974e-05
eec: 391.528
weight: 1.30477e-05
eec: 89.4082
weight: 1.28144e-05
eec: 971.469
weight: 1.10506e-05
eec: 723.077
weight: 7.80835e-05
eec: 38.0003
weight: 1.92287e-06
eec: 455.58
weight: 1.53193e-05
eec: 430.121
weight: 1.66339e-05
eec: 84.2657
weight: 4.65708e-05
eec: 505.487
weight: 6.28557e-05
eec: 433.521
Processing: 58.4944 %weight: 1.05972e-05
eec: 514.233
weight: 0.000243592
eec: 205.332
weight: 0.000192859
eec: 149.091
weight: 1.67967e-05
eec: 558.083
weight: 1.80113e-05
eec: 159.366
weight: 2.25549e-05
eec: 658.1
weight: 2.39514e-05
eec: 183.188
weight: 5.3176e-06
eec: 878.163
weight: 1.49297e-05
eec: 442.223
weight: 1.44072e-06
eec: 1763.46
weight: 2.32732e-05
eec: 904.125
weight: 3.87413e-05
eec: 1039.09
weight: 8.46297e-06
eec: 3299.79
weight: 3.35645e-05
eec: 275.743
weight: 4.57564e-05
eec: 274.586
weight: 4.38637e-05
eec: 396.475
weight: 5.35665e-06
eec: 893.549
weight: 5.0741e-05
eec: 155.559
weight: 0.000118653
eec: 238.471
weight: 7.5646e-05
eec: 308.493
weight: 3.04793e-05
eec: 1655.83
weight: 1.11575e-05
eec: 1845.35
weight: 4.27182e-07
eec: 461.535
weight: 6.3335e-05
eec: 383.141
weight: 1.191e-06
eec: 189.134
weight: 0.000385156
eec: 455.122
weight: 0.00017067
eec: 181.774
weight: 2.43336e-05
eec: 1098.62
weight: 4.59479e-05
eec: 60.9488
weight: 8.94942e-05
eec: 113.626
weight: 3.26983e-05
eec: 204.925
weight: 9.38858e-06
eec: 176.568
weight: 5.16679e-06
eec: 351.846
weight: 2.53599e-05
eec: 632.202
weight: 3.54039e-05
eec: 892.706
weight: 6.02769e-05
eec: 1572.18
weight: 4.04201e-05
eec: 93.0428
weight: 1.66898e-05
eec: 166.592
weight: 0.000891258
eec: 393.031
weight: 2.67814e-05
eec: 271.673
weight: 0.000153658
eec: 188.019
weight: 1.39825e-07
eec: 48.2598
weight: 0.000161116
eec: 1109.61
weight: 4.10614e-07
eec: 274.689
weight: 5.6135e-06
eec: 751.608
weight: 1.10772e-05
eec: 1187.26
weight: 1.99653e-06
eec: 151.185
weight: 1.31513e-06
eec: 367.73
weight: 2.99851e-05
eec: 160.06
weight: 8.20148e-06
eec: 988.107
weight: 3.86877e-05
eec: 298.527
weight: 0.000364552
eec: 609.82
weight: 0.000660448
eec: 925.434
weight: 0.000123684
eec: 947.514
weight: 3.85978e-06
eec: 1357.45
weight: 3.92921e-05
eec: 61.7294
weight: 0.000176921
eec: 771.344
weight: 0.000510359
eec: 1193.17
weight: 3.85524e-05
eec: 686.632
weight: 6.62151e-07
eec: 2499.78
weight: 1.42033e-05
eec: 542.935
weight: 5.0604e-06
eec: 367.31
weight: 8.24281e-05
eec: 506.49
weight: 0.000799739
eec: 467.308
weight: 3.44024e-05
eec: 1815.04
weight: 6.26919e-05
eec: 33.6785
weight: 6.27418e-05
eec: 217.964
weight: 0.000148735
eec: 47.9486
weight: 3.27908e-05
eec: 285.037
weight: 2.94759e-05
eec: 221.123
weight: 1.4214e-05
eec: 415.401
weight: 1.4214e-05
eec: 81.8117
weight: 8.03167e-05
eec: 182.21
weight: 0.000327351
eec: 90.4086
weight: 1.19164e-05
eec: 664.863
weight: 2.01668e-06
eec: 2004.24
weight: 1.287e-05
eec: 96.4561
weight: 4.13526e-06
eec: 162.07
weight: 2.02962e-05
eec: 1672.64
weight: 0.0011023
eec: 713.947
weight: 0.000315083
eec: 218.996
weight: 5.93896e-05
eec: 766.42
weight: 0.000129714
eec: 1993.46
weight: 0.000193784
eec: 120.584
weight: 1.72448e-05
eec: 592.157
weight: 0.000160166
eec: 263.821
weight: 1.10592e-05
eec: 91.8034
weight: 2.50149e-05
eec: 1865.75
weight: 7.53527e-06
eec: 438.92
weight: 4.92955e-05
eec: 154.458
weight: 3.14731e-05
eec: 1623.37
weight: 0.000108167
eec: 61.8033
weight: 2.34805e-05
eec: 258.585
weight: 1.60798e-05
eec: 168.258
weight: 5.33488e-06
eec: 43.5702
weight: 1.71338e-05
eec: 764.683
weight: 6.99545e-05
eec: 815.664
weight: 5.98388e-05
eec: 916.472
weight: 0.000170976
eec: 118.179
weight: 1.90331e-05
eec: 244.025
weight: 4.50919e-05
eec: 167.243
weight: 1.0559e-05
eec: 394.307
weight: 3.90872e-05
eec: 614.276
weight: 2.10124e-05
eec: 627.966
weight: 2.97851e-05
eec: 217.352
weight: 1.59544e-05
eec: 175.514
weight: 2.65825e-06
eec: 400.138
weight: 3.91696e-05
eec: 262.831
weight: 2.52911e-05
eec: 696.927
weight: 8.36051e-06
eec: 2.48773
weight: 4.2419e-06
eec: 1463.83
weight: 2.20673e-06
eec: 1070.4
weight: 0.000399531
eec: 103.8
weight: 2.3613e-05
eec: 1161.03
weight: 3.00099e-05
eec: 143.136
weight: 0.000361129
eec: 320.436
weight: 5.4313e-05
eec: 314.623
weight: 0.000681209
eec: 929.272
weight: 8.20456e-06
eec: 2557.11
weight: 4.69842e-05
eec: 261.613
weight: 0.000252196
eec: 100.983
weight: 5.14838e-05
eec: 1397.23
weight: 8.39007e-07
eec: 845.898
weight: 6.84934e-06
eec: 18.2628
weight: 0.000105593
eec: 159.581
weight: 5.97624e-06
eec: 136.98
weight: 3.46677e-05
eec: 65.6237
weight: 0.000106368
eec: 168.198
weight: 4.72224e-05
eec: 429.02
weight: 1.22764e-07
eec: 290.483
weight: 2.15923e-05
eec: 307.729
weight: 0.000397164
eec: 1000.08
weight: 1.12472e-05
eec: 1712.21
weight: 0.000207612
eec: 1947.48
weight: 5.39962e-05
eec: 178.836
weight: 3.49115e-05
eec: 100.185
weight: 2.27836e-05
eec: 943.048
weight: 0.000115118
eec: 1536.12
weight: 0.000129845
eec: 182.132
weight: 2.58772e-06
eec: 24.0007
weight: 1.10573e-05
eec: 1095.97
weight: 1.23205e-05
eec: 1158.52
weight: 2.29045e-06
eec: 453.521
weight: 0.00088237
eec: 160.942
weight: 3.62535e-06
eec: 3773.72
weight: 7.02529e-06
eec: 242.991
weight: 1.41227e-05
eec: 1538.99
weight: 0.000145875
eec: 475.156

ROOT exit code = 0
