gSystem->Load("run_condor_job_Run3_C.so");
run_condor_job_Run3(479, 100, 2,
                    80, 200,
                    1, 1, 1, 4);
.q

ENTERED run_condor_job_Run3()
JOBID = 479
  global job = 479  Job 79/100  events [4659420, 4718400)  total=5898000
Processing events [4659420, 4718400) of 5898000
weight: 2.6362e-05
eec: 737.702
weight: 2.15446e-06
eec: 175.576
weight: 3.50845e-05
eec: 15.2436
weight: 8.1565e-06
eec: 75.4159
weight: 2.40225e-05
eec: 266.357
weight: 1.07654e-08
eec: 127.696
weight: 0.000323915
eec: 1381.54
weight: 2.37277e-05
eec: 313.871
weight: 4.82418e-07
eec: 121.507
weight: 9.88747e-05
eec: 191.67
weight: 1.63345e-05
eec: 268.794
weight: 1.24626e-05
eec: 1861.2
weight: 0.000701078
eec: 104.83
weight: 4.96624e-06
eec: 556.809
weight: 6.51262e-06
eec: 661.22
weight: 2.95844e-05
eec: 850.091
weight: 0.000110061
eec: 1048.76
weight: 1.33762e-07
eec: 2054.18
weight: 8.44756e-07
eec: 217.776
weight: 3.54894e-07
eec: 76.1187
weight: 5.1421e-05
eec: 1044.72
weight: 6.51138e-05
eec: 273.368
weight: 2.02658e-05
eec: 12.0912
weight: 1.86933e-05
eec: 31.3158
weight: 0.000173317
eec: 702.148
weight: 2.20832e-05
eec: 411.895
weight: 1.40934e-05
eec: 52.2545
weight: 1.95018e-05
eec: 274.914
weight: 0.00029446
eec: 171.613
weight: 2.91447e-05
eec: 379.054
weight: 0.000468947
eec: 260.394
weight: 0.000131083
eec: 31.8398
weight: 1.33661e-05
eec: 214.431
weight: 1.15565e-05
eec: 340.25
weight: 1.55037e-05
eec: 92.638
weight: 6.70089e-07
eec: 1924.66
weight: 1.071e-05
eec: 3349.77
weight: 2.34422e-05
eec: 688.322
weight: 4.5668e-05
eec: 779.437
weight: 1.31296e-05
eec: 23.6829
weight: 1.64566e-06
eec: 439.781
weight: 2.36563e-06
eec: 534.997
weight: 1.54862e-05
eec: 98.275
weight: 2.159e-05
eec: 461.792
weight: 6.34756e-06
eec: 328.738
weight: 8.7273e-05
eec: 282.51
weight: 7.08898e-05
eec: 85.9094
weight: 8.94468e-05
eec: 1119.3
weight: 1.24848e-05
eec: 277.001
weight: 0.000794815
eec: 312.401
weight: 4.12142e-06
eec: 1597.43
weight: 3.83368e-05
eec: 1259.97
weight: 1.11016e-08
eec: 730.153
weight: 7.81585e-05
eec: 424.7
weight: 6.11902e-05
eec: 789.534
weight: 3.7626e-05
eec: 305.978
weight: 1.47577e-05
eec: 132.555
weight: 6.6932e-07
eec: 478.841
weight: 4.78982e-06
eec: 144.137
weight: 2.84721e-05
eec: 467.962
weight: 2.10527e-06
eec: 385.25
weight: 7.61709e-06
eec: 41.969
weight: 3.00236e-05
eec: 432.42
weight: 1.78669e-05
eec: 139.014
weight: 0.00151247
eec: 134.043
weight: 0.000191733
eec: 636.851
weight: 8.05683e-05
eec: 821.083
weight: 3.7256e-07
eec: 300.451
weight: 2.20584e-06
eec: 1050.12
weight: 0.000338038
eec: 82.1419
weight: 1.63717e-05
eec: 730.04
weight: 6.60492e-06
eec: 3.43093
weight: 7.02083e-05
eec: 299.836
weight: 4.53664e-05
eec: 114.898
weight: 2.11703e-05
eec: 3253.89
weight: 6.83513e-05
eec: 127.637
weight: 5.44343e-06
eec: 538.088
weight: 0.000218001
eec: 67.0609
weight: 0.000162678
eec: 184.167
weight: 3.90182e-05
eec: 1169.22
weight: 3.69434e-05
eec: 133.853
weight: 0.0015877
eec: 163.886
weight: 1.56892e-05
eec: 812.226
weight: 1.98409e-05
eec: 42.5697
weight: 4.42651e-06
eec: 3090.54
weight: 3.93259e-05
eec: 426.566
weight: 3.68549e-07
eec: 898.908
weight: 8.00878e-05
eec: 305.025
weight: 4.75539e-07
eec: 989.987
weight: 3.64727e-05
eec: 413.394
weight: 0.000164986
eec: 72.3568
weight: 6.14392e-05
eec: 245.751
weight: 0.000576844
eec: 417.374
weight: 0.000193208
eec: 940.05
weight: 0.000144181
eec: 258.98
weight: 5.15825e-05
eec: 147.39
weight: 3.90137e-05
eec: 88.1542
weight: 7.55017e-05
eec: 251.487
weight: 2.74037e-05
eec: 203.561
weight: 1.14861e-05
eec: 46.5286
weight: 5.4933e-06
eec: 175.637
weight: 3.74463e-06
eec: 465.926
weight: 3.36386e-06
eec: 2794.86
weight: 0.000141296
eec: 88.337
weight: 0.000107257
eec: 800.022
weight: 3.73025e-08
eec: 513.486
weight: 6.22086e-06
eec: 287.562
weight: 1.59731e-05
eec: 108.005
weight: 5.17682e-05
eec: 371.959
weight: 7.43655e-05
eec: 279.42
weight: 0.000100644
eec: 292.694
weight: 1.18054e-06
eec: 637.08
weight: 4.53889e-07
eec: 1073.74
weight: 2.50203e-05
eec: 275.958
weight: 8.96162e-06
eec: 762.461
weight: 9.67922e-06
eec: 1557.16
weight: 8.06012e-05
eec: 288.751
weight: 4.05098e-06
eec: 319.706
weight: 3.54877e-05
eec: 98.4218
weight: 3.98563e-05
eec: 358.996
weight: 3.04223e-05
eec: 897.802
weight: 3.56492e-05
eec: 612.792
weight: 0.000139946
eec: 1030.86
weight: 8.59002e-06
eec: 337.729
weight: 3.87057e-05
eec: 387.447
weight: 3.76035e-05
eec: 565.399
weight: 4.16036e-06
eec: 755.83
weight: 5.30779e-05
eec: 1081.6
weight: 2.19338e-05
eec: 186.534
weight: 1.22652e-05
eec: 1484.3
weight: 0.000141282
eec: 40.3863
weight: 3.17548e-05
eec: 613.419
weight: 1.05434e-07
eec: 915.025
weight: 1.03868e-05
eec: 54.3522
weight: 1.28719e-05
eec: 766.786
weight: 1.87613e-05
eec: 824.841
weight: 7.32121e-05
eec: 146.171
weight: 1.97148e-05
eec: 140.877
weight: 4.30726e-05
eec: 282.626
weight: 0.000124998
eec: 308.076
weight: 1.52785e-05
eec: 413.696
weight: 2.8077e-05
eec: 1015.41
weight: 4.29924e-07
eec: 134.268
weight: 1.13194e-05
eec: 1936.74
weight: 0.000250368
eec: 520.344
weight: 0.0015786
eec: 316.692
weight: 3.46196e-05
eec: 3006.4
weight: 6.75765e-06
eec: 275.719
weight: 7.54544e-06
eec: 57.6695
weight: 1.04043e-05
eec: 681.326
weight: 1.58021e-05
eec: 1643.5
weight: 4.4554e-05
eec: 573.122
weight: 1.15245e-06
eec: 262.321
weight: 7.87799e-05
eec: 1195.05
weight: 9.01194e-06
eec: 786.237
Processing: 79.688 %weight: 4.11652e-05
eec: 716.513
weight: 6.66409e-06
eec: 107.927
weight: 0.00204623
eec: 61.713
weight: 0.000124862
eec: 164.06
weight: 1.57527e-05
eec: 453.651
weight: 8.96894e-06
eec: 2086.25
weight: 3.90328e-05
eec: 199.565
weight: 0.000223483
eec: 18.4423
weight: 7.56661e-08
eec: 577.226
weight: 0.000134711
eec: 349.143
weight: 5.35212e-06
eec: 214.977
weight: 2.80003e-05
eec: 251.291
weight: 2.79418e-05
eec: 852.155
weight: 1.19539e-06
eec: 91.2492
weight: 1.82842e-05
eec: 441.535
weight: 9.80245e-07
eec: 592.969
weight: 1.51428e-05
eec: 1532.1
weight: 4.74199e-05
eec: 1235.26
weight: 3.96763e-05
eec: 245.195
weight: 4.95948e-05
eec: 471.566
weight: 2.70103e-06
eec: 451.04
weight: 6.61111e-05
eec: 238.502
weight: 8.14963e-08
eec: 799.407
weight: 9.33155e-06
eec: 223.231
weight: 1.60228e-05
eec: 2115.46
weight: 3.16767e-05
eec: 273.647
weight: 3.45974e-05
eec: 1306.85
weight: 4.73806e-06
eec: 393.221
weight: 1.43676e-05
eec: 162.935
weight: 2.15525e-05
eec: 354.549
weight: 3.68671e-05
eec: 936.654
weight: 0.000169653
eec: 327.786
weight: 2.38225e-06
eec: 1883.5
weight: 0.000147372
eec: 307.293
weight: 4.44682e-05
eec: 149.845
weight: 0.000132771
eec: 66.7451
weight: 0.000223855
eec: 89.4596
weight: 1.70549e-05
eec: 351.777
weight: 3.00256e-05
eec: 488.935
weight: 7.61886e-05
eec: 222.331
weight: 5.93131e-06
eec: 1452.87
weight: 2.00659e-05
eec: 200.131
weight: 3.06604e-05
eec: 804.854
weight: 2.05281e-05
eec: 66.8049
weight: 2.99645e-05
eec: 274.459
weight: 2.23787e-05
eec: 754.759
weight: 8.07819e-06
eec: 54.2507
weight: 2.37558e-05
eec: 265.482
weight: 2.93179e-05
eec: 625.848
weight: 0.000214288
eec: 1441.97
weight: 6.18372e-06
eec: 297.582
weight: 1.33527e-06
eec: 397.126
weight: 3.76965e-05
eec: 110.213
weight: 8.08375e-05
eec: 345.904
weight: 4.01552e-05
eec: 857.052
weight: 2.3237e-05
eec: 583.158
weight: 0.000399782
eec: 25.5703
weight: 8.81626e-09
eec: 27.1237
weight: 1.1166e-05
eec: 2053.88
weight: 4.24115e-05
eec: 465.022
weight: 0.000181498
eec: 261.852
weight: 5.20816e-06
eec: 2742.96
weight: 8.78865e-05
eec: 82.7173
weight: 1.77673e-05
eec: 371.391

ROOT exit code = 0
