gSystem->Load("run_condor_job_Run3_C.so");
run_condor_job_Run3(232, 100, 2,
                    80, 200,
                    1, 1, 1, 2);
.q

ENTERED run_condor_job_Run3()
JOBID = 232
  global job = 232  Job 32/100  events [1920000, 1980000)  total=6000000
Processing events [1920000, 1980000) of 6000000
weight: 5.16336e-05
eec: 355.089
weight: 0.000187604
eec: 428.632
weight: 2.84541e-07
eec: 1472.69
weight: 0.000107821
eec: 276.758
weight: 5.84816e-06
eec: 52.7468
weight: 2.24502e-05
eec: 136.742
weight: 5.78787e-06
eec: 429.035
weight: 5.58842e-05
eec: 296.35
weight: 0.000330716
eec: 272.331
weight: 3.02356e-05
eec: 93.8697
weight: 5.7514e-05
eec: 271.03
weight: 1.44027e-05
eec: 106.138
weight: 0.000296919
eec: 33.6492
weight: 7.07018e-05
eec: 242.073
weight: 7.07018e-05
eec: 66.4366
weight: 2.88299e-06
eec: 1405.36
weight: 2.74445e-05
eec: 89.298
weight: 2.19885e-05
eec: 1161.98
weight: 1.05323e-05
eec: 161.462
weight: 1.84612e-06
eec: 445.646
weight: 1.19151e-05
eec: 643.945
weight: 5.23457e-05
eec: 383.097
weight: 0.000185752
eec: 250.983
weight: 0.000354045
eec: 149.419
weight: 8.05095e-05
eec: 1364.83
weight: 2.62438e-05
eec: 2388.9
weight: 2.12784e-05
eec: 458.658
weight: 3.77575e-05
eec: 229.417
weight: 0.000110455
eec: 506.998
weight: 4.4471e-05
eec: 1079.88
weight: 4.66699e-06
eec: 341.573
weight: 0.000103332
eec: 210.76
weight: 8.39539e-06
eec: 210.186
weight: 0.000246722
eec: 527.36
weight: 9.70296e-05
eec: 225.758
weight: 6.7073e-08
eec: 338.879
weight: 3.20194e-05
eec: 1718.19
weight: 1.94253e-05
eec: 238.325
weight: 1.38752e-05
eec: 117.206
weight: 0.000123407
eec: 294.123
weight: 3.06836e-07
eec: 117.2
weight: 2.01819e-05
eec: 954.627
weight: 1.73409e-05
eec: 286.808
weight: 4.75367e-06
eec: 820.922
weight: 5.45764e-05
eec: 393.018
weight: 1.09697e-05
eec: 467.211
weight: 5.46032e-05
eec: 62.8853
weight: 0.000508068
eec: 464.56
weight: 9.75849e-07
eec: 1200.82
weight: 3.89673e-05
eec: 479.822
weight: 4.0314e-05
eec: 136.675
weight: 6.53906e-06
eec: 482.747
weight: 3.11458e-05
eec: 50.4554
weight: 4.19976e-05
eec: 413.1
weight: 4.83681e-05
eec: 363.476
weight: 0.000134812
eec: 413.284
weight: 4.8172e-05
eec: 2494.7
weight: 1.53359e-06
eec: 68.3713
weight: 0.000144006
eec: 552.913
weight: 5.75109e-05
eec: 168.839
weight: 5.69533e-05
eec: 30.4561
weight: 0.000168157
eec: 551.501
weight: 4.19777e-05
eec: 395.017
weight: 0.000189271
eec: 121.042
weight: 0.000122694
eec: 111.674
weight: 2.26876e-05
eec: 53.9889
weight: 3.19337e-05
eec: 107.712
weight: 0.000272125
eec: 176.852
weight: 3.11133e-07
eec: 187.418
weight: 4.83974e-06
eec: 690.68
weight: 0.000369584
eec: 228.858
weight: 3.1492e-05
eec: 110.251
weight: 3.77584e-06
eec: 38.6946
weight: 0.000346605
eec: 157.351
weight: 2.67121e-06
eec: 710.095
weight: 0.000870692
eec: 438.091
weight: 0.000324262
eec: 183.138
weight: 5.36263e-05
eec: 22.2975
weight: 0.000108209
eec: 169.432
weight: 1.07516e-05
eec: 418.618
weight: 0.000605729
eec: 803.497
weight: 0.000264768
eec: 80.0965
weight: 3.56355e-06
eec: 1573.14
weight: 8.34388e-06
eec: 346.696
weight: 9.72498e-05
eec: 94.314
weight: 2.57772e-05
eec: 360.248
weight: 1.91787e-05
eec: 1751.73
weight: 0.000129781
eec: 281.674
weight: 5.82253e-05
eec: 826.058
weight: 6.41384e-06
eec: 1750.58
weight: 7.36034e-06
eec: 213.897
weight: 2.19521e-05
eec: 895.824
weight: 0.000153138
eec: 253.295
weight: 1.87069e-05
eec: 1233.48
weight: 2.80885e-05
eec: 93.6476
weight: 2.16613e-05
eec: 483.51
weight: 3.17713e-06
eec: 94.8763
weight: 4.81785e-06
eec: 988.181
weight: 1.10359e-05
eec: 976.157
weight: 3.17878e-05
eec: 789.362
weight: 4.50692e-05
eec: 40.7174
weight: 6.13213e-05
eec: 253.439
weight: 4.75101e-05
eec: 1205.89
weight: 4.1615e-06
eec: 1130.55
weight: 4.28241e-06
eec: 918.953
weight: 0.000108651
eec: 1241.07
weight: 0.000119748
eec: 68.2284
weight: 7.83986e-05
eec: 35.5172
weight: 1.09225e-06
eec: 298.387
weight: 0.000124069
eec: 77.5323
weight: 1.7788e-05
eec: 663.675
weight: 0.000284035
eec: 1470.35
weight: 5.56697e-05
eec: 295.503
weight: 9.90346e-05
eec: 370.888
weight: 6.74561e-05
eec: 696.285
Processing: 32.5 %weight: 2.47355e-05
eec: 225.733
weight: 2.69009e-06
eec: 401.566
weight: 1.18044e-05
eec: 2107.59
weight: 9.88016e-06
eec: 249.803
weight: 6.79214e-06
eec: 475.048
weight: 2.45525e-05
eec: 966.007
weight: 8.59714e-06
eec: 89.2192
weight: 1.14206e-05
eec: 94.8714
weight: 1.04037e-05
eec: 1075.45
weight: 1.60507e-05
eec: 595.264
weight: 7.9821e-05
eec: 421.357
weight: 2.20921e-05
eec: 130.189
weight: 2.44969e-05
eec: 181.989
weight: 1.09851e-07
eec: 2026.05
weight: 3.46966e-07
eec: 70.2634
weight: 4.27394e-06
eec: 122.951
weight: 6.05442e-05
eec: 169.691
weight: 1.96133e-05
eec: 839.837
weight: 2.03781e-06
eec: 73.6088
weight: 3.96e-05
eec: 306.855
weight: 4.01292e-05
eec: 842.924
weight: 1.56567e-06
eec: 714.132
weight: 4.94282e-05
eec: 159.819
weight: 3.73953e-05
eec: 885.593
weight: 0.000310609
eec: 266.91
weight: 2.70307e-05
eec: 244.337
weight: 0.000151747
eec: 73.1917
weight: 6.32214e-06
eec: 220.101
weight: 1.4877e-07
eec: 2719.03
weight: 7.6085e-05
eec: 107.979
weight: 8.95656e-06
eec: 1079.93
weight: 0.00275505
eec: 52.0928
weight: 9.83175e-06
eec: 500.902
weight: 3.28269e-05
eec: 173.835
weight: 3.18381e-05
eec: 390.36
weight: 0.000190764
eec: 99.392
weight: 5.8541e-07
eec: 732.529
weight: 0.000202301
eec: 128.099
weight: 5.34092e-07
eec: 381.898
weight: 7.77504e-06
eec: 2825.24
weight: 1.99496e-07
eec: 123.746
weight: 0.000172308
eec: 204.998
weight: 2.37504e-05
eec: 893.574
weight: 1.34575e-05
eec: 35.0063
weight: 1.75962e-06
eec: 29.7992
weight: 8.31215e-06
eec: 3914.5
weight: 1.24827e-05
eec: 1342.54
weight: 6.53347e-06
eec: 202.315
weight: 8.60763e-05
eec: 802.665
weight: 0.000120008
eec: 86.5582
weight: 0.000168542
eec: 925.594
weight: 2.48553e-05
eec: 875.33
weight: 0.000111831
eec: 305.37
weight: 4.99649e-07
eec: 11.8841
weight: 3.9006e-05
eec: 2112.77
weight: 7.34883e-06
eec: 1642.17
weight: 0.000376375
eec: 626.203
weight: 1.67531e-05
eec: 1497.07
weight: 1.27489e-05
eec: 73.399
weight: 3.74295e-06
eec: 30.3531
weight: 0.000180884
eec: 203.923
weight: 4.51335e-05
eec: 114.633
weight: 5.30498e-06
eec: 749.881
weight: 5.30498e-06
eec: 301.799
weight: 0.000124974
eec: 923.013
weight: 0.000135834
eec: 191.993
weight: 8.95893e-05
eec: 883.965
weight: 1.13108e-06
eec: 217.108
weight: 7.87395e-05
eec: 1041.55
weight: 1.1833e-05
eec: 266.092
weight: 1.14595e-05
eec: 89.9059
weight: 3.54963e-06
eec: 1127.84
weight: 2.70533e-05
eec: 450.422
weight: 2.1715e-05
eec: 172.684
weight: 1.24587e-05
eec: 431.555
weight: 1.01107e-05
eec: 3724.82
weight: 1.7815e-05
eec: 1189.49
weight: 1.03411e-05
eec: 1036.32
weight: 1.38394e-06
eec: 507.738
weight: 2.54979e-06
eec: 740.127
weight: 2.32157e-05
eec: 95.8632
weight: 3.05794e-05
eec: 1478.05
weight: 5.68902e-05
eec: 972.039
weight: 7.05031e-06
eec: 796.839
weight: 1.76956e-05
eec: 1001.98
weight: 2.71468e-05
eec: 84.9287
weight: 0.000177869
eec: 154.15
weight: 5.02043e-05
eec: 136.125
weight: 0.000819159
eec: 69.9858
weight: 0.000176547
eec: 125.876
weight: 2.12106e-05
eec: 248.456
weight: 2.83445e-07
eec: 100.894
weight: 3.50681e-06
eec: 848.343
weight: 6.28922e-06
eec: 206.705
weight: 3.96637e-05
eec: 714.243
weight: 5.348e-05
eec: 204.727
weight: 8.43099e-06
eec: 3457.62
weight: 1.03152e-05
eec: 456.875
weight: 0.000129838
eec: 689.503
weight: 0.000402914
eec: 562.709
weight: 2.70743e-06
eec: 388.5
weight: 4.55077e-05
eec: 2696.94
weight: 1.07551e-05
eec: 95.0342
weight: 3.71502e-05
eec: 457.189
weight: 1.89212e-05
eec: 922.035
weight: 1.46774e-05
eec: 160.948
weight: 5.07711e-05
eec: 311.265
weight: 1.38479e-05
eec: 776.899
weight: 1.23022e-05
eec: 1803.82
weight: 9.20418e-05
eec: 113.657
weight: 2.09652e-05
eec: 162.41
weight: 1.28109e-06
eec: 1150.85
weight: 5.69598e-05
eec: 134.562
weight: 5.74147e-05
eec: 230.931
weight: 8.21354e-06
eec: 770.494
weight: 0.000222282
eec: 225.099
weight: 0.00018461
eec: 96.0651
weight: 7.0909e-06
eec: 131.416
weight: 2.21761e-08
eec: 646.494
weight: 3.65823e-05
eec: 764.936
weight: 9.93395e-05
eec: 1130.27
weight: 3.39848e-07
eec: 51.6381
weight: 5.85311e-06
eec: 121.582
weight: 0.000572858
eec: 456.627
weight: 2.11431e-05
eec: 382.867
weight: 8.17262e-07
eec: 1190.84
weight: 2.12455e-05
eec: 363.425
weight: 1.2302e-06
eec: 1773.3
weight: 0.000496851
eec: 185.496
weight: 0.000293182
eec: 81.6971
weight: 3.94438e-06
eec: 1274.98
weight: 2.5706e-05
eec: 585.009
weight: 7.12102e-05
eec: 306.102
weight: 1.32136e-05
eec: 1615.93
weight: 0.000120224
eec: 495.723
weight: 0.000206472
eec: 145.733
weight: 0.000159043
eec: 770.293
weight: 1.15675e-05
eec: 293.419
weight: 4.01381e-06
eec: 462.581
weight: 6.48321e-06
eec: 885.318
weight: 1.35688e-06
eec: 114.443
weight: 3.08365e-05
eec: 63.6993

ROOT exit code = 0
