gSystem->Load("run_condor_job_Run3_C.so");
run_condor_job_Run3(780, 100, 2,
                    80, 200,
                    1, 1, 1, 7);
.q

ENTERED run_condor_job_Run3()
JOBID = 780
  global job = 780  Job 80/100  events [4555200, 4612140)  total=5694000
Processing events [4555200, 4612140) of 5694000
weight: 2.1607e-06
eec: 85.4624
weight: 4.13903e-06
eec: 157.689
weight: 0.00133405
eec: 335.542
weight: 6.72769e-05
eec: 767.54
weight: 1.34493e-05
eec: 831.982
weight: 0.000162871
eec: 1374.92
weight: 0.000906601
eec: 234.854
weight: 0.000110902
eec: 327.724
weight: 0.0001209
eec: 694.09
weight: 3.36446e-05
eec: 63.3897
weight: 1.50491e-05
eec: 47.5036
weight: 1.87875e-05
eec: 211.24
weight: 5.46797e-06
eec: 1430.44
weight: 9.00034e-05
eec: 555.428
weight: 2.55637e-05
eec: 360.229
weight: 8.74297e-06
eec: 948.793
weight: 0.000219994
eec: 30.0383
weight: 4.66109e-06
eec: 285.226
weight: 1.38808e-05
eec: 65.6346
weight: 4.20101e-05
eec: 1151.87
weight: 0.000929024
eec: 257.409
weight: 4.70065e-06
eec: 1073.54
weight: 1.30616e-05
eec: 1458.76
weight: 1.29793e-05
eec: 186.036
weight: 5.72082e-06
eec: 956.589
weight: 6.10213e-07
eec: 710.201
weight: 2.22373e-05
eec: 515.992
weight: 8.46813e-08
eec: 983.907
weight: 7.08927e-06
eec: 477.009
weight: 3.46051e-05
eec: 719.746
weight: 0.000452427
eec: 225.673
weight: 0.000106856
eec: 128.862
weight: 1.50116e-05
eec: 739.013
weight: 1.02161e-06
eec: 448.644
weight: 2.51552e-05
eec: 960.426
weight: 0.000157584
eec: 226.074
weight: 1.78677e-05
eec: 1796.85
weight: 2.72464e-05
eec: 1718.96
weight: 0.000244839
eec: 78.1622
weight: 1.76053e-05
eec: 1203.21
weight: 0.000475221
eec: 47.5684
weight: 0.000187222
eec: 207.64
weight: 0.00021262
eec: 249.427
weight: 1.56431e-06
eec: 1745.45
weight: 5.87819e-06
eec: 523.941
weight: 1.47405e-05
eec: 667.943
weight: 9.42352e-06
eec: 1147.69
weight: 2.6547e-05
eec: 236.485
weight: 1.28801e-06
eec: 1438.8
weight: 6.98957e-05
eec: 374.767
weight: 4.50773e-05
eec: 562.519
weight: 7.52187e-06
eec: 82.9258
weight: 5.56749e-05
eec: 215.012
weight: 0.000115373
eec: 598.046
weight: 7.27889e-05
eec: 137.13
weight: 4.2877e-05
eec: 1442.11
weight: 7.99544e-05
eec: 128.725
weight: 3.10186e-05
eec: 949.133
weight: 1.71429e-05
eec: 1867.86
weight: 6.20286e-05
eec: 357.136
weight: 3.36229e-06
eec: 240.729
weight: 1.01405e-05
eec: 884.172
weight: 1.27196e-06
eec: 480.706
weight: 7.14972e-05
eec: 342.084
weight: 0.000122341
eec: 101.988
weight: 0.000778706
eec: 112.118
weight: 3.06458e-08
eec: 1538.62
weight: 9.41021e-06
eec: 79.5125
weight: 2.23293e-05
eec: 440.416
weight: 1.42556e-06
eec: 307.429
weight: 1.0658e-05
eec: 1394.87
weight: 0.00014437
eec: 9.97547
weight: 7.5127e-05
eec: 247.004
weight: 6.89493e-09
eec: 127.331
weight: 3.65199e-05
eec: 1308.54
weight: 0.000178468
eec: 422.258
weight: 1.96717e-06
eec: 1725.92
weight: 2.15244e-05
eec: 133.655
weight: 3.30593e-06
eec: 199.082
weight: 4.00413e-05
eec: 349.387
weight: 0.000403318
eec: 125.32
weight: 2.27729e-05
eec: 455.948
weight: 3.00735e-06
eec: 2594.58
weight: 2.84088e-05
eec: 106.339
weight: 2.14375e-06
eec: 658.511
weight: 2.29831e-07
eec: 477.593
weight: 9.58536e-05
eec: 245.395
weight: 7.42325e-05
eec: 603.14
weight: 3.86604e-05
eec: 841.339
weight: 1.74103e-05
eec: 324.641
weight: 0.000118814
eec: 1000.41
weight: 0.000106888
eec: 29.2463
weight: 2.86894e-05
eec: 29.0066
weight: 7.81874e-06
eec: 290.6
weight: 0.000238227
eec: 385.696
weight: 1.13649e-08
eec: 383.958
weight: 0.000296193
eec: 496.848
weight: 7.57654e-05
eec: 451.16
weight: 3.55676e-05
eec: 384.225
weight: 3.88532e-06
eec: 180.175
weight: 0.000227084
eec: 17.6956
weight: 0.000158978
eec: 81.1473
weight: 3.53837e-05
eec: 99.257
weight: 8.2948e-06
eec: 122.88
weight: 6.43411e-06
eec: 143.269
weight: 0.00020749
eec: 169.759
weight: 7.39283e-05
eec: 756.525
weight: 3.97686e-06
eec: 677.757
weight: 1.38468e-06
eec: 881.05
weight: 0.000253357
eec: 32.7096
weight: 0.000253357
eec: 395.365
weight: 5.54013e-05
eec: 623.872
weight: 0.000362179
eec: 16.9054
weight: 1.13715e-05
eec: 292.227
weight: 0.000132527
eec: 286.312
weight: 8.28469e-06
eec: 552.805
weight: 1.08589e-05
eec: 1252.02
weight: 0.000104828
eec: 769.917
weight: 4.32117e-06
eec: 131.563
weight: 9.60645e-06
eec: 113.408
weight: 2.44935e-06
eec: 1157.06
weight: 3.0577e-05
eec: 452.414
weight: 2.30924e-06
eec: 688.412
weight: 0.000241065
eec: 322.306
weight: 0.000306117
eec: 188.021
weight: 7.01582e-06
eec: 1417.01
weight: 8.26345e-05
eec: 94.4371
weight: 6.44882e-06
eec: 4073.07
weight: 1.24485e-05
eec: 258.153
weight: 1.35567e-06
eec: 1660.85
weight: 9.01184e-06
eec: 638.688
weight: 2.69658e-05
eec: 388.206
weight: 2.97643e-07
eec: 1211.22
weight: 6.07599e-08
eec: 275.061
weight: 0.000306024
eec: 305.907
weight: 7.0206e-06
eec: 669.253
weight: 7.03405e-06
eec: 124.23
weight: 2.16565e-06
eec: 2369.11
weight: 1.11849e-05
eec: 683.866
weight: 1.35568e-05
eec: 619.007
weight: 4.26759e-06
eec: 497.401
weight: 9.15753e-05
eec: 267.933
weight: 8.40202e-06
eec: 2339.78
weight: 5.30347e-05
eec: 625.225
weight: 9.37974e-06
eec: 1502.36
weight: 2.32958e-05
eec: 591.444
weight: 6.73974e-05
eec: 1379.75
weight: 1.34819e-05
eec: 423.547
weight: 6.37744e-05
eec: 124.319
weight: 7.69336e-05
eec: 453.101
weight: 1.26876e-05
eec: 819.981
weight: 0.00032182
eec: 308.537
weight: 0.000101234
eec: 145.498
weight: 8.69675e-05
eec: 887.628
weight: 4.51591e-05
eec: 207.492
weight: 2.74005e-05
eec: 297.49
weight: 8.74609e-06
eec: 48.4574
weight: 9.75131e-06
eec: 1726.11
weight: 0.000126035
eec: 542.117
weight: 1.80286e-05
eec: 968.74
weight: 3.08687e-05
eec: 294.983
weight: 9.38415e-06
eec: 990.943
weight: 1.10471e-05
eec: 267.684
weight: 8.61536e-06
eec: 3910.1
weight: 0.00123169
eec: 1282.26
weight: 2.08912e-05
eec: 422.376
weight: 6.53631e-05
eec: 830.182
weight: 0.000645724
eec: 250.08
weight: 4.92884e-08
eec: 439.737
weight: 7.70786e-05
eec: 95.6245
weight: 2.51692e-05
eec: 2635.63
weight: 0.000544904
eec: 424.429
weight: 0.000197634
eec: 61.7892
weight: 1.04786e-05
eec: 170.321
weight: 1.84117e-05
eec: 228.195
weight: 5.36708e-05
eec: 63.8969
weight: 2.28355e-05
eec: 619.331
weight: 0.000155812
eec: 61.9141
weight: 2.02886e-05
eec: 630.404
weight: 9.34728e-06
eec: 498.04
weight: 0.000342577
eec: 463.49
weight: 0.000151268
eec: 78.2571
weight: 2.66351e-05
eec: 1950.74
weight: 1.8799e-05
eec: 486.324
weight: 1.68818e-05
eec: 139.112
weight: 1.51364e-06
eec: 76.4088
weight: 0.000114983
eec: 75.2038
weight: 8.54106e-07
eec: 8.07072
weight: 3.11486e-05
eec: 169.326
weight: 1.91973e-05
eec: 390.891
weight: 3.90448e-05
eec: 822.672
weight: 1.77522e-05
eec: 126.26
weight: 2.38246e-05
eec: 186.227
weight: 3.18638e-06
eec: 897.508
weight: 0.000957132
eec: 122.643
weight: 1.30971e-05
eec: 748.508
weight: 2.61442e-06
eec: 1683.98
weight: 6.32512e-05
eec: 913.001
weight: 1.66097e-05
eec: 264.433
weight: 2.31326e-05
eec: 173.222
weight: 0.00074606
eec: 144.86
Processing: 80.7868 %weight: 1.10617e-05
eec: 352.515
weight: 4.16777e-05
eec: 2327.06
weight: 2.36543e-05
eec: 73.3967
weight: 8.21264e-05
eec: 123.817
weight: 1.00307e-05
eec: 543.78
weight: 4.17842e-06
eec: 1225.47
weight: 8.00282e-05
eec: 243.846
weight: 2.14399e-06
eec: 838.138
weight: 1.85121e-05
eec: 68.6537
weight: 9.03354e-05
eec: 138.106
weight: 3.81314e-05
eec: 247.927
weight: 8.57933e-06
eec: 683.849
weight: 0.000126024
eec: 29.4851
weight: 0.000123775
eec: 1528.55
weight: 0.000300498
eec: 85.0682
weight: 1.78663e-05
eec: 494.92
weight: 3.95454e-05
eec: 1819.44
weight: 0.00033131
eec: 413.633
weight: 7.87856e-06
eec: 1625.56
weight: 1.02097e-06
eec: 1615.15
weight: 4.14416e-06
eec: 168.161
weight: 8.47363e-06
eec: 550.437
weight: 1.41977e-05
eec: 123.968
weight: 0.000182213
eec: 244.907
weight: 6.78677e-05
eec: 1008.07
weight: 2.63943e-06
eec: 100.21
weight: 3.99524e-08
eec: 275.486
weight: 7.82547e-06
eec: 540.741
weight: 2.146e-05
eec: 2346.15
weight: 1.45438e-05
eec: 981.415
weight: 2.04046e-05
eec: 598.406
weight: 3.16956e-05
eec: 260.574
weight: 5.94102e-05
eec: 193.994
weight: 0.000181388
eec: 519.499
weight: 0.00015521
eec: 509.978
weight: 2.32211e-05
eec: 508.451
weight: 0.000135916
eec: 182.467
weight: 3.81841e-05
eec: 182.725
weight: 1.13612e-06
eec: 1941.98
weight: 5.61622e-05
eec: 2044.92
weight: 0.000125711
eec: 137.997
weight: 8.49934e-05
eec: 1232.47
weight: 5.82649e-05
eec: 116.202
weight: 8.98862e-06
eec: 659.654
weight: 0.000118861
eec: 226.934

ROOT exit code = 0
