gSystem->Load("run_condor_job_Run3_C.so");
run_condor_job_Run3(213, 100, 2,
                    80, 200,
                    1, 1, 1, 2);
.q

ENTERED run_condor_job_Run3()
JOBID = 213
  global job = 213  Job 13/100  events [780000, 840000)  total=6000000
Processing events [780000, 840000) of 6000000
weight: 1.03052e-05
eec: 94.2864
weight: 0.000158581
eec: 524.49
weight: 7.65546e-05
eec: 2531.53
weight: 0.000116679
eec: 312.062
weight: 0.000127758
eec: 633.49
weight: 9.43379e-05
eec: 350.827
weight: 0.000237253
eec: 868.647
weight: 1.91809e-06
eec: 1456
weight: 0.000499237
eec: 9.01495
weight: 5.12938e-05
eec: 51.8193
weight: 0.000168251
eec: 396.393
weight: 2.29873e-08
eec: 1608.51
weight: 6.59581e-05
eec: 635.716
weight: 6.35152e-06
eec: 1664.37
weight: 4.91012e-05
eec: 167.696
weight: 2.73134e-05
eec: 51.904
weight: 9.21927e-05
eec: 811.384
weight: 1.87216e-06
eec: 748.792
weight: 9.05682e-05
eec: 1384.1
weight: 5.00792e-05
eec: 558.164
weight: 0.00030111
eec: 63.3834
weight: 1.87994e-06
eec: 2690.53
weight: 2.66412e-05
eec: 2692.61
weight: 9.05937e-06
eec: 1.44708
weight: 9.05937e-06
eec: 336.985
weight: 6.32387e-06
eec: 2883.33
weight: 1.63122e-08
eec: 292.812
weight: 6.73624e-05
eec: 532.004
weight: 7.27021e-07
eec: 4119.73
weight: 1.33492e-05
eec: 616.502
weight: 3.43083e-05
eec: 278.228
weight: 2.65238e-06
eec: 2585.06
weight: 4.53534e-07
eec: 1097.45
weight: 1.47752e-05
eec: 66.9059
weight: 0.000340022
eec: 284.314
weight: 0.000115658
eec: 144.233
weight: 3.48327e-05
eec: 52.451
weight: 9.40883e-06
eec: 1916.93
weight: 2.11443e-05
eec: 287.141
weight: 7.14371e-07
eec: 215.545
weight: 3.08586e-05
eec: 60.4642
weight: 0.0020463
eec: 259.918
weight: 6.18848e-06
eec: 1270.98
weight: 4.41519e-06
eec: 25.3987
weight: 0.000312165
eec: 257.144
weight: 2.73489e-05
eec: 257.628
weight: 1.01876e-06
eec: 363.671
weight: 7.35022e-06
eec: 136.827
weight: 3.39308e-05
eec: 1303.29
weight: 0.000116447
eec: 1210.05
weight: 5.36917e-05
eec: 671.741
weight: 4.77438e-06
eec: 2596.46
weight: 1.20275e-05
eec: 424.529
weight: 2.63647e-05
eec: 42.5468
weight: 5.7813e-05
eec: 489.497
weight: 2.35239e-05
eec: 990.926
weight: 0.000355333
eec: 310.162
weight: 6.53469e-06
eec: 1198.39
weight: 3.87146e-05
eec: 620.313
weight: 5.28314e-06
eec: 806.927
weight: 4.72754e-05
eec: 217.42
weight: 0.000168461
eec: 960.047
weight: 0.000275169
eec: 114.337
weight: 0.000135766
eec: 736.222
weight: 2.44549e-06
eec: 1834.1
weight: 0.000317215
eec: 337.431
weight: 0.000215225
eec: 396.836
weight: 0.000453631
eec: 53.7371
weight: 1.71027e-06
eec: 1182.33
weight: 7.34678e-06
eec: 483.972
weight: 0.000174534
eec: 277.174
weight: 3.04179e-06
eec: 577.902
weight: 8.42176e-06
eec: 193.3
Processing: 13.3333 %weight: 1.50544e-06
eec: 2586.04
weight: 0.000286361
eec: 516.752
weight: 1.5297e-05
eec: 1250.92
weight: 0.000181684
eec: 188.373
weight: 4.31e-06
eec: 42.9205
weight: 8.91139e-06
eec: 477.143
weight: 8.87776e-06
eec: 221.692
weight: 4.53596e-06
eec: 373.473
weight: 0.000173074
eec: 449.763
weight: 0.00014746
eec: 562.051
weight: 0.000139262
eec: 514.967
weight: 6.24831e-06
eec: 363.331
weight: 3.47028e-05
eec: 358.644
weight: 1.83832e-05
eec: 1243.71
weight: 6.65713e-06
eec: 175.139
weight: 2.99811e-06
eec: 3687.59
weight: 1.46114e-05
eec: 81.5203
weight: 0.000149947
eec: 371.668
weight: 0.000216295
eec: 45.5968
weight: 7.17287e-06
eec: 2536.49
weight: 2.49319e-06
eec: 265.026
weight: 1.16595e-07
eec: 488.212
weight: 3.67328e-05
eec: 435.762
weight: 7.58157e-05
eec: 690.739
weight: 2.4573e-07
eec: 4.29506
weight: 2.04485e-05
eec: 1529.99
weight: 1.37855e-05
eec: 45.3809
weight: 2.79336e-05
eec: 25.2314
weight: 5.79695e-07
eec: 49.8892
weight: 5.46293e-05
eec: 251.077
weight: 7.7001e-05
eec: 811.873
weight: 0.000209911
eec: 496.66
weight: 0.000370816
eec: 145.277
weight: 8.67706e-05
eec: 2763.95
weight: 0.000107487
eec: 511.006
weight: 1.1415e-05
eec: 147.692
weight: 0.000222762
eec: 237.051
weight: 0.000173207
eec: 55.9219
weight: 0.000462643
eec: 131.989
weight: 0.000462643
eec: 84.186
weight: 1.61467e-05
eec: 73.8098
weight: 9.6284e-05
eec: 210.225
weight: 1.16566e-05
eec: 311.997
weight: 1.04863e-05
eec: 2059.83
weight: 0.000175769
eec: 782.617
weight: 0.000146794
eec: 632.099
weight: 2.217e-05
eec: 376.55
weight: 6.55937e-05
eec: 27.939
weight: 4.29224e-05
eec: 826.195
weight: 7.54529e-06
eec: 242.387
weight: 6.41557e-05
eec: 1397
weight: 6.34313e-06
eec: 124.703
weight: 3.47969e-05
eec: 800.103
weight: 1.76852e-06
eec: 1428.51
weight: 9.52224e-08
eec: 673.685
weight: 0.000174927
eec: 607.78
weight: 2.92883e-05
eec: 201.74
weight: 0.000154789
eec: 175.358
weight: 8.04383e-05
eec: 1422.45
weight: 1.53551e-05
eec: 1960.05
weight: 2.21145e-07
eec: 60.3048
weight: 3.21866e-05
eec: 2536.32
weight: 4.76012e-05
eec: 775.63
weight: 8.17975e-05
eec: 595.23
weight: 2.55877e-05
eec: 1432.78
weight: 1.78413e-06
eec: 651.736
weight: 1.0181e-05
eec: 170.524
weight: 8.40675e-05
eec: 625.468
weight: 1.22687e-05
eec: 302.606
weight: 1.14268e-05
eec: 3002.31
weight: 5.62757e-05
eec: 438.364
weight: 2.24141e-05
eec: 346.969
weight: 2.38878e-05
eec: 185.384
weight: 2.59991e-08
eec: 1059.38
weight: 9.00375e-05
eec: 117.756
weight: 0.000180237
eec: 1289.31
weight: 4.43755e-05
eec: 494.389
weight: 1.44192e-07
eec: 824.268
weight: 2.0061e-05
eec: 125.511
weight: 3.64435e-05
eec: 331.278
weight: 2.73603e-06
eec: 105.843
weight: 0.000114626
eec: 2356.22
weight: 6.89175e-08
eec: 779.376
weight: 0.000123765
eec: 399.421
weight: 4.28991e-05
eec: 731.017
weight: 7.46424e-06
eec: 3077.94
weight: 0.000104556
eec: 373.104
weight: 0.000990459
eec: 761.713
weight: 0.000816309
eec: 329.794
weight: 6.97174e-05
eec: 151.709
weight: 0.000236652
eec: 341.89
weight: 5.81211e-06
eec: 829.054
weight: 3.87837e-06
eec: 1203.57
weight: 2.68546e-05
eec: 105.093
weight: 0.000181246
eec: 548.324
weight: 0.000110017
eec: 64.2299
weight: 3.64052e-06
eec: 1498.42
weight: 4.36195e-06
eec: 22.8201
weight: 1.25616e-05
eec: 266.4
weight: 9.87245e-06
eec: 196.785
weight: 8.03181e-07
eec: 417.922
weight: 2.94698e-07
eec: 196.349
weight: 5.72956e-06
eec: 452.912
weight: 2.30537e-05
eec: 290.373
weight: 3.12182e-05
eec: 1686.5
weight: 2.77709e-06
eec: 22.9282
weight: 4.35629e-05
eec: 209.937
weight: 4.89803e-05
eec: 1415.96
weight: 4.06182e-05
eec: 241.824
weight: 4.07191e-06
eec: 1201.06
weight: 1.20561e-05
eec: 382.12
weight: 1.12762e-05
eec: 2222.58
weight: 1.93625e-05
eec: 1106.39
weight: 8.89362e-05
eec: 314.977
weight: 5.2877e-06
eec: 241.314
weight: 1.5834e-05
eec: 423.292
weight: 0.000722168
eec: 284.785
weight: 9.14889e-05
eec: 182.127
weight: 5.39115e-06
eec: 16.5282
weight: 7.84072e-06
eec: 192.223
weight: 6.25331e-06
eec: 161.06
weight: 7.36576e-06
eec: 747.151
weight: 1.8236e-06
eec: 405.036
weight: 0.000232238
eec: 658.09
weight: 8.12035e-08
eec: 150.337
weight: 1.823e-05
eec: 53.849
weight: 1.21517e-06
eec: 1464.96
weight: 7.24772e-05
eec: 396.589
weight: 0.000106771
eec: 1167.44
weight: 1.3461e-06
eec: 262.699
weight: 2.54234e-07
eec: 2456.32
weight: 6.22357e-06
eec: 905.036
weight: 0.000175119
eec: 138.021
weight: 0.000198113
eec: 454.517
weight: 1.5981e-05
eec: 588.159
weight: 8.1953e-06
eec: 293.634
weight: 1.66132e-05
eec: 633.388
weight: 0.000313486
eec: 465.948
weight: 4.0549e-05
eec: 1180.56
weight: 9.26656e-07
eec: 210.527
weight: 3.39139e-07
eec: 153.466
weight: 4.30743e-05
eec: 523.881
weight: 3.33308e-06
eec: 106.434
weight: 6.88138e-05
eec: 18.6686
weight: 7.18496e-08
eec: 187.686
weight: 4.70077e-07
eec: 981.302
weight: 5.65092e-06
eec: 383.44

ROOT exit code = 0
