gSystem->Load("run_condor_job_Run3_C.so");
run_condor_job_Run3(927, 100, 2,
                    80, 200,
                    1, 1, 1, 9);
.q

ENTERED run_condor_job_Run3()
JOBID = 927
  global job = 927  Job 27/100  events [1605420, 1664880)  total=5946000
Processing events [1605420, 1664880) of 5946000
weight: 0.000322922
eec: 923.215
weight: 6.96446e-05
eec: 356.568
weight: 5.37114e-05
eec: 968.234
weight: 1.94871e-05
eec: 183.289
weight: 2.53512e-05
eec: 184.511
weight: 9.49231e-05
eec: 705.187
weight: 2.53741e-05
eec: 1786.63
weight: 6.58583e-05
eec: 558.307
weight: 8.11819e-06
eec: 749.112
weight: 1.19619e-06
eec: 815.117
weight: 6.47778e-05
eec: 485.254
weight: 9.45935e-05
eec: 207.314
weight: 9.80935e-06
eec: 2130.05
weight: 5.84814e-07
eec: 252.889
weight: 0.000147354
eec: 122.542
weight: 5.52332e-05
eec: 624.125
weight: 0.000203454
eec: 176.25
weight: 1.61892e-05
eec: 30.9408
weight: 2.26876e-05
eec: 28.1436
weight: 1.65865e-05
eec: 920.682
weight: 0.00021009
eec: 123.322
weight: 8.8474e-05
eec: 588.553
weight: 7.55707e-06
eec: 292.19
weight: 6.74575e-07
eec: 221.598
weight: 4.75945e-05
eec: 2691.09
weight: 4.75945e-05
eec: 206.407
weight: 0.000139844
eec: 1640.31
weight: 7.57383e-08
eec: 642.289
weight: 6.46683e-07
eec: 414.86
weight: 6.13341e-05
eec: 410.755
weight: 5.23682e-05
eec: 337.737
weight: 9.7706e-05
eec: 140.766
weight: 0.0002692
eec: 273.199
weight: 0.000533956
eec: 759.872
weight: 5.21487e-05
eec: 40.771
weight: 0.000123911
eec: 756.625
weight: 0.000132659
eec: 217.51
weight: 3.54731e-06
eec: 176.026
weight: 9.61468e-05
eec: 49.5024
weight: 0.000238798
eec: 83.6499
weight: 0.000238798
eec: 733.878
weight: 6.04619e-06
eec: 342.246
weight: 2.69762e-06
eec: 66.8254
weight: 5.25094e-05
eec: 197.374
weight: 1.96717e-05
eec: 44.8838
weight: 3.15251e-05
eec: 10.7775
weight: 5.72804e-08
eec: 409.448
weight: 2.39252e-07
eec: 483.225
weight: 5.15971e-05
eec: 97.3869
weight: 2.45834e-05
eec: 728.145
weight: 2.13451e-05
eec: 1617.13
weight: 0.00016437
eec: 840.608
weight: 8.82458e-05
eec: 154.599
weight: 1.64276e-07
eec: 253.713
weight: 4.08062e-05
eec: 767.38
weight: 4.08062e-05
eec: 46.0958
weight: 1.95716e-05
eec: 720.1
weight: 5.99202e-06
eec: 196.237
weight: 7.64519e-05
eec: 149.882
weight: 0.000192285
eec: 1345.03
weight: 0.000110365
eec: 963.003
weight: 0.000228205
eec: 845.919
weight: 1.83531e-05
eec: 119.475
weight: 3.92036e-05
eec: 293.999
weight: 0.000569745
eec: 47.396
weight: 0.000164377
eec: 197.461
weight: 7.18027e-05
eec: 1045.7
weight: 7.18027e-05
eec: 665.746
weight: 1.19562e-06
eec: 462.729
weight: 6.2392e-05
eec: 1369.96
weight: 5.30185e-06
eec: 739.672
weight: 2.1712e-05
eec: 3050.5
weight: 0.000110148
eec: 264.162
weight: 2.25296e-05
eec: 73.8368
weight: 6.93155e-05
eec: 955.445
weight: 0.000368521
eec: 418.403
weight: 1.69995e-05
eec: 40.0223
weight: 0.000167243
eec: 236.545
weight: 0.000184916
eec: 51.5821
weight: 0.00013769
eec: 62.2872
weight: 6.06856e-07
eec: 1256.93
weight: 5.21805e-05
eec: 1228.52
weight: 0.000153816
eec: 170.993
weight: 8.60908e-06
eec: 123.08
weight: 2.06081e-05
eec: 1841.42
weight: 0.000174444
eec: 1117.05
weight: 1.71048e-08
eec: 212.365
weight: 3.84741e-06
eec: 1072.35
weight: 9.97852e-06
eec: 1229.11
weight: 4.88449e-06
eec: 972.703
weight: 4.88449e-06
eec: 969.524
weight: 0.000122016
eec: 90.537
weight: 0.000220797
eec: 729.565
weight: 0.000313172
eec: 218.461
weight: 7.05912e-05
eec: 161.462
weight: 0.000246072
eec: 179.624
weight: 2.30699e-05
eec: 425.109
weight: 3.15699e-05
eec: 233.989
weight: 5.68004e-05
eec: 180.074
weight: 2.83773e-05
eec: 150.429
weight: 0.000101266
eec: 103.724
weight: 6.65967e-05
eec: 960.741
weight: 8.21863e-05
eec: 895.101
weight: 1.3607e-06
eec: 349.867
weight: 8.58665e-06
eec: 1405.11
weight: 6.78272e-06
eec: 105.287
weight: 7.27366e-06
eec: 254.327
weight: 4.06954e-05
eec: 255.375
weight: 3.82993e-06
eec: 177.088
weight: 1.04465e-05
eec: 190.052
weight: 0.000180556
eec: 357.382
weight: 3.64788e-05
eec: 1089.8
weight: 8.64258e-06
eec: 129.052
weight: 0.000160247
eec: 619.479
weight: 2.03006e-05
eec: 91.7248
weight: 3.9831e-06
eec: 1072.31
weight: 3.13816e-06
eec: 982.781
weight: 3.8483e-05
eec: 652.528
weight: 2.22245e-05
eec: 192.061
weight: 3.82429e-06
eec: 147.626
weight: 1.87222e-05
eec: 1604.98
weight: 4.45278e-07
eec: 2952.17
weight: 8.45096e-06
eec: 967.365
weight: 0.000130905
eec: 859.562
weight: 3.9947e-05
eec: 316.558
weight: 1.82188e-05
eec: 324.076
weight: 7.56694e-06
eec: 187.306
weight: 3.11851e-06
eec: 308.447
weight: 4.27123e-05
eec: 408.832
weight: 9.11774e-06
eec: 198.76
weight: 5.6587e-05
eec: 1242.14
weight: 7.77571e-05
eec: 693.006
weight: 1.53204e-06
eec: 3007.34
weight: 0.000144327
eec: 271.662
weight: 7.07476e-05
eec: 701.37
weight: 1.24788e-05
eec: 2600.03
weight: 0.000126432
eec: 1082.79
weight: 4.88893e-06
eec: 766.261
weight: 8.25505e-06
eec: 96.3778
weight: 1.0184e-05
eec: 2693.28
weight: 2.87971e-06
eec: 147.734
weight: 5.36422e-06
eec: 881.906
weight: 5.64385e-06
eec: 212.896
weight: 0.000183136
eec: 1036.87
weight: 1.45259e-05
eec: 137.176
weight: 1.30528e-06
eec: 78.4387
weight: 3.32824e-05
eec: 1031.72
weight: 1.24792e-05
eec: 40.6529
weight: 0.000379136
eec: 3980.52
weight: 1.0066e-05
eec: 291.981
weight: 0.000147816
eec: 158.253
weight: 1.46959e-05
eec: 1219.75
weight: 1.15158e-05
eec: 105.269
weight: 3.22982e-06
eec: 113.762
weight: 1.02598e-07
eec: 675.255
weight: 1.13189e-05
eec: 787.374
weight: 6.444e-05
eec: 502.573
weight: 3.20882e-05
eec: 1118.21
weight: 2.11583e-05
eec: 488.058
weight: 0.000279458
eec: 244.275
weight: 1.80591e-06
eec: 188.622
weight: 1.1275e-06
eec: 141.364
weight: 1.25517e-05
eec: 31.5276
weight: 4.84066e-05
eec: 219.03
weight: 3.9286e-06
eec: 312.088
weight: 3.64585e-05
eec: 574.976
weight: 1.27296e-05
eec: 262.968
weight: 4.89693e-06
eec: 290.049
weight: 8.74012e-05
eec: 687.447
weight: 4.63033e-05
eec: 539.104
weight: 8.05927e-08
eec: 139
weight: 1.40297e-06
eec: 637.143
weight: 1.6756e-05
eec: 295.977
weight: 1.47907e-05
eec: 2082.03
weight: 8.02022e-07
eec: 231.032
weight: 2.27734e-06
eec: 964.529
weight: 2.12948e-05
eec: 552.083
weight: 8.69451e-06
eec: 566.062
Processing: 27.7497 %weight: 8.65644e-05
eec: 21.7754
weight: 1.26535e-05
eec: 466.976
weight: 3.66121e-05
eec: 720.838
weight: 3.66121e-05
eec: 336.693
weight: 0.000137226
eec: 533.848
weight: 8.01908e-05
eec: 133.96
weight: 7.57256e-06
eec: 196.415
weight: 0.000107103
eec: 73.2927
weight: 1.32371e-05
eec: 433.331
weight: 5.28715e-06
eec: 203.834
weight: 6.46211e-05
eec: 1731.52
weight: 0.00034641
eec: 139.401
weight: 0.0003343
eec: 194.775
weight: 1.74093e-05
eec: 533.013
weight: 3.25073e-07
eec: 420.429
weight: 2.41765e-06
eec: 1148.26
weight: 2.87399e-06
eec: 313.541
weight: 0.00112789
eec: 321.829
weight: 6.93233e-05
eec: 362.545
weight: 2.96886e-06
eec: 633.715
weight: 1.80809e-05
eec: 715.089
weight: 1.01107e-05
eec: 1288.4
weight: 1.96608e-05
eec: 248.656
weight: 1.80967e-08
eec: 137.529
weight: 2.78693e-05
eec: 293.738
weight: 8.99298e-05
eec: 122.662
weight: 8.25645e-06
eec: 89.007
weight: 9.20194e-05
eec: 366.183
weight: 5.70394e-05
eec: 33.8448
weight: 1.31711e-07
eec: 1157.11
weight: 6.06167e-07
eec: 580.111
weight: 9.89994e-06
eec: 414.119
weight: 0.000188678
eec: 367.306
weight: 3.43998e-05
eec: 614.343
weight: 0.000336422
eec: 415.424
weight: 2.81363e-05
eec: 823.689
weight: 3.35356e-05
eec: 366.663
weight: 1.36676e-05
eec: 1061.4
weight: 4.17868e-05
eec: 398.529
weight: 1.40134e-05
eec: 230.798
weight: 2.71623e-05
eec: 26.8042
weight: 0.00011831
eec: 1019.26
weight: 2.15734e-07
eec: 4343.18
weight: 8.30641e-06
eec: 1222.5
weight: 6.2091e-05
eec: 266.274
weight: 4.13878e-05
eec: 282.035
weight: 9.21924e-05
eec: 140.123
weight: 1.80856e-05
eec: 536.409
weight: 4.15442e-05
eec: 44.7898
weight: 0.000109206
eec: 685.872
weight: 0.000115172
eec: 379.285
weight: 5.51536e-06
eec: 510.975
weight: 9.92949e-06
eec: 216.008
weight: 8.85298e-06
eec: 561.796
weight: 6.25569e-05
eec: 226.53
weight: 0.000230996
eec: 126.596
weight: 0.000182857
eec: 100.01
weight: 4.1556e-05
eec: 547.6

ROOT exit code = 0
