gSystem->Load("run_condor_job_Run3_C.so");
run_condor_job_Run3(35, 100, 2,
                    80, 200,
                    1, 1, 1, 0);
.q

ENTERED run_condor_job_Run3()
JOBID = 35
  global job = 35  Job 35/100  events [2097900, 2157840)  total=5994000
Processing events [2097900, 2157840) of 5994000
weight: 4.3233e-07
eec: 923.46
weight: 2.04218e-05
eec: 991.386
weight: 1.55446e-05
eec: 22.5393
weight: 1.55446e-05
eec: 251.147
weight: 1.65067e-06
eec: 252.758
weight: 2.11901e-05
eec: 649.873
weight: 1.19211e-05
eec: 140.147
weight: 3.13485e-06
eec: 1332.98
weight: 6.86445e-05
eec: 31.896
weight: 7.70262e-06
eec: 1522.32
weight: 8.2262e-06
eec: 582.63
Processing: 35.035 %weight: 1.85876e-06
eec: 1063.4
weight: 2.57641e-05
eec: 285.837
weight: 0.000151451
eec: 2.68997
weight: 2.84022e-05
eec: 54.2633
weight: 3.23128e-05
eec: 56.6089
weight: 1.28731e-06
eec: 331.97
weight: 5.34647e-05
eec: 25.9998
weight: 0.000367361
eec: 1834.88
weight: 1.02389e-05
eec: 555.734
weight: 8.66826e-05
eec: 557.122
weight: 0.000246777
eec: 623.415
weight: 0.000190212
eec: 24.0171
weight: 0.000193973
eec: 215.236
weight: 6.34309e-07
eec: 2130.9
weight: 2.64014e-05
eec: 195.073
weight: 2.03031e-05
eec: 435.365
weight: 2.06797e-05
eec: 1132.55
weight: 5.93147e-05
eec: 546.343
weight: 0.00251858
eec: 59.9192
weight: 0.000588391
eec: 2066.51
weight: 9.21485e-05
eec: 316.51
weight: 0.000290894
eec: 465.694
weight: 0.000129708
eec: 1060.97
weight: 4.84959e-06
eec: 310.39
weight: 1.52447e-06
eec: 235.155
weight: 8.83197e-07
eec: 186.225
weight: 3.58108e-05
eec: 252.093
weight: 0.000191526
eec: 485.105
weight: 6.97396e-06
eec: 307.808
weight: 0.000176026
eec: 195.987
weight: 4.99289e-06
eec: 568.93
weight: 0.000719309
eec: 849.382
weight: 1.91057e-07
eec: 525.844
weight: 0.000297651
eec: 203.177
weight: 0.000192662
eec: 593.128
weight: 2.56194e-05
eec: 363.984
weight: 2.32954e-07
eec: 137.623
weight: 2.71083e-05
eec: 562.542
weight: 8.21191e-05
eec: 1690
weight: 6.73498e-06
eec: 3583.9
weight: 5.11874e-05
eec: 96.6809
weight: 4.81073e-05
eec: 1844.55
weight: 1.55497e-05
eec: 1310.04
weight: 3.43041e-06
eec: 101.74
weight: 0.000135876
eec: 54.7403
weight: 1.16905e-05
eec: 2088.98
weight: 0.000196138
eec: 512.879
weight: 4.78536e-05
eec: 107.967
weight: 8.67912e-05
eec: 2349.45
weight: 8.67912e-05
eec: 1213.68
weight: 3.5643e-06
eec: 1014.87
weight: 0.000109326
eec: 115.725
weight: 4.57188e-05
eec: 375.412
weight: 7.7028e-05
eec: 738.588
weight: 2.32002e-06
eec: 43.9626
weight: 0.000139797
eec: 1342.6
weight: 4.48597e-06
eec: 135.796
weight: 3.81273e-05
eec: 20.2912
weight: 1.49886e-05
eec: 848.909
weight: 5.05136e-05
eec: 43.8654
weight: 2.13365e-05
eec: 387.683
weight: 1.10384e-05
eec: 113.466
weight: 1.31519e-05
eec: 70.4416
weight: 0.000177463
eec: 239.378
weight: 4.09201e-07
eec: 654.635
weight: 1.34128e-05
eec: 131.777
weight: 3.09094e-05
eec: 356.113
weight: 6.19618e-05
eec: 362.039
weight: 2.31531e-05
eec: 349.598
weight: 3.17203e-05
eec: 124.273
weight: 4.11788e-07
eec: 811.605
weight: 4.22171e-05
eec: 557.447
weight: 7.64819e-05
eec: 283.807
weight: 8.32347e-08
eec: 1964.68
weight: 7.22607e-06
eec: 343.708
weight: 2.34991e-05
eec: 948.76
weight: 6.79386e-06
eec: 84.057
weight: 0.000262712
eec: 110.564
weight: 1.87336e-07
eec: 266.546
weight: 0.000187146
eec: 139.913
weight: 9.73288e-05
eec: 418.543
weight: 6.31989e-06
eec: 67.4006
weight: 1.14283e-05
eec: 386.697
weight: 6.93174e-06
eec: 922.756
weight: 9.71455e-05
eec: 334.054
weight: 0.000134006
eec: 128.734
weight: 5.60824e-05
eec: 1249.5
weight: 3.85334e-05
eec: 968.726
weight: 9.21031e-05
eec: 209.858
weight: 8.2664e-05
eec: 399.534
weight: 3.41203e-06
eec: 1744.28
weight: 0.000458242
eec: 559.103
weight: 0.000133461
eec: 176.912
weight: 2.76386e-05
eec: 36.7555
weight: 1.36078e-05
eec: 999.053
weight: 0.000184856
eec: 1685.24
weight: 0.000178069
eec: 850.466
weight: 2.76934e-05
eec: 1270.02
weight: 3.3183e-05
eec: 417.557
weight: 2.05362e-05
eec: 1019.03
weight: 4.31653e-05
eec: 32.9385
weight: 1.60832e-05
eec: 2311.36
weight: 4.75367e-05
eec: 109.092
weight: 0.000257752
eec: 141.797
weight: 5.99214e-05
eec: 97.1484
weight: 4.05002e-05
eec: 3922.92
weight: 4.0516e-05
eec: 523.533
weight: 9.98241e-06
eec: 895.191
weight: 1.91722e-05
eec: 281.441
weight: 0.000143174
eec: 86.8009
weight: 0.00117426
eec: 137.981
weight: 2.80962e-06
eec: 205.162
weight: 2.46922e-06
eec: 95.8231
weight: 0.00019232
eec: 1232.72
weight: 1.87254e-05
eec: 102.765
weight: 4.04873e-06
eec: 111.447
weight: 2.12277e-05
eec: 806.448
weight: 5.65733e-05
eec: 602.965
weight: 4.70858e-06
eec: 280.139
weight: 9.1295e-06
eec: 969.652
weight: 9.1295e-06
eec: 88.5623
weight: 2.07637e-05
eec: 1051.01
weight: 2.24071e-05
eec: 1724.88
weight: 0.00115901
eec: 96.7547
weight: 0.000379438
eec: 657.025
weight: 3.7383e-06
eec: 300.707
weight: 4.59805e-07
eec: 103.48
weight: 0.000169299
eec: 378.635
weight: 1.02264e-07
eec: 384.372
weight: 7.11686e-06
eec: 1170.25
weight: 3.83912e-07
eec: 47.299
weight: 6.5594e-05
eec: 189.918
weight: 3.60394e-06
eec: 164.899
weight: 8.89926e-07
eec: 410.542
weight: 0.000208017
eec: 502.05
weight: 2.97052e-05
eec: 192.445
weight: 7.59997e-06
eec: 494.78
weight: 3.04752e-06
eec: 46.5889
weight: 0.000757629
eec: 60.7779
weight: 0.000196365
eec: 117.575
weight: 1.54754e-05
eec: 1726.7
weight: 5.20919e-05
eec: 832.874
weight: 8.2513e-05
eec: 48.0578
weight: 9.70919e-05
eec: 248.431
weight: 2.49701e-05
eec: 181.409
weight: 4.23433e-05
eec: 672.081
weight: 1.41773e-05
eec: 988.363
weight: 0.000220644
eec: 720.082
weight: 9.79094e-07
eec: 29.6518
weight: 2.237e-05
eec: 223.971
weight: 1.37607e-05
eec: 948.028
weight: 0.00257027
eec: 226.704
weight: 7.48484e-06
eec: 176.154
weight: 0.000253122
eec: 561.768
weight: 5.91109e-05
eec: 303.27
weight: 3.05327e-05
eec: 523.738
weight: 0.000298409
eec: 116.207
weight: 7.26071e-05
eec: 35.0258
weight: 9.50383e-05
eec: 1458.02
weight: 8.57128e-06
eec: 1487.78
weight: 3.91759e-05
eec: 2516.39
weight: 7.71607e-05
eec: 755.037
weight: 0.000147807
eec: 885.897
weight: 2.45204e-05
eec: 220.262
weight: 1.50822e-05
eec: 20.6498
weight: 1.46854e-05
eec: 803.189
weight: 5.24018e-05
eec: 1216.87
weight: 4.57608e-06
eec: 505.716
weight: 2.15947e-06
eec: 423.15
weight: 1.12237e-07
eec: 522.955
weight: 4.68202e-05
eec: 131.931
weight: 5.73054e-05
eec: 1094.41
weight: 5.73054e-05
eec: 667.262
weight: 1.63272e-05
eec: 318.629
weight: 3.64619e-05
eec: 467.743
weight: 3.3995e-05
eec: 117.284
weight: 0.000119807
eec: 1425.94
weight: 3.4352e-06
eec: 4104.38
weight: 3.98406e-05
eec: 67.6948
weight: 2.37506e-05
eec: 111.464
weight: 3.97394e-07
eec: 157.903
weight: 1.25496e-07
eec: 1059.6
weight: 8.82937e-05
eec: 225.887
weight: 2.31029e-06
eec: 213.791
weight: 4.46094e-05
eec: 794.516
weight: 3.00329e-05
eec: 624.629
weight: 1.36207e-05
eec: 248.764
weight: 3.29342e-05
eec: 660.568
weight: 5.81061e-08
eec: 131.505
weight: 0.00127693
eec: 193.526
weight: 1.05416e-05
eec: 800.262
weight: 1.44485e-05
eec: 766.552
weight: 9.62387e-05
eec: 343.264
weight: 4.26476e-06
eec: 972.447
weight: 8.16025e-06
eec: 485.825
weight: 2.72657e-05
eec: 62.4517
weight: 4.44738e-05
eec: 951.653
weight: 5.7639e-05
eec: 226.771
weight: 2.62025e-05
eec: 352.531
weight: 7.21369e-05
eec: 958.403
weight: 8.69062e-06
eec: 1274.32
weight: 5.23286e-06
eec: 49.8184
weight: 0.000185169
eec: 269.755
weight: 2.14029e-05
eec: 489.735
weight: 3.50429e-05
eec: 779.83
weight: 2.87428e-05
eec: 42.2904
weight: 5.86253e-05
eec: 209.864
weight: 6.56922e-08
eec: 1319.94
weight: 4.97297e-07
eec: 2590.86
weight: 0.000479354
eec: 379.47
weight: 1.8887e-05
eec: 634.029
weight: 1.09901e-07
eec: 929.586
weight: 0.000216073
eec: 543.705
Processing: 35.8692 %weight: 0.000323595
eec: 1089.64
weight: 0.000197877
eec: 290.32
weight: 2.78822e-05
eec: 187.258
weight: 1.10319e-05
eec: 588.95
weight: 2.64449e-06
eec: 58.4827
weight: 2.19804e-05
eec: 205.436
weight: 0.000105227
eec: 1282.33
weight: 1.007e-05
eec: 489.063
weight: 0.00062789
eec: 166.555
weight: 8.10308e-05
eec: 48.385
weight: 6.432e-05
eec: 457.396
weight: 3.90156e-05
eec: 1674.73
weight: 2.65059e-05
eec: 314.072
weight: 8.07985e-05
eec: 105.484
weight: 7.06512e-06
eec: 479.124
weight: 3.99211e-06
eec: 267.749
weight: 2.82881e-05
eec: 395.038
weight: 5.08599e-05
eec: 154.329
weight: 0.00023828
eec: 454.843
weight: 0.000341126
eec: 453.097
weight: 0.000491445
eec: 591.988
weight: 0.000107075
eec: 358.322
weight: 4.84901e-05
eec: 686.036
weight: 5.35065e-05
eec: 426.714
weight: 6.13047e-06
eec: 1715.68
weight: 0.000112585
eec: 870.419
weight: 1.81606e-05
eec: 180.768
weight: 0.000356932
eec: 242.918
weight: 8.07609e-05
eec: 408.473

ROOT exit code = 0
