gSystem->Load("run_condor_job_Run3_C.so");
run_condor_job_Run3(648, 100, 2,
                    80, 200,
                    1, 1, 1, 6);
.q

ENTERED run_condor_job_Run3()
JOBID = 648
  global job = 648  Job 48/100  events [2831040, 2890020)  total=5898000
Processing events [2831040, 2890020) of 5898000
weight: 4.28097e-05
eec: 608.697
weight: 3.77739e-05
eec: 41.4978
weight: 2.69599e-08
eec: 196.978
weight: 1.73668e-05
eec: 1172.75
weight: 1.49252e-05
eec: 628.509
weight: 1.04079e-05
eec: 983.399
weight: 1.42707e-07
eec: 763.338
weight: 9.73983e-06
eec: 1270.26
weight: 1.85377e-05
eec: 444.596
weight: 2.50263e-05
eec: 510.335
weight: 1.1384e-05
eec: 422.742
weight: 0.000121333
eec: 221.153
weight: 2.76117e-05
eec: 168.417
weight: 8.21912e-05
eec: 467.842
weight: 5.25462e-06
eec: 312.518
weight: 0.000126312
eec: 101.868
weight: 2.39517e-05
eec: 632.721
weight: 5.45905e-05
eec: 119.385
weight: 2.02156e-05
eec: 1169.6
weight: 1.69427e-06
eec: 28.8962
weight: 5.11687e-06
eec: 2952.58
weight: 1.91252e-05
eec: 470.931
weight: 7.08651e-05
eec: 337.997
weight: 7.99889e-06
eec: 1041.82
weight: 4.15712e-06
eec: 36.1947
weight: 2.94071e-06
eec: 423.919
weight: 1.02549e-05
eec: 24.8903
weight: 1.07705e-06
eec: 889.911
weight: 2.1523e-05
eec: 203.048
weight: 2.37896e-06
eec: 623.587
weight: 2.92384e-05
eec: 123.978
weight: 0.000114707
eec: 401.82
weight: 6.04419e-07
eec: 90.2416
weight: 2.18251e-05
eec: 146.428
weight: 9.42414e-05
eec: 37.6131
weight: 4.76419e-07
eec: 1973.17
weight: 1.16475e-07
eec: 248.515
weight: 0.00010908
eec: 143.99
weight: 0.000435883
eec: 308.55
weight: 2.92054e-07
eec: 55.4541
weight: 0.000737768
eec: 329.009
weight: 9.84437e-05
eec: 58.5274
weight: 0.000295455
eec: 176.045
weight: 0.000121144
eec: 1044.54
weight: 6.69701e-06
eec: 867.591
weight: 0.000444245
eec: 184.119
weight: 1.64964e-05
eec: 1347.4
weight: 7.60834e-05
eec: 435.889
weight: 6.93971e-06
eec: 339.327
weight: 4.98579e-06
eec: 716.809
weight: 4.5846e-05
eec: 723.043
weight: 6.0325e-05
eec: 1718.58
weight: 1.36712e-05
eec: 239.174
weight: 2.0368e-05
eec: 2937.29
weight: 0.00104817
eec: 138.065
weight: 2.55541e-06
eec: 1216.3
weight: 1.39114e-06
eec: 1192.9
weight: 9.43381e-05
eec: 468.566
weight: 0.000189053
eec: 138.899
weight: 4.83146e-06
eec: 359.137
weight: 2.42832e-05
eec: 2805.35
weight: 0.000156032
eec: 556.783
weight: 2.2825e-06
eec: 159.98
weight: 9.37009e-07
eec: 632.897
weight: 0.000254396
eec: 178.606
weight: 0.000205627
eec: 394.258
weight: 1.44778e-05
eec: 1281.63
weight: 9.16864e-05
eec: 199.295
weight: 6.52672e-06
eec: 215.276
weight: 1.64947e-05
eec: 603.141
weight: 1.77746e-06
eec: 320.296
weight: 3.00288e-05
eec: 213.159
weight: 9.78368e-05
eec: 199.747
weight: 5.33868e-05
eec: 241.348
weight: 0.00014641
eec: 215.957
weight: 1.74641e-05
eec: 252.895
weight: 0.000227296
eec: 1441.09
weight: 2.59573e-05
eec: 200.46
weight: 0.000245606
eec: 32.8417
weight: 8.34676e-06
eec: 711.814
Processing: 48.3215 %weight: 2.00159e-05
eec: 537.152
weight: 0.000110625
eec: 545.589
weight: 0.000460749
eec: 32.6653
weight: 0.000358033
eec: 15.4425
weight: 2.52608e-07
eec: 1332.6
weight: 6.55362e-05
eec: 121.847
weight: 2.04295e-05
eec: 175.54
weight: 0.000114173
eec: 1153.87
weight: 1.50912e-05
eec: 2191.34
weight: 9.64269e-06
eec: 829.45
weight: 7.8236e-06
eec: 508.09
weight: 9.58301e-05
eec: 569.046
weight: 0.000173022
eec: 109.23
weight: 9.67376e-06
eec: 867
weight: 0.000246594
eec: 442.033
weight: 0.000138739
eec: 109.472
weight: 6.01239e-06
eec: 1106.75
weight: 1.4011e-05
eec: 728.202
weight: 2.4213e-05
eec: 1483.77
weight: 0.000281303
eec: 201.189
weight: 0.000191426
eec: 32.4633
weight: 9.14219e-05
eec: 55.3546
weight: 6.81809e-05
eec: 306.98
weight: 9.23099e-05
eec: 1480.35
weight: 0.000519189
eec: 39.2897
weight: 1.4648e-05
eec: 64.5355
weight: 0.000126379
eec: 98.5641
weight: 0.000136636
eec: 1106.97
weight: 0.000111227
eec: 1291.93
weight: 4.22478e-05
eec: 1387.81
weight: 1.87393e-06
eec: 56.8684
weight: 0.000122651
eec: 322.203
weight: 3.83014e-05
eec: 1006.39
weight: 2.43943e-05
eec: 193.893
weight: 9.27716e-06
eec: 1205.77
weight: 5.76774e-05
eec: 468.735
weight: 8.25508e-05
eec: 600.747
weight: 0.000290488
eec: 957.003
weight: 2.53285e-05
eec: 542.324
weight: 0.000103241
eec: 934.865
weight: 2.56213e-06
eec: 630.387
weight: 0.000372352
eec: 196.895
weight: 1.1513e-05
eec: 178.925
weight: 7.52987e-05
eec: 483.284
weight: 9.8088e-05
eec: 559.231
weight: 2.96191e-05
eec: 2264.68
weight: 5.43363e-06
eec: 250.218
weight: 1.03487e-05
eec: 153.054
weight: 0.000701729
eec: 419.477
weight: 0.000233412
eec: 153.153
weight: 0.00037061
eec: 951.951
weight: 1.91148e-05
eec: 1325.01
weight: 1.15294e-05
eec: 497.883
weight: 6.39799e-06
eec: 465.075
weight: 3.33813e-07
eec: 389.099
weight: 0.000183497
eec: 1624.98
weight: 6.21606e-06
eec: 345.72
weight: 1.82303e-05
eec: 497.862
weight: 1.09396e-05
eec: 215.209
weight: 0.000655216
eec: 528.235
weight: 1.73757e-05
eec: 612.578
weight: 1.04927e-06
eec: 104.321
weight: 1.95256e-05
eec: 376.415
weight: 1.95256e-05
eec: 942.323
weight: 0.000210763
eec: 89.6411
weight: 8.39356e-05
eec: 746.349
weight: 2.94636e-06
eec: 265.073
weight: 7.51064e-06
eec: 866.465
weight: 0.000490316
eec: 768.257
weight: 1.06156e-07
eec: 22.7367
weight: 4.58764e-05
eec: 732.936
weight: 1.13428e-05
eec: 377.483
weight: 9.64578e-07
eec: 1087.97
weight: 8.21212e-06
eec: 929.534
weight: 5.13733e-05
eec: 408.568
weight: 4.89242e-05
eec: 720.239
weight: 6.28453e-05
eec: 641.875
weight: 1.26608e-05
eec: 45.4088
weight: 0.000262563
eec: 283.56
weight: 5.50865e-05
eec: 223.752
weight: 0.000102411
eec: 692.635
weight: 3.40197e-06
eec: 458.349
weight: 5.94546e-05
eec: 321.196
weight: 0.000298063
eec: 237.897
weight: 8.31548e-05
eec: 1546.21
weight: 5.9181e-06
eec: 832.114
weight: 4.95101e-05
eec: 518.099
weight: 1.57847e-05
eec: 712.54
weight: 1.26646e-05
eec: 796.9
weight: 1.60596e-07
eec: 299.154
weight: 3.37257e-06
eec: 804.377
weight: 1.04871e-05
eec: 875.294
weight: 0.000145179
eec: 451.517
weight: 2.34141e-05
eec: 346.054
weight: 0.000260945
eec: 808.806
weight: 0.000101699
eec: 89.1021
weight: 3.17362e-05
eec: 256.745
weight: 1.834e-06
eec: 537.596
weight: 0.000795132
eec: 1458.48
weight: 2.10462e-05
eec: 193.792
weight: 5.03665e-06
eec: 1552.73
weight: 3.69057e-06
eec: 204.976
weight: 0.000115283
eec: 148.586
weight: 5.9978e-05
eec: 30.1916
weight: 0.000104795
eec: 77.2584
weight: 9.83101e-06
eec: 359.74
weight: 2.28368e-07
eec: 525.423
weight: 0.00025583
eec: 741.01
weight: 4.82482e-05
eec: 139.623
weight: 0.000149196
eec: 41.0783
weight: 1.84022e-05
eec: 1064.08
weight: 1.48806e-05
eec: 34.1176
weight: 0.000104074
eec: 213.758
weight: 7.94631e-07
eec: 523.727
weight: 2.60105e-05
eec: 457.541
weight: 1.60085e-05
eec: 1068.07
weight: 4.01731e-06
eec: 636.279
weight: 6.96318e-06
eec: 1173.05
weight: 3.17492e-05
eec: 757.439
weight: 0.000218724
eec: 32.0838
weight: 8.10457e-05
eec: 614.481
weight: 7.22595e-05
eec: 452.467
weight: 4.81437e-05
eec: 14.0982
weight: 4.9674e-06
eec: 1790.55
weight: 7.21317e-05
eec: 599.244
weight: 2.28017e-05
eec: 313.81
weight: 9.31812e-05
eec: 312.273
weight: 0.0006935
eec: 410.423
weight: 1.08878e-05
eec: 1103.58
weight: 5.68828e-05
eec: 366.903
weight: 1.65035e-05
eec: 313.306
weight: 4.06658e-05
eec: 34.1724
weight: 6.12322e-06
eec: 1035.88
weight: 3.64011e-05
eec: 142.62
weight: 1.3711e-05
eec: 416.84
weight: 1.35444e-05
eec: 4282.71
weight: 3.34151e-06
eec: 1229.43
weight: 1.34442e-05
eec: 107.052
weight: 5.84839e-06
eec: 302.998
weight: 7.76758e-07
eec: 2018.34
weight: 2.19977e-05
eec: 1887.54
weight: 2.90983e-05
eec: 507.375
weight: 3.11001e-05
eec: 734.147
weight: 0.000755257
eec: 187.405
weight: 4.89063e-06
eec: 656.857
weight: 7.42396e-06
eec: 441.427
weight: 3.48206e-05
eec: 126.754
weight: 8.68393e-05
eec: 434.36
weight: 3.93582e-06
eec: 265.097
weight: 4.06093e-06
eec: 724.874
weight: 9.49965e-06
eec: 22.8483
weight: 3.91005e-07
eec: 1016.45
weight: 1.24586e-07
eec: 550.129
weight: 6.04044e-06
eec: 131.211
weight: 8.36187e-06
eec: 1629.61

ROOT exit code = 0
