gSystem->Load("run_condor_job_Run3_C.so");
run_condor_job_Run3(513, 100, 2,
                    80, 200,
                    1, 1, 1, 5);
.q

ENTERED run_condor_job_Run3()
JOBID = 513
  global job = 513  Job 13/100  events [780000, 840000)  total=6000000
Processing events [780000, 840000) of 6000000
weight: 2.54489e-05
eec: 320.898
weight: 3.15893e-05
eec: 441.981
weight: 3.6679e-05
eec: 598.33
weight: 9.08753e-06
eec: 357.674
weight: 5.21247e-05
eec: 235.758
weight: 5.84031e-05
eec: 32.921
weight: 3.26691e-06
eec: 528.789
weight: 2.51338e-05
eec: 1008.47
weight: 2.70473e-06
eec: 1105.99
weight: 4.84912e-05
eec: 1347.89
weight: 5.56643e-05
eec: 43.2092
weight: 9.15873e-05
eec: 456.336
weight: 0.000147576
eec: 384.327
weight: 1.27865e-05
eec: 95.5006
weight: 6.281e-05
eec: 94.7089
weight: 2.0043e-06
eec: 19.5387
weight: 4.10198e-05
eec: 638.65
weight: 3.21818e-05
eec: 305.312
weight: 2.80478e-05
eec: 154.185
weight: 1.5923e-05
eec: 581.337
weight: 2.32681e-05
eec: 119.351
weight: 4.12608e-05
eec: 147.87
weight: 1.98166e-05
eec: 409.131
weight: 5.37426e-06
eec: 48.0652
weight: 6.30857e-06
eec: 939.096
weight: 5.8236e-06
eec: 58.557
weight: 0.00112256
eec: 74.1124
weight: 7.91185e-07
eec: 493.949
weight: 5.67961e-05
eec: 1536.62
weight: 8.21317e-06
eec: 86.0885
weight: 0.000313033
eec: 582.297
weight: 1.37124e-05
eec: 906.364
weight: 2.56149e-05
eec: 382.924
weight: 1.78084e-05
eec: 1058.06
weight: 6.55711e-06
eec: 983.84
weight: 0.000268111
eec: 136.787
weight: 0.00144681
eec: 403.824
weight: 1.70447e-05
eec: 1542.84
weight: 3.87372e-06
eec: 1416.17
weight: 2.34779e-05
eec: 298.582
weight: 1.64805e-05
eec: 1050.5
weight: 1.04167e-05
eec: 96.2153
weight: 1.15958e-05
eec: 1826.56
weight: 3.5898e-05
eec: 1514.94
weight: 1.3624e-05
eec: 783.447
weight: 1.53484e-05
eec: 693.179
weight: 4.03352e-05
eec: 619.309
weight: 2.48058e-05
eec: 1052.28
weight: 1.29328e-06
eec: 291.319
weight: 4.12782e-05
eec: 129.507
weight: 7.50894e-05
eec: 1973.16
weight: 5.63819e-06
eec: 2520.82
weight: 5.08828e-06
eec: 248.796
weight: 0.00011136
eec: 11.246
weight: 1.64597e-05
eec: 196.126
weight: 8.28228e-07
eec: 270.542
weight: 8.83125e-07
eec: 736.891
weight: 1.27049e-05
eec: 2062.64
weight: 1.24946e-05
eec: 1290.46
weight: 3.4946e-05
eec: 22.7675
weight: 3.28778e-05
eec: 521.672
weight: 6.26584e-05
eec: 1207.36
weight: 0.000120768
eec: 307.138
weight: 7.13943e-05
eec: 518.373
weight: 4.12803e-05
eec: 1126
weight: 0.00064048
eec: 59.8201
weight: 2.2997e-05
eec: 208.28
weight: 7.42175e-05
eec: 965.895
weight: 0.000299336
eec: 152.311
weight: 1.42975e-05
eec: 310.554
weight: 7.01553e-06
eec: 3790.63
weight: 4.87414e-05
eec: 439.643
weight: 0.000148151
eec: 31.345
weight: 4.20925e-05
eec: 331.658
weight: 5.15245e-05
eec: 220.563
weight: 3.41658e-08
eec: 990.54
Processing: 13.3333 %weight: 2.65601e-07
eec: 1287.54
weight: 2.99353e-06
eec: 761.923
weight: 5.44003e-07
eec: 76.4188
weight: 0.000384653
eec: 290.078
weight: 1.35974e-05
eec: 425.361
weight: 2.2185e-05
eec: 549.655
weight: 1.60603e-05
eec: 584.583
weight: 7.10417e-06
eec: 384.588
weight: 4.67041e-06
eec: 81.5877
weight: 3.45608e-05
eec: 297.792
weight: 1.90449e-05
eec: 931.17
weight: 4.85369e-06
eec: 1952.52
weight: 0.000124772
eec: 315.361
weight: 3.6752e-05
eec: 418.3
weight: 2.45417e-06
eec: 415.827
weight: 0.000276146
eec: 462.601
weight: 0.00042625
eec: 53.3773
weight: 4.07843e-06
eec: 3159.71
weight: 0.000564591
eec: 436.966
weight: 1.32718e-06
eec: 617.007
weight: 0.00010221
eec: 107.497
weight: 1.46368e-07
eec: 237.783
weight: 0.000110718
eec: 1073.86
weight: 0.000307331
eec: 29.5199
weight: 4.71513e-05
eec: 268.655
weight: 7.76894e-05
eec: 93.2795
weight: 6.87199e-05
eec: 146.992
weight: 1.79874e-05
eec: 1118.38
weight: 7.1031e-05
eec: 1615.43
weight: 3.19117e-05
eec: 841.11
weight: 2.78042e-05
eec: 125.176
weight: 2.89455e-05
eec: 109.646
weight: 6.74404e-05
eec: 54.6286
weight: 6.73452e-05
eec: 107.785
weight: 2.81029e-06
eec: 1895.47
weight: 1.86965e-06
eec: 1143.24
weight: 3.44539e-05
eec: 350.762
weight: 4.39258e-05
eec: 525.801
weight: 3.52857e-05
eec: 401.268
weight: 0.000143172
eec: 39.9794
weight: 0.000130453
eec: 240.839
weight: 9.28407e-06
eec: 46.1321
weight: 1.66935e-05
eec: 956.27
weight: 5.72216e-05
eec: 2148.93
weight: 4.61331e-05
eec: 751.219
weight: 5.88167e-05
eec: 1266.25
weight: 5.93467e-05
eec: 119.348
weight: 0.000129612
eec: 416.845
weight: 1.50261e-06
eec: 2615.06
weight: 2.18613e-05
eec: 798
weight: 0.000123492
eec: 608.463
weight: 4.04187e-07
eec: 152.511
weight: 2.11856e-05
eec: 350.266
weight: 4.23407e-05
eec: 777.956
weight: 7.28524e-06
eec: 911.177
weight: 1.35426e-06
eec: 73.2852
weight: 1.30879e-05
eec: 58.7374
weight: 0.00177516
eec: 125.884
weight: 2.42483e-06
eec: 833.188
weight: 4.93057e-05
eec: 149.121
weight: 5.82354e-05
eec: 662.602
weight: 1.22776e-05
eec: 795.03
weight: 0.000318312
eec: 72.7801
weight: 1.50092e-05
eec: 66.6498
weight: 7.4834e-05
eec: 457.221
weight: 1.82106e-05
eec: 879.221
weight: 9.22508e-05
eec: 304.743
weight: 0.0012142
eec: 71.6326
weight: 1.54977e-06
eec: 702.796
weight: 4.34484e-07
eec: 1758.89
weight: 0.000121616
eec: 84.1066
weight: 8.49897e-07
eec: 293.195
weight: 3.51353e-05
eec: 634.362
weight: 1.97705e-05
eec: 360.374
weight: 4.57682e-08
eec: 693.389
weight: 3.12399e-06
eec: 3829.03
weight: 7.20635e-05
eec: 180.097
weight: 2.86931e-06
eec: 819.619
weight: 1.12651e-05
eec: 415.499
weight: 0.000188389
eec: 580.394
weight: 2.98036e-05
eec: 118.924
weight: 4.89721e-06
eec: 30.2719
weight: 0.000100389
eec: 1087.91
weight: 8.67996e-05
eec: 349.732
weight: 0.000302576
eec: 446.008
weight: 2.4402e-05
eec: 594.795
weight: 0.000100603
eec: 332.627
weight: 2.36076e-05
eec: 273.07
weight: 2.65677e-07
eec: 470.399
weight: 3.12332e-05
eec: 266.263
weight: 4.50058e-05
eec: 520.996
weight: 6.98315e-06
eec: 1864.15
weight: 1.05664e-05
eec: 114.637
weight: 5.97642e-06
eec: 2147.47
weight: 7.15188e-05
eec: 261.49
weight: 2.86179e-06
eec: 45.198
weight: 6.80319e-05
eec: 16.8488
weight: 4.55504e-05
eec: 107.123
weight: 1.07164e-05
eec: 233.24
weight: 0.000266578
eec: 114.509
weight: 5.35335e-06
eec: 264.609
weight: 3.11069e-06
eec: 782.659
weight: 3.87123e-06
eec: 253.33
weight: 0.000100256
eec: 120.338
weight: 3.57741e-06
eec: 1473.3
weight: 1.10992e-05
eec: 110.169
weight: 1.28214e-07
eec: 213.409
weight: 0.000126955
eec: 981.341
weight: 6.85352e-06
eec: 1155.2
weight: 4.30051e-05
eec: 1172.73
weight: 2.22414e-05
eec: 896.827
weight: 5.78577e-05
eec: 1620.74
weight: 5.02924e-05
eec: 221.99
weight: 1.34455e-07
eec: 180.289
weight: 4.88328e-06
eec: 79.1138
weight: 0.000133584
eec: 388.525
weight: 4.65476e-05
eec: 226.477
weight: 2.08854e-06
eec: 76.1413
weight: 3.91086e-05
eec: 721.461
weight: 1.38025e-05
eec: 773.053
weight: 1.11425e-05
eec: 598.831
weight: 2.28218e-06
eec: 770.844
weight: 7.86569e-06
eec: 76.9988
weight: 0.000188514
eec: 6.37895
weight: 7.51425e-05
eec: 16.6728
weight: 1.51464e-05
eec: 142.978
weight: 2.89696e-05
eec: 466.341
weight: 0.000109612
eec: 32.0019
weight: 0.000212014
eec: 391.03
weight: 2.56176e-06
eec: 364.145
weight: 4.23965e-05
eec: 312.429
weight: 0.000171161
eec: 377.632
weight: 1.06358e-07
eec: 511.442
weight: 2.7569e-05
eec: 1003.23
weight: 6.54718e-06
eec: 487.482
weight: 1.75643e-07
eec: 147.272
weight: 1.07778e-05
eec: 356.509
weight: 0.000496272
eec: 302.872
weight: 0.000645911
eec: 335.509
weight: 7.87315e-06
eec: 1728.97
weight: 7.14524e-06
eec: 938.953
weight: 6.17508e-06
eec: 1798.33
weight: 8.11787e-05
eec: 678.586
weight: 2.63101e-05
eec: 43.9789
weight: 5.57021e-06
eec: 661.001
weight: 0.000190901
eec: 1006.68
weight: 1.31938e-05
eec: 605.526
weight: 1.12287e-05
eec: 1277.06
weight: 8.80829e-05
eec: 87.0663
weight: 1.99138e-05
eec: 58.1699
weight: 4.83483e-06
eec: 454.962
weight: 4.23813e-06
eec: 999.241
weight: 6.56516e-06
eec: 163.918
weight: 0.000337708
eec: 745.012
weight: 8.11401e-05
eec: 92.4014
weight: 0.000211966
eec: 437.071
weight: 0.000174407
eec: 65.9197
weight: 3.29693e-05
eec: 1030.29
weight: 1.97787e-05
eec: 675.668
weight: 0.000410985
eec: 88.4916
weight: 3.71297e-05
eec: 457.337
weight: 3.2579e-05
eec: 217.589
weight: 6.1207e-06
eec: 1271.38
weight: 3.42419e-06
eec: 1532.25
weight: 8.40813e-05
eec: 41.4064
weight: 0.000218725
eec: 317.109
weight: 1.17145e-05
eec: 906.769
weight: 0.000107571
eec: 731.101
weight: 0.000765368
eec: 857.362
weight: 3.20436e-05
eec: 65.2554
weight: 5.47777e-05
eec: 947.605
weight: 0.000100805
eec: 226.962
weight: 2.08045e-05
eec: 405.596
weight: 5.28587e-05
eec: 85.0837
weight: 3.9283e-06
eec: 59.87
weight: 0.000150693
eec: 231.891
weight: 1.54887e-05
eec: 46.8655

ROOT exit code = 0
