gSystem->Load("run_condor_job_Run3_C.so");
run_condor_job_Run3(770, 100, 2,
                    80, 200,
                    1, 1, 1, 7);
.q

ENTERED run_condor_job_Run3()
JOBID = 770
  global job = 770  Job 70/100  events [3985800, 4042740)  total=5694000
Processing events [3985800, 4042740) of 5694000
weight: 3.94408e-05
eec: 1319.53
weight: 6.87876e-06
eec: 60.9167
weight: 0.00040478
eec: 393.555
weight: 6.51024e-06
eec: 247.434
weight: 2.39256e-06
eec: 184.431
weight: 6.12497e-05
eec: 351.466
weight: 3.31429e-06
eec: 781.175
weight: 2.25355e-05
eec: 1221.4
weight: 1.06565e-05
eec: 253.583
weight: 0.000142018
eec: 59.7656
weight: 2.17228e-05
eec: 327.921
weight: 0.00139573
eec: 778.154
weight: 2.5959e-05
eec: 47.5252
weight: 0.000112897
eec: 631.408
weight: 0.000183939
eec: 87.1816
weight: 2.83344e-05
eec: 2267.23
weight: 8.83728e-06
eec: 150.599
weight: 3.7631e-05
eec: 786.381
weight: 2.38585e-05
eec: 387.553
weight: 6.2834e-07
eec: 771.376
weight: 0.000222459
eec: 260.662
weight: 9.80434e-06
eec: 494.329
weight: 1.04617e-05
eec: 4.96151
weight: 3.77651e-05
eec: 1525.4
weight: 0.000146647
eec: 2376.87
weight: 5.29226e-05
eec: 78.565
weight: 1.22877e-08
eec: 243.148
weight: 3.7349e-06
eec: 1168.16
weight: 5.10316e-06
eec: 729.344
weight: 5.10316e-06
eec: 1979.89
weight: 7.35131e-06
eec: 489.575
weight: 3.72221e-05
eec: 387.539
weight: 7.36078e-05
eec: 1919.48
weight: 2.6223e-05
eec: 93.6667
weight: 6.72742e-06
eec: 547.716
weight: 7.43157e-06
eec: 63.3492
weight: 2.5154e-05
eec: 248.029
weight: 3.24442e-05
eec: 617.71
weight: 0.000520008
eec: 362.9
weight: 4.06843e-05
eec: 796.483
weight: 5.00414e-05
eec: 2342.74
weight: 1.81753e-05
eec: 347.001
weight: 0.000125681
eec: 896.648
weight: 3.95005e-06
eec: 1674.37
weight: 1.9139e-07
eec: 478.793
weight: 0.000279334
eec: 66.551
weight: 1.06143e-07
eec: 871.765
weight: 3.81728e-06
eec: 777.709
weight: 3.03999e-07
eec: 92.2668
weight: 0.00021693
eec: 20.656
weight: 1.61157e-05
eec: 745.303
weight: 0.000206638
eec: 199.989
weight: 2.08895e-05
eec: 2328.94
weight: 5.58529e-06
eec: 297.344
weight: 9.08725e-05
eec: 99.0968
weight: 2.37672e-07
eec: 276.709
weight: 0.00017811
eec: 369.614
weight: 6.40107e-06
eec: 81.4603
weight: 7.75619e-05
eec: 528.117
weight: 3.82555e-05
eec: 85.1603
Processing: 70.2494 %weight: 6.73735e-06
eec: 1119.38
weight: 1.57571e-05
eec: 485.752
weight: 5.09341e-05
eec: 146.587
weight: 5.9634e-05
eec: 3189.22
weight: 1.27505e-05
eec: 758.912
weight: 6.66316e-06
eec: 557.43
weight: 0.000155438
eec: 820.917
weight: 1.51448e-05
eec: 561.988
weight: 1.51878e-07
eec: 855.336
weight: 6.42592e-05
eec: 471.113
weight: 9.1847e-06
eec: 1078.28
weight: 2.41646e-05
eec: 35.7102
weight: 5.15922e-05
eec: 979.07
weight: 1.95867e-05
eec: 355.204
weight: 6.52615e-06
eec: 475.324
weight: 1.6875e-05
eec: 643.608
weight: 0.000370297
eec: 128.903
weight: 9.13793e-05
eec: 482.983
weight: 0.000271893
eec: 42.6281
weight: 4.03643e-06
eec: 26.465
weight: 0.000278866
eec: 109.041
weight: 2.17122e-05
eec: 116.047
weight: 7.49711e-05
eec: 1818.01
weight: 1.06906e-05
eec: 251.413
weight: 2.41602e-05
eec: 311.844
weight: 0.000133333
eec: 524.452
weight: 1.79953e-05
eec: 94.4703
weight: 3.98464e-06
eec: 2963.1
weight: 7.30117e-05
eec: 155.54
weight: 2.09725e-05
eec: 298.359
weight: 4.91865e-06
eec: 639.299
weight: 9.41033e-05
eec: 76.8057
weight: 0.000124976
eec: 246.083
weight: 4.55789e-05
eec: 143.77
weight: 5.16723e-06
eec: 1942.66
weight: 1.28956e-06
eec: 1935.76
weight: 1.94091e-05
eec: 941.346
weight: 0.000115091
eec: 290.04
weight: 3.59166e-06
eec: 372.176
weight: 6.04944e-05
eec: 711.824
weight: 1.5996e-05
eec: 105.993
weight: 7.17349e-06
eec: 25.3034
weight: 0.000138773
eec: 434.696
weight: 1.51963e-05
eec: 435.313
weight: 4.0305e-05
eec: 93.6364
weight: 0.000360836
eec: 187.61
weight: 1.60467e-05
eec: 276.297
weight: 7.55939e-07
eec: 169.157
weight: 1.84871e-06
eec: 188.785
weight: 0.000148861
eec: 50.2548
weight: 7.58802e-05
eec: 197.588
weight: 5.31189e-08
eec: 524.475
weight: 4.75695e-05
eec: 1417.3
weight: 2.33279e-05
eec: 238.345
weight: 3.59095e-05
eec: 245.83
weight: 1.20651e-05
eec: 1257.87
weight: 0.000179462
eec: 95.2729
weight: 5.82908e-05
eec: 29.4297
weight: 1.56933e-05
eec: 100.319
weight: 4.17885e-06
eec: 3010.94
weight: 3.60015e-05
eec: 1378.93
weight: 0.000287252
eec: 163.179
weight: 3.8419e-06
eec: 275.671
weight: 2.41613e-06
eec: 1121.5
weight: 3.66991e-06
eec: 373.543
weight: 1.81701e-05
eec: 129.352
weight: 2.23839e-05
eec: 1424.9
weight: 1.16392e-05
eec: 32.5806
weight: 9.70271e-05
eec: 551.872
weight: 1.86184e-05
eec: 1971.01
weight: 3.65644e-05
eec: 3176.36
weight: 9.25179e-06
eec: 488.881
weight: 0.000294733
eec: 59.9553
weight: 0.000219066
eec: 241.402
weight: 4.82628e-06
eec: 480.421
weight: 1.68778e-06
eec: 233.073
weight: 2.87771e-05
eec: 306.78
weight: 9.83575e-05
eec: 48.8489
weight: 2.16194e-05
eec: 394.901
weight: 0.000174484
eec: 317.778
weight: 1.04416e-05
eec: 55.3888
weight: 1.96546e-05
eec: 1400.33
weight: 0.000112526
eec: 884.389
weight: 3.61861e-06
eec: 55.5893
weight: 3.13571e-06
eec: 335.233
weight: 3.0744e-05
eec: 837.509
weight: 7.18101e-05
eec: 1103.23
weight: 1.84918e-06
eec: 440.834
weight: 0.000140491
eec: 536.694
weight: 3.58588e-05
eec: 229.905
weight: 6.67991e-06
eec: 790.727
weight: 3.8741e-06
eec: 259.269
weight: 1.15158e-05
eec: 1026.55
weight: 1.51917e-07
eec: 902.573
weight: 0.000106873
eec: 75.0198
weight: 4.06832e-05
eec: 1028.68
weight: 5.54904e-08
eec: 367.595
weight: 2.40401e-05
eec: 558.136
weight: 1.92938e-05
eec: 1952.33
weight: 9.32417e-06
eec: 1044
weight: 1.47449e-06
eec: 446.72
weight: 6.24308e-06
eec: 133.286
weight: 8.34124e-05
eec: 378.734
weight: 1.50227e-08
eec: 55.9603
weight: 2.46708e-05
eec: 905.795
weight: 2.24351e-05
eec: 1358.93
weight: 3.05377e-09
eec: 107.944
weight: 1.21551e-05
eec: 1555.71
weight: 3.46197e-05
eec: 139.762
weight: 1.02071e-06
eec: 42.3003
weight: 0.000127527
eec: 538.785
weight: 7.3149e-05
eec: 1527.96
weight: 1.97096e-08
eec: 928.204
weight: 2.02282e-05
eec: 1064.84
weight: 2.12876e-05
eec: 196.905
weight: 1.86155e-05
eec: 15.9262
weight: 1.49971e-05
eec: 2000.22
weight: 6.75171e-05
eec: 2908.54
weight: 9.31005e-05
eec: 777.81
weight: 9.56086e-06
eec: 25.1889
weight: 6.26709e-05
eec: 55.5392
weight: 6.80438e-06
eec: 442.065
weight: 3.12997e-05
eec: 435.517
weight: 1.33811e-05
eec: 455.567
weight: 5.45736e-07
eec: 562.696
weight: 8.78133e-06
eec: 1281.08
weight: 0.000151677
eec: 861.205
weight: 2.6282e-06
eec: 129.955
weight: 1.36988e-06
eec: 2366.54
weight: 9.23889e-05
eec: 41.6418
weight: 1.13694e-06
eec: 43.9333
weight: 8.73595e-06
eec: 362.335
weight: 4.16568e-05
eec: 897.912
weight: 6.11284e-05
eec: 70.4426
weight: 9.45403e-06
eec: 2312.62
weight: 3.25758e-05
eec: 104.774
weight: 4.2993e-05
eec: 411.812
weight: 0.000109443
eec: 1096.82
weight: 4.58592e-06
eec: 5.00803
weight: 2.23893e-05
eec: 2721.2
weight: 1.96174e-06
eec: 253.139
weight: 3.97692e-06
eec: 249.153
weight: 2.01585e-06
eec: 329.148
weight: 2.84675e-07
eec: 1170.73
weight: 0.000168031
eec: 364.673
weight: 2.91213e-06
eec: 806.564
weight: 2.96133e-05
eec: 334.833
weight: 1.01076e-05
eec: 674.938
weight: 4.11261e-05
eec: 448.779
weight: 2.59795e-06
eec: 947.193
weight: 0.000188616
eec: 649.246
weight: 6.49133e-06
eec: 654.249
weight: 7.79306e-05
eec: 3362.68
weight: 6.4258e-05
eec: 290.639
weight: 7.371e-06
eec: 657.091
weight: 0.000151065
eec: 567.957
weight: 1.05694e-05
eec: 1016.79
weight: 1.27618e-05
eec: 394.866
weight: 0.000523404
eec: 479.679
weight: 3.8521e-05
eec: 521.082
weight: 1.32728e-06
eec: 269.071
weight: 0.000337156
eec: 146.944
weight: 2.89953e-05
eec: 185.285
weight: 0.00018159
eec: 1170.48
weight: 0.000128029
eec: 136.681
weight: 3.95143e-05
eec: 186.415
weight: 7.17407e-06
eec: 269.292
weight: 7.64534e-06
eec: 1010.75
weight: 1.04805e-05
eec: 620.902
weight: 6.98025e-05
eec: 38.0655
weight: 2.61652e-05
eec: 358.788
weight: 1.51825e-05
eec: 495.328
weight: 1.29187e-05
eec: 1318.89
weight: 1.29187e-05
eec: 129.99

ROOT exit code = 0
