gSystem->Load("run_condor_job_Run3_C.so");
run_condor_job_Run3(30, 100, 2,
                    80, 200,
                    1, 1, 1, 0);
.q

ENTERED run_condor_job_Run3()
JOBID = 30
  global job = 30  Job 30/100  events [1798200, 1858140)  total=5994000
Processing events [1798200, 1858140) of 5994000
weight: 5.13708e-05
eec: 144.631
weight: 0.000331115
eec: 77.3462
weight: 5.07711e-06
eec: 825.286
weight: 0.000481478
eec: 82.2606
weight: 0.000167628
eec: 152.19
weight: 0.000477153
eec: 627.607
weight: 6.66081e-05
eec: 100.655
weight: 5.8994e-05
eec: 455.105
Processing: 30.03 %weight: 2.9857e-08
eec: 562.883
weight: 3.89943e-06
eec: 620.397
weight: 1.23584e-05
eec: 1447.9
weight: 3.62004e-06
eec: 438.869
weight: 2.13321e-05
eec: 324.369
weight: 1.47413e-05
eec: 2983.52
weight: 0.000269427
eec: 557.97
weight: 1.0091e-05
eec: 1533.11
weight: 5.35675e-06
eec: 722.681
weight: 6.25784e-06
eec: 634.323
weight: 1.08565e-06
eec: 251.849
weight: 2.16056e-06
eec: 509.095
weight: 9.05573e-05
eec: 1595.01
weight: 0.000120263
eec: 161.084
weight: 1.19788e-05
eec: 44.875
weight: 4.64291e-06
eec: 400.144
weight: 7.93156e-05
eec: 419.3
weight: 5.69259e-05
eec: 247.292
weight: 4.92452e-05
eec: 260.849
weight: 7.49229e-06
eec: 708.286
weight: 3.85449e-08
eec: 560.541
weight: 9.50951e-06
eec: 1996.04
weight: 0.000345497
eec: 656.95
weight: 9.90516e-06
eec: 815.558
weight: 0.000395819
eec: 1797.6
weight: 1.29838e-05
eec: 603.629
weight: 1.55956e-05
eec: 414.217
weight: 1.09304e-05
eec: 965.099
weight: 9.36428e-05
eec: 488.449
weight: 2.11691e-05
eec: 2074.62
weight: 0.000180021
eec: 448.336
weight: 3.71417e-06
eec: 106.414
weight: 2.67412e-05
eec: 478.881
weight: 9.98923e-07
eec: 439.763
weight: 5.66967e-05
eec: 542.164
weight: 6.08718e-07
eec: 258.615
weight: 0.000114732
eec: 491.279
weight: 1.02057e-05
eec: 417.264
weight: 8.06397e-06
eec: 498.289
weight: 2.47855e-05
eec: 497.661
weight: 2.50403e-05
eec: 406.366
weight: 3.68136e-05
eec: 485.142
weight: 6.44325e-05
eec: 373.412
weight: 0.000284498
eec: 1319.87
weight: 9.91291e-05
eec: 397.658
weight: 1.62819e-05
eec: 583.513
weight: 1.61382e-05
eec: 955.777
weight: 4.22396e-05
eec: 140.818
weight: 1.24619e-05
eec: 120.866
weight: 5.95299e-06
eec: 2514.19
weight: 6.34884e-07
eec: 292.507
weight: 1.07441e-06
eec: 441.477
weight: 1.80584e-05
eec: 226.039
weight: 8.10629e-05
eec: 224.546
weight: 0.000361638
eec: 632.969
weight: 2.74456e-05
eec: 340.651
weight: 4.22515e-05
eec: 1513.26
weight: 7.24526e-05
eec: 497.831
weight: 6.07879e-05
eec: 94.3067
weight: 1.21579e-05
eec: 4993.18
weight: 0.0003248
eec: 10.524
weight: 1.72536e-05
eec: 72.1329
weight: 2.32436e-06
eec: 1636.72
weight: 1.0219e-05
eec: 756.107
weight: 8.15283e-06
eec: 252.15
weight: 3.68448e-05
eec: 376.704
weight: 1.85059e-05
eec: 2538.8
weight: 0.000137976
eec: 72.4811
weight: 1.40662e-07
eec: 603.103
weight: 0.000112311
eec: 467.986
weight: 1.2507e-05
eec: 657.377
weight: 0.000579186
eec: 86.5503
weight: 2.46846e-05
eec: 551.694
weight: 1.85647e-05
eec: 38.6987
weight: 0.000142861
eec: 594.125
weight: 3.83419e-06
eec: 1715.44
weight: 5.68293e-05
eec: 544.245
weight: 8.81841e-05
eec: 9.25035
weight: 0.00012477
eec: 250.893
weight: 0.000103821
eec: 231.36
weight: 2.79598e-05
eec: 51.5667
weight: 7.21834e-06
eec: 2109.19
weight: 2.28288e-06
eec: 404.556
weight: 1.75604e-05
eec: 165.323
weight: 4.15247e-05
eec: 217.172
weight: 0.000119584
eec: 871.465
weight: 0.00015837
eec: 130.893
weight: 1.22905e-05
eec: 744.452
weight: 1.23919e-08
eec: 88.0496
weight: 1.50138e-05
eec: 123.844
weight: 1.50138e-05
eec: 563.66
weight: 1.47011e-05
eec: 311.708
weight: 0.000241209
eec: 569.186
weight: 0.000178036
eec: 58.7099
weight: 5.44951e-06
eec: 969.723
weight: 6.16823e-06
eec: 3379.83
weight: 6.02236e-05
eec: 116.456
weight: 0.000500708
eec: 284.275
weight: 9.73752e-06
eec: 146.427
weight: 0.000166681
eec: 144.2
weight: 8.59975e-07
eec: 343.596
weight: 1.8492e-05
eec: 1239.39
weight: 1.08248e-05
eec: 505.634
weight: 1.00826e-05
eec: 118.098
weight: 2.12904e-05
eec: 1899.62
weight: 5.53105e-05
eec: 19.6803
weight: 9.98867e-06
eec: 73.8447
weight: 0.000148354
eec: 290.906
weight: 7.47168e-05
eec: 302.063
weight: 6.37569e-05
eec: 107.607
weight: 8.79625e-05
eec: 492.367
weight: 6.53469e-05
eec: 798.332
weight: 7.72576e-05
eec: 1569.46
weight: 2.89766e-05
eec: 104.242
weight: 8.11323e-06
eec: 364.938
weight: 9.64478e-05
eec: 551.946
weight: 0.000219118
eec: 486.366
weight: 6.08039e-05
eec: 1138.03
weight: 0.000110988
eec: 84.9917
weight: 0.00154415
eec: 389.298
weight: 5.67862e-06
eec: 112.398
weight: 2.07305e-05
eec: 249.366
weight: 8.77933e-07
eec: 433.017
weight: 0.00014659
eec: 52.3317
weight: 2.99558e-05
eec: 671.128
weight: 0.000389189
eec: 36.1523
weight: 6.5961e-07
eec: 115.477
weight: 6.79752e-05
eec: 495.956
weight: 1.2884e-05
eec: 536.93
weight: 0.000240538
eec: 1159.52
weight: 4.19004e-06
eec: 709.812
weight: 1.1421e-05
eec: 384.397
weight: 0.000103748
eec: 1077.56
weight: 0.000103748
eec: 114.674
weight: 3.84665e-07
eec: 120.311
weight: 8.9333e-05
eec: 751.631
weight: 5.52623e-06
eec: 404.123
weight: 5.58934e-05
eec: 2162.49
weight: 5.58934e-05
eec: 389.133
weight: 0.000113621
eec: 216.942
weight: 4.96307e-05
eec: 387.245
weight: 9.24153e-06
eec: 2155.8
weight: 0.000381476
eec: 32.6038
weight: 5.97978e-05
eec: 64.7766
weight: 0.000207809
eec: 56.5197
weight: 3.83096e-05
eec: 1034.97
weight: 5.75762e-06
eec: 1370.31
weight: 0.00015455
eec: 428.685
weight: 0.000217359
eec: 134.949
weight: 9.92522e-05
eec: 822.056
weight: 6.0317e-05
eec: 761.418
weight: 7.92122e-05
eec: 1197
weight: 5.11651e-05
eec: 59.7685
weight: 5.33271e-05
eec: 1470.24
weight: 4.67937e-08
eec: 956.114
weight: 3.00976e-05
eec: 185.369
weight: 4.74289e-06
eec: 1104.69
weight: 4.74289e-06
eec: 370.337
weight: 2.93404e-05
eec: 910.489
weight: 4.39923e-05
eec: 1987.04
weight: 0.00123775
eec: 284.524
weight: 5.42929e-08
eec: 255.61
weight: 2.74528e-05
eec: 508.156
weight: 5.35828e-05
eec: 59.3928
weight: 8.01999e-05
eec: 164.154
weight: 1.66701e-05
eec: 170.106
weight: 0.000144485
eec: 244.674
weight: 5.33209e-05
eec: 307.673
weight: 1.57659e-06
eec: 97.9073
weight: 2.98165e-06
eec: 166.681
weight: 1.64142e-07
eec: 93.6599
weight: 0.000255069
eec: 688.934
weight: 9.21059e-05
eec: 22.7325
weight: 8.09588e-06
eec: 748.587
weight: 8.38475e-05
eec: 1286.29
weight: 7.73823e-05
eec: 133.857
weight: 7.6489e-05
eec: 1231.84
weight: 3.27739e-05
eec: 504.367
weight: 9.60228e-06
eec: 267.664
weight: 1.06977e-05
eec: 424.989
weight: 3.27539e-05
eec: 66.9337
weight: 3.64659e-05
eec: 161.028
weight: 3.14638e-05
eec: 357.845
weight: 2.11328e-05
eec: 758.366
weight: 4.77321e-06
eec: 93.927
weight: 8.47681e-06
eec: 289.82
weight: 2.67096e-05
eec: 219.273
weight: 0.00148675
eec: 726.048
weight: 0.000158542
eec: 117.761
weight: 0.000135719
eec: 526.84
weight: 1.59619e-05
eec: 847.668
weight: 8.49073e-06
eec: 89.3279
weight: 3.27721e-05
eec: 205.117
weight: 0.000120218
eec: 80.0216
weight: 2.1333e-05
eec: 154.004
weight: 2.68442e-05
eec: 238.563
weight: 2.84126e-06
eec: 1086.49
weight: 1.31275e-05
eec: 161.021
weight: 1.76143e-05
eec: 249.338
weight: 9.634e-05
eec: 699.913
weight: 1.56538e-07
eec: 805.809
weight: 1.9073e-05
eec: 324.882
weight: 0.000101697
eec: 232.083
weight: 0.000311605
eec: 308.464
weight: 6.22445e-05
eec: 897.689
weight: 0.000319914
eec: 174.134
weight: 0.000831322
eec: 81.9335
weight: 1.96561e-05
eec: 539.437
weight: 2.92957e-05
eec: 47.9327
weight: 2.92957e-05
eec: 369.07
weight: 2.84844e-06
eec: 673.354
weight: 3.7093e-05
eec: 297.8
weight: 5.89449e-05
eec: 163.808
Processing: 30.8642 %weight: 3.89067e-07
eec: 156.158
weight: 7.18147e-07
eec: 823.669
weight: 8.01943e-05
eec: 577.287
weight: 5.03021e-05
eec: 583.013
weight: 0.000251306
eec: 332.47
weight: 0.000138744
eec: 878.048
weight: 2.26333e-06
eec: 1686.59
weight: 3.31045e-06
eec: 166.374
weight: 0.00039668
eec: 656.311
weight: 1.08293e-05
eec: 134.451
weight: 0.000135956
eec: 379.276
weight: 2.77584e-07
eec: 299.276
weight: 1.91975e-05
eec: 831.358
weight: 6.75447e-06
eec: 808.403
weight: 2.72305e-05
eec: 1090.46
weight: 8.9132e-05
eec: 781.909
weight: 3.24911e-05
eec: 190.302
weight: 0.000109756
eec: 239.594
weight: 3.94789e-06
eec: 1592.69
weight: 5.14541e-05
eec: 58.3743
weight: 5.57748e-05
eec: 126.491
weight: 4.85858e-07
eec: 343.261
weight: 3.55804e-05
eec: 853.252
weight: 1.1725e-05
eec: 59.458
weight: 7.72594e-06
eec: 219.757
weight: 0.000137676
eec: 338.443
weight: 2.03359e-05
eec: 631.111
weight: 9.339e-06
eec: 98.971
weight: 0.000168992
eec: 765.317
weight: 1.21214e-05
eec: 233.794

ROOT exit code = 0
