gSystem->Load("run_condor_job_Run3_C.so");
run_condor_job_Run3(186, 100, 2,
                    80, 200,
                    1, 1, 1, 1);
.q

ENTERED run_condor_job_Run3()
JOBID = 186
  global job = 186  Job 86/100  events [5041320, 5099940)  total=5862000
Processing events [5041320, 5099940) of 5862000
weight: 4.85683e-06
eec: 102.19
weight: 0.000170618
eec: 361.402
weight: 3.41354e-07
eec: 343.771
weight: 8.81505e-07
eec: 926.697
weight: 6.41846e-06
eec: 1451.02
weight: 5.29575e-06
eec: 1840.78
weight: 0.000145847
eec: 69.297
weight: 1.02468e-06
eec: 110.381
weight: 8.58539e-05
eec: 156.718
weight: 1.06369e-05
eec: 201.444
weight: 0.000303768
eec: 598.829
weight: 3.69079e-05
eec: 30.6295
weight: 4.0354e-05
eec: 403.347
weight: 0.000223774
eec: 175.406
weight: 2.78125e-06
eec: 777.837
weight: 0.000307357
eec: 389.993
weight: 3.22646e-05
eec: 516.031
weight: 1.05882e-05
eec: 77.9765
weight: 1.54824e-05
eec: 689.393
weight: 4.08787e-05
eec: 546.124
weight: 0.000132549
eec: 150.574
weight: 0.000176172
eec: 421.727
weight: 8.11271e-06
eec: 726.646
weight: 1.7984e-06
eec: 247.324
weight: 4.89126e-06
eec: 2295.97
weight: 6.58949e-06
eec: 1564.58
weight: 5.84556e-07
eec: 258.21
weight: 3.17774e-06
eec: 838.392
weight: 4.38781e-05
eec: 88.0792
weight: 1.9933e-05
eec: 50.1783
weight: 3.10785e-05
eec: 272.609
weight: 6.79648e-06
eec: 1294.4
weight: 2.22265e-05
eec: 1222.22
weight: 3.16324e-05
eec: 1386.56
weight: 3.25559e-05
eec: 1283.63
weight: 1.39094e-05
eec: 189.383
weight: 1.86375e-05
eec: 427.063
weight: 4.76659e-05
eec: 158.548
weight: 7.51404e-05
eec: 689.586
weight: 6.22156e-07
eec: 1525.22
weight: 1.47183e-05
eec: 152.221
weight: 4.64871e-05
eec: 279.585
weight: 5.92558e-05
eec: 1020.72
weight: 4.45553e-08
eec: 1237.56
weight: 8.58532e-06
eec: 32.5951
weight: 1.23648e-05
eec: 89.8775
Processing: 86.1481 %weight: 4.72027e-06
eec: 18.4386
weight: 1.00426e-05
eec: 2183.49
weight: 1.22175e-05
eec: 110.838
weight: 7.12428e-06
eec: 440.628
weight: 0.00011038
eec: 188.386
weight: 1.18572e-05
eec: 1004.24
weight: 8.45417e-06
eec: 96.5531
weight: 1.6116e-05
eec: 12.6143
weight: 4.11656e-05
eec: 403.727
weight: 3.1327e-06
eec: 305.133
weight: 7.80419e-06
eec: 387.445
weight: 5.1566e-05
eec: 214.869
weight: 7.11541e-07
eec: 244.299
weight: 0.00138793
eec: 341.374
weight: 2.29248e-05
eec: 610.329
weight: 5.46077e-06
eec: 78.7878
weight: 0.000942292
eec: 71.6139
weight: 8.9474e-07
eec: 88.8964
weight: 7.41023e-08
eec: 105.602
weight: 1.645e-05
eec: 362.214
weight: 0.000118327
eec: 1278.33
weight: 2.72854e-05
eec: 184.645
weight: 9.48664e-05
eec: 168.5
weight: 0.000132653
eec: 293.416
weight: 6.01279e-05
eec: 228.247
weight: 0.000359867
eec: 253.004
weight: 8.98889e-06
eec: 1690.7
weight: 2.15346e-05
eec: 32.5045
weight: 0.000131587
eec: 72.3479
weight: 6.90864e-06
eec: 115.654
weight: 1.30804e-05
eec: 4861.1
weight: 4.04903e-07
eec: 681.319
weight: 8.24579e-06
eec: 1217.81
weight: 4.84036e-05
eec: 89.6771
weight: 1.83631e-05
eec: 73.5957
weight: 1.933e-07
eec: 497.476
weight: 0.000447758
eec: 624.056
weight: 2.99881e-06
eec: 321.301
weight: 8.3026e-06
eec: 114.652
weight: 2.12664e-05
eec: 755.291
weight: 4.88172e-06
eec: 1027.31
weight: 6.44225e-05
eec: 773.614
weight: 2.05307e-05
eec: 225.56
weight: 0.000307984
eec: 1463.57
weight: 1.2623e-05
eec: 1307.03
weight: 2.68996e-06
eec: 291.111
weight: 0.000116392
eec: 218.723
weight: 2.6788e-06
eec: 160.58
weight: 2.6788e-06
eec: 411.412
weight: 2.24749e-05
eec: 890.537
weight: 9.65531e-05
eec: 349.035
weight: 9.43042e-05
eec: 133.606
weight: 1.29652e-06
eec: 138.856
weight: 7.38558e-07
eec: 807.996
weight: 1.22249e-05
eec: 1935.53
weight: 5.81515e-06
eec: 541.573
weight: 0.000104986
eec: 107.24
weight: 2.85601e-05
eec: 44.3757
weight: 8.43703e-06
eec: 4066.28
weight: 7.8882e-05
eec: 121.018
weight: 1.92688e-05
eec: 1057.32
weight: 0.000134382
eec: 114.614
weight: 6.45736e-05
eec: 1948.8
weight: 8.52754e-06
eec: 786.726
weight: 1.30426e-05
eec: 205.641
weight: 1.13672e-05
eec: 453.511
weight: 9.60859e-07
eec: 1174.19
weight: 1.36832e-05
eec: 624.186
weight: 2.57958e-06
eec: 264.062
weight: 4.61019e-05
eec: 1371.97
weight: 6.15267e-05
eec: 583.187
weight: 9.01238e-06
eec: 365.473
weight: 0.00029989
eec: 873.588
weight: 1.63348e-05
eec: 1598.38
weight: 1.74319e-06
eec: 710.43
weight: 9.19883e-05
eec: 680.297
weight: 9.84827e-06
eec: 367.766
weight: 4.61606e-05
eec: 230.897
weight: 3.73636e-05
eec: 1118.33
weight: 0.00146633
eec: 65.1614
weight: 9.96131e-05
eec: 845.444
weight: 7.63675e-06
eec: 622.24
weight: 0.000131191
eec: 411.076
weight: 5.89158e-05
eec: 442.91
weight: 3.52642e-05
eec: 919.187
weight: 7.05247e-05
eec: 45.5782
weight: 8.09959e-05
eec: 27.0676
weight: 3.75549e-05
eec: 953.424
weight: 1.22297e-05
eec: 182.884
weight: 0.000203053
eec: 1301.64
weight: 4.2351e-05
eec: 207.629
weight: 2.23195e-05
eec: 63.8045
weight: 0.000124332
eec: 142.243
weight: 0.000179319
eec: 716.397
weight: 7.2967e-06
eec: 173.917
weight: 7.07278e-05
eec: 492.782
weight: 1.03362e-05
eec: 175.887
weight: 0.000140249
eec: 835.519
weight: 0.000168274
eec: 598.282
weight: 5.60045e-06
eec: 1165.28
weight: 1.90316e-06
eec: 759.806
weight: 7.394e-05
eec: 163.284
weight: 0.00348861
eec: 1076.99
weight: 2.83086e-05
eec: 518.235
weight: 2.44362e-06
eec: 518.707
weight: 1.4627e-05
eec: 135.652
weight: 1.75254e-05
eec: 579.981
weight: 9.61959e-06
eec: 447.263
weight: 0.000121329
eec: 176.336
weight: 2.16148e-05
eec: 627.715
weight: 1.09186e-05
eec: 82.418
weight: 1.78773e-05
eec: 105.724
weight: 7.626e-06
eec: 1091.95
weight: 3.08801e-07
eec: 12.7937
weight: 2.38816e-05
eec: 2097.87
weight: 8.3217e-05
eec: 690.213
weight: 3.00441e-07
eec: 740.42
weight: 9.81025e-05
eec: 105.801
weight: 6.00959e-06
eec: 430.09
weight: 3.61858e-06
eec: 186.752
weight: 1.66301e-05
eec: 2796.26
weight: 6.31382e-05
eec: 1378.72
weight: 2.05781e-05
eec: 1020.84
weight: 5.605e-05
eec: 61.7593
weight: 0.00089402
eec: 135.065
weight: 2.8324e-05
eec: 473.037
weight: 0.000183328
eec: 454.83
weight: 0.000297246
eec: 513.461
weight: 1.38189e-05
eec: 2725.17
weight: 0.00015993
eec: 548.627
weight: 2.98891e-06
eec: 532.885
weight: 2.00309e-06
eec: 309.512
weight: 8.87371e-07
eec: 96.4198
weight: 0.000313594
eec: 818.521
weight: 1.82173e-05
eec: 810.354
weight: 6.51498e-05
eec: 400.619
weight: 7.22293e-06
eec: 1164.6
weight: 2.11634e-05
eec: 2919.14
weight: 3.01549e-05
eec: 541.998
weight: 3.4239e-06
eec: 678.864
weight: 4.7361e-06
eec: 72.2637
weight: 3.51597e-08
eec: 1055.31
weight: 9.50907e-05
eec: 393.44
weight: 4.78196e-05
eec: 579.293
weight: 9.14469e-06
eec: 490.14
weight: 4.22003e-05
eec: 196.804
weight: 2.56104e-07
eec: 731.673
weight: 0.000301625
eec: 577.106
weight: 2.98594e-06
eec: 694.823
weight: 2.05876e-05
eec: 27.4917
weight: 0.000334219
eec: 422.147
weight: 0.000108607
eec: 989.802
weight: 0.000160038
eec: 1087.25
weight: 4.87644e-05
eec: 302.048
weight: 1.84786e-05
eec: 102.978
weight: 0.000263222
eec: 257.009
weight: 6.81444e-05
eec: 1531.71
weight: 2.99131e-07
eec: 107.21
weight: 0.000247345
eec: 415.784
weight: 2.99908e-06
eec: 879.691
weight: 0.00110345
eec: 715.168
weight: 0.000167686
eec: 26.074
weight: 2.98161e-07
eec: 824.66
weight: 2.46827e-05
eec: 1144.35
weight: 3.50597e-05
eec: 107.616
weight: 1.85422e-05
eec: 250.706
weight: 3.10269e-05
eec: 917.072
weight: 9.62769e-06
eec: 1014.25
weight: 0.000122795
eec: 320.754
weight: 0.000174738
eec: 411.535
weight: 2.48743e-05
eec: 1115.43
weight: 5.51795e-05
eec: 599.328
weight: 6.399e-06
eec: 1205.1
weight: 2.83167e-06
eec: 1391.37
weight: 1.99941e-05
eec: 2218.28
weight: 1.27014e-06
eec: 319.463
weight: 0.000241947
eec: 96.7675
weight: 3.48366e-05
eec: 695.101
weight: 3.90936e-05
eec: 857.047
weight: 4.45408e-05
eec: 182.973
weight: 9.73255e-06
eec: 834.49
weight: 8.75498e-08
eec: 219.853
weight: 1.27041e-05
eec: 116.65
weight: 4.06139e-06
eec: 451.114
weight: 1.01152e-05
eec: 565.027
weight: 7.23831e-05
eec: 42.5705
weight: 1.16361e-05
eec: 934.271
weight: 7.88179e-06
eec: 84.8488
weight: 5.95357e-05
eec: 560.987
weight: 0.000115215
eec: 647.228
weight: 5.45559e-05
eec: 788.278
weight: 1.00395e-05
eec: 205.554
weight: 0.000218367
eec: 27.9158
weight: 2.3177e-05
eec: 447.781
weight: 1.53104e-05
eec: 455.971
weight: 5.70347e-05
eec: 1801.57
weight: 8.57782e-05
eec: 258.497
weight: 0.000104618
eec: 194.903
weight: 7.77145e-05
eec: 430.825
weight: 1.9908e-06
eec: 1291.33
weight: 2.9188e-05
eec: 111.47

ROOT exit code = 0
