gSystem->Load("run_condor_job_Run3_C.so");
run_condor_job_Run3(490, 100, 2,
                    80, 200,
                    1, 1, 1, 4);
.q

ENTERED run_condor_job_Run3()
JOBID = 490
  global job = 490  Job 90/100  events [5308200, 5367180)  total=5898000
Processing events [5308200, 5367180) of 5898000
weight: 0.000113109
eec: 962.17
weight: 0.000104737
eec: 690.686
weight: 3.19858e-07
eec: 2123.12
weight: 2.26761e-06
eec: 1907.52
weight: 0.000269658
eec: 331.59
weight: 8.14084e-05
eec: 35.8435
weight: 2.92818e-06
eec: 976.88
weight: 3.25911e-05
eec: 1698.08
weight: 0.000162497
eec: 250.578
weight: 0.000781697
eec: 373.399
weight: 1.584e-05
eec: 3916.65
weight: 2.53329e-05
eec: 423.144
weight: 4.41042e-05
eec: 294.897
weight: 0.000347514
eec: 382.567
weight: 0.000607253
eec: 222.899
weight: 0.000604708
eec: 105.229
weight: 7.64663e-06
eec: 164.869
weight: 5.18782e-06
eec: 687.815
weight: 7.48008e-05
eec: 853.509
weight: 0.000146665
eec: 57.9076
weight: 0.000400291
eec: 134.807
weight: 0.000100797
eec: 266.487
weight: 1.09028e-05
eec: 756.831
weight: 0.000216172
eec: 393.193
weight: 0.000198436
eec: 286.801
weight: 1.55298e-05
eec: 328.191
weight: 2.59754e-07
eec: 41.5268
weight: 1.24572e-05
eec: 299.023
weight: 6.99898e-06
eec: 98.5
weight: 0.000144303
eec: 314.208
weight: 1.60454e-05
eec: 62.2267
weight: 9.35296e-06
eec: 1034.82
weight: 4.47785e-06
eec: 170.044
weight: 9.14249e-07
eec: 621.333
weight: 0.000159835
eec: 631.211
weight: 1.22242e-05
eec: 471.394
weight: 5.76226e-06
eec: 271.221
weight: 3.16273e-06
eec: 380.849
weight: 1.40962e-05
eec: 132.779
weight: 0.000177956
eec: 219.092
weight: 6.02258e-07
eec: 712.914
weight: 6.01299e-07
eec: 302.285
weight: 8.37981e-05
eec: 57.3246
weight: 3.72329e-07
eec: 235.408
weight: 1.61663e-05
eec: 2423.13
weight: 1.1129e-05
eec: 687.113
weight: 3.09255e-05
eec: 186.599
weight: 4.83847e-06
eec: 1849.05
weight: 3.71017e-05
eec: 541.534
weight: 0.000118508
eec: 1002.68
weight: 5.45108e-05
eec: 139.676
weight: 3.96638e-06
eec: 915.753
weight: 1.14042e-05
eec: 13.9936
weight: 1.35528e-05
eec: 709.269
weight: 2.65427e-05
eec: 807.146
weight: 0.000188817
eec: 436.815
weight: 1.49435e-06
eec: 493.346
weight: 0.000186267
eec: 184.819
weight: 6.8005e-05
eec: 403.459
weight: 9.10781e-05
eec: 3501.86
weight: 0.00044413
eec: 185.131
weight: 1.391e-07
eec: 2260.93
weight: 7.59345e-05
eec: 806.879
weight: 4.51724e-05
eec: 31.6804
weight: 9.88646e-06
eec: 213.491
weight: 5.0217e-05
eec: 438.053
weight: 7.9088e-05
eec: 751.759
weight: 3.96599e-06
eec: 64.386
weight: 2.25528e-05
eec: 124.711
weight: 7.92929e-06
eec: 3235.14
weight: 7.99082e-06
eec: 968.816
weight: 2.16059e-05
eec: 154.935
weight: 0.00012159
eec: 1252.64
weight: 4.17705e-06
eec: 99.8296
weight: 6.18983e-05
eec: 407.958
weight: 3.59886e-05
eec: 210.265
weight: 7.92532e-06
eec: 380.682
weight: 2.53274e-05
eec: 223.155
weight: 1.52692e-05
eec: 272.372
weight: 3.87375e-05
eec: 559.642
weight: 0.000291232
eec: 21.2224
weight: 4.99185e-05
eec: 605.092
weight: 3.06968e-07
eec: 969.169
weight: 4.21877e-05
eec: 969.155
weight: 7.64451e-05
eec: 342.87
weight: 6.38537e-05
eec: 914.09
weight: 0.000125785
eec: 206.635
weight: 0.000334531
eec: 128.028
weight: 0.000774537
eec: 264.969
weight: 1.88053e-06
eec: 597.648
weight: 1.35126e-05
eec: 1437.6
weight: 2.28245e-05
eec: 855.071
weight: 5.79936e-05
eec: 235.214
weight: 9.54711e-06
eec: 796.688
weight: 2.69244e-05
eec: 764.587
weight: 1.14768e-05
eec: 755.799
weight: 8.5188e-06
eec: 193.371
weight: 1.17218e-05
eec: 1207.89
weight: 1.17218e-05
eec: 473.811
weight: 0.000692513
eec: 238.735
weight: 1.56843e-06
eec: 223.972
weight: 2.25639e-05
eec: 1006.1
weight: 3.13643e-07
eec: 29.6933
weight: 1.33176e-07
eec: 397.586
weight: 0.000673714
eec: 362.124
weight: 3.2831e-06
eec: 159.396
weight: 0.000235667
eec: 628.528
weight: 6.74713e-06
eec: 200.839
weight: 5.09166e-05
eec: 840.422
weight: 2.7601e-07
eec: 414.965
weight: 8.00079e-06
eec: 1344.24
weight: 1.22084e-05
eec: 1220.51
weight: 1.31077e-06
eec: 531.829
weight: 0.000155922
eec: 93.2521
weight: 4.28157e-08
eec: 106.664
weight: 0.00031945
eec: 118.981
weight: 0.000451585
eec: 180.008
weight: 6.21267e-06
eec: 407.812
weight: 7.6301e-06
eec: 387.919
weight: 3.9866e-06
eec: 398.499
weight: 0.000115614
eec: 30.8111
weight: 5.25731e-06
eec: 245.599
weight: 0.000417102
eec: 144.811
weight: 3.69932e-05
eec: 107.91
weight: 2.32831e-06
eec: 930.693
weight: 2.7715e-05
eec: 876.176
weight: 4.73614e-05
eec: 847.221
weight: 6.2245e-05
eec: 1344.47
weight: 2.35353e-05
eec: 322.4
weight: 0.000117871
eec: 72.6037
weight: 0.000234012
eec: 470.132
weight: 4.3016e-06
eec: 823.901
weight: 8.22207e-05
eec: 1017.41
weight: 7.13682e-05
eec: 825.711
weight: 6.94642e-07
eec: 2735.7
weight: 9.55331e-07
eec: 342.252
weight: 0.000187882
eec: 64.9432
weight: 3.11031e-05
eec: 763.544
weight: 2.78957e-05
eec: 368.509
weight: 1.18642e-05
eec: 2914.04
weight: 5.48848e-06
eec: 1489.31
weight: 5.48848e-06
eec: 41.9107
weight: 2.78244e-05
eec: 1279.28
weight: 0.000333299
eec: 178.809
weight: 0.000314164
eec: 95.5931
weight: 3.02243e-06
eec: 471.505
weight: 3.0033e-06
eec: 137.972
weight: 6.74627e-05
eec: 96.215
weight: 5.90029e-06
eec: 138.509
weight: 4.31099e-05
eec: 185.069
weight: 6.67782e-05
eec: 48.6169
weight: 3.88678e-05
eec: 362.948
weight: 3.0928e-06
eec: 68.9923
weight: 6.13164e-06
eec: 462.868
weight: 9.5717e-05
eec: 721.61
weight: 0.000232395
eec: 350.565
weight: 4.7965e-05
eec: 109.983
weight: 7.16124e-05
eec: 19.8579
weight: 3.8735e-05
eec: 2626.57
weight: 4.05455e-06
eec: 3436.81
weight: 1.80841e-06
eec: 274.134
weight: 3.14362e-05
eec: 346.314
weight: 7.84073e-07
eec: 550.527
weight: 7.8477e-06
eec: 4064.34
weight: 7.84239e-05
eec: 186.473
weight: 3.70577e-05
eec: 711.763
weight: 0.000328014
eec: 223.582
weight: 2.62983e-05
eec: 299.108
weight: 3.67702e-05
eec: 200.52
Processing: 90.7087 %weight: 3.99785e-05
eec: 208.984
weight: 9.42675e-05
eec: 763.969
weight: 9.42675e-05
eec: 482.464
weight: 3.79515e-05
eec: 206.13
weight: 2.7923e-05
eec: 439.462
weight: 9.3471e-05
eec: 409.162
weight: 0.000134728
eec: 91.552
weight: 0.000457146
eec: 245.146
weight: 5.261e-05
eec: 107.394
weight: 8.12745e-05
eec: 718.83
weight: 5.77359e-05
eec: 158.082
weight: 0.000142894
eec: 320.558
weight: 3.8545e-05
eec: 366.862
weight: 1.01933e-06
eec: 2468.41
weight: 1.80232e-05
eec: 2098.93
weight: 5.92789e-05
eec: 26.4388
weight: 3.76373e-05
eec: 782.585
weight: 5.67705e-05
eec: 312.942
weight: 0.000319745
eec: 89.0229
weight: 1.2213e-05
eec: 655.347
weight: 2.43739e-06
eec: 2449.84
weight: 1.79801e-06
eec: 117.579
weight: 8.58911e-06
eec: 146.156
weight: 2.9515e-06
eec: 11.3004
weight: 6.64889e-06
eec: 55.7444
weight: 1.19186e-05
eec: 392.476
weight: 0.000102005
eec: 924.09
weight: 1.12794e-05
eec: 51.7876
weight: 0.000193663
eec: 401.33
weight: 1.43274e-07
eec: 4.25182
weight: 8.60689e-05
eec: 48.6664
weight: 8.43627e-07
eec: 566.974
weight: 3.06521e-05
eec: 922.463
weight: 1.56733e-05
eec: 2000.3
weight: 6.66038e-05
eec: 440.491
weight: 3.14205e-06
eec: 170.445
weight: 5.0352e-06
eec: 148.994
weight: 8.94549e-05
eec: 22.3395
weight: 9.42467e-05
eec: 357.709
weight: 0.000365427
eec: 232.375
weight: 8.31539e-06
eec: 1115.8
weight: 1.72043e-06
eec: 577.175
weight: 4.23195e-06
eec: 148.432
weight: 1.41562e-05
eec: 185.221
weight: 5.67774e-07
eec: 159.461
weight: 1.85663e-05
eec: 52.4317
weight: 7.95822e-05
eec: 614.463
weight: 1.62836e-05
eec: 733.038
weight: 6.65856e-08
eec: 243.615
weight: 8.57806e-07
eec: 311.394
weight: 4.05811e-05
eec: 879.043
weight: 1.61177e-05
eec: 1717.52
weight: 8.66359e-05
eec: 95.6959

ROOT exit code = 0
