gSystem->Load("run_condor_job_Run3_C.so");
run_condor_job_Run3(514, 100, 2,
                    80, 200,
                    1, 1, 1, 5);
.q

ENTERED run_condor_job_Run3()
JOBID = 514
  global job = 514  Job 14/100  events [840000, 900000)  total=6000000
Processing events [840000, 900000) of 6000000
weight: 5.71553e-07
eec: 130.625
weight: 9.6461e-07
eec: 13.3049
weight: 1.98189e-06
eec: 337.52
weight: 3.21618e-05
eec: 138.441
weight: 3.25993e-06
eec: 136.174
weight: 6.12044e-05
eec: 402.593
weight: 1.09995e-05
eec: 605.541
weight: 8.37455e-05
eec: 792.816
weight: 3.01554e-05
eec: 1927.57
weight: 2.0304e-06
eec: 1071.64
weight: 2.71205e-05
eec: 1062.19
weight: 0.000118318
eec: 1170.21
weight: 5.86362e-08
eec: 204.693
weight: 4.99235e-05
eec: 64.0046
weight: 7.8566e-05
eec: 1265.31
weight: 0.000168714
eec: 103.528
weight: 6.82594e-05
eec: 626.429
weight: 0.000193211
eec: 309.223
weight: 1.69416e-05
eec: 558.895
weight: 4.09772e-05
eec: 1218.29
weight: 2.46316e-05
eec: 45.8295
weight: 3.81842e-05
eec: 51.0122
weight: 1.78128e-05
eec: 464.895
weight: 4.28688e-08
eec: 185.352
weight: 9.54464e-05
eec: 43.0192
weight: 6.54074e-05
eec: 252.177
weight: 1.01034e-05
eec: 6.8276
weight: 4.79296e-05
eec: 512.173
weight: 7.58651e-05
eec: 1565.88
weight: 0.000366359
eec: 505.172
weight: 2.49915e-06
eec: 89.7459
weight: 8.55289e-05
eec: 171.125
weight: 4.71311e-05
eec: 1434.95
weight: 0.000139023
eec: 23.2772
weight: 5.39876e-05
eec: 872.348
Processing: 14.1667 %weight: 6.61353e-07
eec: 144.497
weight: 1.92208e-05
eec: 284.613
weight: 0.000444157
eec: 1253.86
weight: 1.41844e-05
eec: 347.112
weight: 7.13293e-06
eec: 53.1807
weight: 8.03896e-06
eec: 327.201
weight: 2.50138e-05
eec: 12.6649
weight: 0.000115858
eec: 282.671
weight: 0.000251527
eec: 725.011
weight: 9.22714e-06
eec: 167.408
weight: 0.000159117
eec: 599.045
weight: 1.26186e-05
eec: 651.549
weight: 0.000506523
eec: 450.448
weight: 0.00014288
eec: 90.6546
weight: 1.29347e-06
eec: 453.456
weight: 7.66138e-05
eec: 65.609
weight: 1.61396e-05
eec: 392.002
weight: 1.76854e-05
eec: 227.797
weight: 2.88097e-05
eec: 46.4725
weight: 1.72436e-05
eec: 888.467
weight: 6.57153e-06
eec: 434.488
weight: 4.45553e-07
eec: 1340.34
weight: 2.45248e-05
eec: 598.615
weight: 6.21014e-05
eec: 74.1846
weight: 2.89932e-06
eec: 1332.07
weight: 6.31313e-06
eec: 285.05
weight: 8.15972e-05
eec: 97.6747
weight: 0.000255548
eec: 96.5001
weight: 1.41969e-05
eec: 609.208
weight: 2.14821e-05
eec: 435.231
weight: 4.64524e-05
eec: 75.2209
weight: 2.86755e-05
eec: 357.693
weight: 2.8487e-05
eec: 349.179
weight: 4.35439e-05
eec: 101.435
weight: 8.66579e-06
eec: 1326.17
weight: 8.40666e-05
eec: 184.787
weight: 1.5509e-05
eec: 19.9969
weight: 0.000448378
eec: 824.045
weight: 5.59875e-05
eec: 29.0163
weight: 1.29322e-05
eec: 82.8146
weight: 1.70672e-05
eec: 780.37
weight: 5.48371e-06
eec: 1410.82
weight: 1.99819e-06
eec: 14.7026
weight: 9.00488e-05
eec: 989.854
weight: 9.11905e-05
eec: 659.56
weight: 9.50245e-06
eec: 367.005
weight: 0.000129341
eec: 61.2449
weight: 0.000117584
eec: 102.803
weight: 7.19727e-05
eec: 846.237
weight: 1.46106e-05
eec: 66.1565
weight: 8.47324e-06
eec: 184.768
weight: 1.45491e-06
eec: 2380.95
weight: 3.52502e-05
eec: 194.329
weight: 4.51742e-06
eec: 387.585
weight: 0.000138042
eec: 81.5238
weight: 3.92449e-06
eec: 871.281
weight: 0.000658977
eec: 286.56
weight: 3.18047e-07
eec: 987.469
weight: 0.00142006
eec: 28.0852
weight: 3.29047e-05
eec: 168.971
weight: 1.00543e-05
eec: 1338.55
weight: 1.11229e-05
eec: 409.964
weight: 0.000123875
eec: 871.265
weight: 3.39185e-06
eec: 1362.95
weight: 8.04623e-05
eec: 255.354
weight: 6.19713e-05
eec: 239.602
weight: 0.000197023
eec: 489.91
weight: 1.46519e-05
eec: 1078.44
weight: 2.13002e-05
eec: 1081.5
weight: 8.21285e-06
eec: 734.152
weight: 3.73897e-05
eec: 801.016
weight: 0.000102173
eec: 299.155
weight: 2.84156e-05
eec: 1380.86
weight: 1.01755e-05
eec: 2016.14
weight: 9.59358e-06
eec: 565.34
weight: 2.56559e-05
eec: 678.554
weight: 0.000128538
eec: 153.87
weight: 8.60161e-05
eec: 626.307
weight: 0.000145143
eec: 471.561
weight: 3.95501e-05
eec: 469.244
weight: 2.53316e-05
eec: 139.622
weight: 3.31239e-05
eec: 281.809
weight: 2.47439e-05
eec: 1270.43
weight: 0.000252734
eec: 151.253
weight: 0.00468454
eec: 49.6768
weight: 2.31941e-05
eec: 63.8795
weight: 0.000301079
eec: 1208.97
weight: 0.000139184
eec: 92.4561
weight: 3.90709e-07
eec: 1265.09
weight: 0.000423508
eec: 380.409
weight: 5.08886e-06
eec: 427.276
weight: 9.46658e-06
eec: 1094.14
weight: 2.63645e-05
eec: 1376.12
weight: 0.000156483
eec: 48.3075
weight: 0.000156483
eec: 221.076
weight: 4.35502e-05
eec: 844.549
weight: 0.00054437
eec: 74.6989
weight: 1.07462e-05
eec: 1030.98
weight: 1.59212e-05
eec: 609.147
weight: 1.52829e-05
eec: 277.711
weight: 1.00951e-05
eec: 1186.79
weight: 5.12286e-05
eec: 204.612
weight: 3.94748e-05
eec: 1112.92
weight: 3.74731e-05
eec: 151.664
weight: 5.52521e-05
eec: 284.233
weight: 2.86019e-06
eec: 160.332
weight: 2.47581e-05
eec: 715.224
weight: 2.71846e-05
eec: 502.275
weight: 1.55302e-05
eec: 89.6072
weight: 0.000151274
eec: 126.67
weight: 1.62172e-05
eec: 1748.07
weight: 4.55097e-06
eec: 104.474
weight: 4.75661e-05
eec: 245.828
weight: 0.000409394
eec: 212.696
weight: 9.6858e-06
eec: 41.1617
weight: 6.92822e-05
eec: 248.915
weight: 5.18341e-05
eec: 90.2907
weight: 3.02864e-06
eec: 517.236
weight: 7.40512e-05
eec: 815.526
weight: 2.84836e-05
eec: 312.969
weight: 0.000233061
eec: 143.102
weight: 2.85113e-05
eec: 426.453
weight: 9.20578e-05
eec: 32.3142
weight: 1.58045e-05
eec: 589.753
weight: 2.74992e-05
eec: 771.096
weight: 0.000439866
eec: 276.536
weight: 0.000185806
eec: 312.917
weight: 7.94343e-06
eec: 194.98
weight: 0.000150769
eec: 227.957
weight: 0.000185766
eec: 33.4522
weight: 0.000103991
eec: 411.128
weight: 7.84232e-06
eec: 44.777
weight: 0.000119775
eec: 331.355
weight: 5.56549e-05
eec: 1757.23
weight: 1.56515e-05
eec: 123.623
weight: 7.62617e-06
eec: 487.354
weight: 9.46646e-07
eec: 429.373
weight: 8.30016e-05
eec: 1188.06
weight: 1.06188e-05
eec: 723.897
weight: 1.04242e-05
eec: 674.746
weight: 0.000172684
eec: 357.34
weight: 2.35186e-05
eec: 143.05
weight: 2.56043e-05
eec: 755.849
weight: 4.15954e-06
eec: 167.227
weight: 6.59035e-05
eec: 155.537
weight: 0.000393153
eec: 145.602
weight: 6.39602e-06
eec: 455.771
weight: 0.000400673
eec: 77.773
weight: 0.00010239
eec: 194.393
weight: 3.74153e-05
eec: 543.259
weight: 8.92139e-05
eec: 398.437
weight: 1.34353e-05
eec: 1081.03
weight: 3.6916e-06
eec: 2020.41
weight: 1.56172e-05
eec: 233.202
weight: 5.07702e-05
eec: 62.7215
weight: 4.60304e-07
eec: 156.704
weight: 0.000381406
eec: 39.0993
weight: 2.27403e-05
eec: 98.1305
weight: 1.1498e-05
eec: 179.152
weight: 4.4725e-06
eec: 203.262
weight: 1.65796e-05
eec: 116.428
weight: 3.08343e-05
eec: 847.003
weight: 9.67262e-05
eec: 389.09
weight: 1.75677e-05
eec: 67.9977
weight: 6.71399e-05
eec: 79.0417
weight: 5.18148e-06
eec: 148.42
weight: 5.40999e-05
eec: 252.194
weight: 7.56268e-06
eec: 1546.64
weight: 9.39876e-06
eec: 829.903
weight: 5.63443e-06
eec: 1429.09
weight: 4.4562e-05
eec: 478.673
weight: 2.39948e-05
eec: 530.063
weight: 1.32724e-05
eec: 627.115
weight: 0.000826882
eec: 284.377
weight: 1.8982e-05
eec: 255.705
weight: 6.12873e-05
eec: 1417.92
weight: 0.000226814
eec: 70.5204
weight: 6.87938e-06
eec: 984.313
weight: 1.53293e-05
eec: 98.5599
weight: 2.31924e-07
eec: 9.63849
weight: 2.85611e-05
eec: 44.2752
weight: 1.10143e-05
eec: 884.85
weight: 2.71041e-06
eec: 615.415
weight: 1.47042e-06
eec: 147.177
weight: 4.22476e-05
eec: 161.904
weight: 0.000347174
eec: 289.908
weight: 0.000424968
eec: 76.0797
weight: 5.38579e-05
eec: 503.462
weight: 1.4241e-06
eec: 356.983
weight: 8.99338e-06
eec: 270.747
weight: 3.43733e-05
eec: 183.554
weight: 1.34467e-05
eec: 1480.03
weight: 3.60485e-05
eec: 318.494
weight: 8.84774e-05
eec: 120.975
weight: 3.33179e-06
eec: 1358.54
weight: 1.14757e-05
eec: 546.509
weight: 3.02463e-08
eec: 625.073

ROOT exit code = 0
