gSystem->Load("run_condor_job_Run3_C.so");
run_condor_job_Run3(67, 100, 2,
                    80, 200,
                    1, 1, 1, 0);
.q

ENTERED run_condor_job_Run3()
JOBID = 67
  global job = 67  Job 67/100  events [4015980, 4075920)  total=5994000
Processing events [4015980, 4075920) of 5994000
weight: 1.67075e-05
eec: 227.305
weight: 7.85101e-05
eec: 255.052
weight: 6.38385e-06
eec: 393.688
weight: 1.23013e-05
eec: 8.4706
weight: 8.9733e-05
eec: 591.209
weight: 0.00045177
eec: 497.712
weight: 4.26762e-05
eec: 609.214
weight: 7.73809e-05
eec: 182.224
weight: 0.000136169
eec: 1157.18
weight: 7.37109e-05
eec: 467.632
weight: 2.26951e-06
eec: 1864.56
weight: 2.06172e-06
eec: 1275.95
weight: 1.25381e-05
eec: 1290.14
weight: 3.48382e-05
eec: 365.667
weight: 2.6525e-05
eec: 93.546
weight: 6.14799e-05
eec: 728.318
weight: 0.000148772
eec: 357.69
weight: 6.78316e-05
eec: 62.5444
weight: 0.00012752
eec: 630.719
weight: 2.63829e-05
eec: 58.6091
weight: 1.87673e-05
eec: 1433.76
weight: 3.67918e-06
eec: 543.205
weight: 0.000286102
eec: 343.506
weight: 2.38311e-05
eec: 745.932
weight: 4.61739e-05
eec: 139.016
weight: 2.7253e-05
eec: 269.331
weight: 9.34353e-07
eec: 265.089
weight: 2.08552e-05
eec: 294.543
weight: 2.37618e-05
eec: 725.362
weight: 0.000156041
eec: 35.6437
weight: 0.000163668
eec: 722.338
weight: 2.41033e-06
eec: 716.078
weight: 6.2331e-06
eec: 526.894
weight: 8.08154e-06
eec: 101.902
weight: 0.000279318
eec: 146.323
weight: 3.49667e-05
eec: 300.284
weight: 1.92258e-05
eec: 831.026
weight: 0.000285046
eec: 198.572
weight: 1.03478e-05
eec: 41.1963
weight: 2.22092e-05
eec: 592.628
weight: 3.10046e-06
eec: 512.039
weight: 1.29185e-05
eec: 78.0381
weight: 8.83928e-06
eec: 1690.19
weight: 0.000263045
eec: 408.695
weight: 1.82999e-05
eec: 2099.46
weight: 3.51009e-05
eec: 75.4658
weight: 1.97626e-07
eec: 872.266
weight: 0.000741647
eec: 702.207
weight: 1.3291e-05
eec: 535.713
weight: 1.58194e-05
eec: 518.738
weight: 5.27998e-05
eec: 1115.51
weight: 9.80577e-07
eec: 1300.9
weight: 3.47815e-06
eec: 478.693
weight: 4.40031e-06
eec: 136.392
weight: 4.27628e-05
eec: 136.175
weight: 0.000125668
eec: 1161.82
weight: 0.000104559
eec: 288.179
weight: 0.000356838
eec: 114.568
weight: 1.3265e-05
eec: 536.212
weight: 7.05719e-05
eec: 663.873
weight: 5.87857e-05
eec: 34.142
weight: 6.29578e-06
eec: 519.469
weight: 1.68346e-05
eec: 258.967
weight: 0.000339534
eec: 368.941
weight: 0.000339534
eec: 174.338
weight: 1.93575e-05
eec: 371.601
weight: 9.87506e-07
eec: 91.876
weight: 1.79146e-05
eec: 65.97
weight: 4.89593e-06
eec: 154.749
weight: 0.000143823
eec: 326.507
weight: 1.37206e-05
eec: 2343.19
weight: 0.000434223
eec: 322.702
weight: 1.0964e-06
eec: 241.543
weight: 3.40988e-06
eec: 285.358
weight: 0.00230189
eec: 227.132
weight: 3.8343e-05
eec: 227.293
weight: 4.04175e-05
eec: 279.012
weight: 0.000126144
eec: 1329.96
weight: 0.000122122
eec: 65.3664
weight: 1.79873e-07
eec: 392.394
weight: 1.55519e-05
eec: 474.902
weight: 6.0875e-05
eec: 92.1117
weight: 2.44898e-05
eec: 1684.1
weight: 4.14984e-05
eec: 1113.4
weight: 1.11923e-05
eec: 473.917
weight: 0.000310165
eec: 1071.18
weight: 5.13045e-05
eec: 140.569
weight: 0.00018631
eec: 356.805
weight: 7.55817e-06
eec: 98.9432
weight: 5.45314e-05
eec: 369.991
weight: 0.000348182
eec: 225.598
weight: 8.55357e-06
eec: 56.1481
weight: 0.000254045
eec: 104.392
weight: 5.05644e-05
eec: 709.46
weight: 2.46848e-07
eec: 216.304
weight: 5.29697e-05
eec: 672.186
weight: 4.28209e-06
eec: 1696.85
weight: 3.92511e-05
eec: 66.8627
weight: 2.27435e-06
eec: 387.339
weight: 1.74611e-05
eec: 1012.36
weight: 4.73271e-05
eec: 590.048
weight: 2.71204e-07
eec: 445.749
weight: 5.45649e-05
eec: 927.052
weight: 6.43562e-05
eec: 253.961
weight: 7.32086e-06
eec: 515.801
weight: 6.2389e-06
eec: 1285.92
weight: 0.000116346
eec: 190.985
weight: 6.1457e-05
eec: 428.181
weight: 0.000113755
eec: 345.391
weight: 8.67669e-07
eec: 85.7632
weight: 5.01063e-05
eec: 246.973
weight: 0.00018348
eec: 40.6074
weight: 7.44144e-07
eec: 691.003
weight: 6.75111e-05
eec: 415.441
weight: 2.79821e-06
eec: 457.52
weight: 1.2473e-05
eec: 68.1704
weight: 1.56685e-05
eec: 1190.5
weight: 8.18932e-06
eec: 89.5741
weight: 0.000255785
eec: 167.338
weight: 8.1112e-05
eec: 357.857
weight: 2.71479e-05
eec: 456.761
weight: 0.00094142
eec: 138.84
weight: 7.57856e-05
eec: 111.838
weight: 5.54596e-06
eec: 257.698
weight: 2.31626e-05
eec: 258.071
weight: 5.30741e-05
eec: 121.201
weight: 0.000198909
eec: 35.6299
weight: 4.95886e-06
eec: 348.622
weight: 0.000450115
eec: 436.475
weight: 1.48451e-06
eec: 158.387
weight: 2.94625e-06
eec: 169.122
weight: 1.0538e-05
eec: 103.101
weight: 9.15329e-05
eec: 44.9175
weight: 2.89825e-05
eec: 406.907
weight: 7.47162e-06
eec: 61.5466
Processing: 67.5676 %weight: 7.22366e-05
eec: 129.547
weight: 0.000251115
eec: 134.738
weight: 3.95499e-07
eec: 268.323
weight: 3.58107e-06
eec: 1580.64
weight: 9.12668e-06
eec: 1408.03
weight: 0.0005022
eec: 531.866
weight: 2.09474e-06
eec: 902.382
weight: 4.49328e-07
eec: 282.193
weight: 3.45237e-05
eec: 98.8942
weight: 4.97598e-06
eec: 76.4651
weight: 7.90133e-07
eec: 370.831
weight: 1.26813e-06
eec: 49.157
weight: 1.05575e-05
eec: 866.789
weight: 1.19028e-05
eec: 1688.17
weight: 8.80906e-05
eec: 283.137
weight: 0.000146453
eec: 2287.92
weight: 3.80187e-05
eec: 389.211
weight: 6.07463e-06
eec: 860.754
weight: 5.44391e-07
eec: 258.368
weight: 1.99196e-05
eec: 1304.44
weight: 3.61807e-05
eec: 705.219
weight: 5.22147e-05
eec: 175.14
weight: 4.59644e-06
eec: 1168.39
weight: 8.59957e-06
eec: 2898.25
weight: 1.22162e-05
eec: 308.278
weight: 3.02375e-06
eec: 739.662
weight: 3.3642e-05
eec: 895.107
weight: 0.000282567
eec: 15.5086
weight: 1.27569e-06
eec: 272.237
weight: 1.48434e-05
eec: 705.335
weight: 1.30979e-05
eec: 1852.02
weight: 1.88474e-05
eec: 628.955
weight: 2.66056e-05
eec: 301.081
weight: 1.06136e-06
eec: 355.805
weight: 1.91097e-06
eec: 291.066
weight: 6.56999e-07
eec: 557.965
weight: 1.94193e-05
eec: 375.746
weight: 1.69231e-05
eec: 1530.35
weight: 3.02798e-05
eec: 68.6187
weight: 3.24786e-06
eec: 115.857
weight: 0.000136108
eec: 288.473
weight: 0.000139863
eec: 453.309
weight: 3.4516e-06
eec: 519.477
weight: 1.21486e-05
eec: 150.515
weight: 0.000417126
eec: 371.609
weight: 4.27164e-06
eec: 9.75407
weight: 2.98459e-06
eec: 1164.08
weight: 6.77162e-05
eec: 1064.98
weight: 7.05536e-05
eec: 617.361
weight: 0.0015859
eec: 708.142
weight: 9.31938e-08
eec: 1130.3
weight: 2.83115e-05
eec: 538.542
weight: 0.000376154
eec: 225.167
weight: 9.46588e-05
eec: 206.379
weight: 6.10763e-06
eec: 1736.1
weight: 4.16498e-05
eec: 1421.83
weight: 1.07621e-05
eec: 390.642
weight: 4.39691e-07
eec: 245.61
weight: 0.000186254
eec: 387.392
weight: 0.000419115
eec: 117.994
weight: 4.50169e-05
eec: 1098.76
weight: 8.09091e-05
eec: 408.834
weight: 0.000171481
eec: 623.634
weight: 9.84806e-05
eec: 231.939
weight: 1.43807e-05
eec: 739.486
weight: 2.36265e-05
eec: 1596.45
weight: 0.000262949
eec: 200.49
weight: 9.88641e-06
eec: 212.099
weight: 1.28522e-05
eec: 808.89
weight: 0.000135851
eec: 23.8404
weight: 2.42876e-05
eec: 634.369
weight: 4.89263e-05
eec: 1311.47
weight: 2.31618e-05
eec: 1000.5
weight: 2.42838e-05
eec: 512.565
weight: 1.31847e-05
eec: 1106.25
weight: 1.45953e-05
eec: 48.4986
weight: 4.43981e-08
eec: 743.903
weight: 3.16281e-06
eec: 342.398
weight: 0.000223125
eec: 34.6089
weight: 8.80743e-05
eec: 128.031
weight: 7.41448e-05
eec: 147.541
weight: 3.81712e-05
eec: 687.988
weight: 7.35293e-05
eec: 414.026
weight: 1.59724e-05
eec: 113.147
weight: 0.000104345
eec: 112.807
weight: 3.18228e-05
eec: 1893.25
weight: 7.31109e-05
eec: 613.886
weight: 0.000347158
eec: 48.7776
weight: 6.46752e-05
eec: 761.8
weight: 8.21589e-05
eec: 136.091
weight: 2.27409e-05
eec: 831.564
weight: 3.92267e-05
eec: 67.4652
weight: 0.000577516
eec: 134.748
weight: 6.79839e-05
eec: 57.7001
weight: 3.02775e-06
eec: 605.932
weight: 9.25855e-06
eec: 351.252
weight: 1.74314e-06
eec: 1546.64
weight: 0.000859511
eec: 447.215
weight: 9.53359e-07
eec: 903.488
weight: 3.23837e-05
eec: 44.7067
weight: 4.12401e-05
eec: 92.9705
weight: 4.79731e-05
eec: 269.909
weight: 1.58515e-05
eec: 1050.83
weight: 0.000124511
eec: 323.195
weight: 4.49532e-05
eec: 20.968
weight: 8.76302e-06
eec: 241.16
weight: 9.68931e-06
eec: 715.738
weight: 0.000237463
eec: 759.264
weight: 3.67816e-05
eec: 272.286
weight: 2.07147e-06
eec: 820.405

ROOT exit code = 0
