gSystem->Load("run_condor_job_Run3_C.so");
run_condor_job_Run3(579, 100, 2,
                    80, 200,
                    1, 1, 1, 5);
.q

ENTERED run_condor_job_Run3()
JOBID = 579
  global job = 579  Job 79/100  events [4740000, 4800000)  total=6000000
Processing events [4740000, 4800000) of 6000000
weight: 1.08216e-05
eec: 1090.94
weight: 1.57769e-05
eec: 361.097
weight: 5.01316e-06
eec: 112.518
weight: 3.36394e-05
eec: 1162.83
weight: 4.56956e-05
eec: 71.5737
weight: 9.88436e-05
eec: 682.464
weight: 4.99752e-05
eec: 96.6124
weight: 1.00754e-05
eec: 198.042
weight: 5.58423e-05
eec: 240.191
weight: 5.65082e-06
eec: 319.205
weight: 2.53246e-05
eec: 160.687
weight: 3.72981e-07
eec: 532.215
weight: 1.56707e-06
eec: 2675.18
weight: 0.00380101
eec: 172.965
weight: 3.05627e-05
eec: 245.408
weight: 0.000226012
eec: 109.398
weight: 6.23207e-05
eec: 356.734
weight: 1.54787e-05
eec: 1615.51
weight: 4.84186e-05
eec: 237.324
weight: 1.44724e-06
eec: 1475.88
weight: 7.85067e-05
eec: 368.912
weight: 9.7401e-05
eec: 39.719
weight: 4.29286e-07
eec: 58.9887
weight: 0.000462061
eec: 938.507
weight: 4.03891e-05
eec: 814.482
weight: 1.6848e-05
eec: 141.61
weight: 5.86046e-06
eec: 1919.51
weight: 6.39149e-05
eec: 744.68
weight: 9.24171e-06
eec: 433.679
weight: 4.92248e-07
eec: 1804.85
weight: 0.000420138
eec: 466.392
weight: 5.00688e-07
eec: 1222.71
weight: 6.30618e-05
eec: 406.336
weight: 1.63571e-05
eec: 540.776
weight: 9.33558e-05
eec: 88.1756
weight: 3.63786e-05
eec: 572.432
weight: 7.49599e-06
eec: 859.109
weight: 5.72477e-07
eec: 602.628
weight: 2.11623e-06
eec: 779.747
weight: 8.10564e-06
eec: 24.4453
weight: 7.61165e-06
eec: 380.573
weight: 0.0001591
eec: 570.177
weight: 2.01417e-06
eec: 160.624
weight: 1.9029e-05
eec: 189.044
weight: 4.44316e-05
eec: 138.113
weight: 0.000249256
eec: 670.627
weight: 3.16344e-05
eec: 124.894
weight: 2.426e-05
eec: 1368.77
weight: 2.37388e-05
eec: 863.122
weight: 2.66553e-05
eec: 522.492
weight: 3.09136e-05
eec: 121.386
weight: 3.27957e-06
eec: 95.794
Processing: 79.1667 %weight: 1.49313e-05
eec: 1521.96
weight: 5.62601e-05
eec: 628.678
weight: 3.70733e-05
eec: 236.198
weight: 0.000215386
eec: 74.4549
weight: 1.25616e-05
eec: 426.961
weight: 3.17716e-05
eec: 818.248
weight: 5.02864e-06
eec: 903.16
weight: 5.88429e-05
eec: 41.8341
weight: 0.000132195
eec: 35.3405
weight: 9.45503e-05
eec: 817.202
weight: 0.00146151
eec: 587.396
weight: 0.00044075
eec: 274.858
weight: 0.000102067
eec: 29.1288
weight: 3.05766e-06
eec: 54.4078
weight: 7.83359e-07
eec: 1454.12
weight: 2.06921e-05
eec: 89.9164
weight: 1.08349e-05
eec: 36.543
weight: 7.55125e-06
eec: 262.308
weight: 0.000273633
eec: 1155.55
weight: 1.06537e-05
eec: 298.776
weight: 8.54708e-08
eec: 170.891
weight: 3.19282e-05
eec: 34.0076
weight: 7.82462e-07
eec: 602.572
weight: 2.65978e-05
eec: 148.75
weight: 0.000196151
eec: 184.162
weight: 0.000567312
eec: 710.894
weight: 0.000124232
eec: 758.194
weight: 8.50447e-06
eec: 522.883
weight: 0.000443448
eec: 859.289
weight: 4.05495e-05
eec: 469.293
weight: 1.81868e-05
eec: 330.368
weight: 3.98018e-05
eec: 885.526
weight: 0.000278275
eec: 137.946
weight: 3.07085e-07
eec: 2644.01
weight: 1.2651e-05
eec: 1062.19
weight: 5.73923e-05
eec: 250.769
weight: 1.5927e-05
eec: 174.847
weight: 7.51135e-05
eec: 638.299
weight: 3.12143e-05
eec: 63.5828
weight: 1.45219e-05
eec: 123.862
weight: 4.61405e-06
eec: 269.232
weight: 8.79217e-07
eec: 2370.27
weight: 5.90627e-07
eec: 332.137
weight: 2.60291e-05
eec: 482.451
weight: 0.000225273
eec: 86.6564
weight: 0.000179217
eec: 294.668
weight: 3.73333e-05
eec: 82
weight: 4.45271e-06
eec: 200.238
weight: 1.32857e-06
eec: 688.469
weight: 1.80432e-05
eec: 840.214
weight: 2.0999e-06
eec: 1455.45
weight: 9.52173e-06
eec: 233.399
weight: 2.98559e-07
eec: 369.464
weight: 7.05992e-05
eec: 206.381
weight: 8.3437e-05
eec: 11.0062
weight: 2.75024e-06
eec: 9.9006
weight: 5.3712e-05
eec: 14.2622
weight: 4.73152e-07
eec: 1253.2
weight: 1.86829e-05
eec: 2407.65
weight: 7.9866e-08
eec: 98.524
weight: 1.55149e-05
eec: 189.466
weight: 1.57148e-05
eec: 23.6206
weight: 8.12115e-07
eec: 1091.75
weight: 5.95008e-06
eec: 279.688
weight: 9.18603e-05
eec: 723.952
weight: 1.96724e-05
eec: 91.9171
weight: 1.98293e-05
eec: 2262.76
weight: 8.84931e-06
eec: 409.839
weight: 0.000227793
eec: 784.662
weight: 1.803e-05
eec: 340.471
weight: 1.11495e-05
eec: 589.394
weight: 0.000175863
eec: 1147.28
weight: 1.33561e-05
eec: 915.759
weight: 1.34641e-06
eec: 327.452
weight: 8.00235e-05
eec: 209.254
weight: 1.20966e-07
eec: 59.2366
weight: 0.000126778
eec: 470.344
weight: 0.000107918
eec: 166.129
weight: 1.63302e-05
eec: 695.575
weight: 1.30376e-05
eec: 1301.64
weight: 6.43098e-06
eec: 679.44
weight: 5.26876e-07
eec: 1295.87
weight: 0.000104664
eec: 2109.41
weight: 0.000298639
eec: 210.744
weight: 2.00071e-05
eec: 184.639
weight: 0.000218372
eec: 382.655
weight: 3.21545e-07
eec: 907.717
weight: 0.0131055
eec: 88.3311
weight: 7.55645e-05
eec: 31.2005
weight: 0.000277547
eec: 254.555
weight: 0.00026773
eec: 101.574
weight: 0.000138174
eec: 29.2444
weight: 2.93405e-05
eec: 1851.4
weight: 1.02424e-07
eec: 722.169
weight: 4.60276e-05
eec: 474.293
weight: 4.49484e-05
eec: 488.389
weight: 7.40673e-06
eec: 39.013
weight: 1.37329e-05
eec: 1116.55
weight: 7.23253e-05
eec: 424.051
weight: 7.68847e-06
eec: 399.466
weight: 2.64387e-06
eec: 2134.21
weight: 2.62226e-05
eec: 565.697
weight: 2.25695e-05
eec: 3269.54
weight: 7.21669e-06
eec: 367.162
weight: 5.02857e-05
eec: 80.3229
weight: 4.53277e-07
eec: 90.2397
weight: 1.22932e-05
eec: 478.715
weight: 0.000118492
eec: 19.1618
weight: 0.000186378
eec: 91.4576
weight: 1.21747e-05
eec: 360.69
weight: 8.92728e-06
eec: 1225.54
weight: 3.98942e-05
eec: 105.301
weight: 1.31018e-05
eec: 1245.61
weight: 5.76535e-05
eec: 33.4071
weight: 5.16732e-07
eec: 36.9296
weight: 0.000289596
eec: 157.795
weight: 2.58441e-05
eec: 68.9027
weight: 9.63205e-06
eec: 1177.46
weight: 7.14519e-06
eec: 2822
weight: 0.000168133
eec: 400.76
weight: 0.000179893
eec: 298.139
weight: 4.27477e-05
eec: 241.057
weight: 8.08419e-05
eec: 1924.31
weight: 1.17387e-05
eec: 1203.1
weight: 4.80281e-06
eec: 1417.55
weight: 2.28663e-05
eec: 657.484
weight: 3.32725e-06
eec: 289.891
weight: 0.000245867
eec: 338.899
weight: 1.52327e-06
eec: 282.69
weight: 0.000133908
eec: 457.257
weight: 9.06108e-05
eec: 323.539
weight: 5.01217e-06
eec: 359.555
weight: 1.3628e-05
eec: 1387.74
weight: 3.62353e-05
eec: 424.244
weight: 1.96554e-05
eec: 1028.51
weight: 0.000111695
eec: 31.2423
weight: 1.59235e-06
eec: 410.009
weight: 7.36816e-06
eec: 424.371
weight: 2.67922e-06
eec: 618.274
weight: 2.72302e-05
eec: 73.5823
weight: 6.26312e-05
eec: 859.128
weight: 2.61384e-06
eec: 687.439
weight: 3.08438e-05
eec: 1589.85
weight: 3.5423e-06
eec: 173.454
weight: 7.43643e-05
eec: 394.899
weight: 0.00032958
eec: 672.121
weight: 3.51429e-07
eec: 383.671
weight: 1.40245e-06
eec: 117.942
weight: 1.50424e-06
eec: 895.402
weight: 2.32768e-05
eec: 177.076
weight: 9.24031e-06
eec: 321.146
weight: 1.68104e-05
eec: 579.779
weight: 4.79951e-05
eec: 121.619
weight: 9.61925e-05
eec: 1050.96
weight: 2.22578e-05
eec: 456.877
weight: 8.39984e-06
eec: 319.948
weight: 5.11014e-05
eec: 78.3256
weight: 1.35401e-06
eec: 1265.65
weight: 0.000137871
eec: 121.583
weight: 0.000395676
eec: 798.137
weight: 8.45528e-06
eec: 443.95
weight: 1.65288e-05
eec: 50.8693
weight: 3.8701e-05
eec: 979.845
weight: 6.79585e-05
eec: 2.26818
weight: 0.000275672
eec: 491.87
weight: 5.29726e-05
eec: 656.006
weight: 7.85958e-06
eec: 129.072
weight: 0.000260123
eec: 148.186
weight: 0.000100626
eec: 516.009
weight: 2.25842e-05
eec: 126.943
weight: 8.20459e-06
eec: 607.696
weight: 7.18017e-06
eec: 227.892
weight: 0.000165089
eec: 593.007
weight: 2.45203e-06
eec: 438.99
weight: 2.42457e-06
eec: 585.181
weight: 0.000103799
eec: 228.912
weight: 9.05736e-06
eec: 304.104
weight: 2.57798e-06
eec: 764.4
weight: 0.000131868
eec: 111.684
weight: 7.09605e-05
eec: 67.9711
weight: 2.62888e-05
eec: 722.711
weight: 0.000512028
eec: 644.228
weight: 1.44292e-05
eec: 210.144
weight: 2.62679e-05
eec: 1008.69
weight: 2.62679e-05
eec: 811.547
weight: 3.70641e-05
eec: 293.796
weight: 6.43724e-06
eec: 121.624
weight: 3.37563e-06
eec: 1964.23
weight: 0.000393371
eec: 114.195
weight: 0.000147474
eec: 192.236
weight: 9.36867e-06
eec: 49.3702
weight: 0.000122692
eec: 290.198
weight: 0.000456986
eec: 71.8899
weight: 6.36666e-06
eec: 1634.93
weight: 1.69289e-05
eec: 121.982
weight: 0.000106258
eec: 285.866
weight: 4.17181e-05
eec: 2364.69
weight: 5.02376e-05
eec: 349.653
weight: 7.11848e-06
eec: 1713.26
weight: 5.16544e-06
eec: 80.1298
weight: 9.73561e-06
eec: 1031.73
weight: 9.69593e-06
eec: 480.881
weight: 9.41087e-05
eec: 27.386
weight: 7.45966e-06
eec: 201.582
weight: 2.47521e-05
eec: 2223.16
weight: 1.86345e-05
eec: 2081.63
weight: 4.59178e-05
eec: 626.902
weight: 5.94373e-05
eec: 306.123
weight: 2.91834e-05
eec: 680.67
weight: 2.0725e-06
eec: 54.4483

ROOT exit code = 0
