gSystem->Load("run_condor_job_Run3_C.so");
run_condor_job_Run3(415, 100, 2,
                    80, 200,
                    1, 1, 1, 4);
.q

ENTERED run_condor_job_Run3()
JOBID = 415
  global job = 415  Job 15/100  events [884700, 943680)  total=5898000
Processing events [884700, 943680) of 5898000
weight: 0.000286311
eec: 260.341
weight: 7.44224e-05
eec: 667.241
weight: 0.000124997
eec: 2159.35
weight: 2.86062e-05
eec: 1292.76
weight: 2.68773e-05
eec: 657.019
weight: 2.87672e-05
eec: 1062.22
weight: 6.24544e-05
eec: 156.005
weight: 3.10522e-05
eec: 550.961
weight: 1.28088e-05
eec: 720.609
weight: 5.48383e-06
eec: 955.357
weight: 1.40028e-05
eec: 161.925
weight: 0.000174737
eec: 82.4903
weight: 1.2735e-05
eec: 1241.76
weight: 1.44797e-05
eec: 191.973
weight: 6.67573e-05
eec: 26.2482
weight: 1.28502e-05
eec: 3049.93
weight: 0.000275328
eec: 1402.61
weight: 0.000308515
eec: 58.7929
weight: 3.26801e-05
eec: 1004.1
weight: 5.35519e-06
eec: 83.549
weight: 6.04458e-06
eec: 309.652
weight: 0.000104678
eec: 1149.77
weight: 8.8477e-06
eec: 918.359
weight: 4.32637e-05
eec: 307.534
weight: 0.000243147
eec: 916.975
weight: 7.98782e-06
eec: 586.52
weight: 6.44886e-05
eec: 479.55
weight: 0.000270504
eec: 452.715
weight: 0.000108435
eec: 946.168
weight: 8.68221e-06
eec: 325.16
weight: 3.81111e-05
eec: 2071.16
weight: 0.000287601
eec: 784.006
weight: 5.57807e-06
eec: 1078.78
weight: 1.05703e-05
eec: 909.898
weight: 0.000576564
eec: 332.95
weight: 9.79984e-06
eec: 572.02
weight: 2.17462e-05
eec: 1006.23
weight: 2.17462e-05
eec: 217.893
weight: 0.000166452
eec: 631.626
weight: 1.4094e-05
eec: 2278.29
weight: 2.37526e-06
eec: 379.546
weight: 1.04085e-05
eec: 125.706
weight: 0.000109144
eec: 566.321
weight: 7.10897e-06
eec: 656.511
weight: 0.000136343
eec: 260.827
weight: 4.25875e-07
eec: 3200.35
weight: 3.82762e-05
eec: 342.853
weight: 3.92148e-06
eec: 112.663
weight: 0.000134682
eec: 155.163
weight: 8.54652e-05
eec: 475.704
weight: 0.000211336
eec: 265.601
weight: 2.92202e-06
eec: 967.312
weight: 3.16722e-06
eec: 369.261
weight: 1.94468e-05
eec: 562.288
weight: 1.17624e-05
eec: 391.073
weight: 5.16083e-05
eec: 1459.66
weight: 3.45367e-06
eec: 386.807
weight: 2.27635e-05
eec: 556.661
Processing: 15.2594 %weight: 0.000107422
eec: 152.838
weight: 0.00018409
eec: 974.872
weight: 0.000197775
eec: 669.78
weight: 9.42446e-05
eec: 175.618
weight: 2.87657e-05
eec: 32.7726
weight: 9.99946e-06
eec: 1746.39
weight: 1.18323e-06
eec: 444.955
weight: 2.44631e-05
eec: 81.1101
weight: 1.18954e-05
eec: 461.796
weight: 0.000150007
eec: 809.025
weight: 1.04688e-05
eec: 3407.31
weight: 1.45314e-05
eec: 469.184
weight: 4.61819e-06
eec: 622.905
weight: 5.9283e-07
eec: 209.557
weight: 2.24552e-05
eec: 79.4568
weight: 4.36022e-06
eec: 586.821
weight: 1.91965e-05
eec: 357.413
weight: 0.000512928
eec: 849.627
weight: 1.25744e-06
eec: 1612.75
weight: 8.89025e-07
eec: 109.127
weight: 6.69801e-05
eec: 262.54
weight: 3.12755e-06
eec: 1440.17
weight: 1.33739e-06
eec: 63.3956
weight: 0.000422085
eec: 372.804
weight: 1.88479e-05
eec: 265.17
weight: 5.66498e-05
eec: 1261.05
weight: 0.000180594
eec: 1110.86
weight: 0.000180594
eec: 232.86
weight: 5.58328e-05
eec: 79.9744
weight: 1.3344e-05
eec: 749.174
weight: 9.13365e-06
eec: 1526.45
weight: 2.75906e-05
eec: 1805.01
weight: 2.98467e-05
eec: 225.36
weight: 1.25514e-05
eec: 283.713
weight: 7.83353e-06
eec: 110.023
weight: 2.5845e-05
eec: 4541.79
weight: 0.000838483
eec: 311.721
weight: 1.2565e-05
eec: 1185.43
weight: 9.97187e-06
eec: 214.437
weight: 2.23435e-06
eec: 206.027
weight: 3.17701e-05
eec: 1281.7
weight: 1.09056e-05
eec: 59.8796
weight: 0.000228511
eec: 188.796
weight: 4.55878e-05
eec: 15.6113
weight: 0.000134641
eec: 26.6706
weight: 1.51454e-06
eec: 1629.39
weight: 6.37196e-05
eec: 5.40127
weight: 2.53792e-05
eec: 1009.07
weight: 0.000264779
eec: 338.168
weight: 0.000331244
eec: 324.711
weight: 3.5168e-05
eec: 793.89
weight: 3.75436e-07
eec: 623.334
weight: 4.06848e-05
eec: 106.546
weight: 8.6693e-06
eec: 105.025
weight: 4.95188e-05
eec: 1158.2
weight: 1.92286e-05
eec: 305.306
weight: 0.000532361
eec: 304.756
weight: 0.000934776
eec: 182.315
weight: 1.13259e-05
eec: 186.134
weight: 2.72214e-05
eec: 149.918
weight: 1.25289e-05
eec: 89.5445
weight: 6.18639e-06
eec: 223.214
weight: 6.28913e-06
eec: 1708.44
weight: 2.38623e-05
eec: 249.924
weight: 1.01296e-05
eec: 469.395
weight: 0.000543901
eec: 349.788
weight: 2.65236e-05
eec: 477.642
weight: 0.000195378
eec: 1262.43
weight: 1.67936e-05
eec: 122.633
weight: 1.59355e-05
eec: 775.865
weight: 8.34199e-05
eec: 674.127
weight: 9.09057e-06
eec: 147.623
weight: 2.27437e-05
eec: 251.565
weight: 0.000208011
eec: 870.981
weight: 9.18807e-07
eec: 203.334
weight: 1.89234e-05
eec: 92.7
weight: 6.18487e-06
eec: 71.3085
weight: 4.42819e-06
eec: 653.015
weight: 2.87394e-06
eec: 594.93
weight: 2.19924e-07
eec: 340.385
weight: 2.34364e-06
eec: 318.079
weight: 6.50925e-09
eec: 566.092
weight: 6.13741e-06
eec: 300.853
weight: 0.000482996
eec: 279.717
weight: 9.15365e-05
eec: 247.943
weight: 8.46684e-06
eec: 1486.45
weight: 4.17274e-05
eec: 709.34
weight: 2.59617e-05
eec: 849.716
weight: 0.00108813
eec: 586.685
weight: 2.08044e-06
eec: 447.209
weight: 1.0187e-05
eec: 516.196
weight: 3.38706e-05
eec: 759.101
weight: 1.71787e-06
eec: 749.505
weight: 6.6757e-05
eec: 363.828
weight: 1.71108e-06
eec: 778.079
weight: 0.000157095
eec: 214.078
weight: 6.50312e-06
eec: 715.102
weight: 6.53899e-06
eec: 382.35
weight: 3.89023e-05
eec: 46.331
weight: 7.16163e-05
eec: 29.5352
weight: 2.92959e-07
eec: 480.894
weight: 6.51357e-06
eec: 505.998
weight: 2.99302e-05
eec: 42.0906
weight: 2.09394e-05
eec: 1381.53
weight: 1.17043e-06
eec: 253.162
weight: 1.87182e-05
eec: 323.857
weight: 7.18414e-05
eec: 628.679
weight: 6.63487e-05
eec: 188.407
weight: 1.44937e-05
eec: 1673.18
weight: 0.00027915
eec: 678.539
weight: 1.1673e-05
eec: 637.605
weight: 3.49554e-06
eec: 361.209
weight: 3.64273e-05
eec: 771.182
weight: 6.4738e-05
eec: 115.845
weight: 2.28262e-05
eec: 3238.09
weight: 1.94448e-05
eec: 501.223
weight: 3.73604e-06
eec: 3246.08
weight: 0.000362497
eec: 136.525
weight: 2.81367e-05
eec: 223.759
weight: 1.15051e-05
eec: 125.138
weight: 2.64567e-05
eec: 304.859
weight: 1.58514e-06
eec: 244.92
weight: 2.52155e-06
eec: 48.8055
weight: 4.11923e-05
eec: 668.602
weight: 8.62604e-06
eec: 467.469
weight: 1.97592e-05
eec: 333.229
weight: 8.03477e-06
eec: 1542.12
weight: 1.36673e-05
eec: 1125.58
weight: 4.27507e-05
eec: 1190.82
weight: 1.45851e-05
eec: 1699.14
weight: 0.000194022
eec: 147.341
weight: 2.15757e-06
eec: 653.67
weight: 5.14734e-06
eec: 366.558
weight: 0.000530775
eec: 238.483
weight: 1.38569e-05
eec: 507.393
weight: 7.68629e-06
eec: 508.087
weight: 2.39783e-05
eec: 1623.69
weight: 3.46707e-05
eec: 2279.88
weight: 0.000274288
eec: 64.3132
weight: 4.16547e-06
eec: 726.556
weight: 2.4049e-05
eec: 818.334
weight: 2.86884e-06
eec: 363.832
weight: 1.11038e-05
eec: 334.294
weight: 0.000350147
eec: 136.279
weight: 2.63158e-05
eec: 66.7757
weight: 0.000141019
eec: 509.839
weight: 5.47043e-06
eec: 509.312
weight: 1.89203e-05
eec: 1900.66
weight: 3.80874e-06
eec: 37.0464
weight: 1.09269e-05
eec: 525.464
weight: 5.03215e-05
eec: 960.301
weight: 9.19365e-06
eec: 699.146
weight: 0.000411884
eec: 336.053
weight: 9.31605e-06
eec: 146.019
weight: 9.21131e-06
eec: 97.1521
weight: 6.79965e-06
eec: 175.599
weight: 2.08022e-05
eec: 137.98
weight: 5.86152e-06
eec: 445.127
weight: 5.09969e-05
eec: 258.657
weight: 4.89128e-06
eec: 786.333
weight: 1.62425e-05
eec: 886.502
weight: 2.97484e-07
eec: 182.267
weight: 7.03508e-05
eec: 700.823
weight: 3.652e-06
eec: 341.846
weight: 8.03744e-05
eec: 826.488
weight: 1.99225e-05
eec: 74.8174
weight: 2.65897e-05
eec: 235.203
weight: 1.25307e-05
eec: 2294.87
weight: 0.000102561
eec: 345.627
weight: 1.47924e-05
eec: 442.606
weight: 1.19525e-05
eec: 758.743
weight: 7.45567e-05
eec: 262.494
weight: 4.5984e-05
eec: 1482.85
weight: 6.00091e-07
eec: 87.7441
weight: 5.30242e-05
eec: 746.431
weight: 3.65321e-05
eec: 921.431
weight: 8.62767e-05
eec: 325.675
weight: 2.34098e-06
eec: 342.133
weight: 2.78696e-06
eec: 694.326
weight: 1.53915e-07
eec: 430.067
weight: 0.000162695
eec: 1756.38
weight: 9.425e-06
eec: 433.915
weight: 3.34018e-06
eec: 313.663
weight: 0.000137472
eec: 127.642
weight: 9.79406e-06
eec: 2834.78

ROOT exit code = 0
