gSystem->Load("run_condor_job_Run3_C.so");
run_condor_job_Run3(218, 100, 2,
                    80, 200,
                    1, 1, 1, 2);
.q

ENTERED run_condor_job_Run3()
JOBID = 218
  global job = 218  Job 18/100  events [1080000, 1140000)  total=6000000
Processing events [1080000, 1140000) of 6000000
weight: 0.000117386
eec: 492.184
weight: 2.0257e-05
eec: 1073.12
weight: 4.81583e-05
eec: 42.6003
weight: 3.80798e-06
eec: 232.205
weight: 1.54978e-06
eec: 307.88
weight: 3.25027e-05
eec: 156.893
weight: 0.000190466
eec: 137.541
weight: 0.000757731
eec: 321.311
weight: 0.000123601
eec: 386.433
weight: 0.000313811
eec: 89.0909
weight: 8.02732e-07
eec: 539.352
weight: 5.29491e-05
eec: 124.065
weight: 3.78428e-05
eec: 197.165
weight: 0.0004717
eec: 230.223
weight: 0.000230083
eec: 639.186
weight: 0.000129512
eec: 150.069
weight: 0.00095149
eec: 245.393
weight: 2.37203e-05
eec: 1559.84
weight: 7.4064e-06
eec: 523.659
weight: 3.54996e-05
eec: 419.876
weight: 2.72479e-05
eec: 204.159
weight: 2.57145e-05
eec: 3423.46
weight: 2.29279e-05
eec: 311.933
weight: 1.35906e-05
eec: 1068.69
weight: 3.7541e-06
eec: 171.07
weight: 0.00023745
eec: 100.067
weight: 1.25386e-06
eec: 2031.36
weight: 1.7882e-05
eec: 1751.32
weight: 0.000131224
eec: 498.055
weight: 1.38244e-06
eec: 441.287
weight: 3.47727e-05
eec: 63.1591
weight: 0.00039077
eec: 634.756
weight: 2.25192e-05
eec: 1437.25
weight: 1.74877e-05
eec: 603.423
weight: 2.7456e-05
eec: 509.594
weight: 2.94242e-05
eec: 42.6269
weight: 4.49199e-05
eec: 347.927
weight: 5.9908e-05
eec: 618.972
weight: 1.79556e-05
eec: 80.4408
weight: 1.78517e-05
eec: 424.448
weight: 0.000150889
eec: 439.909
weight: 0.000166168
eec: 204.156
weight: 8.56815e-07
eec: 148.412
weight: 1.35352e-05
eec: 459.884
weight: 1.38971e-06
eec: 3419.13
weight: 0.000188291
eec: 244.122
weight: 9.42152e-06
eec: 172.716
weight: 6.34584e-05
eec: 41.3368
weight: 9.12085e-05
eec: 67.8315
weight: 5.5917e-07
eec: 716.32
weight: 4.83376e-06
eec: 478.262
weight: 0.000674439
eec: 4.42529
weight: 9.49702e-05
eec: 332.399
weight: 5.99081e-06
eec: 250.957
weight: 0.000133268
eec: 70.429
weight: 8.09434e-06
eec: 2332.99
weight: 0.000721179
eec: 72.6116
weight: 1.34818e-06
eec: 1156.78
weight: 5.93497e-06
eec: 741.491
weight: 3.589e-05
eec: 1284.6
weight: 2.96407e-05
eec: 1167.89
weight: 6.33075e-05
eec: 490.626
weight: 0.000237277
eec: 471.819
weight: 0.000232509
eec: 330.589
weight: 4.28649e-06
eec: 1067.01
weight: 7.48536e-05
eec: 1249.9
weight: 2.45337e-06
eec: 72.9875
weight: 0.000311676
eec: 261.166
weight: 8.92642e-06
eec: 475.719
weight: 3.4024e-05
eec: 366.677
weight: 2.82701e-05
eec: 1489.39
weight: 2.05826e-05
eec: 1231.28
Processing: 18.3333 %weight: 3.43778e-05
eec: 527.44
weight: 4.1404e-06
eec: 492.257
weight: 0.000216475
eec: 21.522
weight: 2.84408e-06
eec: 137.704
weight: 6.29545e-05
eec: 169.102
weight: 8.11914e-06
eec: 162.084
weight: 2.85171e-06
eec: 932.649
weight: 7.24355e-05
eec: 193.899
weight: 2.7643e-05
eec: 490.623
weight: 0.000114311
eec: 127.476
weight: 9.76236e-06
eec: 1255.5
weight: 1.60232e-05
eec: 1883.89
weight: 3.36234e-05
eec: 1314.55
weight: 7.76876e-05
eec: 1548
weight: 1.22108e-05
eec: 3681.65
weight: 9.56773e-07
eec: 644.377
weight: 3.71801e-05
eec: 512.792
weight: 3.46188e-05
eec: 1075.2
weight: 2.40808e-06
eec: 84.6567
weight: 8.7763e-06
eec: 822.333
weight: 0.000303861
eec: 334.808
weight: 2.44591e-05
eec: 2779.93
weight: 2.4439e-06
eec: 1003.97
weight: 5.87331e-05
eec: 85.2631
weight: 1.58583e-05
eec: 1700.29
weight: 2.95338e-05
eec: 545.626
weight: 0.000316905
eec: 200.04
weight: 1.84621e-05
eec: 55.5515
weight: 1.64673e-05
eec: 1135.07
weight: 2.47187e-05
eec: 959.501
weight: 0.000168674
eec: 26.535
weight: 0.000118109
eec: 339.08
weight: 6.56324e-05
eec: 264.772
weight: 4.0356e-06
eec: 342.882
weight: 4.29838e-06
eec: 440.908
weight: 6.97401e-05
eec: 357.805
weight: 8.39835e-06
eec: 2110.27
weight: 3.2745e-05
eec: 253.636
weight: 1.24585e-05
eec: 780.666
weight: 2.80268e-05
eec: 1712.3
weight: 0.000109926
eec: 139.902
weight: 5.54018e-06
eec: 439.266
weight: 4.2796e-05
eec: 336.886
weight: 0.000264654
eec: 431.104
weight: 2.58431e-06
eec: 2092.5
weight: 1.09198e-05
eec: 2986.06
weight: 0.000101047
eec: 1307.68
weight: 0.000101047
eec: 335.62
weight: 1.15825e-05
eec: 836.002
weight: 6.28293e-06
eec: 2368.21
weight: 4.79986e-06
eec: 258.826
weight: 2.91931e-06
eec: 285.22
weight: 0.000131009
eec: 154.557
weight: 2.99239e-06
eec: 1205.11
weight: 1.16082e-05
eec: 512.333
weight: 0.00020094
eec: 30.6458
weight: 1.18597e-06
eec: 398.55
weight: 0.000317897
eec: 438.365
weight: 0.000256361
eec: 321.491
weight: 2.40951e-05
eec: 99.9642
weight: 8.22944e-05
eec: 193.398
weight: 7.74687e-06
eec: 44.3656
weight: 3.58787e-05
eec: 1289.23
weight: 1.03575e-05
eec: 1646.74
weight: 0.000467165
eec: 384.909
weight: 9.02413e-05
eec: 87.7202
weight: 2.91982e-06
eec: 368.817
weight: 7.91043e-05
eec: 237.048
weight: 4.09981e-05
eec: 123.433
weight: 4.11646e-05
eec: 75.1303
weight: 7.0592e-06
eec: 128.707
weight: 7.30987e-06
eec: 2077.16
weight: 1.61415e-05
eec: 573.718
weight: 1.26155e-05
eec: 1002.49
weight: 0.000173364
eec: 603.19
weight: 2.60166e-07
eec: 109.006
weight: 7.32335e-06
eec: 794.288
weight: 3.68166e-05
eec: 464.156
weight: 1.05437e-06
eec: 398.041
weight: 4.30587e-05
eec: 1247.9
weight: 0.000148451
eec: 731.286
weight: 0.000393496
eec: 717.993
weight: 0.000142945
eec: 280.23
weight: 2.03263e-05
eec: 4.68885
weight: 0.000935023
eec: 73.1102
weight: 4.43781e-06
eec: 22.8465
weight: 0.000153833
eec: 130.658
weight: 6.1819e-06
eec: 306.842
weight: 0.000149024
eec: 119.778
weight: 0.00196528
eec: 10.3082
weight: 1.09878e-05
eec: 397.359
weight: 2.97577e-05
eec: 240.197
weight: 4.96007e-05
eec: 235.607
weight: 8.38433e-06
eec: 691.239
weight: 7.49564e-06
eec: 283.898
weight: 0.00033476
eec: 73.5043
weight: 1.74704e-06
eec: 727.505
weight: 5.52203e-05
eec: 155.298
weight: 0.00043527
eec: 1722.58
weight: 0.000128348
eec: 162.469
weight: 5.16697e-05
eec: 80.7738
weight: 0.000126806
eec: 38.2087
weight: 0.00232101
eec: 142.186
weight: 9.49881e-06
eec: 464.223
weight: 1.26238e-06
eec: 315.663
weight: 8.29458e-05
eec: 857.444
weight: 1.94884e-05
eec: 507.885
weight: 2.58953e-05
eec: 296.842
weight: 0.000159552
eec: 217.759
weight: 9.17725e-05
eec: 931.439
weight: 2.38582e-06
eec: 3260.26
weight: 0.000140813
eec: 237.627
weight: 0.000402851
eec: 824.286
weight: 3.55571e-05
eec: 296.218
weight: 4.55569e-05
eec: 1244.25
weight: 1.86816e-05
eec: 632.643
weight: 0.00011036
eec: 72.683
weight: 1.02427e-05
eec: 973.121
weight: 4.63787e-06
eec: 2324.02
weight: 3.30805e-05
eec: 133.318
weight: 0.000171709
eec: 1149.79
weight: 0.000198944
eec: 64.2607
weight: 6.0356e-05
eec: 834.099
weight: 0.000147609
eec: 305.347
weight: 2.1066e-05
eec: 1891.36
weight: 9.30922e-05
eec: 78.5901
weight: 1.42493e-05
eec: 133.122
weight: 2.12009e-05
eec: 122.416
weight: 2.47775e-05
eec: 786.261
weight: 2.50881e-06
eec: 89.9625
weight: 0.000236491
eec: 20.0054
weight: 2.35312e-05
eec: 596.822
weight: 3.43287e-06
eec: 67.8996
weight: 1.40174e-06
eec: 397.535
weight: 1.18613e-05
eec: 187.995
weight: 0.000114655
eec: 1330.63
weight: 9.1171e-05
eec: 284.319
weight: 3.32841e-06
eec: 1832.26
weight: 4.90984e-08
eec: 975.283
weight: 5.81323e-06
eec: 91.8148
weight: 1.70342e-06
eec: 1820.21
weight: 0.000284717
eec: 949.157
weight: 0.000251599
eec: 395.867
weight: 7.16621e-06
eec: 429.679
weight: 6.56506e-06
eec: 638.545
weight: 6.56631e-05
eec: 852.288
weight: 4.28004e-05
eec: 40.4499
weight: 2.94607e-07
eec: 405.911
weight: 0.00010086
eec: 258.146
weight: 0.000137049
eec: 111.537
weight: 0.000331169
eec: 349.827
weight: 3.04198e-05
eec: 984.497
weight: 4.01024e-06
eec: 366.591
weight: 2.03276e-05
eec: 356.797
weight: 3.85287e-05
eec: 2010.45
weight: 8.2849e-05
eec: 463.09
weight: 3.77555e-06
eec: 1075.43
weight: 0.000212891
eec: 38.916
weight: 2.29586e-05
eec: 317.977
weight: 8.65823e-06
eec: 630.401
weight: 5.76301e-06
eec: 256.107
weight: 0.000114249
eec: 1880.26
weight: 3.15317e-05
eec: 183.827
weight: 0.000426209
eec: 198.227
weight: 1.1158e-05
eec: 1097.13
weight: 8.71842e-06
eec: 400.17
weight: 3.70785e-05
eec: 194.187
weight: 5.37625e-06
eec: 174.826
weight: 4.11866e-06
eec: 122.313
weight: 9.90411e-05
eec: 1148.76
weight: 1.74724e-05
eec: 2317.36
weight: 1.40643e-05
eec: 422.1
weight: 6.53058e-05
eec: 570.786
weight: 0.000102636
eec: 220.654
weight: 4.66763e-06
eec: 475.229
weight: 5.42604e-05
eec: 239.098

ROOT exit code = 0
