gSystem->Load("run_condor_job_Run3_C.so");
run_condor_job_Run3(826, 100, 2,
                    80, 200,
                    1, 1, 1, 8);
.q

ENTERED run_condor_job_Run3()
JOBID = 826
  global job = 826  Job 26/100  events [1560000, 1620000)  total=6000000
Processing events [1560000, 1620000) of 6000000
weight: 1.3568e-06
eec: 385.539
weight: 3.16031e-05
eec: 1300.11
weight: 1.78826e-05
eec: 215.886
weight: 4.95881e-05
eec: 289.806
weight: 6.14029e-05
eec: 118.251
weight: 3.16572e-07
eec: 687.017
weight: 1.21882e-07
eec: 51.7628
weight: 0.000428475
eec: 371.942
weight: 0.000177854
eec: 136.287
weight: 6.08854e-05
eec: 73.3468
weight: 2.99268e-05
eec: 442.96
weight: 0.000446928
eec: 185.477
weight: 4.1668e-05
eec: 928.056
weight: 4.46996e-06
eec: 1520.84
weight: 2.07714e-05
eec: 63.5309
weight: 0.000238915
eec: 90.0557
weight: 3.07039e-05
eec: 393.054
weight: 0.000176786
eec: 2016.4
weight: 0.00043284
eec: 434.971
weight: 9.19232e-05
eec: 1155.82
weight: 9.00003e-07
eec: 404.437
weight: 5.3831e-07
eec: 789.034
weight: 2.71137e-05
eec: 2018.62
weight: 7.73627e-05
eec: 807.725
weight: 3.06335e-05
eec: 240.048
weight: 1.19143e-05
eec: 94.8774
weight: 0.000101177
eec: 414.364
weight: 2.29379e-05
eec: 1391.96
weight: 0.000352525
eec: 548.793
weight: 0.000432415
eec: 96.7696
weight: 2.93915e-06
eec: 301.304
weight: 7.36363e-05
eec: 203.153
weight: 4.20369e-05
eec: 454.708
weight: 4.20677e-05
eec: 75.6927
weight: 5.38679e-05
eec: 316.699
weight: 8.28488e-05
eec: 212.016
weight: 6.30674e-05
eec: 36.7689
weight: 1.71634e-05
eec: 557.895
weight: 1.11685e-06
eec: 1397.78
weight: 4.83945e-06
eec: 202.507
weight: 0.000270816
eec: 216.103
weight: 1.92273e-05
eec: 113.549
weight: 9.68897e-05
eec: 277.569
weight: 6.63114e-06
eec: 812.049
weight: 1.78558e-05
eec: 1668.55
weight: 2.43725e-05
eec: 344.729
weight: 5.98598e-05
eec: 211.693
weight: 3.3883e-06
eec: 967.24
weight: 6.13037e-06
eec: 1113.41
weight: 8.21129e-05
eec: 1034.74
weight: 6.38958e-07
eec: 282.824
weight: 2.64741e-05
eec: 502.292
weight: 1.56228e-05
eec: 900.409
weight: 4.15905e-05
eec: 1092.92
weight: 4.22859e-05
eec: 1170.3
weight: 1.75004e-05
eec: 504.064
weight: 8.40106e-07
eec: 483.118
weight: 2.54228e-05
eec: 901.784
weight: 2.34024e-06
eec: 1647.04
weight: 2.34024e-06
eec: 1308.4
weight: 1.49395e-05
eec: 191.462
weight: 3.06463e-05
eec: 66.8956
weight: 3.80672e-06
eec: 561.714
weight: 0.000160699
eec: 748.321
weight: 5.98574e-06
eec: 698.728
weight: 2.47787e-05
eec: 194.566
weight: 5.82744e-05
eec: 1684.5
weight: 9.01142e-05
eec: 1403.9
weight: 4.06624e-05
eec: 319.363
weight: 2.36819e-05
eec: 504.708
weight: 1.25514e-05
eec: 1328.11
weight: 5.11235e-06
eec: 372.158
weight: 6.05657e-06
eec: 89.5416
weight: 4.30815e-05
eec: 263.56
weight: 6.75044e-05
eec: 109.721
weight: 1.59493e-05
eec: 647.456
weight: 8.15833e-05
eec: 177.51
weight: 3.19886e-06
eec: 2750.43
weight: 0.000207063
eec: 370.844
weight: 6.70104e-05
eec: 1036.23
weight: 2.34798e-06
eec: 1232.95
weight: 4.66858e-05
eec: 293.45
weight: 1.43583e-05
eec: 428.017
weight: 3.50659e-05
eec: 878.966
weight: 9.00151e-06
eec: 184.903
weight: 0.000113189
eec: 172.968
weight: 5.64905e-05
eec: 94.2178
weight: 4.29167e-05
eec: 1415.62
weight: 1.98766e-05
eec: 350.514
weight: 0.000147569
eec: 608.019
weight: 0.000123853
eec: 38.3305
weight: 6.69211e-05
eec: 805.032
weight: 1.85358e-05
eec: 194.277
weight: 3.04835e-05
eec: 1186.66
weight: 4.64317e-06
eec: 223.692
weight: 6.23171e-05
eec: 1275.04
weight: 6.23171e-05
eec: 405.522
weight: 4.31332e-06
eec: 285.291
weight: 1.45002e-05
eec: 105.806
weight: 0.000192372
eec: 77.859
weight: 2.17515e-06
eec: 477.638
weight: 1.19521e-05
eec: 260.81
weight: 2.17211e-05
eec: 137.639
weight: 9.62802e-06
eec: 680.81
weight: 0.000160165
eec: 244.34
weight: 2.56188e-05
eec: 84.5994
weight: 0.000629934
eec: 342.87
weight: 3.66828e-05
eec: 91.2192
weight: 2.0161e-06
eec: 1878.47
weight: 1.965e-05
eec: 131.125
weight: 7.41705e-05
eec: 1153.3
weight: 6.20005e-05
eec: 248.033
weight: 7.71013e-06
eec: 89.3746
weight: 9.05258e-05
eec: 47.0206
weight: 5.96788e-05
eec: 189.94
weight: 0.000234878
eec: 333.994
weight: 1.00445e-05
eec: 129.301
weight: 1.56967e-05
eec: 1161.78
weight: 3.72842e-05
eec: 1348.03
weight: 2.39041e-08
eec: 714.002
weight: 1.5479e-05
eec: 2420.65
weight: 4.09246e-05
eec: 894.021
weight: 0.000114062
eec: 55.6227
weight: 1.7028e-07
eec: 517.029
weight: 5.54337e-06
eec: 1318.42
weight: 7.83158e-05
eec: 386.691
weight: 6.4369e-05
eec: 51.5422
weight: 1.32022e-05
eec: 30.856
weight: 0.000106136
eec: 396.067
weight: 2.64426e-05
eec: 1997.53
weight: 0.000197623
eec: 1248.19
weight: 1.00678e-05
eec: 1291.49
weight: 2.72935e-05
eec: 1273.76
weight: 0.000368579
eec: 564.334
weight: 0.000639496
eec: 331.12
weight: 2.03187e-05
eec: 452.423
weight: 2.50786e-05
eec: 461.922
weight: 7.30593e-06
eec: 1135.01
weight: 2.25215e-05
eec: 122.221
weight: 1.88359e-05
eec: 129.557
weight: 0.000843219
eec: 308.622
weight: 0.000278108
eec: 19.6779
weight: 7.85613e-05
eec: 171.687
weight: 0.000113798
eec: 552.054
weight: 6.70244e-05
eec: 502.215
weight: 1.35622e-05
eec: 228.553
weight: 6.77759e-06
eec: 203.814
weight: 3.11287e-05
eec: 270.815
weight: 3.93244e-06
eec: 157.488
weight: 5.13628e-05
eec: 58.1796
weight: 6.60942e-06
eec: 843.147
weight: 4.91521e-07
eec: 251.32
weight: 2.70147e-06
eec: 915.898
weight: 3.35978e-05
eec: 85.0156
weight: 4.53648e-06
eec: 1868.8
weight: 1.39076e-05
eec: 359.834
weight: 0.000474931
eec: 564.203
weight: 2.7897e-06
eec: 313.9
weight: 9.48155e-05
eec: 395.147
weight: 0.000269572
eec: 239.036
weight: 0.000379568
eec: 825.463
weight: 0.000140947
eec: 152.474
weight: 6.61891e-07
eec: 992.136
weight: 2.42335e-05
eec: 106.677
weight: 2.05069e-06
eec: 396.267
weight: 1.6786e-05
eec: 883.555
weight: 1.6786e-05
eec: 976.735
weight: 1.17353e-05
eec: 428.07
weight: 0.00252283
eec: 38.9872
Processing: 26.6667 %weight: 2.12596e-05
eec: 921.649
weight: 3.58751e-07
eec: 815.852
weight: 6.92013e-05
eec: 96.8655
weight: 8.7533e-06
eec: 315.958
weight: 0.00189357
eec: 49.8739
weight: 6.23163e-06
eec: 1989.53
weight: 8.3002e-06
eec: 14.3932
weight: 0.000141326
eec: 731.287
weight: 9.1165e-05
eec: 207.441
weight: 1.53505e-05
eec: 292.894
weight: 1.5794e-06
eec: 113.31
weight: 4.93304e-06
eec: 1036.26
weight: 0.000102141
eec: 167.532
weight: 4.98585e-05
eec: 278.409
weight: 3.89799e-05
eec: 215.834
weight: 1.00902e-06
eec: 139.95
weight: 1.81492e-05
eec: 2081.41
weight: 0.0017276
eec: 293.348
weight: 0.000141306
eec: 400.239
weight: 2.2556e-05
eec: 129.753
weight: 8.75143e-07
eec: 115.93
weight: 3.1472e-05
eec: 655.452
weight: 0.000773851
eec: 564.324
weight: 2.02114e-05
eec: 97.7005
weight: 1.33788e-05
eec: 14.8092
weight: 9.58043e-08
eec: 45.6426
weight: 4.88412e-06
eec: 1334.65
weight: 1.03294e-06
eec: 138.679
weight: 9.40767e-06
eec: 1336.37
weight: 6.70636e-07
eec: 1180.3
weight: 0.00019156
eec: 30.2046
weight: 2.22369e-05
eec: 1493.7
weight: 6.0648e-06
eec: 307.069
weight: 9.83984e-08
eec: 715.378
weight: 2.60828e-05
eec: 283.193
weight: 1.02977e-05
eec: 1052.84
weight: 3.37776e-05
eec: 394.123
weight: 5.49539e-06
eec: 249.85
weight: 1.96603e-05
eec: 309.749
weight: 1.48293e-05
eec: 505.935
weight: 4.74511e-07
eec: 146.611
weight: 1.15329e-05
eec: 810.509
weight: 6.28784e-05
eec: 885.29
weight: 0.000115756
eec: 267.157
weight: 1.63413e-05
eec: 426.733
weight: 2.52793e-05
eec: 278.182
weight: 4.11507e-06
eec: 855.047
weight: 7.15181e-06
eec: 495.012
weight: 2.20937e-05
eec: 52.964
weight: 1.86981e-05
eec: 507.383
weight: 0.000449898
eec: 62.6699
weight: 8.5286e-05
eec: 61.1118
weight: 3.5816e-05
eec: 198.959
weight: 2.48412e-06
eec: 230.125
weight: 2.29037e-06
eec: 1232.23
weight: 8.31929e-05
eec: 1142.22
weight: 4.42921e-05
eec: 109.989
weight: 0.000199552
eec: 183.593
weight: 9.87271e-06
eec: 2170.47
weight: 1.30176e-05
eec: 1394.96
weight: 6.39487e-06
eec: 463.808
weight: 3.57553e-05
eec: 1558.35
weight: 9.3471e-06
eec: 179.429
weight: 5.13941e-05
eec: 261.995
weight: 0.000106337
eec: 120.611
weight: 7.25634e-06
eec: 683.019
weight: 0.000721301
eec: 212.584
weight: 6.89294e-07
eec: 115.08
weight: 3.03026e-06
eec: 726.833
weight: 9.2499e-06
eec: 212.624
weight: 1.21302e-05
eec: 666.35
weight: 1.24592e-05
eec: 560.69
weight: 1.15163e-05
eec: 596.552
weight: 2.82689e-05
eec: 464.073
weight: 7.83966e-06
eec: 343.808
weight: 1.41426e-05
eec: 310.997
weight: 5.7456e-06
eec: 224.81
weight: 9.80278e-07
eec: 84.8545
weight: 8.98454e-05
eec: 1110.77
weight: 8.07912e-06
eec: 251.633
weight: 1.0152e-05
eec: 8.88062
weight: 3.78593e-08
eec: 333.251
weight: 2.81477e-05
eec: 265.537
weight: 4.74414e-07
eec: 1033.14
weight: 3.3276e-07
eec: 25.0715
weight: 3.2249e-06
eec: 389.875
weight: 0.000257816
eec: 57.9866
weight: 9.93065e-06
eec: 27.269
weight: 3.66355e-06
eec: 468.282
weight: 0.000468164
eec: 228.995

ROOT exit code = 0
