gSystem->Load("run_condor_job_Run3_C.so");
run_condor_job_Run3(173, 100, 2,
                    80, 200,
                    1, 1, 1, 1);
.q

ENTERED run_condor_job_Run3()
JOBID = 173
  global job = 173  Job 73/100  events [4279260, 4337880)  total=5862000
Processing events [4279260, 4337880) of 5862000
weight: 3.05887e-07
eec: 679.556
weight: 0.000453031
eec: 1380.88
weight: 2.04727e-06
eec: 99.538
weight: 5.56961e-06
eec: 268.249
weight: 0.000125134
eec: 909.799
weight: 0.000111931
eec: 172.314
weight: 9.86789e-05
eec: 131.635
weight: 4.87398e-06
eec: 97.6728
weight: 6.2265e-07
eec: 61.6168
weight: 2.4465e-05
eec: 1768.67
weight: 0.000218579
eec: 626.387
weight: 5.0662e-06
eec: 681.696
weight: 2.11279e-06
eec: 1346.18
weight: 3.85925e-06
eec: 104.292
weight: 3.48724e-06
eec: 430.326
weight: 3.10601e-05
eec: 309.157
weight: 1.67618e-05
eec: 820.172
weight: 7.22158e-06
eec: 1016.91
weight: 9.44284e-06
eec: 2329.27
weight: 1.32165e-05
eec: 209.68
weight: 5.67095e-05
eec: 506.499
weight: 3.55758e-05
eec: 271.883
weight: 1.36057e-05
eec: 282.276
weight: 2.20443e-05
eec: 1667.26
weight: 2.71041e-06
eec: 836.024
weight: 4.8109e-05
eec: 312.956
weight: 1.91245e-05
eec: 450.759
weight: 4.58979e-05
eec: 189.16
weight: 1.61957e-06
eec: 95.3081
weight: 5.63446e-07
eec: 188.355
weight: 1.63137e-05
eec: 919.248
weight: 9.08809e-06
eec: 611.177
weight: 1.82432e-05
eec: 135.545
weight: 2.58375e-06
eec: 637.951
weight: 6.03407e-05
eec: 134.429
weight: 1.52614e-06
eec: 1252.34
weight: 7.0203e-07
eec: 296.285
weight: 0.00040771
eec: 412.89
weight: 0.000165554
eec: 389.677
weight: 1.82903e-05
eec: 255.556
weight: 3.86958e-05
eec: 208.444
weight: 3.7292e-06
eec: 125.151
weight: 0.000665874
eec: 249.583
weight: 9.54169e-06
eec: 1875.5
weight: 0.000210946
eec: 168.481
weight: 1.29753e-05
eec: 14.6046
weight: 7.17846e-06
eec: 269.055
weight: 1.07506e-05
eec: 3673.21
weight: 3.38402e-05
eec: 364.883
weight: 2.57491e-05
eec: 372.934
weight: 0.000123768
eec: 261.675
weight: 2.52622e-05
eec: 726.349
weight: 5.54783e-05
eec: 80.5937
weight: 9.24195e-05
eec: 184.122
weight: 0.00018187
eec: 918.669
weight: 7.05943e-06
eec: 1434.32
weight: 6.00686e-06
eec: 101.077
weight: 8.15982e-07
eec: 436.502
weight: 5.36458e-06
eec: 10.3756
weight: 5.36458e-06
eec: 140.584
weight: 5.51979e-06
eec: 701.962
weight: 1.00939e-05
eec: 822.018
weight: 7.60707e-08
eec: 78.1082
weight: 0.00015471
eec: 3.96515
weight: 2.24707e-05
eec: 952.701
weight: 0.000109037
eec: 1105.49
weight: 1.80501e-05
eec: 21.5364
weight: 6.9779e-07
eec: 149.854
weight: 0.000128268
eec: 32.1902
weight: 0.00041764
eec: 910.052
weight: 0.000130917
eec: 254.458
weight: 3.95259e-05
eec: 19.5431
weight: 1.77953e-05
eec: 1865.94
weight: 1.23929e-05
eec: 932.874
weight: 2.0552e-05
eec: 235.903
weight: 0.000104397
eec: 1107.24
weight: 0.000564566
eec: 376.786
weight: 4.36478e-06
eec: 985.341
weight: 2.29227e-07
eec: 2577.16
weight: 4.4965e-06
eec: 204.348
weight: 1.38502e-05
eec: 206.975
weight: 5.15008e-05
eec: 164.152
weight: 2.23114e-05
eec: 311.652
weight: 9.18019e-05
eec: 273.526
weight: 1.49402e-06
eec: 733.431
weight: 1.07226e-05
eec: 356.636
weight: 4.30728e-06
eec: 1564.16
weight: 2.62921e-07
eec: 1584.37
weight: 0.000187743
eec: 362.531
weight: 0.000606485
eec: 487.852
weight: 1.77479e-05
eec: 201.023
weight: 0.000296054
eec: 57.9362
weight: 0.000520563
eec: 111.804
weight: 5.64254e-05
eec: 165.172
weight: 0.000144753
eec: 94.4271
weight: 2.96175e-06
eec: 636.318
Processing: 73.3538 %weight: 1.98282e-05
eec: 196.975
weight: 7.30026e-06
eec: 216.707
weight: 0.000163672
eec: 1349.79
weight: 9.47594e-05
eec: 174.901
weight: 0.000121577
eec: 404.439
weight: 8.27101e-07
eec: 261.555
weight: 5.27506e-08
eec: 534.049
weight: 2.93041e-06
eec: 418.873
weight: 2.21659e-05
eec: 198.944
weight: 1.0289e-05
eec: 899.024
weight: 8.0076e-08
eec: 1966.4
weight: 4.99922e-05
eec: 797.189
weight: 8.99969e-05
eec: 86.4267
weight: 2.31757e-07
eec: 110.726
weight: 0.000405194
eec: 253.439
weight: 5.79627e-07
eec: 1818.2
weight: 0.000146745
eec: 168.964
weight: 5.07022e-05
eec: 456.656
weight: 0.000172897
eec: 482.209
weight: 1.03132e-06
eec: 1030.03
weight: 6.40924e-06
eec: 869.209
weight: 1.0984e-05
eec: 358.814
weight: 9.55627e-05
eec: 848.176
weight: 0.000145349
eec: 369.312
weight: 7.82165e-05
eec: 432.743
weight: 1.64405e-05
eec: 66.9065
weight: 8.50928e-06
eec: 160.345
weight: 3.25186e-05
eec: 35.7147
weight: 1.09965e-06
eec: 52.3319
weight: 2.57251e-05
eec: 48.5707
weight: 2.45278e-05
eec: 974.805
weight: 1.18447e-05
eec: 413.092
weight: 0.00010014
eec: 313.611
weight: 0.00020826
eec: 387.203
weight: 0.000203247
eec: 65.32
weight: 4.56913e-05
eec: 738.99
weight: 7.12844e-06
eec: 51.7321
weight: 8.14731e-05
eec: 202.622
weight: 1.47463e-05
eec: 1127.68
weight: 7.62304e-06
eec: 2410.78
weight: 4.30846e-05
eec: 95.888
weight: 7.38536e-06
eec: 166.853
weight: 1.08849e-08
eec: 1334.37
weight: 6.86883e-05
eec: 574.959
weight: 8.45806e-05
eec: 1943.56
weight: 1.55968e-05
eec: 716.173
weight: 3.93202e-05
eec: 298.588
weight: 4.26561e-05
eec: 511.741
weight: 1.8243e-07
eec: 100.977
weight: 2.2774e-06
eec: 1850.26
weight: 0.000115533
eec: 466.726
weight: 1.24565e-05
eec: 2787.47
weight: 4.8581e-05
eec: 226.631
weight: 3.04722e-06
eec: 403.477
weight: 4.0231e-05
eec: 421.195
weight: 0.0001895
eec: 94.0399
weight: 2.37331e-05
eec: 132.718
weight: 4.5961e-05
eec: 559.247
weight: 2.491e-05
eec: 301.164
weight: 0.000100334
eec: 240.746
weight: 0.000486389
eec: 118.679
weight: 0.000265834
eec: 22.7286
weight: 0.000595771
eec: 386.429
weight: 4.25518e-05
eec: 803.478
weight: 3.90569e-06
eec: 1578.13
weight: 0.0002486
eec: 600.128
weight: 1.21828e-05
eec: 428.284
weight: 1.18703e-06
eec: 934.723
weight: 5.19706e-05
eec: 54.2326
weight: 2.53804e-05
eec: 1816.03
weight: 1.06206e-05
eec: 193.951
weight: 2.21251e-06
eec: 575.572
weight: 4.80679e-05
eec: 534.33
weight: 7.06515e-05
eec: 846.123
weight: 0.000511767
eec: 4.80109
weight: 8.04168e-05
eec: 210.908
weight: 1.8007e-05
eec: 186.712
weight: 1.1128e-05
eec: 2158.98
weight: 5.58054e-05
eec: 282.205
weight: 7.72136e-06
eec: 542.292
weight: 0.000373833
eec: 388.624
weight: 7.29479e-05
eec: 318.852
weight: 0.000102892
eec: 2493.21
weight: 8.28374e-06
eec: 585.189
weight: 0.000129474
eec: 1159.35
weight: 1.56122e-05
eec: 959.611
weight: 0.000219251
eec: 608.87
weight: 2.52502e-05
eec: 443.936
weight: 4.70628e-06
eec: 1172.34
weight: 8.89886e-05
eec: 1634.89
weight: 7.93978e-06
eec: 1545.26
weight: 0.000107645
eec: 107.768
weight: 6.62697e-06
eec: 1330.09
weight: 0.000226784
eec: 910.344
weight: 6.63343e-06
eec: 30.8856
weight: 4.39275e-05
eec: 760.239
weight: 6.81583e-06
eec: 1198.28
weight: 0.000187508
eec: 306.661
weight: 6.21698e-05
eec: 347.287
weight: 1.34835e-05
eec: 1673.05
weight: 3.90222e-05
eec: 74.9681
weight: 0.0001535
eec: 635.823
weight: 2.0101e-06
eec: 1106.65
weight: 3.2054e-05
eec: 91.769
weight: 3.85066e-05
eec: 1156.65
weight: 6.61253e-06
eec: 279.624
weight: 9.31673e-07
eec: 132.759
weight: 2.06816e-05
eec: 367.857
weight: 2.32785e-07
eec: 18.8463
weight: 0.000137574
eec: 107.012
weight: 0.000235781
eec: 157.752
weight: 1.11221e-05
eec: 68.0617
weight: 2.43602e-06
eec: 43.5446
weight: 2.6877e-05
eec: 481.674
weight: 1.50252e-07
eec: 626.833
weight: 4.53842e-06
eec: 684.276
weight: 7.37724e-05
eec: 637.147
weight: 2.73537e-05
eec: 268.341
weight: 1.12808e-05
eec: 369.207
weight: 1.16656e-05
eec: 176.844
weight: 1.89518e-05
eec: 666.084
weight: 4.14178e-05
eec: 392.288
weight: 2.90553e-05
eec: 556.483
weight: 1.92135e-06
eec: 193.136
weight: 3.29646e-05
eec: 201.954
weight: 0.000184701
eec: 2155.62
weight: 6.38828e-06
eec: 306.248
weight: 2.04283e-06
eec: 533.104
weight: 5.69127e-06
eec: 187.696
weight: 4.41959e-05
eec: 24.6717
weight: 1.94907e-05
eec: 1562.7
weight: 5.09538e-05
eec: 409.553
weight: 1.73644e-05
eec: 169.057
weight: 0.00013983
eec: 123.441
weight: 9.68263e-05
eec: 36.1301
weight: 0.000116903
eec: 65.2551
weight: 0.000613596
eec: 114.472
weight: 5.53934e-06
eec: 1777.83
weight: 2.50134e-05
eec: 99.1153
weight: 2.05147e-05
eec: 496.26
weight: 9.09791e-05
eec: 111.107
weight: 4.96649e-06
eec: 412.678
weight: 0.000137109
eec: 473.173
weight: 1.08445e-05
eec: 881.496
weight: 3.12309e-05
eec: 126.761
weight: 0.000256557
eec: 29.283
weight: 4.57448e-05
eec: 112.762
weight: 1.26039e-07
eec: 904.118
weight: 3.59113e-06
eec: 419.985
weight: 8.65974e-06
eec: 188.703
weight: 5.47672e-07
eec: 126.943
weight: 1.69224e-08
eec: 840.892
weight: 1.47628e-06
eec: 1362.48
weight: 2.09662e-05
eec: 48.6558
weight: 6.37026e-06
eec: 665.721
weight: 4.93983e-06
eec: 1798.75
weight: 3.45338e-06
eec: 523.893
weight: 2.23055e-05
eec: 45.2776
weight: 3.88519e-05
eec: 589.34

ROOT exit code = 0
