gSystem->Load("run_condor_job_Run3_C.so");
run_condor_job_Run3(336, 100, 2,
                    80, 200,
                    1, 1, 1, 3);
.q

ENTERED run_condor_job_Run3()
JOBID = 336
  global job = 336  Job 36/100  events [2160000, 2220000)  total=6000000
Processing events [2160000, 2220000) of 6000000
weight: 2.27402e-05
eec: 2552.16
weight: 3.55169e-05
eec: 155.28
weight: 5.85861e-06
eec: 436.298
weight: 0.000577475
eec: 105.928
weight: 5.59299e-05
eec: 34.6162
weight: 0.000166739
eec: 37.2621
weight: 7.04244e-05
eec: 388.093
weight: 3.3805e-05
eec: 16.3393
weight: 1.03519e-05
eec: 1337.66
weight: 0.000130667
eec: 925.236
weight: 5.3561e-05
eec: 151.172
weight: 2.9294e-06
eec: 89.2163
weight: 2.9294e-06
eec: 737.378
weight: 5.57495e-05
eec: 1246.13
weight: 4.80812e-05
eec: 86.4644
weight: 3.59071e-05
eec: 3173.28
weight: 4.38252e-06
eec: 145.962
weight: 1.0652e-05
eec: 2840.64
weight: 2.53816e-06
eec: 1240.47
weight: 2.75905e-05
eec: 960.823
weight: 6.33562e-06
eec: 2016.54
weight: 2.60225e-06
eec: 390.677
weight: 1.45333e-05
eec: 807.973
weight: 4.04466e-06
eec: 3175.93
weight: 0.000145728
eec: 21.1289
weight: 0.000117469
eec: 122.119
weight: 0.000186224
eec: 543.495
weight: 5.22375e-05
eec: 310.074
weight: 1.61281e-05
eec: 996.856
weight: 1.05234e-06
eec: 55.3522
weight: 5.616e-05
eec: 729.307
weight: 3.43001e-05
eec: 824.024
weight: 0.000397174
eec: 599.353
weight: 7.86133e-05
eec: 859.746
weight: 0.000136637
eec: 208.454
weight: 6.52487e-05
eec: 861.635
weight: 0.000381743
eec: 70.173
weight: 8.48565e-05
eec: 355.092
weight: 2.42818e-05
eec: 456.575
weight: 4.66037e-06
eec: 104.237
weight: 5.35176e-05
eec: 462.101
weight: 2.11273e-05
eec: 2176.71
weight: 5.11981e-05
eec: 2099.45
weight: 0.000122451
eec: 1261.2
weight: 4.90222e-05
eec: 398.013
weight: 2.21183e-05
eec: 996.074
weight: 0.00031457
eec: 203.396
weight: 9.08739e-06
eec: 272.291
weight: 2.78636e-05
eec: 899.972
weight: 0.000131296
eec: 272.164
weight: 6.97168e-05
eec: 38.3276
weight: 0.000209938
eec: 214.751
weight: 7.97315e-07
eec: 545.922
weight: 7.54678e-06
eec: 289.384
weight: 4.63578e-05
eec: 251.623
weight: 0.000111606
eec: 1413.15
weight: 2.71191e-05
eec: 505.264
weight: 8.04442e-05
eec: 4.69002
weight: 7.69018e-06
eec: 639.466
weight: 2.00673e-05
eec: 313.595
weight: 2.39866e-05
eec: 2163.94
weight: 7.55857e-05
eec: 114.967
weight: 0.000161697
eec: 622.744
weight: 1.26771e-05
eec: 1245.81
weight: 4.39804e-09
eec: 415.519
weight: 2.75257e-06
eec: 695.13
weight: 1.2276e-05
eec: 540.223
weight: 3.28996e-05
eec: 605.995
weight: 0.00112951
eec: 61.0442
weight: 5.58742e-05
eec: 724.654
weight: 3.00133e-05
eec: 181.618
weight: 0.000440909
eec: 183.559
weight: 6.66445e-05
eec: 611.757
weight: 8.53308e-06
eec: 684.261
weight: 1.76964e-05
eec: 653.677
weight: 9.01715e-07
eec: 551.934
weight: 1.34293e-05
eec: 55.428
weight: 2.50965e-06
eec: 218.01
weight: 2.20148e-06
eec: 2360.6
weight: 0.000432271
eec: 669.873
weight: 5.90627e-06
eec: 370.586
weight: 1.10017e-07
eec: 216.766
weight: 2.02456e-05
eec: 222.282
weight: 6.93474e-05
eec: 272.957
weight: 8.93674e-06
eec: 380.332
weight: 0.000241928
eec: 40.0524
weight: 3.23039e-07
eec: 1756.19
weight: 3.95209e-05
eec: 407.89
weight: 0.000240344
eec: 946.062
weight: 0.000134924
eec: 628.772
weight: 2.16521e-05
eec: 1173.37
weight: 0.000134884
eec: 107.252
weight: 2.79389e-05
eec: 223.073
weight: 1.93077e-05
eec: 464.178
weight: 1.62299e-05
eec: 1004.1
weight: 0.0001111
eec: 107.596
weight: 6.00284e-06
eec: 248.727
weight: 4.3851e-05
eec: 1481.42
weight: 4.3851e-05
eec: 796.175
weight: 0.000112384
eec: 217.022
weight: 0.000430883
eec: 55.5226
weight: 3.12879e-06
eec: 79.3555
weight: 2.53575e-05
eec: 991.858
weight: 1.43862e-05
eec: 98.3237
weight: 1.19831e-05
eec: 1932.39
weight: 1.22183e-05
eec: 37.9663
weight: 5.44719e-06
eec: 702.695
weight: 6.13464e-05
eec: 305.732
weight: 0.000175946
eec: 835.928
weight: 2.82059e-06
eec: 138.155
weight: 1.30717e-07
eec: 111.456
weight: 3.1972e-05
eec: 351.906
weight: 1.89798e-05
eec: 44.49
weight: 2.40314e-05
eec: 584.454
weight: 4.99779e-05
eec: 70.119
weight: 4.54844e-05
eec: 812.51
weight: 3.15711e-06
eec: 1613.09
weight: 0.00052244
eec: 260.954
weight: 2.56947e-05
eec: 28.6062
weight: 1.21529e-05
eec: 20.1861
weight: 9.92502e-06
eec: 338.534
weight: 4.52541e-07
eec: 391.586
weight: 8.40887e-07
eec: 214.541
weight: 1.14023e-05
eec: 96.5271
weight: 7.0175e-06
eec: 416.439
weight: 0.000395116
eec: 133.858
weight: 3.96995e-05
eec: 236.751
weight: 1.74791e-05
eec: 3475.67
weight: 0.000117767
eec: 417.217
weight: 2.10332e-05
eec: 2116.19
weight: 0.000115044
eec: 705.353
weight: 4.72798e-05
eec: 563.422
weight: 4.84686e-05
eec: 35.3419
weight: 8.37584e-07
eec: 188.391
weight: 1.29038e-05
eec: 1466.09
weight: 1.46421e-05
eec: 343.665
weight: 0.000334654
eec: 649.135
weight: 0.000110316
eec: 1050.15
weight: 4.8705e-05
eec: 837.33
weight: 0.00030128
eec: 138.873
weight: 8.01845e-06
eec: 465.539
weight: 0.000259866
eec: 234.208
weight: 9.02773e-06
eec: 390.391
weight: 3.99313e-05
eec: 315.84
weight: 3.15902e-05
eec: 30.0602
weight: 1.75605e-05
eec: 882.509
weight: 8.8987e-05
eec: 37.7562
weight: 8.05161e-05
eec: 47.4296
weight: 5.72555e-06
eec: 1227.61
weight: 9.00264e-05
eec: 577.847
weight: 1.11235e-06
eec: 466.254
weight: 6.17804e-05
eec: 748.952
weight: 0.000315328
eec: 519.736
weight: 8.6106e-05
eec: 235.924
weight: 5.93712e-08
eec: 254.363
weight: 0.00010061
eec: 91.8482
weight: 2.74003e-07
eec: 95.3275
weight: 7.25727e-06
eec: 1238.11
weight: 5.1876e-05
eec: 43.8241
weight: 1.91643e-06
eec: 1488.45
weight: 5.9344e-05
eec: 933.943
weight: 5.9344e-05
eec: 1609.57
weight: 5.49029e-05
eec: 317.917
Processing: 36.6667 %weight: 5.88662e-05
eec: 61.2052
weight: 1.69298e-06
eec: 326.726
weight: 0.000182614
eec: 180.74
weight: 8.72699e-07
eec: 92.1211
weight: 4.71138e-06
eec: 83.8267
weight: 4.40799e-05
eec: 1915.98
weight: 2.06515e-05
eec: 323.763
weight: 6.90543e-08
eec: 199.468
weight: 8.2446e-07
eec: 682.106
weight: 2.19158e-05
eec: 2736.57
weight: 1.01344e-07
eec: 500.303
weight: 7.87405e-05
eec: 525.407
weight: 0.000138766
eec: 389.746
weight: 1.5798e-05
eec: 846.057
weight: 2.52619e-05
eec: 1315.38
weight: 2.58064e-05
eec: 161.052
weight: 3.01407e-05
eec: 409.96
weight: 2.2966e-05
eec: 636.689
weight: 0.000367757
eec: 184.091
weight: 3.50642e-05
eec: 399.285
weight: 6.35817e-06
eec: 1166.75
weight: 1.63749e-05
eec: 657.083
weight: 5.04418e-07
eec: 1791.32
weight: 2.73117e-06
eec: 499.366
weight: 2.79217e-05
eec: 518.189
weight: 8.39632e-05
eec: 189.79
weight: 2.26037e-06
eec: 1070.55
weight: 7.37426e-06
eec: 13.4455
weight: 0.0003302
eec: 214.557
weight: 0.000367673
eec: 68.6586
weight: 0.000420442
eec: 1022.68
weight: 0.000284975
eec: 330.887
weight: 2.0677e-05
eec: 710.239
weight: 2.45003e-06
eec: 802.478
weight: 5.77711e-06
eec: 897.909
weight: 1.70839e-06
eec: 93.8439
weight: 8.22086e-06
eec: 138.434
weight: 7.77763e-06
eec: 205.676
weight: 3.55999e-05
eec: 35.4271
weight: 4.24056e-05
eec: 844.454
weight: 0.000195627
eec: 876.835
weight: 5.35003e-06
eec: 274.768
weight: 1.46072e-05
eec: 239.955
weight: 1.67839e-05
eec: 431.755
weight: 4.97011e-05
eec: 177.289
weight: 0.00012238
eec: 492.593
weight: 0.00010469
eec: 16.1878
weight: 4.88506e-05
eec: 94.7832
weight: 4.70221e-05
eec: 70.1373
weight: 5.21887e-05
eec: 309.692
weight: 1.77615e-05
eec: 138.018
weight: 1.38264e-05
eec: 103.496
weight: 6.17265e-06
eec: 490.484
weight: 0.000192771
eec: 989.588
weight: 1.31784e-06
eec: 170.047
weight: 7.12942e-07
eec: 106.756
weight: 8.04389e-05
eec: 787.084
weight: 4.09235e-07
eec: 3465.4
weight: 4.86462e-07
eec: 217.665
weight: 4.85191e-05
eec: 753.262
weight: 4.68748e-06
eec: 90.8043
weight: 8.47912e-06
eec: 1174.34
weight: 3.87194e-06
eec: 418.434
weight: 1.70004e-05
eec: 330.174
weight: 2.75996e-05
eec: 1575.03
weight: 0.000110878
eec: 431.53
weight: 4.29866e-05
eec: 452.808
weight: 2.21977e-05
eec: 909.256
weight: 8.35533e-05
eec: 41.0353
weight: 2.87462e-05
eec: 423.062
weight: 2.3259e-05
eec: 1242.32
weight: 3.78159e-05
eec: 63.3188
weight: 3.46207e-05
eec: 360.792
weight: 5.28194e-06
eec: 417.061
weight: 1.63208e-06
eec: 1283.61
weight: 0.000100372
eec: 1072.82
weight: 9.71809e-06
eec: 195.384
weight: 0.000148103
eec: 820.629
weight: 0.000425475
eec: 274.609
weight: 0.000171928
eec: 149.765
weight: 1.34504e-05
eec: 135.124
weight: 2.99494e-06
eec: 757.485
weight: 6.9456e-08
eec: 212.338
weight: 4.07521e-06
eec: 2999.22
weight: 5.57556e-05
eec: 656.655
weight: 6.97887e-05
eec: 187.897
weight: 0.000100887
eec: 436.49
weight: 1.52127e-05
eec: 315.657
weight: 0.000113774
eec: 406.461
weight: 0.000711637
eec: 29.7016
weight: 1.43812e-07
eec: 484.719
weight: 4.44245e-06
eec: 666.83
weight: 9.53877e-07
eec: 205.317
weight: 0.000116338
eec: 471.889
weight: 2.42741e-05
eec: 440.577
weight: 7.56608e-06
eec: 2343.55
weight: 0.000127433
eec: 146.571
weight: 6.15412e-05
eec: 184.662
weight: 5.60154e-05
eec: 167.874

ROOT exit code = 0
