gSystem->Load("run_condor_job_Run3_C.so");
run_condor_job_Run3(292, 100, 2,
                    80, 200,
                    1, 1, 1, 2);
.q

ENTERED run_condor_job_Run3()
JOBID = 292
  global job = 292  Job 92/100  events [5520000, 5580000)  total=6000000
Processing events [5520000, 5580000) of 6000000
weight: 1.68168e-05
eec: 621.259
weight: 6.39595e-06
eec: 2370.98
weight: 1.21156e-05
eec: 131.666
weight: 4.46048e-06
eec: 445.533
weight: 1.86837e-06
eec: 23.4435
weight: 8.86658e-06
eec: 1879.62
weight: 2.52278e-05
eec: 126.237
weight: 4.91379e-05
eec: 612.176
weight: 0.000243152
eec: 471.922
weight: 5.15791e-05
eec: 652.512
weight: 0.000639099
eec: 239.277
weight: 2.54679e-06
eec: 2348.53
weight: 8.08783e-07
eec: 153.234
weight: 0.0001188
eec: 179.151
weight: 1.05883e-05
eec: 35.0532
weight: 6.04333e-05
eec: 364.755
weight: 2.96353e-06
eec: 618.81
weight: 5.07952e-07
eec: 1071.18
weight: 2.28433e-05
eec: 2677.35
weight: 0.000111715
eec: 615.09
weight: 7.30733e-05
eec: 916.496
weight: 1.81854e-05
eec: 269.601
weight: 1.03341e-05
eec: 334.431
weight: 2.85017e-05
eec: 21.0227
weight: 5.98828e-06
eec: 126.131
weight: 0.000100938
eec: 855.518
weight: 3.71053e-07
eec: 1193.08
weight: 3.1633e-05
eec: 1284.43
weight: 0.000469859
eec: 365.58
weight: 8.46344e-05
eec: 37.352
weight: 3.70946e-05
eec: 1451.34
weight: 4.95301e-06
eec: 146.149
weight: 3.43939e-06
eec: 57.0733
weight: 6.66862e-05
eec: 144.074
weight: 0.000170697
eec: 44.7403
weight: 4.50235e-06
eec: 63.5659
weight: 1.30904e-05
eec: 86.5817
weight: 8.59212e-05
eec: 25.8671
weight: 2.65015e-05
eec: 341.377
weight: 2.13395e-05
eec: 68.5356
weight: 2.80319e-05
eec: 129.819
weight: 0.000310637
eec: 118.996
weight: 6.3486e-06
eec: 123.129
weight: 3.26871e-05
eec: 320.583
weight: 1.22562e-06
eec: 248.006
weight: 4.64101e-05
eec: 117.064
weight: 8.1158e-06
eec: 742.764
weight: 0.0001817
eec: 1531.12
weight: 4.32954e-05
eec: 79.7672
weight: 2.58781e-06
eec: 403.655
weight: 6.12483e-07
eec: 167.866
weight: 3.18452e-05
eec: 445.521
weight: 2.0096e-05
eec: 122.099
weight: 2.78433e-07
eec: 791.068
weight: 2.41735e-05
eec: 814.444
weight: 7.63021e-06
eec: 501.87
weight: 6.10535e-05
eec: 65.4442
weight: 9.71266e-05
eec: 285.089
weight: 0.000206243
eec: 239.218
weight: 7.70049e-06
eec: 804.605
weight: 2.54987e-05
eec: 179.595
weight: 3.25251e-06
eec: 1185.93
weight: 0.000196467
eec: 969.918
weight: 2.62003e-05
eec: 676.929
weight: 0.000200757
eec: 57.5083
weight: 0.00100339
eec: 93.349
weight: 2.28075e-05
eec: 417.448
weight: 1.35426e-05
eec: 253.833
weight: 1.73342e-05
eec: 2930.67
weight: 0.000157182
eec: 254.273
weight: 8.03396e-06
eec: 109.769
weight: 6.43047e-06
eec: 812.428
weight: 0.000453715
eec: 582.726
weight: 0.000115539
eec: 691.397
weight: 3.44893e-05
eec: 270.374
weight: 0.000565867
eec: 174.869
weight: 0.000199747
eec: 649.626
weight: 0.000233696
eec: 484.969
weight: 0.000128969
eec: 247.491
weight: 0.000166276
eec: 121.08
weight: 2.64642e-05
eec: 122.405
weight: 3.01703e-05
eec: 965.253
weight: 1.92747e-07
eec: 449.411
weight: 7.40056e-06
eec: 305.937
weight: 7.11397e-05
eec: 838.723
weight: 0.000217548
eec: 530.679
weight: 0.000304648
eec: 159.067
weight: 2.91189e-05
eec: 168.186
weight: 1.39057e-05
eec: 168.225
weight: 9.3943e-06
eec: 94.8604
weight: 8.3008e-05
eec: 255.373
weight: 5.29353e-06
eec: 457.024
weight: 5.29353e-06
eec: 49.6306
weight: 4.48847e-06
eec: 168.344
weight: 7.1263e-06
eec: 25.9215
weight: 1.8692e-05
eec: 694.653
weight: 5.13798e-06
eec: 197.631
weight: 2.8177e-06
eec: 3938.18
weight: 0.000104759
eec: 622.488
weight: 2.48464e-05
eec: 527.88
weight: 4.55675e-06
eec: 60.3371
weight: 9.09516e-05
eec: 299.794
weight: 0.000399942
eec: 33.8594
weight: 1.45028e-05
eec: 123.043
Processing: 92.5 %weight: 6.38145e-05
eec: 87.0662
weight: 2.39609e-06
eec: 56.4231
weight: 5.75626e-05
eec: 179.435
weight: 1.12041e-05
eec: 561.765
weight: 2.33599e-05
eec: 550.601
weight: 1.14882e-05
eec: 2035.84
weight: 8.17216e-05
eec: 117.489
weight: 2.08127e-05
eec: 2959.61
weight: 4.64159e-05
eec: 206.437
weight: 2.74973e-06
eec: 839.036
weight: 2.80728e-05
eec: 130.268
weight: 5.25937e-06
eec: 230.396
weight: 0.000110965
eec: 897.603
weight: 3.56318e-06
eec: 3193.48
weight: 3.54309e-05
eec: 87.6778
weight: 1.63249e-05
eec: 32.821
weight: 1.96406e-05
eec: 719.303
weight: 0.000644095
eec: 312.309
weight: 5.68149e-05
eec: 34.3483
weight: 0.000155255
eec: 692.215
weight: 6.83217e-05
eec: 1500.9
weight: 6.51367e-06
eec: 17.8577
weight: 2.72646e-06
eec: 954.656
weight: 9.52113e-05
eec: 57.2673
weight: 6.77702e-07
eec: 499.541
weight: 8.29153e-06
eec: 115.649
weight: 9.84201e-08
eec: 158.891
weight: 1.98273e-05
eec: 852.044
weight: 1.49182e-06
eec: 204.911
weight: 8.00026e-05
eec: 259.836
weight: 8.66449e-05
eec: 450.447
weight: 4.19041e-06
eec: 748.672
weight: 0.000122762
eec: 21.6449
weight: 9.92047e-05
eec: 1125.32
weight: 1.00238e-07
eec: 1047.15
weight: 1.87606e-05
eec: 496.86
weight: 1.12502e-05
eec: 2002.67
weight: 1.12502e-05
eec: 621.262
weight: 0.000169838
eec: 564.333
weight: 0.000157674
eec: 2056.16
weight: 3.70093e-06
eec: 3.67863
weight: 3.55162e-05
eec: 220.452
weight: 1.32729e-05
eec: 168.051
weight: 6.87022e-05
eec: 390.604
weight: 6.80653e-06
eec: 1170.25
weight: 7.56603e-05
eec: 63.5832
weight: 1.3739e-05
eec: 616.146
weight: 0.000336318
eec: 178.752
weight: 5.56582e-05
eec: 799.934
weight: 7.23245e-07
eec: 342.531
weight: 0.000418989
eec: 485.584
weight: 8.56855e-06
eec: 302.028
weight: 0.000695903
eec: 294.783
weight: 0.000221637
eec: 280.61
weight: 7.32061e-05
eec: 156.931
weight: 4.2604e-07
eec: 433.554
weight: 2.19481e-05
eec: 1277.67
weight: 3.85425e-05
eec: 170.776
weight: 0.000103397
eec: 179.796
weight: 6.59792e-06
eec: 683.157
weight: 6.07747e-06
eec: 1790.5
weight: 3.57058e-05
eec: 46.6731
weight: 7.3716e-06
eec: 534.126
weight: 0.000288762
eec: 22.1129
weight: 2.08639e-05
eec: 460.437
weight: 5.36597e-06
eec: 636.049
weight: 3.60164e-05
eec: 1242.44
weight: 0.000370965
eec: 753.196
weight: 1.73054e-06
eec: 555.011
weight: 5.70029e-06
eec: 991.26
weight: 1.17534e-05
eec: 1163.63
weight: 9.91937e-06
eec: 3263.88
weight: 3.46983e-05
eec: 876.019
weight: 0.000687476
eec: 97.9822
weight: 3.02173e-05
eec: 37.4075
weight: 5.24199e-05
eec: 56.2307
weight: 2.43803e-05
eec: 187.044
weight: 2.7291e-06
eec: 1213.87
weight: 0.000278661
eec: 594.545
weight: 0.000101682
eec: 63.8127
weight: 8.51452e-07
eec: 373.725
weight: 1.57076e-05
eec: 1263.01
weight: 7.03732e-06
eec: 733.169
weight: 0.000116173
eec: 403.047
weight: 1.67373e-05
eec: 467.549
weight: 1.33904e-05
eec: 24.7325
weight: 6.83125e-05
eec: 1175.85
weight: 1.78383e-07
eec: 1507.1
weight: 0.000620403
eec: 172.887
weight: 9.44023e-06
eec: 93.4548
weight: 2.0278e-06
eec: 983.522
weight: 6.66369e-05
eec: 785.999
weight: 6.59037e-05
eec: 176.521
weight: 1.51468e-05
eec: 293.325
weight: 6.92552e-06
eec: 1530.05
weight: 0.000125512
eec: 304.183
weight: 3.26464e-05
eec: 2519.44
weight: 0.000340588
eec: 548.1
weight: 3.66714e-06
eec: 1365.5
weight: 1.65655e-05
eec: 2008.3
weight: 0.000181395
eec: 100.089
weight: 0.000301273
eec: 35.5208
weight: 1.10906e-05
eec: 838.026
weight: 3.39591e-05
eec: 233.922
weight: 0.000392573
eec: 525.573
weight: 3.26756e-06
eec: 1369.02
weight: 0.000105823
eec: 411.836
weight: 5.0145e-06
eec: 629.439
weight: 0.000123695
eec: 37.0064
weight: 2.19845e-05
eec: 90.0515
weight: 0.000169314
eec: 91.1244
weight: 4.73583e-06
eec: 572.171
weight: 1.03939e-05
eec: 599.277
weight: 0.00026177
eec: 229.319
weight: 0.000182707
eec: 177.919
weight: 6.34893e-05
eec: 1266.31
weight: 7.8973e-07
eec: 196.55
weight: 1.55735e-05
eec: 2002.18
weight: 8.70126e-07
eec: 2782
weight: 8.85277e-06
eec: 274.903
weight: 8.85277e-06
eec: 436.423
weight: 0.000124029
eec: 152.538
weight: 1.14847e-05
eec: 1647.68
weight: 2.12433e-06
eec: 501.423
weight: 1.80099e-05
eec: 326.644
weight: 1.08129e-05
eec: 2457.05
weight: 1.94199e-05
eec: 933.228
weight: 4.54792e-05
eec: 2724.68
weight: 5.29686e-06
eec: 154.158
weight: 1.79349e-05
eec: 168.839
weight: 6.26814e-06
eec: 1378.47
weight: 3.45899e-05
eec: 123.685

ROOT exit code = 0
