gSystem->Load("run_condor_job_Run3_C.so");
run_condor_job_Run3(527, 100, 2,
                    80, 200,
                    1, 1, 1, 5);
.q

ENTERED run_condor_job_Run3()
JOBID = 527
  global job = 527  Job 27/100  events [1620000, 1680000)  total=6000000
Processing events [1620000, 1680000) of 6000000
weight: 5.76661e-07
eec: 593.736
weight: 1.54577e-05
eec: 740.426
weight: 5.62902e-05
eec: 122.124
weight: 3.28119e-05
eec: 421.506
weight: 0.000245691
eec: 158.307
weight: 0.000337764
eec: 936.7
weight: 0.000190591
eec: 2552.69
weight: 0.00010104
eec: 678.222
weight: 0.000217252
eec: 166.016
weight: 6.33915e-05
eec: 194.829
weight: 0.000381423
eec: 139.937
weight: 0.000135747
eec: 521.3
weight: 6.19449e-05
eec: 27.7194
weight: 3.97692e-05
eec: 1287.63
weight: 2.93111e-05
eec: 672.935
weight: 1.16926e-05
eec: 1254.58
weight: 0.000129506
eec: 1949.28
weight: 2.63179e-05
eec: 724.375
weight: 1.2908e-05
eec: 74.5067
weight: 3.42591e-07
eec: 639.323
weight: 5.97352e-06
eec: 2389.04
weight: 7.78131e-05
eec: 630.534
weight: 1.14594e-05
eec: 1183.55
weight: 2.74556e-06
eec: 751.832
weight: 8.36274e-05
eec: 496.526
weight: 0.000329027
eec: 20.049
weight: 4.38559e-06
eec: 188.054
weight: 2.83679e-06
eec: 447.175
weight: 2.21644e-05
eec: 181.386
weight: 1.06524e-05
eec: 471.753
weight: 0.000132553
eec: 458.219
weight: 2.94856e-06
eec: 1163.44
weight: 1.43231e-05
eec: 788.795
weight: 7.76966e-08
eec: 36.6345
weight: 0.000157597
eec: 97.7986
weight: 3.16817e-05
eec: 173.838
weight: 0.00036547
eec: 163.186
weight: 1.05572e-05
eec: 314.174
weight: 3.59828e-05
eec: 2448.16
weight: 7.98617e-06
eec: 21.8835
weight: 1.18771e-06
eec: 1511.2
weight: 1.18771e-06
eec: 326.34
weight: 3.62171e-05
eec: 25.3433
weight: 0.000331623
eec: 43.018
weight: 3.68901e-05
eec: 598.786
weight: 1.00027e-05
eec: 456.157
weight: 0.000777103
eec: 81.6416
weight: 4.79245e-05
eec: 1848.61
weight: 1.13178e-05
eec: 664.959
weight: 3.14896e-06
eec: 59.2727
weight: 3.11078e-06
eec: 1233.46
weight: 0.000132651
eec: 198.422
weight: 9.66047e-06
eec: 2664.22
weight: 0.000328327
eec: 122.389
weight: 4.32992e-05
eec: 302.598
weight: 5.73741e-06
eec: 412.951
weight: 3.00173e-06
eec: 146.54
weight: 0.000401401
eec: 78.9557
weight: 3.44659e-05
eec: 401.197
weight: 0.000187087
eec: 458.203
weight: 0.00024895
eec: 257.859
weight: 5.83477e-05
eec: 291.236
weight: 1.9094e-07
eec: 882.323
weight: 7.71589e-05
eec: 165.9
weight: 1.35962e-05
eec: 1439.33
weight: 7.83755e-05
eec: 269.978
weight: 7.1399e-06
eec: 133.981
weight: 5.86867e-05
eec: 41.6285
weight: 2.25061e-05
eec: 103.362
weight: 1.63875e-05
eec: 668.354
weight: 1.15759e-05
eec: 184.298
weight: 4.33895e-05
eec: 894.118
weight: 9.46518e-06
eec: 667.582
weight: 2.50074e-06
eec: 101.986
weight: 1.89437e-05
eec: 643.611
weight: 1.95531e-05
eec: 1273.58
weight: 4.483e-05
eec: 425.131
weight: 2.91958e-05
eec: 900.788
weight: 6.07363e-05
eec: 22.5533
weight: 0.000185339
eec: 435.733
weight: 1.61615e-05
eec: 153.366
weight: 9.16387e-06
eec: 406.699
weight: 5.53008e-05
eec: 335.096
weight: 5.91565e-05
eec: 110.502
weight: 1.44134e-07
eec: 382.807
weight: 3.11247e-06
eec: 471.883
weight: 2.91633e-06
eec: 955.519
weight: 6.05262e-05
eec: 170.47
weight: 0.00105747
eec: 213.78
weight: 7.78111e-05
eec: 720.364
weight: 1.12124e-05
eec: 376.893
weight: 2.73082e-05
eec: 325.508
weight: 5.81655e-05
eec: 301.32
weight: 3.70025e-05
eec: 1101.21
weight: 3.58927e-06
eec: 195.772
weight: 0.000138528
eec: 178.954
weight: 0.000398846
eec: 518.085
weight: 6.05488e-06
eec: 310.862
weight: 0.000248829
eec: 15.1697
weight: 1.02304e-05
eec: 894.955
weight: 3.53915e-05
eec: 609.9
weight: 0.000305478
eec: 25.3846
weight: 8.58293e-05
eec: 476.273
weight: 0.000107319
eec: 163.882
weight: 4.35957e-05
eec: 150.675
weight: 9.08423e-06
eec: 783.156
weight: 4.1826e-05
eec: 918.577
weight: 4.55671e-05
eec: 2227.4
weight: 1.72898e-05
eec: 252.197
weight: 1.47509e-06
eec: 908.682
weight: 1.3811e-06
eec: 378.611
weight: 9.75053e-07
eec: 281.023
weight: 1.26646e-05
eec: 245.688
weight: 0.000208015
eec: 739.226
weight: 9.60076e-06
eec: 672.424
weight: 0.000137937
eec: 195.164
weight: 0.00138793
eec: 481.791
weight: 5.49713e-05
eec: 56.1204
weight: 3.67407e-06
eec: 278.548
weight: 2.65804e-05
eec: 538.492
Processing: 27.5 %weight: 8.46864e-05
eec: 28.3642
weight: 1.22696e-05
eec: 329.973
weight: 0.000148626
eec: 232.221
weight: 0.000330294
eec: 454.952
weight: 1.01535e-05
eec: 280.924
weight: 0.000149094
eec: 684.99
weight: 0.0013161
eec: 728.408
weight: 1.24181e-05
eec: 575.746
weight: 0.000248446
eec: 928.706
weight: 3.92197e-05
eec: 208.625
weight: 6.81645e-06
eec: 1005.2
weight: 0.000696299
eec: 1004.17
weight: 1.40511e-06
eec: 420.887
weight: 0.000158894
eec: 204.543
weight: 1.18263e-05
eec: 184.518
weight: 0.000184469
eec: 137.29
weight: 4.62125e-06
eec: 33.09
weight: 2.35861e-07
eec: 449.392
weight: 2.35861e-07
eec: 394.413
weight: 2.13438e-05
eec: 1456.59
weight: 4.80078e-06
eec: 1056.68
weight: 3.40816e-07
eec: 151.619
weight: 4.54177e-06
eec: 2695.18
weight: 6.44805e-06
eec: 273.727
weight: 1.41306e-05
eec: 1126.46
weight: 3.05979e-05
eec: 415.418
weight: 0.000130335
eec: 598.831
weight: 1.26816e-05
eec: 310.27
weight: 4.18633e-05
eec: 276.566
weight: 7.89554e-05
eec: 332.588
weight: 1.05387e-05
eec: 140.45
weight: 2.96136e-05
eec: 1069.71
weight: 0.000188538
eec: 315.682
weight: 4.8515e-05
eec: 116.395
weight: 5.43113e-05
eec: 276.199
weight: 3.54359e-06
eec: 995.569
weight: 2.70215e-05
eec: 387.101
weight: 1.51724e-05
eec: 1554.24
weight: 2.05394e-05
eec: 938.013
weight: 4.01571e-05
eec: 198.875
weight: 2.33012e-05
eec: 186.446
weight: 0.000246015
eec: 43.9396
weight: 2.33457e-06
eec: 98.7537
weight: 3.80732e-05
eec: 487.431
weight: 2.40417e-05
eec: 1313.51
weight: 2.81519e-08
eec: 128.361
weight: 4.08247e-06
eec: 420.613
weight: 5.209e-05
eec: 60.7426
weight: 0.000215729
eec: 494.914
weight: 2.56509e-08
eec: 35.3886
weight: 0.000431817
eec: 226.337
weight: 9.79385e-08
eec: 1204.02
weight: 2.19188e-05
eec: 51.372
weight: 0.000139138
eec: 86.3203
weight: 0.000374032
eec: 159.103
weight: 5.09004e-05
eec: 1036.41
weight: 1.37608e-05
eec: 4.57812
weight: 2.24002e-05
eec: 2567.1
weight: 1.14925e-05
eec: 156.445
weight: 1.50259e-05
eec: 741.936
weight: 7.9967e-07
eec: 59.3421
weight: 2.67013e-05
eec: 1158.9
weight: 0.000228993
eec: 694.559
weight: 6.45928e-05
eec: 758.722
weight: 2.43273e-05
eec: 1109.09
weight: 3.38557e-06
eec: 1008.68
weight: 7.75423e-06
eec: 2095.48
weight: 6.38393e-05
eec: 108.91
weight: 3.6485e-05
eec: 185.03
weight: 1.16339e-05
eec: 237.781
weight: 9.04008e-05
eec: 117.1
weight: 3.63165e-05
eec: 64.3847
weight: 0.00029722
eec: 640.721
weight: 2.68008e-05
eec: 444.23
weight: 1.30859e-06
eec: 51.83
weight: 9.42805e-06
eec: 1224.73
weight: 3.26275e-05
eec: 477.417
weight: 6.18526e-05
eec: 253.894
weight: 0.000106841
eec: 333.05
weight: 6.6825e-05
eec: 1630.61
weight: 8.23681e-05
eec: 161.192
weight: 0.000158738
eec: 230.183
weight: 0.000175755
eec: 227.288
weight: 5.6124e-06
eec: 577.371
weight: 0.00011521
eec: 4.35398
weight: 1.59418e-05
eec: 84.3802
weight: 1.6097e-05
eec: 1736.02
weight: 0.000115437
eec: 382.804
weight: 3.67625e-05
eec: 507.535
weight: 2.42406e-05
eec: 276.267
weight: 4.38509e-05
eec: 234.092
weight: 0.000167186
eec: 211.634
weight: 0.00015812
eec: 320.304
weight: 1.06293e-05
eec: 577.228
weight: 4.61179e-07
eec: 1419.47
weight: 1.23188e-05
eec: 198.407
weight: 0.000154741
eec: 75.4402
weight: 1.55061e-05
eec: 40.6464
weight: 1.76892e-05
eec: 97.9434
weight: 1.08021e-05
eec: 370.33
weight: 5.09218e-05
eec: 274.344
weight: 2.95841e-05
eec: 476.638
weight: 1.28739e-07
eec: 150.226
weight: 8.33471e-05
eec: 53.1612
weight: 1.88738e-05
eec: 1603.44
weight: 1.68369e-05
eec: 842.464
weight: 1.49915e-05
eec: 105.21
weight: 1.1029e-05
eec: 508.802
weight: 1.5415e-05
eec: 1725.02
weight: 1.44525e-05
eec: 983.88
weight: 0.000241699
eec: 677.772
weight: 1.42441e-05
eec: 1050.38
weight: 0.000284451
eec: 908.224
weight: 4.47662e-05
eec: 1391.41
weight: 9.97962e-05
eec: 359.354
weight: 0.000231184
eec: 670.844
weight: 8.71138e-06
eec: 156.52
weight: 3.78098e-06
eec: 2232.4
weight: 6.64932e-06
eec: 760.728
weight: 8.65643e-08
eec: 73.5086
weight: 1.3048e-08
eec: 1066.58

ROOT exit code = 0
