gSystem->Load("run_condor_job_Run3_C.so");
run_condor_job_Run3(804, 100, 2,
                    80, 200,
                    1, 1, 1, 8);
.q

ENTERED run_condor_job_Run3()
JOBID = 804
  global job = 804  Job 4/100  events [240000, 300000)  total=6000000
Processing events [240000, 300000) of 6000000
weight: 9.81372e-06
eec: 764.82
weight: 1.00501e-05
eec: 227.366
weight: 0.00033233
eec: 742.657
weight: 5.5351e-05
eec: 340.809
weight: 1.05543e-05
eec: 715.028
weight: 0.000187373
eec: 373.341
weight: 8.11843e-05
eec: 325.817
weight: 4.86364e-05
eec: 315.001
weight: 1.11824e-06
eec: 142.837
weight: 3.69172e-05
eec: 864.841
weight: 1.47395e-06
eec: 1437.76
weight: 0.00025158
eec: 77.3528
weight: 5.03163e-06
eec: 1950.86
weight: 1.96937e-05
eec: 185.131
weight: 0.000126557
eec: 499.092
weight: 6.82864e-06
eec: 157.54
weight: 2.82618e-05
eec: 1558.31
weight: 4.41216e-07
eec: 327.032
weight: 0.000294003
eec: 510.659
weight: 0.000225737
eec: 54.1836
weight: 2.83674e-05
eec: 846.355
weight: 9.84801e-05
eec: 129.202
weight: 1.46879e-05
eec: 138.153
weight: 3.39104e-06
eec: 2892.41
weight: 2.22252e-05
eec: 962.437
weight: 1.31077e-05
eec: 6.18901
weight: 3.22396e-07
eec: 369.176
weight: 6.06395e-06
eec: 1120.08
weight: 0.000164989
eec: 317.849
weight: 2.84287e-07
eec: 665.256
weight: 0.000108886
eec: 321.391
weight: 3.40297e-07
eec: 233.918
weight: 4.77717e-06
eec: 395.781
weight: 7.74425e-05
eec: 1125.47
weight: 6.0239e-05
eec: 601.63
weight: 6.0285e-05
eec: 412.092
weight: 1.51112e-05
eec: 1489.52
weight: 0.000174093
eec: 1274.23
weight: 0.000139652
eec: 599.403
weight: 8.72296e-06
eec: 267.918
weight: 1.48557e-05
eec: 716.986
weight: 1.63806e-05
eec: 1413.76
weight: 1.06537e-05
eec: 117.53
weight: 0.000124881
eec: 16.0422
weight: 9.25066e-05
eec: 66.7304
weight: 3.41095e-06
eec: 1677.28
Processing: 4.16667 %weight: 4.88453e-06
eec: 3479.79
weight: 6.19303e-05
eec: 278.405
weight: 3.39719e-05
eec: 779.141
weight: 0.000189251
eec: 262.942
weight: 5.80034e-06
eec: 660.456
weight: 4.93504e-06
eec: 768.531
weight: 0.000129841
eec: 984.363
weight: 0.000484201
eec: 394.468
weight: 2.61e-07
eec: 1315.48
weight: 2.33411e-05
eec: 1155.5
weight: 0.000160417
eec: 468.888
weight: 0.00147364
eec: 1119.75
weight: 0.000622137
eec: 49.5195
weight: 1.33098e-05
eec: 255.716
weight: 7.23372e-06
eec: 3007.63
weight: 0.000222516
eec: 617.98
weight: 7.66581e-06
eec: 468.274
weight: 1.85161e-05
eec: 461.904
weight: 0.000160933
eec: 498.872
weight: 2.01814e-06
eec: 950.666
weight: 4.65361e-06
eec: 2643.99
weight: 1.48053e-05
eec: 97.1852
weight: 1.44205e-05
eec: 157.43
weight: 6.49928e-07
eec: 1989.57
weight: 0.000157096
eec: 78.0795
weight: 0.000129383
eec: 102.427
weight: 0.000131031
eec: 990.141
weight: 4.34782e-06
eec: 1351.41
weight: 4.06322e-06
eec: 302.852
weight: 3.60932e-05
eec: 124.45
weight: 4.16025e-06
eec: 3756.35
weight: 6.06985e-06
eec: 1213.08
weight: 0.000195418
eec: 101.25
weight: 2.39808e-05
eec: 258.391
weight: 2.39808e-05
eec: 377.617
weight: 5.7017e-05
eec: 639.424
weight: 0.00016734
eec: 53.4492
weight: 6.00335e-05
eec: 1096.59
weight: 1.79457e-06
eec: 66.0345
weight: 8.69936e-05
eec: 981.298
weight: 1.0472e-06
eec: 78.4337
weight: 0.000131678
eec: 562.695
weight: 1.05255e-05
eec: 1435.95
weight: 3.02263e-05
eec: 321.566
weight: 7.22897e-05
eec: 1734.78
weight: 1.40793e-05
eec: 1198.55
weight: 2.11999e-05
eec: 403.601
weight: 2.35977e-05
eec: 743.071
weight: 9.45406e-05
eec: 665.399
weight: 1.07105e-05
eec: 1863.32
weight: 1.39831e-05
eec: 326.789
weight: 6.8887e-05
eec: 382.689
weight: 4.67091e-05
eec: 1084.55
weight: 7.56727e-05
eec: 293.175
weight: 2.85618e-05
eec: 156.099
weight: 0.000646546
eec: 581.041
weight: 7.33985e-06
eec: 550.834
weight: 6.96014e-08
eec: 397.15
weight: 4.54613e-06
eec: 414.783
weight: 2.11743e-05
eec: 47.7587
weight: 6.76126e-05
eec: 206.257
weight: 5.17924e-07
eec: 117.202
weight: 3.51751e-05
eec: 166.787
weight: 3.86099e-06
eec: 1564.56
weight: 7.09203e-06
eec: 651.621
weight: 1.79413e-05
eec: 65.3604
weight: 6.81007e-06
eec: 1087.27
weight: 0.000132392
eec: 1940.23
weight: 0.000272702
eec: 169.527
weight: 0.000268274
eec: 633.145
weight: 1.06528e-05
eec: 1070.34
weight: 5.66104e-06
eec: 1160.34
weight: 1.82193e-05
eec: 532.068
weight: 3.25003e-06
eec: 1791.9
weight: 2.41034e-05
eec: 1079.02
weight: 0.000175378
eec: 81.9734
weight: 4.74996e-06
eec: 719.493
weight: 8.43231e-06
eec: 94.3921
weight: 1.75735e-05
eec: 225.666
weight: 3.59648e-06
eec: 275.674
weight: 0.000273109
eec: 554.049
weight: 9.09898e-05
eec: 246.043
weight: 2.99389e-05
eec: 752.946
weight: 8.91459e-05
eec: 533.716
weight: 4.37222e-05
eec: 194.751
weight: 2.95903e-05
eec: 2311.63
weight: 2.49925e-05
eec: 1065.58
weight: 1.83544e-05
eec: 2310.95
weight: 3.10638e-06
eec: 556.574
weight: 3.10638e-06
eec: 480.925
weight: 5.64966e-05
eec: 540.079
weight: 4.6609e-06
eec: 2058.75
weight: 0.000119391
eec: 377.447
weight: 1.35731e-05
eec: 161.036
weight: 4.45148e-05
eec: 1189.85
weight: 4.873e-05
eec: 50.9388
weight: 1.90049e-05
eec: 1344.1
weight: 9.47227e-07
eec: 906.541
weight: 4.29378e-05
eec: 484.359
weight: 1.73575e-05
eec: 589.086
weight: 1.61438e-07
eec: 188.958
weight: 2.90237e-06
eec: 16.0179
weight: 9.15393e-07
eec: 392.586
weight: 1.36801e-05
eec: 761.569
weight: 0.000356025
eec: 47.2962
weight: 1.04666e-06
eec: 1434.04
weight: 2.41265e-05
eec: 903.631
weight: 7.77198e-06
eec: 171.189
weight: 4.38696e-05
eec: 210.84
weight: 1.48377e-05
eec: 678.147
weight: 1.48377e-05
eec: 527.379
weight: 5.96981e-05
eec: 384.664
weight: 1.27103e-06
eec: 190.203
weight: 0.000101726
eec: 328.232
weight: 4.131e-05
eec: 19.1922
weight: 9.49253e-06
eec: 1586.43
weight: 0.000354816
eec: 167.64
weight: 0.000161423
eec: 255.47
weight: 2.03945e-05
eec: 372.205
weight: 1.58535e-05
eec: 714.563
weight: 1.22317e-05
eec: 1345.12
weight: 1.45566e-05
eec: 497.603
weight: 0.00010189
eec: 178.51
weight: 6.76584e-05
eec: 137.985
weight: 7.65987e-06
eec: 40.824
weight: 0.000651884
eec: 108.566
weight: 6.19819e-05
eec: 92.5637
weight: 3.74638e-06
eec: 5340.08
weight: 0.000206925
eec: 108.038
weight: 0.000353939
eec: 9.1451
weight: 0.000408827
eec: 492.464
weight: 5.8332e-05
eec: 796.404
weight: 2.8833e-05
eec: 204.365
weight: 1.50696e-05
eec: 48.2653
weight: 3.51003e-05
eec: 1009.94
weight: 9.37532e-05
eec: 276.508
weight: 1.65355e-06
eec: 747.8
weight: 1.01128e-05
eec: 749.636
weight: 4.0785e-06
eec: 324.642
weight: 3.00278e-05
eec: 797.444
weight: 0.000136912
eec: 94.8362
weight: 4.71098e-06
eec: 187.098
weight: 6.66045e-08
eec: 236.285
weight: 0.000169955
eec: 791.708
weight: 9.67036e-05
eec: 162.817
weight: 1.12694e-05
eec: 606.915
weight: 2.06674e-06
eec: 136.853
weight: 0.000794532
eec: 50.3373
weight: 3.74873e-05
eec: 436.888
weight: 1.39441e-05
eec: 46.2222
weight: 1.0227e-05
eec: 68.4871
weight: 1.34219e-05
eec: 1796.29
weight: 3.9989e-07
eec: 50.0621
weight: 9.64616e-05
eec: 27.6686
weight: 2.17806e-05
eec: 390.826
weight: 4.38107e-06
eec: 598.651
weight: 6.74792e-05
eec: 1299.01
weight: 0.000101168
eec: 106.404
weight: 0.000234149
eec: 86.4804
weight: 1.56284e-06
eec: 334.912
weight: 0.000193862
eec: 24.8472
weight: 4.65887e-05
eec: 410.98
weight: 9.39259e-06
eec: 43.3873
weight: 7.69967e-06
eec: 81.0092
weight: 3.14675e-06
eec: 304.145
weight: 2.0053e-05
eec: 99.6265
weight: 0.000539178
eec: 669.697
weight: 1.39399e-07
eec: 528.545
weight: 0.000418218
eec: 53.2339
weight: 0.000312802
eec: 258.623
weight: 8.96855e-06
eec: 3332.48
weight: 1.66638e-05
eec: 85.4129
weight: 3.8875e-05
eec: 275.232
weight: 1.08924e-05
eec: 1749.38
weight: 0.00012315
eec: 235.339
weight: 6.05707e-05
eec: 750.355
weight: 4.83256e-05
eec: 726.532
weight: 7.90741e-06
eec: 281.9
weight: 8.88696e-05
eec: 1621.27
weight: 5.12872e-06
eec: 58.4629
weight: 4.02226e-06
eec: 455.612
weight: 0.000128282
eec: 332.398
weight: 1.18214e-05
eec: 34.8354
weight: 7.69634e-05
eec: 408.194
weight: 3.44209e-06
eec: 121.143
weight: 0.000489403
eec: 212.897
weight: 6.93627e-06
eec: 2766.29
weight: 0.000277204
eec: 266.006
weight: 6.03573e-07
eec: 104.888
weight: 3.57143e-05
eec: 564.136
weight: 0.000106241
eec: 269.547
weight: 1.14767e-07
eec: 109.913
weight: 4.5974e-05
eec: 52.9904
weight: 1.70418e-06
eec: 869.522
weight: 4.94932e-07
eec: 118.758
weight: 4.72372e-05
eec: 80.3832
weight: 6.643e-06
eec: 301.076
weight: 2.68933e-05
eec: 439.92

ROOT exit code = 0
