gSystem->Load("run_condor_job_Run3_C.so");
run_condor_job_Run3(42, 100, 2,
                    80, 200,
                    1, 1, 1, 0);
.q

ENTERED run_condor_job_Run3()
JOBID = 42
  global job = 42  Job 42/100  events [2517480, 2577420)  total=5994000
Processing events [2517480, 2577420) of 5994000
weight: 9.12626e-05
eec: 1303.6
weight: 8.13694e-06
eec: 319.978
weight: 0.000162404
eec: 59.9985
weight: 0.000121383
eec: 572.505
weight: 7.70907e-05
eec: 55.7865
weight: 2.62783e-05
eec: 939.728
weight: 7.27341e-05
eec: 1218.61
weight: 7.27341e-05
eec: 421.753
weight: 0.000184014
eec: 422.708
weight: 2.16798e-07
eec: 4227.35
weight: 1.55938e-05
eec: 694.909
weight: 0.000225286
eec: 964.856
weight: 5.31397e-06
eec: 2805.31
weight: 2.58583e-05
eec: 169.024
weight: 5.3084e-06
eec: 119.751
weight: 1.57383e-05
eec: 212.328
weight: 1.21895e-05
eec: 988.665
weight: 0.000375967
eec: 240.37
weight: 0.000114632
eec: 1629.93
weight: 8.64599e-06
eec: 1368.13
weight: 5.31587e-05
eec: 677.933
weight: 0.000196157
eec: 301.871
weight: 1.93449e-05
eec: 10.9185
weight: 5.50007e-05
eec: 194.242
weight: 9.17158e-07
eec: 300.525
weight: 1.05702e-05
eec: 86.8376
weight: 8.31866e-05
eec: 256.336
weight: 1.50237e-05
eec: 242.852
weight: 1.04619e-06
eec: 183.573
weight: 2.60626e-05
eec: 504.922
weight: 6.33914e-07
eec: 407.379
weight: 2.34553e-05
eec: 49.0917
weight: 4.56684e-06
eec: 262.372
weight: 5.45212e-06
eec: 876.936
weight: 0.000149614
eec: 215.778
weight: 9.36456e-06
eec: 243.607
weight: 2.20077e-05
eec: 211.838
weight: 6.00574e-06
eec: 268.053
weight: 1.17886e-06
eec: 238.985
weight: 5.3239e-06
eec: 2309.47
weight: 2.69745e-05
eec: 2134.76
weight: 0.000134889
eec: 668.326
weight: 3.20546e-05
eec: 562.03
weight: 0.000121908
eec: 161.291
weight: 5.36039e-06
eec: 684.919
weight: 4.05525e-05
eec: 520.949
weight: 3.11276e-06
eec: 449.073
weight: 0.000158686
eec: 956.045
weight: 0.000129099
eec: 96.7959
weight: 0.000112637
eec: 572.211
weight: 7.16925e-05
eec: 79.6726
weight: 0.000120774
eec: 78.0614
weight: 8.84131e-07
eec: 370.274
weight: 2.39845e-07
eec: 89.0636
weight: 1.94427e-06
eec: 471.456
weight: 0.000167231
eec: 1127.95
weight: 1.09219e-05
eec: 451.121
weight: 1.13852e-06
eec: 1219.97
weight: 2.40315e-05
eec: 1092.88
weight: 1.42648e-05
eec: 657.456
weight: 1.94942e-06
eec: 33.6885
weight: 0.000101701
eec: 691.188
weight: 0.000246217
eec: 130.795
weight: 5.00736e-06
eec: 1161.05
weight: 0.000251801
eec: 151.536
weight: 5.16535e-06
eec: 456.906
weight: 6.08042e-05
eec: 127.902
weight: 0.000216633
eec: 306.017
weight: 0.000115771
eec: 414.761
weight: 0.000520482
eec: 508.227
weight: 0.000112634
eec: 626.617
weight: 0.000110505
eec: 462.294
weight: 5.09619e-05
eec: 481.997
weight: 5.09619e-05
eec: 1702.87
weight: 3.71389e-06
eec: 508.62
weight: 7.47568e-06
eec: 2228.34
weight: 8.11259e-05
eec: 133.359
weight: 0.000120337
eec: 206.05
weight: 0.000295962
eec: 1333.91
weight: 9.56949e-06
eec: 393.792
weight: 6.67256e-06
eec: 1184.28
weight: 3.95902e-07
eec: 690.62
weight: 0.000207477
eec: 394.614
weight: 1.04334e-05
eec: 377.842
weight: 2.17538e-05
eec: 678.985
weight: 7.81565e-06
eec: 1594
weight: 8.88118e-05
eec: 629.607
weight: 3.64077e-05
eec: 62.1298
weight: 3.60037e-05
eec: 2126.3
weight: 8.11082e-05
eec: 32.8743
weight: 5.20112e-05
eec: 131.539
weight: 1.26826e-05
eec: 701.609
weight: 9.85725e-05
eec: 341.374
weight: 2.10497e-05
eec: 826.053
weight: 9.27454e-06
eec: 1088.76
weight: 9.29732e-06
eec: 296.955
weight: 2.18076e-05
eec: 647.108
weight: 5.93334e-05
eec: 35.9446
weight: 1.7231e-05
eec: 192.916
weight: 0.000120403
eec: 782.743
weight: 7.95507e-05
eec: 605.46
weight: 1.18518e-05
eec: 766.147
weight: 6.83211e-05
eec: 794.812
weight: 4.72524e-07
eec: 1249.45
weight: 4.00766e-05
eec: 1588.12
weight: 3.0257e-06
eec: 302.45
weight: 8.34408e-06
eec: 1388.44
weight: 3.46573e-06
eec: 32.0361
weight: 2.47905e-05
eec: 876.279
weight: 2.1788e-06
eec: 70.6123
weight: 7.45483e-08
eec: 173.989
weight: 4.44e-07
eec: 84.7486
weight: 1.00939e-06
eec: 253.005
weight: 1.49449e-05
eec: 673.396
weight: 2.71481e-05
eec: 133.593
weight: 1.08779e-06
eec: 809.929
weight: 6.25841e-05
eec: 11.0329
weight: 0.000164148
eec: 117.326
weight: 3.30583e-05
eec: 209.795
weight: 1.47897e-05
eec: 251.056
weight: 8.63161e-08
eec: 306.542
weight: 0.000554574
eec: 204.082
weight: 2.58026e-08
eec: 145.971
weight: 2.20022e-07
eec: 428.944
weight: 6.84706e-05
eec: 271.068
weight: 9.4157e-05
eec: 910.271
weight: 2.65115e-06
eec: 845.709
weight: 1.52179e-05
eec: 413.549
weight: 3.90576e-06
eec: 90.4494
weight: 1.12878e-05
eec: 1590.37
weight: 2.95265e-05
eec: 872.712
weight: 7.69833e-06
eec: 1051.86
weight: 1.48914e-05
eec: 1096.59
weight: 0.000154202
eec: 157.225
weight: 4.44768e-06
eec: 444.992
weight: 7.72078e-05
eec: 305.084
Processing: 42.5425 %weight: 0.000228878
eec: 266.948
weight: 3.73694e-06
eec: 96.9241
weight: 9.59692e-06
eec: 986.514
weight: 1.54885e-05
eec: 141.22
weight: 2.39936e-05
eec: 1205.3
weight: 2.17649e-05
eec: 176.565
weight: 3.85495e-05
eec: 1061.12
weight: 6.9305e-06
eec: 485.7
weight: 1.58858e-05
eec: 274.805
weight: 3.83021e-05
eec: 201.338
weight: 4.56447e-05
eec: 97.7365
weight: 6.91206e-06
eec: 1080.93
weight: 1.20085e-05
eec: 143.91
weight: 3.72617e-06
eec: 1375.19
weight: 4.95439e-06
eec: 1786.7
weight: 6.77727e-05
eec: 88.6906
weight: 1.18169e-05
eec: 196.093
weight: 1.27995e-05
eec: 1233.6
weight: 1.16104e-05
eec: 1103.59
weight: 4.21643e-06
eec: 462.613
weight: 1.49386e-05
eec: 418.132
weight: 3.64109e-07
eec: 459.984
weight: 9.92305e-05
eec: 573.385
weight: 5.21451e-05
eec: 1619.67
weight: 0.000299071
eec: 50.0185
weight: 4.29378e-06
eec: 2191.61
weight: 5.37396e-06
eec: 1423.62
weight: 0.0002115
eec: 952.077
weight: 0.000456161
eec: 56.6134
weight: 4.48462e-05
eec: 943.186
weight: 0.000274281
eec: 887.353
weight: 1.53036e-07
eec: 735.545
weight: 0.000294895
eec: 568.349
weight: 8.05096e-05
eec: 1216.55
weight: 1.86226e-05
eec: 130.86
weight: 8.94767e-06
eec: 720.546
weight: 3.56399e-05
eec: 656.061
weight: 2.24959e-05
eec: 971.874
weight: 1.52531e-05
eec: 234.582
weight: 0.000137026
eec: 1268.3
weight: 9.4579e-05
eec: 160.159
weight: 0.000308664
eec: 287.792
weight: 0.000202899
eec: 152.911
weight: 3.92637e-06
eec: 678.754
weight: 2.0548e-05
eec: 159.428
weight: 1.59089e-05
eec: 175.751
weight: 4.57101e-05
eec: 474.411
weight: 4.57101e-05
eec: 203.404
weight: 1.80961e-05
eec: 432.659
weight: 1.46906e-05
eec: 1209.16
weight: 0.00175135
eec: 126.837
weight: 4.71346e-05
eec: 2627.67
weight: 8.9134e-06
eec: 220.138
weight: 5.92919e-05
eec: 894.663
weight: 9.2745e-06
eec: 472.784
weight: 7.02737e-07
eec: 144.192
weight: 3.1287e-05
eec: 288.98
weight: 0.000135332
eec: 385.089
weight: 1.93533e-05
eec: 505.4
weight: 0.000237367
eec: 39.6759
weight: 1.38646e-05
eec: 642.586
weight: 4.74269e-06
eec: 561.391
weight: 0.000469976
eec: 154.085
weight: 0.000144837
eec: 30.9004
weight: 2.77409e-05
eec: 219.824
weight: 0.000156024
eec: 209.189
weight: 0.000771463
eec: 81.8937
weight: 0.000801705
eec: 524.831
weight: 5.3881e-05
eec: 734.711
weight: 5.20093e-05
eec: 1691.01
weight: 0.000121543
eec: 443.75
weight: 5.2401e-05
eec: 23.2129
weight: 0.000204346
eec: 641.922
weight: 9.55121e-05
eec: 109.844
weight: 8.40831e-05
eec: 450.396
weight: 2.12895e-05
eec: 167.039
weight: 5.03513e-05
eec: 116.307
weight: 5.29124e-06
eec: 948.324
weight: 3.25023e-06
eec: 365.622
weight: 0.0001126
eec: 223.595
weight: 5.93381e-07
eec: 384.236
weight: 2.73111e-05
eec: 1356.09
weight: 3.98686e-06
eec: 314.947
weight: 2.0471e-05
eec: 222.891
weight: 2.35266e-05
eec: 239.857
weight: 0.000319273
eec: 632.548
weight: 5.62575e-05
eec: 90.913

ROOT exit code = 0
