gSystem->Load("run_condor_job_Run3_C.so");
run_condor_job_Run3(839, 100, 2,
                    80, 200,
                    1, 1, 1, 8);
.q

ENTERED run_condor_job_Run3()
JOBID = 839
  global job = 839  Job 39/100  events [2340000, 2400000)  total=6000000
Processing events [2340000, 2400000) of 6000000
weight: 0.00102929
eec: 134.581
weight: 1.50917e-05
eec: 113.868
weight: 4.37975e-06
eec: 151.416
weight: 1.78272e-07
eec: 43.0569
weight: 5.72205e-06
eec: 1573.75
weight: 5.53172e-06
eec: 2826.46
weight: 0.000133045
eec: 97.7678
weight: 1.23117e-05
eec: 62.6447
weight: 2.93712e-05
eec: 1155.75
weight: 0.000512661
eec: 744.293
weight: 9.97684e-05
eec: 329.22
weight: 2.10914e-05
eec: 36.0253
weight: 3.45045e-05
eec: 325.578
weight: 2.89356e-05
eec: 284.648
weight: 2.03961e-05
eec: 514.085
weight: 6.71285e-05
eec: 30.9363
weight: 2.14242e-05
eec: 31.2001
weight: 0.000166486
eec: 29.2238
weight: 1.00033e-05
eec: 1162.97
weight: 5.37723e-06
eec: 1966.62
weight: 1.97367e-05
eec: 400.173
weight: 0.000240244
eec: 768.877
weight: 3.82106e-06
eec: 485.093
weight: 2.69069e-06
eec: 2186.16
weight: 0.00141056
eec: 49.2109
weight: 9.83944e-06
eec: 898.859
weight: 0.000138495
eec: 408.493
weight: 0.000106009
eec: 832.945
weight: 3.63604e-05
eec: 652.88
weight: 0.000156647
eec: 78.4059
weight: 8.63132e-06
eec: 174.194
weight: 0.000407973
eec: 476.335
weight: 3.95421e-06
eec: 1566.14
weight: 7.66725e-06
eec: 251.031
weight: 1.28541e-05
eec: 2084.73
weight: 1.53596e-05
eec: 382.889
weight: 3.2006e-06
eec: 2867.64
weight: 5.85061e-06
eec: 286.847
weight: 8.10376e-06
eec: 1868.97
Processing: 39.1667 %weight: 0.000223092
eec: 50.1595
weight: 1.70305e-05
eec: 2012.09
weight: 4.67394e-06
eec: 75.8089
weight: 4.64018e-06
eec: 260.487
weight: 1.10098e-05
eec: 969.524
weight: 0.000139428
eec: 541.05
weight: 0.000133337
eec: 1030.31
weight: 0.000103433
eec: 1387.95
weight: 9.14775e-07
eec: 361.08
weight: 0.000298708
eec: 385.392
weight: 3.54584e-05
eec: 125.279
weight: 2.17577e-05
eec: 243.059
weight: 0.000458624
eec: 210.737
weight: 0.000130478
eec: 467.745
weight: 2.29476e-05
eec: 2270.31
weight: 3.52142e-05
eec: 1488.57
weight: 3.82155e-06
eec: 1631.43
weight: 6.56048e-06
eec: 148.927
weight: 0.00022522
eec: 233.067
weight: 7.7991e-06
eec: 195.421
weight: 2.32891e-05
eec: 930.915
weight: 1.3754e-05
eec: 43.6069
weight: 0.000153318
eec: 1158.43
weight: 1.22268e-06
eec: 130.561
weight: 2.25283e-05
eec: 795.991
weight: 7.25409e-06
eec: 1514.49
weight: 1.78811e-05
eec: 366.501
weight: 1.88165e-05
eec: 310.389
weight: 0.000129772
eec: 262.366
weight: 0.000894194
eec: 479.135
weight: 7.08701e-06
eec: 899.3
weight: 1.12922e-05
eec: 519.993
weight: 6.61907e-06
eec: 280.182
weight: 1.06094e-05
eec: 282.642
weight: 3.30199e-05
eec: 827.2
weight: 4.42681e-05
eec: 539.624
weight: 6.45902e-07
eec: 1808.88
weight: 2.22369e-05
eec: 253.802
weight: 4.51749e-06
eec: 1758.46
weight: 0.000153669
eec: 146.568
weight: 4.73242e-05
eec: 258.226
weight: 6.15404e-05
eec: 260.123
weight: 7.20561e-05
eec: 610.29
weight: 1.91313e-05
eec: 362.422
weight: 1.79645e-05
eec: 381.818
weight: 8.11776e-05
eec: 716.587
weight: 5.37175e-05
eec: 61.3135
weight: 7.4026e-05
eec: 792.494
weight: 5.252e-06
eec: 160.431
weight: 0.000523786
eec: 75.9567
weight: 9.9702e-05
eec: 650.9
weight: 0.000195704
eec: 12.6306
weight: 0.0015544
eec: 302.002
weight: 3.80299e-05
eec: 804.229
weight: 1.16516e-05
eec: 1141.69
weight: 0.00038224
eec: 218.499
weight: 0.000101989
eec: 145.11
weight: 3.26696e-05
eec: 427.768
weight: 5.70914e-05
eec: 99.9777
weight: 6.07009e-05
eec: 311.001
weight: 1.42646e-05
eec: 1516.53
weight: 2.36582e-05
eec: 63.0563
weight: 4.79787e-05
eec: 464.269
weight: 5.59149e-05
eec: 36.6311
weight: 0.000392267
eec: 100.263
weight: 9.98019e-06
eec: 201.023
weight: 8.46817e-05
eec: 472.108
weight: 1.6419e-05
eec: 103.119
weight: 1.5286e-05
eec: 1322.64
weight: 1.00803e-05
eec: 784.027
weight: 3.711e-05
eec: 189.674
weight: 3.41693e-05
eec: 120.635
weight: 0.000132095
eec: 544.596
weight: 0.000114823
eec: 804.454
weight: 6.53351e-06
eec: 1955.69
weight: 0.000110054
eec: 533.745
weight: 2.68086e-06
eec: 157.217
weight: 2.30511e-05
eec: 255.134
weight: 2.30511e-05
eec: 756.153
weight: 0.000164584
eec: 459.413
weight: 0.00131309
eec: 99.2654
weight: 1.83285e-05
eec: 1051.04
weight: 1.83285e-05
eec: 560.452
weight: 0.000348517
eec: 53.8631
weight: 2.46953e-05
eec: 226.737
weight: 4.50389e-05
eec: 302.846
weight: 4.69522e-05
eec: 168.415
weight: 0.000102353
eec: 427.308
weight: 4.52723e-06
eec: 940.857
weight: 0.000208419
eec: 630.336
weight: 2.37907e-05
eec: 452.633
weight: 0.000194451
eec: 391.586
weight: 6.05065e-06
eec: 1417.89
weight: 3.42485e-05
eec: 1249.8
weight: 3.3212e-05
eec: 65.8737
weight: 9.82494e-06
eec: 70.7351
weight: 0.000126195
eec: 419.983
weight: 0.000108546
eec: 71.8083
weight: 3.76761e-05
eec: 245.423
weight: 0.000100097
eec: 95.1793
weight: 6.68281e-06
eec: 279.683
weight: 1.2439e-06
eec: 228.988
weight: 1.50428e-05
eec: 311.609
weight: 2.6107e-05
eec: 1120.46
weight: 1.62712e-06
eec: 3720.11
weight: 3.39477e-06
eec: 4935.45
weight: 0.000185827
eec: 1531.79
weight: 2.41874e-07
eec: 356.397
weight: 6.20349e-06
eec: 920.354
weight: 0.000167651
eec: 385.427
weight: 3.22601e-05
eec: 1494.46
weight: 0.000206085
eec: 40.2465
weight: 3.11334e-05
eec: 1221.01
weight: 6.59945e-05
eec: 181.012
weight: 2.54477e-05
eec: 219.734
weight: 1.2716e-05
eec: 128.844
weight: 0.000577963
eec: 549.44
weight: 8.88975e-06
eec: 223.24
weight: 2.41394e-05
eec: 659.21
weight: 0.000482602
eec: 69.4758
weight: 7.19934e-06
eec: 3266.96
weight: 3.57437e-06
eec: 196.258
weight: 0.00132085
eec: 86.0325
weight: 0.00013993
eec: 321.869
weight: 0.000191733
eec: 327.857
weight: 2.05919e-05
eec: 92.7092
weight: 3.50197e-05
eec: 1450.74
weight: 2.93061e-05
eec: 339.735
weight: 3.51691e-06
eec: 3548.98
weight: 3.72576e-05
eec: 290.525
weight: 9.61485e-05
eec: 815.124
weight: 0.000161857
eec: 54.1089
weight: 1.50493e-05
eec: 157.876
weight: 2.06088e-06
eec: 3996.03
weight: 5.30367e-05
eec: 100.884
weight: 3.05256e-06
eec: 571.448
weight: 1.67759e-05
eec: 1159.57
weight: 5.64004e-05
eec: 397.172
weight: 4.84934e-05
eec: 533.988
weight: 9.68135e-05
eec: 987.591
weight: 1.47171e-05
eec: 537.069
weight: 3.01491e-06
eec: 1482.29
weight: 1.34834e-05
eec: 407.95
weight: 8.24956e-05
eec: 202.034
weight: 0.000317691
eec: 72.2461
weight: 3.50502e-05
eec: 201.207
weight: 0.000337746
eec: 407.433
weight: 9.3929e-06
eec: 688.852
weight: 7.48644e-05
eec: 672.6
weight: 3.11774e-05
eec: 142.635
weight: 8.62163e-05
eec: 55.513
weight: 1.98878e-05
eec: 192.314
weight: 2.48544e-07
eec: 677.348
weight: 4.83124e-05
eec: 561.193
weight: 1.79224e-05
eec: 225.301
weight: 9.06182e-05
eec: 660.849
weight: 3.45375e-05
eec: 973.82
weight: 4.0529e-06
eec: 80.2343
weight: 2.30658e-05
eec: 164.337
weight: 5.65518e-05
eec: 547.413
weight: 0.000339297
eec: 411.44
weight: 4.70215e-05
eec: 260.334
weight: 9.66962e-05
eec: 118.652
weight: 0.000127223
eec: 791.416
weight: 1.27292e-05
eec: 62.7834
weight: 6.57489e-05
eec: 588.173
weight: 4.10442e-06
eec: 1023.4
weight: 2.35706e-06
eec: 160.163
weight: 1.29496e-05
eec: 517.861
weight: 8.9573e-05
eec: 1404.12
weight: 1.59992e-05
eec: 214.728
weight: 0.000225719
eec: 68.6814
weight: 2.27615e-05
eec: 317.106
weight: 5.2752e-07
eec: 48.4406
weight: 0.000509801
eec: 775.384
weight: 5.28728e-05
eec: 193.066
weight: 6.20863e-05
eec: 2461.75
weight: 0.00014368
eec: 191.692
weight: 2.60384e-07
eec: 1884.3
weight: 2.12264e-06
eec: 170.875
weight: 8.26076e-07
eec: 2782.25
weight: 9.92166e-07
eec: 67.8196
weight: 0.000472489
eec: 129.971
weight: 1.85953e-05
eec: 168.61
weight: 2.10833e-07
eec: 795.098
weight: 0.000118722
eec: 1077.58
weight: 0.000333322
eec: 655.893
weight: 0.000168318
eec: 697.006
weight: 7.75441e-06
eec: 1223.63
weight: 5.96686e-05
eec: 1099.1
weight: 1.63546e-05
eec: 593.935
weight: 3.08773e-05
eec: 941.602
weight: 1.35385e-05
eec: 1292.6
weight: 6.16038e-06
eec: 109.137
weight: 2.5564e-05
eec: 396.923
weight: 3.10592e-05
eec: 501.712
weight: 8.35918e-07
eec: 308.798
weight: 9.09934e-06
eec: 29.5353

ROOT exit code = 0
