gSystem->Load("run_condor_job_Run3_C.so");
run_condor_job_Run3(326, 100, 2,
                    80, 200,
                    1, 1, 1, 3);
.q

ENTERED run_condor_job_Run3()
JOBID = 326
  global job = 326  Job 26/100  events [1560000, 1620000)  total=6000000
Processing events [1560000, 1620000) of 6000000
weight: 1.80926e-06
eec: 235.594
weight: 1.55233e-06
eec: 409.537
weight: 0.000192739
eec: 328.329
weight: 1.60483e-05
eec: 736.546
weight: 2.3696e-06
eec: 58.1706
weight: 5.94525e-05
eec: 726.523
weight: 3.27048e-07
eec: 15.0126
weight: 1.42183e-05
eec: 1850.6
weight: 2.05651e-07
eec: 1061.47
weight: 1.9814e-05
eec: 33.9226
weight: 1.20094e-05
eec: 5081.35
weight: 1.20094e-05
eec: 197.976
weight: 4.85919e-06
eec: 145.859
weight: 1.17751e-05
eec: 409.256
weight: 0.00016733
eec: 201.919
weight: 5.22126e-05
eec: 1364
weight: 0.000111941
eec: 153.691
weight: 7.33105e-06
eec: 1299.12
weight: 3.49122e-05
eec: 398.174
weight: 1.81099e-06
eec: 903.777
weight: 2.9755e-05
eec: 85.2285
weight: 5.30098e-06
eec: 235.718
weight: 2.10093e-06
eec: 54.6426
weight: 6.50126e-05
eec: 81.1692
weight: 7.69163e-06
eec: 888.424
weight: 0.000151675
eec: 918.62
weight: 2.31723e-05
eec: 1686.82
weight: 1.84675e-06
eec: 95.4072
weight: 6.63572e-05
eec: 2294.09
weight: 6.72872e-08
eec: 57.4385
weight: 7.86578e-06
eec: 496.67
weight: 1.63528e-05
eec: 464.318
weight: 1.62891e-05
eec: 415.538
weight: 0.000686863
eec: 16.6627
weight: 1.78199e-06
eec: 488.546
weight: 5.27866e-05
eec: 89.2295
weight: 0.000107425
eec: 329.711
weight: 0.000142131
eec: 832.548
weight: 5.28093e-06
eec: 876.77
weight: 3.58429e-05
eec: 948.611
weight: 3.90462e-06
eec: 50.3115
weight: 2.00388e-05
eec: 260.088
weight: 1.36076e-05
eec: 118.132
weight: 0.000132142
eec: 171.293
weight: 3.83644e-05
eec: 541.661
weight: 1.07856e-05
eec: 297.506
weight: 1.99236e-06
eec: 167.368
weight: 0.000222753
eec: 701.414
weight: 1.65978e-05
eec: 893.418
weight: 2.50359e-05
eec: 346.313
weight: 6.78274e-05
eec: 256.607
weight: 5.96823e-05
eec: 668.709
weight: 4.71015e-06
eec: 805.214
weight: 2.85404e-07
eec: 146.806
weight: 0.000823869
eec: 69.2885
weight: 1.4474e-05
eec: 1253.06
weight: 2.30626e-05
eec: 1028.67
weight: 6.15534e-05
eec: 430.71
weight: 0.000104222
eec: 213.756
weight: 2.91688e-05
eec: 184.188
weight: 1.14373e-05
eec: 170.781
weight: 1.8249e-05
eec: 1693.06
weight: 9.95064e-05
eec: 143.118
weight: 6.23997e-06
eec: 97.3604
weight: 0.00013503
eec: 505.258
weight: 8.81174e-05
eec: 807.44
weight: 0.000291978
eec: 87.4391
weight: 8.6182e-06
eec: 48.3004
weight: 8.34809e-05
eec: 436.496
weight: 5.63255e-05
eec: 120.115
weight: 0.000266299
eec: 1047.3
weight: 3.28301e-05
eec: 89.8234
weight: 2.85344e-05
eec: 631.983
weight: 1.55536e-05
eec: 59.2452
weight: 1.25122e-07
eec: 193.651
weight: 3.44037e-05
eec: 1223.77
weight: 2.62428e-05
eec: 150.842
weight: 2.22675e-06
eec: 963.48
weight: 4.3214e-06
eec: 1057.27
weight: 6.26421e-06
eec: 134.702
weight: 0.000925189
eec: 348.555
weight: 9.80285e-07
eec: 1568.08
weight: 0.000109098
eec: 314.426
weight: 1.32464e-05
eec: 871.8
weight: 6.34869e-07
eec: 1392.74
weight: 7.43788e-07
eec: 123.319
weight: 1.28553e-06
eec: 258.604
weight: 2.8304e-05
eec: 823.767
weight: 0.000789778
eec: 647.917
weight: 1.42468e-06
eec: 124.722
weight: 7.12812e-06
eec: 288.528
weight: 6.16318e-05
eec: 204.321
weight: 6.69989e-05
eec: 1086.14
weight: 0.000378525
eec: 562.141
weight: 0.00250342
eec: 411.869
weight: 0.00030134
eec: 533.088
weight: 4.27439e-06
eec: 664.149
weight: 1.15742e-05
eec: 2229.13
weight: 4.60672e-07
eec: 16.8416
weight: 7.53287e-05
eec: 520.662
weight: 1.2628e-07
eec: 3061.78
weight: 1.10462e-05
eec: 347.567
weight: 1.4057e-05
eec: 2493.77
weight: 2.84611e-06
eec: 1307.55
weight: 4.83944e-07
eec: 1195.35
weight: 6.93568e-06
eec: 636.158
weight: 3.67666e-06
eec: 2024.5
weight: 0.000312679
eec: 332.709
weight: 1.32474e-05
eec: 203.386
weight: 7.75628e-05
eec: 1068.75
weight: 0.000383358
eec: 281.087
weight: 7.2501e-05
eec: 30.2745
weight: 0.000167064
eec: 407.42
weight: 0.000520933
eec: 525.341
weight: 1.55672e-05
eec: 310.487
weight: 0.000126557
eec: 1402.04
weight: 1.206e-05
eec: 603.675
weight: 3.91755e-05
eec: 321.561
weight: 3.83296e-05
eec: 843.654
weight: 1.31869e-05
eec: 1015.88
weight: 2.18757e-05
eec: 967.865
weight: 1.17823e-05
eec: 231.458
weight: 0.000225402
eec: 290.088
weight: 5.09374e-05
eec: 557.297
weight: 5.11821e-05
eec: 975.048
weight: 7.09074e-05
eec: 66.8946
weight: 0.00018279
eec: 69.9483
weight: 4.88048e-05
eec: 416.483
weight: 6.39746e-05
eec: 327.115
weight: 2.20232e-06
eec: 904.171
weight: 3.69232e-07
eec: 2478.69
weight: 5.19368e-06
eec: 1660.68
weight: 5.86672e-05
eec: 211.276
weight: 1.36333e-06
eec: 103.968
weight: 0.000118241
eec: 152.643
weight: 2.13243e-05
eec: 1504.46
weight: 0.000173389
eec: 111.59
weight: 2.15699e-07
eec: 32.6291
weight: 0.000185507
eec: 189.87
weight: 1.5574e-05
eec: 42.1088
weight: 1.5574e-05
eec: 1286.06
weight: 0.000312526
eec: 509.103
weight: 2.8235e-06
eec: 279.083
weight: 3.53551e-06
eec: 91.217
weight: 3.5228e-05
eec: 718.779
weight: 2.18037e-05
eec: 646.662
weight: 4.70222e-05
eec: 678.147
weight: 1.20227e-05
eec: 1315.68
weight: 0.0009
eec: 1345.69
weight: 9.92993e-05
eec: 205.901
Processing: 26.6667 %weight: 7.39416e-07
eec: 116.181
weight: 9.75478e-07
eec: 356.805
weight: 2.90961e-06
eec: 2865.33
weight: 2.90961e-06
eec: 1332.45
weight: 1.44543e-05
eec: 222.787
weight: 6.74238e-05
eec: 800.039
weight: 3.63145e-05
eec: 98.2834
weight: 4.70405e-05
eec: 141.866
weight: 1.40854e-05
eec: 1131.52
weight: 7.63237e-05
eec: 285.308
weight: 5.32858e-05
eec: 641.639
weight: 5.3019e-05
eec: 70.8988
weight: 1.71069e-05
eec: 593.001
weight: 1.85383e-05
eec: 494.898
weight: 0.000137371
eec: 44.8548
weight: 6.23824e-05
eec: 338.219
weight: 0.000121269
eec: 349.727
weight: 8.2731e-06
eec: 2636.24
weight: 0.000218417
eec: 71.7367
weight: 0.000660286
eec: 129.952
weight: 5.92583e-05
eec: 231.571
weight: 2.83829e-05
eec: 49.0299
weight: 4.85682e-05
eec: 84.0256
weight: 3.63448e-06
eec: 4262.88
weight: 3.39766e-06
eec: 398.025
weight: 1.02582e-07
eec: 148.027
weight: 1.75157e-05
eec: 1417.19
weight: 1.05295e-05
eec: 2961.59
weight: 3.20366e-05
eec: 58.5781
weight: 8.26035e-06
eec: 424.383
weight: 4.59737e-06
eec: 347.141
weight: 0.000643434
eec: 53.5505
weight: 1.90096e-05
eec: 1166.24
weight: 1.84548e-05
eec: 238.44
weight: 0.000268566
eec: 213.207
weight: 1.03052e-05
eec: 2187.96
weight: 9.52906e-05
eec: 249.301
weight: 6.51306e-06
eec: 60.4692
weight: 3.562e-05
eec: 789.394
weight: 1.15163e-05
eec: 421.721
weight: 1.15163e-05
eec: 3150.11
weight: 0.000258883
eec: 150.138
weight: 2.26359e-07
eec: 416.3
weight: 3.09926e-05
eec: 596.454
weight: 6.37801e-05
eec: 2755.1
weight: 0.000288367
eec: 208.265
weight: 4.01646e-06
eec: 2637.42
weight: 0.000240046
eec: 141.617
weight: 3.50961e-07
eec: 2602.66
weight: 2.49722e-05
eec: 1534.74
weight: 2.65166e-05
eec: 781.99
weight: 0.000261695
eec: 561.26
weight: 6.16333e-05
eec: 558.827
weight: 0.000350641
eec: 745.898
weight: 0.000345782
eec: 447.325
weight: 1.98493e-05
eec: 134.553
weight: 1.22048e-05
eec: 116.397
weight: 1.2372e-05
eec: 393.335
weight: 0.000394686
eec: 268.028
weight: 5.1391e-05
eec: 2544.16
weight: 3.09126e-05
eec: 852.759
weight: 8.55397e-06
eec: 866.095
weight: 0.000149363
eec: 53.3815
weight: 7.53756e-08
eec: 554.677
weight: 1.49914e-05
eec: 104.037
weight: 5.41211e-05
eec: 560.606
weight: 0.000113713
eec: 1058.38
weight: 1.71594e-05
eec: 120.156
weight: 1.09009e-05
eec: 12.2481
weight: 9.27944e-05
eec: 488.806
weight: 5.62232e-05
eec: 250.932
weight: 0.000110221
eec: 37.2713
weight: 2.63702e-07
eec: 186.726
weight: 1.28986e-05
eec: 1362
weight: 1.75055e-07
eec: 305.598
weight: 2.07676e-05
eec: 199.388
weight: 3.24302e-05
eec: 3.07187
weight: 2.64259e-05
eec: 1641.67

ROOT exit code = 0
