gSystem->Load("run_condor_job_Run3_C.so");
run_condor_job_Run3(574, 100, 2,
                    80, 200,
                    1, 1, 1, 5);
.q

ENTERED run_condor_job_Run3()
JOBID = 574
  global job = 574  Job 74/100  events [4440000, 4500000)  total=6000000
Processing events [4440000, 4500000) of 6000000
weight: 1.34146e-05
eec: 99.4802
weight: 1.36501e-05
eec: 259.753
weight: 1.07677e-05
eec: 2083.95
weight: 4.94836e-05
eec: 1182.59
weight: 5.09918e-06
eec: 1308.14
weight: 0.000144005
eec: 467.873
weight: 0.000117453
eec: 152.394
weight: 0.000108805
eec: 32.733
weight: 4.18038e-05
eec: 167.845
weight: 3.40978e-05
eec: 375.048
weight: 6.73162e-05
eec: 55.3889
weight: 1.72415e-06
eec: 485.521
weight: 0.000447224
eec: 95.7467
weight: 7.72195e-06
eec: 3196.82
weight: 5.04267e-06
eec: 153.824
weight: 6.90724e-06
eec: 909.353
weight: 1.93889e-06
eec: 546.281
weight: 6.66492e-06
eec: 1120.11
weight: 1.32156e-05
eec: 1390.79
weight: 1.35877e-05
eec: 301.898
weight: 9.23229e-06
eec: 3333.39
weight: 6.57221e-05
eec: 103.507
weight: 2.86551e-05
eec: 1546.67
weight: 0.000134722
eec: 108.485
weight: 4.31581e-06
eec: 267.339
weight: 0.000149772
eec: 616.577
weight: 1.08226e-07
eec: 916.755
weight: 9.9433e-06
eec: 693.961
weight: 0.000116193
eec: 127.432
weight: 3.24562e-05
eec: 931.739
weight: 7.92243e-05
eec: 707.529
weight: 7.0959e-05
eec: 33.6762
weight: 1.65168e-05
eec: 261.481
weight: 0.00013181
eec: 292.929
weight: 3.40901e-06
eec: 621.909
Processing: 74.1667 %weight: 5.47098e-06
eec: 128.397
weight: 9.50647e-05
eec: 439.67
weight: 0.000334588
eec: 277.349
weight: 5.78982e-06
eec: 678.192
weight: 2.24169e-05
eec: 112.209
weight: 1.47483e-05
eec: 3817.03
weight: 8.60167e-06
eec: 334.519
weight: 1.21683e-06
eec: 268.781
weight: 5.29797e-05
eec: 165.834
weight: 2.03394e-05
eec: 92.8805
weight: 9.52886e-05
eec: 263.404
weight: 1.21876e-05
eec: 1510.19
weight: 1.30341e-05
eec: 658.456
weight: 8.86357e-05
eec: 21.154
weight: 3.11202e-05
eec: 28.6366
weight: 8.64573e-06
eec: 57.9501
weight: 1.55536e-07
eec: 305.443
weight: 1.43767e-05
eec: 621.521
weight: 7.3084e-06
eec: 1449.13
weight: 5.83146e-06
eec: 1110.9
weight: 7.23774e-06
eec: 543.884
weight: 3.54351e-06
eec: 1394.78
weight: 2.86197e-05
eec: 66.9185
weight: 7.04677e-05
eec: 587.827
weight: 4.04024e-05
eec: 264.927
weight: 6.29569e-06
eec: 1489.91
weight: 0.000156897
eec: 297.328
weight: 0.000174109
eec: 60.333
weight: 0.000206524
eec: 1107.68
weight: 7.57324e-06
eec: 1177.95
weight: 9.92139e-05
eec: 447.753
weight: 2.9103e-06
eec: 54.2659
weight: 4.79381e-05
eec: 71.9638
weight: 7.81609e-07
eec: 1269.86
weight: 3.33328e-05
eec: 125.147
weight: 0.000362538
eec: 419.516
weight: 5.64816e-07
eec: 599.233
weight: 1.47149e-05
eec: 34.5333
weight: 1.96873e-06
eec: 378.171
weight: 0.000157608
eec: 57.8271
weight: 4.25725e-05
eec: 18.0049
weight: 4.17715e-06
eec: 2212.71
weight: 0.000158994
eec: 506.036
weight: 1.46926e-05
eec: 1999.92
weight: 0.000324303
eec: 177.597
weight: 0.000127765
eec: 879.586
weight: 6.98183e-05
eec: 745.662
weight: 2.99445e-05
eec: 145.544
weight: 0.000408399
eec: 33.8577
weight: 7.54797e-06
eec: 58.0168
weight: 0.000134405
eec: 71.2907
weight: 3.03775e-07
eec: 560.398
weight: 1.01731e-05
eec: 58.3261
weight: 3.60703e-06
eec: 102.974
weight: 5.76124e-06
eec: 238.958
weight: 3.1477e-06
eec: 233.17
weight: 9.53015e-05
eec: 181.117
weight: 1.99604e-05
eec: 705.055
weight: 0.00019504
eec: 1000.25
weight: 1.01266e-05
eec: 383.368
weight: 1.00753e-07
eec: 162.054
weight: 6.47092e-06
eec: 508.719
weight: 8.0204e-06
eec: 1407.74
weight: 2.20716e-07
eec: 697.641
weight: 9.11867e-06
eec: 73.9273
weight: 3.51092e-07
eec: 34.083
weight: 3.19677e-05
eec: 46.3553
weight: 2.90658e-05
eec: 52.7296
weight: 8.21781e-06
eec: 878.311
weight: 0.000108852
eec: 450.42
weight: 2.36286e-05
eec: 428.285
weight: 0.000177074
eec: 219.484
weight: 0.00042984
eec: 251.997
weight: 2.29737e-07
eec: 35.9938
weight: 3.22321e-05
eec: 440.125
weight: 7.27102e-06
eec: 435.387
weight: 0.001533
eec: 488.962
weight: 3.12776e-06
eec: 708.788
weight: 6.33449e-05
eec: 605.62
weight: 2.45575e-07
eec: 267.927
weight: 5.40887e-05
eec: 278.741
weight: 5.32874e-05
eec: 1077.08
weight: 0.000435568
eec: 234.589
weight: 4.96078e-06
eec: 789.392
weight: 0.000196944
eec: 252.588
weight: 9.57077e-06
eec: 1026.08
weight: 1.74422e-05
eec: 118.027
weight: 2.58215e-05
eec: 484.275
weight: 1.35475e-06
eec: 256.682
weight: 9.9228e-06
eec: 1007.9
weight: 6.12218e-06
eec: 309.368
weight: 1.26622e-05
eec: 2221.46
weight: 0.00011331
eec: 87.5346
weight: 6.12862e-05
eec: 275.695
weight: 0.000170798
eec: 323.715
weight: 0.000152932
eec: 450.032
weight: 0.000343751
eec: 114.433
weight: 6.87239e-05
eec: 232.491
weight: 9.26819e-09
eec: 85.5663
weight: 6.77667e-06
eec: 1237.57
weight: 8.68752e-06
eec: 838.046
weight: 2.72178e-07
eec: 552.799
weight: 0.000458207
eec: 222.949
weight: 2.38045e-05
eec: 371.799
weight: 9.5432e-05
eec: 436.316
weight: 1.25675e-05
eec: 371.535
weight: 3.79965e-06
eec: 247.595
weight: 0.00015135
eec: 287.893
weight: 0.000159757
eec: 122.277
weight: 6.11587e-07
eec: 488.872
weight: 4.64785e-05
eec: 2131.17
weight: 1.89145e-05
eec: 410.977
weight: 0.000231417
eec: 70.0768
weight: 1.64714e-05
eec: 1255.06
weight: 7.52125e-06
eec: 226.558
weight: 0.000172993
eec: 84.584
weight: 0.000148915
eec: 2315.64
weight: 0.00010382
eec: 136.724
weight: 1.9367e-06
eec: 301.113
weight: 6.70334e-07
eec: 248.444
weight: 0.000325643
eec: 276.699
weight: 3.13985e-05
eec: 524.924
weight: 3.49577e-05
eec: 122.537
weight: 1.28384e-06
eec: 953.791
weight: 0.000573968
eec: 151.218
weight: 1.38922e-06
eec: 283.509
weight: 2.84588e-05
eec: 3528.3
weight: 9.67339e-06
eec: 1537.67
weight: 2.34549e-06
eec: 112.794
weight: 1.43097e-05
eec: 25.3519
weight: 1.19978e-07
eec: 3532.88
weight: 0.000354517
eec: 345.988
weight: 0.000154021
eec: 1065.67
weight: 0.000126606
eec: 173.815
weight: 0.000166606
eec: 496.123
weight: 5.5093e-05
eec: 442.781
weight: 1.38822e-05
eec: 360.191
weight: 0.000412615
eec: 535.708
weight: 4.7351e-05
eec: 675.152
weight: 0.000656063
eec: 438.861
weight: 9.41536e-06
eec: 1274.23
weight: 7.28334e-05
eec: 601.003
weight: 1.03151e-05
eec: 146.44
weight: 7.18899e-06
eec: 440.976
weight: 0.000473444
eec: 213.937
weight: 1.01541e-05
eec: 866.767
weight: 2.01464e-05
eec: 376.009
weight: 1.70375e-05
eec: 82.3756
weight: 4.62766e-05
eec: 143.016
weight: 0.000207549
eec: 671.138
weight: 0.000429414
eec: 688.801
weight: 0.000129195
eec: 446.482
weight: 9.55181e-05
eec: 263.99
weight: 3.71108e-07
eec: 1312.67
weight: 2.93909e-05
eec: 165.765
weight: 4.47293e-05
eec: 1088.93
weight: 2.00565e-06
eec: 75.9781
weight: 2.95252e-05
eec: 358.529
weight: 2.66429e-06
eec: 158.094
weight: 5.26446e-05
eec: 267.962
weight: 0.000106688
eec: 677.379
weight: 7.28231e-05
eec: 308.642
weight: 0.00016835
eec: 731.301
weight: 0.000127585
eec: 290.402
weight: 2.00878e-06
eec: 3404.71
weight: 1.81406e-07
eec: 872.246
weight: 4.01984e-07
eec: 233.527
weight: 0.000101521
eec: 355.271
weight: 6.31365e-06
eec: 179.693
weight: 1.45739e-06
eec: 547.476
weight: 2.25133e-05
eec: 55.473
weight: 1.0205e-06
eec: 212.35
weight: 7.96828e-06
eec: 630.176
weight: 1.45984e-06
eec: 420.133
weight: 0.000175383
eec: 75.963
weight: 4.39506e-05
eec: 20.8633
weight: 6.881e-05
eec: 262.599
weight: 8.94865e-06
eec: 673.078
weight: 0.000324928
eec: 48.3356
weight: 1.03134e-05
eec: 158.257
weight: 9.56118e-05
eec: 326.201
weight: 3.29821e-05
eec: 390.435
weight: 1.23912e-05
eec: 256.738
weight: 5.95851e-06
eec: 121.032
weight: 3.86558e-05
eec: 89.9866
weight: 7.6255e-05
eec: 356.275
weight: 1.65321e-05
eec: 182.399
weight: 1.35772e-05
eec: 846.609
weight: 1.35772e-05
eec: 177.35
weight: 5.82008e-06
eec: 690.532
weight: 0.00036014
eec: 36.1056
weight: 8.17982e-06
eec: 586.076

ROOT exit code = 0
