gSystem->Load("run_condor_job_Run3_C.so");
run_condor_job_Run3(623, 100, 2,
                    80, 200,
                    1, 1, 1, 6);
.q

ENTERED run_condor_job_Run3()
JOBID = 623
  global job = 623  Job 23/100  events [1356540, 1415520)  total=5898000
Processing events [1356540, 1415520) of 5898000
weight: 4.27015e-05
eec: 95.7957
weight: 1.21626e-05
eec: 159.403
weight: 2.28727e-05
eec: 204.874
weight: 0.000197515
eec: 316.441
weight: 8.00817e-06
eec: 1065.8
weight: 9.23566e-06
eec: 149.733
weight: 7.20218e-05
eec: 323.066
weight: 7.27886e-05
eec: 190.885
weight: 1.42135e-05
eec: 172.844
weight: 2.4033e-05
eec: 221.377
weight: 2.4057e-05
eec: 378.041
weight: 8.12204e-08
eec: 93.3494
weight: 0.000165141
eec: 230.924
weight: 5.05419e-05
eec: 1538.64
weight: 3.7762e-05
eec: 1127.02
weight: 4.01812e-05
eec: 453.511
weight: 2.69674e-05
eec: 255.964
weight: 0.000412931
eec: 79.7599
weight: 9.54979e-05
eec: 128.352
weight: 7.09727e-05
eec: 188.56
weight: 7.79078e-05
eec: 665.57
weight: 2.82212e-05
eec: 449.751
weight: 7.65213e-05
eec: 265.167
weight: 5.22045e-07
eec: 970.117
weight: 1.57457e-05
eec: 1111.64
weight: 1.84833e-05
eec: 513.021
weight: 2.49922e-05
eec: 275.255
weight: 1.12917e-05
eec: 1071.64
weight: 2.45679e-05
eec: 85.4258
weight: 0.00022705
eec: 879.463
weight: 6.34757e-07
eec: 101.094
weight: 2.33902e-06
eec: 308.01
weight: 4.53569e-05
eec: 186.453
weight: 3.84023e-05
eec: 1253.92
weight: 4.39666e-07
eec: 678.39
weight: 2.06134e-05
eec: 643.498
weight: 8.60847e-06
eec: 3257.78
weight: 0.000320599
eec: 218.408
weight: 0.000141087
eec: 44.0789
weight: 8.83081e-06
eec: 205.485
weight: 7.31337e-07
eec: 369.566
weight: 0.000108818
eec: 430.527
weight: 0.000746276
eec: 566.126
weight: 0.000166717
eec: 357.017
weight: 0.000411415
eec: 229.887
weight: 2.19816e-05
eec: 1936.12
weight: 1.39927e-05
eec: 20.2844
weight: 3.90284e-05
eec: 58.86
weight: 1.15028e-05
eec: 3575.54
weight: 1.35185e-06
eec: 559.683
weight: 7.94871e-05
eec: 244.603
weight: 0.000130457
eec: 5.08794
weight: 9.02164e-06
eec: 428.959
weight: 5.57205e-05
eec: 2448.44
weight: 2.46271e-05
eec: 794.687
weight: 0.000145
eec: 460.65
weight: 6.06642e-06
eec: 2871.22
weight: 3.55111e-07
eec: 227.002
weight: 3.66659e-05
eec: 1030.9
weight: 5.88944e-05
eec: 722.001
weight: 2.55016e-05
eec: 179.479
weight: 0.000360487
eec: 780.246
weight: 5.47446e-06
eec: 634.194
weight: 1.52359e-06
eec: 1655.26
weight: 2.01552e-05
eec: 36.7736
weight: 4.01789e-05
eec: 949.67
weight: 0.000126003
eec: 295.145
weight: 7.18593e-05
eec: 197.97
weight: 2.6923e-05
eec: 700.94
weight: 2.15801e-05
eec: 1009.88
weight: 1.09822e-05
eec: 200.523
weight: 0.00019729
eec: 613.955
weight: 0.000529484
eec: 83.9337
weight: 2.19341e-06
eec: 1108.49
weight: 5.46788e-05
eec: 190.094
weight: 0.000448823
eec: 173.243
weight: 3.97983e-05
eec: 79.0894
weight: 1.05965e-05
eec: 1038.31
weight: 2.16744e-05
eec: 4142.03
weight: 0.000226357
eec: 105.278
weight: 8.87425e-06
eec: 2162.21
weight: 5.85446e-05
eec: 2306.02
weight: 9.5309e-05
eec: 172.142
weight: 1.03193e-05
eec: 2978.39
weight: 7.81482e-07
eec: 10.1082
weight: 0.000113236
eec: 723.458
weight: 0.000113236
eec: 282.663
weight: 1.76647e-06
eec: 3935.41
weight: 0.000103256
eec: 10.1565
weight: 9.00582e-05
eec: 726.016
weight: 2.57543e-05
eec: 2740.42
weight: 3.92119e-06
eec: 1185.65
weight: 1.85904e-05
eec: 713.93
weight: 2.33942e-07
eec: 1386.79
weight: 9.60799e-06
eec: 343.041
weight: 3.42042e-06
eec: 364.755
weight: 8.15129e-07
eec: 359.388
weight: 2.43892e-05
eec: 243.905
weight: 0.000159465
eec: 136.291
weight: 4.35026e-05
eec: 265.42
weight: 7.94933e-05
eec: 1.68768
weight: 0.000911182
eec: 32.1903
weight: 2.22493e-05
eec: 111.016
weight: 9.44125e-06
eec: 714.408
weight: 0.000377806
eec: 148.468
weight: 1.09258e-05
eec: 111.82
weight: 8.87618e-06
eec: 165.007
weight: 5.40214e-05
eec: 359.893
weight: 3.07948e-05
eec: 146.953
weight: 5.80274e-06
eec: 502.481
weight: 7.93616e-05
eec: 1030.92
weight: 0.000107336
eec: 117.608
weight: 0.000931432
eec: 52.1551
weight: 1.49388e-05
eec: 264.275
weight: 9.15862e-05
eec: 280.045
weight: 3.97132e-05
eec: 410.42
weight: 0.000108951
eec: 98.8687
weight: 0.000182959
eec: 586.495
weight: 9.49979e-05
eec: 58.9995
weight: 6.72804e-05
eec: 1185.8
weight: 3.5856e-05
eec: 58.9411
weight: 3.61307e-06
eec: 316.559
weight: 8.33145e-05
eec: 268.566
weight: 0.000121435
eec: 418.42
weight: 8.21384e-05
eec: 148.581
weight: 5.31857e-07
eec: 725.982
weight: 2.3438e-05
eec: 675.382
weight: 1.53721e-05
eec: 189.873
weight: 2.04007e-05
eec: 390.751
weight: 1.99956e-05
eec: 145.637
weight: 1.61056e-05
eec: 1182.45
weight: 3.27172e-05
eec: 323.864
weight: 1.47687e-05
eec: 182.585
weight: 9.70459e-06
eec: 658.337
weight: 8.83214e-06
eec: 203.928
weight: 3.33636e-06
eec: 894.784
weight: 7.50461e-05
eec: 257.626
weight: 2.72937e-06
eec: 987.074
weight: 3.86371e-05
eec: 86.0561
weight: 1.22149e-05
eec: 32.1144
weight: 0.000387731
eec: 394.102
weight: 1.43578e-05
eec: 3884.33
weight: 4.28098e-06
eec: 242.845
weight: 4.61403e-05
eec: 141.986
weight: 1.62156e-05
eec: 1186.14
weight: 3.89322e-05
eec: 166.59
weight: 5.38466e-05
eec: 444.755
weight: 0.000305056
eec: 658.532
weight: 6.51387e-06
eec: 400.087
weight: 1.79833e-06
eec: 999.738
weight: 2.46684e-05
eec: 244.462
weight: 9.13515e-06
eec: 225.772
weight: 3.62051e-05
eec: 2592.67
weight: 0.000246274
eec: 328.576
weight: 4.60987e-05
eec: 63.5133
weight: 0.000451851
eec: 113.815
weight: 7.12532e-06
eec: 113.777
weight: 1.30504e-05
eec: 279.593
weight: 6.78046e-05
eec: 285.606
weight: 1.90102e-05
eec: 35.6472
weight: 1.05036e-05
eec: 242.772
weight: 1.48587e-06
eec: 325.825
weight: 6.21498e-05
eec: 100.377
weight: 2.45625e-05
eec: 419.271
weight: 5.66695e-06
eec: 548.951
weight: 0.000112419
eec: 64.3656
weight: 2.25077e-05
eec: 196.222
weight: 3.53402e-05
eec: 249.766
weight: 1.09585e-07
eec: 838.401
weight: 0.000171994
eec: 300.123
weight: 3.99661e-05
eec: 80.242
weight: 0.000232321
eec: 143.555
weight: 0.00012787
eec: 210.325
weight: 5.04632e-06
eec: 611.423
weight: 4.91812e-05
eec: 589.393
weight: 2.50257e-05
eec: 730.939
weight: 9.40035e-06
eec: 360.777
weight: 1.86113e-06
eec: 168.902
weight: 7.61705e-06
eec: 452.116
Processing: 23.7369 %weight: 1.22025e-06
eec: 3053.1
weight: 5.31519e-05
eec: 662.199
weight: 8.56469e-05
eec: 291.331
weight: 2.57856e-05
eec: 239.876
weight: 3.70246e-05
eec: 394.764
weight: 1.62821e-05
eec: 296.422
weight: 0.000125797
eec: 601.168
weight: 3.11189e-06
eec: 38.3449
weight: 1.65707e-05
eec: 312.222
weight: 3.27161e-05
eec: 734.599
weight: 6.26235e-07
eec: 662.329
weight: 0.000134599
eec: 773.263
weight: 0.000332055
eec: 926.822
weight: 0.000416855
eec: 148.489
weight: 3.88242e-05
eec: 631.849
weight: 0.000258438
eec: 73.5951
weight: 9.73578e-06
eec: 297.854
weight: 1.41618e-05
eec: 1807.54
weight: 3.55773e-05
eec: 299.561
weight: 1.81277e-06
eec: 103.733
weight: 6.58431e-05
eec: 950.883
weight: 1.27694e-06
eec: 30.0223
weight: 8.45883e-07
eec: 718.838
weight: 6.24322e-07
eec: 272.42
weight: 1.59491e-05
eec: 103.563
weight: 1.93309e-05
eec: 586.675
weight: 3.09591e-05
eec: 190.443
weight: 8.61025e-06
eec: 19.6359
weight: 4.60228e-05
eec: 196.731
weight: 0.000332051
eec: 204.646
weight: 1.2067e-05
eec: 1024.09
weight: 2.19515e-05
eec: 399.452
weight: 8.30152e-06
eec: 67.4544
weight: 2.05461e-05
eec: 846.622
weight: 0.000322196
eec: 695.349
weight: 2.30786e-06
eec: 156.476
weight: 3.41309e-06
eec: 370.493
weight: 1.21051e-05
eec: 110.182
weight: 1.04307e-05
eec: 605.167
weight: 1.03462e-05
eec: 381.885
weight: 1.82243e-05
eec: 391.786
weight: 2.20947e-05
eec: 617.06
weight: 0.000157834
eec: 732.004
weight: 1.85189e-05
eec: 48.2324
weight: 4.55501e-05
eec: 1445.5
weight: 1.03589e-06
eec: 2396.1
weight: 3.6461e-07
eec: 392.543
weight: 0.00011633
eec: 90.6312
weight: 1.43802e-05
eec: 754.127
weight: 8.52796e-06
eec: 89.6465
weight: 5.03967e-06
eec: 450.606
weight: 2.17855e-05
eec: 381.886
weight: 9.27511e-07
eec: 1087.06
weight: 0.000114907
eec: 267.781
weight: 2.78725e-06
eec: 774.881
weight: 1.09612e-06
eec: 1786.95
weight: 1.16837e-05
eec: 255.59
weight: 4.00479e-06
eec: 1313.77
weight: 0.000903988
eec: 648.129
weight: 8.14857e-05
eec: 42.8229
weight: 3.18432e-06
eec: 2564.78
weight: 2.56747e-05
eec: 101.096
weight: 0.00010823
eec: 323.004
weight: 3.54766e-05
eec: 189.171
weight: 0.0009021
eec: 243.905
weight: 1.79715e-05
eec: 595.941
weight: 5.55149e-07
eec: 158.332
weight: 5.19024e-05
eec: 177.044
weight: 5.19024e-05
eec: 172.579
weight: 4.47807e-07
eec: 695.725
weight: 7.70058e-05
eec: 730.427
weight: 9.87713e-06
eec: 2107.85

ROOT exit code = 0
