gSystem->Load("run_condor_job_Run3_C.so");
run_condor_job_Run3(567, 100, 2,
                    80, 200,
                    1, 1, 1, 5);
.q

ENTERED run_condor_job_Run3()
JOBID = 567
  global job = 567  Job 67/100  events [4020000, 4080000)  total=6000000
Processing events [4020000, 4080000) of 6000000
weight: 1.12692e-06
eec: 1929.65
weight: 1.47152e-05
eec: 1050.38
weight: 5.62852e-05
eec: 1042.6
weight: 0.000141095
eec: 1146.72
weight: 2.79406e-06
eec: 185.345
weight: 1.68047e-05
eec: 259.557
weight: 4.1086e-05
eec: 406.73
weight: 6.80803e-05
eec: 859.876
weight: 3.13423e-05
eec: 497.781
weight: 1.03495e-06
eec: 763.387
weight: 1.36855e-05
eec: 64.4647
weight: 0.000148502
eec: 140.447
weight: 6.47782e-06
eec: 918.32
weight: 1.13583e-05
eec: 34.3902
weight: 0.00021986
eec: 40.328
weight: 5.1478e-06
eec: 663.163
weight: 9.35852e-07
eec: 806.466
weight: 0.000314611
eec: 119.055
weight: 7.8296e-05
eec: 243.373
weight: 1.81803e-05
eec: 139.594
weight: 3.37141e-06
eec: 473.229
weight: 6.27296e-05
eec: 520.205
weight: 1.91908e-05
eec: 278.395
weight: 6.81611e-05
eec: 1050.21
weight: 0.000123341
eec: 80.967
weight: 7.95769e-05
eec: 329.016
weight: 1.92923e-05
eec: 220.83
weight: 3.60462e-05
eec: 106.557
weight: 0.000438775
eec: 965.38
weight: 5.3036e-06
eec: 144.935
weight: 4.65458e-05
eec: 473.585
weight: 0.000131541
eec: 390.6
weight: 9.09435e-05
eec: 512.488
weight: 1.74792e-06
eec: 520.298
weight: 0.000758314
eec: 936.371
weight: 1.80939e-05
eec: 2143.88
weight: 0.000938326
eec: 394.808
weight: 0.000157926
eec: 169.37
weight: 3.60311e-05
eec: 396.176
weight: 2.7245e-05
eec: 198.794
weight: 9.87222e-06
eec: 4498.17
weight: 5.99786e-05
eec: 523.832
weight: 4.69252e-05
eec: 196.666
weight: 6.02237e-06
eec: 228.806
weight: 3.89448e-05
eec: 31.646
weight: 1.0949e-05
eec: 468.327
weight: 9.88801e-05
eec: 16.975
weight: 6.6956e-05
eec: 144.877
weight: 4.01639e-06
eec: 133.978
weight: 0.000267528
eec: 655.875
weight: 2.10415e-05
eec: 1473.12
weight: 0.000276619
eec: 884.467
weight: 0.000297474
eec: 194.673
weight: 0.000234169
eec: 379.519
weight: 3.07814e-07
eec: 82.0719
weight: 0.00021505
eec: 81.2194
weight: 1.18922e-05
eec: 605.904
weight: 7.15351e-05
eec: 148.073
weight: 0.000119077
eec: 203.544
weight: 8.71623e-06
eec: 11.0035
weight: 7.57038e-05
eec: 936.835
weight: 2.06038e-06
eec: 124.181
weight: 1.2014e-05
eec: 737.478
weight: 3.31743e-06
eec: 768.456
weight: 0.000139962
eec: 108.926
weight: 0.000319281
eec: 250.494
weight: 0.000467457
eec: 97.5671
weight: 5.7936e-07
eec: 2139.88
weight: 8.31754e-06
eec: 314.589
weight: 1.67419e-05
eec: 362.727
weight: 0.000283491
eec: 118.109
weight: 3.43574e-05
eec: 90.9342
weight: 7.57298e-06
eec: 219.749
weight: 1.60953e-05
eec: 1415.75
weight: 8.78918e-05
eec: 107.566
weight: 0.000805023
eec: 799.902
weight: 0.000172152
eec: 173.524
weight: 3.99382e-07
eec: 228.511
weight: 6.30591e-07
eec: 158.529
weight: 4.0183e-06
eec: 540.723
weight: 6.43809e-05
eec: 10.8138
weight: 0.000187892
eec: 542.11
weight: 2.20874e-06
eec: 3406.48
weight: 0.000115979
eec: 298.051
weight: 3.98606e-06
eec: 530.639
weight: 0.0001168
eec: 142.249
weight: 2.45859e-06
eec: 1020.45
weight: 1.70694e-05
eec: 122.377
weight: 8.07014e-06
eec: 229.186
weight: 6.42374e-05
eec: 78.0542
weight: 4.49699e-05
eec: 988.147
weight: 1.77004e-05
eec: 1042.91
weight: 0.000413075
eec: 806.955
weight: 2.86999e-05
eec: 1252.02
weight: 1.31733e-06
eec: 62.2406
weight: 3.10045e-05
eec: 183.46
weight: 4.97505e-05
eec: 544.29
weight: 5.62226e-06
eec: 19.7547
weight: 7.33268e-05
eec: 130.129
weight: 7.06307e-05
eec: 439.602
weight: 0.000432867
eec: 982.851
weight: 5.83085e-05
eec: 63.8401
weight: 0.000212163
eec: 2325.2
weight: 0.000570405
eec: 24.2115
weight: 0.000134931
eec: 112.499
weight: 1.9228e-06
eec: 342.004
weight: 1.36817e-05
eec: 534.066
weight: 5.28936e-06
eec: 333.173
weight: 4.31456e-06
eec: 2029.66
weight: 0.000121728
eec: 1158.95
weight: 8.93418e-06
eec: 828.034
weight: 1.41386e-05
eec: 83.9808
weight: 1.08884e-06
eec: 301.476
weight: 0.000106802
eec: 414.081
weight: 2.48395e-05
eec: 1307.21
weight: 0.000113134
eec: 66.7773
weight: 0.000168312
eec: 148.094
weight: 8.21998e-05
eec: 310.622
weight: 1.95005e-05
eec: 50.5516
weight: 0.000199743
eec: 665.079
weight: 1.46825e-05
eec: 1206.94
weight: 0.000197752
eec: 306.197
weight: 5.6637e-05
eec: 1039.22
weight: 0.000166528
eec: 346.412
weight: 6.74726e-06
eec: 223.204
Processing: 67.5 %weight: 5.00247e-05
eec: 1045.03
weight: 3.3407e-05
eec: 237.89
weight: 0.00161512
eec: 147.066
weight: 2.52952e-06
eec: 103.087
weight: 2.93567e-05
eec: 1020.74
weight: 6.98966e-05
eec: 22.4628
weight: 3.86434e-05
eec: 66.109
weight: 2.47081e-05
eec: 905.492
weight: 4.70941e-05
eec: 5.45126
weight: 5.3414e-06
eec: 115.454
weight: 2.19639e-05
eec: 243.429
weight: 1.03617e-05
eec: 121.52
weight: 7.06273e-06
eec: 389.534
weight: 8.79828e-06
eec: 963.359
weight: 8.65143e-06
eec: 1694.03
weight: 5.2567e-07
eec: 43.3519
weight: 1.19052e-06
eec: 1082.29
weight: 2.37338e-05
eec: 1861.5
weight: 2.68542e-05
eec: 446.874
weight: 5.40465e-05
eec: 1269.25
weight: 3.28317e-06
eec: 1281.54
weight: 9.55537e-06
eec: 944.764
weight: 2.25699e-05
eec: 370.565
weight: 1.52512e-05
eec: 910.121
weight: 0.00118135
eec: 519.474
weight: 3.94127e-05
eec: 295.287
weight: 4.21727e-05
eec: 275.759
weight: 1.52421e-05
eec: 154.415
weight: 2.06195e-05
eec: 267.798
weight: 4.01053e-05
eec: 926.955
weight: 3.44479e-05
eec: 923.943
weight: 1.2149e-05
eec: 230.474
weight: 3.01339e-07
eec: 229.185
weight: 6.78431e-05
eec: 264.137
weight: 9.82446e-06
eec: 354.337
weight: 2.46248e-05
eec: 1132.23
weight: 3.11231e-06
eec: 75.3049
weight: 2.93243e-05
eec: 488.379
weight: 5.25412e-06
eec: 1320.37
weight: 1.26276e-05
eec: 813.882
weight: 0.000194717
eec: 79.9601
weight: 0.000346616
eec: 828.582
weight: 1.35346e-05
eec: 1246.37
weight: 1.3901e-05
eec: 698.631
weight: 0.000114699
eec: 413.066
weight: 1.78434e-05
eec: 617.208
weight: 0.000359028
eec: 333.777
weight: 8.31546e-06
eec: 1549.98
weight: 8.94726e-05
eec: 528.319
weight: 6.7577e-05
eec: 75.7571
weight: 2.48754e-05
eec: 631.521
weight: 4.55756e-05
eec: 548.898
weight: 3.52568e-05
eec: 714.634
weight: 3.16156e-05
eec: 221.497
weight: 1.49145e-05
eec: 235.97
weight: 0.000136697
eec: 408.926
weight: 8.5534e-07
eec: 39.5834
weight: 4.63941e-05
eec: 54.4365
weight: 4.01917e-05
eec: 565.68
weight: 0.000315822
eec: 368.804
weight: 1.02899e-05
eec: 622.321
weight: 2.87916e-05
eec: 710.95
weight: 3.11313e-05
eec: 109.685
weight: 0.000491637
eec: 17.645
weight: 0.000371213
eec: 73.7637
weight: 3.40265e-05
eec: 622.02
weight: 9.31375e-05
eec: 287.905
weight: 1.0694e-05
eec: 437.433
weight: 1.24268e-05
eec: 49.1129
weight: 4.87698e-05
eec: 414.529
weight: 4.17946e-05
eec: 1563.11
weight: 4.77827e-05
eec: 699.013
weight: 0.000480886
eec: 109.292
weight: 4.93193e-06
eec: 516.656
weight: 0.000240702
eec: 575.889
weight: 1.45358e-05
eec: 605.842
weight: 7.86558e-05
eec: 474.545
weight: 1.52784e-05
eec: 2765.08
weight: 2.86156e-05
eec: 109.419
weight: 5.20079e-08
eec: 213.556
weight: 2.87111e-05
eec: 1652.54
weight: 0.000265945
eec: 304.345
weight: 2.10025e-06
eec: 46.9483
weight: 5.40045e-07
eec: 65.5051
weight: 3.66416e-05
eec: 3756
weight: 3.66416e-05
eec: 833.916
weight: 5.29211e-05
eec: 1702.89
weight: 5.72879e-05
eec: 12.5247
weight: 0.000213464
eec: 508.752
weight: 5.12007e-05
eec: 129.299
weight: 0.000209131
eec: 1044.71
weight: 3.64759e-06
eec: 411.682
weight: 0.000481965
eec: 901.875
weight: 2.80782e-06
eec: 186.464
weight: 4.62041e-05
eec: 399.927
weight: 2.70501e-07
eec: 636.913
weight: 0.000123551
eec: 1089.78
weight: 4.68641e-06
eec: 43.7427
weight: 2.0179e-05
eec: 835.35
weight: 0.002517
eec: 141.074
weight: 1.30853e-06
eec: 494.921
weight: 0.000103842
eec: 681.1
weight: 1.77197e-05
eec: 914.227
weight: 0.00021567
eec: 100.282
weight: 2.08576e-05
eec: 69.7064
weight: 3.79317e-05
eec: 177.597
weight: 5.0402e-05
eec: 352.844
weight: 8.76398e-05
eec: 273.589
weight: 1.76321e-05
eec: 260.278
weight: 5.50081e-07
eec: 1350.61
weight: 1.02959e-05
eec: 1163.65
weight: 7.24427e-06
eec: 1047.25
weight: 2.5717e-05
eec: 197.53
weight: 2.08788e-05
eec: 29.3917
weight: 1.61815e-05
eec: 1108.42
weight: 0.000231372
eec: 357.663
weight: 7.33724e-05
eec: 111.839
weight: 0.000176576
eec: 133.419
weight: 2.76216e-07
eec: 452.357
weight: 2.49879e-05
eec: 1339.48
weight: 1.28314e-05
eec: 743.154
weight: 0.000173631
eec: 834.033
weight: 0.000283025
eec: 146.043
weight: 9.07913e-06
eec: 74.6445

ROOT exit code = 0
