gSystem->Load("run_condor_job_Run3_C.so");
run_condor_job_Run3(800, 100, 2,
                    80, 200,
                    1, 1, 1, 8);
.q

ENTERED run_condor_job_Run3()
JOBID = 800
  global job = 800  Job 0/100  events [0, 60000)  total=6000000
Processing events [0, 60000) of 6000000
Processing: 0 %weight: 2.42907e-05
eec: 2714.94
weight: 8.44672e-05
eec: 442.608
weight: 1.13008e-06
eec: 532.915
weight: 2.19638e-06
eec: 736.156
weight: 1.34311e-05
eec: 833.522
weight: 1.42464e-07
eec: 954.225
weight: 1.82022e-05
eec: 653.085
weight: 0.000160158
eec: 8.40308
weight: 3.63763e-06
eec: 521.515
weight: 2.69254e-05
eec: 284.6
weight: 3.29543e-05
eec: 859.783
weight: 0.000494359
eec: 855.09
weight: 6.71416e-06
eec: 211.831
weight: 3.75567e-05
eec: 259.474
weight: 1.97492e-06
eec: 549.171
weight: 5.74458e-05
eec: 496.613
weight: 2.98206e-05
eec: 409.861
weight: 4.48226e-06
eec: 465.317
weight: 0.000110266
eec: 115.157
weight: 8.17426e-05
eec: 1604.15
weight: 0.000159585
eec: 126.742
weight: 3.00483e-05
eec: 279.569
weight: 0.000119791
eec: 134.433
weight: 0.000100029
eec: 476.89
weight: 0.000104439
eec: 138.954
weight: 0.000104227
eec: 337.935
weight: 1.40842e-05
eec: 40.1066
weight: 7.36494e-06
eec: 685.155
weight: 3.20643e-05
eec: 855.675
weight: 1.02913e-07
eec: 614.161
weight: 4.77189e-06
eec: 133.703
weight: 1.07265e-05
eec: 246.926
weight: 8.3862e-05
eec: 27.0448
weight: 0.000131294
eec: 360.459
weight: 5.63343e-05
eec: 616.11
weight: 1.18206e-05
eec: 393.494
weight: 8.62603e-05
eec: 371.319
weight: 7.30012e-05
eec: 351.355
weight: 4.64196e-05
eec: 97.1106
weight: 2.24761e-05
eec: 226.396
weight: 0.00015126
eec: 68.2574
weight: 1.34246e-05
eec: 1251.4
weight: 2.08627e-07
eec: 2355.26
weight: 0.000177416
eec: 346.701
weight: 6.94229e-06
eec: 1178.1
weight: 1.21123e-06
eec: 213.58
weight: 0.0003773
eec: 659.826
weight: 6.87009e-06
eec: 764.334
weight: 0.000106631
eec: 1208.29
weight: 5.94036e-06
eec: 348.134
weight: 6.59236e-06
eec: 778.353
weight: 9.96011e-06
eec: 193.464
weight: 2.61288e-05
eec: 265.471
weight: 6.17017e-05
eec: 35.0458
weight: 1.0343e-06
eec: 2714.51
weight: 2.82361e-05
eec: 1741.2
weight: 3.05332e-05
eec: 923.176
weight: 9.10753e-06
eec: 52.3543
weight: 1.11799e-05
eec: 247.436
weight: 0.00039608
eec: 922.671
weight: 2.85007e-05
eec: 267.642
weight: 1.3029e-05
eec: 3284.51
weight: 0.000222354
eec: 382.062
weight: 1.13698e-05
eec: 477.384
weight: 9.80464e-05
eec: 192.842
weight: 0.000235547
eec: 61.6657
weight: 7.37933e-06
eec: 102.564
weight: 3.12184e-05
eec: 276.252
weight: 8.91886e-05
eec: 174.734
weight: 1.9121e-06
eec: 2381.13
weight: 6.91567e-06
eec: 1099.13
weight: 6.50319e-06
eec: 1617.17
weight: 0.000206269
eec: 2420.34
weight: 0.000182276
eec: 310.524
weight: 1.518e-06
eec: 158.968
weight: 0.000294808
eec: 195.576
weight: 1.76482e-07
eec: 1346.63
weight: 2.11587e-05
eec: 730.96
weight: 1.85892e-05
eec: 926.726
weight: 1.23216e-05
eec: 380.742
weight: 0.000120536
eec: 341.839
weight: 4.11795e-05
eec: 657.393
weight: 3.58823e-05
eec: 1724.2
weight: 4.83114e-07
eec: 86.0464
weight: 2.15726e-06
eec: 1904.35
weight: 6.08436e-06
eec: 221.446
weight: 2.81738e-05
eec: 1081.83
weight: 7.36633e-05
eec: 192.765
weight: 9.14778e-06
eec: 1746.22
weight: 1.09814e-05
eec: 45.9504
weight: 6.24363e-05
eec: 546.325
weight: 2.75381e-06
eec: 70.7845
weight: 1.31501e-05
eec: 406.357
weight: 9.36093e-05
eec: 331.915
weight: 1.30739e-06
eec: 182.428
weight: 3.16064e-05
eec: 1206.8
weight: 4.66111e-06
eec: 371.759
weight: 1.31464e-05
eec: 26.8857
weight: 0.00030138
eec: 48.0703
weight: 3.27742e-06
eec: 715.471
weight: 1.39338e-07
eec: 402.073
weight: 1.49876e-05
eec: 79.3403
weight: 5.83198e-05
eec: 192.883
weight: 7.34866e-06
eec: 33.4471
weight: 5.17097e-06
eec: 554.862
weight: 1.06353e-05
eec: 536.754
weight: 0.000254908
eec: 62.183
weight: 1.42587e-05
eec: 774.99
weight: 4.78395e-05
eec: 1257.21
weight: 4.59262e-05
eec: 144.576
weight: 7.96978e-06
eec: 179.537
weight: 0.00012545
eec: 398.785
weight: 2.42746e-06
eec: 701.183
weight: 1.69794e-07
eec: 2177.73
weight: 1.95755e-05
eec: 92.8317
weight: 0.000234501
eec: 427.185
weight: 0.000175982
eec: 246.833
weight: 3.49927e-06
eec: 622.123
weight: 5.61378e-05
eec: 1825.81
weight: 3.72581e-05
eec: 510.633
weight: 8.90203e-06
eec: 677.861
weight: 7.88214e-05
eec: 299.496
weight: 5.15232e-06
eec: 347.537
weight: 6.77474e-06
eec: 715.041
weight: 1.95715e-05
eec: 515.881
weight: 0.000284914
eec: 62.1426
weight: 2.56843e-08
eec: 327.834
weight: 7.49462e-05
eec: 363.763
weight: 1.29276e-05
eec: 62.6391
weight: 0.00124879
eec: 25.1856
weight: 1.2436e-05
eec: 336.389
weight: 2.37495e-05
eec: 333.01
weight: 2.55909e-05
eec: 353.704
weight: 1.55961e-05
eec: 131.252
weight: 1.06419e-05
eec: 565.475
weight: 8.53602e-06
eec: 147.867
weight: 4.44109e-06
eec: 528.966
weight: 6.29743e-06
eec: 200.547
weight: 0.000204275
eec: 356.71
weight: 1.3147e-05
eec: 180.727
weight: 0.00035212
eec: 97.5926
weight: 2.22382e-05
eec: 357.451
weight: 3.83653e-06
eec: 1184.41
weight: 8.77163e-05
eec: 688.828
weight: 6.379e-05
eec: 112.883
weight: 1.51638e-08
eec: 684.35
weight: 2.0153e-05
eec: 616.644
weight: 6.15023e-05
eec: 375.291
weight: 5.03219e-06
eec: 1191.06
weight: 0.000183765
eec: 413.925
weight: 5.95324e-06
eec: 253.655
weight: 7.79258e-05
eec: 366.936
weight: 0.000528151
eec: 465.861
weight: 7.09949e-05
eec: 682.991
weight: 2.18859e-05
eec: 79.063
weight: 4.58483e-06
eec: 349.688
weight: 7.17007e-06
eec: 613.134
weight: 1.52895e-07
eec: 650.479
weight: 1.6968e-05
eec: 859.531
weight: 4.24502e-05
eec: 728.303
weight: 1.69843e-05
eec: 479.947
weight: 7.64517e-05
eec: 150.816
weight: 2.6355e-06
eec: 590.232
weight: 2.54184e-05
eec: 21.5435
weight: 1.64817e-05
eec: 10.6954
weight: 1.7474e-05
eec: 237.621
weight: 1.12229e-05
eec: 2068.52
weight: 4.18442e-05
eec: 719.687
weight: 1.75167e-06
eec: 1175.63
weight: 0.000265085
eec: 142.195
weight: 9.56152e-05
eec: 107.195
weight: 2.03829e-05
eec: 465.442
weight: 8.5879e-05
eec: 1315.69
weight: 3.30214e-05
eec: 933.589
weight: 0.000250989
eec: 76.8608
weight: 1.85862e-05
eec: 157.58
weight: 1.63789e-05
eec: 37.2422
weight: 7.50072e-06
eec: 595.961
weight: 1.14963e-05
eec: 69.5375
weight: 1.16323e-05
eec: 1019.32
weight: 0.000452571
eec: 653.395
weight: 9.41712e-05
eec: 43.0505
weight: 4.45299e-07
eec: 3160.53
weight: 3.41383e-05
eec: 355.631
Processing: 0.833333 %weight: 4.55589e-06
eec: 1055.1
weight: 5.9027e-05
eec: 267.083
weight: 1.3033e-06
eec: 228.761
weight: 2.61238e-05
eec: 1363.03
weight: 9.78115e-05
eec: 560.973
weight: 1.10019e-05
eec: 153.127
weight: 0.000168044
eec: 81.1801
weight: 5.21085e-07
eec: 96.6507
weight: 0.00033759
eec: 474.168
weight: 0.000290298
eec: 765.672
weight: 1.2896e-05
eec: 249.109
weight: 5.46419e-05
eec: 1143.8
weight: 2.04292e-05
eec: 39.6086
weight: 5.94258e-06
eec: 1454.47
weight: 1.20009e-05
eec: 1363.47
weight: 1.7243e-06
eec: 127.174
weight: 5.45649e-05
eec: 440.251
weight: 4.34181e-05
eec: 975.188
weight: 5.60304e-05
eec: 198.392
weight: 2.05663e-05
eec: 196.459
weight: 1.80524e-06
eec: 451.17
weight: 6.38888e-06
eec: 364.739
weight: 0.000255807
eec: 168.633
weight: 0.000249732
eec: 753.41
weight: 0.000387928
eec: 207.268
weight: 7.84798e-06
eec: 62.0799
weight: 8.53712e-06
eec: 1252.37
weight: 1.73009e-05
eec: 1374.51
weight: 3.2492e-05
eec: 67.0505
weight: 1.46354e-05
eec: 500.125
weight: 0.000228479
eec: 458.861
weight: 1.83246e-05
eec: 542.132
weight: 8.94632e-08
eec: 1290.71
weight: 0.000294339
eec: 1137.68
weight: 0.000994816
eec: 203.262
weight: 8.11921e-06
eec: 1192.95
weight: 2.57369e-05
eec: 1125.88
weight: 0.000161761
eec: 820.834

ROOT exit code = 0
