gSystem->Load("run_condor_job_Run3_C.so");
run_condor_job_Run3(379, 100, 2,
                    80, 200,
                    1, 1, 1, 3);
.q

ENTERED run_condor_job_Run3()
JOBID = 379
  global job = 379  Job 79/100  events [4740000, 4800000)  total=6000000
Processing events [4740000, 4800000) of 6000000
weight: 0.000160479
eec: 244.4
weight: 8.86833e-08
eec: 641.26
weight: 0.00015121
eec: 914.648
weight: 5.35484e-05
eec: 246.185
weight: 6.00752e-05
eec: 376.653
weight: 6.27477e-05
eec: 25.6394
weight: 1.28484e-07
eec: 3183.54
weight: 9.54196e-05
eec: 234.61
weight: 2.15965e-05
eec: 1101.91
weight: 4.16479e-05
eec: 1057.21
weight: 1.22817e-05
eec: 1753.34
weight: 4.50333e-06
eec: 747.259
weight: 6.761e-05
eec: 150.542
weight: 4.58613e-06
eec: 250.895
weight: 0.000101834
eec: 224.026
weight: 1.15064e-06
eec: 2199.53
weight: 6.49715e-05
eec: 369.962
weight: 2.1863e-05
eec: 214.837
weight: 0.000558145
eec: 468.752
weight: 0.000198865
eec: 255.972
weight: 1.74321e-05
eec: 1024.53
weight: 0.000126449
eec: 99.3794
weight: 0.000230144
eec: 35.0939
weight: 8.71714e-06
eec: 941.302
weight: 9.45581e-08
eec: 761.105
weight: 3.45179e-07
eec: 916.439
weight: 8.425e-06
eec: 1357.7
weight: 4.6521e-05
eec: 62.594
weight: 9.78379e-06
eec: 1201.32
weight: 3.52575e-05
eec: 65.5089
weight: 3.76752e-05
eec: 240.686
weight: 9.91815e-06
eec: 41.5364
weight: 5.17931e-05
eec: 283.618
weight: 8.70451e-05
eec: 424.631
weight: 4.86751e-06
eec: 453.215
weight: 3.81646e-05
eec: 77.5545
Processing: 79.1667 %weight: 0.000280156
eec: 402.776
weight: 0.000125326
eec: 105.382
weight: 1.82419e-05
eec: 1386.12
weight: 0.000123236
eec: 197.296
weight: 6.09171e-05
eec: 409.499
weight: 1.43413e-05
eec: 887.108
weight: 6.51811e-06
eec: 1503.8
weight: 3.57119e-07
eec: 465.866
weight: 1.15095e-05
eec: 778.358
weight: 0.000344359
eec: 228.48
weight: 2.64545e-05
eec: 499.535
weight: 1.09283e-07
eec: 1630.37
weight: 0.000575736
eec: 304.236
weight: 0.000104565
eec: 507.274
weight: 0.000254512
eec: 319.655
weight: 8.60682e-05
eec: 237.843
weight: 5.62193e-07
eec: 637.245
weight: 0.000162339
eec: 184.96
weight: 9.59098e-06
eec: 296.343
weight: 2.77887e-06
eec: 264.486
weight: 0.000516635
eec: 79.958
weight: 4.72788e-06
eec: 1198.42
weight: 3.96913e-05
eec: 185.36
weight: 0.000118618
eec: 1967.06
weight: 0.000275072
eec: 526.438
weight: 0.000177513
eec: 211.981
weight: 8.3819e-06
eec: 983.984
weight: 2.11907e-06
eec: 504.615
weight: 1.89129e-05
eec: 461.954
weight: 0.000372784
eec: 90.0941
weight: 0.000124907
eec: 204.929
weight: 3.94042e-06
eec: 482.117
weight: 2.80081e-05
eec: 12.9258
weight: 2.02979e-05
eec: 283.274
weight: 2.58802e-05
eec: 94.4776
weight: 4.34688e-06
eec: 716.733
weight: 3.65787e-05
eec: 1631.29
weight: 3.65787e-05
eec: 60.8048
weight: 1.57677e-05
eec: 368.811
weight: 7.4995e-05
eec: 1370.76
weight: 9.39702e-06
eec: 374.936
weight: 8.33748e-05
eec: 614.862
weight: 5.66555e-05
eec: 43.932
weight: 2.27019e-05
eec: 1041.28
weight: 6.56105e-05
eec: 105.807
weight: 1.20192e-06
eec: 142.588
weight: 9.21447e-05
eec: 255.941
weight: 0.000202863
eec: 447.868
weight: 1.30359e-07
eec: 153.102
weight: 5.90049e-06
eec: 1274.47
weight: 0.000884326
eec: 444.058
weight: 2.71454e-05
eec: 677.097
weight: 1.01773e-05
eec: 508.706
weight: 5.23683e-05
eec: 84.1832
weight: 7.32697e-05
eec: 708.514
weight: 1.46533e-05
eec: 665.561
weight: 0.000145457
eec: 49.5705
weight: 0.000296166
eec: 1227.1
weight: 0.00111558
eec: 344.538
weight: 2.79079e-05
eec: 209.271
weight: 0.000449579
eec: 628.452
weight: 4.9772e-05
eec: 137.631
weight: 1.73742e-05
eec: 297.663
weight: 1.13838e-06
eec: 652.755
weight: 0.000686068
eec: 438.563
weight: 1.43213e-06
eec: 1836.39
weight: 1.06868e-05
eec: 1486.2
weight: 8.77662e-05
eec: 40.4658
weight: 2.15432e-06
eec: 504.293
weight: 0.000116194
eec: 937.439
weight: 2.58837e-06
eec: 2087.74
weight: 4.94368e-05
eec: 75.4149
weight: 1.14753e-05
eec: 540.665
weight: 1.38129e-05
eec: 683.656
weight: 6.46712e-06
eec: 363.457
weight: 3.8093e-07
eec: 626.723
weight: 1.53226e-05
eec: 11.1476
weight: 1.23802e-05
eec: 531.894
weight: 2.12891e-07
eec: 923.36
weight: 5.27003e-05
eec: 369.289
weight: 0.000365697
eec: 108.668
weight: 5.45439e-05
eec: 579.629
weight: 5.25524e-05
eec: 2119.39
weight: 2.48352e-05
eec: 659.909
weight: 2.1497e-06
eec: 875.043
weight: 8.02781e-06
eec: 164.423
weight: 7.40723e-05
eec: 106.576
weight: 9.28648e-05
eec: 570.055
weight: 1.5109e-05
eec: 68.2043
weight: 2.30413e-05
eec: 1566.86
weight: 0.000672702
eec: 215.319
weight: 0.00020284
eec: 382.828
weight: 7.63218e-06
eec: 1442
weight: 1.40198e-05
eec: 71.3974
weight: 0.000290733
eec: 800.959
weight: 1.45912e-06
eec: 44.0477
weight: 0.000502214
eec: 830.804
weight: 5.15206e-05
eec: 278.626
weight: 0.000130339
eec: 573.052
weight: 6.28342e-06
eec: 881.139
weight: 0.000302986
eec: 830.5
weight: 1.33301e-06
eec: 107.911
weight: 8.75091e-06
eec: 328.942
weight: 0.000102507
eec: 899.788
weight: 8.0977e-05
eec: 268.307
weight: 2.52842e-05
eec: 443.102
weight: 1.63721e-05
eec: 1378.37
weight: 0.000515852
eec: 416.805
weight: 0.000104806
eec: 83.3679
weight: 0.000353447
eec: 978.086
weight: 5.8794e-05
eec: 500.104
weight: 0.000233355
eec: 721.768
weight: 7.90166e-06
eec: 374.135
weight: 0.000120597
eec: 236.419
weight: 2.14403e-05
eec: 279.019
weight: 0.000270136
eec: 452.983
weight: 1.01402e-05
eec: 27.9154
weight: 0.000262552
eec: 549.317
weight: 6.36217e-05
eec: 343.26
weight: 7.20172e-05
eec: 1322.05
weight: 1.93251e-06
eec: 163.303
weight: 0.000147641
eec: 447.428
weight: 3.90688e-06
eec: 158.368
weight: 0.00023312
eec: 371.774
weight: 0.0010496
eec: 157.632
weight: 7.32559e-05
eec: 362.802
weight: 1.85557e-06
eec: 167.246
weight: 5.92999e-06
eec: 212.811
weight: 4.39183e-05
eec: 484.066
weight: 0.000177521
eec: 668.315
weight: 1.34932e-05
eec: 809.333
weight: 8.72047e-06
eec: 206.736
weight: 3.46761e-06
eec: 3326.79
weight: 0.000173122
eec: 2245.78
weight: 0.000318904
eec: 18.056
weight: 2.04673e-07
eec: 1223.15
weight: 6.43015e-05
eec: 215.897
weight: 2.27134e-06
eec: 297.177
weight: 1.74728e-05
eec: 2274.7
weight: 1.02548e-05
eec: 74.894
weight: 0.000396993
eec: 506.022
weight: 0.000195712
eec: 781.29
weight: 1.40479e-08
eec: 508.524
weight: 2.38818e-05
eec: 31.3182
weight: 6.54225e-06
eec: 78.6452
weight: 8.29673e-05
eec: 753.862
weight: 2.04157e-06
eec: 381.364
weight: 3.83881e-05
eec: 193.475
weight: 1.67664e-05
eec: 140.676
weight: 8.97107e-07
eec: 1640.15
weight: 2.27393e-05
eec: 990.231
weight: 0.00011883
eec: 220.75
weight: 8.70182e-06
eec: 578.619
weight: 5.38755e-06
eec: 1321.5
weight: 1.14057e-05
eec: 219.978
weight: 0.000174196
eec: 249.446
weight: 8.60088e-05
eec: 957.892
weight: 9.9951e-06
eec: 488.316
weight: 4.83573e-05
eec: 934.188
weight: 2.31541e-05
eec: 121.323
weight: 3.16501e-05
eec: 1014.03
weight: 1.09814e-05
eec: 36.3102
weight: 6.20095e-07
eec: 691.954
weight: 6.72947e-05
eec: 298.666
weight: 0.000115353
eec: 89.3388
weight: 6.29594e-05
eec: 436.025
weight: 4.44009e-05
eec: 288.999
weight: 0.0018379
eec: 604.693
weight: 3.4092e-06
eec: 119.561
weight: 0.00114667
eec: 613.251
weight: 7.15111e-05
eec: 1103.85
weight: 7.49647e-06
eec: 84.4466
weight: 2.46412e-06
eec: 80.8777
weight: 0.000407139
eec: 392.939
weight: 1.61241e-05
eec: 389.672
weight: 0.00025142
eec: 98.9613
weight: 5.80667e-07
eec: 309.025
weight: 1.12612e-06
eec: 240.56
weight: 0.000486659
eec: 809.553
weight: 0.000198611
eec: 211.204
weight: 2.97848e-06
eec: 1620.17
weight: 0.000170927
eec: 521.616
weight: 5.71268e-06
eec: 791.188
weight: 7.86468e-05
eec: 1107.18
weight: 1.717e-05
eec: 162.963
weight: 1.62854e-05
eec: 271.909
weight: 6.30969e-06
eec: 315.323
weight: 2.80147e-05
eec: 1207.05
weight: 2.8587e-07
eec: 1063.32
weight: 5.62412e-06
eec: 579.881
weight: 1.28381e-05
eec: 666.077
weight: 8.73349e-06
eec: 3574.22
weight: 6.9329e-06
eec: 225.122
weight: 0.000208254
eec: 933.657
weight: 6.93955e-05
eec: 47.7227
weight: 0.00012047
eec: 647.967
weight: 9.88635e-06
eec: 1915
weight: 7.21898e-05
eec: 627.23
weight: 5.39628e-05
eec: 591.122
weight: 1.63177e-05
eec: 415.132
weight: 8.58525e-05
eec: 101.326
weight: 8.58525e-05
eec: 391.87
weight: 0.00023593
eec: 409.289
weight: 8.70656e-06
eec: 352.053
weight: 2.52673e-05
eec: 129.955
weight: 0.00025294
eec: 35.3258
weight: 1.21357e-05
eec: 569.977
weight: 5.32866e-05
eec: 766.03
weight: 1.44311e-08
eec: 1586.3

ROOT exit code = 0
