gSystem->Load("run_condor_job_Run3_C.so");
run_condor_job_Run3(765, 100, 2,
                    80, 200,
                    1, 1, 1, 7);
.q

ENTERED run_condor_job_Run3()
JOBID = 765
  global job = 765  Job 65/100  events [3701100, 3758040)  total=5694000
Processing events [3701100, 3758040) of 5694000
weight: 8.89905e-05
eec: 345.029
weight: 3.53152e-05
eec: 1558.25
weight: 4.69996e-05
eec: 783.716
weight: 0.000167087
eec: 351.539
weight: 1.96343e-06
eec: 160.594
weight: 2.47687e-05
eec: 1031.68
weight: 0.000354583
eec: 378.274
weight: 2.31846e-05
eec: 45.1632
weight: 0.000144724
eec: 1027.57
weight: 1.59495e-05
eec: 1152.95
weight: 0.000281487
eec: 430.339
weight: 3.41753e-08
eec: 489.795
weight: 5.00323e-05
eec: 139.028
weight: 1.6728e-05
eec: 285.981
weight: 3.07551e-06
eec: 707.998
weight: 3.57191e-05
eec: 506.391
weight: 7.30473e-06
eec: 104.419
weight: 0.000364097
eec: 1021.97
weight: 5.56182e-05
eec: 332.006
weight: 4.00069e-05
eec: 371.411
weight: 4.46022e-05
eec: 490.958
weight: 7.65272e-05
eec: 246.636
weight: 6.35631e-05
eec: 219.621
weight: 5.82327e-06
eec: 71.3644
weight: 4.78398e-06
eec: 313.423
weight: 0.000134884
eec: 715.568
weight: 8.36154e-06
eec: 295.256
weight: 2.4475e-05
eec: 259.833
weight: 4.90392e-05
eec: 459.264
weight: 0.000197794
eec: 202.488
weight: 1.57112e-05
eec: 2002.08
weight: 1.02513e-05
eec: 1768.38
weight: 1.30501e-06
eec: 388.4
weight: 4.56767e-06
eec: 594.137
weight: 4.84186e-05
eec: 524.245
weight: 3.65425e-05
eec: 553.843
weight: 3.14643e-05
eec: 398.992
weight: 0.000105004
eec: 485.53
weight: 2.23904e-05
eec: 118.264
weight: 1.22637e-05
eec: 676.179
weight: 1.3371e-06
eec: 2149.64
weight: 9.94226e-06
eec: 1003.78
weight: 5.3228e-05
eec: 263.412
weight: 2.03552e-05
eec: 1535.81
weight: 0.000133275
eec: 227.175
weight: 1.50554e-06
eec: 951.413
weight: 2.74657e-06
eec: 624.944
weight: 0.000169475
eec: 1201.12
weight: 0.000184497
eec: 1252.85
weight: 1.38823e-05
eec: 1307.49
weight: 0.00010925
eec: 72.438
weight: 2.40255e-06
eec: 357.218
weight: 6.18966e-06
eec: 794.382
weight: 1.72821e-06
eec: 976.005
weight: 5.64746e-06
eec: 850.744
weight: 1.10984e-05
eec: 678.607
weight: 0.000129285
eec: 54.4011
weight: 1.35139e-05
eec: 434.756
weight: 1.60059e-06
eec: 66.8536
weight: 7.06896e-05
eec: 993.767
weight: 1.07794e-06
eec: 27.2042
weight: 6.92495e-05
eec: 1225.08
weight: 6.82435e-05
eec: 420.288
weight: 0.000232379
eec: 572.322
weight: 1.04272e-05
eec: 1155.22
weight: 2.9125e-05
eec: 1623.4
weight: 9.80865e-06
eec: 571.503
weight: 0.000261681
eec: 865.564
weight: 8.5131e-06
eec: 192.56
weight: 0.000118171
eec: 224.728
weight: 4.24868e-05
eec: 149.158
weight: 1.28473e-05
eec: 95.2994
weight: 1.45353e-05
eec: 106.155
weight: 8.56781e-06
eec: 188.883
weight: 2.00306e-06
eec: 961.333
weight: 0.000156321
eec: 638.517
weight: 4.58136e-06
eec: 218.255
weight: 6.64001e-05
eec: 379.061
weight: 0.000232416
eec: 146.392
weight: 1.65101e-05
eec: 1028.48
weight: 5.14798e-05
eec: 408.607
weight: 8.14997e-06
eec: 2065.3
weight: 1.41851e-05
eec: 232.69
weight: 1.49312e-06
eec: 850.65
weight: 1.74495e-05
eec: 779.475
weight: 2.5207e-06
eec: 219.374
weight: 1.50153e-06
eec: 1648.62
weight: 0.000123907
eec: 540.14
weight: 2.6542e-06
eec: 2112.06
weight: 0.00010657
eec: 262.387
weight: 0.000132542
eec: 476.859
weight: 3.53617e-08
eec: 356.252
weight: 4.78595e-05
eec: 186.311
weight: 1.08634e-05
eec: 1309.45
weight: 4.37754e-05
eec: 885.649
weight: 5.0182e-05
eec: 484.089
weight: 1.79159e-05
eec: 1150.76
weight: 7.48304e-06
eec: 142.159
weight: 1.39592e-05
eec: 740.011
weight: 6.68921e-06
eec: 1345.71
weight: 9.20567e-06
eec: 251.106
weight: 2.09312e-05
eec: 2733.96
weight: 2.14748e-05
eec: 333.463
weight: 1.2578e-05
eec: 25.8096
weight: 7.00027e-06
eec: 635.007
weight: 4.11414e-05
eec: 753.391
weight: 4.35625e-06
eec: 36.0913
weight: 1.92871e-05
eec: 345.703
weight: 8.01667e-05
eec: 59.1816
weight: 9.36945e-06
eec: 784.62
weight: 1.22076e-05
eec: 103.666
weight: 4.52774e-06
eec: 1250.58
weight: 0.000179038
eec: 193.533
weight: 1.08154e-06
eec: 727.183
weight: 9.55719e-06
eec: 24.0576
weight: 1.61202e-06
eec: 66.6355
weight: 5.15783e-05
eec: 1463.41
weight: 7.61048e-06
eec: 449.201
weight: 3.19873e-05
eec: 396.372
weight: 5.51552e-06
eec: 782.124
weight: 0.000691525
eec: 18.3386
weight: 0.000120834
eec: 510.785
weight: 4.37075e-06
eec: 239.036
weight: 1.33358e-05
eec: 116.477
weight: 1.19737e-05
eec: 500.211
weight: 1.20414e-07
eec: 217.459
weight: 0.000783459
eec: 94.3215
weight: 4.31168e-05
eec: 415.495
weight: 4.31168e-05
eec: 82.0635
weight: 8.19303e-06
eec: 706.386
weight: 5.28015e-05
eec: 292.088
weight: 6.31863e-05
eec: 740.912
weight: 4.85979e-05
eec: 1070.7
weight: 2.03283e-05
eec: 298.185
weight: 5.52901e-05
eec: 819.609
weight: 1.2488e-05
eec: 86.0922
weight: 8.74709e-05
eec: 180.402
weight: 7.42025e-05
eec: 936.311
weight: 1.4472e-05
eec: 135.258
weight: 7.31405e-06
eec: 32.8631
weight: 3.48353e-05
eec: 42.5655
weight: 1.82706e-05
eec: 573.398
weight: 5.56997e-06
eec: 1423.64
weight: 8.27926e-05
eec: 1094.3
weight: 1.36013e-05
eec: 299.508
weight: 0.00112543
eec: 935.471
weight: 8.8137e-07
eec: 32.481
weight: 2.92153e-05
eec: 1288.48
weight: 8.10023e-06
eec: 34.6455
weight: 3.84781e-06
eec: 517.297
weight: 1.3169e-07
eec: 941.966
weight: 3.30652e-06
eec: 1323.21
weight: 2.11467e-05
eec: 571.994
weight: 5.56593e-07
eec: 116.96
weight: 8.95113e-05
eec: 115.035
weight: 2.87855e-05
eec: 206.24
weight: 2.06962e-05
eec: 121.886
weight: 6.22981e-05
eec: 194.01
weight: 1.37597e-05
eec: 164.63
weight: 8.54582e-05
eec: 612.788
weight: 1.81015e-05
eec: 28.4558
weight: 5.11201e-05
eec: 1297.12
weight: 3.27741e-05
eec: 1060.35
weight: 0.000120705
eec: 583.364
weight: 6.41093e-06
eec: 513.732
weight: 0.000215384
eec: 11.5068
weight: 0.000182465
eec: 190.722
weight: 4.28692e-05
eec: 179.775
weight: 0.00013455
eec: 920.946
weight: 7.1839e-05
eec: 279.847
weight: 1.32955e-05
eec: 1163.48
weight: 8.89697e-05
eec: 410.679
weight: 1.39835e-05
eec: 195.921
weight: 3.62133e-05
eec: 68.4082
weight: 2.42064e-05
eec: 1592.91
weight: 7.48048e-06
eec: 784.981
weight: 7.03037e-06
eec: 917.701
weight: 0.000227755
eec: 73.0848
weight: 0.000109085
eec: 214.143
weight: 3.8479e-05
eec: 774.776
weight: 4.91557e-05
eec: 1876.1
weight: 4.4993e-05
eec: 252.598
weight: 1.5876e-06
eec: 36.6376
weight: 7.32804e-06
eec: 706.327
weight: 1.69615e-05
eec: 1746.72
weight: 1.69615e-05
eec: 85.927
weight: 0.000112623
eec: 170.489
weight: 2.08086e-05
eec: 652.562
weight: 3.41453e-05
eec: 127.065
weight: 0.000552317
eec: 283.496
weight: 1.73899e-06
eec: 232.188
weight: 0.000265374
eec: 287.112
weight: 5.46963e-05
eec: 1678.04
weight: 4.53695e-06
eec: 454.373
weight: 1.30853e-05
eec: 418.923
weight: 4.21529e-05
eec: 131.979
weight: 9.82829e-06
eec: 27.1663
weight: 3.5747e-05
eec: 1908.5
weight: 5.5806e-06
eec: 478.6
weight: 3.71995e-05
eec: 393.216
weight: 1.64959e-05
eec: 16.062
weight: 0.00010538
eec: 2559.74
weight: 6.38632e-05
eec: 132.903
weight: 5.42411e-06
eec: 2534.73
Processing: 65.8588 %weight: 2.2052e-05
eec: 208.903
weight: 5.87998e-07
eec: 535.966
weight: 0.000167811
eec: 119.265
weight: 2.94812e-05
eec: 650.977
weight: 5.32971e-05
eec: 437.93
weight: 6.32264e-05
eec: 925.847
weight: 3.30608e-06
eec: 1775.15
weight: 0.000134656
eec: 268.181
weight: 1.03153e-05
eec: 1226.09
weight: 0.000226808
eec: 63.9732
weight: 9.14686e-05
eec: 170.881
weight: 1.82228e-07
eec: 171.028
weight: 9.93156e-06
eec: 654.206
weight: 0.000150474
eec: 392.812
weight: 3.27773e-05
eec: 877.891
weight: 6.92103e-06
eec: 576.882
weight: 7.88295e-05
eec: 655.269
weight: 1.60905e-06
eec: 209.514
weight: 5.85765e-06
eec: 240.73
weight: 0.000114817
eec: 521.725
weight: 1.78446e-05
eec: 655.894
weight: 1.00706e-05
eec: 261.928
weight: 3.48648e-05
eec: 822.481
weight: 6.23172e-06
eec: 1437.61
weight: 2.82067e-06
eec: 209.347
weight: 2.42596e-05
eec: 1417.91
weight: 9.6944e-06
eec: 132.762
weight: 6.29668e-06
eec: 1902.01
weight: 1.49572e-06
eec: 1294.99
weight: 4.66113e-05
eec: 155.873
weight: 1.01736e-05
eec: 530.813
weight: 0.000252648
eec: 251.096

ROOT exit code = 0
