gSystem->Load("run_condor_job_Run3_C.so");
run_condor_job_Run3(437, 100, 2,
                    80, 200,
                    1, 1, 1, 4);
.q

ENTERED run_condor_job_Run3()
JOBID = 437
  global job = 437  Job 37/100  events [2182260, 2241240)  total=5898000
Processing events [2182260, 2241240) of 5898000
weight: 8.05192e-06
eec: 581.806
weight: 6.96169e-06
eec: 787.356
weight: 6.88274e-06
eec: 881.227
weight: 0.000106743
eec: 129.25
weight: 2.89455e-05
eec: 51.8713
weight: 1.59393e-06
eec: 62.1697
weight: 6.84348e-05
eec: 1261.31
weight: 8.20312e-05
eec: 327.245
weight: 2.49615e-05
eec: 112.258
weight: 1.00583e-05
eec: 296.965
weight: 2.98561e-05
eec: 1676.59
weight: 6.97005e-06
eec: 375.194
weight: 1.45e-05
eec: 2378.77
weight: 4.63671e-05
eec: 1869.43
weight: 1.01872e-06
eec: 306.771
weight: 0.000102816
eec: 584.777
weight: 3.83286e-06
eec: 1191.99
weight: 0.00032409
eec: 1465.7
weight: 1.81998e-05
eec: 987.335
weight: 6.48009e-05
eec: 372.752
weight: 4.36148e-07
eec: 190.437
weight: 0.000110112
eec: 223.841
weight: 1.28959e-06
eec: 571.586
weight: 5.7918e-08
eec: 127.675
weight: 2.47341e-06
eec: 314.747
weight: 2.93737e-05
eec: 62.0622
weight: 0.00012186
eec: 162.297
weight: 2.42372e-06
eec: 3442.06
weight: 3.54433e-05
eec: 484.937
weight: 5.68636e-08
eec: 416.194
weight: 1.77374e-05
eec: 257.847
weight: 4.69846e-05
eec: 934.291
weight: 5.88965e-06
eec: 357.034
weight: 4.1592e-06
eec: 2278.63
weight: 0.000105621
eec: 1180.42
weight: 1.70391e-05
eec: 553.324
weight: 0.000952629
eec: 209.251
weight: 7.9296e-05
eec: 407.744
weight: 1.49709e-05
eec: 1266.05
weight: 7.47162e-05
eec: 372.508
weight: 6.04874e-05
eec: 218.17
weight: 1.59389e-05
eec: 2430.7
weight: 0.000110068
eec: 1277.33
weight: 0.000192363
eec: 396.242
weight: 0.000117858
eec: 58.4419
weight: 2.36649e-05
eec: 992.508
weight: 2.32724e-05
eec: 197.424
weight: 1.35348e-05
eec: 78.1484
weight: 1.12161e-05
eec: 74.5621
weight: 1.97385e-06
eec: 1041.59
weight: 6.01475e-05
eec: 89.9446
weight: 0.000219924
eec: 270.97
weight: 1.54002e-05
eec: 631.829
weight: 3.48609e-05
eec: 654.893
weight: 3.89504e-08
eec: 42.6348
weight: 1.46428e-05
eec: 799.66
weight: 8.84051e-06
eec: 3203.34
weight: 4.99187e-05
eec: 1949.12
weight: 6.71068e-05
eec: 1120.08
weight: 2.43199e-05
eec: 659.764
weight: 0.000183624
eec: 126.469
Processing: 37.3008 %weight: 7.63213e-08
eec: 157.661
weight: 1.25901e-05
eec: 613.463
weight: 3.52007e-07
eec: 1595.78
weight: 4.00257e-05
eec: 947.781
weight: 1.99588e-05
eec: 160.317
weight: 6.28568e-06
eec: 1264.79
weight: 0.000131686
eec: 16.3795
weight: 2.18241e-05
eec: 213.557
weight: 3.40407e-06
eec: 529.073
weight: 4.28827e-05
eec: 103.36
weight: 9.37383e-05
eec: 872.933
weight: 7.51389e-07
eec: 428.531
weight: 4.5132e-07
eec: 910.129
weight: 1.33164e-06
eec: 1278.09
weight: 0.000111272
eec: 30.79
weight: 5.53076e-05
eec: 545.326
weight: 7.11874e-08
eec: 131.475
weight: 1.48414e-05
eec: 1143.77
weight: 5.57942e-06
eec: 703.142
weight: 1.28643e-05
eec: 1322.05
weight: 3.10792e-05
eec: 814.437
weight: 1.35171e-06
eec: 273.68
weight: 1.02568e-07
eec: 379.244
weight: 0.000235679
eec: 104.13
weight: 0.000256084
eec: 99.2827
weight: 1.21213e-05
eec: 2937.28
weight: 7.0806e-06
eec: 2360.22
weight: 0.000178231
eec: 149.128
weight: 3.41699e-07
eec: 550.682
weight: 7.10821e-05
eec: 376.257
weight: 1.42529e-05
eec: 116.643
weight: 9.16601e-06
eec: 1960.58
weight: 3.08647e-05
eec: 1317.91
weight: 9.30563e-06
eec: 786.599
weight: 2.16424e-05
eec: 383.321
weight: 1.76208e-05
eec: 1658.18
weight: 1.77473e-05
eec: 689.611
weight: 1.74428e-05
eec: 190.074
weight: 0.000417711
eec: 820.05
weight: 1.04798e-07
eec: 972.93
weight: 3.97208e-05
eec: 337.839
weight: 8.07955e-06
eec: 2222.73
weight: 8.67585e-05
eec: 1075.72
weight: 1.26578e-06
eec: 1088.02
weight: 5.88442e-06
eec: 592.858
weight: 9.0399e-05
eec: 203.43
weight: 2.98919e-05
eec: 162.766
weight: 1.26957e-05
eec: 182.78
weight: 2.58213e-05
eec: 2564.8
weight: 4.54005e-05
eec: 1924.14
weight: 7.01555e-06
eec: 542.397
weight: 8.29865e-06
eec: 211.966
weight: 1.02135e-05
eec: 281.075
weight: 3.48025e-05
eec: 1386.93
weight: 9.90158e-05
eec: 43.2619
weight: 0.00020486
eec: 997.642
weight: 3.02198e-05
eec: 1499.67
weight: 6.92996e-06
eec: 506.254
weight: 4.38626e-05
eec: 327.606
weight: 7.06662e-05
eec: 1006.98
weight: 0.0001248
eec: 781.19
weight: 4.8658e-06
eec: 613.524
weight: 3.73485e-05
eec: 703.566
weight: 3.84775e-05
eec: 269.713
weight: 0.000114264
eec: 30.6363
weight: 1.07643e-06
eec: 3760.06
weight: 6.2492e-05
eec: 1692.09
weight: 2.72305e-06
eec: 125.811
weight: 4.67778e-06
eec: 181.191
weight: 5.16737e-08
eec: 397.228
weight: 2.6571e-06
eec: 181.789
weight: 9.99186e-05
eec: 294.02
weight: 6.27788e-06
eec: 362.667
weight: 3.97406e-06
eec: 4005.96
weight: 3.99878e-05
eec: 163.587
weight: 1.7817e-05
eec: 708.404
weight: 0.000862068
eec: 94.7856
weight: 6.74789e-05
eec: 477.628
weight: 4.6223e-05
eec: 491.831
weight: 0.000244995
eec: 1347.49
weight: 9.97698e-05
eec: 1322.41
weight: 2.01939e-06
eec: 473.449
weight: 1.53476e-05
eec: 488.624
weight: 2.64614e-05
eec: 1460.08
weight: 3.3407e-07
eec: 224.276
weight: 3.3407e-07
eec: 295.8
weight: 3.15383e-06
eec: 449.757
weight: 9.25994e-06
eec: 1499.01
weight: 2.10543e-05
eec: 564.192
weight: 0.000424203
eec: 375.39
weight: 0.00022814
eec: 57.2911
weight: 6.88785e-06
eec: 102.02
weight: 0.000678442
eec: 605.505
weight: 0.000107905
eec: 54.8093
weight: 3.83715e-07
eec: 70.7443
weight: 6.07935e-08
eec: 479.826
weight: 0.000305454
eec: 601.833
weight: 3.45636e-05
eec: 420.362
weight: 9.1329e-05
eec: 559.043
weight: 1.32594e-05
eec: 796.208
weight: 1.47447e-05
eec: 1072.27
weight: 2.81625e-05
eec: 88.9456
weight: 1.38952e-08
eec: 1214.9
weight: 8.21987e-05
eec: 522.242
weight: 8.47227e-06
eec: 298.996
weight: 5.00583e-06
eec: 476.975
weight: 5.31681e-06
eec: 1660.58
weight: 0.000117067
eec: 159.896
weight: 0.000158729
eec: 238.256
weight: 2.80868e-07
eec: 788.598
weight: 6.4523e-05
eec: 191.535
weight: 3.37423e-05
eec: 710.378
weight: 7.74043e-05
eec: 34.8586
weight: 1.36618e-05
eec: 342.666
weight: 7.57029e-05
eec: 508.852
weight: 4.97607e-05
eec: 235.872
weight: 1.07454e-05
eec: 149.081
weight: 5.37692e-05
eec: 313.029
weight: 0.000289927
eec: 178.889
weight: 3.01432e-05
eec: 3824.89
weight: 0.000446307
eec: 350.078
weight: 4.0049e-06
eec: 422.034
weight: 5.82599e-06
eec: 154.424
weight: 3.20261e-05
eec: 1436.7
weight: 5.24653e-06
eec: 785.595
weight: 2.24281e-05
eec: 1115.75
weight: 6.33385e-06
eec: 3059.71
weight: 1.23606e-05
eec: 502.687
weight: 6.45948e-05
eec: 660.864
weight: 1.10877e-05
eec: 10.1099
weight: 0.00010601
eec: 217.128
weight: 0.000144549
eec: 473.004
weight: 4.40422e-05
eec: 792.949
weight: 1.34121e-05
eec: 235.791
weight: 1.35986e-05
eec: 88.6311
weight: 4.40439e-06
eec: 82.4771
weight: 7.55369e-05
eec: 323.186
weight: 0.000107778
eec: 485.475
weight: 3.2511e-06
eec: 94.5004
weight: 1.50252e-05
eec: 714.349
weight: 5.88535e-06
eec: 376.01
weight: 2.87026e-05
eec: 45.0723
weight: 7.56149e-06
eec: 1413.52
weight: 0.000335653
eec: 551.165
weight: 5.43451e-05
eec: 494.542
weight: 1.06615e-05
eec: 524.568

ROOT exit code = 0
