gSystem->Load("run_condor_job_Run3_C.so");
run_condor_job_Run3(672, 100, 2,
                    80, 200,
                    1, 1, 1, 6);
.q

ENTERED run_condor_job_Run3()
JOBID = 672
  global job = 672  Job 72/100  events [4246560, 4305540)  total=5898000
Processing events [4246560, 4305540) of 5898000
weight: 3.50606e-06
eec: 1310.71
weight: 4.64401e-06
eec: 1296.49
weight: 0.000123051
eec: 28.0985
weight: 0.000122072
eec: 60.8841
weight: 0.000412309
eec: 716.849
weight: 8.32926e-06
eec: 18.2491
weight: 1.61908e-06
eec: 200.358
weight: 4.90059e-05
eec: 3198.13
weight: 0.000144323
eec: 124.587
weight: 4.62575e-05
eec: 37.682
weight: 0.000130897
eec: 484.606
weight: 1.52997e-05
eec: 1588.08
weight: 1.6263e-06
eec: 37.1828
weight: 3.77527e-07
eec: 2063.56
weight: 7.61483e-06
eec: 806.994
Processing: 72.0583 %weight: 2.38497e-05
eec: 622.13
weight: 3.35723e-05
eec: 1304.85
weight: 6.53056e-05
eec: 195.731
weight: 7.35665e-07
eec: 142.166
weight: 0.000215621
eec: 209.952
weight: 1.35493e-05
eec: 105.87
weight: 9.95655e-06
eec: 692.662
weight: 1.75887e-05
eec: 89.9164
weight: 0.000221468
eec: 77.4244
weight: 1.29011e-07
eec: 174.826
weight: 1.41815e-05
eec: 1310.79
weight: 1.21293e-05
eec: 1398.82
weight: 1.7768e-05
eec: 3344.45
weight: 1.36618e-05
eec: 1477.99
weight: 9.56949e-06
eec: 1630.91
weight: 8.19257e-06
eec: 219.262
weight: 2.16191e-05
eec: 101.779
weight: 7.32008e-05
eec: 252.836
weight: 3.58053e-05
eec: 230.267
weight: 9.49667e-05
eec: 246.14
weight: 4.11697e-05
eec: 1143.17
weight: 5.08173e-06
eec: 469.64
weight: 3.43729e-05
eec: 628.06
weight: 4.43252e-06
eec: 199.705
weight: 0.00059721
eec: 84.8769
weight: 5.32516e-06
eec: 1171.36
weight: 4.58505e-05
eec: 21.0224
weight: 1.56114e-06
eec: 275.399
weight: 5.19205e-06
eec: 291.658
weight: 5.82544e-05
eec: 221.267
weight: 5.50764e-06
eec: 1042.09
weight: 2.26676e-05
eec: 453.573
weight: 1.28921e-06
eec: 48.1602
weight: 5.58474e-06
eec: 1014.24
weight: 5.69729e-06
eec: 764.261
weight: 5.9447e-05
eec: 117.093
weight: 0.000502201
eec: 185.17
weight: 0.000106568
eec: 260.463
weight: 2.63144e-05
eec: 492.023
weight: 1.44567e-05
eec: 1414.88
weight: 0.00014661
eec: 69.3805
weight: 6.17227e-05
eec: 980.243
weight: 7.23474e-05
eec: 89.4174
weight: 0.000412808
eec: 95.9165
weight: 0.000398478
eec: 173.873
weight: 0.00048233
eec: 449.082
weight: 8.37677e-05
eec: 591.397
weight: 1.97781e-06
eec: 232.956
weight: 2.51871e-05
eec: 633.514
weight: 3.24806e-06
eec: 810.462
weight: 3.65511e-07
eec: 258.216
weight: 3.0102e-05
eec: 337.641
weight: 4.2381e-05
eec: 202.821
weight: 3.62058e-05
eec: 16.1302
weight: 1.69578e-05
eec: 886.167
weight: 1.29258e-05
eec: 88.7642
weight: 0.0014401
eec: 665.839
weight: 2.18674e-06
eec: 435.475
weight: 2.81114e-05
eec: 89.2592
weight: 3.97866e-05
eec: 453.154
weight: 2.107e-05
eec: 471.939
weight: 3.37487e-06
eec: 1775.94
weight: 1.76274e-06
eec: 284.193
weight: 3.85811e-05
eec: 597.284
weight: 6.24993e-06
eec: 979.32
weight: 0.000116317
eec: 635.311
weight: 8.49346e-05
eec: 353.994
weight: 0.000191709
eec: 148.379
weight: 1.13941e-05
eec: 1395.9
weight: 9.7989e-07
eec: 64.8179
weight: 2.72075e-06
eec: 151.873
weight: 3.5309e-05
eec: 1869.33
weight: 2.9733e-05
eec: 43.8637
weight: 4.71705e-05
eec: 366.389
weight: 5.38959e-06
eec: 648.533
weight: 1.75331e-05
eec: 733.029
weight: 0.000331973
eec: 441.432
weight: 8.74191e-05
eec: 524.349
weight: 0.000188743
eec: 751.542
weight: 5.90995e-05
eec: 695.833
weight: 1.62077e-05
eec: 49.8131
weight: 4.85214e-06
eec: 192.277
weight: 7.92255e-05
eec: 31.3272
weight: 0.000460516
eec: 3245.09
weight: 0.000282155
eec: 507.282
weight: 4.47086e-06
eec: 549.193
weight: 5.68361e-05
eec: 93.168
weight: 6.02458e-06
eec: 1533.16
weight: 4.3601e-05
eec: 1048.77
weight: 2.71359e-05
eec: 359.305
weight: 0.000100983
eec: 393.541
weight: 2.60904e-05
eec: 11.7386
weight: 9.67864e-06
eec: 730.858
weight: 4.80226e-07
eec: 9.30407
weight: 0.000258814
eec: 1235.37
weight: 9.57286e-06
eec: 42.6181
weight: 3.61746e-05
eec: 34.0183
weight: 5.36036e-06
eec: 3235.77
weight: 0.000338096
eec: 148.551
weight: 0.00010749
eec: 242.304
weight: 8.85318e-05
eec: 386.231
weight: 3.59314e-05
eec: 277.831
weight: 5.6878e-06
eec: 419.393
weight: 2.40314e-05
eec: 512.327
weight: 1.06149e-05
eec: 1637.93
weight: 0.000252441
eec: 714.48
weight: 1.94763e-06
eec: 664.042
weight: 4.35079e-06
eec: 19.8719
weight: 0.00014899
eec: 169.108
weight: 1.68031e-06
eec: 462.1
weight: 3.1156e-06
eec: 359.815
weight: 0.000171915
eec: 372.387
weight: 6.57654e-06
eec: 390.455
weight: 0.000137836
eec: 1248.29
weight: 0.000144596
eec: 477.733
weight: 8.71937e-08
eec: 13.4848
weight: 4.31908e-06
eec: 751.703
weight: 1.57408e-05
eec: 1225.37
weight: 8.7798e-06
eec: 34.3219
weight: 0.000100181
eec: 164.2
weight: 0.000115356
eec: 860.902
weight: 3.85867e-05
eec: 340.894
weight: 0.000155433
eec: 132.25
weight: 0.000327134
eec: 243.364
weight: 2.49744e-05
eec: 37.1418
weight: 2.71345e-08
eec: 1451.1
weight: 2.43472e-06
eec: 202.707
weight: 0.000104784
eec: 352.931
weight: 1.93026e-05
eec: 483.368
weight: 1.25956e-05
eec: 1645.59
weight: 1.94845e-05
eec: 295.809
weight: 6.0356e-06
eec: 1036.21
weight: 1.57973e-05
eec: 1034.67
weight: 5.13336e-05
eec: 98.6727
weight: 1.49153e-05
eec: 1083.44
weight: 4.71284e-06
eec: 697.739
weight: 0.000107647
eec: 792.959
weight: 6.9327e-05
eec: 429.568
weight: 5.0707e-06
eec: 1022.13
weight: 9.04366e-06
eec: 249.001
weight: 0.000183069
eec: 79.2966
weight: 6.14319e-06
eec: 245.655
weight: 1.49312e-05
eec: 747.854
weight: 3.02075e-06
eec: 345.196
weight: 1.38663e-05
eec: 84.5811
weight: 1.07831e-05
eec: 924.552
weight: 8.23568e-06
eec: 2814
weight: 0.000941822
eec: 162.772
weight: 2.59781e-05
eec: 80.2585
weight: 3.49101e-05
eec: 401.348
weight: 2.13569e-07
eec: 519.663
weight: 4.68175e-06
eec: 71.145
weight: 1.09446e-05
eec: 563.896
weight: 1.97195e-06
eec: 275.687
weight: 0.000153721
eec: 1021.66
weight: 3.6757e-05
eec: 138.269
weight: 0.000198797
eec: 651.27
weight: 2.09762e-06
eec: 466.373
weight: 9.9375e-07
eec: 303.056
weight: 2.68313e-05
eec: 198.266
weight: 3.12035e-05
eec: 286.924
weight: 8.73825e-05
eec: 540.335
weight: 0.00143717
eec: 107.662
weight: 2.11752e-05
eec: 348.468
weight: 5.25625e-06
eec: 255.937
weight: 2.01981e-05
eec: 103.685
weight: 0.000350389
eec: 1467.55
weight: 7.01794e-06
eec: 44.015
weight: 0.000237006
eec: 241.324
weight: 9.48523e-05
eec: 503.621
weight: 2.25006e-07
eec: 906.838
weight: 2.06161e-06
eec: 1053.03
weight: 3.20609e-05
eec: 277.469
weight: 4.15667e-08
eec: 201.119
weight: 0.000215762
eec: 1081.95
weight: 0.000215762
eec: 250.801
weight: 1.98932e-07
eec: 416.407
weight: 4.7829e-05
eec: 138.488
weight: 0.000154528
eec: 191.742
weight: 1.74569e-05
eec: 408.333
weight: 2.03026e-05
eec: 625.927
weight: 0.000167879
eec: 531.657
weight: 5.85081e-06
eec: 369.904
weight: 3.42164e-05
eec: 76.9941
weight: 4.21132e-06
eec: 156.085
weight: 2.13262e-05
eec: 307.997
weight: 2.38374e-06
eec: 3190.73
weight: 8.34163e-06
eec: 346.012
weight: 1.52634e-06
eec: 189.688
weight: 5.66395e-05
eec: 415.12
weight: 0.000195038
eec: 364.139
weight: 2.82959e-05
eec: 30.5196
weight: 4.01846e-05
eec: 185.48
weight: 1.78884e-05
eec: 21.6991
weight: 8.68836e-05
eec: 110.486
weight: 1.68345e-05
eec: 52.072
weight: 7.18319e-05
eec: 35.8813
weight: 3.29229e-05
eec: 392.312
weight: 6.43845e-07
eec: 137.438
weight: 8.76361e-07
eec: 176.054
weight: 2.82684e-06
eec: 54.6735
weight: 5.91992e-06
eec: 1398.93
Processing: 72.9061 %weight: 0.000324772
eec: 174.15
weight: 2.34653e-06
eec: 414.075
weight: 3.8465e-05
eec: 383.81
weight: 1.08656e-05
eec: 1096.55
weight: 3.1479e-05
eec: 276.869
weight: 0.000101418
eec: 45.9198
weight: 1.17778e-06
eec: 224.731
weight: 8.34958e-05
eec: 117.42
weight: 2.27817e-06
eec: 534.627
weight: 6.46051e-05
eec: 46.9301
weight: 3.73742e-06
eec: 835.868
weight: 8.79088e-05
eec: 1495.66
weight: 1.69321e-05
eec: 92.0055
weight: 3.60299e-05
eec: 21.8419
weight: 2.50798e-07
eec: 481.205

ROOT exit code = 0
