gSystem->Load("run_condor_job_Run3_C.so");
run_condor_job_Run3(303, 100, 2,
                    80, 200,
                    1, 1, 1, 3);
.q

ENTERED run_condor_job_Run3()
JOBID = 303
  global job = 303  Job 3/100  events [180000, 240000)  total=6000000
Processing events [180000, 240000) of 6000000
weight: 0.000190614
eec: 30.0992
weight: 4.05453e-06
eec: 64.5421
weight: 1.21419e-05
eec: 577.362
weight: 1.42444e-05
eec: 85.4222
weight: 0.00036517
eec: 223.228
weight: 1.45909e-05
eec: 2162.12
weight: 4.49402e-05
eec: 220.796
weight: 7.54233e-06
eec: 1002.91
weight: 1.06322e-05
eec: 440.88
weight: 0.000411874
eec: 1792.02
weight: 2.44229e-05
eec: 1669.85
weight: 4.79017e-05
eec: 236.359
weight: 5.19938e-06
eec: 1198.46
weight: 7.7845e-05
eec: 124.455
weight: 1.58257e-05
eec: 483.775
weight: 2.88972e-05
eec: 180.741
weight: 4.90214e-05
eec: 1332.8
weight: 6.12892e-06
eec: 508.854
weight: 2.48687e-05
eec: 367.403
weight: 2.52922e-06
eec: 818.495
weight: 4.49333e-08
eec: 958.557
weight: 2.651e-05
eec: 340.134
weight: 8.9715e-06
eec: 76.1581
weight: 0.000153833
eec: 646.505
weight: 4.89899e-05
eec: 10.8519
weight: 2.19552e-05
eec: 48.2882
weight: 1.99648e-05
eec: 336.213
weight: 1.03005e-06
eec: 624.618
weight: 2.37447e-05
eec: 106.848
weight: 1.69043e-06
eec: 249.059
weight: 0.00028895
eec: 235.953
weight: 0.000308712
eec: 255.233
weight: 5.18122e-06
eec: 215.127
weight: 9.71576e-06
eec: 314.526
weight: 6.21937e-05
eec: 891.97
weight: 1.59269e-05
eec: 230.042
weight: 0.000623076
eec: 85.101
weight: 0.000226527
eec: 132.554
weight: 5.0214e-05
eec: 595.809
weight: 2.02296e-05
eec: 165.052
weight: 0.000354541
eec: 309.935
weight: 0.000177279
eec: 48.3426
weight: 4.36651e-08
eec: 206.736
weight: 1.59008e-05
eec: 729.522
weight: 0.000694533
eec: 175.938
weight: 7.66589e-05
eec: 1096.74
weight: 4.54519e-06
eec: 1428.9
weight: 9.89705e-05
eec: 530.458
weight: 1.86395e-05
eec: 1265.85
weight: 7.7304e-05
eec: 422.133
weight: 3.15595e-06
eec: 101.995
weight: 4.30976e-05
eec: 876.354
weight: 8.00943e-06
eec: 72.832
weight: 3.99831e-05
eec: 907.504
weight: 0.000277783
eec: 79.7656
weight: 1.47072e-06
eec: 767.692
weight: 5.24308e-05
eec: 64.0647
weight: 3.75734e-05
eec: 504.272
weight: 2.28242e-05
eec: 1338.61
weight: 5.37199e-05
eec: 57.6276
weight: 0.000196376
eec: 280.031
weight: 6.23388e-06
eec: 113.468
weight: 6.60782e-05
eec: 366.643
weight: 1.63991e-05
eec: 240.124
weight: 0.000233412
eec: 280.4
weight: 3.21767e-05
eec: 152.384
Processing: 3.33333 %weight: 0.00034484
eec: 251.04
weight: 6.82273e-08
eec: 926.557
weight: 1.26687e-05
eec: 723.506
weight: 3.15217e-05
eec: 49.7092
weight: 1.92121e-05
eec: 106.868
weight: 0.000488798
eec: 97.0719
weight: 1.14777e-05
eec: 42.0324
weight: 0.00071405
eec: 212.837
weight: 0.000217474
eec: 575.679
weight: 7.62011e-05
eec: 97.109
weight: 9.60087e-08
eec: 1082.98
weight: 6.53964e-06
eec: 1795.66
weight: 8.32461e-06
eec: 493.302
weight: 1.16865e-05
eec: 622.519
weight: 0.000180472
eec: 197.569
weight: 8.68919e-05
eec: 339.324
weight: 0.000292467
eec: 405.884
weight: 3.06355e-05
eec: 427.33
weight: 1.703e-05
eec: 234.889
weight: 1.557e-05
eec: 277.731
weight: 1.98977e-05
eec: 635.663
weight: 4.25915e-05
eec: 165.083
weight: 5.96369e-06
eec: 188.417
weight: 1.99072e-05
eec: 15.0253
weight: 1.87785e-05
eec: 375.275
weight: 0.000410893
eec: 652.57
weight: 0.000152034
eec: 883.978
weight: 5.59438e-07
eec: 392.502
weight: 1.30967e-05
eec: 152.86
weight: 6.76889e-08
eec: 240.994
weight: 4.96306e-05
eec: 848.583
weight: 2.55081e-05
eec: 538.689
weight: 0.00013827
eec: 641.509
weight: 6.68206e-05
eec: 973.271
weight: 1.88942e-07
eec: 209.922
weight: 9.91821e-07
eec: 331.512
weight: 4.88119e-06
eec: 2211.68
weight: 7.34041e-05
eec: 508.733
weight: 0.00252496
eec: 75.5397
weight: 1.14e-07
eec: 901.671
weight: 5.11652e-08
eec: 367.185
weight: 1.01799e-06
eec: 2879.92
weight: 0.000174439
eec: 244.79
weight: 3.392e-06
eec: 1449.59
weight: 1.46653e-05
eec: 507.21
weight: 0.000107322
eec: 124.24
weight: 7.15388e-05
eec: 658.557
weight: 3.96733e-06
eec: 70.0263
weight: 7.72808e-06
eec: 221.772
weight: 3.71012e-05
eec: 233.075
weight: 1.98833e-05
eec: 572.42
weight: 3.05153e-05
eec: 261.349
weight: 8.03578e-05
eec: 99.0615
weight: 7.34963e-07
eec: 1653.13
weight: 1.11403e-05
eec: 1599.59
weight: 8.85742e-05
eec: 300.948
weight: 2.79973e-06
eec: 3046.14
weight: 3.76121e-06
eec: 690.747
weight: 5.66367e-06
eec: 81.7752
weight: 2.63118e-05
eec: 197.124
weight: 0.000120416
eec: 650.992
weight: 1.1679e-05
eec: 1194.19
weight: 4.31364e-05
eec: 645.693
weight: 1.39349e-05
eec: 1215.04
weight: 1.18327e-05
eec: 441.742
weight: 4.8337e-06
eec: 262.554
weight: 5.09316e-05
eec: 2057.67
weight: 9.21151e-05
eec: 125.446
weight: 5.42556e-05
eec: 354.803
weight: 0.000122543
eec: 479.403
weight: 1.84112e-05
eec: 374.857
weight: 2.99974e-05
eec: 620.295
weight: 2.20576e-06
eec: 225.903
weight: 4.08448e-06
eec: 697.065
weight: 0.000104382
eec: 567.688
weight: 0.000144055
eec: 137.893
weight: 0.000386788
eec: 649.811
weight: 4.34066e-06
eec: 243.225
weight: 3.51029e-06
eec: 34.2235
weight: 9.71844e-05
eec: 728.052
weight: 0.000574358
eec: 1486.4
weight: 6.20825e-05
eec: 134.873
weight: 8.67277e-06
eec: 691.159
weight: 0.000134743
eec: 270.219
weight: 0.000127363
eec: 155.657
weight: 6.53256e-05
eec: 116.918
weight: 9.11873e-05
eec: 846.888
weight: 3.04562e-05
eec: 322.121
weight: 0.000322001
eec: 356.857
weight: 5.47945e-07
eec: 386.592
weight: 9.17371e-06
eec: 48.7917
weight: 1.11827e-06
eec: 352.332
weight: 7.09548e-07
eec: 778.098
weight: 1.87309e-05
eec: 157.426
weight: 2.12474e-06
eec: 24.7989
weight: 8.15895e-05
eec: 486.744
weight: 0.000221568
eec: 192.072
weight: 1.66925e-05
eec: 822.146
weight: 1.19385e-05
eec: 124.648
weight: 1.9915e-06
eec: 618.026
weight: 0.000112101
eec: 180.419
weight: 6.11814e-05
eec: 234.081
weight: 0.0001592
eec: 45.9527
weight: 1.08358e-05
eec: 2037.82
weight: 3.15022e-05
eec: 517.673
weight: 0.000142013
eec: 173.001
weight: 0.000196988
eec: 244.726
weight: 0.000433272
eec: 309.669
weight: 5.20136e-06
eec: 236.174
weight: 6.28488e-05
eec: 135.741
weight: 3.65946e-05
eec: 352.025
weight: 5.56955e-07
eec: 324.096
weight: 0.000777475
eec: 93.9554
weight: 1.45752e-05
eec: 555.077
weight: 2.3595e-05
eec: 87.5566
weight: 1.89241e-06
eec: 464.703
weight: 2.74957e-05
eec: 218.59
weight: 0.000294426
eec: 382.966
weight: 1.00539e-05
eec: 513.27
weight: 3.37358e-06
eec: 349.4
weight: 1.80863e-07
eec: 178.807
weight: 3.2089e-05
eec: 226.377
weight: 2.36484e-05
eec: 996.698
weight: 1.48691e-05
eec: 41.7959
weight: 5.54679e-05
eec: 289.08
weight: 2.92965e-05
eec: 97.589
weight: 2.65924e-05
eec: 1581.96
weight: 0.000106027
eec: 333.015
weight: 0.000202991
eec: 183.213
weight: 5.81999e-05
eec: 686.813
weight: 9.82307e-06
eec: 135.251
weight: 6.43734e-06
eec: 446.697
weight: 6.08658e-05
eec: 365.824
weight: 5.86277e-05
eec: 2578.35
weight: 0.000373103
eec: 89.0123
weight: 7.27463e-05
eec: 378.723
weight: 2.23616e-06
eec: 2221.4
weight: 2.10106e-05
eec: 1795.21
weight: 0.000115881
eec: 1118.32
weight: 0.00134206
eec: 107.754
weight: 0.000317714
eec: 530.374
weight: 0.000327058
eec: 133.532
weight: 2.39617e-05
eec: 499.39
weight: 9.57257e-05
eec: 660.171
weight: 1.01019e-05
eec: 340.701
weight: 3.94308e-06
eec: 37.0942
weight: 5.35018e-06
eec: 27.594

ROOT exit code = 0
