gSystem->Load("run_condor_job_Run3_C.so");
run_condor_job_Run3(442, 100, 2,
                    80, 200,
                    1, 1, 1, 4);
.q

ENTERED run_condor_job_Run3()
JOBID = 442
  global job = 442  Job 42/100  events [2477160, 2536140)  total=5898000
Processing events [2477160, 2536140) of 5898000
weight: 0.000113127
eec: 367.93
weight: 1.06798e-07
eec: 436.845
weight: 4.28247e-05
eec: 1204.84
weight: 5.6171e-06
eec: 2091.66
weight: 4.68739e-06
eec: 241.344
weight: 5.68594e-05
eec: 103.307
weight: 1.35613e-06
eec: 1074.89
weight: 4.73649e-06
eec: 1144.62
weight: 0.000147399
eec: 429.779
weight: 3.63522e-05
eec: 121.935
weight: 0.000723092
eec: 35.1329
weight: 0.000134381
eec: 85.0126
weight: 6.87569e-05
eec: 83.0607
weight: 2.57873e-05
eec: 227.898
weight: 6.38761e-05
eec: 87.7324
weight: 1.47639e-06
eec: 77.1568
weight: 0.000109871
eec: 451.748
weight: 0.000729092
eec: 432.897
weight: 1.86464e-06
eec: 1261.46
weight: 1.32816e-05
eec: 1950.58
weight: 1.78486e-05
eec: 44.3168
weight: 3.11475e-06
eec: 1166.41
weight: 0.000159482
eec: 1124.67
weight: 2.11952e-06
eec: 231.456
weight: 5.40795e-06
eec: 82.5107
weight: 4.49006e-07
eec: 68.9796
weight: 2.14104e-05
eec: 199.968
weight: 5.58955e-07
eec: 1367.82
weight: 3.82282e-05
eec: 229.904
weight: 6.50517e-06
eec: 1530.3
weight: 0.000605469
eec: 726.293
weight: 5.93961e-05
eec: 725.484
weight: 5.11584e-05
eec: 1698.24
weight: 7.05745e-05
eec: 30.3525
weight: 3.04413e-05
eec: 419.99
weight: 1.44157e-07
eec: 91.8664
weight: 9.20129e-06
eec: 1063.88
weight: 7.32713e-05
eec: 193.751
weight: 0.00027116
eec: 430.286
weight: 3.64209e-06
eec: 260.614
weight: 4.13936e-06
eec: 679.233
weight: 6.09325e-06
eec: 936.752
weight: 1.45284e-05
eec: 3178.57
weight: 0.00236279
eec: 17.6044
weight: 6.96007e-05
eec: 538.344
weight: 0.000117588
eec: 208.171
weight: 4.45207e-05
eec: 344.489
weight: 0.000104709
eec: 377.944
weight: 3.00971e-07
eec: 69.4675
weight: 1.97162e-05
eec: 872.825
weight: 2.21962e-05
eec: 445.767
weight: 9.79812e-05
eec: 319.181
weight: 3.23862e-05
eec: 658.909
weight: 9.78307e-06
eec: 288.677
weight: 4.34798e-05
eec: 685.508
weight: 0.000311497
eec: 966.909
weight: 6.52232e-05
eec: 822.132
weight: 1.81627e-05
eec: 291.591
weight: 0.00019983
eec: 316.127
weight: 0.000384703
eec: 864.424
weight: 2.15242e-05
eec: 342.766
weight: 0.000674528
eec: 310.888
weight: 0.000356998
eec: 410.412
weight: 1.91443e-05
eec: 102.94
weight: 8.36428e-06
eec: 320.445
weight: 0.000122146
eec: 1523.55
weight: 9.58863e-06
eec: 2186.83
weight: 2.20905e-05
eec: 1351.99
weight: 0.000307157
eec: 696.284
weight: 1.86091e-05
eec: 426.166
weight: 1.04826e-05
eec: 81.4629
weight: 2.87623e-06
eec: 92.0227
weight: 5.62591e-05
eec: 614.835
weight: 9.58599e-06
eec: 1577.95
weight: 1.99146e-05
eec: 1128.68
weight: 2.39559e-05
eec: 2084.92
weight: 8.18833e-05
eec: 608.082
weight: 1.4448e-05
eec: 1584.04
weight: 0.000394293
eec: 163.585
weight: 2.14121e-05
eec: 562.834
weight: 1.03846e-05
eec: 374.644
weight: 5.35756e-05
eec: 206.065
weight: 0.000113603
eec: 145.361
weight: 4.29168e-08
eec: 138.941
weight: 4.84796e-05
eec: 297.445
weight: 0.00115609
eec: 620.471
weight: 2.78163e-05
eec: 26.7617
weight: 1.04643e-07
eec: 752.735
weight: 3.52443e-05
eec: 382.925
weight: 4.77927e-06
eec: 896.483
weight: 5.51492e-05
eec: 97.5492
weight: 9.2948e-07
eec: 819.488
weight: 4.02728e-06
eec: 880.134
weight: 1.31204e-08
eec: 494.174
weight: 3.46454e-07
eec: 611.703
weight: 0.000102034
eec: 118.675
weight: 4.08176e-07
eec: 84.1604
weight: 2.83197e-05
eec: 1139.22
weight: 9.38558e-05
eec: 802.44
weight: 2.79631e-05
eec: 976.216
weight: 3.14444e-06
eec: 563.571
Processing: 42.3872 %weight: 4.97933e-05
eec: 925.497
weight: 0.000170515
eec: 155.606
weight: 7.12579e-05
eec: 641.025
weight: 4.12465e-06
eec: 275.825
weight: 0.000411568
eec: 155.203
weight: 1.51152e-05
eec: 90.5318
weight: 7.11847e-05
eec: 66.6207
weight: 2.5133e-05
eec: 108.259
weight: 7.92402e-05
eec: 2364.89
weight: 1.31525e-05
eec: 1918.84
weight: 3.37947e-05
eec: 658.129
weight: 3.17698e-06
eec: 1271.5
weight: 6.12464e-06
eec: 42.6462
weight: 3.45326e-06
eec: 71.5676
weight: 1.54099e-06
eec: 393.142
weight: 3.95445e-05
eec: 152.117
weight: 2.83403e-06
eec: 163.574
weight: 1.3953e-05
eec: 736.209
weight: 4.38446e-05
eec: 64.6769
weight: 3.36361e-06
eec: 381.374
weight: 2.10069e-07
eec: 242.971
weight: 0.000458279
eec: 359.511
weight: 0.00137449
eec: 636.74
weight: 6.61186e-05
eec: 808.139
weight: 7.52736e-06
eec: 61.4631
weight: 0.000307914
eec: 407.809
weight: 8.11525e-05
eec: 1133.81
weight: 7.31088e-05
eec: 944.296
weight: 1.25828e-05
eec: 533.919
weight: 0.000307793
eec: 89.0203
weight: 0.000193225
eec: 1106.42
weight: 2.59677e-06
eec: 1799.77
weight: 7.57091e-07
eec: 1121.43
weight: 0.000281357
eec: 390.405
weight: 1.33447e-05
eec: 91.4556
weight: 4.21883e-06
eec: 91.8483
weight: 0.000120645
eec: 286.032
weight: 9.22016e-07
eec: 1843.43
weight: 2.92322e-05
eec: 58.1087
weight: 3.00267e-05
eec: 623.294
weight: 3.86054e-06
eec: 233.776
weight: 2.86939e-05
eec: 253.161
weight: 1.57276e-05
eec: 806.848
weight: 1.9562e-06
eec: 939.986
weight: 5.28981e-05
eec: 1081.95
weight: 0.00015969
eec: 412.741
weight: 2.51749e-05
eec: 2036.85
weight: 0.00012555
eec: 105.459
weight: 1.82341e-06
eec: 153.156
weight: 5.4417e-06
eec: 439.067
weight: 6.30402e-05
eec: 444.301
weight: 1.13141e-05
eec: 1269.98
weight: 8.84752e-05
eec: 95.8442
weight: 0.000316283
eec: 271.091
weight: 4.08164e-05
eec: 331.494
weight: 1.31557e-06
eec: 688.874
weight: 0.000153657
eec: 58.9829
weight: 0.000153657
eec: 115.437
weight: 7.70022e-05
eec: 23.2591
weight: 0.000144463
eec: 29.1587
weight: 9.27456e-05
eec: 47.7815
weight: 3.12823e-05
eec: 245.686
weight: 3.07303e-06
eec: 363.571
weight: 1.43589e-07
eec: 1925.14
weight: 1.88243e-05
eec: 3636.84
weight: 1.86089e-06
eec: 595.245
weight: 4.32389e-06
eec: 51.4651
weight: 2.3962e-05
eec: 291.464
weight: 7.20159e-05
eec: 149.314
weight: 1.91077e-06
eec: 15.223
weight: 2.40274e-05
eec: 4334.17
weight: 5.37651e-06
eec: 285.645
weight: 1.43223e-05
eec: 68.6091
weight: 3.45198e-05
eec: 649.503
weight: 4.1646e-06
eec: 260.338
weight: 2.05835e-05
eec: 671.263
weight: 2.69458e-05
eec: 1016.01
weight: 7.18637e-05
eec: 1060.1
weight: 9.82343e-06
eec: 95.4148
weight: 2.94316e-05
eec: 528.101
weight: 0.000113054
eec: 348.123
weight: 0.000765982
eec: 442.81
weight: 8.5352e-06
eec: 522.121
weight: 0.000168068
eec: 43.9957
weight: 4.36402e-06
eec: 132.806
weight: 2.91693e-05
eec: 462.872
weight: 1.56711e-06
eec: 1479.23
weight: 3.73278e-05
eec: 144.705
weight: 2.06259e-05
eec: 350.454
weight: 2.73719e-05
eec: 1355.91
weight: 4.18711e-05
eec: 135.193
weight: 0.000121012
eec: 178.314
weight: 1.70394e-05
eec: 913.169
weight: 4.68795e-05
eec: 149.982
weight: 4.68795e-05
eec: 402.097
weight: 4.71013e-06
eec: 906.082
weight: 3.71919e-05
eec: 304.749
weight: 1.46315e-05
eec: 288.709
weight: 1.16685e-05
eec: 503.974
weight: 1.35365e-06
eec: 1060.92
weight: 0.000113747
eec: 320.181
weight: 1.52108e-05
eec: 172.236
weight: 8.25052e-07
eec: 246.171
weight: 0.000328151
eec: 682.595
weight: 5.65382e-06
eec: 712.514
weight: 3.492e-06
eec: 1118.17
weight: 2.7199e-06
eec: 349.048
weight: 4.76486e-05
eec: 239.873
weight: 2.04573e-05
eec: 164.807
weight: 1.59196e-05
eec: 438.864
weight: 2.33575e-05
eec: 600.914
weight: 6.73585e-05
eec: 162.264
weight: 2.66833e-05
eec: 961.378
weight: 2.66833e-05
eec: 4.44307
weight: 1.09359e-05
eec: 871.933
weight: 0.000184196
eec: 591.84
weight: 5.37605e-05
eec: 78.4179
weight: 7.83743e-05
eec: 1174.04
weight: 3.20555e-05
eec: 206.989
weight: 6.89481e-06
eec: 322.123
weight: 0.000196089
eec: 81.8347
weight: 4.7393e-05
eec: 425.896
weight: 0.00011252
eec: 58.7473
weight: 8.07088e-05
eec: 82.0197
weight: 8.78617e-07
eec: 276.777
weight: 4.60498e-07
eec: 89.6544
weight: 3.39101e-05
eec: 1788.59
weight: 3.91123e-06
eec: 134.533
weight: 5.91752e-06
eec: 1146.33
weight: 3.49012e-06
eec: 262.298
weight: 1.98124e-05
eec: 578.717
weight: 8.09556e-06
eec: 353.545
weight: 0.000391812
eec: 477.369
weight: 4.13426e-07
eec: 850.008
weight: 0.000246262
eec: 77.0465
weight: 7.19062e-06
eec: 1308.82
weight: 1.03209e-05
eec: 129.624
weight: 0.000258309
eec: 59.7559
weight: 4.64136e-06
eec: 229.213
weight: 1.44839e-07
eec: 854.703
weight: 1.65004e-05
eec: 246.147
weight: 5.02892e-06
eec: 512.64
weight: 8.06605e-06
eec: 804.047
weight: 9.98363e-06
eec: 925.281
weight: 2.68319e-06
eec: 168.807
weight: 0.000128705
eec: 139.407
weight: 0.00025457
eec: 376.361
weight: 2.58658e-05
eec: 3614.4
weight: 7.98124e-05
eec: 589.389
weight: 1.60042e-05
eec: 51.4902
weight: 5.74022e-05
eec: 2026.13

ROOT exit code = 0
