gSystem->Load("run_condor_job_Run3_C.so");
run_condor_job_Run3(865, 100, 2,
                    80, 200,
                    1, 1, 1, 8);
.q

ENTERED run_condor_job_Run3()
JOBID = 865
  global job = 865  Job 65/100  events [3900000, 3960000)  total=6000000
Processing events [3900000, 3960000) of 6000000
Processing: 65 %weight: 6.00898e-05
eec: 394.124
weight: 3.36953e-06
eec: 782.296
weight: 1.77841e-05
eec: 453.933
weight: 8.63296e-07
eec: 589.746
weight: 1.65826e-06
eec: 146.554
weight: 0.000141779
eec: 81.061
weight: 6.61203e-05
eec: 1288.32
weight: 1.87204e-05
eec: 571.743
weight: 1.31659e-06
eec: 52.2785
weight: 1.82519e-05
eec: 345.219
weight: 1.52745e-05
eec: 463.157
weight: 4.84718e-06
eec: 1062.04
weight: 8.17373e-05
eec: 64.5198
weight: 3.04192e-05
eec: 243.798
weight: 0.000384819
eec: 86.5576
weight: 1.63611e-07
eec: 706.239
weight: 1.32197e-05
eec: 163.227
weight: 1.15288e-05
eec: 370.726
weight: 4.56928e-06
eec: 1581.45
weight: 5.24942e-05
eec: 347.386
weight: 3.14662e-05
eec: 548.328
weight: 3.63791e-06
eec: 263.322
weight: 8.99547e-06
eec: 3434.97
weight: 7.25998e-08
eec: 711.575
weight: 6.15703e-05
eec: 1087.67
weight: 2.09314e-05
eec: 747.347
weight: 2.8525e-05
eec: 441.111
weight: 1.9157e-05
eec: 95.0541
weight: 1.11789e-06
eec: 1012
weight: 1.2249e-06
eec: 631.939
weight: 0.000400426
eec: 228.338
weight: 8.56482e-07
eec: 2750.42
weight: 8.37781e-06
eec: 3186.31
weight: 0.000109603
eec: 285.924
weight: 0.000294469
eec: 401.73
weight: 0.000142598
eec: 834.572
weight: 3.39992e-05
eec: 736.185
weight: 1.05883e-05
eec: 100.559
weight: 8.62136e-06
eec: 75.9321
weight: 2.11352e-05
eec: 90.9512
weight: 0.000349574
eec: 41.017
weight: 3.61619e-05
eec: 238.301
weight: 6.49836e-06
eec: 328.006
weight: 3.0282e-05
eec: 96.3215
weight: 7.8323e-05
eec: 325.228
weight: 3.49923e-05
eec: 1166.75
weight: 8.27635e-05
eec: 167.971
weight: 1.3125e-05
eec: 501.342
weight: 7.80752e-06
eec: 296.384
weight: 1.5676e-06
eec: 1194.4
weight: 0.00011202
eec: 449.208
weight: 9.03396e-07
eec: 627.644
weight: 0.000228384
eec: 57.7262
weight: 1.01284e-06
eec: 179.856
weight: 1.4604e-06
eec: 266.683
weight: 0.000242398
eec: 487.388
weight: 0.000174516
eec: 1026.7
weight: 0.000150818
eec: 154.734
weight: 4.96708e-05
eec: 1821.98
weight: 0.000696241
eec: 71.6977
weight: 2.19028e-05
eec: 575.931
weight: 7.81283e-08
eec: 776.752
weight: 6.34823e-07
eec: 58.0953
weight: 3.19751e-05
eec: 557.674
weight: 6.29687e-05
eec: 1161.86
weight: 6.5079e-06
eec: 686.596
weight: 1.83108e-05
eec: 58.8599
weight: 2.10733e-06
eec: 567.56
weight: 4.87367e-05
eec: 328.672
weight: 9.0801e-05
eec: 473.981
weight: 0.000229181
eec: 1288.3
weight: 0.000226163
eec: 147.169
weight: 0.000122995
eec: 161.813
weight: 0.000122995
eec: 118.916
weight: 2.88466e-05
eec: 810.201
weight: 9.92057e-05
eec: 773.533
weight: 0.000167171
eec: 723.413
weight: 0.000260802
eec: 256.904
weight: 8.04156e-06
eec: 411.531
weight: 0.000180054
eec: 415.97
weight: 3.65854e-05
eec: 92.4425
weight: 6.49303e-05
eec: 374.906
weight: 4.74386e-05
eec: 1266.52
weight: 0.00144329
eec: 521.928
weight: 0.00016981
eec: 303.62
weight: 0.000111953
eec: 398.079
weight: 2.5393e-05
eec: 106.245
weight: 1.11756e-05
eec: 688.622
weight: 8.07981e-05
eec: 249.097
weight: 8.94657e-06
eec: 406.894
weight: 6.77025e-06
eec: 1232.52
weight: 0.000162142
eec: 28.3382
weight: 6.2623e-05
eec: 445.614
weight: 1.50668e-05
eec: 1137.32
weight: 4.17138e-05
eec: 212.812
weight: 3.52906e-05
eec: 117.783
weight: 1.19225e-05
eec: 527.841
weight: 1.0525e-07
eec: 747.158
weight: 0.000174623
eec: 95.7128
weight: 0.000297357
eec: 128.872
weight: 2.4495e-05
eec: 293.734
weight: 0.000134235
eec: 953.322
weight: 4.37194e-05
eec: 267.652
weight: 0.000255899
eec: 563.651
weight: 2.86776e-05
eec: 255.525
weight: 5.30946e-06
eec: 49.957
weight: 1.02346e-05
eec: 1006.67
weight: 0.000345226
eec: 685.288
weight: 2.1572e-05
eec: 810.025
weight: 4.57943e-05
eec: 683.343
weight: 5.02275e-05
eec: 688.137
weight: 7.75526e-06
eec: 560.08
weight: 2.07066e-05
eec: 52.7838
weight: 2.90078e-06
eec: 438.002
weight: 1.27896e-05
eec: 392.621
weight: 2.33335e-06
eec: 954.728
weight: 6.25207e-05
eec: 108.615
weight: 1.08874e-05
eec: 1710.91
weight: 6.94527e-05
eec: 101.912
weight: 1.02914e-07
eec: 115.214
weight: 6.93319e-05
eec: 426.265
weight: 0.00012881
eec: 382.439
weight: 2.87002e-05
eec: 1766.58
weight: 2.87002e-05
eec: 94.0684
weight: 6.61888e-05
eec: 1324.06
weight: 2.07834e-05
eec: 506.553
weight: 2.86923e-06
eec: 89.6894
weight: 1.0853e-05
eec: 413.283
weight: 5.35921e-06
eec: 2796.18
weight: 1.3869e-05
eec: 114.729
weight: 1.1879e-05
eec: 107.061
weight: 0.000148016
eec: 1660.82
weight: 5.0247e-05
eec: 202.242
weight: 0.000787859
eec: 859.078
weight: 1.51082e-05
eec: 3113.58
weight: 5.83138e-05
eec: 280.095
weight: 0.000127863
eec: 291.819
weight: 3.54062e-06
eec: 148.271
weight: 3.11123e-05
eec: 2137.02
weight: 1.83502e-05
eec: 323.725
weight: 7.05291e-06
eec: 704.359
weight: 5.83769e-05
eec: 460.983
weight: 5.83683e-05
eec: 163.85
weight: 1.29551e-05
eec: 669.371
weight: 2.55189e-05
eec: 325.763
weight: 0.000187004
eec: 152.102
weight: 1.61976e-05
eec: 211.243
weight: 2.37895e-05
eec: 215.452
weight: 3.60094e-06
eec: 1087.62
weight: 0.000210982
eec: 695.581
weight: 4.91309e-05
eec: 655.391
weight: 0.00024845
eec: 1427.6
weight: 0.00024845
eec: 46.6313
weight: 2.32364e-06
eec: 536.718
weight: 0.000131205
eec: 181.217
weight: 5.79621e-05
eec: 65.6226
weight: 0.00014389
eec: 1232.75
weight: 1.16288e-05
eec: 346.013
weight: 7.29748e-05
eec: 89.5203
weight: 6.93926e-06
eec: 523.13
weight: 2.46359e-05
eec: 355.881
weight: 6.11897e-05
eec: 298.066
weight: 9.39688e-06
eec: 765.851
weight: 1.75467e-06
eec: 2312.83
weight: 4.36661e-07
eec: 100.254
weight: 0.000162148
eec: 93.921
weight: 1.43183e-05
eec: 346.588
weight: 3.77065e-05
eec: 282.788
weight: 1.026e-05
eec: 639.085
weight: 4.41053e-05
eec: 320.049
weight: 1.16477e-05
eec: 1955.36
weight: 6.25751e-05
eec: 31.5178
weight: 7.51566e-07
eec: 339.697
weight: 1.22734e-05
eec: 2166.23
weight: 3.46378e-06
eec: 2394.88
weight: 1.67735e-05
eec: 544.798
weight: 9.29231e-07
eec: 177.272
weight: 4.9897e-05
eec: 377.598
weight: 2.73275e-05
eec: 2613.56
weight: 2.508e-05
eec: 342.55
Processing: 65.8333 %weight: 2.58255e-05
eec: 1554.94
weight: 0.000126277
eec: 1226.82
weight: 6.45316e-06
eec: 1124.72
weight: 2.78254e-05
eec: 239.355
weight: 7.69391e-06
eec: 67.4858
weight: 7.69391e-06
eec: 123.673
weight: 1.83577e-05
eec: 220.126
weight: 2.06968e-05
eec: 1012.58
weight: 6.91907e-05
eec: 609.4
weight: 3.65463e-05
eec: 348.903
weight: 3.38958e-06
eec: 25.5459
weight: 2.99003e-05
eec: 320.892
weight: 1.60527e-06
eec: 595.265
weight: 0.000227335
eec: 408.413
weight: 5.59455e-06
eec: 476.408
weight: 0.000227504
eec: 207.895
weight: 0.000137004
eec: 250.686
weight: 0.000173796
eec: 484.97
weight: 6.53933e-05
eec: 1183.67
weight: 1.01175e-05
eec: 936.185
weight: 1.34471e-05
eec: 268.319
weight: 5.09812e-07
eec: 878.104
weight: 3.43524e-05
eec: 438.869
weight: 2.4627e-06
eec: 113.402
weight: 5.81851e-05
eec: 798.1
weight: 0.000211122
eec: 142.859
weight: 9.73981e-06
eec: 613.481
weight: 1.02344e-05
eec: 91.0062
weight: 2.68388e-05
eec: 21.5812
weight: 2.82685e-05
eec: 178.531
weight: 1.62154e-06
eec: 422.537
weight: 1.15286e-05
eec: 2257.24
weight: 0.000529575
eec: 310.432
weight: 0.000271787
eec: 83.5666
weight: 0.000414894
eec: 495.579
weight: 2.63315e-05
eec: 4084.47
weight: 2.74941e-05
eec: 1082.56
weight: 5.39342e-05
eec: 38.9938
weight: 2.76411e-05
eec: 995.035

ROOT exit code = 0
