gSystem->Load("run_condor_job_Run3_C.so");
run_condor_job_Run3(922, 100, 2,
                    80, 200,
                    1, 1, 1, 9);
.q

ENTERED run_condor_job_Run3()
JOBID = 922
  global job = 922  Job 22/100  events [1308120, 1367580)  total=5946000
Processing events [1308120, 1367580) of 5946000
weight: 3.84997e-06
eec: 444.939
weight: 1.66252e-06
eec: 149.383
weight: 1.29941e-05
eec: 103.231
weight: 8.12418e-06
eec: 443.785
weight: 8.79942e-06
eec: 1379.4
weight: 1.1104e-06
eec: 3679.7
weight: 2.08026e-05
eec: 2180.65
weight: 0.000143711
eec: 22.762
weight: 0.000114146
eec: 468.982
weight: 5.58608e-05
eec: 234.041
weight: 2.291e-05
eec: 517.176
weight: 8.99423e-05
eec: 259.869
weight: 2.88327e-05
eec: 219.829
weight: 1.43571e-05
eec: 341.546
weight: 3.19045e-05
eec: 155.337
weight: 1.08879e-05
eec: 422.115
weight: 4.84535e-06
eec: 1261.63
weight: 4.71715e-06
eec: 190.051
weight: 0.000156297
eec: 40.6365
weight: 3.87773e-05
eec: 25.7691
weight: 0.000106111
eec: 95.6105
weight: 6.56717e-05
eec: 261.273
weight: 0.000255599
eec: 97.7699
weight: 1.00447e-05
eec: 4846.18
weight: 1.39696e-05
eec: 1634.69
weight: 4.63157e-05
eec: 469.312
weight: 2.70392e-06
eec: 213.795
weight: 2.04127e-05
eec: 118.372
weight: 2.06237e-05
eec: 55.509
weight: 7.27576e-06
eec: 651.149
weight: 2.07681e-06
eec: 3472.37
weight: 0.000105916
eec: 168.408
weight: 2.32633e-08
eec: 1536.02
weight: 5.05302e-05
eec: 876.097
weight: 4.25013e-05
eec: 665.455
weight: 7.03158e-07
eec: 680.517
weight: 0.000172911
eec: 107.926
weight: 1.3592e-05
eec: 1211.26
weight: 0.00181106
eec: 377.246
weight: 1.18464e-05
eec: 191.843
weight: 0.000214687
eec: 143.348
weight: 3.52262e-05
eec: 1895.13
weight: 3.32974e-05
eec: 264.648
weight: 6.97256e-06
eec: 615.507
weight: 9.03627e-06
eec: 1587.96
weight: 4.79536e-05
eec: 48.2231
weight: 2.96e-06
eec: 366.291
weight: 9.96203e-05
eec: 38.7697
weight: 7.30246e-05
eec: 235.193
weight: 2.60118e-05
eec: 825.176
weight: 6.9901e-06
eec: 686.109
weight: 0.000115429
eec: 818.914
weight: 7.81509e-06
eec: 850.486
weight: 6.79932e-05
eec: 2431.06
weight: 5.08141e-06
eec: 175.72
weight: 6.19688e-05
eec: 724.378
weight: 6.5248e-05
eec: 36.5161
weight: 3.70829e-05
eec: 92.2573
weight: 9.97327e-06
eec: 1285.32
weight: 1.48775e-05
eec: 432.223
weight: 5.6736e-05
eec: 250.568
weight: 0.00031618
eec: 672.654
weight: 8.94702e-05
eec: 549.884
weight: 1.96071e-05
eec: 441.203
weight: 2.1352e-05
eec: 394.579
weight: 4.12692e-06
eec: 163.539
weight: 2.20903e-06
eec: 189.407
weight: 0.000564532
eec: 529.141
weight: 3.97078e-05
eec: 99.585
weight: 5.20636e-05
eec: 63.3049
weight: 0.000105786
eec: 1425.97
weight: 6.25871e-07
eec: 332.888
weight: 9.23064e-05
eec: 762.3
weight: 6.78519e-05
eec: 244.535
weight: 0.000105465
eec: 225.195
weight: 0.000169469
eec: 647.432
weight: 3.15544e-05
eec: 69.511
weight: 1.59463e-06
eec: 327.319
weight: 0.000345788
eec: 447.905
weight: 0.000134145
eec: 58.4346
weight: 6.81925e-05
eec: 1230.88
weight: 3.46687e-05
eec: 99.6028
weight: 9.38042e-06
eec: 1896.1
weight: 5.47689e-06
eec: 101.115
weight: 0.000118
eec: 179.759
weight: 0.000105913
eec: 205.769
weight: 5.01196e-05
eec: 109.063
weight: 9.86773e-06
eec: 60.2408
weight: 2.57275e-05
eec: 2187.5
weight: 2.71283e-06
eec: 268.537
weight: 0.000181703
eec: 249.642
weight: 3.72616e-05
eec: 18.8889
weight: 1.13551e-06
eec: 117.083
weight: 0.000177392
eec: 245.223
weight: 0.000105779
eec: 653.278
weight: 4.49954e-05
eec: 513.3
weight: 2.03109e-05
eec: 217.386
weight: 4.05773e-05
eec: 884.206
weight: 1.94227e-06
eec: 359.037
weight: 8.02644e-05
eec: 38.7009
weight: 0.000205723
eec: 189.453
weight: 6.24575e-06
eec: 249.322
weight: 1.17786e-05
eec: 812.392
weight: 2.60859e-05
eec: 272.155
weight: 1.57046e-08
eec: 905.766
weight: 0.00029042
eec: 135.047
weight: 0.00329126
eec: 208.277
weight: 1.53842e-05
eec: 14.8233
weight: 5.31667e-07
eec: 233.875
weight: 6.38995e-06
eec: 397.323
weight: 0.000358592
eec: 325.869
weight: 9.49708e-07
eec: 87.2254
weight: 1.39699e-05
eec: 306.24
weight: 4.86065e-05
eec: 542.608
weight: 0.000150984
eec: 253.978
weight: 0.000125586
eec: 110.109
weight: 0.000361065
eec: 308.941
weight: 6.55787e-05
eec: 1002.04
weight: 1.42358e-05
eec: 474.354
weight: 1.66515e-05
eec: 66.3854
weight: 4.40559e-05
eec: 121.222
weight: 1.14236e-06
eec: 2246.12
weight: 6.87302e-07
eec: 403.735
weight: 1.58379e-05
eec: 352.848
weight: 2.45627e-07
eec: 161.389
weight: 0.000387169
eec: 676.966
weight: 8.34719e-06
eec: 413.865
weight: 0.000419304
eec: 1238.68
weight: 1.13424e-05
eec: 693.788
weight: 0.00184766
eec: 395.389
weight: 8.33192e-06
eec: 241.583
weight: 2.52181e-05
eec: 669.631
weight: 1.5513e-06
eec: 21.2309
weight: 3.45416e-06
eec: 201.742
weight: 1.73606e-05
eec: 109.943
weight: 6.29052e-05
eec: 302.549
weight: 6.37493e-05
eec: 287.124
weight: 8.37049e-07
eec: 185.395
weight: 6.03823e-05
eec: 147.641
weight: 0.00019043
eec: 158.721
weight: 1.21268e-05
eec: 808.122
weight: 8.84553e-05
eec: 403.61
weight: 2.53185e-05
eec: 365.936
weight: 6.9863e-07
eec: 65.6866
weight: 1.64129e-06
eec: 1781.99
weight: 1.86204e-06
eec: 263.07
weight: 1.84459e-05
eec: 507.231
weight: 2.23215e-06
eec: 58.8673
weight: 0.000427233
eec: 303.384
weight: 4.30716e-06
eec: 667.448
weight: 4.57419e-05
eec: 137.934
weight: 1.52858e-05
eec: 153.802
weight: 3.92188e-05
eec: 785.234
weight: 1.22818e-05
eec: 489.317
weight: 2.05877e-05
eec: 503.049
weight: 4.10898e-05
eec: 619.836
weight: 1.14717e-05
eec: 982.893
weight: 3.07266e-05
eec: 32.1786
weight: 3.13637e-05
eec: 1023.7
weight: 0.000289608
eec: 216.251
weight: 3.75091e-05
eec: 534.347
weight: 4.85588e-06
eec: 547.988
weight: 0.000153728
eec: 190.255
weight: 6.30681e-05
eec: 486.637
weight: 1.03761e-05
eec: 291.133
weight: 3.68449e-05
eec: 2385.33
weight: 5.24647e-06
eec: 142.399
weight: 7.02677e-06
eec: 402.655
weight: 5.04476e-06
eec: 32.7246
weight: 7.11067e-05
eec: 145.871
weight: 2.0107e-07
eec: 148.556
weight: 5.68903e-06
eec: 915.715
weight: 0.00020113
eec: 34.3782
weight: 2.52531e-05
eec: 319.618
weight: 2.76704e-05
eec: 140.822
weight: 3.50306e-06
eec: 1028.22
weight: 6.43304e-06
eec: 595.972
weight: 4.70663e-06
eec: 106.68
weight: 1.57182e-05
eec: 494.402
weight: 1.81785e-07
eec: 316.305
weight: 1.43807e-06
eec: 2547.57
weight: 0.000119968
eec: 280.352
weight: 0.000180909
eec: 343.334
weight: 0.000132855
eec: 3045.98
weight: 1.26109e-05
eec: 1589.5
weight: 4.07493e-05
eec: 1124.34
weight: 1.04236e-05
eec: 184.937
weight: 4.29505e-05
eec: 253.283
weight: 1.03156e-05
eec: 246.378
Processing: 22.7043 %weight: 7.27251e-05
eec: 593.745
weight: 3.33724e-05
eec: 744.121
weight: 4.40473e-06
eec: 365.217
weight: 3.6721e-05
eec: 1597.75
weight: 2.84601e-05
eec: 852.977
weight: 3.33916e-06
eec: 1364.47
weight: 5.67278e-08
eec: 608.473
weight: 0.000140704
eec: 511.952
weight: 0.00141454
eec: 238.675
weight: 0.000107307
eec: 353.66
weight: 7.10243e-05
eec: 225.293
weight: 0.000646061
eec: 19.5433
weight: 7.45095e-05
eec: 1817.07
weight: 8.50335e-06
eec: 735.355
weight: 0.00016996
eec: 762.45
weight: 3.61211e-05
eec: 676.98
weight: 5.29119e-05
eec: 178.992
weight: 0.000110787
eec: 97.6699
weight: 1.81154e-05
eec: 1203.06
weight: 7.20808e-05
eec: 1148.43
weight: 1.04767e-05
eec: 324.686
weight: 9.0671e-06
eec: 100.183
weight: 7.96614e-06
eec: 1587.91
weight: 7.96614e-06
eec: 917.066
weight: 0.00301353
eec: 50.8515
weight: 2.60781e-05
eec: 567.401
weight: 8.23988e-06
eec: 52.5188
weight: 1.14221e-05
eec: 231.844
weight: 4.25491e-06
eec: 224.415
weight: 0.000508235
eec: 732.232
weight: 0.00012626
eec: 30.3321
weight: 2.31962e-05
eec: 641.939
weight: 6.5888e-05
eec: 637.99
weight: 7.16964e-06
eec: 1182.39
weight: 3.40939e-05
eec: 211.296
weight: 2.14682e-05
eec: 148.771
weight: 7.68047e-06
eec: 408.43
weight: 7.52126e-06
eec: 788.252
weight: 2.22012e-08
eec: 64.079
weight: 1.33977e-06
eec: 920.404
weight: 2.82252e-06
eec: 317.417
weight: 0.000257789
eec: 633.022
weight: 5.06937e-05
eec: 92.4081
weight: 1.12708e-05
eec: 449.836
weight: 3.48947e-05
eec: 391.048
weight: 0.000131769
eec: 417.735
weight: 2.75656e-05
eec: 2363.67
weight: 3.8046e-05
eec: 175.411
weight: 2.31232e-06
eec: 967.416
weight: 2.92666e-05
eec: 994.16
weight: 6.52718e-06
eec: 733.149
weight: 4.13317e-06
eec: 348.022
weight: 0.000401118
eec: 473.329
weight: 1.59832e-05
eec: 369.533
weight: 1.32855e-05
eec: 1182.08
weight: 5.01135e-06
eec: 140.009
weight: 3.03422e-05
eec: 1349.12
weight: 0.000155803
eec: 100.05
weight: 1.75121e-06
eec: 33.0625
weight: 2.5374e-05
eec: 406.273
weight: 8.48726e-06
eec: 392.745
weight: 1.47346e-05
eec: 2194.75
weight: 0.00244901
eec: 680.066
weight: 0.000110038
eec: 452.931
weight: 5.12548e-07
eec: 165.37

ROOT exit code = 0
