gSystem->Load("run_condor_job_Run3_C.so");
run_condor_job_Run3(881, 100, 2,
                    80, 200,
                    1, 1, 1, 8);
.q

ENTERED run_condor_job_Run3()
JOBID = 881
  global job = 881  Job 81/100  events [4860000, 4920000)  total=6000000
Processing events [4860000, 4920000) of 6000000
weight: 1.85644e-05
eec: 606.764
weight: 0.00010577
eec: 331.095
weight: 6.08893e-06
eec: 410.246
weight: 0.000119781
eec: 933.819
weight: 8.38559e-05
eec: 593.873
weight: 0.000169298
eec: 1309.16
weight: 0.000988102
eec: 541.77
weight: 0.000142551
eec: 87.3003
weight: 2.69447e-05
eec: 77.8785
weight: 0.000115535
eec: 154.68
weight: 6.07829e-05
eec: 172.466
weight: 8.78221e-05
eec: 206.279
weight: 1.44702e-05
eec: 627.821
weight: 2.53426e-08
eec: 567.912
weight: 1.05531e-07
eec: 1598.6
weight: 2.44438e-06
eec: 787.43
weight: 0.000119201
eec: 350.703
weight: 2.47477e-05
eec: 501.219
weight: 6.07837e-05
eec: 470.541
weight: 6.02812e-06
eec: 1684.74
weight: 7.25592e-05
eec: 310.986
weight: 9.48801e-06
eec: 204.332
weight: 5.18054e-05
eec: 585.915
weight: 1.31003e-05
eec: 2916.68
weight: 1.25377e-05
eec: 312.589
weight: 3.77418e-05
eec: 962.432
weight: 2.34344e-05
eec: 1352.61
weight: 5.52356e-05
eec: 253.087
weight: 5.25003e-05
eec: 43.7538
weight: 2.1941e-06
eec: 1042.7
weight: 3.17701e-05
eec: 315.304
weight: 1.03312e-05
eec: 52.4545
weight: 4.33942e-05
eec: 297.296
weight: 1.84853e-05
eec: 1411.7
weight: 0.000113164
eec: 112.112
weight: 4.88395e-05
eec: 122.568
weight: 2.58232e-05
eec: 1285.56
weight: 2.05027e-05
eec: 3450.63
weight: 7.40643e-06
eec: 1337.06
weight: 1.56118e-05
eec: 611.721
weight: 0.00353485
eec: 113.611
weight: 0.000226781
eec: 2358.1
weight: 3.32732e-05
eec: 44.2248
weight: 2.94427e-06
eec: 186.212
weight: 4.28825e-06
eec: 274.553
weight: 8.5974e-05
eec: 47.9192
weight: 1.10842e-05
eec: 265.395
weight: 0.000224728
eec: 257.301
weight: 3.04712e-05
eec: 474.912
weight: 4.07167e-05
eec: 1967.55
weight: 0.000217926
eec: 98.8969
weight: 0.000176339
eec: 211.326
weight: 4.8362e-05
eec: 208.723
weight: 8.99136e-08
eec: 504.518
weight: 9.17361e-05
eec: 382.102
weight: 1.96307e-06
eec: 735.767
weight: 2.91075e-07
eec: 35.1108
weight: 1.04526e-05
eec: 892.152
weight: 2.11575e-05
eec: 480.721
weight: 0.000113241
eec: 311.863
weight: 0.000158112
eec: 159.67
weight: 7.91347e-06
eec: 649.009
weight: 1.49759e-05
eec: 769.792
weight: 3.75774e-05
eec: 186.729
weight: 0.00105463
eec: 397.439
weight: 6.78923e-06
eec: 191.047
weight: 4.49631e-07
eec: 282.471
weight: 8.52763e-06
eec: 2229.92
weight: 6.12443e-06
eec: 449.05
weight: 4.18515e-05
eec: 178.717
weight: 1.88234e-05
eec: 295.213
weight: 3.70949e-06
eec: 813.497
weight: 2.51538e-06
eec: 247.133
weight: 6.97873e-05
eec: 292.648
weight: 3.57896e-05
eec: 720.355
weight: 0.000105814
eec: 207.823
weight: 0.00071698
eec: 321.058
weight: 4.96352e-05
eec: 701.633
weight: 1.02514e-05
eec: 846.986
weight: 4.97039e-06
eec: 356.841
weight: 5.84007e-06
eec: 1103.3
weight: 1.29082e-06
eec: 1551.14
weight: 1.04329e-05
eec: 151.207
weight: 1.15901e-05
eec: 700.112
weight: 2.07902e-05
eec: 1441.75
weight: 7.14258e-08
eec: 685.487
weight: 1.03125e-05
eec: 376.585
weight: 7.04535e-05
eec: 679.967
weight: 0.000118717
eec: 24.2991
weight: 0.000499989
eec: 140.412
weight: 1.8013e-05
eec: 874.224
weight: 7.34689e-05
eec: 192.114
weight: 6.86159e-06
eec: 2911.52
weight: 1.53896e-05
eec: 181.139
weight: 7.36272e-06
eec: 25.1465
weight: 3.80873e-05
eec: 78.1909
weight: 2.26682e-05
eec: 196.242
weight: 1.23694e-05
eec: 606.024
weight: 4.59856e-06
eec: 5223.82
weight: 1.63057e-05
eec: 1724.83
weight: 1.00093e-06
eec: 723.547
weight: 7.46076e-06
eec: 358.304
weight: 4.78272e-05
eec: 199.645
weight: 1.18377e-06
eec: 367.922
weight: 3.81709e-05
eec: 218.139
weight: 1.2692e-06
eec: 925.356
weight: 0.000111639
eec: 47.1993
weight: 2.51703e-05
eec: 1596.56
weight: 6.51369e-05
eec: 99.6616
weight: 7.74037e-05
eec: 518.723
weight: 1.29845e-05
eec: 112.948
weight: 3.85219e-05
eec: 1983.19
weight: 0.000217153
eec: 325.53
weight: 6.01788e-05
eec: 464.027
weight: 5.64065e-08
eec: 948.891
weight: 0.00014145
eec: 371.979
weight: 3.58334e-05
eec: 276.051
weight: 3.92798e-05
eec: 215.793
weight: 2.24581e-05
eec: 664.858
weight: 9.83998e-06
eec: 1317.77
weight: 4.20572e-05
eec: 270.451
weight: 7.95425e-06
eec: 486.831
weight: 0.000428573
eec: 15.1721
weight: 0.000245152
eec: 55.5686
weight: 1.04497e-05
eec: 209.135
weight: 7.81635e-05
eec: 514.741
weight: 2.52739e-07
eec: 168.778
weight: 0.000125252
eec: 132.875
weight: 1.40084e-05
eec: 761.413
weight: 5.76695e-06
eec: 808.074
weight: 5.60297e-07
eec: 51.3807
weight: 1.761e-05
eec: 348.182
weight: 2.07074e-05
eec: 526.459
weight: 4.76529e-05
eec: 1350.98
weight: 0.000107188
eec: 408.997
weight: 0.0012628
eec: 80.2885
weight: 0.000159173
eec: 91.1779
weight: 0.000912616
eec: 447.242
weight: 3.78485e-05
eec: 54.7644
weight: 0.000379118
eec: 274.698
weight: 2.08508e-05
eec: 1615.78
weight: 9.58779e-05
eec: 432.677
weight: 7.9032e-06
eec: 899.743
weight: 1.19614e-05
eec: 2085.83
weight: 1.11442e-05
eec: 2423.19
weight: 5.14162e-05
eec: 284.589
weight: 1.95757e-05
eec: 627.945
weight: 2.35782e-05
eec: 48.4216
weight: 3.98864e-05
eec: 303.957
weight: 2.55017e-05
eec: 944.397
weight: 3.74987e-05
eec: 354.244
weight: 6.5791e-06
eec: 1124.78
weight: 3.73538e-06
eec: 495.258
weight: 1.0194e-06
eec: 3163.79
weight: 2.43674e-05
eec: 409.602
weight: 6.48929e-06
eec: 118.741
weight: 9.06883e-06
eec: 1121.27
weight: 5.01069e-05
eec: 269.382
weight: 1.78096e-05
eec: 883.254
weight: 0.000114447
eec: 58.0611
weight: 1.67934e-05
eec: 1541.01
weight: 1.81426e-05
eec: 603.943
weight: 6.91876e-05
eec: 207.687
weight: 5.62126e-05
eec: 372.714
weight: 0.000275606
eec: 559.271
weight: 0.000285878
eec: 1026.7
weight: 2.76233e-05
eec: 280.885
weight: 0.000353775
eec: 141.241
weight: 5.87661e-06
eec: 157.905
weight: 8.79733e-06
eec: 103.212
weight: 1.88283e-05
eec: 346.481
Processing: 81.6667 %weight: 1.55727e-05
eec: 520.246
weight: 2.27851e-05
eec: 419.234
weight: 3.28343e-05
eec: 126.621
weight: 1.3453e-05
eec: 642.328
weight: 6.91211e-06
eec: 239.389
weight: 3.25234e-05
eec: 231.802
weight: 1.2935e-05
eec: 109.83
weight: 2.66938e-05
eec: 260.269
weight: 0.000173047
eec: 185.964
weight: 9.39286e-06
eec: 3820.54
weight: 2.5916e-05
eec: 122.022
weight: 0.000202033
eec: 535.584
weight: 2.67434e-05
eec: 47.0586
weight: 1.35299e-05
eec: 88.8844
weight: 2.82869e-05
eec: 54.1351
weight: 0.000344217
eec: 72.9112
weight: 0.000290388
eec: 632.449
weight: 1.48152e-05
eec: 1434.58
weight: 1.51566e-06
eec: 258.483
weight: 0.000132767
eec: 643.696
weight: 2.48942e-05
eec: 561.7
weight: 1.95079e-06
eec: 357.943
weight: 9.10707e-06
eec: 734.817
weight: 6.39725e-05
eec: 784.649
weight: 4.67293e-06
eec: 3211.81
weight: 3.38532e-05
eec: 1399.72
weight: 0.000139602
eec: 39.1265
weight: 4.83347e-05
eec: 256.733
weight: 4.53461e-05
eec: 536.794
weight: 1.01158e-05
eec: 147.015
weight: 8.64205e-06
eec: 282.444
weight: 4.96204e-05
eec: 332.879
weight: 6.98152e-05
eec: 92.6615
weight: 1.83377e-05
eec: 311.336
weight: 0.000267437
eec: 261.732
weight: 0.00158617
eec: 60.2176
weight: 3.45756e-05
eec: 192.344
weight: 2.72681e-06
eec: 1066.69
weight: 1.47058e-06
eec: 390.871
weight: 6.28163e-06
eec: 662.455
weight: 0.00226515
eec: 923.007
weight: 1.70221e-05
eec: 552.115
weight: 1.59981e-05
eec: 2962.1
weight: 5.50833e-06
eec: 110.041
weight: 0.000318869
eec: 1527.06
weight: 4.02334e-06
eec: 493.457
weight: 2.27882e-05
eec: 229.733
weight: 5.92946e-06
eec: 432.597
weight: 5.4059e-06
eec: 74.1659
weight: 0.000111297
eec: 63.4471
weight: 1.19044e-05
eec: 948.31
weight: 7.89994e-05
eec: 201.494
weight: 0.000266752
eec: 68.7262
weight: 3.37363e-05
eec: 473.089
weight: 1.57605e-05
eec: 118.245
weight: 0.000220413
eec: 86.2933
weight: 2.97708e-06
eec: 776.533
weight: 2.48362e-08
eec: 144.183
weight: 1.25894e-05
eec: 2517.41
weight: 1.10913e-05
eec: 77.0493
weight: 3.29781e-05
eec: 362.128
weight: 0.000127099
eec: 1539.8
weight: 5.36306e-08
eec: 489.691
weight: 7.43566e-06
eec: 2157.12
weight: 5.29053e-06
eec: 591.231
weight: 0.000758282
eec: 261.509
weight: 0.00063451
eec: 325.798
weight: 5.05514e-06
eec: 94.9134
weight: 4.30965e-05
eec: 1696.13
weight: 1.07955e-05
eec: 1332.79
weight: 0.000230991
eec: 430.785
weight: 4.75626e-05
eec: 289.597
weight: 7.98484e-06
eec: 21.9759
weight: 1.3431e-05
eec: 793.859
weight: 1.05283e-05
eec: 69.0831
weight: 2.32175e-05
eec: 669.063
weight: 7.00943e-06
eec: 237.162
weight: 4.15639e-05
eec: 842.741
weight: 3.99452e-05
eec: 565.686
weight: 1.41718e-05
eec: 1631.1
weight: 5.1531e-05
eec: 1329.09
weight: 8.00513e-06
eec: 362.522
weight: 9.40333e-06
eec: 464.684
weight: 0.000564188
eec: 318.426
weight: 2.15275e-06
eec: 225.481
weight: 0.000139228
eec: 367.47
weight: 1.24928e-06
eec: 258.415

ROOT exit code = 0
