gSystem->Load("run_condor_job_Run3_C.so");
run_condor_job_Run3(875, 100, 2,
                    80, 200,
                    1, 1, 1, 8);
.q

ENTERED run_condor_job_Run3()
JOBID = 875
  global job = 875  Job 75/100  events [4500000, 4560000)  total=6000000
Processing events [4500000, 4560000) of 6000000
Processing: 75 %weight: 4.13445e-05
eec: 484.166
weight: 3.25985e-05
eec: 412.587
weight: 2.73412e-05
eec: 136.925
weight: 7.14699e-08
eec: 186.738
weight: 6.06593e-05
eec: 634.637
weight: 5.09127e-06
eec: 528.691
weight: 5.09127e-06
eec: 67.5528
weight: 1.16918e-05
eec: 837.614
weight: 2.8976e-05
eec: 254.726
weight: 2.09642e-05
eec: 876.255
weight: 0.000271876
eec: 117.154
weight: 7.23798e-05
eec: 93.0254
weight: 1.05139e-05
eec: 248.962
weight: 5.7371e-05
eec: 211.965
weight: 5.43867e-06
eec: 584.467
weight: 9.69622e-05
eec: 9.17611
weight: 0.000265897
eec: 101.231
weight: 2.00925e-05
eec: 212.712
weight: 4.61234e-05
eec: 70.93
weight: 3.99931e-06
eec: 208.455
weight: 0.000157889
eec: 306.274
weight: 4.33461e-05
eec: 122.655
weight: 7.33576e-06
eec: 16.5621
weight: 0.000214203
eec: 74.664
weight: 1.08764e-05
eec: 158.171
weight: 7.39368e-06
eec: 487.135
weight: 8.17406e-06
eec: 4490.68
weight: 9.67368e-06
eec: 904.811
weight: 3.32261e-05
eec: 607.319
weight: 2.38167e-05
eec: 101.51
weight: 2.13087e-05
eec: 626.751
weight: 3.51234e-06
eec: 1395.13
weight: 8.12324e-05
eec: 110.169
weight: 1.92747e-05
eec: 1784.41
weight: 5.17004e-06
eec: 162.834
weight: 0.000174116
eec: 41.4303
weight: 8.68318e-07
eec: 130.871
weight: 2.06848e-05
eec: 313.097
weight: 3.64888e-05
eec: 75.7536
weight: 0.000251001
eec: 455.562
weight: 3.07345e-05
eec: 795.891
weight: 1.72104e-05
eec: 1369.77
weight: 3.46857e-06
eec: 90.436
weight: 6.85228e-06
eec: 824.481
weight: 9.16791e-05
eec: 317.897
weight: 1.4381e-05
eec: 1053.15
weight: 0.000214991
eec: 309.596
weight: 3.66288e-05
eec: 104.084
weight: 1.82919e-05
eec: 765.358
weight: 6.13651e-05
eec: 66.7986
weight: 2.21792e-05
eec: 896.627
weight: 0.00344475
eec: 249.624
weight: 0.000177198
eec: 1997.5
weight: 3.28181e-05
eec: 368.097
weight: 9.25958e-06
eec: 1675.77
weight: 9.25958e-06
eec: 3497.73
weight: 2.26711e-05
eec: 1352.95
weight: 5.5458e-06
eec: 171.19
weight: 1.86244e-06
eec: 16.0249
weight: 0.000117888
eec: 208.789
weight: 3.9107e-06
eec: 1668.19
weight: 6.46404e-05
eec: 416.513
weight: 3.79676e-05
eec: 697.551
weight: 9.07524e-06
eec: 152.089
weight: 0.000221492
eec: 29.5239
weight: 7.9288e-06
eec: 605.003
weight: 0.000356045
eec: 70.9864
weight: 2.63562e-06
eec: 1704.92
weight: 2.28771e-05
eec: 466.618
weight: 1.24604e-05
eec: 1042.9
weight: 6.03038e-05
eec: 203.416
weight: 0.0005511
eec: 240.106
weight: 1.05111e-06
eec: 1276.48
weight: 3.52535e-05
eec: 192.356
weight: 0.00025952
eec: 698.799
weight: 5.99245e-06
eec: 864.323
weight: 3.68466e-06
eec: 1834.41
weight: 2.25855e-05
eec: 185.134
weight: 1.18973e-05
eec: 402.751
weight: 4.75667e-06
eec: 596.795
weight: 0.000196775
eec: 609.1
weight: 2.28932e-05
eec: 1340.29
weight: 1.16875e-06
eec: 518.934
weight: 5.27341e-06
eec: 205.738
weight: 0.000265689
eec: 72.0262
weight: 4.60536e-05
eec: 532.568
weight: 3.79961e-06
eec: 1275.68
weight: 2.52611e-05
eec: 109.429
weight: 9.58017e-05
eec: 660.266
weight: 1.32095e-05
eec: 262.753
weight: 0.000120175
eec: 705.896
weight: 1.98124e-05
eec: 60.0625
weight: 6.63049e-05
eec: 5.89486
weight: 2.134e-05
eec: 1572.48
weight: 2.1865e-05
eec: 294.689
weight: 0.000189221
eec: 51.9136
weight: 2.96632e-05
eec: 878.817
weight: 2.32183e-05
eec: 1418.86
weight: 0.000247468
eec: 363.592
weight: 0.000318466
eec: 516.081
weight: 5.79561e-05
eec: 302.194
weight: 6.02978e-05
eec: 98.0322
weight: 2.61855e-05
eec: 1319.61
weight: 3.06365e-05
eec: 2882.39
weight: 2.92484e-05
eec: 267.845
weight: 6.65974e-07
eec: 687.052
weight: 1.96329e-06
eec: 1426.26
weight: 9.2718e-05
eec: 671.33
weight: 0.000189391
eec: 687.686
weight: 6.40754e-06
eec: 576.479
weight: 7.58367e-07
eec: 399.653
weight: 0.000159027
eec: 106.294
weight: 0.00040005
eec: 529.074
weight: 0.00019232
eec: 353.264
weight: 1.07635e-05
eec: 324.95
weight: 5.58531e-05
eec: 441.107
weight: 1.1225e-05
eec: 453.748
weight: 1.66782e-06
eec: 584.723
weight: 3.71903e-05
eec: 254.101
weight: 2.17678e-05
eec: 3761.8
weight: 1.90299e-05
eec: 3110.69
weight: 0.000307631
eec: 624.748
weight: 0.000124812
eec: 405.078
weight: 2.54692e-05
eec: 1183.31
weight: 2.16886e-05
eec: 989.778
weight: 1.85323e-06
eec: 527.771
weight: 4.06786e-05
eec: 377.457
weight: 3.94146e-07
eec: 822.457
weight: 3.69071e-05
eec: 892.674
weight: 1.07274e-05
eec: 73.9233
weight: 2.53747e-05
eec: 234.517
weight: 3.20209e-06
eec: 232.975
weight: 7.43109e-06
eec: 119.347
weight: 1.65372e-05
eec: 1146.8
weight: 0.000158922
eec: 300.457
weight: 0.000153512
eec: 203.324
weight: 1.14202e-06
eec: 1356.14
weight: 4.23873e-07
eec: 312.715
weight: 1.09571e-05
eec: 2392.28
weight: 2.50916e-05
eec: 55.6678
weight: 0.000155207
eec: 801.422
weight: 2.32451e-05
eec: 1440.74
weight: 6.25471e-06
eec: 992.524
weight: 2.42906e-05
eec: 755.679
weight: 1.23892e-05
eec: 1354.14
weight: 2.25863e-05
eec: 266.294
weight: 7.00393e-07
eec: 148.201
weight: 3.52571e-06
eec: 1741.33
weight: 1.98617e-05
eec: 52.8946
weight: 4.97558e-05
eec: 650.516
weight: 1.6501e-05
eec: 2806.8
weight: 0.000239903
eec: 333.041
weight: 3.2941e-05
eec: 174.54
weight: 6.03459e-05
eec: 249.101
weight: 4.34388e-06
eec: 166.267
weight: 3.11813e-05
eec: 86.893
weight: 1.19901e-05
eec: 182.361
weight: 4.66492e-05
eec: 150.979
weight: 2.18833e-05
eec: 761.996
weight: 0.000871194
eec: 58.7041
weight: 2.25359e-06
eec: 798.467
weight: 4.36104e-05
eec: 65.3326
weight: 0.00037407
eec: 91.4663
weight: 0.00045232
eec: 786.644
weight: 2.60389e-05
eec: 209.896
weight: 0.00015276
eec: 161.977
weight: 3.11922e-05
eec: 178.827
weight: 4.52366e-06
eec: 200.107
weight: 0.000170058
eec: 712.015
weight: 4.20122e-06
eec: 55.2206
weight: 8.03026e-06
eec: 859.466
weight: 8.18608e-05
eec: 658.987
weight: 1.03264e-05
eec: 1256.36
weight: 8.33405e-05
eec: 924.076
weight: 1.69223e-05
eec: 67.4667
weight: 6.26576e-06
eec: 604.004
weight: 5.66962e-07
eec: 127.621
weight: 1.30659e-06
eec: 541.789
weight: 2.30425e-05
eec: 1432.73
weight: 8.83293e-06
eec: 913.079
weight: 6.91006e-05
eec: 1470.8
weight: 0.000167535
eec: 324.679
weight: 1.40163e-06
eec: 154.434
weight: 4.81478e-06
eec: 550.225
weight: 4.93621e-05
eec: 117.781
weight: 1.14367e-05
eec: 206.344
weight: 1.10509e-05
eec: 272.017
weight: 2.50972e-05
eec: 1358.84
weight: 0.000388696
eec: 21.4452
weight: 2.85004e-05
eec: 127.261
weight: 1.67149e-06
eec: 394.276
weight: 2.38481e-05
eec: 22.0754
weight: 5.51742e-05
eec: 310.315
weight: 3.61056e-06
eec: 11.0343
weight: 4.1382e-05
eec: 102.704
Processing: 75.8333 %weight: 1.17697e-05
eec: 397.633
weight: 7.60202e-07
eec: 172.297
weight: 5.17365e-05
eec: 265.208
weight: 5.78457e-05
eec: 1544.68
weight: 0.000139784
eec: 217.204
weight: 1.24651e-05
eec: 160.774
weight: 2.98243e-06
eec: 52.493
weight: 0.000178821
eec: 368.336
weight: 7.92115e-05
eec: 1074.15
weight: 1.62601e-06
eec: 784.896
weight: 0.000547964
eec: 770.137
weight: 4.50505e-05
eec: 1188.35
weight: 0.000174013
eec: 38.6294
weight: 3.62185e-05
eec: 499.49
weight: 1.48031e-05
eec: 772.437
weight: 0.000135845
eec: 263.564
weight: 0.000177186
eec: 445.986
weight: 2.6131e-06
eec: 1447.84
weight: 5.77725e-05
eec: 577.809
weight: 0.000218731
eec: 221.479
weight: 0.000113463
eec: 255.269
weight: 2.66788e-05
eec: 919.749
weight: 1.80849e-06
eec: 2207.23
weight: 2.64213e-05
eec: 123.961
weight: 7.57472e-05
eec: 720.835
weight: 0.000882893
eec: 504.335
weight: 1.73965e-05
eec: 2186.17
weight: 7.32192e-06
eec: 936.316
weight: 2.46405e-06
eec: 1370.72
weight: 2.40505e-05
eec: 618.756
weight: 2.67653e-07
eec: 1699.58
weight: 2.67653e-07
eec: 517.495
weight: 8.28502e-05
eec: 763.833
weight: 1.46454e-05
eec: 1037.37
weight: 0.000218002
eec: 998.323
weight: 0.000218002
eec: 346.437
weight: 1.82276e-06
eec: 826.586
weight: 0.000293355
eec: 48.8729
weight: 9.18243e-07
eec: 85.9695
weight: 8.37199e-05
eec: 40.6262
weight: 6.03911e-08
eec: 2270.98
weight: 1.55138e-05
eec: 125.189
weight: 3.46306e-05
eec: 127.612
weight: 0.000109031
eec: 995.404
weight: 0.000637995
eec: 99.1332
weight: 6.49214e-06
eec: 729.574
weight: 0.000207828
eec: 682.756
weight: 6.0085e-05
eec: 369.677
weight: 0.000267904
eec: 422.556
weight: 0.000287009
eec: 112.444

ROOT exit code = 0
