gSystem->Load("run_condor_job_Run3_C.so");
run_condor_job_Run3(724, 100, 2,
                    80, 200,
                    1, 1, 1, 7);
.q

ENTERED run_condor_job_Run3()
JOBID = 724
  global job = 724  Job 24/100  events [1366560, 1423500)  total=5694000
Processing events [1366560, 1423500) of 5694000
weight: 3.42006e-06
eec: 1744.4
weight: 1.41129e-05
eec: 2705.56
weight: 3.98774e-05
eec: 1523.63
weight: 3.00344e-07
eec: 238.284
weight: 8.65437e-07
eec: 592.491
weight: 5.53561e-06
eec: 1054.67
weight: 4.00474e-06
eec: 358.278
weight: 1.5885e-05
eec: 122.065
weight: 1.37149e-06
eec: 1228.9
weight: 9.03915e-05
eec: 416.696
weight: 8.10541e-07
eec: 607.688
weight: 5.71214e-05
eec: 20.858
weight: 7.32686e-05
eec: 670.097
weight: 2.26404e-05
eec: 644.57
weight: 2.8368e-06
eec: 358.599
weight: 1.43514e-05
eec: 727.923
weight: 6.99813e-06
eec: 2038.45
weight: 4.02089e-05
eec: 467.901
weight: 0.000330706
eec: 76.3556
weight: 0.000126352
eec: 1808.84
weight: 4.4103e-08
eec: 360.89
weight: 0.000102196
eec: 3185.51
weight: 3.00718e-05
eec: 217.278
weight: 3.78047e-05
eec: 1482.23
weight: 3.61258e-05
eec: 113.391
weight: 0.000594478
eec: 574.262
weight: 0.000185588
eec: 338.965
weight: 1.27883e-05
eec: 1654.89
weight: 1.87576e-05
eec: 126.796
weight: 1.95287e-06
eec: 189.154
weight: 0.000147988
eec: 3.14676
weight: 0.000159863
eec: 158.405
weight: 2.60453e-05
eec: 78.2387
weight: 5.90873e-06
eec: 1110.05
weight: 2.49134e-06
eec: 27.9923
weight: 0.000405552
eec: 75.9781
weight: 9.80839e-06
eec: 72.1792
weight: 7.72612e-05
eec: 254.005
weight: 7.80352e-05
eec: 384.211
weight: 6.61326e-06
eec: 454.571
weight: 0.000184895
eec: 614.985
weight: 1.91831e-05
eec: 263.947
weight: 9.67402e-06
eec: 894.684
weight: 0.00014719
eec: 37.2055
weight: 2.84711e-05
eec: 64.4548
weight: 9.85444e-05
eec: 46.6559
weight: 0.000306609
eec: 597.147
weight: 5.04341e-05
eec: 630.068
weight: 0.000439718
eec: 377.179
weight: 1.15306e-05
eec: 240.671
weight: 4.57676e-05
eec: 2947.29
weight: 1.94479e-05
eec: 105.919
weight: 7.57975e-05
eec: 82.1467
weight: 8.52306e-06
eec: 2026.45
weight: 2.35934e-05
eec: 71.535
weight: 8.81434e-07
eec: 150.404
weight: 8.66311e-05
eec: 85.8296
weight: 1.03682e-06
eec: 304.875
weight: 6.24109e-05
eec: 140.329
weight: 2.97105e-05
eec: 165.144
weight: 1.69433e-05
eec: 89.2682
weight: 3.16297e-08
eec: 61.3667
weight: 0.000207505
eec: 89.3619
weight: 3.35083e-05
eec: 490.931
weight: 1.56335e-05
eec: 1464.59
weight: 0.000296491
eec: 201.525
weight: 6.26915e-06
eec: 574.546
weight: 5.39184e-05
eec: 637.587
weight: 0.000116513
eec: 142.166
weight: 4.16203e-05
eec: 141.488
weight: 9.94037e-05
eec: 164.64
weight: 7.02867e-05
eec: 171.033
weight: 0.000112841
eec: 547.708
weight: 9.71576e-06
eec: 404.186
weight: 6.94201e-06
eec: 271.479
weight: 3.33753e-06
eec: 120.574
weight: 9.90083e-06
eec: 1667.61
weight: 2.25701e-07
eec: 382
weight: 4.2264e-06
eec: 1760.09
weight: 1.91838e-05
eec: 567.986
weight: 7.06314e-05
eec: 556.857
weight: 7.40486e-05
eec: 89.0999
weight: 0.000174423
eec: 236.902
weight: 0.000182242
eec: 50.58
weight: 3.43439e-05
eec: 3115.78
weight: 7.75696e-06
eec: 792.325
weight: 1.18723e-05
eec: 181.44
weight: 0.000105893
eec: 59.8382
weight: 1.74961e-07
eec: 280.037
weight: 0.000189969
eec: 144.404
weight: 2.16663e-05
eec: 1170.33
weight: 3.40758e-08
eec: 1364.28
weight: 5.68111e-06
eec: 932.232
weight: 2.08234e-05
eec: 77.7436
weight: 3.45553e-06
eec: 80.818
weight: 0.000183215
eec: 357.94
weight: 3.80254e-06
eec: 205.459
weight: 1.37405e-05
eec: 1349.19
weight: 8.40598e-05
eec: 296.236
weight: 6.70914e-05
eec: 388.379
weight: 7.4861e-05
eec: 90.2222
weight: 1.39093e-06
eec: 1649.2
weight: 0.000222267
eec: 332.994
weight: 7.05445e-06
eec: 109.669
weight: 1.23911e-05
eec: 716.093
weight: 1.34935e-06
eec: 1607.25
weight: 2.68414e-05
eec: 641.958
weight: 1.18992e-05
eec: 711.099
weight: 9.20164e-07
eec: 132.958
weight: 6.57416e-06
eec: 196.379
weight: 5.47328e-05
eec: 39.9605
weight: 9.01473e-07
eec: 199.307
weight: 6.55459e-05
eec: 435.671
weight: 7.56665e-06
eec: 363.467
weight: 0.000136262
eec: 17.971
weight: 2.80816e-05
eec: 2239.93
weight: 2.86386e-05
eec: 729.861
weight: 2.31264e-05
eec: 386.211
weight: 6.47755e-06
eec: 496.371
weight: 4.36403e-05
eec: 976.677
weight: 1.89443e-05
eec: 199.593
weight: 3.9935e-06
eec: 499.751
weight: 1.2022e-05
eec: 2621.34
weight: 2.51409e-05
eec: 639.828
weight: 1.40329e-05
eec: 349.476
weight: 1.4894e-05
eec: 61.6844
weight: 3.2849e-05
eec: 1580.71
weight: 3.96162e-05
eec: 444.309
weight: 6.8799e-05
eec: 727.663
Processing: 24.5873 %weight: 0.00031601
eec: 339.254
weight: 1.41489e-08
eec: 183.251
weight: 1.58134e-05
eec: 109.981
weight: 1.13159e-05
eec: 522.499
weight: 2.5254e-05
eec: 339.054
weight: 1.4419e-06
eec: 409.409
weight: 4.2049e-05
eec: 429.111
weight: 9.75675e-05
eec: 854.452
weight: 0.000125184
eec: 339.916
weight: 1.50622e-05
eec: 233.319
weight: 3.2777e-05
eec: 419.746
weight: 0.000248076
eec: 424.325
weight: 1.41776e-07
eec: 574.629
weight: 3.23941e-05
eec: 300.437
weight: 2.53231e-05
eec: 94.2714
weight: 3.19658e-06
eec: 267.599
weight: 1.02294e-05
eec: 1084.6
weight: 5.34936e-05
eec: 998.262
weight: 2.71841e-05
eec: 953.854
weight: 1.58779e-05
eec: 124.035
weight: 1.80999e-06
eec: 91.9469
weight: 8.92234e-06
eec: 212.834
weight: 7.65291e-06
eec: 401.865
weight: 0.000126907
eec: 498.959
weight: 0.000769223
eec: 1304.46
weight: 0.000289375
eec: 612.648
weight: 1.38792e-05
eec: 506.195
weight: 1.33411e-05
eec: 972.333
weight: 9.03622e-06
eec: 1296.77
weight: 7.52728e-06
eec: 645.575
weight: 1.103e-05
eec: 223.87
weight: 9.25554e-06
eec: 48.3469
weight: 0.000112816
eec: 174.655
weight: 6.42208e-06
eec: 620.039
weight: 0.000160613
eec: 604.332
weight: 3.98915e-05
eec: 919.825
weight: 1.10631e-05
eec: 86.1077
weight: 1.08412e-05
eec: 1125.07
weight: 4.46912e-06
eec: 363.372
weight: 5.10739e-05
eec: 70.0052
weight: 7.6921e-06
eec: 155.805
weight: 0.000309629
eec: 295.913
weight: 3.84041e-05
eec: 695.829
weight: 3.65268e-05
eec: 812.977
weight: 2.09514e-07
eec: 765.994
weight: 3.14447e-05
eec: 692.406
weight: 0.000139197
eec: 434.256
weight: 0.000313485
eec: 576.35
weight: 0.000349809
eec: 319.322
weight: 6.33551e-06
eec: 190.962
weight: 4.77625e-05
eec: 552.172
weight: 5.67069e-05
eec: 544.678
weight: 4.44413e-05
eec: 262.554
weight: 9.6929e-05
eec: 115.12
weight: 0.000189106
eec: 106.327
weight: 2.21959e-05
eec: 362.641
weight: 2.13234e-05
eec: 1517.02
weight: 8.98194e-06
eec: 3932.7
weight: 0.000129669
eec: 420.547
weight: 3.16661e-05
eec: 87.1999
weight: 6.1897e-05
eec: 249.172
weight: 3.81461e-07
eec: 50.131
weight: 0.000140844
eec: 58.1892
weight: 1.35005e-05
eec: 58.7488
weight: 3.78698e-05
eec: 781.686
weight: 2.65739e-05
eec: 1007.34
weight: 7.59027e-06
eec: 164.741
weight: 1.57649e-05
eec: 188.113
weight: 1.85342e-05
eec: 62.2793
weight: 1.39191e-05
eec: 2376.89
weight: 3.20925e-06
eec: 570.404
weight: 1.25506e-05
eec: 544.684
weight: 2.6655e-05
eec: 381.631
weight: 0.000219907
eec: 894.471
weight: 4.63043e-05
eec: 500.594
weight: 3.50692e-07
eec: 456.919
weight: 1.87766e-05
eec: 170.709
weight: 1.69348e-05
eec: 724.437
weight: 0.000133107
eec: 115.617
weight: 1.01428e-05
eec: 326.176
weight: 2.07823e-05
eec: 749.091
weight: 9.41606e-07
eec: 907.075
weight: 1.99965e-05
eec: 225.394
weight: 3.59129e-05
eec: 1567.6
weight: 9.72274e-05
eec: 131.236
weight: 0.000120977
eec: 245.989
weight: 1.82198e-05
eec: 1088.81
weight: 1.29404e-05
eec: 851.569
weight: 9.75177e-07
eec: 706.424
weight: 3.62291e-06
eec: 22.1492
weight: 0.00022739
eec: 255.802
weight: 0.000191979
eec: 577.236
weight: 2.02328e-05
eec: 447.548
weight: 6.41745e-05
eec: 91.6345
weight: 8.75652e-07
eec: 78.4551
weight: 1.09722e-05
eec: 305.551
weight: 7.47884e-05
eec: 1513.89
weight: 1.4507e-05
eec: 665.513
weight: 4.75285e-05
eec: 217.547
weight: 0.000148932
eec: 1248.07
weight: 1.76852e-05
eec: 604.228
weight: 8.2879e-06
eec: 28.228
weight: 1.09028e-05
eec: 422.142
weight: 0.000176497
eec: 358.12
weight: 0.000750469
eec: 71.5502
weight: 4.3211e-05
eec: 1177.22

ROOT exit code = 0
