gSystem->Load("run_condor_job_Run3_C.so");
run_condor_job_Run3(760, 100, 2,
                    80, 200,
                    1, 1, 1, 7);
.q

ENTERED run_condor_job_Run3()
JOBID = 760
  global job = 760  Job 60/100  events [3416400, 3473340)  total=5694000
Processing events [3416400, 3473340) of 5694000
weight: 2.71271e-06
eec: 327.851
weight: 9.04835e-05
eec: 421.356
weight: 4.35732e-05
eec: 1843.12
weight: 1.57702e-06
eec: 81.7992
weight: 1.10603e-05
eec: 440.471
weight: 2.22369e-05
eec: 1486.65
weight: 0.000103208
eec: 595.754
weight: 6.71153e-07
eec: 302.864
weight: 0.000265366
eec: 20.6534
weight: 1.25999e-06
eec: 397.798
weight: 9.17542e-05
eec: 109.666
weight: 8.70194e-05
eec: 861.902
weight: 2.95307e-05
eec: 1024.57
weight: 0.000459257
eec: 388.52
weight: 3.7959e-06
eec: 618.201
weight: 3.22396e-05
eec: 280.759
weight: 9.44623e-06
eec: 455.251
weight: 2.03276e-05
eec: 994.368
weight: 1.05634e-05
eec: 387.182
weight: 2.19169e-06
eec: 1002.21
weight: 7.9469e-05
eec: 52.9334
weight: 4.07759e-06
eec: 33.3679
weight: 5.21913e-06
eec: 513.093
weight: 5.9146e-05
eec: 781.818
weight: 3.16275e-06
eec: 340.907
weight: 1.88735e-05
eec: 322.408
weight: 5.62699e-06
eec: 1559.01
weight: 7.88108e-06
eec: 954.969
weight: 1.94723e-05
eec: 817.194
weight: 2.98462e-05
eec: 401.262
weight: 5.17274e-06
eec: 700.538
weight: 3.36847e-05
eec: 254.745
weight: 1.10808e-05
eec: 738.491
weight: 2.89285e-06
eec: 396.497
weight: 2.02275e-05
eec: 1112.67
weight: 0.000126351
eec: 911.514
weight: 9.26192e-05
eec: 633.717
weight: 1.09167e-05
eec: 215.625
weight: 3.73003e-07
eec: 680.622
weight: 2.48234e-07
eec: 3410.16
weight: 8.0453e-06
eec: 1829.33
weight: 1.02087e-05
eec: 236.947
weight: 0.000268082
eec: 423.32
weight: 3.76221e-06
eec: 535.873
weight: 4.02268e-05
eec: 78.4902
weight: 6.19263e-05
eec: 948.934
weight: 1.77693e-05
eec: 204.75
weight: 8.84585e-07
eec: 1043.18
weight: 1.08622e-05
eec: 143.805
weight: 3.07106e-05
eec: 265.712
weight: 0.000805931
eec: 83.7474
weight: 2.68974e-05
eec: 139.679
weight: 7.01937e-06
eec: 168.467
weight: 4.24731e-06
eec: 1837.99
weight: 0.000483272
eec: 323.404
weight: 1.60779e-05
eec: 53.9836
weight: 1.29732e-05
eec: 199.152
weight: 7.25471e-05
eec: 248.378
weight: 8.37297e-06
eec: 470.565
weight: 2.94268e-06
eec: 132.826
weight: 6.26514e-06
eec: 174.74
weight: 3.43124e-05
eec: 444.933
weight: 0.000201572
eec: 384.658
weight: 3.01372e-05
eec: 86.7672
weight: 6.56508e-07
eec: 88.9652
weight: 3.24417e-05
eec: 332.888
weight: 6.27003e-06
eec: 1164.65
weight: 0.00014762
eec: 274.626
weight: 1.52801e-05
eec: 1675.03
weight: 6.79383e-06
eec: 3578.93
weight: 2.21899e-05
eec: 696.078
weight: 2.41078e-06
eec: 1154.15
weight: 0.000143618
eec: 33.7663
weight: 1.26262e-05
eec: 952.373
weight: 6.1943e-06
eec: 160.988
weight: 7.27039e-05
eec: 442.25
weight: 2.56261e-06
eec: 1753.02
weight: 9.38935e-06
eec: 115.289
weight: 1.47558e-05
eec: 435.287
weight: 3.48743e-09
eec: 778.357
weight: 6.77504e-06
eec: 419.886
weight: 2.68523e-05
eec: 30.4894
weight: 1.204e-06
eec: 148.31
weight: 4.29722e-06
eec: 1891.65
weight: 1.08985e-05
eec: 171.639
weight: 5.40205e-07
eec: 2467.97
weight: 3.18888e-08
eec: 291.252
weight: 8.63405e-05
eec: 344.061
weight: 3.23331e-06
eec: 685.219
weight: 8.78216e-05
eec: 31.6429
weight: 3.46802e-05
eec: 19.4395
weight: 1.45749e-05
eec: 79.3142
weight: 9.55471e-06
eec: 96.0875
weight: 0.00243605
eec: 329.158
weight: 3.41895e-05
eec: 158.69
weight: 0.000165272
eec: 818.178
weight: 3.63235e-05
eec: 37.9908
weight: 0.000418861
eec: 103.786
weight: 2.03257e-05
eec: 592.922
weight: 4.33453e-05
eec: 127.641
weight: 2.70095e-05
eec: 1060.93
weight: 0.00012021
eec: 87.9692
weight: 1.71032e-05
eec: 657.286
weight: 1.30334e-05
eec: 10.3952
weight: 3.20784e-06
eec: 484.078
weight: 1.34167e-05
eec: 791.217
weight: 3.28665e-05
eec: 41.771
weight: 3.47975e-06
eec: 334.285
weight: 1.6076e-05
eec: 449.659
weight: 3.62332e-06
eec: 178.832
weight: 5.01161e-06
eec: 819.471
weight: 0.000903653
eec: 558.128
weight: 7.31827e-05
eec: 116.589
weight: 2.82551e-05
eec: 108.7
weight: 3.10801e-08
eec: 134.031
weight: 5.57418e-05
eec: 540.62
weight: 0.000257424
eec: 55.1949
weight: 2.86994e-05
eec: 456.214
weight: 1.14803e-05
eec: 101.798
weight: 2.60204e-06
eec: 999.692
weight: 0.000171354
eec: 81.7823
weight: 8.17118e-06
eec: 355.896
weight: 1.01939e-05
eec: 176.459
weight: 6.90101e-05
eec: 751.988
weight: 1.66737e-05
eec: 319.887
weight: 0.000358111
eec: 213.271
weight: 6.65965e-06
eec: 1622.54
weight: 9.56562e-06
eec: 961.147
weight: 6.77876e-06
eec: 71.7306
weight: 0.000151519
eec: 274.779
weight: 1.38122e-05
eec: 689.06
weight: 4.07718e-05
eec: 413.891
weight: 9.57751e-05
eec: 187.45
weight: 3.83544e-06
eec: 741.89
weight: 0.000412024
eec: 100.252
weight: 2.19782e-05
eec: 1679.15
weight: 1.72318e-06
eec: 141.139
weight: 3.42585e-05
eec: 245.664
weight: 0.000136481
eec: 87.7915
weight: 1.4355e-05
eec: 1178.21
weight: 0.000261917
eec: 284.315
weight: 8.31672e-05
eec: 73.861
weight: 5.65758e-05
eec: 176.248
weight: 1.06927e-07
eec: 348.743
weight: 8.63835e-06
eec: 2796.09
weight: 1.7834e-05
eec: 237.989
weight: 5.23046e-05
eec: 229.161
weight: 2.07525e-05
eec: 19.8998
weight: 3.74406e-08
eec: 13.5672
weight: 1.65425e-05
eec: 369.671
weight: 6.3123e-05
eec: 638.361
weight: 6.53401e-06
eec: 1311.76
weight: 1.71473e-06
eec: 801.237
Processing: 60.5901 %weight: 2.71384e-05
eec: 268.967
weight: 4.98428e-05
eec: 539.538
weight: 1.65041e-05
eec: 1385.82
weight: 0.000336905
eec: 105.589
weight: 3.41195e-07
eec: 1847.98
weight: 1.40507e-05
eec: 1614.81
weight: 6.74397e-06
eec: 207.767
weight: 5.02842e-06
eec: 14.5235
weight: 2.67511e-05
eec: 108.315
weight: 1.61138e-06
eec: 38.4789
weight: 5.00299e-06
eec: 2161.06
weight: 4.09783e-06
eec: 316.429
weight: 6.74046e-07
eec: 287.304
weight: 0.0004804
eec: 482.803
weight: 3.94827e-06
eec: 1113.24
weight: 9.49981e-06
eec: 568.154
weight: 5.38095e-05
eec: 664.601
weight: 1.41746e-05
eec: 1067.63
weight: 3.82674e-05
eec: 40.3754
weight: 7.34507e-06
eec: 347.051
weight: 8.46383e-05
eec: 193.706
weight: 9.79517e-05
eec: 145.202
weight: 2.05914e-06
eec: 87.3696
weight: 2.77774e-07
eec: 98.1028
weight: 1.10285e-07
eec: 730.122
weight: 0.000101561
eec: 766.516
weight: 3.40942e-07
eec: 386.296
weight: 0.000199431
eec: 91.2769
weight: 9.58539e-07
eec: 518.346
weight: 6.24207e-06
eec: 187.046
weight: 0.000360531
eec: 170.075
weight: 0.000120463
eec: 23.1881
weight: 5.85015e-05
eec: 1137.92
weight: 1.92939e-06
eec: 665.619
weight: 6.64031e-05
eec: 624.237
weight: 6.37187e-07
eec: 162.189
weight: 9.97945e-06
eec: 805.779
weight: 0.000186433
eec: 207.996
weight: 3.06847e-05
eec: 845.438
weight: 0.000160344
eec: 936.119
weight: 8.27343e-05
eec: 265.534
weight: 1.39829e-05
eec: 495.361
weight: 6.34445e-06
eec: 1033.69
weight: 4.03315e-05
eec: 1358.08
weight: 1.11361e-05
eec: 63.0885
weight: 2.27612e-06
eec: 503.447
weight: 2.51504e-07
eec: 140.853
weight: 0.00335115
eec: 661.314
weight: 3.74968e-05
eec: 319.667
weight: 1.07359e-05
eec: 1052.77
weight: 1.86383e-05
eec: 457.325
weight: 2.34808e-05
eec: 760.441
weight: 4.93987e-07
eec: 1617.31
weight: 0.00024033
eec: 43.4898
weight: 1.7875e-05
eec: 68.6801
weight: 6.1203e-05
eec: 1228.66
weight: 6.1804e-05
eec: 157.144
weight: 1.15154e-05
eec: 2135.17
weight: 1.08007e-05
eec: 117.725
weight: 1.09818e-05
eec: 368.482
weight: 8.67807e-06
eec: 65.7284
weight: 4.25278e-05
eec: 278.459
weight: 0.000122082
eec: 845.182
weight: 0.000399006
eec: 206.09
weight: 0.000102746
eec: 285.231
weight: 4.42066e-05
eec: 1832.88
weight: 0.000140758
eec: 686.242
weight: 9.62493e-05
eec: 418.031
weight: 1.49191e-06
eec: 142.649
weight: 3.85532e-06
eec: 1810.64
weight: 1.25268e-05
eec: 607.031
weight: 0.000514137
eec: 1268.23
weight: 8.96302e-06
eec: 393.424
weight: 9.28724e-06
eec: 1477.62
weight: 0.000299764
eec: 218.861
weight: 6.46266e-06
eec: 385.846
weight: 1.99872e-05
eec: 89.3682
weight: 1.28901e-06
eec: 480.134
weight: 5.46481e-06
eec: 1777.08
weight: 0.000173445
eec: 858.279
weight: 0.00012235
eec: 342.08
weight: 7.45368e-05
eec: 63.1591
weight: 5.27469e-06
eec: 3859.58
weight: 6.79858e-05
eec: 546.924
weight: 3.24816e-05
eec: 10.052
weight: 1.5895e-05
eec: 474.876
weight: 2.40978e-05
eec: 327.984
weight: 2.70526e-05
eec: 913.566
weight: 0.000729374
eec: 174.618
weight: 0.000161309
eec: 942.615
weight: 6.62569e-05
eec: 192.065
weight: 4.91746e-05
eec: 1556.63
weight: 6.48704e-06
eec: 2516.3
weight: 2.6416e-05
eec: 23.2532
weight: 3.60429e-06
eec: 307.653
weight: 1.72163e-05
eec: 808.226
weight: 2.86775e-05
eec: 75.2495
weight: 1.22853e-06
eec: 35.6692
weight: 6.0633e-07
eec: 1116
weight: 7.33055e-06
eec: 380.129
weight: 8.8283e-05
eec: 180.672
weight: 0.00039236
eec: 104.528
weight: 0.000127813
eec: 617.2
weight: 5.97471e-06
eec: 172.171
weight: 5.3969e-06
eec: 186.076

ROOT exit code = 0
