gSystem->Load("run_condor_job_Run3_C.so");
run_condor_job_Run3(716, 100, 2,
                    80, 200,
                    1, 1, 1, 7);
.q

ENTERED run_condor_job_Run3()
JOBID = 716
  global job = 716  Job 16/100  events [911040, 967980)  total=5694000
Processing events [911040, 967980) of 5694000
weight: 2.66009e-07
eec: 932.989
weight: 1.46943e-05
eec: 777.329
weight: 3.04e-05
eec: 63.1725
weight: 1.56809e-06
eec: 2087.5
weight: 0.000117172
eec: 968.617
weight: 0.000359066
eec: 248.1
weight: 0.000130889
eec: 247.836
weight: 0.000130889
eec: 1489.7
weight: 1.75012e-05
eec: 1723.62
weight: 1.76599e-05
eec: 1028.23
weight: 8.33363e-07
eec: 291.379
weight: 2.62292e-05
eec: 2410.26
weight: 1.8102e-06
eec: 321.995
weight: 5.09977e-05
eec: 27.4523
weight: 7.76993e-06
eec: 2045.82
weight: 7.86791e-05
eec: 173.485
weight: 3.0198e-05
eec: 217.182
weight: 0.000762658
eec: 433.769
weight: 1.03655e-05
eec: 101.685
weight: 0.000224885
eec: 183.861
weight: 2.551e-05
eec: 282.56
weight: 7.43887e-05
eec: 753.162
weight: 0.000142681
eec: 470.249
weight: 0.00010949
eec: 80.0294
weight: 2.69899e-05
eec: 245.605
weight: 0.000119624
eec: 697.44
weight: 0.000466714
eec: 350.829
weight: 1.15316e-05
eec: 572.04
weight: 1.69526e-05
eec: 332.26
weight: 1.5602e-05
eec: 490.706
weight: 6.00511e-07
eec: 940.359
weight: 2.93281e-07
eec: 1386.87
weight: 7.50199e-06
eec: 455.686
weight: 0.000145753
eec: 124.879
weight: 0.000293302
eec: 345.466
weight: 8.96272e-07
eec: 443.818
weight: 1.45823e-05
eec: 451.043
weight: 0.00010408
eec: 193.985
weight: 5.65016e-06
eec: 4645.87
weight: 0.000305971
eec: 52.1361
weight: 2.47696e-05
eec: 1998.42
weight: 2.82012e-05
eec: 985.319
weight: 1.61446e-05
eec: 1070.87
weight: 4.40091e-07
eec: 1308.02
weight: 6.77533e-06
eec: 2456.92
weight: 2.23696e-05
eec: 382.183
weight: 1.08593e-05
eec: 500.402
weight: 9.49839e-06
eec: 741.863
weight: 4.09971e-07
eec: 1118.1
weight: 5.20378e-05
eec: 337.095
weight: 8.20009e-05
eec: 181.426
weight: 1.52812e-05
eec: 734.704
weight: 1.33309e-06
eec: 85.3905
weight: 5.11386e-05
eec: 612.832
weight: 0.000142858
eec: 317.192
weight: 4.86688e-06
eec: 5006.47
weight: 1.31968e-07
eec: 1483.57
weight: 4.1502e-05
eec: 399.466
weight: 1.33153e-05
eec: 103.1
weight: 1.33153e-05
eec: 274.519
weight: 0.00017074
eec: 218.179
weight: 0.000151521
eec: 211.307
weight: 0.000170342
eec: 334.093
weight: 0.000140067
eec: 417.175
weight: 2.63703e-05
eec: 556.121
weight: 1.73579e-05
eec: 165.45
weight: 2.77646e-06
eec: 352.399
weight: 4.90759e-05
eec: 318.284
weight: 5.77219e-07
eec: 37.2897
weight: 7.36974e-06
eec: 180.412
weight: 6.07666e-06
eec: 120.495
weight: 4.35374e-05
eec: 5.5722
weight: 4.91279e-05
eec: 873.261
weight: 1.04637e-05
eec: 1346.72
weight: 2.83229e-06
eec: 96.9085
weight: 4.6764e-06
eec: 126.789
weight: 3.70027e-06
eec: 543.331
weight: 2.28683e-05
eec: 156.023
weight: 0.000268116
eec: 548.818
weight: 1.29349e-05
eec: 171.791
weight: 1.0979e-05
eec: 872.758
weight: 5.65912e-05
eec: 898.675
weight: 3.92022e-05
eec: 93.755
weight: 1.16593e-05
eec: 494.136
weight: 2.70576e-05
eec: 1567.95
weight: 5.24135e-06
eec: 650.61
weight: 5.74803e-06
eec: 760.608
weight: 3.08212e-05
eec: 665.925
weight: 1.15197e-05
eec: 556.987
weight: 0.000212969
eec: 249.591
weight: 1.31842e-05
eec: 191.126
weight: 9.42393e-05
eec: 81.1847
weight: 0.000123418
eec: 836.594
weight: 0.000425406
eec: 285.201
weight: 7.02535e-05
eec: 207.54
weight: 8.28621e-06
eec: 1112.69
weight: 7.0884e-06
eec: 1515.5
weight: 9.03028e-05
eec: 205.527
weight: 0.000157659
eec: 67.7659
weight: 4.06035e-07
eec: 38.4017
weight: 2.33588e-05
eec: 1136.09
weight: 5.79178e-06
eec: 2416.02
weight: 2.11531e-06
eec: 1398.84
weight: 0.00015442
eec: 408.979
weight: 1.15952e-05
eec: 701.986
weight: 0.000144264
eec: 2081.32
weight: 5.58225e-05
eec: 389.532
weight: 0.000142475
eec: 163.967
weight: 2.9028e-05
eec: 587.827
weight: 0.000198154
eec: 249.987
weight: 2.18789e-05
eec: 1143
weight: 3.36174e-06
eec: 974.783
weight: 6.07909e-06
eec: 28.3091
weight: 3.34646e-05
eec: 83.4638
weight: 1.37115e-05
eec: 179.333
weight: 0.000323663
eec: 489.388
weight: 1.29872e-05
eec: 775.511
weight: 2.57389e-05
eec: 167.129
weight: 1.87992e-05
eec: 692.106
weight: 1.32064e-07
eec: 1840.53
weight: 2.08727e-06
eec: 189.207
weight: 2.40767e-06
eec: 409.979
weight: 0.000131937
eec: 86.2887
weight: 6.77489e-06
eec: 1565.66
weight: 2.19088e-07
eec: 117.742
weight: 0.000830039
eec: 148.878
weight: 3.13525e-05
eec: 1470.89
weight: 1.49948e-05
eec: 3335.61
weight: 4.19836e-07
eec: 60.0534
weight: 1.48102e-05
eec: 2532.74
weight: 1.81937e-06
eec: 1719.11
weight: 7.7097e-05
eec: 684.569
weight: 5.69342e-05
eec: 1627.06
weight: 1.18673e-06
eec: 245.939
weight: 5.33927e-06
eec: 1059.17
weight: 8.74208e-06
eec: 195.186
weight: 3.47354e-06
eec: 1071.38
weight: 1.72016e-05
eec: 199.797
weight: 0.000515138
eec: 63.588
weight: 9.12473e-06
eec: 1586.19
weight: 4.99045e-06
eec: 1164.23
weight: 6.8966e-05
eec: 142.315
weight: 5.42807e-05
eec: 101.653
weight: 6.79332e-06
eec: 190.976
weight: 4.86574e-05
eec: 243.617
weight: 0.000250079
eec: 355.043
weight: 1.07789e-05
eec: 1536.59
weight: 1.06483e-05
eec: 152.586
weight: 2.0973e-05
eec: 1434.4
weight: 0.000284386
eec: 341.757
weight: 1.76765e-06
eec: 287.44
weight: 9.42908e-06
eec: 134.479
weight: 2.09648e-05
eec: 97.3066
weight: 3.65845e-05
eec: 3115.17
weight: 3.21269e-05
eec: 1881.57
weight: 8.3591e-05
eec: 726.319
weight: 3.75423e-06
eec: 76.0807
weight: 0.000243693
eec: 239.993
weight: 7.48703e-06
eec: 293.189
weight: 5.53756e-05
eec: 220.115
weight: 2.50132e-05
eec: 781.445
weight: 1.28294e-05
eec: 354.413
weight: 5.93406e-05
eec: 396.718
weight: 9.80807e-05
eec: 75.0831
weight: 8.3428e-05
eec: 705.388
weight: 3.55582e-05
eec: 1126.29
weight: 0.000117731
eec: 450.495
weight: 1.55195e-06
eec: 544.177
weight: 8.29136e-05
eec: 280.547
weight: 6.70072e-08
eec: 2266.84
weight: 5.4043e-05
eec: 852.488
weight: 4.15991e-05
eec: 71.5968
weight: 5.88193e-05
eec: 30.3142
weight: 1.04157e-05
eec: 1868.15
weight: 7.19534e-07
eec: 378.01
weight: 6.39138e-06
eec: 796.185
weight: 1.77362e-05
eec: 1481.28
weight: 0.000101593
eec: 394.811
weight: 3.12351e-05
eec: 75.4679
weight: 5.29341e-05
eec: 298.172
Processing: 16.6842 %weight: 8.34237e-05
eec: 608.029
weight: 9.33394e-05
eec: 215.474
weight: 9.51137e-06
eec: 1489.93
weight: 1.07805e-05
eec: 1413.07
weight: 0.000145063
eec: 108.956
weight: 2.02841e-06
eec: 31.6149
weight: 1.20315e-07
eec: 958.369
weight: 1.90272e-05
eec: 619.511
weight: 1.1007e-05
eec: 132.245
weight: 2.76015e-07
eec: 228.315
weight: 0.00356053
eec: 658.819
weight: 2.85223e-06
eec: 511.45
weight: 5.5262e-06
eec: 854.521
weight: 4.37262e-06
eec: 1511.55
weight: 1.00742e-05
eec: 3191.94
weight: 3.24709e-05
eec: 1432.12
weight: 1.16506e-06
eec: 597.303
weight: 6.6984e-06
eec: 226.311
weight: 7.15294e-05
eec: 449.879
weight: 6.85304e-05
eec: 65.9952
weight: 7.1856e-05
eec: 114.812
weight: 6.34388e-05
eec: 282.997
weight: 2.15016e-05
eec: 576.168
weight: 3.41586e-06
eec: 38.5369
weight: 1.64344e-05
eec: 564.097
weight: 1.05829e-05
eec: 1183.18
weight: 4.77101e-05
eec: 249.487
weight: 1.796e-06
eec: 679.515
weight: 2.92269e-08
eec: 641.917
weight: 2.06344e-05
eec: 224.46
weight: 1.31691e-05
eec: 76.7041
weight: 4.36957e-05
eec: 145.855
weight: 2.11254e-05
eec: 140.864
weight: 1.84712e-05
eec: 501.825
weight: 5.1648e-06
eec: 74.087
weight: 3.02718e-07
eec: 638.38
weight: 2.64251e-05
eec: 2326.58
weight: 3.37076e-05
eec: 277.295
weight: 0.000278949
eec: 1666.68
weight: 0.000118445
eec: 159.552
weight: 2.29192e-06
eec: 584.794
weight: 6.09512e-05
eec: 257.629
weight: 2.59479e-05
eec: 826.862
weight: 2.19546e-05
eec: 125.434
weight: 6.85489e-05
eec: 113.702
weight: 2.42054e-06
eec: 813.566
weight: 2.8373e-06
eec: 585.844
weight: 7.93946e-06
eec: 82.337
weight: 2.22405e-05
eec: 102.334
weight: 4.15567e-05
eec: 367.536
weight: 3.90241e-05
eec: 64.8522
weight: 0.000220827
eec: 554.652
weight: 5.20563e-07
eec: 142.423
weight: 4.2878e-06
eec: 45.2618
weight: 6.4337e-05
eec: 88.3941
weight: 4.68613e-05
eec: 643.496
weight: 7.82076e-05
eec: 764.887
weight: 8.35404e-06
eec: 1042.43
weight: 3.13198e-07
eec: 1010.58
weight: 4.87601e-05
eec: 105.935

ROOT exit code = 0
