gSystem->Load("run_condor_job_Run3_C.so");
run_condor_job_Run3(520, 100, 2,
                    80, 200,
                    1, 1, 1, 5);
.q

ENTERED run_condor_job_Run3()
JOBID = 520
  global job = 520  Job 20/100  events [1200000, 1260000)  total=6000000
Processing events [1200000, 1260000) of 6000000
Processing: 20 %weight: 0.00128163
eec: 379.206
weight: 7.85122e-05
eec: 115.172
weight: 7.17592e-07
eec: 321.291
weight: 3.16891e-05
eec: 1430.32
weight: 5.44141e-06
eec: 161.393
weight: 4.29275e-06
eec: 272.943
weight: 2.86968e-05
eec: 1625.49
weight: 7.50376e-05
eec: 63.905
weight: 1.68608e-05
eec: 290.089
weight: 6.31609e-06
eec: 685.855
weight: 0.000117876
eec: 550.677
weight: 1.93309e-05
eec: 197.179
weight: 1.44821e-05
eec: 1964.29
weight: 0.000550169
eec: 304.62
weight: 8.9352e-05
eec: 53.6237
weight: 5.16813e-06
eec: 385.667
weight: 8.56299e-06
eec: 1252.02
weight: 4.27144e-06
eec: 14.7174
weight: 9.35422e-06
eec: 886.404
weight: 4.08753e-06
eec: 559.196
weight: 0.000137496
eec: 420.866
weight: 0.000427754
eec: 286.81
weight: 6.19201e-06
eec: 2875.68
weight: 0.000156264
eec: 1496.28
weight: 0.000326916
eec: 579.844
weight: 7.36643e-05
eec: 58.2743
weight: 0.000188375
eec: 590.13
weight: 9.54191e-06
eec: 25.8248
weight: 6.28538e-05
eec: 296.635
weight: 6.01945e-06
eec: 21.9347
weight: 5.87457e-06
eec: 164.527
weight: 2.24167e-05
eec: 1232.04
weight: 6.19284e-07
eec: 1637.94
weight: 0.000526591
eec: 98.0932
weight: 4.15255e-07
eec: 415.753
weight: 0.000131619
eec: 853.074
weight: 0.000666944
eec: 479.841
weight: 1.1223e-05
eec: 52.8533
weight: 8.85082e-06
eec: 511.387
weight: 7.47751e-06
eec: 448.496
weight: 0.000372414
eec: 1443.42
weight: 2.4941e-05
eec: 58.3504
weight: 1.17627e-05
eec: 189.842
weight: 5.73674e-06
eec: 200.026
weight: 0.000118097
eec: 138.056
weight: 4.92927e-06
eec: 881.538
weight: 5.19622e-07
eec: 125.742
weight: 4.83413e-06
eec: 1250.22
weight: 0.000164337
eec: 303.244
weight: 9.43888e-06
eec: 900.168
weight: 1.09668e-07
eec: 62.2727
weight: 2.1274e-05
eec: 187.751
weight: 0.000361303
eec: 413.273
weight: 5.65601e-09
eec: 658.258
weight: 2.95946e-06
eec: 1595.54
weight: 5.51977e-05
eec: 50.7403
weight: 5.4173e-07
eec: 605.357
weight: 4.95614e-05
eec: 531.331
weight: 7.93485e-06
eec: 1052.66
weight: 0.000127364
eec: 57.2135
weight: 1.92878e-05
eec: 842.855
weight: 1.44044e-06
eec: 506.918
weight: 8.12832e-06
eec: 530.395
weight: 2.46259e-05
eec: 172.279
weight: 1.58179e-05
eec: 1328.88
weight: 4.82472e-07
eec: 1469.95
weight: 1.06122e-06
eec: 1179.34
weight: 1.8717e-05
eec: 237.098
weight: 6.52674e-07
eec: 1485.59
weight: 0.000136183
eec: 934.483
weight: 0.000445854
eec: 374.097
weight: 0.000411017
eec: 408.447
weight: 1.92601e-05
eec: 534.017
weight: 0.000540348
eec: 229.207
weight: 2.31637e-05
eec: 510.686
weight: 0.00029187
eec: 896.849
weight: 5.06242e-05
eec: 661.594
weight: 6.2409e-05
eec: 182.498
weight: 1.53914e-05
eec: 374.367
weight: 2.49778e-06
eec: 3070.47
weight: 3.94217e-07
eec: 398.894
weight: 0.000293773
eec: 311.652
weight: 5.18222e-05
eec: 382.39
weight: 6.45668e-05
eec: 526.449
weight: 4.30812e-05
eec: 395.968
weight: 2.21334e-05
eec: 1929.59
weight: 2.47947e-05
eec: 640.51
weight: 4.44022e-05
eec: 583.649
weight: 2.70064e-05
eec: 1003.13
weight: 2.28703e-05
eec: 236.751
weight: 2.00544e-05
eec: 677.269
weight: 1.38826e-05
eec: 572.081
weight: 2.90786e-06
eec: 289.202
weight: 1.44273e-05
eec: 837.602
weight: 3.95402e-05
eec: 65.1133
weight: 3.85684e-05
eec: 135.779
weight: 1.37909e-05
eec: 1619.38
weight: 1.56205e-05
eec: 220.645
weight: 3.34452e-05
eec: 282.927
weight: 2.85607e-05
eec: 783.081
weight: 1.87436e-07
eec: 261.898
weight: 1.87436e-07
eec: 245.624
weight: 0.000196275
eec: 290.667
weight: 0.000547533
eec: 413.96
weight: 1.80804e-05
eec: 250.827
weight: 7.4945e-05
eec: 147.693
weight: 1.06585e-05
eec: 4500.07
weight: 0.000202836
eec: 74.844
weight: 1.18189e-05
eec: 1063.44
weight: 2.41942e-05
eec: 264.547
weight: 3.79669e-05
eec: 420.33
weight: 2.41935e-05
eec: 55.0693
weight: 9.31194e-06
eec: 1178.85
weight: 1.27636e-06
eec: 1443.71
weight: 4.04722e-06
eec: 487.893
weight: 1.11988e-05
eec: 401.442
weight: 1.31496e-05
eec: 551.322
weight: 3.79406e-06
eec: 339.381
weight: 1.03041e-05
eec: 77.5589
weight: 5.00484e-06
eec: 1316.37
weight: 3.21659e-05
eec: 1785.15
weight: 8.76945e-06
eec: 1928
weight: 7.33438e-06
eec: 769.332
weight: 7.37979e-05
eec: 74.5056
weight: 1.59627e-05
eec: 48.7335
weight: 2.75657e-06
eec: 89.9754
weight: 1.1049e-06
eec: 336.96
weight: 8.47518e-05
eec: 2154.24
weight: 4.83521e-05
eec: 753.996
weight: 1.24354e-05
eec: 1065.34
weight: 8.06077e-07
eec: 182.301
weight: 6.49668e-05
eec: 642.993
weight: 5.00994e-07
eec: 1713.41
weight: 6.64426e-06
eec: 641.306
weight: 2.10833e-08
eec: 191.667
weight: 2.98129e-05
eec: 642.874
weight: 5.36075e-07
eec: 1090.65
weight: 9.43996e-05
eec: 59.6658
weight: 0.000199264
eec: 175.074
weight: 2.43867e-05
eec: 1432.14
weight: 1.36448e-05
eec: 250.735
weight: 3.70629e-05
eec: 857.125
weight: 2.95142e-05
eec: 662.465
weight: 4.09801e-06
eec: 440.934
weight: 2.65679e-05
eec: 2304.22
weight: 6.81362e-07
eec: 542.204
weight: 0.000288356
eec: 984.952
weight: 9.71355e-06
eec: 901.358
weight: 0.000236012
eec: 389.4
weight: 5.02167e-05
eec: 893.182
weight: 7.52298e-05
eec: 287.137
weight: 9.38663e-07
eec: 475.9
weight: 0.000238665
eec: 66.7414
weight: 8.34148e-06
eec: 375.473
weight: 4.44386e-05
eec: 34.3523
weight: 1.33008e-05
eec: 2142.58
weight: 4.60404e-06
eec: 332.602
weight: 0.00306499
eec: 217.17
weight: 2.36104e-06
eec: 112.806
weight: 0.000172637
eec: 605.955
weight: 3.32756e-05
eec: 398.939
weight: 2.8425e-06
eec: 233.173
weight: 7.91812e-06
eec: 1037.58
weight: 0.000411682
eec: 78.9294
weight: 0.000106985
eec: 801.217
weight: 0.000160878
eec: 208.87
weight: 7.6366e-05
eec: 90.6116
weight: 0.000191343
eec: 180.408
weight: 0.000154363
eec: 1728.09
weight: 4.44666e-05
eec: 1003.37
weight: 6.91342e-06
eec: 1192.82
weight: 5.90331e-06
eec: 1602.07
weight: 1.56695e-05
eec: 956.241
weight: 3.8306e-05
eec: 71.0256
weight: 3.5379e-05
eec: 182.729
weight: 0.000111415
eec: 1684.4
weight: 8.24077e-05
eec: 217.668
weight: 0.00012823
eec: 905.756
weight: 1.13057e-06
eec: 614.257
weight: 1.82215e-06
eec: 9.26414
weight: 3.24034e-06
eec: 1053.32
weight: 0.000155517
eec: 171.224
weight: 3.3777e-05
eec: 456.972
weight: 7.05173e-05
eec: 9.81188
weight: 0.000170057
eec: 1265.52
weight: 6.03032e-06
eec: 1449.78
weight: 0.000201048
eec: 46.6345
weight: 5.6295e-05
eec: 317.885
weight: 0.000149539
eec: 140.369
weight: 1.25012e-05
eec: 595.028
weight: 1.96404e-05
eec: 352.575
weight: 0.000357082
eec: 140.555
weight: 1.03597e-06
eec: 286.261
weight: 0.000147347
eec: 723.517
weight: 0.000354684
eec: 1148.64
weight: 3.77832e-07
eec: 479.776
weight: 0.000115522
eec: 40.1917
weight: 4.67198e-07
eec: 109.287
weight: 1.03164e-05
eec: 2702.63
weight: 0.000138474
eec: 401.411
weight: 1.27025e-05
eec: 166.293
weight: 0.00018283
eec: 212.316
weight: 3.05251e-05
eec: 27.9315
weight: 2.46705e-05
eec: 66.7738
weight: 4.90195e-05
eec: 359.151
weight: 0.000164367
eec: 617.057
weight: 7.87604e-05
eec: 50.8897
weight: 0.00013872
eec: 1018.71
weight: 0.000155503
eec: 981.594
Processing: 20.8333 %weight: 3.47455e-05
eec: 729.147
weight: 3.61598e-05
eec: 231.95
weight: 1.05197e-05
eec: 1518.55
weight: 1.74014e-05
eec: 583.758
weight: 8.15195e-05
eec: 1200.06
weight: 2.09151e-05
eec: 372.75
weight: 1.23512e-05
eec: 153.825
weight: 3.05528e-07
eec: 517.227
weight: 1.11582e-05
eec: 145.808
weight: 3.61878e-05
eec: 342.489
weight: 6.60795e-05
eec: 42.804
weight: 1.10329e-06
eec: 269.445
weight: 6.57629e-05
eec: 9.38919
weight: 5.17163e-05
eec: 234.589
weight: 9.6476e-06
eec: 737.564
weight: 9.6476e-06
eec: 822.482
weight: 3.88392e-05
eec: 1238.68
weight: 1.79024e-05
eec: 166.81
weight: 0.000185905
eec: 51.7486
weight: 3.59731e-05
eec: 848.088
weight: 4.68741e-06
eec: 897.111
weight: 2.51833e-05
eec: 875.578
weight: 2.63466e-05
eec: 94.4581
weight: 0.000125965
eec: 435.814
weight: 6.0774e-05
eec: 365.078
weight: 0.000481587
eec: 106.272
weight: 0.000180484
eec: 873.4
weight: 2.0715e-05
eec: 1121.58
weight: 8.42382e-05
eec: 23.7309
weight: 0.000358323
eec: 166.589
weight: 8.18256e-07
eec: 708.823
weight: 6.10678e-05
eec: 265.841
weight: 2.39081e-06
eec: 1443.86
weight: 1.13183e-05
eec: 1469.13
weight: 0.000422211
eec: 154.779
weight: 2.60008e-06
eec: 234.532
weight: 2.60516e-05
eec: 131.406
weight: 1.94888e-05
eec: 1565.22
weight: 0.000136744
eec: 81.3984
weight: 0.000108307
eec: 79.2306

ROOT exit code = 0
