gSystem->Load("run_condor_job_Run3_C.so");
run_condor_job_Run3(446, 100, 2,
                    80, 200,
                    1, 1, 1, 4);
.q

ENTERED run_condor_job_Run3()
JOBID = 446
  global job = 446  Job 46/100  events [2713080, 2772060)  total=5898000
Processing events [2713080, 2772060) of 5898000
weight: 6.81279e-07
eec: 93.1643
weight: 5.80455e-06
eec: 371.595
weight: 0.000233548
eec: 103.724
weight: 2.5137e-06
eec: 312.047
weight: 1.99241e-05
eec: 1858.55
weight: 2.92116e-06
eec: 74.2602
weight: 3.76767e-05
eec: 1659.43
weight: 4.74435e-05
eec: 1130.49
weight: 7.48051e-05
eec: 7.78827
weight: 2.68867e-05
eec: 366.791
weight: 9.43394e-05
eec: 84.6454
weight: 4.23744e-05
eec: 35.6108
weight: 3.02441e-06
eec: 2359.36
weight: 5.22098e-05
eec: 82.4504
weight: 0.000112944
eec: 472.644
weight: 2.06491e-05
eec: 2208.81
weight: 5.12184e-05
eec: 102.5
weight: 1.39519e-05
eec: 443.017
weight: 6.73064e-05
eec: 75.1357
weight: 1.03911e-05
eec: 223.709
weight: 1.16927e-05
eec: 133.723
weight: 7.51508e-05
eec: 2499.61
weight: 6.30394e-05
eec: 284.853
weight: 6.76944e-06
eec: 2775.94
weight: 6.76944e-06
eec: 1101.13
weight: 3.86532e-05
eec: 341.564
weight: 6.86997e-05
eec: 480.734
weight: 3.94754e-05
eec: 14.813
weight: 2.13061e-06
eec: 523.396
weight: 8.96401e-05
eec: 206.432
weight: 0.000248378
eec: 549.335
weight: 0.00045328
eec: 531.764
weight: 5.11328e-05
eec: 284.713
weight: 8.79208e-07
eec: 985.524
weight: 0.000114433
eec: 322.859
weight: 6.33744e-05
eec: 1011.05
weight: 1.50136e-05
eec: 2875.18
weight: 9.73045e-07
eec: 1201.95
weight: 4.31227e-05
eec: 1149.63
weight: 1.74588e-05
eec: 2739.22
weight: 2.5357e-05
eec: 753.176
weight: 7.17611e-05
eec: 191.382
weight: 9.67594e-06
eec: 1155.42
weight: 4.41329e-05
eec: 264.031
weight: 2.71968e-06
eec: 2310.04
weight: 1.7232e-07
eec: 136.727
weight: 1.14322e-05
eec: 202.526
weight: 0.000127393
eec: 786.236
weight: 1.65912e-05
eec: 85.3284
weight: 8.37727e-05
eec: 162.305
weight: 4.42149e-05
eec: 852.302
weight: 2.01125e-05
eec: 553.099
weight: 0.000118275
eec: 397.824
weight: 0.000107055
eec: 339.316
weight: 3.55985e-06
eec: 224.395
weight: 9.10079e-06
eec: 531.044
weight: 3.88178e-05
eec: 849.094
weight: 0.000115568
eec: 1845.44
weight: 1.02853e-05
eec: 687.053
weight: 0.000199078
eec: 154.788
weight: 0.000200829
eec: 1542.2
weight: 8.37498e-05
eec: 127.81
weight: 0.000562249
eec: 578.045
weight: 0.000190941
eec: 319.022
weight: 3.2505e-05
eec: 1269.88
weight: 5.3409e-07
eec: 102.735
weight: 3.50713e-05
eec: 279.994
weight: 4.67829e-06
eec: 354.049
weight: 9.33997e-05
eec: 392.045
weight: 7.35456e-06
eec: 1219.99
weight: 0.000106771
eec: 236.276
weight: 6.72698e-05
eec: 98.9058
weight: 6.29177e-05
eec: 308.766
weight: 0.00149254
eec: 990.575
weight: 6.2401e-06
eec: 1656.8
weight: 8.52419e-05
eec: 36.7037
weight: 0.000133403
eec: 199.066
weight: 6.14187e-06
eec: 805.088
weight: 2.42933e-05
eec: 43.0813
weight: 0.000669907
eec: 58.3217
weight: 6.91881e-05
eec: 287.687
weight: 4.38957e-06
eec: 224.926
weight: 0.000703259
eec: 22.2051
weight: 1.08108e-05
eec: 241.86
weight: 0.000156226
eec: 1099.61
weight: 1.61767e-05
eec: 865.622
weight: 6.44671e-05
eec: 314.46
weight: 2.78229e-05
eec: 143.442
weight: 2.80918e-05
eec: 1343.83
weight: 0.000120614
eec: 103.872
weight: 1.76459e-05
eec: 425.072
weight: 7.0948e-05
eec: 78.8297
weight: 0.00014992
eec: 271.887
weight: 4.03767e-06
eec: 82.8343
weight: 4.82682e-05
eec: 496.212
weight: 3.73367e-06
eec: 226.705
weight: 7.94167e-05
eec: 418.946
weight: 6.63774e-05
eec: 147.614
weight: 3.36658e-05
eec: 76.1903
weight: 1.57461e-05
eec: 1724.44
weight: 3.23162e-06
eec: 97.7528
weight: 9.84347e-06
eec: 714.538
weight: 7.89053e-05
eec: 1814.24
weight: 0.000155411
eec: 195.084
weight: 0.000362059
eec: 170.904
weight: 1.26513e-06
eec: 2319.6
weight: 3.71272e-05
eec: 277.335
weight: 5.14439e-05
eec: 522.365
weight: 1.55991e-05
eec: 22.076
weight: 4.58367e-07
eec: 1497.44
weight: 8.23377e-05
eec: 1198.27
weight: 1.09325e-05
eec: 18.0036
weight: 4.28376e-05
eec: 225.121
weight: 7.67535e-05
eec: 232.16
weight: 2.69475e-05
eec: 326.141
weight: 0.000808121
eec: 336.188
weight: 1.87979e-05
eec: 251.625
weight: 1.42856e-05
eec: 970.714
weight: 0.000173744
eec: 389.505
weight: 0.000368338
eec: 39.6833
weight: 1.96111e-07
eec: 1986.43
weight: 3.84504e-05
eec: 160.929
weight: 1.89957e-05
eec: 319.928
weight: 5.12361e-05
eec: 698.331
weight: 0.000202906
eec: 80.446
weight: 2.72018e-05
eec: 249.271
weight: 1.24936e-05
eec: 546.073
weight: 0.000130817
eec: 1355.89
weight: 5.6786e-07
eec: 796.091
weight: 1.22149e-05
eec: 124.239
weight: 5.18535e-06
eec: 333.176
weight: 3.55457e-07
eec: 2504.84
weight: 3.92098e-06
eec: 314.46
weight: 0.000122498
eec: 272.797
weight: 0.000182212
eec: 704.127
weight: 2.42738e-05
eec: 187.215
weight: 1.48897e-05
eec: 1413.82
weight: 0.00138343
eec: 34.5918
weight: 1.15681e-05
eec: 42.047
weight: 7.89439e-05
eec: 604.053
weight: 2.13602e-05
eec: 398.026
weight: 0.000583381
eec: 114.41
weight: 0.000681155
eec: 401.766
weight: 7.74278e-06
eec: 337.486
weight: 3.75972e-05
eec: 547.125
weight: 2.58305e-05
eec: 92.9627
weight: 2.47153e-06
eec: 1032.27
weight: 9.0211e-06
eec: 928.585
weight: 4.32655e-09
eec: 533.914
weight: 3.13456e-05
eec: 887.36
weight: 9.97624e-06
eec: 987.653
weight: 2.96815e-07
eec: 396.517
weight: 1.88124e-05
eec: 545.335
weight: 1.50856e-06
eec: 256.339
weight: 5.14074e-05
eec: 830.828
weight: 7.96046e-06
eec: 73.515
weight: 0.001449
eec: 15.3029
weight: 6.68517e-06
eec: 2045.09
weight: 9.0904e-06
eec: 964.574
weight: 3.6622e-05
eec: 272.651
weight: 2.04519e-05
eec: 90.4641
weight: 0.000361188
eec: 207.648
weight: 9.21508e-06
eec: 550.532
weight: 0.00015349
eec: 18.6761
weight: 0.00015349
eec: 393.936
weight: 3.07475e-05
eec: 278.531
weight: 1.05157e-05
eec: 347.65
weight: 2.83649e-05
eec: 682.692
weight: 1.66178e-05
eec: 524.484
Processing: 46.626 %weight: 7.94408e-06
eec: 859.639
weight: 0.00016608
eec: 417.559
weight: 4.01255e-05
eec: 339.275
weight: 2.37772e-05
eec: 516.755
weight: 6.05408e-06
eec: 110.452
weight: 0.00113846
eec: 332.624
weight: 4.37262e-06
eec: 164.241
weight: 1.03545e-05
eec: 88.9236
weight: 1.47798e-07
eec: 1641.2
weight: 7.49798e-06
eec: 416.619
weight: 1.14331e-05
eec: 904.541
weight: 0.000263302
eec: 100.69
weight: 0.0001291
eec: 323.099
weight: 0.000176729
eec: 134.958
weight: 0.000226276
eec: 374.746
weight: 0.000812437
eec: 56.7716
weight: 0.00355354
eec: 44.8624
weight: 3.03173e-06
eec: 1434.14
weight: 9.15963e-07
eec: 715.264
weight: 2.02323e-05
eec: 111.078
weight: 8.92423e-05
eec: 80.1634
weight: 6.43569e-06
eec: 59.6383
weight: 3.28485e-06
eec: 558.902
weight: 1.18586e-06
eec: 779.246
weight: 1.66571e-05
eec: 296.242
weight: 0.000376512
eec: 819.409
weight: 0.000100824
eec: 169.385
weight: 9.19902e-06
eec: 317.529
weight: 7.96029e-05
eec: 242.065
weight: 1.9983e-07
eec: 152.527
weight: 1.02953e-07
eec: 208.943
weight: 5.00634e-05
eec: 753.155
weight: 3.83431e-05
eec: 162.988
weight: 7.60201e-05
eec: 837.48
weight: 1.26094e-05
eec: 1197.01
weight: 0.000440059
eec: 183.211
weight: 4.19866e-05
eec: 597.456
weight: 9.10626e-06
eec: 172.378
weight: 1.71529e-05
eec: 439.843
weight: 1.05858e-05
eec: 1760.25
weight: 1.53446e-06
eec: 84.5768
weight: 4.38546e-07
eec: 409.598
weight: 4.55402e-05
eec: 853.518
weight: 1.9354e-06
eec: 47.7186
weight: 3.25174e-06
eec: 358.318
weight: 1.60819e-05
eec: 64.4203
weight: 0.000164939
eec: 486.759
weight: 3.49177e-06
eec: 1500.41
weight: 1.34382e-05
eec: 263.771
weight: 1.72793e-05
eec: 2123.79
weight: 1.86831e-05
eec: 1752.35
weight: 5.48492e-05
eec: 128.858
weight: 3.23244e-06
eec: 1525.53
weight: 5.76526e-06
eec: 149.451
weight: 0.000527714
eec: 618.006
weight: 3.96377e-05
eec: 1545.51
weight: 0.000116608
eec: 290.64
weight: 1.57243e-07
eec: 147.412
weight: 5.92247e-05
eec: 1064.06
weight: 4.87909e-06
eec: 1361.09
weight: 1.85814e-05
eec: 30.9482
weight: 0.000306791
eec: 354.818
weight: 1.24671e-06
eec: 610.115
weight: 0.000326998
eec: 267.438
weight: 0.000285282
eec: 86.3214
weight: 0.000231232
eec: 167.394
weight: 2.81297e-05
eec: 1028.67
weight: 3.18112e-05
eec: 1174.5
weight: 8.62104e-06
eec: 388.479
weight: 1.32373e-05
eec: 656.735
weight: 1.46465e-05
eec: 845.514
weight: 1.689e-05
eec: 5558.23
weight: 5.27845e-05
eec: 202.59
weight: 2.64083e-07
eec: 236.214
weight: 0.000190407
eec: 162.562
weight: 3.14834e-05
eec: 399.966
weight: 7.21966e-06
eec: 1984.91
weight: 0.000102306
eec: 37.2865
weight: 0.000157452
eec: 29.7012
weight: 6.68453e-05
eec: 158.434
weight: 6.79126e-06
eec: 480.708
weight: 0.000116566
eec: 480.73
weight: 1.98394e-06
eec: 2695.98
weight: 2.41023e-05
eec: 639
weight: 1.0801e-06
eec: 923.484
weight: 0.000189778
eec: 282.744
weight: 2.1624e-05
eec: 483.1
weight: 4.07013e-06
eec: 807.458
weight: 6.12985e-06
eec: 2551.78
weight: 8.88885e-05
eec: 336.931
weight: 1.38848e-05
eec: 40.4591
weight: 1.06189e-06
eec: 571.987
weight: 9.62873e-06
eec: 217.104
weight: 7.62765e-05
eec: 68.1562

ROOT exit code = 0
