gSystem->Load("run_condor_job_Run3_C.so");
run_condor_job_Run3(274, 100, 2,
                    80, 200,
                    1, 1, 1, 2);
.q

ENTERED run_condor_job_Run3()
JOBID = 274
  global job = 274  Job 74/100  events [4440000, 4500000)  total=6000000
Processing events [4440000, 4500000) of 6000000
weight: 3.29978e-05
eec: 2335.54
weight: 3.29978e-05
eec: 340.601
weight: 0.000112262
eec: 323.614
weight: 1.40153e-06
eec: 703.229
weight: 7.85449e-05
eec: 1587.48
weight: 9.71175e-06
eec: 128.197
weight: 0.000104027
eec: 53.6588
weight: 4.5032e-06
eec: 101.302
weight: 3.74558e-05
eec: 661.58
weight: 6.67342e-08
eec: 355.698
weight: 9.47461e-05
eec: 955.376
weight: 5.89196e-06
eec: 490.199
weight: 8.11084e-06
eec: 3909.4
weight: 0.000798664
eec: 388.836
weight: 3.31031e-06
eec: 147.894
weight: 0.000140805
eec: 245.776
weight: 2.44093e-06
eec: 910.593
weight: 9.99143e-06
eec: 277.283
weight: 4.26434e-05
eec: 1128.77
weight: 1.36841e-07
eec: 105.466
weight: 1.32623e-05
eec: 205.734
weight: 1.59882e-05
eec: 59.9263
weight: 2.10572e-05
eec: 247.674
weight: 7.88049e-06
eec: 100.794
weight: 2.63152e-05
eec: 419.802
weight: 8.42144e-06
eec: 109.41
weight: 0.000211767
eec: 361.509
weight: 0.000241506
eec: 106
weight: 0.000468433
eec: 86.4277
weight: 6.57054e-06
eec: 850.334
weight: 0.000894618
eec: 134.17
weight: 0.000120022
eec: 269.426
weight: 1.34176e-05
eec: 739.8
weight: 2.53782e-05
eec: 1485.2
weight: 1.65743e-07
eec: 407.598
weight: 0.000349874
eec: 318.783
weight: 9.24742e-06
eec: 321.982
Processing: 74.1667 %weight: 3.52735e-07
eec: 508.95
weight: 7.99538e-05
eec: 445.959
weight: 7.2576e-06
eec: 58.4282
weight: 0.000203437
eec: 207.512
weight: 0.000203437
eec: 225.426
weight: 8.50908e-05
eec: 1137.56
weight: 1.00489e-05
eec: 2585.75
weight: 2.44043e-06
eec: 2510.3
weight: 8.49498e-06
eec: 4171.82
weight: 7.96279e-05
eec: 193.89
weight: 0.00010277
eec: 331.83
weight: 0.000131903
eec: 652.857
weight: 6.62745e-06
eec: 117.748
weight: 1.96247e-07
eec: 556.606
weight: 3.23204e-05
eec: 75.0402
weight: 8.07117e-05
eec: 166.532
weight: 6.5655e-06
eec: 720.31
weight: 0.000122201
eec: 333.901
weight: 5.09997e-05
eec: 216.172
weight: 7.72867e-06
eec: 2392.2
weight: 2.02392e-06
eec: 825.601
weight: 2.48416e-05
eec: 121.56
weight: 0.000190617
eec: 939.115
weight: 1.4339e-05
eec: 1894.03
weight: 5.09166e-05
eec: 235.755
weight: 8.05755e-08
eec: 934.864
weight: 8.19499e-05
eec: 564.71
weight: 9.75819e-06
eec: 447.085
weight: 2.51998e-05
eec: 371.68
weight: 0.000307616
eec: 357.498
weight: 0.000302927
eec: 162.486
weight: 3.63089e-07
eec: 229.331
weight: 2.00903e-05
eec: 22.6849
weight: 2.00903e-05
eec: 641.586
weight: 0.00011808
eec: 31.9974
weight: 0.000111353
eec: 1152.09
weight: 1.15952e-05
eec: 399.587
weight: 1.10226e-05
eec: 336.623
weight: 8.11651e-05
eec: 707.789
weight: 7.55226e-06
eec: 766.194
weight: 0.000118095
eec: 34.8134
weight: 0.000665778
eec: 425.42
weight: 0.000173754
eec: 37.1555
weight: 1.06283e-06
eec: 1061.95
weight: 0.000153601
eec: 210.643
weight: 5.15253e-07
eec: 108.799
weight: 5.82306e-05
eec: 1171.84
weight: 1.65204e-05
eec: 1902.37
weight: 9.35998e-07
eec: 192.71
weight: 8.81674e-06
eec: 1257.31
weight: 0.00108362
eec: 621.551
weight: 2.04991e-05
eec: 26.6945
weight: 5.08732e-05
eec: 144.554
weight: 1.80421e-06
eec: 36.6754
weight: 5.61784e-07
eec: 1275.89
weight: 0.000164137
eec: 322.475
weight: 0.000136615
eec: 402.98
weight: 2.17056e-05
eec: 739.938
weight: 7.86491e-05
eec: 372.535
weight: 0.00045663
eec: 158.871
weight: 3.65652e-05
eec: 779.91
weight: 5.47081e-05
eec: 101.436
weight: 8.14249e-05
eec: 660.44
weight: 7.38637e-07
eec: 1901.3
weight: 2.70099e-05
eec: 334.974
weight: 0.000160301
eec: 315.212
weight: 1.28718e-05
eec: 134.751
weight: 1.66761e-05
eec: 136.215
weight: 1.2684e-05
eec: 115.441
weight: 0.000163301
eec: 121.683
weight: 0.000128558
eec: 55.2072
weight: 0.00152344
eec: 293.057
weight: 1.87438e-06
eec: 2966.53
weight: 0.00010171
eec: 61.1894
weight: 1.47973e-06
eec: 1716.02
weight: 3.66424e-06
eec: 582.579
weight: 1.14211e-05
eec: 394.214
weight: 0.000102918
eec: 278.807
weight: 9.44171e-06
eec: 1079.79
weight: 6.90554e-06
eec: 2682.63
weight: 2.60677e-05
eec: 177.865
weight: 9.00256e-05
eec: 115.917
weight: 0.000135002
eec: 571.553
weight: 0.000112044
eec: 71.0535
weight: 1.9061e-07
eec: 118.819
weight: 1.24212e-05
eec: 577.498
weight: 4.48336e-05
eec: 392.777
weight: 3.2951e-06
eec: 45.5172
weight: 0.000239424
eec: 155.635
weight: 3.79969e-06
eec: 335.767
weight: 2.52112e-05
eec: 710.118
weight: 2.68179e-05
eec: 2057.06
weight: 2.69434e-05
eec: 12.1247
weight: 0.000128369
eec: 33.1618
weight: 3.72291e-06
eec: 136.602
weight: 4.83167e-05
eec: 71.8378
weight: 0.000110782
eec: 182.578
weight: 6.30311e-06
eec: 338.141
weight: 0.00158561
eec: 678.418
weight: 0.000805557
eec: 151.726
weight: 5.70694e-05
eec: 153.439
weight: 1.42417e-05
eec: 1199.78
weight: 8.28021e-05
eec: 224.464
weight: 4.23732e-05
eec: 1465.25
weight: 0.000229707
eec: 43.2504
weight: 3.26108e-05
eec: 323.734
weight: 8.46432e-06
eec: 81.9277
weight: 2.47987e-06
eec: 767.369
weight: 0.000272025
eec: 775.777
weight: 2.4263e-05
eec: 32.8958
weight: 5.74011e-05
eec: 167.964
weight: 1.95439e-05
eec: 401.053
weight: 1.4895e-05
eec: 297.833
weight: 6.91599e-06
eec: 910.937
weight: 8.1031e-05
eec: 48.2816
weight: 8.51778e-05
eec: 127.742
weight: 0.000340511
eec: 380.159
weight: 0.00013978
eec: 623.857
weight: 1.14468e-07
eec: 1984.52
weight: 0.000316309
eec: 146.929
weight: 2.44676e-06
eec: 1006.82
weight: 0.000158576
eec: 869.076
weight: 5.10032e-05
eec: 30.5322
weight: 1.23958e-05
eec: 122.915
weight: 0.00079531
eec: 451.852
weight: 2.5311e-05
eec: 242.152
weight: 0.00104787
eec: 132.686
weight: 5.64194e-05
eec: 1064.45
weight: 1.2916e-05
eec: 1476.68
weight: 4.40338e-05
eec: 125.091
weight: 0.00324433
eec: 527.747
weight: 2.51349e-07
eec: 774.277
weight: 1.83298e-05
eec: 448.292
weight: 2.49904e-05
eec: 110.102
weight: 0.000191666
eec: 172.479
weight: 1.05936e-05
eec: 660.847
weight: 1.43377e-05
eec: 123.771
weight: 9.95675e-05
eec: 602.622
weight: 0.000146841
eec: 101.076
weight: 0.000165979
eec: 99.1302
weight: 3.74273e-05
eec: 89.0613
weight: 4.46151e-06
eec: 128.763
weight: 3.27012e-05
eec: 297.61
weight: 0.000103523
eec: 174.006
weight: 3.02533e-05
eec: 155.844
weight: 4.62617e-06
eec: 1029.15
weight: 2.28116e-05
eec: 1608.24
weight: 0.000227045
eec: 195.223
weight: 8.95917e-05
eec: 224.176
weight: 7.07801e-05
eec: 651.989
weight: 4.14769e-05
eec: 193.473
weight: 6.61741e-05
eec: 2238.58
weight: 2.59233e-05
eec: 400.967
weight: 1.15448e-05
eec: 139.228
weight: 0.00067543
eec: 1441.03
weight: 0.000108719
eec: 710.739
weight: 1.54058e-05
eec: 40.8198
weight: 0.000142501
eec: 461.553
weight: 7.29521e-06
eec: 115.625
weight: 3.86425e-05
eec: 75.043
weight: 0.000207304
eec: 204.568
weight: 6.41717e-06
eec: 1215.16
weight: 1.73819e-05
eec: 1191.32
weight: 1.63017e-05
eec: 43.5384
weight: 0.000103044
eec: 449.338
weight: 1.9668e-06
eec: 581.349
weight: 0.000170944
eec: 400.878
weight: 4.25321e-06
eec: 126.099
weight: 7.65722e-06
eec: 85.3807
weight: 5.3666e-05
eec: 1145.31
weight: 3.69602e-05
eec: 225.971
weight: 0.00546669
eec: 172.539
weight: 3.8899e-05
eec: 1802.3
weight: 7.48268e-05
eec: 30.1467
weight: 1.40406e-05
eec: 116.876
weight: 7.20433e-07
eec: 244.397
weight: 4.02868e-05
eec: 594.498
weight: 0.000298225
eec: 401.42
weight: 1.83446e-05
eec: 1449.26
weight: 4.1357e-05
eec: 1310.67
weight: 0.00148221
eec: 114.444
weight: 6.97807e-06
eec: 29.3096
weight: 1.43421e-05
eec: 297.517
weight: 0.000256784
eec: 145.635
weight: 9.54662e-06
eec: 1892.96
weight: 1.34282e-05
eec: 581.889
weight: 1.55789e-06
eec: 1800.05
weight: 9.23386e-06
eec: 512.794
weight: 2.48974e-05
eec: 230.483
weight: 3.49461e-06
eec: 158.759
weight: 0.00224253
eec: 795.605
weight: 1.64681e-05
eec: 406.918
weight: 1.10913e-05
eec: 1017.96
weight: 2.31382e-07
eec: 1074.68
weight: 3.02481e-06
eec: 775.397
weight: 0.000265742
eec: 904.487
weight: 1.96101e-05
eec: 68.4265
weight: 0.000156327
eec: 464.008
weight: 9.20996e-05
eec: 222.122
weight: 0.00010408
eec: 128.796
weight: 9.88696e-05
eec: 70.9547
weight: 0.000172989
eec: 1305.37
weight: 5.77797e-05
eec: 592.371
weight: 2.10865e-05
eec: 141.611
weight: 9.59785e-07
eec: 1065.21
weight: 3.72135e-05
eec: 1554.2
weight: 2.02075e-07
eec: 244.156
weight: 5.18806e-05
eec: 253.566

ROOT exit code = 0
