gSystem->Load("run_condor_job_Run3_C.so");
run_condor_job_Run3(439, 100, 2,
                    80, 200,
                    1, 1, 1, 4);
.q

ENTERED run_condor_job_Run3()
JOBID = 439
  global job = 439  Job 39/100  events [2300220, 2359200)  total=5898000
Processing events [2300220, 2359200) of 5898000
weight: 1.14412e-05
eec: 17.7146
weight: 3.50326e-05
eec: 1319.03
weight: 1.67473e-05
eec: 221.667
weight: 1.05214e-05
eec: 975.851
weight: 3.63506e-06
eec: 281.494
weight: 8.64462e-05
eec: 459.605
weight: 4.56624e-05
eec: 2019.77
weight: 0.000159569
eec: 187.914
weight: 0.000706529
eec: 402.597
weight: 3.8052e-05
eec: 993.063
weight: 1.99999e-05
eec: 281.078
weight: 6.1792e-06
eec: 5305.13
weight: 6.82673e-05
eec: 145.816
weight: 0.00010782
eec: 725.415
weight: 0.00072822
eec: 386.942
weight: 1.41599e-05
eec: 395.403
weight: 1.5775e-05
eec: 71.9341
weight: 0.000180562
eec: 462.705
weight: 1.83407e-07
eec: 822.125
weight: 7.37968e-05
eec: 497.728
weight: 6.89187e-05
eec: 65.9803
weight: 0.000109346
eec: 953.526
weight: 1.85928e-05
eec: 1328.53
weight: 1.21656e-05
eec: 348.867
weight: 1.32552e-05
eec: 814.573
weight: 0.000149117
eec: 1373.85
weight: 6.8515e-05
eec: 979.531
weight: 4.44506e-06
eec: 514.238
weight: 0.00088308
eec: 121.57
weight: 8.47321e-06
eec: 896.115
weight: 1.77539e-05
eec: 25.2057
weight: 1.77539e-05
eec: 167.548
weight: 3.22297e-05
eec: 523.457
weight: 1.42032e-05
eec: 273.774
weight: 9.21573e-06
eec: 361.708
weight: 3.8162e-06
eec: 1291.08
weight: 6.47152e-07
eec: 367.463
weight: 3.852e-05
eec: 127.043
weight: 5.81469e-05
eec: 1199.56
weight: 7.74067e-05
eec: 18.1177
weight: 0.000121631
eec: 378.059
weight: 0.00018443
eec: 67.6717
weight: 3.00334e-05
eec: 595.21
weight: 2.86332e-06
eec: 1345.72
weight: 1.9047e-05
eec: 857.141
weight: 5.50324e-05
eec: 421.292
weight: 1.13596e-05
eec: 78.1949
weight: 2.51832e-05
eec: 1461.25
weight: 1.25286e-06
eec: 549.115
weight: 7.96249e-07
eec: 65.6739
weight: 3.15691e-05
eec: 619.261
weight: 6.37649e-06
eec: 482.232
weight: 4.11484e-05
eec: 348.523
weight: 9.29068e-06
eec: 1732.05
weight: 6.93556e-05
eec: 446.743
weight: 2.14557e-05
eec: 1198.2
weight: 1.34478e-05
eec: 269.359
weight: 5.5429e-06
eec: 555.346
weight: 2.88535e-05
eec: 315.821
weight: 3.78676e-06
eec: 198.171
weight: 2.35243e-05
eec: 114.333
weight: 2.45221e-05
eec: 338.157
weight: 2.01549e-05
eec: 2374.68
weight: 0.000531844
eec: 195.151
weight: 6.13327e-06
eec: 288.243
weight: 2.05626e-05
eec: 560.933
weight: 9.11753e-06
eec: 1196.45
weight: 8.52866e-07
eec: 62.0153
weight: 3.89224e-07
eec: 121.81
weight: 3.89224e-07
eec: 661.98
weight: 0.000103007
eec: 368.023
weight: 0.000364505
eec: 196.981
weight: 2.30907e-06
eec: 237.66
weight: 3.91118e-05
eec: 1461.75
weight: 1.16513e-05
eec: 65.4369
weight: 3.67369e-07
eec: 895.426
weight: 1.67505e-06
eec: 508.658
weight: 2.26326e-06
eec: 716.983
weight: 0.000182485
eec: 191.763
weight: 3.1653e-05
eec: 520.841
weight: 5.21612e-05
eec: 189.824
weight: 2.21004e-06
eec: 273.9
weight: 6.42918e-05
eec: 378.565
weight: 2.26258e-05
eec: 2658.56
weight: 1.72346e-05
eec: 161.331
weight: 5.13131e-07
eec: 1173.22
weight: 9.50419e-05
eec: 1759.09
weight: 0.00015979
eec: 616.592
weight: 5.22648e-06
eec: 1154.54
weight: 1.86229e-05
eec: 1555.77
weight: 4.28214e-05
eec: 474.488
weight: 4.80882e-06
eec: 1326.2
weight: 1.96199e-05
eec: 334.907
weight: 2.85222e-05
eec: 304.164
weight: 1.24365e-07
eec: 289.157
weight: 4.39044e-07
eec: 638.322
weight: 8.76859e-06
eec: 725.687
weight: 3.13174e-05
eec: 1084.89
weight: 1.23289e-05
eec: 658.587
weight: 2.71937e-06
eec: 185.041
weight: 9.3731e-05
eec: 1117.28
weight: 7.1916e-06
eec: 1150.71
weight: 6.99662e-06
eec: 1330.94
weight: 5.19175e-05
eec: 119.716
weight: 6.2242e-05
eec: 820.627
weight: 3.73696e-05
eec: 1088.89
weight: 3.73696e-05
eec: 74.4813
weight: 1.44588e-05
eec: 706.368
weight: 3.29642e-05
eec: 85.8416
weight: 6.77763e-07
eec: 546.763
weight: 3.74009e-05
eec: 52.3115
weight: 0.000162404
eec: 357.944
weight: 3.59089e-07
eec: 351.367
weight: 9.33365e-06
eec: 3058.21
weight: 1.16659e-06
eec: 56.9245
weight: 0.000273554
eec: 655.505
weight: 4.11271e-05
eec: 255.848
weight: 5.8303e-05
eec: 397.216
weight: 2.18679e-05
eec: 1388.21
weight: 6.75293e-06
eec: 157.529
weight: 5.01141e-06
eec: 95.9688
weight: 1.16719e-05
eec: 178.779
weight: 2.39382e-06
eec: 491.373
weight: 0.000207524
eec: 39.4664
weight: 0.000207524
eec: 152.438
weight: 3.52455e-05
eec: 337.631
weight: 1.19893e-05
eec: 521.638
weight: 5.66208e-05
eec: 2163.49
weight: 1.06011e-05
eec: 526.211
weight: 6.63553e-05
eec: 281.548
weight: 9.77963e-05
eec: 279.951
weight: 0.000105764
eec: 639.001
weight: 6.59421e-06
eec: 129.334
weight: 1.26739e-05
eec: 211.968
weight: 3.82452e-05
eec: 370.087
weight: 2.19085e-06
eec: 672.359
weight: 1.77358e-07
eec: 424.539
weight: 1.12246e-06
eec: 251.58
weight: 0.000987166
eec: 41.2676
weight: 0.000222617
eec: 396.217
weight: 1.33816e-05
eec: 1194.68
weight: 6.58514e-05
eec: 453.849
weight: 1.43716e-05
eec: 712.151
weight: 0.000119791
eec: 24.4643
weight: 6.89371e-05
eec: 28.9673
weight: 0.000471936
eec: 69.178
weight: 1.33296e-05
eec: 322.543
weight: 0.000216051
eec: 6.85421
weight: 8.04587e-05
eec: 381.77
weight: 7.28305e-06
eec: 192.406
weight: 2.65254e-05
eec: 775.072
weight: 5.89935e-07
eec: 888.719
weight: 8.63512e-08
eec: 578.688
weight: 1.81759e-05
eec: 969.475
weight: 6.06859e-05
eec: 685.441
weight: 1.60038e-07
eec: 23.0625
weight: 0.000177845
eec: 448.356
weight: 3.64691e-05
eec: 547.628
weight: 2.92369e-05
eec: 238.366
weight: 4.93879e-05
eec: 1013.26
weight: 3.13552e-06
eec: 356.861
weight: 4.37122e-06
eec: 548.246
weight: 1.0456e-07
eec: 563.1
weight: 1.0456e-07
eec: 142.662
weight: 2.10578e-05
eec: 767.356
weight: 0.000218642
eec: 37.5191
weight: 3.69062e-05
eec: 53.3401
weight: 3.11931e-05
eec: 923.301
weight: 1.31502e-05
eec: 1125.9
weight: 5.6904e-05
eec: 175.823
weight: 2.56901e-05
eec: 248.53
weight: 0.000220229
eec: 223.568
weight: 3.52497e-05
eec: 188.993
weight: 9.09177e-05
eec: 374.684
weight: 0.000536349
eec: 560.407
weight: 0.000119725
eec: 266.913
weight: 3.57716e-05
eec: 63.3776
weight: 3.33421e-05
eec: 624.349
weight: 2.14965e-06
eec: 3327.75
weight: 2.14965e-06
eec: 1371.78
weight: 6.6979e-07
eec: 1256.55
weight: 0.000123359
eec: 77.3461
weight: 1.00101e-05
eec: 541.492
weight: 5.1326e-05
eec: 288.961
weight: 0.000327822
eec: 151.55
weight: 6.285e-05
eec: 884.088
weight: 2.29821e-05
eec: 232.566
weight: 8.26406e-05
eec: 191.623
weight: 1.33679e-05
eec: 338.694
weight: 1.15429e-05
eec: 590.551
weight: 1.50518e-06
eec: 105.208
weight: 3.21333e-06
eec: 627.986
weight: 0.000223144
eec: 870.099
weight: 8.34643e-06
eec: 1651.07
weight: 6.06032e-06
eec: 347.673
weight: 5.63768e-05
eec: 2587.69
weight: 5.5769e-05
eec: 94.14
weight: 0.000227313
eec: 104.535
weight: 4.32514e-05
eec: 114.82
weight: 3.85578e-05
eec: 1065.71
weight: 5.16392e-05
eec: 50.1494
weight: 6.85605e-05
eec: 200.21
weight: 0.000195892
eec: 549.135
weight: 8.81952e-06
eec: 1225.37
weight: 5.10437e-05
eec: 1401.04
weight: 5.04358e-07
eec: 82.6833
weight: 2.75145e-05
eec: 879.97
weight: 0.000347725
eec: 189.818
weight: 3.43015e-06
eec: 1861.32
weight: 1.34739e-05
eec: 131.741
weight: 0.000198265
eec: 577.252
weight: 0.000133771
eec: 374.058
Processing: 39.844 %weight: 0.000159273
eec: 593.85
weight: 0.000205393
eec: 59.8748
weight: 4.56654e-06
eec: 1796.59
weight: 1.52408e-05
eec: 84.8155
weight: 7.28982e-05
eec: 31.8328
weight: 0.000206233
eec: 225.309
weight: 8.08408e-05
eec: 1267.66
weight: 0.000426674
eec: 32.1452
weight: 5.50982e-05
eec: 174.644
weight: 9.13824e-05
eec: 43.2523
weight: 3.61045e-05
eec: 1054.09
weight: 5.00083e-05
eec: 1580.02
weight: 3.12619e-05
eec: 876.417
weight: 8.80281e-06
eec: 375.219
weight: 2.04267e-07
eec: 89.2368
weight: 6.66758e-05
eec: 32.0567
weight: 1.48439e-06
eec: 2524.22
weight: 6.15183e-06
eec: 218.699
weight: 0.000295942
eec: 483.858
weight: 4.39613e-06
eec: 146.053
weight: 6.10532e-05
eec: 1089.09
weight: 0.000104256
eec: 78.9405
weight: 7.84268e-06
eec: 2070.54
weight: 4.79248e-06
eec: 573.278
weight: 1.99373e-05
eec: 2376.24
weight: 2.25239e-06
eec: 2056.66
weight: 1.18054e-06
eec: 1175
weight: 5.03066e-06
eec: 341.469
weight: 0.00032773
eec: 33.4336
weight: 8.47662e-06
eec: 228.828
weight: 1.30104e-06
eec: 368.701
weight: 1.63486e-05
eec: 1574.75
weight: 4.86265e-07
eec: 22.2499
weight: 1.49121e-05
eec: 90.09
weight: 2.82408e-06
eec: 1703.58
weight: 6.58302e-05
eec: 2784.26
weight: 0.000955213
eec: 534.394
weight: 1.20767e-05
eec: 6.87773
weight: 0.000121023
eec: 46.4371
weight: 7.60677e-06
eec: 628.422
weight: 0.000320751
eec: 141.79
weight: 1.21856e-07
eec: 60.7612
weight: 9.34673e-07
eec: 560.91
weight: 8.13326e-07
eec: 1957.05
weight: 0.000100597
eec: 715.692
weight: 9.36745e-06
eec: 746.313
weight: 5.06315e-06
eec: 79.9971

ROOT exit code = 0
