gSystem->Load("run_condor_job_Run3_C.so");
run_condor_job_Run3(541, 100, 2,
                    80, 200,
                    1, 1, 1, 5);
.q

ENTERED run_condor_job_Run3()
JOBID = 541
  global job = 541  Job 41/100  events [2460000, 2520000)  total=6000000
Processing events [2460000, 2520000) of 6000000
weight: 0.000156347
eec: 293.179
weight: 1.53884e-05
eec: 38.5554
weight: 4.81681e-05
eec: 283.312
weight: 1.5015e-05
eec: 368.205
weight: 1.09618e-05
eec: 215.984
weight: 5.51007e-06
eec: 1304.95
weight: 5.26542e-06
eec: 701.47
weight: 2.37148e-07
eec: 366.726
weight: 2.53613e-06
eec: 175.246
weight: 2.28086e-05
eec: 1045.46
weight: 4.82855e-05
eec: 113.741
weight: 2.15109e-05
eec: 1964.44
weight: 5.13021e-05
eec: 529.465
weight: 6.69552e-06
eec: 1540.92
weight: 0.000623533
eec: 348.566
weight: 6.34455e-06
eec: 514.42
weight: 8.31354e-05
eec: 1486.71
weight: 0.000503482
eec: 158.444
weight: 0.000176612
eec: 375.585
weight: 3.69185e-05
eec: 358.719
weight: 3.69185e-05
eec: 153.927
weight: 4.97294e-05
eec: 592.107
weight: 4.14165e-05
eec: 438.663
weight: 4.88901e-05
eec: 1349.72
weight: 2.23541e-05
eec: 1484.88
weight: 7.01702e-06
eec: 166.424
weight: 1.3669e-05
eec: 95.2958
weight: 0.00012587
eec: 301.837
weight: 0.000605597
eec: 1655.68
weight: 2.43346e-06
eec: 432.099
weight: 0.00235146
eec: 1280.76
weight: 0.000702534
eec: 45.9785
weight: 3.59803e-05
eec: 1434.64
weight: 3.15562e-05
eec: 962.809
weight: 0.000101291
eec: 194.314
weight: 2.38438e-05
eec: 519.992
weight: 5.43556e-06
eec: 1389.02
weight: 4.02537e-05
eec: 51.6905
weight: 0.000125257
eec: 97.1786
weight: 5.37166e-06
eec: 594.846
weight: 6.35333e-05
eec: 84.2819
weight: 8.07561e-06
eec: 739.842
weight: 4.53837e-07
eec: 1091.93
weight: 1.87161e-05
eec: 61.1197
weight: 8.9445e-06
eec: 647.067
weight: 8.7104e-07
eec: 62.9453
weight: 8.49384e-05
eec: 286.27
weight: 2.4294e-05
eec: 832.643
weight: 7.80425e-05
eec: 366.86
weight: 1.32973e-05
eec: 569.239
weight: 2.97141e-06
eec: 243.509
weight: 1.0838e-05
eec: 224.862
weight: 4.46021e-05
eec: 300.711
weight: 3.14709e-07
eec: 1026.11
weight: 6.57306e-05
eec: 1248.07
weight: 7.54772e-05
eec: 1462.47
weight: 1.21306e-05
eec: 369.611
weight: 9.30587e-06
eec: 226.098
weight: 1.23207e-05
eec: 437.296
weight: 0.00211447
eec: 137.509
weight: 0.000844094
eec: 182.564
weight: 0.000204152
eec: 240.23
weight: 6.14709e-05
eec: 128.967
weight: 9.29614e-05
eec: 343.996
weight: 2.35212e-05
eec: 1077.27
weight: 0.000297241
eec: 29.0765
weight: 0.000109387
eec: 1123.59
weight: 4.03495e-05
eec: 283.642
weight: 2.11485e-07
eec: 605.492
weight: 6.43522e-05
eec: 188.635
weight: 1.32795e-05
eec: 1291.06
weight: 5.46543e-06
eec: 233.086
weight: 1.27738e-05
eec: 106.051
weight: 7.12461e-06
eec: 2698.69
weight: 2.20141e-05
eec: 2154.06
weight: 6.25e-05
eec: 1047.15
weight: 0.000259227
eec: 129.247
weight: 4.32004e-05
eec: 485.546
weight: 1.45697e-05
eec: 418.694
weight: 8.60367e-06
eec: 235.224
weight: 5.37268e-05
eec: 557.739
weight: 0.000183934
eec: 218.705
weight: 0.000135728
eec: 419.059
weight: 1.39501e-05
eec: 829.776
weight: 8.67253e-06
eec: 10.2456
weight: 4.00592e-05
eec: 644.967
weight: 1.09494e-05
eec: 226.003
weight: 8.54933e-06
eec: 127.405
weight: 2.14537e-05
eec: 402.042
weight: 1.37585e-05
eec: 837.448
weight: 1.28231e-05
eec: 20.4937
weight: 3.87052e-06
eec: 324.547
weight: 7.0882e-05
eec: 1018.48
weight: 2.17634e-06
eec: 239.373
weight: 0.000100074
eec: 898.167
weight: 8.4867e-06
eec: 183.99
weight: 0.000303283
eec: 169.366
weight: 0.00049197
eec: 201.991
weight: 4.716e-05
eec: 849.216
weight: 1.70021e-05
eec: 1033
weight: 5.35106e-06
eec: 286.176
weight: 6.99339e-06
eec: 533.076
weight: 7.6883e-05
eec: 649.176
weight: 3.07422e-05
eec: 458.861
weight: 0.000372092
eec: 357.438
weight: 2.01108e-05
eec: 2146.74
weight: 3.86386e-05
eec: 230.87
weight: 4.0391e-05
eec: 426.092
weight: 2.16161e-05
eec: 891.419
weight: 1.08151e-05
eec: 77.7361
weight: 3.70691e-05
eec: 835.299
weight: 9.56968e-08
eec: 133.608
weight: 9.12806e-05
eec: 365.71
weight: 6.94734e-06
eec: 983.187
weight: 3.18489e-06
eec: 1290.59
weight: 3.41019e-05
eec: 218.584
weight: 2.56557e-05
eec: 1400.77
weight: 0.000490751
eec: 575.639
weight: 0.000116127
eec: 299.69
weight: 0.000110581
eec: 1276.79
weight: 0.000202667
eec: 158.406
weight: 0.000469344
eec: 309.249
weight: 1.45008e-05
eec: 1894.02
weight: 7.56817e-06
eec: 59.0101
weight: 2.67602e-05
eec: 367.509
weight: 2.99784e-05
eec: 2850.44
weight: 3.2598e-06
eec: 1039.09
weight: 3.2598e-06
eec: 2453.13
weight: 3.58916e-05
eec: 1091.55
weight: 4.88e-05
eec: 1148.27
weight: 1.03209e-05
eec: 1335.08
weight: 0.000158446
eec: 61.5145
weight: 1.20138e-06
eec: 3150.2
weight: 0.000302774
eec: 1816.67
weight: 1.72537e-06
eec: 2762.96
weight: 0.00079871
eec: 483.689
weight: 7.16624e-05
eec: 1124.74
weight: 1.10571e-05
eec: 625.873
weight: 5.28224e-05
eec: 213.538
weight: 6.6865e-06
eec: 1678.84
weight: 7.92627e-05
eec: 648.194
weight: 1.08878e-05
eec: 864.943
weight: 6.3284e-06
eec: 1684.28
weight: 7.38893e-05
eec: 419.576
weight: 0.000282742
eec: 341.248
weight: 6.11297e-06
eec: 387.84
weight: 0.000505403
eec: 562.491
weight: 0.000602331
eec: 557.279
weight: 0.000221175
eec: 350.675
weight: 1.01843e-05
eec: 1189.09
weight: 7.82104e-06
eec: 621.138
weight: 1.92773e-05
eec: 685.606
weight: 4.85796e-08
eec: 104.105
weight: 6.71307e-06
eec: 1311.12
weight: 3.58516e-06
eec: 487.805
weight: 0.000201483
eec: 322.986
weight: 1.33648e-05
eec: 793.159
weight: 7.15489e-05
eec: 684.852
weight: 2.38932e-05
eec: 19.6343
weight: 2.92334e-05
eec: 1453.9
weight: 1.14002e-05
eec: 741.462
weight: 3.33516e-05
eec: 176.74
weight: 1.36877e-05
eec: 95.7602
weight: 0.000511822
eec: 591.261
weight: 2.19503e-05
eec: 967.508
weight: 1.69572e-05
eec: 228.847
weight: 9.22268e-05
eec: 113.753
Processing: 41.6667 %weight: 2.4066e-05
eec: 451.857
weight: 5.10383e-06
eec: 1024.79
weight: 4.07007e-05
eec: 831.026
weight: 3.66425e-05
eec: 407.063
weight: 0.000158777
eec: 43.5559
weight: 8.92566e-05
eec: 616.479
weight: 1.13744e-05
eec: 1032.36
weight: 0.000332597
eec: 618.671
weight: 3.07929e-06
eec: 283.688
weight: 2.34752e-05
eec: 311.736
weight: 0.000419548
eec: 221.468
weight: 2.11082e-06
eec: 224.045
weight: 1.84019e-06
eec: 545.168
weight: 3.95289e-05
eec: 111.621
weight: 2.14066e-05
eec: 1511.76
weight: 0.000212915
eec: 648.997
weight: 1.10706e-05
eec: 1701.19
weight: 8.88587e-06
eec: 719.693
weight: 1.34645e-05
eec: 4010.07
weight: 0.000393293
eec: 646.128
weight: 0.00029537
eec: 69.2355
weight: 6.41743e-06
eec: 952.565
weight: 4.90525e-05
eec: 161.602
weight: 6.94766e-05
eec: 428.75
weight: 1.28578e-05
eec: 160.634
weight: 1.87745e-05
eec: 1113.05
weight: 6.13409e-06
eec: 800.525
weight: 0.00121115
eec: 536.165
weight: 1.84461e-05
eec: 1110.84
weight: 2.49357e-06
eec: 1407.79
weight: 1.12241e-05
eec: 870.473
weight: 1.12241e-05
eec: 48.1423
weight: 0.000108759
eec: 62.1922
weight: 0.000112601
eec: 1227.12
weight: 1.4791e-05
eec: 1545.09
weight: 2.50797e-05
eec: 700.779
weight: 6.10243e-05
eec: 666.407
weight: 1.10772e-06
eec: 285.505
weight: 5.14019e-05
eec: 254.504
weight: 2.26524e-05
eec: 978.941
weight: 3.94665e-05
eec: 3.62955
weight: 8.03835e-06
eec: 2415.06
weight: 5.43983e-05
eec: 602.788
weight: 2.40188e-06
eec: 476.671
weight: 1.29081e-05
eec: 854.432
weight: 1.13443e-06
eec: 1648.81
weight: 4.22236e-06
eec: 260.924
weight: 5.2972e-06
eec: 320.39
weight: 4.68805e-07
eec: 1283.45
weight: 7.7794e-05
eec: 193.904
weight: 5.42733e-09
eec: 299.674
weight: 2.89902e-06
eec: 176.72
weight: 3.59308e-06
eec: 306.714
weight: 0.000208846
eec: 58.3005
weight: 0.000127983
eec: 54.7997
weight: 6.27822e-06
eec: 2894.07
weight: 0.000156643
eec: 126.027
weight: 2.35611e-07
eec: 1681.09
weight: 7.69482e-05
eec: 107.817
weight: 0.000209916
eec: 1376.88
weight: 5.82789e-06
eec: 323.04
weight: 0.000115384
eec: 1144.26
weight: 8.98184e-06
eec: 510.123
weight: 2.50863e-07
eec: 903.247
weight: 0.000300454
eec: 1847.62
weight: 9.03555e-05
eec: 1131.24
weight: 3.34652e-06
eec: 1252.57
weight: 3.30511e-05
eec: 64.144
weight: 7.01493e-05
eec: 205.72
weight: 4.82721e-05
eec: 85.3784
weight: 0.000417242
eec: 51.5937
weight: 0.000505801
eec: 730.88
weight: 1.302e-05
eec: 410.11
weight: 2.08888e-05
eec: 208.96
weight: 4.34616e-05
eec: 787.207
weight: 2.0936e-05
eec: 281.988
weight: 2.24946e-06
eec: 404.165
weight: 1.55773e-07
eec: 22.1275
weight: 4.19606e-06
eec: 723.846
weight: 1.38419e-05
eec: 1923.61
weight: 1.5082e-05
eec: 292.585
weight: 7.47661e-05
eec: 71.6676
weight: 0.000743344
eec: 161.79
weight: 0.00132797
eec: 69.3919

ROOT exit code = 0
