gSystem->Load("run_condor_job_Run3_C.so");
run_condor_job_Run3(62, 100, 2,
                    80, 200,
                    1, 1, 1, 0);
.q

ENTERED run_condor_job_Run3()
JOBID = 62
  global job = 62  Job 62/100  events [3716280, 3776220)  total=5994000
Processing events [3716280, 3776220) of 5994000
weight: 4.01008e-06
eec: 1518.98
weight: 1.47978e-05
eec: 599.56
weight: 2.12433e-05
eec: 257.455
weight: 2.12086e-05
eec: 118.192
weight: 1.27108e-05
eec: 516.675
weight: 9.9823e-05
eec: 92.8381
weight: 2.10074e-06
eec: 246.993
weight: 0.000121664
eec: 105.337
weight: 4.63697e-05
eec: 1011.44
weight: 3.92058e-06
eec: 964.089
weight: 3.6422e-05
eec: 324.084
weight: 0.00358026
eec: 552.427
weight: 7.40773e-05
eec: 489.688
weight: 8.57716e-07
eec: 1261.45
weight: 6.75702e-05
eec: 876.975
weight: 6.61363e-06
eec: 4805.04
weight: 1.65638e-05
eec: 188.347
weight: 2.8463e-05
eec: 95.5599
weight: 0.000123315
eec: 96.0552
weight: 2.98133e-05
eec: 128.197
weight: 7.79143e-05
eec: 215.844
weight: 9.23408e-06
eec: 30.0063
weight: 2.02203e-05
eec: 1302.76
weight: 0.000105045
eec: 366.779
weight: 8.226e-06
eec: 1021.99
weight: 5.76164e-06
eec: 1440.24
weight: 0.000668483
eec: 367.128
weight: 7.9238e-05
eec: 523.948
weight: 2.59074e-05
eec: 214.075
weight: 2.33391e-05
eec: 721.302
weight: 0.000502992
eec: 648.783
weight: 0.00019935
eec: 1562.48
weight: 5.1525e-07
eec: 246.757
weight: 4.1536e-06
eec: 802.917
weight: 3.12106e-05
eec: 1298.73
weight: 2.86188e-05
eec: 120.946
weight: 4.7108e-07
eec: 157.992
weight: 1.58492e-05
eec: 414.875
weight: 1.17129e-07
eec: 11.611
weight: 0.000328701
eec: 239.442
weight: 6.71182e-05
eec: 776.543
weight: 0.000513982
eec: 135.99
weight: 2.11506e-05
eec: 153.868
weight: 0.000149281
eec: 85.9609
weight: 7.53057e-07
eec: 2972.36
weight: 7.29889e-06
eec: 466.253
weight: 1.4941e-05
eec: 240.788
weight: 9.18162e-06
eec: 383.821
weight: 4.37104e-05
eec: 31.0356
weight: 1.22524e-05
eec: 758.865
weight: 5.87866e-07
eec: 388.494
weight: 4.77467e-05
eec: 50.7429
weight: 8.49967e-05
eec: 2458.61
weight: 4.63803e-06
eec: 19.343
weight: 8.67675e-06
eec: 490.241
weight: 0.000137385
eec: 194.136
weight: 4.31702e-05
eec: 453.811
weight: 8.40621e-06
eec: 1337.89
weight: 0.000369539
eec: 815.673
weight: 1.49496e-05
eec: 877.297
weight: 0.000177477
eec: 463.915
weight: 2.12369e-05
eec: 1158.74
weight: 2.01198e-05
eec: 474.997
weight: 0.00014734
eec: 294.612
weight: 3.79422e-06
eec: 205.638
weight: 2.51038e-05
eec: 308.85
weight: 0.000249096
eec: 223.543
weight: 3.53427e-06
eec: 818.482
weight: 1.49058e-06
eec: 597.316
weight: 0.000368412
eec: 568.96
weight: 2.56494e-05
eec: 416.772
weight: 6.95163e-06
eec: 1131.94
weight: 2.00826e-05
eec: 341.1
weight: 1.07308e-05
eec: 181.766
weight: 1.39974e-05
eec: 922.341
weight: 7.57527e-06
eec: 226.933
weight: 8.93315e-05
eec: 224.174
weight: 5.89045e-05
eec: 414.082
weight: 0.000153677
eec: 2778.5
weight: 6.89958e-07
eec: 399.093
weight: 0.00033033
eec: 51.9772
weight: 1.62887e-05
eec: 785.579
weight: 2.24494e-05
eec: 253.777
weight: 2.44623e-05
eec: 559.283
weight: 1.2944e-05
eec: 219.189
weight: 6.41304e-06
eec: 724.362
weight: 1.08915e-06
eec: 1489.35
weight: 0.000157144
eec: 676.414
weight: 1.54111e-05
eec: 312.979
weight: 1.14745e-06
eec: 1516.45
weight: 2.57963e-05
eec: 248.686
weight: 4.3984e-05
eec: 643.368
weight: 8.90498e-06
eec: 545.951
weight: 6.72211e-05
eec: 224.96
weight: 6.72211e-05
eec: 575.009
weight: 1.64142e-07
eec: 220.901
weight: 1.74695e-05
eec: 746.199
weight: 2.86893e-05
eec: 644.893
weight: 9.27343e-05
eec: 94.0989
weight: 9.40847e-06
eec: 3712.52
weight: 0.000170173
eec: 226.244
weight: 5.92439e-08
eec: 203.762
weight: 6.12467e-05
eec: 1118.93
weight: 3.57052e-06
eec: 1001.27
weight: 2.50312e-05
eec: 210.1
weight: 4.50693e-05
eec: 78.1163
weight: 9.95927e-06
eec: 171.602
weight: 4.3805e-05
eec: 24.0413
weight: 0.000289332
eec: 526.022
weight: 9.05306e-06
eec: 1076.82
weight: 0.000389515
eec: 266.196
weight: 8.87509e-06
eec: 255.933
weight: 0.00010247
eec: 1261.28
weight: 7.13747e-05
eec: 946.708
weight: 1.29318e-06
eec: 619.918
weight: 3.72844e-06
eec: 1706.83
weight: 3.72844e-06
eec: 757.803
weight: 6.94627e-07
eec: 180.687
weight: 0.000287981
eec: 437.991
weight: 1.08063e-05
eec: 345.153
weight: 6.75655e-06
eec: 1605.04
weight: 1.22658e-07
eec: 378.615
weight: 0.000125267
eec: 52.7792
weight: 1.97987e-05
eec: 68.9345
weight: 1.95929e-05
eec: 990.58
weight: 1.20643e-05
eec: 474.118
weight: 0.000398557
eec: 430.287
weight: 4.61745e-07
eec: 91.9898
weight: 1.80316e-06
eec: 324.017
weight: 9.1733e-05
eec: 549.11
weight: 3.47023e-06
eec: 601.24
weight: 2.41005e-05
eec: 599.982
weight: 0.000775319
eec: 401.037
weight: 4.51786e-05
eec: 1184.96
weight: 2.10666e-05
eec: 382.435
weight: 7.74799e-06
eec: 1260.09
weight: 1.78168e-05
eec: 323.923
weight: 8.71354e-06
eec: 105.89
weight: 5.09191e-05
eec: 58.3772
weight: 6.20482e-06
eec: 59.9838
weight: 1.20644e-07
eec: 350.947
weight: 1.17834e-05
eec: 1422.96
Processing: 62.5626 %weight: 3.24277e-05
eec: 868.542
weight: 0.000200137
eec: 276.826
weight: 1.18548e-06
eec: 2643.7
weight: 1.08375e-05
eec: 399.582
weight: 0.000154868
eec: 264.452
weight: 3.95465e-05
eec: 1394.43
weight: 0.000164901
eec: 301.029
weight: 3.98412e-05
eec: 399.75
weight: 9.44281e-06
eec: 2137.19
weight: 2.10653e-06
eec: 2269.44
weight: 0.000168742
eec: 137.511
weight: 2.88684e-05
eec: 422.396
weight: 7.21244e-05
eec: 210.193
weight: 4.09797e-08
eec: 1293.42
weight: 1.3098e-05
eec: 370.727
weight: 2.51649e-05
eec: 172.847
weight: 1.05156e-05
eec: 822.848
weight: 6.09245e-05
eec: 44.3575
weight: 6.23408e-07
eec: 421.42
weight: 5.33853e-05
eec: 216.781
weight: 2.79144e-05
eec: 2695.42
weight: 2.3039e-05
eec: 776.476
weight: 7.13945e-05
eec: 792.445
weight: 1.66483e-06
eec: 1227.65
weight: 5.11374e-06
eec: 92.0658
weight: 0.000489436
eec: 71.2607
weight: 1.43348e-05
eec: 631.736
weight: 7.12535e-06
eec: 420.101
weight: 9.8738e-05
eec: 61.4365
weight: 5.16413e-06
eec: 430.885
weight: 8.67649e-05
eec: 1515.4
weight: 3.56932e-05
eec: 302.713
weight: 2.78757e-06
eec: 458.096
weight: 3.81395e-05
eec: 1576.73
weight: 0.00034763
eec: 601.132
weight: 6.88707e-05
eec: 116.853
weight: 3.42638e-05
eec: 656.687
weight: 8.89172e-05
eec: 12.6364
weight: 6.20611e-05
eec: 607.959
weight: 0.000622305
eec: 388.397
weight: 3.6404e-05
eec: 265.666
weight: 7.50466e-06
eec: 2581.73
weight: 8.24647e-07
eec: 169.098
weight: 1.50403e-05
eec: 1385.71
weight: 0.000420675
eec: 35.7828
weight: 3.3233e-06
eec: 865.28
weight: 2.3763e-08
eec: 58.4242
weight: 9.89275e-05
eec: 211.302
weight: 2.4882e-05
eec: 823.968
weight: 5.92147e-06
eec: 981.77
weight: 6.17808e-06
eec: 452.975
weight: 6.3942e-06
eec: 460.053
weight: 1.84327e-05
eec: 184.022
weight: 5.372e-06
eec: 902.512
weight: 1.94768e-05
eec: 374.641
weight: 2.86559e-07
eec: 668.248
weight: 0.000123989
eec: 1005.66
weight: 1.3858e-05
eec: 170.277
weight: 2.00258e-06
eec: 1331.05
weight: 8.66452e-05
eec: 70.2202
weight: 4.6334e-05
eec: 54.3235
weight: 1.48524e-05
eec: 634.455
weight: 1.48524e-05
eec: 147.49
weight: 5.81797e-06
eec: 2826.12
weight: 3.78588e-05
eec: 370.344
weight: 7.68023e-06
eec: 981.497
weight: 1.02175e-05
eec: 1684.41
weight: 7.63324e-05
eec: 639.57
weight: 0.00184336
eec: 404.455
weight: 1.93292e-05
eec: 347.795
weight: 1.6558e-05
eec: 1227.13
weight: 9.05352e-06
eec: 198.656
weight: 9.65625e-06
eec: 337.465
weight: 1.56061e-06
eec: 631.646
weight: 5.16845e-06
eec: 746.175
weight: 5.28554e-06
eec: 2679.98
weight: 6.94211e-06
eec: 3141.59
weight: 1.21768e-05
eec: 2173.61
weight: 7.95183e-06
eec: 359.075
weight: 6.9036e-06
eec: 1304.98
weight: 2.19432e-05
eec: 154.67
weight: 6.49363e-07
eec: 947.024
weight: 1.15479e-06
eec: 1179.05
weight: 4.62818e-05
eec: 338.263
weight: 3.77272e-05
eec: 1023.56
weight: 1.74882e-05
eec: 26.3046
weight: 1.66743e-05
eec: 756.069
weight: 1.97493e-05
eec: 112.081
weight: 1.54389e-05
eec: 90.4412
weight: 6.94319e-06
eec: 419.936
weight: 7.55716e-05
eec: 1067.47
weight: 5.16197e-06
eec: 134.532
weight: 1.73907e-05
eec: 316.919
weight: 5.46131e-05
eec: 428.578
weight: 4.51142e-06
eec: 713.054
weight: 9.07055e-05
eec: 163.73
weight: 2.56721e-05
eec: 100.804
weight: 1.9933e-05
eec: 138.674
weight: 2.04999e-05
eec: 241.813
weight: 6.12892e-05
eec: 186.017
weight: 1.57207e-06
eec: 10.9752
weight: 1.27471e-05
eec: 64.0067
weight: 5.2501e-06
eec: 280.368
weight: 0.000196026
eec: 279.897
weight: 1.81825e-07
eec: 189.543
weight: 0.000104357
eec: 1237.65
weight: 2.81659e-05
eec: 2399.39
weight: 2.81659e-05
eec: 907.718
weight: 5.76087e-06
eec: 1302.36
weight: 5.80832e-06
eec: 1621.47
weight: 0.000204459
eec: 219.631
weight: 1.21453e-05
eec: 1772.74
weight: 3.62932e-05
eec: 220.153
weight: 0.00036775
eec: 5.59692
weight: 1.18459e-06
eec: 291.151
weight: 1.07768e-05
eec: 359.829
weight: 0.000161848
eec: 316.862
weight: 2.05096e-06
eec: 184.773
weight: 0.000386012
eec: 110.139
weight: 6.93385e-05
eec: 111.57
weight: 1.82809e-06
eec: 207.646
weight: 6.2033e-05
eec: 86.1229
weight: 4.73043e-05
eec: 623.214
weight: 2.02949e-05
eec: 463.195
weight: 2.55907e-05
eec: 1124.66
weight: 0.00100955
eec: 791.339
weight: 3.67938e-06
eec: 474.466
weight: 1.11108e-05
eec: 217.863
weight: 0.000492129
eec: 220.485
weight: 6.97095e-05
eec: 206.731

ROOT exit code = 0
