gSystem->Load("run_condor_job_Run3_C.so");
run_condor_job_Run3(621, 100, 2,
                    80, 200,
                    1, 1, 1, 6);
.q

ENTERED run_condor_job_Run3()
JOBID = 621
  global job = 621  Job 21/100  events [1238580, 1297560)  total=5898000
Processing events [1238580, 1297560) of 5898000
weight: 9.68257e-06
eec: 631.342
weight: 6.69608e-06
eec: 362.982
weight: 4.71899e-06
eec: 48.5718
weight: 4.13555e-05
eec: 442.36
weight: 3.45497e-06
eec: 1830.82
weight: 1.04049e-05
eec: 801.568
weight: 0.000410257
eec: 19.6187
weight: 2.08156e-05
eec: 573.151
weight: 5.34238e-05
eec: 162.75
weight: 4.02564e-06
eec: 180.011
weight: 6.52104e-06
eec: 425.203
weight: 4.6923e-05
eec: 147.999
weight: 0.000119919
eec: 954.592
weight: 0.000108812
eec: 960.707
weight: 0.000245153
eec: 29.7814
weight: 0.000222252
eec: 415.628
weight: 8.04566e-05
eec: 86.9367
weight: 5.55366e-05
eec: 251.18
weight: 2.63648e-05
eec: 1358.28
weight: 5.61042e-06
eec: 1556.99
weight: 0.000143826
eec: 410.828
weight: 1.49017e-05
eec: 1431.65
weight: 5.51924e-05
eec: 127.731
weight: 2.53095e-05
eec: 1555.39
weight: 0.000185035
eec: 487.172
weight: 2.34072e-07
eec: 472.583
weight: 2.78481e-07
eec: 288.541
weight: 2.91689e-05
eec: 521.036
weight: 2.30937e-06
eec: 774.345
weight: 2.6193e-05
eec: 1026.72
weight: 1.20035e-05
eec: 1810.47
weight: 5.58448e-05
eec: 418.389
weight: 7.59135e-05
eec: 1354.72
weight: 3.94732e-07
eec: 390.841
weight: 1.04079e-07
eec: 162.79
weight: 2.7826e-05
eec: 33.9238
weight: 1.2177e-05
eec: 318.982
weight: 0.000193428
eec: 1008.74
weight: 3.37699e-05
eec: 866.97
weight: 3.85173e-05
eec: 340.301
weight: 1.35123e-05
eec: 356.255
weight: 9.93156e-05
eec: 427.812
weight: 2.79875e-05
eec: 261.518
weight: 0.000105772
eec: 103.193
weight: 4.12204e-05
eec: 306.659
weight: 8.18368e-07
eec: 664.099
weight: 0.000244389
eec: 671.498
weight: 3.18883e-05
eec: 327.041
weight: 1.47042e-05
eec: 107.903
weight: 0.000154739
eec: 1241.57
weight: 0.000157111
eec: 858.528
weight: 0.000105215
eec: 783.402
weight: 2.20465e-05
eec: 1813.31
weight: 2.32752e-06
eec: 133.042
weight: 4.90087e-05
eec: 2310.19
weight: 6.5122e-06
eec: 46.926
weight: 0.00019604
eec: 170.839
weight: 3.07095e-06
eec: 309.243
Processing: 21.1936 %weight: 0.000108144
eec: 803.618
weight: 1.14479e-05
eec: 879.704
weight: 1.93001e-05
eec: 243.343
weight: 5.13102e-06
eec: 182.735
weight: 3.42823e-05
eec: 317.591
weight: 6.361e-05
eec: 690.249
weight: 8.18357e-05
eec: 2074
weight: 2.81272e-06
eec: 67.5047
weight: 1.37198e-05
eec: 1055.49
weight: 7.72554e-05
eec: 857.066
weight: 2.78766e-06
eec: 2037.18
weight: 0.000184493
eec: 42.4642
weight: 3.56309e-05
eec: 193.253
weight: 9.88693e-05
eec: 297.365
weight: 2.37009e-05
eec: 287.154
weight: 4.55651e-06
eec: 1792.64
weight: 7.2266e-05
eec: 579.926
weight: 6.46988e-06
eec: 994.829
weight: 9.76221e-06
eec: 2597.77
weight: 8.69847e-05
eec: 517.32
weight: 0.000631748
eec: 407.646
weight: 0.000137156
eec: 29.4755
weight: 8.90867e-06
eec: 120.665
weight: 4.03138e-05
eec: 148.713
weight: 2.87262e-05
eec: 136.623
weight: 0.000729473
eec: 320.79
weight: 2.34306e-05
eec: 348.526
weight: 0.000499757
eec: 430.572
weight: 3.22078e-05
eec: 1053.64
weight: 0.000404396
eec: 349.199
weight: 7.09998e-07
eec: 113.407
weight: 0.000267667
eec: 60.2827
weight: 8.39742e-06
eec: 1028.73
weight: 1.05427e-05
eec: 741.211
weight: 0.000107231
eec: 486.803
weight: 0.000251861
eec: 789.537
weight: 0.000376999
eec: 313.915
weight: 8.03159e-05
eec: 780.031
weight: 5.1161e-06
eec: 163.499
weight: 2.81524e-07
eec: 154.373
weight: 1.66087e-05
eec: 149.388
weight: 4.84611e-06
eec: 834.072
weight: 1.36923e-06
eec: 4499.72
weight: 0.000181644
eec: 111.911
weight: 1.63927e-05
eec: 1492.1
weight: 1.34709e-05
eec: 302.045
weight: 3.55659e-05
eec: 254.993
weight: 9.10625e-07
eec: 1921.7
weight: 7.73243e-06
eec: 2838.28
weight: 1.41744e-05
eec: 619.382
weight: 2.65573e-05
eec: 945.524
weight: 7.51651e-06
eec: 56.9613
weight: 1.08141e-05
eec: 1717.08
weight: 8.52514e-07
eec: 228.562
weight: 2.70965e-07
eec: 133.817
weight: 0.00014596
eec: 650.082
weight: 7.10644e-08
eec: 386.78
weight: 0.000217567
eec: 110.168
weight: 0.000150678
eec: 207.067
weight: 0.000315943
eec: 525.86
weight: 0.000469143
eec: 55.643
weight: 0.000274412
eec: 125.523
weight: 8.88606e-07
eec: 316.646
weight: 9.2848e-06
eec: 84.4645
weight: 4.84455e-06
eec: 775.153
weight: 3.33632e-05
eec: 219.258
weight: 7.90965e-05
eec: 1023.39
weight: 1.83434e-05
eec: 657.253
weight: 1.30506e-05
eec: 511.303
weight: 8.76752e-05
eec: 99.0766
weight: 4.7744e-05
eec: 597.329
weight: 2.20845e-05
eec: 343.062
weight: 0.000179658
eec: 104.216
weight: 3.20048e-06
eec: 133.014
weight: 0.000180621
eec: 298.249
weight: 0.000240916
eec: 407.794
weight: 5.7776e-05
eec: 197.946
weight: 9.37643e-06
eec: 2169.64
weight: 0.000966121
eec: 101.129
weight: 1.46498e-05
eec: 246.245
weight: 0.00025624
eec: 670.157
weight: 5.70166e-06
eec: 50.799
weight: 1.59188e-05
eec: 69.4839
weight: 0.000294552
eec: 57.2925
weight: 2.70925e-05
eec: 770.576
weight: 8.15491e-06
eec: 204.039
weight: 6.04831e-05
eec: 129.905
weight: 2.35459e-06
eec: 66.4608
weight: 0.000107059
eec: 97.2503
weight: 3.74291e-07
eec: 3447.72
weight: 0.000221781
eec: 329.299
weight: 6.85554e-06
eec: 56.2398
weight: 4.7438e-05
eec: 72.0606
weight: 0.000208829
eec: 475.921
weight: 3.77313e-05
eec: 516.894
weight: 1.80157e-05
eec: 59.4303
weight: 5.18926e-05
eec: 1529.45
weight: 0.00012727
eec: 943.328
weight: 4.86082e-06
eec: 1572.12
weight: 0.000763295
eec: 36.9162
weight: 0.000100317
eec: 26.8591
weight: 2.26036e-05
eec: 216.621
weight: 1.68642e-05
eec: 43.9709
weight: 6.38862e-06
eec: 198.264
weight: 1.07807e-05
eec: 723.489
weight: 0.000102876
eec: 326.31
weight: 3.88907e-06
eec: 3700.36
weight: 1.42532e-05
eec: 3519.66
weight: 3.28906e-06
eec: 803.276
weight: 0.000312659
eec: 496.974
weight: 3.94477e-06
eec: 127.412
weight: 3.34501e-08
eec: 1361.14
weight: 0.000133635
eec: 264.702
weight: 1.59551e-05
eec: 603.053
weight: 1.1945e-05
eec: 68.1977
weight: 8.2521e-05
eec: 64.1617
weight: 3.50744e-06
eec: 1420.82
weight: 3.50744e-06
eec: 1059.39
weight: 1.09158e-05
eec: 619.703
weight: 8.83004e-05
eec: 1323.44
weight: 0.000629844
eec: 52.5845
weight: 1.90138e-06
eec: 1059.76
weight: 0.00065191
eec: 356.266
weight: 2.79958e-05
eec: 115.689
weight: 6.5049e-07
eec: 660.531
weight: 0.000103419
eec: 279.685
weight: 6.90729e-07
eec: 352.505
weight: 1.03002e-05
eec: 1369.95
weight: 0.000313277
eec: 356.368
weight: 0.00024341
eec: 389.723
weight: 3.60339e-06
eec: 13.0949
weight: 1.25228e-05
eec: 2960.96
weight: 4.92957e-05
eec: 749.7
weight: 2.47848e-05
eec: 113.318
weight: 4.52291e-05
eec: 93.2689
weight: 4.70704e-06
eec: 524.462
weight: 5.94911e-05
eec: 21.1183
weight: 0.000416471
eec: 1255.79
weight: 4.26085e-05
eec: 617.654
weight: 0.000291448
eec: 36.1003
weight: 0.000138507
eec: 191.077
weight: 0.000162711
eec: 55.039
weight: 4.18669e-06
eec: 1102.71
weight: 1.31936e-05
eec: 204.365
weight: 0.00010947
eec: 708.807
weight: 0.000100285
eec: 322.507
weight: 6.31903e-06
eec: 871.987
weight: 1.2703e-05
eec: 37.2713
weight: 0.000269711
eec: 260.321
weight: 0.000249408
eec: 63.5544
weight: 0.000402824
eec: 110.783
weight: 1.06347e-05
eec: 563.189
weight: 1.42937e-05
eec: 1644.6
weight: 0.000114908
eec: 168.067
weight: 1.66179e-05
eec: 510.788
weight: 0.000589842
eec: 912.274
weight: 2.93466e-05
eec: 160.639
weight: 7.62442e-06
eec: 316.496
weight: 1.66092e-05
eec: 83.7696
weight: 5.91693e-06
eec: 2109.08
weight: 0.000189483
eec: 41.684
weight: 0.000225526
eec: 557.043
weight: 3.37171e-05
eec: 610.648
weight: 1.06287e-05
eec: 4143.9
weight: 2.56775e-05
eec: 175.463
weight: 0.000153668
eec: 943.377
weight: 5.9787e-05
eec: 37.5189
weight: 1.82015e-05
eec: 806.889
weight: 5.48017e-06
eec: 2374.59
weight: 0.000208839
eec: 208.715
weight: 6.95424e-05
eec: 182.546
weight: 1.75498e-05
eec: 525.029
weight: 2.3528e-06
eec: 82.6906
weight: 2.21877e-07
eec: 197.248
weight: 3.71861e-07
eec: 776.875
weight: 2.3656e-06
eec: 1681.48
weight: 5.03275e-06
eec: 447.011
weight: 6.09549e-05
eec: 757.623
weight: 6.87629e-05
eec: 291.992
weight: 2.64135e-05
eec: 125.493
weight: 2.76397e-05
eec: 741.331
weight: 8.34585e-05
eec: 936.012
weight: 2.06476e-05
eec: 604.82
weight: 2.3243e-06
eec: 204.202
weight: 1.08414e-05
eec: 1787.13
weight: 3.78348e-05
eec: 777.946
weight: 5.33005e-05
eec: 308.704
weight: 2.57367e-05
eec: 770.606
weight: 3.08029e-05
eec: 180.316
weight: 3.74578e-06
eec: 1719.32
weight: 5.78228e-05
eec: 815.982
weight: 3.12877e-05
eec: 553.864
weight: 3.14562e-05
eec: 198.464
weight: 1.38534e-05
eec: 737.22
weight: 2.789e-05
eec: 544.542
weight: 2.81005e-07
eec: 400.509
weight: 0.00147048
eec: 420.923
weight: 3.04814e-05
eec: 1420.29
weight: 1.85551e-05
eec: 1571.72
weight: 5.21193e-05
eec: 472.246
weight: 5.22219e-06
eec: 188.308
weight: 5.78618e-05
eec: 524.641
weight: 4.03119e-06
eec: 1846.25
weight: 1.31823e-05
eec: 638.202
weight: 2.87818e-05
eec: 217.917
weight: 2.87818e-05
eec: 305.418
weight: 9.69409e-06
eec: 1493.83
weight: 9.34756e-06
eec: 354.089
weight: 6.57865e-05
eec: 511.827
weight: 0.000207999
eec: 962.854
weight: 9.74937e-06
eec: 1696.01
weight: 7.97982e-05
eec: 668.375
weight: 4.70313e-06
eec: 2188.46
weight: 0.000112054
eec: 10.8048
weight: 2.36211e-07
eec: 559.98

ROOT exit code = 0
