gSystem->Load("run_condor_job_Run3_C.so");
run_condor_job_Run3(820, 100, 2,
                    80, 200,
                    1, 1, 1, 8);
.q

ENTERED run_condor_job_Run3()
JOBID = 820
  global job = 820  Job 20/100  events [1200000, 1260000)  total=6000000
Processing events [1200000, 1260000) of 6000000
Processing: 20 %weight: 7.63433e-06
eec: 48.1864
weight: 3.71476e-05
eec: 97.9822
weight: 5.22844e-05
eec: 439.579
weight: 5.3138e-05
eec: 1835.09
weight: 3.65399e-06
eec: 248.088
weight: 4.55725e-05
eec: 232.837
weight: 0.00023612
eec: 425.975
weight: 5.26614e-07
eec: 563.135
weight: 4.66599e-05
eec: 554.318
weight: 0.000158255
eec: 353.299
weight: 2.16277e-05
eec: 126.855
weight: 0.000161163
eec: 1186.93
weight: 4.51797e-06
eec: 45.5294
weight: 2.84631e-05
eec: 859.608
weight: 0.000108859
eec: 446.944
weight: 8.68418e-07
eec: 281.027
weight: 0.000160159
eec: 1992.28
weight: 0.000145714
eec: 159.116
weight: 1.51202e-05
eec: 698.825
weight: 3.31308e-05
eec: 576.798
weight: 1.06846e-05
eec: 60.0695
weight: 0.000485285
eec: 883.317
weight: 4.5362e-06
eec: 151.393
weight: 1.3778e-05
eec: 384.666
weight: 1.1972e-05
eec: 421.661
weight: 2.58191e-05
eec: 560.818
weight: 0.000157845
eec: 173.608
weight: 5.09563e-05
eec: 66.8238
weight: 3.74024e-05
eec: 805.625
weight: 1.47153e-05
eec: 125.493
weight: 7.60808e-06
eec: 445.455
weight: 8.52764e-05
eec: 126.632
weight: 1.32208e-05
eec: 1225.27
weight: 3.20972e-07
eec: 430.488
weight: 5.06971e-07
eec: 195.89
weight: 2.37522e-05
eec: 1196.69
weight: 1.79163e-05
eec: 1538.73
weight: 0.00014328
eec: 226.543
weight: 7.42471e-05
eec: 1291.31
weight: 2.57098e-05
eec: 107.928
weight: 0.00017847
eec: 2371.92
weight: 3.82879e-06
eec: 231.727
weight: 3.37028e-05
eec: 1084.02
weight: 0.000104156
eec: 53.6839
weight: 1.01105e-05
eec: 87.8715
weight: 0.000548776
eec: 416.662
weight: 0.000303308
eec: 683.208
weight: 1.77333e-05
eec: 760.644
weight: 1.02718e-07
eec: 275.655
weight: 3.59727e-05
eec: 143.842
weight: 1.83075e-05
eec: 1365.45
weight: 4.22618e-07
eec: 72.0212
weight: 5.25605e-06
eec: 1048.58
weight: 2.22805e-05
eec: 1887.47
weight: 0.000172338
eec: 404.578
weight: 1.84439e-05
eec: 337.469
weight: 3.60086e-06
eec: 1093.88
weight: 1.42148e-05
eec: 70.4962
weight: 1.23026e-05
eec: 437.468
weight: 7.73911e-07
eec: 447.947
weight: 0.000154297
eec: 371.81
weight: 0.000270691
eec: 286.495
weight: 2.58839e-05
eec: 560.08
weight: 3.06615e-06
eec: 348.407
weight: 2.91302e-07
eec: 1231.44
weight: 7.98609e-06
eec: 3700.24
weight: 6.72622e-05
eec: 194.715
weight: 2.57008e-05
eec: 258.448
weight: 6.73311e-06
eec: 1318.49
weight: 2.39764e-05
eec: 1374.26
weight: 1.04395e-05
eec: 1029.24
weight: 2.57983e-06
eec: 341.817
weight: 1.91444e-05
eec: 1824.33
weight: 2.65411e-05
eec: 145.984
weight: 3.29912e-05
eec: 142.226
weight: 6.18875e-07
eec: 915.867
weight: 1.32343e-05
eec: 417.505
weight: 4.91676e-05
eec: 831.254
weight: 5.96267e-05
eec: 81.7261
weight: 2.09308e-05
eec: 79.2302
weight: 1.35758e-05
eec: 373.77
weight: 2.49597e-05
eec: 812.51
weight: 7.20223e-05
eec: 251.732
weight: 6.86562e-05
eec: 2143.79
weight: 8.40432e-06
eec: 46.731
weight: 1.39893e-05
eec: 351.656
weight: 1.19036e-05
eec: 95.2883
weight: 1.19036e-05
eec: 261.618
weight: 2.43401e-06
eec: 1910.32
weight: 1.49479e-06
eec: 608.097
weight: 2.27326e-08
eec: 317.906
weight: 4.24678e-06
eec: 1011.23
weight: 1.53073e-05
eec: 57.4245
weight: 5.83219e-07
eec: 1569.58
weight: 0.000245899
eec: 267.004
weight: 2.39433e-05
eec: 566.947
weight: 4.56616e-05
eec: 14.1324
weight: 1.39571e-06
eec: 227.738
weight: 1.45828e-05
eec: 303.652
weight: 3.94268e-05
eec: 157.916
weight: 4.00787e-06
eec: 943.84
weight: 5.44316e-07
eec: 978.573
weight: 4.80686e-05
eec: 675.888
weight: 6.07669e-05
eec: 478.084
weight: 4.4093e-05
eec: 393.113
weight: 2.23396e-05
eec: 468.516
weight: 3.19832e-06
eec: 441.804
weight: 1.2828e-07
eec: 1359.14
weight: 1.60933e-07
eec: 59.3452
weight: 6.89104e-06
eec: 1448.49
weight: 2.91589e-06
eec: 3422.74
weight: 3.98795e-07
eec: 117.502
weight: 8.3582e-06
eec: 82.3407
weight: 9.07745e-06
eec: 1288.32
weight: 2.09445e-06
eec: 385.477
weight: 3.37578e-06
eec: 480.633
weight: 6.09095e-06
eec: 265.323
weight: 3.33338e-06
eec: 243.275
weight: 1.07393e-05
eec: 844.717
weight: 1.71256e-06
eec: 1325.58
weight: 8.6197e-07
eec: 95.0163
weight: 1.32191e-06
eec: 796.885
weight: 0.000120507
eec: 202.618
weight: 1.67139e-05
eec: 35.2191
weight: 0.000352578
eec: 62.395
weight: 9.25487e-06
eec: 1668.6
weight: 2.30704e-05
eec: 112.794
weight: 6.99083e-07
eec: 219.026
weight: 9.38556e-05
eec: 13.1734
weight: 1.45499e-05
eec: 193.371
weight: 8.37111e-05
eec: 20.8891
weight: 0.00062007
eec: 83.9152
weight: 1.46602e-05
eec: 598.432
weight: 1.8235e-06
eec: 68.0135
weight: 5.78718e-05
eec: 1061.81
weight: 1.24777e-05
eec: 324.078
weight: 0.00019383
eec: 322.466
weight: 0.000144165
eec: 415.629
weight: 9.9059e-05
eec: 32.1911
weight: 0.000103394
eec: 261.89
weight: 6.56621e-05
eec: 102.396
weight: 3.6117e-07
eec: 1549.93
weight: 2.80281e-05
eec: 307.321
weight: 3.08384e-05
eec: 539.892
weight: 3.12959e-06
eec: 414.829
weight: 0.000755897
eec: 668.064
weight: 1.74405e-05
eec: 435.971
weight: 9.56065e-06
eec: 645.69
weight: 0.000110052
eec: 345.852
weight: 7.33875e-05
eec: 1434.03
weight: 5.20454e-05
eec: 299.508
weight: 0.000224282
eec: 1369.4
weight: 0.000156712
eec: 642.379
weight: 4.564e-05
eec: 157.738
weight: 3.16381e-05
eec: 141.117
weight: 1.05666e-05
eec: 462.269
weight: 6.77606e-05
eec: 1225.91
weight: 1.07887e-05
eec: 473.096
weight: 7.6101e-05
eec: 1811.65
weight: 1.98634e-07
eec: 466.264
weight: 2.07959e-05
eec: 130.792
weight: 3.38139e-05
eec: 1052.2
weight: 0.000380706
eec: 280.568
weight: 1.1235e-05
eec: 322.093
weight: 9.9598e-05
eec: 129.983
weight: 3.73945e-05
eec: 1044.98
weight: 0.000866139
eec: 690.717
weight: 8.32767e-06
eec: 41.6586
weight: 1.40494e-05
eec: 347.192
weight: 1.86602e-05
eec: 500.61
weight: 6.85199e-05
eec: 351.316
weight: 0.000341811
eec: 342.255
weight: 5.6424e-06
eec: 900.385
weight: 0.000836731
eec: 103.055
weight: 7.31725e-06
eec: 1154.49
weight: 1.30966e-05
eec: 1492.56
weight: 1.34888e-05
eec: 3739.64
weight: 6.72105e-05
eec: 84.9412
weight: 1.06172e-05
eec: 200.88
weight: 0.000470096
eec: 235.665
weight: 0.000228943
eec: 482.471
weight: 3.06968e-05
eec: 90.7901
weight: 1.72464e-05
eec: 1164.39
weight: 0.000227063
eec: 1196.53
weight: 9.15761e-05
eec: 876.955
weight: 6.22061e-05
eec: 1208.45
weight: 4.79087e-05
eec: 147.536
weight: 0.00118438
eec: 279.981
weight: 3.01112e-05
eec: 27.7928
weight: 0.000133882
eec: 202.179
weight: 1.30696e-05
eec: 1033.59
weight: 4.20131e-07
eec: 352.401
weight: 0.00294464
eec: 376.564
weight: 4.50421e-06
eec: 338.67
weight: 3.25682e-05
eec: 1741.27
weight: 3.25682e-05
eec: 215.69
weight: 0.000200816
eec: 1238.96
weight: 0.000252803
eec: 1215.88
weight: 0.000186145
eec: 46.7578
weight: 1.05739e-05
eec: 797.681
Processing: 20.8333 %weight: 1.22699e-05
eec: 620.21
weight: 0.000193742
eec: 399.804
weight: 1.48138e-05
eec: 966.006
weight: 7.6982e-07
eec: 187.104
weight: 1.63128e-05
eec: 362.831
weight: 4.89365e-05
eec: 368.299
weight: 2.39553e-05
eec: 669.891
weight: 9.22666e-05
eec: 1237.02
weight: 6.1443e-05
eec: 1010.85
weight: 4.24344e-06
eec: 2239.97
weight: 6.53256e-06
eec: 153.283
weight: 9.06954e-06
eec: 66.8192
weight: 1.53182e-05
eec: 1649.97
weight: 0.00603668
eec: 660.489
weight: 1.64264e-05
eec: 75.6209
weight: 1.18264e-07
eec: 1520.08
weight: 3.61754e-05
eec: 356.558
weight: 1.39667e-05
eec: 1132.38
weight: 1.7556e-05
eec: 2573.13
weight: 2.08073e-05
eec: 5.82564
weight: 4.72992e-06
eec: 133.911
weight: 1.16862e-05
eec: 263.896
weight: 5.1578e-07
eec: 1041.36
weight: 2.90607e-05
eec: 1628.44
weight: 1.29885e-05
eec: 80.9653
weight: 7.22405e-06
eec: 482.795
weight: 3.83177e-06
eec: 968.645
weight: 2.76894e-06
eec: 184.205
weight: 1.57698e-07
eec: 45.8223
weight: 1.45426e-06
eec: 596.715
weight: 1.7418e-05
eec: 111.715
weight: 6.11313e-05
eec: 1053.83
weight: 1.68126e-05
eec: 130.08
weight: 4.51101e-06
eec: 139.892
weight: 0.000112189
eec: 327.384
weight: 7.68069e-05
eec: 530.305
weight: 1.25407e-05
eec: 186.641
weight: 0.000639993
eec: 311.409
weight: 2.05222e-05
eec: 424.014
weight: 0.000124499
eec: 304.55
weight: 1.86762e-05
eec: 571.398
weight: 4.19861e-05
eec: 203.54
weight: 0.000212296
eec: 313.626
weight: 6.11663e-05
eec: 579.146
weight: 2.96428e-06
eec: 35.2365
weight: 4.21991e-06
eec: 1155.03
weight: 7.05881e-05
eec: 938.49
weight: 0.000234449
eec: 1340.57

ROOT exit code = 0
