gSystem->Load("run_condor_job_Run3_C.so");
run_condor_job_Run3(565, 100, 2,
                    80, 200,
                    1, 1, 1, 5);
.q

ENTERED run_condor_job_Run3()
JOBID = 565
  global job = 565  Job 65/100  events [3900000, 3960000)  total=6000000
Processing events [3900000, 3960000) of 6000000
Processing: 65 %weight: 1.19763e-05
eec: 953.908
weight: 4.32812e-06
eec: 363.086
weight: 7.63139e-05
eec: 802.766
weight: 1.89475e-06
eec: 3717.46
weight: 0.000583962
eec: 575.234
weight: 3.25621e-06
eec: 106.14
weight: 3.64485e-06
eec: 434.798
weight: 2.49695e-05
eec: 1991.66
weight: 2.49695e-05
eec: 29.067
weight: 2.55404e-06
eec: 59.8055
weight: 1.70514e-05
eec: 443.501
weight: 5.149e-06
eec: 3120.78
weight: 1.07062e-05
eec: 170.599
weight: 6.47465e-05
eec: 1125.84
weight: 0.000289251
eec: 34.5576
weight: 1.70642e-05
eec: 299.899
weight: 2.88303e-05
eec: 1794.71
weight: 3.47659e-06
eec: 219.223
weight: 1.75728e-06
eec: 141.325
weight: 3.96333e-06
eec: 733.363
weight: 1.51769e-05
eec: 430.084
weight: 8.79917e-07
eec: 706.633
weight: 9.93e-07
eec: 968.5
weight: 1.06758e-05
eec: 206.913
weight: 5.36709e-05
eec: 126.583
weight: 0.000218155
eec: 1048.45
weight: 7.30917e-06
eec: 2466.68
weight: 0.000206598
eec: 128.307
weight: 8.76001e-06
eec: 177.035
weight: 8.03694e-05
eec: 35.6519
weight: 5.73702e-05
eec: 30.5661
weight: 1.20575e-05
eec: 1866.13
weight: 8.98873e-05
eec: 879.488
weight: 0.000175674
eec: 1716.91
weight: 1.95289e-07
eec: 596.162
weight: 6.84707e-07
eec: 301.404
weight: 0.000138565
eec: 235.583
weight: 5.06818e-07
eec: 450.452
weight: 2.60004e-05
eec: 301.643
weight: 3.98697e-05
eec: 84.7819
weight: 1.48369e-05
eec: 383.355
weight: 4.86889e-05
eec: 846.599
weight: 5.56058e-05
eec: 949.331
weight: 1.26531e-05
eec: 144.267
weight: 0.000395307
eec: 191.981
weight: 5.28486e-05
eec: 488.741
weight: 6.20694e-06
eec: 374.187
weight: 1.88693e-05
eec: 540.913
weight: 7.09373e-05
eec: 148.355
weight: 1.44584e-05
eec: 259.937
weight: 0.000293612
eec: 1025.32
weight: 4.76683e-05
eec: 976.626
weight: 3.31378e-05
eec: 71.3281
weight: 0.000295271
eec: 703.096
weight: 5.98657e-06
eec: 913.551
weight: 8.93278e-06
eec: 824.374
weight: 7.89666e-05
eec: 32.369
weight: 3.15947e-05
eec: 756.007
weight: 0.000176053
eec: 364.218
weight: 1.79294e-05
eec: 354.774
weight: 2.23745e-05
eec: 734.928
weight: 6.22252e-06
eec: 709.086
weight: 4.97186e-05
eec: 526.228
weight: 0.000109053
eec: 232.212
weight: 0.000118174
eec: 438.571
weight: 9.55962e-07
eec: 353.053
weight: 1.54728e-05
eec: 614.601
weight: 2.46433e-05
eec: 188.09
weight: 3.54481e-06
eec: 247.71
weight: 0.000180684
eec: 326.528
weight: 2.56282e-05
eec: 1117.36
weight: 1.01876e-05
eec: 1170.73
weight: 6.23412e-05
eec: 333.228
weight: 2.69736e-06
eec: 79.5919
weight: 0.000280111
eec: 125.759
weight: 1.95758e-06
eec: 559.507
weight: 1.65163e-06
eec: 1424.68
weight: 7.44794e-06
eec: 204.421
weight: 8.16543e-05
eec: 683.15
weight: 6.13886e-05
eec: 95.9099
weight: 1.5864e-05
eec: 572.306
weight: 0.000106923
eec: 1058.88
weight: 0.000106923
eec: 1717.7
weight: 1.57699e-05
eec: 60.9606
weight: 8.18133e-06
eec: 1313.63
weight: 0.000223259
eec: 274.586
weight: 6.87865e-06
eec: 693.397
weight: 9.11765e-06
eec: 908.172
weight: 0.000129845
eec: 74.6078
weight: 2.36044e-05
eec: 472.12
weight: 0.000105364
eec: 330.961
weight: 5.27991e-05
eec: 714.849
weight: 2.00948e-05
eec: 237.499
weight: 5.08831e-07
eec: 1316.58
weight: 1.90642e-08
eec: 255.035
weight: 0.000101874
eec: 331.191
weight: 3.23359e-08
eec: 788.91
weight: 1.66617e-06
eec: 653.398
weight: 7.61625e-06
eec: 580.775
weight: 4.99688e-07
eec: 399.161
weight: 1.89874e-05
eec: 1360.01
weight: 6.62412e-05
eec: 2547.28
weight: 3.31674e-05
eec: 1455.25
weight: 5.80206e-05
eec: 507.988
weight: 0.000209549
eec: 285.841
weight: 2.05416e-05
eec: 2329.79
weight: 1.73164e-05
eec: 863.766
weight: 1.57588e-05
eec: 741.453
weight: 0.000106162
eec: 252.272
weight: 3.21361e-05
eec: 335.22
weight: 1.25333e-05
eec: 186.391
weight: 2.58759e-05
eec: 1757.59
weight: 5.20097e-06
eec: 438.97
weight: 0.000145414
eec: 119.237
weight: 3.93675e-06
eec: 1353.48
weight: 7.95698e-06
eec: 797.458
weight: 3.35389e-05
eec: 337.177
weight: 7.09049e-06
eec: 1436.67
weight: 3.86681e-06
eec: 602.029
weight: 0.000161404
eec: 294.16
weight: 0.000193152
eec: 294.826
weight: 6.55629e-06
eec: 1636.89
weight: 2.79086e-06
eec: 433.969
weight: 3.39314e-07
eec: 65.8083
weight: 5.86642e-06
eec: 1823.22
weight: 7.37088e-06
eec: 1622.9
weight: 9.23649e-05
eec: 147.799
weight: 1.43758e-05
eec: 880.738
weight: 8.52352e-06
eec: 457.051
weight: 0.000264624
eec: 142.491
weight: 1.57267e-06
eec: 99.8846
weight: 1.76366e-05
eec: 332.44
weight: 2.54872e-05
eec: 317.794
weight: 5.94343e-05
eec: 165.99
weight: 2.85286e-06
eec: 81.2291
weight: 2.13582e-06
eec: 330.564
weight: 8.26805e-05
eec: 1662.77
weight: 1.37951e-05
eec: 2512.52
weight: 7.36125e-06
eec: 236.981
weight: 6.26772e-08
eec: 84.6404
weight: 2.88563e-05
eec: 389.508
weight: 1.14048e-05
eec: 432.313
weight: 0.000402694
eec: 148.181
weight: 7.33912e-07
eec: 574.543
weight: 1.15063e-06
eec: 184.688
weight: 5.9958e-05
eec: 739.471
weight: 6.35912e-06
eec: 95.5071
weight: 0.000338177
eec: 1131.27
weight: 6.15684e-05
eec: 595.15
weight: 4.94853e-07
eec: 1462.39
weight: 5.00291e-06
eec: 836.771
weight: 1.87103e-05
eec: 2288.66
weight: 0.00136596
eec: 627.067
weight: 0.000266093
eec: 95.8415
weight: 6.44775e-05
eec: 343.922
weight: 1.86504e-05
eec: 1085.8
weight: 5.90269e-07
eec: 191.715
weight: 0.00018917
eec: 113.942
weight: 2.54026e-06
eec: 1655.91
weight: 2.39627e-05
eec: 41.2835
weight: 3.87737e-06
eec: 393.219
weight: 0.00012046
eec: 118.059
weight: 0.00012046
eec: 514.507
weight: 3.40273e-05
eec: 473.352
weight: 2.70854e-05
eec: 228.61
weight: 8.57059e-07
eec: 1389.02
weight: 7.98974e-05
eec: 8.28305
weight: 0.000543893
eec: 485.195
weight: 5.70073e-05
eec: 201.56
weight: 3.2523e-08
eec: 1003.44
weight: 4.84657e-05
eec: 532.301
weight: 6.87152e-06
eec: 1806.88
weight: 3.81828e-05
eec: 1235.39
weight: 9.64975e-06
eec: 340.657
weight: 5.08099e-06
eec: 952.466
weight: 8.58579e-05
eec: 560.759
weight: 4.16646e-06
eec: 1022.46
weight: 0.0137019
eec: 623.307
weight: 7.84867e-05
eec: 683.075
weight: 1.97526e-05
eec: 2221.07
weight: 3.83514e-06
eec: 528.029
weight: 6.82217e-07
eec: 28.8904
weight: 1.40872e-06
eec: 2288.92
weight: 1.98242e-05
eec: 154.993
weight: 1.58176e-05
eec: 1127.99
weight: 1.36872e-05
eec: 39.1717
weight: 0.000122424
eec: 144.937
weight: 1.66565e-05
eec: 701.321
weight: 2.69755e-06
eec: 69.1464
weight: 0.000373318
eec: 613.609
weight: 8.54801e-06
eec: 168.726
weight: 0.000250833
eec: 818.865
weight: 5.51748e-08
eec: 791.229
weight: 9.49668e-05
eec: 1009.75
weight: 5.05505e-06
eec: 887.955
weight: 5.07693e-06
eec: 327.985
weight: 1.84744e-05
eec: 555.321
weight: 7.77909e-05
eec: 287.287
weight: 6.30308e-05
eec: 1049.47
weight: 1.46081e-05
eec: 1060.41
weight: 5.35174e-05
eec: 1483.44
weight: 2.64859e-05
eec: 39.2507
weight: 9.38052e-06
eec: 740.453
weight: 1.2583e-05
eec: 300.04
weight: 2.84689e-06
eec: 77.0024
weight: 0.000166962
eec: 97.9062
weight: 1.15409e-05
eec: 508.395
weight: 7.50874e-06
eec: 3879.41
weight: 5.9283e-05
eec: 53.3815
weight: 6.21363e-07
eec: 1053.42
weight: 0.000109914
eec: 853.935
weight: 0.000102113
eec: 177.892
weight: 4.88129e-06
eec: 179.57
weight: 4.5002e-06
eec: 636.335
weight: 4.28321e-05
eec: 14.7695
weight: 0.000185823
eec: 296.255
weight: 9.62408e-05
eec: 234.359
weight: 8.42336e-05
eec: 334.986
weight: 3.67024e-05
eec: 389.244
weight: 3.83772e-06
eec: 323.48
weight: 0.000137344
eec: 850.241
weight: 1.26962e-05
eec: 603.279
weight: 0.000139148
eec: 201.735
weight: 8.28912e-06
eec: 6.28381
weight: 0.000445255
eec: 58.6926
weight: 6.31877e-05
eec: 807.636
weight: 1.58573e-05
eec: 1846.03
weight: 1.72925e-05
eec: 693.853
weight: 5.22174e-05
eec: 1214.44
weight: 4.84803e-06
eec: 1240.87
weight: 1.60648e-05
eec: 241.393
weight: 5.16759e-05
eec: 807.114
weight: 8.51241e-06
eec: 546.336
weight: 8.44402e-05
eec: 237.583
weight: 5.85894e-05
eec: 232.926
weight: 1.26168e-05
eec: 49.4392
weight: 2.0722e-05
eec: 1291.51
weight: 1.05758e-05
eec: 1729.04
weight: 0.000223553
eec: 259.289
weight: 3.65481e-05
eec: 1604.94
weight: 3.03111e-06
eec: 125.45
weight: 2.40467e-06
eec: 187.78
weight: 5.97421e-05
eec: 1336.38
weight: 6.31533e-05
eec: 145.493
weight: 0.000230763
eec: 932.954
weight: 9.61587e-05
eec: 229.426
Processing: 65.8333 %weight: 1.19226e-05
eec: 459.459
weight: 2.4137e-05
eec: 345.291
weight: 2.40654e-05
eec: 545.311
weight: 1.3243e-05
eec: 762.913
weight: 0.000301418
eec: 53.5101
weight: 5.95963e-05
eec: 151.092
weight: 1.17532e-05
eec: 228.442
weight: 7.41733e-06
eec: 591.386
weight: 5.39877e-05
eec: 449.126
weight: 0.000179439
eec: 123.842
weight: 3.89982e-05
eec: 93.9023
weight: 1.90181e-05
eec: 161.353
weight: 5.62775e-06
eec: 603.547
weight: 5.41135e-05
eec: 667.417
weight: 2.64964e-06
eec: 749.918
weight: 1.28233e-07
eec: 49.286
weight: 1.81085e-05
eec: 937.145
weight: 0.000137485
eec: 420.053
weight: 0.000502091
eec: 654.69
weight: 0.00030848
eec: 63.7447
weight: 4.12395e-06
eec: 2051.41
weight: 0.000116911
eec: 139.955
weight: 4.10162e-05
eec: 1767.69
weight: 5.56569e-07
eec: 68.6663
weight: 1.32739e-05
eec: 240.109
weight: 1.08406e-05
eec: 590.878
weight: 3.58818e-05
eec: 1520.75
weight: 4.37864e-05
eec: 1066.12
weight: 0.0005807
eec: 341.406
weight: 1.52302e-05
eec: 748.471
weight: 3.84517e-05
eec: 76.7739
weight: 1.9478e-05
eec: 82.5733
weight: 1.37758e-05
eec: 464.222
weight: 0.000107065
eec: 852.375
weight: 1.62527e-07
eec: 3379.82

ROOT exit code = 0
