gSystem->Load("run_condor_job_Run3_C.so");
run_condor_job_Run3(380, 100, 2,
                    80, 200,
                    1, 1, 1, 3);
.q

ENTERED run_condor_job_Run3()
JOBID = 380
  global job = 380  Job 80/100  events [4800000, 4860000)  total=6000000
Processing events [4800000, 4860000) of 6000000
Processing: 80 %weight: 2.07444e-05
eec: 1413.6
weight: 5.02271e-05
eec: 1055.48
weight: 5.93607e-06
eec: 139.656
weight: 0.000411098
eec: 435.319
weight: 6.17513e-07
eec: 474.385
weight: 0.000157544
eec: 298.172
weight: 0.000225263
eec: 753.128
weight: 1.60592e-05
eec: 1016.99
weight: 0.000188909
eec: 464.461
weight: 1.34826e-05
eec: 195.186
weight: 8.64472e-05
eec: 339.436
weight: 0.000259625
eec: 194.853
weight: 2.55362e-05
eec: 768.54
weight: 4.68409e-05
eec: 496.02
weight: 2.96062e-05
eec: 289.97
weight: 3.98422e-05
eec: 1331.01
weight: 1.55187e-05
eec: 1349.11
weight: 1.89934e-07
eec: 394.926
weight: 9.30149e-06
eec: 775.549
weight: 1.30675e-05
eec: 271.159
weight: 0.000679062
eec: 275.997
weight: 2.55523e-05
eec: 492.937
weight: 6.39791e-06
eec: 142.135
weight: 6.14073e-05
eec: 109.529
weight: 0.000226646
eec: 1165.52
weight: 1.88939e-05
eec: 134.746
weight: 1.27087e-05
eec: 234.794
weight: 0.000359629
eec: 297.709
weight: 8.87364e-06
eec: 3137.5
weight: 0.000242019
eec: 87.6795
weight: 1.47811e-05
eec: 2342.29
weight: 6.355e-05
eec: 460.588
weight: 2.47757e-05
eec: 3746.05
weight: 0.000172536
eec: 162.657
weight: 8.2846e-06
eec: 614.625
weight: 3.17925e-05
eec: 176.081
weight: 3.38057e-05
eec: 454.155
weight: 8.38695e-05
eec: 1094.61
weight: 0.000285305
eec: 1489.56
weight: 1.30391e-05
eec: 50.4547
weight: 9.64225e-05
eec: 95.1705
weight: 0.000301521
eec: 267.362
weight: 5.42212e-06
eec: 2467.62
weight: 3.6012e-05
eec: 549.345
weight: 7.77968e-06
eec: 444.363
weight: 0.000348449
eec: 711.153
weight: 2.22893e-06
eec: 148.717
weight: 5.09933e-05
eec: 373.058
weight: 8.37507e-06
eec: 177.987
weight: 0.000261795
eec: 1481.38
weight: 7.35658e-05
eec: 82.2463
weight: 8.83731e-05
eec: 279.717
weight: 8.74878e-06
eec: 1050.13
weight: 3.99892e-05
eec: 134.441
weight: 3.54315e-06
eec: 150.377
weight: 5.36727e-06
eec: 395.767
weight: 7.27108e-05
eec: 223.028
weight: 9.53859e-06
eec: 841.081
weight: 7.13429e-05
eec: 426.342
weight: 5.94184e-06
eec: 319.143
weight: 2.56678e-07
eec: 732.221
weight: 6.27731e-06
eec: 1390.01
weight: 1.97687e-05
eec: 505.346
weight: 1.31728e-05
eec: 1093.63
weight: 4.61255e-05
eec: 601.715
weight: 0.000268544
eec: 67.8799
weight: 0.000197952
eec: 437.996
weight: 1.49095e-06
eec: 160.199
weight: 1.6705e-05
eec: 221.848
weight: 9.44866e-06
eec: 818.183
weight: 2.90835e-06
eec: 242.297
weight: 1.77605e-05
eec: 98.7419
weight: 5.83744e-06
eec: 439.588
weight: 2.112e-05
eec: 2686.87
weight: 5.24551e-06
eec: 662.075
weight: 3.97969e-06
eec: 2531.87
weight: 0.000132881
eec: 263.258
weight: 0.000170664
eec: 198.677
weight: 0.000170664
eec: 166.331
weight: 9.55701e-05
eec: 255.166
weight: 1.50725e-05
eec: 511.483
weight: 2.96891e-06
eec: 1360.03
weight: 8.73992e-05
eec: 432.295
weight: 0.000125696
eec: 524.178
weight: 2.44945e-05
eec: 742.223
weight: 3.81898e-05
eec: 1131.28
weight: 1.09249e-05
eec: 553.796
weight: 1.61145e-06
eec: 524.487
weight: 0.00021973
eec: 1119.05
weight: 0.000116649
eec: 384.712
weight: 0.000201975
eec: 58.9507
weight: 2.8408e-06
eec: 517.756
weight: 8.32536e-07
eec: 229.991
weight: 2.82542e-05
eec: 1124.5
weight: 3.23022e-05
eec: 533.494
weight: 0.000656999
eec: 471.433
weight: 4.382e-05
eec: 628.489
weight: 3.3178e-05
eec: 173.296
weight: 2.78822e-05
eec: 854.662
weight: 1.05384e-06
eec: 2581.62
weight: 2.12978e-07
eec: 947.273
weight: 0.000123732
eec: 404.205
weight: 1.14831e-06
eec: 1392.09
weight: 0.000958688
eec: 464.867
weight: 1.71737e-05
eec: 1995.39
weight: 7.03824e-05
eec: 180.328
weight: 0.000125626
eec: 308.107
weight: 1.861e-05
eec: 1134.46
weight: 8.32734e-05
eec: 538.864
weight: 1.41256e-05
eec: 657.718
weight: 5.43275e-08
eec: 770.797
weight: 5.9048e-06
eec: 1046.69
weight: 5.42284e-07
eec: 119.369
weight: 2.80544e-05
eec: 1527.27
weight: 0.000109971
eec: 1293.43
weight: 0.000122385
eec: 70.7306
weight: 1.25223e-05
eec: 1885.38
weight: 3.52952e-06
eec: 268.133
weight: 9.07998e-05
eec: 62.1112
weight: 5.56106e-05
eec: 437.174
weight: 6.66118e-05
eec: 680.391
weight: 0.000139594
eec: 265.907
weight: 4.32049e-06
eec: 2426.85
weight: 6.23524e-05
eec: 946.851
weight: 0.000234472
eec: 168.313
weight: 1.46219e-05
eec: 228.387
weight: 2.85071e-07
eec: 665.737
weight: 1.09274e-05
eec: 197.813
weight: 0.000143591
eec: 117.701
weight: 4.16609e-05
eec: 584.782
weight: 3.77511e-06
eec: 2607.03
weight: 0.000172998
eec: 391.163
weight: 8.15606e-05
eec: 1408.62
weight: 1.33197e-05
eec: 709.303
weight: 0.000860293
eec: 481.296
weight: 1.30981e-07
eec: 176.259
weight: 2.93137e-05
eec: 224.814
weight: 9.18818e-06
eec: 95.1685
weight: 5.64116e-05
eec: 257.986
weight: 1.56873e-05
eec: 484.124
weight: 3.6295e-05
eec: 78.58
weight: 5.09971e-06
eec: 346.512
weight: 7.93022e-06
eec: 61.9917
weight: 7.30715e-06
eec: 189.416
weight: 4.29569e-05
eec: 485.921
weight: 8.50291e-07
eec: 223.114
weight: 3.79824e-05
eec: 1734.51
weight: 8.92023e-06
eec: 532.559
weight: 0.000450409
eec: 1005.53
weight: 3.54286e-05
eec: 303.858
weight: 4.37115e-05
eec: 155.196
weight: 9.33084e-05
eec: 539.292
weight: 9.76612e-05
eec: 631.792
weight: 0.000106071
eec: 508.738
weight: 0.000254082
eec: 116.971
weight: 1.40857e-06
eec: 271.396
weight: 8.83026e-05
eec: 1311.51
weight: 2.41945e-06
eec: 25.5136
weight: 1.76224e-05
eec: 775.323
weight: 4.6953e-06
eec: 2094.51
weight: 9.24786e-07
eec: 1068.81
weight: 0.000116862
eec: 444.078
weight: 0.000134745
eec: 926.603
weight: 6.06772e-05
eec: 451.602
weight: 0.00019882
eec: 36.3381
weight: 5.40014e-05
eec: 304.898
weight: 4.01128e-06
eec: 408.205
weight: 9.89446e-06
eec: 335.592
weight: 0.000411712
eec: 867.364
weight: 2.77757e-05
eec: 140.806
weight: 0.000188053
eec: 322.806
weight: 0.000143659
eec: 289.725
weight: 6.47722e-05
eec: 547.964
weight: 1.4447e-05
eec: 209.994
weight: 7.87542e-05
eec: 304.158
weight: 1.37951e-05
eec: 62.3804
weight: 0.000524845
eec: 94.5635
weight: 6.4258e-06
eec: 200.886
weight: 8.83001e-06
eec: 2191.58
weight: 5.43284e-05
eec: 616.068
weight: 0.000147546
eec: 41.6487
weight: 1.62884e-08
eec: 816.186
weight: 3.88392e-09
eec: 313.106
weight: 1.01207e-06
eec: 382.511
weight: 1.05054e-05
eec: 525.537
weight: 1.08085e-06
eec: 476.808
weight: 1.53306e-05
eec: 124.972
weight: 1.66389e-06
eec: 3466.94
weight: 4.01459e-05
eec: 341.824
weight: 0.000183618
eec: 131.016
weight: 0.00175415
eec: 154.645
weight: 1.14807e-06
eec: 79.4106
weight: 6.39387e-06
eec: 905.389
weight: 5.89445e-06
eec: 1727.48
weight: 6.94257e-05
eec: 1064.58
weight: 5.58126e-06
eec: 647.725
weight: 1.83288e-05
eec: 348.555
weight: 9.7994e-06
eec: 708.715
weight: 0.000189705
eec: 1244.69
weight: 2.33132e-05
eec: 78.3949
weight: 2.66054e-05
eec: 1499.29
weight: 5.20635e-05
eec: 243.185
weight: 1.34229e-05
eec: 1093.49
weight: 0.000102572
eec: 30.5865
weight: 4.58856e-05
eec: 93.9332
weight: 1.72007e-05
eec: 448.448
weight: 1.87923e-05
eec: 103.975
weight: 3.29158e-08
eec: 228.928
weight: 1.37137e-05
eec: 51.531
weight: 1.61981e-05
eec: 620.505
weight: 4.88595e-05
eec: 212.931
weight: 5.72668e-05
eec: 54.9726
weight: 0.00012151
eec: 63.3692
weight: 8.2556e-06
eec: 530.471
weight: 5.87546e-06
eec: 502.15
weight: 8.98702e-06
eec: 212.728
weight: 6.34134e-06
eec: 778.3
weight: 0.000102934
eec: 140.884
weight: 0.000114093
eec: 487.631
weight: 5.26352e-06
eec: 561.533
Processing: 80.8333 %weight: 0.000476737
eec: 161.134
weight: 0.000304236
eec: 308.767
weight: 2.76878e-05
eec: 792.97
weight: 2.23919e-05
eec: 414.718
weight: 0.000126789
eec: 568.819
weight: 1.84108e-05
eec: 921.074
weight: 0.000524819
eec: 556.88
weight: 2.54291e-06
eec: 46.0881
weight: 0.000202157
eec: 392.574
weight: 9.64655e-06
eec: 704.129
weight: 1.51666e-05
eec: 326.031
weight: 0.000102843
eec: 263.339
weight: 3.48835e-05
eec: 805.233
weight: 9.62265e-05
eec: 182.835
weight: 1.87618e-05
eec: 361.525
weight: 0.000554279
eec: 662.636
weight: 1.43768e-05
eec: 411.073
weight: 1.47671e-06
eec: 783.719
weight: 1.87365e-06
eec: 98.8587
weight: 1.54925e-05
eec: 1006.66
weight: 0.000148614
eec: 1513.67
weight: 0.000264639
eec: 67.6886
weight: 0.000110827
eec: 490.311
weight: 5.77538e-05
eec: 31.6658
weight: 9.154e-05
eec: 422.51
weight: 2.75241e-05
eec: 524.586
weight: 7.62166e-06
eec: 589.806
weight: 4.83941e-05
eec: 316.919
weight: 2.23085e-05
eec: 546.158
weight: 1.62235e-05
eec: 791.305
weight: 0.000789334
eec: 829.141
weight: 1.28255e-06
eec: 2920.99
weight: 1.11182e-07
eec: 674.761
weight: 5.3288e-06
eec: 393.848
weight: 4.01517e-05
eec: 607.386
weight: 0.000105056
eec: 79.6382
weight: 0.000429169
eec: 120.064
weight: 1.96871e-05
eec: 2161.71
weight: 5.96832e-06
eec: 1056.22
weight: 2.9094e-05
eec: 1178.25
weight: 4.66084e-05
eec: 506.151
weight: 0.000326028
eec: 318.209

ROOT exit code = 0
