gSystem->Load("run_condor_job_Run3_C.so");
run_condor_job_Run3(718, 100, 2,
                    80, 200,
                    1, 1, 1, 7);
.q

ENTERED run_condor_job_Run3()
JOBID = 718
  global job = 718  Job 18/100  events [1024920, 1081860)  total=5694000
Processing events [1024920, 1081860) of 5694000
weight: 6.50556e-06
eec: 794.65
weight: 8.94977e-05
eec: 260.26
weight: 7.20287e-05
eec: 116.728
weight: 1.37982e-05
eec: 88.6522
weight: 2.27687e-05
eec: 2369.11
weight: 7.26219e-06
eec: 249.322
weight: 1.08165e-06
eec: 354.945
weight: 2.60545e-05
eec: 30.7877
weight: 7.19841e-05
eec: 30.5499
weight: 5.59445e-06
eec: 184.032
weight: 1.82795e-06
eec: 80.6772
weight: 4.45459e-05
eec: 166.205
weight: 5.23198e-06
eec: 152.096
weight: 0.000174519
eec: 60.6931
weight: 1.46248e-05
eec: 839.262
weight: 8.34162e-06
eec: 340.031
weight: 1.68783e-07
eec: 268.415
weight: 1.15956e-05
eec: 378.146
weight: 8.85539e-06
eec: 1729.78
weight: 7.30735e-05
eec: 99.3933
weight: 0.000216978
eec: 114.273
weight: 2.33436e-07
eec: 1824.19
weight: 1.46933e-05
eec: 820.501
weight: 0.0015728
eec: 98.641
weight: 1.52655e-06
eec: 545.945
weight: 2.08537e-05
eec: 1280.27
weight: 5.19604e-06
eec: 640.859
weight: 4.81107e-05
eec: 356.746
weight: 1.73759e-05
eec: 218.58
weight: 9.44821e-08
eec: 1278.16
weight: 1.15079e-05
eec: 86.048
weight: 2.44223e-06
eec: 192.027
weight: 3.42747e-05
eec: 523.562
weight: 7.07023e-06
eec: 1308.77
weight: 1.33557e-06
eec: 539.461
weight: 4.70687e-05
eec: 118.073
weight: 8.53677e-05
eec: 34.554
weight: 5.44123e-05
eec: 294.153
weight: 2.76187e-06
eec: 459.712
weight: 9.57408e-06
eec: 342.501
weight: 9.32766e-06
eec: 264.999
weight: 1.46726e-05
eec: 306.658
weight: 1.34212e-05
eec: 560.421
weight: 6.2611e-06
eec: 599.692
weight: 0.000186699
eec: 278.913
weight: 4.07213e-05
eec: 107.319
weight: 4.07213e-05
eec: 297.41
weight: 9.37999e-06
eec: 460.16
weight: 0.000271355
eec: 188.906
weight: 2.6664e-06
eec: 288.902
weight: 2.21102e-05
eec: 764.022
weight: 1.90394e-05
eec: 706.048
weight: 1.19868e-06
eec: 522.231
weight: 5.36996e-05
eec: 145.295
weight: 4.95898e-06
eec: 321.436
weight: 0.000113402
eec: 56.4436
weight: 8.8224e-05
eec: 334.318
weight: 1.79583e-05
eec: 521.927
weight: 7.37334e-05
eec: 915.809
weight: 6.43869e-05
eec: 1207.76
weight: 4.86079e-05
eec: 902.895
weight: 4.3207e-05
eec: 309.915
weight: 7.22091e-06
eec: 506.973
weight: 1.19441e-05
eec: 4886.76
weight: 6.074e-06
eec: 467.489
weight: 0.000757129
eec: 459.604
weight: 6.08958e-05
eec: 403.252
weight: 4.40042e-05
eec: 180.099
weight: 0.000225138
eec: 893.176
weight: 8.90423e-07
eec: 466.407
weight: 2.8323e-05
eec: 579.638
weight: 8.89317e-06
eec: 461.404
weight: 7.11556e-06
eec: 682.624
weight: 1.62807e-05
eec: 2702.3
weight: 8.59722e-06
eec: 1693.82
weight: 0.00026089
eec: 511.914
weight: 0.00026089
eec: 248.092
weight: 0.000149263
eec: 178.695
weight: 3.61526e-05
eec: 2155.72
weight: 2.43733e-05
eec: 166.269
weight: 1.50717e-05
eec: 259.656
weight: 1.0697e-05
eec: 620.259
weight: 4.23768e-05
eec: 342.558
weight: 8.39128e-05
eec: 66.6454
weight: 0.0021606
eec: 769.366
weight: 1.64476e-05
eec: 408.125
weight: 0.000139401
eec: 146.076
weight: 5.46549e-05
eec: 518.796
weight: 3.8005e-05
eec: 120.989
weight: 0.000104527
eec: 43.9191
weight: 0.00128676
eec: 96.374
weight: 4.56227e-05
eec: 780.432
weight: 3.13119e-05
eec: 835.378
weight: 2.05648e-05
eec: 406.824
weight: 2.61383e-06
eec: 260.978
weight: 5.44259e-05
eec: 195.142
weight: 1.92657e-06
eec: 2217.14
weight: 0.000616639
eec: 903.599
weight: 1.16705e-05
eec: 1407.41
weight: 2.06882e-05
eec: 39.8905
weight: 0.000161706
eec: 672.349
weight: 8.60319e-05
eec: 1042.24
weight: 2.36613e-07
eec: 161.008
weight: 6.9099e-05
eec: 153.362
weight: 4.41324e-05
eec: 1568.11
weight: 1.76614e-05
eec: 963.505
weight: 7.76129e-06
eec: 336.135
weight: 3.32251e-06
eec: 1358.43
Processing: 18.4405 %weight: 1.13295e-05
eec: 1569.75
weight: 6.70799e-05
eec: 425.063
weight: 0.000254604
eec: 171.169
weight: 1.63512e-06
eec: 1181.75
weight: 1.40625e-05
eec: 756.255
weight: 6.53115e-06
eec: 298.723
weight: 0.000306021
eec: 47.7318
weight: 3.06811e-05
eec: 696.284
weight: 1.00742e-05
eec: 642.759
weight: 1.0543e-05
eec: 425.843
weight: 2.03108e-05
eec: 728.419
weight: 1.35127e-06
eec: 590.871
weight: 5.07456e-05
eec: 339.384
weight: 0.000104423
eec: 1157.68
weight: 4.96395e-05
eec: 25.2014
weight: 5.28902e-06
eec: 507.414
weight: 1.16217e-05
eec: 29.9916
weight: 4.47944e-05
eec: 463.773
weight: 2.26864e-05
eec: 1888
weight: 1.00193e-05
eec: 717.854
weight: 3.10207e-05
eec: 975.212
weight: 3.76628e-05
eec: 533.538
weight: 2.72464e-06
eec: 1423.04
weight: 0.00121931
eec: 321.804
weight: 2.21441e-05
eec: 532.429
weight: 8.79603e-07
eec: 1092.1
weight: 3.87711e-05
eec: 251.108
weight: 6.35269e-05
eec: 1415.77
weight: 2.74362e-05
eec: 668.374
weight: 0.000230514
eec: 1813
weight: 0.00014689
eec: 53.6
weight: 0.00014689
eec: 860.532
weight: 4.16063e-06
eec: 852.353
weight: 0.000112567
eec: 81.6754
weight: 6.87822e-07
eec: 396.246
weight: 9.61756e-05
eec: 202.047
weight: 5.66493e-06
eec: 643.413
weight: 2.73659e-06
eec: 187.93
weight: 0.00021623
eec: 227.891
weight: 1.88804e-05
eec: 457.598
weight: 2.81973e-05
eec: 2205.58
weight: 8.84357e-06
eec: 424.84
weight: 1.96508e-05
eec: 163.614
weight: 2.87509e-05
eec: 271.045
weight: 2.20831e-05
eec: 3034.94
weight: 7.79669e-05
eec: 956.883
weight: 3.53632e-06
eec: 536.802
weight: 8.43918e-05
eec: 572.023
weight: 9.00873e-05
eec: 2072.92
weight: 0.000117054
eec: 781.061
weight: 1.57809e-05
eec: 1023.12
weight: 7.1608e-06
eec: 232.777
weight: 7.17795e-05
eec: 498.549
weight: 4.2461e-05
eec: 138.705
weight: 4.36731e-05
eec: 358.381
weight: 0.000160161
eec: 123.325
weight: 1.1093e-05
eec: 8.84743
weight: 1.43205e-06
eec: 188.827
weight: 4.39174e-06
eec: 292.018
weight: 1.3326e-05
eec: 139.196
weight: 1.05093e-05
eec: 565.949
weight: 0.000316498
eec: 229.762
weight: 0.000779986
eec: 7.14582
weight: 4.16024e-06
eec: 222.611
weight: 1.55023e-05
eec: 250.941
weight: 9.37461e-06
eec: 541.465
weight: 4.12721e-05
eec: 115.076
weight: 1.81569e-05
eec: 271.391
weight: 0.000216038
eec: 19.7703
weight: 1.41818e-05
eec: 106.613
weight: 0.00233216
eec: 259.069
weight: 0.00024277
eec: 193.233
weight: 0.000128835
eec: 594.448
weight: 9.78578e-07
eec: 678.704
weight: 3.16254e-05
eec: 1346.21
weight: 1.56497e-05
eec: 815.351
weight: 2.27556e-05
eec: 255.12
weight: 1.97412e-06
eec: 1764.83
weight: 8.58947e-06
eec: 506.075
weight: 4.44297e-05
eec: 2115.53
weight: 2.94262e-05
eec: 450.09
weight: 1.64642e-06
eec: 945.035
weight: 0.000289064
eec: 25.8243
weight: 1.46014e-05
eec: 34.7393
weight: 1.37657e-05
eec: 1069.73
weight: 0.0001771
eec: 90.6959
weight: 0.000273076
eec: 488.023
weight: 1.24629e-05
eec: 1422.08
weight: 0.000126984
eec: 134.548
weight: 0.000685366
eec: 96.1522
weight: 9.11623e-05
eec: 300.981
weight: 1.8813e-05
eec: 120.575
weight: 6.26238e-05
eec: 222.353
weight: 3.36649e-05
eec: 2793.63
weight: 1.77406e-07
eec: 67.5107
weight: 0.000171897
eec: 340.801
weight: 1.28166e-08
eec: 22.5517
weight: 7.69082e-05
eec: 1134.29
weight: 1.79261e-05
eec: 651.412
weight: 0.000210009
eec: 257.091
weight: 8.17698e-06
eec: 1578.98
weight: 0.000158078
eec: 93.8981
weight: 0.000143102
eec: 76.9475
weight: 4.55983e-05
eec: 147.554
weight: 1.30824e-05
eec: 489.788
weight: 8.29886e-06
eec: 15.4767
weight: 5.18826e-05
eec: 710.676
weight: 6.77896e-05
eec: 208.477
weight: 0.000106643
eec: 446.931
weight: 5.89613e-05
eec: 50.3137
weight: 5.14544e-05
eec: 382.867
weight: 3.10273e-06
eec: 54.6594
weight: 3.02079e-06
eec: 1380.2
weight: 4.89058e-05
eec: 404.427
weight: 1.55014e-05
eec: 368.984
weight: 8.00852e-06
eec: 78.9096
weight: 1.02328e-06
eec: 560.063
weight: 8.26685e-06
eec: 749.595
weight: 0.000889792
eec: 54.3685
weight: 4.20186e-05
eec: 316.119
weight: 0.000224986
eec: 200.995
weight: 1.54061e-05
eec: 163.513
weight: 1.47747e-05
eec: 650.764
weight: 2.35361e-05
eec: 52.7798
weight: 1.51319e-05
eec: 48.0642
weight: 0.000427185
eec: 57.369
weight: 2.40208e-05
eec: 69.4215
weight: 6.9142e-06
eec: 1590.17
weight: 3.70556e-06
eec: 255.296
weight: 6.78658e-05
eec: 220.316

ROOT exit code = 0
