gSystem->Load("run_condor_job_Run3_C.so");
run_condor_job_Run3(34, 100, 2,
                    80, 200,
                    1, 1, 1, 0);
.q

ENTERED run_condor_job_Run3()
JOBID = 34
  global job = 34  Job 34/100  events [2037960, 2097900)  total=5994000
Processing events [2037960, 2097900) of 5994000
weight: 0.000198757
eec: 47.8502
weight: 6.73666e-05
eec: 2164.72
weight: 0.000261625
eec: 226.245
weight: 1.589e-05
eec: 2218.63
weight: 2.77555e-05
eec: 339.529
weight: 0.000183756
eec: 1581.71
weight: 2.90712e-05
eec: 282.595
weight: 9.9143e-07
eec: 1356.85
weight: 3.14586e-05
eec: 633.468
weight: 0.000128392
eec: 482.543
weight: 6.95617e-06
eec: 45.0008
weight: 9.63796e-05
eec: 144.85
weight: 0.00095203
eec: 274.084
weight: 5.62469e-06
eec: 138.066
weight: 2.84013e-05
eec: 103.461
weight: 4.25208e-06
eec: 1590.06
weight: 0.00101075
eec: 177.893
weight: 0.000146123
eec: 972.457
weight: 5.43824e-07
eec: 754.598
weight: 7.13156e-07
eec: 1101.16
weight: 0.000156098
eec: 159.015
weight: 3.71476e-05
eec: 2722.83
weight: 4.32214e-05
eec: 344.622
weight: 2.15729e-06
eec: 931.123
weight: 6.47302e-07
eec: 287.393
weight: 3.2515e-05
eec: 862.026
weight: 7.98419e-06
eec: 378.709
weight: 3.31095e-06
eec: 440.502
weight: 0.000499004
eec: 292.383
weight: 2.27763e-05
eec: 15.5295
weight: 9.3079e-06
eec: 716.796
weight: 1.32838e-06
eec: 668.984
weight: 1.49687e-05
eec: 146.194
weight: 1.57162e-05
eec: 566.93
weight: 0.000358085
eec: 79.5887
weight: 4.14129e-07
eec: 199.06
weight: 0.000140138
eec: 869.234
weight: 0.000227408
eec: 732.262
weight: 0.000620651
eec: 142.804
weight: 3.67314e-05
eec: 905.248
weight: 5.54423e-06
eec: 239.462
weight: 8.83887e-06
eec: 522.227
weight: 1.10485e-05
eec: 63.2698
Processing: 34.2009 %weight: 3.02687e-06
eec: 41.9043
weight: 5.87753e-05
eec: 221.821
weight: 0.000215151
eec: 64.5565
weight: 3.6005e-05
eec: 1152.69
weight: 1.19836e-05
eec: 410.522
weight: 1.36133e-05
eec: 887.054
weight: 1.84596e-05
eec: 682.887
weight: 0.000325369
eec: 405.053
weight: 6.10246e-07
eec: 106.64
weight: 4.93443e-06
eec: 438.681
weight: 3.59958e-05
eec: 100.936
weight: 2.11909e-05
eec: 135.771
weight: 3.49133e-05
eec: 254.028
weight: 7.09425e-06
eec: 1161.03
weight: 3.83515e-05
eec: 637.323
weight: 0.000351087
eec: 649.482
weight: 8.9803e-05
eec: 487.65
weight: 0.000420306
eec: 110.02
weight: 1.61641e-06
eec: 169.153
weight: 2.06542e-05
eec: 49.9734
weight: 0.000148515
eec: 1101.31
weight: 1.297e-05
eec: 466.713
weight: 0.000218528
eec: 668.661
weight: 7.09377e-06
eec: 1663.96
weight: 6.21268e-07
eec: 296.186
weight: 1.66324e-05
eec: 705.458
weight: 3.96106e-05
eec: 1209.58
weight: 5.20238e-06
eec: 233.831
weight: 0.000121295
eec: 373.976
weight: 6.95003e-05
eec: 1696.45
weight: 1.47373e-07
eec: 844.987
weight: 0.000255034
eec: 308.286
weight: 7.64477e-05
eec: 830.42
weight: 3.02775e-05
eec: 12.0897
weight: 6.53681e-05
eec: 29.9989
weight: 7.16807e-07
eec: 472.796
weight: 0.000226491
eec: 112.285
weight: 9.39998e-06
eec: 2536.74
weight: 0.000122583
eec: 1614.95
weight: 3.81574e-06
eec: 147.49
weight: 5.50975e-07
eec: 467.986
weight: 0.000147867
eec: 146.688
weight: 6.08853e-05
eec: 204.057
weight: 0.000318266
eec: 52.8563
weight: 2.02154e-05
eec: 340.867
weight: 1.93293e-05
eec: 960.868
weight: 4.46345e-05
eec: 1205.7
weight: 1.83081e-05
eec: 204.227
weight: 2.93082e-05
eec: 915.131
weight: 9.23513e-07
eec: 1397.15
weight: 0.000623665
eec: 535.005
weight: 4.20927e-05
eec: 595.787
weight: 2.68661e-05
eec: 1375.02
weight: 1.61611e-05
eec: 468.784
weight: 1.85291e-05
eec: 84.727
weight: 6.22623e-06
eec: 710.631
weight: 1.0389e-06
eec: 255.356
weight: 0.000148306
eec: 471.478
weight: 2.81952e-05
eec: 619.756
weight: 4.1101e-07
eec: 1262.32
weight: 4.20083e-07
eec: 101.307
weight: 1.12756e-05
eec: 1249.17
weight: 5.77442e-07
eec: 1553.08
weight: 2.25126e-05
eec: 3179.3
weight: 5.98751e-06
eec: 1889.98
weight: 2.79108e-08
eec: 1115.04
weight: 3.69281e-05
eec: 350.204
weight: 2.34762e-05
eec: 1053.96
weight: 0.00027529
eec: 376.05
weight: 1.98386e-05
eec: 3628.22
weight: 1.96684e-06
eec: 229.188
weight: 6.38188e-05
eec: 181.227
weight: 1.92154e-05
eec: 129.034
weight: 0.000130381
eec: 61.1693
weight: 3.53802e-06
eec: 705.81
weight: 6.84023e-05
eec: 89.554
weight: 4.65989e-07
eec: 636.024
weight: 3.84544e-06
eec: 372.114
weight: 2.4021e-05
eec: 869.984
weight: 7.24903e-05
eec: 538.339
weight: 0.000309773
eec: 460.562
weight: 1.59069e-05
eec: 1944.02
weight: 4.01409e-05
eec: 340.702
weight: 1.22527e-05
eec: 34.3393
weight: 6.58009e-05
eec: 422.565
weight: 2.04101e-06
eec: 511.499
weight: 2.57259e-05
eec: 2651.75
weight: 2.57259e-05
eec: 853.373
weight: 9.55649e-06
eec: 603.498
weight: 3.88756e-07
eec: 740.169
weight: 1.11394e-07
eec: 510.853
weight: 7.76315e-05
eec: 63.7236
weight: 7.38733e-07
eec: 323.78
weight: 0.000117723
eec: 930.987
weight: 7.74078e-05
eec: 788.245
weight: 4.19366e-05
eec: 490.978
weight: 0.00120239
eec: 560.407
weight: 8.07001e-05
eec: 66.939
weight: 0.000148166
eec: 332.113
weight: 9.39586e-06
eec: 429.23
weight: 1.18872e-05
eec: 417.169
weight: 0.000140045
eec: 41.0039
weight: 8.19051e-05
eec: 959.395
weight: 0.000441463
eec: 243.543
weight: 0.000194418
eec: 349.273
weight: 1.27106e-05
eec: 589.503
weight: 9.10575e-06
eec: 256.777
weight: 6.26144e-05
eec: 54.3745
weight: 0.000168012
eec: 107.642
weight: 8.77843e-05
eec: 48.4664
weight: 4.98514e-05
eec: 1027.63
weight: 7.83126e-06
eec: 267.018
weight: 2.21579e-06
eec: 2487.1
weight: 1.77394e-05
eec: 5645.53
weight: 1.08867e-05
eec: 956.94
weight: 3.07706e-06
eec: 131.361
weight: 1.01561e-05
eec: 2382.89
weight: 6.09414e-05
eec: 190.383
weight: 1.06763e-06
eec: 21.4185
weight: 0.000191338
eec: 897.202
weight: 0.000540246
eec: 325.014
weight: 4.03817e-05
eec: 85.3425
weight: 9.61153e-06
eec: 2208.87
weight: 5.8069e-07
eec: 544.91
weight: 7.85637e-06
eec: 249.585
weight: 1.48967e-06
eec: 84.4249
weight: 4.26e-07
eec: 927.834
weight: 6.14486e-06
eec: 1433.47
weight: 1.75083e-08
eec: 277.942
weight: 1.70826e-06
eec: 2586.54
weight: 8.13874e-05
eec: 612.324
weight: 4.24618e-05
eec: 49.8372
weight: 1.88481e-05
eec: 133.342
weight: 1.93856e-06
eec: 177.154
weight: 9.60874e-05
eec: 982.294
weight: 3.73338e-05
eec: 1453.38
weight: 2.10439e-06
eec: 367.935
weight: 4.21525e-07
eec: 70.1768
weight: 1.15961e-05
eec: 117.096
weight: 0.000120651
eec: 23.687
weight: 6.95954e-08
eec: 725.398
weight: 9.02414e-06
eec: 118.373
weight: 3.72073e-05
eec: 1723.14
weight: 1.98237e-05
eec: 1023.28
weight: 6.85508e-06
eec: 385.936
weight: 3.00886e-05
eec: 542.655
weight: 2.33605e-05
eec: 563.95
weight: 3.34898e-05
eec: 87.02
weight: 1.72146e-05
eec: 944.671
weight: 7.38411e-05
eec: 108.221
weight: 8.24729e-05
eec: 402.677
weight: 1.67274e-05
eec: 680.74
weight: 5.75377e-05
eec: 215.654
weight: 3.02418e-06
eec: 442.216
weight: 0.000107445
eec: 1006.08
weight: 4.15484e-05
eec: 500.834
weight: 4.1137e-05
eec: 1033.52
weight: 2.69157e-05
eec: 324.289
weight: 1.70118e-05
eec: 912.65
weight: 1.0569e-05
eec: 552.169
weight: 1.59471e-05
eec: 482.071
weight: 1.36374e-06
eec: 368.515
weight: 2.97838e-05
eec: 275.674
weight: 9.2444e-05
eec: 618.631
weight: 3.64278e-05
eec: 5.12527
weight: 0.0004093
eec: 342.855
weight: 4.72073e-06
eec: 137.953
weight: 5.00516e-05
eec: 423.377
weight: 3.06561e-05
eec: 744.044
weight: 2.14589e-07
eec: 1411.17
weight: 1.93005e-06
eec: 1174.08
weight: 1.65186e-05
eec: 311.909
weight: 5.04915e-05
eec: 50.7799
weight: 0.000252805
eec: 1173.8
weight: 5.6088e-05
eec: 642.843
weight: 1.3575e-05
eec: 280.205
weight: 3.13254e-08
eec: 606.157
weight: 1.16219e-05
eec: 157.709
weight: 3.28961e-05
eec: 56.4518
weight: 0.000247293
eec: 98.8457
weight: 3.0468e-05
eec: 179.909
weight: 0.000194331
eec: 211.903
weight: 5.53317e-05
eec: 103.772
weight: 2.49787e-05
eec: 236.113
weight: 6.42104e-05
eec: 218.063
weight: 1.18098e-05
eec: 1221.47
weight: 3.70564e-05
eec: 147.445
weight: 9.15324e-06
eec: 99.0199
weight: 6.60386e-05
eec: 299.366
weight: 4.75174e-06
eec: 300.493
weight: 2.27283e-05
eec: 44.6686
weight: 0.00012678
eec: 100.356
weight: 3.18081e-06
eec: 668.805
weight: 4.49713e-05
eec: 1782.46
weight: 4.96261e-05
eec: 27.639
weight: 1.7608e-05
eec: 479.911
weight: 3.69922e-05
eec: 220.571
weight: 0.000308213
eec: 235.381
weight: 2.20137e-05
eec: 803.873
weight: 8.12389e-06
eec: 1002.72
weight: 9.29401e-06
eec: 505.611
weight: 1.91447e-05
eec: 624.971

ROOT exit code = 0
