gSystem->Load("run_condor_job_Run3_C.so");
run_condor_job_Run3(79, 100, 2,
                    80, 200,
                    1, 1, 1, 0);
.q

ENTERED run_condor_job_Run3()
JOBID = 79
  global job = 79  Job 79/100  events [4735260, 4795200)  total=5994000
Processing events [4735260, 4795200) of 5994000
weight: 0.000182992
eec: 458.723
weight: 0.000409376
eec: 70.373
weight: 4.07277e-07
eec: 79.788
weight: 0.000149455
eec: 329.323
weight: 2.12377e-05
eec: 223.461
weight: 7.4999e-05
eec: 64.6588
weight: 9.02566e-07
eec: 547.827
weight: 4.8395e-05
eec: 93.3788
weight: 3.83733e-05
eec: 410.855
weight: 1.14625e-05
eec: 714.757
weight: 1.04212e-07
eec: 962.696
weight: 4.9603e-05
eec: 747.547
weight: 0.000424751
eec: 33.1078
weight: 1.90843e-05
eec: 678.283
weight: 4.90936e-06
eec: 653.504
weight: 6.63836e-06
eec: 94.0721
weight: 7.63559e-06
eec: 355.579
weight: 2.3898e-05
eec: 16.5275
weight: 5.29489e-05
eec: 334.722
weight: 0.000224915
eec: 1027.06
weight: 3.13792e-05
eec: 960.814
weight: 9.67629e-05
eec: 345.889
weight: 5.45605e-08
eec: 74.0782
weight: 7.03123e-06
eec: 774.838
weight: 1.14523e-05
eec: 1077.68
weight: 1.32565e-05
eec: 20.2824
weight: 1.05254e-05
eec: 17.2985
weight: 3.73018e-08
eec: 316.601
weight: 4.60272e-06
eec: 38.7013
weight: 7.25914e-07
eec: 529.145
weight: 4.52953e-07
eec: 210.87
weight: 9.63625e-06
eec: 1904.01
weight: 9.63625e-06
eec: 586.525
weight: 9.63625e-06
eec: 147.611
weight: 5.63007e-05
eec: 255.908
weight: 0.000320919
eec: 336.423
weight: 5.99297e-05
eec: 2401.27
weight: 1.71304e-05
eec: 74.8206
weight: 0.000122552
eec: 455.411
weight: 0.000254132
eec: 655.186
weight: 0.00070094
eec: 252.307
weight: 0.000136263
eec: 1953.85
weight: 2.56072e-06
eec: 923.827
weight: 0.000375003
eec: 769.015
weight: 0.000106515
eec: 510.866
weight: 6.64056e-05
eec: 574.371
weight: 9.2814e-05
eec: 50.0595
weight: 2.30816e-07
eec: 442.125
weight: 1.33664e-05
eec: 1707.7
weight: 6.13318e-05
eec: 106.757
weight: 2.22951e-05
eec: 46.5334
weight: 3.50992e-05
eec: 387.132
weight: 3.57806e-05
eec: 241.506
weight: 0.000152177
eec: 597.444
weight: 6.56312e-05
eec: 1030.96
weight: 6.23419e-06
eec: 120.058
weight: 4.54515e-06
eec: 79.7436
weight: 1.23479e-05
eec: 1397.33
weight: 0.000150959
eec: 22.8381
weight: 8.38674e-06
eec: 1096.48
weight: 2.06134e-05
eec: 393.106
weight: 0.000417525
eec: 351.419
Processing: 79.2459 %weight: 6.91534e-06
eec: 131.672
weight: 0.000169187
eec: 411.593
weight: 6.31842e-06
eec: 374.304
weight: 1.1886e-05
eec: 2721.91
weight: 2.08484e-05
eec: 722.309
weight: 2.01614e-05
eec: 1958.36
weight: 0.000125297
eec: 93.5244
weight: 1.62133e-05
eec: 2516.7
weight: 9.80935e-05
eec: 1048.45
weight: 2.20771e-05
eec: 221.77
weight: 0.000178734
eec: 56.7037
weight: 9.67358e-06
eec: 347.044
weight: 0.000129733
eec: 61.9569
weight: 4.18202e-07
eec: 94.0401
weight: 1.78887e-05
eec: 1477.87
weight: 1.17924e-06
eec: 1073.3
weight: 0.000247867
eec: 473.463
weight: 3.50157e-05
eec: 120.362
weight: 4.67857e-05
eec: 132.509
weight: 8.24074e-06
eec: 698.921
weight: 3.95028e-05
eec: 835.422
weight: 3.02373e-05
eec: 170.315
weight: 1.62849e-05
eec: 177.021
weight: 2.21931e-07
eec: 2751.24
weight: 0.000129296
eec: 138.167
weight: 1.06659e-06
eec: 625.529
weight: 2.20456e-05
eec: 426.118
weight: 3.23328e-06
eec: 72.3413
weight: 6.87038e-06
eec: 1127.41
weight: 0.000281824
eec: 986.583
weight: 0.000317378
eec: 286.474
weight: 6.81127e-07
eec: 111.707
weight: 2.22532e-05
eec: 731.064
weight: 7.30332e-06
eec: 2013.98
weight: 1.3442e-06
eec: 763.057
weight: 1.74583e-06
eec: 1208.06
weight: 3.65144e-05
eec: 153.04
weight: 0.000134803
eec: 74.9213
weight: 3.34402e-06
eec: 150.815
weight: 1.32648e-05
eec: 639.692
weight: 1.32648e-05
eec: 14.0434
weight: 2.42142e-05
eec: 1228.35
weight: 9.96122e-05
eec: 34.86
weight: 2.92569e-05
eec: 64.2362
weight: 9.50418e-05
eec: 146.024
weight: 0.000142424
eec: 155.084
weight: 2.51342e-05
eec: 255.229
weight: 8.61632e-06
eec: 1005.2
weight: 0.000115967
eec: 576.186
weight: 7.09351e-06
eec: 51.4387
weight: 4.87532e-07
eec: 378.211
weight: 5.85252e-05
eec: 201.512
weight: 1.45031e-05
eec: 1350.27
weight: 3.69504e-06
eec: 843.297
weight: 4.50924e-08
eec: 921.269
weight: 8.6202e-06
eec: 489.887
weight: 2.49434e-06
eec: 550.132
weight: 7.31063e-05
eec: 255.668
weight: 3.28374e-05
eec: 171.532
weight: 2.72068e-06
eec: 462.865
weight: 0.000375613
eec: 149.955
weight: 2.95482e-05
eec: 64.9628
weight: 1.25858e-05
eec: 771.637
weight: 5.79868e-06
eec: 444.227
weight: 0.00021713
eec: 78.814
weight: 4.12087e-06
eec: 213.761
weight: 2.35237e-05
eec: 132.338
weight: 0.000139957
eec: 237.494
weight: 0.000187717
eec: 436.02
weight: 9.96331e-08
eec: 415.887
weight: 7.43174e-05
eec: 535.401
weight: 2.0759e-05
eec: 858.355
weight: 4.15253e-05
eec: 59.2184
weight: 9.87941e-06
eec: 818.329
weight: 7.76426e-05
eec: 41.371
weight: 3.66923e-05
eec: 495.618
weight: 1.41747e-05
eec: 48.2489
weight: 0.000227733
eec: 624.54
weight: 0.000564975
eec: 481.206
weight: 1.49547e-05
eec: 55.8046
weight: 4.31476e-05
eec: 1192.77
weight: 1.42112e-05
eec: 1538.55
weight: 0.000332643
eec: 67.0914
weight: 4.80092e-06
eec: 82.5483
weight: 3.69712e-05
eec: 267.467
weight: 4.4311e-05
eec: 180.761
weight: 2.05098e-05
eec: 287.598
weight: 0.000150709
eec: 266.501
weight: 2.35622e-07
eec: 2118.89
weight: 1.06882e-05
eec: 1152.18
weight: 3.8973e-05
eec: 31.3916
weight: 1.5522e-06
eec: 1139.8
weight: 2.16939e-05
eec: 779.223
weight: 3.99645e-05
eec: 430.832
weight: 7.8819e-05
eec: 2360.92
weight: 1.11429e-05
eec: 2610.22
weight: 2.04642e-05
eec: 499.311
weight: 4.67873e-06
eec: 13.6
weight: 0.00137786
eec: 77.5158
weight: 1.44518e-05
eec: 1511.15
weight: 1.39114e-05
eec: 923.561
weight: 0.000116476
eec: 2.98645
weight: 1.00945e-05
eec: 150.975
weight: 8.15478e-06
eec: 1648.07
weight: 2.58618e-05
eec: 28.1876
weight: 0.00189659
eec: 260.348
weight: 9.07636e-06
eec: 33.0715
weight: 0.000197691
eec: 339.924
weight: 6.99237e-06
eec: 1715.52
weight: 1.63028e-06
eec: 122.987
weight: 0.000162758
eec: 190.879
weight: 1.66635e-05
eec: 124.24
weight: 2.6636e-06
eec: 507.077
weight: 3.5776e-06
eec: 40.4402
weight: 1.00342e-06
eec: 432.554
weight: 1.11444e-05
eec: 574.498
weight: 4.69348e-06
eec: 745.585
weight: 0.000121136
eec: 389.057
weight: 5.34903e-05
eec: 1292.37
weight: 6.62545e-05
eec: 249.724
weight: 1.55552e-05
eec: 819.931
weight: 0.00072134
eec: 134.646
weight: 1.87437e-05
eec: 403.599
weight: 0.000208402
eec: 319.634
weight: 7.46905e-06
eec: 543.508
weight: 5.43187e-07
eec: 833.418
weight: 1.53521e-05
eec: 576.92
weight: 2.21079e-05
eec: 876.89
weight: 0.000136635
eec: 346.208
weight: 9.95175e-06
eec: 28.6308
weight: 1.29137e-05
eec: 162.62
weight: 5.3508e-06
eec: 99.1903
weight: 6.60283e-06
eec: 1773.22
weight: 1.07988e-05
eec: 812.63
weight: 3.42111e-05
eec: 1373.32
weight: 2.0076e-05
eec: 621.741
weight: 1.37905e-05
eec: 297.695
weight: 9.67832e-06
eec: 228.589
weight: 8.9651e-07
eec: 49.7269
weight: 1.81725e-05
eec: 226.033
weight: 3.63077e-05
eec: 408.486
weight: 1.26452e-05
eec: 1259.81
weight: 5.39915e-05
eec: 84.6828
weight: 8.10835e-06
eec: 1176.4
weight: 0.000110889
eec: 1554.68
weight: 2.82476e-05
eec: 2186.52
weight: 1.2612e-05
eec: 73.47
weight: 2.13002e-06
eec: 67.6809
weight: 1.33248e-05
eec: 620.089
weight: 2.9783e-05
eec: 1364.35
weight: 1.88319e-05
eec: 1153.57
weight: 1.65508e-05
eec: 637.857
weight: 4.03626e-05
eec: 109.296
weight: 4.175e-05
eec: 574.891
weight: 9.00688e-05
eec: 132.935
weight: 3.39207e-06
eec: 453.034
weight: 7.57802e-06
eec: 337.666
weight: 4.71257e-06
eec: 138.273
weight: 3.82517e-05
eec: 8.11237
weight: 2.00829e-05
eec: 591.435
weight: 0.000441978
eec: 971.68
weight: 0.00017099
eec: 45.1486
weight: 4.40739e-05
eec: 314.056
weight: 2.02109e-05
eec: 187.932
weight: 1.4329e-06
eec: 2163.83
weight: 0.000111679
eec: 471.674
weight: 5.80804e-06
eec: 64.6699
weight: 0.000130338
eec: 224.719
weight: 1.34849e-05
eec: 341.913
weight: 4.82926e-05
eec: 252.304
weight: 1.64041e-05
eec: 125.527
weight: 1.48184e-05
eec: 126.682
weight: 3.82477e-07
eec: 70.2486
weight: 1.45386e-05
eec: 777.731
weight: 0.000107196
eec: 1084.59
weight: 3.3884e-07
eec: 693.826
weight: 3.3884e-07
eec: 33.9493
weight: 2.19367e-05
eec: 192.242
weight: 1.19486e-05
eec: 484.363
weight: 2.11634e-05
eec: 152.778
weight: 3.43433e-05
eec: 431.226
weight: 9.95883e-08
eec: 780.602
weight: 0.000183407
eec: 210.117
weight: 8.46051e-05
eec: 577.089
weight: 0.000130307
eec: 887.009
weight: 1.80928e-05
eec: 334.783
weight: 5.61234e-07
eec: 834.868
weight: 3.6328e-06
eec: 118.301
weight: 1.1958e-05
eec: 996.188
weight: 1.84266e-05
eec: 1020.16
weight: 1.38194e-06
eec: 246.111
weight: 9.10444e-05
eec: 537.841
weight: 2.70107e-06
eec: 686.299
weight: 1.95642e-05
eec: 14.3683
weight: 1.05146e-05
eec: 814.801
weight: 9.15359e-06
eec: 321.247

ROOT exit code = 0
