gSystem->Load("run_condor_job_Run3_C.so");
run_condor_job_Run3(309, 100, 2,
                    80, 200,
                    1, 1, 1, 3);
.q

ENTERED run_condor_job_Run3()
JOBID = 309
  global job = 309  Job 9/100  events [540000, 600000)  total=6000000
Processing events [540000, 600000) of 6000000
weight: 1.24231e-05
eec: 640.462
weight: 0.00017252
eec: 358.251
weight: 9.49676e-05
eec: 853.066
weight: 3.82908e-05
eec: 1812.21
weight: 6.75283e-05
eec: 472.596
weight: 6.85529e-05
eec: 120.095
weight: 1.11323e-05
eec: 219.901
weight: 0.000130292
eec: 876.75
weight: 4.72614e-05
eec: 1141.43
weight: 0.000143561
eec: 554.308
weight: 1.03569e-05
eec: 2019.99
weight: 1.17916e-05
eec: 200.48
weight: 1.38001e-05
eec: 470.046
weight: 2.03921e-05
eec: 734.959
weight: 1.34311e-07
eec: 369.24
weight: 1.28177e-05
eec: 383.513
weight: 0.000140319
eec: 773.382
weight: 1.19121e-05
eec: 89.5423
weight: 1.19121e-05
eec: 116.54
weight: 1.04436e-05
eec: 470.891
weight: 2.1962e-06
eec: 1488.94
weight: 1.76992e-05
eec: 82.8473
weight: 3.76942e-05
eec: 24.9496
weight: 8.34568e-06
eec: 373.723
weight: 9.3666e-05
eec: 185.76
weight: 3.21116e-05
eec: 65.2566
weight: 1.24347e-05
eec: 488.514
weight: 0.000323848
eec: 109.446
weight: 6.8185e-06
eec: 209.474
weight: 7.51442e-05
eec: 83.5428
weight: 8.33499e-05
eec: 625.467
weight: 2.45565e-05
eec: 373.346
weight: 0.000219391
eec: 159.115
weight: 0.000314908
eec: 392.483
weight: 9.25755e-05
eec: 343.409
weight: 0.000161949
eec: 628.325
weight: 1.93988e-05
eec: 187.495
weight: 1.10634e-05
eec: 584.12
weight: 4.08326e-05
eec: 278.533
weight: 2.79573e-05
eec: 87.6011
weight: 8.008e-06
eec: 646.272
weight: 0.00028418
eec: 702.219
weight: 5.34502e-06
eec: 3405.67
weight: 3.10315e-05
eec: 160.253
weight: 2.1216e-05
eec: 889.055
weight: 7.47323e-06
eec: 681.158
weight: 6.85949e-06
eec: 495.39
Processing: 9.16667 %weight: 5.0525e-05
eec: 234.603
weight: 4.9993e-05
eec: 148.904
weight: 7.40338e-06
eec: 110.319
weight: 1.21469e-06
eec: 1665.58
weight: 8.09879e-05
eec: 122.605
weight: 1.82156e-05
eec: 594.746
weight: 6.11168e-06
eec: 834.998
weight: 0.000213763
eec: 981.507
weight: 6.87698e-05
eec: 187.192
weight: 4.12382e-05
eec: 72.6444
weight: 1.08528e-05
eec: 1700.61
weight: 2.01745e-06
eec: 1743.99
weight: 1.03885e-05
eec: 114.368
weight: 2.08616e-05
eec: 131.188
weight: 0.000312372
eec: 1321.89
weight: 1.7781e-05
eec: 128.244
weight: 4.17535e-06
eec: 1987.9
weight: 7.52911e-06
eec: 392.461
weight: 5.15097e-05
eec: 50.1104
weight: 3.83324e-05
eec: 1300.88
weight: 8.22874e-05
eec: 172.739
weight: 0.000121932
eec: 271.221
weight: 2.36866e-07
eec: 71.4085
weight: 3.43956e-05
eec: 666.595
weight: 0.000291402
eec: 216.934
weight: 0.000102259
eec: 86.4968
weight: 0.00220051
eec: 298.348
weight: 1.85877e-06
eec: 409.938
weight: 5.66981e-05
eec: 36.206
weight: 2.42707e-05
eec: 1008.22
weight: 0.000666675
eec: 965.845
weight: 4.02849e-05
eec: 556.312
weight: 5.26678e-06
eec: 44.2381
weight: 3.15089e-05
eec: 868.551
weight: 1.10976e-05
eec: 291.022
weight: 1.08641e-05
eec: 32.2326
weight: 6.44293e-05
eec: 2327.7
weight: 3.01016e-05
eec: 71.6896
weight: 0.000162446
eec: 313.813
weight: 1.4948e-05
eec: 287.277
weight: 6.84925e-06
eec: 687.561
weight: 1.22003e-05
eec: 152.489
weight: 1.07272e-05
eec: 449.057
weight: 6.76102e-06
eec: 870.073
weight: 2.82211e-05
eec: 58.8145
weight: 2.35069e-05
eec: 212.259
weight: 7.93929e-05
eec: 1329.11
weight: 3.8326e-06
eec: 58.0658
weight: 9.63676e-05
eec: 265.142
weight: 3.03782e-05
eec: 207.515
weight: 4.6837e-05
eec: 806.014
weight: 1.3247e-07
eec: 144.786
weight: 0.00010805
eec: 1197.35
weight: 5.90914e-06
eec: 612.745
weight: 5.2818e-06
eec: 110.227
weight: 3.4659e-06
eec: 898.735
weight: 3.83208e-05
eec: 270.281
weight: 1.66492e-06
eec: 215.432
weight: 2.46863e-05
eec: 11.7558
weight: 0.000124283
eec: 231.908
weight: 0.000231968
eec: 438.467
weight: 3.44496e-06
eec: 233.612
weight: 0.000295709
eec: 71.0381
weight: 5.03462e-05
eec: 438.787
weight: 1.06585e-05
eec: 1482.43
weight: 2.89557e-05
eec: 185.715
weight: 1.08499e-05
eec: 995.46
weight: 0.00013674
eec: 152.431
weight: 8.67058e-05
eec: 179.485
weight: 1.03909e-05
eec: 336.241
weight: 4.42676e-06
eec: 264.229
weight: 0.00011728
eec: 187.84
weight: 0.000327487
eec: 506.727
weight: 0.000174841
eec: 39.1976
weight: 0.000184583
eec: 541.487
weight: 1.74136e-05
eec: 3441.59
weight: 1.91544e-06
eec: 1554.09
weight: 0.000119336
eec: 694.29
weight: 2.62562e-06
eec: 658.719
weight: 2.88054e-05
eec: 2918.12
weight: 0.000176751
eec: 1521.94
weight: 5.52526e-05
eec: 25.3555
weight: 7.27874e-05
eec: 383.526
weight: 8.63049e-05
eec: 138.33
weight: 1.54201e-05
eec: 1303.47
weight: 3.37175e-05
eec: 198.85
weight: 6.45527e-06
eec: 862.378
weight: 3.13103e-05
eec: 671.299
weight: 1.9053e-06
eec: 481.575
weight: 0.000113918
eec: 176.102
weight: 1.5295e-05
eec: 497.634
weight: 4.85065e-05
eec: 111.33
weight: 1.978e-06
eec: 195.882
weight: 1.06745e-05
eec: 2081.9
weight: 1.7032e-05
eec: 108.998
weight: 5.57784e-06
eec: 157.029
weight: 1.53053e-05
eec: 129.553
weight: 4.88036e-06
eec: 108.514
weight: 0.000289345
eec: 596.776
weight: 0.000227367
eec: 32.249
weight: 6.00073e-05
eec: 192.231
weight: 2.58734e-06
eec: 170.289
weight: 1.89005e-05
eec: 1271.27
weight: 2.94193e-05
eec: 335.654
weight: 8.51844e-05
eec: 3066.66
weight: 0.000101286
eec: 345.475
weight: 3.90482e-06
eec: 493.391
weight: 3.90482e-06
eec: 360.832
weight: 2.67781e-06
eec: 125.046
weight: 1.41002e-06
eec: 50.0846
weight: 4.83945e-06
eec: 557.842
weight: 2.48868e-06
eec: 22.9871
weight: 5.57765e-05
eec: 153.521
weight: 4.87673e-06
eec: 642.798
weight: 1.89283e-05
eec: 392.627
weight: 0.000191514
eec: 93.4885
weight: 0.000374934
eec: 537.793
weight: 4.31397e-06
eec: 300.961
weight: 1.45824e-05
eec: 1244.1
weight: 0.000139496
eec: 1076.53
weight: 0.000199554
eec: 771.414
weight: 9.94023e-06
eec: 385.2
weight: 0.00331595
eec: 268.147
weight: 7.23431e-07
eec: 881.305
weight: 0.000145262
eec: 585.285
weight: 2.17611e-07
eec: 2403.07
weight: 2.01816e-05
eec: 1018.19
weight: 3.23187e-05
eec: 1109.05
weight: 2.10732e-06
eec: 605.032
weight: 3.82633e-05
eec: 325.249
weight: 7.88708e-06
eec: 1332.51
weight: 5.20635e-07
eec: 197.268
weight: 1.26235e-05
eec: 1484.38
weight: 2.8462e-05
eec: 1011.78
weight: 2.72949e-06
eec: 93.1998
weight: 0.000150939
eec: 437.792
weight: 8.47717e-05
eec: 407.944
weight: 2.42523e-05
eec: 164.118
weight: 2.42523e-05
eec: 691.156
weight: 2.88373e-05
eec: 181.827
weight: 6.25001e-05
eec: 324.979
weight: 5.56615e-06
eec: 289.598
weight: 0.000263278
eec: 22.3967
weight: 3.02124e-05
eec: 57.2092
weight: 1.18174e-05
eec: 166.236
weight: 6.0121e-05
eec: 1068.78
weight: 0.000283599
eec: 241.228
weight: 1.99441e-05
eec: 852.71
weight: 7.88555e-06
eec: 288.57
weight: 8.43278e-05
eec: 191.308
weight: 4.58012e-05
eec: 1072.14
weight: 1.9697e-05
eec: 120.769
weight: 6.38936e-05
eec: 307.92
weight: 6.25523e-06
eec: 2983.77
weight: 3.81898e-05
eec: 12.1051
weight: 2.14975e-05
eec: 671.164
weight: 4.30276e-06
eec: 529.507
weight: 1.68107e-07
eec: 1258.15
weight: 1.01119e-05
eec: 550.399
weight: 4.98824e-05
eec: 295.05
weight: 0.000688299
eec: 280.365
weight: 1.26428e-05
eec: 643.033
weight: 6.38373e-09
eec: 382.232
weight: 4.03178e-05
eec: 244.772
weight: 3.46165e-06
eec: 68.674
weight: 1.3868e-06
eec: 1347.24
weight: 3.71006e-05
eec: 653.689
weight: 5.1306e-05
eec: 775.763
weight: 2.51789e-05
eec: 266.139
weight: 0.000453409
eec: 19.4563
weight: 4.44506e-06
eec: 57.1338
weight: 2.50082e-07
eec: 91.3583
weight: 1.08336e-06
eec: 2014.65
weight: 4.8719e-05
eec: 503.18
weight: 1.91791e-05
eec: 919.173
weight: 0.000112185
eec: 1045.43
weight: 2.13722e-05
eec: 525.956
weight: 2.51674e-05
eec: 1043.67
weight: 3.97129e-05
eec: 30.4375
weight: 5.64574e-07
eec: 428.243
weight: 0.000846467
eec: 130.09
weight: 8.01406e-06
eec: 632.4
weight: 2.21081e-05
eec: 264.881
weight: 5.20566e-05
eec: 180.634
weight: 6.66774e-05
eec: 97.6057
weight: 8.49143e-06
eec: 130.536
weight: 4.37728e-06
eec: 743.551
weight: 0.000110538
eec: 1946.9
weight: 2.15797e-05
eec: 309.334
weight: 1.98638e-08
eec: 27.1931
weight: 2.08029e-05
eec: 905.108
weight: 7.99825e-06
eec: 1601.02
weight: 4.3832e-06
eec: 747.585
weight: 0.000165697
eec: 162.555
weight: 7.68525e-05
eec: 1139.78
weight: 6.49722e-06
eec: 1211.54
weight: 1.15738e-05
eec: 18.542
weight: 1.48139e-05
eec: 128.939
weight: 1.38052e-05
eec: 214.674
weight: 0.000210554
eec: 348.019
weight: 0.00066301
eec: 460.991
weight: 1.63077e-05
eec: 132.482
weight: 9.87639e-05
eec: 1167.08
weight: 1.15989e-05
eec: 1206.89
weight: 2.1984e-05
eec: 1392.43
weight: 5.31494e-05
eec: 2.66765
weight: 7.67021e-05
eec: 1051.32
weight: 6.3303e-06
eec: 240.548
weight: 2.44764e-05
eec: 698.363
weight: 4.7516e-05
eec: 70.9488
weight: 2.32607e-06
eec: 301.523
weight: 0.000486444
eec: 193.537
weight: 4.23956e-05
eec: 669.714
weight: 0.000207925
eec: 266.269

ROOT exit code = 0
